<!DOCTYPE HTML PUBLIC "-//W3C//DTD HTML 4.01 Transitional//EN">
<html>
<head>
<title>org.junit.tests.assertion.AssertionTest.assertNotEqualsWorksWithPrimitiveTypes():void.28fc7cc4d9a78477c6199a0763f36750_node6</title>
<meta http-equiv="Content-Type" content="text/html; charset=utf-8">
<style type="text/css">
body { background-color:#fff; color:#000; font-family:Helvetica, sans-serif; font-size:10pt }
h1 { font-size:14pt }
.code { border-collapse:collapse; width:100%; font-family: "Andale Mono", monospace; font-size:10pt; line-height: 1.2em }
.color_black { color: black }
.color_blue { color: blue }
.color_green { color: green }
.color_orange { color: orange }
.color_red { color: red }
.line { border-left: 3px solid #ccc; padding-left: 1ex; white-space: pre; }
.msg { background-color:#fff8b4; color:#000; float:left; font-family:Helvetica, sans-serif; font-size: smaller; font-weight: bold; margin-bottom:10px; margin-top:10px; max-width:60em; padding:0.5em 1ex 0.5em 1ex; -webkit-border-radius:5px; -webkit-box-shadow:1px 1px 7px #000; white-space: pre-wrap; word-wrap: break-word; }
.num { background-color:#eee; color:#444; font-size: smaller; padding-right:2ex; text-align:right; width:2.5em; }
.dangling { background-color:white; color: gray; }
.visited { background-color:LemonChiffon; color: darkmagenta; }
.tooltip { display: none; background-color:#FFF0F0; border: 2px solid #F00; font-weight: normal; left:10em; padding: 2px; position: absolute; top: -1em; -webkit-border-radius:5px; -webkit-box-shadow:1px 1px 7px #000; z-index: 1}
.with_tooltip { position: relative; }
.with_tooltip:hover .tooltip, .visited:hover .tooltip { display: block; }
</style>
</head>
<body>
<center><h1>Cfg Node <a href="./../../AssertionTest.java.8ae87590c7f481b71a4d70b019da36d9.html#LINE824">6</a></h1></center>PROC: <a href="./../org.junit.tests.assertion.AssertionTest.assertNotEqualsWorksWithPrimitiveTypes%28%29%3Avoid.28fc7cc4d9a78477c6199a0763f36750.html">void AssertionTest.assertNotEqualsWorksWithPrimitiveTypes()</a> LINE: <a href="./../../AssertionTest.java.8ae87590c7f481b71a4d70b019da36d9.html#LINE824">824</a>
<br>PREDS:
<a href="./../nodes/org.junit.tests.assertion.AssertionTest.assertNotEqualsWorksWithPrimitiveTypes%28%29%3Avoid.28fc7cc4d9a78477c6199a0763f36750_node5.html"><span class='visited with_tooltip'>N_5<span class='tooltip'>node5 preds:4 succs:6 exn:3 </span></span></a><br>SUCCS:
<a href="./../nodes/org.junit.tests.assertion.AssertionTest.assertNotEqualsWorksWithPrimitiveTypes%28%29%3Avoid.28fc7cc4d9a78477c6199a0763f36750_node7.html"><span class='visited with_tooltip'>N_7<span class='tooltip'>node7 preds:6 succs:8 exn:3 </span></span></a><br>EXN:
<a href="./../nodes/org.junit.tests.assertion.AssertionTest.assertNotEqualsWorksWithPrimitiveTypes%28%29%3Avoid.28fc7cc4d9a78477c6199a0763f36750_node3.html"><span class='visited with_tooltip'>N_3<span class='tooltip'>node3 preds: succs:2 exn:2 </span></span></a><br>
<LISTING class='color_green'>n$2=_fun_void Assert.assertNotEquals(double,double,double)(1.:double,2.:double,0.:double) [line 824];
</LISTING>
<hr width="100%">
<a name="session12" href="./../nodes/org.junit.tests.assertion.AssertionTest.assertNotEqualsWorksWithPrimitiveTypes%28%29%3Avoid.28fc7cc4d9a78477c6199a0763f36750_node6.html#session12">node6#session12</a>(<a href="./../../AssertionTest.java.8ae87590c7f481b71a4d70b019da36d9.html#LINE824">824</a>) [compute pre] liveness 6
<LISTING class='color_black'>JOIN

LEFT:   normal:{ }, exn:{ }
RIGHT:  normal:{ }, exn:{ }
RESULT: normal:{ }, exn:{ }

</LISTING>
<hr width="100%">
<a name="session13" href="./../nodes/org.junit.tests.assertion.AssertionTest.assertNotEqualsWorksWithPrimitiveTypes%28%29%3Avoid.28fc7cc4d9a78477c6199a0763f36750_node6.html#session13">node6#session13</a>(<a href="./../../AssertionTest.java.8ae87590c7f481b71a4d70b019da36d9.html#LINE824">824</a>) [exec] liveness 6
<LISTING class='color_black'>PRE STATE:
normal:{ }, exn:{ }

INSTR=  n$2=_fun_void Assert.assertNotEquals(double,double,double)(1.:double,2.:double,0.:double) [line 824]; 

STATE:
normal:{ }, exn:{ }

</LISTING>
<hr width="100%">
<a name="session25" href="./../nodes/org.junit.tests.assertion.AssertionTest.assertNotEqualsWorksWithPrimitiveTypes%28%29%3Avoid.28fc7cc4d9a78477c6199a0763f36750_node6.html#session25">node6#session25</a>(<a href="./../../AssertionTest.java.8ae87590c7f481b71a4d70b019da36d9.html#LINE824">824</a>) [compute pre] nullify
<LISTING class='color_black'></LISTING>
<hr width="100%">
<a name="session26" href="./../nodes/org.junit.tests.assertion.AssertionTest.assertNotEqualsWorksWithPrimitiveTypes%28%29%3Avoid.28fc7cc4d9a78477c6199a0763f36750_node6.html#session26">node6#session26</a>(<a href="./../../AssertionTest.java.8ae87590c7f481b71a4d70b019da36d9.html#LINE824">824</a>) [exec] nullify
<LISTING class='color_black'>PRE STATE:
(normal:{ }, exn:{ },normal:{ n$1 }, exn:{ })

INSTR=  n$2=_fun_void Assert.assertNotEquals(double,double,double)(1.:double,2.:double,0.:double) [line 824]; 

STATE:
(normal:{ }, exn:{ },normal:{ n$2 }, exn:{ })

</LISTING>
<hr width="100%">
<a name="session44" href="./../nodes/org.junit.tests.assertion.AssertionTest.assertNotEqualsWorksWithPrimitiveTypes%28%29%3Avoid.28fc7cc4d9a78477c6199a0763f36750_node6.html#session44">node6#session44</a>(<a href="./../../AssertionTest.java.8ae87590c7f481b71a4d70b019da36d9.html#LINE824">824</a>) [compute pre] devirtualizer analysis 6
<LISTING class='color_black'></LISTING>
<hr width="100%">
<a name="session45" href="./../nodes/org.junit.tests.assertion.AssertionTest.assertNotEqualsWorksWithPrimitiveTypes%28%29%3Avoid.28fc7cc4d9a78477c6199a0763f36750_node6.html#session45">node6#session45</a>(<a href="./../../AssertionTest.java.8ae87590c7f481b71a4d70b019da36d9.html#LINE824">824</a>) [exec] devirtualizer analysis 6
<LISTING class='color_black'>PRE STATE:
{ }

INSTR=  n$2=_fun_void Assert.assertNotEquals(double,double,double)(1.:double,2.:double,0.:double) [line 824]; 

STATE UNCHANGED

INSTR=  EXIT_SCOPE(n$2); [line 824]; 

STATE UNCHANGED

</LISTING>
<hr width="100%">
<a name="session63" href="./../nodes/org.junit.tests.assertion.AssertionTest.assertNotEqualsWorksWithPrimitiveTypes%28%29%3Avoid.28fc7cc4d9a78477c6199a0763f36750_node6.html#session63">node6#session63</a>(<a href="./../../AssertionTest.java.8ae87590c7f481b71a4d70b019da36d9.html#LINE824">824</a>) [exec] devirtualizer
<LISTING class='color_black'></LISTING>
<hr width="100%">
<a name="session64" href="./../nodes/org.junit.tests.assertion.AssertionTest.assertNotEqualsWorksWithPrimitiveTypes%28%29%3Avoid.28fc7cc4d9a78477c6199a0763f36750_node6.html#session64">node6#session64</a>(<a href="./../../AssertionTest.java.8ae87590c7f481b71a4d70b019da36d9.html#LINE824">824</a>) [exec] devirtualizer
<LISTING class='color_black'></LISTING>
<hr width="100%">
<a name="session6" href="./../nodes/org.junit.tests.assertion.AssertionTest.assertNotEqualsWorksWithPrimitiveTypes%28%29%3Avoid.28fc7cc4d9a78477c6199a0763f36750_node6.html#session6">node6#session6</a>(<a href="./../../AssertionTest.java.8ae87590c7f481b71a4d70b019da36d9.html#LINE824">824</a>) [compute pre] starvation
<LISTING class='color_black'></LISTING>
<hr width="100%">
<a name="session7" href="./../nodes/org.junit.tests.assertion.AssertionTest.assertNotEqualsWorksWithPrimitiveTypes%28%29%3Avoid.28fc7cc4d9a78477c6199a0763f36750_node6.html#session7">node6#session7</a>(<a href="./../../AssertionTest.java.8ae87590c7f481b71a4d70b019da36d9.html#LINE824">824</a>) [exec] starvation
<LISTING class='color_black'>PRE STATE:
{guard_map= { }; lock_state= {map= { }; acquisitions= { }};
 critical_pairs= { }; attributes= { }; thread= UnknownThread;
 scheduled_work= { }; var_state= { }}

INSTR=  n$2=_fun_void Assert.assertNotEquals(double,double,double)(1.:double,2.:double,0.:double) [line 824]; 

STATE:
{guard_map= { }; lock_state= {map= { }; acquisitions= { }};
 critical_pairs= { }; attributes= { }; thread= UnknownThread;
 scheduled_work= { }; var_state= { }}

INSTR=  EXIT_SCOPE(n$2); [line 824]; 

STATE:
{guard_map= { }; lock_state= {map= { }; acquisitions= { }};
 critical_pairs= { }; attributes= { }; thread= UnknownThread;
 scheduled_work= { }; var_state= { }}

</LISTING>
<hr width="100%">
<a name="session23" href="./../nodes/org.junit.tests.assertion.AssertionTest.assertNotEqualsWorksWithPrimitiveTypes%28%29%3Avoid.28fc7cc4d9a78477c6199a0763f36750_node6.html#session23">node6#session23</a>(<a href="./../../AssertionTest.java.8ae87590c7f481b71a4d70b019da36d9.html#LINE824">824</a>) [compute pre] racerd
<LISTING class='color_black'></LISTING>
<hr width="100%">
<a name="session24" href="./../nodes/org.junit.tests.assertion.AssertionTest.assertNotEqualsWorksWithPrimitiveTypes%28%29%3Avoid.28fc7cc4d9a78477c6199a0763f36750_node6.html#session24">node6#session24</a>(<a href="./../../AssertionTest.java.8ae87590c7f481b71a4d70b019da36d9.html#LINE824">824</a>) [exec] racerd
<LISTING class='color_black'>PRE STATE:
Threads: NoThread, Locks: 0 
Accesses { } 
Ownership: { n$0 -&gt; Unowned, n$1 -&gt; Unowned, this -&gt; OwnedIf{ 0 } } 
Attributes: { } 


INSTR=  n$2 := void Assert.assertNotEquals(double,double,double)({ 1.,
                                                                   2.,
                                                                   0. }) [line 824]; 

STATE:
Threads: NoThread, Locks: 0 
Accesses { } 
Ownership: { n$0 -&gt; Unowned,
             n$1 -&gt; Unowned,
             n$2 -&gt; Unowned,
             this -&gt; OwnedIf{ 0 } } 
Attributes: { } 


INSTR=  EXIT_SCOPE(n$2); [line 824]; 

STATE UNCHANGED

</LISTING>
<hr width="100%">
<a name="session38" href="./../nodes/org.junit.tests.assertion.AssertionTest.assertNotEqualsWorksWithPrimitiveTypes%28%29%3Avoid.28fc7cc4d9a78477c6199a0763f36750_node6.html#session38">node6#session38</a>(<a href="./../../AssertionTest.java.8ae87590c7f481b71a4d70b019da36d9.html#LINE824">824</a>) biabduction
<LISTING class='color_black'>**** [FP:Pending] void AssertionTest.assertNotEqualsWorksWithPrimitiveTypes() Node: 6, Procedure: void AssertionTest.assertNotEqualsWorksWithPrimitiveTypes(), Todo: 1 ****
  PROP 1 of 1:
  <span class='color_blue'><span class='color_red'>1 != 2</span> ;
  <span class='color_red'>return = _t$0<span class='color_orange'>initial</span>:void</span>; <span class='color_red'>this = @f$0<span class='color_orange'>formal</span>:org.junit.tests.assertion.AssertionTest*( sub )</span>; <span class='color_red'>old_this = @f$0<span class='color_orange'>formal</span>:org.junit.tests.assertion.AssertionTest*( sub )</span>
  [footprint
     <span class='color_red'>1 != 2</span> *
     <span class='color_red'>this = @f$0<span class='color_orange'>formal</span>:org.junit.tests.assertion.AssertionTest*( sub )</span>  ]</span>
  .... Instructions: ....
  <span class='color_green'>n$2=_fun_void Assert.assertNotEquals(double,double,double)(1.:double,2.:double,0.:double) [line 824];
  EXIT_SCOPE(n$2); [line 824];
  </span>
  
  Processing prop 1/1
    Instruction <span class='color_green'>n$2=_fun_void Assert.assertNotEquals(double,double,double)(1.:double,2.:double,0.:double) [line 824]</span>
    Found 1 specs for function org.junit.Assert.assertNotEquals(double,double,double):void
    START EXECUTING SPECS FOR org.junit.Assert.assertNotEquals(double,double,double):void from state
    <span class='color_blue'>1 != 2 ;
    return = n$3<span class='color_orange'>initial</span>:void; this = @f$0<span class='color_orange'>formal</span>:org.junit.tests.assertion.AssertionTest*( sub ); old_this = @f$0<span class='color_orange'>formal</span>:org.junit.tests.assertion.AssertionTest*( sub )
    [footprint
       1 != 2 *
       this = @f$0<span class='color_orange'>formal</span>:org.junit.tests.assertion.AssertionTest*( sub )  ]</span>
    EXECUTING SPEC 1/1
    ACTUAL PRECONDITION =
      <span class='color_blue'>1 != 2 ;
      actual|callee = 2.<span class='color_orange'>actual_precondition</span>:double; delta|callee = 0.<span class='color_orange'>actual_precondition</span>:double; unexpected|callee = 1.<span class='color_orange'>actual_precondition</span>:double; return = n$3<span class='color_orange'>initial</span>:void; this = @f$0<span class='color_orange'>formal</span>:org.junit.tests.assertion.AssertionTest*( sub ); old_this = @f$0<span class='color_orange'>formal</span>:org.junit.tests.assertion.AssertionTest*( sub )
      [footprint
         1 != 2 *
         this = @f$0<span class='color_orange'>formal</span>:org.junit.tests.assertion.AssertionTest*( sub )  ]</span>
    SPEC =
      --------------------------- ---------- ---------------------------
      PRE:
      <span class='color_blue'><span class='color_blue'>actual|callee = _t$20<span class='color_orange'>formal</span>:double( sub ); delta|callee = _t$21<span class='color_orange'>formal</span>:double( sub ); unexpected|callee = _t$22<span class='color_orange'>formal</span>:double( sub )</span></span>
      POST 1 of 1:
      <span class='color_blue'><span class='color_red'>MEMne &lt; void Assert.assertNotEquals(String,double,double,double):251 &gt; <span class='color_orange'>{vpath: }</span>(_t$23)</span> ;
      <span class='color_red'>return|callee = EXN _t$23<span class='color_orange'>update:251</span>:void</span> ;
      <span class='color_red'>_t$23|->{}<span class='color_orange'>alloc</span>:java.lang.AssertionError</span></span>
      ----------------------------------------------------------------
    pre_check_pure_implication
    pi1:
      1 != 2
    pi2:
      
    returns
    sub1:
      
    sub2:
      
    Current Implication
    SUB:
      
    <span class='color_blue'>1 != 2 ;
    actual|callee = 2.<span class='color_orange'>actual_precondition</span>:double; delta|callee = 0.<span class='color_orange'>actual_precondition</span>:double; unexpected|callee = 1.<span class='color_orange'>actual_precondition</span>:double; return = n$3<span class='color_orange'>initial</span>:void; this = @f$0<span class='color_orange'>formal</span>:org.junit.tests.assertion.AssertionTest*( sub ); old_this = @f$0<span class='color_orange'>formal</span>:org.junit.tests.assertion.AssertionTest*( sub )
    [footprint
       1 != 2 *
       this = @f$0<span class='color_orange'>formal</span>:org.junit.tests.assertion.AssertionTest*( sub )  ]</span>
    |-
    <span class='color_blue'>actual|callee = _t$20<span class='color_orange'>formal</span>:double( sub ); delta|callee = _t$21<span class='color_orange'>formal</span>:double( sub ); unexpected|callee = _t$22<span class='color_orange'>formal</span>:double( sub )</span>
    
      do_imply 2. _t$20
        Current Implication
        SUB:
          
        <span class='color_blue'>1 != 2 ;
        delta|callee = 0.<span class='color_orange'>actual_precondition</span>:double; unexpected|callee = 1.<span class='color_orange'>actual_precondition</span>:double; return = n$3<span class='color_orange'>initial</span>:void; this = @f$0<span class='color_orange'>formal</span>:org.junit.tests.assertion.AssertionTest*( sub ); old_this = @f$0<span class='color_orange'>formal</span>:org.junit.tests.assertion.AssertionTest*( sub )
        [footprint
           1 != 2 *
           this = @f$0<span class='color_orange'>formal</span>:org.junit.tests.assertion.AssertionTest*( sub )  ]</span>
        [SUB: 
          _t$20 = 2.]
        |-
        <span class='color_blue'>delta|callee = _t$21<span class='color_orange'>formal</span>:double( sub ); unexpected|callee = _t$22<span class='color_orange'>formal</span>:double( sub )</span>
        
          do_imply 0. _t$21
            Current Implication
            SUB:
              
            <span class='color_blue'>1 != 2 ;
            unexpected|callee = 1.<span class='color_orange'>actual_precondition</span>:double; return = n$3<span class='color_orange'>initial</span>:void; this = @f$0<span class='color_orange'>formal</span>:org.junit.tests.assertion.AssertionTest*( sub ); old_this = @f$0<span class='color_orange'>formal</span>:org.junit.tests.assertion.AssertionTest*( sub )
            [footprint
               1 != 2 *
               this = @f$0<span class='color_orange'>formal</span>:org.junit.tests.assertion.AssertionTest*( sub )  ]</span>
            [SUB: 
              _t$20 = 2.; _t$21 = 0.]
            |-
            <span class='color_blue'>unexpected|callee = _t$22<span class='color_orange'>formal</span>:double( sub )</span>
            
              do_imply 1. _t$22
                Final Implication
                SUB:
                  
                <span class='color_blue'>1 != 2 ;
                return = n$3<span class='color_orange'>initial</span>:void; this = @f$0<span class='color_orange'>formal</span>:org.junit.tests.assertion.AssertionTest*( sub ); old_this = @f$0<span class='color_orange'>formal</span>:org.junit.tests.assertion.AssertionTest*( sub )
                [footprint
                   1 != 2 *
                   this = @f$0<span class='color_orange'>formal</span>:org.junit.tests.assertion.AssertionTest*( sub )  ]</span>
                [SUB: 
                  _t$20 = 2.; _t$21 = 0.; _t$22 = 1.]
                |-
                <span class='color_blue'></span>
    Result of Abduction
      SUB:
        
      <span class='color_blue'>1 != 2 ;
      actual|callee = 2.<span class='color_orange'>actual_precondition</span>:double; delta|callee = 0.<span class='color_orange'>actual_precondition</span>:double; unexpected|callee = 1.<span class='color_orange'>actual_precondition</span>:double; return = n$3<span class='color_orange'>initial</span>:void; this = @f$0<span class='color_orange'>formal</span>:org.junit.tests.assertion.AssertionTest*( sub ); old_this = @f$0<span class='color_orange'>formal</span>:org.junit.tests.assertion.AssertionTest*( sub )
      [footprint
         1 != 2 *
         this = @f$0<span class='color_orange'>formal</span>:org.junit.tests.assertion.AssertionTest*( sub )  ]</span>
      [SUB: 
        _t$20 = 2.; _t$21 = 0.; _t$22 = 1.]
      |-
      <span class='color_blue'>actual|callee = 2.<span class='color_orange'>formal</span>:double( sub ); delta|callee = 0.<span class='color_orange'>formal</span>:double( sub ); unexpected|callee = 1.<span class='color_orange'>formal</span>:double( sub )</span>
    returning TRUE
    in vpath_find exp:_t$23
    vpath_find: cannot find _t$23
      New footprint:
      
      Frame fld:
      
      Missing fld:
      
      Instantiated frame:
      &amp;return|->n$3<span class='color_orange'>initial</span>:void; &amp;this|->@f$0<span class='color_orange'>formal</span>:org.junit.tests.assertion.AssertionTest*( sub ); &amp;old_this|->@f$0<span class='color_orange'>formal</span>:org.junit.tests.assertion.AssertionTest*( sub )
      Instantiated post:
      PROP 1 of 1:
      <span class='color_blue'><span class='color_red'>MEMne &lt; void Assert.assertNotEquals(double,double,double):824 &gt; <span class='color_orange'>{vpath: }</span>(_t$23)</span> ;
      <span class='color_red'>return|callee = EXN _t$23<span class='color_orange'>update:824</span>:void</span> ;
      <span class='color_red'>_t$23|->{}<span class='color_orange'>alloc</span>:java.lang.AssertionError</span></span>
      
    ***** RESULTS FUNCTION CALL *******
    PROP 1 of 1:
    <span class='color_blue'><span class='color_blue'>1 != 2</span>; <span class='color_red'>MEMne &lt; void Assert.assertNotEquals(double,double,double):824 &gt; <span class='color_orange'>{vpath: }</span>(_t$0)</span> ;
    <span class='color_blue'>return = <span class='color_red'>EXN _t$0<span class='color_orange'>update:824</span></span>:void</span>; <span class='color_blue'>this = @f$0<span class='color_orange'>formal</span>:org.junit.tests.assertion.AssertionTest*( sub )</span>; <span class='color_blue'>old_this = @f$0<span class='color_orange'>formal</span>:org.junit.tests.assertion.AssertionTest*( sub )</span> ;
    <span class='color_red'>_t$0|->{}<span class='color_orange'>alloc</span>:java.lang.AssertionError</span>
    [footprint
       <span class='color_blue'>1 != 2</span> *
       <span class='color_blue'>this = @f$0<span class='color_orange'>formal</span>:org.junit.tests.assertion.AssertionTest*( sub )</span>  ]</span>
    ***** END RESULTS FUNCTION CALL *******
    Prover.check_inconsistency_base: inconsistency reason [None]
    Prover.check_inconsistency_base: inconsistency reason [None]
    Prover.check_inconsistency_base: inconsistency reason [None]
    Prover.check_inconsistency_base: inconsistency reason [None]
    Instruction Returns
    PROP 1 of 1:
    <span class='color_blue'><span class='color_blue'>1 != 2</span>; <span class='color_red'>MEMne &lt; void Assert.assertNotEquals(double,double,double):824 &gt; <span class='color_orange'>{vpath: }</span>(_t$0)</span> ;
    <span class='color_blue'>return = <span class='color_red'>EXN _t$0<span class='color_orange'>update:824</span></span>:void</span>; <span class='color_blue'>this = @f$0<span class='color_orange'>formal</span>:org.junit.tests.assertion.AssertionTest*( sub )</span>; <span class='color_blue'>old_this = @f$0<span class='color_orange'>formal</span>:org.junit.tests.assertion.AssertionTest*( sub )</span> ;
    <span class='color_red'>_t$0|->{}<span class='color_orange'>alloc</span>:java.lang.AssertionError</span>
    [footprint
       <span class='color_blue'>1 != 2</span> *
       <span class='color_blue'>this = @f$0<span class='color_orange'>formal</span>:org.junit.tests.assertion.AssertionTest*( sub )</span>  ]</span>
    
    Instruction <span class='color_green'>EXIT_SCOPE(n$2); [line 824]</span>
    in vpath_find exp:_t$0
    vpath_find: cannot find _t$0
    Instruction Returns
    PROP 1 of 1:
    <span class='color_blue'><span class='color_blue'>1 != 2</span>; <span class='color_blue'>MEMne &lt; void Assert.assertNotEquals(double,double,double):824 &gt; <span class='color_orange'>{vpath: }</span>(_t$0)</span> ;
    <span class='color_blue'>return = EXN _t$0<span class='color_orange'>update:824</span>:void</span>; <span class='color_blue'>this = @f$0<span class='color_orange'>formal</span>:org.junit.tests.assertion.AssertionTest*( sub )</span>; <span class='color_blue'>old_this = @f$0<span class='color_orange'>formal</span>:org.junit.tests.assertion.AssertionTest*( sub )</span> ;
    <span class='color_blue'>_t$0|->{}<span class='color_orange'>alloc</span>:java.lang.AssertionError</span>
    [footprint
       <span class='color_blue'>1 != 2</span> *
       <span class='color_blue'>this = @f$0<span class='color_orange'>formal</span>:org.junit.tests.assertion.AssertionTest*( sub )</span>  ]</span>
    
    .... After Symbolic Execution ....
    PROP 1 of 1:
    <span class='color_blue'><span class='color_blue'>1 != 2</span>; <span class='color_red'>MEMne &lt; void Assert.assertNotEquals(double,double,double):824 &gt; <span class='color_orange'>{vpath: }</span>(_t$0)</span> ;
    <span class='color_blue'>return = <span class='color_red'>EXN _t$0<span class='color_orange'>update:824</span></span>:void</span>; <span class='color_blue'>this = @f$0<span class='color_orange'>formal</span>:org.junit.tests.assertion.AssertionTest*( sub )</span>; <span class='color_blue'>old_this = @f$0<span class='color_orange'>formal</span>:org.junit.tests.assertion.AssertionTest*( sub )</span> ;
    <span class='color_red'>_t$0|->{}<span class='color_orange'>alloc</span>:java.lang.AssertionError</span>
    [footprint
       <span class='color_blue'>1 != 2</span> *
       <span class='color_blue'>this = @f$0<span class='color_orange'>formal</span>:org.junit.tests.assertion.AssertionTest*( sub )</span>  ]</span>
    
    
    
  </LISTING>
<hr width="100%">
<a name="session46" href="./../nodes/org.junit.tests.assertion.AssertionTest.assertNotEqualsWorksWithPrimitiveTypes%28%29%3Avoid.28fc7cc4d9a78477c6199a0763f36750_node6.html#session46">node6#session46</a>(<a href="./../../AssertionTest.java.8ae87590c7f481b71a4d70b019da36d9.html#LINE824">824</a>) biabduction
<LISTING class='color_black'>**** [RE:Pending] void AssertionTest.assertNotEqualsWorksWithPrimitiveTypes() Node: 6, Procedure: void AssertionTest.assertNotEqualsWorksWithPrimitiveTypes(), Todo: 1 ****
  PROP 1 of 1:
  <span class='color_blue'><span class='color_red'>1 != 2</span> ;
  <span class='color_red'>return = _t$0<span class='color_orange'>initial</span>:void</span>; <span class='color_red'>this = val$1<span class='color_orange'>formal</span>:org.junit.tests.assertion.AssertionTest*( sub )</span>; <span class='color_red'>old_this = val$1<span class='color_orange'>formal</span>:org.junit.tests.assertion.AssertionTest*( sub )</span></span>
  .... Instructions: ....
  <span class='color_green'>n$2=_fun_void Assert.assertNotEquals(double,double,double)(1.:double,2.:double,0.:double) [line 824];
  EXIT_SCOPE(n$2); [line 824];
  </span>
  
  Processing prop 1/1
    Instruction <span class='color_green'>n$2=_fun_void Assert.assertNotEquals(double,double,double)(1.:double,2.:double,0.:double) [line 824]</span>
    Found 1 specs for function org.junit.Assert.assertNotEquals(double,double,double):void
    START EXECUTING SPECS FOR org.junit.Assert.assertNotEquals(double,double,double):void from state
    <span class='color_blue'>1 != 2 ;
    return = n$3<span class='color_orange'>initial</span>:void; this = val$1<span class='color_orange'>formal</span>:org.junit.tests.assertion.AssertionTest*( sub ); old_this = val$1<span class='color_orange'>formal</span>:org.junit.tests.assertion.AssertionTest*( sub )</span>
    EXECUTING SPEC 1/1
    ACTUAL PRECONDITION =
      <span class='color_blue'>1 != 2 ;
      actual|callee = 2.<span class='color_orange'>actual_precondition</span>:double; delta|callee = 0.<span class='color_orange'>actual_precondition</span>:double; unexpected|callee = 1.<span class='color_orange'>actual_precondition</span>:double; return = n$3<span class='color_orange'>initial</span>:void; this = val$1<span class='color_orange'>formal</span>:org.junit.tests.assertion.AssertionTest*( sub ); old_this = val$1<span class='color_orange'>formal</span>:org.junit.tests.assertion.AssertionTest*( sub )</span>
    SPEC =
      --------------------------- ---------- ---------------------------
      PRE:
      <span class='color_blue'><span class='color_blue'>actual|callee = _t$20<span class='color_orange'>formal</span>:double( sub ); delta|callee = _t$21<span class='color_orange'>formal</span>:double( sub ); unexpected|callee = _t$22<span class='color_orange'>formal</span>:double( sub )</span></span>
      POST 1 of 1:
      <span class='color_blue'><span class='color_red'>MEMne &lt; void Assert.assertNotEquals(String,double,double,double):251 &gt; <span class='color_orange'>{vpath: }</span>(_t$23)</span> ;
      <span class='color_red'>return|callee = EXN _t$23<span class='color_orange'>update:251</span>:void</span> ;
      <span class='color_red'>_t$23|->{}<span class='color_orange'>alloc</span>:java.lang.AssertionError</span></span>
      ----------------------------------------------------------------
    pre_check_pure_implication
    pi1:
      1 != 2
    pi2:
      
    returns
    sub1:
      
    sub2:
      
    Current Implication
    SUB:
      
    <span class='color_blue'>1 != 2 ;
    actual|callee = 2.<span class='color_orange'>actual_precondition</span>:double; delta|callee = 0.<span class='color_orange'>actual_precondition</span>:double; unexpected|callee = 1.<span class='color_orange'>actual_precondition</span>:double; return = n$3<span class='color_orange'>initial</span>:void; this = val$1<span class='color_orange'>formal</span>:org.junit.tests.assertion.AssertionTest*( sub ); old_this = val$1<span class='color_orange'>formal</span>:org.junit.tests.assertion.AssertionTest*( sub )</span>
    |-
    <span class='color_blue'>actual|callee = _t$20<span class='color_orange'>formal</span>:double( sub ); delta|callee = _t$21<span class='color_orange'>formal</span>:double( sub ); unexpected|callee = _t$22<span class='color_orange'>formal</span>:double( sub )</span>
    
      do_imply 2. _t$20
        Current Implication
        SUB:
          
        <span class='color_blue'>1 != 2 ;
        delta|callee = 0.<span class='color_orange'>actual_precondition</span>:double; unexpected|callee = 1.<span class='color_orange'>actual_precondition</span>:double; return = n$3<span class='color_orange'>initial</span>:void; this = val$1<span class='color_orange'>formal</span>:org.junit.tests.assertion.AssertionTest*( sub ); old_this = val$1<span class='color_orange'>formal</span>:org.junit.tests.assertion.AssertionTest*( sub )</span>
        [SUB: 
          _t$20 = 2.]
        |-
        <span class='color_blue'>delta|callee = _t$21<span class='color_orange'>formal</span>:double( sub ); unexpected|callee = _t$22<span class='color_orange'>formal</span>:double( sub )</span>
        
          do_imply 0. _t$21
            Current Implication
            SUB:
              
            <span class='color_blue'>1 != 2 ;
            unexpected|callee = 1.<span class='color_orange'>actual_precondition</span>:double; return = n$3<span class='color_orange'>initial</span>:void; this = val$1<span class='color_orange'>formal</span>:org.junit.tests.assertion.AssertionTest*( sub ); old_this = val$1<span class='color_orange'>formal</span>:org.junit.tests.assertion.AssertionTest*( sub )</span>
            [SUB: 
              _t$20 = 2.; _t$21 = 0.]
            |-
            <span class='color_blue'>unexpected|callee = _t$22<span class='color_orange'>formal</span>:double( sub )</span>
            
              do_imply 1. _t$22
                Final Implication
                SUB:
                  
                <span class='color_blue'>1 != 2 ;
                return = n$3<span class='color_orange'>initial</span>:void; this = val$1<span class='color_orange'>formal</span>:org.junit.tests.assertion.AssertionTest*( sub ); old_this = val$1<span class='color_orange'>formal</span>:org.junit.tests.assertion.AssertionTest*( sub )</span>
                [SUB: 
                  _t$20 = 2.; _t$21 = 0.; _t$22 = 1.]
                |-
                <span class='color_blue'></span>
    Result of Abduction
      SUB:
        
      <span class='color_blue'>1 != 2 ;
      actual|callee = 2.<span class='color_orange'>actual_precondition</span>:double; delta|callee = 0.<span class='color_orange'>actual_precondition</span>:double; unexpected|callee = 1.<span class='color_orange'>actual_precondition</span>:double; return = n$3<span class='color_orange'>initial</span>:void; this = val$1<span class='color_orange'>formal</span>:org.junit.tests.assertion.AssertionTest*( sub ); old_this = val$1<span class='color_orange'>formal</span>:org.junit.tests.assertion.AssertionTest*( sub )</span>
      [SUB: 
        _t$20 = 2.; _t$21 = 0.; _t$22 = 1.]
      |-
      <span class='color_blue'>actual|callee = 2.<span class='color_orange'>formal</span>:double( sub ); delta|callee = 0.<span class='color_orange'>formal</span>:double( sub ); unexpected|callee = 1.<span class='color_orange'>formal</span>:double( sub )</span>
    returning TRUE
    in vpath_find exp:_t$23
    vpath_find: cannot find _t$23
      New footprint:
      
      Frame fld:
      
      Missing fld:
      
      Instantiated frame:
      &amp;return|->n$3<span class='color_orange'>initial</span>:void; &amp;this|->val$1<span class='color_orange'>formal</span>:org.junit.tests.assertion.AssertionTest*( sub ); &amp;old_this|->val$1<span class='color_orange'>formal</span>:org.junit.tests.assertion.AssertionTest*( sub )
      Instantiated post:
      PROP 1 of 1:
      <span class='color_blue'><span class='color_red'>MEMne &lt; void Assert.assertNotEquals(double,double,double):824 &gt; <span class='color_orange'>{vpath: }</span>(_t$23)</span> ;
      <span class='color_red'>return|callee = EXN _t$23<span class='color_orange'>update:824</span>:void</span> ;
      <span class='color_red'>_t$23|->{}<span class='color_orange'>alloc</span>:java.lang.AssertionError</span></span>
      
    ***** RESULTS FUNCTION CALL *******
    PROP 1 of 1:
    <span class='color_blue'><span class='color_blue'>1 != 2</span>; <span class='color_red'>MEMne &lt; void Assert.assertNotEquals(double,double,double):824 &gt; <span class='color_orange'>{vpath: }</span>(_t$0)</span> ;
    <span class='color_blue'>return = <span class='color_red'>EXN _t$0<span class='color_orange'>update:824</span></span>:void</span>; <span class='color_blue'>this = val$1<span class='color_orange'>formal</span>:org.junit.tests.assertion.AssertionTest*( sub )</span>; <span class='color_blue'>old_this = val$1<span class='color_orange'>formal</span>:org.junit.tests.assertion.AssertionTest*( sub )</span> ;
    <span class='color_red'>_t$0|->{}<span class='color_orange'>alloc</span>:java.lang.AssertionError</span></span>
    ***** END RESULTS FUNCTION CALL *******
    Prover.check_inconsistency_base: inconsistency reason [None]
    Prover.check_inconsistency_base: inconsistency reason [None]
    Prover.check_inconsistency_base: inconsistency reason [None]
    Prover.check_inconsistency_base: inconsistency reason [None]
    Instruction Returns
    PROP 1 of 1:
    <span class='color_blue'><span class='color_blue'>1 != 2</span>; <span class='color_red'>MEMne &lt; void Assert.assertNotEquals(double,double,double):824 &gt; <span class='color_orange'>{vpath: }</span>(_t$0)</span> ;
    <span class='color_blue'>return = <span class='color_red'>EXN _t$0<span class='color_orange'>update:824</span></span>:void</span>; <span class='color_blue'>this = val$1<span class='color_orange'>formal</span>:org.junit.tests.assertion.AssertionTest*( sub )</span>; <span class='color_blue'>old_this = val$1<span class='color_orange'>formal</span>:org.junit.tests.assertion.AssertionTest*( sub )</span> ;
    <span class='color_red'>_t$0|->{}<span class='color_orange'>alloc</span>:java.lang.AssertionError</span></span>
    
    Instruction <span class='color_green'>EXIT_SCOPE(n$2); [line 824]</span>
    in vpath_find exp:_t$0
    vpath_find: cannot find _t$0
    Instruction Returns
    PROP 1 of 1:
    <span class='color_blue'><span class='color_blue'>1 != 2</span>; <span class='color_blue'>MEMne &lt; void Assert.assertNotEquals(double,double,double):824 &gt; <span class='color_orange'>{vpath: }</span>(_t$0)</span> ;
    <span class='color_blue'>return = EXN _t$0<span class='color_orange'>update:824</span>:void</span>; <span class='color_blue'>this = val$1<span class='color_orange'>formal</span>:org.junit.tests.assertion.AssertionTest*( sub )</span>; <span class='color_blue'>old_this = val$1<span class='color_orange'>formal</span>:org.junit.tests.assertion.AssertionTest*( sub )</span> ;
    <span class='color_blue'>_t$0|->{}<span class='color_orange'>alloc</span>:java.lang.AssertionError</span></span>
    
    .... After Symbolic Execution ....
    PROP 1 of 1:
    <span class='color_blue'><span class='color_blue'>1 != 2</span>; <span class='color_red'>MEMne &lt; void Assert.assertNotEquals(double,double,double):824 &gt; <span class='color_orange'>{vpath: }</span>(_t$0)</span> ;
    <span class='color_blue'>return = <span class='color_red'>EXN _t$0<span class='color_orange'>update:824</span></span>:void</span>; <span class='color_blue'>this = val$1<span class='color_orange'>formal</span>:org.junit.tests.assertion.AssertionTest*( sub )</span>; <span class='color_blue'>old_this = val$1<span class='color_orange'>formal</span>:org.junit.tests.assertion.AssertionTest*( sub )</span> ;
    <span class='color_red'>_t$0|->{}<span class='color_orange'>alloc</span>:java.lang.AssertionError</span></span>
    
    
    
  </LISTING>