<!DOCTYPE HTML PUBLIC "-//W3C//DTD HTML 4.01 Transitional//EN">
<html>
<head>
<title>org.junit.tests.running.methods.TestMethodTest.testFailures():void.8992dcf714229f5cdc2a0ed2da5ffa0d</title>
<meta http-equiv="Content-Type" content="text/html; charset=utf-8">
<style type="text/css">
body { background-color:#fff; color:#000; font-family:Helvetica, sans-serif; font-size:10pt }
h1 { font-size:14pt }
.code { border-collapse:collapse; width:100%; font-family: "Andale Mono", monospace; font-size:10pt; line-height: 1.2em }
.color_black { color: black }
.color_blue { color: blue }
.color_green { color: green }
.color_orange { color: orange }
.color_red { color: red }
.line { border-left: 3px solid #ccc; padding-left: 1ex; white-space: pre; }
.msg { background-color:#fff8b4; color:#000; float:left; font-family:Helvetica, sans-serif; font-size: smaller; font-weight: bold; margin-bottom:10px; margin-top:10px; max-width:60em; padding:0.5em 1ex 0.5em 1ex; -webkit-border-radius:5px; -webkit-box-shadow:1px 1px 7px #000; white-space: pre-wrap; word-wrap: break-word; }
.num { background-color:#eee; color:#444; font-size: smaller; padding-right:2ex; text-align:right; width:2.5em; }
.dangling { background-color:white; color: gray; }
.visited { background-color:LemonChiffon; color: darkmagenta; }
.tooltip { display: none; background-color:#FFF0F0; border: 2px solid #F00; font-weight: normal; left:10em; padding: 2px; position: absolute; top: -1em; -webkit-border-radius:5px; -webkit-box-shadow:1px 1px 7px #000; z-index: 1}
.with_tooltip { position: relative; }
.with_tooltip:hover .tooltip, .visited:hover .tooltip { display: block; }
</style>
</head>
<body>
<center><h1>Procedure <a href="./../TestMethodTest.java.cd3cd8b636ee5ff567d7c528578264cd.html#LINE136">void TestMethodTest.testFailures()</a></h1></center>
<a href="./nodes/org.junit.tests.running.methods.TestMethodTest.testFailures%28%29%3Avoid.8992dcf714229f5cdc2a0ed2da5ffa0d_node1.html"><span class='visited with_tooltip'>S_1<span class='tooltip'>node1 preds: succs:4 exn:2 Start
</span></span></a> <a href="./nodes/org.junit.tests.running.methods.TestMethodTest.testFailures%28%29%3Avoid.8992dcf714229f5cdc2a0ed2da5ffa0d_node2.html"><span class='visited with_tooltip'>E_2<span class='tooltip'>node2 preds:8 3 succs: exn: Exit
</span></span></a> <a href="./nodes/org.junit.tests.running.methods.TestMethodTest.testFailures%28%29%3Avoid.8992dcf714229f5cdc2a0ed2da5ffa0d_node3.html"><span class='visited with_tooltip'>I_3<span class='tooltip'>node3 preds: succs:2 exn:2 Instructions
NULLIFY(&amp;errorCount); [line 140];
NULLIFY(&amp;problems); [line 140];
NULLIFY(&amp;$irvar0); [line 140];
EXIT_SCOPE(errorCount,problems,$irvar0); [line 140];
APPLY_ABSTRACTION; [line 140];
</span></span></a> <a href="./nodes/org.junit.tests.running.methods.TestMethodTest.testFailures%28%29%3Avoid.8992dcf714229f5cdc2a0ed2da5ffa0d_node4.html"><span class='visited with_tooltip'>I_4<span class='tooltip'>node4 preds:1 succs:5 exn:3 Instructions
n$0=*&amp;this:org.junit.tests.running.methods.TestMethodTest* [line 137];
n$1=_fun_List TestMethodTest.validateAllMethods(Class)(n$0:org.junit.tests.running.methods.TestMethodTest*,org.junit.tests.running.methods.TestMethodTest$EverythingWrong:java.lang.Object*) [line 137];
*&amp;problems:java.util.List*=n$1 [line 137];
NULLIFY(&amp;this); [line 137];
EXIT_SCOPE(n$0,n$1,this); [line 137];
</span></span></a> <a href="./nodes/org.junit.tests.running.methods.TestMethodTest.testFailures%28%29%3Avoid.8992dcf714229f5cdc2a0ed2da5ffa0d_node5.html"><span class='visited with_tooltip'>I_5<span class='tooltip'>node5 preds:4 succs:6 exn:3 Instructions
*&amp;errorCount:int=21 [line 138];
</span></span></a> <a href="./nodes/org.junit.tests.running.methods.TestMethodTest.testFailures%28%29%3Avoid.8992dcf714229f5cdc2a0ed2da5ffa0d_node6.html"><span class='visited with_tooltip'>I_6<span class='tooltip'>node6 preds:5 succs:7 exn:3 Instructions
n$2=*&amp;problems:java.util.List* [line 139];
_=*n$2:java.util.List*(root java.util.List) [line 139];
n$4=_fun_int List.size()(n$2:java.util.List*) interface virtual [line 139];
*&amp;$irvar0:int=n$4 [line 139];
NULLIFY(&amp;problems); [line 139];
EXIT_SCOPE(_,n$2,n$4,problems); [line 139];
</span></span></a> <a href="./nodes/org.junit.tests.running.methods.TestMethodTest.testFailures%28%29%3Avoid.8992dcf714229f5cdc2a0ed2da5ffa0d_node7.html"><span class='visited with_tooltip'>I_7<span class='tooltip'>node7 preds:6 succs:8 exn:3 Instructions
n$5=*&amp;errorCount:int [line 139];
n$6=*&amp;$irvar0:int [line 139];
n$7=_fun_void Assert.assertEquals(long,long)((long)n$5:long,(long)n$6:long) [line 139];
NULLIFY(&amp;errorCount); [line 139];
NULLIFY(&amp;$irvar0); [line 139];
EXIT_SCOPE(n$5,n$6,n$7,errorCount,$irvar0); [line 139];
</span></span></a> <a href="./nodes/org.junit.tests.running.methods.TestMethodTest.testFailures%28%29%3Avoid.8992dcf714229f5cdc2a0ed2da5ffa0d_node8.html"><span class='visited with_tooltip'>I_8<span class='tooltip'>node8 preds:7 succs:2 exn:3 Instructions
APPLY_ABSTRACTION; [line 140];
</span></span></a><br />@

<span class='color_black'>void void TestMethodTest.testFailures()(org.junit.tests.running.methods.TestMethodTest* this)
Analyzed
</span><br />FAILURE:NONE SYMOPS:97
<br />

<hr width="100%">
LIKE DURING FOOTPRINT

<hr width="100%">
INFO DURING FOOTPRINT

<hr width="100%">
ADVICE DURING FOOTPRINT

<hr width="100%">
WARNING DURING FOOTPRINT

<hr width="100%">
ERROR DURING FOOTPRINT

<hr width="100%">
<LISTING>
Biabduction: phase= RE_EXECUTION
--------------------------- 1 of 1 [nvisited:136 137 138 139 140] ---------------------------
PRE:
<span class='color_blue'><span class='color_blue'>this = val$1<span class='color_orange'>formal</span>:org.junit.tests.running.methods.TestMethodTest*( sub )</span></span>
POST 1 of 2:
<span class='color_blue'><span class='color_red'>MEMne &lt; void Assert.assertEquals(long,long):139 &gt; <span class='color_orange'>{vpath: }</span>(val$2)</span> ;
<span class='color_red'>return = EXN val$2<span class='color_orange'>update:139</span>:void</span>; <span class='color_blue'>this = val$1<span class='color_orange'>formal</span>:org.junit.tests.running.methods.TestMethodTest*( sub )</span> ;
<span class='color_red'>val$2|->{}<span class='color_orange'>alloc</span>:java.lang.AssertionError</span></span>
POST 2 of 2:
<span class='color_blue'><span class='color_red'>val$2 != 0</span>; <span class='color_red'>MEMne &lt; List TestMethodTest.validateAllMethods(Class):137 &gt; <span class='color_orange'>{vpath: }</span>(val$2)</span> ;
<span class='color_red'>return = EXN val$2<span class='color_orange'>update:137</span>:void</span>; <span class='color_blue'>this = val$1<span class='color_orange'>formal</span>:org.junit.tests.running.methods.TestMethodTest*( sub )</span> ;
<span class='color_red'>val$2|->{}<span class='color_orange'>alloc</span>:java.lang.IllegalArgumentException</span></span>
----------------------------------------------------------------<br>

RacerD: 
Threads: NoThread, Locks: 0 
Accesses { {elem= Access: Read of model.TestClass.FIELD_COMPARATOR Thread: NoThread Lock: false Pre: Unowned;
            loc= line 78;
            trace= { List TestMethodTest.validateAllMethods(Class) at line 137,
                     BlockJUnit4ClassRunner.<init>(Class) at line 175,
                     ParentRunner.<init>(Class) at line 74,
                     TestClass ParentRunner.createTestClass(Class) at line 91,
                     TestClass.<init>(Class) at line 111,
                     void TestClass.scanAnnotatedMembers(Map,Map) at line 57,
                     Field[] TestClass.getSortedDeclaredFields(Class) at line 70 }},
           {elem= Access: Read of lang.Void.TYPE Thread: NoThread Lock: false Pre: Unowned;
            loc= line 107;
            trace= { List TestMethodTest.validateAllMethods(Class) at line 137,
                     BlockJUnit4ClassRunner.<init>(Class) at line 175,
                     ParentRunner.<init>(Class) at line 74,
                     void ParentRunner.validate() at line 92,
                     void ParentRunner.collectInitializationErrors(List) at line 523,
                     void ParentRunner.validatePublicVoidNoArgMethods(Class,boolean,List) at line 148,
                     void FrameworkMethod.validatePublicVoidNoArg(boolean,List) at line 178,
                     void FrameworkMethod.validatePublicVoid(boolean,List) at line 83 }},
           {elem= Access: Read of runners.ParentRunner.VALIDATORS Thread: NoThread Lock: false Pre: Unowned;
            loc= line 156;
            trace= { List TestMethodTest.validateAllMethods(Class) at line 137,
                     BlockJUnit4ClassRunner.<init>(Class) at line 175,
                     ParentRunner.<init>(Class) at line 74,
                     void ParentRunner.validate() at line 92,
                     void ParentRunner.collectInitializationErrors(List) at line 523,
                     void ParentRunner.applyValidators(List) at line 151 }},
           {elem= Access: Read of internal.MethodSorter.DEFAULT Thread: NoThread Lock: false Pre: Unowned;
            loc= line 67;
            trace= { List TestMethodTest.validateAllMethods(Class) at line 137,
                     BlockJUnit4ClassRunner.<init>(Class) at line 175,
                     ParentRunner.<init>(Class) at line 74,
                     TestClass ParentRunner.createTestClass(Class) at line 91,
                     TestClass.<init>(Class) at line 111,
                     void TestClass.scanAnnotatedMembers(Map,Map) at line 57,
                     Method[] MethodSorter.getDeclaredMethods(Class) at line 65,
                     Comparator MethodSorter.getSorter(FixMethodOrder) at line 52 }},
           {elem= Access: Read of rules.RuleMemberValidator.CLASS_RULE_METHOD_VALIDATOR Thread: NoThread Lock: false Pre: Unowned;
            loc= line 184;
            trace= { List TestMethodTest.validateAllMethods(Class) at line 137,
                     BlockJUnit4ClassRunner.<init>(Class) at line 175,
                     ParentRunner.<init>(Class) at line 74,
                     void ParentRunner.validate() at line 92,
                     void ParentRunner.collectInitializationErrors(List) at line 523,
                     void ParentRunner.validateClassRules(List) at line 150 }},
           {elem= Access: Read of rules.RuleMemberValidator.CLASS_RULE_VALIDATOR Thread: NoThread Lock: false Pre: Unowned;
            loc= line 183;
            trace= { List TestMethodTest.validateAllMethods(Class) at line 137,
                     BlockJUnit4ClassRunner.<init>(Class) at line 175,
                     ParentRunner.<init>(Class) at line 74,
                     void ParentRunner.validate() at line 92,
                     void ParentRunner.collectInitializationErrors(List) at line 523,
                     void ParentRunner.validateClassRules(List) at line 150 }},
           {elem= Access: Read of rules.RuleMemberValidator.CLASS_RULE_METHOD_VALIDATOR->annotation Thread: NoThread Lock: false Pre: Unowned;
            loc= line 89;
            trace= { List TestMethodTest.validateAllMethods(Class) at line 137,
                     BlockJUnit4ClassRunner.<init>(Class) at line 175,
                     ParentRunner.<init>(Class) at line 74,
                     void ParentRunner.validate() at line 92,
                     void ParentRunner.collectInitializationErrors(List) at line 523,
                     void ParentRunner.validateClassRules(List) at line 150,
                     void RuleMemberValidator.validate(TestClass,List) at line 184 }},
           {elem= Access: Read of rules.RuleMemberValidator.CLASS_RULE_METHOD_VALIDATOR->methods Thread: NoThread Lock: false Pre: Unowned;
            loc= line 89;
            trace= { List TestMethodTest.validateAllMethods(Class) at line 137,
                     BlockJUnit4ClassRunner.<init>(Class) at line 175,
                     ParentRunner.<init>(Class) at line 74,
                     void ParentRunner.validate() at line 92,
                     void ParentRunner.collectInitializationErrors(List) at line 523,
                     void ParentRunner.validateClassRules(List) at line 150,
                     void RuleMemberValidator.validate(TestClass,List) at line 184 }},
           {elem= Access: Read of rules.RuleMemberValidator.CLASS_RULE_METHOD_VALIDATOR->validatorStrategies Thread: NoThread Lock: false Pre: Unowned;
            loc= line 98;
            trace= { List TestMethodTest.validateAllMethods(Class) at line 137,
                     BlockJUnit4ClassRunner.<init>(Class) at line 175,
                     ParentRunner.<init>(Class) at line 74,
                     void ParentRunner.validate() at line 92,
                     void ParentRunner.collectInitializationErrors(List) at line 523,
                     void ParentRunner.validateClassRules(List) at line 150,
                     void RuleMemberValidator.validate(TestClass,List) at line 184,
                     void RuleMemberValidator.validateMember(FrameworkMember,List) at line 93 }},
           {elem= Access: Read of rules.RuleMemberValidator.CLASS_RULE_VALIDATOR->annotation Thread: NoThread Lock: false Pre: Unowned;
            loc= line 89;
            trace= { List TestMethodTest.validateAllMethods(Class) at line 137,
                     BlockJUnit4ClassRunner.<init>(Class) at line 175,
                     ParentRunner.<init>(Class) at line 74,
                     void ParentRunner.validate() at line 92,
                     void ParentRunner.collectInitializationErrors(List) at line 523,
                     void ParentRunner.validateClassRules(List) at line 150,
                     void RuleMemberValidator.validate(TestClass,List) at line 183 }},
           {elem= Access: Read of rules.RuleMemberValidator.CLASS_RULE_VALIDATOR->methods Thread: NoThread Lock: false Pre: Unowned;
            loc= line 89;
            trace= { List TestMethodTest.validateAllMethods(Class) at line 137,
                     BlockJUnit4ClassRunner.<init>(Class) at line 175,
                     ParentRunner.<init>(Class) at line 74,
                     void ParentRunner.validate() at line 92,
                     void ParentRunner.collectInitializationErrors(List) at line 523,
                     void ParentRunner.validateClassRules(List) at line 150,
                     void RuleMemberValidator.validate(TestClass,List) at line 183 }},
           {elem= Access: Read of rules.RuleMemberValidator.CLASS_RULE_VALIDATOR->validatorStrategies Thread: NoThread Lock: false Pre: Unowned;
            loc= line 98;
            trace= { List TestMethodTest.validateAllMethods(Class) at line 137,
                     BlockJUnit4ClassRunner.<init>(Class) at line 175,
                     ParentRunner.<init>(Class) at line 74,
                     void ParentRunner.validate() at line 92,
                     void ParentRunner.collectInitializationErrors(List) at line 523,
                     void ParentRunner.validateClassRules(List) at line 150,
                     void RuleMemberValidator.validate(TestClass,List) at line 183,
                     void RuleMemberValidator.validateMember(FrameworkMember,List) at line 93 }} } 
Ownership: Unowned 
Return Attribute: Nothing 
Attributes: { } 

Starvation: {thread= UnknownThread; return_attributes= Nothing;
             critical_pairs={ };
             scheduled_work= { };
             attributes= { }}
</LISTING>
<hr />
<pre>
{ proc_name= void TestMethodTest.testFailures()
; translation_unit= src/test/java/org/junit/tests/running/methods/TestMethodTest.java
; access= Public
; exceptions= [java.lang.Exception]
; formals= [(this,org.junit.tests.running.methods.TestMethodTest*)]
; is_defined= true
; loc= src/test/java/org/junit/tests/running/methods/TestMethodTest.java:136
; locals= [{ name= $irvar0; typ= void; modify_in_block= false; is_declared_unused= false }; 
           { name= errorCount; typ= int; modify_in_block= false; is_declared_unused= false }; 
           { name= problems; typ= java.util.List*; modify_in_block= false; is_declared_unused= false }]
; method_annotation= <_org.junit.Test> ()
; ret_type= void 
; proc_id= org.junit.tests.running.methods.TestMethodTest.testFailures():void }</pre>
</body>
</html>
