<!DOCTYPE HTML PUBLIC "-//W3C//DTD HTML 4.01 Transitional//EN">
<html>
<head>
<title>org.junit.tests.running.core.CommandLineTest.runTwoClasses():void.127ddc4d0a3cc390e4c16bb778bd857a_node10</title>
<meta http-equiv="Content-Type" content="text/html; charset=utf-8">
<style type="text/css">
body { background-color:#fff; color:#000; font-family:Helvetica, sans-serif; font-size:10pt }
h1 { font-size:14pt }
.code { border-collapse:collapse; width:100%; font-family: "Andale Mono", monospace; font-size:10pt; line-height: 1.2em }
.color_black { color: black }
.color_blue { color: blue }
.color_green { color: green }
.color_orange { color: orange }
.color_red { color: red }
.line { border-left: 3px solid #ccc; padding-left: 1ex; white-space: pre; }
.msg { background-color:#fff8b4; color:#000; float:left; font-family:Helvetica, sans-serif; font-size: smaller; font-weight: bold; margin-bottom:10px; margin-top:10px; max-width:60em; padding:0.5em 1ex 0.5em 1ex; -webkit-border-radius:5px; -webkit-box-shadow:1px 1px 7px #000; white-space: pre-wrap; word-wrap: break-word; }
.num { background-color:#eee; color:#444; font-size: smaller; padding-right:2ex; text-align:right; width:2.5em; }
.dangling { background-color:white; color: gray; }
.visited { background-color:LemonChiffon; color: darkmagenta; }
.tooltip { display: none; background-color:#FFF0F0; border: 2px solid #F00; font-weight: normal; left:10em; padding: 2px; position: absolute; top: -1em; -webkit-border-radius:5px; -webkit-box-shadow:1px 1px 7px #000; z-index: 1}
.with_tooltip { position: relative; }
.with_tooltip:hover .tooltip, .visited:hover .tooltip { display: block; }
</style>
</head>
<body>
<center><h1>Cfg Node <a href="./../../CommandLineTest.java.1aa155749ae15e779e15e06939bd8008.html#LINE73">10</a></h1></center>PROC: <a href="./../org.junit.tests.running.core.CommandLineTest.runTwoClasses%28%29%3Avoid.127ddc4d0a3cc390e4c16bb778bd857a.html">void CommandLineTest.runTwoClasses()</a> LINE: <a href="./../../CommandLineTest.java.1aa155749ae15e779e15e06939bd8008.html#LINE73">73</a>
<br>PREDS:
<a href="./../nodes/org.junit.tests.running.core.CommandLineTest.runTwoClasses%28%29%3Avoid.127ddc4d0a3cc390e4c16bb778bd857a_node9.html"><span class='visited with_tooltip'>N_9<span class='tooltip'>node9 preds:8 succs:10 exn:3 </span></span></a><br>SUCCS:
<a href="./../nodes/org.junit.tests.running.core.CommandLineTest.runTwoClasses%28%29%3Avoid.127ddc4d0a3cc390e4c16bb778bd857a_node11.html"><span class='visited with_tooltip'>N_11<span class='tooltip'>node11 preds:10 succs:2 exn:3 </span></span></a><br>EXN:
<a href="./../nodes/org.junit.tests.running.core.CommandLineTest.runTwoClasses%28%29%3Avoid.127ddc4d0a3cc390e4c16bb778bd857a_node3.html"><span class='visited with_tooltip'>N_3<span class='tooltip'>node3 preds: succs:2 exn:2 </span></span></a><br>
<LISTING class='color_green'>n$6=*&amp;$irvar2:long [line 73];
n$7=_fun_void Assert.assertEquals(long,long)(2:long,n$6:long) [line 73];
</LISTING>
<hr width="100%">
<a name="session6" href="./../nodes/org.junit.tests.running.core.CommandLineTest.runTwoClasses%28%29%3Avoid.127ddc4d0a3cc390e4c16bb778bd857a_node10.html#session6">node10#session6</a>(<a href="./../../CommandLineTest.java.1aa155749ae15e779e15e06939bd8008.html#LINE73">73</a>) [compute pre] liveness 10
<LISTING class='color_black'>JOIN

LEFT:   normal:{ }, exn:{ }
RIGHT:  normal:{ }, exn:{ }
RESULT: normal:{ }, exn:{ }

</LISTING>
<hr width="100%">
<a name="session7" href="./../nodes/org.junit.tests.running.core.CommandLineTest.runTwoClasses%28%29%3Avoid.127ddc4d0a3cc390e4c16bb778bd857a_node10.html#session7">node10#session7</a>(<a href="./../../CommandLineTest.java.1aa155749ae15e779e15e06939bd8008.html#LINE73">73</a>) [exec] liveness 10
<LISTING class='color_black'>PRE STATE:
normal:{ }, exn:{ }

INSTR=  n$7=_fun_void Assert.assertEquals(long,long)(2:long,n$6:long) [line 73]; 

STATE:
normal:{ n$6 }, exn:{ }

INSTR=  n$6=*&amp;$irvar2:long [line 73]; 

STATE:
normal:{ $irvar2 }, exn:{ }

</LISTING>
<hr width="100%">
<a name="session35" href="./../nodes/org.junit.tests.running.core.CommandLineTest.runTwoClasses%28%29%3Avoid.127ddc4d0a3cc390e4c16bb778bd857a_node10.html#session35">node10#session35</a>(<a href="./../../CommandLineTest.java.1aa155749ae15e779e15e06939bd8008.html#LINE73">73</a>) [compute pre] nullify
<LISTING class='color_black'></LISTING>
<hr width="100%">
<a name="session36" href="./../nodes/org.junit.tests.running.core.CommandLineTest.runTwoClasses%28%29%3Avoid.127ddc4d0a3cc390e4c16bb778bd857a_node10.html#session36">node10#session36</a>(<a href="./../../CommandLineTest.java.1aa155749ae15e779e15e06939bd8008.html#LINE73">73</a>) [exec] nullify
<LISTING class='color_black'>PRE STATE:
(normal:{ $irvar2 }, exn:{ },normal:{ n$5, core.CommandLineTest }, exn:{ })

INSTR=  n$6=*&amp;$irvar2:long [line 73]; 

STATE:
(normal:{ n$6, $irvar2 }, exn:{ },
normal:{ n$5, core.CommandLineTest }, exn:{ })

INSTR=  n$7=_fun_void Assert.assertEquals(long,long)(2:long,n$6:long) [line 73]; 

STATE:
(normal:{ }, exn:{ },normal:{ n$6, n$7, $irvar2 }, exn:{ })

</LISTING>
<hr width="100%">
<a name="session56" href="./../nodes/org.junit.tests.running.core.CommandLineTest.runTwoClasses%28%29%3Avoid.127ddc4d0a3cc390e4c16bb778bd857a_node10.html#session56">node10#session56</a>(<a href="./../../CommandLineTest.java.1aa155749ae15e779e15e06939bd8008.html#LINE73">73</a>) [compute pre] devirtualizer analysis 10
<LISTING class='color_black'></LISTING>
<hr width="100%">
<a name="session57" href="./../nodes/org.junit.tests.running.core.CommandLineTest.runTwoClasses%28%29%3Avoid.127ddc4d0a3cc390e4c16bb778bd857a_node10.html#session57">node10#session57</a>(<a href="./../../CommandLineTest.java.1aa155749ae15e779e15e06939bd8008.html#LINE73">73</a>) [exec] devirtualizer analysis 10
<LISTING class='color_black'>PRE STATE:
{ }

INSTR=  n$6=*&amp;$irvar2:long [line 73]; 

STATE UNCHANGED

INSTR=  n$7=_fun_void Assert.assertEquals(long,long)(2:long,n$6:long) [line 73]; 

STATE UNCHANGED

INSTR=  NULLIFY(&amp;$irvar2); [line 73]; 

STATE UNCHANGED

INSTR=  EXIT_SCOPE(n$6,n$7,$irvar2); [line 73]; 

STATE UNCHANGED

</LISTING>
<hr width="100%">
<a name="session63" href="./../nodes/org.junit.tests.running.core.CommandLineTest.runTwoClasses%28%29%3Avoid.127ddc4d0a3cc390e4c16bb778bd857a_node10.html#session63">node10#session63</a>(<a href="./../../CommandLineTest.java.1aa155749ae15e779e15e06939bd8008.html#LINE73">73</a>) [exec] devirtualizer
<LISTING class='color_black'></LISTING>
<hr width="100%">
<a name="session64" href="./../nodes/org.junit.tests.running.core.CommandLineTest.runTwoClasses%28%29%3Avoid.127ddc4d0a3cc390e4c16bb778bd857a_node10.html#session64">node10#session64</a>(<a href="./../../CommandLineTest.java.1aa155749ae15e779e15e06939bd8008.html#LINE73">73</a>) [exec] devirtualizer
<LISTING class='color_black'></LISTING>
<hr width="100%">
<a name="session65" href="./../nodes/org.junit.tests.running.core.CommandLineTest.runTwoClasses%28%29%3Avoid.127ddc4d0a3cc390e4c16bb778bd857a_node10.html#session65">node10#session65</a>(<a href="./../../CommandLineTest.java.1aa155749ae15e779e15e06939bd8008.html#LINE73">73</a>) [exec] devirtualizer
<LISTING class='color_black'></LISTING>
<hr width="100%">
<a name="session66" href="./../nodes/org.junit.tests.running.core.CommandLineTest.runTwoClasses%28%29%3Avoid.127ddc4d0a3cc390e4c16bb778bd857a_node10.html#session66">node10#session66</a>(<a href="./../../CommandLineTest.java.1aa155749ae15e779e15e06939bd8008.html#LINE73">73</a>) [exec] devirtualizer
<LISTING class='color_black'></LISTING>
<hr width="100%">
<a name="session14" href="./../nodes/org.junit.tests.running.core.CommandLineTest.runTwoClasses%28%29%3Avoid.127ddc4d0a3cc390e4c16bb778bd857a_node10.html#session14">node10#session14</a>(<a href="./../../CommandLineTest.java.1aa155749ae15e779e15e06939bd8008.html#LINE73">73</a>) [compute pre] starvation
<LISTING class='color_black'></LISTING>
<hr width="100%">
<a name="session15" href="./../nodes/org.junit.tests.running.core.CommandLineTest.runTwoClasses%28%29%3Avoid.127ddc4d0a3cc390e4c16bb778bd857a_node10.html#session15">node10#session15</a>(<a href="./../../CommandLineTest.java.1aa155749ae15e779e15e06939bd8008.html#LINE73">73</a>) [exec] starvation
<LISTING class='color_black'>PRE STATE:
{guard_map= { }; lock_state= {map= { }; acquisitions= { }};
 critical_pairs= { }; attributes= { }; thread= UnknownThread;
 scheduled_work= { }; var_state= { $irvar2 -&gt; core.CommandLineTest.fCount }}

INSTR=  n$6=*&amp;$irvar2:long [line 73]; 

STATE:
{guard_map= { }; lock_state= {map= { }; acquisitions= { }};
 critical_pairs= { }; attributes= { }; thread= UnknownThread;
 scheduled_work= { };
 var_state= { n$6 -&gt; core.CommandLineTest.fCount,
              $irvar2 -&gt; core.CommandLineTest.fCount }}

INSTR=  n$7=_fun_void Assert.assertEquals(long,long)(2:long,n$6:long) [line 73]; 

STATE:
{guard_map= { }; lock_state= {map= { }; acquisitions= { }};
 critical_pairs= { }; attributes= { }; thread= UnknownThread;
 scheduled_work= { };
 var_state= { n$6 -&gt; core.CommandLineTest.fCount,
              $irvar2 -&gt; core.CommandLineTest.fCount }}

INSTR=  NULLIFY(&amp;$irvar2); [line 73]; 

STATE UNCHANGED

INSTR=  EXIT_SCOPE(n$6,n$7,$irvar2); [line 73]; 

STATE:
{guard_map= { }; lock_state= {map= { }; acquisitions= { }};
 critical_pairs= { }; attributes= { }; thread= UnknownThread;
 scheduled_work= { }; var_state= { }}

</LISTING>
<hr width="100%">
<a name="session33" href="./../nodes/org.junit.tests.running.core.CommandLineTest.runTwoClasses%28%29%3Avoid.127ddc4d0a3cc390e4c16bb778bd857a_node10.html#session33">node10#session33</a>(<a href="./../../CommandLineTest.java.1aa155749ae15e779e15e06939bd8008.html#LINE73">73</a>) [compute pre] racerd
<LISTING class='color_black'></LISTING>
<hr width="100%">
<a name="session34" href="./../nodes/org.junit.tests.running.core.CommandLineTest.runTwoClasses%28%29%3Avoid.127ddc4d0a3cc390e4c16bb778bd857a_node10.html#session34">node10#session34</a>(<a href="./../../CommandLineTest.java.1aa155749ae15e779e15e06939bd8008.html#LINE73">73</a>) [exec] racerd
<LISTING class='color_black'>PRE STATE:
Threads: NoThread, Locks: 0 
Accesses { {elem= Access: Read of model.TestClass.FIELD_COMPARATOR Thread: NoThread Lock: false Pre: Unowned;
            loc= line 78;
            trace= { Result JUnitCore.runClasses(Class[]) at line 72,
                     Result JUnitCore.runClasses(Computer,Class[]) at line 53,
                     Result JUnitCore.run(Computer,Class[]) at line 66,
                     Request Request.classes(Computer,Class[]) at line 109,
                     Runner Computer.getSuite(RunnerBuilder,Class[]) at line 77,
                     Computer$2.&lt;init&gt;(Computer,RunnerBuilder,Class[]) at line 28,
                     Suite.&lt;init&gt;(RunnerBuilder,Class[]) at line 33,
                     Suite.&lt;init&gt;(Class,List) at line 81,
                     ParentRunner.&lt;init&gt;(Class) at line 112,
                     TestClass ParentRunner.createTestClass(Class) at line 91,
                     TestClass.&lt;init&gt;(Class) at line 111,
                     void TestClass.scanAnnotatedMembers(Map,Map) at line 57,
                     Field[] TestClass.getSortedDeclaredFields(Class) at line 70 }},
           {elem= Access: Read of core.CommandLineTest.fCount Thread: NoThread Lock: false Pre: Unowned;
            loc= line 73; trace= { }},
           {elem= Access: Read of lang.Void.TYPE Thread: NoThread Lock: false Pre: Unowned;
            loc= line 107;
            trace= { Result JUnitCore.runClasses(Class[]) at line 72,
                     Result JUnitCore.runClasses(Computer,Class[]) at line 53,
                     Result JUnitCore.run(Computer,Class[]) at line 66,
                     Request Request.classes(Computer,Class[]) at line 109,
                     Runner Computer.getSuite(RunnerBuilder,Class[]) at line 77,
                     Computer$2.&lt;init&gt;(Computer,RunnerBuilder,Class[]) at line 28,
                     Suite.&lt;init&gt;(RunnerBuilder,Class[]) at line 33,
                     Suite.&lt;init&gt;(Class,List) at line 81,
                     ParentRunner.&lt;init&gt;(Class) at line 112,
                     void ParentRunner.validate() at line 92,
                     void ParentRunner.collectInitializationErrors(List) at line 523,
                     void ParentRunner.validatePublicVoidNoArgMethods(Class,boolean,List) at line 148,
                     void FrameworkMethod.validatePublicVoidNoArg(boolean,List) at line 178,
                     void FrameworkMethod.validatePublicVoid(boolean,List) at line 83 }},
           {elem= Access: Read of runners.ParentRunner.VALIDATORS Thread: NoThread Lock: false Pre: Unowned;
            loc= line 156;
            trace= { Result JUnitCore.runClasses(Class[]) at line 72,
                     Result JUnitCore.runClasses(Computer,Class[]) at line 53,
                     Result JUnitCore.run(Computer,Class[]) at line 66,
                     Request Request.classes(Computer,Class[]) at line 109,
                     Runner Computer.getSuite(RunnerBuilder,Class[]) at line 77,
                     Computer$2.&lt;init&gt;(Computer,RunnerBuilder,Class[]) at line 28,
                     Suite.&lt;init&gt;(RunnerBuilder,Class[]) at line 33,
                     Suite.&lt;init&gt;(Class,List) at line 81,
                     ParentRunner.&lt;init&gt;(Class) at line 112,
                     void ParentRunner.validate() at line 92,
                     void ParentRunner.collectInitializationErrors(List) at line 523,
                     void ParentRunner.applyValidators(List) at line 151 }},
           {elem= Access: Read of internal.MethodSorter.DEFAULT Thread: NoThread Lock: false Pre: Unowned;
            loc= line 67;
            trace= { Result JUnitCore.runClasses(Class[]) at line 72,
                     Result JUnitCore.runClasses(Computer,Class[]) at line 53,
                     Result JUnitCore.run(Computer,Class[]) at line 66,
                     Request Request.classes(Computer,Class[]) at line 109,
                     Runner Computer.getSuite(RunnerBuilder,Class[]) at line 77,
                     Computer$2.&lt;init&gt;(Computer,RunnerBuilder,Class[]) at line 28,
                     Suite.&lt;init&gt;(RunnerBuilder,Class[]) at line 33,
                     Suite.&lt;init&gt;(Class,List) at line 81,
                     ParentRunner.&lt;init&gt;(Class) at line 112,
                     TestClass ParentRunner.createTestClass(Class) at line 91,
                     TestClass.&lt;init&gt;(Class) at line 111,
                     void TestClass.scanAnnotatedMembers(Map,Map) at line 57,
                     Method[] MethodSorter.getDeclaredMethods(Class) at line 65,
                     Comparator MethodSorter.getSorter(FixMethodOrder) at line 52 }},
           {elem= Access: Read of rules.RuleMemberValidator.CLASS_RULE_METHOD_VALIDATOR Thread: NoThread Lock: false Pre: Unowned;
            loc= line 184;
            trace= { Result JUnitCore.runClasses(Class[]) at line 72,
                     Result JUnitCore.runClasses(Computer,Class[]) at line 53,
                     Result JUnitCore.run(Computer,Class[]) at line 66,
                     Request Request.classes(Computer,Class[]) at line 109,
                     Runner Computer.getSuite(RunnerBuilder,Class[]) at line 77,
                     Computer$2.&lt;init&gt;(Computer,RunnerBuilder,Class[]) at line 28,
                     Suite.&lt;init&gt;(RunnerBuilder,Class[]) at line 33,
                     Suite.&lt;init&gt;(Class,List) at line 81,
                     ParentRunner.&lt;init&gt;(Class) at line 112,
                     void ParentRunner.validate() at line 92,
                     void ParentRunner.collectInitializationErrors(List) at line 523,
                     void ParentRunner.validateClassRules(List) at line 150 }},
           {elem= Access: Read of rules.RuleMemberValidator.CLASS_RULE_VALIDATOR Thread: NoThread Lock: false Pre: Unowned;
            loc= line 183;
            trace= { Result JUnitCore.runClasses(Class[]) at line 72,
                     Result JUnitCore.runClasses(Computer,Class[]) at line 53,
                     Result JUnitCore.run(Computer,Class[]) at line 66,
                     Request Request.classes(Computer,Class[]) at line 109,
                     Runner Computer.getSuite(RunnerBuilder,Class[]) at line 77,
                     Computer$2.&lt;init&gt;(Computer,RunnerBuilder,Class[]) at line 28,
                     Suite.&lt;init&gt;(RunnerBuilder,Class[]) at line 33,
                     Suite.&lt;init&gt;(Class,List) at line 81,
                     ParentRunner.&lt;init&gt;(Class) at line 112,
                     void ParentRunner.validate() at line 92,
                     void ParentRunner.collectInitializationErrors(List) at line 523,
                     void ParentRunner.validateClassRules(List) at line 150 }},
           {elem= Access: Read of rules.RuleMemberValidator.CLASS_RULE_METHOD_VALIDATOR-&gt;annotation Thread: NoThread Lock: false Pre: Unowned;
            loc= line 89;
            trace= { Result JUnitCore.runClasses(Class[]) at line 72,
                     Result JUnitCore.runClasses(Computer,Class[]) at line 53,
                     Result JUnitCore.run(Computer,Class[]) at line 66,
                     Request Request.classes(Computer,Class[]) at line 109,
                     Runner Computer.getSuite(RunnerBuilder,Class[]) at line 77,
                     Computer$2.&lt;init&gt;(Computer,RunnerBuilder,Class[]) at line 28,
                     Suite.&lt;init&gt;(RunnerBuilder,Class[]) at line 33,
                     Suite.&lt;init&gt;(Class,List) at line 81,
                     ParentRunner.&lt;init&gt;(Class) at line 112,
                     void ParentRunner.validate() at line 92,
                     void ParentRunner.collectInitializationErrors(List) at line 523,
                     void ParentRunner.validateClassRules(List) at line 150,
                     void RuleMemberValidator.validate(TestClass,List) at line 184 }},
           {elem= Access: Read of rules.RuleMemberValidator.CLASS_RULE_METHOD_VALIDATOR-&gt;methods Thread: NoThread Lock: false Pre: Unowned;
            loc= line 89;
            trace= { Result JUnitCore.runClasses(Class[]) at line 72,
                     Result JUnitCore.runClasses(Computer,Class[]) at line 53,
                     Result JUnitCore.run(Computer,Class[]) at line 66,
                     Request Request.classes(Computer,Class[]) at line 109,
                     Runner Computer.getSuite(RunnerBuilder,Class[]) at line 77,
                     Computer$2.&lt;init&gt;(Computer,RunnerBuilder,Class[]) at line 28,
                     Suite.&lt;init&gt;(RunnerBuilder,Class[]) at line 33,
                     Suite.&lt;init&gt;(Class,List) at line 81,
                     ParentRunner.&lt;init&gt;(Class) at line 112,
                     void ParentRunner.validate() at line 92,
                     void ParentRunner.collectInitializationErrors(List) at line 523,
                     void ParentRunner.validateClassRules(List) at line 150,
                     void RuleMemberValidator.validate(TestClass,List) at line 184 }},
           {elem= Access: Read of rules.RuleMemberValidator.CLASS_RULE_METHOD_VALIDATOR-&gt;validatorStrategies Thread: NoThread Lock: false Pre: Unowned;
            loc= line 98;
            trace= { Result JUnitCore.runClasses(Class[]) at line 72,
                     Result JUnitCore.runClasses(Computer,Class[]) at line 53,
                     Result JUnitCore.run(Computer,Class[]) at line 66,
                     Request Request.classes(Computer,Class[]) at line 109,
                     Runner Computer.getSuite(RunnerBuilder,Class[]) at line 77,
                     Computer$2.&lt;init&gt;(Computer,RunnerBuilder,Class[]) at line 28,
                     Suite.&lt;init&gt;(RunnerBuilder,Class[]) at line 33,
                     Suite.&lt;init&gt;(Class,List) at line 81,
                     ParentRunner.&lt;init&gt;(Class) at line 112,
                     void ParentRunner.validate() at line 92,
                     void ParentRunner.collectInitializationErrors(List) at line 523,
                     void ParentRunner.validateClassRules(List) at line 150,
                     void RuleMemberValidator.validate(TestClass,List) at line 184,
                     void RuleMemberValidator.validateMember(FrameworkMember,List) at line 93 }},
           {elem= Access: Read of rules.RuleMemberValidator.CLASS_RULE_VALIDATOR-&gt;annotation Thread: NoThread Lock: false Pre: Unowned;
            loc= line 89;
            trace= { Result JUnitCore.runClasses(Class[]) at line 72,
                     Result JUnitCore.runClasses(Computer,Class[]) at line 53,
                     Result JUnitCore.run(Computer,Class[]) at line 66,
                     Request Request.classes(Computer,Class[]) at line 109,
                     Runner Computer.getSuite(RunnerBuilder,Class[]) at line 77,
                     Computer$2.&lt;init&gt;(Computer,RunnerBuilder,Class[]) at line 28,
                     Suite.&lt;init&gt;(RunnerBuilder,Class[]) at line 33,
                     Suite.&lt;init&gt;(Class,List) at line 81,
                     ParentRunner.&lt;init&gt;(Class) at line 112,
                     void ParentRunner.validate() at line 92,
                     void ParentRunner.collectInitializationErrors(List) at line 523,
                     void ParentRunner.validateClassRules(List) at line 150,
                     void RuleMemberValidator.validate(TestClass,List) at line 183 }},
           {elem= Access: Read of rules.RuleMemberValidator.CLASS_RULE_VALIDATOR-&gt;methods Thread: NoThread Lock: false Pre: Unowned;
            loc= line 89;
            trace= { Result JUnitCore.runClasses(Class[]) at line 72,
                     Result JUnitCore.runClasses(Computer,Class[]) at line 53,
                     Result JUnitCore.run(Computer,Class[]) at line 66,
                     Request Request.classes(Computer,Class[]) at line 109,
                     Runner Computer.getSuite(RunnerBuilder,Class[]) at line 77,
                     Computer$2.&lt;init&gt;(Computer,RunnerBuilder,Class[]) at line 28,
                     Suite.&lt;init&gt;(RunnerBuilder,Class[]) at line 33,
                     Suite.&lt;init&gt;(Class,List) at line 81,
                     ParentRunner.&lt;init&gt;(Class) at line 112,
                     void ParentRunner.validate() at line 92,
                     void ParentRunner.collectInitializationErrors(List) at line 523,
                     void ParentRunner.validateClassRules(List) at line 150,
                     void RuleMemberValidator.validate(TestClass,List) at line 183 }},
           {elem= Access: Read of rules.RuleMemberValidator.CLASS_RULE_VALIDATOR-&gt;validatorStrategies Thread: NoThread Lock: false Pre: Unowned;
            loc= line 98;
            trace= { Result JUnitCore.runClasses(Class[]) at line 72,
                     Result JUnitCore.runClasses(Computer,Class[]) at line 53,
                     Result JUnitCore.run(Computer,Class[]) at line 66,
                     Request Request.classes(Computer,Class[]) at line 109,
                     Runner Computer.getSuite(RunnerBuilder,Class[]) at line 77,
                     Computer$2.&lt;init&gt;(Computer,RunnerBuilder,Class[]) at line 28,
                     Suite.&lt;init&gt;(RunnerBuilder,Class[]) at line 33,
                     Suite.&lt;init&gt;(Class,List) at line 81,
                     ParentRunner.&lt;init&gt;(Class) at line 112,
                     void ParentRunner.validate() at line 92,
                     void ParentRunner.collectInitializationErrors(List) at line 523,
                     void ParentRunner.validateClassRules(List) at line 150,
                     void RuleMemberValidator.validate(TestClass,List) at line 183,
                     void RuleMemberValidator.validateMember(FrameworkMember,List) at line 93 }},
           {elem= Access: Write to core.CommandLineTest.fCount Thread: NoThread Lock: false Pre: Unowned;
            loc= line 71; trace= { }} } 
Ownership: { n$0 -&gt; Owned,
             n$4 -&gt; Owned,
             $irvar2 -&gt; Unowned,
             this -&gt; OwnedIf{ 0 },
             *n$0[_] -&gt; Owned } 
Attributes: { $irvar2 -&gt; Functional,
              core.CommandLineTest.fCount -&gt; Functional,
              *n$0[_] -&gt; Functional } 



INSTR=  n$7 := void Assert.assertEquals(long,long)({ 2, $irvar2 }) [line 73]; 

STATE:
Threads: NoThread, Locks: 0 
Accesses { {elem= Access: Read of model.TestClass.FIELD_COMPARATOR Thread: NoThread Lock: false Pre: Unowned;
            loc= line 78;
            trace= { Result JUnitCore.runClasses(Class[]) at line 72,
                     Result JUnitCore.runClasses(Computer,Class[]) at line 53,
                     Result JUnitCore.run(Computer,Class[]) at line 66,
                     Request Request.classes(Computer,Class[]) at line 109,
                     Runner Computer.getSuite(RunnerBuilder,Class[]) at line 77,
                     Computer$2.&lt;init&gt;(Computer,RunnerBuilder,Class[]) at line 28,
                     Suite.&lt;init&gt;(RunnerBuilder,Class[]) at line 33,
                     Suite.&lt;init&gt;(Class,List) at line 81,
                     ParentRunner.&lt;init&gt;(Class) at line 112,
                     TestClass ParentRunner.createTestClass(Class) at line 91,
                     TestClass.&lt;init&gt;(Class) at line 111,
                     void TestClass.scanAnnotatedMembers(Map,Map) at line 57,
                     Field[] TestClass.getSortedDeclaredFields(Class) at line 70 }},
           {elem= Access: Read of core.CommandLineTest.fCount Thread: NoThread Lock: false Pre: Unowned;
            loc= line 73; trace= { }},
           {elem= Access: Read of lang.Void.TYPE Thread: NoThread Lock: false Pre: Unowned;
            loc= line 107;
            trace= { Result JUnitCore.runClasses(Class[]) at line 72,
                     Result JUnitCore.runClasses(Computer,Class[]) at line 53,
                     Result JUnitCore.run(Computer,Class[]) at line 66,
                     Request Request.classes(Computer,Class[]) at line 109,
                     Runner Computer.getSuite(RunnerBuilder,Class[]) at line 77,
                     Computer$2.&lt;init&gt;(Computer,RunnerBuilder,Class[]) at line 28,
                     Suite.&lt;init&gt;(RunnerBuilder,Class[]) at line 33,
                     Suite.&lt;init&gt;(Class,List) at line 81,
                     ParentRunner.&lt;init&gt;(Class) at line 112,
                     void ParentRunner.validate() at line 92,
                     void ParentRunner.collectInitializationErrors(List) at line 523,
                     void ParentRunner.validatePublicVoidNoArgMethods(Class,boolean,List) at line 148,
                     void FrameworkMethod.validatePublicVoidNoArg(boolean,List) at line 178,
                     void FrameworkMethod.validatePublicVoid(boolean,List) at line 83 }},
           {elem= Access: Read of runners.ParentRunner.VALIDATORS Thread: NoThread Lock: false Pre: Unowned;
            loc= line 156;
            trace= { Result JUnitCore.runClasses(Class[]) at line 72,
                     Result JUnitCore.runClasses(Computer,Class[]) at line 53,
                     Result JUnitCore.run(Computer,Class[]) at line 66,
                     Request Request.classes(Computer,Class[]) at line 109,
                     Runner Computer.getSuite(RunnerBuilder,Class[]) at line 77,
                     Computer$2.&lt;init&gt;(Computer,RunnerBuilder,Class[]) at line 28,
                     Suite.&lt;init&gt;(RunnerBuilder,Class[]) at line 33,
                     Suite.&lt;init&gt;(Class,List) at line 81,
                     ParentRunner.&lt;init&gt;(Class) at line 112,
                     void ParentRunner.validate() at line 92,
                     void ParentRunner.collectInitializationErrors(List) at line 523,
                     void ParentRunner.applyValidators(List) at line 151 }},
           {elem= Access: Read of internal.MethodSorter.DEFAULT Thread: NoThread Lock: false Pre: Unowned;
            loc= line 67;
            trace= { Result JUnitCore.runClasses(Class[]) at line 72,
                     Result JUnitCore.runClasses(Computer,Class[]) at line 53,
                     Result JUnitCore.run(Computer,Class[]) at line 66,
                     Request Request.classes(Computer,Class[]) at line 109,
                     Runner Computer.getSuite(RunnerBuilder,Class[]) at line 77,
                     Computer$2.&lt;init&gt;(Computer,RunnerBuilder,Class[]) at line 28,
                     Suite.&lt;init&gt;(RunnerBuilder,Class[]) at line 33,
                     Suite.&lt;init&gt;(Class,List) at line 81,
                     ParentRunner.&lt;init&gt;(Class) at line 112,
                     TestClass ParentRunner.createTestClass(Class) at line 91,
                     TestClass.&lt;init&gt;(Class) at line 111,
                     void TestClass.scanAnnotatedMembers(Map,Map) at line 57,
                     Method[] MethodSorter.getDeclaredMethods(Class) at line 65,
                     Comparator MethodSorter.getSorter(FixMethodOrder) at line 52 }},
           {elem= Access: Read of rules.RuleMemberValidator.CLASS_RULE_METHOD_VALIDATOR Thread: NoThread Lock: false Pre: Unowned;
            loc= line 184;
            trace= { Result JUnitCore.runClasses(Class[]) at line 72,
                     Result JUnitCore.runClasses(Computer,Class[]) at line 53,
                     Result JUnitCore.run(Computer,Class[]) at line 66,
                     Request Request.classes(Computer,Class[]) at line 109,
                     Runner Computer.getSuite(RunnerBuilder,Class[]) at line 77,
                     Computer$2.&lt;init&gt;(Computer,RunnerBuilder,Class[]) at line 28,
                     Suite.&lt;init&gt;(RunnerBuilder,Class[]) at line 33,
                     Suite.&lt;init&gt;(Class,List) at line 81,
                     ParentRunner.&lt;init&gt;(Class) at line 112,
                     void ParentRunner.validate() at line 92,
                     void ParentRunner.collectInitializationErrors(List) at line 523,
                     void ParentRunner.validateClassRules(List) at line 150 }},
           {elem= Access: Read of rules.RuleMemberValidator.CLASS_RULE_VALIDATOR Thread: NoThread Lock: false Pre: Unowned;
            loc= line 183;
            trace= { Result JUnitCore.runClasses(Class[]) at line 72,
                     Result JUnitCore.runClasses(Computer,Class[]) at line 53,
                     Result JUnitCore.run(Computer,Class[]) at line 66,
                     Request Request.classes(Computer,Class[]) at line 109,
                     Runner Computer.getSuite(RunnerBuilder,Class[]) at line 77,
                     Computer$2.&lt;init&gt;(Computer,RunnerBuilder,Class[]) at line 28,
                     Suite.&lt;init&gt;(RunnerBuilder,Class[]) at line 33,
                     Suite.&lt;init&gt;(Class,List) at line 81,
                     ParentRunner.&lt;init&gt;(Class) at line 112,
                     void ParentRunner.validate() at line 92,
                     void ParentRunner.collectInitializationErrors(List) at line 523,
                     void ParentRunner.validateClassRules(List) at line 150 }},
           {elem= Access: Read of rules.RuleMemberValidator.CLASS_RULE_METHOD_VALIDATOR-&gt;annotation Thread: NoThread Lock: false Pre: Unowned;
            loc= line 89;
            trace= { Result JUnitCore.runClasses(Class[]) at line 72,
                     Result JUnitCore.runClasses(Computer,Class[]) at line 53,
                     Result JUnitCore.run(Computer,Class[]) at line 66,
                     Request Request.classes(Computer,Class[]) at line 109,
                     Runner Computer.getSuite(RunnerBuilder,Class[]) at line 77,
                     Computer$2.&lt;init&gt;(Computer,RunnerBuilder,Class[]) at line 28,
                     Suite.&lt;init&gt;(RunnerBuilder,Class[]) at line 33,
                     Suite.&lt;init&gt;(Class,List) at line 81,
                     ParentRunner.&lt;init&gt;(Class) at line 112,
                     void ParentRunner.validate() at line 92,
                     void ParentRunner.collectInitializationErrors(List) at line 523,
                     void ParentRunner.validateClassRules(List) at line 150,
                     void RuleMemberValidator.validate(TestClass,List) at line 184 }},
           {elem= Access: Read of rules.RuleMemberValidator.CLASS_RULE_METHOD_VALIDATOR-&gt;methods Thread: NoThread Lock: false Pre: Unowned;
            loc= line 89;
            trace= { Result JUnitCore.runClasses(Class[]) at line 72,
                     Result JUnitCore.runClasses(Computer,Class[]) at line 53,
                     Result JUnitCore.run(Computer,Class[]) at line 66,
                     Request Request.classes(Computer,Class[]) at line 109,
                     Runner Computer.getSuite(RunnerBuilder,Class[]) at line 77,
                     Computer$2.&lt;init&gt;(Computer,RunnerBuilder,Class[]) at line 28,
                     Suite.&lt;init&gt;(RunnerBuilder,Class[]) at line 33,
                     Suite.&lt;init&gt;(Class,List) at line 81,
                     ParentRunner.&lt;init&gt;(Class) at line 112,
                     void ParentRunner.validate() at line 92,
                     void ParentRunner.collectInitializationErrors(List) at line 523,
                     void ParentRunner.validateClassRules(List) at line 150,
                     void RuleMemberValidator.validate(TestClass,List) at line 184 }},
           {elem= Access: Read of rules.RuleMemberValidator.CLASS_RULE_METHOD_VALIDATOR-&gt;validatorStrategies Thread: NoThread Lock: false Pre: Unowned;
            loc= line 98;
            trace= { Result JUnitCore.runClasses(Class[]) at line 72,
                     Result JUnitCore.runClasses(Computer,Class[]) at line 53,
                     Result JUnitCore.run(Computer,Class[]) at line 66,
                     Request Request.classes(Computer,Class[]) at line 109,
                     Runner Computer.getSuite(RunnerBuilder,Class[]) at line 77,
                     Computer$2.&lt;init&gt;(Computer,RunnerBuilder,Class[]) at line 28,
                     Suite.&lt;init&gt;(RunnerBuilder,Class[]) at line 33,
                     Suite.&lt;init&gt;(Class,List) at line 81,
                     ParentRunner.&lt;init&gt;(Class) at line 112,
                     void ParentRunner.validate() at line 92,
                     void ParentRunner.collectInitializationErrors(List) at line 523,
                     void ParentRunner.validateClassRules(List) at line 150,
                     void RuleMemberValidator.validate(TestClass,List) at line 184,
                     void RuleMemberValidator.validateMember(FrameworkMember,List) at line 93 }},
           {elem= Access: Read of rules.RuleMemberValidator.CLASS_RULE_VALIDATOR-&gt;annotation Thread: NoThread Lock: false Pre: Unowned;
            loc= line 89;
            trace= { Result JUnitCore.runClasses(Class[]) at line 72,
                     Result JUnitCore.runClasses(Computer,Class[]) at line 53,
                     Result JUnitCore.run(Computer,Class[]) at line 66,
                     Request Request.classes(Computer,Class[]) at line 109,
                     Runner Computer.getSuite(RunnerBuilder,Class[]) at line 77,
                     Computer$2.&lt;init&gt;(Computer,RunnerBuilder,Class[]) at line 28,
                     Suite.&lt;init&gt;(RunnerBuilder,Class[]) at line 33,
                     Suite.&lt;init&gt;(Class,List) at line 81,
                     ParentRunner.&lt;init&gt;(Class) at line 112,
                     void ParentRunner.validate() at line 92,
                     void ParentRunner.collectInitializationErrors(List) at line 523,
                     void ParentRunner.validateClassRules(List) at line 150,
                     void RuleMemberValidator.validate(TestClass,List) at line 183 }},
           {elem= Access: Read of rules.RuleMemberValidator.CLASS_RULE_VALIDATOR-&gt;methods Thread: NoThread Lock: false Pre: Unowned;
            loc= line 89;
            trace= { Result JUnitCore.runClasses(Class[]) at line 72,
                     Result JUnitCore.runClasses(Computer,Class[]) at line 53,
                     Result JUnitCore.run(Computer,Class[]) at line 66,
                     Request Request.classes(Computer,Class[]) at line 109,
                     Runner Computer.getSuite(RunnerBuilder,Class[]) at line 77,
                     Computer$2.&lt;init&gt;(Computer,RunnerBuilder,Class[]) at line 28,
                     Suite.&lt;init&gt;(RunnerBuilder,Class[]) at line 33,
                     Suite.&lt;init&gt;(Class,List) at line 81,
                     ParentRunner.&lt;init&gt;(Class) at line 112,
                     void ParentRunner.validate() at line 92,
                     void ParentRunner.collectInitializationErrors(List) at line 523,
                     void ParentRunner.validateClassRules(List) at line 150,
                     void RuleMemberValidator.validate(TestClass,List) at line 183 }},
           {elem= Access: Read of rules.RuleMemberValidator.CLASS_RULE_VALIDATOR-&gt;validatorStrategies Thread: NoThread Lock: false Pre: Unowned;
            loc= line 98;
            trace= { Result JUnitCore.runClasses(Class[]) at line 72,
                     Result JUnitCore.runClasses(Computer,Class[]) at line 53,
                     Result JUnitCore.run(Computer,Class[]) at line 66,
                     Request Request.classes(Computer,Class[]) at line 109,
                     Runner Computer.getSuite(RunnerBuilder,Class[]) at line 77,
                     Computer$2.&lt;init&gt;(Computer,RunnerBuilder,Class[]) at line 28,
                     Suite.&lt;init&gt;(RunnerBuilder,Class[]) at line 33,
                     Suite.&lt;init&gt;(Class,List) at line 81,
                     ParentRunner.&lt;init&gt;(Class) at line 112,
                     void ParentRunner.validate() at line 92,
                     void ParentRunner.collectInitializationErrors(List) at line 523,
                     void ParentRunner.validateClassRules(List) at line 150,
                     void RuleMemberValidator.validate(TestClass,List) at line 183,
                     void RuleMemberValidator.validateMember(FrameworkMember,List) at line 93 }},
           {elem= Access: Write to core.CommandLineTest.fCount Thread: NoThread Lock: false Pre: Unowned;
            loc= line 71; trace= { }} } 
Ownership: { n$0 -&gt; Owned,
             n$4 -&gt; Owned,
             n$7 -&gt; Unowned,
             $irvar2 -&gt; Unowned,
             this -&gt; OwnedIf{ 0 },
             *n$0[_] -&gt; Owned } 
Attributes: { $irvar2 -&gt; Functional,
              core.CommandLineTest.fCount -&gt; Functional,
              *n$0[_] -&gt; Functional } 


INSTR=  NULLIFY(&amp;$irvar2); [line 73]; 

STATE UNCHANGED

INSTR=  EXIT_SCOPE(n$7,$irvar2); [line 73]; 

STATE:
Threads: NoThread, Locks: 0 
Accesses { {elem= Access: Read of model.TestClass.FIELD_COMPARATOR Thread: NoThread Lock: false Pre: Unowned;
            loc= line 78;
            trace= { Result JUnitCore.runClasses(Class[]) at line 72,
                     Result JUnitCore.runClasses(Computer,Class[]) at line 53,
                     Result JUnitCore.run(Computer,Class[]) at line 66,
                     Request Request.classes(Computer,Class[]) at line 109,
                     Runner Computer.getSuite(RunnerBuilder,Class[]) at line 77,
                     Computer$2.&lt;init&gt;(Computer,RunnerBuilder,Class[]) at line 28,
                     Suite.&lt;init&gt;(RunnerBuilder,Class[]) at line 33,
                     Suite.&lt;init&gt;(Class,List) at line 81,
                     ParentRunner.&lt;init&gt;(Class) at line 112,
                     TestClass ParentRunner.createTestClass(Class) at line 91,
                     TestClass.&lt;init&gt;(Class) at line 111,
                     void TestClass.scanAnnotatedMembers(Map,Map) at line 57,
                     Field[] TestClass.getSortedDeclaredFields(Class) at line 70 }},
           {elem= Access: Read of core.CommandLineTest.fCount Thread: NoThread Lock: false Pre: Unowned;
            loc= line 73; trace= { }},
           {elem= Access: Read of lang.Void.TYPE Thread: NoThread Lock: false Pre: Unowned;
            loc= line 107;
            trace= { Result JUnitCore.runClasses(Class[]) at line 72,
                     Result JUnitCore.runClasses(Computer,Class[]) at line 53,
                     Result JUnitCore.run(Computer,Class[]) at line 66,
                     Request Request.classes(Computer,Class[]) at line 109,
                     Runner Computer.getSuite(RunnerBuilder,Class[]) at line 77,
                     Computer$2.&lt;init&gt;(Computer,RunnerBuilder,Class[]) at line 28,
                     Suite.&lt;init&gt;(RunnerBuilder,Class[]) at line 33,
                     Suite.&lt;init&gt;(Class,List) at line 81,
                     ParentRunner.&lt;init&gt;(Class) at line 112,
                     void ParentRunner.validate() at line 92,
                     void ParentRunner.collectInitializationErrors(List) at line 523,
                     void ParentRunner.validatePublicVoidNoArgMethods(Class,boolean,List) at line 148,
                     void FrameworkMethod.validatePublicVoidNoArg(boolean,List) at line 178,
                     void FrameworkMethod.validatePublicVoid(boolean,List) at line 83 }},
           {elem= Access: Read of runners.ParentRunner.VALIDATORS Thread: NoThread Lock: false Pre: Unowned;
            loc= line 156;
            trace= { Result JUnitCore.runClasses(Class[]) at line 72,
                     Result JUnitCore.runClasses(Computer,Class[]) at line 53,
                     Result JUnitCore.run(Computer,Class[]) at line 66,
                     Request Request.classes(Computer,Class[]) at line 109,
                     Runner Computer.getSuite(RunnerBuilder,Class[]) at line 77,
                     Computer$2.&lt;init&gt;(Computer,RunnerBuilder,Class[]) at line 28,
                     Suite.&lt;init&gt;(RunnerBuilder,Class[]) at line 33,
                     Suite.&lt;init&gt;(Class,List) at line 81,
                     ParentRunner.&lt;init&gt;(Class) at line 112,
                     void ParentRunner.validate() at line 92,
                     void ParentRunner.collectInitializationErrors(List) at line 523,
                     void ParentRunner.applyValidators(List) at line 151 }},
           {elem= Access: Read of internal.MethodSorter.DEFAULT Thread: NoThread Lock: false Pre: Unowned;
            loc= line 67;
            trace= { Result JUnitCore.runClasses(Class[]) at line 72,
                     Result JUnitCore.runClasses(Computer,Class[]) at line 53,
                     Result JUnitCore.run(Computer,Class[]) at line 66,
                     Request Request.classes(Computer,Class[]) at line 109,
                     Runner Computer.getSuite(RunnerBuilder,Class[]) at line 77,
                     Computer$2.&lt;init&gt;(Computer,RunnerBuilder,Class[]) at line 28,
                     Suite.&lt;init&gt;(RunnerBuilder,Class[]) at line 33,
                     Suite.&lt;init&gt;(Class,List) at line 81,
                     ParentRunner.&lt;init&gt;(Class) at line 112,
                     TestClass ParentRunner.createTestClass(Class) at line 91,
                     TestClass.&lt;init&gt;(Class) at line 111,
                     void TestClass.scanAnnotatedMembers(Map,Map) at line 57,
                     Method[] MethodSorter.getDeclaredMethods(Class) at line 65,
                     Comparator MethodSorter.getSorter(FixMethodOrder) at line 52 }},
           {elem= Access: Read of rules.RuleMemberValidator.CLASS_RULE_METHOD_VALIDATOR Thread: NoThread Lock: false Pre: Unowned;
            loc= line 184;
            trace= { Result JUnitCore.runClasses(Class[]) at line 72,
                     Result JUnitCore.runClasses(Computer,Class[]) at line 53,
                     Result JUnitCore.run(Computer,Class[]) at line 66,
                     Request Request.classes(Computer,Class[]) at line 109,
                     Runner Computer.getSuite(RunnerBuilder,Class[]) at line 77,
                     Computer$2.&lt;init&gt;(Computer,RunnerBuilder,Class[]) at line 28,
                     Suite.&lt;init&gt;(RunnerBuilder,Class[]) at line 33,
                     Suite.&lt;init&gt;(Class,List) at line 81,
                     ParentRunner.&lt;init&gt;(Class) at line 112,
                     void ParentRunner.validate() at line 92,
                     void ParentRunner.collectInitializationErrors(List) at line 523,
                     void ParentRunner.validateClassRules(List) at line 150 }},
           {elem= Access: Read of rules.RuleMemberValidator.CLASS_RULE_VALIDATOR Thread: NoThread Lock: false Pre: Unowned;
            loc= line 183;
            trace= { Result JUnitCore.runClasses(Class[]) at line 72,
                     Result JUnitCore.runClasses(Computer,Class[]) at line 53,
                     Result JUnitCore.run(Computer,Class[]) at line 66,
                     Request Request.classes(Computer,Class[]) at line 109,
                     Runner Computer.getSuite(RunnerBuilder,Class[]) at line 77,
                     Computer$2.&lt;init&gt;(Computer,RunnerBuilder,Class[]) at line 28,
                     Suite.&lt;init&gt;(RunnerBuilder,Class[]) at line 33,
                     Suite.&lt;init&gt;(Class,List) at line 81,
                     ParentRunner.&lt;init&gt;(Class) at line 112,
                     void ParentRunner.validate() at line 92,
                     void ParentRunner.collectInitializationErrors(List) at line 523,
                     void ParentRunner.validateClassRules(List) at line 150 }},
           {elem= Access: Read of rules.RuleMemberValidator.CLASS_RULE_METHOD_VALIDATOR-&gt;annotation Thread: NoThread Lock: false Pre: Unowned;
            loc= line 89;
            trace= { Result JUnitCore.runClasses(Class[]) at line 72,
                     Result JUnitCore.runClasses(Computer,Class[]) at line 53,
                     Result JUnitCore.run(Computer,Class[]) at line 66,
                     Request Request.classes(Computer,Class[]) at line 109,
                     Runner Computer.getSuite(RunnerBuilder,Class[]) at line 77,
                     Computer$2.&lt;init&gt;(Computer,RunnerBuilder,Class[]) at line 28,
                     Suite.&lt;init&gt;(RunnerBuilder,Class[]) at line 33,
                     Suite.&lt;init&gt;(Class,List) at line 81,
                     ParentRunner.&lt;init&gt;(Class) at line 112,
                     void ParentRunner.validate() at line 92,
                     void ParentRunner.collectInitializationErrors(List) at line 523,
                     void ParentRunner.validateClassRules(List) at line 150,
                     void RuleMemberValidator.validate(TestClass,List) at line 184 }},
           {elem= Access: Read of rules.RuleMemberValidator.CLASS_RULE_METHOD_VALIDATOR-&gt;methods Thread: NoThread Lock: false Pre: Unowned;
            loc= line 89;
            trace= { Result JUnitCore.runClasses(Class[]) at line 72,
                     Result JUnitCore.runClasses(Computer,Class[]) at line 53,
                     Result JUnitCore.run(Computer,Class[]) at line 66,
                     Request Request.classes(Computer,Class[]) at line 109,
                     Runner Computer.getSuite(RunnerBuilder,Class[]) at line 77,
                     Computer$2.&lt;init&gt;(Computer,RunnerBuilder,Class[]) at line 28,
                     Suite.&lt;init&gt;(RunnerBuilder,Class[]) at line 33,
                     Suite.&lt;init&gt;(Class,List) at line 81,
                     ParentRunner.&lt;init&gt;(Class) at line 112,
                     void ParentRunner.validate() at line 92,
                     void ParentRunner.collectInitializationErrors(List) at line 523,
                     void ParentRunner.validateClassRules(List) at line 150,
                     void RuleMemberValidator.validate(TestClass,List) at line 184 }},
           {elem= Access: Read of rules.RuleMemberValidator.CLASS_RULE_METHOD_VALIDATOR-&gt;validatorStrategies Thread: NoThread Lock: false Pre: Unowned;
            loc= line 98;
            trace= { Result JUnitCore.runClasses(Class[]) at line 72,
                     Result JUnitCore.runClasses(Computer,Class[]) at line 53,
                     Result JUnitCore.run(Computer,Class[]) at line 66,
                     Request Request.classes(Computer,Class[]) at line 109,
                     Runner Computer.getSuite(RunnerBuilder,Class[]) at line 77,
                     Computer$2.&lt;init&gt;(Computer,RunnerBuilder,Class[]) at line 28,
                     Suite.&lt;init&gt;(RunnerBuilder,Class[]) at line 33,
                     Suite.&lt;init&gt;(Class,List) at line 81,
                     ParentRunner.&lt;init&gt;(Class) at line 112,
                     void ParentRunner.validate() at line 92,
                     void ParentRunner.collectInitializationErrors(List) at line 523,
                     void ParentRunner.validateClassRules(List) at line 150,
                     void RuleMemberValidator.validate(TestClass,List) at line 184,
                     void RuleMemberValidator.validateMember(FrameworkMember,List) at line 93 }},
           {elem= Access: Read of rules.RuleMemberValidator.CLASS_RULE_VALIDATOR-&gt;annotation Thread: NoThread Lock: false Pre: Unowned;
            loc= line 89;
            trace= { Result JUnitCore.runClasses(Class[]) at line 72,
                     Result JUnitCore.runClasses(Computer,Class[]) at line 53,
                     Result JUnitCore.run(Computer,Class[]) at line 66,
                     Request Request.classes(Computer,Class[]) at line 109,
                     Runner Computer.getSuite(RunnerBuilder,Class[]) at line 77,
                     Computer$2.&lt;init&gt;(Computer,RunnerBuilder,Class[]) at line 28,
                     Suite.&lt;init&gt;(RunnerBuilder,Class[]) at line 33,
                     Suite.&lt;init&gt;(Class,List) at line 81,
                     ParentRunner.&lt;init&gt;(Class) at line 112,
                     void ParentRunner.validate() at line 92,
                     void ParentRunner.collectInitializationErrors(List) at line 523,
                     void ParentRunner.validateClassRules(List) at line 150,
                     void RuleMemberValidator.validate(TestClass,List) at line 183 }},
           {elem= Access: Read of rules.RuleMemberValidator.CLASS_RULE_VALIDATOR-&gt;methods Thread: NoThread Lock: false Pre: Unowned;
            loc= line 89;
            trace= { Result JUnitCore.runClasses(Class[]) at line 72,
                     Result JUnitCore.runClasses(Computer,Class[]) at line 53,
                     Result JUnitCore.run(Computer,Class[]) at line 66,
                     Request Request.classes(Computer,Class[]) at line 109,
                     Runner Computer.getSuite(RunnerBuilder,Class[]) at line 77,
                     Computer$2.&lt;init&gt;(Computer,RunnerBuilder,Class[]) at line 28,
                     Suite.&lt;init&gt;(RunnerBuilder,Class[]) at line 33,
                     Suite.&lt;init&gt;(Class,List) at line 81,
                     ParentRunner.&lt;init&gt;(Class) at line 112,
                     void ParentRunner.validate() at line 92,
                     void ParentRunner.collectInitializationErrors(List) at line 523,
                     void ParentRunner.validateClassRules(List) at line 150,
                     void RuleMemberValidator.validate(TestClass,List) at line 183 }},
           {elem= Access: Read of rules.RuleMemberValidator.CLASS_RULE_VALIDATOR-&gt;validatorStrategies Thread: NoThread Lock: false Pre: Unowned;
            loc= line 98;
            trace= { Result JUnitCore.runClasses(Class[]) at line 72,
                     Result JUnitCore.runClasses(Computer,Class[]) at line 53,
                     Result JUnitCore.run(Computer,Class[]) at line 66,
                     Request Request.classes(Computer,Class[]) at line 109,
                     Runner Computer.getSuite(RunnerBuilder,Class[]) at line 77,
                     Computer$2.&lt;init&gt;(Computer,RunnerBuilder,Class[]) at line 28,
                     Suite.&lt;init&gt;(RunnerBuilder,Class[]) at line 33,
                     Suite.&lt;init&gt;(Class,List) at line 81,
                     ParentRunner.&lt;init&gt;(Class) at line 112,
                     void ParentRunner.validate() at line 92,
                     void ParentRunner.collectInitializationErrors(List) at line 523,
                     void ParentRunner.validateClassRules(List) at line 150,
                     void RuleMemberValidator.validate(TestClass,List) at line 183,
                     void RuleMemberValidator.validateMember(FrameworkMember,List) at line 93 }},
           {elem= Access: Write to core.CommandLineTest.fCount Thread: NoThread Lock: false Pre: Unowned;
            loc= line 71; trace= { }} } 
Ownership: { n$0 -&gt; Owned,
             n$4 -&gt; Owned,
             n$7 -&gt; Unowned,
             $irvar2 -&gt; Unowned,
             this -&gt; OwnedIf{ 0 },
             *n$0[_] -&gt; Owned } 
Attributes: { $irvar2 -&gt; Functional,
              core.CommandLineTest.fCount -&gt; Functional,
              *n$0[_] -&gt; Functional } 


</LISTING>
<hr width="100%">
<a name="session46" href="./../nodes/org.junit.tests.running.core.CommandLineTest.runTwoClasses%28%29%3Avoid.127ddc4d0a3cc390e4c16bb778bd857a_node10.html#session46">node10#session46</a>(<a href="./../../CommandLineTest.java.1aa155749ae15e779e15e06939bd8008.html#LINE73">73</a>) biabduction
<LISTING class='color_black'>**** [FP:Pending] void CommandLineTest.runTwoClasses() Node: 10, Procedure: void CommandLineTest.runTwoClasses(), Todo: 1 ****
  PROP 1 of 1:
  <span class='color_blue'><span class='color_red'>MEMna &lt; new[]:72 &gt; <span class='color_orange'>{vpath: }</span>(_t$1)</span>; <span class='color_red'>UND &lt; Result JUnitCore.runClasses(Computer,Class[]) &gt; :53(_t$2)</span> ;
  <span class='color_red'>#GB<>$org.junit.tests.running.core.CommandLineTest = {fCount:0<span class='color_orange'>update:71</span>}<span class='color_orange'>rearrange:71</span>:org.junit.tests.running.core.CommandLineTest( sub )</span>; <span class='color_red'>$irvar0 = 0<span class='color_orange'>nullify</span>:void</span>; <span class='color_red'>return = _t$0<span class='color_orange'>initial</span>:void</span>; <span class='color_red'>$irvar1 = 0<span class='color_orange'>nullify</span>:void</span>; <span class='color_red'>$irvar2 = 0<span class='color_orange'>update:73</span>:void</span>; <span class='color_red'>this = @f$0<span class='color_orange'>formal</span>:org.junit.tests.running.core.CommandLineTest*( sub )</span>; <span class='color_red'>old_this = @f$0<span class='color_orange'>formal</span>:org.junit.tests.running.core.CommandLineTest*( sub )</span>
  [footprint
     <span class='color_red'>#GB<>$org.junit.tests.running.core.CommandLineTest = {fCount:@f$1<span class='color_orange'>rearrange:71</span>}<span class='color_orange'>rearrange:71</span>:org.junit.tests.running.core.CommandLineTest( sub )</span>; <span class='color_red'>this = @f$0<span class='color_orange'>formal</span>:org.junit.tests.running.core.CommandLineTest*( sub )</span>  ]</span>
  .... Instructions: ....
  <span class='color_green'>n$6=*&amp;$irvar2:long [line 73];
  n$7=_fun_void Assert.assertEquals(long,long)(2:long,n$6:long) [line 73];
  NULLIFY(&amp;$irvar2); [line 73];
  EXIT_SCOPE(n$6,n$7,$irvar2); [line 73];
  </span>
  
  Processing prop 1/1
    Instruction <span class='color_green'>n$6=*&amp;$irvar2:long [line 73]</span>
    in vpath_find exp:n$45
    vpath_find: cannot find n$45
    .... Rearrangement Start ....
    Exp: &amp;$irvar2
    Prop:
    <span class='color_blue'>MEMna &lt; new[]:72 &gt; <span class='color_orange'>{vpath: }</span>(n$45); UND &lt; Result JUnitCore.runClasses(Computer,Class[]) &gt; :53(n$46) ;
    #GB<>$org.junit.tests.running.core.CommandLineTest = {fCount:0<span class='color_orange'>update:71</span>}<span class='color_orange'>rearrange:71</span>:org.junit.tests.running.core.CommandLineTest( sub ); $irvar0 = 0<span class='color_orange'>nullify</span>:void; return = n$44<span class='color_orange'>initial</span>:void; $irvar1 = 0<span class='color_orange'>nullify</span>:void; $irvar2 = 0<span class='color_orange'>update:73</span>:void; this = @f$0<span class='color_orange'>formal</span>:org.junit.tests.running.core.CommandLineTest*( sub ); old_this = @f$0<span class='color_orange'>formal</span>:org.junit.tests.running.core.CommandLineTest*( sub )
    [footprint
       #GB<>$org.junit.tests.running.core.CommandLineTest = {fCount:@f$1<span class='color_orange'>rearrange:71</span>}<span class='color_orange'>rearrange:71</span>:org.junit.tests.running.core.CommandLineTest( sub ); this = @f$0<span class='color_orange'>formal</span>:org.junit.tests.running.core.CommandLineTest*( sub )  ]</span>
    
    in prop_iter_extend_ptsto lexp: &amp;$irvar2
    prop before:
    <span class='color_blue'>MEMna &lt; new[]:72 &gt; <span class='color_orange'>{vpath: }</span>(n$45); UND &lt; Result JUnitCore.runClasses(Computer,Class[]) &gt; :53(n$46) ;
    #GB<>$org.junit.tests.running.core.CommandLineTest = {fCount:0<span class='color_orange'>update:71</span>}<span class='color_orange'>rearrange:71</span>:org.junit.tests.running.core.CommandLineTest( sub ); $irvar0 = 0<span class='color_orange'>nullify</span>:void; return = n$44<span class='color_orange'>initial</span>:void; $irvar1 = 0<span class='color_orange'>nullify</span>:void; $irvar2 = 0<span class='color_orange'>update:73</span>:void; this = @f$0<span class='color_orange'>formal</span>:org.junit.tests.running.core.CommandLineTest*( sub ); old_this = @f$0<span class='color_orange'>formal</span>:org.junit.tests.running.core.CommandLineTest*( sub )
    [footprint
       #GB<>$org.junit.tests.running.core.CommandLineTest = {fCount:@f$1<span class='color_orange'>rearrange:71</span>}<span class='color_orange'>rearrange:71</span>:org.junit.tests.running.core.CommandLineTest( sub ); this = @f$0<span class='color_orange'>formal</span>:org.junit.tests.running.core.CommandLineTest*( sub )  ]</span>
    
    
    prop list after:
    PROP 1 of 1:
    <span class='color_blue'><span class='color_blue'>MEMna &lt; new[]:72 &gt; <span class='color_orange'>{vpath: }</span>(n$45)</span>; <span class='color_blue'>UND &lt; Result JUnitCore.runClasses(Computer,Class[]) &gt; :53(n$46)</span> ;
    <span class='color_blue'>#GB<>$org.junit.tests.running.core.CommandLineTest = {fCount:0<span class='color_orange'>update:71</span>}<span class='color_orange'>rearrange:71</span>:org.junit.tests.running.core.CommandLineTest( sub )</span>; <span class='color_blue'>$irvar0 = 0<span class='color_orange'>nullify</span>:void</span>; <span class='color_blue'>return = n$44<span class='color_orange'>initial</span>:void</span>; <span class='color_blue'>$irvar1 = 0<span class='color_orange'>nullify</span>:void</span>; <span class='color_blue'>$irvar2 = 0<span class='color_orange'>update:73</span>:void</span>; <span class='color_blue'>this = @f$0<span class='color_orange'>formal</span>:org.junit.tests.running.core.CommandLineTest*( sub )</span>; <span class='color_blue'>old_this = @f$0<span class='color_orange'>formal</span>:org.junit.tests.running.core.CommandLineTest*( sub )</span>
    [footprint
       <span class='color_blue'>#GB<>$org.junit.tests.running.core.CommandLineTest = {fCount:@f$1<span class='color_orange'>rearrange:71</span>}<span class='color_orange'>rearrange:71</span>:org.junit.tests.running.core.CommandLineTest( sub )</span>; <span class='color_blue'>this = @f$0<span class='color_orange'>formal</span>:org.junit.tests.running.core.CommandLineTest*( sub )</span>  ]</span>
    
    
    
    Instruction Returns
    PROP 1 of 1:
    <span class='color_blue'><span class='color_red'>n$6 = 0</span> ;
    <span class='color_blue'>MEMna &lt; new[]:72 &gt; <span class='color_orange'>{vpath: }</span>(_t$1)</span>; <span class='color_blue'>UND &lt; Result JUnitCore.runClasses(Computer,Class[]) &gt; :53(_t$2)</span> ;
    <span class='color_blue'>#GB<>$org.junit.tests.running.core.CommandLineTest = {fCount:0<span class='color_orange'>update:71</span>}<span class='color_orange'>rearrange:71</span>:org.junit.tests.running.core.CommandLineTest( sub )</span>; <span class='color_blue'>$irvar0 = 0<span class='color_orange'>nullify</span>:void</span>; <span class='color_blue'>return = _t$0<span class='color_orange'>initial</span>:void</span>; <span class='color_blue'>$irvar1 = 0<span class='color_orange'>nullify</span>:void</span>; <span class='color_blue'>$irvar2 = 0<span class='color_orange'>update:73</span>:void</span>; <span class='color_blue'>this = @f$0<span class='color_orange'>formal</span>:org.junit.tests.running.core.CommandLineTest*( sub )</span>; <span class='color_blue'>old_this = @f$0<span class='color_orange'>formal</span>:org.junit.tests.running.core.CommandLineTest*( sub )</span>
    [footprint
       <span class='color_blue'>#GB<>$org.junit.tests.running.core.CommandLineTest = {fCount:@f$1<span class='color_orange'>rearrange:71</span>}<span class='color_orange'>rearrange:71</span>:org.junit.tests.running.core.CommandLineTest( sub )</span>; <span class='color_blue'>this = @f$0<span class='color_orange'>formal</span>:org.junit.tests.running.core.CommandLineTest*( sub )</span>  ]</span>
    
    Instruction <span class='color_green'>n$7=_fun_void Assert.assertEquals(long,long)(2:long,n$6:long) [line 73]</span>
    in vpath_find exp:n$48
    vpath_find: cannot find n$48
    Found 2 specs for function org.junit.Assert.assertEquals(long,long):void
    START EXECUTING SPECS FOR org.junit.Assert.assertEquals(long,long):void from state
    <span class='color_blue'>n$6 = 0 ;
    MEMna &lt; new[]:72 &gt; <span class='color_orange'>{vpath: }</span>(n$48); UND &lt; Result JUnitCore.runClasses(Computer,Class[]) &gt; :53(n$49) ;
    #GB<>$org.junit.tests.running.core.CommandLineTest = {fCount:0<span class='color_orange'>update:71</span>}<span class='color_orange'>rearrange:71</span>:org.junit.tests.running.core.CommandLineTest( sub ); $irvar0 = 0<span class='color_orange'>nullify</span>:void; return = n$47<span class='color_orange'>initial</span>:void; $irvar1 = 0<span class='color_orange'>nullify</span>:void; $irvar2 = 0<span class='color_orange'>update:73</span>:void; this = @f$0<span class='color_orange'>formal</span>:org.junit.tests.running.core.CommandLineTest*( sub ); old_this = @f$0<span class='color_orange'>formal</span>:org.junit.tests.running.core.CommandLineTest*( sub )
    [footprint
       #GB<>$org.junit.tests.running.core.CommandLineTest = {fCount:@f$1<span class='color_orange'>rearrange:71</span>}<span class='color_orange'>rearrange:71</span>:org.junit.tests.running.core.CommandLineTest( sub ); this = @f$0<span class='color_orange'>formal</span>:org.junit.tests.running.core.CommandLineTest*( sub )  ]</span>
    EXECUTING SPEC 1/2
    ACTUAL PRECONDITION =
      <span class='color_blue'>n$6 = 0 ;
      MEMna &lt; new[]:72 &gt; <span class='color_orange'>{vpath: }</span>(n$48); UND &lt; Result JUnitCore.runClasses(Computer,Class[]) &gt; :53(n$49) ;
      actual|callee = 0<span class='color_orange'>actual_precondition</span>:long; #GB<>$org.junit.tests.running.core.CommandLineTest = {fCount:0<span class='color_orange'>update:71</span>}<span class='color_orange'>rearrange:71</span>:org.junit.tests.running.core.CommandLineTest( sub ); $irvar0 = 0<span class='color_orange'>nullify</span>:void; return = n$47<span class='color_orange'>initial</span>:void; $irvar1 = 0<span class='color_orange'>nullify</span>:void; $irvar2 = 0<span class='color_orange'>update:73</span>:void; this = @f$0<span class='color_orange'>formal</span>:org.junit.tests.running.core.CommandLineTest*( sub ); old_this = @f$0<span class='color_orange'>formal</span>:org.junit.tests.running.core.CommandLineTest*( sub ); expected|callee = 2<span class='color_orange'>actual_precondition</span>:long
      [footprint
         #GB<>$org.junit.tests.running.core.CommandLineTest = {fCount:@f$1<span class='color_orange'>rearrange:71</span>}<span class='color_orange'>rearrange:71</span>:org.junit.tests.running.core.CommandLineTest( sub ); this = @f$0<span class='color_orange'>formal</span>:org.junit.tests.running.core.CommandLineTest*( sub )  ]</span>
    SPEC =
      --------------------------- ---------- ---------------------------
      PRE:
      <span class='color_blue'><span class='color_blue'>actual|callee = _t$66<span class='color_orange'>formal</span>:long( sub ); expected|callee = _t$66<span class='color_orange'>formal</span>:long( sub )</span></span>
      POST 1 of 1:
      <span class='color_blue'><span class='color_red'>return|callee = _t$67<span class='color_orange'>initial</span>:void</span></span>
      ----------------------------------------------------------------
    pre_check_pure_implication
    pi1:
      n$6 = 0; MEMna &lt; new[]:72 &gt; <span class='color_orange'>{vpath: }</span>(n$48); UND &lt; Result JUnitCore.runClasses(Computer,Class[]) &gt; :53(n$49)
    pi2:
      
    returns
    sub1:
      n$6 = 0
    sub2:
      n$6 = 0
    Current Implication
    SUB:
      n$6 = 0
    <span class='color_blue'>MEMna &lt; new[]:72 &gt; <span class='color_orange'>{vpath: }</span>(n$48); UND &lt; Result JUnitCore.runClasses(Computer,Class[]) &gt; :53(n$49); 0 = 0 ;
    actual|callee = 0<span class='color_orange'>actual_precondition</span>:long; #GB<>$org.junit.tests.running.core.CommandLineTest = {fCount:0<span class='color_orange'>update:71</span>}<span class='color_orange'>rearrange:71</span>:org.junit.tests.running.core.CommandLineTest( sub ); $irvar0 = 0<span class='color_orange'>nullify</span>:void; return = n$47<span class='color_orange'>initial</span>:void; $irvar1 = 0<span class='color_orange'>nullify</span>:void; $irvar2 = 0<span class='color_orange'>update:73</span>:void; this = @f$0<span class='color_orange'>formal</span>:org.junit.tests.running.core.CommandLineTest*( sub ); old_this = @f$0<span class='color_orange'>formal</span>:org.junit.tests.running.core.CommandLineTest*( sub ); expected|callee = 2<span class='color_orange'>actual_precondition</span>:long
    [footprint
       #GB<>$org.junit.tests.running.core.CommandLineTest = {fCount:@f$1<span class='color_orange'>rearrange:71</span>}<span class='color_orange'>rearrange:71</span>:org.junit.tests.running.core.CommandLineTest( sub ); this = @f$0<span class='color_orange'>formal</span>:org.junit.tests.running.core.CommandLineTest*( sub )  ]</span>
    [SUB: 
      n$6 = 0]
    |-
    <span class='color_blue'>actual|callee = _t$66<span class='color_orange'>formal</span>:long( sub ); expected|callee = _t$66<span class='color_orange'>formal</span>:long( sub )</span>
    
      do_imply 0 _t$66
        Current Implication
        SUB:
          n$6 = 0
        <span class='color_blue'>MEMna &lt; new[]:72 &gt; <span class='color_orange'>{vpath: }</span>(n$48); UND &lt; Result JUnitCore.runClasses(Computer,Class[]) &gt; :53(n$49); 0 = 0 ;
        #GB<>$org.junit.tests.running.core.CommandLineTest = {fCount:0<span class='color_orange'>update:71</span>}<span class='color_orange'>rearrange:71</span>:org.junit.tests.running.core.CommandLineTest( sub ); $irvar0 = 0<span class='color_orange'>nullify</span>:void; return = n$47<span class='color_orange'>initial</span>:void; $irvar1 = 0<span class='color_orange'>nullify</span>:void; $irvar2 = 0<span class='color_orange'>update:73</span>:void; this = @f$0<span class='color_orange'>formal</span>:org.junit.tests.running.core.CommandLineTest*( sub ); old_this = @f$0<span class='color_orange'>formal</span>:org.junit.tests.running.core.CommandLineTest*( sub ); expected|callee = 2<span class='color_orange'>actual_precondition</span>:long
        [footprint
           #GB<>$org.junit.tests.running.core.CommandLineTest = {fCount:@f$1<span class='color_orange'>rearrange:71</span>}<span class='color_orange'>rearrange:71</span>:org.junit.tests.running.core.CommandLineTest( sub ); this = @f$0<span class='color_orange'>formal</span>:org.junit.tests.running.core.CommandLineTest*( sub )  ]</span>
        [SUB: 
          n$6 = 0; _t$66 = 0]
        |-
        <span class='color_blue'>expected|callee = 0<span class='color_orange'>formal</span>:long( sub )</span>
        
          do_imply 2 0
          WARNING: footprint failed to find MISSING because: constants not equal
    EXECUTING SPEC 2/2
    ACTUAL PRECONDITION =
      <span class='color_blue'>n$6 = 0 ;
      MEMna &lt; new[]:72 &gt; <span class='color_orange'>{vpath: }</span>(n$48); UND &lt; Result JUnitCore.runClasses(Computer,Class[]) &gt; :53(n$49) ;
      actual|callee = 0<span class='color_orange'>actual_precondition</span>:long; #GB<>$org.junit.tests.running.core.CommandLineTest = {fCount:0<span class='color_orange'>update:71</span>}<span class='color_orange'>rearrange:71</span>:org.junit.tests.running.core.CommandLineTest( sub ); $irvar0 = 0<span class='color_orange'>nullify</span>:void; return = n$47<span class='color_orange'>initial</span>:void; $irvar1 = 0<span class='color_orange'>nullify</span>:void; $irvar2 = 0<span class='color_orange'>update:73</span>:void; this = @f$0<span class='color_orange'>formal</span>:org.junit.tests.running.core.CommandLineTest*( sub ); old_this = @f$0<span class='color_orange'>formal</span>:org.junit.tests.running.core.CommandLineTest*( sub ); expected|callee = 2<span class='color_orange'>actual_precondition</span>:long
      [footprint
         #GB<>$org.junit.tests.running.core.CommandLineTest = {fCount:@f$1<span class='color_orange'>rearrange:71</span>}<span class='color_orange'>rearrange:71</span>:org.junit.tests.running.core.CommandLineTest( sub ); this = @f$0<span class='color_orange'>formal</span>:org.junit.tests.running.core.CommandLineTest*( sub )  ]</span>
    SPEC =
      --------------------------- ---------- ---------------------------
      PRE:
      <span class='color_blue'><span class='color_blue'>actual|callee != expected|callee ;
      actual|callee = _t$68<span class='color_orange'>formal</span>:long( sub ); expected|callee = _t$69<span class='color_orange'>formal</span>:long( sub )</span></span>
      POST 1 of 1:
      <span class='color_blue'>actual|callee != expected|callee; <span class='color_red'>MEMne &lt; void Assert.assertEquals(String,long,long):633 &gt; <span class='color_orange'>{vpath: }</span>(_t$70)</span> ;
      <span class='color_red'>return|callee = EXN _t$70<span class='color_orange'>update:633</span>:void</span> ;
      <span class='color_red'>_t$70|->{}<span class='color_orange'>alloc</span>:java.lang.AssertionError</span></span>
      ----------------------------------------------------------------
    pre_check_pure_implication
    pi1:
      n$6 = 0; MEMna &lt; new[]:72 &gt; <span class='color_orange'>{vpath: }</span>(n$48); UND &lt; Result JUnitCore.runClasses(Computer,Class[]) &gt; :53(n$49)
    pi2:
      _t$68 != _t$69
    returns
    sub1:
      n$6 = 0
    sub2:
      n$6 = 0
    Current Implication
    SUB:
      n$6 = 0
    <span class='color_blue'>MEMna &lt; new[]:72 &gt; <span class='color_orange'>{vpath: }</span>(n$48); UND &lt; Result JUnitCore.runClasses(Computer,Class[]) &gt; :53(n$49); 0 = 0 ;
    actual|callee = 0<span class='color_orange'>actual_precondition</span>:long; #GB<>$org.junit.tests.running.core.CommandLineTest = {fCount:0<span class='color_orange'>update:71</span>}<span class='color_orange'>rearrange:71</span>:org.junit.tests.running.core.CommandLineTest( sub ); $irvar0 = 0<span class='color_orange'>nullify</span>:void; return = n$47<span class='color_orange'>initial</span>:void; $irvar1 = 0<span class='color_orange'>nullify</span>:void; $irvar2 = 0<span class='color_orange'>update:73</span>:void; this = @f$0<span class='color_orange'>formal</span>:org.junit.tests.running.core.CommandLineTest*( sub ); old_this = @f$0<span class='color_orange'>formal</span>:org.junit.tests.running.core.CommandLineTest*( sub ); expected|callee = 2<span class='color_orange'>actual_precondition</span>:long
    [footprint
       #GB<>$org.junit.tests.running.core.CommandLineTest = {fCount:@f$1<span class='color_orange'>rearrange:71</span>}<span class='color_orange'>rearrange:71</span>:org.junit.tests.running.core.CommandLineTest( sub ); this = @f$0<span class='color_orange'>formal</span>:org.junit.tests.running.core.CommandLineTest*( sub )  ]</span>
    [SUB: 
      n$6 = 0]
    |-
    <span class='color_blue'>actual|callee = _t$68<span class='color_orange'>formal</span>:long( sub ); expected|callee = _t$69<span class='color_orange'>formal</span>:long( sub )</span>
    
      do_imply 0 _t$68
        Current Implication
        SUB:
          n$6 = 0
        <span class='color_blue'>MEMna &lt; new[]:72 &gt; <span class='color_orange'>{vpath: }</span>(n$48); UND &lt; Result JUnitCore.runClasses(Computer,Class[]) &gt; :53(n$49); 0 = 0 ;
        #GB<>$org.junit.tests.running.core.CommandLineTest = {fCount:0<span class='color_orange'>update:71</span>}<span class='color_orange'>rearrange:71</span>:org.junit.tests.running.core.CommandLineTest( sub ); $irvar0 = 0<span class='color_orange'>nullify</span>:void; return = n$47<span class='color_orange'>initial</span>:void; $irvar1 = 0<span class='color_orange'>nullify</span>:void; $irvar2 = 0<span class='color_orange'>update:73</span>:void; this = @f$0<span class='color_orange'>formal</span>:org.junit.tests.running.core.CommandLineTest*( sub ); old_this = @f$0<span class='color_orange'>formal</span>:org.junit.tests.running.core.CommandLineTest*( sub ); expected|callee = 2<span class='color_orange'>actual_precondition</span>:long
        [footprint
           #GB<>$org.junit.tests.running.core.CommandLineTest = {fCount:@f$1<span class='color_orange'>rearrange:71</span>}<span class='color_orange'>rearrange:71</span>:org.junit.tests.running.core.CommandLineTest( sub ); this = @f$0<span class='color_orange'>formal</span>:org.junit.tests.running.core.CommandLineTest*( sub )  ]</span>
        [SUB: 
          n$6 = 0; _t$68 = 0]
        |-
        <span class='color_blue'>expected|callee = _t$69<span class='color_orange'>formal</span>:long( sub )</span>
        
          do_imply 2 _t$69
            Final Implication
            SUB:
              n$6 = 0
            <span class='color_blue'>MEMna &lt; new[]:72 &gt; <span class='color_orange'>{vpath: }</span>(n$48); UND &lt; Result JUnitCore.runClasses(Computer,Class[]) &gt; :53(n$49); 0 = 0 ;
            #GB<>$org.junit.tests.running.core.CommandLineTest = {fCount:0<span class='color_orange'>update:71</span>}<span class='color_orange'>rearrange:71</span>:org.junit.tests.running.core.CommandLineTest( sub ); $irvar0 = 0<span class='color_orange'>nullify</span>:void; return = n$47<span class='color_orange'>initial</span>:void; $irvar1 = 0<span class='color_orange'>nullify</span>:void; $irvar2 = 0<span class='color_orange'>update:73</span>:void; this = @f$0<span class='color_orange'>formal</span>:org.junit.tests.running.core.CommandLineTest*( sub ); old_this = @f$0<span class='color_orange'>formal</span>:org.junit.tests.running.core.CommandLineTest*( sub )
            [footprint
               #GB<>$org.junit.tests.running.core.CommandLineTest = {fCount:@f$1<span class='color_orange'>rearrange:71</span>}<span class='color_orange'>rearrange:71</span>:org.junit.tests.running.core.CommandLineTest( sub ); this = @f$0<span class='color_orange'>formal</span>:org.junit.tests.running.core.CommandLineTest*( sub )  ]</span>
            [SUB: 
              n$6 = 0; _t$68 = 0; _t$69 = 2]
            |-
            <span class='color_blue'></span>
    Result of Abduction
      SUB:
        n$6 = 0
      <span class='color_blue'>MEMna &lt; new[]:72 &gt; <span class='color_orange'>{vpath: }</span>(n$48); UND &lt; Result JUnitCore.runClasses(Computer,Class[]) &gt; :53(n$49); 0 = 0 ;
      actual|callee = 0<span class='color_orange'>actual_precondition</span>:long; #GB<>$org.junit.tests.running.core.CommandLineTest = {fCount:0<span class='color_orange'>update:71</span>}<span class='color_orange'>rearrange:71</span>:org.junit.tests.running.core.CommandLineTest( sub ); $irvar0 = 0<span class='color_orange'>nullify</span>:void; return = n$47<span class='color_orange'>initial</span>:void; $irvar1 = 0<span class='color_orange'>nullify</span>:void; $irvar2 = 0<span class='color_orange'>update:73</span>:void; this = @f$0<span class='color_orange'>formal</span>:org.junit.tests.running.core.CommandLineTest*( sub ); old_this = @f$0<span class='color_orange'>formal</span>:org.junit.tests.running.core.CommandLineTest*( sub ); expected|callee = 2<span class='color_orange'>actual_precondition</span>:long
      [footprint
         #GB<>$org.junit.tests.running.core.CommandLineTest = {fCount:@f$1<span class='color_orange'>rearrange:71</span>}<span class='color_orange'>rearrange:71</span>:org.junit.tests.running.core.CommandLineTest( sub ); this = @f$0<span class='color_orange'>formal</span>:org.junit.tests.running.core.CommandLineTest*( sub )  ]</span>
      [SUB: 
        n$6 = 0; _t$68 = 0; _t$69 = 2]
      |-
      <span class='color_blue'>0 != 2 ;
      actual|callee = 0<span class='color_orange'>formal</span>:long( sub ); expected|callee = 2<span class='color_orange'>formal</span>:long( sub )</span>
    returning TRUE
    in vpath_find exp:_t$70
    vpath_find: cannot find _t$70
      New footprint:
      
      Frame fld:
      
      Missing fld:
      
      Instantiated frame:
      &amp;#GB<>$org.junit.tests.running.core.CommandLineTest|->{fCount:0<span class='color_orange'>update:71</span>}<span class='color_orange'>rearrange:71</span>:org.junit.tests.running.core.CommandLineTest( sub ); &amp;$irvar0|->0<span class='color_orange'>nullify</span>:void; &amp;return|->n$47<span class='color_orange'>initial</span>:void; &amp;$irvar1|->0<span class='color_orange'>nullify</span>:void; &amp;$irvar2|->0<span class='color_orange'>update:73</span>:void; &amp;this|->@f$0<span class='color_orange'>formal</span>:org.junit.tests.running.core.CommandLineTest*( sub ); &amp;old_this|->@f$0<span class='color_orange'>formal</span>:org.junit.tests.running.core.CommandLineTest*( sub )
      Instantiated post:
      PROP 1 of 1:
      <span class='color_blue'><span class='color_red'>0 != 2</span>; <span class='color_red'>MEMne &lt; void Assert.assertEquals(long,long):73 &gt; <span class='color_orange'>{vpath: }</span>(_t$70)</span> ;
      <span class='color_red'>return|callee = EXN _t$70<span class='color_orange'>update:73</span>:void</span> ;
      <span class='color_red'>_t$70|->{}<span class='color_orange'>alloc</span>:java.lang.AssertionError</span></span>
      
    ***** RESULTS FUNCTION CALL *******
    PROP 1 of 1:
    <span class='color_blue'><span class='color_blue'>n$6 = 0</span> ;
    <span class='color_red'>0 != 2</span>; <span class='color_red'>MEMne &lt; void Assert.assertEquals(long,long):73 &gt; <span class='color_orange'>{vpath: }</span>(_t$0)</span>; <span class='color_blue'>MEMna &lt; new[]:72 &gt; <span class='color_orange'>{vpath: }</span>(n$48)</span>; <span class='color_blue'>UND &lt; Result JUnitCore.runClasses(Computer,Class[]) &gt; :53(n$49)</span> ;
    <span class='color_blue'>#GB<>$org.junit.tests.running.core.CommandLineTest = {fCount:0<span class='color_orange'>update:71</span>}<span class='color_orange'>rearrange:71</span>:org.junit.tests.running.core.CommandLineTest( sub )</span>; <span class='color_blue'>$irvar0 = 0<span class='color_orange'>nullify</span>:void</span>; <span class='color_blue'>return = <span class='color_red'>EXN _t$0<span class='color_orange'>update:73</span></span>:void</span>; <span class='color_blue'>$irvar1 = 0<span class='color_orange'>nullify</span>:void</span>; <span class='color_blue'>$irvar2 = 0<span class='color_orange'>update:73</span>:void</span>; <span class='color_blue'>this = @f$0<span class='color_orange'>formal</span>:org.junit.tests.running.core.CommandLineTest*( sub )</span>; <span class='color_blue'>old_this = @f$0<span class='color_orange'>formal</span>:org.junit.tests.running.core.CommandLineTest*( sub )</span> ;
    <span class='color_red'>_t$0|->{}<span class='color_orange'>alloc</span>:java.lang.AssertionError</span>
    [footprint
       <span class='color_blue'>#GB<>$org.junit.tests.running.core.CommandLineTest = {fCount:@f$1<span class='color_orange'>rearrange:71</span>}<span class='color_orange'>rearrange:71</span>:org.junit.tests.running.core.CommandLineTest( sub )</span>; <span class='color_blue'>this = @f$0<span class='color_orange'>formal</span>:org.junit.tests.running.core.CommandLineTest*( sub )</span>  ]</span>
    ***** END RESULTS FUNCTION CALL *******
    Prover.check_inconsistency_base: inconsistency reason [None]
    Prover.check_inconsistency_base: inconsistency reason [None]
    Prover.check_inconsistency_base: inconsistency reason [None]
    Prover.check_inconsistency_base: inconsistency reason [None]
    Instruction Returns
    PROP 1 of 1:
    <span class='color_blue'><span class='color_blue'>n$6 = 0</span> ;
    <span class='color_red'>0 != 2</span>; <span class='color_red'>MEMne &lt; void Assert.assertEquals(long,long):73 &gt; <span class='color_orange'>{vpath: }</span>(_t$0)</span>; <span class='color_blue'>MEMna &lt; new[]:72 &gt; <span class='color_orange'>{vpath: }</span>(_t$1)</span>; <span class='color_blue'>UND &lt; Result JUnitCore.runClasses(Computer,Class[]) &gt; :53(_t$2)</span> ;
    <span class='color_blue'>#GB<>$org.junit.tests.running.core.CommandLineTest = {fCount:0<span class='color_orange'>update:71</span>}<span class='color_orange'>rearrange:71</span>:org.junit.tests.running.core.CommandLineTest( sub )</span>; <span class='color_blue'>$irvar0 = 0<span class='color_orange'>nullify</span>:void</span>; <span class='color_blue'>return = <span class='color_red'>EXN _t$0<span class='color_orange'>update:73</span></span>:void</span>; <span class='color_blue'>$irvar1 = 0<span class='color_orange'>nullify</span>:void</span>; <span class='color_blue'>$irvar2 = 0<span class='color_orange'>update:73</span>:void</span>; <span class='color_blue'>this = @f$0<span class='color_orange'>formal</span>:org.junit.tests.running.core.CommandLineTest*( sub )</span>; <span class='color_blue'>old_this = @f$0<span class='color_orange'>formal</span>:org.junit.tests.running.core.CommandLineTest*( sub )</span> ;
    <span class='color_red'>_t$0|->{}<span class='color_orange'>alloc</span>:java.lang.AssertionError</span>
    [footprint
       <span class='color_red'>0 != 2</span> *
       <span class='color_blue'>#GB<>$org.junit.tests.running.core.CommandLineTest = {fCount:@f$1<span class='color_orange'>rearrange:71</span>}<span class='color_orange'>rearrange:71</span>:org.junit.tests.running.core.CommandLineTest( sub )</span>; <span class='color_blue'>this = @f$0<span class='color_orange'>formal</span>:org.junit.tests.running.core.CommandLineTest*( sub )</span>  ]</span>
    
    Instruction <span class='color_green'>NULLIFY(&amp;$irvar2); [line 73]</span>
    in vpath_find exp:_t$0
    vpath_find: cannot find _t$0
    in vpath_find exp:_t$1
    vpath_find: cannot find _t$1
    Instruction Returns
    PROP 1 of 1:
    <span class='color_blue'><span class='color_blue'>n$6 = 0</span> ;
    <span class='color_blue'>0 != 2</span>; <span class='color_blue'>MEMne &lt; void Assert.assertEquals(long,long):73 &gt; <span class='color_orange'>{vpath: }</span>(_t$0)</span>; <span class='color_blue'>MEMna &lt; new[]:72 &gt; <span class='color_orange'>{vpath: }</span>(_t$1)</span>; <span class='color_blue'>UND &lt; Result JUnitCore.runClasses(Computer,Class[]) &gt; :53(_t$2)</span> ;
    <span class='color_blue'>#GB<>$org.junit.tests.running.core.CommandLineTest = {fCount:0<span class='color_orange'>update:71</span>}<span class='color_orange'>rearrange:71</span>:org.junit.tests.running.core.CommandLineTest( sub )</span>; <span class='color_blue'>$irvar0 = 0<span class='color_orange'>nullify</span>:void</span>; <span class='color_blue'>return = EXN _t$0<span class='color_orange'>update:73</span>:void</span>; <span class='color_blue'>$irvar1 = 0<span class='color_orange'>nullify</span>:void</span>; <span class='color_blue'>$irvar2 = 0<span class='color_orange'>nullify</span>:void</span>; <span class='color_blue'>this = @f$0<span class='color_orange'>formal</span>:org.junit.tests.running.core.CommandLineTest*( sub )</span>; <span class='color_blue'>old_this = @f$0<span class='color_orange'>formal</span>:org.junit.tests.running.core.CommandLineTest*( sub )</span> ;
    <span class='color_blue'>_t$0|->{}<span class='color_orange'>alloc</span>:java.lang.AssertionError</span>
    [footprint
       <span class='color_blue'>0 != 2</span> *
       <span class='color_blue'>#GB<>$org.junit.tests.running.core.CommandLineTest = {fCount:@f$1<span class='color_orange'>rearrange:71</span>}<span class='color_orange'>rearrange:71</span>:org.junit.tests.running.core.CommandLineTest( sub )</span>; <span class='color_blue'>this = @f$0<span class='color_orange'>formal</span>:org.junit.tests.running.core.CommandLineTest*( sub )</span>  ]</span>
    
    Instruction <span class='color_green'>EXIT_SCOPE(n$6,n$7,$irvar2); [line 73]</span>
    in vpath_find exp:_t$0
    vpath_find: cannot find _t$0
    in vpath_find exp:_t$1
    vpath_find: cannot find _t$1
    Instruction Returns
    PROP 1 of 1:
    <span class='color_blue'><span class='color_blue'>0 != 2</span>; <span class='color_blue'>MEMne &lt; void Assert.assertEquals(long,long):73 &gt; <span class='color_orange'>{vpath: }</span>(_t$0)</span>; <span class='color_blue'>MEMna &lt; new[]:72 &gt; <span class='color_orange'>{vpath: }</span>(_t$1)</span>; <span class='color_blue'>UND &lt; Result JUnitCore.runClasses(Computer,Class[]) &gt; :53(_t$2)</span> ;
    <span class='color_blue'>#GB<>$org.junit.tests.running.core.CommandLineTest = {fCount:0<span class='color_orange'>update:71</span>}<span class='color_orange'>rearrange:71</span>:org.junit.tests.running.core.CommandLineTest( sub )</span>; <span class='color_blue'>$irvar0 = 0<span class='color_orange'>nullify</span>:void</span>; <span class='color_blue'>return = EXN _t$0<span class='color_orange'>update:73</span>:void</span>; <span class='color_blue'>$irvar1 = 0<span class='color_orange'>nullify</span>:void</span>; <span class='color_blue'>$irvar2 = 0<span class='color_orange'>nullify</span>:void</span>; <span class='color_blue'>this = @f$0<span class='color_orange'>formal</span>:org.junit.tests.running.core.CommandLineTest*( sub )</span>; <span class='color_blue'>old_this = @f$0<span class='color_orange'>formal</span>:org.junit.tests.running.core.CommandLineTest*( sub )</span> ;
    <span class='color_blue'>_t$0|->{}<span class='color_orange'>alloc</span>:java.lang.AssertionError</span>
    [footprint
       <span class='color_blue'>0 != 2</span> *
       <span class='color_blue'>#GB<>$org.junit.tests.running.core.CommandLineTest = {fCount:@f$1<span class='color_orange'>rearrange:71</span>}<span class='color_orange'>rearrange:71</span>:org.junit.tests.running.core.CommandLineTest( sub )</span>; <span class='color_blue'>this = @f$0<span class='color_orange'>formal</span>:org.junit.tests.running.core.CommandLineTest*( sub )</span>  ]</span>
    
    .... After Symbolic Execution ....
    PROP 1 of 1:
    <span class='color_blue'><span class='color_red'>0 != 2</span>; <span class='color_red'>MEMne &lt; void Assert.assertEquals(long,long):73 &gt; <span class='color_orange'>{vpath: }</span>(_t$0)</span>; <span class='color_blue'>MEMna &lt; new[]:72 &gt; <span class='color_orange'>{vpath: }</span>(_t$1)</span>; <span class='color_blue'>UND &lt; Result JUnitCore.runClasses(Computer,Class[]) &gt; :53(_t$2)</span> ;
    <span class='color_blue'>#GB<>$org.junit.tests.running.core.CommandLineTest = {fCount:0<span class='color_orange'>update:71</span>}<span class='color_orange'>rearrange:71</span>:org.junit.tests.running.core.CommandLineTest( sub )</span>; <span class='color_blue'>$irvar0 = 0<span class='color_orange'>nullify</span>:void</span>; <span class='color_blue'>return = <span class='color_red'>EXN _t$0<span class='color_orange'>update:73</span></span>:void</span>; <span class='color_blue'>$irvar1 = 0<span class='color_orange'>nullify</span>:void</span>; <span class='color_blue'>$irvar2 = 0<span class='color_orange'>nullify</span>:void</span>; <span class='color_blue'>this = @f$0<span class='color_orange'>formal</span>:org.junit.tests.running.core.CommandLineTest*( sub )</span>; <span class='color_blue'>old_this = @f$0<span class='color_orange'>formal</span>:org.junit.tests.running.core.CommandLineTest*( sub )</span> ;
    <span class='color_red'>_t$0|->{}<span class='color_orange'>alloc</span>:java.lang.AssertionError</span>
    [footprint
       <span class='color_red'>0 != 2</span> *
       <span class='color_blue'>#GB<>$org.junit.tests.running.core.CommandLineTest = {fCount:@f$1<span class='color_orange'>rearrange:71</span>}<span class='color_orange'>rearrange:71</span>:org.junit.tests.running.core.CommandLineTest( sub )</span>; <span class='color_blue'>this = @f$0<span class='color_orange'>formal</span>:org.junit.tests.running.core.CommandLineTest*( sub )</span>  ]</span>
    
    
    
  </LISTING>
<hr width="100%">
<a name="session58" href="./../nodes/org.junit.tests.running.core.CommandLineTest.runTwoClasses%28%29%3Avoid.127ddc4d0a3cc390e4c16bb778bd857a_node10.html#session58">node10#session58</a>(<a href="./../../CommandLineTest.java.1aa155749ae15e779e15e06939bd8008.html#LINE73">73</a>) biabduction
<LISTING class='color_black'>**** [RE:Pending] void CommandLineTest.runTwoClasses() Node: 10, Procedure: void CommandLineTest.runTwoClasses(), Todo: 1 ****
  PROP 1 of 1:
  <span class='color_blue'><span class='color_red'>MEMna &lt; new[]:72 &gt; <span class='color_orange'>{vpath: }</span>(_t$1)</span>; <span class='color_red'>UND &lt; Result JUnitCore.runClasses(Computer,Class[]) &gt; :53(_t$2)</span> ;
  <span class='color_red'>#GB<>$org.junit.tests.running.core.CommandLineTest = {fCount:0<span class='color_orange'>update:71</span>}<span class='color_orange'>formal</span>:org.junit.tests.running.core.CommandLineTest( sub )</span>; <span class='color_red'>old_org.junit.tests.running.core.CommandLineTest = {fCount:val$2<span class='color_orange'>formal</span>}<span class='color_orange'>formal</span>:org.junit.tests.running.core.CommandLineTest( sub )</span>; <span class='color_red'>$irvar0 = 0<span class='color_orange'>nullify</span>:void</span>; <span class='color_red'>return = _t$0<span class='color_orange'>initial</span>:void</span>; <span class='color_red'>$irvar1 = 0<span class='color_orange'>nullify</span>:void</span>; <span class='color_red'>$irvar2 = 0<span class='color_orange'>update:73</span>:void</span>; <span class='color_red'>this = val$1<span class='color_orange'>formal</span>:org.junit.tests.running.core.CommandLineTest*( sub )</span>; <span class='color_red'>old_this = val$1<span class='color_orange'>formal</span>:org.junit.tests.running.core.CommandLineTest*( sub )</span></span>
  .... Instructions: ....
  <span class='color_green'>n$6=*&amp;$irvar2:long [line 73];
  n$7=_fun_void Assert.assertEquals(long,long)(2:long,n$6:long) [line 73];
  NULLIFY(&amp;$irvar2); [line 73];
  EXIT_SCOPE(n$6,n$7,$irvar2); [line 73];
  </span>
  
  Processing prop 1/1
    Instruction <span class='color_green'>n$6=*&amp;$irvar2:long [line 73]</span>
    in vpath_find exp:n$45
    vpath_find: cannot find n$45
    .... Rearrangement Start ....
    Exp: &amp;$irvar2
    Prop:
    <span class='color_blue'>MEMna &lt; new[]:72 &gt; <span class='color_orange'>{vpath: }</span>(n$45); UND &lt; Result JUnitCore.runClasses(Computer,Class[]) &gt; :53(n$46) ;
    #GB<>$org.junit.tests.running.core.CommandLineTest = {fCount:0<span class='color_orange'>update:71</span>}<span class='color_orange'>formal</span>:org.junit.tests.running.core.CommandLineTest( sub ); old_org.junit.tests.running.core.CommandLineTest = {fCount:val$2<span class='color_orange'>formal</span>}<span class='color_orange'>formal</span>:org.junit.tests.running.core.CommandLineTest( sub ); $irvar0 = 0<span class='color_orange'>nullify</span>:void; return = n$44<span class='color_orange'>initial</span>:void; $irvar1 = 0<span class='color_orange'>nullify</span>:void; $irvar2 = 0<span class='color_orange'>update:73</span>:void; this = val$1<span class='color_orange'>formal</span>:org.junit.tests.running.core.CommandLineTest*( sub ); old_this = val$1<span class='color_orange'>formal</span>:org.junit.tests.running.core.CommandLineTest*( sub )</span>
    
    Prover.check_inconsistency_base: inconsistency reason [None]
    Prover.check_inconsistency_base: inconsistency reason [None]
    Instruction Returns
    PROP 1 of 1:
    <span class='color_blue'><span class='color_red'>n$6 = 0</span> ;
    <span class='color_blue'>MEMna &lt; new[]:72 &gt; <span class='color_orange'>{vpath: }</span>(_t$1)</span>; <span class='color_blue'>UND &lt; Result JUnitCore.runClasses(Computer,Class[]) &gt; :53(_t$2)</span> ;
    <span class='color_blue'>#GB<>$org.junit.tests.running.core.CommandLineTest = {fCount:0<span class='color_orange'>update:71</span>}<span class='color_orange'>formal</span>:org.junit.tests.running.core.CommandLineTest( sub )</span>; <span class='color_blue'>old_org.junit.tests.running.core.CommandLineTest = {fCount:val$2<span class='color_orange'>formal</span>}<span class='color_orange'>formal</span>:org.junit.tests.running.core.CommandLineTest( sub )</span>; <span class='color_blue'>$irvar0 = 0<span class='color_orange'>nullify</span>:void</span>; <span class='color_blue'>return = _t$0<span class='color_orange'>initial</span>:void</span>; <span class='color_blue'>$irvar1 = 0<span class='color_orange'>nullify</span>:void</span>; <span class='color_blue'>$irvar2 = 0<span class='color_orange'>update:73</span>:void</span>; <span class='color_blue'>this = val$1<span class='color_orange'>formal</span>:org.junit.tests.running.core.CommandLineTest*( sub )</span>; <span class='color_blue'>old_this = val$1<span class='color_orange'>formal</span>:org.junit.tests.running.core.CommandLineTest*( sub )</span></span>
    
    Instruction <span class='color_green'>n$7=_fun_void Assert.assertEquals(long,long)(2:long,n$6:long) [line 73]</span>
    in vpath_find exp:n$48
    vpath_find: cannot find n$48
    Found 2 specs for function org.junit.Assert.assertEquals(long,long):void
    START EXECUTING SPECS FOR org.junit.Assert.assertEquals(long,long):void from state
    <span class='color_blue'>n$6 = 0 ;
    MEMna &lt; new[]:72 &gt; <span class='color_orange'>{vpath: }</span>(n$48); UND &lt; Result JUnitCore.runClasses(Computer,Class[]) &gt; :53(n$49) ;
    #GB<>$org.junit.tests.running.core.CommandLineTest = {fCount:0<span class='color_orange'>update:71</span>}<span class='color_orange'>formal</span>:org.junit.tests.running.core.CommandLineTest( sub ); old_org.junit.tests.running.core.CommandLineTest = {fCount:val$2<span class='color_orange'>formal</span>}<span class='color_orange'>formal</span>:org.junit.tests.running.core.CommandLineTest( sub ); $irvar0 = 0<span class='color_orange'>nullify</span>:void; return = n$47<span class='color_orange'>initial</span>:void; $irvar1 = 0<span class='color_orange'>nullify</span>:void; $irvar2 = 0<span class='color_orange'>update:73</span>:void; this = val$1<span class='color_orange'>formal</span>:org.junit.tests.running.core.CommandLineTest*( sub ); old_this = val$1<span class='color_orange'>formal</span>:org.junit.tests.running.core.CommandLineTest*( sub )</span>
    EXECUTING SPEC 1/2
    ACTUAL PRECONDITION =
      <span class='color_blue'>n$6 = 0 ;
      MEMna &lt; new[]:72 &gt; <span class='color_orange'>{vpath: }</span>(n$48); UND &lt; Result JUnitCore.runClasses(Computer,Class[]) &gt; :53(n$49) ;
      actual|callee = 0<span class='color_orange'>actual_precondition</span>:long; #GB<>$org.junit.tests.running.core.CommandLineTest = {fCount:0<span class='color_orange'>update:71</span>}<span class='color_orange'>formal</span>:org.junit.tests.running.core.CommandLineTest( sub ); old_org.junit.tests.running.core.CommandLineTest = {fCount:val$2<span class='color_orange'>formal</span>}<span class='color_orange'>formal</span>:org.junit.tests.running.core.CommandLineTest( sub ); $irvar0 = 0<span class='color_orange'>nullify</span>:void; return = n$47<span class='color_orange'>initial</span>:void; $irvar1 = 0<span class='color_orange'>nullify</span>:void; $irvar2 = 0<span class='color_orange'>update:73</span>:void; this = val$1<span class='color_orange'>formal</span>:org.junit.tests.running.core.CommandLineTest*( sub ); old_this = val$1<span class='color_orange'>formal</span>:org.junit.tests.running.core.CommandLineTest*( sub ); expected|callee = 2<span class='color_orange'>actual_precondition</span>:long</span>
    SPEC =
      --------------------------- ---------- ---------------------------
      PRE:
      <span class='color_blue'><span class='color_blue'>actual|callee = _t$66<span class='color_orange'>formal</span>:long( sub ); expected|callee = _t$66<span class='color_orange'>formal</span>:long( sub )</span></span>
      POST 1 of 1:
      <span class='color_blue'><span class='color_red'>return|callee = _t$67<span class='color_orange'>initial</span>:void</span></span>
      ----------------------------------------------------------------
    pre_check_pure_implication
    pi1:
      n$6 = 0; MEMna &lt; new[]:72 &gt; <span class='color_orange'>{vpath: }</span>(n$48); UND &lt; Result JUnitCore.runClasses(Computer,Class[]) &gt; :53(n$49)
    pi2:
      
    returns
    sub1:
      n$6 = 0
    sub2:
      n$6 = 0
    Current Implication
    SUB:
      n$6 = 0
    <span class='color_blue'>MEMna &lt; new[]:72 &gt; <span class='color_orange'>{vpath: }</span>(n$48); UND &lt; Result JUnitCore.runClasses(Computer,Class[]) &gt; :53(n$49); 0 = 0 ;
    actual|callee = 0<span class='color_orange'>actual_precondition</span>:long; #GB<>$org.junit.tests.running.core.CommandLineTest = {fCount:0<span class='color_orange'>update:71</span>}<span class='color_orange'>formal</span>:org.junit.tests.running.core.CommandLineTest( sub ); old_org.junit.tests.running.core.CommandLineTest = {fCount:val$2<span class='color_orange'>formal</span>}<span class='color_orange'>formal</span>:org.junit.tests.running.core.CommandLineTest( sub ); $irvar0 = 0<span class='color_orange'>nullify</span>:void; return = n$47<span class='color_orange'>initial</span>:void; $irvar1 = 0<span class='color_orange'>nullify</span>:void; $irvar2 = 0<span class='color_orange'>update:73</span>:void; this = val$1<span class='color_orange'>formal</span>:org.junit.tests.running.core.CommandLineTest*( sub ); old_this = val$1<span class='color_orange'>formal</span>:org.junit.tests.running.core.CommandLineTest*( sub ); expected|callee = 2<span class='color_orange'>actual_precondition</span>:long</span>
    [SUB: 
      n$6 = 0]
    |-
    <span class='color_blue'>actual|callee = _t$66<span class='color_orange'>formal</span>:long( sub ); expected|callee = _t$66<span class='color_orange'>formal</span>:long( sub )</span>
    
      do_imply 0 _t$66
        Current Implication
        SUB:
          n$6 = 0
        <span class='color_blue'>MEMna &lt; new[]:72 &gt; <span class='color_orange'>{vpath: }</span>(n$48); UND &lt; Result JUnitCore.runClasses(Computer,Class[]) &gt; :53(n$49); 0 = 0 ;
        #GB<>$org.junit.tests.running.core.CommandLineTest = {fCount:0<span class='color_orange'>update:71</span>}<span class='color_orange'>formal</span>:org.junit.tests.running.core.CommandLineTest( sub ); old_org.junit.tests.running.core.CommandLineTest = {fCount:val$2<span class='color_orange'>formal</span>}<span class='color_orange'>formal</span>:org.junit.tests.running.core.CommandLineTest( sub ); $irvar0 = 0<span class='color_orange'>nullify</span>:void; return = n$47<span class='color_orange'>initial</span>:void; $irvar1 = 0<span class='color_orange'>nullify</span>:void; $irvar2 = 0<span class='color_orange'>update:73</span>:void; this = val$1<span class='color_orange'>formal</span>:org.junit.tests.running.core.CommandLineTest*( sub ); old_this = val$1<span class='color_orange'>formal</span>:org.junit.tests.running.core.CommandLineTest*( sub ); expected|callee = 2<span class='color_orange'>actual_precondition</span>:long</span>
        [SUB: 
          n$6 = 0; _t$66 = 0]
        |-
        <span class='color_blue'>expected|callee = 0<span class='color_orange'>formal</span>:long( sub )</span>
        
          do_imply 2 0
          WARNING: footprint failed to find MISSING because: constants not equal
    EXECUTING SPEC 2/2
    ACTUAL PRECONDITION =
      <span class='color_blue'>n$6 = 0 ;
      MEMna &lt; new[]:72 &gt; <span class='color_orange'>{vpath: }</span>(n$48); UND &lt; Result JUnitCore.runClasses(Computer,Class[]) &gt; :53(n$49) ;
      actual|callee = 0<span class='color_orange'>actual_precondition</span>:long; #GB<>$org.junit.tests.running.core.CommandLineTest = {fCount:0<span class='color_orange'>update:71</span>}<span class='color_orange'>formal</span>:org.junit.tests.running.core.CommandLineTest( sub ); old_org.junit.tests.running.core.CommandLineTest = {fCount:val$2<span class='color_orange'>formal</span>}<span class='color_orange'>formal</span>:org.junit.tests.running.core.CommandLineTest( sub ); $irvar0 = 0<span class='color_orange'>nullify</span>:void; return = n$47<span class='color_orange'>initial</span>:void; $irvar1 = 0<span class='color_orange'>nullify</span>:void; $irvar2 = 0<span class='color_orange'>update:73</span>:void; this = val$1<span class='color_orange'>formal</span>:org.junit.tests.running.core.CommandLineTest*( sub ); old_this = val$1<span class='color_orange'>formal</span>:org.junit.tests.running.core.CommandLineTest*( sub ); expected|callee = 2<span class='color_orange'>actual_precondition</span>:long</span>
    SPEC =
      --------------------------- ---------- ---------------------------
      PRE:
      <span class='color_blue'><span class='color_blue'>actual|callee != expected|callee ;
      actual|callee = _t$68<span class='color_orange'>formal</span>:long( sub ); expected|callee = _t$69<span class='color_orange'>formal</span>:long( sub )</span></span>
      POST 1 of 1:
      <span class='color_blue'>actual|callee != expected|callee; <span class='color_red'>MEMne &lt; void Assert.assertEquals(String,long,long):633 &gt; <span class='color_orange'>{vpath: }</span>(_t$70)</span> ;
      <span class='color_red'>return|callee = EXN _t$70<span class='color_orange'>update:633</span>:void</span> ;
      <span class='color_red'>_t$70|->{}<span class='color_orange'>alloc</span>:java.lang.AssertionError</span></span>
      ----------------------------------------------------------------
    pre_check_pure_implication
    pi1:
      n$6 = 0; MEMna &lt; new[]:72 &gt; <span class='color_orange'>{vpath: }</span>(n$48); UND &lt; Result JUnitCore.runClasses(Computer,Class[]) &gt; :53(n$49)
    pi2:
      _t$68 != _t$69
    returns
    sub1:
      n$6 = 0
    sub2:
      n$6 = 0
    Current Implication
    SUB:
      n$6 = 0
    <span class='color_blue'>MEMna &lt; new[]:72 &gt; <span class='color_orange'>{vpath: }</span>(n$48); UND &lt; Result JUnitCore.runClasses(Computer,Class[]) &gt; :53(n$49); 0 = 0 ;
    actual|callee = 0<span class='color_orange'>actual_precondition</span>:long; #GB<>$org.junit.tests.running.core.CommandLineTest = {fCount:0<span class='color_orange'>update:71</span>}<span class='color_orange'>formal</span>:org.junit.tests.running.core.CommandLineTest( sub ); old_org.junit.tests.running.core.CommandLineTest = {fCount:val$2<span class='color_orange'>formal</span>}<span class='color_orange'>formal</span>:org.junit.tests.running.core.CommandLineTest( sub ); $irvar0 = 0<span class='color_orange'>nullify</span>:void; return = n$47<span class='color_orange'>initial</span>:void; $irvar1 = 0<span class='color_orange'>nullify</span>:void; $irvar2 = 0<span class='color_orange'>update:73</span>:void; this = val$1<span class='color_orange'>formal</span>:org.junit.tests.running.core.CommandLineTest*( sub ); old_this = val$1<span class='color_orange'>formal</span>:org.junit.tests.running.core.CommandLineTest*( sub ); expected|callee = 2<span class='color_orange'>actual_precondition</span>:long</span>
    [SUB: 
      n$6 = 0]
    |-
    <span class='color_blue'>actual|callee = _t$68<span class='color_orange'>formal</span>:long( sub ); expected|callee = _t$69<span class='color_orange'>formal</span>:long( sub )</span>
    
      do_imply 0 _t$68
        Current Implication
        SUB:
          n$6 = 0
        <span class='color_blue'>MEMna &lt; new[]:72 &gt; <span class='color_orange'>{vpath: }</span>(n$48); UND &lt; Result JUnitCore.runClasses(Computer,Class[]) &gt; :53(n$49); 0 = 0 ;
        #GB<>$org.junit.tests.running.core.CommandLineTest = {fCount:0<span class='color_orange'>update:71</span>}<span class='color_orange'>formal</span>:org.junit.tests.running.core.CommandLineTest( sub ); old_org.junit.tests.running.core.CommandLineTest = {fCount:val$2<span class='color_orange'>formal</span>}<span class='color_orange'>formal</span>:org.junit.tests.running.core.CommandLineTest( sub ); $irvar0 = 0<span class='color_orange'>nullify</span>:void; return = n$47<span class='color_orange'>initial</span>:void; $irvar1 = 0<span class='color_orange'>nullify</span>:void; $irvar2 = 0<span class='color_orange'>update:73</span>:void; this = val$1<span class='color_orange'>formal</span>:org.junit.tests.running.core.CommandLineTest*( sub ); old_this = val$1<span class='color_orange'>formal</span>:org.junit.tests.running.core.CommandLineTest*( sub ); expected|callee = 2<span class='color_orange'>actual_precondition</span>:long</span>
        [SUB: 
          n$6 = 0; _t$68 = 0]
        |-
        <span class='color_blue'>expected|callee = _t$69<span class='color_orange'>formal</span>:long( sub )</span>
        
          do_imply 2 _t$69
            Final Implication
            SUB:
              n$6 = 0
            <span class='color_blue'>MEMna &lt; new[]:72 &gt; <span class='color_orange'>{vpath: }</span>(n$48); UND &lt; Result JUnitCore.runClasses(Computer,Class[]) &gt; :53(n$49); 0 = 0 ;
            #GB<>$org.junit.tests.running.core.CommandLineTest = {fCount:0<span class='color_orange'>update:71</span>}<span class='color_orange'>formal</span>:org.junit.tests.running.core.CommandLineTest( sub ); old_org.junit.tests.running.core.CommandLineTest = {fCount:val$2<span class='color_orange'>formal</span>}<span class='color_orange'>formal</span>:org.junit.tests.running.core.CommandLineTest( sub ); $irvar0 = 0<span class='color_orange'>nullify</span>:void; return = n$47<span class='color_orange'>initial</span>:void; $irvar1 = 0<span class='color_orange'>nullify</span>:void; $irvar2 = 0<span class='color_orange'>update:73</span>:void; this = val$1<span class='color_orange'>formal</span>:org.junit.tests.running.core.CommandLineTest*( sub ); old_this = val$1<span class='color_orange'>formal</span>:org.junit.tests.running.core.CommandLineTest*( sub )</span>
            [SUB: 
              n$6 = 0; _t$68 = 0; _t$69 = 2]
            |-
            <span class='color_blue'></span>
    Result of Abduction
      SUB:
        n$6 = 0
      <span class='color_blue'>MEMna &lt; new[]:72 &gt; <span class='color_orange'>{vpath: }</span>(n$48); UND &lt; Result JUnitCore.runClasses(Computer,Class[]) &gt; :53(n$49); 0 = 0 ;
      actual|callee = 0<span class='color_orange'>actual_precondition</span>:long; #GB<>$org.junit.tests.running.core.CommandLineTest = {fCount:0<span class='color_orange'>update:71</span>}<span class='color_orange'>formal</span>:org.junit.tests.running.core.CommandLineTest( sub ); old_org.junit.tests.running.core.CommandLineTest = {fCount:val$2<span class='color_orange'>formal</span>}<span class='color_orange'>formal</span>:org.junit.tests.running.core.CommandLineTest( sub ); $irvar0 = 0<span class='color_orange'>nullify</span>:void; return = n$47<span class='color_orange'>initial</span>:void; $irvar1 = 0<span class='color_orange'>nullify</span>:void; $irvar2 = 0<span class='color_orange'>update:73</span>:void; this = val$1<span class='color_orange'>formal</span>:org.junit.tests.running.core.CommandLineTest*( sub ); old_this = val$1<span class='color_orange'>formal</span>:org.junit.tests.running.core.CommandLineTest*( sub ); expected|callee = 2<span class='color_orange'>actual_precondition</span>:long</span>
      [SUB: 
        n$6 = 0; _t$68 = 0; _t$69 = 2]
      |-
      <span class='color_blue'>0 != 2 ;
      actual|callee = 0<span class='color_orange'>formal</span>:long( sub ); expected|callee = 2<span class='color_orange'>formal</span>:long( sub )</span>
    returning TRUE
    in vpath_find exp:_t$70
    vpath_find: cannot find _t$70
      New footprint:
      
      Frame fld:
      
      Missing fld:
      
      Instantiated frame:
      &amp;#GB<>$org.junit.tests.running.core.CommandLineTest|->{fCount:0<span class='color_orange'>update:71</span>}<span class='color_orange'>formal</span>:org.junit.tests.running.core.CommandLineTest( sub ); &amp;old_org.junit.tests.running.core.CommandLineTest|->{fCount:val$2<span class='color_orange'>formal</span>}<span class='color_orange'>formal</span>:org.junit.tests.running.core.CommandLineTest( sub ); &amp;$irvar0|->0<span class='color_orange'>nullify</span>:void; &amp;return|->n$47<span class='color_orange'>initial</span>:void; &amp;$irvar1|->0<span class='color_orange'>nullify</span>:void; &amp;$irvar2|->0<span class='color_orange'>update:73</span>:void; &amp;this|->val$1<span class='color_orange'>formal</span>:org.junit.tests.running.core.CommandLineTest*( sub ); &amp;old_this|->val$1<span class='color_orange'>formal</span>:org.junit.tests.running.core.CommandLineTest*( sub )
      Instantiated post:
      PROP 1 of 1:
      <span class='color_blue'><span class='color_red'>0 != 2</span>; <span class='color_red'>MEMne &lt; void Assert.assertEquals(long,long):73 &gt; <span class='color_orange'>{vpath: }</span>(_t$70)</span> ;
      <span class='color_red'>return|callee = EXN _t$70<span class='color_orange'>update:73</span>:void</span> ;
      <span class='color_red'>_t$70|->{}<span class='color_orange'>alloc</span>:java.lang.AssertionError</span></span>
      
    ***** RESULTS FUNCTION CALL *******
    PROP 1 of 1:
    <span class='color_blue'><span class='color_blue'>n$6 = 0</span> ;
    <span class='color_red'>0 != 2</span>; <span class='color_red'>MEMne &lt; void Assert.assertEquals(long,long):73 &gt; <span class='color_orange'>{vpath: }</span>(_t$0)</span>; <span class='color_blue'>MEMna &lt; new[]:72 &gt; <span class='color_orange'>{vpath: }</span>(n$48)</span>; <span class='color_blue'>UND &lt; Result JUnitCore.runClasses(Computer,Class[]) &gt; :53(n$49)</span> ;
    <span class='color_blue'>#GB<>$org.junit.tests.running.core.CommandLineTest = {fCount:0<span class='color_orange'>update:71</span>}<span class='color_orange'>formal</span>:org.junit.tests.running.core.CommandLineTest( sub )</span>; <span class='color_blue'>old_org.junit.tests.running.core.CommandLineTest = {fCount:val$2<span class='color_orange'>formal</span>}<span class='color_orange'>formal</span>:org.junit.tests.running.core.CommandLineTest( sub )</span>; <span class='color_blue'>$irvar0 = 0<span class='color_orange'>nullify</span>:void</span>; <span class='color_blue'>return = <span class='color_red'>EXN _t$0<span class='color_orange'>update:73</span></span>:void</span>; <span class='color_blue'>$irvar1 = 0<span class='color_orange'>nullify</span>:void</span>; <span class='color_blue'>$irvar2 = 0<span class='color_orange'>update:73</span>:void</span>; <span class='color_blue'>this = val$1<span class='color_orange'>formal</span>:org.junit.tests.running.core.CommandLineTest*( sub )</span>; <span class='color_blue'>old_this = val$1<span class='color_orange'>formal</span>:org.junit.tests.running.core.CommandLineTest*( sub )</span> ;
    <span class='color_red'>_t$0|->{}<span class='color_orange'>alloc</span>:java.lang.AssertionError</span></span>
    ***** END RESULTS FUNCTION CALL *******
    Prover.check_inconsistency_base: inconsistency reason [None]
    Prover.check_inconsistency_base: inconsistency reason [None]
    Prover.check_inconsistency_base: inconsistency reason [None]
    Prover.check_inconsistency_base: inconsistency reason [None]
    Instruction Returns
    PROP 1 of 1:
    <span class='color_blue'><span class='color_blue'>n$6 = 0</span> ;
    <span class='color_red'>0 != 2</span>; <span class='color_red'>MEMne &lt; void Assert.assertEquals(long,long):73 &gt; <span class='color_orange'>{vpath: }</span>(_t$0)</span>; <span class='color_blue'>MEMna &lt; new[]:72 &gt; <span class='color_orange'>{vpath: }</span>(_t$1)</span>; <span class='color_blue'>UND &lt; Result JUnitCore.runClasses(Computer,Class[]) &gt; :53(_t$2)</span> ;
    <span class='color_blue'>#GB<>$org.junit.tests.running.core.CommandLineTest = {fCount:0<span class='color_orange'>update:71</span>}<span class='color_orange'>formal</span>:org.junit.tests.running.core.CommandLineTest( sub )</span>; <span class='color_blue'>old_org.junit.tests.running.core.CommandLineTest = {fCount:val$2<span class='color_orange'>formal</span>}<span class='color_orange'>formal</span>:org.junit.tests.running.core.CommandLineTest( sub )</span>; <span class='color_blue'>$irvar0 = 0<span class='color_orange'>nullify</span>:void</span>; <span class='color_blue'>return = <span class='color_red'>EXN _t$0<span class='color_orange'>update:73</span></span>:void</span>; <span class='color_blue'>$irvar1 = 0<span class='color_orange'>nullify</span>:void</span>; <span class='color_blue'>$irvar2 = 0<span class='color_orange'>update:73</span>:void</span>; <span class='color_blue'>this = val$1<span class='color_orange'>formal</span>:org.junit.tests.running.core.CommandLineTest*( sub )</span>; <span class='color_blue'>old_this = val$1<span class='color_orange'>formal</span>:org.junit.tests.running.core.CommandLineTest*( sub )</span> ;
    <span class='color_red'>_t$0|->{}<span class='color_orange'>alloc</span>:java.lang.AssertionError</span></span>
    
    Instruction <span class='color_green'>NULLIFY(&amp;$irvar2); [line 73]</span>
    in vpath_find exp:_t$0
    vpath_find: cannot find _t$0
    in vpath_find exp:_t$1
    vpath_find: cannot find _t$1
    Instruction Returns
    PROP 1 of 1:
    <span class='color_blue'><span class='color_blue'>n$6 = 0</span> ;
    <span class='color_blue'>0 != 2</span>; <span class='color_blue'>MEMne &lt; void Assert.assertEquals(long,long):73 &gt; <span class='color_orange'>{vpath: }</span>(_t$0)</span>; <span class='color_blue'>MEMna &lt; new[]:72 &gt; <span class='color_orange'>{vpath: }</span>(_t$1)</span>; <span class='color_blue'>UND &lt; Result JUnitCore.runClasses(Computer,Class[]) &gt; :53(_t$2)</span> ;
    <span class='color_blue'>#GB<>$org.junit.tests.running.core.CommandLineTest = {fCount:0<span class='color_orange'>update:71</span>}<span class='color_orange'>formal</span>:org.junit.tests.running.core.CommandLineTest( sub )</span>; <span class='color_blue'>old_org.junit.tests.running.core.CommandLineTest = {fCount:val$2<span class='color_orange'>formal</span>}<span class='color_orange'>formal</span>:org.junit.tests.running.core.CommandLineTest( sub )</span>; <span class='color_blue'>$irvar0 = 0<span class='color_orange'>nullify</span>:void</span>; <span class='color_blue'>return = EXN _t$0<span class='color_orange'>update:73</span>:void</span>; <span class='color_blue'>$irvar1 = 0<span class='color_orange'>nullify</span>:void</span>; <span class='color_blue'>$irvar2 = 0<span class='color_orange'>nullify</span>:void</span>; <span class='color_blue'>this = val$1<span class='color_orange'>formal</span>:org.junit.tests.running.core.CommandLineTest*( sub )</span>; <span class='color_blue'>old_this = val$1<span class='color_orange'>formal</span>:org.junit.tests.running.core.CommandLineTest*( sub )</span> ;
    <span class='color_blue'>_t$0|->{}<span class='color_orange'>alloc</span>:java.lang.AssertionError</span></span>
    
    Instruction <span class='color_green'>EXIT_SCOPE(n$6,n$7,$irvar2); [line 73]</span>
    in vpath_find exp:_t$0
    vpath_find: cannot find _t$0
    in vpath_find exp:_t$1
    vpath_find: cannot find _t$1
    Instruction Returns
    PROP 1 of 1:
    <span class='color_blue'><span class='color_blue'>0 != 2</span>; <span class='color_blue'>MEMne &lt; void Assert.assertEquals(long,long):73 &gt; <span class='color_orange'>{vpath: }</span>(_t$0)</span>; <span class='color_blue'>MEMna &lt; new[]:72 &gt; <span class='color_orange'>{vpath: }</span>(_t$1)</span>; <span class='color_blue'>UND &lt; Result JUnitCore.runClasses(Computer,Class[]) &gt; :53(_t$2)</span> ;
    <span class='color_blue'>#GB<>$org.junit.tests.running.core.CommandLineTest = {fCount:0<span class='color_orange'>update:71</span>}<span class='color_orange'>formal</span>:org.junit.tests.running.core.CommandLineTest( sub )</span>; <span class='color_blue'>old_org.junit.tests.running.core.CommandLineTest = {fCount:val$2<span class='color_orange'>formal</span>}<span class='color_orange'>formal</span>:org.junit.tests.running.core.CommandLineTest( sub )</span>; <span class='color_blue'>$irvar0 = 0<span class='color_orange'>nullify</span>:void</span>; <span class='color_blue'>return = EXN _t$0<span class='color_orange'>update:73</span>:void</span>; <span class='color_blue'>$irvar1 = 0<span class='color_orange'>nullify</span>:void</span>; <span class='color_blue'>$irvar2 = 0<span class='color_orange'>nullify</span>:void</span>; <span class='color_blue'>this = val$1<span class='color_orange'>formal</span>:org.junit.tests.running.core.CommandLineTest*( sub )</span>; <span class='color_blue'>old_this = val$1<span class='color_orange'>formal</span>:org.junit.tests.running.core.CommandLineTest*( sub )</span> ;
    <span class='color_blue'>_t$0|->{}<span class='color_orange'>alloc</span>:java.lang.AssertionError</span></span>
    
    .... After Symbolic Execution ....
    PROP 1 of 1:
    <span class='color_blue'><span class='color_red'>0 != 2</span>; <span class='color_red'>MEMne &lt; void Assert.assertEquals(long,long):73 &gt; <span class='color_orange'>{vpath: }</span>(_t$0)</span>; <span class='color_blue'>MEMna &lt; new[]:72 &gt; <span class='color_orange'>{vpath: }</span>(_t$1)</span>; <span class='color_blue'>UND &lt; Result JUnitCore.runClasses(Computer,Class[]) &gt; :53(_t$2)</span> ;
    <span class='color_blue'>#GB<>$org.junit.tests.running.core.CommandLineTest = {fCount:0<span class='color_orange'>update:71</span>}<span class='color_orange'>formal</span>:org.junit.tests.running.core.CommandLineTest( sub )</span>; <span class='color_blue'>old_org.junit.tests.running.core.CommandLineTest = {fCount:val$2<span class='color_orange'>formal</span>}<span class='color_orange'>formal</span>:org.junit.tests.running.core.CommandLineTest( sub )</span>; <span class='color_blue'>$irvar0 = 0<span class='color_orange'>nullify</span>:void</span>; <span class='color_blue'>return = <span class='color_red'>EXN _t$0<span class='color_orange'>update:73</span></span>:void</span>; <span class='color_blue'>$irvar1 = 0<span class='color_orange'>nullify</span>:void</span>; <span class='color_blue'>$irvar2 = 0<span class='color_orange'>nullify</span>:void</span>; <span class='color_blue'>this = val$1<span class='color_orange'>formal</span>:org.junit.tests.running.core.CommandLineTest*( sub )</span>; <span class='color_blue'>old_this = val$1<span class='color_orange'>formal</span>:org.junit.tests.running.core.CommandLineTest*( sub )</span> ;
    <span class='color_red'>_t$0|->{}<span class='color_orange'>alloc</span>:java.lang.AssertionError</span></span>
    
    
    
  </LISTING>