<!DOCTYPE HTML PUBLIC "-//W3C//DTD HTML 4.01 Transitional//EN">
<html>
<head>
<title>org.junit.tests.running.classes.ParameterizedTestTest.testsAreExecutedWhenAssumptionInParametersMeth.e80d33c7e0641b1f893e84e59c8230b0_node10</title>
<meta http-equiv="Content-Type" content="text/html; charset=utf-8">
<style type="text/css">
body { background-color:#fff; color:#000; font-family:Helvetica, sans-serif; font-size:10pt }
h1 { font-size:14pt }
.code { border-collapse:collapse; width:100%; font-family: "Andale Mono", monospace; font-size:10pt; line-height: 1.2em }
.color_black { color: black }
.color_blue { color: blue }
.color_green { color: green }
.color_orange { color: orange }
.color_red { color: red }
.line { border-left: 3px solid #ccc; padding-left: 1ex; white-space: pre; }
.msg { background-color:#fff8b4; color:#000; float:left; font-family:Helvetica, sans-serif; font-size: smaller; font-weight: bold; margin-bottom:10px; margin-top:10px; max-width:60em; padding:0.5em 1ex 0.5em 1ex; -webkit-border-radius:5px; -webkit-box-shadow:1px 1px 7px #000; white-space: pre-wrap; word-wrap: break-word; }
.num { background-color:#eee; color:#444; font-size: smaller; padding-right:2ex; text-align:right; width:2.5em; }
.dangling { background-color:white; color: gray; }
.visited { background-color:LemonChiffon; color: darkmagenta; }
.tooltip { display: none; background-color:#FFF0F0; border: 2px solid #F00; font-weight: normal; left:10em; padding: 2px; position: absolute; top: -1em; -webkit-border-radius:5px; -webkit-box-shadow:1px 1px 7px #000; z-index: 1}
.with_tooltip { position: relative; }
.with_tooltip:hover .tooltip, .visited:hover .tooltip { display: block; }
</style>
</head>
<body>
<center><h1>Cfg Node <a href="./../../ParameterizedTestTest.java.88da44e98279dfa32c0c7e5c52f053d0.html#LINE795">10</a></h1></center>PROC: <a href="./../org.junit.tests.running.classes.ParameterizedTestTest.testsAreExecutedWhenAssumptionInParametersMeth.e80d33c7e0641b1f893e84e59c8230b0.html">void ParameterizedTestTest.testsAreExecutedWhenAssumptionInParametersMethodDoesNotFail()</a> LINE: <a href="./../../ParameterizedTestTest.java.88da44e98279dfa32c0c7e5c52f053d0.html#LINE795">795</a>
<br>PREDS:
<a href="./../nodes/org.junit.tests.running.classes.ParameterizedTestTest.testsAreExecutedWhenAssumptionInParametersMeth.e80d33c7e0641b1f893e84e59c8230b0_node9.html"><span class='visited with_tooltip'>N_9<span class='tooltip'>node9 preds:8 succs:10 exn:3 </span></span></a><br>SUCCS:
<a href="./../nodes/org.junit.tests.running.classes.ParameterizedTestTest.testsAreExecutedWhenAssumptionInParametersMeth.e80d33c7e0641b1f893e84e59c8230b0_node11.html"><span class='visited with_tooltip'>N_11<span class='tooltip'>node11 preds:10 succs:12 exn:3 </span></span></a><br>EXN:
<a href="./../nodes/org.junit.tests.running.classes.ParameterizedTestTest.testsAreExecutedWhenAssumptionInParametersMeth.e80d33c7e0641b1f893e84e59c8230b0_node3.html"><span class='visited with_tooltip'>N_3<span class='tooltip'>node3 preds: succs:2 exn:2 </span></span></a><br>
<LISTING class='color_green'>n$9=*&amp;result:org.junit.runner.Result* [line 795];
_=*n$9:org.junit.runner.Result*(root org.junit.runner.Result) [line 795];
n$11=_fun_int Result.getAssumptionFailureCount()(n$9:org.junit.runner.Result*) virtual [line 795];
*&amp;$irvar2:int=n$11 [line 795];
</LISTING>
<hr width="100%">
<a name="session16" href="./../nodes/org.junit.tests.running.classes.ParameterizedTestTest.testsAreExecutedWhenAssumptionInParametersMeth.e80d33c7e0641b1f893e84e59c8230b0_node10.html#session16">node10#session16</a>(<a href="./../../ParameterizedTestTest.java.88da44e98279dfa32c0c7e5c52f053d0.html#LINE795">795</a>) [compute pre] liveness 10
<LISTING class='color_black'>JOIN

LEFT:   normal:{ result, $irvar2 }, exn:{ }
RIGHT:  normal:{ }, exn:{ }
RESULT: normal:{ result, $irvar2 }, exn:{ }

</LISTING>
<hr width="100%">
<a name="session17" href="./../nodes/org.junit.tests.running.classes.ParameterizedTestTest.testsAreExecutedWhenAssumptionInParametersMeth.e80d33c7e0641b1f893e84e59c8230b0_node10.html#session17">node10#session17</a>(<a href="./../../ParameterizedTestTest.java.88da44e98279dfa32c0c7e5c52f053d0.html#LINE795">795</a>) [exec] liveness 10
<LISTING class='color_black'>PRE STATE:
normal:{ result, $irvar2 }, exn:{ }

INSTR=  *&amp;$irvar2:int=n$11 [line 795]; 

STATE:
normal:{ n$11, result }, exn:{ }

INSTR=  n$11=_fun_int Result.getAssumptionFailureCount()(n$9:org.junit.runner.Result*) virtual [line 795]; 

STATE:
normal:{ n$9, result }, exn:{ }

INSTR=  _=*n$9:org.junit.runner.Result*(root org.junit.runner.Result) [line 795]; 

STATE UNCHANGED

INSTR=  n$9=*&amp;result:org.junit.runner.Result* [line 795]; 

STATE:
normal:{ result }, exn:{ }

</LISTING>
<hr width="100%">
<a name="session45" href="./../nodes/org.junit.tests.running.classes.ParameterizedTestTest.testsAreExecutedWhenAssumptionInParametersMeth.e80d33c7e0641b1f893e84e59c8230b0_node10.html#session45">node10#session45</a>(<a href="./../../ParameterizedTestTest.java.88da44e98279dfa32c0c7e5c52f053d0.html#LINE795">795</a>) [compute pre] nullify
<LISTING class='color_black'></LISTING>
<hr width="100%">
<a name="session46" href="./../nodes/org.junit.tests.running.classes.ParameterizedTestTest.testsAreExecutedWhenAssumptionInParametersMeth.e80d33c7e0641b1f893e84e59c8230b0_node10.html#session46">node10#session46</a>(<a href="./../../ParameterizedTestTest.java.88da44e98279dfa32c0c7e5c52f053d0.html#LINE795">795</a>) [exec] nullify
<LISTING class='color_black'>PRE STATE:
(normal:{ result }, exn:{ },normal:{ n$7, n$8, $irvar1 }, exn:{ })

INSTR=  n$9=*&amp;result:org.junit.runner.Result* [line 795]; 

STATE:
(normal:{ n$9, result }, exn:{ },normal:{ n$7, n$8, $irvar1 }, exn:{ })

INSTR=  _=*n$9:org.junit.runner.Result*(root org.junit.runner.Result) [line 795]; 

STATE:
(normal:{ _, n$9, result }, exn:{ },normal:{ n$7, n$8, $irvar1 }, exn:{ })

INSTR=  n$11=_fun_int Result.getAssumptionFailureCount()(n$9:org.junit.runner.Result*) virtual [line 795]; 

STATE:
(normal:{ _, n$9, n$11, result }, exn:{ },
normal:{ n$7, n$8, $irvar1 }, exn:{ })

INSTR=  *&amp;$irvar2:int=n$11 [line 795]; 

STATE:
(normal:{ result, $irvar2 }, exn:{ },normal:{ _, n$9, n$11 }, exn:{ })

</LISTING>
<hr width="100%">
<a name="session76" href="./../nodes/org.junit.tests.running.classes.ParameterizedTestTest.testsAreExecutedWhenAssumptionInParametersMeth.e80d33c7e0641b1f893e84e59c8230b0_node10.html#session76">node10#session76</a>(<a href="./../../ParameterizedTestTest.java.88da44e98279dfa32c0c7e5c52f053d0.html#LINE795">795</a>) [compute pre] devirtualizer analysis 10
<LISTING class='color_black'></LISTING>
<hr width="100%">
<a name="session77" href="./../nodes/org.junit.tests.running.classes.ParameterizedTestTest.testsAreExecutedWhenAssumptionInParametersMeth.e80d33c7e0641b1f893e84e59c8230b0_node10.html#session77">node10#session77</a>(<a href="./../../ParameterizedTestTest.java.88da44e98279dfa32c0c7e5c52f053d0.html#LINE795">795</a>) [exec] devirtualizer analysis 10
<LISTING class='color_black'>PRE STATE:
{ }

INSTR=  n$9=*&amp;result:org.junit.runner.Result* [line 795]; 

STATE UNCHANGED

INSTR=  _=*n$9:org.junit.runner.Result*(root org.junit.runner.Result) [line 795]; 

STATE UNCHANGED

INSTR=  n$11=_fun_int Result.getAssumptionFailureCount()(n$9:org.junit.runner.Result*) virtual [line 795]; 

STATE UNCHANGED

INSTR=  *&amp;$irvar2:int=n$11 [line 795]; 

STATE UNCHANGED

INSTR=  EXIT_SCOPE(_,n$9,n$11); [line 795]; 

STATE UNCHANGED

</LISTING>
<hr width="100%">
<a name="session116" href="./../nodes/org.junit.tests.running.classes.ParameterizedTestTest.testsAreExecutedWhenAssumptionInParametersMeth.e80d33c7e0641b1f893e84e59c8230b0_node10.html#session116">node10#session116</a>(<a href="./../../ParameterizedTestTest.java.88da44e98279dfa32c0c7e5c52f053d0.html#LINE795">795</a>) [exec] devirtualizer
<LISTING class='color_black'></LISTING>
<hr width="100%">
<a name="session117" href="./../nodes/org.junit.tests.running.classes.ParameterizedTestTest.testsAreExecutedWhenAssumptionInParametersMeth.e80d33c7e0641b1f893e84e59c8230b0_node10.html#session117">node10#session117</a>(<a href="./../../ParameterizedTestTest.java.88da44e98279dfa32c0c7e5c52f053d0.html#LINE795">795</a>) [exec] devirtualizer
<LISTING class='color_black'></LISTING>
<hr width="100%">
<a name="session118" href="./../nodes/org.junit.tests.running.classes.ParameterizedTestTest.testsAreExecutedWhenAssumptionInParametersMeth.e80d33c7e0641b1f893e84e59c8230b0_node10.html#session118">node10#session118</a>(<a href="./../../ParameterizedTestTest.java.88da44e98279dfa32c0c7e5c52f053d0.html#LINE795">795</a>) [exec] devirtualizer
<LISTING class='color_black'>virtual call int Result.getAssumptionFailureCount() 
</LISTING>
<hr width="100%">
<a name="session119" href="./../nodes/org.junit.tests.running.classes.ParameterizedTestTest.testsAreExecutedWhenAssumptionInParametersMeth.e80d33c7e0641b1f893e84e59c8230b0_node10.html#session119">node10#session119</a>(<a href="./../../ParameterizedTestTest.java.88da44e98279dfa32c0c7e5c52f053d0.html#LINE795">795</a>) [exec] devirtualizer
<LISTING class='color_black'></LISTING>
<hr width="100%">
<a name="session120" href="./../nodes/org.junit.tests.running.classes.ParameterizedTestTest.testsAreExecutedWhenAssumptionInParametersMeth.e80d33c7e0641b1f893e84e59c8230b0_node10.html#session120">node10#session120</a>(<a href="./../../ParameterizedTestTest.java.88da44e98279dfa32c0c7e5c52f053d0.html#LINE795">795</a>) [exec] devirtualizer
<LISTING class='color_black'></LISTING>
<hr width="100%">
<a name="session14" href="./../nodes/org.junit.tests.running.classes.ParameterizedTestTest.testsAreExecutedWhenAssumptionInParametersMeth.e80d33c7e0641b1f893e84e59c8230b0_node10.html#session14">node10#session14</a>(<a href="./../../ParameterizedTestTest.java.88da44e98279dfa32c0c7e5c52f053d0.html#LINE795">795</a>) [compute pre] starvation
<LISTING class='color_black'></LISTING>
<hr width="100%">
<a name="session15" href="./../nodes/org.junit.tests.running.classes.ParameterizedTestTest.testsAreExecutedWhenAssumptionInParametersMeth.e80d33c7e0641b1f893e84e59c8230b0_node10.html#session15">node10#session15</a>(<a href="./../../ParameterizedTestTest.java.88da44e98279dfa32c0c7e5c52f053d0.html#LINE795">795</a>) [exec] starvation
<LISTING class='color_black'>PRE STATE:
{guard_map= { }; lock_state= {map= { }; acquisitions= { }};
 critical_pairs= { }; attributes= { }; thread= UnknownThread;
 scheduled_work= { }; var_state= { }}

INSTR=  n$9=*&amp;result:org.junit.runner.Result* [line 795]; 

STATE:
{guard_map= { }; lock_state= {map= { }; acquisitions= { }};
 critical_pairs= { }; attributes= { }; thread= UnknownThread;
 scheduled_work= { }; var_state= { n$9 -&gt; result }}

INSTR=  _=*n$9:org.junit.runner.Result*(root org.junit.runner.Result) [line 795]; 

STATE UNCHANGED

INSTR=  n$11=_fun_int Result.getAssumptionFailureCount()(n$9:org.junit.runner.Result*) virtual [line 795]; 

STATE:
{guard_map= { }; lock_state= {map= { }; acquisitions= { }};
 critical_pairs= { }; attributes= { }; thread= UnknownThread;
 scheduled_work= { }; var_state= { n$9 -&gt; result }}

INSTR=  *&amp;$irvar2:int=n$11 [line 795]; 

STATE:
{guard_map= { }; lock_state= {map= { }; acquisitions= { }};
 critical_pairs= { }; attributes= { }; thread= UnknownThread;
 scheduled_work= { }; var_state= { n$9 -&gt; result, $irvar2 -&gt; n$11 }}

INSTR=  EXIT_SCOPE(_,n$9,n$11); [line 795]; 

STATE:
{guard_map= { }; lock_state= {map= { }; acquisitions= { }};
 critical_pairs= { }; attributes= { }; thread= UnknownThread;
 scheduled_work= { }; var_state= { }}

</LISTING>
<hr width="100%">
<a name="session43" href="./../nodes/org.junit.tests.running.classes.ParameterizedTestTest.testsAreExecutedWhenAssumptionInParametersMeth.e80d33c7e0641b1f893e84e59c8230b0_node10.html#session43">node10#session43</a>(<a href="./../../ParameterizedTestTest.java.88da44e98279dfa32c0c7e5c52f053d0.html#LINE795">795</a>) [compute pre] racerd
<LISTING class='color_black'></LISTING>
<hr width="100%">
<a name="session44" href="./../nodes/org.junit.tests.running.classes.ParameterizedTestTest.testsAreExecutedWhenAssumptionInParametersMeth.e80d33c7e0641b1f893e84e59c8230b0_node10.html#session44">node10#session44</a>(<a href="./../../ParameterizedTestTest.java.88da44e98279dfa32c0c7e5c52f053d0.html#LINE795">795</a>) [exec] racerd
<LISTING class='color_black'>PRE STATE:
Threads: NoThread, Locks: 0 
Accesses { {elem= Access: Read of model.TestClass.FIELD_COMPARATOR Thread: NoThread Lock: false Pre: Unowned;
            loc= line 78;
            trace= { Result JUnitCore.runClasses(Class[]) at line 793,
                     Result JUnitCore.runClasses(Computer,Class[]) at line 53,
                     Result JUnitCore.run(Computer,Class[]) at line 66,
                     Request Request.classes(Computer,Class[]) at line 109,
                     Runner Computer.getSuite(RunnerBuilder,Class[]) at line 77,
                     Computer$2.&lt;init&gt;(Computer,RunnerBuilder,Class[]) at line 28,
                     Suite.&lt;init&gt;(RunnerBuilder,Class[]) at line 33,
                     Suite.&lt;init&gt;(Class,List) at line 81,
                     ParentRunner.&lt;init&gt;(Class) at line 112,
                     TestClass ParentRunner.createTestClass(Class) at line 91,
                     TestClass.&lt;init&gt;(Class) at line 111,
                     void TestClass.scanAnnotatedMembers(Map,Map) at line 57,
                     Field[] TestClass.getSortedDeclaredFields(Class) at line 70 }},
           {elem= Access: Read of lang.Void.TYPE Thread: NoThread Lock: false Pre: Unowned;
            loc= line 107;
            trace= { Result JUnitCore.runClasses(Class[]) at line 793,
                     Result JUnitCore.runClasses(Computer,Class[]) at line 53,
                     Result JUnitCore.run(Computer,Class[]) at line 66,
                     Request Request.classes(Computer,Class[]) at line 109,
                     Runner Computer.getSuite(RunnerBuilder,Class[]) at line 77,
                     Computer$2.&lt;init&gt;(Computer,RunnerBuilder,Class[]) at line 28,
                     Suite.&lt;init&gt;(RunnerBuilder,Class[]) at line 33,
                     Suite.&lt;init&gt;(Class,List) at line 81,
                     ParentRunner.&lt;init&gt;(Class) at line 112,
                     void ParentRunner.validate() at line 92,
                     void ParentRunner.collectInitializationErrors(List) at line 523,
                     void ParentRunner.validatePublicVoidNoArgMethods(Class,boolean,List) at line 148,
                     void FrameworkMethod.validatePublicVoidNoArg(boolean,List) at line 178,
                     void FrameworkMethod.validatePublicVoid(boolean,List) at line 83 }},
           {elem= Access: Read of runners.ParentRunner.VALIDATORS Thread: NoThread Lock: false Pre: Unowned;
            loc= line 156;
            trace= { Result JUnitCore.runClasses(Class[]) at line 793,
                     Result JUnitCore.runClasses(Computer,Class[]) at line 53,
                     Result JUnitCore.run(Computer,Class[]) at line 66,
                     Request Request.classes(Computer,Class[]) at line 109,
                     Runner Computer.getSuite(RunnerBuilder,Class[]) at line 77,
                     Computer$2.&lt;init&gt;(Computer,RunnerBuilder,Class[]) at line 28,
                     Suite.&lt;init&gt;(RunnerBuilder,Class[]) at line 33,
                     Suite.&lt;init&gt;(Class,List) at line 81,
                     ParentRunner.&lt;init&gt;(Class) at line 112,
                     void ParentRunner.validate() at line 92,
                     void ParentRunner.collectInitializationErrors(List) at line 523,
                     void ParentRunner.applyValidators(List) at line 151 }},
           {elem= Access: Read of internal.MethodSorter.DEFAULT Thread: NoThread Lock: false Pre: Unowned;
            loc= line 67;
            trace= { Result JUnitCore.runClasses(Class[]) at line 793,
                     Result JUnitCore.runClasses(Computer,Class[]) at line 53,
                     Result JUnitCore.run(Computer,Class[]) at line 66,
                     Request Request.classes(Computer,Class[]) at line 109,
                     Runner Computer.getSuite(RunnerBuilder,Class[]) at line 77,
                     Computer$2.&lt;init&gt;(Computer,RunnerBuilder,Class[]) at line 28,
                     Suite.&lt;init&gt;(RunnerBuilder,Class[]) at line 33,
                     Suite.&lt;init&gt;(Class,List) at line 81,
                     ParentRunner.&lt;init&gt;(Class) at line 112,
                     TestClass ParentRunner.createTestClass(Class) at line 91,
                     TestClass.&lt;init&gt;(Class) at line 111,
                     void TestClass.scanAnnotatedMembers(Map,Map) at line 57,
                     Method[] MethodSorter.getDeclaredMethods(Class) at line 65,
                     Comparator MethodSorter.getSorter(FixMethodOrder) at line 52 }},
           {elem= Access: Read of rules.RuleMemberValidator.CLASS_RULE_METHOD_VALIDATOR Thread: NoThread Lock: false Pre: Unowned;
            loc= line 184;
            trace= { Result JUnitCore.runClasses(Class[]) at line 793,
                     Result JUnitCore.runClasses(Computer,Class[]) at line 53,
                     Result JUnitCore.run(Computer,Class[]) at line 66,
                     Request Request.classes(Computer,Class[]) at line 109,
                     Runner Computer.getSuite(RunnerBuilder,Class[]) at line 77,
                     Computer$2.&lt;init&gt;(Computer,RunnerBuilder,Class[]) at line 28,
                     Suite.&lt;init&gt;(RunnerBuilder,Class[]) at line 33,
                     Suite.&lt;init&gt;(Class,List) at line 81,
                     ParentRunner.&lt;init&gt;(Class) at line 112,
                     void ParentRunner.validate() at line 92,
                     void ParentRunner.collectInitializationErrors(List) at line 523,
                     void ParentRunner.validateClassRules(List) at line 150 }},
           {elem= Access: Read of rules.RuleMemberValidator.CLASS_RULE_VALIDATOR Thread: NoThread Lock: false Pre: Unowned;
            loc= line 183;
            trace= { Result JUnitCore.runClasses(Class[]) at line 793,
                     Result JUnitCore.runClasses(Computer,Class[]) at line 53,
                     Result JUnitCore.run(Computer,Class[]) at line 66,
                     Request Request.classes(Computer,Class[]) at line 109,
                     Runner Computer.getSuite(RunnerBuilder,Class[]) at line 77,
                     Computer$2.&lt;init&gt;(Computer,RunnerBuilder,Class[]) at line 28,
                     Suite.&lt;init&gt;(RunnerBuilder,Class[]) at line 33,
                     Suite.&lt;init&gt;(Class,List) at line 81,
                     ParentRunner.&lt;init&gt;(Class) at line 112,
                     void ParentRunner.validate() at line 92,
                     void ParentRunner.collectInitializationErrors(List) at line 523,
                     void ParentRunner.validateClassRules(List) at line 150 }},
           {elem= Access: Read of rules.RuleMemberValidator.CLASS_RULE_METHOD_VALIDATOR-&gt;annotation Thread: NoThread Lock: false Pre: Unowned;
            loc= line 89;
            trace= { Result JUnitCore.runClasses(Class[]) at line 793,
                     Result JUnitCore.runClasses(Computer,Class[]) at line 53,
                     Result JUnitCore.run(Computer,Class[]) at line 66,
                     Request Request.classes(Computer,Class[]) at line 109,
                     Runner Computer.getSuite(RunnerBuilder,Class[]) at line 77,
                     Computer$2.&lt;init&gt;(Computer,RunnerBuilder,Class[]) at line 28,
                     Suite.&lt;init&gt;(RunnerBuilder,Class[]) at line 33,
                     Suite.&lt;init&gt;(Class,List) at line 81,
                     ParentRunner.&lt;init&gt;(Class) at line 112,
                     void ParentRunner.validate() at line 92,
                     void ParentRunner.collectInitializationErrors(List) at line 523,
                     void ParentRunner.validateClassRules(List) at line 150,
                     void RuleMemberValidator.validate(TestClass,List) at line 184 }},
           {elem= Access: Read of rules.RuleMemberValidator.CLASS_RULE_METHOD_VALIDATOR-&gt;methods Thread: NoThread Lock: false Pre: Unowned;
            loc= line 89;
            trace= { Result JUnitCore.runClasses(Class[]) at line 793,
                     Result JUnitCore.runClasses(Computer,Class[]) at line 53,
                     Result JUnitCore.run(Computer,Class[]) at line 66,
                     Request Request.classes(Computer,Class[]) at line 109,
                     Runner Computer.getSuite(RunnerBuilder,Class[]) at line 77,
                     Computer$2.&lt;init&gt;(Computer,RunnerBuilder,Class[]) at line 28,
                     Suite.&lt;init&gt;(RunnerBuilder,Class[]) at line 33,
                     Suite.&lt;init&gt;(Class,List) at line 81,
                     ParentRunner.&lt;init&gt;(Class) at line 112,
                     void ParentRunner.validate() at line 92,
                     void ParentRunner.collectInitializationErrors(List) at line 523,
                     void ParentRunner.validateClassRules(List) at line 150,
                     void RuleMemberValidator.validate(TestClass,List) at line 184 }},
           {elem= Access: Read of rules.RuleMemberValidator.CLASS_RULE_METHOD_VALIDATOR-&gt;validatorStrategies Thread: NoThread Lock: false Pre: Unowned;
            loc= line 98;
            trace= { Result JUnitCore.runClasses(Class[]) at line 793,
                     Result JUnitCore.runClasses(Computer,Class[]) at line 53,
                     Result JUnitCore.run(Computer,Class[]) at line 66,
                     Request Request.classes(Computer,Class[]) at line 109,
                     Runner Computer.getSuite(RunnerBuilder,Class[]) at line 77,
                     Computer$2.&lt;init&gt;(Computer,RunnerBuilder,Class[]) at line 28,
                     Suite.&lt;init&gt;(RunnerBuilder,Class[]) at line 33,
                     Suite.&lt;init&gt;(Class,List) at line 81,
                     ParentRunner.&lt;init&gt;(Class) at line 112,
                     void ParentRunner.validate() at line 92,
                     void ParentRunner.collectInitializationErrors(List) at line 523,
                     void ParentRunner.validateClassRules(List) at line 150,
                     void RuleMemberValidator.validate(TestClass,List) at line 184,
                     void RuleMemberValidator.validateMember(FrameworkMember,List) at line 93 }},
           {elem= Access: Read of rules.RuleMemberValidator.CLASS_RULE_VALIDATOR-&gt;annotation Thread: NoThread Lock: false Pre: Unowned;
            loc= line 89;
            trace= { Result JUnitCore.runClasses(Class[]) at line 793,
                     Result JUnitCore.runClasses(Computer,Class[]) at line 53,
                     Result JUnitCore.run(Computer,Class[]) at line 66,
                     Request Request.classes(Computer,Class[]) at line 109,
                     Runner Computer.getSuite(RunnerBuilder,Class[]) at line 77,
                     Computer$2.&lt;init&gt;(Computer,RunnerBuilder,Class[]) at line 28,
                     Suite.&lt;init&gt;(RunnerBuilder,Class[]) at line 33,
                     Suite.&lt;init&gt;(Class,List) at line 81,
                     ParentRunner.&lt;init&gt;(Class) at line 112,
                     void ParentRunner.validate() at line 92,
                     void ParentRunner.collectInitializationErrors(List) at line 523,
                     void ParentRunner.validateClassRules(List) at line 150,
                     void RuleMemberValidator.validate(TestClass,List) at line 183 }},
           {elem= Access: Read of rules.RuleMemberValidator.CLASS_RULE_VALIDATOR-&gt;methods Thread: NoThread Lock: false Pre: Unowned;
            loc= line 89;
            trace= { Result JUnitCore.runClasses(Class[]) at line 793,
                     Result JUnitCore.runClasses(Computer,Class[]) at line 53,
                     Result JUnitCore.run(Computer,Class[]) at line 66,
                     Request Request.classes(Computer,Class[]) at line 109,
                     Runner Computer.getSuite(RunnerBuilder,Class[]) at line 77,
                     Computer$2.&lt;init&gt;(Computer,RunnerBuilder,Class[]) at line 28,
                     Suite.&lt;init&gt;(RunnerBuilder,Class[]) at line 33,
                     Suite.&lt;init&gt;(Class,List) at line 81,
                     ParentRunner.&lt;init&gt;(Class) at line 112,
                     void ParentRunner.validate() at line 92,
                     void ParentRunner.collectInitializationErrors(List) at line 523,
                     void ParentRunner.validateClassRules(List) at line 150,
                     void RuleMemberValidator.validate(TestClass,List) at line 183 }},
           {elem= Access: Read of rules.RuleMemberValidator.CLASS_RULE_VALIDATOR-&gt;validatorStrategies Thread: NoThread Lock: false Pre: Unowned;
            loc= line 98;
            trace= { Result JUnitCore.runClasses(Class[]) at line 793,
                     Result JUnitCore.runClasses(Computer,Class[]) at line 53,
                     Result JUnitCore.run(Computer,Class[]) at line 66,
                     Request Request.classes(Computer,Class[]) at line 109,
                     Runner Computer.getSuite(RunnerBuilder,Class[]) at line 77,
                     Computer$2.&lt;init&gt;(Computer,RunnerBuilder,Class[]) at line 28,
                     Suite.&lt;init&gt;(RunnerBuilder,Class[]) at line 33,
                     Suite.&lt;init&gt;(Class,List) at line 81,
                     ParentRunner.&lt;init&gt;(Class) at line 112,
                     void ParentRunner.validate() at line 92,
                     void ParentRunner.collectInitializationErrors(List) at line 523,
                     void ParentRunner.validateClassRules(List) at line 150,
                     void RuleMemberValidator.validate(TestClass,List) at line 183,
                     void RuleMemberValidator.validateMember(FrameworkMember,List) at line 93 }},
           {elem= Access: Write to classes.ParameterizedTestTest$AssumptionInParametersMethod.assumptionFails Thread: NoThread Lock: false Pre: Unowned;
            loc= line 792; trace= { }} } 
Ownership: { n$0 -&gt; Owned,
             n$3 -&gt; Owned,
             n$6 -&gt; Owned,
             n$8 -&gt; Unowned,
             result -&gt; Owned,
             this -&gt; OwnedIf{ 0 },
             *n$0[_] -&gt; Owned } 
Attributes: { n$6 -&gt; Functional,
              classes.ParameterizedTestTest$AssumptionInParametersMethod.assumptionFails -&gt; Functional,
              *n$0[_] -&gt; Functional } 




INSTR=  n$11 := int Result.getAssumptionFailureCount()({ result }) [line 795]; 

STATE:
Threads: NoThread, Locks: 0 
Accesses { {elem= Access: Read of model.TestClass.FIELD_COMPARATOR Thread: NoThread Lock: false Pre: Unowned;
            loc= line 78;
            trace= { Result JUnitCore.runClasses(Class[]) at line 793,
                     Result JUnitCore.runClasses(Computer,Class[]) at line 53,
                     Result JUnitCore.run(Computer,Class[]) at line 66,
                     Request Request.classes(Computer,Class[]) at line 109,
                     Runner Computer.getSuite(RunnerBuilder,Class[]) at line 77,
                     Computer$2.&lt;init&gt;(Computer,RunnerBuilder,Class[]) at line 28,
                     Suite.&lt;init&gt;(RunnerBuilder,Class[]) at line 33,
                     Suite.&lt;init&gt;(Class,List) at line 81,
                     ParentRunner.&lt;init&gt;(Class) at line 112,
                     TestClass ParentRunner.createTestClass(Class) at line 91,
                     TestClass.&lt;init&gt;(Class) at line 111,
                     void TestClass.scanAnnotatedMembers(Map,Map) at line 57,
                     Field[] TestClass.getSortedDeclaredFields(Class) at line 70 }},
           {elem= Access: Read of lang.Void.TYPE Thread: NoThread Lock: false Pre: Unowned;
            loc= line 107;
            trace= { Result JUnitCore.runClasses(Class[]) at line 793,
                     Result JUnitCore.runClasses(Computer,Class[]) at line 53,
                     Result JUnitCore.run(Computer,Class[]) at line 66,
                     Request Request.classes(Computer,Class[]) at line 109,
                     Runner Computer.getSuite(RunnerBuilder,Class[]) at line 77,
                     Computer$2.&lt;init&gt;(Computer,RunnerBuilder,Class[]) at line 28,
                     Suite.&lt;init&gt;(RunnerBuilder,Class[]) at line 33,
                     Suite.&lt;init&gt;(Class,List) at line 81,
                     ParentRunner.&lt;init&gt;(Class) at line 112,
                     void ParentRunner.validate() at line 92,
                     void ParentRunner.collectInitializationErrors(List) at line 523,
                     void ParentRunner.validatePublicVoidNoArgMethods(Class,boolean,List) at line 148,
                     void FrameworkMethod.validatePublicVoidNoArg(boolean,List) at line 178,
                     void FrameworkMethod.validatePublicVoid(boolean,List) at line 83 }},
           {elem= Access: Read of runners.ParentRunner.VALIDATORS Thread: NoThread Lock: false Pre: Unowned;
            loc= line 156;
            trace= { Result JUnitCore.runClasses(Class[]) at line 793,
                     Result JUnitCore.runClasses(Computer,Class[]) at line 53,
                     Result JUnitCore.run(Computer,Class[]) at line 66,
                     Request Request.classes(Computer,Class[]) at line 109,
                     Runner Computer.getSuite(RunnerBuilder,Class[]) at line 77,
                     Computer$2.&lt;init&gt;(Computer,RunnerBuilder,Class[]) at line 28,
                     Suite.&lt;init&gt;(RunnerBuilder,Class[]) at line 33,
                     Suite.&lt;init&gt;(Class,List) at line 81,
                     ParentRunner.&lt;init&gt;(Class) at line 112,
                     void ParentRunner.validate() at line 92,
                     void ParentRunner.collectInitializationErrors(List) at line 523,
                     void ParentRunner.applyValidators(List) at line 151 }},
           {elem= Access: Read of internal.MethodSorter.DEFAULT Thread: NoThread Lock: false Pre: Unowned;
            loc= line 67;
            trace= { Result JUnitCore.runClasses(Class[]) at line 793,
                     Result JUnitCore.runClasses(Computer,Class[]) at line 53,
                     Result JUnitCore.run(Computer,Class[]) at line 66,
                     Request Request.classes(Computer,Class[]) at line 109,
                     Runner Computer.getSuite(RunnerBuilder,Class[]) at line 77,
                     Computer$2.&lt;init&gt;(Computer,RunnerBuilder,Class[]) at line 28,
                     Suite.&lt;init&gt;(RunnerBuilder,Class[]) at line 33,
                     Suite.&lt;init&gt;(Class,List) at line 81,
                     ParentRunner.&lt;init&gt;(Class) at line 112,
                     TestClass ParentRunner.createTestClass(Class) at line 91,
                     TestClass.&lt;init&gt;(Class) at line 111,
                     void TestClass.scanAnnotatedMembers(Map,Map) at line 57,
                     Method[] MethodSorter.getDeclaredMethods(Class) at line 65,
                     Comparator MethodSorter.getSorter(FixMethodOrder) at line 52 }},
           {elem= Access: Read of rules.RuleMemberValidator.CLASS_RULE_METHOD_VALIDATOR Thread: NoThread Lock: false Pre: Unowned;
            loc= line 184;
            trace= { Result JUnitCore.runClasses(Class[]) at line 793,
                     Result JUnitCore.runClasses(Computer,Class[]) at line 53,
                     Result JUnitCore.run(Computer,Class[]) at line 66,
                     Request Request.classes(Computer,Class[]) at line 109,
                     Runner Computer.getSuite(RunnerBuilder,Class[]) at line 77,
                     Computer$2.&lt;init&gt;(Computer,RunnerBuilder,Class[]) at line 28,
                     Suite.&lt;init&gt;(RunnerBuilder,Class[]) at line 33,
                     Suite.&lt;init&gt;(Class,List) at line 81,
                     ParentRunner.&lt;init&gt;(Class) at line 112,
                     void ParentRunner.validate() at line 92,
                     void ParentRunner.collectInitializationErrors(List) at line 523,
                     void ParentRunner.validateClassRules(List) at line 150 }},
           {elem= Access: Read of rules.RuleMemberValidator.CLASS_RULE_VALIDATOR Thread: NoThread Lock: false Pre: Unowned;
            loc= line 183;
            trace= { Result JUnitCore.runClasses(Class[]) at line 793,
                     Result JUnitCore.runClasses(Computer,Class[]) at line 53,
                     Result JUnitCore.run(Computer,Class[]) at line 66,
                     Request Request.classes(Computer,Class[]) at line 109,
                     Runner Computer.getSuite(RunnerBuilder,Class[]) at line 77,
                     Computer$2.&lt;init&gt;(Computer,RunnerBuilder,Class[]) at line 28,
                     Suite.&lt;init&gt;(RunnerBuilder,Class[]) at line 33,
                     Suite.&lt;init&gt;(Class,List) at line 81,
                     ParentRunner.&lt;init&gt;(Class) at line 112,
                     void ParentRunner.validate() at line 92,
                     void ParentRunner.collectInitializationErrors(List) at line 523,
                     void ParentRunner.validateClassRules(List) at line 150 }},
           {elem= Access: Read of rules.RuleMemberValidator.CLASS_RULE_METHOD_VALIDATOR-&gt;annotation Thread: NoThread Lock: false Pre: Unowned;
            loc= line 89;
            trace= { Result JUnitCore.runClasses(Class[]) at line 793,
                     Result JUnitCore.runClasses(Computer,Class[]) at line 53,
                     Result JUnitCore.run(Computer,Class[]) at line 66,
                     Request Request.classes(Computer,Class[]) at line 109,
                     Runner Computer.getSuite(RunnerBuilder,Class[]) at line 77,
                     Computer$2.&lt;init&gt;(Computer,RunnerBuilder,Class[]) at line 28,
                     Suite.&lt;init&gt;(RunnerBuilder,Class[]) at line 33,
                     Suite.&lt;init&gt;(Class,List) at line 81,
                     ParentRunner.&lt;init&gt;(Class) at line 112,
                     void ParentRunner.validate() at line 92,
                     void ParentRunner.collectInitializationErrors(List) at line 523,
                     void ParentRunner.validateClassRules(List) at line 150,
                     void RuleMemberValidator.validate(TestClass,List) at line 184 }},
           {elem= Access: Read of rules.RuleMemberValidator.CLASS_RULE_METHOD_VALIDATOR-&gt;methods Thread: NoThread Lock: false Pre: Unowned;
            loc= line 89;
            trace= { Result JUnitCore.runClasses(Class[]) at line 793,
                     Result JUnitCore.runClasses(Computer,Class[]) at line 53,
                     Result JUnitCore.run(Computer,Class[]) at line 66,
                     Request Request.classes(Computer,Class[]) at line 109,
                     Runner Computer.getSuite(RunnerBuilder,Class[]) at line 77,
                     Computer$2.&lt;init&gt;(Computer,RunnerBuilder,Class[]) at line 28,
                     Suite.&lt;init&gt;(RunnerBuilder,Class[]) at line 33,
                     Suite.&lt;init&gt;(Class,List) at line 81,
                     ParentRunner.&lt;init&gt;(Class) at line 112,
                     void ParentRunner.validate() at line 92,
                     void ParentRunner.collectInitializationErrors(List) at line 523,
                     void ParentRunner.validateClassRules(List) at line 150,
                     void RuleMemberValidator.validate(TestClass,List) at line 184 }},
           {elem= Access: Read of rules.RuleMemberValidator.CLASS_RULE_METHOD_VALIDATOR-&gt;validatorStrategies Thread: NoThread Lock: false Pre: Unowned;
            loc= line 98;
            trace= { Result JUnitCore.runClasses(Class[]) at line 793,
                     Result JUnitCore.runClasses(Computer,Class[]) at line 53,
                     Result JUnitCore.run(Computer,Class[]) at line 66,
                     Request Request.classes(Computer,Class[]) at line 109,
                     Runner Computer.getSuite(RunnerBuilder,Class[]) at line 77,
                     Computer$2.&lt;init&gt;(Computer,RunnerBuilder,Class[]) at line 28,
                     Suite.&lt;init&gt;(RunnerBuilder,Class[]) at line 33,
                     Suite.&lt;init&gt;(Class,List) at line 81,
                     ParentRunner.&lt;init&gt;(Class) at line 112,
                     void ParentRunner.validate() at line 92,
                     void ParentRunner.collectInitializationErrors(List) at line 523,
                     void ParentRunner.validateClassRules(List) at line 150,
                     void RuleMemberValidator.validate(TestClass,List) at line 184,
                     void RuleMemberValidator.validateMember(FrameworkMember,List) at line 93 }},
           {elem= Access: Read of rules.RuleMemberValidator.CLASS_RULE_VALIDATOR-&gt;annotation Thread: NoThread Lock: false Pre: Unowned;
            loc= line 89;
            trace= { Result JUnitCore.runClasses(Class[]) at line 793,
                     Result JUnitCore.runClasses(Computer,Class[]) at line 53,
                     Result JUnitCore.run(Computer,Class[]) at line 66,
                     Request Request.classes(Computer,Class[]) at line 109,
                     Runner Computer.getSuite(RunnerBuilder,Class[]) at line 77,
                     Computer$2.&lt;init&gt;(Computer,RunnerBuilder,Class[]) at line 28,
                     Suite.&lt;init&gt;(RunnerBuilder,Class[]) at line 33,
                     Suite.&lt;init&gt;(Class,List) at line 81,
                     ParentRunner.&lt;init&gt;(Class) at line 112,
                     void ParentRunner.validate() at line 92,
                     void ParentRunner.collectInitializationErrors(List) at line 523,
                     void ParentRunner.validateClassRules(List) at line 150,
                     void RuleMemberValidator.validate(TestClass,List) at line 183 }},
           {elem= Access: Read of rules.RuleMemberValidator.CLASS_RULE_VALIDATOR-&gt;methods Thread: NoThread Lock: false Pre: Unowned;
            loc= line 89;
            trace= { Result JUnitCore.runClasses(Class[]) at line 793,
                     Result JUnitCore.runClasses(Computer,Class[]) at line 53,
                     Result JUnitCore.run(Computer,Class[]) at line 66,
                     Request Request.classes(Computer,Class[]) at line 109,
                     Runner Computer.getSuite(RunnerBuilder,Class[]) at line 77,
                     Computer$2.&lt;init&gt;(Computer,RunnerBuilder,Class[]) at line 28,
                     Suite.&lt;init&gt;(RunnerBuilder,Class[]) at line 33,
                     Suite.&lt;init&gt;(Class,List) at line 81,
                     ParentRunner.&lt;init&gt;(Class) at line 112,
                     void ParentRunner.validate() at line 92,
                     void ParentRunner.collectInitializationErrors(List) at line 523,
                     void ParentRunner.validateClassRules(List) at line 150,
                     void RuleMemberValidator.validate(TestClass,List) at line 183 }},
           {elem= Access: Read of rules.RuleMemberValidator.CLASS_RULE_VALIDATOR-&gt;validatorStrategies Thread: NoThread Lock: false Pre: Unowned;
            loc= line 98;
            trace= { Result JUnitCore.runClasses(Class[]) at line 793,
                     Result JUnitCore.runClasses(Computer,Class[]) at line 53,
                     Result JUnitCore.run(Computer,Class[]) at line 66,
                     Request Request.classes(Computer,Class[]) at line 109,
                     Runner Computer.getSuite(RunnerBuilder,Class[]) at line 77,
                     Computer$2.&lt;init&gt;(Computer,RunnerBuilder,Class[]) at line 28,
                     Suite.&lt;init&gt;(RunnerBuilder,Class[]) at line 33,
                     Suite.&lt;init&gt;(Class,List) at line 81,
                     ParentRunner.&lt;init&gt;(Class) at line 112,
                     void ParentRunner.validate() at line 92,
                     void ParentRunner.collectInitializationErrors(List) at line 523,
                     void ParentRunner.validateClassRules(List) at line 150,
                     void RuleMemberValidator.validate(TestClass,List) at line 183,
                     void RuleMemberValidator.validateMember(FrameworkMember,List) at line 93 }},
           {elem= Access: Write to classes.ParameterizedTestTest$AssumptionInParametersMethod.assumptionFails Thread: NoThread Lock: false Pre: Unowned;
            loc= line 792; trace= { }} } 
Ownership: { n$0 -&gt; Owned,
             n$3 -&gt; Owned,
             n$6 -&gt; Owned,
             n$8 -&gt; Unowned,
             n$11 -&gt; Owned,
             result -&gt; Owned,
             this -&gt; OwnedIf{ 0 },
             *n$0[_] -&gt; Owned } 
Attributes: { n$6 -&gt; Functional,
              classes.ParameterizedTestTest$AssumptionInParametersMethod.assumptionFails -&gt; Functional,
              *n$0[_] -&gt; Functional } 




</LISTING>
<hr width="100%">
<a name="session66" href="./../nodes/org.junit.tests.running.classes.ParameterizedTestTest.testsAreExecutedWhenAssumptionInParametersMeth.e80d33c7e0641b1f893e84e59c8230b0_node10.html#session66">node10#session66</a>(<a href="./../../ParameterizedTestTest.java.88da44e98279dfa32c0c7e5c52f053d0.html#LINE795">795</a>) biabduction
<LISTING class='color_black'>**** [FP:Pending] void ParameterizedTestTest.testsAreExecutedWhenAssumptionInParametersMethodDoesNotFail() Node: 10, Procedure: void ParameterizedTestTest.testsAreExecutedWhenAssumptionInParametersMethodDoesNotFail(), Todo: 1 ****
  PROP 1 of 1:
  <span class='color_blue'><span class='color_red'>0 != 1</span>; <span class='color_red'>MEMna &lt; new[]:793 &gt; <span class='color_orange'>{vpath: }</span>(_t$5)</span>; <span class='color_red'>UND &lt; Result JUnitCore.runClasses(Computer,Class[]) &gt; :53(result)</span>; <span class='color_red'>RET &lt; boolean Result.wasSuccessful() &gt; (1)</span> ;
  <span class='color_red'>result = _t$4<span class='color_orange'>update:793</span>:org.junit.runner.Result*</span>; <span class='color_red'>$irvar3 = _t$3<span class='color_orange'>initial</span>:void</span>; <span class='color_red'>#GB<>$org.junit.tests.running.classes.ParameterizedTestTest$AssumptionInParametersMethod = {assumptionFails:0<span class='color_orange'>update:792</span>}<span class='color_orange'>rearrange:792</span>:org.junit.tests.running.classes.ParameterizedTestTest$AssumptionInParametersMethod( sub )</span>; <span class='color_red'>$irvar4 = _t$2<span class='color_orange'>initial</span>:void</span>; <span class='color_red'>$irvar0 = 0<span class='color_orange'>nullify</span>:void</span>; <span class='color_red'>return = _t$1<span class='color_orange'>initial</span>:void</span>; <span class='color_red'>$irvar1 = 0<span class='color_orange'>nullify</span>:void</span>; <span class='color_red'>$irvar2 = _t$0<span class='color_orange'>initial</span>:void</span>; <span class='color_red'>this = @f$0<span class='color_orange'>formal</span>:org.junit.tests.running.classes.ParameterizedTestTest*( sub )</span>; <span class='color_red'>old_this = @f$0<span class='color_orange'>formal</span>:org.junit.tests.running.classes.ParameterizedTestTest*( sub )</span> ;
  <span class='color_red'>result|->{failures:@f$1<span class='color_orange'>formal(z)</span>}<span class='color_orange'>formal(z)</span>:org.junit.runner.Result( sub )</span>; <span class='color_red'>@f$1|->{}<span class='color_orange'>formal(z)</span>:java.util.concurrent.CopyOnWriteArrayList( sub )</span>
  [footprint
     <span class='color_red'>0 != 1</span> *
     <span class='color_red'>#GB<>$org.junit.tests.running.classes.ParameterizedTestTest$AssumptionInParametersMethod = {assumptionFails:@f$2<span class='color_orange'>rearrange:792</span>}<span class='color_orange'>rearrange:792</span>:org.junit.tests.running.classes.ParameterizedTestTest$AssumptionInParametersMethod( sub )</span>; <span class='color_red'>this = @f$0<span class='color_orange'>formal</span>:org.junit.tests.running.classes.ParameterizedTestTest*( sub )</span>  ]</span>
  .... Instructions: ....
  <span class='color_green'>n$9=*&amp;result:org.junit.runner.Result* [line 795];
  _=*n$9:org.junit.runner.Result*(root org.junit.runner.Result) [line 795];
  n$11=_fun_int Result.getAssumptionFailureCount()(n$9:org.junit.runner.Result*) virtual [line 795];
  *&amp;$irvar2:int=n$11 [line 795];
  EXIT_SCOPE(_,n$9,n$11); [line 795];
  </span>
  
  Processing prop 1/1
    Instruction <span class='color_green'>n$9=*&amp;result:org.junit.runner.Result* [line 795]</span>
    in vpath_find exp:n$113
    vpath_find: cannot find n$113
    .... Rearrangement Start ....
    Exp: &amp;result
    Prop:
    <span class='color_blue'>0 != 1; MEMna &lt; new[]:793 &gt; <span class='color_orange'>{vpath: }</span>(n$113); UND &lt; Result JUnitCore.runClasses(Computer,Class[]) &gt; :53(result); RET &lt; boolean Result.wasSuccessful() &gt; (1) ;
    result = n$108<span class='color_orange'>update:793</span>:org.junit.runner.Result*; $irvar3 = n$109<span class='color_orange'>initial</span>:void; #GB<>$org.junit.tests.running.classes.ParameterizedTestTest$AssumptionInParametersMethod = {assumptionFails:0<span class='color_orange'>update:792</span>}<span class='color_orange'>rearrange:792</span>:org.junit.tests.running.classes.ParameterizedTestTest$AssumptionInParametersMethod( sub ); $irvar4 = n$110<span class='color_orange'>initial</span>:void; $irvar0 = 0<span class='color_orange'>nullify</span>:void; return = n$111<span class='color_orange'>initial</span>:void; $irvar1 = 0<span class='color_orange'>nullify</span>:void; $irvar2 = n$112<span class='color_orange'>initial</span>:void; this = @f$0<span class='color_orange'>formal</span>:org.junit.tests.running.classes.ParameterizedTestTest*( sub ); old_this = @f$0<span class='color_orange'>formal</span>:org.junit.tests.running.classes.ParameterizedTestTest*( sub ) ;
    result|->{failures:@f$1<span class='color_orange'>formal(z)</span>}<span class='color_orange'>formal(z)</span>:org.junit.runner.Result( sub ); @f$1|->{}<span class='color_orange'>formal(z)</span>:java.util.concurrent.CopyOnWriteArrayList( sub )
    [footprint
       0 != 1 *
       #GB<>$org.junit.tests.running.classes.ParameterizedTestTest$AssumptionInParametersMethod = {assumptionFails:@f$2<span class='color_orange'>rearrange:792</span>}<span class='color_orange'>rearrange:792</span>:org.junit.tests.running.classes.ParameterizedTestTest$AssumptionInParametersMethod( sub ); this = @f$0<span class='color_orange'>formal</span>:org.junit.tests.running.classes.ParameterizedTestTest*( sub )  ]</span>
    
    in prop_iter_extend_ptsto lexp: &amp;result
    prop before:
    <span class='color_blue'>0 != 1; MEMna &lt; new[]:793 &gt; <span class='color_orange'>{vpath: }</span>(n$113); UND &lt; Result JUnitCore.runClasses(Computer,Class[]) &gt; :53(result); RET &lt; boolean Result.wasSuccessful() &gt; (1) ;
    result = n$108<span class='color_orange'>update:793</span>:org.junit.runner.Result*; $irvar3 = n$109<span class='color_orange'>initial</span>:void; #GB<>$org.junit.tests.running.classes.ParameterizedTestTest$AssumptionInParametersMethod = {assumptionFails:0<span class='color_orange'>update:792</span>}<span class='color_orange'>rearrange:792</span>:org.junit.tests.running.classes.ParameterizedTestTest$AssumptionInParametersMethod( sub ); $irvar4 = n$110<span class='color_orange'>initial</span>:void; $irvar0 = 0<span class='color_orange'>nullify</span>:void; return = n$111<span class='color_orange'>initial</span>:void; $irvar1 = 0<span class='color_orange'>nullify</span>:void; $irvar2 = n$112<span class='color_orange'>initial</span>:void; this = @f$0<span class='color_orange'>formal</span>:org.junit.tests.running.classes.ParameterizedTestTest*( sub ); old_this = @f$0<span class='color_orange'>formal</span>:org.junit.tests.running.classes.ParameterizedTestTest*( sub ) ;
    result|->{failures:@f$1<span class='color_orange'>formal(z)</span>}<span class='color_orange'>formal(z)</span>:org.junit.runner.Result( sub ); @f$1|->{}<span class='color_orange'>formal(z)</span>:java.util.concurrent.CopyOnWriteArrayList( sub )
    [footprint
       0 != 1 *
       #GB<>$org.junit.tests.running.classes.ParameterizedTestTest$AssumptionInParametersMethod = {assumptionFails:@f$2<span class='color_orange'>rearrange:792</span>}<span class='color_orange'>rearrange:792</span>:org.junit.tests.running.classes.ParameterizedTestTest$AssumptionInParametersMethod( sub ); this = @f$0<span class='color_orange'>formal</span>:org.junit.tests.running.classes.ParameterizedTestTest*( sub )  ]</span>
    
    
    prop list after:
    PROP 1 of 1:
    <span class='color_blue'><span class='color_blue'>0 != 1</span>; <span class='color_blue'>MEMna &lt; new[]:793 &gt; <span class='color_orange'>{vpath: }</span>(n$113)</span>; <span class='color_blue'>UND &lt; Result JUnitCore.runClasses(Computer,Class[]) &gt; :53(result)</span>; <span class='color_blue'>RET &lt; boolean Result.wasSuccessful() &gt; (1)</span> ;
    <span class='color_blue'>result = n$108<span class='color_orange'>update:793</span>:org.junit.runner.Result*</span>; <span class='color_blue'>$irvar3 = n$109<span class='color_orange'>initial</span>:void</span>; <span class='color_blue'>#GB<>$org.junit.tests.running.classes.ParameterizedTestTest$AssumptionInParametersMethod = {assumptionFails:0<span class='color_orange'>update:792</span>}<span class='color_orange'>rearrange:792</span>:org.junit.tests.running.classes.ParameterizedTestTest$AssumptionInParametersMethod( sub )</span>; <span class='color_blue'>$irvar4 = n$110<span class='color_orange'>initial</span>:void</span>; <span class='color_blue'>$irvar0 = 0<span class='color_orange'>nullify</span>:void</span>; <span class='color_blue'>return = n$111<span class='color_orange'>initial</span>:void</span>; <span class='color_blue'>$irvar1 = 0<span class='color_orange'>nullify</span>:void</span>; <span class='color_blue'>$irvar2 = n$112<span class='color_orange'>initial</span>:void</span>; <span class='color_blue'>this = @f$0<span class='color_orange'>formal</span>:org.junit.tests.running.classes.ParameterizedTestTest*( sub )</span>; <span class='color_blue'>old_this = @f$0<span class='color_orange'>formal</span>:org.junit.tests.running.classes.ParameterizedTestTest*( sub )</span> ;
    <span class='color_blue'>result|->{failures:@f$1<span class='color_orange'>formal(z)</span>}<span class='color_orange'>formal(z)</span>:org.junit.runner.Result( sub )</span>; <span class='color_blue'>@f$1|->{}<span class='color_orange'>formal(z)</span>:java.util.concurrent.CopyOnWriteArrayList( sub )</span>
    [footprint
       <span class='color_blue'>0 != 1</span> *
       <span class='color_blue'>#GB<>$org.junit.tests.running.classes.ParameterizedTestTest$AssumptionInParametersMethod = {assumptionFails:@f$2<span class='color_orange'>rearrange:792</span>}<span class='color_orange'>rearrange:792</span>:org.junit.tests.running.classes.ParameterizedTestTest$AssumptionInParametersMethod( sub )</span>; <span class='color_blue'>this = @f$0<span class='color_orange'>formal</span>:org.junit.tests.running.classes.ParameterizedTestTest*( sub )</span>  ]</span>
    
    
    
    Instruction Returns
    PROP 1 of 1:
    <span class='color_blue'><span class='color_blue'>0 != 1</span>; <span class='color_blue'>MEMna &lt; new[]:793 &gt; <span class='color_orange'>{vpath: }</span>(_t$4)</span>; <span class='color_red'>UND &lt; Result JUnitCore.runClasses(Computer,Class[]) &gt; :53(result)</span>; <span class='color_blue'>RET &lt; boolean Result.wasSuccessful() &gt; (1)</span> ;
    <span class='color_blue'>result = <span class='color_red'>n$9<span class='color_orange'>update:793</span></span>:org.junit.runner.Result*</span>; <span class='color_blue'>$irvar3 = _t$3<span class='color_orange'>initial</span>:void</span>; <span class='color_blue'>#GB<>$org.junit.tests.running.classes.ParameterizedTestTest$AssumptionInParametersMethod = {assumptionFails:0<span class='color_orange'>update:792</span>}<span class='color_orange'>rearrange:792</span>:org.junit.tests.running.classes.ParameterizedTestTest$AssumptionInParametersMethod( sub )</span>; <span class='color_blue'>$irvar4 = _t$2<span class='color_orange'>initial</span>:void</span>; <span class='color_blue'>$irvar0 = 0<span class='color_orange'>nullify</span>:void</span>; <span class='color_blue'>return = _t$1<span class='color_orange'>initial</span>:void</span>; <span class='color_blue'>$irvar1 = 0<span class='color_orange'>nullify</span>:void</span>; <span class='color_blue'>$irvar2 = _t$0<span class='color_orange'>initial</span>:void</span>; <span class='color_blue'>this = @f$0<span class='color_orange'>formal</span>:org.junit.tests.running.classes.ParameterizedTestTest*( sub )</span>; <span class='color_blue'>old_this = @f$0<span class='color_orange'>formal</span>:org.junit.tests.running.classes.ParameterizedTestTest*( sub )</span> ;
    <span class='color_red'>result|->{failures:@f$1<span class='color_orange'>formal(z)</span>}<span class='color_orange'>formal(z)</span>:org.junit.runner.Result( sub )</span>; <span class='color_blue'>@f$1|->{}<span class='color_orange'>formal(z)</span>:java.util.concurrent.CopyOnWriteArrayList( sub )</span>
    [footprint
       <span class='color_blue'>0 != 1</span> *
       <span class='color_blue'>#GB<>$org.junit.tests.running.classes.ParameterizedTestTest$AssumptionInParametersMethod = {assumptionFails:@f$2<span class='color_orange'>rearrange:792</span>}<span class='color_orange'>rearrange:792</span>:org.junit.tests.running.classes.ParameterizedTestTest$AssumptionInParametersMethod( sub )</span>; <span class='color_blue'>this = @f$0<span class='color_orange'>formal</span>:org.junit.tests.running.classes.ParameterizedTestTest*( sub )</span>  ]</span>
    
    Instruction <span class='color_green'>_=*n$9:org.junit.runner.Result*(root org.junit.runner.Result) [line 795]</span>
    in vpath_find exp:n$118
    vpath_find: cannot find n$118
    .... Rearrangement Start ....
    Exp: n$9
    Prop:
    <span class='color_blue'>0 != 1; MEMna &lt; new[]:793 &gt; <span class='color_orange'>{vpath: }</span>(n$118); UND &lt; Result JUnitCore.runClasses(Computer,Class[]) &gt; :53(result); RET &lt; boolean Result.wasSuccessful() &gt; (1) ;
    result = n$9<span class='color_orange'>update:793</span>:org.junit.runner.Result*; $irvar3 = n$114<span class='color_orange'>initial</span>:void; #GB<>$org.junit.tests.running.classes.ParameterizedTestTest$AssumptionInParametersMethod = {assumptionFails:0<span class='color_orange'>update:792</span>}<span class='color_orange'>rearrange:792</span>:org.junit.tests.running.classes.ParameterizedTestTest$AssumptionInParametersMethod( sub ); $irvar4 = n$115<span class='color_orange'>initial</span>:void; $irvar0 = 0<span class='color_orange'>nullify</span>:void; return = n$116<span class='color_orange'>initial</span>:void; $irvar1 = 0<span class='color_orange'>nullify</span>:void; $irvar2 = n$117<span class='color_orange'>initial</span>:void; this = @f$0<span class='color_orange'>formal</span>:org.junit.tests.running.classes.ParameterizedTestTest*( sub ); old_this = @f$0<span class='color_orange'>formal</span>:org.junit.tests.running.classes.ParameterizedTestTest*( sub ) ;
    result|->{failures:@f$1<span class='color_orange'>formal(z)</span>}<span class='color_orange'>formal(z)</span>:org.junit.runner.Result( sub ); @f$1|->{}<span class='color_orange'>formal(z)</span>:java.util.concurrent.CopyOnWriteArrayList( sub )
    [footprint
       0 != 1 *
       #GB<>$org.junit.tests.running.classes.ParameterizedTestTest$AssumptionInParametersMethod = {assumptionFails:@f$2<span class='color_orange'>rearrange:792</span>}<span class='color_orange'>rearrange:792</span>:org.junit.tests.running.classes.ParameterizedTestTest$AssumptionInParametersMethod( sub ); this = @f$0<span class='color_orange'>formal</span>:org.junit.tests.running.classes.ParameterizedTestTest*( sub )  ]</span>
    
    in prop_iter_extend_ptsto lexp: n$9
    prop before:
    <span class='color_blue'>0 != 1; MEMna &lt; new[]:793 &gt; <span class='color_orange'>{vpath: }</span>(n$118); UND &lt; Result JUnitCore.runClasses(Computer,Class[]) &gt; :53(result); RET &lt; boolean Result.wasSuccessful() &gt; (1) ;
    result = n$9<span class='color_orange'>update:793</span>:org.junit.runner.Result*; $irvar3 = n$114<span class='color_orange'>initial</span>:void; #GB<>$org.junit.tests.running.classes.ParameterizedTestTest$AssumptionInParametersMethod = {assumptionFails:0<span class='color_orange'>update:792</span>}<span class='color_orange'>rearrange:792</span>:org.junit.tests.running.classes.ParameterizedTestTest$AssumptionInParametersMethod( sub ); $irvar4 = n$115<span class='color_orange'>initial</span>:void; $irvar0 = 0<span class='color_orange'>nullify</span>:void; return = n$116<span class='color_orange'>initial</span>:void; $irvar1 = 0<span class='color_orange'>nullify</span>:void; $irvar2 = n$117<span class='color_orange'>initial</span>:void; this = @f$0<span class='color_orange'>formal</span>:org.junit.tests.running.classes.ParameterizedTestTest*( sub ); old_this = @f$0<span class='color_orange'>formal</span>:org.junit.tests.running.classes.ParameterizedTestTest*( sub ) ;
    result|->{failures:@f$1<span class='color_orange'>formal(z)</span>}<span class='color_orange'>formal(z)</span>:org.junit.runner.Result( sub ); @f$1|->{}<span class='color_orange'>formal(z)</span>:java.util.concurrent.CopyOnWriteArrayList( sub )
    [footprint
       0 != 1 *
       #GB<>$org.junit.tests.running.classes.ParameterizedTestTest$AssumptionInParametersMethod = {assumptionFails:@f$2<span class='color_orange'>rearrange:792</span>}<span class='color_orange'>rearrange:792</span>:org.junit.tests.running.classes.ParameterizedTestTest$AssumptionInParametersMethod( sub ); this = @f$0<span class='color_orange'>formal</span>:org.junit.tests.running.classes.ParameterizedTestTest*( sub )  ]</span>
    
    
    prop list after:
    PROP 1 of 1:
    <span class='color_blue'><span class='color_blue'>0 != 1</span>; <span class='color_blue'>MEMna &lt; new[]:793 &gt; <span class='color_orange'>{vpath: }</span>(n$118)</span>; <span class='color_blue'>UND &lt; Result JUnitCore.runClasses(Computer,Class[]) &gt; :53(result)</span>; <span class='color_blue'>RET &lt; boolean Result.wasSuccessful() &gt; (1)</span> ;
    <span class='color_blue'>result = n$9<span class='color_orange'>update:793</span>:org.junit.runner.Result*</span>; <span class='color_blue'>$irvar3 = n$114<span class='color_orange'>initial</span>:void</span>; <span class='color_blue'>#GB<>$org.junit.tests.running.classes.ParameterizedTestTest$AssumptionInParametersMethod = {assumptionFails:0<span class='color_orange'>update:792</span>}<span class='color_orange'>rearrange:792</span>:org.junit.tests.running.classes.ParameterizedTestTest$AssumptionInParametersMethod( sub )</span>; <span class='color_blue'>$irvar4 = n$115<span class='color_orange'>initial</span>:void</span>; <span class='color_blue'>$irvar0 = 0<span class='color_orange'>nullify</span>:void</span>; <span class='color_blue'>return = n$116<span class='color_orange'>initial</span>:void</span>; <span class='color_blue'>$irvar1 = 0<span class='color_orange'>nullify</span>:void</span>; <span class='color_blue'>$irvar2 = n$117<span class='color_orange'>initial</span>:void</span>; <span class='color_blue'>this = @f$0<span class='color_orange'>formal</span>:org.junit.tests.running.classes.ParameterizedTestTest*( sub )</span>; <span class='color_blue'>old_this = @f$0<span class='color_orange'>formal</span>:org.junit.tests.running.classes.ParameterizedTestTest*( sub )</span> ;
    <span class='color_blue'>result|->{failures:@f$1<span class='color_orange'>formal(z)</span>}<span class='color_orange'>formal(z)</span>:org.junit.runner.Result( sub )</span>; <span class='color_blue'>@f$1|->{}<span class='color_orange'>formal(z)</span>:java.util.concurrent.CopyOnWriteArrayList( sub )</span>
    [footprint
       <span class='color_blue'>0 != 1</span> *
       <span class='color_blue'>#GB<>$org.junit.tests.running.classes.ParameterizedTestTest$AssumptionInParametersMethod = {assumptionFails:@f$2<span class='color_orange'>rearrange:792</span>}<span class='color_orange'>rearrange:792</span>:org.junit.tests.running.classes.ParameterizedTestTest$AssumptionInParametersMethod( sub )</span>; <span class='color_blue'>this = @f$0<span class='color_orange'>formal</span>:org.junit.tests.running.classes.ParameterizedTestTest*( sub )</span>  ]</span>
    
    
    
    Instruction Returns
    PROP 1 of 1:
    <span class='color_blue'><span class='color_blue'>0 != 1</span>; <span class='color_blue'>MEMna &lt; new[]:793 &gt; <span class='color_orange'>{vpath: }</span>(_t$4)</span>; <span class='color_blue'>UND &lt; Result JUnitCore.runClasses(Computer,Class[]) &gt; :53(result)</span>; <span class='color_blue'>RET &lt; boolean Result.wasSuccessful() &gt; (1)</span> ;
    <span class='color_blue'>result = n$9<span class='color_orange'>update:793</span>:org.junit.runner.Result*</span>; <span class='color_blue'>$irvar3 = _t$3<span class='color_orange'>initial</span>:void</span>; <span class='color_blue'>#GB<>$org.junit.tests.running.classes.ParameterizedTestTest$AssumptionInParametersMethod = {assumptionFails:0<span class='color_orange'>update:792</span>}<span class='color_orange'>rearrange:792</span>:org.junit.tests.running.classes.ParameterizedTestTest$AssumptionInParametersMethod( sub )</span>; <span class='color_blue'>$irvar4 = _t$2<span class='color_orange'>initial</span>:void</span>; <span class='color_blue'>$irvar0 = 0<span class='color_orange'>nullify</span>:void</span>; <span class='color_blue'>return = _t$1<span class='color_orange'>initial</span>:void</span>; <span class='color_blue'>$irvar1 = 0<span class='color_orange'>nullify</span>:void</span>; <span class='color_blue'>$irvar2 = _t$0<span class='color_orange'>initial</span>:void</span>; <span class='color_blue'>this = @f$0<span class='color_orange'>formal</span>:org.junit.tests.running.classes.ParameterizedTestTest*( sub )</span>; <span class='color_blue'>old_this = @f$0<span class='color_orange'>formal</span>:org.junit.tests.running.classes.ParameterizedTestTest*( sub )</span> ;
    <span class='color_blue'>result|->{failures:@f$1<span class='color_orange'>formal(z)</span>}<span class='color_orange'>formal(z)</span>:org.junit.runner.Result( sub )</span>; <span class='color_blue'>@f$1|->{}<span class='color_orange'>formal(z)</span>:java.util.concurrent.CopyOnWriteArrayList( sub )</span>
    [footprint
       <span class='color_blue'>0 != 1</span> *
       <span class='color_blue'>#GB<>$org.junit.tests.running.classes.ParameterizedTestTest$AssumptionInParametersMethod = {assumptionFails:@f$2<span class='color_orange'>rearrange:792</span>}<span class='color_orange'>rearrange:792</span>:org.junit.tests.running.classes.ParameterizedTestTest$AssumptionInParametersMethod( sub )</span>; <span class='color_blue'>this = @f$0<span class='color_orange'>formal</span>:org.junit.tests.running.classes.ParameterizedTestTest*( sub )</span>  ]</span>
    
    Instruction <span class='color_green'>n$11=_fun_int Result.getAssumptionFailureCount()(n$9:org.junit.runner.Result*) virtual [line 795]</span>
    in vpath_find exp:n$123
    vpath_find: cannot find n$123
    Found 2 specs for function org.junit.runner.Result.getAssumptionFailureCount():int
    START EXECUTING SPECS FOR org.junit.runner.Result.getAssumptionFailureCount():int from state
    <span class='color_blue'>0 != 1; MEMna &lt; new[]:793 &gt; <span class='color_orange'>{vpath: }</span>(n$123); UND &lt; Result JUnitCore.runClasses(Computer,Class[]) &gt; :53(result); RET &lt; boolean Result.wasSuccessful() &gt; (1) ;
    result = n$9<span class='color_orange'>update:793</span>:org.junit.runner.Result*; $irvar3 = n$119<span class='color_orange'>initial</span>:void; #GB<>$org.junit.tests.running.classes.ParameterizedTestTest$AssumptionInParametersMethod = {assumptionFails:0<span class='color_orange'>update:792</span>}<span class='color_orange'>rearrange:792</span>:org.junit.tests.running.classes.ParameterizedTestTest$AssumptionInParametersMethod( sub ); $irvar4 = n$120<span class='color_orange'>initial</span>:void; $irvar0 = 0<span class='color_orange'>nullify</span>:void; return = n$121<span class='color_orange'>initial</span>:void; $irvar1 = 0<span class='color_orange'>nullify</span>:void; $irvar2 = n$122<span class='color_orange'>initial</span>:void; this = @f$0<span class='color_orange'>formal</span>:org.junit.tests.running.classes.ParameterizedTestTest*( sub ); old_this = @f$0<span class='color_orange'>formal</span>:org.junit.tests.running.classes.ParameterizedTestTest*( sub ) ;
    result|->{failures:@f$1<span class='color_orange'>formal(z)</span>}<span class='color_orange'>formal(z)</span>:org.junit.runner.Result( sub ); @f$1|->{}<span class='color_orange'>formal(z)</span>:java.util.concurrent.CopyOnWriteArrayList( sub )
    [footprint
       0 != 1 *
       #GB<>$org.junit.tests.running.classes.ParameterizedTestTest$AssumptionInParametersMethod = {assumptionFails:@f$2<span class='color_orange'>rearrange:792</span>}<span class='color_orange'>rearrange:792</span>:org.junit.tests.running.classes.ParameterizedTestTest$AssumptionInParametersMethod( sub ); this = @f$0<span class='color_orange'>formal</span>:org.junit.tests.running.classes.ParameterizedTestTest*( sub )  ]</span>
    EXECUTING SPEC 1/2
    ACTUAL PRECONDITION =
      <span class='color_blue'>0 != 1; MEMna &lt; new[]:793 &gt; <span class='color_orange'>{vpath: }</span>(n$123); UND &lt; Result JUnitCore.runClasses(Computer,Class[]) &gt; :53(this|callee); RET &lt; boolean Result.wasSuccessful() &gt; (1) ;
      result = n$9<span class='color_orange'>update:793</span>:org.junit.runner.Result*; $irvar3 = n$119<span class='color_orange'>initial</span>:void; #GB<>$org.junit.tests.running.classes.ParameterizedTestTest$AssumptionInParametersMethod = {assumptionFails:0<span class='color_orange'>update:792</span>}<span class='color_orange'>rearrange:792</span>:org.junit.tests.running.classes.ParameterizedTestTest$AssumptionInParametersMethod( sub ); $irvar4 = n$120<span class='color_orange'>initial</span>:void; $irvar0 = 0<span class='color_orange'>nullify</span>:void; return = n$121<span class='color_orange'>initial</span>:void; $irvar1 = 0<span class='color_orange'>nullify</span>:void; $irvar2 = n$122<span class='color_orange'>initial</span>:void; this = @f$0<span class='color_orange'>formal</span>:org.junit.tests.running.classes.ParameterizedTestTest*( sub ); this|callee = n$9<span class='color_orange'>actual_precondition</span>:org.junit.runner.Result*; old_this = @f$0<span class='color_orange'>formal</span>:org.junit.tests.running.classes.ParameterizedTestTest*( sub ) ;
      this|callee|->{failures:@f$1<span class='color_orange'>formal(z)</span>}<span class='color_orange'>formal(z)</span>:org.junit.runner.Result( sub ); @f$1|->{}<span class='color_orange'>formal(z)</span>:java.util.concurrent.CopyOnWriteArrayList( sub )
      [footprint
         0 != 1 *
         #GB<>$org.junit.tests.running.classes.ParameterizedTestTest$AssumptionInParametersMethod = {assumptionFails:@f$2<span class='color_orange'>rearrange:792</span>}<span class='color_orange'>rearrange:792</span>:org.junit.tests.running.classes.ParameterizedTestTest$AssumptionInParametersMethod( sub ); this = @f$0<span class='color_orange'>formal</span>:org.junit.tests.running.classes.ParameterizedTestTest*( sub )  ]</span>
    SPEC =
      --------------------------- ---------- ---------------------------
      PRE:
      <span class='color_blue'><span class='color_blue'>this|callee = _t$166<span class='color_orange'>formal</span>:org.junit.runner.Result*( sub ) ;
      this|callee|->{assumptionFailureCount:null<span class='color_orange'>rearrange:(z)99</span>}<span class='color_orange'>rearrange:(z)99</span>:org.junit.runner.Result( sub )</span></span>
      POST 1 of 1:
      <span class='color_blue'><span class='color_red'>MEMne &lt; new:100 &gt; <span class='color_orange'>{vpath: }</span>(_t$167)</span> ;
      <span class='color_red'>return|callee = EXN _t$167<span class='color_orange'>update:100</span>:int</span> ;
      <span class='color_red'>_t$167|->{}<span class='color_orange'>alloc</span>:java.lang.UnsupportedOperationException</span>; this|callee|->{assumptionFailureCount:null<span class='color_orange'>formal(z)</span>}<span class='color_orange'>formal(z)</span>:org.junit.runner.Result( sub )</span>
      ----------------------------------------------------------------
    pre_check_pure_implication
    pi1:
      0 != 1; MEMna &lt; new[]:793 &gt; <span class='color_orange'>{vpath: }</span>(n$123); UND &lt; Result JUnitCore.runClasses(Computer,Class[]) &gt; :53(n$9); RET &lt; boolean Result.wasSuccessful() &gt; (1)
    pi2:
      
    returns
    sub1:
      
    sub2:
      
    Current Implication
    SUB:
      
    <span class='color_blue'>0 != 1; MEMna &lt; new[]:793 &gt; <span class='color_orange'>{vpath: }</span>(n$123); UND &lt; Result JUnitCore.runClasses(Computer,Class[]) &gt; :53(this|callee); RET &lt; boolean Result.wasSuccessful() &gt; (1) ;
    result = n$9<span class='color_orange'>update:793</span>:org.junit.runner.Result*; $irvar3 = n$119<span class='color_orange'>initial</span>:void; #GB<>$org.junit.tests.running.classes.ParameterizedTestTest$AssumptionInParametersMethod = {assumptionFails:0<span class='color_orange'>update:792</span>}<span class='color_orange'>rearrange:792</span>:org.junit.tests.running.classes.ParameterizedTestTest$AssumptionInParametersMethod( sub ); $irvar4 = n$120<span class='color_orange'>initial</span>:void; $irvar0 = 0<span class='color_orange'>nullify</span>:void; return = n$121<span class='color_orange'>initial</span>:void; $irvar1 = 0<span class='color_orange'>nullify</span>:void; $irvar2 = n$122<span class='color_orange'>initial</span>:void; this = @f$0<span class='color_orange'>formal</span>:org.junit.tests.running.classes.ParameterizedTestTest*( sub ); this|callee = n$9<span class='color_orange'>actual_precondition</span>:org.junit.runner.Result*; old_this = @f$0<span class='color_orange'>formal</span>:org.junit.tests.running.classes.ParameterizedTestTest*( sub ) ;
    this|callee|->{failures:@f$1<span class='color_orange'>formal(z)</span>}<span class='color_orange'>formal(z)</span>:org.junit.runner.Result( sub ); @f$1|->{}<span class='color_orange'>formal(z)</span>:java.util.concurrent.CopyOnWriteArrayList( sub )
    [footprint
       0 != 1 *
       #GB<>$org.junit.tests.running.classes.ParameterizedTestTest$AssumptionInParametersMethod = {assumptionFails:@f$2<span class='color_orange'>rearrange:792</span>}<span class='color_orange'>rearrange:792</span>:org.junit.tests.running.classes.ParameterizedTestTest$AssumptionInParametersMethod( sub ); this = @f$0<span class='color_orange'>formal</span>:org.junit.tests.running.classes.ParameterizedTestTest*( sub )  ]</span>
    |-
    <span class='color_blue'>this|callee = _t$166<span class='color_orange'>formal</span>:org.junit.runner.Result*( sub ) ;
    this|callee|->{assumptionFailureCount:null<span class='color_orange'>rearrange:(z)99</span>}<span class='color_orange'>rearrange:(z)99</span>:org.junit.runner.Result( sub )</span>
    
      do_imply n$9 _t$166
        Current Implication
        SUB:
          
        <span class='color_blue'>0 != 1; MEMna &lt; new[]:793 &gt; <span class='color_orange'>{vpath: }</span>(n$123); UND &lt; Result JUnitCore.runClasses(Computer,Class[]) &gt; :53(result); RET &lt; boolean Result.wasSuccessful() &gt; (1) ;
        result = n$9<span class='color_orange'>update:793</span>:org.junit.runner.Result*; $irvar3 = n$119<span class='color_orange'>initial</span>:void; #GB<>$org.junit.tests.running.classes.ParameterizedTestTest$AssumptionInParametersMethod = {assumptionFails:0<span class='color_orange'>update:792</span>}<span class='color_orange'>rearrange:792</span>:org.junit.tests.running.classes.ParameterizedTestTest$AssumptionInParametersMethod( sub ); $irvar4 = n$120<span class='color_orange'>initial</span>:void; $irvar0 = 0<span class='color_orange'>nullify</span>:void; return = n$121<span class='color_orange'>initial</span>:void; $irvar1 = 0<span class='color_orange'>nullify</span>:void; $irvar2 = n$122<span class='color_orange'>initial</span>:void; this = @f$0<span class='color_orange'>formal</span>:org.junit.tests.running.classes.ParameterizedTestTest*( sub ); old_this = @f$0<span class='color_orange'>formal</span>:org.junit.tests.running.classes.ParameterizedTestTest*( sub ) ;
        result|->{failures:@f$1<span class='color_orange'>formal(z)</span>}<span class='color_orange'>formal(z)</span>:org.junit.runner.Result( sub ); @f$1|->{}<span class='color_orange'>formal(z)</span>:java.util.concurrent.CopyOnWriteArrayList( sub )
        [footprint
           0 != 1 *
           #GB<>$org.junit.tests.running.classes.ParameterizedTestTest$AssumptionInParametersMethod = {assumptionFails:@f$2<span class='color_orange'>rearrange:792</span>}<span class='color_orange'>rearrange:792</span>:org.junit.tests.running.classes.ParameterizedTestTest$AssumptionInParametersMethod( sub ); this = @f$0<span class='color_orange'>formal</span>:org.junit.tests.running.classes.ParameterizedTestTest*( sub )  ]</span>
        [SUB: 
          _t$166 = n$9]
        |-
        <span class='color_blue'>n$9|->{assumptionFailureCount:null<span class='color_orange'>rearrange:(z)99</span>}<span class='color_orange'>rearrange:(z)99</span>:org.junit.runner.Result( sub )</span>
        
            Final Implication
            SUB:
              
            <span class='color_blue'>0 != 1; MEMna &lt; new[]:793 &gt; <span class='color_orange'>{vpath: }</span>(n$123); UND &lt; Result JUnitCore.runClasses(Computer,Class[]) &gt; :53(result); RET &lt; boolean Result.wasSuccessful() &gt; (1) ;
            result = n$9<span class='color_orange'>update:793</span>:org.junit.runner.Result*; $irvar3 = n$119<span class='color_orange'>initial</span>:void; #GB<>$org.junit.tests.running.classes.ParameterizedTestTest$AssumptionInParametersMethod = {assumptionFails:0<span class='color_orange'>update:792</span>}<span class='color_orange'>rearrange:792</span>:org.junit.tests.running.classes.ParameterizedTestTest$AssumptionInParametersMethod( sub ); $irvar4 = n$120<span class='color_orange'>initial</span>:void; $irvar0 = 0<span class='color_orange'>nullify</span>:void; return = n$121<span class='color_orange'>initial</span>:void; $irvar1 = 0<span class='color_orange'>nullify</span>:void; $irvar2 = n$122<span class='color_orange'>initial</span>:void; this = @f$0<span class='color_orange'>formal</span>:org.junit.tests.running.classes.ParameterizedTestTest*( sub ); old_this = @f$0<span class='color_orange'>formal</span>:org.junit.tests.running.classes.ParameterizedTestTest*( sub ) ;
            @f$1|->{}<span class='color_orange'>formal(z)</span>:java.util.concurrent.CopyOnWriteArrayList( sub )
            [footprint
               0 != 1 *
               #GB<>$org.junit.tests.running.classes.ParameterizedTestTest$AssumptionInParametersMethod = {assumptionFails:@f$2<span class='color_orange'>rearrange:792</span>}<span class='color_orange'>rearrange:792</span>:org.junit.tests.running.classes.ParameterizedTestTest$AssumptionInParametersMethod( sub ); this = @f$0<span class='color_orange'>formal</span>:org.junit.tests.running.classes.ParameterizedTestTest*( sub )  ]</span>
            [SUB: 
              _t$166 = n$9
            @f$5 = null
            MISSING FLD:
              n$9|->{assumptionFailureCount:null<span class='color_orange'>rearrange:(z)99</span>}<span class='color_orange'>formal(z)</span>:org.junit.runner.Result( sub )]
            |-
            <span class='color_blue'></span>
            [FRAME FLD:
              n$9|->{failures:@f$1<span class='color_orange'>formal(z)</span>}<span class='color_orange'>formal(z)</span>:org.junit.runner.Result( sub )]
            [FRAME TYPING:
              n$9: org.junit.runner.Result( sub ) ]
    Result of Abduction
      SUB:
        
      <span class='color_blue'>0 != 1; MEMna &lt; new[]:793 &gt; <span class='color_orange'>{vpath: }</span>(n$123); UND &lt; Result JUnitCore.runClasses(Computer,Class[]) &gt; :53(this|callee); RET &lt; boolean Result.wasSuccessful() &gt; (1) ;
      result = n$9<span class='color_orange'>update:793</span>:org.junit.runner.Result*; $irvar3 = n$119<span class='color_orange'>initial</span>:void; #GB<>$org.junit.tests.running.classes.ParameterizedTestTest$AssumptionInParametersMethod = {assumptionFails:0<span class='color_orange'>update:792</span>}<span class='color_orange'>rearrange:792</span>:org.junit.tests.running.classes.ParameterizedTestTest$AssumptionInParametersMethod( sub ); $irvar4 = n$120<span class='color_orange'>initial</span>:void; $irvar0 = 0<span class='color_orange'>nullify</span>:void; return = n$121<span class='color_orange'>initial</span>:void; $irvar1 = 0<span class='color_orange'>nullify</span>:void; $irvar2 = n$122<span class='color_orange'>initial</span>:void; this = @f$0<span class='color_orange'>formal</span>:org.junit.tests.running.classes.ParameterizedTestTest*( sub ); this|callee = n$9<span class='color_orange'>actual_precondition</span>:org.junit.runner.Result*; old_this = @f$0<span class='color_orange'>formal</span>:org.junit.tests.running.classes.ParameterizedTestTest*( sub ) ;
      this|callee|->{failures:@f$1<span class='color_orange'>formal(z)</span>}<span class='color_orange'>formal(z)</span>:org.junit.runner.Result( sub ); @f$1|->{}<span class='color_orange'>formal(z)</span>:java.util.concurrent.CopyOnWriteArrayList( sub )
      [footprint
         0 != 1 *
         #GB<>$org.junit.tests.running.classes.ParameterizedTestTest$AssumptionInParametersMethod = {assumptionFails:@f$2<span class='color_orange'>rearrange:792</span>}<span class='color_orange'>rearrange:792</span>:org.junit.tests.running.classes.ParameterizedTestTest$AssumptionInParametersMethod( sub ); this = @f$0<span class='color_orange'>formal</span>:org.junit.tests.running.classes.ParameterizedTestTest*( sub )  ]</span>
      [SUB: 
        _t$166 = n$9
      @f$5 = null
      MISSING FLD:
        n$9|->{assumptionFailureCount:null<span class='color_orange'>rearrange:(z)99</span>}<span class='color_orange'>formal(z)</span>:org.junit.runner.Result( sub )]
      |-
      <span class='color_blue'>this|callee = n$9<span class='color_orange'>formal</span>:org.junit.runner.Result*( sub ) ;
      this|callee|->{assumptionFailureCount:null<span class='color_orange'>rearrange:(z)99</span>}<span class='color_orange'>rearrange:(z)99</span>:org.junit.runner.Result( sub )</span>
      [FRAME FLD:
        n$9|->{failures:@f$1<span class='color_orange'>formal(z)</span>}<span class='color_orange'>formal(z)</span>:org.junit.runner.Result( sub )]
      [FRAME TYPING:
        n$9: org.junit.runner.Result( sub ) ]
    returning TRUE
    explain_dereference_as_caller_expression _t$166: cannot explain None
    <span class='color_red'>found error in dereference</span>
    spec_pre:
    <span class='color_blue'>this|callee = _t$166<span class='color_orange'>formal</span>:org.junit.runner.Result*( sub ) ;
    this|callee|->{assumptionFailureCount:null<span class='color_orange'>rearrange:(z)99</span>}<span class='color_orange'>rearrange:(z)99</span>:org.junit.runner.Result( sub )</span>
    exp _t$166 desc: 
    <span class='color_orange'>WARNING: Missing fields hpred has non-footprint vars: </span>n$9|->{assumptionFailureCount:null<span class='color_orange'>rearrange:(z)99</span>}<span class='color_orange'>formal(z)</span>:org.junit.runner.Result( sub )
    in vpath_find exp:_t$167
    vpath_find: cannot find _t$167
      New footprint:
      @f$5 = null
      Frame fld:
      n$9|->{failures:@f$1<span class='color_orange'>formal(z)</span>}<span class='color_orange'>formal(z)</span>:org.junit.runner.Result( sub )
      Frame typ:
      n$9: org.junit.runner.Result( sub ) 
      Missing fld:
      
      Instantiated frame:
      @f$1|->{}<span class='color_orange'>formal(z)</span>:java.util.concurrent.CopyOnWriteArrayList( sub ); &amp;result|->n$9<span class='color_orange'>update:793</span>:org.junit.runner.Result*; &amp;$irvar3|->n$119<span class='color_orange'>initial</span>:void; &amp;#GB<>$org.junit.tests.running.classes.ParameterizedTestTest$AssumptionInParametersMethod|->{assumptionFails:0<span class='color_orange'>update:792</span>}<span class='color_orange'>rearrange:792</span>:org.junit.tests.running.classes.ParameterizedTestTest$AssumptionInParametersMethod( sub ); &amp;$irvar4|->n$120<span class='color_orange'>initial</span>:void; &amp;$irvar0|->0<span class='color_orange'>nullify</span>:void; &amp;return|->n$121<span class='color_orange'>initial</span>:void; &amp;$irvar1|->0<span class='color_orange'>nullify</span>:void; &amp;$irvar2|->n$122<span class='color_orange'>initial</span>:void; &amp;this|->@f$0<span class='color_orange'>formal</span>:org.junit.tests.running.classes.ParameterizedTestTest*( sub ); &amp;old_this|->@f$0<span class='color_orange'>formal</span>:org.junit.tests.running.classes.ParameterizedTestTest*( sub )
      Instantiated post:
      PROP 1 of 1:
      <span class='color_blue'><span class='color_red'>MEMne &lt; int Result.getAssumptionFailureCount():795 &gt; <span class='color_orange'>{vpath: }</span>(_t$167)</span> ;
      <span class='color_red'>return|callee = EXN _t$167<span class='color_orange'>update:795</span>:int</span> ;
      <span class='color_red'>_t$167|->{}<span class='color_orange'>alloc</span>:java.lang.UnsupportedOperationException</span>; <span class='color_red'>n$9|->{assumptionFailureCount:null<span class='color_orange'>formal(z)</span>}<span class='color_orange'>formal(z)</span>:org.junit.runner.Result( sub )</span></span>
      
    ***** RESULTS FUNCTION CALL *******
    PROP 1 of 1:
    <span class='color_blue'><span class='color_red'>@f$3 = null</span> ;
    <span class='color_blue'>0 != 1</span>; <span class='color_red'>MEMne &lt; int Result.getAssumptionFailureCount():795 &gt; <span class='color_orange'>{vpath: }</span>(_t$0)</span>; <span class='color_blue'>MEMna &lt; new[]:793 &gt; <span class='color_orange'>{vpath: }</span>(n$123)</span>; <span class='color_blue'>UND &lt; Result JUnitCore.runClasses(Computer,Class[]) &gt; :53(result)</span>; <span class='color_blue'>RET &lt; boolean Result.wasSuccessful() &gt; (1)</span> ;
    <span class='color_blue'>result = n$9<span class='color_orange'>update:793</span>:org.junit.runner.Result*</span>; <span class='color_blue'>$irvar3 = n$119<span class='color_orange'>initial</span>:void</span>; <span class='color_blue'>#GB<>$org.junit.tests.running.classes.ParameterizedTestTest$AssumptionInParametersMethod = {assumptionFails:0<span class='color_orange'>update:792</span>}<span class='color_orange'>rearrange:792</span>:org.junit.tests.running.classes.ParameterizedTestTest$AssumptionInParametersMethod( sub )</span>; <span class='color_blue'>$irvar4 = n$120<span class='color_orange'>initial</span>:void</span>; <span class='color_blue'>$irvar0 = 0<span class='color_orange'>nullify</span>:void</span>; <span class='color_blue'>return = <span class='color_red'>EXN _t$0<span class='color_orange'>update:795</span></span>:void</span>; <span class='color_blue'>$irvar1 = 0<span class='color_orange'>nullify</span>:void</span>; <span class='color_blue'>$irvar2 = n$122<span class='color_orange'>initial</span>:void</span>; <span class='color_blue'>this = <span class='color_red'>@f$1<span class='color_orange'>formal</span></span>:org.junit.tests.running.classes.ParameterizedTestTest*( sub )</span>; <span class='color_blue'>old_this = <span class='color_red'>@f$1<span class='color_orange'>formal</span></span>:org.junit.tests.running.classes.ParameterizedTestTest*( sub )</span> ;
    <span class='color_red'>_t$0|->{}<span class='color_orange'>alloc</span>:java.lang.UnsupportedOperationException</span>; <span class='color_blue'>result|->{<span class='color_red'>assumptionFailureCount:null<span class='color_orange'>formal(z)</span></span>, failures:<span class='color_red'>@f$0<span class='color_orange'>formal(z)</span></span>}<span class='color_orange'>formal(z)</span>:org.junit.runner.Result( sub )</span>; <span class='color_red'>@f$0|->{}<span class='color_orange'>formal(z)</span>:java.util.concurrent.CopyOnWriteArrayList( sub )</span>
    [footprint
       <span class='color_red'>@f$3 = null</span>; <span class='color_blue'>0 != 1</span> *
       <span class='color_blue'>#GB<>$org.junit.tests.running.classes.ParameterizedTestTest$AssumptionInParametersMethod = {assumptionFails:@f$2<span class='color_orange'>rearrange:792</span>}<span class='color_orange'>rearrange:792</span>:org.junit.tests.running.classes.ParameterizedTestTest$AssumptionInParametersMethod( sub )</span>; <span class='color_blue'>this = <span class='color_red'>@f$1<span class='color_orange'>formal</span></span>:org.junit.tests.running.classes.ParameterizedTestTest*( sub )</span>  ]</span>
    ***** END RESULTS FUNCTION CALL *******
    pvar: result
    <span class='color_red'>found error in dereference</span>
    spec_pre:
    <span class='color_blue'>@f$5 = null ;
    0 != 1; MEMne &lt; int Result.getAssumptionFailureCount():795 &gt; <span class='color_orange'>{vpath: }</span>(_t$167); MEMna &lt; new[]:793 &gt; <span class='color_orange'>{vpath: }</span>(n$123); UND &lt; Result JUnitCore.runClasses(Computer,Class[]) &gt; :53(result); RET &lt; boolean Result.wasSuccessful() &gt; (1) ;
    result = n$9<span class='color_orange'>update:793</span>:org.junit.runner.Result*; $irvar3 = n$119<span class='color_orange'>initial</span>:void; #GB<>$org.junit.tests.running.classes.ParameterizedTestTest$AssumptionInParametersMethod = {assumptionFails:0<span class='color_orange'>update:792</span>}<span class='color_orange'>rearrange:792</span>:org.junit.tests.running.classes.ParameterizedTestTest$AssumptionInParametersMethod( sub ); $irvar4 = n$120<span class='color_orange'>initial</span>:void; $irvar0 = 0<span class='color_orange'>nullify</span>:void; return = EXN _t$167<span class='color_orange'>update:795</span>:void; $irvar1 = 0<span class='color_orange'>nullify</span>:void; $irvar2 = n$122<span class='color_orange'>initial</span>:void; this = @f$0<span class='color_orange'>formal</span>:org.junit.tests.running.classes.ParameterizedTestTest*( sub ); old_this = @f$0<span class='color_orange'>formal</span>:org.junit.tests.running.classes.ParameterizedTestTest*( sub ) ;
    _t$167|->{}<span class='color_orange'>alloc</span>:java.lang.UnsupportedOperationException; result|->{assumptionFailureCount:null<span class='color_orange'>formal(z)</span>, failures:@f$1<span class='color_orange'>formal(z)</span>}<span class='color_orange'>formal(z)</span>:org.junit.runner.Result( sub ); @f$1|->{}<span class='color_orange'>formal(z)</span>:java.util.concurrent.CopyOnWriteArrayList( sub )
    [footprint
       @f$5 = null; 0 != 1 *
       #GB<>$org.junit.tests.running.classes.ParameterizedTestTest$AssumptionInParametersMethod = {assumptionFails:@f$2<span class='color_orange'>rearrange:792</span>}<span class='color_orange'>rearrange:792</span>:org.junit.tests.running.classes.ParameterizedTestTest$AssumptionInParametersMethod( sub ); this = @f$0<span class='color_orange'>formal</span>:org.junit.tests.running.classes.ParameterizedTestTest*( sub )  ]</span>
    exp n$9 desc: 
    Prover.check_inconsistency_base: inconsistency reason [None]
    Prover.check_inconsistency_base: inconsistency reason [None]
    Prover.check_inconsistency_base: inconsistency reason [None]
    Prover.check_inconsistency_base: inconsistency reason [None]
    EXECUTING SPEC 2/2
    ACTUAL PRECONDITION =
      <span class='color_blue'>0 != 1; MEMna &lt; new[]:793 &gt; <span class='color_orange'>{vpath: }</span>(n$123); UND &lt; Result JUnitCore.runClasses(Computer,Class[]) &gt; :53(this|callee); RET &lt; boolean Result.wasSuccessful() &gt; (1) ;
      result = n$9<span class='color_orange'>update:793</span>:org.junit.runner.Result*; $irvar3 = n$119<span class='color_orange'>initial</span>:void; #GB<>$org.junit.tests.running.classes.ParameterizedTestTest$AssumptionInParametersMethod = {assumptionFails:0<span class='color_orange'>update:792</span>}<span class='color_orange'>rearrange:792</span>:org.junit.tests.running.classes.ParameterizedTestTest$AssumptionInParametersMethod( sub ); $irvar4 = n$120<span class='color_orange'>initial</span>:void; $irvar0 = 0<span class='color_orange'>nullify</span>:void; return = n$121<span class='color_orange'>initial</span>:void; $irvar1 = 0<span class='color_orange'>nullify</span>:void; $irvar2 = n$122<span class='color_orange'>initial</span>:void; this = @f$0<span class='color_orange'>formal</span>:org.junit.tests.running.classes.ParameterizedTestTest*( sub ); this|callee = n$9<span class='color_orange'>actual_precondition</span>:org.junit.runner.Result*; old_this = @f$0<span class='color_orange'>formal</span>:org.junit.tests.running.classes.ParameterizedTestTest*( sub ) ;
      this|callee|->{failures:@f$1<span class='color_orange'>formal(z)</span>}<span class='color_orange'>formal(z)</span>:org.junit.runner.Result( sub ); @f$1|->{}<span class='color_orange'>formal(z)</span>:java.util.concurrent.CopyOnWriteArrayList( sub )
      [footprint
         0 != 1 *
         #GB<>$org.junit.tests.running.classes.ParameterizedTestTest$AssumptionInParametersMethod = {assumptionFails:@f$2<span class='color_orange'>rearrange:792</span>}<span class='color_orange'>rearrange:792</span>:org.junit.tests.running.classes.ParameterizedTestTest$AssumptionInParametersMethod( sub ); this = @f$0<span class='color_orange'>formal</span>:org.junit.tests.running.classes.ParameterizedTestTest*( sub )  ]</span>
    SPEC =
      --------------------------- ---------- ---------------------------
      PRE:
      <span class='color_blue'><span class='color_blue'>_t$168 != null ;
      this|callee = _t$169<span class='color_orange'>formal</span>:org.junit.runner.Result*( sub ) ;
      _t$168|->{}<span class='color_orange'>rearrange:103</span>:java.util.concurrent.atomic.AtomicInteger( sub ); this|callee|->{assumptionFailureCount:_t$168<span class='color_orange'>rearrange:(z)99</span>}<span class='color_orange'>rearrange:(z)99</span>:org.junit.runner.Result( sub )</span></span>
      POST 1 of 1:
      <span class='color_blue'>_t$168 != null; <span class='color_red'>UND &lt; int AtomicInteger.get() &gt; :103(return|callee)</span> ;
      <span class='color_red'>return|callee = _t$170<span class='color_orange'>update:103</span>:int</span> ;
      _t$168|->{}<span class='color_orange'>formal</span>:java.util.concurrent.atomic.AtomicInteger( sub ); this|callee|->{assumptionFailureCount:_t$168<span class='color_orange'>formal(z)</span>}<span class='color_orange'>formal(z)</span>:org.junit.runner.Result( sub )</span>
      ----------------------------------------------------------------
    pre_check_pure_implication
    pi1:
      0 != 1; MEMna &lt; new[]:793 &gt; <span class='color_orange'>{vpath: }</span>(n$123); UND &lt; Result JUnitCore.runClasses(Computer,Class[]) &gt; :53(n$9); RET &lt; boolean Result.wasSuccessful() &gt; (1)
    pi2:
      _t$168 != null
    returns
    sub1:
      
    sub2:
      
    Current Implication
    SUB:
      
    <span class='color_blue'>0 != 1; MEMna &lt; new[]:793 &gt; <span class='color_orange'>{vpath: }</span>(n$123); UND &lt; Result JUnitCore.runClasses(Computer,Class[]) &gt; :53(this|callee); RET &lt; boolean Result.wasSuccessful() &gt; (1) ;
    result = n$9<span class='color_orange'>update:793</span>:org.junit.runner.Result*; $irvar3 = n$119<span class='color_orange'>initial</span>:void; #GB<>$org.junit.tests.running.classes.ParameterizedTestTest$AssumptionInParametersMethod = {assumptionFails:0<span class='color_orange'>update:792</span>}<span class='color_orange'>rearrange:792</span>:org.junit.tests.running.classes.ParameterizedTestTest$AssumptionInParametersMethod( sub ); $irvar4 = n$120<span class='color_orange'>initial</span>:void; $irvar0 = 0<span class='color_orange'>nullify</span>:void; return = n$121<span class='color_orange'>initial</span>:void; $irvar1 = 0<span class='color_orange'>nullify</span>:void; $irvar2 = n$122<span class='color_orange'>initial</span>:void; this = @f$0<span class='color_orange'>formal</span>:org.junit.tests.running.classes.ParameterizedTestTest*( sub ); this|callee = n$9<span class='color_orange'>actual_precondition</span>:org.junit.runner.Result*; old_this = @f$0<span class='color_orange'>formal</span>:org.junit.tests.running.classes.ParameterizedTestTest*( sub ) ;
    this|callee|->{failures:@f$1<span class='color_orange'>formal(z)</span>}<span class='color_orange'>formal(z)</span>:org.junit.runner.Result( sub ); @f$1|->{}<span class='color_orange'>formal(z)</span>:java.util.concurrent.CopyOnWriteArrayList( sub )
    [footprint
       0 != 1 *
       #GB<>$org.junit.tests.running.classes.ParameterizedTestTest$AssumptionInParametersMethod = {assumptionFails:@f$2<span class='color_orange'>rearrange:792</span>}<span class='color_orange'>rearrange:792</span>:org.junit.tests.running.classes.ParameterizedTestTest$AssumptionInParametersMethod( sub ); this = @f$0<span class='color_orange'>formal</span>:org.junit.tests.running.classes.ParameterizedTestTest*( sub )  ]</span>
    |-
    <span class='color_blue'>this|callee = _t$169<span class='color_orange'>formal</span>:org.junit.runner.Result*( sub ) ;
    this|callee|->{assumptionFailureCount:_t$168<span class='color_orange'>rearrange:(z)99</span>}<span class='color_orange'>rearrange:(z)99</span>:org.junit.runner.Result( sub ); _t$168|->{}<span class='color_orange'>rearrange:103</span>:java.util.concurrent.atomic.AtomicInteger( sub )</span>
    
      do_imply n$9 _t$169
        Current Implication
        SUB:
          
        <span class='color_blue'>0 != 1; MEMna &lt; new[]:793 &gt; <span class='color_orange'>{vpath: }</span>(n$123); UND &lt; Result JUnitCore.runClasses(Computer,Class[]) &gt; :53(result); RET &lt; boolean Result.wasSuccessful() &gt; (1) ;
        result = n$9<span class='color_orange'>update:793</span>:org.junit.runner.Result*; $irvar3 = n$119<span class='color_orange'>initial</span>:void; #GB<>$org.junit.tests.running.classes.ParameterizedTestTest$AssumptionInParametersMethod = {assumptionFails:0<span class='color_orange'>update:792</span>}<span class='color_orange'>rearrange:792</span>:org.junit.tests.running.classes.ParameterizedTestTest$AssumptionInParametersMethod( sub ); $irvar4 = n$120<span class='color_orange'>initial</span>:void; $irvar0 = 0<span class='color_orange'>nullify</span>:void; return = n$121<span class='color_orange'>initial</span>:void; $irvar1 = 0<span class='color_orange'>nullify</span>:void; $irvar2 = n$122<span class='color_orange'>initial</span>:void; this = @f$0<span class='color_orange'>formal</span>:org.junit.tests.running.classes.ParameterizedTestTest*( sub ); old_this = @f$0<span class='color_orange'>formal</span>:org.junit.tests.running.classes.ParameterizedTestTest*( sub ) ;
        result|->{failures:@f$1<span class='color_orange'>formal(z)</span>}<span class='color_orange'>formal(z)</span>:org.junit.runner.Result( sub ); @f$1|->{}<span class='color_orange'>formal(z)</span>:java.util.concurrent.CopyOnWriteArrayList( sub )
        [footprint
           0 != 1 *
           #GB<>$org.junit.tests.running.classes.ParameterizedTestTest$AssumptionInParametersMethod = {assumptionFails:@f$2<span class='color_orange'>rearrange:792</span>}<span class='color_orange'>rearrange:792</span>:org.junit.tests.running.classes.ParameterizedTestTest$AssumptionInParametersMethod( sub ); this = @f$0<span class='color_orange'>formal</span>:org.junit.tests.running.classes.ParameterizedTestTest*( sub )  ]</span>
        [SUB: 
          _t$169 = n$9]
        |-
        <span class='color_blue'>n$9|->{assumptionFailureCount:_t$168<span class='color_orange'>rearrange:(z)99</span>}<span class='color_orange'>rearrange:(z)99</span>:org.junit.runner.Result( sub ); _t$168|->{}<span class='color_orange'>rearrange:103</span>:java.util.concurrent.atomic.AtomicInteger( sub )</span>
        
            Current Implication
            SUB:
              
            <span class='color_blue'>0 != 1; MEMna &lt; new[]:793 &gt; <span class='color_orange'>{vpath: }</span>(n$123); UND &lt; Result JUnitCore.runClasses(Computer,Class[]) &gt; :53(result); RET &lt; boolean Result.wasSuccessful() &gt; (1) ;
            result = n$9<span class='color_orange'>update:793</span>:org.junit.runner.Result*; $irvar3 = n$119<span class='color_orange'>initial</span>:void; #GB<>$org.junit.tests.running.classes.ParameterizedTestTest$AssumptionInParametersMethod = {assumptionFails:0<span class='color_orange'>update:792</span>}<span class='color_orange'>rearrange:792</span>:org.junit.tests.running.classes.ParameterizedTestTest$AssumptionInParametersMethod( sub ); $irvar4 = n$120<span class='color_orange'>initial</span>:void; $irvar0 = 0<span class='color_orange'>nullify</span>:void; return = n$121<span class='color_orange'>initial</span>:void; $irvar1 = 0<span class='color_orange'>nullify</span>:void; $irvar2 = n$122<span class='color_orange'>initial</span>:void; this = @f$0<span class='color_orange'>formal</span>:org.junit.tests.running.classes.ParameterizedTestTest*( sub ); old_this = @f$0<span class='color_orange'>formal</span>:org.junit.tests.running.classes.ParameterizedTestTest*( sub ) ;
            @f$1|->{}<span class='color_orange'>formal(z)</span>:java.util.concurrent.CopyOnWriteArrayList( sub )
            [footprint
               0 != 1 *
               #GB<>$org.junit.tests.running.classes.ParameterizedTestTest$AssumptionInParametersMethod = {assumptionFails:@f$2<span class='color_orange'>rearrange:792</span>}<span class='color_orange'>rearrange:792</span>:org.junit.tests.running.classes.ParameterizedTestTest$AssumptionInParametersMethod( sub ); this = @f$0<span class='color_orange'>formal</span>:org.junit.tests.running.classes.ParameterizedTestTest*( sub )  ]</span>
            [SUB: 
              _t$168 = @f$6; _t$169 = n$9
            MISSING FLD:
              n$9|->{assumptionFailureCount:_t$168<span class='color_orange'>rearrange:(z)99</span>}<span class='color_orange'>formal(z)</span>:org.junit.runner.Result( sub )]
            |-
            <span class='color_blue'>@f$6|->{}<span class='color_orange'>rearrange:103</span>:java.util.concurrent.atomic.AtomicInteger( sub )</span>
            [FRAME FLD:
              n$9|->{failures:@f$1<span class='color_orange'>formal(z)</span>}<span class='color_orange'>formal(z)</span>:org.junit.runner.Result( sub )]
            [FRAME TYPING:
              n$9: org.junit.runner.Result( sub ) ]
            
                Final Implication
                SUB:
                  
                <span class='color_blue'>0 != 1; MEMna &lt; new[]:793 &gt; <span class='color_orange'>{vpath: }</span>(n$123); UND &lt; Result JUnitCore.runClasses(Computer,Class[]) &gt; :53(result); RET &lt; boolean Result.wasSuccessful() &gt; (1) ;
                result = n$9<span class='color_orange'>update:793</span>:org.junit.runner.Result*; $irvar3 = n$119<span class='color_orange'>initial</span>:void; #GB<>$org.junit.tests.running.classes.ParameterizedTestTest$AssumptionInParametersMethod = {assumptionFails:0<span class='color_orange'>update:792</span>}<span class='color_orange'>rearrange:792</span>:org.junit.tests.running.classes.ParameterizedTestTest$AssumptionInParametersMethod( sub ); $irvar4 = n$120<span class='color_orange'>initial</span>:void; $irvar0 = 0<span class='color_orange'>nullify</span>:void; return = n$121<span class='color_orange'>initial</span>:void; $irvar1 = 0<span class='color_orange'>nullify</span>:void; $irvar2 = n$122<span class='color_orange'>initial</span>:void; this = @f$0<span class='color_orange'>formal</span>:org.junit.tests.running.classes.ParameterizedTestTest*( sub ); old_this = @f$0<span class='color_orange'>formal</span>:org.junit.tests.running.classes.ParameterizedTestTest*( sub ) ;
                @f$1|->{}<span class='color_orange'>formal(z)</span>:java.util.concurrent.CopyOnWriteArrayList( sub )
                [footprint
                   0 != 1 *
                   #GB<>$org.junit.tests.running.classes.ParameterizedTestTest$AssumptionInParametersMethod = {assumptionFails:@f$2<span class='color_orange'>rearrange:792</span>}<span class='color_orange'>rearrange:792</span>:org.junit.tests.running.classes.ParameterizedTestTest$AssumptionInParametersMethod( sub ); this = @f$0<span class='color_orange'>formal</span>:org.junit.tests.running.classes.ParameterizedTestTest*( sub )  ]</span>
                [SUB: 
                  _t$168 = @f$6; _t$169 = n$9
                @f$6|->{}<span class='color_orange'>rearrange:103</span>:java.util.concurrent.atomic.AtomicInteger( sub )
                MISSING FLD:
                  n$9|->{assumptionFailureCount:_t$168<span class='color_orange'>rearrange:(z)99</span>}<span class='color_orange'>formal(z)</span>:org.junit.runner.Result( sub )]
                |-
                <span class='color_blue'></span>
                [FRAME FLD:
                  n$9|->{failures:@f$1<span class='color_orange'>formal(z)</span>}<span class='color_orange'>formal(z)</span>:org.junit.runner.Result( sub )]
                [FRAME TYPING:
                  n$9: org.junit.runner.Result( sub ) ]
    Result of Abduction
      SUB:
        
      <span class='color_blue'>0 != 1; MEMna &lt; new[]:793 &gt; <span class='color_orange'>{vpath: }</span>(n$123); UND &lt; Result JUnitCore.runClasses(Computer,Class[]) &gt; :53(this|callee); RET &lt; boolean Result.wasSuccessful() &gt; (1) ;
      result = n$9<span class='color_orange'>update:793</span>:org.junit.runner.Result*; $irvar3 = n$119<span class='color_orange'>initial</span>:void; #GB<>$org.junit.tests.running.classes.ParameterizedTestTest$AssumptionInParametersMethod = {assumptionFails:0<span class='color_orange'>update:792</span>}<span class='color_orange'>rearrange:792</span>:org.junit.tests.running.classes.ParameterizedTestTest$AssumptionInParametersMethod( sub ); $irvar4 = n$120<span class='color_orange'>initial</span>:void; $irvar0 = 0<span class='color_orange'>nullify</span>:void; return = n$121<span class='color_orange'>initial</span>:void; $irvar1 = 0<span class='color_orange'>nullify</span>:void; $irvar2 = n$122<span class='color_orange'>initial</span>:void; this = @f$0<span class='color_orange'>formal</span>:org.junit.tests.running.classes.ParameterizedTestTest*( sub ); this|callee = n$9<span class='color_orange'>actual_precondition</span>:org.junit.runner.Result*; old_this = @f$0<span class='color_orange'>formal</span>:org.junit.tests.running.classes.ParameterizedTestTest*( sub ) ;
      this|callee|->{failures:@f$1<span class='color_orange'>formal(z)</span>}<span class='color_orange'>formal(z)</span>:org.junit.runner.Result( sub ); @f$1|->{}<span class='color_orange'>formal(z)</span>:java.util.concurrent.CopyOnWriteArrayList( sub )
      [footprint
         0 != 1 *
         #GB<>$org.junit.tests.running.classes.ParameterizedTestTest$AssumptionInParametersMethod = {assumptionFails:@f$2<span class='color_orange'>rearrange:792</span>}<span class='color_orange'>rearrange:792</span>:org.junit.tests.running.classes.ParameterizedTestTest$AssumptionInParametersMethod( sub ); this = @f$0<span class='color_orange'>formal</span>:org.junit.tests.running.classes.ParameterizedTestTest*( sub )  ]</span>
      [SUB: 
        _t$168 = @f$6; _t$169 = n$9
      @f$6|->{}<span class='color_orange'>rearrange:103</span>:java.util.concurrent.atomic.AtomicInteger( sub )
      MISSING FLD:
        n$9|->{assumptionFailureCount:_t$168<span class='color_orange'>rearrange:(z)99</span>}<span class='color_orange'>formal(z)</span>:org.junit.runner.Result( sub )]
      |-
      <span class='color_blue'>@f$6 != null ;
      this|callee = n$9<span class='color_orange'>formal</span>:org.junit.runner.Result*( sub ) ;
      @f$6|->{}<span class='color_orange'>rearrange:103</span>:java.util.concurrent.atomic.AtomicInteger( sub ); this|callee|->{assumptionFailureCount:@f$6<span class='color_orange'>rearrange:(z)99</span>}<span class='color_orange'>rearrange:(z)99</span>:org.junit.runner.Result( sub )</span>
      [FRAME FLD:
        n$9|->{failures:@f$1<span class='color_orange'>formal(z)</span>}<span class='color_orange'>formal(z)</span>:org.junit.runner.Result( sub )]
      [FRAME TYPING:
        n$9: org.junit.runner.Result( sub ) ]
    returning TRUE
    explain_dereference_as_caller_expression _t$169: cannot explain None
    <span class='color_red'>found error in dereference</span>
    spec_pre:
    <span class='color_blue'>_t$168 != null ;
    this|callee = _t$169<span class='color_orange'>formal</span>:org.junit.runner.Result*( sub ) ;
    _t$168|->{}<span class='color_orange'>rearrange:103</span>:java.util.concurrent.atomic.AtomicInteger( sub ); this|callee|->{assumptionFailureCount:_t$168<span class='color_orange'>rearrange:(z)99</span>}<span class='color_orange'>rearrange:(z)99</span>:org.junit.runner.Result( sub )</span>
    exp _t$169 desc: 
    <span class='color_orange'>WARNING: Missing fields hpred has non-footprint vars: </span>n$9|->{assumptionFailureCount:@f$6<span class='color_orange'>rearrange:(z)99</span>}<span class='color_orange'>formal(z)</span>:org.junit.runner.Result( sub )
      New footprint:
      @f$6|->{}<span class='color_orange'>rearrange:103</span>:java.util.concurrent.atomic.AtomicInteger( sub )
      Frame fld:
      n$9|->{failures:@f$1<span class='color_orange'>formal(z)</span>}<span class='color_orange'>formal(z)</span>:org.junit.runner.Result( sub )
      Frame typ:
      n$9: org.junit.runner.Result( sub ) 
      Missing fld:
      
      Instantiated frame:
      @f$1|->{}<span class='color_orange'>formal(z)</span>:java.util.concurrent.CopyOnWriteArrayList( sub ); &amp;result|->n$9<span class='color_orange'>update:793</span>:org.junit.runner.Result*; &amp;$irvar3|->n$119<span class='color_orange'>initial</span>:void; &amp;#GB<>$org.junit.tests.running.classes.ParameterizedTestTest$AssumptionInParametersMethod|->{assumptionFails:0<span class='color_orange'>update:792</span>}<span class='color_orange'>rearrange:792</span>:org.junit.tests.running.classes.ParameterizedTestTest$AssumptionInParametersMethod( sub ); &amp;$irvar4|->n$120<span class='color_orange'>initial</span>:void; &amp;$irvar0|->0<span class='color_orange'>nullify</span>:void; &amp;return|->n$121<span class='color_orange'>initial</span>:void; &amp;$irvar1|->0<span class='color_orange'>nullify</span>:void; &amp;$irvar2|->n$122<span class='color_orange'>initial</span>:void; &amp;this|->@f$0<span class='color_orange'>formal</span>:org.junit.tests.running.classes.ParameterizedTestTest*( sub ); &amp;old_this|->@f$0<span class='color_orange'>formal</span>:org.junit.tests.running.classes.ParameterizedTestTest*( sub )
      Instantiated post:
      PROP 1 of 1:
      <span class='color_blue'><span class='color_red'>@f$6 != null</span>; <span class='color_red'>UND &lt; int AtomicInteger.get() &gt; :103(return|callee)</span> ;
      <span class='color_red'>return|callee = _t$170<span class='color_orange'>update:795</span>:int</span> ;
      <span class='color_red'>@f$6|->{}<span class='color_orange'>formal</span>:java.util.concurrent.atomic.AtomicInteger( sub )</span>; <span class='color_red'>n$9|->{assumptionFailureCount:@f$6<span class='color_orange'>formal(z)</span>}<span class='color_orange'>formal(z)</span>:org.junit.runner.Result( sub )</span></span>
      
    ***** RESULTS FUNCTION CALL *******
    PROP 1 of 1:
    <span class='color_blue'><span class='color_red'>@f$1 != null</span>; <span class='color_blue'>0 != 1</span>; <span class='color_blue'>MEMna &lt; new[]:793 &gt; <span class='color_orange'>{vpath: }</span>(n$123)</span>; <span class='color_red'>UND &lt; int AtomicInteger.get() &gt; :103(n$11)</span>; <span class='color_blue'>UND &lt; Result JUnitCore.runClasses(Computer,Class[]) &gt; :53(result)</span>; <span class='color_blue'>RET &lt; boolean Result.wasSuccessful() &gt; (1)</span> ;
    <span class='color_blue'>result = n$9<span class='color_orange'>update:793</span>:org.junit.runner.Result*</span>; <span class='color_blue'>$irvar3 = n$119<span class='color_orange'>initial</span>:void</span>; <span class='color_blue'>#GB<>$org.junit.tests.running.classes.ParameterizedTestTest$AssumptionInParametersMethod = {assumptionFails:0<span class='color_orange'>update:792</span>}<span class='color_orange'>rearrange:792</span>:org.junit.tests.running.classes.ParameterizedTestTest$AssumptionInParametersMethod( sub )</span>; <span class='color_blue'>$irvar4 = n$120<span class='color_orange'>initial</span>:void</span>; <span class='color_blue'>$irvar0 = 0<span class='color_orange'>nullify</span>:void</span>; <span class='color_blue'>return = n$121<span class='color_orange'>initial</span>:void</span>; <span class='color_blue'>$irvar1 = 0<span class='color_orange'>nullify</span>:void</span>; <span class='color_blue'>$irvar2 = n$122<span class='color_orange'>initial</span>:void</span>; <span class='color_blue'>this = @f$0<span class='color_orange'>formal</span>:org.junit.tests.running.classes.ParameterizedTestTest*( sub )</span>; <span class='color_blue'>old_this = @f$0<span class='color_orange'>formal</span>:org.junit.tests.running.classes.ParameterizedTestTest*( sub )</span> ;
    <span class='color_blue'>result|->{<span class='color_red'>assumptionFailureCount:@f$1<span class='color_orange'>formal(z)</span></span>, failures:<span class='color_red'>@f$2<span class='color_orange'>formal(z)</span></span>}<span class='color_orange'>formal(z)</span>:org.junit.runner.Result( sub )</span>; <span class='color_red'>@f$2|->{}<span class='color_orange'>formal(z)</span>:java.util.concurrent.CopyOnWriteArrayList( sub )</span>; <span class='color_blue'>@f$1|->{}<span class='color_orange'>formal</span>:java.util.concurrent.atomic.AtomicInteger( sub )</span>
    [footprint
       <span class='color_blue'>0 != 1</span> *
       <span class='color_blue'>#GB<>$org.junit.tests.running.classes.ParameterizedTestTest$AssumptionInParametersMethod = {assumptionFails:<span class='color_red'>@f$3<span class='color_orange'>rearrange:792</span></span>}<span class='color_orange'>rearrange:792</span>:org.junit.tests.running.classes.ParameterizedTestTest$AssumptionInParametersMethod( sub )</span>; <span class='color_blue'>this = @f$0<span class='color_orange'>formal</span>:org.junit.tests.running.classes.ParameterizedTestTest*( sub )</span> ;
       <span class='color_red'>@f$1|->{}<span class='color_orange'>rearrange:103</span>:java.util.concurrent.atomic.AtomicInteger( sub )</span>  ]</span>
    ***** END RESULTS FUNCTION CALL *******
    pvar: result
    <span class='color_red'>found error in dereference</span>
    spec_pre:
    <span class='color_blue'>@f$6 != null; 0 != 1; MEMna &lt; new[]:793 &gt; <span class='color_orange'>{vpath: }</span>(n$123); UND &lt; int AtomicInteger.get() &gt; :103(n$11); UND &lt; Result JUnitCore.runClasses(Computer,Class[]) &gt; :53(result); RET &lt; boolean Result.wasSuccessful() &gt; (1) ;
    result = n$9<span class='color_orange'>update:793</span>:org.junit.runner.Result*; $irvar3 = n$119<span class='color_orange'>initial</span>:void; #GB<>$org.junit.tests.running.classes.ParameterizedTestTest$AssumptionInParametersMethod = {assumptionFails:0<span class='color_orange'>update:792</span>}<span class='color_orange'>rearrange:792</span>:org.junit.tests.running.classes.ParameterizedTestTest$AssumptionInParametersMethod( sub ); $irvar4 = n$120<span class='color_orange'>initial</span>:void; $irvar0 = 0<span class='color_orange'>nullify</span>:void; return = n$121<span class='color_orange'>initial</span>:void; $irvar1 = 0<span class='color_orange'>nullify</span>:void; $irvar2 = n$122<span class='color_orange'>initial</span>:void; this = @f$0<span class='color_orange'>formal</span>:org.junit.tests.running.classes.ParameterizedTestTest*( sub ); old_this = @f$0<span class='color_orange'>formal</span>:org.junit.tests.running.classes.ParameterizedTestTest*( sub ) ;
    result|->{assumptionFailureCount:@f$6<span class='color_orange'>formal(z)</span>, failures:@f$1<span class='color_orange'>formal(z)</span>}<span class='color_orange'>formal(z)</span>:org.junit.runner.Result( sub ); @f$6|->{}<span class='color_orange'>formal</span>:java.util.concurrent.atomic.AtomicInteger( sub ); @f$1|->{}<span class='color_orange'>formal(z)</span>:java.util.concurrent.CopyOnWriteArrayList( sub )
    [footprint
       0 != 1 *
       #GB<>$org.junit.tests.running.classes.ParameterizedTestTest$AssumptionInParametersMethod = {assumptionFails:@f$2<span class='color_orange'>rearrange:792</span>}<span class='color_orange'>rearrange:792</span>:org.junit.tests.running.classes.ParameterizedTestTest$AssumptionInParametersMethod( sub ); this = @f$0<span class='color_orange'>formal</span>:org.junit.tests.running.classes.ParameterizedTestTest*( sub ) ;
       @f$6|->{}<span class='color_orange'>rearrange:103</span>:java.util.concurrent.atomic.AtomicInteger( sub )  ]</span>
    exp n$9 desc: 
    Prover.check_inconsistency_base: inconsistency reason [None]
    Prover.check_inconsistency_base: inconsistency reason [None]
    Prover.check_inconsistency_base: inconsistency reason [None]
    Prover.check_inconsistency_base: inconsistency reason [None]
    .... Prop with garbage in footprint part ....
      PROP:
      <span class='color_blue'>@f$6 != null; 0 != 1; MEMna &lt; new[]:793 &gt; <span class='color_orange'>{vpath: }</span>(_t$180); UND &lt; int AtomicInteger.get() &gt; :103(n$11); UND &lt; Result JUnitCore.runClasses(Computer,Class[]) &gt; :53(result); RET &lt; int Result.getAssumptionFailureCount() &gt; (n$11); RET &lt; boolean Result.wasSuccessful() &gt; (1) ;
      result = n$9<span class='color_orange'>update:793</span>:org.junit.runner.Result*; $irvar3 = _t$176<span class='color_orange'>initial</span>:void; #GB<>$org.junit.tests.running.classes.ParameterizedTestTest$AssumptionInParametersMethod = {assumptionFails:0<span class='color_orange'>update:792</span>}<span class='color_orange'>rearrange:792</span>:org.junit.tests.running.classes.ParameterizedTestTest$AssumptionInParametersMethod( sub ); $irvar4 = _t$177<span class='color_orange'>initial</span>:void; $irvar0 = 0<span class='color_orange'>nullify</span>:void; return = _t$178<span class='color_orange'>initial</span>:void; $irvar1 = 0<span class='color_orange'>nullify</span>:void; $irvar2 = _t$179<span class='color_orange'>initial</span>:void; this = @f$0<span class='color_orange'>formal</span>:org.junit.tests.running.classes.ParameterizedTestTest*( sub ); old_this = @f$0<span class='color_orange'>formal</span>:org.junit.tests.running.classes.ParameterizedTestTest*( sub ) ;
      result|->{assumptionFailureCount:@f$6<span class='color_orange'>formal(z)</span>, failures:@f$1<span class='color_orange'>formal(z)</span>}<span class='color_orange'>formal(z)</span>:org.junit.runner.Result( sub ); @f$6|->{}<span class='color_orange'>formal</span>:java.util.concurrent.atomic.AtomicInteger( sub ); @f$1|->{}<span class='color_orange'>formal(z)</span>:java.util.concurrent.CopyOnWriteArrayList( sub )
      [footprint
         @f$6 != null; 0 != 1 *
         #GB<>$org.junit.tests.running.classes.ParameterizedTestTest$AssumptionInParametersMethod = {assumptionFails:@f$2<span class='color_orange'>rearrange:792</span>}<span class='color_orange'>rearrange:792</span>:org.junit.tests.running.classes.ParameterizedTestTest$AssumptionInParametersMethod( sub ); this = @f$0<span class='color_orange'>formal</span>:org.junit.tests.running.classes.ParameterizedTestTest*( sub ) ;
         @f$6|->{}<span class='color_orange'>rearrange:103</span>:java.util.concurrent.atomic.AtomicInteger( sub )  ]</span>
      PREDICATE:
      @f$6|->{}<span class='color_orange'>rearrange:103</span>:java.util.concurrent.atomic.AtomicInteger( sub )
      explain_leak: case not matched in instr <span class='color_green'>n$11=_fun_int Result.getAssumptionFailureCount()(n$9:org.junit.runner.Result*) virtual [line 795]</span>
    Instruction Returns
    PROP 1 of 2:
    <span class='color_blue'><span class='color_red'>@f$3 = null</span> ;
    <span class='color_blue'>0 != 1</span>; <span class='color_red'>MEMne &lt; int Result.getAssumptionFailureCount():795 &gt; <span class='color_orange'>{vpath: }</span>(_t$0)</span>; <span class='color_blue'>MEMna &lt; new[]:793 &gt; <span class='color_orange'>{vpath: }</span>(_t$4)</span>; <span class='color_blue'>UND &lt; Result JUnitCore.runClasses(Computer,Class[]) &gt; :53(result)</span>; <span class='color_red'>RET &lt; int Result.getAssumptionFailureCount() &gt; (n$11)</span>; <span class='color_blue'>RET &lt; boolean Result.wasSuccessful() &gt; (1)</span> ;
    <span class='color_blue'>result = n$9<span class='color_orange'>update:793</span>:org.junit.runner.Result*</span>; <span class='color_blue'>$irvar3 = <span class='color_red'>_t$1<span class='color_orange'>initial</span></span>:void</span>; <span class='color_blue'>#GB<>$org.junit.tests.running.classes.ParameterizedTestTest$AssumptionInParametersMethod = {assumptionFails:0<span class='color_orange'>update:792</span>}<span class='color_orange'>rearrange:792</span>:org.junit.tests.running.classes.ParameterizedTestTest$AssumptionInParametersMethod( sub )</span>; <span class='color_blue'>$irvar4 = _t$2<span class='color_orange'>initial</span>:void</span>; <span class='color_blue'>$irvar0 = 0<span class='color_orange'>nullify</span>:void</span>; <span class='color_blue'>return = <span class='color_red'>EXN _t$0<span class='color_orange'>update:795</span></span>:void</span>; <span class='color_blue'>$irvar1 = 0<span class='color_orange'>nullify</span>:void</span>; <span class='color_blue'>$irvar2 = <span class='color_red'>_t$3<span class='color_orange'>initial</span></span>:void</span>; <span class='color_blue'>this = <span class='color_red'>@f$1<span class='color_orange'>formal</span></span>:org.junit.tests.running.classes.ParameterizedTestTest*( sub )</span>; <span class='color_blue'>old_this = <span class='color_red'>@f$1<span class='color_orange'>formal</span></span>:org.junit.tests.running.classes.ParameterizedTestTest*( sub )</span> ;
    <span class='color_red'>_t$0|->{}<span class='color_orange'>alloc</span>:java.lang.UnsupportedOperationException</span>; <span class='color_blue'>result|->{<span class='color_red'>assumptionFailureCount:null<span class='color_orange'>formal(z)</span></span>, failures:<span class='color_red'>@f$0<span class='color_orange'>formal(z)</span></span>}<span class='color_orange'>formal(z)</span>:org.junit.runner.Result( sub )</span>; <span class='color_red'>@f$0|->{}<span class='color_orange'>formal(z)</span>:java.util.concurrent.CopyOnWriteArrayList( sub )</span>
    [footprint
       <span class='color_red'>@f$3 = null</span>; <span class='color_blue'>0 != 1</span> *
       <span class='color_blue'>#GB<>$org.junit.tests.running.classes.ParameterizedTestTest$AssumptionInParametersMethod = {assumptionFails:@f$2<span class='color_orange'>rearrange:792</span>}<span class='color_orange'>rearrange:792</span>:org.junit.tests.running.classes.ParameterizedTestTest$AssumptionInParametersMethod( sub )</span>; <span class='color_blue'>this = <span class='color_red'>@f$1<span class='color_orange'>formal</span></span>:org.junit.tests.running.classes.ParameterizedTestTest*( sub )</span>  ]</span>
    PROP 2 of 2:
    <span class='color_blue'><span class='color_red'>@f$1 != null</span>; <span class='color_blue'>0 != 1</span>; <span class='color_blue'>MEMna &lt; new[]:793 &gt; <span class='color_orange'>{vpath: }</span>(_t$4)</span>; <span class='color_red'>UND &lt; int AtomicInteger.get() &gt; :103(n$11)</span>; <span class='color_blue'>UND &lt; Result JUnitCore.runClasses(Computer,Class[]) &gt; :53(result)</span>; <span class='color_red'>RET &lt; int Result.getAssumptionFailureCount() &gt; (n$11)</span>; <span class='color_blue'>RET &lt; boolean Result.wasSuccessful() &gt; (1)</span> ;
    <span class='color_blue'>result = n$9<span class='color_orange'>update:793</span>:org.junit.runner.Result*</span>; <span class='color_blue'>$irvar3 = _t$3<span class='color_orange'>initial</span>:void</span>; <span class='color_blue'>#GB<>$org.junit.tests.running.classes.ParameterizedTestTest$AssumptionInParametersMethod = {assumptionFails:0<span class='color_orange'>update:792</span>}<span class='color_orange'>rearrange:792</span>:org.junit.tests.running.classes.ParameterizedTestTest$AssumptionInParametersMethod( sub )</span>; <span class='color_blue'>$irvar4 = _t$2<span class='color_orange'>initial</span>:void</span>; <span class='color_blue'>$irvar0 = 0<span class='color_orange'>nullify</span>:void</span>; <span class='color_blue'>return = _t$1<span class='color_orange'>initial</span>:void</span>; <span class='color_blue'>$irvar1 = 0<span class='color_orange'>nullify</span>:void</span>; <span class='color_blue'>$irvar2 = _t$0<span class='color_orange'>initial</span>:void</span>; <span class='color_blue'>this = @f$0<span class='color_orange'>formal</span>:org.junit.tests.running.classes.ParameterizedTestTest*( sub )</span>; <span class='color_blue'>old_this = @f$0<span class='color_orange'>formal</span>:org.junit.tests.running.classes.ParameterizedTestTest*( sub )</span> ;
    <span class='color_blue'>result|->{<span class='color_red'>assumptionFailureCount:@f$1<span class='color_orange'>formal(z)</span></span>, failures:<span class='color_red'>@f$2<span class='color_orange'>formal(z)</span></span>}<span class='color_orange'>formal(z)</span>:org.junit.runner.Result( sub )</span>; <span class='color_red'>@f$2|->{}<span class='color_orange'>formal(z)</span>:java.util.concurrent.CopyOnWriteArrayList( sub )</span>; <span class='color_blue'>@f$1|->{}<span class='color_orange'>formal</span>:java.util.concurrent.atomic.AtomicInteger( sub )</span>
    [footprint
       <span class='color_red'>@f$1 != null</span>; <span class='color_blue'>0 != 1</span> *
       <span class='color_blue'>#GB<>$org.junit.tests.running.classes.ParameterizedTestTest$AssumptionInParametersMethod = {assumptionFails:<span class='color_red'>@f$3<span class='color_orange'>rearrange:792</span></span>}<span class='color_orange'>rearrange:792</span>:org.junit.tests.running.classes.ParameterizedTestTest$AssumptionInParametersMethod( sub )</span>; <span class='color_blue'>this = @f$0<span class='color_orange'>formal</span>:org.junit.tests.running.classes.ParameterizedTestTest*( sub )</span>  ]</span>
    
    Skipping instr <span class='color_green'>*&amp;$irvar2:int=n$11 [line 795]</span> due to exception
    Instruction <span class='color_green'>*&amp;$irvar2:int=n$11 [line 795]</span>
    in vpath_find exp:n$128
    vpath_find: cannot find n$128
    .... Rearrangement Start ....
    Exp: &amp;$irvar2
    Prop:
    <span class='color_blue'>@f$1 != null; 0 != 1; MEMna &lt; new[]:793 &gt; <span class='color_orange'>{vpath: }</span>(n$128); UND &lt; int AtomicInteger.get() &gt; :103(n$11); UND &lt; Result JUnitCore.runClasses(Computer,Class[]) &gt; :53(result); RET &lt; int Result.getAssumptionFailureCount() &gt; (n$11); RET &lt; boolean Result.wasSuccessful() &gt; (1) ;
    result = n$9<span class='color_orange'>update:793</span>:org.junit.runner.Result*; $irvar3 = n$124<span class='color_orange'>initial</span>:void; #GB<>$org.junit.tests.running.classes.ParameterizedTestTest$AssumptionInParametersMethod = {assumptionFails:0<span class='color_orange'>update:792</span>}<span class='color_orange'>rearrange:792</span>:org.junit.tests.running.classes.ParameterizedTestTest$AssumptionInParametersMethod( sub ); $irvar4 = n$125<span class='color_orange'>initial</span>:void; $irvar0 = 0<span class='color_orange'>nullify</span>:void; return = n$126<span class='color_orange'>initial</span>:void; $irvar1 = 0<span class='color_orange'>nullify</span>:void; $irvar2 = n$127<span class='color_orange'>initial</span>:void; this = @f$0<span class='color_orange'>formal</span>:org.junit.tests.running.classes.ParameterizedTestTest*( sub ); old_this = @f$0<span class='color_orange'>formal</span>:org.junit.tests.running.classes.ParameterizedTestTest*( sub ) ;
    result|->{assumptionFailureCount:@f$1<span class='color_orange'>formal(z)</span>, failures:@f$2<span class='color_orange'>formal(z)</span>}<span class='color_orange'>formal(z)</span>:org.junit.runner.Result( sub ); @f$2|->{}<span class='color_orange'>formal(z)</span>:java.util.concurrent.CopyOnWriteArrayList( sub ); @f$1|->{}<span class='color_orange'>formal</span>:java.util.concurrent.atomic.AtomicInteger( sub )
    [footprint
       @f$1 != null; 0 != 1 *
       #GB<>$org.junit.tests.running.classes.ParameterizedTestTest$AssumptionInParametersMethod = {assumptionFails:@f$3<span class='color_orange'>rearrange:792</span>}<span class='color_orange'>rearrange:792</span>:org.junit.tests.running.classes.ParameterizedTestTest$AssumptionInParametersMethod( sub ); this = @f$0<span class='color_orange'>formal</span>:org.junit.tests.running.classes.ParameterizedTestTest*( sub )  ]</span>
    
    in prop_iter_extend_ptsto lexp: &amp;$irvar2
    prop before:
    <span class='color_blue'>@f$1 != null; 0 != 1; MEMna &lt; new[]:793 &gt; <span class='color_orange'>{vpath: }</span>(n$128); UND &lt; int AtomicInteger.get() &gt; :103(n$11); UND &lt; Result JUnitCore.runClasses(Computer,Class[]) &gt; :53(result); RET &lt; int Result.getAssumptionFailureCount() &gt; (n$11); RET &lt; boolean Result.wasSuccessful() &gt; (1) ;
    result = n$9<span class='color_orange'>update:793</span>:org.junit.runner.Result*; $irvar3 = n$124<span class='color_orange'>initial</span>:void; #GB<>$org.junit.tests.running.classes.ParameterizedTestTest$AssumptionInParametersMethod = {assumptionFails:0<span class='color_orange'>update:792</span>}<span class='color_orange'>rearrange:792</span>:org.junit.tests.running.classes.ParameterizedTestTest$AssumptionInParametersMethod( sub ); $irvar4 = n$125<span class='color_orange'>initial</span>:void; $irvar0 = 0<span class='color_orange'>nullify</span>:void; return = n$126<span class='color_orange'>initial</span>:void; $irvar1 = 0<span class='color_orange'>nullify</span>:void; $irvar2 = n$127<span class='color_orange'>initial</span>:void; this = @f$0<span class='color_orange'>formal</span>:org.junit.tests.running.classes.ParameterizedTestTest*( sub ); old_this = @f$0<span class='color_orange'>formal</span>:org.junit.tests.running.classes.ParameterizedTestTest*( sub ) ;
    result|->{assumptionFailureCount:@f$1<span class='color_orange'>formal(z)</span>, failures:@f$2<span class='color_orange'>formal(z)</span>}<span class='color_orange'>formal(z)</span>:org.junit.runner.Result( sub ); @f$2|->{}<span class='color_orange'>formal(z)</span>:java.util.concurrent.CopyOnWriteArrayList( sub ); @f$1|->{}<span class='color_orange'>formal</span>:java.util.concurrent.atomic.AtomicInteger( sub )
    [footprint
       @f$1 != null; 0 != 1 *
       #GB<>$org.junit.tests.running.classes.ParameterizedTestTest$AssumptionInParametersMethod = {assumptionFails:@f$3<span class='color_orange'>rearrange:792</span>}<span class='color_orange'>rearrange:792</span>:org.junit.tests.running.classes.ParameterizedTestTest$AssumptionInParametersMethod( sub ); this = @f$0<span class='color_orange'>formal</span>:org.junit.tests.running.classes.ParameterizedTestTest*( sub )  ]</span>
    
    
    prop list after:
    PROP 1 of 1:
    <span class='color_blue'><span class='color_blue'>@f$1 != null</span>; <span class='color_blue'>0 != 1</span>; <span class='color_blue'>MEMna &lt; new[]:793 &gt; <span class='color_orange'>{vpath: }</span>(n$128)</span>; <span class='color_blue'>UND &lt; int AtomicInteger.get() &gt; :103(n$11)</span>; <span class='color_blue'>UND &lt; Result JUnitCore.runClasses(Computer,Class[]) &gt; :53(result)</span>; <span class='color_blue'>RET &lt; int Result.getAssumptionFailureCount() &gt; (n$11)</span>; <span class='color_blue'>RET &lt; boolean Result.wasSuccessful() &gt; (1)</span> ;
    <span class='color_blue'>result = n$9<span class='color_orange'>update:793</span>:org.junit.runner.Result*</span>; <span class='color_blue'>$irvar3 = n$124<span class='color_orange'>initial</span>:void</span>; <span class='color_blue'>#GB<>$org.junit.tests.running.classes.ParameterizedTestTest$AssumptionInParametersMethod = {assumptionFails:0<span class='color_orange'>update:792</span>}<span class='color_orange'>rearrange:792</span>:org.junit.tests.running.classes.ParameterizedTestTest$AssumptionInParametersMethod( sub )</span>; <span class='color_blue'>$irvar4 = n$125<span class='color_orange'>initial</span>:void</span>; <span class='color_blue'>$irvar0 = 0<span class='color_orange'>nullify</span>:void</span>; <span class='color_blue'>return = n$126<span class='color_orange'>initial</span>:void</span>; <span class='color_blue'>$irvar1 = 0<span class='color_orange'>nullify</span>:void</span>; <span class='color_blue'>$irvar2 = n$127<span class='color_orange'>initial</span>:void</span>; <span class='color_blue'>this = @f$0<span class='color_orange'>formal</span>:org.junit.tests.running.classes.ParameterizedTestTest*( sub )</span>; <span class='color_blue'>old_this = @f$0<span class='color_orange'>formal</span>:org.junit.tests.running.classes.ParameterizedTestTest*( sub )</span> ;
    <span class='color_blue'>result|->{assumptionFailureCount:@f$1<span class='color_orange'>formal(z)</span>, failures:@f$2<span class='color_orange'>formal(z)</span>}<span class='color_orange'>formal(z)</span>:org.junit.runner.Result( sub )</span>; <span class='color_blue'>@f$2|->{}<span class='color_orange'>formal(z)</span>:java.util.concurrent.CopyOnWriteArrayList( sub )</span>; <span class='color_blue'>@f$1|->{}<span class='color_orange'>formal</span>:java.util.concurrent.atomic.AtomicInteger( sub )</span>
    [footprint
       <span class='color_blue'>@f$1 != null</span>; <span class='color_blue'>0 != 1</span> *
       <span class='color_blue'>#GB<>$org.junit.tests.running.classes.ParameterizedTestTest$AssumptionInParametersMethod = {assumptionFails:@f$3<span class='color_orange'>rearrange:792</span>}<span class='color_orange'>rearrange:792</span>:org.junit.tests.running.classes.ParameterizedTestTest$AssumptionInParametersMethod( sub )</span>; <span class='color_blue'>this = @f$0<span class='color_orange'>formal</span>:org.junit.tests.running.classes.ParameterizedTestTest*( sub )</span>  ]</span>
    
    
    
    Instruction Returns
    PROP 1 of 1:
    <span class='color_blue'><span class='color_blue'>@f$1 != null</span>; <span class='color_blue'>0 != 1</span>; <span class='color_red'>MEMna &lt; new[]:793 &gt; <span class='color_orange'>{vpath: }</span>(_t$3)</span>; <span class='color_blue'>UND &lt; int AtomicInteger.get() &gt; :103($irvar2)</span>; <span class='color_blue'>UND &lt; Result JUnitCore.runClasses(Computer,Class[]) &gt; :53(result)</span>; <span class='color_blue'>RET &lt; int Result.getAssumptionFailureCount() &gt; ($irvar2)</span>; <span class='color_blue'>RET &lt; boolean Result.wasSuccessful() &gt; (1)</span> ;
    <span class='color_blue'>result = n$9<span class='color_orange'>update:793</span>:org.junit.runner.Result*</span>; <span class='color_blue'>$irvar3 = <span class='color_red'>_t$2<span class='color_orange'>initial</span></span>:void</span>; <span class='color_blue'>#GB<>$org.junit.tests.running.classes.ParameterizedTestTest$AssumptionInParametersMethod = {assumptionFails:0<span class='color_orange'>update:792</span>}<span class='color_orange'>rearrange:792</span>:org.junit.tests.running.classes.ParameterizedTestTest$AssumptionInParametersMethod( sub )</span>; <span class='color_blue'>$irvar4 = <span class='color_red'>_t$1<span class='color_orange'>initial</span></span>:void</span>; <span class='color_blue'>$irvar0 = 0<span class='color_orange'>nullify</span>:void</span>; <span class='color_blue'>return = <span class='color_red'>_t$0<span class='color_orange'>initial</span></span>:void</span>; <span class='color_blue'>$irvar1 = 0<span class='color_orange'>nullify</span>:void</span>; <span class='color_blue'>$irvar2 = <span class='color_red'>n$11<span class='color_orange'>update:795</span></span>:void</span>; <span class='color_blue'>this = @f$0<span class='color_orange'>formal</span>:org.junit.tests.running.classes.ParameterizedTestTest*( sub )</span>; <span class='color_blue'>old_this = @f$0<span class='color_orange'>formal</span>:org.junit.tests.running.classes.ParameterizedTestTest*( sub )</span> ;
    <span class='color_blue'>result|->{assumptionFailureCount:@f$1<span class='color_orange'>formal(z)</span>, failures:@f$2<span class='color_orange'>formal(z)</span>}<span class='color_orange'>formal(z)</span>:org.junit.runner.Result( sub )</span>; <span class='color_blue'>@f$2|->{}<span class='color_orange'>formal(z)</span>:java.util.concurrent.CopyOnWriteArrayList( sub )</span>; <span class='color_blue'>@f$1|->{}<span class='color_orange'>formal</span>:java.util.concurrent.atomic.AtomicInteger( sub )</span>
    [footprint
       <span class='color_blue'>@f$1 != null</span>; <span class='color_blue'>0 != 1</span> *
       <span class='color_blue'>#GB<>$org.junit.tests.running.classes.ParameterizedTestTest$AssumptionInParametersMethod = {assumptionFails:@f$3<span class='color_orange'>rearrange:792</span>}<span class='color_orange'>rearrange:792</span>:org.junit.tests.running.classes.ParameterizedTestTest$AssumptionInParametersMethod( sub )</span>; <span class='color_blue'>this = @f$0<span class='color_orange'>formal</span>:org.junit.tests.running.classes.ParameterizedTestTest*( sub )</span>  ]</span>
    
    Instruction <span class='color_green'>EXIT_SCOPE(_,n$9,n$11); [line 795]</span>
    in vpath_find exp:_t$0
    vpath_find: cannot find _t$0
    in vpath_find exp:_t$4
    vpath_find: cannot find _t$4
    Instruction Returns
    PROP 1 of 1:
    <span class='color_blue'><span class='color_blue'>@f$3 = null</span> ;
    <span class='color_blue'>0 != 1</span>; <span class='color_blue'>MEMne &lt; int Result.getAssumptionFailureCount():795 &gt; <span class='color_orange'>{vpath: }</span>(_t$0)</span>; <span class='color_red'>MEMna &lt; new[]:793 &gt; <span class='color_orange'>{vpath: }</span>(_t$5)</span>; <span class='color_red'>UND &lt; Result JUnitCore.runClasses(Computer,Class[]) &gt; :53(result)</span>; <span class='color_red'>RET &lt; int Result.getAssumptionFailureCount() &gt; (_t$6)</span>; <span class='color_blue'>RET &lt; boolean Result.wasSuccessful() &gt; (1)</span> ;
    <span class='color_blue'>result = <span class='color_red'>_t$1<span class='color_orange'>update:793</span></span>:org.junit.runner.Result*</span>; <span class='color_blue'>$irvar3 = <span class='color_red'>_t$2<span class='color_orange'>initial</span></span>:void</span>; <span class='color_blue'>#GB<>$org.junit.tests.running.classes.ParameterizedTestTest$AssumptionInParametersMethod = {assumptionFails:0<span class='color_orange'>update:792</span>}<span class='color_orange'>rearrange:792</span>:org.junit.tests.running.classes.ParameterizedTestTest$AssumptionInParametersMethod( sub )</span>; <span class='color_blue'>$irvar4 = <span class='color_red'>_t$3<span class='color_orange'>initial</span></span>:void</span>; <span class='color_blue'>$irvar0 = 0<span class='color_orange'>nullify</span>:void</span>; <span class='color_blue'>return = EXN _t$0<span class='color_orange'>update:795</span>:void</span>; <span class='color_blue'>$irvar1 = 0<span class='color_orange'>nullify</span>:void</span>; <span class='color_blue'>$irvar2 = <span class='color_red'>_t$4<span class='color_orange'>initial</span></span>:void</span>; <span class='color_blue'>this = @f$1<span class='color_orange'>formal</span>:org.junit.tests.running.classes.ParameterizedTestTest*( sub )</span>; <span class='color_blue'>old_this = @f$1<span class='color_orange'>formal</span>:org.junit.tests.running.classes.ParameterizedTestTest*( sub )</span> ;
    <span class='color_red'>result|->{assumptionFailureCount:null<span class='color_orange'>formal(z)</span>, failures:@f$0<span class='color_orange'>formal(z)</span>}<span class='color_orange'>formal(z)</span>:org.junit.runner.Result( sub )</span>; <span class='color_blue'>_t$0|->{}<span class='color_orange'>alloc</span>:java.lang.UnsupportedOperationException</span>; <span class='color_blue'>@f$0|->{}<span class='color_orange'>formal(z)</span>:java.util.concurrent.CopyOnWriteArrayList( sub )</span>
    [footprint
       <span class='color_blue'>@f$3 = null</span>; <span class='color_blue'>0 != 1</span> *
       <span class='color_blue'>#GB<>$org.junit.tests.running.classes.ParameterizedTestTest$AssumptionInParametersMethod = {assumptionFails:@f$2<span class='color_orange'>rearrange:792</span>}<span class='color_orange'>rearrange:792</span>:org.junit.tests.running.classes.ParameterizedTestTest$AssumptionInParametersMethod( sub )</span>; <span class='color_blue'>this = @f$1<span class='color_orange'>formal</span>:org.junit.tests.running.classes.ParameterizedTestTest*( sub )</span>  ]</span>
    
    Instruction <span class='color_green'>EXIT_SCOPE(_,n$9,n$11); [line 795]</span>
    in vpath_find exp:_t$3
    vpath_find: cannot find _t$3
    Instruction Returns
    PROP 1 of 1:
    <span class='color_blue'><span class='color_blue'>@f$1 != null</span>; <span class='color_blue'>0 != 1</span>; <span class='color_red'>MEMna &lt; new[]:793 &gt; <span class='color_orange'>{vpath: }</span>(_t$5)</span>; <span class='color_red'>UND &lt; int AtomicInteger.get() &gt; :103($irvar2)</span>; <span class='color_red'>UND &lt; Result JUnitCore.runClasses(Computer,Class[]) &gt; :53(result)</span>; <span class='color_red'>RET &lt; int Result.getAssumptionFailureCount() &gt; ($irvar2)</span>; <span class='color_blue'>RET &lt; boolean Result.wasSuccessful() &gt; (1)</span> ;
    <span class='color_blue'>result = <span class='color_red'>_t$4<span class='color_orange'>update:793</span></span>:org.junit.runner.Result*</span>; <span class='color_blue'>$irvar3 = <span class='color_red'>_t$3<span class='color_orange'>initial</span></span>:void</span>; <span class='color_blue'>#GB<>$org.junit.tests.running.classes.ParameterizedTestTest$AssumptionInParametersMethod = {assumptionFails:0<span class='color_orange'>update:792</span>}<span class='color_orange'>rearrange:792</span>:org.junit.tests.running.classes.ParameterizedTestTest$AssumptionInParametersMethod( sub )</span>; <span class='color_blue'>$irvar4 = <span class='color_red'>_t$2<span class='color_orange'>initial</span></span>:void</span>; <span class='color_blue'>$irvar0 = 0<span class='color_orange'>nullify</span>:void</span>; <span class='color_blue'>return = <span class='color_red'>_t$1<span class='color_orange'>initial</span></span>:void</span>; <span class='color_blue'>$irvar1 = 0<span class='color_orange'>nullify</span>:void</span>; <span class='color_blue'>$irvar2 = <span class='color_red'>_t$0<span class='color_orange'>update:795</span></span>:void</span>; <span class='color_blue'>this = @f$0<span class='color_orange'>formal</span>:org.junit.tests.running.classes.ParameterizedTestTest*( sub )</span>; <span class='color_blue'>old_this = @f$0<span class='color_orange'>formal</span>:org.junit.tests.running.classes.ParameterizedTestTest*( sub )</span> ;
    <span class='color_red'>result|->{assumptionFailureCount:@f$1<span class='color_orange'>formal(z)</span>, failures:@f$2<span class='color_orange'>formal(z)</span>}<span class='color_orange'>formal(z)</span>:org.junit.runner.Result( sub )</span>; <span class='color_blue'>@f$2|->{}<span class='color_orange'>formal(z)</span>:java.util.concurrent.CopyOnWriteArrayList( sub )</span>; <span class='color_blue'>@f$1|->{}<span class='color_orange'>formal</span>:java.util.concurrent.atomic.AtomicInteger( sub )</span>
    [footprint
       <span class='color_blue'>@f$1 != null</span>; <span class='color_blue'>0 != 1</span> *
       <span class='color_blue'>#GB<>$org.junit.tests.running.classes.ParameterizedTestTest$AssumptionInParametersMethod = {assumptionFails:@f$3<span class='color_orange'>rearrange:792</span>}<span class='color_orange'>rearrange:792</span>:org.junit.tests.running.classes.ParameterizedTestTest$AssumptionInParametersMethod( sub )</span>; <span class='color_blue'>this = @f$0<span class='color_orange'>formal</span>:org.junit.tests.running.classes.ParameterizedTestTest*( sub )</span>  ]</span>
    
    .... After Symbolic Execution ....
    PROP 1 of 2:
    <span class='color_blue'><span class='color_red'>@f$1 != null</span>; <span class='color_blue'>0 != 1</span>; <span class='color_blue'>MEMna &lt; new[]:793 &gt; <span class='color_orange'>{vpath: }</span>(_t$5)</span>; <span class='color_red'>UND &lt; int AtomicInteger.get() &gt; :103($irvar2)</span>; <span class='color_blue'>UND &lt; Result JUnitCore.runClasses(Computer,Class[]) &gt; :53(result)</span>; <span class='color_red'>RET &lt; int Result.getAssumptionFailureCount() &gt; ($irvar2)</span>; <span class='color_blue'>RET &lt; boolean Result.wasSuccessful() &gt; (1)</span> ;
    <span class='color_blue'>result = _t$4<span class='color_orange'>update:793</span>:org.junit.runner.Result*</span>; <span class='color_blue'>$irvar3 = _t$3<span class='color_orange'>initial</span>:void</span>; <span class='color_blue'>#GB<>$org.junit.tests.running.classes.ParameterizedTestTest$AssumptionInParametersMethod = {assumptionFails:0<span class='color_orange'>update:792</span>}<span class='color_orange'>rearrange:792</span>:org.junit.tests.running.classes.ParameterizedTestTest$AssumptionInParametersMethod( sub )</span>; <span class='color_blue'>$irvar4 = _t$2<span class='color_orange'>initial</span>:void</span>; <span class='color_blue'>$irvar0 = 0<span class='color_orange'>nullify</span>:void</span>; <span class='color_blue'>return = _t$1<span class='color_orange'>initial</span>:void</span>; <span class='color_blue'>$irvar1 = 0<span class='color_orange'>nullify</span>:void</span>; <span class='color_blue'>$irvar2 = _t$0<span class='color_orange'>update:795</span>:void</span>; <span class='color_blue'>this = @f$0<span class='color_orange'>formal</span>:org.junit.tests.running.classes.ParameterizedTestTest*( sub )</span>; <span class='color_blue'>old_this = @f$0<span class='color_orange'>formal</span>:org.junit.tests.running.classes.ParameterizedTestTest*( sub )</span> ;
    <span class='color_blue'>result|->{<span class='color_red'>assumptionFailureCount:@f$1<span class='color_orange'>formal(z)</span></span>, failures:<span class='color_red'>@f$2<span class='color_orange'>formal(z)</span></span>}<span class='color_orange'>formal(z)</span>:org.junit.runner.Result( sub )</span>; <span class='color_red'>@f$2|->{}<span class='color_orange'>formal(z)</span>:java.util.concurrent.CopyOnWriteArrayList( sub )</span>; <span class='color_blue'>@f$1|->{}<span class='color_orange'>formal</span>:java.util.concurrent.atomic.AtomicInteger( sub )</span>
    [footprint
       <span class='color_red'>@f$1 != null</span>; <span class='color_blue'>0 != 1</span> *
       <span class='color_blue'>#GB<>$org.junit.tests.running.classes.ParameterizedTestTest$AssumptionInParametersMethod = {assumptionFails:<span class='color_red'>@f$3<span class='color_orange'>rearrange:792</span></span>}<span class='color_orange'>rearrange:792</span>:org.junit.tests.running.classes.ParameterizedTestTest$AssumptionInParametersMethod( sub )</span>; <span class='color_blue'>this = @f$0<span class='color_orange'>formal</span>:org.junit.tests.running.classes.ParameterizedTestTest*( sub )</span>  ]</span>
    PROP 2 of 2:
    <span class='color_blue'><span class='color_red'>@f$3 = null</span> ;
    <span class='color_blue'>0 != 1</span>; <span class='color_red'>MEMne &lt; int Result.getAssumptionFailureCount():795 &gt; <span class='color_orange'>{vpath: }</span>(_t$0)</span>; <span class='color_blue'>MEMna &lt; new[]:793 &gt; <span class='color_orange'>{vpath: }</span>(_t$5)</span>; <span class='color_red'>UND &lt; Result JUnitCore.runClasses(Computer,Class[]) &gt; :53(result)</span>; <span class='color_red'>RET &lt; int Result.getAssumptionFailureCount() &gt; (_t$6)</span>; <span class='color_blue'>RET &lt; boolean Result.wasSuccessful() &gt; (1)</span> ;
    <span class='color_blue'>result = <span class='color_red'>_t$1<span class='color_orange'>update:793</span></span>:org.junit.runner.Result*</span>; <span class='color_blue'>$irvar3 = <span class='color_red'>_t$2<span class='color_orange'>initial</span></span>:void</span>; <span class='color_blue'>#GB<>$org.junit.tests.running.classes.ParameterizedTestTest$AssumptionInParametersMethod = {assumptionFails:0<span class='color_orange'>update:792</span>}<span class='color_orange'>rearrange:792</span>:org.junit.tests.running.classes.ParameterizedTestTest$AssumptionInParametersMethod( sub )</span>; <span class='color_blue'>$irvar4 = <span class='color_red'>_t$3<span class='color_orange'>initial</span></span>:void</span>; <span class='color_blue'>$irvar0 = 0<span class='color_orange'>nullify</span>:void</span>; <span class='color_blue'>return = <span class='color_red'>EXN _t$0<span class='color_orange'>update:795</span></span>:void</span>; <span class='color_blue'>$irvar1 = 0<span class='color_orange'>nullify</span>:void</span>; <span class='color_blue'>$irvar2 = <span class='color_red'>_t$4<span class='color_orange'>initial</span></span>:void</span>; <span class='color_blue'>this = <span class='color_red'>@f$1<span class='color_orange'>formal</span></span>:org.junit.tests.running.classes.ParameterizedTestTest*( sub )</span>; <span class='color_blue'>old_this = <span class='color_red'>@f$1<span class='color_orange'>formal</span></span>:org.junit.tests.running.classes.ParameterizedTestTest*( sub )</span> ;
    <span class='color_red'>result|->{assumptionFailureCount:null<span class='color_orange'>formal(z)</span>, failures:@f$0<span class='color_orange'>formal(z)</span>}<span class='color_orange'>formal(z)</span>:org.junit.runner.Result( sub )</span>; <span class='color_red'>_t$0|->{}<span class='color_orange'>alloc</span>:java.lang.UnsupportedOperationException</span>; <span class='color_red'>@f$0|->{}<span class='color_orange'>formal(z)</span>:java.util.concurrent.CopyOnWriteArrayList( sub )</span>
    [footprint
       <span class='color_red'>@f$3 = null</span>; <span class='color_blue'>0 != 1</span> *
       <span class='color_blue'>#GB<>$org.junit.tests.running.classes.ParameterizedTestTest$AssumptionInParametersMethod = {assumptionFails:@f$2<span class='color_orange'>rearrange:792</span>}<span class='color_orange'>rearrange:792</span>:org.junit.tests.running.classes.ParameterizedTestTest$AssumptionInParametersMethod( sub )</span>; <span class='color_blue'>this = <span class='color_red'>@f$1<span class='color_orange'>formal</span></span>:org.junit.tests.running.classes.ParameterizedTestTest*( sub )</span>  ]</span>
    
    
    
  </LISTING>
<hr width="100%">
<a name="session79" href="./../nodes/org.junit.tests.running.classes.ParameterizedTestTest.testsAreExecutedWhenAssumptionInParametersMeth.e80d33c7e0641b1f893e84e59c8230b0_node10.html#session79">node10#session79</a>(<a href="./../../ParameterizedTestTest.java.88da44e98279dfa32c0c7e5c52f053d0.html#LINE795">795</a>) biabduction
<LISTING class='color_black'>**** [RE:Pending] void ParameterizedTestTest.testsAreExecutedWhenAssumptionInParametersMethodDoesNotFail() Node: 10, Procedure: void ParameterizedTestTest.testsAreExecutedWhenAssumptionInParametersMethodDoesNotFail(), Todo: 1 ****
  PROP 1 of 1:
  <span class='color_blue'><span class='color_red'>0 != 1</span>; <span class='color_red'>MEMna &lt; new[]:793 &gt; <span class='color_orange'>{vpath: }</span>(_t$6)</span>; <span class='color_red'>UND &lt; Result JUnitCore.runClasses(Computer,Class[]) &gt; :53(result)</span>; <span class='color_red'>RET &lt; boolean Result.wasSuccessful() &gt; (1)</span> ;
  <span class='color_red'>result = _t$4<span class='color_orange'>update:793</span>:org.junit.runner.Result*</span>; <span class='color_red'>$irvar3 = _t$3<span class='color_orange'>initial</span>:void</span>; <span class='color_red'>#GB<>$org.junit.tests.running.classes.ParameterizedTestTest$AssumptionInParametersMethod = {assumptionFails:0<span class='color_orange'>update:792</span>}<span class='color_orange'>formal</span>:org.junit.tests.running.classes.ParameterizedTestTest$AssumptionInParametersMethod( sub )</span>; <span class='color_red'>old_org.junit.tests.running.classes.ParameterizedTestTest$AssumptionInParametersMethod = {assumptionFails:val$2<span class='color_orange'>formal</span>}<span class='color_orange'>formal</span>:org.junit.tests.running.classes.ParameterizedTestTest$AssumptionInParametersMethod( sub )</span>; <span class='color_red'>$irvar4 = _t$2<span class='color_orange'>initial</span>:void</span>; <span class='color_red'>$irvar0 = 0<span class='color_orange'>nullify</span>:void</span>; <span class='color_red'>return = _t$1<span class='color_orange'>initial</span>:void</span>; <span class='color_red'>$irvar1 = 0<span class='color_orange'>nullify</span>:void</span>; <span class='color_red'>$irvar2 = _t$0<span class='color_orange'>initial</span>:void</span>; <span class='color_red'>this = val$1<span class='color_orange'>formal</span>:org.junit.tests.running.classes.ParameterizedTestTest*( sub )</span>; <span class='color_red'>old_this = val$1<span class='color_orange'>formal</span>:org.junit.tests.running.classes.ParameterizedTestTest*( sub )</span> ;
  <span class='color_red'>_t$5|->{}<span class='color_orange'>formal(z)</span>:java.util.concurrent.CopyOnWriteArrayList( sub )</span>; <span class='color_red'>result|->{failures:_t$5<span class='color_orange'>formal(z)</span>}<span class='color_orange'>formal(z)</span>:org.junit.runner.Result( sub )</span></span>
  .... Instructions: ....
  <span class='color_green'>n$9=*&amp;result:org.junit.runner.Result* [line 795];
  _=*n$9:org.junit.runner.Result*(root org.junit.runner.Result) [line 795];
  n$11=_fun_int Result.getAssumptionFailureCount()(n$9:org.junit.runner.Result*) virtual [line 795];
  *&amp;$irvar2:int=n$11 [line 795];
  EXIT_SCOPE(_,n$9,n$11); [line 795];
  </span>
  
  Processing prop 1/1
    Instruction <span class='color_green'>n$9=*&amp;result:org.junit.runner.Result* [line 795]</span>
    in vpath_find exp:n$120
    vpath_find: cannot find n$120
    .... Rearrangement Start ....
    Exp: &amp;result
    Prop:
    <span class='color_blue'>0 != 1; MEMna &lt; new[]:793 &gt; <span class='color_orange'>{vpath: }</span>(n$120); UND &lt; Result JUnitCore.runClasses(Computer,Class[]) &gt; :53(result); RET &lt; boolean Result.wasSuccessful() &gt; (1) ;
    result = n$115<span class='color_orange'>update:793</span>:org.junit.runner.Result*; $irvar3 = n$116<span class='color_orange'>initial</span>:void; #GB<>$org.junit.tests.running.classes.ParameterizedTestTest$AssumptionInParametersMethod = {assumptionFails:0<span class='color_orange'>update:792</span>}<span class='color_orange'>formal</span>:org.junit.tests.running.classes.ParameterizedTestTest$AssumptionInParametersMethod( sub ); old_org.junit.tests.running.classes.ParameterizedTestTest$AssumptionInParametersMethod = {assumptionFails:val$2<span class='color_orange'>formal</span>}<span class='color_orange'>formal</span>:org.junit.tests.running.classes.ParameterizedTestTest$AssumptionInParametersMethod( sub ); $irvar4 = n$117<span class='color_orange'>initial</span>:void; $irvar0 = 0<span class='color_orange'>nullify</span>:void; return = n$118<span class='color_orange'>initial</span>:void; $irvar1 = 0<span class='color_orange'>nullify</span>:void; $irvar2 = n$119<span class='color_orange'>initial</span>:void; this = val$1<span class='color_orange'>formal</span>:org.junit.tests.running.classes.ParameterizedTestTest*( sub ); old_this = val$1<span class='color_orange'>formal</span>:org.junit.tests.running.classes.ParameterizedTestTest*( sub ) ;
    result|->{failures:n$114<span class='color_orange'>formal(z)</span>}<span class='color_orange'>formal(z)</span>:org.junit.runner.Result( sub ); n$114|->{}<span class='color_orange'>formal(z)</span>:java.util.concurrent.CopyOnWriteArrayList( sub )</span>
    
    Prover.check_inconsistency_base: inconsistency reason [None]
    Prover.check_inconsistency_base: inconsistency reason [None]
    Instruction Returns
    PROP 1 of 1:
    <span class='color_blue'><span class='color_blue'>0 != 1</span>; <span class='color_red'>MEMna &lt; new[]:793 &gt; <span class='color_orange'>{vpath: }</span>(_t$5)</span>; <span class='color_red'>UND &lt; Result JUnitCore.runClasses(Computer,Class[]) &gt; :53(result)</span>; <span class='color_blue'>RET &lt; boolean Result.wasSuccessful() &gt; (1)</span> ;
    <span class='color_blue'>result = <span class='color_red'>n$9<span class='color_orange'>update:793</span></span>:org.junit.runner.Result*</span>; <span class='color_blue'>$irvar3 = _t$3<span class='color_orange'>initial</span>:void</span>; <span class='color_blue'>#GB<>$org.junit.tests.running.classes.ParameterizedTestTest$AssumptionInParametersMethod = {assumptionFails:0<span class='color_orange'>update:792</span>}<span class='color_orange'>formal</span>:org.junit.tests.running.classes.ParameterizedTestTest$AssumptionInParametersMethod( sub )</span>; <span class='color_blue'>old_org.junit.tests.running.classes.ParameterizedTestTest$AssumptionInParametersMethod = {assumptionFails:val$2<span class='color_orange'>formal</span>}<span class='color_orange'>formal</span>:org.junit.tests.running.classes.ParameterizedTestTest$AssumptionInParametersMethod( sub )</span>; <span class='color_blue'>$irvar4 = _t$2<span class='color_orange'>initial</span>:void</span>; <span class='color_blue'>$irvar0 = 0<span class='color_orange'>nullify</span>:void</span>; <span class='color_blue'>return = _t$1<span class='color_orange'>initial</span>:void</span>; <span class='color_blue'>$irvar1 = 0<span class='color_orange'>nullify</span>:void</span>; <span class='color_blue'>$irvar2 = _t$0<span class='color_orange'>initial</span>:void</span>; <span class='color_blue'>this = val$1<span class='color_orange'>formal</span>:org.junit.tests.running.classes.ParameterizedTestTest*( sub )</span>; <span class='color_blue'>old_this = val$1<span class='color_orange'>formal</span>:org.junit.tests.running.classes.ParameterizedTestTest*( sub )</span> ;
    <span class='color_blue'>_t$4|->{}<span class='color_orange'>formal(z)</span>:java.util.concurrent.CopyOnWriteArrayList( sub )</span>; <span class='color_red'>result|->{failures:_t$4<span class='color_orange'>formal(z)</span>}<span class='color_orange'>formal(z)</span>:org.junit.runner.Result( sub )</span></span>
    
    Instruction <span class='color_green'>_=*n$9:org.junit.runner.Result*(root org.junit.runner.Result) [line 795]</span>
    in vpath_find exp:n$126
    vpath_find: cannot find n$126
    .... Rearrangement Start ....
    Exp: n$9
    Prop:
    <span class='color_blue'>0 != 1; MEMna &lt; new[]:793 &gt; <span class='color_orange'>{vpath: }</span>(n$126); UND &lt; Result JUnitCore.runClasses(Computer,Class[]) &gt; :53(result); RET &lt; boolean Result.wasSuccessful() &gt; (1) ;
    result = n$9<span class='color_orange'>update:793</span>:org.junit.runner.Result*; $irvar3 = n$122<span class='color_orange'>initial</span>:void; #GB<>$org.junit.tests.running.classes.ParameterizedTestTest$AssumptionInParametersMethod = {assumptionFails:0<span class='color_orange'>update:792</span>}<span class='color_orange'>formal</span>:org.junit.tests.running.classes.ParameterizedTestTest$AssumptionInParametersMethod( sub ); old_org.junit.tests.running.classes.ParameterizedTestTest$AssumptionInParametersMethod = {assumptionFails:val$2<span class='color_orange'>formal</span>}<span class='color_orange'>formal</span>:org.junit.tests.running.classes.ParameterizedTestTest$AssumptionInParametersMethod( sub ); $irvar4 = n$123<span class='color_orange'>initial</span>:void; $irvar0 = 0<span class='color_orange'>nullify</span>:void; return = n$124<span class='color_orange'>initial</span>:void; $irvar1 = 0<span class='color_orange'>nullify</span>:void; $irvar2 = n$125<span class='color_orange'>initial</span>:void; this = val$1<span class='color_orange'>formal</span>:org.junit.tests.running.classes.ParameterizedTestTest*( sub ); old_this = val$1<span class='color_orange'>formal</span>:org.junit.tests.running.classes.ParameterizedTestTest*( sub ) ;
    n$121|->{}<span class='color_orange'>formal(z)</span>:java.util.concurrent.CopyOnWriteArrayList( sub ); result|->{failures:n$121<span class='color_orange'>formal(z)</span>}<span class='color_orange'>formal(z)</span>:org.junit.runner.Result( sub )</span>
    
    Prover.check_inconsistency_base: inconsistency reason [None]
    Prover.check_inconsistency_base: inconsistency reason [None]
    Instruction Returns
    PROP 1 of 1:
    <span class='color_blue'><span class='color_blue'>0 != 1</span>; <span class='color_blue'>MEMna &lt; new[]:793 &gt; <span class='color_orange'>{vpath: }</span>(_t$5)</span>; <span class='color_blue'>UND &lt; Result JUnitCore.runClasses(Computer,Class[]) &gt; :53(result)</span>; <span class='color_blue'>RET &lt; boolean Result.wasSuccessful() &gt; (1)</span> ;
    <span class='color_blue'>result = n$9<span class='color_orange'>update:793</span>:org.junit.runner.Result*</span>; <span class='color_blue'>$irvar3 = _t$3<span class='color_orange'>initial</span>:void</span>; <span class='color_blue'>#GB<>$org.junit.tests.running.classes.ParameterizedTestTest$AssumptionInParametersMethod = {assumptionFails:0<span class='color_orange'>update:792</span>}<span class='color_orange'>formal</span>:org.junit.tests.running.classes.ParameterizedTestTest$AssumptionInParametersMethod( sub )</span>; <span class='color_blue'>old_org.junit.tests.running.classes.ParameterizedTestTest$AssumptionInParametersMethod = {assumptionFails:val$2<span class='color_orange'>formal</span>}<span class='color_orange'>formal</span>:org.junit.tests.running.classes.ParameterizedTestTest$AssumptionInParametersMethod( sub )</span>; <span class='color_blue'>$irvar4 = _t$2<span class='color_orange'>initial</span>:void</span>; <span class='color_blue'>$irvar0 = 0<span class='color_orange'>nullify</span>:void</span>; <span class='color_blue'>return = _t$1<span class='color_orange'>initial</span>:void</span>; <span class='color_blue'>$irvar1 = 0<span class='color_orange'>nullify</span>:void</span>; <span class='color_blue'>$irvar2 = _t$0<span class='color_orange'>initial</span>:void</span>; <span class='color_blue'>this = val$1<span class='color_orange'>formal</span>:org.junit.tests.running.classes.ParameterizedTestTest*( sub )</span>; <span class='color_blue'>old_this = val$1<span class='color_orange'>formal</span>:org.junit.tests.running.classes.ParameterizedTestTest*( sub )</span> ;
    <span class='color_blue'>_t$4|->{}<span class='color_orange'>formal(z)</span>:java.util.concurrent.CopyOnWriteArrayList( sub )</span>; <span class='color_blue'>result|->{failures:_t$4<span class='color_orange'>formal(z)</span>}<span class='color_orange'>formal(z)</span>:org.junit.runner.Result( sub )</span></span>
    
    Instruction <span class='color_green'>n$11=_fun_int Result.getAssumptionFailureCount()(n$9:org.junit.runner.Result*) virtual [line 795]</span>
    in vpath_find exp:n$132
    vpath_find: cannot find n$132
    Found 2 specs for function org.junit.runner.Result.getAssumptionFailureCount():int
    START EXECUTING SPECS FOR org.junit.runner.Result.getAssumptionFailureCount():int from state
    <span class='color_blue'>0 != 1; MEMna &lt; new[]:793 &gt; <span class='color_orange'>{vpath: }</span>(n$132); UND &lt; Result JUnitCore.runClasses(Computer,Class[]) &gt; :53(result); RET &lt; boolean Result.wasSuccessful() &gt; (1) ;
    result = n$9<span class='color_orange'>update:793</span>:org.junit.runner.Result*; $irvar3 = n$128<span class='color_orange'>initial</span>:void; #GB<>$org.junit.tests.running.classes.ParameterizedTestTest$AssumptionInParametersMethod = {assumptionFails:0<span class='color_orange'>update:792</span>}<span class='color_orange'>formal</span>:org.junit.tests.running.classes.ParameterizedTestTest$AssumptionInParametersMethod( sub ); old_org.junit.tests.running.classes.ParameterizedTestTest$AssumptionInParametersMethod = {assumptionFails:val$2<span class='color_orange'>formal</span>}<span class='color_orange'>formal</span>:org.junit.tests.running.classes.ParameterizedTestTest$AssumptionInParametersMethod( sub ); $irvar4 = n$129<span class='color_orange'>initial</span>:void; $irvar0 = 0<span class='color_orange'>nullify</span>:void; return = n$130<span class='color_orange'>initial</span>:void; $irvar1 = 0<span class='color_orange'>nullify</span>:void; $irvar2 = n$131<span class='color_orange'>initial</span>:void; this = val$1<span class='color_orange'>formal</span>:org.junit.tests.running.classes.ParameterizedTestTest*( sub ); old_this = val$1<span class='color_orange'>formal</span>:org.junit.tests.running.classes.ParameterizedTestTest*( sub ) ;
    n$127|->{}<span class='color_orange'>formal(z)</span>:java.util.concurrent.CopyOnWriteArrayList( sub ); result|->{failures:n$127<span class='color_orange'>formal(z)</span>}<span class='color_orange'>formal(z)</span>:org.junit.runner.Result( sub )</span>
    EXECUTING SPEC 1/2
    ACTUAL PRECONDITION =
      <span class='color_blue'>0 != 1; MEMna &lt; new[]:793 &gt; <span class='color_orange'>{vpath: }</span>(n$132); UND &lt; Result JUnitCore.runClasses(Computer,Class[]) &gt; :53(this|callee); RET &lt; boolean Result.wasSuccessful() &gt; (1) ;
      result = n$9<span class='color_orange'>update:793</span>:org.junit.runner.Result*; $irvar3 = n$128<span class='color_orange'>initial</span>:void; #GB<>$org.junit.tests.running.classes.ParameterizedTestTest$AssumptionInParametersMethod = {assumptionFails:0<span class='color_orange'>update:792</span>}<span class='color_orange'>formal</span>:org.junit.tests.running.classes.ParameterizedTestTest$AssumptionInParametersMethod( sub ); old_org.junit.tests.running.classes.ParameterizedTestTest$AssumptionInParametersMethod = {assumptionFails:val$2<span class='color_orange'>formal</span>}<span class='color_orange'>formal</span>:org.junit.tests.running.classes.ParameterizedTestTest$AssumptionInParametersMethod( sub ); $irvar4 = n$129<span class='color_orange'>initial</span>:void; $irvar0 = 0<span class='color_orange'>nullify</span>:void; return = n$130<span class='color_orange'>initial</span>:void; $irvar1 = 0<span class='color_orange'>nullify</span>:void; $irvar2 = n$131<span class='color_orange'>initial</span>:void; this = val$1<span class='color_orange'>formal</span>:org.junit.tests.running.classes.ParameterizedTestTest*( sub ); this|callee = n$9<span class='color_orange'>actual_precondition</span>:org.junit.runner.Result*; old_this = val$1<span class='color_orange'>formal</span>:org.junit.tests.running.classes.ParameterizedTestTest*( sub ) ;
      n$127|->{}<span class='color_orange'>formal(z)</span>:java.util.concurrent.CopyOnWriteArrayList( sub ); this|callee|->{failures:n$127<span class='color_orange'>formal(z)</span>}<span class='color_orange'>formal(z)</span>:org.junit.runner.Result( sub )</span>
    SPEC =
      --------------------------- ---------- ---------------------------
      PRE:
      <span class='color_blue'><span class='color_blue'>this|callee = _t$176<span class='color_orange'>formal</span>:org.junit.runner.Result*( sub ) ;
      this|callee|->{assumptionFailureCount:null<span class='color_orange'>rearrange:(z)99</span>}<span class='color_orange'>rearrange:(z)99</span>:org.junit.runner.Result( sub )</span></span>
      POST 1 of 1:
      <span class='color_blue'><span class='color_red'>MEMne &lt; new:100 &gt; <span class='color_orange'>{vpath: }</span>(_t$177)</span> ;
      <span class='color_red'>return|callee = EXN _t$177<span class='color_orange'>update:100</span>:int</span> ;
      <span class='color_red'>_t$177|->{}<span class='color_orange'>alloc</span>:java.lang.UnsupportedOperationException</span>; this|callee|->{assumptionFailureCount:null<span class='color_orange'>formal(z)</span>}<span class='color_orange'>formal(z)</span>:org.junit.runner.Result( sub )</span>
      ----------------------------------------------------------------
    pre_check_pure_implication
    pi1:
      0 != 1; MEMna &lt; new[]:793 &gt; <span class='color_orange'>{vpath: }</span>(n$132); UND &lt; Result JUnitCore.runClasses(Computer,Class[]) &gt; :53(n$9); RET &lt; boolean Result.wasSuccessful() &gt; (1)
    pi2:
      
    returns
    sub1:
      
    sub2:
      
    Current Implication
    SUB:
      
    <span class='color_blue'>0 != 1; MEMna &lt; new[]:793 &gt; <span class='color_orange'>{vpath: }</span>(n$132); UND &lt; Result JUnitCore.runClasses(Computer,Class[]) &gt; :53(this|callee); RET &lt; boolean Result.wasSuccessful() &gt; (1) ;
    result = n$9<span class='color_orange'>update:793</span>:org.junit.runner.Result*; $irvar3 = n$128<span class='color_orange'>initial</span>:void; #GB<>$org.junit.tests.running.classes.ParameterizedTestTest$AssumptionInParametersMethod = {assumptionFails:0<span class='color_orange'>update:792</span>}<span class='color_orange'>formal</span>:org.junit.tests.running.classes.ParameterizedTestTest$AssumptionInParametersMethod( sub ); old_org.junit.tests.running.classes.ParameterizedTestTest$AssumptionInParametersMethod = {assumptionFails:val$2<span class='color_orange'>formal</span>}<span class='color_orange'>formal</span>:org.junit.tests.running.classes.ParameterizedTestTest$AssumptionInParametersMethod( sub ); $irvar4 = n$129<span class='color_orange'>initial</span>:void; $irvar0 = 0<span class='color_orange'>nullify</span>:void; return = n$130<span class='color_orange'>initial</span>:void; $irvar1 = 0<span class='color_orange'>nullify</span>:void; $irvar2 = n$131<span class='color_orange'>initial</span>:void; this = val$1<span class='color_orange'>formal</span>:org.junit.tests.running.classes.ParameterizedTestTest*( sub ); this|callee = n$9<span class='color_orange'>actual_precondition</span>:org.junit.runner.Result*; old_this = val$1<span class='color_orange'>formal</span>:org.junit.tests.running.classes.ParameterizedTestTest*( sub ) ;
    n$127|->{}<span class='color_orange'>formal(z)</span>:java.util.concurrent.CopyOnWriteArrayList( sub ); this|callee|->{failures:n$127<span class='color_orange'>formal(z)</span>}<span class='color_orange'>formal(z)</span>:org.junit.runner.Result( sub )</span>
    |-
    <span class='color_blue'>this|callee = _t$176<span class='color_orange'>formal</span>:org.junit.runner.Result*( sub ) ;
    this|callee|->{assumptionFailureCount:null<span class='color_orange'>rearrange:(z)99</span>}<span class='color_orange'>rearrange:(z)99</span>:org.junit.runner.Result( sub )</span>
    
      do_imply n$9 _t$176
        Current Implication
        SUB:
          
        <span class='color_blue'>0 != 1; MEMna &lt; new[]:793 &gt; <span class='color_orange'>{vpath: }</span>(n$132); UND &lt; Result JUnitCore.runClasses(Computer,Class[]) &gt; :53(result); RET &lt; boolean Result.wasSuccessful() &gt; (1) ;
        result = n$9<span class='color_orange'>update:793</span>:org.junit.runner.Result*; $irvar3 = n$128<span class='color_orange'>initial</span>:void; #GB<>$org.junit.tests.running.classes.ParameterizedTestTest$AssumptionInParametersMethod = {assumptionFails:0<span class='color_orange'>update:792</span>}<span class='color_orange'>formal</span>:org.junit.tests.running.classes.ParameterizedTestTest$AssumptionInParametersMethod( sub ); old_org.junit.tests.running.classes.ParameterizedTestTest$AssumptionInParametersMethod = {assumptionFails:val$2<span class='color_orange'>formal</span>}<span class='color_orange'>formal</span>:org.junit.tests.running.classes.ParameterizedTestTest$AssumptionInParametersMethod( sub ); $irvar4 = n$129<span class='color_orange'>initial</span>:void; $irvar0 = 0<span class='color_orange'>nullify</span>:void; return = n$130<span class='color_orange'>initial</span>:void; $irvar1 = 0<span class='color_orange'>nullify</span>:void; $irvar2 = n$131<span class='color_orange'>initial</span>:void; this = val$1<span class='color_orange'>formal</span>:org.junit.tests.running.classes.ParameterizedTestTest*( sub ); old_this = val$1<span class='color_orange'>formal</span>:org.junit.tests.running.classes.ParameterizedTestTest*( sub ) ;
        n$127|->{}<span class='color_orange'>formal(z)</span>:java.util.concurrent.CopyOnWriteArrayList( sub ); result|->{failures:n$127<span class='color_orange'>formal(z)</span>}<span class='color_orange'>formal(z)</span>:org.junit.runner.Result( sub )</span>
        [SUB: 
          _t$176 = n$9]
        |-
        <span class='color_blue'>n$9|->{assumptionFailureCount:null<span class='color_orange'>rearrange:(z)99</span>}<span class='color_orange'>rearrange:(z)99</span>:org.junit.runner.Result( sub )</span>
        
            Final Implication
            SUB:
              
            <span class='color_blue'>0 != 1; MEMna &lt; new[]:793 &gt; <span class='color_orange'>{vpath: }</span>(n$132); UND &lt; Result JUnitCore.runClasses(Computer,Class[]) &gt; :53(result); RET &lt; boolean Result.wasSuccessful() &gt; (1) ;
            result = n$9<span class='color_orange'>update:793</span>:org.junit.runner.Result*; $irvar3 = n$128<span class='color_orange'>initial</span>:void; #GB<>$org.junit.tests.running.classes.ParameterizedTestTest$AssumptionInParametersMethod = {assumptionFails:0<span class='color_orange'>update:792</span>}<span class='color_orange'>formal</span>:org.junit.tests.running.classes.ParameterizedTestTest$AssumptionInParametersMethod( sub ); old_org.junit.tests.running.classes.ParameterizedTestTest$AssumptionInParametersMethod = {assumptionFails:val$2<span class='color_orange'>formal</span>}<span class='color_orange'>formal</span>:org.junit.tests.running.classes.ParameterizedTestTest$AssumptionInParametersMethod( sub ); $irvar4 = n$129<span class='color_orange'>initial</span>:void; $irvar0 = 0<span class='color_orange'>nullify</span>:void; return = n$130<span class='color_orange'>initial</span>:void; $irvar1 = 0<span class='color_orange'>nullify</span>:void; $irvar2 = n$131<span class='color_orange'>initial</span>:void; this = val$1<span class='color_orange'>formal</span>:org.junit.tests.running.classes.ParameterizedTestTest*( sub ); old_this = val$1<span class='color_orange'>formal</span>:org.junit.tests.running.classes.ParameterizedTestTest*( sub ) ;
            n$127|->{}<span class='color_orange'>formal(z)</span>:java.util.concurrent.CopyOnWriteArrayList( sub )</span>
            [SUB: 
              _t$176 = n$9
            %path%n9_org.junit.runner.Result.assumptionFailureCount$-3 = null
            MISSING FLD:
              n$9|->{assumptionFailureCount:null<span class='color_orange'>rearrange:(z)99</span>}<span class='color_orange'>formal(z)</span>:org.junit.runner.Result( sub )]
            |-
            <span class='color_blue'></span>
            [FRAME FLD:
              n$9|->{failures:n$127<span class='color_orange'>formal(z)</span>}<span class='color_orange'>formal(z)</span>:org.junit.runner.Result( sub )]
            [FRAME TYPING:
              n$9: org.junit.runner.Result( sub ) ]
    Result of Abduction
      SUB:
        
      <span class='color_blue'>0 != 1; MEMna &lt; new[]:793 &gt; <span class='color_orange'>{vpath: }</span>(n$132); UND &lt; Result JUnitCore.runClasses(Computer,Class[]) &gt; :53(this|callee); RET &lt; boolean Result.wasSuccessful() &gt; (1) ;
      result = n$9<span class='color_orange'>update:793</span>:org.junit.runner.Result*; $irvar3 = n$128<span class='color_orange'>initial</span>:void; #GB<>$org.junit.tests.running.classes.ParameterizedTestTest$AssumptionInParametersMethod = {assumptionFails:0<span class='color_orange'>update:792</span>}<span class='color_orange'>formal</span>:org.junit.tests.running.classes.ParameterizedTestTest$AssumptionInParametersMethod( sub ); old_org.junit.tests.running.classes.ParameterizedTestTest$AssumptionInParametersMethod = {assumptionFails:val$2<span class='color_orange'>formal</span>}<span class='color_orange'>formal</span>:org.junit.tests.running.classes.ParameterizedTestTest$AssumptionInParametersMethod( sub ); $irvar4 = n$129<span class='color_orange'>initial</span>:void; $irvar0 = 0<span class='color_orange'>nullify</span>:void; return = n$130<span class='color_orange'>initial</span>:void; $irvar1 = 0<span class='color_orange'>nullify</span>:void; $irvar2 = n$131<span class='color_orange'>initial</span>:void; this = val$1<span class='color_orange'>formal</span>:org.junit.tests.running.classes.ParameterizedTestTest*( sub ); this|callee = n$9<span class='color_orange'>actual_precondition</span>:org.junit.runner.Result*; old_this = val$1<span class='color_orange'>formal</span>:org.junit.tests.running.classes.ParameterizedTestTest*( sub ) ;
      n$127|->{}<span class='color_orange'>formal(z)</span>:java.util.concurrent.CopyOnWriteArrayList( sub ); this|callee|->{failures:n$127<span class='color_orange'>formal(z)</span>}<span class='color_orange'>formal(z)</span>:org.junit.runner.Result( sub )</span>
      [SUB: 
        _t$176 = n$9
      %path%n9_org.junit.runner.Result.assumptionFailureCount$-3 = null
      MISSING FLD:
        n$9|->{assumptionFailureCount:null<span class='color_orange'>rearrange:(z)99</span>}<span class='color_orange'>formal(z)</span>:org.junit.runner.Result( sub )]
      |-
      <span class='color_blue'>this|callee = n$9<span class='color_orange'>formal</span>:org.junit.runner.Result*( sub ) ;
      this|callee|->{assumptionFailureCount:null<span class='color_orange'>rearrange:(z)99</span>}<span class='color_orange'>rearrange:(z)99</span>:org.junit.runner.Result( sub )</span>
      [FRAME FLD:
        n$9|->{failures:n$127<span class='color_orange'>formal(z)</span>}<span class='color_orange'>formal(z)</span>:org.junit.runner.Result( sub )]
      [FRAME TYPING:
        n$9: org.junit.runner.Result( sub ) ]
    returning TRUE
    explain_dereference_as_caller_expression _t$176: cannot explain None
    <span class='color_red'>found error in dereference</span>
    spec_pre:
    <span class='color_blue'>this|callee = _t$176<span class='color_orange'>formal</span>:org.junit.runner.Result*( sub ) ;
    this|callee|->{assumptionFailureCount:null<span class='color_orange'>rearrange:(z)99</span>}<span class='color_orange'>rearrange:(z)99</span>:org.junit.runner.Result( sub )</span>
    exp _t$176 desc: 
    <span class='color_orange'>WARNING: Missing fields hpred has non-footprint vars: </span>n$9|->{assumptionFailureCount:null<span class='color_orange'>rearrange:(z)99</span>}<span class='color_orange'>formal(z)</span>:org.junit.runner.Result( sub )
    in vpath_find exp:_t$177
    vpath_find: cannot find _t$177
      New footprint:
      %path%n9_org.junit.runner.Result.assumptionFailureCount$-3 = null
      Frame fld:
      n$9|->{failures:n$127<span class='color_orange'>formal(z)</span>}<span class='color_orange'>formal(z)</span>:org.junit.runner.Result( sub )
      Frame typ:
      n$9: org.junit.runner.Result( sub ) 
      Missing fld:
      
      Instantiated frame:
      n$127|->{}<span class='color_orange'>formal(z)</span>:java.util.concurrent.CopyOnWriteArrayList( sub ); &amp;result|->n$9<span class='color_orange'>update:793</span>:org.junit.runner.Result*; &amp;$irvar3|->n$128<span class='color_orange'>initial</span>:void; &amp;#GB<>$org.junit.tests.running.classes.ParameterizedTestTest$AssumptionInParametersMethod|->{assumptionFails:0<span class='color_orange'>update:792</span>}<span class='color_orange'>formal</span>:org.junit.tests.running.classes.ParameterizedTestTest$AssumptionInParametersMethod( sub ); &amp;old_org.junit.tests.running.classes.ParameterizedTestTest$AssumptionInParametersMethod|->{assumptionFails:val$2<span class='color_orange'>formal</span>}<span class='color_orange'>formal</span>:org.junit.tests.running.classes.ParameterizedTestTest$AssumptionInParametersMethod( sub ); &amp;$irvar4|->n$129<span class='color_orange'>initial</span>:void; &amp;$irvar0|->0<span class='color_orange'>nullify</span>:void; &amp;return|->n$130<span class='color_orange'>initial</span>:void; &amp;$irvar1|->0<span class='color_orange'>nullify</span>:void; &amp;$irvar2|->n$131<span class='color_orange'>initial</span>:void; &amp;this|->val$1<span class='color_orange'>formal</span>:org.junit.tests.running.classes.ParameterizedTestTest*( sub ); &amp;old_this|->val$1<span class='color_orange'>formal</span>:org.junit.tests.running.classes.ParameterizedTestTest*( sub )
      Instantiated post:
      PROP 1 of 1:
      <span class='color_blue'><span class='color_red'>MEMne &lt; int Result.getAssumptionFailureCount():795 &gt; <span class='color_orange'>{vpath: }</span>(_t$177)</span> ;
      <span class='color_red'>return|callee = EXN _t$177<span class='color_orange'>update:795</span>:int</span> ;
      <span class='color_red'>_t$177|->{}<span class='color_orange'>alloc</span>:java.lang.UnsupportedOperationException</span>; <span class='color_red'>n$9|->{assumptionFailureCount:null<span class='color_orange'>formal(z)</span>}<span class='color_orange'>formal(z)</span>:org.junit.runner.Result( sub )</span></span>
      
    ***** RESULTS FUNCTION CALL *******
    PROP 1 of 1:
    <span class='color_blue'><span class='color_red'>%path%n9_org.junit.runner.Result.assumptionFailureCount$-3 = null</span> ;
    <span class='color_blue'>0 != 1</span>; <span class='color_red'>MEMne &lt; int Result.getAssumptionFailureCount():795 &gt; <span class='color_orange'>{vpath: }</span>(_t$0)</span>; <span class='color_blue'>MEMna &lt; new[]:793 &gt; <span class='color_orange'>{vpath: }</span>(n$132)</span>; <span class='color_blue'>UND &lt; Result JUnitCore.runClasses(Computer,Class[]) &gt; :53(result)</span>; <span class='color_blue'>RET &lt; boolean Result.wasSuccessful() &gt; (1)</span> ;
    <span class='color_blue'>result = n$9<span class='color_orange'>update:793</span>:org.junit.runner.Result*</span>; <span class='color_blue'>$irvar3 = n$128<span class='color_orange'>initial</span>:void</span>; <span class='color_blue'>#GB<>$org.junit.tests.running.classes.ParameterizedTestTest$AssumptionInParametersMethod = {assumptionFails:0<span class='color_orange'>update:792</span>}<span class='color_orange'>formal</span>:org.junit.tests.running.classes.ParameterizedTestTest$AssumptionInParametersMethod( sub )</span>; <span class='color_blue'>old_org.junit.tests.running.classes.ParameterizedTestTest$AssumptionInParametersMethod = {assumptionFails:val$2<span class='color_orange'>formal</span>}<span class='color_orange'>formal</span>:org.junit.tests.running.classes.ParameterizedTestTest$AssumptionInParametersMethod( sub )</span>; <span class='color_blue'>$irvar4 = n$129<span class='color_orange'>initial</span>:void</span>; <span class='color_blue'>$irvar0 = 0<span class='color_orange'>nullify</span>:void</span>; <span class='color_blue'>return = <span class='color_red'>EXN _t$0<span class='color_orange'>update:795</span></span>:void</span>; <span class='color_blue'>$irvar1 = 0<span class='color_orange'>nullify</span>:void</span>; <span class='color_blue'>$irvar2 = n$131<span class='color_orange'>initial</span>:void</span>; <span class='color_blue'>this = val$1<span class='color_orange'>formal</span>:org.junit.tests.running.classes.ParameterizedTestTest*( sub )</span>; <span class='color_blue'>old_this = val$1<span class='color_orange'>formal</span>:org.junit.tests.running.classes.ParameterizedTestTest*( sub )</span> ;
    <span class='color_red'>_t$0|->{}<span class='color_orange'>alloc</span>:java.lang.UnsupportedOperationException</span>; <span class='color_blue'>n$127|->{}<span class='color_orange'>formal(z)</span>:java.util.concurrent.CopyOnWriteArrayList( sub )</span>; <span class='color_blue'>result|->{<span class='color_red'>assumptionFailureCount:null<span class='color_orange'>formal(z)</span></span>, failures:n$127<span class='color_orange'>formal(z)</span>}<span class='color_orange'>formal(z)</span>:org.junit.runner.Result( sub )</span></span>
    ***** END RESULTS FUNCTION CALL *******
    pvar: result
    <span class='color_red'>found error in dereference</span>
    spec_pre:
    <span class='color_blue'>%path%n9_org.junit.runner.Result.assumptionFailureCount$-3 = null ;
    0 != 1; MEMne &lt; int Result.getAssumptionFailureCount():795 &gt; <span class='color_orange'>{vpath: }</span>(_t$177); MEMna &lt; new[]:793 &gt; <span class='color_orange'>{vpath: }</span>(n$132); UND &lt; Result JUnitCore.runClasses(Computer,Class[]) &gt; :53(result); RET &lt; boolean Result.wasSuccessful() &gt; (1) ;
    result = n$9<span class='color_orange'>update:793</span>:org.junit.runner.Result*; $irvar3 = n$128<span class='color_orange'>initial</span>:void; #GB<>$org.junit.tests.running.classes.ParameterizedTestTest$AssumptionInParametersMethod = {assumptionFails:0<span class='color_orange'>update:792</span>}<span class='color_orange'>formal</span>:org.junit.tests.running.classes.ParameterizedTestTest$AssumptionInParametersMethod( sub ); old_org.junit.tests.running.classes.ParameterizedTestTest$AssumptionInParametersMethod = {assumptionFails:val$2<span class='color_orange'>formal</span>}<span class='color_orange'>formal</span>:org.junit.tests.running.classes.ParameterizedTestTest$AssumptionInParametersMethod( sub ); $irvar4 = n$129<span class='color_orange'>initial</span>:void; $irvar0 = 0<span class='color_orange'>nullify</span>:void; return = EXN _t$177<span class='color_orange'>update:795</span>:void; $irvar1 = 0<span class='color_orange'>nullify</span>:void; $irvar2 = n$131<span class='color_orange'>initial</span>:void; this = val$1<span class='color_orange'>formal</span>:org.junit.tests.running.classes.ParameterizedTestTest*( sub ); old_this = val$1<span class='color_orange'>formal</span>:org.junit.tests.running.classes.ParameterizedTestTest*( sub ) ;
    _t$177|->{}<span class='color_orange'>alloc</span>:java.lang.UnsupportedOperationException; n$127|->{}<span class='color_orange'>formal(z)</span>:java.util.concurrent.CopyOnWriteArrayList( sub ); result|->{assumptionFailureCount:null<span class='color_orange'>formal(z)</span>, failures:n$127<span class='color_orange'>formal(z)</span>}<span class='color_orange'>formal(z)</span>:org.junit.runner.Result( sub )</span>
    exp n$9 desc: 
    Prover.check_inconsistency_base: inconsistency reason [None]
    Prover.check_inconsistency_base: inconsistency reason [None]
    Prover.check_inconsistency_base: inconsistency reason [None]
    Prover.check_inconsistency_base: inconsistency reason [None]
    EXECUTING SPEC 2/2
    ACTUAL PRECONDITION =
      <span class='color_blue'>0 != 1; MEMna &lt; new[]:793 &gt; <span class='color_orange'>{vpath: }</span>(n$132); UND &lt; Result JUnitCore.runClasses(Computer,Class[]) &gt; :53(this|callee); RET &lt; boolean Result.wasSuccessful() &gt; (1) ;
      result = n$9<span class='color_orange'>update:793</span>:org.junit.runner.Result*; $irvar3 = n$128<span class='color_orange'>initial</span>:void; #GB<>$org.junit.tests.running.classes.ParameterizedTestTest$AssumptionInParametersMethod = {assumptionFails:0<span class='color_orange'>update:792</span>}<span class='color_orange'>formal</span>:org.junit.tests.running.classes.ParameterizedTestTest$AssumptionInParametersMethod( sub ); old_org.junit.tests.running.classes.ParameterizedTestTest$AssumptionInParametersMethod = {assumptionFails:val$2<span class='color_orange'>formal</span>}<span class='color_orange'>formal</span>:org.junit.tests.running.classes.ParameterizedTestTest$AssumptionInParametersMethod( sub ); $irvar4 = n$129<span class='color_orange'>initial</span>:void; $irvar0 = 0<span class='color_orange'>nullify</span>:void; return = n$130<span class='color_orange'>initial</span>:void; $irvar1 = 0<span class='color_orange'>nullify</span>:void; $irvar2 = n$131<span class='color_orange'>initial</span>:void; this = val$1<span class='color_orange'>formal</span>:org.junit.tests.running.classes.ParameterizedTestTest*( sub ); this|callee = n$9<span class='color_orange'>actual_precondition</span>:org.junit.runner.Result*; old_this = val$1<span class='color_orange'>formal</span>:org.junit.tests.running.classes.ParameterizedTestTest*( sub ) ;
      n$127|->{}<span class='color_orange'>formal(z)</span>:java.util.concurrent.CopyOnWriteArrayList( sub ); this|callee|->{failures:n$127<span class='color_orange'>formal(z)</span>}<span class='color_orange'>formal(z)</span>:org.junit.runner.Result( sub )</span>
    SPEC =
      --------------------------- ---------- ---------------------------
      PRE:
      <span class='color_blue'><span class='color_blue'>_t$178 != null ;
      this|callee = _t$179<span class='color_orange'>formal</span>:org.junit.runner.Result*( sub ) ;
      _t$178|->{}<span class='color_orange'>rearrange:103</span>:java.util.concurrent.atomic.AtomicInteger( sub ); this|callee|->{assumptionFailureCount:_t$178<span class='color_orange'>rearrange:(z)99</span>}<span class='color_orange'>rearrange:(z)99</span>:org.junit.runner.Result( sub )</span></span>
      POST 1 of 1:
      <span class='color_blue'>_t$178 != null; <span class='color_red'>UND &lt; int AtomicInteger.get() &gt; :103(return|callee)</span> ;
      <span class='color_red'>return|callee = _t$180<span class='color_orange'>update:103</span>:int</span> ;
      _t$178|->{}<span class='color_orange'>formal</span>:java.util.concurrent.atomic.AtomicInteger( sub ); this|callee|->{assumptionFailureCount:_t$178<span class='color_orange'>formal(z)</span>}<span class='color_orange'>formal(z)</span>:org.junit.runner.Result( sub )</span>
      ----------------------------------------------------------------
    pre_check_pure_implication
    pi1:
      0 != 1; MEMna &lt; new[]:793 &gt; <span class='color_orange'>{vpath: }</span>(n$132); UND &lt; Result JUnitCore.runClasses(Computer,Class[]) &gt; :53(n$9); RET &lt; boolean Result.wasSuccessful() &gt; (1)
    pi2:
      _t$178 != null
    returns
    sub1:
      
    sub2:
      
    Current Implication
    SUB:
      
    <span class='color_blue'>0 != 1; MEMna &lt; new[]:793 &gt; <span class='color_orange'>{vpath: }</span>(n$132); UND &lt; Result JUnitCore.runClasses(Computer,Class[]) &gt; :53(this|callee); RET &lt; boolean Result.wasSuccessful() &gt; (1) ;
    result = n$9<span class='color_orange'>update:793</span>:org.junit.runner.Result*; $irvar3 = n$128<span class='color_orange'>initial</span>:void; #GB<>$org.junit.tests.running.classes.ParameterizedTestTest$AssumptionInParametersMethod = {assumptionFails:0<span class='color_orange'>update:792</span>}<span class='color_orange'>formal</span>:org.junit.tests.running.classes.ParameterizedTestTest$AssumptionInParametersMethod( sub ); old_org.junit.tests.running.classes.ParameterizedTestTest$AssumptionInParametersMethod = {assumptionFails:val$2<span class='color_orange'>formal</span>}<span class='color_orange'>formal</span>:org.junit.tests.running.classes.ParameterizedTestTest$AssumptionInParametersMethod( sub ); $irvar4 = n$129<span class='color_orange'>initial</span>:void; $irvar0 = 0<span class='color_orange'>nullify</span>:void; return = n$130<span class='color_orange'>initial</span>:void; $irvar1 = 0<span class='color_orange'>nullify</span>:void; $irvar2 = n$131<span class='color_orange'>initial</span>:void; this = val$1<span class='color_orange'>formal</span>:org.junit.tests.running.classes.ParameterizedTestTest*( sub ); this|callee = n$9<span class='color_orange'>actual_precondition</span>:org.junit.runner.Result*; old_this = val$1<span class='color_orange'>formal</span>:org.junit.tests.running.classes.ParameterizedTestTest*( sub ) ;
    n$127|->{}<span class='color_orange'>formal(z)</span>:java.util.concurrent.CopyOnWriteArrayList( sub ); this|callee|->{failures:n$127<span class='color_orange'>formal(z)</span>}<span class='color_orange'>formal(z)</span>:org.junit.runner.Result( sub )</span>
    |-
    <span class='color_blue'>this|callee = _t$179<span class='color_orange'>formal</span>:org.junit.runner.Result*( sub ) ;
    this|callee|->{assumptionFailureCount:_t$178<span class='color_orange'>rearrange:(z)99</span>}<span class='color_orange'>rearrange:(z)99</span>:org.junit.runner.Result( sub ); _t$178|->{}<span class='color_orange'>rearrange:103</span>:java.util.concurrent.atomic.AtomicInteger( sub )</span>
    
      do_imply n$9 _t$179
        Current Implication
        SUB:
          
        <span class='color_blue'>0 != 1; MEMna &lt; new[]:793 &gt; <span class='color_orange'>{vpath: }</span>(n$132); UND &lt; Result JUnitCore.runClasses(Computer,Class[]) &gt; :53(result); RET &lt; boolean Result.wasSuccessful() &gt; (1) ;
        result = n$9<span class='color_orange'>update:793</span>:org.junit.runner.Result*; $irvar3 = n$128<span class='color_orange'>initial</span>:void; #GB<>$org.junit.tests.running.classes.ParameterizedTestTest$AssumptionInParametersMethod = {assumptionFails:0<span class='color_orange'>update:792</span>}<span class='color_orange'>formal</span>:org.junit.tests.running.classes.ParameterizedTestTest$AssumptionInParametersMethod( sub ); old_org.junit.tests.running.classes.ParameterizedTestTest$AssumptionInParametersMethod = {assumptionFails:val$2<span class='color_orange'>formal</span>}<span class='color_orange'>formal</span>:org.junit.tests.running.classes.ParameterizedTestTest$AssumptionInParametersMethod( sub ); $irvar4 = n$129<span class='color_orange'>initial</span>:void; $irvar0 = 0<span class='color_orange'>nullify</span>:void; return = n$130<span class='color_orange'>initial</span>:void; $irvar1 = 0<span class='color_orange'>nullify</span>:void; $irvar2 = n$131<span class='color_orange'>initial</span>:void; this = val$1<span class='color_orange'>formal</span>:org.junit.tests.running.classes.ParameterizedTestTest*( sub ); old_this = val$1<span class='color_orange'>formal</span>:org.junit.tests.running.classes.ParameterizedTestTest*( sub ) ;
        n$127|->{}<span class='color_orange'>formal(z)</span>:java.util.concurrent.CopyOnWriteArrayList( sub ); result|->{failures:n$127<span class='color_orange'>formal(z)</span>}<span class='color_orange'>formal(z)</span>:org.junit.runner.Result( sub )</span>
        [SUB: 
          _t$179 = n$9]
        |-
        <span class='color_blue'>n$9|->{assumptionFailureCount:_t$178<span class='color_orange'>rearrange:(z)99</span>}<span class='color_orange'>rearrange:(z)99</span>:org.junit.runner.Result( sub ); _t$178|->{}<span class='color_orange'>rearrange:103</span>:java.util.concurrent.atomic.AtomicInteger( sub )</span>
        
            Current Implication
            SUB:
              
            <span class='color_blue'>0 != 1; MEMna &lt; new[]:793 &gt; <span class='color_orange'>{vpath: }</span>(n$132); UND &lt; Result JUnitCore.runClasses(Computer,Class[]) &gt; :53(result); RET &lt; boolean Result.wasSuccessful() &gt; (1) ;
            result = n$9<span class='color_orange'>update:793</span>:org.junit.runner.Result*; $irvar3 = n$128<span class='color_orange'>initial</span>:void; #GB<>$org.junit.tests.running.classes.ParameterizedTestTest$AssumptionInParametersMethod = {assumptionFails:0<span class='color_orange'>update:792</span>}<span class='color_orange'>formal</span>:org.junit.tests.running.classes.ParameterizedTestTest$AssumptionInParametersMethod( sub ); old_org.junit.tests.running.classes.ParameterizedTestTest$AssumptionInParametersMethod = {assumptionFails:val$2<span class='color_orange'>formal</span>}<span class='color_orange'>formal</span>:org.junit.tests.running.classes.ParameterizedTestTest$AssumptionInParametersMethod( sub ); $irvar4 = n$129<span class='color_orange'>initial</span>:void; $irvar0 = 0<span class='color_orange'>nullify</span>:void; return = n$130<span class='color_orange'>initial</span>:void; $irvar1 = 0<span class='color_orange'>nullify</span>:void; $irvar2 = n$131<span class='color_orange'>initial</span>:void; this = val$1<span class='color_orange'>formal</span>:org.junit.tests.running.classes.ParameterizedTestTest*( sub ); old_this = val$1<span class='color_orange'>formal</span>:org.junit.tests.running.classes.ParameterizedTestTest*( sub ) ;
            n$127|->{}<span class='color_orange'>formal(z)</span>:java.util.concurrent.CopyOnWriteArrayList( sub )</span>
            [SUB: 
              _t$178 = %path%n9_org.junit.runner.Result.assumptionFailureCount$-3; _t$179 = n$9
            MISSING FLD:
              n$9|->{assumptionFailureCount:_t$178<span class='color_orange'>rearrange:(z)99</span>}<span class='color_orange'>formal(z)</span>:org.junit.runner.Result( sub )]
            |-
            <span class='color_blue'>%path%n9_org.junit.runner.Result.assumptionFailureCount$-3|->{}<span class='color_orange'>rearrange:103</span>:java.util.concurrent.atomic.AtomicInteger( sub )</span>
            [FRAME FLD:
              n$9|->{failures:n$127<span class='color_orange'>formal(z)</span>}<span class='color_orange'>formal(z)</span>:org.junit.runner.Result( sub )]
            [FRAME TYPING:
              n$9: org.junit.runner.Result( sub ) ]
            
                Final Implication
                SUB:
                  
                <span class='color_blue'>0 != 1; MEMna &lt; new[]:793 &gt; <span class='color_orange'>{vpath: }</span>(n$132); UND &lt; Result JUnitCore.runClasses(Computer,Class[]) &gt; :53(result); RET &lt; boolean Result.wasSuccessful() &gt; (1) ;
                result = n$9<span class='color_orange'>update:793</span>:org.junit.runner.Result*; $irvar3 = n$128<span class='color_orange'>initial</span>:void; #GB<>$org.junit.tests.running.classes.ParameterizedTestTest$AssumptionInParametersMethod = {assumptionFails:0<span class='color_orange'>update:792</span>}<span class='color_orange'>formal</span>:org.junit.tests.running.classes.ParameterizedTestTest$AssumptionInParametersMethod( sub ); old_org.junit.tests.running.classes.ParameterizedTestTest$AssumptionInParametersMethod = {assumptionFails:val$2<span class='color_orange'>formal</span>}<span class='color_orange'>formal</span>:org.junit.tests.running.classes.ParameterizedTestTest$AssumptionInParametersMethod( sub ); $irvar4 = n$129<span class='color_orange'>initial</span>:void; $irvar0 = 0<span class='color_orange'>nullify</span>:void; return = n$130<span class='color_orange'>initial</span>:void; $irvar1 = 0<span class='color_orange'>nullify</span>:void; $irvar2 = n$131<span class='color_orange'>initial</span>:void; this = val$1<span class='color_orange'>formal</span>:org.junit.tests.running.classes.ParameterizedTestTest*( sub ); old_this = val$1<span class='color_orange'>formal</span>:org.junit.tests.running.classes.ParameterizedTestTest*( sub ) ;
                n$127|->{}<span class='color_orange'>formal(z)</span>:java.util.concurrent.CopyOnWriteArrayList( sub )</span>
                [SUB: 
                  _t$178 = %path%n9_org.junit.runner.Result.assumptionFailureCount$-3; _t$179 = n$9
                %path%n9_org.junit.runner.Result.assumptionFailureCount$-3|->{}<span class='color_orange'>rearrange:103</span>:java.util.concurrent.atomic.AtomicInteger( sub )
                MISSING FLD:
                  n$9|->{assumptionFailureCount:_t$178<span class='color_orange'>rearrange:(z)99</span>}<span class='color_orange'>formal(z)</span>:org.junit.runner.Result( sub )]
                |-
                <span class='color_blue'></span>
                [FRAME FLD:
                  n$9|->{failures:n$127<span class='color_orange'>formal(z)</span>}<span class='color_orange'>formal(z)</span>:org.junit.runner.Result( sub )]
                [FRAME TYPING:
                  n$9: org.junit.runner.Result( sub ) ]
    Result of Abduction
      SUB:
        
      <span class='color_blue'>0 != 1; MEMna &lt; new[]:793 &gt; <span class='color_orange'>{vpath: }</span>(n$132); UND &lt; Result JUnitCore.runClasses(Computer,Class[]) &gt; :53(this|callee); RET &lt; boolean Result.wasSuccessful() &gt; (1) ;
      result = n$9<span class='color_orange'>update:793</span>:org.junit.runner.Result*; $irvar3 = n$128<span class='color_orange'>initial</span>:void; #GB<>$org.junit.tests.running.classes.ParameterizedTestTest$AssumptionInParametersMethod = {assumptionFails:0<span class='color_orange'>update:792</span>}<span class='color_orange'>formal</span>:org.junit.tests.running.classes.ParameterizedTestTest$AssumptionInParametersMethod( sub ); old_org.junit.tests.running.classes.ParameterizedTestTest$AssumptionInParametersMethod = {assumptionFails:val$2<span class='color_orange'>formal</span>}<span class='color_orange'>formal</span>:org.junit.tests.running.classes.ParameterizedTestTest$AssumptionInParametersMethod( sub ); $irvar4 = n$129<span class='color_orange'>initial</span>:void; $irvar0 = 0<span class='color_orange'>nullify</span>:void; return = n$130<span class='color_orange'>initial</span>:void; $irvar1 = 0<span class='color_orange'>nullify</span>:void; $irvar2 = n$131<span class='color_orange'>initial</span>:void; this = val$1<span class='color_orange'>formal</span>:org.junit.tests.running.classes.ParameterizedTestTest*( sub ); this|callee = n$9<span class='color_orange'>actual_precondition</span>:org.junit.runner.Result*; old_this = val$1<span class='color_orange'>formal</span>:org.junit.tests.running.classes.ParameterizedTestTest*( sub ) ;
      n$127|->{}<span class='color_orange'>formal(z)</span>:java.util.concurrent.CopyOnWriteArrayList( sub ); this|callee|->{failures:n$127<span class='color_orange'>formal(z)</span>}<span class='color_orange'>formal(z)</span>:org.junit.runner.Result( sub )</span>
      [SUB: 
        _t$178 = %path%n9_org.junit.runner.Result.assumptionFailureCount$-3; _t$179 = n$9
      %path%n9_org.junit.runner.Result.assumptionFailureCount$-3|->{}<span class='color_orange'>rearrange:103</span>:java.util.concurrent.atomic.AtomicInteger( sub )
      MISSING FLD:
        n$9|->{assumptionFailureCount:_t$178<span class='color_orange'>rearrange:(z)99</span>}<span class='color_orange'>formal(z)</span>:org.junit.runner.Result( sub )]
      |-
      <span class='color_blue'>%path%n9_org.junit.runner.Result.assumptionFailureCount$-3 != null ;
      this|callee = n$9<span class='color_orange'>formal</span>:org.junit.runner.Result*( sub ) ;
      %path%n9_org.junit.runner.Result.assumptionFailureCount$-3|->{}<span class='color_orange'>rearrange:103</span>:java.util.concurrent.atomic.AtomicInteger( sub ); this|callee|->{assumptionFailureCount:%path%n9_org.junit.runner.Result.assumptionFailureCount$-3<span class='color_orange'>rearrange:(z)99</span>}<span class='color_orange'>rearrange:(z)99</span>:org.junit.runner.Result( sub )</span>
      [FRAME FLD:
        n$9|->{failures:n$127<span class='color_orange'>formal(z)</span>}<span class='color_orange'>formal(z)</span>:org.junit.runner.Result( sub )]
      [FRAME TYPING:
        n$9: org.junit.runner.Result( sub ) ]
    returning TRUE
    explain_dereference_as_caller_expression _t$179: cannot explain None
    <span class='color_red'>found error in dereference</span>
    spec_pre:
    <span class='color_blue'>_t$178 != null ;
    this|callee = _t$179<span class='color_orange'>formal</span>:org.junit.runner.Result*( sub ) ;
    _t$178|->{}<span class='color_orange'>rearrange:103</span>:java.util.concurrent.atomic.AtomicInteger( sub ); this|callee|->{assumptionFailureCount:_t$178<span class='color_orange'>rearrange:(z)99</span>}<span class='color_orange'>rearrange:(z)99</span>:org.junit.runner.Result( sub )</span>
    exp _t$179 desc: 
    <span class='color_orange'>WARNING: Missing fields hpred has non-footprint vars: </span>n$9|->{assumptionFailureCount:%path%n9_org.junit.runner.Result.assumptionFailureCount$-3<span class='color_orange'>rearrange:(z)99</span>}<span class='color_orange'>formal(z)</span>:org.junit.runner.Result( sub )
      New footprint:
      %path%n9_org.junit.runner.Result.assumptionFailureCount$-3|->{}<span class='color_orange'>rearrange:103</span>:java.util.concurrent.atomic.AtomicInteger( sub )
      Frame fld:
      n$9|->{failures:n$127<span class='color_orange'>formal(z)</span>}<span class='color_orange'>formal(z)</span>:org.junit.runner.Result( sub )
      Frame typ:
      n$9: org.junit.runner.Result( sub ) 
      Missing fld:
      
      Instantiated frame:
      n$127|->{}<span class='color_orange'>formal(z)</span>:java.util.concurrent.CopyOnWriteArrayList( sub ); &amp;result|->n$9<span class='color_orange'>update:793</span>:org.junit.runner.Result*; &amp;$irvar3|->n$128<span class='color_orange'>initial</span>:void; &amp;#GB<>$org.junit.tests.running.classes.ParameterizedTestTest$AssumptionInParametersMethod|->{assumptionFails:0<span class='color_orange'>update:792</span>}<span class='color_orange'>formal</span>:org.junit.tests.running.classes.ParameterizedTestTest$AssumptionInParametersMethod( sub ); &amp;old_org.junit.tests.running.classes.ParameterizedTestTest$AssumptionInParametersMethod|->{assumptionFails:val$2<span class='color_orange'>formal</span>}<span class='color_orange'>formal</span>:org.junit.tests.running.classes.ParameterizedTestTest$AssumptionInParametersMethod( sub ); &amp;$irvar4|->n$129<span class='color_orange'>initial</span>:void; &amp;$irvar0|->0<span class='color_orange'>nullify</span>:void; &amp;return|->n$130<span class='color_orange'>initial</span>:void; &amp;$irvar1|->0<span class='color_orange'>nullify</span>:void; &amp;$irvar2|->n$131<span class='color_orange'>initial</span>:void; &amp;this|->val$1<span class='color_orange'>formal</span>:org.junit.tests.running.classes.ParameterizedTestTest*( sub ); &amp;old_this|->val$1<span class='color_orange'>formal</span>:org.junit.tests.running.classes.ParameterizedTestTest*( sub )
      Instantiated post:
      PROP 1 of 1:
      <span class='color_blue'><span class='color_red'>%path%n9_org.junit.runner.Result.assumptionFailureCount$-3 != null</span>; <span class='color_red'>UND &lt; int AtomicInteger.get() &gt; :103(return|callee)</span> ;
      <span class='color_red'>return|callee = _t$180<span class='color_orange'>update:795</span>:int</span> ;
      <span class='color_red'>%path%n9_org.junit.runner.Result.assumptionFailureCount$-3|->{}<span class='color_orange'>formal</span>:java.util.concurrent.atomic.AtomicInteger( sub )</span>; <span class='color_red'>n$9|->{assumptionFailureCount:%path%n9_org.junit.runner.Result.assumptionFailureCount$-3<span class='color_orange'>formal(z)</span>}<span class='color_orange'>formal(z)</span>:org.junit.runner.Result( sub )</span></span>
      
    ***** RESULTS FUNCTION CALL *******
    PROP 1 of 1:
    <span class='color_blue'><span class='color_red'>%path%n9_org.junit.runner.Result.assumptionFailureCount$-3 != null</span>; <span class='color_blue'>0 != 1</span>; <span class='color_blue'>MEMna &lt; new[]:793 &gt; <span class='color_orange'>{vpath: }</span>(n$132)</span>; <span class='color_red'>UND &lt; int AtomicInteger.get() &gt; :103(n$11)</span>; <span class='color_blue'>UND &lt; Result JUnitCore.runClasses(Computer,Class[]) &gt; :53(result)</span>; <span class='color_blue'>RET &lt; boolean Result.wasSuccessful() &gt; (1)</span> ;
    <span class='color_blue'>result = n$9<span class='color_orange'>update:793</span>:org.junit.runner.Result*</span>; <span class='color_blue'>$irvar3 = n$128<span class='color_orange'>initial</span>:void</span>; <span class='color_blue'>#GB<>$org.junit.tests.running.classes.ParameterizedTestTest$AssumptionInParametersMethod = {assumptionFails:0<span class='color_orange'>update:792</span>}<span class='color_orange'>formal</span>:org.junit.tests.running.classes.ParameterizedTestTest$AssumptionInParametersMethod( sub )</span>; <span class='color_blue'>old_org.junit.tests.running.classes.ParameterizedTestTest$AssumptionInParametersMethod = {assumptionFails:val$2<span class='color_orange'>formal</span>}<span class='color_orange'>formal</span>:org.junit.tests.running.classes.ParameterizedTestTest$AssumptionInParametersMethod( sub )</span>; <span class='color_blue'>$irvar4 = n$129<span class='color_orange'>initial</span>:void</span>; <span class='color_blue'>$irvar0 = 0<span class='color_orange'>nullify</span>:void</span>; <span class='color_blue'>return = n$130<span class='color_orange'>initial</span>:void</span>; <span class='color_blue'>$irvar1 = 0<span class='color_orange'>nullify</span>:void</span>; <span class='color_blue'>$irvar2 = n$131<span class='color_orange'>initial</span>:void</span>; <span class='color_blue'>this = val$1<span class='color_orange'>formal</span>:org.junit.tests.running.classes.ParameterizedTestTest*( sub )</span>; <span class='color_blue'>old_this = val$1<span class='color_orange'>formal</span>:org.junit.tests.running.classes.ParameterizedTestTest*( sub )</span> ;
    <span class='color_red'>%path%n9_org.junit.runner.Result.assumptionFailureCount$-3|->{}<span class='color_orange'>formal</span>:java.util.concurrent.atomic.AtomicInteger( sub )</span>; <span class='color_blue'>n$127|->{}<span class='color_orange'>formal(z)</span>:java.util.concurrent.CopyOnWriteArrayList( sub )</span>; <span class='color_blue'>result|->{<span class='color_red'>assumptionFailureCount:%path%n9_org.junit.runner.Result.assumptionFailureCount$-3<span class='color_orange'>formal(z)</span></span>, failures:n$127<span class='color_orange'>formal(z)</span>}<span class='color_orange'>formal(z)</span>:org.junit.runner.Result( sub )</span></span>
    ***** END RESULTS FUNCTION CALL *******
    pvar: result
    <span class='color_red'>found error in dereference</span>
    spec_pre:
    <span class='color_blue'>%path%n9_org.junit.runner.Result.assumptionFailureCount$-3 != null; 0 != 1; MEMna &lt; new[]:793 &gt; <span class='color_orange'>{vpath: }</span>(n$132); UND &lt; int AtomicInteger.get() &gt; :103(n$11); UND &lt; Result JUnitCore.runClasses(Computer,Class[]) &gt; :53(result); RET &lt; boolean Result.wasSuccessful() &gt; (1) ;
    result = n$9<span class='color_orange'>update:793</span>:org.junit.runner.Result*; $irvar3 = n$128<span class='color_orange'>initial</span>:void; #GB<>$org.junit.tests.running.classes.ParameterizedTestTest$AssumptionInParametersMethod = {assumptionFails:0<span class='color_orange'>update:792</span>}<span class='color_orange'>formal</span>:org.junit.tests.running.classes.ParameterizedTestTest$AssumptionInParametersMethod( sub ); old_org.junit.tests.running.classes.ParameterizedTestTest$AssumptionInParametersMethod = {assumptionFails:val$2<span class='color_orange'>formal</span>}<span class='color_orange'>formal</span>:org.junit.tests.running.classes.ParameterizedTestTest$AssumptionInParametersMethod( sub ); $irvar4 = n$129<span class='color_orange'>initial</span>:void; $irvar0 = 0<span class='color_orange'>nullify</span>:void; return = n$130<span class='color_orange'>initial</span>:void; $irvar1 = 0<span class='color_orange'>nullify</span>:void; $irvar2 = n$131<span class='color_orange'>initial</span>:void; this = val$1<span class='color_orange'>formal</span>:org.junit.tests.running.classes.ParameterizedTestTest*( sub ); old_this = val$1<span class='color_orange'>formal</span>:org.junit.tests.running.classes.ParameterizedTestTest*( sub ) ;
    %path%n9_org.junit.runner.Result.assumptionFailureCount$-3|->{}<span class='color_orange'>formal</span>:java.util.concurrent.atomic.AtomicInteger( sub ); n$127|->{}<span class='color_orange'>formal(z)</span>:java.util.concurrent.CopyOnWriteArrayList( sub ); result|->{assumptionFailureCount:%path%n9_org.junit.runner.Result.assumptionFailureCount$-3<span class='color_orange'>formal(z)</span>, failures:n$127<span class='color_orange'>formal(z)</span>}<span class='color_orange'>formal(z)</span>:org.junit.runner.Result( sub )</span>
    exp n$9 desc: 
    Prover.check_inconsistency_base: inconsistency reason [None]
    Prover.check_inconsistency_base: inconsistency reason [None]
    Prover.check_inconsistency_base: inconsistency reason [None]
    Prover.check_inconsistency_base: inconsistency reason [None]
    Instruction Returns
    PROP 1 of 1:
    <span class='color_blue'><span class='color_red'>_t$4 != null</span>; <span class='color_blue'>0 != 1</span>; <span class='color_red'>MEMna &lt; new[]:793 &gt; <span class='color_orange'>{vpath: }</span>(_t$6)</span>; <span class='color_red'>UND &lt; int AtomicInteger.get() &gt; :103(n$11)</span>; <span class='color_blue'>UND &lt; Result JUnitCore.runClasses(Computer,Class[]) &gt; :53(result)</span>; <span class='color_red'>RET &lt; int Result.getAssumptionFailureCount() &gt; (n$11)</span>; <span class='color_blue'>RET &lt; boolean Result.wasSuccessful() &gt; (1)</span> ;
    <span class='color_blue'>result = n$9<span class='color_orange'>update:793</span>:org.junit.runner.Result*</span>; <span class='color_blue'>$irvar3 = _t$3<span class='color_orange'>initial</span>:void</span>; <span class='color_blue'>#GB<>$org.junit.tests.running.classes.ParameterizedTestTest$AssumptionInParametersMethod = {assumptionFails:0<span class='color_orange'>update:792</span>}<span class='color_orange'>formal</span>:org.junit.tests.running.classes.ParameterizedTestTest$AssumptionInParametersMethod( sub )</span>; <span class='color_blue'>old_org.junit.tests.running.classes.ParameterizedTestTest$AssumptionInParametersMethod = {assumptionFails:val$2<span class='color_orange'>formal</span>}<span class='color_orange'>formal</span>:org.junit.tests.running.classes.ParameterizedTestTest$AssumptionInParametersMethod( sub )</span>; <span class='color_blue'>$irvar4 = _t$2<span class='color_orange'>initial</span>:void</span>; <span class='color_blue'>$irvar0 = 0<span class='color_orange'>nullify</span>:void</span>; <span class='color_blue'>return = _t$1<span class='color_orange'>initial</span>:void</span>; <span class='color_blue'>$irvar1 = 0<span class='color_orange'>nullify</span>:void</span>; <span class='color_blue'>$irvar2 = _t$0<span class='color_orange'>initial</span>:void</span>; <span class='color_blue'>this = val$1<span class='color_orange'>formal</span>:org.junit.tests.running.classes.ParameterizedTestTest*( sub )</span>; <span class='color_blue'>old_this = val$1<span class='color_orange'>formal</span>:org.junit.tests.running.classes.ParameterizedTestTest*( sub )</span> ;
    <span class='color_red'>_t$5|->{}<span class='color_orange'>formal(z)</span>:java.util.concurrent.CopyOnWriteArrayList( sub )</span>; <span class='color_blue'>_t$4|->{}<span class='color_orange'>formal</span>:java.util.concurrent.atomic.AtomicInteger( sub )</span>; <span class='color_blue'>result|->{<span class='color_red'>assumptionFailureCount:_t$4<span class='color_orange'>formal(z)</span></span>, failures:<span class='color_red'>_t$5<span class='color_orange'>formal(z)</span></span>}<span class='color_orange'>formal(z)</span>:org.junit.runner.Result( sub )</span></span>
    
    Instruction <span class='color_green'>*&amp;$irvar2:int=n$11 [line 795]</span>
    in vpath_find exp:n$139
    vpath_find: cannot find n$139
    .... Rearrangement Start ....
    Exp: &amp;$irvar2
    Prop:
    <span class='color_blue'>n$134 != null; 0 != 1; MEMna &lt; new[]:793 &gt; <span class='color_orange'>{vpath: }</span>(n$139); UND &lt; int AtomicInteger.get() &gt; :103(n$11); UND &lt; Result JUnitCore.runClasses(Computer,Class[]) &gt; :53(result); RET &lt; int Result.getAssumptionFailureCount() &gt; (n$11); RET &lt; boolean Result.wasSuccessful() &gt; (1) ;
    result = n$9<span class='color_orange'>update:793</span>:org.junit.runner.Result*; $irvar3 = n$135<span class='color_orange'>initial</span>:void; #GB<>$org.junit.tests.running.classes.ParameterizedTestTest$AssumptionInParametersMethod = {assumptionFails:0<span class='color_orange'>update:792</span>}<span class='color_orange'>formal</span>:org.junit.tests.running.classes.ParameterizedTestTest$AssumptionInParametersMethod( sub ); old_org.junit.tests.running.classes.ParameterizedTestTest$AssumptionInParametersMethod = {assumptionFails:val$2<span class='color_orange'>formal</span>}<span class='color_orange'>formal</span>:org.junit.tests.running.classes.ParameterizedTestTest$AssumptionInParametersMethod( sub ); $irvar4 = n$136<span class='color_orange'>initial</span>:void; $irvar0 = 0<span class='color_orange'>nullify</span>:void; return = n$137<span class='color_orange'>initial</span>:void; $irvar1 = 0<span class='color_orange'>nullify</span>:void; $irvar2 = n$138<span class='color_orange'>initial</span>:void; this = val$1<span class='color_orange'>formal</span>:org.junit.tests.running.classes.ParameterizedTestTest*( sub ); old_this = val$1<span class='color_orange'>formal</span>:org.junit.tests.running.classes.ParameterizedTestTest*( sub ) ;
    n$134|->{}<span class='color_orange'>formal</span>:java.util.concurrent.atomic.AtomicInteger( sub ); n$133|->{}<span class='color_orange'>formal(z)</span>:java.util.concurrent.CopyOnWriteArrayList( sub ); result|->{assumptionFailureCount:n$134<span class='color_orange'>formal(z)</span>, failures:n$133<span class='color_orange'>formal(z)</span>}<span class='color_orange'>formal(z)</span>:org.junit.runner.Result( sub )</span>
    
    Prover.check_inconsistency_base: inconsistency reason [None]
    Prover.check_inconsistency_base: inconsistency reason [None]
    Instruction Returns
    PROP 1 of 1:
    <span class='color_blue'><span class='color_red'>_t$3 != null</span>; <span class='color_blue'>0 != 1</span>; <span class='color_red'>MEMna &lt; new[]:793 &gt; <span class='color_orange'>{vpath: }</span>(_t$5)</span>; <span class='color_blue'>UND &lt; int AtomicInteger.get() &gt; :103($irvar2)</span>; <span class='color_blue'>UND &lt; Result JUnitCore.runClasses(Computer,Class[]) &gt; :53(result)</span>; <span class='color_blue'>RET &lt; int Result.getAssumptionFailureCount() &gt; ($irvar2)</span>; <span class='color_blue'>RET &lt; boolean Result.wasSuccessful() &gt; (1)</span> ;
    <span class='color_blue'>result = n$9<span class='color_orange'>update:793</span>:org.junit.runner.Result*</span>; <span class='color_blue'>$irvar3 = <span class='color_red'>_t$2<span class='color_orange'>initial</span></span>:void</span>; <span class='color_blue'>#GB<>$org.junit.tests.running.classes.ParameterizedTestTest$AssumptionInParametersMethod = {assumptionFails:0<span class='color_orange'>update:792</span>}<span class='color_orange'>formal</span>:org.junit.tests.running.classes.ParameterizedTestTest$AssumptionInParametersMethod( sub )</span>; <span class='color_blue'>old_org.junit.tests.running.classes.ParameterizedTestTest$AssumptionInParametersMethod = {assumptionFails:val$2<span class='color_orange'>formal</span>}<span class='color_orange'>formal</span>:org.junit.tests.running.classes.ParameterizedTestTest$AssumptionInParametersMethod( sub )</span>; <span class='color_blue'>$irvar4 = <span class='color_red'>_t$1<span class='color_orange'>initial</span></span>:void</span>; <span class='color_blue'>$irvar0 = 0<span class='color_orange'>nullify</span>:void</span>; <span class='color_blue'>return = <span class='color_red'>_t$0<span class='color_orange'>initial</span></span>:void</span>; <span class='color_blue'>$irvar1 = 0<span class='color_orange'>nullify</span>:void</span>; <span class='color_blue'>$irvar2 = <span class='color_red'>n$11<span class='color_orange'>update:795</span></span>:void</span>; <span class='color_blue'>this = val$1<span class='color_orange'>formal</span>:org.junit.tests.running.classes.ParameterizedTestTest*( sub )</span>; <span class='color_blue'>old_this = val$1<span class='color_orange'>formal</span>:org.junit.tests.running.classes.ParameterizedTestTest*( sub )</span> ;
    <span class='color_blue'>_t$4|->{}<span class='color_orange'>formal(z)</span>:java.util.concurrent.CopyOnWriteArrayList( sub )</span>; <span class='color_red'>_t$3|->{}<span class='color_orange'>formal</span>:java.util.concurrent.atomic.AtomicInteger( sub )</span>; <span class='color_blue'>result|->{assumptionFailureCount:<span class='color_red'>_t$3<span class='color_orange'>formal(z)</span></span>, failures:<span class='color_red'>_t$4<span class='color_orange'>formal(z)</span></span>}<span class='color_orange'>formal(z)</span>:org.junit.runner.Result( sub )</span></span>
    
    Instruction <span class='color_green'>EXIT_SCOPE(_,n$9,n$11); [line 795]</span>
    in vpath_find exp:_t$5
    vpath_find: cannot find _t$5
    Instruction Returns
    PROP 1 of 1:
    <span class='color_blue'><span class='color_blue'>_t$5 != null</span>; <span class='color_blue'>0 != 1</span>; <span class='color_red'>MEMna &lt; new[]:793 &gt; <span class='color_orange'>{vpath: }</span>(_t$7)</span>; <span class='color_red'>UND &lt; int AtomicInteger.get() &gt; :103($irvar2)</span>; <span class='color_red'>UND &lt; Result JUnitCore.runClasses(Computer,Class[]) &gt; :53(result)</span>; <span class='color_red'>RET &lt; int Result.getAssumptionFailureCount() &gt; ($irvar2)</span>; <span class='color_blue'>RET &lt; boolean Result.wasSuccessful() &gt; (1)</span> ;
    <span class='color_blue'>result = <span class='color_red'>_t$4<span class='color_orange'>update:793</span></span>:org.junit.runner.Result*</span>; <span class='color_blue'>$irvar3 = <span class='color_red'>_t$3<span class='color_orange'>initial</span></span>:void</span>; <span class='color_blue'>#GB<>$org.junit.tests.running.classes.ParameterizedTestTest$AssumptionInParametersMethod = {assumptionFails:0<span class='color_orange'>update:792</span>}<span class='color_orange'>formal</span>:org.junit.tests.running.classes.ParameterizedTestTest$AssumptionInParametersMethod( sub )</span>; <span class='color_blue'>old_org.junit.tests.running.classes.ParameterizedTestTest$AssumptionInParametersMethod = {assumptionFails:val$2<span class='color_orange'>formal</span>}<span class='color_orange'>formal</span>:org.junit.tests.running.classes.ParameterizedTestTest$AssumptionInParametersMethod( sub )</span>; <span class='color_blue'>$irvar4 = <span class='color_red'>_t$2<span class='color_orange'>initial</span></span>:void</span>; <span class='color_blue'>$irvar0 = 0<span class='color_orange'>nullify</span>:void</span>; <span class='color_blue'>return = <span class='color_red'>_t$1<span class='color_orange'>initial</span></span>:void</span>; <span class='color_blue'>$irvar1 = 0<span class='color_orange'>nullify</span>:void</span>; <span class='color_blue'>$irvar2 = <span class='color_red'>_t$0<span class='color_orange'>update:795</span></span>:void</span>; <span class='color_blue'>this = val$1<span class='color_orange'>formal</span>:org.junit.tests.running.classes.ParameterizedTestTest*( sub )</span>; <span class='color_blue'>old_this = val$1<span class='color_orange'>formal</span>:org.junit.tests.running.classes.ParameterizedTestTest*( sub )</span> ;
    <span class='color_red'>_t$6|->{}<span class='color_orange'>formal(z)</span>:java.util.concurrent.CopyOnWriteArrayList( sub )</span>; <span class='color_red'>_t$5|->{}<span class='color_orange'>formal</span>:java.util.concurrent.atomic.AtomicInteger( sub )</span>; <span class='color_blue'>result|->{<span class='color_red'>assumptionFailureCount:_t$5<span class='color_orange'>formal(z)</span></span>, <span class='color_red'>failures:_t$6<span class='color_orange'>formal(z)</span></span>}<span class='color_orange'>formal(z)</span>:org.junit.runner.Result( sub )</span></span>
    
    .... After Symbolic Execution ....
    PROP 1 of 1:
    <span class='color_blue'><span class='color_red'>_t$5 != null</span>; <span class='color_blue'>0 != 1</span>; <span class='color_red'>MEMna &lt; new[]:793 &gt; <span class='color_orange'>{vpath: }</span>(_t$7)</span>; <span class='color_red'>UND &lt; int AtomicInteger.get() &gt; :103($irvar2)</span>; <span class='color_blue'>UND &lt; Result JUnitCore.runClasses(Computer,Class[]) &gt; :53(result)</span>; <span class='color_red'>RET &lt; int Result.getAssumptionFailureCount() &gt; ($irvar2)</span>; <span class='color_blue'>RET &lt; boolean Result.wasSuccessful() &gt; (1)</span> ;
    <span class='color_blue'>result = _t$4<span class='color_orange'>update:793</span>:org.junit.runner.Result*</span>; <span class='color_blue'>$irvar3 = _t$3<span class='color_orange'>initial</span>:void</span>; <span class='color_blue'>#GB<>$org.junit.tests.running.classes.ParameterizedTestTest$AssumptionInParametersMethod = {assumptionFails:0<span class='color_orange'>update:792</span>}<span class='color_orange'>formal</span>:org.junit.tests.running.classes.ParameterizedTestTest$AssumptionInParametersMethod( sub )</span>; <span class='color_blue'>old_org.junit.tests.running.classes.ParameterizedTestTest$AssumptionInParametersMethod = {assumptionFails:val$2<span class='color_orange'>formal</span>}<span class='color_orange'>formal</span>:org.junit.tests.running.classes.ParameterizedTestTest$AssumptionInParametersMethod( sub )</span>; <span class='color_blue'>$irvar4 = _t$2<span class='color_orange'>initial</span>:void</span>; <span class='color_blue'>$irvar0 = 0<span class='color_orange'>nullify</span>:void</span>; <span class='color_blue'>return = _t$1<span class='color_orange'>initial</span>:void</span>; <span class='color_blue'>$irvar1 = 0<span class='color_orange'>nullify</span>:void</span>; <span class='color_blue'>$irvar2 = _t$0<span class='color_orange'>update:795</span>:void</span>; <span class='color_blue'>this = val$1<span class='color_orange'>formal</span>:org.junit.tests.running.classes.ParameterizedTestTest*( sub )</span>; <span class='color_blue'>old_this = val$1<span class='color_orange'>formal</span>:org.junit.tests.running.classes.ParameterizedTestTest*( sub )</span> ;
    <span class='color_red'>_t$6|->{}<span class='color_orange'>formal(z)</span>:java.util.concurrent.CopyOnWriteArrayList( sub )</span>; <span class='color_blue'>_t$5|->{}<span class='color_orange'>formal</span>:java.util.concurrent.atomic.AtomicInteger( sub )</span>; <span class='color_blue'>result|->{<span class='color_red'>assumptionFailureCount:_t$5<span class='color_orange'>formal(z)</span></span>, failures:<span class='color_red'>_t$6<span class='color_orange'>formal(z)</span></span>}<span class='color_orange'>formal(z)</span>:org.junit.runner.Result( sub )</span></span>
    
    
    
  </LISTING>