<!DOCTYPE HTML PUBLIC "-//W3C//DTD HTML 4.01 Transitional//EN">
<html>
<head>
<title>org.junit.tests.running.classes.ParameterizedTestTest$AdditionTestWithArray.test():void.8b3a9a0d1d3511e7f51742816036cef7_node3</title>
<meta http-equiv="Content-Type" content="text/html; charset=utf-8">
<style type="text/css">
body { background-color:#fff; color:#000; font-family:Helvetica, sans-serif; font-size:10pt }
h1 { font-size:14pt }
.code { border-collapse:collapse; width:100%; font-family: "Andale Mono", monospace; font-size:10pt; line-height: 1.2em }
.color_black { color: black }
.color_blue { color: blue }
.color_green { color: green }
.color_orange { color: orange }
.color_red { color: red }
.line { border-left: 3px solid #ccc; padding-left: 1ex; white-space: pre; }
.msg { background-color:#fff8b4; color:#000; float:left; font-family:Helvetica, sans-serif; font-size: smaller; font-weight: bold; margin-bottom:10px; margin-top:10px; max-width:60em; padding:0.5em 1ex 0.5em 1ex; -webkit-border-radius:5px; -webkit-box-shadow:1px 1px 7px #000; white-space: pre-wrap; word-wrap: break-word; }
.num { background-color:#eee; color:#444; font-size: smaller; padding-right:2ex; text-align:right; width:2.5em; }
.dangling { background-color:white; color: gray; }
.visited { background-color:LemonChiffon; color: darkmagenta; }
.tooltip { display: none; background-color:#FFF0F0; border: 2px solid #F00; font-weight: normal; left:10em; padding: 2px; position: absolute; top: -1em; -webkit-border-radius:5px; -webkit-box-shadow:1px 1px 7px #000; z-index: 1}
.with_tooltip { position: relative; }
.with_tooltip:hover .tooltip, .visited:hover .tooltip { display: block; }
</style>
</head>
<body>
<center><h1>Cfg Node <a href="./../../ParameterizedTestTest.java.88da44e98279dfa32c0c7e5c52f053d0.html#LINE606">3</a></h1></center>PROC: <a href="./../org.junit.tests.running.classes.ParameterizedTestTest%24AdditionTestWithArray.test%28%29%3Avoid.8b3a9a0d1d3511e7f51742816036cef7.html">void ParameterizedTestTest$AdditionTestWithArray.test()</a> LINE: <a href="./../../ParameterizedTestTest.java.88da44e98279dfa32c0c7e5c52f053d0.html#LINE606">606</a>
<br>PREDS:
<br>SUCCS:
<a href="./../nodes/org.junit.tests.running.classes.ParameterizedTestTest%24AdditionTestWithArray.test%28%29%3Avoid.8b3a9a0d1d3511e7f51742816036cef7_node2.html"><span class='visited with_tooltip'>N_2<span class='tooltip'>node2 preds:7 3 succs: exn: </span></span></a><br>EXN:
<a href="./../nodes/org.junit.tests.running.classes.ParameterizedTestTest%24AdditionTestWithArray.test%28%29%3Avoid.8b3a9a0d1d3511e7f51742816036cef7_node2.html"><span class='visited with_tooltip'>N_2<span class='tooltip'>node2 preds:7 3 succs: exn: </span></span></a><br>
<LISTING class='color_green'></LISTING>
<hr width="100%">
<a name="session2" href="./../nodes/org.junit.tests.running.classes.ParameterizedTestTest%24AdditionTestWithArray.test%28%29%3Avoid.8b3a9a0d1d3511e7f51742816036cef7_node3.html#session2">node3#session2</a>(<a href="./../../ParameterizedTestTest.java.88da44e98279dfa32c0c7e5c52f053d0.html#LINE606">606</a>) [compute pre] liveness 3
<LISTING class='color_black'></LISTING>
<hr width="100%">
<a name="session3" href="./../nodes/org.junit.tests.running.classes.ParameterizedTestTest%24AdditionTestWithArray.test%28%29%3Avoid.8b3a9a0d1d3511e7f51742816036cef7_node3.html#session3">node3#session3</a>(<a href="./../../ParameterizedTestTest.java.88da44e98279dfa32c0c7e5c52f053d0.html#LINE606">606</a>) [exec] liveness 3
<LISTING class='color_black'>PRE STATE:
normal:{ }, exn:{ }

INSTR=  SKIP; 

STATE UNCHANGED

</LISTING>
<hr width="100%">
<a name="session23" href="./../nodes/org.junit.tests.running.classes.ParameterizedTestTest%24AdditionTestWithArray.test%28%29%3Avoid.8b3a9a0d1d3511e7f51742816036cef7_node3.html#session23">node3#session23</a>(<a href="./../../ParameterizedTestTest.java.88da44e98279dfa32c0c7e5c52f053d0.html#LINE606">606</a>) [compute pre] nullify
<LISTING class='color_black'>JOIN

LEFT:   (normal:{ $irvar1 }, exn:{ },
normal:{ n$0, n$1, n$2, n$3 }, exn:{ })
RIGHT:  (normal:{ $irvar0, $irvar1 }, exn:{ },
normal:{ n$4, n$5, this }, exn:{ })
RESULT: (normal:{ $irvar0, $irvar1 }, exn:{ },
normal:{ n$0, n$1, n$2, n$3, n$4, n$5, this }, exn:{ })

JOIN

LEFT:   (normal:{ $irvar0, $irvar1 }, exn:{ },
normal:{ n$0, n$1, n$2, n$3, n$4, n$5, this }, exn:{ })
RIGHT:  (normal:{ }, exn:{ },
normal:{ n$6, n$7, n$8, $irvar0, $irvar1 }, exn:{ })
RESULT: (normal:{ $irvar0, $irvar1 }, exn:{ },
normal:{ n$0,
         n$1,
         n$2,
         n$3,
         n$4,
         n$5,
         n$6,
         n$7,
         n$8,
         $irvar0,
         $irvar1,
         this },
exn:{ })

JOIN

LEFT:   (normal:{ $irvar0, $irvar1 }, exn:{ },
normal:{ n$0,
         n$1,
         n$2,
         n$3,
         n$4,
         n$5,
         n$6,
         n$7,
         n$8,
         $irvar0,
         $irvar1,
         this },
exn:{ })
RIGHT:  (normal:{ }, exn:{ },
normal:{ }, exn:{ })
RESULT: (normal:{ $irvar0, $irvar1 }, exn:{ },
normal:{ n$0,
         n$1,
         n$2,
         n$3,
         n$4,
         n$5,
         n$6,
         n$7,
         n$8,
         $irvar0,
         $irvar1,
         this },
exn:{ })

</LISTING>
<hr width="100%">
<a name="session24" href="./../nodes/org.junit.tests.running.classes.ParameterizedTestTest%24AdditionTestWithArray.test%28%29%3Avoid.8b3a9a0d1d3511e7f51742816036cef7_node3.html#session24">node3#session24</a>(<a href="./../../ParameterizedTestTest.java.88da44e98279dfa32c0c7e5c52f053d0.html#LINE606">606</a>) [exec] nullify
<LISTING class='color_black'>PRE STATE:
(normal:{ $irvar0, $irvar1 }, exn:{ },
normal:{ n$0,
         n$1,
         n$2,
         n$3,
         n$4,
         n$5,
         n$6,
         n$7,
         n$8,
         $irvar0,
         $irvar1,
         this },
exn:{ })

INSTR=  SKIP; 

STATE:
(normal:{ }, exn:{ },normal:{ $irvar0, $irvar1 }, exn:{ })

</LISTING>
<hr width="100%">
<a name="session56" href="./../nodes/org.junit.tests.running.classes.ParameterizedTestTest%24AdditionTestWithArray.test%28%29%3Avoid.8b3a9a0d1d3511e7f51742816036cef7_node3.html#session56">node3#session56</a>(<a href="./../../ParameterizedTestTest.java.88da44e98279dfa32c0c7e5c52f053d0.html#LINE606">606</a>) [exec] devirtualizer
<LISTING class='color_black'></LISTING>
<hr width="100%">
<a name="session57" href="./../nodes/org.junit.tests.running.classes.ParameterizedTestTest%24AdditionTestWithArray.test%28%29%3Avoid.8b3a9a0d1d3511e7f51742816036cef7_node3.html#session57">node3#session57</a>(<a href="./../../ParameterizedTestTest.java.88da44e98279dfa32c0c7e5c52f053d0.html#LINE606">606</a>) [exec] devirtualizer
<LISTING class='color_black'></LISTING>
<hr width="100%">
<a name="session58" href="./../nodes/org.junit.tests.running.classes.ParameterizedTestTest%24AdditionTestWithArray.test%28%29%3Avoid.8b3a9a0d1d3511e7f51742816036cef7_node3.html#session58">node3#session58</a>(<a href="./../../ParameterizedTestTest.java.88da44e98279dfa32c0c7e5c52f053d0.html#LINE606">606</a>) [exec] devirtualizer
<LISTING class='color_black'></LISTING>
<hr width="100%">
<a name="session59" href="./../nodes/org.junit.tests.running.classes.ParameterizedTestTest%24AdditionTestWithArray.test%28%29%3Avoid.8b3a9a0d1d3511e7f51742816036cef7_node3.html#session59">node3#session59</a>(<a href="./../../ParameterizedTestTest.java.88da44e98279dfa32c0c7e5c52f053d0.html#LINE606">606</a>) [exec] devirtualizer
<LISTING class='color_black'></LISTING>
<hr width="100%">
<a name="session27" href="./../nodes/org.junit.tests.running.classes.ParameterizedTestTest%24AdditionTestWithArray.test%28%29%3Avoid.8b3a9a0d1d3511e7f51742816036cef7_node3.html#session27">node3#session27</a>(<a href="./../../ParameterizedTestTest.java.88da44e98279dfa32c0c7e5c52f053d0.html#LINE606">606</a>) biabduction
<LISTING class='color_black'>**** [FP:Pending] void ParameterizedTestTest$AdditionTestWithArray.test() Node: 3, Procedure: void ParameterizedTestTest$AdditionTestWithArray.test(), Todo: 1 ****
  PROP 1 of 1:
  <span class='color_blue'><span class='color_red'>@f$3 != (@f$1 + @f$2)</span>; <span class='color_red'>MEMne &lt; void Assert.assertEquals(long,long):605 &gt; <span class='color_orange'>{vpath: }</span>(_t$0)</span> ;
  <span class='color_red'>$irvar0 = 0<span class='color_orange'>nullify</span>:void</span>; <span class='color_red'>return = EXN _t$0<span class='color_orange'>update:605</span>:void</span>; <span class='color_red'>$irvar1 = 0<span class='color_orange'>nullify</span>:void</span>; <span class='color_red'>this = 0<span class='color_orange'>nullify</span>:org.junit.tests.running.classes.ParameterizedTestTest$AdditionTestWithArray*( sub )</span>; <span class='color_red'>old_this = @f$0<span class='color_orange'>formal</span>:org.junit.tests.running.classes.ParameterizedTestTest$AdditionTestWithArray*( sub )</span> ;
  <span class='color_red'>_t$0|->{}<span class='color_orange'>alloc</span>:java.lang.AssertionError</span>; <span class='color_red'>old_this|->{firstSummand:@f$1<span class='color_orange'>rearrange:(z)605</span>, secondSummand:@f$2<span class='color_orange'>rearrange:605</span>, sum:@f$3<span class='color_orange'>rearrange:605</span>}<span class='color_orange'>rearrange:(z)605</span>:org.junit.tests.running.classes.ParameterizedTestTest$AdditionTestWithArray( sub )</span>
  [footprint
     <span class='color_red'>@f$3 != (@f$1 + @f$2)</span> *
     <span class='color_red'>this = @f$0<span class='color_orange'>formal</span>:org.junit.tests.running.classes.ParameterizedTestTest$AdditionTestWithArray*( sub )</span> ;
     <span class='color_red'>old_this|->{firstSummand:@f$1<span class='color_orange'>rearrange:(z)605</span>, secondSummand:@f$2<span class='color_orange'>rearrange:605</span>, sum:@f$3<span class='color_orange'>rearrange:605</span>}<span class='color_orange'>rearrange:(z)605</span>:org.junit.tests.running.classes.ParameterizedTestTest$AdditionTestWithArray( sub )</span>  ]</span>
  .... Instructions: ....
  <span class='color_green'>NULLIFY(&amp;$irvar0); [line 606];
  NULLIFY(&amp;$irvar1); [line 606];
  EXIT_SCOPE($irvar0,$irvar1); [line 606];
  APPLY_ABSTRACTION; [line 606];
  </span>
  
  Processing prop 1/1
    Instruction <span class='color_green'>NULLIFY(&amp;$irvar0); [line 606]</span>
    in vpath_find exp:_t$0
    vpath_find: cannot find _t$0
    Instruction Returns
    PROP 1 of 1:
    <span class='color_blue'><span class='color_blue'>@f$3 != (@f$1 + @f$2)</span>; <span class='color_blue'>MEMne &lt; void Assert.assertEquals(long,long):605 &gt; <span class='color_orange'>{vpath: }</span>(_t$0)</span> ;
    <span class='color_blue'>$irvar0 = 0<span class='color_orange'>nullify</span>:void</span>; <span class='color_blue'>return = EXN _t$0<span class='color_orange'>update:605</span>:void</span>; <span class='color_blue'>$irvar1 = 0<span class='color_orange'>nullify</span>:void</span>; <span class='color_blue'>this = 0<span class='color_orange'>nullify</span>:org.junit.tests.running.classes.ParameterizedTestTest$AdditionTestWithArray*( sub )</span>; <span class='color_blue'>old_this = @f$0<span class='color_orange'>formal</span>:org.junit.tests.running.classes.ParameterizedTestTest$AdditionTestWithArray*( sub )</span> ;
    <span class='color_blue'>_t$0|->{}<span class='color_orange'>alloc</span>:java.lang.AssertionError</span>; <span class='color_blue'>old_this|->{firstSummand:@f$1<span class='color_orange'>rearrange:(z)605</span>, secondSummand:@f$2<span class='color_orange'>rearrange:605</span>, sum:@f$3<span class='color_orange'>rearrange:605</span>}<span class='color_orange'>rearrange:(z)605</span>:org.junit.tests.running.classes.ParameterizedTestTest$AdditionTestWithArray( sub )</span>
    [footprint
       <span class='color_blue'>@f$3 != (@f$1 + @f$2)</span> *
       <span class='color_blue'>this = @f$0<span class='color_orange'>formal</span>:org.junit.tests.running.classes.ParameterizedTestTest$AdditionTestWithArray*( sub )</span> ;
       <span class='color_blue'>old_this|->{firstSummand:@f$1<span class='color_orange'>rearrange:(z)605</span>, secondSummand:@f$2<span class='color_orange'>rearrange:605</span>, sum:@f$3<span class='color_orange'>rearrange:605</span>}<span class='color_orange'>rearrange:(z)605</span>:org.junit.tests.running.classes.ParameterizedTestTest$AdditionTestWithArray( sub )</span>  ]</span>
    
    Instruction <span class='color_green'>NULLIFY(&amp;$irvar1); [line 606]</span>
    in vpath_find exp:_t$0
    vpath_find: cannot find _t$0
    Instruction Returns
    PROP 1 of 1:
    <span class='color_blue'><span class='color_blue'>@f$3 != (@f$1 + @f$2)</span>; <span class='color_blue'>MEMne &lt; void Assert.assertEquals(long,long):605 &gt; <span class='color_orange'>{vpath: }</span>(_t$0)</span> ;
    <span class='color_blue'>$irvar0 = 0<span class='color_orange'>nullify</span>:void</span>; <span class='color_blue'>return = EXN _t$0<span class='color_orange'>update:605</span>:void</span>; <span class='color_blue'>$irvar1 = 0<span class='color_orange'>nullify</span>:void</span>; <span class='color_blue'>this = 0<span class='color_orange'>nullify</span>:org.junit.tests.running.classes.ParameterizedTestTest$AdditionTestWithArray*( sub )</span>; <span class='color_blue'>old_this = @f$0<span class='color_orange'>formal</span>:org.junit.tests.running.classes.ParameterizedTestTest$AdditionTestWithArray*( sub )</span> ;
    <span class='color_blue'>_t$0|->{}<span class='color_orange'>alloc</span>:java.lang.AssertionError</span>; <span class='color_blue'>old_this|->{firstSummand:@f$1<span class='color_orange'>rearrange:(z)605</span>, secondSummand:@f$2<span class='color_orange'>rearrange:605</span>, sum:@f$3<span class='color_orange'>rearrange:605</span>}<span class='color_orange'>rearrange:(z)605</span>:org.junit.tests.running.classes.ParameterizedTestTest$AdditionTestWithArray( sub )</span>
    [footprint
       <span class='color_blue'>@f$3 != (@f$1 + @f$2)</span> *
       <span class='color_blue'>this = @f$0<span class='color_orange'>formal</span>:org.junit.tests.running.classes.ParameterizedTestTest$AdditionTestWithArray*( sub )</span> ;
       <span class='color_blue'>old_this|->{firstSummand:@f$1<span class='color_orange'>rearrange:(z)605</span>, secondSummand:@f$2<span class='color_orange'>rearrange:605</span>, sum:@f$3<span class='color_orange'>rearrange:605</span>}<span class='color_orange'>rearrange:(z)605</span>:org.junit.tests.running.classes.ParameterizedTestTest$AdditionTestWithArray( sub )</span>  ]</span>
    
    Instruction <span class='color_green'>EXIT_SCOPE($irvar0,$irvar1); [line 606]</span>
    in vpath_find exp:_t$0
    vpath_find: cannot find _t$0
    Instruction Returns
    PROP 1 of 1:
    <span class='color_blue'><span class='color_blue'>@f$3 != (@f$1 + @f$2)</span>; <span class='color_blue'>MEMne &lt; void Assert.assertEquals(long,long):605 &gt; <span class='color_orange'>{vpath: }</span>(_t$0)</span> ;
    <span class='color_blue'>$irvar0 = 0<span class='color_orange'>nullify</span>:void</span>; <span class='color_blue'>return = EXN _t$0<span class='color_orange'>update:605</span>:void</span>; <span class='color_blue'>$irvar1 = 0<span class='color_orange'>nullify</span>:void</span>; <span class='color_blue'>this = 0<span class='color_orange'>nullify</span>:org.junit.tests.running.classes.ParameterizedTestTest$AdditionTestWithArray*( sub )</span>; <span class='color_blue'>old_this = @f$0<span class='color_orange'>formal</span>:org.junit.tests.running.classes.ParameterizedTestTest$AdditionTestWithArray*( sub )</span> ;
    <span class='color_blue'>_t$0|->{}<span class='color_orange'>alloc</span>:java.lang.AssertionError</span>; <span class='color_blue'>old_this|->{firstSummand:@f$1<span class='color_orange'>rearrange:(z)605</span>, secondSummand:@f$2<span class='color_orange'>rearrange:605</span>, sum:@f$3<span class='color_orange'>rearrange:605</span>}<span class='color_orange'>rearrange:(z)605</span>:org.junit.tests.running.classes.ParameterizedTestTest$AdditionTestWithArray( sub )</span>
    [footprint
       <span class='color_blue'>@f$3 != (@f$1 + @f$2)</span> *
       <span class='color_blue'>this = @f$0<span class='color_orange'>formal</span>:org.junit.tests.running.classes.ParameterizedTestTest$AdditionTestWithArray*( sub )</span> ;
       <span class='color_blue'>old_this|->{firstSummand:@f$1<span class='color_orange'>rearrange:(z)605</span>, secondSummand:@f$2<span class='color_orange'>rearrange:605</span>, sum:@f$3<span class='color_orange'>rearrange:605</span>}<span class='color_orange'>rearrange:(z)605</span>:org.junit.tests.running.classes.ParameterizedTestTest$AdditionTestWithArray( sub )</span>  ]</span>
    
    Instruction <span class='color_green'>APPLY_ABSTRACTION; [line 606]</span>
    in vpath_find exp:_t$0
    vpath_find: cannot find _t$0
    Prover.check_inconsistency_base: inconsistency reason [None]
    Prover.check_inconsistency_base: inconsistency reason [None]
    <span class='color_blue'>@f$3 != (@f$1 + @f$2); MEMne &lt; void Assert.assertEquals(long,long):605 &gt; <span class='color_orange'>{vpath: }</span>(_t$0) ;
    $irvar0 = 0<span class='color_orange'>nullify</span>:void; return = EXN _t$0<span class='color_orange'>update:605</span>:void; $irvar1 = 0<span class='color_orange'>nullify</span>:void; this = 0<span class='color_orange'>nullify</span>:org.junit.tests.running.classes.ParameterizedTestTest$AdditionTestWithArray*( sub ); old_this = @f$0<span class='color_orange'>formal</span>:org.junit.tests.running.classes.ParameterizedTestTest$AdditionTestWithArray*( sub ) ;
    _t$0|->{}<span class='color_orange'>alloc</span>:java.lang.AssertionError; old_this|->{firstSummand:@f$1<span class='color_orange'>rearrange:(z)605</span>, secondSummand:@f$2<span class='color_orange'>rearrange:605</span>, sum:@f$3<span class='color_orange'>rearrange:605</span>}<span class='color_orange'>rearrange:(z)605</span>:org.junit.tests.running.classes.ParameterizedTestTest$AdditionTestWithArray( sub )
    [footprint
       @f$3 != (@f$1 + @f$2) *
       this = @f$0<span class='color_orange'>formal</span>:org.junit.tests.running.classes.ParameterizedTestTest$AdditionTestWithArray*( sub ) ;
       old_this|->{firstSummand:@f$1<span class='color_orange'>rearrange:(z)605</span>, secondSummand:@f$2<span class='color_orange'>rearrange:605</span>, sum:@f$3<span class='color_orange'>rearrange:605</span>}<span class='color_orange'>rearrange:(z)605</span>:org.junit.tests.running.classes.ParameterizedTestTest$AdditionTestWithArray( sub )  ]</span>
    Instruction Returns
    PROP 1 of 1:
    <span class='color_blue'><span class='color_blue'>@f$3 != (@f$1 + @f$2)</span>; <span class='color_blue'>MEMne &lt; void Assert.assertEquals(long,long):605 &gt; <span class='color_orange'>{vpath: }</span>(_t$0)</span> ;
    <span class='color_blue'>$irvar0 = 0<span class='color_orange'>nullify</span>:void</span>; <span class='color_blue'>return = EXN _t$0<span class='color_orange'>update:605</span>:void</span>; <span class='color_blue'>$irvar1 = 0<span class='color_orange'>nullify</span>:void</span>; <span class='color_blue'>this = 0<span class='color_orange'>nullify</span>:org.junit.tests.running.classes.ParameterizedTestTest$AdditionTestWithArray*( sub )</span>; <span class='color_blue'>old_this = @f$0<span class='color_orange'>formal</span>:org.junit.tests.running.classes.ParameterizedTestTest$AdditionTestWithArray*( sub )</span> ;
    <span class='color_blue'>_t$0|->{}<span class='color_orange'>alloc</span>:java.lang.AssertionError</span>; <span class='color_blue'>old_this|->{firstSummand:@f$1<span class='color_orange'>rearrange:(z)605</span>, secondSummand:@f$2<span class='color_orange'>rearrange:605</span>, sum:@f$3<span class='color_orange'>rearrange:605</span>}<span class='color_orange'>rearrange:(z)605</span>:org.junit.tests.running.classes.ParameterizedTestTest$AdditionTestWithArray( sub )</span>
    [footprint
       <span class='color_blue'>@f$3 != (@f$1 + @f$2)</span> *
       <span class='color_blue'>this = @f$0<span class='color_orange'>formal</span>:org.junit.tests.running.classes.ParameterizedTestTest$AdditionTestWithArray*( sub )</span> ;
       <span class='color_blue'>old_this|->{firstSummand:@f$1<span class='color_orange'>rearrange:(z)605</span>, secondSummand:@f$2<span class='color_orange'>rearrange:605</span>, sum:@f$3<span class='color_orange'>rearrange:605</span>}<span class='color_orange'>rearrange:(z)605</span>:org.junit.tests.running.classes.ParameterizedTestTest$AdditionTestWithArray( sub )</span>  ]</span>
    
    .... After Symbolic Execution ....
    PROP 1 of 1:
    <span class='color_blue'><span class='color_blue'>@f$3 != (@f$1 + @f$2)</span>; <span class='color_blue'>MEMne &lt; void Assert.assertEquals(long,long):605 &gt; <span class='color_orange'>{vpath: }</span>(_t$0)</span> ;
    <span class='color_blue'>$irvar0 = 0<span class='color_orange'>nullify</span>:void</span>; <span class='color_blue'>return = EXN _t$0<span class='color_orange'>update:605</span>:void</span>; <span class='color_blue'>$irvar1 = 0<span class='color_orange'>nullify</span>:void</span>; <span class='color_blue'>this = 0<span class='color_orange'>nullify</span>:org.junit.tests.running.classes.ParameterizedTestTest$AdditionTestWithArray*( sub )</span>; <span class='color_blue'>old_this = @f$0<span class='color_orange'>formal</span>:org.junit.tests.running.classes.ParameterizedTestTest$AdditionTestWithArray*( sub )</span> ;
    <span class='color_blue'>_t$0|->{}<span class='color_orange'>alloc</span>:java.lang.AssertionError</span>; <span class='color_blue'>old_this|->{firstSummand:@f$1<span class='color_orange'>rearrange:(z)605</span>, secondSummand:@f$2<span class='color_orange'>rearrange:605</span>, sum:@f$3<span class='color_orange'>rearrange:605</span>}<span class='color_orange'>rearrange:(z)605</span>:org.junit.tests.running.classes.ParameterizedTestTest$AdditionTestWithArray( sub )</span>
    [footprint
       <span class='color_blue'>@f$3 != (@f$1 + @f$2)</span> *
       <span class='color_blue'>this = @f$0<span class='color_orange'>formal</span>:org.junit.tests.running.classes.ParameterizedTestTest$AdditionTestWithArray*( sub )</span> ;
       <span class='color_blue'>old_this|->{firstSummand:@f$1<span class='color_orange'>rearrange:(z)605</span>, secondSummand:@f$2<span class='color_orange'>rearrange:605</span>, sum:@f$3<span class='color_orange'>rearrange:605</span>}<span class='color_orange'>rearrange:(z)605</span>:org.junit.tests.running.classes.ParameterizedTestTest$AdditionTestWithArray( sub )</span>  ]</span>
    
    
    
  </LISTING>
<hr width="100%">
<a name="session35" href="./../nodes/org.junit.tests.running.classes.ParameterizedTestTest%24AdditionTestWithArray.test%28%29%3Avoid.8b3a9a0d1d3511e7f51742816036cef7_node3.html#session35">node3#session35</a>(<a href="./../../ParameterizedTestTest.java.88da44e98279dfa32c0c7e5c52f053d0.html#LINE606">606</a>) biabduction
<LISTING class='color_black'>**** [RE:Pending] void ParameterizedTestTest$AdditionTestWithArray.test() Node: 3, Procedure: void ParameterizedTestTest$AdditionTestWithArray.test(), Todo: 1 ****
  PROP 1 of 1:
  <span class='color_blue'><span class='color_red'>val$4 != (val$2 + val$3)</span>; <span class='color_red'>MEMne &lt; void Assert.assertEquals(long,long):605 &gt; <span class='color_orange'>{vpath: }</span>(_t$0)</span> ;
  <span class='color_red'>$irvar0 = 0<span class='color_orange'>nullify</span>:void</span>; <span class='color_red'>return = EXN _t$0<span class='color_orange'>update:605</span>:void</span>; <span class='color_red'>$irvar1 = 0<span class='color_orange'>nullify</span>:void</span>; <span class='color_red'>this = 0<span class='color_orange'>nullify</span>:org.junit.tests.running.classes.ParameterizedTestTest$AdditionTestWithArray*( sub )</span>; <span class='color_red'>old_this = val$1<span class='color_orange'>formal</span>:org.junit.tests.running.classes.ParameterizedTestTest$AdditionTestWithArray*( sub )</span> ;
  <span class='color_red'>_t$0|->{}<span class='color_orange'>alloc</span>:java.lang.AssertionError</span>; <span class='color_red'>old_this|->{firstSummand:val$2<span class='color_orange'>formal(z)</span>, secondSummand:val$3<span class='color_orange'>formal</span>, sum:val$4<span class='color_orange'>formal</span>}<span class='color_orange'>formal(z)</span>:org.junit.tests.running.classes.ParameterizedTestTest$AdditionTestWithArray( sub )</span></span>
  .... Instructions: ....
  <span class='color_green'>NULLIFY(&amp;$irvar0); [line 606];
  NULLIFY(&amp;$irvar1); [line 606];
  EXIT_SCOPE($irvar0,$irvar1); [line 606];
  APPLY_ABSTRACTION; [line 606];
  </span>
  
  Processing prop 1/1
    Instruction <span class='color_green'>NULLIFY(&amp;$irvar0); [line 606]</span>
    in vpath_find exp:_t$0
    vpath_find: cannot find _t$0
    Instruction Returns
    PROP 1 of 1:
    <span class='color_blue'><span class='color_blue'>val$4 != (val$2 + val$3)</span>; <span class='color_blue'>MEMne &lt; void Assert.assertEquals(long,long):605 &gt; <span class='color_orange'>{vpath: }</span>(_t$0)</span> ;
    <span class='color_blue'>$irvar0 = 0<span class='color_orange'>nullify</span>:void</span>; <span class='color_blue'>return = EXN _t$0<span class='color_orange'>update:605</span>:void</span>; <span class='color_blue'>$irvar1 = 0<span class='color_orange'>nullify</span>:void</span>; <span class='color_blue'>this = 0<span class='color_orange'>nullify</span>:org.junit.tests.running.classes.ParameterizedTestTest$AdditionTestWithArray*( sub )</span>; <span class='color_blue'>old_this = val$1<span class='color_orange'>formal</span>:org.junit.tests.running.classes.ParameterizedTestTest$AdditionTestWithArray*( sub )</span> ;
    <span class='color_blue'>_t$0|->{}<span class='color_orange'>alloc</span>:java.lang.AssertionError</span>; <span class='color_blue'>old_this|->{firstSummand:val$2<span class='color_orange'>formal(z)</span>, secondSummand:val$3<span class='color_orange'>formal</span>, sum:val$4<span class='color_orange'>formal</span>}<span class='color_orange'>formal(z)</span>:org.junit.tests.running.classes.ParameterizedTestTest$AdditionTestWithArray( sub )</span></span>
    
    Instruction <span class='color_green'>NULLIFY(&amp;$irvar1); [line 606]</span>
    in vpath_find exp:_t$0
    vpath_find: cannot find _t$0
    Instruction Returns
    PROP 1 of 1:
    <span class='color_blue'><span class='color_blue'>val$4 != (val$2 + val$3)</span>; <span class='color_blue'>MEMne &lt; void Assert.assertEquals(long,long):605 &gt; <span class='color_orange'>{vpath: }</span>(_t$0)</span> ;
    <span class='color_blue'>$irvar0 = 0<span class='color_orange'>nullify</span>:void</span>; <span class='color_blue'>return = EXN _t$0<span class='color_orange'>update:605</span>:void</span>; <span class='color_blue'>$irvar1 = 0<span class='color_orange'>nullify</span>:void</span>; <span class='color_blue'>this = 0<span class='color_orange'>nullify</span>:org.junit.tests.running.classes.ParameterizedTestTest$AdditionTestWithArray*( sub )</span>; <span class='color_blue'>old_this = val$1<span class='color_orange'>formal</span>:org.junit.tests.running.classes.ParameterizedTestTest$AdditionTestWithArray*( sub )</span> ;
    <span class='color_blue'>_t$0|->{}<span class='color_orange'>alloc</span>:java.lang.AssertionError</span>; <span class='color_blue'>old_this|->{firstSummand:val$2<span class='color_orange'>formal(z)</span>, secondSummand:val$3<span class='color_orange'>formal</span>, sum:val$4<span class='color_orange'>formal</span>}<span class='color_orange'>formal(z)</span>:org.junit.tests.running.classes.ParameterizedTestTest$AdditionTestWithArray( sub )</span></span>
    
    Instruction <span class='color_green'>EXIT_SCOPE($irvar0,$irvar1); [line 606]</span>
    in vpath_find exp:_t$0
    vpath_find: cannot find _t$0
    Instruction Returns
    PROP 1 of 1:
    <span class='color_blue'><span class='color_blue'>val$4 != (val$2 + val$3)</span>; <span class='color_blue'>MEMne &lt; void Assert.assertEquals(long,long):605 &gt; <span class='color_orange'>{vpath: }</span>(_t$0)</span> ;
    <span class='color_blue'>$irvar0 = 0<span class='color_orange'>nullify</span>:void</span>; <span class='color_blue'>return = EXN _t$0<span class='color_orange'>update:605</span>:void</span>; <span class='color_blue'>$irvar1 = 0<span class='color_orange'>nullify</span>:void</span>; <span class='color_blue'>this = 0<span class='color_orange'>nullify</span>:org.junit.tests.running.classes.ParameterizedTestTest$AdditionTestWithArray*( sub )</span>; <span class='color_blue'>old_this = val$1<span class='color_orange'>formal</span>:org.junit.tests.running.classes.ParameterizedTestTest$AdditionTestWithArray*( sub )</span> ;
    <span class='color_blue'>_t$0|->{}<span class='color_orange'>alloc</span>:java.lang.AssertionError</span>; <span class='color_blue'>old_this|->{firstSummand:val$2<span class='color_orange'>formal(z)</span>, secondSummand:val$3<span class='color_orange'>formal</span>, sum:val$4<span class='color_orange'>formal</span>}<span class='color_orange'>formal(z)</span>:org.junit.tests.running.classes.ParameterizedTestTest$AdditionTestWithArray( sub )</span></span>
    
    Instruction <span class='color_green'>APPLY_ABSTRACTION; [line 606]</span>
    in vpath_find exp:_t$0
    vpath_find: cannot find _t$0
    Prover.check_inconsistency_base: inconsistency reason [None]
    Prover.check_inconsistency_base: inconsistency reason [None]
    <span class='color_blue'>val$4 != (val$2 + val$3); MEMne &lt; void Assert.assertEquals(long,long):605 &gt; <span class='color_orange'>{vpath: }</span>(_t$0) ;
    $irvar0 = 0<span class='color_orange'>nullify</span>:void; return = EXN _t$0<span class='color_orange'>update:605</span>:void; $irvar1 = 0<span class='color_orange'>nullify</span>:void; this = 0<span class='color_orange'>nullify</span>:org.junit.tests.running.classes.ParameterizedTestTest$AdditionTestWithArray*( sub ); old_this = val$1<span class='color_orange'>formal</span>:org.junit.tests.running.classes.ParameterizedTestTest$AdditionTestWithArray*( sub ) ;
    _t$0|->{}<span class='color_orange'>alloc</span>:java.lang.AssertionError; old_this|->{firstSummand:val$2<span class='color_orange'>formal(z)</span>, secondSummand:val$3<span class='color_orange'>formal</span>, sum:val$4<span class='color_orange'>formal</span>}<span class='color_orange'>formal(z)</span>:org.junit.tests.running.classes.ParameterizedTestTest$AdditionTestWithArray( sub )</span>
    Instruction Returns
    PROP 1 of 1:
    <span class='color_blue'><span class='color_blue'>val$4 != (val$2 + val$3)</span>; <span class='color_blue'>MEMne &lt; void Assert.assertEquals(long,long):605 &gt; <span class='color_orange'>{vpath: }</span>(_t$0)</span> ;
    <span class='color_blue'>$irvar0 = 0<span class='color_orange'>nullify</span>:void</span>; <span class='color_blue'>return = EXN _t$0<span class='color_orange'>update:605</span>:void</span>; <span class='color_blue'>$irvar1 = 0<span class='color_orange'>nullify</span>:void</span>; <span class='color_blue'>this = 0<span class='color_orange'>nullify</span>:org.junit.tests.running.classes.ParameterizedTestTest$AdditionTestWithArray*( sub )</span>; <span class='color_blue'>old_this = val$1<span class='color_orange'>formal</span>:org.junit.tests.running.classes.ParameterizedTestTest$AdditionTestWithArray*( sub )</span> ;
    <span class='color_blue'>_t$0|->{}<span class='color_orange'>alloc</span>:java.lang.AssertionError</span>; <span class='color_blue'>old_this|->{firstSummand:val$2<span class='color_orange'>formal(z)</span>, secondSummand:val$3<span class='color_orange'>formal</span>, sum:val$4<span class='color_orange'>formal</span>}<span class='color_orange'>formal(z)</span>:org.junit.tests.running.classes.ParameterizedTestTest$AdditionTestWithArray( sub )</span></span>
    
    .... After Symbolic Execution ....
    PROP 1 of 1:
    <span class='color_blue'><span class='color_blue'>val$4 != (val$2 + val$3)</span>; <span class='color_blue'>MEMne &lt; void Assert.assertEquals(long,long):605 &gt; <span class='color_orange'>{vpath: }</span>(_t$0)</span> ;
    <span class='color_blue'>$irvar0 = 0<span class='color_orange'>nullify</span>:void</span>; <span class='color_blue'>return = EXN _t$0<span class='color_orange'>update:605</span>:void</span>; <span class='color_blue'>$irvar1 = 0<span class='color_orange'>nullify</span>:void</span>; <span class='color_blue'>this = 0<span class='color_orange'>nullify</span>:org.junit.tests.running.classes.ParameterizedTestTest$AdditionTestWithArray*( sub )</span>; <span class='color_blue'>old_this = val$1<span class='color_orange'>formal</span>:org.junit.tests.running.classes.ParameterizedTestTest$AdditionTestWithArray*( sub )</span> ;
    <span class='color_blue'>_t$0|->{}<span class='color_orange'>alloc</span>:java.lang.AssertionError</span>; <span class='color_blue'>old_this|->{firstSummand:val$2<span class='color_orange'>formal(z)</span>, secondSummand:val$3<span class='color_orange'>formal</span>, sum:val$4<span class='color_orange'>formal</span>}<span class='color_orange'>formal(z)</span>:org.junit.tests.running.classes.ParameterizedTestTest$AdditionTestWithArray( sub )</span></span>
    
    
    
  </LISTING>