<!DOCTYPE HTML PUBLIC "-//W3C//DTD HTML 4.01 Transitional//EN">
<html>
<head>
<title>org.junit.tests.running.classes.ParameterizedTestTest.beforeParamAndAfterParamValidation():void.80c3d87a2633ea97684831b840318900_node3</title>
<meta http-equiv="Content-Type" content="text/html; charset=utf-8">
<style type="text/css">
body { background-color:#fff; color:#000; font-family:Helvetica, sans-serif; font-size:10pt }
h1 { font-size:14pt }
.code { border-collapse:collapse; width:100%; font-family: "Andale Mono", monospace; font-size:10pt; line-height: 1.2em }
.color_black { color: black }
.color_blue { color: blue }
.color_green { color: green }
.color_orange { color: orange }
.color_red { color: red }
.line { border-left: 3px solid #ccc; padding-left: 1ex; white-space: pre; }
.msg { background-color:#fff8b4; color:#000; float:left; font-family:Helvetica, sans-serif; font-size: smaller; font-weight: bold; margin-bottom:10px; margin-top:10px; max-width:60em; padding:0.5em 1ex 0.5em 1ex; -webkit-border-radius:5px; -webkit-box-shadow:1px 1px 7px #000; white-space: pre-wrap; word-wrap: break-word; }
.num { background-color:#eee; color:#444; font-size: smaller; padding-right:2ex; text-align:right; width:2.5em; }
.dangling { background-color:white; color: gray; }
.visited { background-color:LemonChiffon; color: darkmagenta; }
.tooltip { display: none; background-color:#FFF0F0; border: 2px solid #F00; font-weight: normal; left:10em; padding: 2px; position: absolute; top: -1em; -webkit-border-radius:5px; -webkit-box-shadow:1px 1px 7px #000; z-index: 1}
.with_tooltip { position: relative; }
.with_tooltip:hover .tooltip, .visited:hover .tooltip { display: block; }
</style>
</head>
<body>
<center><h1>Cfg Node <a href="./../../ParameterizedTestTest.java.88da44e98279dfa32c0c7e5c52f053d0.html#LINE452">3</a></h1></center>PROC: <a href="./../org.junit.tests.running.classes.ParameterizedTestTest.beforeParamAndAfterParamValidation%28%29%3Avoid.80c3d87a2633ea97684831b840318900.html">void ParameterizedTestTest.beforeParamAndAfterParamValidation()</a> LINE: <a href="./../../ParameterizedTestTest.java.88da44e98279dfa32c0c7e5c52f053d0.html#LINE452">452</a>
<br>PREDS:
<br>SUCCS:
<a href="./../nodes/org.junit.tests.running.classes.ParameterizedTestTest.beforeParamAndAfterParamValidation%28%29%3Avoid.80c3d87a2633ea97684831b840318900_node2.html"><span class='visited with_tooltip'>N_2<span class='tooltip'>node2 preds:19 3 succs: exn: </span></span></a><br>EXN:
<a href="./../nodes/org.junit.tests.running.classes.ParameterizedTestTest.beforeParamAndAfterParamValidation%28%29%3Avoid.80c3d87a2633ea97684831b840318900_node2.html"><span class='visited with_tooltip'>N_2<span class='tooltip'>node2 preds:19 3 succs: exn: </span></span></a><br>
<LISTING class='color_green'></LISTING>
<hr width="100%">
<a name="session2" href="./../nodes/org.junit.tests.running.classes.ParameterizedTestTest.beforeParamAndAfterParamValidation%28%29%3Avoid.80c3d87a2633ea97684831b840318900_node3.html#session2">node3#session2</a>(<a href="./../../ParameterizedTestTest.java.88da44e98279dfa32c0c7e5c52f053d0.html#LINE452">452</a>) [compute pre] liveness 3
<LISTING class='color_black'></LISTING>
<hr width="100%">
<a name="session3" href="./../nodes/org.junit.tests.running.classes.ParameterizedTestTest.beforeParamAndAfterParamValidation%28%29%3Avoid.80c3d87a2633ea97684831b840318900_node3.html#session3">node3#session3</a>(<a href="./../../ParameterizedTestTest.java.88da44e98279dfa32c0c7e5c52f053d0.html#LINE452">452</a>) [exec] liveness 3
<LISTING class='color_black'>PRE STATE:
normal:{ }, exn:{ }

INSTR=  SKIP; 

STATE UNCHANGED

</LISTING>
<hr width="100%">
<a name="session71" href="./../nodes/org.junit.tests.running.classes.ParameterizedTestTest.beforeParamAndAfterParamValidation%28%29%3Avoid.80c3d87a2633ea97684831b840318900_node3.html#session71">node3#session71</a>(<a href="./../../ParameterizedTestTest.java.88da44e98279dfa32c0c7e5c52f053d0.html#LINE452">452</a>) [compute pre] nullify
<LISTING class='color_black'>JOIN

LEFT:   (normal:{ }, exn:{ },
normal:{ classes.ParameterizedTestTest }, exn:{ })
RIGHT:  (normal:{ $irvar0 }, exn:{ },
normal:{ n$0 }, exn:{ })
RESULT: (normal:{ $irvar0 }, exn:{ },
normal:{ n$0, classes.ParameterizedTestTest }, exn:{ })

JOIN

LEFT:   (normal:{ $irvar0 }, exn:{ },
normal:{ n$0, classes.ParameterizedTestTest }, exn:{ })
RIGHT:  (normal:{ $irvar0 }, exn:{ },
normal:{ n$1 }, exn:{ })
RESULT: (normal:{ $irvar0 }, exn:{ },
normal:{ n$0, n$1, classes.ParameterizedTestTest }, exn:{ })

JOIN

LEFT:   (normal:{ $irvar0 }, exn:{ },
normal:{ n$0, n$1, classes.ParameterizedTestTest }, exn:{ })
RIGHT:  (normal:{ result }, exn:{ },
normal:{ n$2, n$3, $irvar0 }, exn:{ })
RESULT: (normal:{ result, $irvar0 }, exn:{ },
normal:{ n$0, n$1, n$2, n$3, $irvar0, classes.ParameterizedTestTest },
exn:{ })

JOIN

LEFT:   (normal:{ result, $irvar0 }, exn:{ },
normal:{ n$0, n$1, n$2, n$3, $irvar0, classes.ParameterizedTestTest },
exn:{ })
RIGHT:  (normal:{ result, $irvar1 }, exn:{ },
normal:{ _, n$4, n$6 }, exn:{ })
RESULT: (normal:{ result, $irvar0, $irvar1 }, exn:{ },
normal:{ _,
         n$0,
         n$1,
         n$2,
         n$3,
         n$4,
         n$6,
         $irvar0,
         classes.ParameterizedTestTest },
exn:{ })

JOIN

LEFT:   (normal:{ result, $irvar0, $irvar1 }, exn:{ },
normal:{ _,
         n$0,
         n$1,
         n$2,
         n$3,
         n$4,
         n$6,
         $irvar0,
         classes.ParameterizedTestTest },
exn:{ })
RIGHT:  (normal:{ result }, exn:{ },
normal:{ n$7, n$8, $irvar1 }, exn:{ })
RESULT: (normal:{ result, $irvar0, $irvar1 }, exn:{ },
normal:{ _,
         n$0,
         n$1,
         n$2,
         n$3,
         n$4,
         n$6,
         n$7,
         n$8,
         $irvar0,
         $irvar1,
         classes.ParameterizedTestTest },
exn:{ })

JOIN

LEFT:   (normal:{ result, $irvar0, $irvar1 }, exn:{ },
normal:{ _,
         n$0,
         n$1,
         n$2,
         n$3,
         n$4,
         n$6,
         n$7,
         n$8,
         $irvar0,
         $irvar1,
         classes.ParameterizedTestTest },
exn:{ })
RIGHT:  (normal:{ failures }, exn:{ },
normal:{ _, n$9, n$11, result }, exn:{ })
RESULT: (normal:{ result, failures, $irvar0, $irvar1 }, exn:{ },
normal:{ _,
         _,
         n$0,
         n$1,
         n$2,
         n$3,
         n$4,
         n$6,
         n$7,
         n$8,
         n$9,
         n$11,
         result,
         $irvar0,
         $irvar1,
         classes.ParameterizedTestTest },
exn:{ })

JOIN

LEFT:   (normal:{ result, failures, $irvar0, $irvar1 }, exn:{ },
normal:{ _,
         _,
         n$0,
         n$1,
         n$2,
         n$3,
         n$4,
         n$6,
         n$7,
         n$8,
         n$9,
         n$11,
         result,
         $irvar0,
         $irvar1,
         classes.ParameterizedTestTest },
exn:{ })
RIGHT:  (normal:{ failures, $irvar2 }, exn:{ },
normal:{ _, n$12, n$14 }, exn:{ })
RESULT: (normal:{ result, failures, $irvar0, $irvar1, $irvar2 }, exn:{ },
normal:{ _,
         _,
         _,
         n$0,
         n$1,
         n$2,
         n$3,
         n$4,
         n$6,
         n$7,
         n$8,
         n$9,
         n$11,
         n$12,
         n$14,
         result,
         $irvar0,
         $irvar1,
         classes.ParameterizedTestTest },
exn:{ })

JOIN

LEFT:   (normal:{ result, failures, $irvar0, $irvar1, $irvar2 }, exn:{ },
normal:{ _,
         _,
         _,
         n$0,
         n$1,
         n$2,
         n$3,
         n$4,
         n$6,
         n$7,
         n$8,
         n$9,
         n$11,
         n$12,
         n$14,
         result,
         $irvar0,
         $irvar1,
         classes.ParameterizedTestTest },
exn:{ })
RIGHT:  (normal:{ $irvar3, failures }, exn:{ },
normal:{ _, n$15, n$16, n$18, $irvar2 }, exn:{ })
RESULT: (normal:{ result, $irvar3, failures, $irvar0, $irvar1, $irvar2 },
         exn:{ },
normal:{ _,
         _,
         _,
         _,
         n$0,
         n$1,
         n$2,
         n$3,
         n$4,
         n$6,
         n$7,
         n$8,
         n$9,
         n$11,
         n$12,
         n$14,
         n$15,
         n$16,
         n$18,
         result,
         $irvar0,
         $irvar1,
         classes.ParameterizedTestTest,
         $irvar2 },
exn:{ })

JOIN

LEFT:   (normal:{ result, $irvar3, failures, $irvar0, $irvar1, $irvar2 },
         exn:{ },
normal:{ _,
         _,
         _,
         _,
         n$0,
         n$1,
         n$2,
         n$3,
         n$4,
         n$6,
         n$7,
         n$8,
         n$9,
         n$11,
         n$12,
         n$14,
         n$15,
         n$16,
         n$18,
         result,
         $irvar0,
         $irvar1,
         classes.ParameterizedTestTest,
         $irvar2 },
exn:{ })
RIGHT:  (normal:{ $irvar3, failures, $irvar4 }, exn:{ },
normal:{ n$19 }, exn:{ })
RESULT: (normal:{ result,
                  $irvar3,
                  failures,
                  $irvar4,
                  $irvar0,
                  $irvar1,
                  $irvar2 },
         exn:{ },
normal:{ _,
         _,
         _,
         _,
         n$0,
         n$1,
         n$2,
         n$3,
         n$4,
         n$6,
         n$7,
         n$8,
         n$9,
         n$11,
         n$12,
         n$14,
         n$15,
         n$16,
         n$18,
         n$19,
         result,
         $irvar0,
         $irvar1,
         classes.ParameterizedTestTest,
         $irvar2 },
exn:{ })

JOIN

LEFT:   (normal:{ result,
                  $irvar3,
                  failures,
                  $irvar4,
                  $irvar0,
                  $irvar1,
                  $irvar2 },
         exn:{ },
normal:{ _,
         _,
         _,
         _,
         n$0,
         n$1,
         n$2,
         n$3,
         n$4,
         n$6,
         n$7,
         n$8,
         n$9,
         n$11,
         n$12,
         n$14,
         n$15,
         n$16,
         n$18,
         n$19,
         result,
         $irvar0,
         $irvar1,
         classes.ParameterizedTestTest,
         $irvar2 },
exn:{ })
RIGHT:  (normal:{ failures }, exn:{ },
normal:{ n$20, n$21, n$22, $irvar3, $irvar4 }, exn:{ })
RESULT: (normal:{ result,
                  $irvar3,
                  failures,
                  $irvar4,
                  $irvar0,
                  $irvar1,
                  $irvar2 },
         exn:{ },
normal:{ _,
         _,
         _,
         _,
         n$0,
         n$1,
         n$2,
         n$3,
         n$4,
         n$6,
         n$7,
         n$8,
         n$9,
         n$11,
         n$12,
         n$14,
         n$15,
         n$16,
         n$18,
         n$19,
         n$20,
         n$21,
         n$22,
         result,
         $irvar3,
         $irvar4,
         $irvar0,
         $irvar1,
         classes.ParameterizedTestTest,
         $irvar2 },
exn:{ })

JOIN

LEFT:   (normal:{ result,
                  $irvar3,
                  failures,
                  $irvar4,
                  $irvar0,
                  $irvar1,
                  $irvar2 },
         exn:{ },
normal:{ _,
         _,
         _,
         _,
         n$0,
         n$1,
         n$2,
         n$3,
         n$4,
         n$6,
         n$7,
         n$8,
         n$9,
         n$11,
         n$12,
         n$14,
         n$15,
         n$16,
         n$18,
         n$19,
         n$20,
         n$21,
         n$22,
         result,
         $irvar3,
         $irvar4,
         $irvar0,
         $irvar1,
         classes.ParameterizedTestTest,
         $irvar2 },
exn:{ })
RIGHT:  (normal:{ $irvar5 }, exn:{ },
normal:{ _, n$23, n$25, failures }, exn:{ })
RESULT: (normal:{ result,
                  $irvar3,
                  failures,
                  $irvar5,
                  $irvar4,
                  $irvar0,
                  $irvar1,
                  $irvar2 },
         exn:{ },
normal:{ _,
         _,
         _,
         _,
         _,
         n$0,
         n$1,
         n$2,
         n$3,
         n$4,
         n$6,
         n$7,
         n$8,
         n$9,
         n$11,
         n$12,
         n$14,
         n$15,
         n$16,
         n$18,
         n$19,
         n$20,
         n$21,
         n$22,
         n$23,
         n$25,
         result,
         $irvar3,
         failures,
         $irvar4,
         $irvar0,
         $irvar1,
         classes.ParameterizedTestTest,
         $irvar2 },
exn:{ })

JOIN

LEFT:   (normal:{ result,
                  $irvar3,
                  failures,
                  $irvar5,
                  $irvar4,
                  $irvar0,
                  $irvar1,
                  $irvar2 },
         exn:{ },
normal:{ _,
         _,
         _,
         _,
         _,
         n$0,
         n$1,
         n$2,
         n$3,
         n$4,
         n$6,
         n$7,
         n$8,
         n$9,
         n$11,
         n$12,
         n$14,
         n$15,
         n$16,
         n$18,
         n$19,
         n$20,
         n$21,
         n$22,
         n$23,
         n$25,
         result,
         $irvar3,
         failures,
         $irvar4,
         $irvar0,
         $irvar1,
         classes.ParameterizedTestTest,
         $irvar2 },
exn:{ })
RIGHT:  (normal:{ $irvar6 }, exn:{ },
normal:{ _, n$26, n$27, n$29, $irvar5 }, exn:{ })
RESULT: (normal:{ result,
                  $irvar3,
                  failures,
                  $irvar5,
                  $irvar4,
                  $irvar6,
                  $irvar0,
                  $irvar1,
                  $irvar2 },
         exn:{ },
normal:{ _,
         _,
         _,
         _,
         _,
         _,
         n$0,
         n$1,
         n$2,
         n$3,
         n$4,
         n$6,
         n$7,
         n$8,
         n$9,
         n$11,
         n$12,
         n$14,
         n$15,
         n$16,
         n$18,
         n$19,
         n$20,
         n$21,
         n$22,
         n$23,
         n$25,
         n$26,
         n$27,
         n$29,
         result,
         $irvar3,
         failures,
         $irvar5,
         $irvar4,
         $irvar0,
         $irvar1,
         classes.ParameterizedTestTest,
         $irvar2 },
exn:{ })

JOIN

LEFT:   (normal:{ result,
                  $irvar3,
                  failures,
                  $irvar5,
                  $irvar4,
                  $irvar6,
                  $irvar0,
                  $irvar1,
                  $irvar2 },
         exn:{ },
normal:{ _,
         _,
         _,
         _,
         _,
         _,
         n$0,
         n$1,
         n$2,
         n$3,
         n$4,
         n$6,
         n$7,
         n$8,
         n$9,
         n$11,
         n$12,
         n$14,
         n$15,
         n$16,
         n$18,
         n$19,
         n$20,
         n$21,
         n$22,
         n$23,
         n$25,
         n$26,
         n$27,
         n$29,
         result,
         $irvar3,
         failures,
         $irvar5,
         $irvar4,
         $irvar0,
         $irvar1,
         classes.ParameterizedTestTest,
         $irvar2 },
exn:{ })
RIGHT:  (normal:{ $irvar7, $irvar6 }, exn:{ },
normal:{ n$30 }, exn:{ })
RESULT: (normal:{ result,
                  $irvar3,
                  failures,
                  $irvar5,
                  $irvar4,
                  $irvar7,
                  $irvar6,
                  $irvar0,
                  $irvar1,
                  $irvar2 },
         exn:{ },
normal:{ _,
         _,
         _,
         _,
         _,
         _,
         n$0,
         n$1,
         n$2,
         n$3,
         n$4,
         n$6,
         n$7,
         n$8,
         n$9,
         n$11,
         n$12,
         n$14,
         n$15,
         n$16,
         n$18,
         n$19,
         n$20,
         n$21,
         n$22,
         n$23,
         n$25,
         n$26,
         n$27,
         n$29,
         n$30,
         result,
         $irvar3,
         failures,
         $irvar5,
         $irvar4,
         $irvar0,
         $irvar1,
         classes.ParameterizedTestTest,
         $irvar2 },
exn:{ })

JOIN

LEFT:   (normal:{ result,
                  $irvar3,
                  failures,
                  $irvar5,
                  $irvar4,
                  $irvar7,
                  $irvar6,
                  $irvar0,
                  $irvar1,
                  $irvar2 },
         exn:{ },
normal:{ _,
         _,
         _,
         _,
         _,
         _,
         n$0,
         n$1,
         n$2,
         n$3,
         n$4,
         n$6,
         n$7,
         n$8,
         n$9,
         n$11,
         n$12,
         n$14,
         n$15,
         n$16,
         n$18,
         n$19,
         n$20,
         n$21,
         n$22,
         n$23,
         n$25,
         n$26,
         n$27,
         n$29,
         n$30,
         result,
         $irvar3,
         failures,
         $irvar5,
         $irvar4,
         $irvar0,
         $irvar1,
         classes.ParameterizedTestTest,
         $irvar2 },
exn:{ })
RIGHT:  (normal:{ }, exn:{ },
normal:{ n$31, n$32, n$33, $irvar7, $irvar6 }, exn:{ })
RESULT: (normal:{ result,
                  $irvar3,
                  failures,
                  $irvar5,
                  $irvar4,
                  $irvar7,
                  $irvar6,
                  $irvar0,
                  $irvar1,
                  $irvar2 },
         exn:{ },
normal:{ _,
         _,
         _,
         _,
         _,
         _,
         n$0,
         n$1,
         n$2,
         n$3,
         n$4,
         n$6,
         n$7,
         n$8,
         n$9,
         n$11,
         n$12,
         n$14,
         n$15,
         n$16,
         n$18,
         n$19,
         n$20,
         n$21,
         n$22,
         n$23,
         n$25,
         n$26,
         n$27,
         n$29,
         n$30,
         n$31,
         n$32,
         n$33,
         result,
         $irvar3,
         failures,
         $irvar5,
         $irvar4,
         $irvar7,
         $irvar6,
         $irvar0,
         $irvar1,
         classes.ParameterizedTestTest,
         $irvar2 },
exn:{ })

JOIN

LEFT:   (normal:{ result,
                  $irvar3,
                  failures,
                  $irvar5,
                  $irvar4,
                  $irvar7,
                  $irvar6,
                  $irvar0,
                  $irvar1,
                  $irvar2 },
         exn:{ },
normal:{ _,
         _,
         _,
         _,
         _,
         _,
         n$0,
         n$1,
         n$2,
         n$3,
         n$4,
         n$6,
         n$7,
         n$8,
         n$9,
         n$11,
         n$12,
         n$14,
         n$15,
         n$16,
         n$18,
         n$19,
         n$20,
         n$21,
         n$22,
         n$23,
         n$25,
         n$26,
         n$27,
         n$29,
         n$30,
         n$31,
         n$32,
         n$33,
         result,
         $irvar3,
         failures,
         $irvar5,
         $irvar4,
         $irvar7,
         $irvar6,
         $irvar0,
         $irvar1,
         classes.ParameterizedTestTest,
         $irvar2 },
exn:{ })
RIGHT:  (normal:{ }, exn:{ },
normal:{ }, exn:{ })
RESULT: (normal:{ result,
                  $irvar3,
                  failures,
                  $irvar5,
                  $irvar4,
                  $irvar7,
                  $irvar6,
                  $irvar0,
                  $irvar1,
                  $irvar2 },
         exn:{ },
normal:{ _,
         _,
         _,
         _,
         _,
         _,
         n$0,
         n$1,
         n$2,
         n$3,
         n$4,
         n$6,
         n$7,
         n$8,
         n$9,
         n$11,
         n$12,
         n$14,
         n$15,
         n$16,
         n$18,
         n$19,
         n$20,
         n$21,
         n$22,
         n$23,
         n$25,
         n$26,
         n$27,
         n$29,
         n$30,
         n$31,
         n$32,
         n$33,
         result,
         $irvar3,
         failures,
         $irvar5,
         $irvar4,
         $irvar7,
         $irvar6,
         $irvar0,
         $irvar1,
         classes.ParameterizedTestTest,
         $irvar2 },
exn:{ })

</LISTING>
<hr width="100%">
<a name="session72" href="./../nodes/org.junit.tests.running.classes.ParameterizedTestTest.beforeParamAndAfterParamValidation%28%29%3Avoid.80c3d87a2633ea97684831b840318900_node3.html#session72">node3#session72</a>(<a href="./../../ParameterizedTestTest.java.88da44e98279dfa32c0c7e5c52f053d0.html#LINE452">452</a>) [exec] nullify
<LISTING class='color_black'>PRE STATE:
(normal:{ result,
          $irvar3,
          failures,
          $irvar5,
          $irvar4,
          $irvar7,
          $irvar6,
          $irvar0,
          $irvar1,
          $irvar2 },
 exn:{ },
normal:{ _,
         _,
         _,
         _,
         _,
         _,
         n$0,
         n$1,
         n$2,
         n$3,
         n$4,
         n$6,
         n$7,
         n$8,
         n$9,
         n$11,
         n$12,
         n$14,
         n$15,
         n$16,
         n$18,
         n$19,
         n$20,
         n$21,
         n$22,
         n$23,
         n$25,
         n$26,
         n$27,
         n$29,
         n$30,
         n$31,
         n$32,
         n$33,
         result,
         $irvar3,
         failures,
         $irvar5,
         $irvar4,
         $irvar7,
         $irvar6,
         $irvar0,
         $irvar1,
         classes.ParameterizedTestTest,
         $irvar2 },
exn:{ })

INSTR=  SKIP; 

STATE:
(normal:{ }, exn:{ },
normal:{ result,
         $irvar3,
         failures,
         $irvar5,
         $irvar4,
         $irvar7,
         $irvar6,
         $irvar0,
         $irvar1,
         $irvar2 },
exn:{ })

</LISTING>
<hr width="100%">
<a name="session181" href="./../nodes/org.junit.tests.running.classes.ParameterizedTestTest.beforeParamAndAfterParamValidation%28%29%3Avoid.80c3d87a2633ea97684831b840318900_node3.html#session181">node3#session181</a>(<a href="./../../ParameterizedTestTest.java.88da44e98279dfa32c0c7e5c52f053d0.html#LINE452">452</a>) [exec] devirtualizer
<LISTING class='color_black'></LISTING>
<hr width="100%">
<a name="session182" href="./../nodes/org.junit.tests.running.classes.ParameterizedTestTest.beforeParamAndAfterParamValidation%28%29%3Avoid.80c3d87a2633ea97684831b840318900_node3.html#session182">node3#session182</a>(<a href="./../../ParameterizedTestTest.java.88da44e98279dfa32c0c7e5c52f053d0.html#LINE452">452</a>) [exec] devirtualizer
<LISTING class='color_black'></LISTING>
<hr width="100%">
<a name="session183" href="./../nodes/org.junit.tests.running.classes.ParameterizedTestTest.beforeParamAndAfterParamValidation%28%29%3Avoid.80c3d87a2633ea97684831b840318900_node3.html#session183">node3#session183</a>(<a href="./../../ParameterizedTestTest.java.88da44e98279dfa32c0c7e5c52f053d0.html#LINE452">452</a>) [exec] devirtualizer
<LISTING class='color_black'></LISTING>
<hr width="100%">
<a name="session184" href="./../nodes/org.junit.tests.running.classes.ParameterizedTestTest.beforeParamAndAfterParamValidation%28%29%3Avoid.80c3d87a2633ea97684831b840318900_node3.html#session184">node3#session184</a>(<a href="./../../ParameterizedTestTest.java.88da44e98279dfa32c0c7e5c52f053d0.html#LINE452">452</a>) [exec] devirtualizer
<LISTING class='color_black'></LISTING>
<hr width="100%">
<a name="session185" href="./../nodes/org.junit.tests.running.classes.ParameterizedTestTest.beforeParamAndAfterParamValidation%28%29%3Avoid.80c3d87a2633ea97684831b840318900_node3.html#session185">node3#session185</a>(<a href="./../../ParameterizedTestTest.java.88da44e98279dfa32c0c7e5c52f053d0.html#LINE452">452</a>) [exec] devirtualizer
<LISTING class='color_black'></LISTING>
<hr width="100%">
<a name="session186" href="./../nodes/org.junit.tests.running.classes.ParameterizedTestTest.beforeParamAndAfterParamValidation%28%29%3Avoid.80c3d87a2633ea97684831b840318900_node3.html#session186">node3#session186</a>(<a href="./../../ParameterizedTestTest.java.88da44e98279dfa32c0c7e5c52f053d0.html#LINE452">452</a>) [exec] devirtualizer
<LISTING class='color_black'></LISTING>
<hr width="100%">
<a name="session187" href="./../nodes/org.junit.tests.running.classes.ParameterizedTestTest.beforeParamAndAfterParamValidation%28%29%3Avoid.80c3d87a2633ea97684831b840318900_node3.html#session187">node3#session187</a>(<a href="./../../ParameterizedTestTest.java.88da44e98279dfa32c0c7e5c52f053d0.html#LINE452">452</a>) [exec] devirtualizer
<LISTING class='color_black'></LISTING>
<hr width="100%">
<a name="session188" href="./../nodes/org.junit.tests.running.classes.ParameterizedTestTest.beforeParamAndAfterParamValidation%28%29%3Avoid.80c3d87a2633ea97684831b840318900_node3.html#session188">node3#session188</a>(<a href="./../../ParameterizedTestTest.java.88da44e98279dfa32c0c7e5c52f053d0.html#LINE452">452</a>) [exec] devirtualizer
<LISTING class='color_black'></LISTING>
<hr width="100%">
<a name="session189" href="./../nodes/org.junit.tests.running.classes.ParameterizedTestTest.beforeParamAndAfterParamValidation%28%29%3Avoid.80c3d87a2633ea97684831b840318900_node3.html#session189">node3#session189</a>(<a href="./../../ParameterizedTestTest.java.88da44e98279dfa32c0c7e5c52f053d0.html#LINE452">452</a>) [exec] devirtualizer
<LISTING class='color_black'></LISTING>
<hr width="100%">
<a name="session190" href="./../nodes/org.junit.tests.running.classes.ParameterizedTestTest.beforeParamAndAfterParamValidation%28%29%3Avoid.80c3d87a2633ea97684831b840318900_node3.html#session190">node3#session190</a>(<a href="./../../ParameterizedTestTest.java.88da44e98279dfa32c0c7e5c52f053d0.html#LINE452">452</a>) [exec] devirtualizer
<LISTING class='color_black'></LISTING>
<hr width="100%">
<a name="session191" href="./../nodes/org.junit.tests.running.classes.ParameterizedTestTest.beforeParamAndAfterParamValidation%28%29%3Avoid.80c3d87a2633ea97684831b840318900_node3.html#session191">node3#session191</a>(<a href="./../../ParameterizedTestTest.java.88da44e98279dfa32c0c7e5c52f053d0.html#LINE452">452</a>) [exec] devirtualizer
<LISTING class='color_black'></LISTING>
<hr width="100%">
<a name="session192" href="./../nodes/org.junit.tests.running.classes.ParameterizedTestTest.beforeParamAndAfterParamValidation%28%29%3Avoid.80c3d87a2633ea97684831b840318900_node3.html#session192">node3#session192</a>(<a href="./../../ParameterizedTestTest.java.88da44e98279dfa32c0c7e5c52f053d0.html#LINE452">452</a>) [exec] devirtualizer
<LISTING class='color_black'></LISTING>
<hr width="100%">
<a name="session78" href="./../nodes/org.junit.tests.running.classes.ParameterizedTestTest.beforeParamAndAfterParamValidation%28%29%3Avoid.80c3d87a2633ea97684831b840318900_node3.html#session78">node3#session78</a>(<a href="./../../ParameterizedTestTest.java.88da44e98279dfa32c0c7e5c52f053d0.html#LINE452">452</a>) biabduction
<LISTING class='color_black'>**** [FP:Pending] void ParameterizedTestTest.beforeParamAndAfterParamValidation() Node: 3, Procedure: void ParameterizedTestTest.beforeParamAndAfterParamValidation(), Todo: 1 ****
  PROP 1 of 1:
  <span class='color_blue'><span class='color_red'>_t$9 != 1</span>; <span class='color_red'>MEMne &lt; void Assert.assertEquals(long,long):448 &gt; <span class='color_orange'>{vpath: }</span>(_t$0)</span>; <span class='color_red'>MEMna &lt; new[]:447 &gt; <span class='color_orange'>{vpath: }</span>(_t$10)</span>; <span class='color_red'>UND &lt; Result JUnitCore.runClasses(Computer,Class[]) &gt; :53(result)</span>; <span class='color_red'>UND &lt; int CopyOnWriteArrayList.size() &gt; :68(_t$9)</span>; <span class='color_red'>RET &lt; int Result.getFailureCount() &gt; (_t$9)</span> ;
  <span class='color_red'>result = _t$1<span class='color_orange'>update:447</span>:org.junit.runner.Result*</span>; <span class='color_red'>$irvar3 = _t$2<span class='color_orange'>initial</span>:void</span>; <span class='color_red'>failures = _t$3<span class='color_orange'>initial</span>:java.util.List*</span>; <span class='color_red'>$irvar5 = _t$4<span class='color_orange'>initial</span>:void</span>; <span class='color_red'>$irvar4 = _t$5<span class='color_orange'>initial</span>:void</span>; <span class='color_red'>$irvar7 = _t$6<span class='color_orange'>initial</span>:void</span>; <span class='color_red'>$irvar6 = _t$7<span class='color_orange'>initial</span>:void</span>; <span class='color_red'>$irvar0 = 0<span class='color_orange'>nullify</span>:void</span>; <span class='color_red'>return = EXN _t$0<span class='color_orange'>update:448</span>:void</span>; <span class='color_red'>$irvar1 = 0<span class='color_orange'>nullify</span>:void</span>; <span class='color_red'>#GB<>$org.junit.tests.running.classes.ParameterizedTestTest = {fLog:""<span class='color_orange'>update:446</span>}<span class='color_orange'>rearrange:446</span>:org.junit.tests.running.classes.ParameterizedTestTest( sub )</span>; <span class='color_red'>$irvar2 = _t$8<span class='color_orange'>initial</span>:void</span>; <span class='color_red'>this = @f$1<span class='color_orange'>formal</span>:org.junit.tests.running.classes.ParameterizedTestTest*( sub )</span>; <span class='color_red'>old_this = @f$1<span class='color_orange'>formal</span>:org.junit.tests.running.classes.ParameterizedTestTest*( sub )</span> ;
  <span class='color_red'>result|->{failures:@f$0<span class='color_orange'>formal(z)</span>}<span class='color_orange'>formal(z)</span>:org.junit.runner.Result( sub )</span>; <span class='color_red'>_t$0|->{}<span class='color_orange'>alloc</span>:java.lang.AssertionError</span>; <span class='color_red'>@f$0|->{}<span class='color_orange'>formal(z)</span>:java.util.concurrent.CopyOnWriteArrayList( sub )</span>
  [footprint
     <span class='color_red'>#GB<>$org.junit.tests.running.classes.ParameterizedTestTest = {fLog:@f$2<span class='color_orange'>rearrange:446</span>}<span class='color_orange'>rearrange:446</span>:org.junit.tests.running.classes.ParameterizedTestTest( sub )</span>; <span class='color_red'>this = @f$1<span class='color_orange'>formal</span>:org.junit.tests.running.classes.ParameterizedTestTest*( sub )</span>  ]</span>
  .... Instructions: ....
  <span class='color_green'>NULLIFY(&amp;result); [line 452];
  NULLIFY(&amp;$irvar3); [line 452];
  NULLIFY(&amp;failures); [line 452];
  NULLIFY(&amp;$irvar5); [line 452];
  NULLIFY(&amp;$irvar4); [line 452];
  NULLIFY(&amp;$irvar7); [line 452];
  NULLIFY(&amp;$irvar6); [line 452];
  NULLIFY(&amp;$irvar0); [line 452];
  NULLIFY(&amp;$irvar1); [line 452];
  NULLIFY(&amp;$irvar2); [line 452];
  EXIT_SCOPE(result,$irvar3,failures,$irvar5,$irvar4,$irvar7,$irvar6,$irvar0,$irvar1,$irvar2); [line 452];
  APPLY_ABSTRACTION; [line 452];
  </span>
  
  Processing prop 1/1
    Instruction <span class='color_green'>NULLIFY(&amp;result); [line 452]</span>
    in vpath_find exp:_t$0
    vpath_find: cannot find _t$0
    in vpath_find exp:_t$10
    vpath_find: cannot find _t$10
    .... Prop with garbage in normal part ....
      PROP:
      <span class='color_blue'>_t$9 != 1; MEMne &lt; void Assert.assertEquals(long,long):448 &gt; <span class='color_orange'>{vpath: }</span>(_t$0); MEMna &lt; new[]:447 &gt; <span class='color_orange'>{vpath: }</span>(_t$10); UND &lt; Result JUnitCore.runClasses(Computer,Class[]) &gt; :53(_t$1); UND &lt; int CopyOnWriteArrayList.size() &gt; :68(_t$9); RET &lt; int Result.getFailureCount() &gt; (_t$9) ;
      result = 0<span class='color_orange'>nullify</span>:org.junit.runner.Result*; $irvar3 = _t$2<span class='color_orange'>initial</span>:void; failures = _t$3<span class='color_orange'>initial</span>:java.util.List*; $irvar5 = _t$4<span class='color_orange'>initial</span>:void; $irvar4 = _t$5<span class='color_orange'>initial</span>:void; $irvar7 = _t$6<span class='color_orange'>initial</span>:void; $irvar6 = _t$7<span class='color_orange'>initial</span>:void; $irvar0 = 0<span class='color_orange'>nullify</span>:void; return = EXN _t$0<span class='color_orange'>update:448</span>:void; $irvar1 = 0<span class='color_orange'>nullify</span>:void; #GB<>$org.junit.tests.running.classes.ParameterizedTestTest = {fLog:""<span class='color_orange'>update:446</span>}<span class='color_orange'>rearrange:446</span>:org.junit.tests.running.classes.ParameterizedTestTest( sub ); $irvar2 = _t$8<span class='color_orange'>initial</span>:void; this = @f$1<span class='color_orange'>formal</span>:org.junit.tests.running.classes.ParameterizedTestTest*( sub ); old_this = @f$1<span class='color_orange'>formal</span>:org.junit.tests.running.classes.ParameterizedTestTest*( sub ) ;
      _t$1|->{failures:@f$0<span class='color_orange'>formal(z)</span>}<span class='color_orange'>formal(z)</span>:org.junit.runner.Result( sub ); _t$0|->{}<span class='color_orange'>alloc</span>:java.lang.AssertionError; @f$0|->{}<span class='color_orange'>formal(z)</span>:java.util.concurrent.CopyOnWriteArrayList( sub )
      [footprint
         #GB<>$org.junit.tests.running.classes.ParameterizedTestTest = {fLog:@f$2<span class='color_orange'>rearrange:446</span>}<span class='color_orange'>rearrange:446</span>:org.junit.tests.running.classes.ParameterizedTestTest( sub ); this = @f$1<span class='color_orange'>formal</span>:org.junit.tests.running.classes.ParameterizedTestTest*( sub )  ]</span>
      PREDICATE:
      _t$1|->{failures:@f$0<span class='color_orange'>formal(z)</span>}<span class='color_orange'>formal(z)</span>:org.junit.runner.Result( sub )
      UNDEF
      explain_leak: current instruction is Nullify for pvar &amp;result
    exp_lv_dexp: program var &amp;result
    .... Prop with garbage in normal part ....
      PROP:
      <span class='color_blue'>_t$9 != 1; MEMne &lt; void Assert.assertEquals(long,long):448 &gt; <span class='color_orange'>{vpath: }</span>(_t$0); MEMna &lt; new[]:447 &gt; <span class='color_orange'>{vpath: }</span>(_t$10); UND &lt; Result JUnitCore.runClasses(Computer,Class[]) &gt; :53(_t$1); UND &lt; int CopyOnWriteArrayList.size() &gt; :68(_t$9); RET &lt; int Result.getFailureCount() &gt; (_t$9) ;
      result = 0<span class='color_orange'>nullify</span>:org.junit.runner.Result*; $irvar3 = _t$2<span class='color_orange'>initial</span>:void; failures = _t$3<span class='color_orange'>initial</span>:java.util.List*; $irvar5 = _t$4<span class='color_orange'>initial</span>:void; $irvar4 = _t$5<span class='color_orange'>initial</span>:void; $irvar7 = _t$6<span class='color_orange'>initial</span>:void; $irvar6 = _t$7<span class='color_orange'>initial</span>:void; $irvar0 = 0<span class='color_orange'>nullify</span>:void; return = EXN _t$0<span class='color_orange'>update:448</span>:void; $irvar1 = 0<span class='color_orange'>nullify</span>:void; #GB<>$org.junit.tests.running.classes.ParameterizedTestTest = {fLog:""<span class='color_orange'>update:446</span>}<span class='color_orange'>rearrange:446</span>:org.junit.tests.running.classes.ParameterizedTestTest( sub ); $irvar2 = _t$8<span class='color_orange'>initial</span>:void; this = @f$1<span class='color_orange'>formal</span>:org.junit.tests.running.classes.ParameterizedTestTest*( sub ); old_this = @f$1<span class='color_orange'>formal</span>:org.junit.tests.running.classes.ParameterizedTestTest*( sub ) ;
      _t$1|->{failures:@f$0<span class='color_orange'>formal(z)</span>}<span class='color_orange'>formal(z)</span>:org.junit.runner.Result( sub ); _t$0|->{}<span class='color_orange'>alloc</span>:java.lang.AssertionError; @f$0|->{}<span class='color_orange'>formal(z)</span>:java.util.concurrent.CopyOnWriteArrayList( sub )
      [footprint
         #GB<>$org.junit.tests.running.classes.ParameterizedTestTest = {fLog:@f$2<span class='color_orange'>rearrange:446</span>}<span class='color_orange'>rearrange:446</span>:org.junit.tests.running.classes.ParameterizedTestTest( sub ); this = @f$1<span class='color_orange'>formal</span>:org.junit.tests.running.classes.ParameterizedTestTest*( sub )  ]</span>
      PREDICATE:
      @f$0|->{}<span class='color_orange'>formal(z)</span>:java.util.concurrent.CopyOnWriteArrayList( sub )
      explain_leak: case not matched in instr <span class='color_green'>NULLIFY(&amp;result); [line 452]</span>
    Instruction Returns
    PROP 1 of 1:
    <span class='color_blue'><span class='color_red'>_t$8 != 1</span>; <span class='color_blue'>MEMne &lt; void Assert.assertEquals(long,long):448 &gt; <span class='color_orange'>{vpath: }</span>(_t$0)</span>; <span class='color_blue'>MEMna &lt; new[]:447 &gt; <span class='color_orange'>{vpath: }</span>(_t$9)</span>; <span class='color_blue'>UND &lt; Result JUnitCore.runClasses(Computer,Class[]) &gt; :53(_t$10)</span>; <span class='color_red'>UND &lt; int CopyOnWriteArrayList.size() &gt; :68(_t$8)</span>; <span class='color_red'>RET &lt; int Result.getFailureCount() &gt; (_t$8)</span> ;
    <span class='color_blue'>result = <span class='color_red'>0<span class='color_orange'>nullify</span></span>:org.junit.runner.Result*</span>; <span class='color_blue'>$irvar3 = <span class='color_red'>_t$1<span class='color_orange'>initial</span></span>:void</span>; <span class='color_blue'>failures = <span class='color_red'>_t$2<span class='color_orange'>initial</span></span>:java.util.List*</span>; <span class='color_blue'>$irvar5 = <span class='color_red'>_t$3<span class='color_orange'>initial</span></span>:void</span>; <span class='color_blue'>$irvar4 = <span class='color_red'>_t$4<span class='color_orange'>initial</span></span>:void</span>; <span class='color_blue'>$irvar7 = <span class='color_red'>_t$5<span class='color_orange'>initial</span></span>:void</span>; <span class='color_blue'>$irvar6 = <span class='color_red'>_t$6<span class='color_orange'>initial</span></span>:void</span>; <span class='color_blue'>$irvar0 = 0<span class='color_orange'>nullify</span>:void</span>; <span class='color_blue'>return = EXN _t$0<span class='color_orange'>update:448</span>:void</span>; <span class='color_blue'>$irvar1 = 0<span class='color_orange'>nullify</span>:void</span>; <span class='color_blue'>#GB<>$org.junit.tests.running.classes.ParameterizedTestTest = {fLog:""<span class='color_orange'>update:446</span>}<span class='color_orange'>rearrange:446</span>:org.junit.tests.running.classes.ParameterizedTestTest( sub )</span>; <span class='color_blue'>$irvar2 = <span class='color_red'>_t$7<span class='color_orange'>initial</span></span>:void</span>; <span class='color_blue'>this = <span class='color_red'>@f$0<span class='color_orange'>formal</span></span>:org.junit.tests.running.classes.ParameterizedTestTest*( sub )</span>; <span class='color_blue'>old_this = <span class='color_red'>@f$0<span class='color_orange'>formal</span></span>:org.junit.tests.running.classes.ParameterizedTestTest*( sub )</span> ;
    <span class='color_blue'>_t$0|->{}<span class='color_orange'>alloc</span>:java.lang.AssertionError</span>
    [footprint
       <span class='color_blue'>#GB<>$org.junit.tests.running.classes.ParameterizedTestTest = {fLog:<span class='color_red'>@f$1<span class='color_orange'>rearrange:446</span></span>}<span class='color_orange'>rearrange:446</span>:org.junit.tests.running.classes.ParameterizedTestTest( sub )</span>; <span class='color_blue'>this = <span class='color_red'>@f$0<span class='color_orange'>formal</span></span>:org.junit.tests.running.classes.ParameterizedTestTest*( sub )</span>  ]</span>
    
    Instruction <span class='color_green'>NULLIFY(&amp;$irvar3); [line 452]</span>
    in vpath_find exp:_t$0
    vpath_find: cannot find _t$0
    in vpath_find exp:_t$9
    vpath_find: cannot find _t$9
    Instruction Returns
    PROP 1 of 1:
    <span class='color_blue'><span class='color_red'>_t$7 != 1</span>; <span class='color_blue'>MEMne &lt; void Assert.assertEquals(long,long):448 &gt; <span class='color_orange'>{vpath: }</span>(_t$0)</span>; <span class='color_blue'>MEMna &lt; new[]:447 &gt; <span class='color_orange'>{vpath: }</span>(_t$8)</span>; <span class='color_blue'>UND &lt; Result JUnitCore.runClasses(Computer,Class[]) &gt; :53(_t$9)</span>; <span class='color_red'>UND &lt; int CopyOnWriteArrayList.size() &gt; :68(_t$7)</span>; <span class='color_red'>RET &lt; int Result.getFailureCount() &gt; (_t$7)</span> ;
    <span class='color_blue'>result = 0<span class='color_orange'>nullify</span>:org.junit.runner.Result*</span>; <span class='color_blue'>$irvar3 = <span class='color_red'>0<span class='color_orange'>nullify</span></span>:void</span>; <span class='color_blue'>failures = <span class='color_red'>_t$1<span class='color_orange'>initial</span></span>:java.util.List*</span>; <span class='color_blue'>$irvar5 = <span class='color_red'>_t$2<span class='color_orange'>initial</span></span>:void</span>; <span class='color_blue'>$irvar4 = <span class='color_red'>_t$3<span class='color_orange'>initial</span></span>:void</span>; <span class='color_blue'>$irvar7 = <span class='color_red'>_t$4<span class='color_orange'>initial</span></span>:void</span>; <span class='color_blue'>$irvar6 = <span class='color_red'>_t$5<span class='color_orange'>initial</span></span>:void</span>; <span class='color_blue'>$irvar0 = 0<span class='color_orange'>nullify</span>:void</span>; <span class='color_blue'>return = EXN _t$0<span class='color_orange'>update:448</span>:void</span>; <span class='color_blue'>$irvar1 = 0<span class='color_orange'>nullify</span>:void</span>; <span class='color_blue'>#GB<>$org.junit.tests.running.classes.ParameterizedTestTest = {fLog:""<span class='color_orange'>update:446</span>}<span class='color_orange'>rearrange:446</span>:org.junit.tests.running.classes.ParameterizedTestTest( sub )</span>; <span class='color_blue'>$irvar2 = <span class='color_red'>_t$6<span class='color_orange'>initial</span></span>:void</span>; <span class='color_blue'>this = @f$0<span class='color_orange'>formal</span>:org.junit.tests.running.classes.ParameterizedTestTest*( sub )</span>; <span class='color_blue'>old_this = @f$0<span class='color_orange'>formal</span>:org.junit.tests.running.classes.ParameterizedTestTest*( sub )</span> ;
    <span class='color_blue'>_t$0|->{}<span class='color_orange'>alloc</span>:java.lang.AssertionError</span>
    [footprint
       <span class='color_blue'>#GB<>$org.junit.tests.running.classes.ParameterizedTestTest = {fLog:@f$1<span class='color_orange'>rearrange:446</span>}<span class='color_orange'>rearrange:446</span>:org.junit.tests.running.classes.ParameterizedTestTest( sub )</span>; <span class='color_blue'>this = @f$0<span class='color_orange'>formal</span>:org.junit.tests.running.classes.ParameterizedTestTest*( sub )</span>  ]</span>
    
    Instruction <span class='color_green'>NULLIFY(&amp;failures); [line 452]</span>
    in vpath_find exp:_t$0
    vpath_find: cannot find _t$0
    in vpath_find exp:_t$8
    vpath_find: cannot find _t$8
    Instruction Returns
    PROP 1 of 1:
    <span class='color_blue'><span class='color_red'>_t$6 != 1</span>; <span class='color_blue'>MEMne &lt; void Assert.assertEquals(long,long):448 &gt; <span class='color_orange'>{vpath: }</span>(_t$0)</span>; <span class='color_blue'>MEMna &lt; new[]:447 &gt; <span class='color_orange'>{vpath: }</span>(_t$7)</span>; <span class='color_blue'>UND &lt; Result JUnitCore.runClasses(Computer,Class[]) &gt; :53(_t$8)</span>; <span class='color_red'>UND &lt; int CopyOnWriteArrayList.size() &gt; :68(_t$6)</span>; <span class='color_red'>RET &lt; int Result.getFailureCount() &gt; (_t$6)</span> ;
    <span class='color_blue'>result = 0<span class='color_orange'>nullify</span>:org.junit.runner.Result*</span>; <span class='color_blue'>$irvar3 = 0<span class='color_orange'>nullify</span>:void</span>; <span class='color_blue'>failures = <span class='color_red'>0<span class='color_orange'>nullify</span></span>:java.util.List*</span>; <span class='color_blue'>$irvar5 = <span class='color_red'>_t$1<span class='color_orange'>initial</span></span>:void</span>; <span class='color_blue'>$irvar4 = <span class='color_red'>_t$2<span class='color_orange'>initial</span></span>:void</span>; <span class='color_blue'>$irvar7 = <span class='color_red'>_t$3<span class='color_orange'>initial</span></span>:void</span>; <span class='color_blue'>$irvar6 = <span class='color_red'>_t$4<span class='color_orange'>initial</span></span>:void</span>; <span class='color_blue'>$irvar0 = 0<span class='color_orange'>nullify</span>:void</span>; <span class='color_blue'>return = EXN _t$0<span class='color_orange'>update:448</span>:void</span>; <span class='color_blue'>$irvar1 = 0<span class='color_orange'>nullify</span>:void</span>; <span class='color_blue'>#GB<>$org.junit.tests.running.classes.ParameterizedTestTest = {fLog:""<span class='color_orange'>update:446</span>}<span class='color_orange'>rearrange:446</span>:org.junit.tests.running.classes.ParameterizedTestTest( sub )</span>; <span class='color_blue'>$irvar2 = <span class='color_red'>_t$5<span class='color_orange'>initial</span></span>:void</span>; <span class='color_blue'>this = @f$0<span class='color_orange'>formal</span>:org.junit.tests.running.classes.ParameterizedTestTest*( sub )</span>; <span class='color_blue'>old_this = @f$0<span class='color_orange'>formal</span>:org.junit.tests.running.classes.ParameterizedTestTest*( sub )</span> ;
    <span class='color_blue'>_t$0|->{}<span class='color_orange'>alloc</span>:java.lang.AssertionError</span>
    [footprint
       <span class='color_blue'>#GB<>$org.junit.tests.running.classes.ParameterizedTestTest = {fLog:@f$1<span class='color_orange'>rearrange:446</span>}<span class='color_orange'>rearrange:446</span>:org.junit.tests.running.classes.ParameterizedTestTest( sub )</span>; <span class='color_blue'>this = @f$0<span class='color_orange'>formal</span>:org.junit.tests.running.classes.ParameterizedTestTest*( sub )</span>  ]</span>
    
    Instruction <span class='color_green'>NULLIFY(&amp;$irvar5); [line 452]</span>
    in vpath_find exp:_t$0
    vpath_find: cannot find _t$0
    in vpath_find exp:_t$7
    vpath_find: cannot find _t$7
    Instruction Returns
    PROP 1 of 1:
    <span class='color_blue'><span class='color_red'>_t$5 != 1</span>; <span class='color_blue'>MEMne &lt; void Assert.assertEquals(long,long):448 &gt; <span class='color_orange'>{vpath: }</span>(_t$0)</span>; <span class='color_blue'>MEMna &lt; new[]:447 &gt; <span class='color_orange'>{vpath: }</span>(_t$6)</span>; <span class='color_blue'>UND &lt; Result JUnitCore.runClasses(Computer,Class[]) &gt; :53(_t$7)</span>; <span class='color_red'>UND &lt; int CopyOnWriteArrayList.size() &gt; :68(_t$5)</span>; <span class='color_red'>RET &lt; int Result.getFailureCount() &gt; (_t$5)</span> ;
    <span class='color_blue'>result = 0<span class='color_orange'>nullify</span>:org.junit.runner.Result*</span>; <span class='color_blue'>$irvar3 = 0<span class='color_orange'>nullify</span>:void</span>; <span class='color_blue'>failures = 0<span class='color_orange'>nullify</span>:java.util.List*</span>; <span class='color_blue'>$irvar5 = <span class='color_red'>0<span class='color_orange'>nullify</span></span>:void</span>; <span class='color_blue'>$irvar4 = <span class='color_red'>_t$1<span class='color_orange'>initial</span></span>:void</span>; <span class='color_blue'>$irvar7 = <span class='color_red'>_t$2<span class='color_orange'>initial</span></span>:void</span>; <span class='color_blue'>$irvar6 = <span class='color_red'>_t$3<span class='color_orange'>initial</span></span>:void</span>; <span class='color_blue'>$irvar0 = 0<span class='color_orange'>nullify</span>:void</span>; <span class='color_blue'>return = EXN _t$0<span class='color_orange'>update:448</span>:void</span>; <span class='color_blue'>$irvar1 = 0<span class='color_orange'>nullify</span>:void</span>; <span class='color_blue'>#GB<>$org.junit.tests.running.classes.ParameterizedTestTest = {fLog:""<span class='color_orange'>update:446</span>}<span class='color_orange'>rearrange:446</span>:org.junit.tests.running.classes.ParameterizedTestTest( sub )</span>; <span class='color_blue'>$irvar2 = <span class='color_red'>_t$4<span class='color_orange'>initial</span></span>:void</span>; <span class='color_blue'>this = @f$0<span class='color_orange'>formal</span>:org.junit.tests.running.classes.ParameterizedTestTest*( sub )</span>; <span class='color_blue'>old_this = @f$0<span class='color_orange'>formal</span>:org.junit.tests.running.classes.ParameterizedTestTest*( sub )</span> ;
    <span class='color_blue'>_t$0|->{}<span class='color_orange'>alloc</span>:java.lang.AssertionError</span>
    [footprint
       <span class='color_blue'>#GB<>$org.junit.tests.running.classes.ParameterizedTestTest = {fLog:@f$1<span class='color_orange'>rearrange:446</span>}<span class='color_orange'>rearrange:446</span>:org.junit.tests.running.classes.ParameterizedTestTest( sub )</span>; <span class='color_blue'>this = @f$0<span class='color_orange'>formal</span>:org.junit.tests.running.classes.ParameterizedTestTest*( sub )</span>  ]</span>
    
    Instruction <span class='color_green'>NULLIFY(&amp;$irvar4); [line 452]</span>
    in vpath_find exp:_t$0
    vpath_find: cannot find _t$0
    in vpath_find exp:_t$6
    vpath_find: cannot find _t$6
    Instruction Returns
    PROP 1 of 1:
    <span class='color_blue'><span class='color_red'>_t$4 != 1</span>; <span class='color_blue'>MEMne &lt; void Assert.assertEquals(long,long):448 &gt; <span class='color_orange'>{vpath: }</span>(_t$0)</span>; <span class='color_blue'>MEMna &lt; new[]:447 &gt; <span class='color_orange'>{vpath: }</span>(_t$5)</span>; <span class='color_blue'>UND &lt; Result JUnitCore.runClasses(Computer,Class[]) &gt; :53(_t$6)</span>; <span class='color_red'>UND &lt; int CopyOnWriteArrayList.size() &gt; :68(_t$4)</span>; <span class='color_red'>RET &lt; int Result.getFailureCount() &gt; (_t$4)</span> ;
    <span class='color_blue'>result = 0<span class='color_orange'>nullify</span>:org.junit.runner.Result*</span>; <span class='color_blue'>$irvar3 = 0<span class='color_orange'>nullify</span>:void</span>; <span class='color_blue'>failures = 0<span class='color_orange'>nullify</span>:java.util.List*</span>; <span class='color_blue'>$irvar5 = 0<span class='color_orange'>nullify</span>:void</span>; <span class='color_blue'>$irvar4 = <span class='color_red'>0<span class='color_orange'>nullify</span></span>:void</span>; <span class='color_blue'>$irvar7 = <span class='color_red'>_t$1<span class='color_orange'>initial</span></span>:void</span>; <span class='color_blue'>$irvar6 = <span class='color_red'>_t$2<span class='color_orange'>initial</span></span>:void</span>; <span class='color_blue'>$irvar0 = 0<span class='color_orange'>nullify</span>:void</span>; <span class='color_blue'>return = EXN _t$0<span class='color_orange'>update:448</span>:void</span>; <span class='color_blue'>$irvar1 = 0<span class='color_orange'>nullify</span>:void</span>; <span class='color_blue'>#GB<>$org.junit.tests.running.classes.ParameterizedTestTest = {fLog:""<span class='color_orange'>update:446</span>}<span class='color_orange'>rearrange:446</span>:org.junit.tests.running.classes.ParameterizedTestTest( sub )</span>; <span class='color_blue'>$irvar2 = <span class='color_red'>_t$3<span class='color_orange'>initial</span></span>:void</span>; <span class='color_blue'>this = @f$0<span class='color_orange'>formal</span>:org.junit.tests.running.classes.ParameterizedTestTest*( sub )</span>; <span class='color_blue'>old_this = @f$0<span class='color_orange'>formal</span>:org.junit.tests.running.classes.ParameterizedTestTest*( sub )</span> ;
    <span class='color_blue'>_t$0|->{}<span class='color_orange'>alloc</span>:java.lang.AssertionError</span>
    [footprint
       <span class='color_blue'>#GB<>$org.junit.tests.running.classes.ParameterizedTestTest = {fLog:@f$1<span class='color_orange'>rearrange:446</span>}<span class='color_orange'>rearrange:446</span>:org.junit.tests.running.classes.ParameterizedTestTest( sub )</span>; <span class='color_blue'>this = @f$0<span class='color_orange'>formal</span>:org.junit.tests.running.classes.ParameterizedTestTest*( sub )</span>  ]</span>
    
    Instruction <span class='color_green'>NULLIFY(&amp;$irvar7); [line 452]</span>
    in vpath_find exp:_t$0
    vpath_find: cannot find _t$0
    in vpath_find exp:_t$5
    vpath_find: cannot find _t$5
    Instruction Returns
    PROP 1 of 1:
    <span class='color_blue'><span class='color_red'>_t$3 != 1</span>; <span class='color_blue'>MEMne &lt; void Assert.assertEquals(long,long):448 &gt; <span class='color_orange'>{vpath: }</span>(_t$0)</span>; <span class='color_blue'>MEMna &lt; new[]:447 &gt; <span class='color_orange'>{vpath: }</span>(_t$4)</span>; <span class='color_blue'>UND &lt; Result JUnitCore.runClasses(Computer,Class[]) &gt; :53(_t$5)</span>; <span class='color_red'>UND &lt; int CopyOnWriteArrayList.size() &gt; :68(_t$3)</span>; <span class='color_red'>RET &lt; int Result.getFailureCount() &gt; (_t$3)</span> ;
    <span class='color_blue'>result = 0<span class='color_orange'>nullify</span>:org.junit.runner.Result*</span>; <span class='color_blue'>$irvar3 = 0<span class='color_orange'>nullify</span>:void</span>; <span class='color_blue'>failures = 0<span class='color_orange'>nullify</span>:java.util.List*</span>; <span class='color_blue'>$irvar5 = 0<span class='color_orange'>nullify</span>:void</span>; <span class='color_blue'>$irvar4 = 0<span class='color_orange'>nullify</span>:void</span>; <span class='color_blue'>$irvar7 = <span class='color_red'>0<span class='color_orange'>nullify</span></span>:void</span>; <span class='color_blue'>$irvar6 = <span class='color_red'>_t$1<span class='color_orange'>initial</span></span>:void</span>; <span class='color_blue'>$irvar0 = 0<span class='color_orange'>nullify</span>:void</span>; <span class='color_blue'>return = EXN _t$0<span class='color_orange'>update:448</span>:void</span>; <span class='color_blue'>$irvar1 = 0<span class='color_orange'>nullify</span>:void</span>; <span class='color_blue'>#GB<>$org.junit.tests.running.classes.ParameterizedTestTest = {fLog:""<span class='color_orange'>update:446</span>}<span class='color_orange'>rearrange:446</span>:org.junit.tests.running.classes.ParameterizedTestTest( sub )</span>; <span class='color_blue'>$irvar2 = <span class='color_red'>_t$2<span class='color_orange'>initial</span></span>:void</span>; <span class='color_blue'>this = @f$0<span class='color_orange'>formal</span>:org.junit.tests.running.classes.ParameterizedTestTest*( sub )</span>; <span class='color_blue'>old_this = @f$0<span class='color_orange'>formal</span>:org.junit.tests.running.classes.ParameterizedTestTest*( sub )</span> ;
    <span class='color_blue'>_t$0|->{}<span class='color_orange'>alloc</span>:java.lang.AssertionError</span>
    [footprint
       <span class='color_blue'>#GB<>$org.junit.tests.running.classes.ParameterizedTestTest = {fLog:@f$1<span class='color_orange'>rearrange:446</span>}<span class='color_orange'>rearrange:446</span>:org.junit.tests.running.classes.ParameterizedTestTest( sub )</span>; <span class='color_blue'>this = @f$0<span class='color_orange'>formal</span>:org.junit.tests.running.classes.ParameterizedTestTest*( sub )</span>  ]</span>
    
    Instruction <span class='color_green'>NULLIFY(&amp;$irvar6); [line 452]</span>
    in vpath_find exp:_t$0
    vpath_find: cannot find _t$0
    in vpath_find exp:_t$4
    vpath_find: cannot find _t$4
    Instruction Returns
    PROP 1 of 1:
    <span class='color_blue'><span class='color_red'>_t$2 != 1</span>; <span class='color_blue'>MEMne &lt; void Assert.assertEquals(long,long):448 &gt; <span class='color_orange'>{vpath: }</span>(_t$0)</span>; <span class='color_blue'>MEMna &lt; new[]:447 &gt; <span class='color_orange'>{vpath: }</span>(_t$3)</span>; <span class='color_blue'>UND &lt; Result JUnitCore.runClasses(Computer,Class[]) &gt; :53(_t$4)</span>; <span class='color_red'>UND &lt; int CopyOnWriteArrayList.size() &gt; :68(_t$2)</span>; <span class='color_red'>RET &lt; int Result.getFailureCount() &gt; (_t$2)</span> ;
    <span class='color_blue'>result = 0<span class='color_orange'>nullify</span>:org.junit.runner.Result*</span>; <span class='color_blue'>$irvar3 = 0<span class='color_orange'>nullify</span>:void</span>; <span class='color_blue'>failures = 0<span class='color_orange'>nullify</span>:java.util.List*</span>; <span class='color_blue'>$irvar5 = 0<span class='color_orange'>nullify</span>:void</span>; <span class='color_blue'>$irvar4 = 0<span class='color_orange'>nullify</span>:void</span>; <span class='color_blue'>$irvar7 = 0<span class='color_orange'>nullify</span>:void</span>; <span class='color_blue'>$irvar6 = <span class='color_red'>0<span class='color_orange'>nullify</span></span>:void</span>; <span class='color_blue'>$irvar0 = 0<span class='color_orange'>nullify</span>:void</span>; <span class='color_blue'>return = EXN _t$0<span class='color_orange'>update:448</span>:void</span>; <span class='color_blue'>$irvar1 = 0<span class='color_orange'>nullify</span>:void</span>; <span class='color_blue'>#GB<>$org.junit.tests.running.classes.ParameterizedTestTest = {fLog:""<span class='color_orange'>update:446</span>}<span class='color_orange'>rearrange:446</span>:org.junit.tests.running.classes.ParameterizedTestTest( sub )</span>; <span class='color_blue'>$irvar2 = <span class='color_red'>_t$1<span class='color_orange'>initial</span></span>:void</span>; <span class='color_blue'>this = @f$0<span class='color_orange'>formal</span>:org.junit.tests.running.classes.ParameterizedTestTest*( sub )</span>; <span class='color_blue'>old_this = @f$0<span class='color_orange'>formal</span>:org.junit.tests.running.classes.ParameterizedTestTest*( sub )</span> ;
    <span class='color_blue'>_t$0|->{}<span class='color_orange'>alloc</span>:java.lang.AssertionError</span>
    [footprint
       <span class='color_blue'>#GB<>$org.junit.tests.running.classes.ParameterizedTestTest = {fLog:@f$1<span class='color_orange'>rearrange:446</span>}<span class='color_orange'>rearrange:446</span>:org.junit.tests.running.classes.ParameterizedTestTest( sub )</span>; <span class='color_blue'>this = @f$0<span class='color_orange'>formal</span>:org.junit.tests.running.classes.ParameterizedTestTest*( sub )</span>  ]</span>
    
    Instruction <span class='color_green'>NULLIFY(&amp;$irvar0); [line 452]</span>
    in vpath_find exp:_t$0
    vpath_find: cannot find _t$0
    in vpath_find exp:_t$3
    vpath_find: cannot find _t$3
    Instruction Returns
    PROP 1 of 1:
    <span class='color_blue'><span class='color_blue'>_t$2 != 1</span>; <span class='color_blue'>MEMne &lt; void Assert.assertEquals(long,long):448 &gt; <span class='color_orange'>{vpath: }</span>(_t$0)</span>; <span class='color_blue'>MEMna &lt; new[]:447 &gt; <span class='color_orange'>{vpath: }</span>(_t$3)</span>; <span class='color_blue'>UND &lt; Result JUnitCore.runClasses(Computer,Class[]) &gt; :53(_t$4)</span>; <span class='color_blue'>UND &lt; int CopyOnWriteArrayList.size() &gt; :68(_t$2)</span>; <span class='color_blue'>RET &lt; int Result.getFailureCount() &gt; (_t$2)</span> ;
    <span class='color_blue'>result = 0<span class='color_orange'>nullify</span>:org.junit.runner.Result*</span>; <span class='color_blue'>$irvar3 = 0<span class='color_orange'>nullify</span>:void</span>; <span class='color_blue'>failures = 0<span class='color_orange'>nullify</span>:java.util.List*</span>; <span class='color_blue'>$irvar5 = 0<span class='color_orange'>nullify</span>:void</span>; <span class='color_blue'>$irvar4 = 0<span class='color_orange'>nullify</span>:void</span>; <span class='color_blue'>$irvar7 = 0<span class='color_orange'>nullify</span>:void</span>; <span class='color_blue'>$irvar6 = 0<span class='color_orange'>nullify</span>:void</span>; <span class='color_blue'>$irvar0 = 0<span class='color_orange'>nullify</span>:void</span>; <span class='color_blue'>return = EXN _t$0<span class='color_orange'>update:448</span>:void</span>; <span class='color_blue'>$irvar1 = 0<span class='color_orange'>nullify</span>:void</span>; <span class='color_blue'>#GB<>$org.junit.tests.running.classes.ParameterizedTestTest = {fLog:""<span class='color_orange'>update:446</span>}<span class='color_orange'>rearrange:446</span>:org.junit.tests.running.classes.ParameterizedTestTest( sub )</span>; <span class='color_blue'>$irvar2 = _t$1<span class='color_orange'>initial</span>:void</span>; <span class='color_blue'>this = @f$0<span class='color_orange'>formal</span>:org.junit.tests.running.classes.ParameterizedTestTest*( sub )</span>; <span class='color_blue'>old_this = @f$0<span class='color_orange'>formal</span>:org.junit.tests.running.classes.ParameterizedTestTest*( sub )</span> ;
    <span class='color_blue'>_t$0|->{}<span class='color_orange'>alloc</span>:java.lang.AssertionError</span>
    [footprint
       <span class='color_blue'>#GB<>$org.junit.tests.running.classes.ParameterizedTestTest = {fLog:@f$1<span class='color_orange'>rearrange:446</span>}<span class='color_orange'>rearrange:446</span>:org.junit.tests.running.classes.ParameterizedTestTest( sub )</span>; <span class='color_blue'>this = @f$0<span class='color_orange'>formal</span>:org.junit.tests.running.classes.ParameterizedTestTest*( sub )</span>  ]</span>
    
    Instruction <span class='color_green'>NULLIFY(&amp;$irvar1); [line 452]</span>
    in vpath_find exp:_t$0
    vpath_find: cannot find _t$0
    in vpath_find exp:_t$3
    vpath_find: cannot find _t$3
    Instruction Returns
    PROP 1 of 1:
    <span class='color_blue'><span class='color_blue'>_t$2 != 1</span>; <span class='color_blue'>MEMne &lt; void Assert.assertEquals(long,long):448 &gt; <span class='color_orange'>{vpath: }</span>(_t$0)</span>; <span class='color_blue'>MEMna &lt; new[]:447 &gt; <span class='color_orange'>{vpath: }</span>(_t$3)</span>; <span class='color_blue'>UND &lt; Result JUnitCore.runClasses(Computer,Class[]) &gt; :53(_t$4)</span>; <span class='color_blue'>UND &lt; int CopyOnWriteArrayList.size() &gt; :68(_t$2)</span>; <span class='color_blue'>RET &lt; int Result.getFailureCount() &gt; (_t$2)</span> ;
    <span class='color_blue'>result = 0<span class='color_orange'>nullify</span>:org.junit.runner.Result*</span>; <span class='color_blue'>$irvar3 = 0<span class='color_orange'>nullify</span>:void</span>; <span class='color_blue'>failures = 0<span class='color_orange'>nullify</span>:java.util.List*</span>; <span class='color_blue'>$irvar5 = 0<span class='color_orange'>nullify</span>:void</span>; <span class='color_blue'>$irvar4 = 0<span class='color_orange'>nullify</span>:void</span>; <span class='color_blue'>$irvar7 = 0<span class='color_orange'>nullify</span>:void</span>; <span class='color_blue'>$irvar6 = 0<span class='color_orange'>nullify</span>:void</span>; <span class='color_blue'>$irvar0 = 0<span class='color_orange'>nullify</span>:void</span>; <span class='color_blue'>return = EXN _t$0<span class='color_orange'>update:448</span>:void</span>; <span class='color_blue'>$irvar1 = 0<span class='color_orange'>nullify</span>:void</span>; <span class='color_blue'>#GB<>$org.junit.tests.running.classes.ParameterizedTestTest = {fLog:""<span class='color_orange'>update:446</span>}<span class='color_orange'>rearrange:446</span>:org.junit.tests.running.classes.ParameterizedTestTest( sub )</span>; <span class='color_blue'>$irvar2 = _t$1<span class='color_orange'>initial</span>:void</span>; <span class='color_blue'>this = @f$0<span class='color_orange'>formal</span>:org.junit.tests.running.classes.ParameterizedTestTest*( sub )</span>; <span class='color_blue'>old_this = @f$0<span class='color_orange'>formal</span>:org.junit.tests.running.classes.ParameterizedTestTest*( sub )</span> ;
    <span class='color_blue'>_t$0|->{}<span class='color_orange'>alloc</span>:java.lang.AssertionError</span>
    [footprint
       <span class='color_blue'>#GB<>$org.junit.tests.running.classes.ParameterizedTestTest = {fLog:@f$1<span class='color_orange'>rearrange:446</span>}<span class='color_orange'>rearrange:446</span>:org.junit.tests.running.classes.ParameterizedTestTest( sub )</span>; <span class='color_blue'>this = @f$0<span class='color_orange'>formal</span>:org.junit.tests.running.classes.ParameterizedTestTest*( sub )</span>  ]</span>
    
    Instruction <span class='color_green'>NULLIFY(&amp;$irvar2); [line 452]</span>
    in vpath_find exp:_t$0
    vpath_find: cannot find _t$0
    in vpath_find exp:_t$3
    vpath_find: cannot find _t$3
    Instruction Returns
    PROP 1 of 1:
    <span class='color_blue'><span class='color_red'>_t$1 != 1</span>; <span class='color_blue'>MEMne &lt; void Assert.assertEquals(long,long):448 &gt; <span class='color_orange'>{vpath: }</span>(_t$0)</span>; <span class='color_blue'>MEMna &lt; new[]:447 &gt; <span class='color_orange'>{vpath: }</span>(_t$2)</span>; <span class='color_blue'>UND &lt; Result JUnitCore.runClasses(Computer,Class[]) &gt; :53(_t$3)</span>; <span class='color_red'>UND &lt; int CopyOnWriteArrayList.size() &gt; :68(_t$1)</span>; <span class='color_red'>RET &lt; int Result.getFailureCount() &gt; (_t$1)</span> ;
    <span class='color_blue'>result = 0<span class='color_orange'>nullify</span>:org.junit.runner.Result*</span>; <span class='color_blue'>$irvar3 = 0<span class='color_orange'>nullify</span>:void</span>; <span class='color_blue'>failures = 0<span class='color_orange'>nullify</span>:java.util.List*</span>; <span class='color_blue'>$irvar5 = 0<span class='color_orange'>nullify</span>:void</span>; <span class='color_blue'>$irvar4 = 0<span class='color_orange'>nullify</span>:void</span>; <span class='color_blue'>$irvar7 = 0<span class='color_orange'>nullify</span>:void</span>; <span class='color_blue'>$irvar6 = 0<span class='color_orange'>nullify</span>:void</span>; <span class='color_blue'>$irvar0 = 0<span class='color_orange'>nullify</span>:void</span>; <span class='color_blue'>return = EXN _t$0<span class='color_orange'>update:448</span>:void</span>; <span class='color_blue'>$irvar1 = 0<span class='color_orange'>nullify</span>:void</span>; <span class='color_blue'>#GB<>$org.junit.tests.running.classes.ParameterizedTestTest = {fLog:""<span class='color_orange'>update:446</span>}<span class='color_orange'>rearrange:446</span>:org.junit.tests.running.classes.ParameterizedTestTest( sub )</span>; <span class='color_blue'>$irvar2 = <span class='color_red'>0<span class='color_orange'>nullify</span></span>:void</span>; <span class='color_blue'>this = @f$0<span class='color_orange'>formal</span>:org.junit.tests.running.classes.ParameterizedTestTest*( sub )</span>; <span class='color_blue'>old_this = @f$0<span class='color_orange'>formal</span>:org.junit.tests.running.classes.ParameterizedTestTest*( sub )</span> ;
    <span class='color_blue'>_t$0|->{}<span class='color_orange'>alloc</span>:java.lang.AssertionError</span>
    [footprint
       <span class='color_blue'>#GB<>$org.junit.tests.running.classes.ParameterizedTestTest = {fLog:@f$1<span class='color_orange'>rearrange:446</span>}<span class='color_orange'>rearrange:446</span>:org.junit.tests.running.classes.ParameterizedTestTest( sub )</span>; <span class='color_blue'>this = @f$0<span class='color_orange'>formal</span>:org.junit.tests.running.classes.ParameterizedTestTest*( sub )</span>  ]</span>
    
    Instruction <span class='color_green'>EXIT_SCOPE(result,$irvar3,failures,$irvar5,$irvar4,$irvar7,$irvar6,$irvar0,$irvar1,$irvar2); [line 452]</span>
    in vpath_find exp:_t$0
    vpath_find: cannot find _t$0
    in vpath_find exp:_t$2
    vpath_find: cannot find _t$2
    Instruction Returns
    PROP 1 of 1:
    <span class='color_blue'><span class='color_blue'>_t$1 != 1</span>; <span class='color_blue'>MEMne &lt; void Assert.assertEquals(long,long):448 &gt; <span class='color_orange'>{vpath: }</span>(_t$0)</span>; <span class='color_blue'>MEMna &lt; new[]:447 &gt; <span class='color_orange'>{vpath: }</span>(_t$2)</span>; <span class='color_blue'>UND &lt; Result JUnitCore.runClasses(Computer,Class[]) &gt; :53(_t$3)</span>; <span class='color_blue'>UND &lt; int CopyOnWriteArrayList.size() &gt; :68(_t$1)</span>; <span class='color_blue'>RET &lt; int Result.getFailureCount() &gt; (_t$1)</span> ;
    <span class='color_blue'>result = 0<span class='color_orange'>nullify</span>:org.junit.runner.Result*</span>; <span class='color_blue'>$irvar3 = 0<span class='color_orange'>nullify</span>:void</span>; <span class='color_blue'>failures = 0<span class='color_orange'>nullify</span>:java.util.List*</span>; <span class='color_blue'>$irvar5 = 0<span class='color_orange'>nullify</span>:void</span>; <span class='color_blue'>$irvar4 = 0<span class='color_orange'>nullify</span>:void</span>; <span class='color_blue'>$irvar7 = 0<span class='color_orange'>nullify</span>:void</span>; <span class='color_blue'>$irvar6 = 0<span class='color_orange'>nullify</span>:void</span>; <span class='color_blue'>$irvar0 = 0<span class='color_orange'>nullify</span>:void</span>; <span class='color_blue'>return = EXN _t$0<span class='color_orange'>update:448</span>:void</span>; <span class='color_blue'>$irvar1 = 0<span class='color_orange'>nullify</span>:void</span>; <span class='color_blue'>#GB<>$org.junit.tests.running.classes.ParameterizedTestTest = {fLog:""<span class='color_orange'>update:446</span>}<span class='color_orange'>rearrange:446</span>:org.junit.tests.running.classes.ParameterizedTestTest( sub )</span>; <span class='color_blue'>$irvar2 = 0<span class='color_orange'>nullify</span>:void</span>; <span class='color_blue'>this = @f$0<span class='color_orange'>formal</span>:org.junit.tests.running.classes.ParameterizedTestTest*( sub )</span>; <span class='color_blue'>old_this = @f$0<span class='color_orange'>formal</span>:org.junit.tests.running.classes.ParameterizedTestTest*( sub )</span> ;
    <span class='color_blue'>_t$0|->{}<span class='color_orange'>alloc</span>:java.lang.AssertionError</span>
    [footprint
       <span class='color_blue'>#GB<>$org.junit.tests.running.classes.ParameterizedTestTest = {fLog:@f$1<span class='color_orange'>rearrange:446</span>}<span class='color_orange'>rearrange:446</span>:org.junit.tests.running.classes.ParameterizedTestTest( sub )</span>; <span class='color_blue'>this = @f$0<span class='color_orange'>formal</span>:org.junit.tests.running.classes.ParameterizedTestTest*( sub )</span>  ]</span>
    
    Instruction <span class='color_green'>APPLY_ABSTRACTION; [line 452]</span>
    in vpath_find exp:_t$0
    vpath_find: cannot find _t$0
    in vpath_find exp:_t$2
    vpath_find: cannot find _t$2
    Prover.check_inconsistency_base: inconsistency reason [None]
    Prover.check_inconsistency_base: inconsistency reason [None]
    Can't find field fLog in StrexpMatch.find
    Can't find field fLog in StrexpMatch.find
    <span class='color_blue'>MEMne &lt; void Assert.assertEquals(long,long):448 &gt; <span class='color_orange'>{vpath: }</span>(_t$0) ;
    result = 0<span class='color_orange'>nullify</span>:org.junit.runner.Result*; $irvar3 = 0<span class='color_orange'>nullify</span>:void; failures = 0<span class='color_orange'>nullify</span>:java.util.List*; $irvar5 = 0<span class='color_orange'>nullify</span>:void; $irvar4 = 0<span class='color_orange'>nullify</span>:void; $irvar7 = 0<span class='color_orange'>nullify</span>:void; $irvar6 = 0<span class='color_orange'>nullify</span>:void; $irvar0 = 0<span class='color_orange'>nullify</span>:void; return = EXN _t$0<span class='color_orange'>update:448</span>:void; $irvar1 = 0<span class='color_orange'>nullify</span>:void; #GB<>$org.junit.tests.running.classes.ParameterizedTestTest = {fLog:""<span class='color_orange'>update:446</span>}<span class='color_orange'>rearrange:446</span>:org.junit.tests.running.classes.ParameterizedTestTest( sub ); $irvar2 = 0<span class='color_orange'>nullify</span>:void; this = @f$0<span class='color_orange'>formal</span>:org.junit.tests.running.classes.ParameterizedTestTest*( sub ); old_this = @f$0<span class='color_orange'>formal</span>:org.junit.tests.running.classes.ParameterizedTestTest*( sub ) ;
    _t$0|->{}<span class='color_orange'>alloc</span>:java.lang.AssertionError
    [footprint
       #GB<>$org.junit.tests.running.classes.ParameterizedTestTest = {fLog:@f$1<span class='color_orange'>rearrange:446</span>}<span class='color_orange'>rearrange:446</span>:org.junit.tests.running.classes.ParameterizedTestTest( sub ); this = @f$0<span class='color_orange'>formal</span>:org.junit.tests.running.classes.ParameterizedTestTest*( sub )  ]</span>
    Instruction Returns
    PROP 1 of 1:
    <span class='color_blue'><span class='color_blue'>MEMne &lt; void Assert.assertEquals(long,long):448 &gt; <span class='color_orange'>{vpath: }</span>(_t$0)</span> ;
    <span class='color_blue'>result = 0<span class='color_orange'>nullify</span>:org.junit.runner.Result*</span>; <span class='color_blue'>$irvar3 = 0<span class='color_orange'>nullify</span>:void</span>; <span class='color_blue'>failures = 0<span class='color_orange'>nullify</span>:java.util.List*</span>; <span class='color_blue'>$irvar5 = 0<span class='color_orange'>nullify</span>:void</span>; <span class='color_blue'>$irvar4 = 0<span class='color_orange'>nullify</span>:void</span>; <span class='color_blue'>$irvar7 = 0<span class='color_orange'>nullify</span>:void</span>; <span class='color_blue'>$irvar6 = 0<span class='color_orange'>nullify</span>:void</span>; <span class='color_blue'>$irvar0 = 0<span class='color_orange'>nullify</span>:void</span>; <span class='color_blue'>return = EXN _t$0<span class='color_orange'>update:448</span>:void</span>; <span class='color_blue'>$irvar1 = 0<span class='color_orange'>nullify</span>:void</span>; <span class='color_blue'>#GB<>$org.junit.tests.running.classes.ParameterizedTestTest = {fLog:""<span class='color_orange'>update:446</span>}<span class='color_orange'>rearrange:446</span>:org.junit.tests.running.classes.ParameterizedTestTest( sub )</span>; <span class='color_blue'>$irvar2 = 0<span class='color_orange'>nullify</span>:void</span>; <span class='color_blue'>this = @f$0<span class='color_orange'>formal</span>:org.junit.tests.running.classes.ParameterizedTestTest*( sub )</span>; <span class='color_blue'>old_this = @f$0<span class='color_orange'>formal</span>:org.junit.tests.running.classes.ParameterizedTestTest*( sub )</span> ;
    <span class='color_blue'>_t$0|->{}<span class='color_orange'>alloc</span>:java.lang.AssertionError</span>
    [footprint
       <span class='color_blue'>#GB<>$org.junit.tests.running.classes.ParameterizedTestTest = {fLog:@f$1<span class='color_orange'>rearrange:446</span>}<span class='color_orange'>rearrange:446</span>:org.junit.tests.running.classes.ParameterizedTestTest( sub )</span>; <span class='color_blue'>this = @f$0<span class='color_orange'>formal</span>:org.junit.tests.running.classes.ParameterizedTestTest*( sub )</span>  ]</span>
    
    .... After Symbolic Execution ....
    PROP 1 of 1:
    <span class='color_blue'><span class='color_blue'>MEMne &lt; void Assert.assertEquals(long,long):448 &gt; <span class='color_orange'>{vpath: }</span>(_t$0)</span> ;
    <span class='color_blue'>result = <span class='color_red'>0<span class='color_orange'>nullify</span></span>:org.junit.runner.Result*</span>; <span class='color_blue'>$irvar3 = <span class='color_red'>0<span class='color_orange'>nullify</span></span>:void</span>; <span class='color_blue'>failures = <span class='color_red'>0<span class='color_orange'>nullify</span></span>:java.util.List*</span>; <span class='color_blue'>$irvar5 = <span class='color_red'>0<span class='color_orange'>nullify</span></span>:void</span>; <span class='color_blue'>$irvar4 = <span class='color_red'>0<span class='color_orange'>nullify</span></span>:void</span>; <span class='color_blue'>$irvar7 = <span class='color_red'>0<span class='color_orange'>nullify</span></span>:void</span>; <span class='color_blue'>$irvar6 = <span class='color_red'>0<span class='color_orange'>nullify</span></span>:void</span>; <span class='color_blue'>$irvar0 = 0<span class='color_orange'>nullify</span>:void</span>; <span class='color_blue'>return = EXN _t$0<span class='color_orange'>update:448</span>:void</span>; <span class='color_blue'>$irvar1 = 0<span class='color_orange'>nullify</span>:void</span>; <span class='color_blue'>#GB<>$org.junit.tests.running.classes.ParameterizedTestTest = {fLog:""<span class='color_orange'>update:446</span>}<span class='color_orange'>rearrange:446</span>:org.junit.tests.running.classes.ParameterizedTestTest( sub )</span>; <span class='color_blue'>$irvar2 = <span class='color_red'>0<span class='color_orange'>nullify</span></span>:void</span>; <span class='color_blue'>this = <span class='color_red'>@f$0<span class='color_orange'>formal</span></span>:org.junit.tests.running.classes.ParameterizedTestTest*( sub )</span>; <span class='color_blue'>old_this = <span class='color_red'>@f$0<span class='color_orange'>formal</span></span>:org.junit.tests.running.classes.ParameterizedTestTest*( sub )</span> ;
    <span class='color_blue'>_t$0|->{}<span class='color_orange'>alloc</span>:java.lang.AssertionError</span>
    [footprint
       <span class='color_blue'>#GB<>$org.junit.tests.running.classes.ParameterizedTestTest = {fLog:<span class='color_red'>@f$1<span class='color_orange'>rearrange:446</span></span>}<span class='color_orange'>rearrange:446</span>:org.junit.tests.running.classes.ParameterizedTestTest( sub )</span>; <span class='color_blue'>this = <span class='color_red'>@f$0<span class='color_orange'>formal</span></span>:org.junit.tests.running.classes.ParameterizedTestTest*( sub )</span>  ]</span>
    
    
    
  </LISTING>