<!DOCTYPE HTML PUBLIC "-//W3C//DTD HTML 4.01 Transitional//EN">
<html>
<head>
<title>org.junit.tests.running.classes.ParameterizedTestTest.failuresAddedForBadTestMethod():void.61929610726677c590ca74cc2451f257_node6</title>
<meta http-equiv="Content-Type" content="text/html; charset=utf-8">
<style type="text/css">
body { background-color:#fff; color:#000; font-family:Helvetica, sans-serif; font-size:10pt }
h1 { font-size:14pt }
.code { border-collapse:collapse; width:100%; font-family: "Andale Mono", monospace; font-size:10pt; line-height: 1.2em }
.color_black { color: black }
.color_blue { color: blue }
.color_green { color: green }
.color_orange { color: orange }
.color_red { color: red }
.line { border-left: 3px solid #ccc; padding-left: 1ex; white-space: pre; }
.msg { background-color:#fff8b4; color:#000; float:left; font-family:Helvetica, sans-serif; font-size: smaller; font-weight: bold; margin-bottom:10px; margin-top:10px; max-width:60em; padding:0.5em 1ex 0.5em 1ex; -webkit-border-radius:5px; -webkit-box-shadow:1px 1px 7px #000; white-space: pre-wrap; word-wrap: break-word; }
.num { background-color:#eee; color:#444; font-size: smaller; padding-right:2ex; text-align:right; width:2.5em; }
.dangling { background-color:white; color: gray; }
.visited { background-color:LemonChiffon; color: darkmagenta; }
.tooltip { display: none; background-color:#FFF0F0; border: 2px solid #F00; font-weight: normal; left:10em; padding: 2px; position: absolute; top: -1em; -webkit-border-radius:5px; -webkit-box-shadow:1px 1px 7px #000; z-index: 1}
.with_tooltip { position: relative; }
.with_tooltip:hover .tooltip, .visited:hover .tooltip { display: block; }
</style>
</head>
<body>
<center><h1>Cfg Node <a href="./../../ParameterizedTestTest.java.88da44e98279dfa32c0c7e5c52f053d0.html#LINE523">6</a></h1></center>PROC: <a href="./../org.junit.tests.running.classes.ParameterizedTestTest.failuresAddedForBadTestMethod%28%29%3Avoid.61929610726677c590ca74cc2451f257.html">void ParameterizedTestTest.failuresAddedForBadTestMethod()</a> LINE: <a href="./../../ParameterizedTestTest.java.88da44e98279dfa32c0c7e5c52f053d0.html#LINE523">523</a>
<br>PREDS:
<a href="./../nodes/org.junit.tests.running.classes.ParameterizedTestTest.failuresAddedForBadTestMethod%28%29%3Avoid.61929610726677c590ca74cc2451f257_node5.html"><span class='visited with_tooltip'>N_5<span class='tooltip'>node5 preds:4 succs:6 exn:3 </span></span></a><br>SUCCS:
<a href="./../nodes/org.junit.tests.running.classes.ParameterizedTestTest.failuresAddedForBadTestMethod%28%29%3Avoid.61929610726677c590ca74cc2451f257_node7.html"><span class='visited with_tooltip'>N_7<span class='tooltip'>node7 preds:6 succs:8 exn:3 </span></span></a><br>EXN:
<a href="./../nodes/org.junit.tests.running.classes.ParameterizedTestTest.failuresAddedForBadTestMethod%28%29%3Avoid.61929610726677c590ca74cc2451f257_node3.html"><span class='visited with_tooltip'>N_3<span class='tooltip'>node3 preds: succs:2 exn:2 </span></span></a><br>
<LISTING class='color_green'>n$2=*&amp;$irvar0:java.lang.Class*[_*_](*) [line 523];
n$3=_fun_Result JUnitCore.runClasses(Class[])(n$2:java.lang.Class*[_*_](*)) [line 523];
*&amp;result:org.junit.runner.Result*=n$3 [line 523];
</LISTING>
<hr width="100%">
<a name="session10" href="./../nodes/org.junit.tests.running.classes.ParameterizedTestTest.failuresAddedForBadTestMethod%28%29%3Avoid.61929610726677c590ca74cc2451f257_node6.html#session10">node6#session10</a>(<a href="./../../ParameterizedTestTest.java.88da44e98279dfa32c0c7e5c52f053d0.html#LINE523">523</a>) [compute pre] liveness 6
<LISTING class='color_black'>JOIN

LEFT:   normal:{ result }, exn:{ }
RIGHT:  normal:{ }, exn:{ }
RESULT: normal:{ result }, exn:{ }

</LISTING>
<hr width="100%">
<a name="session11" href="./../nodes/org.junit.tests.running.classes.ParameterizedTestTest.failuresAddedForBadTestMethod%28%29%3Avoid.61929610726677c590ca74cc2451f257_node6.html#session11">node6#session11</a>(<a href="./../../ParameterizedTestTest.java.88da44e98279dfa32c0c7e5c52f053d0.html#LINE523">523</a>) [exec] liveness 6
<LISTING class='color_black'>PRE STATE:
normal:{ result }, exn:{ }

INSTR=  *&amp;result:org.junit.runner.Result*=n$3 [line 523]; 

STATE:
normal:{ n$3 }, exn:{ }

INSTR=  n$3=_fun_Result JUnitCore.runClasses(Class[])(n$2:java.lang.Class*[_*_](*)) [line 523]; 

STATE:
normal:{ n$2 }, exn:{ }

INSTR=  n$2=*&amp;$irvar0:java.lang.Class*[_*_](*) [line 523]; 

STATE:
normal:{ $irvar0 }, exn:{ }

</LISTING>
<hr width="100%">
<a name="session23" href="./../nodes/org.junit.tests.running.classes.ParameterizedTestTest.failuresAddedForBadTestMethod%28%29%3Avoid.61929610726677c590ca74cc2451f257_node6.html#session23">node6#session23</a>(<a href="./../../ParameterizedTestTest.java.88da44e98279dfa32c0c7e5c52f053d0.html#LINE523">523</a>) [compute pre] nullify
<LISTING class='color_black'></LISTING>
<hr width="100%">
<a name="session24" href="./../nodes/org.junit.tests.running.classes.ParameterizedTestTest.failuresAddedForBadTestMethod%28%29%3Avoid.61929610726677c590ca74cc2451f257_node6.html#session24">node6#session24</a>(<a href="./../../ParameterizedTestTest.java.88da44e98279dfa32c0c7e5c52f053d0.html#LINE523">523</a>) [exec] nullify
<LISTING class='color_black'>PRE STATE:
(normal:{ $irvar0 }, exn:{ },normal:{ n$1 }, exn:{ })

INSTR=  n$2=*&amp;$irvar0:java.lang.Class*[_*_](*) [line 523]; 

STATE:
(normal:{ n$2, $irvar0 }, exn:{ },normal:{ n$1 }, exn:{ })

INSTR=  n$3=_fun_Result JUnitCore.runClasses(Class[])(n$2:java.lang.Class*[_*_](*)) [line 523]; 

STATE:
(normal:{ n$2, n$3, $irvar0 }, exn:{ },normal:{ n$1 }, exn:{ })

INSTR=  *&amp;result:org.junit.runner.Result*=n$3 [line 523]; 

STATE:
(normal:{ result }, exn:{ },normal:{ n$2, n$3, $irvar0 }, exn:{ })

</LISTING>
<hr width="100%">
<a name="session40" href="./../nodes/org.junit.tests.running.classes.ParameterizedTestTest.failuresAddedForBadTestMethod%28%29%3Avoid.61929610726677c590ca74cc2451f257_node6.html#session40">node6#session40</a>(<a href="./../../ParameterizedTestTest.java.88da44e98279dfa32c0c7e5c52f053d0.html#LINE523">523</a>) [compute pre] devirtualizer analysis 6
<LISTING class='color_black'></LISTING>
<hr width="100%">
<a name="session41" href="./../nodes/org.junit.tests.running.classes.ParameterizedTestTest.failuresAddedForBadTestMethod%28%29%3Avoid.61929610726677c590ca74cc2451f257_node6.html#session41">node6#session41</a>(<a href="./../../ParameterizedTestTest.java.88da44e98279dfa32c0c7e5c52f053d0.html#LINE523">523</a>) [exec] devirtualizer analysis 6
<LISTING class='color_black'>PRE STATE:
{ }

INSTR=  n$2=*&amp;$irvar0:java.lang.Class*[_*_](*) [line 523]; 

STATE UNCHANGED

INSTR=  n$3=_fun_Result JUnitCore.runClasses(Class[])(n$2:java.lang.Class*[_*_](*)) [line 523]; 

STATE UNCHANGED

INSTR=  *&amp;result:org.junit.runner.Result*=n$3 [line 523]; 

STATE UNCHANGED

INSTR=  NULLIFY(&amp;$irvar0); [line 523]; 

STATE UNCHANGED

INSTR=  EXIT_SCOPE(n$2,n$3,$irvar0); [line 523]; 

STATE UNCHANGED

</LISTING>
<hr width="100%">
<a name="session61" href="./../nodes/org.junit.tests.running.classes.ParameterizedTestTest.failuresAddedForBadTestMethod%28%29%3Avoid.61929610726677c590ca74cc2451f257_node6.html#session61">node6#session61</a>(<a href="./../../ParameterizedTestTest.java.88da44e98279dfa32c0c7e5c52f053d0.html#LINE523">523</a>) [exec] devirtualizer
<LISTING class='color_black'></LISTING>
<hr width="100%">
<a name="session62" href="./../nodes/org.junit.tests.running.classes.ParameterizedTestTest.failuresAddedForBadTestMethod%28%29%3Avoid.61929610726677c590ca74cc2451f257_node6.html#session62">node6#session62</a>(<a href="./../../ParameterizedTestTest.java.88da44e98279dfa32c0c7e5c52f053d0.html#LINE523">523</a>) [exec] devirtualizer
<LISTING class='color_black'></LISTING>
<hr width="100%">
<a name="session63" href="./../nodes/org.junit.tests.running.classes.ParameterizedTestTest.failuresAddedForBadTestMethod%28%29%3Avoid.61929610726677c590ca74cc2451f257_node6.html#session63">node6#session63</a>(<a href="./../../ParameterizedTestTest.java.88da44e98279dfa32c0c7e5c52f053d0.html#LINE523">523</a>) [exec] devirtualizer
<LISTING class='color_black'></LISTING>
<hr width="100%">
<a name="session64" href="./../nodes/org.junit.tests.running.classes.ParameterizedTestTest.failuresAddedForBadTestMethod%28%29%3Avoid.61929610726677c590ca74cc2451f257_node6.html#session64">node6#session64</a>(<a href="./../../ParameterizedTestTest.java.88da44e98279dfa32c0c7e5c52f053d0.html#LINE523">523</a>) [exec] devirtualizer
<LISTING class='color_black'></LISTING>
<hr width="100%">
<a name="session65" href="./../nodes/org.junit.tests.running.classes.ParameterizedTestTest.failuresAddedForBadTestMethod%28%29%3Avoid.61929610726677c590ca74cc2451f257_node6.html#session65">node6#session65</a>(<a href="./../../ParameterizedTestTest.java.88da44e98279dfa32c0c7e5c52f053d0.html#LINE523">523</a>) [exec] devirtualizer
<LISTING class='color_black'></LISTING>
<hr width="100%">
<a name="session6" href="./../nodes/org.junit.tests.running.classes.ParameterizedTestTest.failuresAddedForBadTestMethod%28%29%3Avoid.61929610726677c590ca74cc2451f257_node6.html#session6">node6#session6</a>(<a href="./../../ParameterizedTestTest.java.88da44e98279dfa32c0c7e5c52f053d0.html#LINE523">523</a>) [compute pre] starvation
<LISTING class='color_black'></LISTING>
<hr width="100%">
<a name="session7" href="./../nodes/org.junit.tests.running.classes.ParameterizedTestTest.failuresAddedForBadTestMethod%28%29%3Avoid.61929610726677c590ca74cc2451f257_node6.html#session7">node6#session7</a>(<a href="./../../ParameterizedTestTest.java.88da44e98279dfa32c0c7e5c52f053d0.html#LINE523">523</a>) [exec] starvation
<LISTING class='color_black'>PRE STATE:
{guard_map= { }; lock_state= {map= { }; acquisitions= { }};
 critical_pairs= { }; attributes= { }; thread= UnknownThread;
 scheduled_work= { }; var_state= { }}

INSTR=  n$2=*&amp;$irvar0:java.lang.Class*[_*_](*) [line 523]; 

STATE:
{guard_map= { }; lock_state= {map= { }; acquisitions= { }};
 critical_pairs= { }; attributes= { }; thread= UnknownThread;
 scheduled_work= { }; var_state= { n$2 -&gt; $irvar0 }}

INSTR=  n$3=_fun_Result JUnitCore.runClasses(Class[])(n$2:java.lang.Class*[_*_](*)) [line 523]; 

STATE:
{guard_map= { }; lock_state= {map= { }; acquisitions= { }};
 critical_pairs= { }; attributes= { }; thread= UnknownThread;
 scheduled_work= { }; var_state= { n$2 -&gt; $irvar0 }}

INSTR=  *&amp;result:org.junit.runner.Result*=n$3 [line 523]; 

STATE UNCHANGED

INSTR=  NULLIFY(&amp;$irvar0); [line 523]; 

STATE UNCHANGED

INSTR=  EXIT_SCOPE(n$2,n$3,$irvar0); [line 523]; 

STATE:
{guard_map= { }; lock_state= {map= { }; acquisitions= { }};
 critical_pairs= { }; attributes= { }; thread= UnknownThread;
 scheduled_work= { }; var_state= { }}

</LISTING>
<hr width="100%">
<a name="session21" href="./../nodes/org.junit.tests.running.classes.ParameterizedTestTest.failuresAddedForBadTestMethod%28%29%3Avoid.61929610726677c590ca74cc2451f257_node6.html#session21">node6#session21</a>(<a href="./../../ParameterizedTestTest.java.88da44e98279dfa32c0c7e5c52f053d0.html#LINE523">523</a>) [compute pre] racerd
<LISTING class='color_black'></LISTING>
<hr width="100%">
<a name="session22" href="./../nodes/org.junit.tests.running.classes.ParameterizedTestTest.failuresAddedForBadTestMethod%28%29%3Avoid.61929610726677c590ca74cc2451f257_node6.html#session22">node6#session22</a>(<a href="./../../ParameterizedTestTest.java.88da44e98279dfa32c0c7e5c52f053d0.html#LINE523">523</a>) [exec] racerd
<LISTING class='color_black'>PRE STATE:
Threads: NoThread, Locks: 0 
Accesses { } 
Ownership: { n$0 -&gt; Owned, this -&gt; OwnedIf{ 0 }, *n$0[_] -&gt; Owned } 
Attributes: { *n$0[_] -&gt; Functional } 



INSTR=  n$3 := Result JUnitCore.runClasses(Class[])({ n$0 }) [line 523]; 

STATE:
Threads: NoThread, Locks: 0 
Accesses { {elem= Access: Read of model.TestClass.FIELD_COMPARATOR Thread: NoThread Lock: false Pre: Unowned;
            loc= line 78;
            trace= { Result JUnitCore.runClasses(Class[]) at line 523,
                     Result JUnitCore.runClasses(Computer,Class[]) at line 53,
                     Result JUnitCore.run(Computer,Class[]) at line 66,
                     Request Request.classes(Computer,Class[]) at line 109,
                     Runner Computer.getSuite(RunnerBuilder,Class[]) at line 77,
                     Computer$2.&lt;init&gt;(Computer,RunnerBuilder,Class[]) at line 28,
                     Suite.&lt;init&gt;(RunnerBuilder,Class[]) at line 33,
                     Suite.&lt;init&gt;(Class,List) at line 81,
                     ParentRunner.&lt;init&gt;(Class) at line 112,
                     TestClass ParentRunner.createTestClass(Class) at line 91,
                     TestClass.&lt;init&gt;(Class) at line 111,
                     void TestClass.scanAnnotatedMembers(Map,Map) at line 57,
                     Field[] TestClass.getSortedDeclaredFields(Class) at line 70 }},
           {elem= Access: Read of lang.Void.TYPE Thread: NoThread Lock: false Pre: Unowned;
            loc= line 107;
            trace= { Result JUnitCore.runClasses(Class[]) at line 523,
                     Result JUnitCore.runClasses(Computer,Class[]) at line 53,
                     Result JUnitCore.run(Computer,Class[]) at line 66,
                     Request Request.classes(Computer,Class[]) at line 109,
                     Runner Computer.getSuite(RunnerBuilder,Class[]) at line 77,
                     Computer$2.&lt;init&gt;(Computer,RunnerBuilder,Class[]) at line 28,
                     Suite.&lt;init&gt;(RunnerBuilder,Class[]) at line 33,
                     Suite.&lt;init&gt;(Class,List) at line 81,
                     ParentRunner.&lt;init&gt;(Class) at line 112,
                     void ParentRunner.validate() at line 92,
                     void ParentRunner.collectInitializationErrors(List) at line 523,
                     void ParentRunner.validatePublicVoidNoArgMethods(Class,boolean,List) at line 148,
                     void FrameworkMethod.validatePublicVoidNoArg(boolean,List) at line 178,
                     void FrameworkMethod.validatePublicVoid(boolean,List) at line 83 }},
           {elem= Access: Read of runners.ParentRunner.VALIDATORS Thread: NoThread Lock: false Pre: Unowned;
            loc= line 156;
            trace= { Result JUnitCore.runClasses(Class[]) at line 523,
                     Result JUnitCore.runClasses(Computer,Class[]) at line 53,
                     Result JUnitCore.run(Computer,Class[]) at line 66,
                     Request Request.classes(Computer,Class[]) at line 109,
                     Runner Computer.getSuite(RunnerBuilder,Class[]) at line 77,
                     Computer$2.&lt;init&gt;(Computer,RunnerBuilder,Class[]) at line 28,
                     Suite.&lt;init&gt;(RunnerBuilder,Class[]) at line 33,
                     Suite.&lt;init&gt;(Class,List) at line 81,
                     ParentRunner.&lt;init&gt;(Class) at line 112,
                     void ParentRunner.validate() at line 92,
                     void ParentRunner.collectInitializationErrors(List) at line 523,
                     void ParentRunner.applyValidators(List) at line 151 }},
           {elem= Access: Read of internal.MethodSorter.DEFAULT Thread: NoThread Lock: false Pre: Unowned;
            loc= line 67;
            trace= { Result JUnitCore.runClasses(Class[]) at line 523,
                     Result JUnitCore.runClasses(Computer,Class[]) at line 53,
                     Result JUnitCore.run(Computer,Class[]) at line 66,
                     Request Request.classes(Computer,Class[]) at line 109,
                     Runner Computer.getSuite(RunnerBuilder,Class[]) at line 77,
                     Computer$2.&lt;init&gt;(Computer,RunnerBuilder,Class[]) at line 28,
                     Suite.&lt;init&gt;(RunnerBuilder,Class[]) at line 33,
                     Suite.&lt;init&gt;(Class,List) at line 81,
                     ParentRunner.&lt;init&gt;(Class) at line 112,
                     TestClass ParentRunner.createTestClass(Class) at line 91,
                     TestClass.&lt;init&gt;(Class) at line 111,
                     void TestClass.scanAnnotatedMembers(Map,Map) at line 57,
                     Method[] MethodSorter.getDeclaredMethods(Class) at line 65,
                     Comparator MethodSorter.getSorter(FixMethodOrder) at line 52 }},
           {elem= Access: Read of rules.RuleMemberValidator.CLASS_RULE_METHOD_VALIDATOR Thread: NoThread Lock: false Pre: Unowned;
            loc= line 184;
            trace= { Result JUnitCore.runClasses(Class[]) at line 523,
                     Result JUnitCore.runClasses(Computer,Class[]) at line 53,
                     Result JUnitCore.run(Computer,Class[]) at line 66,
                     Request Request.classes(Computer,Class[]) at line 109,
                     Runner Computer.getSuite(RunnerBuilder,Class[]) at line 77,
                     Computer$2.&lt;init&gt;(Computer,RunnerBuilder,Class[]) at line 28,
                     Suite.&lt;init&gt;(RunnerBuilder,Class[]) at line 33,
                     Suite.&lt;init&gt;(Class,List) at line 81,
                     ParentRunner.&lt;init&gt;(Class) at line 112,
                     void ParentRunner.validate() at line 92,
                     void ParentRunner.collectInitializationErrors(List) at line 523,
                     void ParentRunner.validateClassRules(List) at line 150 }},
           {elem= Access: Read of rules.RuleMemberValidator.CLASS_RULE_VALIDATOR Thread: NoThread Lock: false Pre: Unowned;
            loc= line 183;
            trace= { Result JUnitCore.runClasses(Class[]) at line 523,
                     Result JUnitCore.runClasses(Computer,Class[]) at line 53,
                     Result JUnitCore.run(Computer,Class[]) at line 66,
                     Request Request.classes(Computer,Class[]) at line 109,
                     Runner Computer.getSuite(RunnerBuilder,Class[]) at line 77,
                     Computer$2.&lt;init&gt;(Computer,RunnerBuilder,Class[]) at line 28,
                     Suite.&lt;init&gt;(RunnerBuilder,Class[]) at line 33,
                     Suite.&lt;init&gt;(Class,List) at line 81,
                     ParentRunner.&lt;init&gt;(Class) at line 112,
                     void ParentRunner.validate() at line 92,
                     void ParentRunner.collectInitializationErrors(List) at line 523,
                     void ParentRunner.validateClassRules(List) at line 150 }},
           {elem= Access: Read of rules.RuleMemberValidator.CLASS_RULE_METHOD_VALIDATOR-&gt;annotation Thread: NoThread Lock: false Pre: Unowned;
            loc= line 89;
            trace= { Result JUnitCore.runClasses(Class[]) at line 523,
                     Result JUnitCore.runClasses(Computer,Class[]) at line 53,
                     Result JUnitCore.run(Computer,Class[]) at line 66,
                     Request Request.classes(Computer,Class[]) at line 109,
                     Runner Computer.getSuite(RunnerBuilder,Class[]) at line 77,
                     Computer$2.&lt;init&gt;(Computer,RunnerBuilder,Class[]) at line 28,
                     Suite.&lt;init&gt;(RunnerBuilder,Class[]) at line 33,
                     Suite.&lt;init&gt;(Class,List) at line 81,
                     ParentRunner.&lt;init&gt;(Class) at line 112,
                     void ParentRunner.validate() at line 92,
                     void ParentRunner.collectInitializationErrors(List) at line 523,
                     void ParentRunner.validateClassRules(List) at line 150,
                     void RuleMemberValidator.validate(TestClass,List) at line 184 }},
           {elem= Access: Read of rules.RuleMemberValidator.CLASS_RULE_METHOD_VALIDATOR-&gt;methods Thread: NoThread Lock: false Pre: Unowned;
            loc= line 89;
            trace= { Result JUnitCore.runClasses(Class[]) at line 523,
                     Result JUnitCore.runClasses(Computer,Class[]) at line 53,
                     Result JUnitCore.run(Computer,Class[]) at line 66,
                     Request Request.classes(Computer,Class[]) at line 109,
                     Runner Computer.getSuite(RunnerBuilder,Class[]) at line 77,
                     Computer$2.&lt;init&gt;(Computer,RunnerBuilder,Class[]) at line 28,
                     Suite.&lt;init&gt;(RunnerBuilder,Class[]) at line 33,
                     Suite.&lt;init&gt;(Class,List) at line 81,
                     ParentRunner.&lt;init&gt;(Class) at line 112,
                     void ParentRunner.validate() at line 92,
                     void ParentRunner.collectInitializationErrors(List) at line 523,
                     void ParentRunner.validateClassRules(List) at line 150,
                     void RuleMemberValidator.validate(TestClass,List) at line 184 }},
           {elem= Access: Read of rules.RuleMemberValidator.CLASS_RULE_METHOD_VALIDATOR-&gt;validatorStrategies Thread: NoThread Lock: false Pre: Unowned;
            loc= line 98;
            trace= { Result JUnitCore.runClasses(Class[]) at line 523,
                     Result JUnitCore.runClasses(Computer,Class[]) at line 53,
                     Result JUnitCore.run(Computer,Class[]) at line 66,
                     Request Request.classes(Computer,Class[]) at line 109,
                     Runner Computer.getSuite(RunnerBuilder,Class[]) at line 77,
                     Computer$2.&lt;init&gt;(Computer,RunnerBuilder,Class[]) at line 28,
                     Suite.&lt;init&gt;(RunnerBuilder,Class[]) at line 33,
                     Suite.&lt;init&gt;(Class,List) at line 81,
                     ParentRunner.&lt;init&gt;(Class) at line 112,
                     void ParentRunner.validate() at line 92,
                     void ParentRunner.collectInitializationErrors(List) at line 523,
                     void ParentRunner.validateClassRules(List) at line 150,
                     void RuleMemberValidator.validate(TestClass,List) at line 184,
                     void RuleMemberValidator.validateMember(FrameworkMember,List) at line 93 }},
           {elem= Access: Read of rules.RuleMemberValidator.CLASS_RULE_VALIDATOR-&gt;annotation Thread: NoThread Lock: false Pre: Unowned;
            loc= line 89;
            trace= { Result JUnitCore.runClasses(Class[]) at line 523,
                     Result JUnitCore.runClasses(Computer,Class[]) at line 53,
                     Result JUnitCore.run(Computer,Class[]) at line 66,
                     Request Request.classes(Computer,Class[]) at line 109,
                     Runner Computer.getSuite(RunnerBuilder,Class[]) at line 77,
                     Computer$2.&lt;init&gt;(Computer,RunnerBuilder,Class[]) at line 28,
                     Suite.&lt;init&gt;(RunnerBuilder,Class[]) at line 33,
                     Suite.&lt;init&gt;(Class,List) at line 81,
                     ParentRunner.&lt;init&gt;(Class) at line 112,
                     void ParentRunner.validate() at line 92,
                     void ParentRunner.collectInitializationErrors(List) at line 523,
                     void ParentRunner.validateClassRules(List) at line 150,
                     void RuleMemberValidator.validate(TestClass,List) at line 183 }},
           {elem= Access: Read of rules.RuleMemberValidator.CLASS_RULE_VALIDATOR-&gt;methods Thread: NoThread Lock: false Pre: Unowned;
            loc= line 89;
            trace= { Result JUnitCore.runClasses(Class[]) at line 523,
                     Result JUnitCore.runClasses(Computer,Class[]) at line 53,
                     Result JUnitCore.run(Computer,Class[]) at line 66,
                     Request Request.classes(Computer,Class[]) at line 109,
                     Runner Computer.getSuite(RunnerBuilder,Class[]) at line 77,
                     Computer$2.&lt;init&gt;(Computer,RunnerBuilder,Class[]) at line 28,
                     Suite.&lt;init&gt;(RunnerBuilder,Class[]) at line 33,
                     Suite.&lt;init&gt;(Class,List) at line 81,
                     ParentRunner.&lt;init&gt;(Class) at line 112,
                     void ParentRunner.validate() at line 92,
                     void ParentRunner.collectInitializationErrors(List) at line 523,
                     void ParentRunner.validateClassRules(List) at line 150,
                     void RuleMemberValidator.validate(TestClass,List) at line 183 }},
           {elem= Access: Read of rules.RuleMemberValidator.CLASS_RULE_VALIDATOR-&gt;validatorStrategies Thread: NoThread Lock: false Pre: Unowned;
            loc= line 98;
            trace= { Result JUnitCore.runClasses(Class[]) at line 523,
                     Result JUnitCore.runClasses(Computer,Class[]) at line 53,
                     Result JUnitCore.run(Computer,Class[]) at line 66,
                     Request Request.classes(Computer,Class[]) at line 109,
                     Runner Computer.getSuite(RunnerBuilder,Class[]) at line 77,
                     Computer$2.&lt;init&gt;(Computer,RunnerBuilder,Class[]) at line 28,
                     Suite.&lt;init&gt;(RunnerBuilder,Class[]) at line 33,
                     Suite.&lt;init&gt;(Class,List) at line 81,
                     ParentRunner.&lt;init&gt;(Class) at line 112,
                     void ParentRunner.validate() at line 92,
                     void ParentRunner.collectInitializationErrors(List) at line 523,
                     void ParentRunner.validateClassRules(List) at line 150,
                     void RuleMemberValidator.validate(TestClass,List) at line 183,
                     void RuleMemberValidator.validateMember(FrameworkMember,List) at line 93 }} } 
Ownership: { n$0 -&gt; Owned,
             n$3 -&gt; Owned,
             this -&gt; OwnedIf{ 0 },
             *n$0[_] -&gt; Owned } 
Attributes: { *n$0[_] -&gt; Functional } 


INSTR=  result := n$3 [line 523]; 

STATE:
Threads: NoThread, Locks: 0 
Accesses { {elem= Access: Read of model.TestClass.FIELD_COMPARATOR Thread: NoThread Lock: false Pre: Unowned;
            loc= line 78;
            trace= { Result JUnitCore.runClasses(Class[]) at line 523,
                     Result JUnitCore.runClasses(Computer,Class[]) at line 53,
                     Result JUnitCore.run(Computer,Class[]) at line 66,
                     Request Request.classes(Computer,Class[]) at line 109,
                     Runner Computer.getSuite(RunnerBuilder,Class[]) at line 77,
                     Computer$2.&lt;init&gt;(Computer,RunnerBuilder,Class[]) at line 28,
                     Suite.&lt;init&gt;(RunnerBuilder,Class[]) at line 33,
                     Suite.&lt;init&gt;(Class,List) at line 81,
                     ParentRunner.&lt;init&gt;(Class) at line 112,
                     TestClass ParentRunner.createTestClass(Class) at line 91,
                     TestClass.&lt;init&gt;(Class) at line 111,
                     void TestClass.scanAnnotatedMembers(Map,Map) at line 57,
                     Field[] TestClass.getSortedDeclaredFields(Class) at line 70 }},
           {elem= Access: Read of lang.Void.TYPE Thread: NoThread Lock: false Pre: Unowned;
            loc= line 107;
            trace= { Result JUnitCore.runClasses(Class[]) at line 523,
                     Result JUnitCore.runClasses(Computer,Class[]) at line 53,
                     Result JUnitCore.run(Computer,Class[]) at line 66,
                     Request Request.classes(Computer,Class[]) at line 109,
                     Runner Computer.getSuite(RunnerBuilder,Class[]) at line 77,
                     Computer$2.&lt;init&gt;(Computer,RunnerBuilder,Class[]) at line 28,
                     Suite.&lt;init&gt;(RunnerBuilder,Class[]) at line 33,
                     Suite.&lt;init&gt;(Class,List) at line 81,
                     ParentRunner.&lt;init&gt;(Class) at line 112,
                     void ParentRunner.validate() at line 92,
                     void ParentRunner.collectInitializationErrors(List) at line 523,
                     void ParentRunner.validatePublicVoidNoArgMethods(Class,boolean,List) at line 148,
                     void FrameworkMethod.validatePublicVoidNoArg(boolean,List) at line 178,
                     void FrameworkMethod.validatePublicVoid(boolean,List) at line 83 }},
           {elem= Access: Read of runners.ParentRunner.VALIDATORS Thread: NoThread Lock: false Pre: Unowned;
            loc= line 156;
            trace= { Result JUnitCore.runClasses(Class[]) at line 523,
                     Result JUnitCore.runClasses(Computer,Class[]) at line 53,
                     Result JUnitCore.run(Computer,Class[]) at line 66,
                     Request Request.classes(Computer,Class[]) at line 109,
                     Runner Computer.getSuite(RunnerBuilder,Class[]) at line 77,
                     Computer$2.&lt;init&gt;(Computer,RunnerBuilder,Class[]) at line 28,
                     Suite.&lt;init&gt;(RunnerBuilder,Class[]) at line 33,
                     Suite.&lt;init&gt;(Class,List) at line 81,
                     ParentRunner.&lt;init&gt;(Class) at line 112,
                     void ParentRunner.validate() at line 92,
                     void ParentRunner.collectInitializationErrors(List) at line 523,
                     void ParentRunner.applyValidators(List) at line 151 }},
           {elem= Access: Read of internal.MethodSorter.DEFAULT Thread: NoThread Lock: false Pre: Unowned;
            loc= line 67;
            trace= { Result JUnitCore.runClasses(Class[]) at line 523,
                     Result JUnitCore.runClasses(Computer,Class[]) at line 53,
                     Result JUnitCore.run(Computer,Class[]) at line 66,
                     Request Request.classes(Computer,Class[]) at line 109,
                     Runner Computer.getSuite(RunnerBuilder,Class[]) at line 77,
                     Computer$2.&lt;init&gt;(Computer,RunnerBuilder,Class[]) at line 28,
                     Suite.&lt;init&gt;(RunnerBuilder,Class[]) at line 33,
                     Suite.&lt;init&gt;(Class,List) at line 81,
                     ParentRunner.&lt;init&gt;(Class) at line 112,
                     TestClass ParentRunner.createTestClass(Class) at line 91,
                     TestClass.&lt;init&gt;(Class) at line 111,
                     void TestClass.scanAnnotatedMembers(Map,Map) at line 57,
                     Method[] MethodSorter.getDeclaredMethods(Class) at line 65,
                     Comparator MethodSorter.getSorter(FixMethodOrder) at line 52 }},
           {elem= Access: Read of rules.RuleMemberValidator.CLASS_RULE_METHOD_VALIDATOR Thread: NoThread Lock: false Pre: Unowned;
            loc= line 184;
            trace= { Result JUnitCore.runClasses(Class[]) at line 523,
                     Result JUnitCore.runClasses(Computer,Class[]) at line 53,
                     Result JUnitCore.run(Computer,Class[]) at line 66,
                     Request Request.classes(Computer,Class[]) at line 109,
                     Runner Computer.getSuite(RunnerBuilder,Class[]) at line 77,
                     Computer$2.&lt;init&gt;(Computer,RunnerBuilder,Class[]) at line 28,
                     Suite.&lt;init&gt;(RunnerBuilder,Class[]) at line 33,
                     Suite.&lt;init&gt;(Class,List) at line 81,
                     ParentRunner.&lt;init&gt;(Class) at line 112,
                     void ParentRunner.validate() at line 92,
                     void ParentRunner.collectInitializationErrors(List) at line 523,
                     void ParentRunner.validateClassRules(List) at line 150 }},
           {elem= Access: Read of rules.RuleMemberValidator.CLASS_RULE_VALIDATOR Thread: NoThread Lock: false Pre: Unowned;
            loc= line 183;
            trace= { Result JUnitCore.runClasses(Class[]) at line 523,
                     Result JUnitCore.runClasses(Computer,Class[]) at line 53,
                     Result JUnitCore.run(Computer,Class[]) at line 66,
                     Request Request.classes(Computer,Class[]) at line 109,
                     Runner Computer.getSuite(RunnerBuilder,Class[]) at line 77,
                     Computer$2.&lt;init&gt;(Computer,RunnerBuilder,Class[]) at line 28,
                     Suite.&lt;init&gt;(RunnerBuilder,Class[]) at line 33,
                     Suite.&lt;init&gt;(Class,List) at line 81,
                     ParentRunner.&lt;init&gt;(Class) at line 112,
                     void ParentRunner.validate() at line 92,
                     void ParentRunner.collectInitializationErrors(List) at line 523,
                     void ParentRunner.validateClassRules(List) at line 150 }},
           {elem= Access: Read of rules.RuleMemberValidator.CLASS_RULE_METHOD_VALIDATOR-&gt;annotation Thread: NoThread Lock: false Pre: Unowned;
            loc= line 89;
            trace= { Result JUnitCore.runClasses(Class[]) at line 523,
                     Result JUnitCore.runClasses(Computer,Class[]) at line 53,
                     Result JUnitCore.run(Computer,Class[]) at line 66,
                     Request Request.classes(Computer,Class[]) at line 109,
                     Runner Computer.getSuite(RunnerBuilder,Class[]) at line 77,
                     Computer$2.&lt;init&gt;(Computer,RunnerBuilder,Class[]) at line 28,
                     Suite.&lt;init&gt;(RunnerBuilder,Class[]) at line 33,
                     Suite.&lt;init&gt;(Class,List) at line 81,
                     ParentRunner.&lt;init&gt;(Class) at line 112,
                     void ParentRunner.validate() at line 92,
                     void ParentRunner.collectInitializationErrors(List) at line 523,
                     void ParentRunner.validateClassRules(List) at line 150,
                     void RuleMemberValidator.validate(TestClass,List) at line 184 }},
           {elem= Access: Read of rules.RuleMemberValidator.CLASS_RULE_METHOD_VALIDATOR-&gt;methods Thread: NoThread Lock: false Pre: Unowned;
            loc= line 89;
            trace= { Result JUnitCore.runClasses(Class[]) at line 523,
                     Result JUnitCore.runClasses(Computer,Class[]) at line 53,
                     Result JUnitCore.run(Computer,Class[]) at line 66,
                     Request Request.classes(Computer,Class[]) at line 109,
                     Runner Computer.getSuite(RunnerBuilder,Class[]) at line 77,
                     Computer$2.&lt;init&gt;(Computer,RunnerBuilder,Class[]) at line 28,
                     Suite.&lt;init&gt;(RunnerBuilder,Class[]) at line 33,
                     Suite.&lt;init&gt;(Class,List) at line 81,
                     ParentRunner.&lt;init&gt;(Class) at line 112,
                     void ParentRunner.validate() at line 92,
                     void ParentRunner.collectInitializationErrors(List) at line 523,
                     void ParentRunner.validateClassRules(List) at line 150,
                     void RuleMemberValidator.validate(TestClass,List) at line 184 }},
           {elem= Access: Read of rules.RuleMemberValidator.CLASS_RULE_METHOD_VALIDATOR-&gt;validatorStrategies Thread: NoThread Lock: false Pre: Unowned;
            loc= line 98;
            trace= { Result JUnitCore.runClasses(Class[]) at line 523,
                     Result JUnitCore.runClasses(Computer,Class[]) at line 53,
                     Result JUnitCore.run(Computer,Class[]) at line 66,
                     Request Request.classes(Computer,Class[]) at line 109,
                     Runner Computer.getSuite(RunnerBuilder,Class[]) at line 77,
                     Computer$2.&lt;init&gt;(Computer,RunnerBuilder,Class[]) at line 28,
                     Suite.&lt;init&gt;(RunnerBuilder,Class[]) at line 33,
                     Suite.&lt;init&gt;(Class,List) at line 81,
                     ParentRunner.&lt;init&gt;(Class) at line 112,
                     void ParentRunner.validate() at line 92,
                     void ParentRunner.collectInitializationErrors(List) at line 523,
                     void ParentRunner.validateClassRules(List) at line 150,
                     void RuleMemberValidator.validate(TestClass,List) at line 184,
                     void RuleMemberValidator.validateMember(FrameworkMember,List) at line 93 }},
           {elem= Access: Read of rules.RuleMemberValidator.CLASS_RULE_VALIDATOR-&gt;annotation Thread: NoThread Lock: false Pre: Unowned;
            loc= line 89;
            trace= { Result JUnitCore.runClasses(Class[]) at line 523,
                     Result JUnitCore.runClasses(Computer,Class[]) at line 53,
                     Result JUnitCore.run(Computer,Class[]) at line 66,
                     Request Request.classes(Computer,Class[]) at line 109,
                     Runner Computer.getSuite(RunnerBuilder,Class[]) at line 77,
                     Computer$2.&lt;init&gt;(Computer,RunnerBuilder,Class[]) at line 28,
                     Suite.&lt;init&gt;(RunnerBuilder,Class[]) at line 33,
                     Suite.&lt;init&gt;(Class,List) at line 81,
                     ParentRunner.&lt;init&gt;(Class) at line 112,
                     void ParentRunner.validate() at line 92,
                     void ParentRunner.collectInitializationErrors(List) at line 523,
                     void ParentRunner.validateClassRules(List) at line 150,
                     void RuleMemberValidator.validate(TestClass,List) at line 183 }},
           {elem= Access: Read of rules.RuleMemberValidator.CLASS_RULE_VALIDATOR-&gt;methods Thread: NoThread Lock: false Pre: Unowned;
            loc= line 89;
            trace= { Result JUnitCore.runClasses(Class[]) at line 523,
                     Result JUnitCore.runClasses(Computer,Class[]) at line 53,
                     Result JUnitCore.run(Computer,Class[]) at line 66,
                     Request Request.classes(Computer,Class[]) at line 109,
                     Runner Computer.getSuite(RunnerBuilder,Class[]) at line 77,
                     Computer$2.&lt;init&gt;(Computer,RunnerBuilder,Class[]) at line 28,
                     Suite.&lt;init&gt;(RunnerBuilder,Class[]) at line 33,
                     Suite.&lt;init&gt;(Class,List) at line 81,
                     ParentRunner.&lt;init&gt;(Class) at line 112,
                     void ParentRunner.validate() at line 92,
                     void ParentRunner.collectInitializationErrors(List) at line 523,
                     void ParentRunner.validateClassRules(List) at line 150,
                     void RuleMemberValidator.validate(TestClass,List) at line 183 }},
           {elem= Access: Read of rules.RuleMemberValidator.CLASS_RULE_VALIDATOR-&gt;validatorStrategies Thread: NoThread Lock: false Pre: Unowned;
            loc= line 98;
            trace= { Result JUnitCore.runClasses(Class[]) at line 523,
                     Result JUnitCore.runClasses(Computer,Class[]) at line 53,
                     Result JUnitCore.run(Computer,Class[]) at line 66,
                     Request Request.classes(Computer,Class[]) at line 109,
                     Runner Computer.getSuite(RunnerBuilder,Class[]) at line 77,
                     Computer$2.&lt;init&gt;(Computer,RunnerBuilder,Class[]) at line 28,
                     Suite.&lt;init&gt;(RunnerBuilder,Class[]) at line 33,
                     Suite.&lt;init&gt;(Class,List) at line 81,
                     ParentRunner.&lt;init&gt;(Class) at line 112,
                     void ParentRunner.validate() at line 92,
                     void ParentRunner.collectInitializationErrors(List) at line 523,
                     void ParentRunner.validateClassRules(List) at line 150,
                     void RuleMemberValidator.validate(TestClass,List) at line 183,
                     void RuleMemberValidator.validateMember(FrameworkMember,List) at line 93 }} } 
Ownership: { n$0 -&gt; Owned,
             n$3 -&gt; Owned,
             result -&gt; Owned,
             this -&gt; OwnedIf{ 0 },
             *n$0[_] -&gt; Owned } 
Attributes: { *n$0[_] -&gt; Functional } 


INSTR=  NULLIFY(&amp;$irvar0); [line 523]; 

STATE UNCHANGED

INSTR=  EXIT_SCOPE(n$3); [line 523]; 

STATE:
Threads: NoThread, Locks: 0 
Accesses { {elem= Access: Read of model.TestClass.FIELD_COMPARATOR Thread: NoThread Lock: false Pre: Unowned;
            loc= line 78;
            trace= { Result JUnitCore.runClasses(Class[]) at line 523,
                     Result JUnitCore.runClasses(Computer,Class[]) at line 53,
                     Result JUnitCore.run(Computer,Class[]) at line 66,
                     Request Request.classes(Computer,Class[]) at line 109,
                     Runner Computer.getSuite(RunnerBuilder,Class[]) at line 77,
                     Computer$2.&lt;init&gt;(Computer,RunnerBuilder,Class[]) at line 28,
                     Suite.&lt;init&gt;(RunnerBuilder,Class[]) at line 33,
                     Suite.&lt;init&gt;(Class,List) at line 81,
                     ParentRunner.&lt;init&gt;(Class) at line 112,
                     TestClass ParentRunner.createTestClass(Class) at line 91,
                     TestClass.&lt;init&gt;(Class) at line 111,
                     void TestClass.scanAnnotatedMembers(Map,Map) at line 57,
                     Field[] TestClass.getSortedDeclaredFields(Class) at line 70 }},
           {elem= Access: Read of lang.Void.TYPE Thread: NoThread Lock: false Pre: Unowned;
            loc= line 107;
            trace= { Result JUnitCore.runClasses(Class[]) at line 523,
                     Result JUnitCore.runClasses(Computer,Class[]) at line 53,
                     Result JUnitCore.run(Computer,Class[]) at line 66,
                     Request Request.classes(Computer,Class[]) at line 109,
                     Runner Computer.getSuite(RunnerBuilder,Class[]) at line 77,
                     Computer$2.&lt;init&gt;(Computer,RunnerBuilder,Class[]) at line 28,
                     Suite.&lt;init&gt;(RunnerBuilder,Class[]) at line 33,
                     Suite.&lt;init&gt;(Class,List) at line 81,
                     ParentRunner.&lt;init&gt;(Class) at line 112,
                     void ParentRunner.validate() at line 92,
                     void ParentRunner.collectInitializationErrors(List) at line 523,
                     void ParentRunner.validatePublicVoidNoArgMethods(Class,boolean,List) at line 148,
                     void FrameworkMethod.validatePublicVoidNoArg(boolean,List) at line 178,
                     void FrameworkMethod.validatePublicVoid(boolean,List) at line 83 }},
           {elem= Access: Read of runners.ParentRunner.VALIDATORS Thread: NoThread Lock: false Pre: Unowned;
            loc= line 156;
            trace= { Result JUnitCore.runClasses(Class[]) at line 523,
                     Result JUnitCore.runClasses(Computer,Class[]) at line 53,
                     Result JUnitCore.run(Computer,Class[]) at line 66,
                     Request Request.classes(Computer,Class[]) at line 109,
                     Runner Computer.getSuite(RunnerBuilder,Class[]) at line 77,
                     Computer$2.&lt;init&gt;(Computer,RunnerBuilder,Class[]) at line 28,
                     Suite.&lt;init&gt;(RunnerBuilder,Class[]) at line 33,
                     Suite.&lt;init&gt;(Class,List) at line 81,
                     ParentRunner.&lt;init&gt;(Class) at line 112,
                     void ParentRunner.validate() at line 92,
                     void ParentRunner.collectInitializationErrors(List) at line 523,
                     void ParentRunner.applyValidators(List) at line 151 }},
           {elem= Access: Read of internal.MethodSorter.DEFAULT Thread: NoThread Lock: false Pre: Unowned;
            loc= line 67;
            trace= { Result JUnitCore.runClasses(Class[]) at line 523,
                     Result JUnitCore.runClasses(Computer,Class[]) at line 53,
                     Result JUnitCore.run(Computer,Class[]) at line 66,
                     Request Request.classes(Computer,Class[]) at line 109,
                     Runner Computer.getSuite(RunnerBuilder,Class[]) at line 77,
                     Computer$2.&lt;init&gt;(Computer,RunnerBuilder,Class[]) at line 28,
                     Suite.&lt;init&gt;(RunnerBuilder,Class[]) at line 33,
                     Suite.&lt;init&gt;(Class,List) at line 81,
                     ParentRunner.&lt;init&gt;(Class) at line 112,
                     TestClass ParentRunner.createTestClass(Class) at line 91,
                     TestClass.&lt;init&gt;(Class) at line 111,
                     void TestClass.scanAnnotatedMembers(Map,Map) at line 57,
                     Method[] MethodSorter.getDeclaredMethods(Class) at line 65,
                     Comparator MethodSorter.getSorter(FixMethodOrder) at line 52 }},
           {elem= Access: Read of rules.RuleMemberValidator.CLASS_RULE_METHOD_VALIDATOR Thread: NoThread Lock: false Pre: Unowned;
            loc= line 184;
            trace= { Result JUnitCore.runClasses(Class[]) at line 523,
                     Result JUnitCore.runClasses(Computer,Class[]) at line 53,
                     Result JUnitCore.run(Computer,Class[]) at line 66,
                     Request Request.classes(Computer,Class[]) at line 109,
                     Runner Computer.getSuite(RunnerBuilder,Class[]) at line 77,
                     Computer$2.&lt;init&gt;(Computer,RunnerBuilder,Class[]) at line 28,
                     Suite.&lt;init&gt;(RunnerBuilder,Class[]) at line 33,
                     Suite.&lt;init&gt;(Class,List) at line 81,
                     ParentRunner.&lt;init&gt;(Class) at line 112,
                     void ParentRunner.validate() at line 92,
                     void ParentRunner.collectInitializationErrors(List) at line 523,
                     void ParentRunner.validateClassRules(List) at line 150 }},
           {elem= Access: Read of rules.RuleMemberValidator.CLASS_RULE_VALIDATOR Thread: NoThread Lock: false Pre: Unowned;
            loc= line 183;
            trace= { Result JUnitCore.runClasses(Class[]) at line 523,
                     Result JUnitCore.runClasses(Computer,Class[]) at line 53,
                     Result JUnitCore.run(Computer,Class[]) at line 66,
                     Request Request.classes(Computer,Class[]) at line 109,
                     Runner Computer.getSuite(RunnerBuilder,Class[]) at line 77,
                     Computer$2.&lt;init&gt;(Computer,RunnerBuilder,Class[]) at line 28,
                     Suite.&lt;init&gt;(RunnerBuilder,Class[]) at line 33,
                     Suite.&lt;init&gt;(Class,List) at line 81,
                     ParentRunner.&lt;init&gt;(Class) at line 112,
                     void ParentRunner.validate() at line 92,
                     void ParentRunner.collectInitializationErrors(List) at line 523,
                     void ParentRunner.validateClassRules(List) at line 150 }},
           {elem= Access: Read of rules.RuleMemberValidator.CLASS_RULE_METHOD_VALIDATOR-&gt;annotation Thread: NoThread Lock: false Pre: Unowned;
            loc= line 89;
            trace= { Result JUnitCore.runClasses(Class[]) at line 523,
                     Result JUnitCore.runClasses(Computer,Class[]) at line 53,
                     Result JUnitCore.run(Computer,Class[]) at line 66,
                     Request Request.classes(Computer,Class[]) at line 109,
                     Runner Computer.getSuite(RunnerBuilder,Class[]) at line 77,
                     Computer$2.&lt;init&gt;(Computer,RunnerBuilder,Class[]) at line 28,
                     Suite.&lt;init&gt;(RunnerBuilder,Class[]) at line 33,
                     Suite.&lt;init&gt;(Class,List) at line 81,
                     ParentRunner.&lt;init&gt;(Class) at line 112,
                     void ParentRunner.validate() at line 92,
                     void ParentRunner.collectInitializationErrors(List) at line 523,
                     void ParentRunner.validateClassRules(List) at line 150,
                     void RuleMemberValidator.validate(TestClass,List) at line 184 }},
           {elem= Access: Read of rules.RuleMemberValidator.CLASS_RULE_METHOD_VALIDATOR-&gt;methods Thread: NoThread Lock: false Pre: Unowned;
            loc= line 89;
            trace= { Result JUnitCore.runClasses(Class[]) at line 523,
                     Result JUnitCore.runClasses(Computer,Class[]) at line 53,
                     Result JUnitCore.run(Computer,Class[]) at line 66,
                     Request Request.classes(Computer,Class[]) at line 109,
                     Runner Computer.getSuite(RunnerBuilder,Class[]) at line 77,
                     Computer$2.&lt;init&gt;(Computer,RunnerBuilder,Class[]) at line 28,
                     Suite.&lt;init&gt;(RunnerBuilder,Class[]) at line 33,
                     Suite.&lt;init&gt;(Class,List) at line 81,
                     ParentRunner.&lt;init&gt;(Class) at line 112,
                     void ParentRunner.validate() at line 92,
                     void ParentRunner.collectInitializationErrors(List) at line 523,
                     void ParentRunner.validateClassRules(List) at line 150,
                     void RuleMemberValidator.validate(TestClass,List) at line 184 }},
           {elem= Access: Read of rules.RuleMemberValidator.CLASS_RULE_METHOD_VALIDATOR-&gt;validatorStrategies Thread: NoThread Lock: false Pre: Unowned;
            loc= line 98;
            trace= { Result JUnitCore.runClasses(Class[]) at line 523,
                     Result JUnitCore.runClasses(Computer,Class[]) at line 53,
                     Result JUnitCore.run(Computer,Class[]) at line 66,
                     Request Request.classes(Computer,Class[]) at line 109,
                     Runner Computer.getSuite(RunnerBuilder,Class[]) at line 77,
                     Computer$2.&lt;init&gt;(Computer,RunnerBuilder,Class[]) at line 28,
                     Suite.&lt;init&gt;(RunnerBuilder,Class[]) at line 33,
                     Suite.&lt;init&gt;(Class,List) at line 81,
                     ParentRunner.&lt;init&gt;(Class) at line 112,
                     void ParentRunner.validate() at line 92,
                     void ParentRunner.collectInitializationErrors(List) at line 523,
                     void ParentRunner.validateClassRules(List) at line 150,
                     void RuleMemberValidator.validate(TestClass,List) at line 184,
                     void RuleMemberValidator.validateMember(FrameworkMember,List) at line 93 }},
           {elem= Access: Read of rules.RuleMemberValidator.CLASS_RULE_VALIDATOR-&gt;annotation Thread: NoThread Lock: false Pre: Unowned;
            loc= line 89;
            trace= { Result JUnitCore.runClasses(Class[]) at line 523,
                     Result JUnitCore.runClasses(Computer,Class[]) at line 53,
                     Result JUnitCore.run(Computer,Class[]) at line 66,
                     Request Request.classes(Computer,Class[]) at line 109,
                     Runner Computer.getSuite(RunnerBuilder,Class[]) at line 77,
                     Computer$2.&lt;init&gt;(Computer,RunnerBuilder,Class[]) at line 28,
                     Suite.&lt;init&gt;(RunnerBuilder,Class[]) at line 33,
                     Suite.&lt;init&gt;(Class,List) at line 81,
                     ParentRunner.&lt;init&gt;(Class) at line 112,
                     void ParentRunner.validate() at line 92,
                     void ParentRunner.collectInitializationErrors(List) at line 523,
                     void ParentRunner.validateClassRules(List) at line 150,
                     void RuleMemberValidator.validate(TestClass,List) at line 183 }},
           {elem= Access: Read of rules.RuleMemberValidator.CLASS_RULE_VALIDATOR-&gt;methods Thread: NoThread Lock: false Pre: Unowned;
            loc= line 89;
            trace= { Result JUnitCore.runClasses(Class[]) at line 523,
                     Result JUnitCore.runClasses(Computer,Class[]) at line 53,
                     Result JUnitCore.run(Computer,Class[]) at line 66,
                     Request Request.classes(Computer,Class[]) at line 109,
                     Runner Computer.getSuite(RunnerBuilder,Class[]) at line 77,
                     Computer$2.&lt;init&gt;(Computer,RunnerBuilder,Class[]) at line 28,
                     Suite.&lt;init&gt;(RunnerBuilder,Class[]) at line 33,
                     Suite.&lt;init&gt;(Class,List) at line 81,
                     ParentRunner.&lt;init&gt;(Class) at line 112,
                     void ParentRunner.validate() at line 92,
                     void ParentRunner.collectInitializationErrors(List) at line 523,
                     void ParentRunner.validateClassRules(List) at line 150,
                     void RuleMemberValidator.validate(TestClass,List) at line 183 }},
           {elem= Access: Read of rules.RuleMemberValidator.CLASS_RULE_VALIDATOR-&gt;validatorStrategies Thread: NoThread Lock: false Pre: Unowned;
            loc= line 98;
            trace= { Result JUnitCore.runClasses(Class[]) at line 523,
                     Result JUnitCore.runClasses(Computer,Class[]) at line 53,
                     Result JUnitCore.run(Computer,Class[]) at line 66,
                     Request Request.classes(Computer,Class[]) at line 109,
                     Runner Computer.getSuite(RunnerBuilder,Class[]) at line 77,
                     Computer$2.&lt;init&gt;(Computer,RunnerBuilder,Class[]) at line 28,
                     Suite.&lt;init&gt;(RunnerBuilder,Class[]) at line 33,
                     Suite.&lt;init&gt;(Class,List) at line 81,
                     ParentRunner.&lt;init&gt;(Class) at line 112,
                     void ParentRunner.validate() at line 92,
                     void ParentRunner.collectInitializationErrors(List) at line 523,
                     void ParentRunner.validateClassRules(List) at line 150,
                     void RuleMemberValidator.validate(TestClass,List) at line 183,
                     void RuleMemberValidator.validateMember(FrameworkMember,List) at line 93 }} } 
Ownership: { n$0 -&gt; Owned,
             n$3 -&gt; Owned,
             result -&gt; Owned,
             this -&gt; OwnedIf{ 0 },
             *n$0[_] -&gt; Owned } 
Attributes: { *n$0[_] -&gt; Functional } 


</LISTING>
<hr width="100%">
<a name="session34" href="./../nodes/org.junit.tests.running.classes.ParameterizedTestTest.failuresAddedForBadTestMethod%28%29%3Avoid.61929610726677c590ca74cc2451f257_node6.html#session34">node6#session34</a>(<a href="./../../ParameterizedTestTest.java.88da44e98279dfa32c0c7e5c52f053d0.html#LINE523">523</a>) biabduction
<LISTING class='color_black'>**** [FP:Pending] void ParameterizedTestTest.failuresAddedForBadTestMethod() Node: 6, Procedure: void ParameterizedTestTest.failuresAddedForBadTestMethod(), Todo: 1 ****
  PROP 1 of 1:
  <span class='color_blue'><span class='color_red'>MEMna &lt; new[]:523 &gt; <span class='color_orange'>{vpath: }</span>($irvar0)</span> ;
  <span class='color_red'>result = _t$3<span class='color_orange'>initial</span>:org.junit.runner.Result*</span>; <span class='color_red'>$irvar0 = _t$2<span class='color_orange'>update:523</span>:void</span>; <span class='color_red'>return = _t$1<span class='color_orange'>initial</span>:void</span>; <span class='color_red'>$irvar1 = _t$0<span class='color_orange'>initial</span>:void</span>; <span class='color_red'>this = @f$0<span class='color_orange'>formal</span>:org.junit.tests.running.classes.ParameterizedTestTest*( sub )</span>; <span class='color_red'>old_this = @f$0<span class='color_orange'>formal</span>:org.junit.tests.running.classes.ParameterizedTestTest*( sub )</span> ;
  <span class='color_red'>$irvar0|->[1|0:org.junit.tests.running.classes.ParameterizedTestTest$IncorrectTest<span class='color_orange'>update:523</span>]<span class='color_orange'>alloc</span>:java.lang.Class*[_*_][1]</span>
  [footprint
     <span class='color_red'>this = @f$0<span class='color_orange'>formal</span>:org.junit.tests.running.classes.ParameterizedTestTest*( sub )</span>  ]</span>
  .... Instructions: ....
  <span class='color_green'>n$2=*&amp;$irvar0:java.lang.Class*[_*_](*) [line 523];
  n$3=_fun_Result JUnitCore.runClasses(Class[])(n$2:java.lang.Class*[_*_](*)) [line 523];
  *&amp;result:org.junit.runner.Result*=n$3 [line 523];
  NULLIFY(&amp;$irvar0); [line 523];
  EXIT_SCOPE(n$2,n$3,$irvar0); [line 523];
  </span>
  
  Processing prop 1/1
    Instruction <span class='color_green'>n$2=*&amp;$irvar0:java.lang.Class*[_*_](*) [line 523]</span>
    in vpath_find exp:n$16
    vpath_find do_sexp: no match on Eexp &amp;$irvar0
    vpath_find: cannot find n$16
    .... Rearrangement Start ....
    Exp: &amp;$irvar0
    Prop:
    <span class='color_blue'>MEMna &lt; new[]:523 &gt; <span class='color_orange'>{vpath: }</span>($irvar0) ;
    result = n$17<span class='color_orange'>initial</span>:org.junit.runner.Result*; $irvar0 = n$16<span class='color_orange'>update:523</span>:void; return = n$18<span class='color_orange'>initial</span>:void; $irvar1 = n$19<span class='color_orange'>initial</span>:void; this = @f$0<span class='color_orange'>formal</span>:org.junit.tests.running.classes.ParameterizedTestTest*( sub ); old_this = @f$0<span class='color_orange'>formal</span>:org.junit.tests.running.classes.ParameterizedTestTest*( sub ) ;
    $irvar0|->[1|0:org.junit.tests.running.classes.ParameterizedTestTest$IncorrectTest<span class='color_orange'>update:523</span>]<span class='color_orange'>alloc</span>:java.lang.Class*[_*_][1]
    [footprint
       this = @f$0<span class='color_orange'>formal</span>:org.junit.tests.running.classes.ParameterizedTestTest*( sub )  ]</span>
    
    in prop_iter_extend_ptsto lexp: &amp;$irvar0
    prop before:
    <span class='color_blue'>MEMna &lt; new[]:523 &gt; <span class='color_orange'>{vpath: }</span>($irvar0) ;
    result = n$17<span class='color_orange'>initial</span>:org.junit.runner.Result*; $irvar0 = n$16<span class='color_orange'>update:523</span>:void; return = n$18<span class='color_orange'>initial</span>:void; $irvar1 = n$19<span class='color_orange'>initial</span>:void; this = @f$0<span class='color_orange'>formal</span>:org.junit.tests.running.classes.ParameterizedTestTest*( sub ); old_this = @f$0<span class='color_orange'>formal</span>:org.junit.tests.running.classes.ParameterizedTestTest*( sub ) ;
    $irvar0|->[1|0:org.junit.tests.running.classes.ParameterizedTestTest$IncorrectTest<span class='color_orange'>update:523</span>]<span class='color_orange'>alloc</span>:java.lang.Class*[_*_][1]
    [footprint
       this = @f$0<span class='color_orange'>formal</span>:org.junit.tests.running.classes.ParameterizedTestTest*( sub )  ]</span>
    
    
    prop list after:
    PROP 1 of 1:
    <span class='color_blue'><span class='color_blue'>MEMna &lt; new[]:523 &gt; <span class='color_orange'>{vpath: }</span>($irvar0)</span> ;
    <span class='color_blue'>result = n$17<span class='color_orange'>initial</span>:org.junit.runner.Result*</span>; <span class='color_blue'>$irvar0 = n$16<span class='color_orange'>update:523</span>:void</span>; <span class='color_blue'>return = n$18<span class='color_orange'>initial</span>:void</span>; <span class='color_blue'>$irvar1 = n$19<span class='color_orange'>initial</span>:void</span>; <span class='color_blue'>this = @f$0<span class='color_orange'>formal</span>:org.junit.tests.running.classes.ParameterizedTestTest*( sub )</span>; <span class='color_blue'>old_this = @f$0<span class='color_orange'>formal</span>:org.junit.tests.running.classes.ParameterizedTestTest*( sub )</span> ;
    <span class='color_blue'>$irvar0|->[1|0:org.junit.tests.running.classes.ParameterizedTestTest$IncorrectTest<span class='color_orange'>update:523</span>]<span class='color_orange'>alloc</span>:java.lang.Class*[_*_][1]</span>
    [footprint
       <span class='color_blue'>this = @f$0<span class='color_orange'>formal</span>:org.junit.tests.running.classes.ParameterizedTestTest*( sub )</span>  ]</span>
    
    
    
    Instruction Returns
    PROP 1 of 1:
    <span class='color_blue'><span class='color_red'>MEMna &lt; new[]:523 &gt; <span class='color_orange'>{vpath: }</span>($irvar0)</span> ;
    <span class='color_blue'>result = <span class='color_red'>_t$2<span class='color_orange'>initial</span></span>:org.junit.runner.Result*</span>; <span class='color_blue'>$irvar0 = <span class='color_red'>n$2<span class='color_orange'>update:523</span></span>:void</span>; <span class='color_blue'>return = _t$1<span class='color_orange'>initial</span>:void</span>; <span class='color_blue'>$irvar1 = _t$0<span class='color_orange'>initial</span>:void</span>; <span class='color_blue'>this = @f$0<span class='color_orange'>formal</span>:org.junit.tests.running.classes.ParameterizedTestTest*( sub )</span>; <span class='color_blue'>old_this = @f$0<span class='color_orange'>formal</span>:org.junit.tests.running.classes.ParameterizedTestTest*( sub )</span> ;
    <span class='color_red'>$irvar0|->[1|0:org.junit.tests.running.classes.ParameterizedTestTest$IncorrectTest<span class='color_orange'>update:523</span>]<span class='color_orange'>alloc</span>:java.lang.Class*[_*_][1]</span>
    [footprint
       <span class='color_blue'>this = @f$0<span class='color_orange'>formal</span>:org.junit.tests.running.classes.ParameterizedTestTest*( sub )</span>  ]</span>
    
    Instruction <span class='color_green'>n$3=_fun_Result JUnitCore.runClasses(Class[])(n$2:java.lang.Class*[_*_](*)) [line 523]</span>
    in vpath_find exp:n$2
    vpath_find do_sexp: no match on Eexp &amp;$irvar0
    vpath_find: cannot find n$2
    Found 1 specs for function org.junit.runner.JUnitCore.runClasses(java.lang.Class[]):org.junit.runner.Result
    START EXECUTING SPECS FOR org.junit.runner.JUnitCore.runClasses(java.lang.Class[]):org.junit.runner.Result from state
    <span class='color_blue'>MEMna &lt; new[]:523 &gt; <span class='color_orange'>{vpath: }</span>($irvar0) ;
    result = n$20<span class='color_orange'>initial</span>:org.junit.runner.Result*; $irvar0 = n$2<span class='color_orange'>update:523</span>:void; return = n$21<span class='color_orange'>initial</span>:void; $irvar1 = n$22<span class='color_orange'>initial</span>:void; this = @f$0<span class='color_orange'>formal</span>:org.junit.tests.running.classes.ParameterizedTestTest*( sub ); old_this = @f$0<span class='color_orange'>formal</span>:org.junit.tests.running.classes.ParameterizedTestTest*( sub ) ;
    $irvar0|->[1|0:org.junit.tests.running.classes.ParameterizedTestTest$IncorrectTest<span class='color_orange'>update:523</span>]<span class='color_orange'>alloc</span>:java.lang.Class*[_*_][1]
    [footprint
       this = @f$0<span class='color_orange'>formal</span>:org.junit.tests.running.classes.ParameterizedTestTest*( sub )  ]</span>
    EXECUTING SPEC 1/1
    ACTUAL PRECONDITION =
      <span class='color_blue'>MEMna &lt; new[]:523 &gt; <span class='color_orange'>{vpath: }</span>($irvar0) ;
      result = n$20<span class='color_orange'>initial</span>:org.junit.runner.Result*; classes|callee = n$2<span class='color_orange'>actual_precondition</span>:java.lang.Class*[_*_](*); $irvar0 = n$2<span class='color_orange'>update:523</span>:void; return = n$21<span class='color_orange'>initial</span>:void; $irvar1 = n$22<span class='color_orange'>initial</span>:void; this = @f$0<span class='color_orange'>formal</span>:org.junit.tests.running.classes.ParameterizedTestTest*( sub ); old_this = @f$0<span class='color_orange'>formal</span>:org.junit.tests.running.classes.ParameterizedTestTest*( sub ) ;
      $irvar0|->[1|0:org.junit.tests.running.classes.ParameterizedTestTest$IncorrectTest<span class='color_orange'>update:523</span>]<span class='color_orange'>alloc</span>:java.lang.Class*[_*_][1]
      [footprint
         this = @f$0<span class='color_orange'>formal</span>:org.junit.tests.running.classes.ParameterizedTestTest*( sub )  ]</span>
    SPEC =
      --------------------------- ---------- ---------------------------
      PRE:
      <span class='color_blue'><span class='color_blue'>classes|callee = _t$29<span class='color_orange'>formal</span>:java.lang.Class*[_*_](*)( sub )</span></span>
      POST 1 of 1:
      <span class='color_blue'><span class='color_red'>UND &lt; Result JUnitCore.runClasses(Computer,Class[]) &gt; :53(return|callee)</span> ;
      <span class='color_red'>return|callee = _t$30<span class='color_orange'>update:53</span>:org.junit.runner.Result*</span></span>
      ----------------------------------------------------------------
    pre_check_pure_implication
    pi1:
      MEMna &lt; new[]:523 &gt; <span class='color_orange'>{vpath: }</span>(n$2)
    pi2:
      
    returns
    sub1:
      
    sub2:
      
    Current Implication
    SUB:
      
    <span class='color_blue'>MEMna &lt; new[]:523 &gt; <span class='color_orange'>{vpath: }</span>($irvar0) ;
    result = n$20<span class='color_orange'>initial</span>:org.junit.runner.Result*; classes|callee = n$2<span class='color_orange'>actual_precondition</span>:java.lang.Class*[_*_](*); $irvar0 = n$2<span class='color_orange'>update:523</span>:void; return = n$21<span class='color_orange'>initial</span>:void; $irvar1 = n$22<span class='color_orange'>initial</span>:void; this = @f$0<span class='color_orange'>formal</span>:org.junit.tests.running.classes.ParameterizedTestTest*( sub ); old_this = @f$0<span class='color_orange'>formal</span>:org.junit.tests.running.classes.ParameterizedTestTest*( sub ) ;
    $irvar0|->[1|0:org.junit.tests.running.classes.ParameterizedTestTest$IncorrectTest<span class='color_orange'>update:523</span>]<span class='color_orange'>alloc</span>:java.lang.Class*[_*_][1]
    [footprint
       this = @f$0<span class='color_orange'>formal</span>:org.junit.tests.running.classes.ParameterizedTestTest*( sub )  ]</span>
    |-
    <span class='color_blue'>classes|callee = _t$29<span class='color_orange'>formal</span>:java.lang.Class*[_*_](*)( sub )</span>
    
      do_imply n$2 _t$29
        Final Implication
        SUB:
          
        <span class='color_blue'>MEMna &lt; new[]:523 &gt; <span class='color_orange'>{vpath: }</span>($irvar0) ;
        result = n$20<span class='color_orange'>initial</span>:org.junit.runner.Result*; $irvar0 = n$2<span class='color_orange'>update:523</span>:void; return = n$21<span class='color_orange'>initial</span>:void; $irvar1 = n$22<span class='color_orange'>initial</span>:void; this = @f$0<span class='color_orange'>formal</span>:org.junit.tests.running.classes.ParameterizedTestTest*( sub ); old_this = @f$0<span class='color_orange'>formal</span>:org.junit.tests.running.classes.ParameterizedTestTest*( sub ) ;
        $irvar0|->[1|0:org.junit.tests.running.classes.ParameterizedTestTest$IncorrectTest<span class='color_orange'>update:523</span>]<span class='color_orange'>alloc</span>:java.lang.Class*[_*_][1]
        [footprint
           this = @f$0<span class='color_orange'>formal</span>:org.junit.tests.running.classes.ParameterizedTestTest*( sub )  ]</span>
        [SUB: 
          _t$29 = n$2]
        |-
        <span class='color_blue'></span>
    Result of Abduction
      SUB:
        
      <span class='color_blue'>MEMna &lt; new[]:523 &gt; <span class='color_orange'>{vpath: }</span>($irvar0) ;
      result = n$20<span class='color_orange'>initial</span>:org.junit.runner.Result*; classes|callee = n$2<span class='color_orange'>actual_precondition</span>:java.lang.Class*[_*_](*); $irvar0 = n$2<span class='color_orange'>update:523</span>:void; return = n$21<span class='color_orange'>initial</span>:void; $irvar1 = n$22<span class='color_orange'>initial</span>:void; this = @f$0<span class='color_orange'>formal</span>:org.junit.tests.running.classes.ParameterizedTestTest*( sub ); old_this = @f$0<span class='color_orange'>formal</span>:org.junit.tests.running.classes.ParameterizedTestTest*( sub ) ;
      $irvar0|->[1|0:org.junit.tests.running.classes.ParameterizedTestTest$IncorrectTest<span class='color_orange'>update:523</span>]<span class='color_orange'>alloc</span>:java.lang.Class*[_*_][1]
      [footprint
         this = @f$0<span class='color_orange'>formal</span>:org.junit.tests.running.classes.ParameterizedTestTest*( sub )  ]</span>
      [SUB: 
        _t$29 = n$2]
      |-
      <span class='color_blue'>classes|callee = n$2<span class='color_orange'>formal</span>:java.lang.Class*[_*_](*)( sub )</span>
    returning TRUE
      New footprint:
      
      Frame fld:
      
      Missing fld:
      
      Instantiated frame:
      n$2|->[1|0:org.junit.tests.running.classes.ParameterizedTestTest$IncorrectTest<span class='color_orange'>update:523</span>]<span class='color_orange'>alloc</span>:java.lang.Class*[_*_][1]; &amp;result|->n$20<span class='color_orange'>initial</span>:org.junit.runner.Result*; &amp;$irvar0|->n$2<span class='color_orange'>update:523</span>:void; &amp;return|->n$21<span class='color_orange'>initial</span>:void; &amp;$irvar1|->n$22<span class='color_orange'>initial</span>:void; &amp;this|->@f$0<span class='color_orange'>formal</span>:org.junit.tests.running.classes.ParameterizedTestTest*( sub ); &amp;old_this|->@f$0<span class='color_orange'>formal</span>:org.junit.tests.running.classes.ParameterizedTestTest*( sub )
      Instantiated post:
      PROP 1 of 1:
      <span class='color_blue'><span class='color_red'>UND &lt; Result JUnitCore.runClasses(Computer,Class[]) &gt; :53(return|callee)</span> ;
      <span class='color_red'>return|callee = _t$30<span class='color_orange'>update:523</span>:org.junit.runner.Result*</span></span>
      
    ***** RESULTS FUNCTION CALL *******
    PROP 1 of 1:
    <span class='color_blue'><span class='color_blue'>MEMna &lt; new[]:523 &gt; <span class='color_orange'>{vpath: }</span>($irvar0)</span>; <span class='color_red'>UND &lt; Result JUnitCore.runClasses(Computer,Class[]) &gt; :53(n$3)</span> ;
    <span class='color_blue'>result = n$20<span class='color_orange'>initial</span>:org.junit.runner.Result*</span>; <span class='color_blue'>$irvar0 = n$2<span class='color_orange'>update:523</span>:void</span>; <span class='color_blue'>return = n$21<span class='color_orange'>initial</span>:void</span>; <span class='color_blue'>$irvar1 = n$22<span class='color_orange'>initial</span>:void</span>; <span class='color_blue'>this = @f$0<span class='color_orange'>formal</span>:org.junit.tests.running.classes.ParameterizedTestTest*( sub )</span>; <span class='color_blue'>old_this = @f$0<span class='color_orange'>formal</span>:org.junit.tests.running.classes.ParameterizedTestTest*( sub )</span> ;
    <span class='color_blue'>$irvar0|->[1|0:org.junit.tests.running.classes.ParameterizedTestTest$IncorrectTest<span class='color_orange'>update:523</span>]<span class='color_orange'>alloc</span>:java.lang.Class*[_*_][1]</span>
    [footprint
       <span class='color_blue'>this = @f$0<span class='color_orange'>formal</span>:org.junit.tests.running.classes.ParameterizedTestTest*( sub )</span>  ]</span>
    ***** END RESULTS FUNCTION CALL *******
    Prover.check_inconsistency_base: inconsistency reason [None]
    Prover.check_inconsistency_base: inconsistency reason [None]
    Prover.check_inconsistency_base: inconsistency reason [None]
    Prover.check_inconsistency_base: inconsistency reason [None]
    Instruction Returns
    PROP 1 of 1:
    <span class='color_blue'><span class='color_blue'>MEMna &lt; new[]:523 &gt; <span class='color_orange'>{vpath: }</span>($irvar0)</span>; <span class='color_red'>UND &lt; Result JUnitCore.runClasses(Computer,Class[]) &gt; :53(n$3)</span> ;
    <span class='color_blue'>result = _t$2<span class='color_orange'>initial</span>:org.junit.runner.Result*</span>; <span class='color_blue'>$irvar0 = n$2<span class='color_orange'>update:523</span>:void</span>; <span class='color_blue'>return = _t$1<span class='color_orange'>initial</span>:void</span>; <span class='color_blue'>$irvar1 = _t$0<span class='color_orange'>initial</span>:void</span>; <span class='color_blue'>this = @f$0<span class='color_orange'>formal</span>:org.junit.tests.running.classes.ParameterizedTestTest*( sub )</span>; <span class='color_blue'>old_this = @f$0<span class='color_orange'>formal</span>:org.junit.tests.running.classes.ParameterizedTestTest*( sub )</span> ;
    <span class='color_blue'>$irvar0|->[1|0:org.junit.tests.running.classes.ParameterizedTestTest$IncorrectTest<span class='color_orange'>update:523</span>]<span class='color_orange'>alloc</span>:java.lang.Class*[_*_][1]</span>
    [footprint
       <span class='color_blue'>this = @f$0<span class='color_orange'>formal</span>:org.junit.tests.running.classes.ParameterizedTestTest*( sub )</span>  ]</span>
    
    Instruction <span class='color_green'>*&amp;result:org.junit.runner.Result*=n$3 [line 523]</span>
    in vpath_find exp:n$2
    vpath_find do_sexp: no match on Eexp &amp;$irvar0
    vpath_find: cannot find n$2
    .... Rearrangement Start ....
    Exp: &amp;result
    Prop:
    <span class='color_blue'>MEMna &lt; new[]:523 &gt; <span class='color_orange'>{vpath: }</span>($irvar0); UND &lt; Result JUnitCore.runClasses(Computer,Class[]) &gt; :53(n$3) ;
    result = n$23<span class='color_orange'>initial</span>:org.junit.runner.Result*; $irvar0 = n$2<span class='color_orange'>update:523</span>:void; return = n$24<span class='color_orange'>initial</span>:void; $irvar1 = n$25<span class='color_orange'>initial</span>:void; this = @f$0<span class='color_orange'>formal</span>:org.junit.tests.running.classes.ParameterizedTestTest*( sub ); old_this = @f$0<span class='color_orange'>formal</span>:org.junit.tests.running.classes.ParameterizedTestTest*( sub ) ;
    $irvar0|->[1|0:org.junit.tests.running.classes.ParameterizedTestTest$IncorrectTest<span class='color_orange'>update:523</span>]<span class='color_orange'>alloc</span>:java.lang.Class*[_*_][1]
    [footprint
       this = @f$0<span class='color_orange'>formal</span>:org.junit.tests.running.classes.ParameterizedTestTest*( sub )  ]</span>
    
    in prop_iter_extend_ptsto lexp: &amp;result
    prop before:
    <span class='color_blue'>MEMna &lt; new[]:523 &gt; <span class='color_orange'>{vpath: }</span>($irvar0); UND &lt; Result JUnitCore.runClasses(Computer,Class[]) &gt; :53(n$3) ;
    result = n$23<span class='color_orange'>initial</span>:org.junit.runner.Result*; $irvar0 = n$2<span class='color_orange'>update:523</span>:void; return = n$24<span class='color_orange'>initial</span>:void; $irvar1 = n$25<span class='color_orange'>initial</span>:void; this = @f$0<span class='color_orange'>formal</span>:org.junit.tests.running.classes.ParameterizedTestTest*( sub ); old_this = @f$0<span class='color_orange'>formal</span>:org.junit.tests.running.classes.ParameterizedTestTest*( sub ) ;
    $irvar0|->[1|0:org.junit.tests.running.classes.ParameterizedTestTest$IncorrectTest<span class='color_orange'>update:523</span>]<span class='color_orange'>alloc</span>:java.lang.Class*[_*_][1]
    [footprint
       this = @f$0<span class='color_orange'>formal</span>:org.junit.tests.running.classes.ParameterizedTestTest*( sub )  ]</span>
    
    
    prop list after:
    PROP 1 of 1:
    <span class='color_blue'><span class='color_blue'>MEMna &lt; new[]:523 &gt; <span class='color_orange'>{vpath: }</span>($irvar0)</span>; <span class='color_blue'>UND &lt; Result JUnitCore.runClasses(Computer,Class[]) &gt; :53(n$3)</span> ;
    <span class='color_blue'>result = n$23<span class='color_orange'>initial</span>:org.junit.runner.Result*</span>; <span class='color_blue'>$irvar0 = n$2<span class='color_orange'>update:523</span>:void</span>; <span class='color_blue'>return = n$24<span class='color_orange'>initial</span>:void</span>; <span class='color_blue'>$irvar1 = n$25<span class='color_orange'>initial</span>:void</span>; <span class='color_blue'>this = @f$0<span class='color_orange'>formal</span>:org.junit.tests.running.classes.ParameterizedTestTest*( sub )</span>; <span class='color_blue'>old_this = @f$0<span class='color_orange'>formal</span>:org.junit.tests.running.classes.ParameterizedTestTest*( sub )</span> ;
    <span class='color_blue'>$irvar0|->[1|0:org.junit.tests.running.classes.ParameterizedTestTest$IncorrectTest<span class='color_orange'>update:523</span>]<span class='color_orange'>alloc</span>:java.lang.Class*[_*_][1]</span>
    [footprint
       <span class='color_blue'>this = @f$0<span class='color_orange'>formal</span>:org.junit.tests.running.classes.ParameterizedTestTest*( sub )</span>  ]</span>
    
    
    
    Instruction Returns
    PROP 1 of 1:
    <span class='color_blue'><span class='color_blue'>MEMna &lt; new[]:523 &gt; <span class='color_orange'>{vpath: }</span>($irvar0)</span>; <span class='color_blue'>UND &lt; Result JUnitCore.runClasses(Computer,Class[]) &gt; :53(result)</span> ;
    <span class='color_blue'>result = <span class='color_red'>n$3<span class='color_orange'>update:523</span></span>:org.junit.runner.Result*</span>; <span class='color_blue'>$irvar0 = n$2<span class='color_orange'>update:523</span>:void</span>; <span class='color_blue'>return = _t$1<span class='color_orange'>initial</span>:void</span>; <span class='color_blue'>$irvar1 = _t$0<span class='color_orange'>initial</span>:void</span>; <span class='color_blue'>this = @f$0<span class='color_orange'>formal</span>:org.junit.tests.running.classes.ParameterizedTestTest*( sub )</span>; <span class='color_blue'>old_this = @f$0<span class='color_orange'>formal</span>:org.junit.tests.running.classes.ParameterizedTestTest*( sub )</span> ;
    <span class='color_blue'>$irvar0|->[1|0:org.junit.tests.running.classes.ParameterizedTestTest$IncorrectTest<span class='color_orange'>update:523</span>]<span class='color_orange'>alloc</span>:java.lang.Class*[_*_][1]</span>
    [footprint
       <span class='color_blue'>this = @f$0<span class='color_orange'>formal</span>:org.junit.tests.running.classes.ParameterizedTestTest*( sub )</span>  ]</span>
    
    Instruction <span class='color_green'>NULLIFY(&amp;$irvar0); [line 523]</span>
    in vpath_find exp:n$2
    vpath_find do_sexp: no match on Eexp &amp;$irvar0
    vpath_find: cannot find n$2
    Instruction Returns
    PROP 1 of 1:
    <span class='color_blue'><span class='color_blue'>MEMna &lt; new[]:523 &gt; <span class='color_orange'>{vpath: }</span>(n$2)</span>; <span class='color_blue'>UND &lt; Result JUnitCore.runClasses(Computer,Class[]) &gt; :53(result)</span> ;
    <span class='color_blue'>result = n$3<span class='color_orange'>update:523</span>:org.junit.runner.Result*</span>; <span class='color_blue'>$irvar0 = <span class='color_red'>0<span class='color_orange'>nullify</span></span>:void</span>; <span class='color_blue'>return = _t$1<span class='color_orange'>initial</span>:void</span>; <span class='color_blue'>$irvar1 = _t$0<span class='color_orange'>initial</span>:void</span>; <span class='color_blue'>this = @f$0<span class='color_orange'>formal</span>:org.junit.tests.running.classes.ParameterizedTestTest*( sub )</span>; <span class='color_blue'>old_this = @f$0<span class='color_orange'>formal</span>:org.junit.tests.running.classes.ParameterizedTestTest*( sub )</span> ;
    <span class='color_blue'>n$2|->[1|0:org.junit.tests.running.classes.ParameterizedTestTest$IncorrectTest<span class='color_orange'>update:523</span>]<span class='color_orange'>alloc</span>:java.lang.Class*[_*_][1]</span>
    [footprint
       <span class='color_blue'>this = @f$0<span class='color_orange'>formal</span>:org.junit.tests.running.classes.ParameterizedTestTest*( sub )</span>  ]</span>
    
    Instruction <span class='color_green'>EXIT_SCOPE(n$2,n$3,$irvar0); [line 523]</span>
    in vpath_find exp:n$2
    vpath_find: cannot find n$2
    .... Prop with garbage in normal part ....
      PROP:
      <span class='color_blue'>MEMna &lt; new[]:523 &gt; <span class='color_orange'>{vpath: }</span>(_t$37); UND &lt; Result JUnitCore.runClasses(Computer,Class[]) &gt; :53(result) ;
      result = _t$38<span class='color_orange'>update:523</span>:org.junit.runner.Result*; $irvar0 = 0<span class='color_orange'>nullify</span>:void; return = _t$1<span class='color_orange'>initial</span>:void; $irvar1 = _t$0<span class='color_orange'>initial</span>:void; this = @f$0<span class='color_orange'>formal</span>:org.junit.tests.running.classes.ParameterizedTestTest*( sub ); old_this = @f$0<span class='color_orange'>formal</span>:org.junit.tests.running.classes.ParameterizedTestTest*( sub ) ;
      _t$37|->[1|0:org.junit.tests.running.classes.ParameterizedTestTest$IncorrectTest<span class='color_orange'>update:523</span>]<span class='color_orange'>alloc</span>:java.lang.Class*[_*_][1]
      [footprint
         this = @f$0<span class='color_orange'>formal</span>:org.junit.tests.running.classes.ParameterizedTestTest*( sub )  ]</span>
      PREDICATE:
      _t$37|->[1|0:org.junit.tests.running.classes.ParameterizedTestTest$IncorrectTest<span class='color_orange'>update:523</span>]<span class='color_orange'>alloc</span>:java.lang.Class*[_*_][1]
      ATTRIBUTE: MEMna &lt; new[]:523 &gt; <span class='color_orange'>{vpath: }</span>
      explain_leak: case not matched in instr <span class='color_green'>EXIT_SCOPE(n$2,n$3,$irvar0); [line 523]</span>
    Instruction Returns
    PROP 1 of 1:
    <span class='color_blue'><span class='color_red'>MEMna &lt; new[]:523 &gt; <span class='color_orange'>{vpath: }</span>(_t$3)</span>; <span class='color_red'>UND &lt; Result JUnitCore.runClasses(Computer,Class[]) &gt; :53(result)</span> ;
    <span class='color_blue'>result = <span class='color_red'>_t$2<span class='color_orange'>update:523</span></span>:org.junit.runner.Result*</span>; <span class='color_blue'>$irvar0 = 0<span class='color_orange'>nullify</span>:void</span>; <span class='color_blue'>return = _t$1<span class='color_orange'>initial</span>:void</span>; <span class='color_blue'>$irvar1 = _t$0<span class='color_orange'>initial</span>:void</span>; <span class='color_blue'>this = @f$0<span class='color_orange'>formal</span>:org.junit.tests.running.classes.ParameterizedTestTest*( sub )</span>; <span class='color_blue'>old_this = @f$0<span class='color_orange'>formal</span>:org.junit.tests.running.classes.ParameterizedTestTest*( sub )</span>
    [footprint
       <span class='color_blue'>this = @f$0<span class='color_orange'>formal</span>:org.junit.tests.running.classes.ParameterizedTestTest*( sub )</span>  ]</span>
    
    .... After Symbolic Execution ....
    PROP 1 of 1:
    <span class='color_blue'><span class='color_red'>MEMna &lt; new[]:523 &gt; <span class='color_orange'>{vpath: }</span>(_t$3)</span>; <span class='color_blue'>UND &lt; Result JUnitCore.runClasses(Computer,Class[]) &gt; :53(result)</span> ;
    <span class='color_blue'>result = <span class='color_red'>_t$2<span class='color_orange'>update:523</span></span>:org.junit.runner.Result*</span>; <span class='color_blue'>$irvar0 = <span class='color_red'>0<span class='color_orange'>nullify</span></span>:void</span>; <span class='color_blue'>return = _t$1<span class='color_orange'>initial</span>:void</span>; <span class='color_blue'>$irvar1 = _t$0<span class='color_orange'>initial</span>:void</span>; <span class='color_blue'>this = @f$0<span class='color_orange'>formal</span>:org.junit.tests.running.classes.ParameterizedTestTest*( sub )</span>; <span class='color_blue'>old_this = @f$0<span class='color_orange'>formal</span>:org.junit.tests.running.classes.ParameterizedTestTest*( sub )</span>
    [footprint
       <span class='color_blue'>this = @f$0<span class='color_orange'>formal</span>:org.junit.tests.running.classes.ParameterizedTestTest*( sub )</span>  ]</span>
    
    
    
  </LISTING>
<hr width="100%">
<a name="session44" href="./../nodes/org.junit.tests.running.classes.ParameterizedTestTest.failuresAddedForBadTestMethod%28%29%3Avoid.61929610726677c590ca74cc2451f257_node6.html#session44">node6#session44</a>(<a href="./../../ParameterizedTestTest.java.88da44e98279dfa32c0c7e5c52f053d0.html#LINE523">523</a>) biabduction
<LISTING class='color_black'>**** [RE:Pending] void ParameterizedTestTest.failuresAddedForBadTestMethod() Node: 6, Procedure: void ParameterizedTestTest.failuresAddedForBadTestMethod(), Todo: 1 ****
  PROP 1 of 1:
  <span class='color_blue'><span class='color_red'>MEMna &lt; new[]:523 &gt; <span class='color_orange'>{vpath: }</span>($irvar0)</span> ;
  <span class='color_red'>result = _t$3<span class='color_orange'>initial</span>:org.junit.runner.Result*</span>; <span class='color_red'>$irvar0 = _t$2<span class='color_orange'>update:523</span>:void</span>; <span class='color_red'>return = _t$1<span class='color_orange'>initial</span>:void</span>; <span class='color_red'>$irvar1 = _t$0<span class='color_orange'>initial</span>:void</span>; <span class='color_red'>this = val$1<span class='color_orange'>formal</span>:org.junit.tests.running.classes.ParameterizedTestTest*( sub )</span>; <span class='color_red'>old_this = val$1<span class='color_orange'>formal</span>:org.junit.tests.running.classes.ParameterizedTestTest*( sub )</span> ;
  <span class='color_red'>$irvar0|->[1|0:org.junit.tests.running.classes.ParameterizedTestTest$IncorrectTest<span class='color_orange'>update:523</span>]<span class='color_orange'>alloc</span>:java.lang.Class*[_*_][1]</span></span>
  .... Instructions: ....
  <span class='color_green'>n$2=*&amp;$irvar0:java.lang.Class*[_*_](*) [line 523];
  n$3=_fun_Result JUnitCore.runClasses(Class[])(n$2:java.lang.Class*[_*_](*)) [line 523];
  *&amp;result:org.junit.runner.Result*=n$3 [line 523];
  NULLIFY(&amp;$irvar0); [line 523];
  EXIT_SCOPE(n$2,n$3,$irvar0); [line 523];
  </span>
  
  Processing prop 1/1
    Instruction <span class='color_green'>n$2=*&amp;$irvar0:java.lang.Class*[_*_](*) [line 523]</span>
    in vpath_find exp:n$16
    vpath_find do_sexp: no match on Eexp &amp;$irvar0
    vpath_find: cannot find n$16
    .... Rearrangement Start ....
    Exp: &amp;$irvar0
    Prop:
    <span class='color_blue'>MEMna &lt; new[]:523 &gt; <span class='color_orange'>{vpath: }</span>($irvar0) ;
    result = n$17<span class='color_orange'>initial</span>:org.junit.runner.Result*; $irvar0 = n$16<span class='color_orange'>update:523</span>:void; return = n$18<span class='color_orange'>initial</span>:void; $irvar1 = n$19<span class='color_orange'>initial</span>:void; this = val$1<span class='color_orange'>formal</span>:org.junit.tests.running.classes.ParameterizedTestTest*( sub ); old_this = val$1<span class='color_orange'>formal</span>:org.junit.tests.running.classes.ParameterizedTestTest*( sub ) ;
    $irvar0|->[1|0:org.junit.tests.running.classes.ParameterizedTestTest$IncorrectTest<span class='color_orange'>update:523</span>]<span class='color_orange'>alloc</span>:java.lang.Class*[_*_][1]</span>
    
    Prover.check_inconsistency_base: inconsistency reason [None]
    Prover.check_inconsistency_base: inconsistency reason [None]
    Instruction Returns
    PROP 1 of 1:
    <span class='color_blue'><span class='color_red'>MEMna &lt; new[]:523 &gt; <span class='color_orange'>{vpath: }</span>($irvar0)</span> ;
    <span class='color_blue'>result = <span class='color_red'>_t$2<span class='color_orange'>initial</span></span>:org.junit.runner.Result*</span>; <span class='color_blue'>$irvar0 = <span class='color_red'>n$2<span class='color_orange'>update:523</span></span>:void</span>; <span class='color_blue'>return = _t$1<span class='color_orange'>initial</span>:void</span>; <span class='color_blue'>$irvar1 = _t$0<span class='color_orange'>initial</span>:void</span>; <span class='color_blue'>this = val$1<span class='color_orange'>formal</span>:org.junit.tests.running.classes.ParameterizedTestTest*( sub )</span>; <span class='color_blue'>old_this = val$1<span class='color_orange'>formal</span>:org.junit.tests.running.classes.ParameterizedTestTest*( sub )</span> ;
    <span class='color_red'>$irvar0|->[1|0:org.junit.tests.running.classes.ParameterizedTestTest$IncorrectTest<span class='color_orange'>update:523</span>]<span class='color_orange'>alloc</span>:java.lang.Class*[_*_][1]</span></span>
    
    Instruction <span class='color_green'>n$3=_fun_Result JUnitCore.runClasses(Class[])(n$2:java.lang.Class*[_*_](*)) [line 523]</span>
    in vpath_find exp:n$2
    vpath_find do_sexp: no match on Eexp &amp;$irvar0
    vpath_find: cannot find n$2
    Found 1 specs for function org.junit.runner.JUnitCore.runClasses(java.lang.Class[]):org.junit.runner.Result
    START EXECUTING SPECS FOR org.junit.runner.JUnitCore.runClasses(java.lang.Class[]):org.junit.runner.Result from state
    <span class='color_blue'>MEMna &lt; new[]:523 &gt; <span class='color_orange'>{vpath: }</span>($irvar0) ;
    result = n$20<span class='color_orange'>initial</span>:org.junit.runner.Result*; $irvar0 = n$2<span class='color_orange'>update:523</span>:void; return = n$21<span class='color_orange'>initial</span>:void; $irvar1 = n$22<span class='color_orange'>initial</span>:void; this = val$1<span class='color_orange'>formal</span>:org.junit.tests.running.classes.ParameterizedTestTest*( sub ); old_this = val$1<span class='color_orange'>formal</span>:org.junit.tests.running.classes.ParameterizedTestTest*( sub ) ;
    $irvar0|->[1|0:org.junit.tests.running.classes.ParameterizedTestTest$IncorrectTest<span class='color_orange'>update:523</span>]<span class='color_orange'>alloc</span>:java.lang.Class*[_*_][1]</span>
    EXECUTING SPEC 1/1
    ACTUAL PRECONDITION =
      <span class='color_blue'>MEMna &lt; new[]:523 &gt; <span class='color_orange'>{vpath: }</span>($irvar0) ;
      result = n$20<span class='color_orange'>initial</span>:org.junit.runner.Result*; classes|callee = n$2<span class='color_orange'>actual_precondition</span>:java.lang.Class*[_*_](*); $irvar0 = n$2<span class='color_orange'>update:523</span>:void; return = n$21<span class='color_orange'>initial</span>:void; $irvar1 = n$22<span class='color_orange'>initial</span>:void; this = val$1<span class='color_orange'>formal</span>:org.junit.tests.running.classes.ParameterizedTestTest*( sub ); old_this = val$1<span class='color_orange'>formal</span>:org.junit.tests.running.classes.ParameterizedTestTest*( sub ) ;
      $irvar0|->[1|0:org.junit.tests.running.classes.ParameterizedTestTest$IncorrectTest<span class='color_orange'>update:523</span>]<span class='color_orange'>alloc</span>:java.lang.Class*[_*_][1]</span>
    SPEC =
      --------------------------- ---------- ---------------------------
      PRE:
      <span class='color_blue'><span class='color_blue'>classes|callee = _t$29<span class='color_orange'>formal</span>:java.lang.Class*[_*_](*)( sub )</span></span>
      POST 1 of 1:
      <span class='color_blue'><span class='color_red'>UND &lt; Result JUnitCore.runClasses(Computer,Class[]) &gt; :53(return|callee)</span> ;
      <span class='color_red'>return|callee = _t$30<span class='color_orange'>update:53</span>:org.junit.runner.Result*</span></span>
      ----------------------------------------------------------------
    pre_check_pure_implication
    pi1:
      MEMna &lt; new[]:523 &gt; <span class='color_orange'>{vpath: }</span>(n$2)
    pi2:
      
    returns
    sub1:
      
    sub2:
      
    Current Implication
    SUB:
      
    <span class='color_blue'>MEMna &lt; new[]:523 &gt; <span class='color_orange'>{vpath: }</span>($irvar0) ;
    result = n$20<span class='color_orange'>initial</span>:org.junit.runner.Result*; classes|callee = n$2<span class='color_orange'>actual_precondition</span>:java.lang.Class*[_*_](*); $irvar0 = n$2<span class='color_orange'>update:523</span>:void; return = n$21<span class='color_orange'>initial</span>:void; $irvar1 = n$22<span class='color_orange'>initial</span>:void; this = val$1<span class='color_orange'>formal</span>:org.junit.tests.running.classes.ParameterizedTestTest*( sub ); old_this = val$1<span class='color_orange'>formal</span>:org.junit.tests.running.classes.ParameterizedTestTest*( sub ) ;
    $irvar0|->[1|0:org.junit.tests.running.classes.ParameterizedTestTest$IncorrectTest<span class='color_orange'>update:523</span>]<span class='color_orange'>alloc</span>:java.lang.Class*[_*_][1]</span>
    |-
    <span class='color_blue'>classes|callee = _t$29<span class='color_orange'>formal</span>:java.lang.Class*[_*_](*)( sub )</span>
    
      do_imply n$2 _t$29
        Final Implication
        SUB:
          
        <span class='color_blue'>MEMna &lt; new[]:523 &gt; <span class='color_orange'>{vpath: }</span>($irvar0) ;
        result = n$20<span class='color_orange'>initial</span>:org.junit.runner.Result*; $irvar0 = n$2<span class='color_orange'>update:523</span>:void; return = n$21<span class='color_orange'>initial</span>:void; $irvar1 = n$22<span class='color_orange'>initial</span>:void; this = val$1<span class='color_orange'>formal</span>:org.junit.tests.running.classes.ParameterizedTestTest*( sub ); old_this = val$1<span class='color_orange'>formal</span>:org.junit.tests.running.classes.ParameterizedTestTest*( sub ) ;
        $irvar0|->[1|0:org.junit.tests.running.classes.ParameterizedTestTest$IncorrectTest<span class='color_orange'>update:523</span>]<span class='color_orange'>alloc</span>:java.lang.Class*[_*_][1]</span>
        [SUB: 
          _t$29 = n$2]
        |-
        <span class='color_blue'></span>
    Result of Abduction
      SUB:
        
      <span class='color_blue'>MEMna &lt; new[]:523 &gt; <span class='color_orange'>{vpath: }</span>($irvar0) ;
      result = n$20<span class='color_orange'>initial</span>:org.junit.runner.Result*; classes|callee = n$2<span class='color_orange'>actual_precondition</span>:java.lang.Class*[_*_](*); $irvar0 = n$2<span class='color_orange'>update:523</span>:void; return = n$21<span class='color_orange'>initial</span>:void; $irvar1 = n$22<span class='color_orange'>initial</span>:void; this = val$1<span class='color_orange'>formal</span>:org.junit.tests.running.classes.ParameterizedTestTest*( sub ); old_this = val$1<span class='color_orange'>formal</span>:org.junit.tests.running.classes.ParameterizedTestTest*( sub ) ;
      $irvar0|->[1|0:org.junit.tests.running.classes.ParameterizedTestTest$IncorrectTest<span class='color_orange'>update:523</span>]<span class='color_orange'>alloc</span>:java.lang.Class*[_*_][1]</span>
      [SUB: 
        _t$29 = n$2]
      |-
      <span class='color_blue'>classes|callee = n$2<span class='color_orange'>formal</span>:java.lang.Class*[_*_](*)( sub )</span>
    returning TRUE
      New footprint:
      
      Frame fld:
      
      Missing fld:
      
      Instantiated frame:
      n$2|->[1|0:org.junit.tests.running.classes.ParameterizedTestTest$IncorrectTest<span class='color_orange'>update:523</span>]<span class='color_orange'>alloc</span>:java.lang.Class*[_*_][1]; &amp;result|->n$20<span class='color_orange'>initial</span>:org.junit.runner.Result*; &amp;$irvar0|->n$2<span class='color_orange'>update:523</span>:void; &amp;return|->n$21<span class='color_orange'>initial</span>:void; &amp;$irvar1|->n$22<span class='color_orange'>initial</span>:void; &amp;this|->val$1<span class='color_orange'>formal</span>:org.junit.tests.running.classes.ParameterizedTestTest*( sub ); &amp;old_this|->val$1<span class='color_orange'>formal</span>:org.junit.tests.running.classes.ParameterizedTestTest*( sub )
      Instantiated post:
      PROP 1 of 1:
      <span class='color_blue'><span class='color_red'>UND &lt; Result JUnitCore.runClasses(Computer,Class[]) &gt; :53(return|callee)</span> ;
      <span class='color_red'>return|callee = _t$30<span class='color_orange'>update:523</span>:org.junit.runner.Result*</span></span>
      
    ***** RESULTS FUNCTION CALL *******
    PROP 1 of 1:
    <span class='color_blue'><span class='color_blue'>MEMna &lt; new[]:523 &gt; <span class='color_orange'>{vpath: }</span>($irvar0)</span>; <span class='color_red'>UND &lt; Result JUnitCore.runClasses(Computer,Class[]) &gt; :53(n$3)</span> ;
    <span class='color_blue'>result = n$20<span class='color_orange'>initial</span>:org.junit.runner.Result*</span>; <span class='color_blue'>$irvar0 = n$2<span class='color_orange'>update:523</span>:void</span>; <span class='color_blue'>return = n$21<span class='color_orange'>initial</span>:void</span>; <span class='color_blue'>$irvar1 = n$22<span class='color_orange'>initial</span>:void</span>; <span class='color_blue'>this = val$1<span class='color_orange'>formal</span>:org.junit.tests.running.classes.ParameterizedTestTest*( sub )</span>; <span class='color_blue'>old_this = val$1<span class='color_orange'>formal</span>:org.junit.tests.running.classes.ParameterizedTestTest*( sub )</span> ;
    <span class='color_blue'>$irvar0|->[1|0:org.junit.tests.running.classes.ParameterizedTestTest$IncorrectTest<span class='color_orange'>update:523</span>]<span class='color_orange'>alloc</span>:java.lang.Class*[_*_][1]</span></span>
    ***** END RESULTS FUNCTION CALL *******
    Prover.check_inconsistency_base: inconsistency reason [None]
    Prover.check_inconsistency_base: inconsistency reason [None]
    Prover.check_inconsistency_base: inconsistency reason [None]
    Prover.check_inconsistency_base: inconsistency reason [None]
    Instruction Returns
    PROP 1 of 1:
    <span class='color_blue'><span class='color_blue'>MEMna &lt; new[]:523 &gt; <span class='color_orange'>{vpath: }</span>($irvar0)</span>; <span class='color_red'>UND &lt; Result JUnitCore.runClasses(Computer,Class[]) &gt; :53(n$3)</span> ;
    <span class='color_blue'>result = _t$2<span class='color_orange'>initial</span>:org.junit.runner.Result*</span>; <span class='color_blue'>$irvar0 = n$2<span class='color_orange'>update:523</span>:void</span>; <span class='color_blue'>return = _t$1<span class='color_orange'>initial</span>:void</span>; <span class='color_blue'>$irvar1 = _t$0<span class='color_orange'>initial</span>:void</span>; <span class='color_blue'>this = val$1<span class='color_orange'>formal</span>:org.junit.tests.running.classes.ParameterizedTestTest*( sub )</span>; <span class='color_blue'>old_this = val$1<span class='color_orange'>formal</span>:org.junit.tests.running.classes.ParameterizedTestTest*( sub )</span> ;
    <span class='color_blue'>$irvar0|->[1|0:org.junit.tests.running.classes.ParameterizedTestTest$IncorrectTest<span class='color_orange'>update:523</span>]<span class='color_orange'>alloc</span>:java.lang.Class*[_*_][1]</span></span>
    
    Instruction <span class='color_green'>*&amp;result:org.junit.runner.Result*=n$3 [line 523]</span>
    in vpath_find exp:n$2
    vpath_find do_sexp: no match on Eexp &amp;$irvar0
    vpath_find: cannot find n$2
    .... Rearrangement Start ....
    Exp: &amp;result
    Prop:
    <span class='color_blue'>MEMna &lt; new[]:523 &gt; <span class='color_orange'>{vpath: }</span>($irvar0); UND &lt; Result JUnitCore.runClasses(Computer,Class[]) &gt; :53(n$3) ;
    result = n$23<span class='color_orange'>initial</span>:org.junit.runner.Result*; $irvar0 = n$2<span class='color_orange'>update:523</span>:void; return = n$24<span class='color_orange'>initial</span>:void; $irvar1 = n$25<span class='color_orange'>initial</span>:void; this = val$1<span class='color_orange'>formal</span>:org.junit.tests.running.classes.ParameterizedTestTest*( sub ); old_this = val$1<span class='color_orange'>formal</span>:org.junit.tests.running.classes.ParameterizedTestTest*( sub ) ;
    $irvar0|->[1|0:org.junit.tests.running.classes.ParameterizedTestTest$IncorrectTest<span class='color_orange'>update:523</span>]<span class='color_orange'>alloc</span>:java.lang.Class*[_*_][1]</span>
    
    Prover.check_inconsistency_base: inconsistency reason [None]
    Prover.check_inconsistency_base: inconsistency reason [None]
    Instruction Returns
    PROP 1 of 1:
    <span class='color_blue'><span class='color_blue'>MEMna &lt; new[]:523 &gt; <span class='color_orange'>{vpath: }</span>($irvar0)</span>; <span class='color_blue'>UND &lt; Result JUnitCore.runClasses(Computer,Class[]) &gt; :53(result)</span> ;
    <span class='color_blue'>result = <span class='color_red'>n$3<span class='color_orange'>update:523</span></span>:org.junit.runner.Result*</span>; <span class='color_blue'>$irvar0 = n$2<span class='color_orange'>update:523</span>:void</span>; <span class='color_blue'>return = _t$1<span class='color_orange'>initial</span>:void</span>; <span class='color_blue'>$irvar1 = _t$0<span class='color_orange'>initial</span>:void</span>; <span class='color_blue'>this = val$1<span class='color_orange'>formal</span>:org.junit.tests.running.classes.ParameterizedTestTest*( sub )</span>; <span class='color_blue'>old_this = val$1<span class='color_orange'>formal</span>:org.junit.tests.running.classes.ParameterizedTestTest*( sub )</span> ;
    <span class='color_blue'>$irvar0|->[1|0:org.junit.tests.running.classes.ParameterizedTestTest$IncorrectTest<span class='color_orange'>update:523</span>]<span class='color_orange'>alloc</span>:java.lang.Class*[_*_][1]</span></span>
    
    Instruction <span class='color_green'>NULLIFY(&amp;$irvar0); [line 523]</span>
    in vpath_find exp:n$2
    vpath_find do_sexp: no match on Eexp &amp;$irvar0
    vpath_find: cannot find n$2
    Instruction Returns
    PROP 1 of 1:
    <span class='color_blue'><span class='color_blue'>MEMna &lt; new[]:523 &gt; <span class='color_orange'>{vpath: }</span>(n$2)</span>; <span class='color_blue'>UND &lt; Result JUnitCore.runClasses(Computer,Class[]) &gt; :53(result)</span> ;
    <span class='color_blue'>result = n$3<span class='color_orange'>update:523</span>:org.junit.runner.Result*</span>; <span class='color_blue'>$irvar0 = <span class='color_red'>0<span class='color_orange'>nullify</span></span>:void</span>; <span class='color_blue'>return = _t$1<span class='color_orange'>initial</span>:void</span>; <span class='color_blue'>$irvar1 = _t$0<span class='color_orange'>initial</span>:void</span>; <span class='color_blue'>this = val$1<span class='color_orange'>formal</span>:org.junit.tests.running.classes.ParameterizedTestTest*( sub )</span>; <span class='color_blue'>old_this = val$1<span class='color_orange'>formal</span>:org.junit.tests.running.classes.ParameterizedTestTest*( sub )</span> ;
    <span class='color_blue'>n$2|->[1|0:org.junit.tests.running.classes.ParameterizedTestTest$IncorrectTest<span class='color_orange'>update:523</span>]<span class='color_orange'>alloc</span>:java.lang.Class*[_*_][1]</span></span>
    
    Instruction <span class='color_green'>EXIT_SCOPE(n$2,n$3,$irvar0); [line 523]</span>
    in vpath_find exp:n$2
    vpath_find: cannot find n$2
    .... Prop with garbage in normal part ....
      PROP:
      <span class='color_blue'>MEMna &lt; new[]:523 &gt; <span class='color_orange'>{vpath: }</span>(_t$37); UND &lt; Result JUnitCore.runClasses(Computer,Class[]) &gt; :53(result) ;
      result = _t$38<span class='color_orange'>update:523</span>:org.junit.runner.Result*; $irvar0 = 0<span class='color_orange'>nullify</span>:void; return = _t$1<span class='color_orange'>initial</span>:void; $irvar1 = _t$0<span class='color_orange'>initial</span>:void; this = val$1<span class='color_orange'>formal</span>:org.junit.tests.running.classes.ParameterizedTestTest*( sub ); old_this = val$1<span class='color_orange'>formal</span>:org.junit.tests.running.classes.ParameterizedTestTest*( sub ) ;
      _t$37|->[1|0:org.junit.tests.running.classes.ParameterizedTestTest$IncorrectTest<span class='color_orange'>update:523</span>]<span class='color_orange'>alloc</span>:java.lang.Class*[_*_][1]</span>
      PREDICATE:
      _t$37|->[1|0:org.junit.tests.running.classes.ParameterizedTestTest$IncorrectTest<span class='color_orange'>update:523</span>]<span class='color_orange'>alloc</span>:java.lang.Class*[_*_][1]
      ATTRIBUTE: MEMna &lt; new[]:523 &gt; <span class='color_orange'>{vpath: }</span>
      explain_leak: case not matched in instr <span class='color_green'>EXIT_SCOPE(n$2,n$3,$irvar0); [line 523]</span>
    Instruction Returns
    PROP 1 of 1:
    <span class='color_blue'><span class='color_red'>MEMna &lt; new[]:523 &gt; <span class='color_orange'>{vpath: }</span>(_t$3)</span>; <span class='color_red'>UND &lt; Result JUnitCore.runClasses(Computer,Class[]) &gt; :53(result)</span> ;
    <span class='color_blue'>result = <span class='color_red'>_t$2<span class='color_orange'>update:523</span></span>:org.junit.runner.Result*</span>; <span class='color_blue'>$irvar0 = 0<span class='color_orange'>nullify</span>:void</span>; <span class='color_blue'>return = _t$1<span class='color_orange'>initial</span>:void</span>; <span class='color_blue'>$irvar1 = _t$0<span class='color_orange'>initial</span>:void</span>; <span class='color_blue'>this = val$1<span class='color_orange'>formal</span>:org.junit.tests.running.classes.ParameterizedTestTest*( sub )</span>; <span class='color_blue'>old_this = val$1<span class='color_orange'>formal</span>:org.junit.tests.running.classes.ParameterizedTestTest*( sub )</span></span>
    
    .... After Symbolic Execution ....
    PROP 1 of 1:
    <span class='color_blue'><span class='color_red'>MEMna &lt; new[]:523 &gt; <span class='color_orange'>{vpath: }</span>(_t$3)</span>; <span class='color_blue'>UND &lt; Result JUnitCore.runClasses(Computer,Class[]) &gt; :53(result)</span> ;
    <span class='color_blue'>result = <span class='color_red'>_t$2<span class='color_orange'>update:523</span></span>:org.junit.runner.Result*</span>; <span class='color_blue'>$irvar0 = <span class='color_red'>0<span class='color_orange'>nullify</span></span>:void</span>; <span class='color_blue'>return = _t$1<span class='color_orange'>initial</span>:void</span>; <span class='color_blue'>$irvar1 = _t$0<span class='color_orange'>initial</span>:void</span>; <span class='color_blue'>this = val$1<span class='color_orange'>formal</span>:org.junit.tests.running.classes.ParameterizedTestTest*( sub )</span>; <span class='color_blue'>old_this = val$1<span class='color_orange'>formal</span>:org.junit.tests.running.classes.ParameterizedTestTest*( sub )</span></span>
    
    
    
  </LISTING>