<!DOCTYPE HTML PUBLIC "-//W3C//DTD HTML 4.01 Transitional//EN">
<html>
<head>
<title>org.junit.tests.running.classes.ParameterizedTestTest$ExceptionThrowingRunnerFactory.createRunnerFor.4d689f5dbe1ae98b6c6666c78c889b74_node3</title>
<meta http-equiv="Content-Type" content="text/html; charset=utf-8">
<style type="text/css">
body { background-color:#fff; color:#000; font-family:Helvetica, sans-serif; font-size:10pt }
h1 { font-size:14pt }
.code { border-collapse:collapse; width:100%; font-family: "Andale Mono", monospace; font-size:10pt; line-height: 1.2em }
.color_black { color: black }
.color_blue { color: blue }
.color_green { color: green }
.color_orange { color: orange }
.color_red { color: red }
.line { border-left: 3px solid #ccc; padding-left: 1ex; white-space: pre; }
.msg { background-color:#fff8b4; color:#000; float:left; font-family:Helvetica, sans-serif; font-size: smaller; font-weight: bold; margin-bottom:10px; margin-top:10px; max-width:60em; padding:0.5em 1ex 0.5em 1ex; -webkit-border-radius:5px; -webkit-box-shadow:1px 1px 7px #000; white-space: pre-wrap; word-wrap: break-word; }
.num { background-color:#eee; color:#444; font-size: smaller; padding-right:2ex; text-align:right; width:2.5em; }
.dangling { background-color:white; color: gray; }
.visited { background-color:LemonChiffon; color: darkmagenta; }
.tooltip { display: none; background-color:#FFF0F0; border: 2px solid #F00; font-weight: normal; left:10em; padding: 2px; position: absolute; top: -1em; -webkit-border-radius:5px; -webkit-box-shadow:1px 1px 7px #000; z-index: 1}
.with_tooltip { position: relative; }
.with_tooltip:hover .tooltip, .visited:hover .tooltip { display: block; }
</style>
</head>
<body>
<center><h1>Cfg Node <a href="./../../ParameterizedTestTest.java.88da44e98279dfa32c0c7e5c52f053d0.html#LINE706">3</a></h1></center>PROC: <a href="./../org.junit.tests.running.classes.ParameterizedTestTest%24ExceptionThrowingRunnerFactory.createRunnerFor.4d689f5dbe1ae98b6c6666c78c889b74.html">Runner ParameterizedTestTest$ExceptionThrowingRunnerFactory.createRunnerForTestWithParameters(TestWithParameters)</a> LINE: <a href="./../../ParameterizedTestTest.java.88da44e98279dfa32c0c7e5c52f053d0.html#LINE706">706</a>
<br>PREDS:
<br>SUCCS:
<a href="./../nodes/org.junit.tests.running.classes.ParameterizedTestTest%24ExceptionThrowingRunnerFactory.createRunnerFor.4d689f5dbe1ae98b6c6666c78c889b74_node2.html"><span class='visited with_tooltip'>N_2<span class='tooltip'>node2 preds:5 3 succs: exn: </span></span></a><br>EXN:
<a href="./../nodes/org.junit.tests.running.classes.ParameterizedTestTest%24ExceptionThrowingRunnerFactory.createRunnerFor.4d689f5dbe1ae98b6c6666c78c889b74_node2.html"><span class='visited with_tooltip'>N_2<span class='tooltip'>node2 preds:5 3 succs: exn: </span></span></a><br>
<LISTING class='color_green'></LISTING>
<hr width="100%">
<a name="session2" href="./../nodes/org.junit.tests.running.classes.ParameterizedTestTest%24ExceptionThrowingRunnerFactory.createRunnerFor.4d689f5dbe1ae98b6c6666c78c889b74_node3.html#session2">node3#session2</a>(<a href="./../../ParameterizedTestTest.java.88da44e98279dfa32c0c7e5c52f053d0.html#LINE706">706</a>) [compute pre] liveness 3
<LISTING class='color_black'></LISTING>
<hr width="100%">
<a name="session3" href="./../nodes/org.junit.tests.running.classes.ParameterizedTestTest%24ExceptionThrowingRunnerFactory.createRunnerFor.4d689f5dbe1ae98b6c6666c78c889b74_node3.html#session3">node3#session3</a>(<a href="./../../ParameterizedTestTest.java.88da44e98279dfa32c0c7e5c52f053d0.html#LINE706">706</a>) [exec] liveness 3
<LISTING class='color_black'>PRE STATE:
normal:{ }, exn:{ }

INSTR=  SKIP; 

STATE UNCHANGED

</LISTING>
<hr width="100%">
<a name="session15" href="./../nodes/org.junit.tests.running.classes.ParameterizedTestTest%24ExceptionThrowingRunnerFactory.createRunnerFor.4d689f5dbe1ae98b6c6666c78c889b74_node3.html#session15">node3#session15</a>(<a href="./../../ParameterizedTestTest.java.88da44e98279dfa32c0c7e5c52f053d0.html#LINE706">706</a>) [compute pre] nullify
<LISTING class='color_black'>JOIN

LEFT:   (normal:{ $irvar0 }, exn:{ },
normal:{ n$0, n$1 }, exn:{ })
RIGHT:  (normal:{ }, exn:{ },
normal:{ n$2, $irvar0, return }, exn:{ })
RESULT: (normal:{ $irvar0 }, exn:{ },
normal:{ n$0, n$1, n$2, $irvar0, return }, exn:{ })

</LISTING>
<hr width="100%">
<a name="session16" href="./../nodes/org.junit.tests.running.classes.ParameterizedTestTest%24ExceptionThrowingRunnerFactory.createRunnerFor.4d689f5dbe1ae98b6c6666c78c889b74_node3.html#session16">node3#session16</a>(<a href="./../../ParameterizedTestTest.java.88da44e98279dfa32c0c7e5c52f053d0.html#LINE706">706</a>) [exec] nullify
<LISTING class='color_black'>PRE STATE:
(normal:{ $irvar0 }, exn:{ },
normal:{ n$0, n$1, n$2, $irvar0, return }, exn:{ })

INSTR=  SKIP; 

STATE:
(normal:{ }, exn:{ },normal:{ $irvar0 }, exn:{ })

</LISTING>
<hr width="100%">
<a name="session35" href="./../nodes/org.junit.tests.running.classes.ParameterizedTestTest%24ExceptionThrowingRunnerFactory.createRunnerFor.4d689f5dbe1ae98b6c6666c78c889b74_node3.html#session35">node3#session35</a>(<a href="./../../ParameterizedTestTest.java.88da44e98279dfa32c0c7e5c52f053d0.html#LINE706">706</a>) [exec] devirtualizer
<LISTING class='color_black'></LISTING>
<hr width="100%">
<a name="session36" href="./../nodes/org.junit.tests.running.classes.ParameterizedTestTest%24ExceptionThrowingRunnerFactory.createRunnerFor.4d689f5dbe1ae98b6c6666c78c889b74_node3.html#session36">node3#session36</a>(<a href="./../../ParameterizedTestTest.java.88da44e98279dfa32c0c7e5c52f053d0.html#LINE706">706</a>) [exec] devirtualizer
<LISTING class='color_black'></LISTING>
<hr width="100%">
<a name="session37" href="./../nodes/org.junit.tests.running.classes.ParameterizedTestTest%24ExceptionThrowingRunnerFactory.createRunnerFor.4d689f5dbe1ae98b6c6666c78c889b74_node3.html#session37">node3#session37</a>(<a href="./../../ParameterizedTestTest.java.88da44e98279dfa32c0c7e5c52f053d0.html#LINE706">706</a>) [exec] devirtualizer
<LISTING class='color_black'></LISTING>
<hr width="100%">
<a name="session18" href="./../nodes/org.junit.tests.running.classes.ParameterizedTestTest%24ExceptionThrowingRunnerFactory.createRunnerFor.4d689f5dbe1ae98b6c6666c78c889b74_node3.html#session18">node3#session18</a>(<a href="./../../ParameterizedTestTest.java.88da44e98279dfa32c0c7e5c52f053d0.html#LINE706">706</a>) biabduction
<LISTING class='color_black'>**** [FP:Pending] Runner ParameterizedTestTest$ExceptionThrowingRunnerFactory.createRunnerForTestWithParameters(TestWithParameters) Node: 3, Procedure: Runner ParameterizedTestTest$ExceptionThrowingRunnerFactory.createRunnerForTestWithParameters(TestWithParameters), Todo: 1 ****
  PROP 1 of 1:
  <span class='color_blue'><span class='color_red'>MEMne &lt; new:706 &gt; <span class='color_orange'>{vpath: }</span>(_t$0)</span>; <span class='color_red'>UND &lt; List Arrays.asList(Object[]) &gt; :30(_t$1)</span> ;
  <span class='color_red'>test = @f$0<span class='color_orange'>formal</span>:org.junit.runners.parameterized.TestWithParameters*( sub )</span>; <span class='color_red'>old_test = @f$0<span class='color_orange'>formal</span>:org.junit.runners.parameterized.TestWithParameters*( sub )</span>; <span class='color_red'>$irvar0 = 0<span class='color_orange'>nullify</span>:void</span>; <span class='color_red'>return = EXN _t$0<span class='color_orange'>update:706</span>:org.junit.runner.Runner*</span>; <span class='color_red'>this = @f$1<span class='color_orange'>formal</span>:org.junit.tests.running.classes.ParameterizedTestTest$ExceptionThrowingRunnerFactory*( sub )</span>; <span class='color_red'>old_this = @f$1<span class='color_orange'>formal</span>:org.junit.tests.running.classes.ParameterizedTestTest$ExceptionThrowingRunnerFactory*( sub )</span> ;
  <span class='color_red'>_t$0|->{fErrors:_t$1<span class='color_orange'>update:(z)706</span>}<span class='color_orange'>formal(z)</span>:org.junit.runners.model.InitializationError</span>
  [footprint
     <span class='color_red'>test = @f$0<span class='color_orange'>formal</span>:org.junit.runners.parameterized.TestWithParameters*( sub )</span>; <span class='color_red'>this = @f$1<span class='color_orange'>formal</span>:org.junit.tests.running.classes.ParameterizedTestTest$ExceptionThrowingRunnerFactory*( sub )</span>  ]</span>
  .... Instructions: ....
  <span class='color_green'>NULLIFY(&amp;$irvar0); [line 706];
  EXIT_SCOPE($irvar0); [line 706];
  APPLY_ABSTRACTION; [line 706];
  </span>
  
  Processing prop 1/1
    Instruction <span class='color_green'>NULLIFY(&amp;$irvar0); [line 706]</span>
    in vpath_find exp:_t$0
    vpath_find: cannot find _t$0
    Instruction Returns
    PROP 1 of 1:
    <span class='color_blue'><span class='color_blue'>MEMne &lt; new:706 &gt; <span class='color_orange'>{vpath: }</span>(_t$0)</span>; <span class='color_blue'>UND &lt; List Arrays.asList(Object[]) &gt; :30(_t$1)</span> ;
    <span class='color_blue'>test = @f$0<span class='color_orange'>formal</span>:org.junit.runners.parameterized.TestWithParameters*( sub )</span>; <span class='color_blue'>old_test = @f$0<span class='color_orange'>formal</span>:org.junit.runners.parameterized.TestWithParameters*( sub )</span>; <span class='color_blue'>$irvar0 = 0<span class='color_orange'>nullify</span>:void</span>; <span class='color_blue'>return = EXN _t$0<span class='color_orange'>update:706</span>:org.junit.runner.Runner*</span>; <span class='color_blue'>this = @f$1<span class='color_orange'>formal</span>:org.junit.tests.running.classes.ParameterizedTestTest$ExceptionThrowingRunnerFactory*( sub )</span>; <span class='color_blue'>old_this = @f$1<span class='color_orange'>formal</span>:org.junit.tests.running.classes.ParameterizedTestTest$ExceptionThrowingRunnerFactory*( sub )</span> ;
    <span class='color_blue'>_t$0|->{fErrors:_t$1<span class='color_orange'>update:(z)706</span>}<span class='color_orange'>formal(z)</span>:org.junit.runners.model.InitializationError</span>
    [footprint
       <span class='color_blue'>test = @f$0<span class='color_orange'>formal</span>:org.junit.runners.parameterized.TestWithParameters*( sub )</span>; <span class='color_blue'>this = @f$1<span class='color_orange'>formal</span>:org.junit.tests.running.classes.ParameterizedTestTest$ExceptionThrowingRunnerFactory*( sub )</span>  ]</span>
    
    Instruction <span class='color_green'>EXIT_SCOPE($irvar0); [line 706]</span>
    in vpath_find exp:_t$0
    vpath_find: cannot find _t$0
    Instruction Returns
    PROP 1 of 1:
    <span class='color_blue'><span class='color_blue'>MEMne &lt; new:706 &gt; <span class='color_orange'>{vpath: }</span>(_t$0)</span>; <span class='color_blue'>UND &lt; List Arrays.asList(Object[]) &gt; :30(_t$1)</span> ;
    <span class='color_blue'>test = @f$0<span class='color_orange'>formal</span>:org.junit.runners.parameterized.TestWithParameters*( sub )</span>; <span class='color_blue'>old_test = @f$0<span class='color_orange'>formal</span>:org.junit.runners.parameterized.TestWithParameters*( sub )</span>; <span class='color_blue'>$irvar0 = 0<span class='color_orange'>nullify</span>:void</span>; <span class='color_blue'>return = EXN _t$0<span class='color_orange'>update:706</span>:org.junit.runner.Runner*</span>; <span class='color_blue'>this = @f$1<span class='color_orange'>formal</span>:org.junit.tests.running.classes.ParameterizedTestTest$ExceptionThrowingRunnerFactory*( sub )</span>; <span class='color_blue'>old_this = @f$1<span class='color_orange'>formal</span>:org.junit.tests.running.classes.ParameterizedTestTest$ExceptionThrowingRunnerFactory*( sub )</span> ;
    <span class='color_blue'>_t$0|->{fErrors:_t$1<span class='color_orange'>update:(z)706</span>}<span class='color_orange'>formal(z)</span>:org.junit.runners.model.InitializationError</span>
    [footprint
       <span class='color_blue'>test = @f$0<span class='color_orange'>formal</span>:org.junit.runners.parameterized.TestWithParameters*( sub )</span>; <span class='color_blue'>this = @f$1<span class='color_orange'>formal</span>:org.junit.tests.running.classes.ParameterizedTestTest$ExceptionThrowingRunnerFactory*( sub )</span>  ]</span>
    
    Instruction <span class='color_green'>APPLY_ABSTRACTION; [line 706]</span>
    in vpath_find exp:_t$0
    vpath_find: cannot find _t$0
    Prover.check_inconsistency_base: inconsistency reason [None]
    Prover.check_inconsistency_base: inconsistency reason [None]
    <span class='color_blue'>MEMne &lt; new:706 &gt; <span class='color_orange'>{vpath: }</span>(_t$0); UND &lt; List Arrays.asList(Object[]) &gt; :30(_t$1) ;
    test = @f$0<span class='color_orange'>formal</span>:org.junit.runners.parameterized.TestWithParameters*( sub ); old_test = @f$0<span class='color_orange'>formal</span>:org.junit.runners.parameterized.TestWithParameters*( sub ); $irvar0 = 0<span class='color_orange'>nullify</span>:void; return = EXN _t$0<span class='color_orange'>update:706</span>:org.junit.runner.Runner*; this = @f$1<span class='color_orange'>formal</span>:org.junit.tests.running.classes.ParameterizedTestTest$ExceptionThrowingRunnerFactory*( sub ); old_this = @f$1<span class='color_orange'>formal</span>:org.junit.tests.running.classes.ParameterizedTestTest$ExceptionThrowingRunnerFactory*( sub ) ;
    _t$0|->{fErrors:_t$1<span class='color_orange'>update:(z)706</span>}<span class='color_orange'>formal(z)</span>:org.junit.runners.model.InitializationError
    [footprint
       test = @f$0<span class='color_orange'>formal</span>:org.junit.runners.parameterized.TestWithParameters*( sub ); this = @f$1<span class='color_orange'>formal</span>:org.junit.tests.running.classes.ParameterizedTestTest$ExceptionThrowingRunnerFactory*( sub )  ]</span>
    Instruction Returns
    PROP 1 of 1:
    <span class='color_blue'><span class='color_blue'>MEMne &lt; new:706 &gt; <span class='color_orange'>{vpath: }</span>(_t$0)</span>; <span class='color_blue'>UND &lt; List Arrays.asList(Object[]) &gt; :30(_t$1)</span> ;
    <span class='color_blue'>test = @f$0<span class='color_orange'>formal</span>:org.junit.runners.parameterized.TestWithParameters*( sub )</span>; <span class='color_blue'>old_test = @f$0<span class='color_orange'>formal</span>:org.junit.runners.parameterized.TestWithParameters*( sub )</span>; <span class='color_blue'>$irvar0 = 0<span class='color_orange'>nullify</span>:void</span>; <span class='color_blue'>return = EXN _t$0<span class='color_orange'>update:706</span>:org.junit.runner.Runner*</span>; <span class='color_blue'>this = @f$1<span class='color_orange'>formal</span>:org.junit.tests.running.classes.ParameterizedTestTest$ExceptionThrowingRunnerFactory*( sub )</span>; <span class='color_blue'>old_this = @f$1<span class='color_orange'>formal</span>:org.junit.tests.running.classes.ParameterizedTestTest$ExceptionThrowingRunnerFactory*( sub )</span> ;
    <span class='color_blue'>_t$0|->{fErrors:_t$1<span class='color_orange'>update:(z)706</span>}<span class='color_orange'>formal(z)</span>:org.junit.runners.model.InitializationError</span>
    [footprint
       <span class='color_blue'>test = @f$0<span class='color_orange'>formal</span>:org.junit.runners.parameterized.TestWithParameters*( sub )</span>; <span class='color_blue'>this = @f$1<span class='color_orange'>formal</span>:org.junit.tests.running.classes.ParameterizedTestTest$ExceptionThrowingRunnerFactory*( sub )</span>  ]</span>
    
    .... After Symbolic Execution ....
    PROP 1 of 1:
    <span class='color_blue'><span class='color_blue'>MEMne &lt; new:706 &gt; <span class='color_orange'>{vpath: }</span>(_t$0)</span>; <span class='color_blue'>UND &lt; List Arrays.asList(Object[]) &gt; :30(_t$1)</span> ;
    <span class='color_blue'>test = @f$0<span class='color_orange'>formal</span>:org.junit.runners.parameterized.TestWithParameters*( sub )</span>; <span class='color_blue'>old_test = @f$0<span class='color_orange'>formal</span>:org.junit.runners.parameterized.TestWithParameters*( sub )</span>; <span class='color_blue'>$irvar0 = 0<span class='color_orange'>nullify</span>:void</span>; <span class='color_blue'>return = EXN _t$0<span class='color_orange'>update:706</span>:org.junit.runner.Runner*</span>; <span class='color_blue'>this = @f$1<span class='color_orange'>formal</span>:org.junit.tests.running.classes.ParameterizedTestTest$ExceptionThrowingRunnerFactory*( sub )</span>; <span class='color_blue'>old_this = @f$1<span class='color_orange'>formal</span>:org.junit.tests.running.classes.ParameterizedTestTest$ExceptionThrowingRunnerFactory*( sub )</span> ;
    <span class='color_blue'>_t$0|->{fErrors:_t$1<span class='color_orange'>update:(z)706</span>}<span class='color_orange'>formal(z)</span>:org.junit.runners.model.InitializationError</span>
    [footprint
       <span class='color_blue'>test = @f$0<span class='color_orange'>formal</span>:org.junit.runners.parameterized.TestWithParameters*( sub )</span>; <span class='color_blue'>this = @f$1<span class='color_orange'>formal</span>:org.junit.tests.running.classes.ParameterizedTestTest$ExceptionThrowingRunnerFactory*( sub )</span>  ]</span>
    
    
    
  </LISTING>
<hr width="100%">
<a name="session25" href="./../nodes/org.junit.tests.running.classes.ParameterizedTestTest%24ExceptionThrowingRunnerFactory.createRunnerFor.4d689f5dbe1ae98b6c6666c78c889b74_node3.html#session25">node3#session25</a>(<a href="./../../ParameterizedTestTest.java.88da44e98279dfa32c0c7e5c52f053d0.html#LINE706">706</a>) biabduction
<LISTING class='color_black'>**** [RE:Pending] Runner ParameterizedTestTest$ExceptionThrowingRunnerFactory.createRunnerForTestWithParameters(TestWithParameters) Node: 3, Procedure: Runner ParameterizedTestTest$ExceptionThrowingRunnerFactory.createRunnerForTestWithParameters(TestWithParameters), Todo: 1 ****
  PROP 1 of 1:
  <span class='color_blue'><span class='color_red'>MEMne &lt; new:706 &gt; <span class='color_orange'>{vpath: }</span>(_t$0)</span>; <span class='color_red'>UND &lt; List Arrays.asList(Object[]) &gt; :30(_t$1)</span> ;
  <span class='color_red'>test = val$2<span class='color_orange'>formal</span>:org.junit.runners.parameterized.TestWithParameters*( sub )</span>; <span class='color_red'>old_test = val$2<span class='color_orange'>formal</span>:org.junit.runners.parameterized.TestWithParameters*( sub )</span>; <span class='color_red'>$irvar0 = 0<span class='color_orange'>nullify</span>:void</span>; <span class='color_red'>return = EXN _t$0<span class='color_orange'>update:706</span>:org.junit.runner.Runner*</span>; <span class='color_red'>this = val$1<span class='color_orange'>formal</span>:org.junit.tests.running.classes.ParameterizedTestTest$ExceptionThrowingRunnerFactory*( sub )</span>; <span class='color_red'>old_this = val$1<span class='color_orange'>formal</span>:org.junit.tests.running.classes.ParameterizedTestTest$ExceptionThrowingRunnerFactory*( sub )</span> ;
  <span class='color_red'>_t$0|->{fErrors:_t$1<span class='color_orange'>update:(z)706</span>}<span class='color_orange'>formal(z)</span>:org.junit.runners.model.InitializationError</span></span>
  .... Instructions: ....
  <span class='color_green'>NULLIFY(&amp;$irvar0); [line 706];
  EXIT_SCOPE($irvar0); [line 706];
  APPLY_ABSTRACTION; [line 706];
  </span>
  
  Processing prop 1/1
    Instruction <span class='color_green'>NULLIFY(&amp;$irvar0); [line 706]</span>
    in vpath_find exp:_t$0
    vpath_find: cannot find _t$0
    Instruction Returns
    PROP 1 of 1:
    <span class='color_blue'><span class='color_blue'>MEMne &lt; new:706 &gt; <span class='color_orange'>{vpath: }</span>(_t$0)</span>; <span class='color_blue'>UND &lt; List Arrays.asList(Object[]) &gt; :30(_t$1)</span> ;
    <span class='color_blue'>test = val$2<span class='color_orange'>formal</span>:org.junit.runners.parameterized.TestWithParameters*( sub )</span>; <span class='color_blue'>old_test = val$2<span class='color_orange'>formal</span>:org.junit.runners.parameterized.TestWithParameters*( sub )</span>; <span class='color_blue'>$irvar0 = 0<span class='color_orange'>nullify</span>:void</span>; <span class='color_blue'>return = EXN _t$0<span class='color_orange'>update:706</span>:org.junit.runner.Runner*</span>; <span class='color_blue'>this = val$1<span class='color_orange'>formal</span>:org.junit.tests.running.classes.ParameterizedTestTest$ExceptionThrowingRunnerFactory*( sub )</span>; <span class='color_blue'>old_this = val$1<span class='color_orange'>formal</span>:org.junit.tests.running.classes.ParameterizedTestTest$ExceptionThrowingRunnerFactory*( sub )</span> ;
    <span class='color_blue'>_t$0|->{fErrors:_t$1<span class='color_orange'>update:(z)706</span>}<span class='color_orange'>formal(z)</span>:org.junit.runners.model.InitializationError</span></span>
    
    Instruction <span class='color_green'>EXIT_SCOPE($irvar0); [line 706]</span>
    in vpath_find exp:_t$0
    vpath_find: cannot find _t$0
    Instruction Returns
    PROP 1 of 1:
    <span class='color_blue'><span class='color_blue'>MEMne &lt; new:706 &gt; <span class='color_orange'>{vpath: }</span>(_t$0)</span>; <span class='color_blue'>UND &lt; List Arrays.asList(Object[]) &gt; :30(_t$1)</span> ;
    <span class='color_blue'>test = val$2<span class='color_orange'>formal</span>:org.junit.runners.parameterized.TestWithParameters*( sub )</span>; <span class='color_blue'>old_test = val$2<span class='color_orange'>formal</span>:org.junit.runners.parameterized.TestWithParameters*( sub )</span>; <span class='color_blue'>$irvar0 = 0<span class='color_orange'>nullify</span>:void</span>; <span class='color_blue'>return = EXN _t$0<span class='color_orange'>update:706</span>:org.junit.runner.Runner*</span>; <span class='color_blue'>this = val$1<span class='color_orange'>formal</span>:org.junit.tests.running.classes.ParameterizedTestTest$ExceptionThrowingRunnerFactory*( sub )</span>; <span class='color_blue'>old_this = val$1<span class='color_orange'>formal</span>:org.junit.tests.running.classes.ParameterizedTestTest$ExceptionThrowingRunnerFactory*( sub )</span> ;
    <span class='color_blue'>_t$0|->{fErrors:_t$1<span class='color_orange'>update:(z)706</span>}<span class='color_orange'>formal(z)</span>:org.junit.runners.model.InitializationError</span></span>
    
    Instruction <span class='color_green'>APPLY_ABSTRACTION; [line 706]</span>
    in vpath_find exp:_t$0
    vpath_find: cannot find _t$0
    Prover.check_inconsistency_base: inconsistency reason [None]
    Prover.check_inconsistency_base: inconsistency reason [None]
    <span class='color_blue'>MEMne &lt; new:706 &gt; <span class='color_orange'>{vpath: }</span>(_t$0); UND &lt; List Arrays.asList(Object[]) &gt; :30(_t$1) ;
    test = val$2<span class='color_orange'>formal</span>:org.junit.runners.parameterized.TestWithParameters*( sub ); old_test = val$2<span class='color_orange'>formal</span>:org.junit.runners.parameterized.TestWithParameters*( sub ); $irvar0 = 0<span class='color_orange'>nullify</span>:void; return = EXN _t$0<span class='color_orange'>update:706</span>:org.junit.runner.Runner*; this = val$1<span class='color_orange'>formal</span>:org.junit.tests.running.classes.ParameterizedTestTest$ExceptionThrowingRunnerFactory*( sub ); old_this = val$1<span class='color_orange'>formal</span>:org.junit.tests.running.classes.ParameterizedTestTest$ExceptionThrowingRunnerFactory*( sub ) ;
    _t$0|->{fErrors:_t$1<span class='color_orange'>update:(z)706</span>}<span class='color_orange'>formal(z)</span>:org.junit.runners.model.InitializationError</span>
    Instruction Returns
    PROP 1 of 1:
    <span class='color_blue'><span class='color_blue'>MEMne &lt; new:706 &gt; <span class='color_orange'>{vpath: }</span>(_t$0)</span>; <span class='color_blue'>UND &lt; List Arrays.asList(Object[]) &gt; :30(_t$1)</span> ;
    <span class='color_blue'>test = val$2<span class='color_orange'>formal</span>:org.junit.runners.parameterized.TestWithParameters*( sub )</span>; <span class='color_blue'>old_test = val$2<span class='color_orange'>formal</span>:org.junit.runners.parameterized.TestWithParameters*( sub )</span>; <span class='color_blue'>$irvar0 = 0<span class='color_orange'>nullify</span>:void</span>; <span class='color_blue'>return = EXN _t$0<span class='color_orange'>update:706</span>:org.junit.runner.Runner*</span>; <span class='color_blue'>this = val$1<span class='color_orange'>formal</span>:org.junit.tests.running.classes.ParameterizedTestTest$ExceptionThrowingRunnerFactory*( sub )</span>; <span class='color_blue'>old_this = val$1<span class='color_orange'>formal</span>:org.junit.tests.running.classes.ParameterizedTestTest$ExceptionThrowingRunnerFactory*( sub )</span> ;
    <span class='color_blue'>_t$0|->{fErrors:_t$1<span class='color_orange'>update:(z)706</span>}<span class='color_orange'>formal(z)</span>:org.junit.runners.model.InitializationError</span></span>
    
    .... After Symbolic Execution ....
    PROP 1 of 1:
    <span class='color_blue'><span class='color_blue'>MEMne &lt; new:706 &gt; <span class='color_orange'>{vpath: }</span>(_t$0)</span>; <span class='color_blue'>UND &lt; List Arrays.asList(Object[]) &gt; :30(_t$1)</span> ;
    <span class='color_blue'>test = val$2<span class='color_orange'>formal</span>:org.junit.runners.parameterized.TestWithParameters*( sub )</span>; <span class='color_blue'>old_test = val$2<span class='color_orange'>formal</span>:org.junit.runners.parameterized.TestWithParameters*( sub )</span>; <span class='color_blue'>$irvar0 = 0<span class='color_orange'>nullify</span>:void</span>; <span class='color_blue'>return = EXN _t$0<span class='color_orange'>update:706</span>:org.junit.runner.Runner*</span>; <span class='color_blue'>this = val$1<span class='color_orange'>formal</span>:org.junit.tests.running.classes.ParameterizedTestTest$ExceptionThrowingRunnerFactory*( sub )</span>; <span class='color_blue'>old_this = val$1<span class='color_orange'>formal</span>:org.junit.tests.running.classes.ParameterizedTestTest$ExceptionThrowingRunnerFactory*( sub )</span> ;
    <span class='color_blue'>_t$0|->{fErrors:_t$1<span class='color_orange'>update:(z)706</span>}<span class='color_orange'>formal(z)</span>:org.junit.runners.model.InitializationError</span></span>
    
    
    
  </LISTING>