<!DOCTYPE HTML PUBLIC "-//W3C//DTD HTML 4.01 Transitional//EN">
<html>
<head>
<title>org.junit.tests.running.classes.ParameterizedTestTest.testsAreNotExecutedWhenAssumptionInParametersM.b657b99f7ae2df0c628964aeb6f4e60d_node11</title>
<meta http-equiv="Content-Type" content="text/html; charset=utf-8">
<style type="text/css">
body { background-color:#fff; color:#000; font-family:Helvetica, sans-serif; font-size:10pt }
h1 { font-size:14pt }
.code { border-collapse:collapse; width:100%; font-family: "Andale Mono", monospace; font-size:10pt; line-height: 1.2em }
.color_black { color: black }
.color_blue { color: blue }
.color_green { color: green }
.color_orange { color: orange }
.color_red { color: red }
.line { border-left: 3px solid #ccc; padding-left: 1ex; white-space: pre; }
.msg { background-color:#fff8b4; color:#000; float:left; font-family:Helvetica, sans-serif; font-size: smaller; font-weight: bold; margin-bottom:10px; margin-top:10px; max-width:60em; padding:0.5em 1ex 0.5em 1ex; -webkit-border-radius:5px; -webkit-box-shadow:1px 1px 7px #000; white-space: pre-wrap; word-wrap: break-word; }
.num { background-color:#eee; color:#444; font-size: smaller; padding-right:2ex; text-align:right; width:2.5em; }
.dangling { background-color:white; color: gray; }
.visited { background-color:LemonChiffon; color: darkmagenta; }
.tooltip { display: none; background-color:#FFF0F0; border: 2px solid #F00; font-weight: normal; left:10em; padding: 2px; position: absolute; top: -1em; -webkit-border-radius:5px; -webkit-box-shadow:1px 1px 7px #000; z-index: 1}
.with_tooltip { position: relative; }
.with_tooltip:hover .tooltip, .visited:hover .tooltip { display: block; }
</style>
</head>
<body>
<center><h1>Cfg Node <a href="./../../ParameterizedTestTest.java.88da44e98279dfa32c0c7e5c52f053d0.html#LINE805">11</a></h1></center>PROC: <a href="./../org.junit.tests.running.classes.ParameterizedTestTest.testsAreNotExecutedWhenAssumptionInParametersM.b657b99f7ae2df0c628964aeb6f4e60d.html">void ParameterizedTestTest.testsAreNotExecutedWhenAssumptionInParametersMethodFails()</a> LINE: <a href="./../../ParameterizedTestTest.java.88da44e98279dfa32c0c7e5c52f053d0.html#LINE805">805</a>
<br>PREDS:
<a href="./../nodes/org.junit.tests.running.classes.ParameterizedTestTest.testsAreNotExecutedWhenAssumptionInParametersM.b657b99f7ae2df0c628964aeb6f4e60d_node10.html"><span class='visited with_tooltip'>N_10<span class='tooltip'>node10 preds:9 succs:11 exn:3 </span></span></a><br>SUCCS:
<a href="./../nodes/org.junit.tests.running.classes.ParameterizedTestTest.testsAreNotExecutedWhenAssumptionInParametersM.b657b99f7ae2df0c628964aeb6f4e60d_node12.html"><span class='visited with_tooltip'>N_12<span class='tooltip'>node12 preds:11 succs:13 exn:3 </span></span></a><br>EXN:
<a href="./../nodes/org.junit.tests.running.classes.ParameterizedTestTest.testsAreNotExecutedWhenAssumptionInParametersM.b657b99f7ae2df0c628964aeb6f4e60d_node3.html"><span class='visited with_tooltip'>N_3<span class='tooltip'>node3 preds: succs:2 exn:2 </span></span></a><br>
<LISTING class='color_green'>n$12=*&amp;$irvar2:int [line 805];
n$13=_fun_void Assert.assertEquals(long,long)(1:long,(long)n$12:long) [line 805];
</LISTING>
<hr width="100%">
<a name="session14" href="./../nodes/org.junit.tests.running.classes.ParameterizedTestTest.testsAreNotExecutedWhenAssumptionInParametersM.b657b99f7ae2df0c628964aeb6f4e60d_node11.html#session14">node11#session14</a>(<a href="./../../ParameterizedTestTest.java.88da44e98279dfa32c0c7e5c52f053d0.html#LINE805">805</a>) [compute pre] liveness 11
<LISTING class='color_black'>JOIN

LEFT:   normal:{ result }, exn:{ }
RIGHT:  normal:{ }, exn:{ }
RESULT: normal:{ result }, exn:{ }

</LISTING>
<hr width="100%">
<a name="session15" href="./../nodes/org.junit.tests.running.classes.ParameterizedTestTest.testsAreNotExecutedWhenAssumptionInParametersM.b657b99f7ae2df0c628964aeb6f4e60d_node11.html#session15">node11#session15</a>(<a href="./../../ParameterizedTestTest.java.88da44e98279dfa32c0c7e5c52f053d0.html#LINE805">805</a>) [exec] liveness 11
<LISTING class='color_black'>PRE STATE:
normal:{ result }, exn:{ }

INSTR=  n$13=_fun_void Assert.assertEquals(long,long)(1:long,(long)n$12:long) [line 805]; 

STATE:
normal:{ n$12, result }, exn:{ }

INSTR=  n$12=*&amp;$irvar2:int [line 805]; 

STATE:
normal:{ result, $irvar2 }, exn:{ }

</LISTING>
<hr width="100%">
<a name="session47" href="./../nodes/org.junit.tests.running.classes.ParameterizedTestTest.testsAreNotExecutedWhenAssumptionInParametersM.b657b99f7ae2df0c628964aeb6f4e60d_node11.html#session47">node11#session47</a>(<a href="./../../ParameterizedTestTest.java.88da44e98279dfa32c0c7e5c52f053d0.html#LINE805">805</a>) [compute pre] nullify
<LISTING class='color_black'></LISTING>
<hr width="100%">
<a name="session48" href="./../nodes/org.junit.tests.running.classes.ParameterizedTestTest.testsAreNotExecutedWhenAssumptionInParametersM.b657b99f7ae2df0c628964aeb6f4e60d_node11.html#session48">node11#session48</a>(<a href="./../../ParameterizedTestTest.java.88da44e98279dfa32c0c7e5c52f053d0.html#LINE805">805</a>) [exec] nullify
<LISTING class='color_black'>PRE STATE:
(normal:{ result, $irvar2 }, exn:{ },normal:{ _, n$9, n$11 }, exn:{ })

INSTR=  n$12=*&amp;$irvar2:int [line 805]; 

STATE:
(normal:{ n$12, result, $irvar2 }, exn:{ },normal:{ _, n$9, n$11 }, exn:{ })

INSTR=  n$13=_fun_void Assert.assertEquals(long,long)(1:long,(long)n$12:long) [line 805]; 

STATE:
(normal:{ result }, exn:{ },normal:{ n$12, n$13, $irvar2 }, exn:{ })

</LISTING>
<hr width="100%">
<a name="session78" href="./../nodes/org.junit.tests.running.classes.ParameterizedTestTest.testsAreNotExecutedWhenAssumptionInParametersM.b657b99f7ae2df0c628964aeb6f4e60d_node11.html#session78">node11#session78</a>(<a href="./../../ParameterizedTestTest.java.88da44e98279dfa32c0c7e5c52f053d0.html#LINE805">805</a>) [compute pre] devirtualizer analysis 11
<LISTING class='color_black'></LISTING>
<hr width="100%">
<a name="session79" href="./../nodes/org.junit.tests.running.classes.ParameterizedTestTest.testsAreNotExecutedWhenAssumptionInParametersM.b657b99f7ae2df0c628964aeb6f4e60d_node11.html#session79">node11#session79</a>(<a href="./../../ParameterizedTestTest.java.88da44e98279dfa32c0c7e5c52f053d0.html#LINE805">805</a>) [exec] devirtualizer analysis 11
<LISTING class='color_black'>PRE STATE:
{ }

INSTR=  n$12=*&amp;$irvar2:int [line 805]; 

STATE UNCHANGED

INSTR=  n$13=_fun_void Assert.assertEquals(long,long)(1:long,(long)n$12:long) [line 805]; 

STATE UNCHANGED

INSTR=  NULLIFY(&amp;$irvar2); [line 805]; 

STATE UNCHANGED

INSTR=  EXIT_SCOPE(n$12,n$13,$irvar2); [line 805]; 

STATE UNCHANGED

</LISTING>
<hr width="100%">
<a name="session112" href="./../nodes/org.junit.tests.running.classes.ParameterizedTestTest.testsAreNotExecutedWhenAssumptionInParametersM.b657b99f7ae2df0c628964aeb6f4e60d_node11.html#session112">node11#session112</a>(<a href="./../../ParameterizedTestTest.java.88da44e98279dfa32c0c7e5c52f053d0.html#LINE805">805</a>) [exec] devirtualizer
<LISTING class='color_black'></LISTING>
<hr width="100%">
<a name="session113" href="./../nodes/org.junit.tests.running.classes.ParameterizedTestTest.testsAreNotExecutedWhenAssumptionInParametersM.b657b99f7ae2df0c628964aeb6f4e60d_node11.html#session113">node11#session113</a>(<a href="./../../ParameterizedTestTest.java.88da44e98279dfa32c0c7e5c52f053d0.html#LINE805">805</a>) [exec] devirtualizer
<LISTING class='color_black'></LISTING>
<hr width="100%">
<a name="session114" href="./../nodes/org.junit.tests.running.classes.ParameterizedTestTest.testsAreNotExecutedWhenAssumptionInParametersM.b657b99f7ae2df0c628964aeb6f4e60d_node11.html#session114">node11#session114</a>(<a href="./../../ParameterizedTestTest.java.88da44e98279dfa32c0c7e5c52f053d0.html#LINE805">805</a>) [exec] devirtualizer
<LISTING class='color_black'></LISTING>
<hr width="100%">
<a name="session115" href="./../nodes/org.junit.tests.running.classes.ParameterizedTestTest.testsAreNotExecutedWhenAssumptionInParametersM.b657b99f7ae2df0c628964aeb6f4e60d_node11.html#session115">node11#session115</a>(<a href="./../../ParameterizedTestTest.java.88da44e98279dfa32c0c7e5c52f053d0.html#LINE805">805</a>) [exec] devirtualizer
<LISTING class='color_black'></LISTING>
<hr width="100%">
<a name="session16" href="./../nodes/org.junit.tests.running.classes.ParameterizedTestTest.testsAreNotExecutedWhenAssumptionInParametersM.b657b99f7ae2df0c628964aeb6f4e60d_node11.html#session16">node11#session16</a>(<a href="./../../ParameterizedTestTest.java.88da44e98279dfa32c0c7e5c52f053d0.html#LINE805">805</a>) [compute pre] starvation
<LISTING class='color_black'></LISTING>
<hr width="100%">
<a name="session17" href="./../nodes/org.junit.tests.running.classes.ParameterizedTestTest.testsAreNotExecutedWhenAssumptionInParametersM.b657b99f7ae2df0c628964aeb6f4e60d_node11.html#session17">node11#session17</a>(<a href="./../../ParameterizedTestTest.java.88da44e98279dfa32c0c7e5c52f053d0.html#LINE805">805</a>) [exec] starvation
<LISTING class='color_black'>PRE STATE:
{guard_map= { }; lock_state= {map= { }; acquisitions= { }};
 critical_pairs= { }; attributes= { }; thread= UnknownThread;
 scheduled_work= { }; var_state= { }}

INSTR=  n$12=*&amp;$irvar2:int [line 805]; 

STATE:
{guard_map= { }; lock_state= {map= { }; acquisitions= { }};
 critical_pairs= { }; attributes= { }; thread= UnknownThread;
 scheduled_work= { }; var_state= { n$12 -&gt; $irvar2 }}

INSTR=  n$13=_fun_void Assert.assertEquals(long,long)(1:long,(long)n$12:long) [line 805]; 

STATE:
{guard_map= { }; lock_state= {map= { }; acquisitions= { }};
 critical_pairs= { }; attributes= { }; thread= UnknownThread;
 scheduled_work= { }; var_state= { n$12 -&gt; $irvar2 }}

INSTR=  NULLIFY(&amp;$irvar2); [line 805]; 

STATE UNCHANGED

INSTR=  EXIT_SCOPE(n$12,n$13,$irvar2); [line 805]; 

STATE:
{guard_map= { }; lock_state= {map= { }; acquisitions= { }};
 critical_pairs= { }; attributes= { }; thread= UnknownThread;
 scheduled_work= { }; var_state= { }}

</LISTING>
<hr width="100%">
<a name="session45" href="./../nodes/org.junit.tests.running.classes.ParameterizedTestTest.testsAreNotExecutedWhenAssumptionInParametersM.b657b99f7ae2df0c628964aeb6f4e60d_node11.html#session45">node11#session45</a>(<a href="./../../ParameterizedTestTest.java.88da44e98279dfa32c0c7e5c52f053d0.html#LINE805">805</a>) [compute pre] racerd
<LISTING class='color_black'></LISTING>
<hr width="100%">
<a name="session46" href="./../nodes/org.junit.tests.running.classes.ParameterizedTestTest.testsAreNotExecutedWhenAssumptionInParametersM.b657b99f7ae2df0c628964aeb6f4e60d_node11.html#session46">node11#session46</a>(<a href="./../../ParameterizedTestTest.java.88da44e98279dfa32c0c7e5c52f053d0.html#LINE805">805</a>) [exec] racerd
<LISTING class='color_black'>PRE STATE:
Threads: NoThread, Locks: 0 
Accesses { {elem= Access: Read of model.TestClass.FIELD_COMPARATOR Thread: NoThread Lock: false Pre: Unowned;
            loc= line 78;
            trace= { Result JUnitCore.runClasses(Class[]) at line 803,
                     Result JUnitCore.runClasses(Computer,Class[]) at line 53,
                     Result JUnitCore.run(Computer,Class[]) at line 66,
                     Request Request.classes(Computer,Class[]) at line 109,
                     Runner Computer.getSuite(RunnerBuilder,Class[]) at line 77,
                     Computer$2.&lt;init&gt;(Computer,RunnerBuilder,Class[]) at line 28,
                     Suite.&lt;init&gt;(RunnerBuilder,Class[]) at line 33,
                     Suite.&lt;init&gt;(Class,List) at line 81,
                     ParentRunner.&lt;init&gt;(Class) at line 112,
                     TestClass ParentRunner.createTestClass(Class) at line 91,
                     TestClass.&lt;init&gt;(Class) at line 111,
                     void TestClass.scanAnnotatedMembers(Map,Map) at line 57,
                     Field[] TestClass.getSortedDeclaredFields(Class) at line 70 }},
           {elem= Access: Read of lang.Void.TYPE Thread: NoThread Lock: false Pre: Unowned;
            loc= line 107;
            trace= { Result JUnitCore.runClasses(Class[]) at line 803,
                     Result JUnitCore.runClasses(Computer,Class[]) at line 53,
                     Result JUnitCore.run(Computer,Class[]) at line 66,
                     Request Request.classes(Computer,Class[]) at line 109,
                     Runner Computer.getSuite(RunnerBuilder,Class[]) at line 77,
                     Computer$2.&lt;init&gt;(Computer,RunnerBuilder,Class[]) at line 28,
                     Suite.&lt;init&gt;(RunnerBuilder,Class[]) at line 33,
                     Suite.&lt;init&gt;(Class,List) at line 81,
                     ParentRunner.&lt;init&gt;(Class) at line 112,
                     void ParentRunner.validate() at line 92,
                     void ParentRunner.collectInitializationErrors(List) at line 523,
                     void ParentRunner.validatePublicVoidNoArgMethods(Class,boolean,List) at line 148,
                     void FrameworkMethod.validatePublicVoidNoArg(boolean,List) at line 178,
                     void FrameworkMethod.validatePublicVoid(boolean,List) at line 83 }},
           {elem= Access: Read of runners.ParentRunner.VALIDATORS Thread: NoThread Lock: false Pre: Unowned;
            loc= line 156;
            trace= { Result JUnitCore.runClasses(Class[]) at line 803,
                     Result JUnitCore.runClasses(Computer,Class[]) at line 53,
                     Result JUnitCore.run(Computer,Class[]) at line 66,
                     Request Request.classes(Computer,Class[]) at line 109,
                     Runner Computer.getSuite(RunnerBuilder,Class[]) at line 77,
                     Computer$2.&lt;init&gt;(Computer,RunnerBuilder,Class[]) at line 28,
                     Suite.&lt;init&gt;(RunnerBuilder,Class[]) at line 33,
                     Suite.&lt;init&gt;(Class,List) at line 81,
                     ParentRunner.&lt;init&gt;(Class) at line 112,
                     void ParentRunner.validate() at line 92,
                     void ParentRunner.collectInitializationErrors(List) at line 523,
                     void ParentRunner.applyValidators(List) at line 151 }},
           {elem= Access: Read of internal.MethodSorter.DEFAULT Thread: NoThread Lock: false Pre: Unowned;
            loc= line 67;
            trace= { Result JUnitCore.runClasses(Class[]) at line 803,
                     Result JUnitCore.runClasses(Computer,Class[]) at line 53,
                     Result JUnitCore.run(Computer,Class[]) at line 66,
                     Request Request.classes(Computer,Class[]) at line 109,
                     Runner Computer.getSuite(RunnerBuilder,Class[]) at line 77,
                     Computer$2.&lt;init&gt;(Computer,RunnerBuilder,Class[]) at line 28,
                     Suite.&lt;init&gt;(RunnerBuilder,Class[]) at line 33,
                     Suite.&lt;init&gt;(Class,List) at line 81,
                     ParentRunner.&lt;init&gt;(Class) at line 112,
                     TestClass ParentRunner.createTestClass(Class) at line 91,
                     TestClass.&lt;init&gt;(Class) at line 111,
                     void TestClass.scanAnnotatedMembers(Map,Map) at line 57,
                     Method[] MethodSorter.getDeclaredMethods(Class) at line 65,
                     Comparator MethodSorter.getSorter(FixMethodOrder) at line 52 }},
           {elem= Access: Read of rules.RuleMemberValidator.CLASS_RULE_METHOD_VALIDATOR Thread: NoThread Lock: false Pre: Unowned;
            loc= line 184;
            trace= { Result JUnitCore.runClasses(Class[]) at line 803,
                     Result JUnitCore.runClasses(Computer,Class[]) at line 53,
                     Result JUnitCore.run(Computer,Class[]) at line 66,
                     Request Request.classes(Computer,Class[]) at line 109,
                     Runner Computer.getSuite(RunnerBuilder,Class[]) at line 77,
                     Computer$2.&lt;init&gt;(Computer,RunnerBuilder,Class[]) at line 28,
                     Suite.&lt;init&gt;(RunnerBuilder,Class[]) at line 33,
                     Suite.&lt;init&gt;(Class,List) at line 81,
                     ParentRunner.&lt;init&gt;(Class) at line 112,
                     void ParentRunner.validate() at line 92,
                     void ParentRunner.collectInitializationErrors(List) at line 523,
                     void ParentRunner.validateClassRules(List) at line 150 }},
           {elem= Access: Read of rules.RuleMemberValidator.CLASS_RULE_VALIDATOR Thread: NoThread Lock: false Pre: Unowned;
            loc= line 183;
            trace= { Result JUnitCore.runClasses(Class[]) at line 803,
                     Result JUnitCore.runClasses(Computer,Class[]) at line 53,
                     Result JUnitCore.run(Computer,Class[]) at line 66,
                     Request Request.classes(Computer,Class[]) at line 109,
                     Runner Computer.getSuite(RunnerBuilder,Class[]) at line 77,
                     Computer$2.&lt;init&gt;(Computer,RunnerBuilder,Class[]) at line 28,
                     Suite.&lt;init&gt;(RunnerBuilder,Class[]) at line 33,
                     Suite.&lt;init&gt;(Class,List) at line 81,
                     ParentRunner.&lt;init&gt;(Class) at line 112,
                     void ParentRunner.validate() at line 92,
                     void ParentRunner.collectInitializationErrors(List) at line 523,
                     void ParentRunner.validateClassRules(List) at line 150 }},
           {elem= Access: Read of rules.RuleMemberValidator.CLASS_RULE_METHOD_VALIDATOR-&gt;annotation Thread: NoThread Lock: false Pre: Unowned;
            loc= line 89;
            trace= { Result JUnitCore.runClasses(Class[]) at line 803,
                     Result JUnitCore.runClasses(Computer,Class[]) at line 53,
                     Result JUnitCore.run(Computer,Class[]) at line 66,
                     Request Request.classes(Computer,Class[]) at line 109,
                     Runner Computer.getSuite(RunnerBuilder,Class[]) at line 77,
                     Computer$2.&lt;init&gt;(Computer,RunnerBuilder,Class[]) at line 28,
                     Suite.&lt;init&gt;(RunnerBuilder,Class[]) at line 33,
                     Suite.&lt;init&gt;(Class,List) at line 81,
                     ParentRunner.&lt;init&gt;(Class) at line 112,
                     void ParentRunner.validate() at line 92,
                     void ParentRunner.collectInitializationErrors(List) at line 523,
                     void ParentRunner.validateClassRules(List) at line 150,
                     void RuleMemberValidator.validate(TestClass,List) at line 184 }},
           {elem= Access: Read of rules.RuleMemberValidator.CLASS_RULE_METHOD_VALIDATOR-&gt;methods Thread: NoThread Lock: false Pre: Unowned;
            loc= line 89;
            trace= { Result JUnitCore.runClasses(Class[]) at line 803,
                     Result JUnitCore.runClasses(Computer,Class[]) at line 53,
                     Result JUnitCore.run(Computer,Class[]) at line 66,
                     Request Request.classes(Computer,Class[]) at line 109,
                     Runner Computer.getSuite(RunnerBuilder,Class[]) at line 77,
                     Computer$2.&lt;init&gt;(Computer,RunnerBuilder,Class[]) at line 28,
                     Suite.&lt;init&gt;(RunnerBuilder,Class[]) at line 33,
                     Suite.&lt;init&gt;(Class,List) at line 81,
                     ParentRunner.&lt;init&gt;(Class) at line 112,
                     void ParentRunner.validate() at line 92,
                     void ParentRunner.collectInitializationErrors(List) at line 523,
                     void ParentRunner.validateClassRules(List) at line 150,
                     void RuleMemberValidator.validate(TestClass,List) at line 184 }},
           {elem= Access: Read of rules.RuleMemberValidator.CLASS_RULE_METHOD_VALIDATOR-&gt;validatorStrategies Thread: NoThread Lock: false Pre: Unowned;
            loc= line 98;
            trace= { Result JUnitCore.runClasses(Class[]) at line 803,
                     Result JUnitCore.runClasses(Computer,Class[]) at line 53,
                     Result JUnitCore.run(Computer,Class[]) at line 66,
                     Request Request.classes(Computer,Class[]) at line 109,
                     Runner Computer.getSuite(RunnerBuilder,Class[]) at line 77,
                     Computer$2.&lt;init&gt;(Computer,RunnerBuilder,Class[]) at line 28,
                     Suite.&lt;init&gt;(RunnerBuilder,Class[]) at line 33,
                     Suite.&lt;init&gt;(Class,List) at line 81,
                     ParentRunner.&lt;init&gt;(Class) at line 112,
                     void ParentRunner.validate() at line 92,
                     void ParentRunner.collectInitializationErrors(List) at line 523,
                     void ParentRunner.validateClassRules(List) at line 150,
                     void RuleMemberValidator.validate(TestClass,List) at line 184,
                     void RuleMemberValidator.validateMember(FrameworkMember,List) at line 93 }},
           {elem= Access: Read of rules.RuleMemberValidator.CLASS_RULE_VALIDATOR-&gt;annotation Thread: NoThread Lock: false Pre: Unowned;
            loc= line 89;
            trace= { Result JUnitCore.runClasses(Class[]) at line 803,
                     Result JUnitCore.runClasses(Computer,Class[]) at line 53,
                     Result JUnitCore.run(Computer,Class[]) at line 66,
                     Request Request.classes(Computer,Class[]) at line 109,
                     Runner Computer.getSuite(RunnerBuilder,Class[]) at line 77,
                     Computer$2.&lt;init&gt;(Computer,RunnerBuilder,Class[]) at line 28,
                     Suite.&lt;init&gt;(RunnerBuilder,Class[]) at line 33,
                     Suite.&lt;init&gt;(Class,List) at line 81,
                     ParentRunner.&lt;init&gt;(Class) at line 112,
                     void ParentRunner.validate() at line 92,
                     void ParentRunner.collectInitializationErrors(List) at line 523,
                     void ParentRunner.validateClassRules(List) at line 150,
                     void RuleMemberValidator.validate(TestClass,List) at line 183 }},
           {elem= Access: Read of rules.RuleMemberValidator.CLASS_RULE_VALIDATOR-&gt;methods Thread: NoThread Lock: false Pre: Unowned;
            loc= line 89;
            trace= { Result JUnitCore.runClasses(Class[]) at line 803,
                     Result JUnitCore.runClasses(Computer,Class[]) at line 53,
                     Result JUnitCore.run(Computer,Class[]) at line 66,
                     Request Request.classes(Computer,Class[]) at line 109,
                     Runner Computer.getSuite(RunnerBuilder,Class[]) at line 77,
                     Computer$2.&lt;init&gt;(Computer,RunnerBuilder,Class[]) at line 28,
                     Suite.&lt;init&gt;(RunnerBuilder,Class[]) at line 33,
                     Suite.&lt;init&gt;(Class,List) at line 81,
                     ParentRunner.&lt;init&gt;(Class) at line 112,
                     void ParentRunner.validate() at line 92,
                     void ParentRunner.collectInitializationErrors(List) at line 523,
                     void ParentRunner.validateClassRules(List) at line 150,
                     void RuleMemberValidator.validate(TestClass,List) at line 183 }},
           {elem= Access: Read of rules.RuleMemberValidator.CLASS_RULE_VALIDATOR-&gt;validatorStrategies Thread: NoThread Lock: false Pre: Unowned;
            loc= line 98;
            trace= { Result JUnitCore.runClasses(Class[]) at line 803,
                     Result JUnitCore.runClasses(Computer,Class[]) at line 53,
                     Result JUnitCore.run(Computer,Class[]) at line 66,
                     Request Request.classes(Computer,Class[]) at line 109,
                     Runner Computer.getSuite(RunnerBuilder,Class[]) at line 77,
                     Computer$2.&lt;init&gt;(Computer,RunnerBuilder,Class[]) at line 28,
                     Suite.&lt;init&gt;(RunnerBuilder,Class[]) at line 33,
                     Suite.&lt;init&gt;(Class,List) at line 81,
                     ParentRunner.&lt;init&gt;(Class) at line 112,
                     void ParentRunner.validate() at line 92,
                     void ParentRunner.collectInitializationErrors(List) at line 523,
                     void ParentRunner.validateClassRules(List) at line 150,
                     void RuleMemberValidator.validate(TestClass,List) at line 183,
                     void RuleMemberValidator.validateMember(FrameworkMember,List) at line 93 }},
           {elem= Access: Write to classes.ParameterizedTestTest$AssumptionInParametersMethod.assumptionFails Thread: NoThread Lock: false Pre: Unowned;
            loc= line 802; trace= { }} } 
Ownership: { n$0 -&gt; Owned,
             n$3 -&gt; Owned,
             n$6 -&gt; Owned,
             n$8 -&gt; Unowned,
             n$11 -&gt; Owned,
             result -&gt; Owned,
             this -&gt; OwnedIf{ 0 },
             *n$0[_] -&gt; Owned } 
Attributes: { n$6 -&gt; Functional,
              classes.ParameterizedTestTest$AssumptionInParametersMethod.assumptionFails -&gt; Functional,
              *n$0[_] -&gt; Functional } 



INSTR=  n$13 := void Assert.assertEquals(long,long)({ 1, (long) n$11 }) [line 805]; 

STATE:
Threads: NoThread, Locks: 0 
Accesses { {elem= Access: Read of model.TestClass.FIELD_COMPARATOR Thread: NoThread Lock: false Pre: Unowned;
            loc= line 78;
            trace= { Result JUnitCore.runClasses(Class[]) at line 803,
                     Result JUnitCore.runClasses(Computer,Class[]) at line 53,
                     Result JUnitCore.run(Computer,Class[]) at line 66,
                     Request Request.classes(Computer,Class[]) at line 109,
                     Runner Computer.getSuite(RunnerBuilder,Class[]) at line 77,
                     Computer$2.&lt;init&gt;(Computer,RunnerBuilder,Class[]) at line 28,
                     Suite.&lt;init&gt;(RunnerBuilder,Class[]) at line 33,
                     Suite.&lt;init&gt;(Class,List) at line 81,
                     ParentRunner.&lt;init&gt;(Class) at line 112,
                     TestClass ParentRunner.createTestClass(Class) at line 91,
                     TestClass.&lt;init&gt;(Class) at line 111,
                     void TestClass.scanAnnotatedMembers(Map,Map) at line 57,
                     Field[] TestClass.getSortedDeclaredFields(Class) at line 70 }},
           {elem= Access: Read of lang.Void.TYPE Thread: NoThread Lock: false Pre: Unowned;
            loc= line 107;
            trace= { Result JUnitCore.runClasses(Class[]) at line 803,
                     Result JUnitCore.runClasses(Computer,Class[]) at line 53,
                     Result JUnitCore.run(Computer,Class[]) at line 66,
                     Request Request.classes(Computer,Class[]) at line 109,
                     Runner Computer.getSuite(RunnerBuilder,Class[]) at line 77,
                     Computer$2.&lt;init&gt;(Computer,RunnerBuilder,Class[]) at line 28,
                     Suite.&lt;init&gt;(RunnerBuilder,Class[]) at line 33,
                     Suite.&lt;init&gt;(Class,List) at line 81,
                     ParentRunner.&lt;init&gt;(Class) at line 112,
                     void ParentRunner.validate() at line 92,
                     void ParentRunner.collectInitializationErrors(List) at line 523,
                     void ParentRunner.validatePublicVoidNoArgMethods(Class,boolean,List) at line 148,
                     void FrameworkMethod.validatePublicVoidNoArg(boolean,List) at line 178,
                     void FrameworkMethod.validatePublicVoid(boolean,List) at line 83 }},
           {elem= Access: Read of runners.ParentRunner.VALIDATORS Thread: NoThread Lock: false Pre: Unowned;
            loc= line 156;
            trace= { Result JUnitCore.runClasses(Class[]) at line 803,
                     Result JUnitCore.runClasses(Computer,Class[]) at line 53,
                     Result JUnitCore.run(Computer,Class[]) at line 66,
                     Request Request.classes(Computer,Class[]) at line 109,
                     Runner Computer.getSuite(RunnerBuilder,Class[]) at line 77,
                     Computer$2.&lt;init&gt;(Computer,RunnerBuilder,Class[]) at line 28,
                     Suite.&lt;init&gt;(RunnerBuilder,Class[]) at line 33,
                     Suite.&lt;init&gt;(Class,List) at line 81,
                     ParentRunner.&lt;init&gt;(Class) at line 112,
                     void ParentRunner.validate() at line 92,
                     void ParentRunner.collectInitializationErrors(List) at line 523,
                     void ParentRunner.applyValidators(List) at line 151 }},
           {elem= Access: Read of internal.MethodSorter.DEFAULT Thread: NoThread Lock: false Pre: Unowned;
            loc= line 67;
            trace= { Result JUnitCore.runClasses(Class[]) at line 803,
                     Result JUnitCore.runClasses(Computer,Class[]) at line 53,
                     Result JUnitCore.run(Computer,Class[]) at line 66,
                     Request Request.classes(Computer,Class[]) at line 109,
                     Runner Computer.getSuite(RunnerBuilder,Class[]) at line 77,
                     Computer$2.&lt;init&gt;(Computer,RunnerBuilder,Class[]) at line 28,
                     Suite.&lt;init&gt;(RunnerBuilder,Class[]) at line 33,
                     Suite.&lt;init&gt;(Class,List) at line 81,
                     ParentRunner.&lt;init&gt;(Class) at line 112,
                     TestClass ParentRunner.createTestClass(Class) at line 91,
                     TestClass.&lt;init&gt;(Class) at line 111,
                     void TestClass.scanAnnotatedMembers(Map,Map) at line 57,
                     Method[] MethodSorter.getDeclaredMethods(Class) at line 65,
                     Comparator MethodSorter.getSorter(FixMethodOrder) at line 52 }},
           {elem= Access: Read of rules.RuleMemberValidator.CLASS_RULE_METHOD_VALIDATOR Thread: NoThread Lock: false Pre: Unowned;
            loc= line 184;
            trace= { Result JUnitCore.runClasses(Class[]) at line 803,
                     Result JUnitCore.runClasses(Computer,Class[]) at line 53,
                     Result JUnitCore.run(Computer,Class[]) at line 66,
                     Request Request.classes(Computer,Class[]) at line 109,
                     Runner Computer.getSuite(RunnerBuilder,Class[]) at line 77,
                     Computer$2.&lt;init&gt;(Computer,RunnerBuilder,Class[]) at line 28,
                     Suite.&lt;init&gt;(RunnerBuilder,Class[]) at line 33,
                     Suite.&lt;init&gt;(Class,List) at line 81,
                     ParentRunner.&lt;init&gt;(Class) at line 112,
                     void ParentRunner.validate() at line 92,
                     void ParentRunner.collectInitializationErrors(List) at line 523,
                     void ParentRunner.validateClassRules(List) at line 150 }},
           {elem= Access: Read of rules.RuleMemberValidator.CLASS_RULE_VALIDATOR Thread: NoThread Lock: false Pre: Unowned;
            loc= line 183;
            trace= { Result JUnitCore.runClasses(Class[]) at line 803,
                     Result JUnitCore.runClasses(Computer,Class[]) at line 53,
                     Result JUnitCore.run(Computer,Class[]) at line 66,
                     Request Request.classes(Computer,Class[]) at line 109,
                     Runner Computer.getSuite(RunnerBuilder,Class[]) at line 77,
                     Computer$2.&lt;init&gt;(Computer,RunnerBuilder,Class[]) at line 28,
                     Suite.&lt;init&gt;(RunnerBuilder,Class[]) at line 33,
                     Suite.&lt;init&gt;(Class,List) at line 81,
                     ParentRunner.&lt;init&gt;(Class) at line 112,
                     void ParentRunner.validate() at line 92,
                     void ParentRunner.collectInitializationErrors(List) at line 523,
                     void ParentRunner.validateClassRules(List) at line 150 }},
           {elem= Access: Read of rules.RuleMemberValidator.CLASS_RULE_METHOD_VALIDATOR-&gt;annotation Thread: NoThread Lock: false Pre: Unowned;
            loc= line 89;
            trace= { Result JUnitCore.runClasses(Class[]) at line 803,
                     Result JUnitCore.runClasses(Computer,Class[]) at line 53,
                     Result JUnitCore.run(Computer,Class[]) at line 66,
                     Request Request.classes(Computer,Class[]) at line 109,
                     Runner Computer.getSuite(RunnerBuilder,Class[]) at line 77,
                     Computer$2.&lt;init&gt;(Computer,RunnerBuilder,Class[]) at line 28,
                     Suite.&lt;init&gt;(RunnerBuilder,Class[]) at line 33,
                     Suite.&lt;init&gt;(Class,List) at line 81,
                     ParentRunner.&lt;init&gt;(Class) at line 112,
                     void ParentRunner.validate() at line 92,
                     void ParentRunner.collectInitializationErrors(List) at line 523,
                     void ParentRunner.validateClassRules(List) at line 150,
                     void RuleMemberValidator.validate(TestClass,List) at line 184 }},
           {elem= Access: Read of rules.RuleMemberValidator.CLASS_RULE_METHOD_VALIDATOR-&gt;methods Thread: NoThread Lock: false Pre: Unowned;
            loc= line 89;
            trace= { Result JUnitCore.runClasses(Class[]) at line 803,
                     Result JUnitCore.runClasses(Computer,Class[]) at line 53,
                     Result JUnitCore.run(Computer,Class[]) at line 66,
                     Request Request.classes(Computer,Class[]) at line 109,
                     Runner Computer.getSuite(RunnerBuilder,Class[]) at line 77,
                     Computer$2.&lt;init&gt;(Computer,RunnerBuilder,Class[]) at line 28,
                     Suite.&lt;init&gt;(RunnerBuilder,Class[]) at line 33,
                     Suite.&lt;init&gt;(Class,List) at line 81,
                     ParentRunner.&lt;init&gt;(Class) at line 112,
                     void ParentRunner.validate() at line 92,
                     void ParentRunner.collectInitializationErrors(List) at line 523,
                     void ParentRunner.validateClassRules(List) at line 150,
                     void RuleMemberValidator.validate(TestClass,List) at line 184 }},
           {elem= Access: Read of rules.RuleMemberValidator.CLASS_RULE_METHOD_VALIDATOR-&gt;validatorStrategies Thread: NoThread Lock: false Pre: Unowned;
            loc= line 98;
            trace= { Result JUnitCore.runClasses(Class[]) at line 803,
                     Result JUnitCore.runClasses(Computer,Class[]) at line 53,
                     Result JUnitCore.run(Computer,Class[]) at line 66,
                     Request Request.classes(Computer,Class[]) at line 109,
                     Runner Computer.getSuite(RunnerBuilder,Class[]) at line 77,
                     Computer$2.&lt;init&gt;(Computer,RunnerBuilder,Class[]) at line 28,
                     Suite.&lt;init&gt;(RunnerBuilder,Class[]) at line 33,
                     Suite.&lt;init&gt;(Class,List) at line 81,
                     ParentRunner.&lt;init&gt;(Class) at line 112,
                     void ParentRunner.validate() at line 92,
                     void ParentRunner.collectInitializationErrors(List) at line 523,
                     void ParentRunner.validateClassRules(List) at line 150,
                     void RuleMemberValidator.validate(TestClass,List) at line 184,
                     void RuleMemberValidator.validateMember(FrameworkMember,List) at line 93 }},
           {elem= Access: Read of rules.RuleMemberValidator.CLASS_RULE_VALIDATOR-&gt;annotation Thread: NoThread Lock: false Pre: Unowned;
            loc= line 89;
            trace= { Result JUnitCore.runClasses(Class[]) at line 803,
                     Result JUnitCore.runClasses(Computer,Class[]) at line 53,
                     Result JUnitCore.run(Computer,Class[]) at line 66,
                     Request Request.classes(Computer,Class[]) at line 109,
                     Runner Computer.getSuite(RunnerBuilder,Class[]) at line 77,
                     Computer$2.&lt;init&gt;(Computer,RunnerBuilder,Class[]) at line 28,
                     Suite.&lt;init&gt;(RunnerBuilder,Class[]) at line 33,
                     Suite.&lt;init&gt;(Class,List) at line 81,
                     ParentRunner.&lt;init&gt;(Class) at line 112,
                     void ParentRunner.validate() at line 92,
                     void ParentRunner.collectInitializationErrors(List) at line 523,
                     void ParentRunner.validateClassRules(List) at line 150,
                     void RuleMemberValidator.validate(TestClass,List) at line 183 }},
           {elem= Access: Read of rules.RuleMemberValidator.CLASS_RULE_VALIDATOR-&gt;methods Thread: NoThread Lock: false Pre: Unowned;
            loc= line 89;
            trace= { Result JUnitCore.runClasses(Class[]) at line 803,
                     Result JUnitCore.runClasses(Computer,Class[]) at line 53,
                     Result JUnitCore.run(Computer,Class[]) at line 66,
                     Request Request.classes(Computer,Class[]) at line 109,
                     Runner Computer.getSuite(RunnerBuilder,Class[]) at line 77,
                     Computer$2.&lt;init&gt;(Computer,RunnerBuilder,Class[]) at line 28,
                     Suite.&lt;init&gt;(RunnerBuilder,Class[]) at line 33,
                     Suite.&lt;init&gt;(Class,List) at line 81,
                     ParentRunner.&lt;init&gt;(Class) at line 112,
                     void ParentRunner.validate() at line 92,
                     void ParentRunner.collectInitializationErrors(List) at line 523,
                     void ParentRunner.validateClassRules(List) at line 150,
                     void RuleMemberValidator.validate(TestClass,List) at line 183 }},
           {elem= Access: Read of rules.RuleMemberValidator.CLASS_RULE_VALIDATOR-&gt;validatorStrategies Thread: NoThread Lock: false Pre: Unowned;
            loc= line 98;
            trace= { Result JUnitCore.runClasses(Class[]) at line 803,
                     Result JUnitCore.runClasses(Computer,Class[]) at line 53,
                     Result JUnitCore.run(Computer,Class[]) at line 66,
                     Request Request.classes(Computer,Class[]) at line 109,
                     Runner Computer.getSuite(RunnerBuilder,Class[]) at line 77,
                     Computer$2.&lt;init&gt;(Computer,RunnerBuilder,Class[]) at line 28,
                     Suite.&lt;init&gt;(RunnerBuilder,Class[]) at line 33,
                     Suite.&lt;init&gt;(Class,List) at line 81,
                     ParentRunner.&lt;init&gt;(Class) at line 112,
                     void ParentRunner.validate() at line 92,
                     void ParentRunner.collectInitializationErrors(List) at line 523,
                     void ParentRunner.validateClassRules(List) at line 150,
                     void RuleMemberValidator.validate(TestClass,List) at line 183,
                     void RuleMemberValidator.validateMember(FrameworkMember,List) at line 93 }},
           {elem= Access: Write to classes.ParameterizedTestTest$AssumptionInParametersMethod.assumptionFails Thread: NoThread Lock: false Pre: Unowned;
            loc= line 802; trace= { }} } 
Ownership: { n$0 -&gt; Owned,
             n$3 -&gt; Owned,
             n$6 -&gt; Owned,
             n$8 -&gt; Unowned,
             n$11 -&gt; Owned,
             n$13 -&gt; Unowned,
             result -&gt; Owned,
             this -&gt; OwnedIf{ 0 },
             *n$0[_] -&gt; Owned } 
Attributes: { n$6 -&gt; Functional,
              classes.ParameterizedTestTest$AssumptionInParametersMethod.assumptionFails -&gt; Functional,
              *n$0[_] -&gt; Functional } 


INSTR=  NULLIFY(&amp;$irvar2); [line 805]; 

STATE UNCHANGED

INSTR=  EXIT_SCOPE(n$13); [line 805]; 

STATE:
Threads: NoThread, Locks: 0 
Accesses { {elem= Access: Read of model.TestClass.FIELD_COMPARATOR Thread: NoThread Lock: false Pre: Unowned;
            loc= line 78;
            trace= { Result JUnitCore.runClasses(Class[]) at line 803,
                     Result JUnitCore.runClasses(Computer,Class[]) at line 53,
                     Result JUnitCore.run(Computer,Class[]) at line 66,
                     Request Request.classes(Computer,Class[]) at line 109,
                     Runner Computer.getSuite(RunnerBuilder,Class[]) at line 77,
                     Computer$2.&lt;init&gt;(Computer,RunnerBuilder,Class[]) at line 28,
                     Suite.&lt;init&gt;(RunnerBuilder,Class[]) at line 33,
                     Suite.&lt;init&gt;(Class,List) at line 81,
                     ParentRunner.&lt;init&gt;(Class) at line 112,
                     TestClass ParentRunner.createTestClass(Class) at line 91,
                     TestClass.&lt;init&gt;(Class) at line 111,
                     void TestClass.scanAnnotatedMembers(Map,Map) at line 57,
                     Field[] TestClass.getSortedDeclaredFields(Class) at line 70 }},
           {elem= Access: Read of lang.Void.TYPE Thread: NoThread Lock: false Pre: Unowned;
            loc= line 107;
            trace= { Result JUnitCore.runClasses(Class[]) at line 803,
                     Result JUnitCore.runClasses(Computer,Class[]) at line 53,
                     Result JUnitCore.run(Computer,Class[]) at line 66,
                     Request Request.classes(Computer,Class[]) at line 109,
                     Runner Computer.getSuite(RunnerBuilder,Class[]) at line 77,
                     Computer$2.&lt;init&gt;(Computer,RunnerBuilder,Class[]) at line 28,
                     Suite.&lt;init&gt;(RunnerBuilder,Class[]) at line 33,
                     Suite.&lt;init&gt;(Class,List) at line 81,
                     ParentRunner.&lt;init&gt;(Class) at line 112,
                     void ParentRunner.validate() at line 92,
                     void ParentRunner.collectInitializationErrors(List) at line 523,
                     void ParentRunner.validatePublicVoidNoArgMethods(Class,boolean,List) at line 148,
                     void FrameworkMethod.validatePublicVoidNoArg(boolean,List) at line 178,
                     void FrameworkMethod.validatePublicVoid(boolean,List) at line 83 }},
           {elem= Access: Read of runners.ParentRunner.VALIDATORS Thread: NoThread Lock: false Pre: Unowned;
            loc= line 156;
            trace= { Result JUnitCore.runClasses(Class[]) at line 803,
                     Result JUnitCore.runClasses(Computer,Class[]) at line 53,
                     Result JUnitCore.run(Computer,Class[]) at line 66,
                     Request Request.classes(Computer,Class[]) at line 109,
                     Runner Computer.getSuite(RunnerBuilder,Class[]) at line 77,
                     Computer$2.&lt;init&gt;(Computer,RunnerBuilder,Class[]) at line 28,
                     Suite.&lt;init&gt;(RunnerBuilder,Class[]) at line 33,
                     Suite.&lt;init&gt;(Class,List) at line 81,
                     ParentRunner.&lt;init&gt;(Class) at line 112,
                     void ParentRunner.validate() at line 92,
                     void ParentRunner.collectInitializationErrors(List) at line 523,
                     void ParentRunner.applyValidators(List) at line 151 }},
           {elem= Access: Read of internal.MethodSorter.DEFAULT Thread: NoThread Lock: false Pre: Unowned;
            loc= line 67;
            trace= { Result JUnitCore.runClasses(Class[]) at line 803,
                     Result JUnitCore.runClasses(Computer,Class[]) at line 53,
                     Result JUnitCore.run(Computer,Class[]) at line 66,
                     Request Request.classes(Computer,Class[]) at line 109,
                     Runner Computer.getSuite(RunnerBuilder,Class[]) at line 77,
                     Computer$2.&lt;init&gt;(Computer,RunnerBuilder,Class[]) at line 28,
                     Suite.&lt;init&gt;(RunnerBuilder,Class[]) at line 33,
                     Suite.&lt;init&gt;(Class,List) at line 81,
                     ParentRunner.&lt;init&gt;(Class) at line 112,
                     TestClass ParentRunner.createTestClass(Class) at line 91,
                     TestClass.&lt;init&gt;(Class) at line 111,
                     void TestClass.scanAnnotatedMembers(Map,Map) at line 57,
                     Method[] MethodSorter.getDeclaredMethods(Class) at line 65,
                     Comparator MethodSorter.getSorter(FixMethodOrder) at line 52 }},
           {elem= Access: Read of rules.RuleMemberValidator.CLASS_RULE_METHOD_VALIDATOR Thread: NoThread Lock: false Pre: Unowned;
            loc= line 184;
            trace= { Result JUnitCore.runClasses(Class[]) at line 803,
                     Result JUnitCore.runClasses(Computer,Class[]) at line 53,
                     Result JUnitCore.run(Computer,Class[]) at line 66,
                     Request Request.classes(Computer,Class[]) at line 109,
                     Runner Computer.getSuite(RunnerBuilder,Class[]) at line 77,
                     Computer$2.&lt;init&gt;(Computer,RunnerBuilder,Class[]) at line 28,
                     Suite.&lt;init&gt;(RunnerBuilder,Class[]) at line 33,
                     Suite.&lt;init&gt;(Class,List) at line 81,
                     ParentRunner.&lt;init&gt;(Class) at line 112,
                     void ParentRunner.validate() at line 92,
                     void ParentRunner.collectInitializationErrors(List) at line 523,
                     void ParentRunner.validateClassRules(List) at line 150 }},
           {elem= Access: Read of rules.RuleMemberValidator.CLASS_RULE_VALIDATOR Thread: NoThread Lock: false Pre: Unowned;
            loc= line 183;
            trace= { Result JUnitCore.runClasses(Class[]) at line 803,
                     Result JUnitCore.runClasses(Computer,Class[]) at line 53,
                     Result JUnitCore.run(Computer,Class[]) at line 66,
                     Request Request.classes(Computer,Class[]) at line 109,
                     Runner Computer.getSuite(RunnerBuilder,Class[]) at line 77,
                     Computer$2.&lt;init&gt;(Computer,RunnerBuilder,Class[]) at line 28,
                     Suite.&lt;init&gt;(RunnerBuilder,Class[]) at line 33,
                     Suite.&lt;init&gt;(Class,List) at line 81,
                     ParentRunner.&lt;init&gt;(Class) at line 112,
                     void ParentRunner.validate() at line 92,
                     void ParentRunner.collectInitializationErrors(List) at line 523,
                     void ParentRunner.validateClassRules(List) at line 150 }},
           {elem= Access: Read of rules.RuleMemberValidator.CLASS_RULE_METHOD_VALIDATOR-&gt;annotation Thread: NoThread Lock: false Pre: Unowned;
            loc= line 89;
            trace= { Result JUnitCore.runClasses(Class[]) at line 803,
                     Result JUnitCore.runClasses(Computer,Class[]) at line 53,
                     Result JUnitCore.run(Computer,Class[]) at line 66,
                     Request Request.classes(Computer,Class[]) at line 109,
                     Runner Computer.getSuite(RunnerBuilder,Class[]) at line 77,
                     Computer$2.&lt;init&gt;(Computer,RunnerBuilder,Class[]) at line 28,
                     Suite.&lt;init&gt;(RunnerBuilder,Class[]) at line 33,
                     Suite.&lt;init&gt;(Class,List) at line 81,
                     ParentRunner.&lt;init&gt;(Class) at line 112,
                     void ParentRunner.validate() at line 92,
                     void ParentRunner.collectInitializationErrors(List) at line 523,
                     void ParentRunner.validateClassRules(List) at line 150,
                     void RuleMemberValidator.validate(TestClass,List) at line 184 }},
           {elem= Access: Read of rules.RuleMemberValidator.CLASS_RULE_METHOD_VALIDATOR-&gt;methods Thread: NoThread Lock: false Pre: Unowned;
            loc= line 89;
            trace= { Result JUnitCore.runClasses(Class[]) at line 803,
                     Result JUnitCore.runClasses(Computer,Class[]) at line 53,
                     Result JUnitCore.run(Computer,Class[]) at line 66,
                     Request Request.classes(Computer,Class[]) at line 109,
                     Runner Computer.getSuite(RunnerBuilder,Class[]) at line 77,
                     Computer$2.&lt;init&gt;(Computer,RunnerBuilder,Class[]) at line 28,
                     Suite.&lt;init&gt;(RunnerBuilder,Class[]) at line 33,
                     Suite.&lt;init&gt;(Class,List) at line 81,
                     ParentRunner.&lt;init&gt;(Class) at line 112,
                     void ParentRunner.validate() at line 92,
                     void ParentRunner.collectInitializationErrors(List) at line 523,
                     void ParentRunner.validateClassRules(List) at line 150,
                     void RuleMemberValidator.validate(TestClass,List) at line 184 }},
           {elem= Access: Read of rules.RuleMemberValidator.CLASS_RULE_METHOD_VALIDATOR-&gt;validatorStrategies Thread: NoThread Lock: false Pre: Unowned;
            loc= line 98;
            trace= { Result JUnitCore.runClasses(Class[]) at line 803,
                     Result JUnitCore.runClasses(Computer,Class[]) at line 53,
                     Result JUnitCore.run(Computer,Class[]) at line 66,
                     Request Request.classes(Computer,Class[]) at line 109,
                     Runner Computer.getSuite(RunnerBuilder,Class[]) at line 77,
                     Computer$2.&lt;init&gt;(Computer,RunnerBuilder,Class[]) at line 28,
                     Suite.&lt;init&gt;(RunnerBuilder,Class[]) at line 33,
                     Suite.&lt;init&gt;(Class,List) at line 81,
                     ParentRunner.&lt;init&gt;(Class) at line 112,
                     void ParentRunner.validate() at line 92,
                     void ParentRunner.collectInitializationErrors(List) at line 523,
                     void ParentRunner.validateClassRules(List) at line 150,
                     void RuleMemberValidator.validate(TestClass,List) at line 184,
                     void RuleMemberValidator.validateMember(FrameworkMember,List) at line 93 }},
           {elem= Access: Read of rules.RuleMemberValidator.CLASS_RULE_VALIDATOR-&gt;annotation Thread: NoThread Lock: false Pre: Unowned;
            loc= line 89;
            trace= { Result JUnitCore.runClasses(Class[]) at line 803,
                     Result JUnitCore.runClasses(Computer,Class[]) at line 53,
                     Result JUnitCore.run(Computer,Class[]) at line 66,
                     Request Request.classes(Computer,Class[]) at line 109,
                     Runner Computer.getSuite(RunnerBuilder,Class[]) at line 77,
                     Computer$2.&lt;init&gt;(Computer,RunnerBuilder,Class[]) at line 28,
                     Suite.&lt;init&gt;(RunnerBuilder,Class[]) at line 33,
                     Suite.&lt;init&gt;(Class,List) at line 81,
                     ParentRunner.&lt;init&gt;(Class) at line 112,
                     void ParentRunner.validate() at line 92,
                     void ParentRunner.collectInitializationErrors(List) at line 523,
                     void ParentRunner.validateClassRules(List) at line 150,
                     void RuleMemberValidator.validate(TestClass,List) at line 183 }},
           {elem= Access: Read of rules.RuleMemberValidator.CLASS_RULE_VALIDATOR-&gt;methods Thread: NoThread Lock: false Pre: Unowned;
            loc= line 89;
            trace= { Result JUnitCore.runClasses(Class[]) at line 803,
                     Result JUnitCore.runClasses(Computer,Class[]) at line 53,
                     Result JUnitCore.run(Computer,Class[]) at line 66,
                     Request Request.classes(Computer,Class[]) at line 109,
                     Runner Computer.getSuite(RunnerBuilder,Class[]) at line 77,
                     Computer$2.&lt;init&gt;(Computer,RunnerBuilder,Class[]) at line 28,
                     Suite.&lt;init&gt;(RunnerBuilder,Class[]) at line 33,
                     Suite.&lt;init&gt;(Class,List) at line 81,
                     ParentRunner.&lt;init&gt;(Class) at line 112,
                     void ParentRunner.validate() at line 92,
                     void ParentRunner.collectInitializationErrors(List) at line 523,
                     void ParentRunner.validateClassRules(List) at line 150,
                     void RuleMemberValidator.validate(TestClass,List) at line 183 }},
           {elem= Access: Read of rules.RuleMemberValidator.CLASS_RULE_VALIDATOR-&gt;validatorStrategies Thread: NoThread Lock: false Pre: Unowned;
            loc= line 98;
            trace= { Result JUnitCore.runClasses(Class[]) at line 803,
                     Result JUnitCore.runClasses(Computer,Class[]) at line 53,
                     Result JUnitCore.run(Computer,Class[]) at line 66,
                     Request Request.classes(Computer,Class[]) at line 109,
                     Runner Computer.getSuite(RunnerBuilder,Class[]) at line 77,
                     Computer$2.&lt;init&gt;(Computer,RunnerBuilder,Class[]) at line 28,
                     Suite.&lt;init&gt;(RunnerBuilder,Class[]) at line 33,
                     Suite.&lt;init&gt;(Class,List) at line 81,
                     ParentRunner.&lt;init&gt;(Class) at line 112,
                     void ParentRunner.validate() at line 92,
                     void ParentRunner.collectInitializationErrors(List) at line 523,
                     void ParentRunner.validateClassRules(List) at line 150,
                     void RuleMemberValidator.validate(TestClass,List) at line 183,
                     void RuleMemberValidator.validateMember(FrameworkMember,List) at line 93 }},
           {elem= Access: Write to classes.ParameterizedTestTest$AssumptionInParametersMethod.assumptionFails Thread: NoThread Lock: false Pre: Unowned;
            loc= line 802; trace= { }} } 
Ownership: { n$0 -&gt; Owned,
             n$3 -&gt; Owned,
             n$6 -&gt; Owned,
             n$8 -&gt; Unowned,
             n$11 -&gt; Owned,
             n$13 -&gt; Unowned,
             result -&gt; Owned,
             this -&gt; OwnedIf{ 0 },
             *n$0[_] -&gt; Owned } 
Attributes: { n$6 -&gt; Functional,
              classes.ParameterizedTestTest$AssumptionInParametersMethod.assumptionFails -&gt; Functional,
              *n$0[_] -&gt; Functional } 


</LISTING>
<hr width="100%">
<a name="session67" href="./../nodes/org.junit.tests.running.classes.ParameterizedTestTest.testsAreNotExecutedWhenAssumptionInParametersM.b657b99f7ae2df0c628964aeb6f4e60d_node11.html#session67">node11#session67</a>(<a href="./../../ParameterizedTestTest.java.88da44e98279dfa32c0c7e5c52f053d0.html#LINE805">805</a>) biabduction
<LISTING class='color_black'>**** [FP:Pending] void ParameterizedTestTest.testsAreNotExecutedWhenAssumptionInParametersMethodFails() Node: 11, Procedure: void ParameterizedTestTest.testsAreNotExecutedWhenAssumptionInParametersMethodFails(), Todo: 1 ****
  PROP 1 of 1:
  <span class='color_blue'><span class='color_red'>@f$1 != null</span>; <span class='color_red'>0 != 1</span>; <span class='color_red'>MEMna &lt; new[]:803 &gt; <span class='color_orange'>{vpath: }</span>(_t$5)</span>; <span class='color_red'>UND &lt; int AtomicInteger.get() &gt; :103($irvar2)</span>; <span class='color_red'>UND &lt; Result JUnitCore.runClasses(Computer,Class[]) &gt; :53(result)</span>; <span class='color_red'>RET &lt; int Result.getAssumptionFailureCount() &gt; ($irvar2)</span>; <span class='color_red'>RET &lt; boolean Result.wasSuccessful() &gt; (1)</span> ;
  <span class='color_red'>result = _t$4<span class='color_orange'>update:803</span>:org.junit.runner.Result*</span>; <span class='color_red'>$irvar3 = _t$3<span class='color_orange'>initial</span>:void</span>; <span class='color_red'>#GB<>$org.junit.tests.running.classes.ParameterizedTestTest$AssumptionInParametersMethod = {assumptionFails:1<span class='color_orange'>update:802</span>}<span class='color_orange'>rearrange:802</span>:org.junit.tests.running.classes.ParameterizedTestTest$AssumptionInParametersMethod( sub )</span>; <span class='color_red'>$irvar4 = _t$2<span class='color_orange'>initial</span>:void</span>; <span class='color_red'>$irvar0 = 0<span class='color_orange'>nullify</span>:void</span>; <span class='color_red'>return = _t$1<span class='color_orange'>initial</span>:void</span>; <span class='color_red'>$irvar1 = 0<span class='color_orange'>nullify</span>:void</span>; <span class='color_red'>$irvar2 = _t$0<span class='color_orange'>update:805</span>:void</span>; <span class='color_red'>this = @f$0<span class='color_orange'>formal</span>:org.junit.tests.running.classes.ParameterizedTestTest*( sub )</span>; <span class='color_red'>old_this = @f$0<span class='color_orange'>formal</span>:org.junit.tests.running.classes.ParameterizedTestTest*( sub )</span> ;
  <span class='color_red'>result|->{assumptionFailureCount:@f$1<span class='color_orange'>formal(z)</span>, failures:@f$2<span class='color_orange'>formal(z)</span>}<span class='color_orange'>formal(z)</span>:org.junit.runner.Result( sub )</span>; <span class='color_red'>@f$2|->{}<span class='color_orange'>formal(z)</span>:java.util.concurrent.CopyOnWriteArrayList( sub )</span>; <span class='color_red'>@f$1|->{}<span class='color_orange'>formal</span>:java.util.concurrent.atomic.AtomicInteger( sub )</span>
  [footprint
     <span class='color_red'>@f$1 != null</span>; <span class='color_red'>0 != 1</span> *
     <span class='color_red'>#GB<>$org.junit.tests.running.classes.ParameterizedTestTest$AssumptionInParametersMethod = {assumptionFails:@f$3<span class='color_orange'>rearrange:802</span>}<span class='color_orange'>rearrange:802</span>:org.junit.tests.running.classes.ParameterizedTestTest$AssumptionInParametersMethod( sub )</span>; <span class='color_red'>this = @f$0<span class='color_orange'>formal</span>:org.junit.tests.running.classes.ParameterizedTestTest*( sub )</span>  ]</span>
  .... Instructions: ....
  <span class='color_green'>n$12=*&amp;$irvar2:int [line 805];
  n$13=_fun_void Assert.assertEquals(long,long)(1:long,(long)n$12:long) [line 805];
  NULLIFY(&amp;$irvar2); [line 805];
  EXIT_SCOPE(n$12,n$13,$irvar2); [line 805];
  </span>
  
  Processing prop 1/1
    Instruction <span class='color_green'>n$12=*&amp;$irvar2:int [line 805]</span>
    in vpath_find exp:n$134
    vpath_find: cannot find n$134
    .... Rearrangement Start ....
    Exp: &amp;$irvar2
    Prop:
    <span class='color_blue'>@f$1 != null; 0 != 1; MEMna &lt; new[]:803 &gt; <span class='color_orange'>{vpath: }</span>(n$134); UND &lt; int AtomicInteger.get() &gt; :103($irvar2); UND &lt; Result JUnitCore.runClasses(Computer,Class[]) &gt; :53(result); RET &lt; int Result.getAssumptionFailureCount() &gt; ($irvar2); RET &lt; boolean Result.wasSuccessful() &gt; (1) ;
    result = n$129<span class='color_orange'>update:803</span>:org.junit.runner.Result*; $irvar3 = n$130<span class='color_orange'>initial</span>:void; #GB<>$org.junit.tests.running.classes.ParameterizedTestTest$AssumptionInParametersMethod = {assumptionFails:1<span class='color_orange'>update:802</span>}<span class='color_orange'>rearrange:802</span>:org.junit.tests.running.classes.ParameterizedTestTest$AssumptionInParametersMethod( sub ); $irvar4 = n$131<span class='color_orange'>initial</span>:void; $irvar0 = 0<span class='color_orange'>nullify</span>:void; return = n$132<span class='color_orange'>initial</span>:void; $irvar1 = 0<span class='color_orange'>nullify</span>:void; $irvar2 = n$133<span class='color_orange'>update:805</span>:void; this = @f$0<span class='color_orange'>formal</span>:org.junit.tests.running.classes.ParameterizedTestTest*( sub ); old_this = @f$0<span class='color_orange'>formal</span>:org.junit.tests.running.classes.ParameterizedTestTest*( sub ) ;
    result|->{assumptionFailureCount:@f$1<span class='color_orange'>formal(z)</span>, failures:@f$2<span class='color_orange'>formal(z)</span>}<span class='color_orange'>formal(z)</span>:org.junit.runner.Result( sub ); @f$2|->{}<span class='color_orange'>formal(z)</span>:java.util.concurrent.CopyOnWriteArrayList( sub ); @f$1|->{}<span class='color_orange'>formal</span>:java.util.concurrent.atomic.AtomicInteger( sub )
    [footprint
       @f$1 != null; 0 != 1 *
       #GB<>$org.junit.tests.running.classes.ParameterizedTestTest$AssumptionInParametersMethod = {assumptionFails:@f$3<span class='color_orange'>rearrange:802</span>}<span class='color_orange'>rearrange:802</span>:org.junit.tests.running.classes.ParameterizedTestTest$AssumptionInParametersMethod( sub ); this = @f$0<span class='color_orange'>formal</span>:org.junit.tests.running.classes.ParameterizedTestTest*( sub )  ]</span>
    
    in prop_iter_extend_ptsto lexp: &amp;$irvar2
    prop before:
    <span class='color_blue'>@f$1 != null; 0 != 1; MEMna &lt; new[]:803 &gt; <span class='color_orange'>{vpath: }</span>(n$134); UND &lt; int AtomicInteger.get() &gt; :103($irvar2); UND &lt; Result JUnitCore.runClasses(Computer,Class[]) &gt; :53(result); RET &lt; int Result.getAssumptionFailureCount() &gt; ($irvar2); RET &lt; boolean Result.wasSuccessful() &gt; (1) ;
    result = n$129<span class='color_orange'>update:803</span>:org.junit.runner.Result*; $irvar3 = n$130<span class='color_orange'>initial</span>:void; #GB<>$org.junit.tests.running.classes.ParameterizedTestTest$AssumptionInParametersMethod = {assumptionFails:1<span class='color_orange'>update:802</span>}<span class='color_orange'>rearrange:802</span>:org.junit.tests.running.classes.ParameterizedTestTest$AssumptionInParametersMethod( sub ); $irvar4 = n$131<span class='color_orange'>initial</span>:void; $irvar0 = 0<span class='color_orange'>nullify</span>:void; return = n$132<span class='color_orange'>initial</span>:void; $irvar1 = 0<span class='color_orange'>nullify</span>:void; $irvar2 = n$133<span class='color_orange'>update:805</span>:void; this = @f$0<span class='color_orange'>formal</span>:org.junit.tests.running.classes.ParameterizedTestTest*( sub ); old_this = @f$0<span class='color_orange'>formal</span>:org.junit.tests.running.classes.ParameterizedTestTest*( sub ) ;
    result|->{assumptionFailureCount:@f$1<span class='color_orange'>formal(z)</span>, failures:@f$2<span class='color_orange'>formal(z)</span>}<span class='color_orange'>formal(z)</span>:org.junit.runner.Result( sub ); @f$2|->{}<span class='color_orange'>formal(z)</span>:java.util.concurrent.CopyOnWriteArrayList( sub ); @f$1|->{}<span class='color_orange'>formal</span>:java.util.concurrent.atomic.AtomicInteger( sub )
    [footprint
       @f$1 != null; 0 != 1 *
       #GB<>$org.junit.tests.running.classes.ParameterizedTestTest$AssumptionInParametersMethod = {assumptionFails:@f$3<span class='color_orange'>rearrange:802</span>}<span class='color_orange'>rearrange:802</span>:org.junit.tests.running.classes.ParameterizedTestTest$AssumptionInParametersMethod( sub ); this = @f$0<span class='color_orange'>formal</span>:org.junit.tests.running.classes.ParameterizedTestTest*( sub )  ]</span>
    
    
    prop list after:
    PROP 1 of 1:
    <span class='color_blue'><span class='color_blue'>@f$1 != null</span>; <span class='color_blue'>0 != 1</span>; <span class='color_blue'>MEMna &lt; new[]:803 &gt; <span class='color_orange'>{vpath: }</span>(n$134)</span>; <span class='color_blue'>UND &lt; int AtomicInteger.get() &gt; :103($irvar2)</span>; <span class='color_blue'>UND &lt; Result JUnitCore.runClasses(Computer,Class[]) &gt; :53(result)</span>; <span class='color_blue'>RET &lt; int Result.getAssumptionFailureCount() &gt; ($irvar2)</span>; <span class='color_blue'>RET &lt; boolean Result.wasSuccessful() &gt; (1)</span> ;
    <span class='color_blue'>result = n$129<span class='color_orange'>update:803</span>:org.junit.runner.Result*</span>; <span class='color_blue'>$irvar3 = n$130<span class='color_orange'>initial</span>:void</span>; <span class='color_blue'>#GB<>$org.junit.tests.running.classes.ParameterizedTestTest$AssumptionInParametersMethod = {assumptionFails:1<span class='color_orange'>update:802</span>}<span class='color_orange'>rearrange:802</span>:org.junit.tests.running.classes.ParameterizedTestTest$AssumptionInParametersMethod( sub )</span>; <span class='color_blue'>$irvar4 = n$131<span class='color_orange'>initial</span>:void</span>; <span class='color_blue'>$irvar0 = 0<span class='color_orange'>nullify</span>:void</span>; <span class='color_blue'>return = n$132<span class='color_orange'>initial</span>:void</span>; <span class='color_blue'>$irvar1 = 0<span class='color_orange'>nullify</span>:void</span>; <span class='color_blue'>$irvar2 = n$133<span class='color_orange'>update:805</span>:void</span>; <span class='color_blue'>this = @f$0<span class='color_orange'>formal</span>:org.junit.tests.running.classes.ParameterizedTestTest*( sub )</span>; <span class='color_blue'>old_this = @f$0<span class='color_orange'>formal</span>:org.junit.tests.running.classes.ParameterizedTestTest*( sub )</span> ;
    <span class='color_blue'>result|->{assumptionFailureCount:@f$1<span class='color_orange'>formal(z)</span>, failures:@f$2<span class='color_orange'>formal(z)</span>}<span class='color_orange'>formal(z)</span>:org.junit.runner.Result( sub )</span>; <span class='color_blue'>@f$2|->{}<span class='color_orange'>formal(z)</span>:java.util.concurrent.CopyOnWriteArrayList( sub )</span>; <span class='color_blue'>@f$1|->{}<span class='color_orange'>formal</span>:java.util.concurrent.atomic.AtomicInteger( sub )</span>
    [footprint
       <span class='color_blue'>@f$1 != null</span>; <span class='color_blue'>0 != 1</span> *
       <span class='color_blue'>#GB<>$org.junit.tests.running.classes.ParameterizedTestTest$AssumptionInParametersMethod = {assumptionFails:@f$3<span class='color_orange'>rearrange:802</span>}<span class='color_orange'>rearrange:802</span>:org.junit.tests.running.classes.ParameterizedTestTest$AssumptionInParametersMethod( sub )</span>; <span class='color_blue'>this = @f$0<span class='color_orange'>formal</span>:org.junit.tests.running.classes.ParameterizedTestTest*( sub )</span>  ]</span>
    
    
    
    Instruction Returns
    PROP 1 of 1:
    <span class='color_blue'><span class='color_blue'>@f$1 != null</span>; <span class='color_blue'>0 != 1</span>; <span class='color_blue'>MEMna &lt; new[]:803 &gt; <span class='color_orange'>{vpath: }</span>(_t$4)</span>; <span class='color_red'>UND &lt; int AtomicInteger.get() &gt; :103($irvar2)</span>; <span class='color_red'>UND &lt; Result JUnitCore.runClasses(Computer,Class[]) &gt; :53(result)</span>; <span class='color_red'>RET &lt; int Result.getAssumptionFailureCount() &gt; ($irvar2)</span>; <span class='color_blue'>RET &lt; boolean Result.wasSuccessful() &gt; (1)</span> ;
    <span class='color_blue'>result = <span class='color_red'>_t$3<span class='color_orange'>update:803</span></span>:org.junit.runner.Result*</span>; <span class='color_blue'>$irvar3 = <span class='color_red'>_t$2<span class='color_orange'>initial</span></span>:void</span>; <span class='color_blue'>#GB<>$org.junit.tests.running.classes.ParameterizedTestTest$AssumptionInParametersMethod = {assumptionFails:1<span class='color_orange'>update:802</span>}<span class='color_orange'>rearrange:802</span>:org.junit.tests.running.classes.ParameterizedTestTest$AssumptionInParametersMethod( sub )</span>; <span class='color_blue'>$irvar4 = <span class='color_red'>_t$1<span class='color_orange'>initial</span></span>:void</span>; <span class='color_blue'>$irvar0 = 0<span class='color_orange'>nullify</span>:void</span>; <span class='color_blue'>return = <span class='color_red'>_t$0<span class='color_orange'>initial</span></span>:void</span>; <span class='color_blue'>$irvar1 = 0<span class='color_orange'>nullify</span>:void</span>; <span class='color_blue'>$irvar2 = <span class='color_red'>n$12<span class='color_orange'>update:805</span></span>:void</span>; <span class='color_blue'>this = @f$0<span class='color_orange'>formal</span>:org.junit.tests.running.classes.ParameterizedTestTest*( sub )</span>; <span class='color_blue'>old_this = @f$0<span class='color_orange'>formal</span>:org.junit.tests.running.classes.ParameterizedTestTest*( sub )</span> ;
    <span class='color_red'>result|->{assumptionFailureCount:@f$1<span class='color_orange'>formal(z)</span>, failures:@f$2<span class='color_orange'>formal(z)</span>}<span class='color_orange'>formal(z)</span>:org.junit.runner.Result( sub )</span>; <span class='color_blue'>@f$2|->{}<span class='color_orange'>formal(z)</span>:java.util.concurrent.CopyOnWriteArrayList( sub )</span>; <span class='color_blue'>@f$1|->{}<span class='color_orange'>formal</span>:java.util.concurrent.atomic.AtomicInteger( sub )</span>
    [footprint
       <span class='color_blue'>@f$1 != null</span>; <span class='color_blue'>0 != 1</span> *
       <span class='color_blue'>#GB<>$org.junit.tests.running.classes.ParameterizedTestTest$AssumptionInParametersMethod = {assumptionFails:@f$3<span class='color_orange'>rearrange:802</span>}<span class='color_orange'>rearrange:802</span>:org.junit.tests.running.classes.ParameterizedTestTest$AssumptionInParametersMethod( sub )</span>; <span class='color_blue'>this = @f$0<span class='color_orange'>formal</span>:org.junit.tests.running.classes.ParameterizedTestTest*( sub )</span>  ]</span>
    
    Instruction <span class='color_green'>n$13=_fun_void Assert.assertEquals(long,long)(1:long,(long)n$12:long) [line 805]</span>
    in vpath_find exp:n$139
    vpath_find: cannot find n$139
    Found 2 specs for function org.junit.Assert.assertEquals(long,long):void
    START EXECUTING SPECS FOR org.junit.Assert.assertEquals(long,long):void from state
    <span class='color_blue'>@f$1 != null; 0 != 1; MEMna &lt; new[]:803 &gt; <span class='color_orange'>{vpath: }</span>(n$139); UND &lt; int AtomicInteger.get() &gt; :103($irvar2); UND &lt; Result JUnitCore.runClasses(Computer,Class[]) &gt; :53(result); RET &lt; int Result.getAssumptionFailureCount() &gt; ($irvar2); RET &lt; boolean Result.wasSuccessful() &gt; (1) ;
    result = n$135<span class='color_orange'>update:803</span>:org.junit.runner.Result*; $irvar3 = n$136<span class='color_orange'>initial</span>:void; #GB<>$org.junit.tests.running.classes.ParameterizedTestTest$AssumptionInParametersMethod = {assumptionFails:1<span class='color_orange'>update:802</span>}<span class='color_orange'>rearrange:802</span>:org.junit.tests.running.classes.ParameterizedTestTest$AssumptionInParametersMethod( sub ); $irvar4 = n$137<span class='color_orange'>initial</span>:void; $irvar0 = 0<span class='color_orange'>nullify</span>:void; return = n$138<span class='color_orange'>initial</span>:void; $irvar1 = 0<span class='color_orange'>nullify</span>:void; $irvar2 = n$12<span class='color_orange'>update:805</span>:void; this = @f$0<span class='color_orange'>formal</span>:org.junit.tests.running.classes.ParameterizedTestTest*( sub ); old_this = @f$0<span class='color_orange'>formal</span>:org.junit.tests.running.classes.ParameterizedTestTest*( sub ) ;
    result|->{assumptionFailureCount:@f$1<span class='color_orange'>formal(z)</span>, failures:@f$2<span class='color_orange'>formal(z)</span>}<span class='color_orange'>formal(z)</span>:org.junit.runner.Result( sub ); @f$2|->{}<span class='color_orange'>formal(z)</span>:java.util.concurrent.CopyOnWriteArrayList( sub ); @f$1|->{}<span class='color_orange'>formal</span>:java.util.concurrent.atomic.AtomicInteger( sub )
    [footprint
       @f$1 != null; 0 != 1 *
       #GB<>$org.junit.tests.running.classes.ParameterizedTestTest$AssumptionInParametersMethod = {assumptionFails:@f$3<span class='color_orange'>rearrange:802</span>}<span class='color_orange'>rearrange:802</span>:org.junit.tests.running.classes.ParameterizedTestTest$AssumptionInParametersMethod( sub ); this = @f$0<span class='color_orange'>formal</span>:org.junit.tests.running.classes.ParameterizedTestTest*( sub )  ]</span>
    EXECUTING SPEC 1/2
    ACTUAL PRECONDITION =
      <span class='color_blue'>@f$1 != null; 0 != 1; MEMna &lt; new[]:803 &gt; <span class='color_orange'>{vpath: }</span>(n$139); UND &lt; int AtomicInteger.get() &gt; :103($irvar2); UND &lt; Result JUnitCore.runClasses(Computer,Class[]) &gt; :53(result); RET &lt; int Result.getAssumptionFailureCount() &gt; ($irvar2); RET &lt; boolean Result.wasSuccessful() &gt; (1) ;
      result = n$135<span class='color_orange'>update:803</span>:org.junit.runner.Result*; actual|callee = n$12<span class='color_orange'>actual_precondition</span>:long; $irvar3 = n$136<span class='color_orange'>initial</span>:void; #GB<>$org.junit.tests.running.classes.ParameterizedTestTest$AssumptionInParametersMethod = {assumptionFails:1<span class='color_orange'>update:802</span>}<span class='color_orange'>rearrange:802</span>:org.junit.tests.running.classes.ParameterizedTestTest$AssumptionInParametersMethod( sub ); $irvar4 = n$137<span class='color_orange'>initial</span>:void; $irvar0 = 0<span class='color_orange'>nullify</span>:void; return = n$138<span class='color_orange'>initial</span>:void; $irvar1 = 0<span class='color_orange'>nullify</span>:void; $irvar2 = n$12<span class='color_orange'>update:805</span>:void; this = @f$0<span class='color_orange'>formal</span>:org.junit.tests.running.classes.ParameterizedTestTest*( sub ); old_this = @f$0<span class='color_orange'>formal</span>:org.junit.tests.running.classes.ParameterizedTestTest*( sub ); expected|callee = 1<span class='color_orange'>actual_precondition</span>:long ;
      result|->{assumptionFailureCount:@f$1<span class='color_orange'>formal(z)</span>, failures:@f$2<span class='color_orange'>formal(z)</span>}<span class='color_orange'>formal(z)</span>:org.junit.runner.Result( sub ); @f$2|->{}<span class='color_orange'>formal(z)</span>:java.util.concurrent.CopyOnWriteArrayList( sub ); @f$1|->{}<span class='color_orange'>formal</span>:java.util.concurrent.atomic.AtomicInteger( sub )
      [footprint
         @f$1 != null; 0 != 1 *
         #GB<>$org.junit.tests.running.classes.ParameterizedTestTest$AssumptionInParametersMethod = {assumptionFails:@f$3<span class='color_orange'>rearrange:802</span>}<span class='color_orange'>rearrange:802</span>:org.junit.tests.running.classes.ParameterizedTestTest$AssumptionInParametersMethod( sub ); this = @f$0<span class='color_orange'>formal</span>:org.junit.tests.running.classes.ParameterizedTestTest*( sub )  ]</span>
    SPEC =
      --------------------------- ---------- ---------------------------
      PRE:
      <span class='color_blue'><span class='color_blue'>actual|callee = _t$199<span class='color_orange'>formal</span>:long( sub ); expected|callee = _t$199<span class='color_orange'>formal</span>:long( sub )</span></span>
      POST 1 of 1:
      <span class='color_blue'><span class='color_red'>return|callee = _t$200<span class='color_orange'>initial</span>:void</span></span>
      ----------------------------------------------------------------
    pre_check_pure_implication
    pi1:
      @f$1 != null; 0 != 1; MEMna &lt; new[]:803 &gt; <span class='color_orange'>{vpath: }</span>(n$139); UND &lt; int AtomicInteger.get() &gt; :103(n$12); UND &lt; Result JUnitCore.runClasses(Computer,Class[]) &gt; :53(n$135); RET &lt; int Result.getAssumptionFailureCount() &gt; (n$12); RET &lt; boolean Result.wasSuccessful() &gt; (1)
    pi2:
      
    returns
    sub1:
      
    sub2:
      
    Current Implication
    SUB:
      
    <span class='color_blue'>@f$1 != null; 0 != 1; MEMna &lt; new[]:803 &gt; <span class='color_orange'>{vpath: }</span>(n$139); UND &lt; int AtomicInteger.get() &gt; :103($irvar2); UND &lt; Result JUnitCore.runClasses(Computer,Class[]) &gt; :53(result); RET &lt; int Result.getAssumptionFailureCount() &gt; ($irvar2); RET &lt; boolean Result.wasSuccessful() &gt; (1) ;
    result = n$135<span class='color_orange'>update:803</span>:org.junit.runner.Result*; actual|callee = n$12<span class='color_orange'>actual_precondition</span>:long; $irvar3 = n$136<span class='color_orange'>initial</span>:void; #GB<>$org.junit.tests.running.classes.ParameterizedTestTest$AssumptionInParametersMethod = {assumptionFails:1<span class='color_orange'>update:802</span>}<span class='color_orange'>rearrange:802</span>:org.junit.tests.running.classes.ParameterizedTestTest$AssumptionInParametersMethod( sub ); $irvar4 = n$137<span class='color_orange'>initial</span>:void; $irvar0 = 0<span class='color_orange'>nullify</span>:void; return = n$138<span class='color_orange'>initial</span>:void; $irvar1 = 0<span class='color_orange'>nullify</span>:void; $irvar2 = n$12<span class='color_orange'>update:805</span>:void; this = @f$0<span class='color_orange'>formal</span>:org.junit.tests.running.classes.ParameterizedTestTest*( sub ); old_this = @f$0<span class='color_orange'>formal</span>:org.junit.tests.running.classes.ParameterizedTestTest*( sub ); expected|callee = 1<span class='color_orange'>actual_precondition</span>:long ;
    result|->{assumptionFailureCount:@f$1<span class='color_orange'>formal(z)</span>, failures:@f$2<span class='color_orange'>formal(z)</span>}<span class='color_orange'>formal(z)</span>:org.junit.runner.Result( sub ); @f$2|->{}<span class='color_orange'>formal(z)</span>:java.util.concurrent.CopyOnWriteArrayList( sub ); @f$1|->{}<span class='color_orange'>formal</span>:java.util.concurrent.atomic.AtomicInteger( sub )
    [footprint
       @f$1 != null; 0 != 1 *
       #GB<>$org.junit.tests.running.classes.ParameterizedTestTest$AssumptionInParametersMethod = {assumptionFails:@f$3<span class='color_orange'>rearrange:802</span>}<span class='color_orange'>rearrange:802</span>:org.junit.tests.running.classes.ParameterizedTestTest$AssumptionInParametersMethod( sub ); this = @f$0<span class='color_orange'>formal</span>:org.junit.tests.running.classes.ParameterizedTestTest*( sub )  ]</span>
    |-
    <span class='color_blue'>actual|callee = _t$199<span class='color_orange'>formal</span>:long( sub ); expected|callee = _t$199<span class='color_orange'>formal</span>:long( sub )</span>
    
      do_imply n$12 _t$199
        Current Implication
        SUB:
          
        <span class='color_blue'>@f$1 != null; 0 != 1; MEMna &lt; new[]:803 &gt; <span class='color_orange'>{vpath: }</span>(n$139); UND &lt; int AtomicInteger.get() &gt; :103($irvar2); UND &lt; Result JUnitCore.runClasses(Computer,Class[]) &gt; :53(result); RET &lt; int Result.getAssumptionFailureCount() &gt; ($irvar2); RET &lt; boolean Result.wasSuccessful() &gt; (1) ;
        result = n$135<span class='color_orange'>update:803</span>:org.junit.runner.Result*; $irvar3 = n$136<span class='color_orange'>initial</span>:void; #GB<>$org.junit.tests.running.classes.ParameterizedTestTest$AssumptionInParametersMethod = {assumptionFails:1<span class='color_orange'>update:802</span>}<span class='color_orange'>rearrange:802</span>:org.junit.tests.running.classes.ParameterizedTestTest$AssumptionInParametersMethod( sub ); $irvar4 = n$137<span class='color_orange'>initial</span>:void; $irvar0 = 0<span class='color_orange'>nullify</span>:void; return = n$138<span class='color_orange'>initial</span>:void; $irvar1 = 0<span class='color_orange'>nullify</span>:void; $irvar2 = n$12<span class='color_orange'>update:805</span>:void; this = @f$0<span class='color_orange'>formal</span>:org.junit.tests.running.classes.ParameterizedTestTest*( sub ); old_this = @f$0<span class='color_orange'>formal</span>:org.junit.tests.running.classes.ParameterizedTestTest*( sub ); expected|callee = 1<span class='color_orange'>actual_precondition</span>:long ;
        result|->{assumptionFailureCount:@f$1<span class='color_orange'>formal(z)</span>, failures:@f$2<span class='color_orange'>formal(z)</span>}<span class='color_orange'>formal(z)</span>:org.junit.runner.Result( sub ); @f$2|->{}<span class='color_orange'>formal(z)</span>:java.util.concurrent.CopyOnWriteArrayList( sub ); @f$1|->{}<span class='color_orange'>formal</span>:java.util.concurrent.atomic.AtomicInteger( sub )
        [footprint
           @f$1 != null; 0 != 1 *
           #GB<>$org.junit.tests.running.classes.ParameterizedTestTest$AssumptionInParametersMethod = {assumptionFails:@f$3<span class='color_orange'>rearrange:802</span>}<span class='color_orange'>rearrange:802</span>:org.junit.tests.running.classes.ParameterizedTestTest$AssumptionInParametersMethod( sub ); this = @f$0<span class='color_orange'>formal</span>:org.junit.tests.running.classes.ParameterizedTestTest*( sub )  ]</span>
        [SUB: 
          _t$199 = n$12]
        |-
        <span class='color_blue'>expected|callee = n$12<span class='color_orange'>formal</span>:long( sub )</span>
        
          do_imply 1 n$12
          WARNING: footprint failed to find MISSING because: expressions not equal
    EXECUTING SPEC 2/2
    ACTUAL PRECONDITION =
      <span class='color_blue'>@f$1 != null; 0 != 1; MEMna &lt; new[]:803 &gt; <span class='color_orange'>{vpath: }</span>(n$139); UND &lt; int AtomicInteger.get() &gt; :103($irvar2); UND &lt; Result JUnitCore.runClasses(Computer,Class[]) &gt; :53(result); RET &lt; int Result.getAssumptionFailureCount() &gt; ($irvar2); RET &lt; boolean Result.wasSuccessful() &gt; (1) ;
      result = n$135<span class='color_orange'>update:803</span>:org.junit.runner.Result*; actual|callee = n$12<span class='color_orange'>actual_precondition</span>:long; $irvar3 = n$136<span class='color_orange'>initial</span>:void; #GB<>$org.junit.tests.running.classes.ParameterizedTestTest$AssumptionInParametersMethod = {assumptionFails:1<span class='color_orange'>update:802</span>}<span class='color_orange'>rearrange:802</span>:org.junit.tests.running.classes.ParameterizedTestTest$AssumptionInParametersMethod( sub ); $irvar4 = n$137<span class='color_orange'>initial</span>:void; $irvar0 = 0<span class='color_orange'>nullify</span>:void; return = n$138<span class='color_orange'>initial</span>:void; $irvar1 = 0<span class='color_orange'>nullify</span>:void; $irvar2 = n$12<span class='color_orange'>update:805</span>:void; this = @f$0<span class='color_orange'>formal</span>:org.junit.tests.running.classes.ParameterizedTestTest*( sub ); old_this = @f$0<span class='color_orange'>formal</span>:org.junit.tests.running.classes.ParameterizedTestTest*( sub ); expected|callee = 1<span class='color_orange'>actual_precondition</span>:long ;
      result|->{assumptionFailureCount:@f$1<span class='color_orange'>formal(z)</span>, failures:@f$2<span class='color_orange'>formal(z)</span>}<span class='color_orange'>formal(z)</span>:org.junit.runner.Result( sub ); @f$2|->{}<span class='color_orange'>formal(z)</span>:java.util.concurrent.CopyOnWriteArrayList( sub ); @f$1|->{}<span class='color_orange'>formal</span>:java.util.concurrent.atomic.AtomicInteger( sub )
      [footprint
         @f$1 != null; 0 != 1 *
         #GB<>$org.junit.tests.running.classes.ParameterizedTestTest$AssumptionInParametersMethod = {assumptionFails:@f$3<span class='color_orange'>rearrange:802</span>}<span class='color_orange'>rearrange:802</span>:org.junit.tests.running.classes.ParameterizedTestTest$AssumptionInParametersMethod( sub ); this = @f$0<span class='color_orange'>formal</span>:org.junit.tests.running.classes.ParameterizedTestTest*( sub )  ]</span>
    SPEC =
      --------------------------- ---------- ---------------------------
      PRE:
      <span class='color_blue'><span class='color_blue'>actual|callee != expected|callee ;
      actual|callee = _t$201<span class='color_orange'>formal</span>:long( sub ); expected|callee = _t$202<span class='color_orange'>formal</span>:long( sub )</span></span>
      POST 1 of 1:
      <span class='color_blue'>actual|callee != expected|callee; <span class='color_red'>MEMne &lt; void Assert.assertEquals(String,long,long):633 &gt; <span class='color_orange'>{vpath: }</span>(_t$203)</span> ;
      <span class='color_red'>return|callee = EXN _t$203<span class='color_orange'>update:633</span>:void</span> ;
      <span class='color_red'>_t$203|->{}<span class='color_orange'>alloc</span>:java.lang.AssertionError</span></span>
      ----------------------------------------------------------------
    pre_check_pure_implication
    pi1:
      @f$1 != null; 0 != 1; MEMna &lt; new[]:803 &gt; <span class='color_orange'>{vpath: }</span>(n$139); UND &lt; int AtomicInteger.get() &gt; :103(n$12); UND &lt; Result JUnitCore.runClasses(Computer,Class[]) &gt; :53(n$135); RET &lt; int Result.getAssumptionFailureCount() &gt; (n$12); RET &lt; boolean Result.wasSuccessful() &gt; (1)
    pi2:
      _t$201 != _t$202
    returns
    sub1:
      
    sub2:
      
    Current Implication
    SUB:
      
    <span class='color_blue'>@f$1 != null; 0 != 1; MEMna &lt; new[]:803 &gt; <span class='color_orange'>{vpath: }</span>(n$139); UND &lt; int AtomicInteger.get() &gt; :103($irvar2); UND &lt; Result JUnitCore.runClasses(Computer,Class[]) &gt; :53(result); RET &lt; int Result.getAssumptionFailureCount() &gt; ($irvar2); RET &lt; boolean Result.wasSuccessful() &gt; (1) ;
    result = n$135<span class='color_orange'>update:803</span>:org.junit.runner.Result*; actual|callee = n$12<span class='color_orange'>actual_precondition</span>:long; $irvar3 = n$136<span class='color_orange'>initial</span>:void; #GB<>$org.junit.tests.running.classes.ParameterizedTestTest$AssumptionInParametersMethod = {assumptionFails:1<span class='color_orange'>update:802</span>}<span class='color_orange'>rearrange:802</span>:org.junit.tests.running.classes.ParameterizedTestTest$AssumptionInParametersMethod( sub ); $irvar4 = n$137<span class='color_orange'>initial</span>:void; $irvar0 = 0<span class='color_orange'>nullify</span>:void; return = n$138<span class='color_orange'>initial</span>:void; $irvar1 = 0<span class='color_orange'>nullify</span>:void; $irvar2 = n$12<span class='color_orange'>update:805</span>:void; this = @f$0<span class='color_orange'>formal</span>:org.junit.tests.running.classes.ParameterizedTestTest*( sub ); old_this = @f$0<span class='color_orange'>formal</span>:org.junit.tests.running.classes.ParameterizedTestTest*( sub ); expected|callee = 1<span class='color_orange'>actual_precondition</span>:long ;
    result|->{assumptionFailureCount:@f$1<span class='color_orange'>formal(z)</span>, failures:@f$2<span class='color_orange'>formal(z)</span>}<span class='color_orange'>formal(z)</span>:org.junit.runner.Result( sub ); @f$2|->{}<span class='color_orange'>formal(z)</span>:java.util.concurrent.CopyOnWriteArrayList( sub ); @f$1|->{}<span class='color_orange'>formal</span>:java.util.concurrent.atomic.AtomicInteger( sub )
    [footprint
       @f$1 != null; 0 != 1 *
       #GB<>$org.junit.tests.running.classes.ParameterizedTestTest$AssumptionInParametersMethod = {assumptionFails:@f$3<span class='color_orange'>rearrange:802</span>}<span class='color_orange'>rearrange:802</span>:org.junit.tests.running.classes.ParameterizedTestTest$AssumptionInParametersMethod( sub ); this = @f$0<span class='color_orange'>formal</span>:org.junit.tests.running.classes.ParameterizedTestTest*( sub )  ]</span>
    |-
    <span class='color_blue'>actual|callee = _t$201<span class='color_orange'>formal</span>:long( sub ); expected|callee = _t$202<span class='color_orange'>formal</span>:long( sub )</span>
    
      do_imply n$12 _t$201
        Current Implication
        SUB:
          
        <span class='color_blue'>@f$1 != null; 0 != 1; MEMna &lt; new[]:803 &gt; <span class='color_orange'>{vpath: }</span>(n$139); UND &lt; int AtomicInteger.get() &gt; :103($irvar2); UND &lt; Result JUnitCore.runClasses(Computer,Class[]) &gt; :53(result); RET &lt; int Result.getAssumptionFailureCount() &gt; ($irvar2); RET &lt; boolean Result.wasSuccessful() &gt; (1) ;
        result = n$135<span class='color_orange'>update:803</span>:org.junit.runner.Result*; $irvar3 = n$136<span class='color_orange'>initial</span>:void; #GB<>$org.junit.tests.running.classes.ParameterizedTestTest$AssumptionInParametersMethod = {assumptionFails:1<span class='color_orange'>update:802</span>}<span class='color_orange'>rearrange:802</span>:org.junit.tests.running.classes.ParameterizedTestTest$AssumptionInParametersMethod( sub ); $irvar4 = n$137<span class='color_orange'>initial</span>:void; $irvar0 = 0<span class='color_orange'>nullify</span>:void; return = n$138<span class='color_orange'>initial</span>:void; $irvar1 = 0<span class='color_orange'>nullify</span>:void; $irvar2 = n$12<span class='color_orange'>update:805</span>:void; this = @f$0<span class='color_orange'>formal</span>:org.junit.tests.running.classes.ParameterizedTestTest*( sub ); old_this = @f$0<span class='color_orange'>formal</span>:org.junit.tests.running.classes.ParameterizedTestTest*( sub ); expected|callee = 1<span class='color_orange'>actual_precondition</span>:long ;
        result|->{assumptionFailureCount:@f$1<span class='color_orange'>formal(z)</span>, failures:@f$2<span class='color_orange'>formal(z)</span>}<span class='color_orange'>formal(z)</span>:org.junit.runner.Result( sub ); @f$2|->{}<span class='color_orange'>formal(z)</span>:java.util.concurrent.CopyOnWriteArrayList( sub ); @f$1|->{}<span class='color_orange'>formal</span>:java.util.concurrent.atomic.AtomicInteger( sub )
        [footprint
           @f$1 != null; 0 != 1 *
           #GB<>$org.junit.tests.running.classes.ParameterizedTestTest$AssumptionInParametersMethod = {assumptionFails:@f$3<span class='color_orange'>rearrange:802</span>}<span class='color_orange'>rearrange:802</span>:org.junit.tests.running.classes.ParameterizedTestTest$AssumptionInParametersMethod( sub ); this = @f$0<span class='color_orange'>formal</span>:org.junit.tests.running.classes.ParameterizedTestTest*( sub )  ]</span>
        [SUB: 
          _t$201 = n$12]
        |-
        <span class='color_blue'>expected|callee = _t$202<span class='color_orange'>formal</span>:long( sub )</span>
        
          do_imply 1 _t$202
            Final Implication
            SUB:
              
            <span class='color_blue'>@f$1 != null; 0 != 1; MEMna &lt; new[]:803 &gt; <span class='color_orange'>{vpath: }</span>(n$139); UND &lt; int AtomicInteger.get() &gt; :103($irvar2); UND &lt; Result JUnitCore.runClasses(Computer,Class[]) &gt; :53(result); RET &lt; int Result.getAssumptionFailureCount() &gt; ($irvar2); RET &lt; boolean Result.wasSuccessful() &gt; (1) ;
            result = n$135<span class='color_orange'>update:803</span>:org.junit.runner.Result*; $irvar3 = n$136<span class='color_orange'>initial</span>:void; #GB<>$org.junit.tests.running.classes.ParameterizedTestTest$AssumptionInParametersMethod = {assumptionFails:1<span class='color_orange'>update:802</span>}<span class='color_orange'>rearrange:802</span>:org.junit.tests.running.classes.ParameterizedTestTest$AssumptionInParametersMethod( sub ); $irvar4 = n$137<span class='color_orange'>initial</span>:void; $irvar0 = 0<span class='color_orange'>nullify</span>:void; return = n$138<span class='color_orange'>initial</span>:void; $irvar1 = 0<span class='color_orange'>nullify</span>:void; $irvar2 = n$12<span class='color_orange'>update:805</span>:void; this = @f$0<span class='color_orange'>formal</span>:org.junit.tests.running.classes.ParameterizedTestTest*( sub ); old_this = @f$0<span class='color_orange'>formal</span>:org.junit.tests.running.classes.ParameterizedTestTest*( sub ) ;
            result|->{assumptionFailureCount:@f$1<span class='color_orange'>formal(z)</span>, failures:@f$2<span class='color_orange'>formal(z)</span>}<span class='color_orange'>formal(z)</span>:org.junit.runner.Result( sub ); @f$2|->{}<span class='color_orange'>formal(z)</span>:java.util.concurrent.CopyOnWriteArrayList( sub ); @f$1|->{}<span class='color_orange'>formal</span>:java.util.concurrent.atomic.AtomicInteger( sub )
            [footprint
               @f$1 != null; 0 != 1 *
               #GB<>$org.junit.tests.running.classes.ParameterizedTestTest$AssumptionInParametersMethod = {assumptionFails:@f$3<span class='color_orange'>rearrange:802</span>}<span class='color_orange'>rearrange:802</span>:org.junit.tests.running.classes.ParameterizedTestTest$AssumptionInParametersMethod( sub ); this = @f$0<span class='color_orange'>formal</span>:org.junit.tests.running.classes.ParameterizedTestTest*( sub )  ]</span>
            [SUB: 
              _t$201 = n$12; _t$202 = 1]
            |-
            <span class='color_blue'></span>
    imply_pi: adding missing atom _t$201 != _t$202
    Result of Abduction
      SUB:
        
      <span class='color_blue'>@f$1 != null; 0 != 1; MEMna &lt; new[]:803 &gt; <span class='color_orange'>{vpath: }</span>(n$139); UND &lt; int AtomicInteger.get() &gt; :103($irvar2); UND &lt; Result JUnitCore.runClasses(Computer,Class[]) &gt; :53(result); RET &lt; int Result.getAssumptionFailureCount() &gt; ($irvar2); RET &lt; boolean Result.wasSuccessful() &gt; (1) ;
      result = n$135<span class='color_orange'>update:803</span>:org.junit.runner.Result*; actual|callee = n$12<span class='color_orange'>actual_precondition</span>:long; $irvar3 = n$136<span class='color_orange'>initial</span>:void; #GB<>$org.junit.tests.running.classes.ParameterizedTestTest$AssumptionInParametersMethod = {assumptionFails:1<span class='color_orange'>update:802</span>}<span class='color_orange'>rearrange:802</span>:org.junit.tests.running.classes.ParameterizedTestTest$AssumptionInParametersMethod( sub ); $irvar4 = n$137<span class='color_orange'>initial</span>:void; $irvar0 = 0<span class='color_orange'>nullify</span>:void; return = n$138<span class='color_orange'>initial</span>:void; $irvar1 = 0<span class='color_orange'>nullify</span>:void; $irvar2 = n$12<span class='color_orange'>update:805</span>:void; this = @f$0<span class='color_orange'>formal</span>:org.junit.tests.running.classes.ParameterizedTestTest*( sub ); old_this = @f$0<span class='color_orange'>formal</span>:org.junit.tests.running.classes.ParameterizedTestTest*( sub ); expected|callee = 1<span class='color_orange'>actual_precondition</span>:long ;
      result|->{assumptionFailureCount:@f$1<span class='color_orange'>formal(z)</span>, failures:@f$2<span class='color_orange'>formal(z)</span>}<span class='color_orange'>formal(z)</span>:org.junit.runner.Result( sub ); @f$2|->{}<span class='color_orange'>formal(z)</span>:java.util.concurrent.CopyOnWriteArrayList( sub ); @f$1|->{}<span class='color_orange'>formal</span>:java.util.concurrent.atomic.AtomicInteger( sub )
      [footprint
         @f$1 != null; 0 != 1 *
         #GB<>$org.junit.tests.running.classes.ParameterizedTestTest$AssumptionInParametersMethod = {assumptionFails:@f$3<span class='color_orange'>rearrange:802</span>}<span class='color_orange'>rearrange:802</span>:org.junit.tests.running.classes.ParameterizedTestTest$AssumptionInParametersMethod( sub ); this = @f$0<span class='color_orange'>formal</span>:org.junit.tests.running.classes.ParameterizedTestTest*( sub )  ]</span>
      [SUB: 
        _t$201 = n$12; _t$202 = 1
      _t$201 != _t$202]
      |-
      <span class='color_blue'>actual|callee != 1 ;
      actual|callee = n$12<span class='color_orange'>formal</span>:long( sub ); expected|callee = 1<span class='color_orange'>formal</span>:long( sub )</span>
    returning TRUE
    in vpath_find exp:_t$203
    vpath_find: cannot find _t$203
      New footprint:
      n$12 != 1
      Frame fld:
      
      Missing fld:
      
      Instantiated frame:
      n$135|->{assumptionFailureCount:@f$1<span class='color_orange'>formal(z)</span>, failures:@f$2<span class='color_orange'>formal(z)</span>}<span class='color_orange'>formal(z)</span>:org.junit.runner.Result( sub ); @f$2|->{}<span class='color_orange'>formal(z)</span>:java.util.concurrent.CopyOnWriteArrayList( sub ); @f$1|->{}<span class='color_orange'>formal</span>:java.util.concurrent.atomic.AtomicInteger( sub ); &amp;result|->n$135<span class='color_orange'>update:803</span>:org.junit.runner.Result*; &amp;$irvar3|->n$136<span class='color_orange'>initial</span>:void; &amp;#GB<>$org.junit.tests.running.classes.ParameterizedTestTest$AssumptionInParametersMethod|->{assumptionFails:1<span class='color_orange'>update:802</span>}<span class='color_orange'>rearrange:802</span>:org.junit.tests.running.classes.ParameterizedTestTest$AssumptionInParametersMethod( sub ); &amp;$irvar4|->n$137<span class='color_orange'>initial</span>:void; &amp;$irvar0|->0<span class='color_orange'>nullify</span>:void; &amp;return|->n$138<span class='color_orange'>initial</span>:void; &amp;$irvar1|->0<span class='color_orange'>nullify</span>:void; &amp;$irvar2|->n$12<span class='color_orange'>update:805</span>:void; &amp;this|->@f$0<span class='color_orange'>formal</span>:org.junit.tests.running.classes.ParameterizedTestTest*( sub ); &amp;old_this|->@f$0<span class='color_orange'>formal</span>:org.junit.tests.running.classes.ParameterizedTestTest*( sub )
      Instantiated post:
      PROP 1 of 1:
      <span class='color_blue'><span class='color_red'>n$12 != 1</span>; <span class='color_red'>MEMne &lt; void Assert.assertEquals(long,long):805 &gt; <span class='color_orange'>{vpath: }</span>(_t$203)</span> ;
      <span class='color_red'>return|callee = EXN _t$203<span class='color_orange'>update:805</span>:void</span> ;
      <span class='color_red'>_t$203|->{}<span class='color_orange'>alloc</span>:java.lang.AssertionError</span></span>
      
    <span class='color_orange'>WARNING: dropping atom with non-footprint variable</span>
    n$12 != 1
    ***** RESULTS FUNCTION CALL *******
    PROP 1 of 1:
    <span class='color_blue'><span class='color_blue'>$irvar2 != 1</span>; <span class='color_red'>@f$0 != null</span>; <span class='color_blue'>0 != 1</span>; <span class='color_red'>MEMne &lt; void Assert.assertEquals(long,long):805 &gt; <span class='color_orange'>{vpath: }</span>(_t$0)</span>; <span class='color_blue'>MEMna &lt; new[]:803 &gt; <span class='color_orange'>{vpath: }</span>(n$139)</span>; <span class='color_blue'>UND &lt; int AtomicInteger.get() &gt; :103($irvar2)</span>; <span class='color_blue'>UND &lt; Result JUnitCore.runClasses(Computer,Class[]) &gt; :53(result)</span>; <span class='color_blue'>RET &lt; int Result.getAssumptionFailureCount() &gt; ($irvar2)</span>; <span class='color_blue'>RET &lt; boolean Result.wasSuccessful() &gt; (1)</span> ;
    <span class='color_blue'>result = n$135<span class='color_orange'>update:803</span>:org.junit.runner.Result*</span>; <span class='color_blue'>$irvar3 = n$136<span class='color_orange'>initial</span>:void</span>; <span class='color_blue'>#GB<>$org.junit.tests.running.classes.ParameterizedTestTest$AssumptionInParametersMethod = {assumptionFails:1<span class='color_orange'>update:802</span>}<span class='color_orange'>rearrange:802</span>:org.junit.tests.running.classes.ParameterizedTestTest$AssumptionInParametersMethod( sub )</span>; <span class='color_blue'>$irvar4 = n$137<span class='color_orange'>initial</span>:void</span>; <span class='color_blue'>$irvar0 = 0<span class='color_orange'>nullify</span>:void</span>; <span class='color_blue'>return = <span class='color_red'>EXN _t$0<span class='color_orange'>update:805</span></span>:void</span>; <span class='color_blue'>$irvar1 = 0<span class='color_orange'>nullify</span>:void</span>; <span class='color_blue'>$irvar2 = n$12<span class='color_orange'>update:805</span>:void</span>; <span class='color_blue'>this = <span class='color_red'>@f$2<span class='color_orange'>formal</span></span>:org.junit.tests.running.classes.ParameterizedTestTest*( sub )</span>; <span class='color_blue'>old_this = <span class='color_red'>@f$2<span class='color_orange'>formal</span></span>:org.junit.tests.running.classes.ParameterizedTestTest*( sub )</span> ;
    <span class='color_red'>_t$0|->{}<span class='color_orange'>alloc</span>:java.lang.AssertionError</span>; <span class='color_blue'>result|->{assumptionFailureCount:<span class='color_red'>@f$0<span class='color_orange'>formal(z)</span></span>, failures:<span class='color_red'>@f$1<span class='color_orange'>formal(z)</span></span>}<span class='color_orange'>formal(z)</span>:org.junit.runner.Result( sub )</span>; <span class='color_blue'>@f$1|->{}<span class='color_orange'>formal(z)</span>:java.util.concurrent.CopyOnWriteArrayList( sub )</span>; <span class='color_red'>@f$0|->{}<span class='color_orange'>formal</span>:java.util.concurrent.atomic.AtomicInteger( sub )</span>
    [footprint
       <span class='color_red'>@f$0 != null</span>; <span class='color_blue'>0 != 1</span> *
       <span class='color_blue'>#GB<>$org.junit.tests.running.classes.ParameterizedTestTest$AssumptionInParametersMethod = {assumptionFails:@f$3<span class='color_orange'>rearrange:802</span>}<span class='color_orange'>rearrange:802</span>:org.junit.tests.running.classes.ParameterizedTestTest$AssumptionInParametersMethod( sub )</span>; <span class='color_blue'>this = <span class='color_red'>@f$2<span class='color_orange'>formal</span></span>:org.junit.tests.running.classes.ParameterizedTestTest*( sub )</span>  ]</span>
    ***** END RESULTS FUNCTION CALL *******
    pvar: result
    <span class='color_red'>found error in dereference</span>
    spec_pre:
    <span class='color_blue'>$irvar2 != 1; @f$1 != null; 0 != 1; MEMne &lt; void Assert.assertEquals(long,long):805 &gt; <span class='color_orange'>{vpath: }</span>(_t$203); MEMna &lt; new[]:803 &gt; <span class='color_orange'>{vpath: }</span>(n$139); UND &lt; int AtomicInteger.get() &gt; :103($irvar2); UND &lt; Result JUnitCore.runClasses(Computer,Class[]) &gt; :53(result); RET &lt; int Result.getAssumptionFailureCount() &gt; ($irvar2); RET &lt; boolean Result.wasSuccessful() &gt; (1) ;
    result = n$135<span class='color_orange'>update:803</span>:org.junit.runner.Result*; $irvar3 = n$136<span class='color_orange'>initial</span>:void; #GB<>$org.junit.tests.running.classes.ParameterizedTestTest$AssumptionInParametersMethod = {assumptionFails:1<span class='color_orange'>update:802</span>}<span class='color_orange'>rearrange:802</span>:org.junit.tests.running.classes.ParameterizedTestTest$AssumptionInParametersMethod( sub ); $irvar4 = n$137<span class='color_orange'>initial</span>:void; $irvar0 = 0<span class='color_orange'>nullify</span>:void; return = EXN _t$203<span class='color_orange'>update:805</span>:void; $irvar1 = 0<span class='color_orange'>nullify</span>:void; $irvar2 = n$12<span class='color_orange'>update:805</span>:void; this = @f$0<span class='color_orange'>formal</span>:org.junit.tests.running.classes.ParameterizedTestTest*( sub ); old_this = @f$0<span class='color_orange'>formal</span>:org.junit.tests.running.classes.ParameterizedTestTest*( sub ) ;
    _t$203|->{}<span class='color_orange'>alloc</span>:java.lang.AssertionError; result|->{assumptionFailureCount:@f$1<span class='color_orange'>formal(z)</span>, failures:@f$2<span class='color_orange'>formal(z)</span>}<span class='color_orange'>formal(z)</span>:org.junit.runner.Result( sub ); @f$2|->{}<span class='color_orange'>formal(z)</span>:java.util.concurrent.CopyOnWriteArrayList( sub ); @f$1|->{}<span class='color_orange'>formal</span>:java.util.concurrent.atomic.AtomicInteger( sub )
    [footprint
       @f$1 != null; 0 != 1 *
       #GB<>$org.junit.tests.running.classes.ParameterizedTestTest$AssumptionInParametersMethod = {assumptionFails:@f$3<span class='color_orange'>rearrange:802</span>}<span class='color_orange'>rearrange:802</span>:org.junit.tests.running.classes.ParameterizedTestTest$AssumptionInParametersMethod( sub ); this = @f$0<span class='color_orange'>formal</span>:org.junit.tests.running.classes.ParameterizedTestTest*( sub )  ]</span>
    exp n$135 desc: 
    Prover.check_inconsistency_base: inconsistency reason [None]
    Prover.check_inconsistency_base: inconsistency reason [None]
    Prover.check_inconsistency_base: inconsistency reason [None]
    Prover.check_inconsistency_base: inconsistency reason [None]
    Instruction Returns
    PROP 1 of 1:
    <span class='color_blue'><span class='color_blue'>$irvar2 != 1</span>; <span class='color_red'>@f$0 != null</span>; <span class='color_blue'>0 != 1</span>; <span class='color_red'>MEMne &lt; void Assert.assertEquals(long,long):805 &gt; <span class='color_orange'>{vpath: }</span>(_t$0)</span>; <span class='color_blue'>MEMna &lt; new[]:803 &gt; <span class='color_orange'>{vpath: }</span>(_t$4)</span>; <span class='color_blue'>UND &lt; int AtomicInteger.get() &gt; :103($irvar2)</span>; <span class='color_red'>UND &lt; Result JUnitCore.runClasses(Computer,Class[]) &gt; :53(result)</span>; <span class='color_blue'>RET &lt; int Result.getAssumptionFailureCount() &gt; ($irvar2)</span>; <span class='color_blue'>RET &lt; boolean Result.wasSuccessful() &gt; (1)</span> ;
    <span class='color_blue'>result = <span class='color_red'>_t$1<span class='color_orange'>update:803</span></span>:org.junit.runner.Result*</span>; <span class='color_blue'>$irvar3 = _t$2<span class='color_orange'>initial</span>:void</span>; <span class='color_blue'>#GB<>$org.junit.tests.running.classes.ParameterizedTestTest$AssumptionInParametersMethod = {assumptionFails:1<span class='color_orange'>update:802</span>}<span class='color_orange'>rearrange:802</span>:org.junit.tests.running.classes.ParameterizedTestTest$AssumptionInParametersMethod( sub )</span>; <span class='color_blue'>$irvar4 = <span class='color_red'>_t$3<span class='color_orange'>initial</span></span>:void</span>; <span class='color_blue'>$irvar0 = 0<span class='color_orange'>nullify</span>:void</span>; <span class='color_blue'>return = <span class='color_red'>EXN _t$0<span class='color_orange'>update:805</span></span>:void</span>; <span class='color_blue'>$irvar1 = 0<span class='color_orange'>nullify</span>:void</span>; <span class='color_blue'>$irvar2 = n$12<span class='color_orange'>update:805</span>:void</span>; <span class='color_blue'>this = <span class='color_red'>@f$2<span class='color_orange'>formal</span></span>:org.junit.tests.running.classes.ParameterizedTestTest*( sub )</span>; <span class='color_blue'>old_this = <span class='color_red'>@f$2<span class='color_orange'>formal</span></span>:org.junit.tests.running.classes.ParameterizedTestTest*( sub )</span> ;
    <span class='color_red'>result|->{assumptionFailureCount:@f$0<span class='color_orange'>formal(z)</span>, failures:@f$1<span class='color_orange'>formal(z)</span>}<span class='color_orange'>formal(z)</span>:org.junit.runner.Result( sub )</span>; <span class='color_red'>_t$0|->{}<span class='color_orange'>alloc</span>:java.lang.AssertionError</span>; <span class='color_blue'>@f$1|->{}<span class='color_orange'>formal(z)</span>:java.util.concurrent.CopyOnWriteArrayList( sub )</span>; <span class='color_red'>@f$0|->{}<span class='color_orange'>formal</span>:java.util.concurrent.atomic.AtomicInteger( sub )</span>
    [footprint
       <span class='color_red'>@f$0 != null</span>; <span class='color_blue'>0 != 1</span> *
       <span class='color_blue'>#GB<>$org.junit.tests.running.classes.ParameterizedTestTest$AssumptionInParametersMethod = {assumptionFails:@f$3<span class='color_orange'>rearrange:802</span>}<span class='color_orange'>rearrange:802</span>:org.junit.tests.running.classes.ParameterizedTestTest$AssumptionInParametersMethod( sub )</span>; <span class='color_blue'>this = <span class='color_red'>@f$2<span class='color_orange'>formal</span></span>:org.junit.tests.running.classes.ParameterizedTestTest*( sub )</span>  ]</span>
    
    Instruction <span class='color_green'>NULLIFY(&amp;$irvar2); [line 805]</span>
    in vpath_find exp:_t$0
    vpath_find: cannot find _t$0
    in vpath_find exp:_t$4
    vpath_find: cannot find _t$4
    Instruction Returns
    PROP 1 of 1:
    <span class='color_blue'><span class='color_blue'>n$12 != 1</span>; <span class='color_blue'>@f$0 != null</span>; <span class='color_blue'>0 != 1</span>; <span class='color_blue'>MEMne &lt; void Assert.assertEquals(long,long):805 &gt; <span class='color_orange'>{vpath: }</span>(_t$0)</span>; <span class='color_blue'>MEMna &lt; new[]:803 &gt; <span class='color_orange'>{vpath: }</span>(_t$4)</span>; <span class='color_blue'>UND &lt; int AtomicInteger.get() &gt; :103(n$12)</span>; <span class='color_blue'>UND &lt; Result JUnitCore.runClasses(Computer,Class[]) &gt; :53(result)</span>; <span class='color_blue'>RET &lt; int Result.getAssumptionFailureCount() &gt; (n$12)</span>; <span class='color_blue'>RET &lt; boolean Result.wasSuccessful() &gt; (1)</span> ;
    <span class='color_blue'>result = _t$1<span class='color_orange'>update:803</span>:org.junit.runner.Result*</span>; <span class='color_blue'>$irvar3 = _t$2<span class='color_orange'>initial</span>:void</span>; <span class='color_blue'>#GB<>$org.junit.tests.running.classes.ParameterizedTestTest$AssumptionInParametersMethod = {assumptionFails:1<span class='color_orange'>update:802</span>}<span class='color_orange'>rearrange:802</span>:org.junit.tests.running.classes.ParameterizedTestTest$AssumptionInParametersMethod( sub )</span>; <span class='color_blue'>$irvar4 = _t$3<span class='color_orange'>initial</span>:void</span>; <span class='color_blue'>$irvar0 = 0<span class='color_orange'>nullify</span>:void</span>; <span class='color_blue'>return = EXN _t$0<span class='color_orange'>update:805</span>:void</span>; <span class='color_blue'>$irvar1 = 0<span class='color_orange'>nullify</span>:void</span>; <span class='color_blue'>$irvar2 = <span class='color_red'>0<span class='color_orange'>nullify</span></span>:void</span>; <span class='color_blue'>this = @f$2<span class='color_orange'>formal</span>:org.junit.tests.running.classes.ParameterizedTestTest*( sub )</span>; <span class='color_blue'>old_this = @f$2<span class='color_orange'>formal</span>:org.junit.tests.running.classes.ParameterizedTestTest*( sub )</span> ;
    <span class='color_blue'>result|->{assumptionFailureCount:@f$0<span class='color_orange'>formal(z)</span>, failures:@f$1<span class='color_orange'>formal(z)</span>}<span class='color_orange'>formal(z)</span>:org.junit.runner.Result( sub )</span>; <span class='color_blue'>_t$0|->{}<span class='color_orange'>alloc</span>:java.lang.AssertionError</span>; <span class='color_blue'>@f$1|->{}<span class='color_orange'>formal(z)</span>:java.util.concurrent.CopyOnWriteArrayList( sub )</span>; <span class='color_blue'>@f$0|->{}<span class='color_orange'>formal</span>:java.util.concurrent.atomic.AtomicInteger( sub )</span>
    [footprint
       <span class='color_blue'>@f$0 != null</span>; <span class='color_blue'>0 != 1</span> *
       <span class='color_blue'>#GB<>$org.junit.tests.running.classes.ParameterizedTestTest$AssumptionInParametersMethod = {assumptionFails:@f$3<span class='color_orange'>rearrange:802</span>}<span class='color_orange'>rearrange:802</span>:org.junit.tests.running.classes.ParameterizedTestTest$AssumptionInParametersMethod( sub )</span>; <span class='color_blue'>this = @f$2<span class='color_orange'>formal</span>:org.junit.tests.running.classes.ParameterizedTestTest*( sub )</span>  ]</span>
    
    Instruction <span class='color_green'>EXIT_SCOPE(n$12,n$13,$irvar2); [line 805]</span>
    in vpath_find exp:_t$0
    vpath_find: cannot find _t$0
    in vpath_find exp:_t$4
    vpath_find: cannot find _t$4
    Instruction Returns
    PROP 1 of 1:
    <span class='color_blue'><span class='color_blue'>_t$4 != 1</span>; <span class='color_blue'>@f$0 != null</span>; <span class='color_blue'>0 != 1</span>; <span class='color_blue'>MEMne &lt; void Assert.assertEquals(long,long):805 &gt; <span class='color_orange'>{vpath: }</span>(_t$0)</span>; <span class='color_red'>MEMna &lt; new[]:803 &gt; <span class='color_orange'>{vpath: }</span>(_t$5)</span>; <span class='color_blue'>UND &lt; int AtomicInteger.get() &gt; :103(_t$4)</span>; <span class='color_blue'>UND &lt; Result JUnitCore.runClasses(Computer,Class[]) &gt; :53(result)</span>; <span class='color_blue'>RET &lt; int Result.getAssumptionFailureCount() &gt; (_t$4)</span>; <span class='color_blue'>RET &lt; boolean Result.wasSuccessful() &gt; (1)</span> ;
    <span class='color_blue'>result = _t$1<span class='color_orange'>update:803</span>:org.junit.runner.Result*</span>; <span class='color_blue'>$irvar3 = _t$2<span class='color_orange'>initial</span>:void</span>; <span class='color_blue'>#GB<>$org.junit.tests.running.classes.ParameterizedTestTest$AssumptionInParametersMethod = {assumptionFails:1<span class='color_orange'>update:802</span>}<span class='color_orange'>rearrange:802</span>:org.junit.tests.running.classes.ParameterizedTestTest$AssumptionInParametersMethod( sub )</span>; <span class='color_blue'>$irvar4 = _t$3<span class='color_orange'>initial</span>:void</span>; <span class='color_blue'>$irvar0 = 0<span class='color_orange'>nullify</span>:void</span>; <span class='color_blue'>return = EXN _t$0<span class='color_orange'>update:805</span>:void</span>; <span class='color_blue'>$irvar1 = 0<span class='color_orange'>nullify</span>:void</span>; <span class='color_blue'>$irvar2 = 0<span class='color_orange'>nullify</span>:void</span>; <span class='color_blue'>this = @f$2<span class='color_orange'>formal</span>:org.junit.tests.running.classes.ParameterizedTestTest*( sub )</span>; <span class='color_blue'>old_this = @f$2<span class='color_orange'>formal</span>:org.junit.tests.running.classes.ParameterizedTestTest*( sub )</span> ;
    <span class='color_blue'>result|->{assumptionFailureCount:@f$0<span class='color_orange'>formal(z)</span>, failures:@f$1<span class='color_orange'>formal(z)</span>}<span class='color_orange'>formal(z)</span>:org.junit.runner.Result( sub )</span>; <span class='color_blue'>_t$0|->{}<span class='color_orange'>alloc</span>:java.lang.AssertionError</span>; <span class='color_blue'>@f$1|->{}<span class='color_orange'>formal(z)</span>:java.util.concurrent.CopyOnWriteArrayList( sub )</span>; <span class='color_blue'>@f$0|->{}<span class='color_orange'>formal</span>:java.util.concurrent.atomic.AtomicInteger( sub )</span>
    [footprint
       <span class='color_blue'>@f$0 != null</span>; <span class='color_blue'>0 != 1</span> *
       <span class='color_blue'>#GB<>$org.junit.tests.running.classes.ParameterizedTestTest$AssumptionInParametersMethod = {assumptionFails:@f$3<span class='color_orange'>rearrange:802</span>}<span class='color_orange'>rearrange:802</span>:org.junit.tests.running.classes.ParameterizedTestTest$AssumptionInParametersMethod( sub )</span>; <span class='color_blue'>this = @f$2<span class='color_orange'>formal</span>:org.junit.tests.running.classes.ParameterizedTestTest*( sub )</span>  ]</span>
    
    .... After Symbolic Execution ....
    PROP 1 of 1:
    <span class='color_blue'><span class='color_blue'>_t$4 != 1</span>; <span class='color_red'>@f$0 != null</span>; <span class='color_blue'>0 != 1</span>; <span class='color_blue'>MEMne &lt; void Assert.assertEquals(long,long):805 &gt; <span class='color_orange'>{vpath: }</span>(_t$0)</span>; <span class='color_blue'>MEMna &lt; new[]:803 &gt; <span class='color_orange'>{vpath: }</span>(_t$5)</span>; <span class='color_blue'>UND &lt; int AtomicInteger.get() &gt; :103(_t$4)</span>; <span class='color_red'>UND &lt; Result JUnitCore.runClasses(Computer,Class[]) &gt; :53(result)</span>; <span class='color_blue'>RET &lt; int Result.getAssumptionFailureCount() &gt; (_t$4)</span>; <span class='color_blue'>RET &lt; boolean Result.wasSuccessful() &gt; (1)</span> ;
    <span class='color_blue'>result = <span class='color_red'>_t$1<span class='color_orange'>update:803</span></span>:org.junit.runner.Result*</span>; <span class='color_blue'>$irvar3 = <span class='color_red'>_t$2<span class='color_orange'>initial</span></span>:void</span>; <span class='color_blue'>#GB<>$org.junit.tests.running.classes.ParameterizedTestTest$AssumptionInParametersMethod = {assumptionFails:1<span class='color_orange'>update:802</span>}<span class='color_orange'>rearrange:802</span>:org.junit.tests.running.classes.ParameterizedTestTest$AssumptionInParametersMethod( sub )</span>; <span class='color_blue'>$irvar4 = <span class='color_red'>_t$3<span class='color_orange'>initial</span></span>:void</span>; <span class='color_blue'>$irvar0 = 0<span class='color_orange'>nullify</span>:void</span>; <span class='color_blue'>return = <span class='color_red'>EXN _t$0<span class='color_orange'>update:805</span></span>:void</span>; <span class='color_blue'>$irvar1 = 0<span class='color_orange'>nullify</span>:void</span>; <span class='color_blue'>$irvar2 = <span class='color_red'>0<span class='color_orange'>nullify</span></span>:void</span>; <span class='color_blue'>this = <span class='color_red'>@f$2<span class='color_orange'>formal</span></span>:org.junit.tests.running.classes.ParameterizedTestTest*( sub )</span>; <span class='color_blue'>old_this = <span class='color_red'>@f$2<span class='color_orange'>formal</span></span>:org.junit.tests.running.classes.ParameterizedTestTest*( sub )</span> ;
    <span class='color_red'>result|->{assumptionFailureCount:@f$0<span class='color_orange'>formal(z)</span>, failures:@f$1<span class='color_orange'>formal(z)</span>}<span class='color_orange'>formal(z)</span>:org.junit.runner.Result( sub )</span>; <span class='color_red'>_t$0|->{}<span class='color_orange'>alloc</span>:java.lang.AssertionError</span>; <span class='color_blue'>@f$1|->{}<span class='color_orange'>formal(z)</span>:java.util.concurrent.CopyOnWriteArrayList( sub )</span>; <span class='color_red'>@f$0|->{}<span class='color_orange'>formal</span>:java.util.concurrent.atomic.AtomicInteger( sub )</span>
    [footprint
       <span class='color_red'>@f$0 != null</span>; <span class='color_blue'>0 != 1</span> *
       <span class='color_blue'>#GB<>$org.junit.tests.running.classes.ParameterizedTestTest$AssumptionInParametersMethod = {assumptionFails:@f$3<span class='color_orange'>rearrange:802</span>}<span class='color_orange'>rearrange:802</span>:org.junit.tests.running.classes.ParameterizedTestTest$AssumptionInParametersMethod( sub )</span>; <span class='color_blue'>this = <span class='color_red'>@f$2<span class='color_orange'>formal</span></span>:org.junit.tests.running.classes.ParameterizedTestTest*( sub )</span>  ]</span>
    
    
    
  </LISTING>
<hr width="100%">
<a name="session80" href="./../nodes/org.junit.tests.running.classes.ParameterizedTestTest.testsAreNotExecutedWhenAssumptionInParametersM.b657b99f7ae2df0c628964aeb6f4e60d_node11.html#session80">node11#session80</a>(<a href="./../../ParameterizedTestTest.java.88da44e98279dfa32c0c7e5c52f053d0.html#LINE805">805</a>) biabduction
<LISTING class='color_black'>**** [RE:Pending] void ParameterizedTestTest.testsAreNotExecutedWhenAssumptionInParametersMethodFails() Node: 11, Procedure: void ParameterizedTestTest.testsAreNotExecutedWhenAssumptionInParametersMethodFails(), Todo: 1 ****
  PROP 1 of 1:
  <span class='color_blue'><span class='color_red'>_t$5 != null</span>; <span class='color_red'>0 != 1</span>; <span class='color_red'>MEMna &lt; new[]:803 &gt; <span class='color_orange'>{vpath: }</span>(_t$7)</span>; <span class='color_red'>UND &lt; int AtomicInteger.get() &gt; :103($irvar2)</span>; <span class='color_red'>UND &lt; Result JUnitCore.runClasses(Computer,Class[]) &gt; :53(result)</span>; <span class='color_red'>RET &lt; int Result.getAssumptionFailureCount() &gt; ($irvar2)</span>; <span class='color_red'>RET &lt; boolean Result.wasSuccessful() &gt; (1)</span> ;
  <span class='color_red'>result = _t$4<span class='color_orange'>update:803</span>:org.junit.runner.Result*</span>; <span class='color_red'>$irvar3 = _t$3<span class='color_orange'>initial</span>:void</span>; <span class='color_red'>#GB<>$org.junit.tests.running.classes.ParameterizedTestTest$AssumptionInParametersMethod = {assumptionFails:1<span class='color_orange'>update:802</span>}<span class='color_orange'>formal</span>:org.junit.tests.running.classes.ParameterizedTestTest$AssumptionInParametersMethod( sub )</span>; <span class='color_red'>old_org.junit.tests.running.classes.ParameterizedTestTest$AssumptionInParametersMethod = {assumptionFails:val$2<span class='color_orange'>formal</span>}<span class='color_orange'>formal</span>:org.junit.tests.running.classes.ParameterizedTestTest$AssumptionInParametersMethod( sub )</span>; <span class='color_red'>$irvar4 = _t$2<span class='color_orange'>initial</span>:void</span>; <span class='color_red'>$irvar0 = 0<span class='color_orange'>nullify</span>:void</span>; <span class='color_red'>return = _t$1<span class='color_orange'>initial</span>:void</span>; <span class='color_red'>$irvar1 = 0<span class='color_orange'>nullify</span>:void</span>; <span class='color_red'>$irvar2 = _t$0<span class='color_orange'>update:805</span>:void</span>; <span class='color_red'>this = val$1<span class='color_orange'>formal</span>:org.junit.tests.running.classes.ParameterizedTestTest*( sub )</span>; <span class='color_red'>old_this = val$1<span class='color_orange'>formal</span>:org.junit.tests.running.classes.ParameterizedTestTest*( sub )</span> ;
  <span class='color_red'>_t$6|->{}<span class='color_orange'>formal(z)</span>:java.util.concurrent.CopyOnWriteArrayList( sub )</span>; <span class='color_red'>_t$5|->{}<span class='color_orange'>formal</span>:java.util.concurrent.atomic.AtomicInteger( sub )</span>; <span class='color_red'>result|->{assumptionFailureCount:_t$5<span class='color_orange'>formal(z)</span>, failures:_t$6<span class='color_orange'>formal(z)</span>}<span class='color_orange'>formal(z)</span>:org.junit.runner.Result( sub )</span></span>
  .... Instructions: ....
  <span class='color_green'>n$12=*&amp;$irvar2:int [line 805];
  n$13=_fun_void Assert.assertEquals(long,long)(1:long,(long)n$12:long) [line 805];
  NULLIFY(&amp;$irvar2); [line 805];
  EXIT_SCOPE(n$12,n$13,$irvar2); [line 805];
  </span>
  
  Processing prop 1/1
    Instruction <span class='color_green'>n$12=*&amp;$irvar2:int [line 805]</span>
    in vpath_find exp:n$147
    vpath_find: cannot find n$147
    .... Rearrangement Start ....
    Exp: &amp;$irvar2
    Prop:
    <span class='color_blue'>n$141 != null; 0 != 1; MEMna &lt; new[]:803 &gt; <span class='color_orange'>{vpath: }</span>(n$147); UND &lt; int AtomicInteger.get() &gt; :103($irvar2); UND &lt; Result JUnitCore.runClasses(Computer,Class[]) &gt; :53(result); RET &lt; int Result.getAssumptionFailureCount() &gt; ($irvar2); RET &lt; boolean Result.wasSuccessful() &gt; (1) ;
    result = n$142<span class='color_orange'>update:803</span>:org.junit.runner.Result*; $irvar3 = n$143<span class='color_orange'>initial</span>:void; #GB<>$org.junit.tests.running.classes.ParameterizedTestTest$AssumptionInParametersMethod = {assumptionFails:1<span class='color_orange'>update:802</span>}<span class='color_orange'>formal</span>:org.junit.tests.running.classes.ParameterizedTestTest$AssumptionInParametersMethod( sub ); old_org.junit.tests.running.classes.ParameterizedTestTest$AssumptionInParametersMethod = {assumptionFails:val$2<span class='color_orange'>formal</span>}<span class='color_orange'>formal</span>:org.junit.tests.running.classes.ParameterizedTestTest$AssumptionInParametersMethod( sub ); $irvar4 = n$144<span class='color_orange'>initial</span>:void; $irvar0 = 0<span class='color_orange'>nullify</span>:void; return = n$145<span class='color_orange'>initial</span>:void; $irvar1 = 0<span class='color_orange'>nullify</span>:void; $irvar2 = n$146<span class='color_orange'>update:805</span>:void; this = val$1<span class='color_orange'>formal</span>:org.junit.tests.running.classes.ParameterizedTestTest*( sub ); old_this = val$1<span class='color_orange'>formal</span>:org.junit.tests.running.classes.ParameterizedTestTest*( sub ) ;
    result|->{assumptionFailureCount:n$141<span class='color_orange'>formal(z)</span>, failures:n$140<span class='color_orange'>formal(z)</span>}<span class='color_orange'>formal(z)</span>:org.junit.runner.Result( sub ); n$141|->{}<span class='color_orange'>formal</span>:java.util.concurrent.atomic.AtomicInteger( sub ); n$140|->{}<span class='color_orange'>formal(z)</span>:java.util.concurrent.CopyOnWriteArrayList( sub )</span>
    
    Prover.check_inconsistency_base: inconsistency reason [None]
    Prover.check_inconsistency_base: inconsistency reason [None]
    Instruction Returns
    PROP 1 of 1:
    <span class='color_blue'><span class='color_blue'>_t$4 != null</span>; <span class='color_blue'>0 != 1</span>; <span class='color_red'>MEMna &lt; new[]:803 &gt; <span class='color_orange'>{vpath: }</span>(_t$6)</span>; <span class='color_red'>UND &lt; int AtomicInteger.get() &gt; :103($irvar2)</span>; <span class='color_red'>UND &lt; Result JUnitCore.runClasses(Computer,Class[]) &gt; :53(result)</span>; <span class='color_red'>RET &lt; int Result.getAssumptionFailureCount() &gt; ($irvar2)</span>; <span class='color_blue'>RET &lt; boolean Result.wasSuccessful() &gt; (1)</span> ;
    <span class='color_blue'>result = <span class='color_red'>_t$3<span class='color_orange'>update:803</span></span>:org.junit.runner.Result*</span>; <span class='color_blue'>$irvar3 = <span class='color_red'>_t$2<span class='color_orange'>initial</span></span>:void</span>; <span class='color_blue'>#GB<>$org.junit.tests.running.classes.ParameterizedTestTest$AssumptionInParametersMethod = {assumptionFails:1<span class='color_orange'>update:802</span>}<span class='color_orange'>formal</span>:org.junit.tests.running.classes.ParameterizedTestTest$AssumptionInParametersMethod( sub )</span>; <span class='color_blue'>old_org.junit.tests.running.classes.ParameterizedTestTest$AssumptionInParametersMethod = {assumptionFails:val$2<span class='color_orange'>formal</span>}<span class='color_orange'>formal</span>:org.junit.tests.running.classes.ParameterizedTestTest$AssumptionInParametersMethod( sub )</span>; <span class='color_blue'>$irvar4 = <span class='color_red'>_t$1<span class='color_orange'>initial</span></span>:void</span>; <span class='color_blue'>$irvar0 = 0<span class='color_orange'>nullify</span>:void</span>; <span class='color_blue'>return = <span class='color_red'>_t$0<span class='color_orange'>initial</span></span>:void</span>; <span class='color_blue'>$irvar1 = 0<span class='color_orange'>nullify</span>:void</span>; <span class='color_blue'>$irvar2 = <span class='color_red'>n$12<span class='color_orange'>update:805</span></span>:void</span>; <span class='color_blue'>this = val$1<span class='color_orange'>formal</span>:org.junit.tests.running.classes.ParameterizedTestTest*( sub )</span>; <span class='color_blue'>old_this = val$1<span class='color_orange'>formal</span>:org.junit.tests.running.classes.ParameterizedTestTest*( sub )</span> ;
    <span class='color_blue'>_t$5|->{}<span class='color_orange'>formal(z)</span>:java.util.concurrent.CopyOnWriteArrayList( sub )</span>; <span class='color_blue'>_t$4|->{}<span class='color_orange'>formal</span>:java.util.concurrent.atomic.AtomicInteger( sub )</span>; <span class='color_red'>result|->{assumptionFailureCount:_t$4<span class='color_orange'>formal(z)</span>, failures:_t$5<span class='color_orange'>formal(z)</span>}<span class='color_orange'>formal(z)</span>:org.junit.runner.Result( sub )</span></span>
    
    Instruction <span class='color_green'>n$13=_fun_void Assert.assertEquals(long,long)(1:long,(long)n$12:long) [line 805]</span>
    in vpath_find exp:n$154
    vpath_find: cannot find n$154
    Found 2 specs for function org.junit.Assert.assertEquals(long,long):void
    START EXECUTING SPECS FOR org.junit.Assert.assertEquals(long,long):void from state
    <span class='color_blue'>n$149 != null; 0 != 1; MEMna &lt; new[]:803 &gt; <span class='color_orange'>{vpath: }</span>(n$154); UND &lt; int AtomicInteger.get() &gt; :103($irvar2); UND &lt; Result JUnitCore.runClasses(Computer,Class[]) &gt; :53(result); RET &lt; int Result.getAssumptionFailureCount() &gt; ($irvar2); RET &lt; boolean Result.wasSuccessful() &gt; (1) ;
    result = n$150<span class='color_orange'>update:803</span>:org.junit.runner.Result*; $irvar3 = n$151<span class='color_orange'>initial</span>:void; #GB<>$org.junit.tests.running.classes.ParameterizedTestTest$AssumptionInParametersMethod = {assumptionFails:1<span class='color_orange'>update:802</span>}<span class='color_orange'>formal</span>:org.junit.tests.running.classes.ParameterizedTestTest$AssumptionInParametersMethod( sub ); old_org.junit.tests.running.classes.ParameterizedTestTest$AssumptionInParametersMethod = {assumptionFails:val$2<span class='color_orange'>formal</span>}<span class='color_orange'>formal</span>:org.junit.tests.running.classes.ParameterizedTestTest$AssumptionInParametersMethod( sub ); $irvar4 = n$152<span class='color_orange'>initial</span>:void; $irvar0 = 0<span class='color_orange'>nullify</span>:void; return = n$153<span class='color_orange'>initial</span>:void; $irvar1 = 0<span class='color_orange'>nullify</span>:void; $irvar2 = n$12<span class='color_orange'>update:805</span>:void; this = val$1<span class='color_orange'>formal</span>:org.junit.tests.running.classes.ParameterizedTestTest*( sub ); old_this = val$1<span class='color_orange'>formal</span>:org.junit.tests.running.classes.ParameterizedTestTest*( sub ) ;
    result|->{assumptionFailureCount:n$149<span class='color_orange'>formal(z)</span>, failures:n$148<span class='color_orange'>formal(z)</span>}<span class='color_orange'>formal(z)</span>:org.junit.runner.Result( sub ); n$149|->{}<span class='color_orange'>formal</span>:java.util.concurrent.atomic.AtomicInteger( sub ); n$148|->{}<span class='color_orange'>formal(z)</span>:java.util.concurrent.CopyOnWriteArrayList( sub )</span>
    EXECUTING SPEC 1/2
    ACTUAL PRECONDITION =
      <span class='color_blue'>n$149 != null; 0 != 1; MEMna &lt; new[]:803 &gt; <span class='color_orange'>{vpath: }</span>(n$154); UND &lt; int AtomicInteger.get() &gt; :103($irvar2); UND &lt; Result JUnitCore.runClasses(Computer,Class[]) &gt; :53(result); RET &lt; int Result.getAssumptionFailureCount() &gt; ($irvar2); RET &lt; boolean Result.wasSuccessful() &gt; (1) ;
      result = n$150<span class='color_orange'>update:803</span>:org.junit.runner.Result*; actual|callee = n$12<span class='color_orange'>actual_precondition</span>:long; $irvar3 = n$151<span class='color_orange'>initial</span>:void; #GB<>$org.junit.tests.running.classes.ParameterizedTestTest$AssumptionInParametersMethod = {assumptionFails:1<span class='color_orange'>update:802</span>}<span class='color_orange'>formal</span>:org.junit.tests.running.classes.ParameterizedTestTest$AssumptionInParametersMethod( sub ); old_org.junit.tests.running.classes.ParameterizedTestTest$AssumptionInParametersMethod = {assumptionFails:val$2<span class='color_orange'>formal</span>}<span class='color_orange'>formal</span>:org.junit.tests.running.classes.ParameterizedTestTest$AssumptionInParametersMethod( sub ); $irvar4 = n$152<span class='color_orange'>initial</span>:void; $irvar0 = 0<span class='color_orange'>nullify</span>:void; return = n$153<span class='color_orange'>initial</span>:void; $irvar1 = 0<span class='color_orange'>nullify</span>:void; $irvar2 = n$12<span class='color_orange'>update:805</span>:void; this = val$1<span class='color_orange'>formal</span>:org.junit.tests.running.classes.ParameterizedTestTest*( sub ); old_this = val$1<span class='color_orange'>formal</span>:org.junit.tests.running.classes.ParameterizedTestTest*( sub ); expected|callee = 1<span class='color_orange'>actual_precondition</span>:long ;
      result|->{assumptionFailureCount:n$149<span class='color_orange'>formal(z)</span>, failures:n$148<span class='color_orange'>formal(z)</span>}<span class='color_orange'>formal(z)</span>:org.junit.runner.Result( sub ); n$149|->{}<span class='color_orange'>formal</span>:java.util.concurrent.atomic.AtomicInteger( sub ); n$148|->{}<span class='color_orange'>formal(z)</span>:java.util.concurrent.CopyOnWriteArrayList( sub )</span>
    SPEC =
      --------------------------- ---------- ---------------------------
      PRE:
      <span class='color_blue'><span class='color_blue'>actual|callee = _t$207<span class='color_orange'>formal</span>:long( sub ); expected|callee = _t$207<span class='color_orange'>formal</span>:long( sub )</span></span>
      POST 1 of 1:
      <span class='color_blue'><span class='color_red'>return|callee = _t$208<span class='color_orange'>initial</span>:void</span></span>
      ----------------------------------------------------------------
    pre_check_pure_implication
    pi1:
      n$149 != null; 0 != 1; MEMna &lt; new[]:803 &gt; <span class='color_orange'>{vpath: }</span>(n$154); UND &lt; int AtomicInteger.get() &gt; :103(n$12); UND &lt; Result JUnitCore.runClasses(Computer,Class[]) &gt; :53(n$150); RET &lt; int Result.getAssumptionFailureCount() &gt; (n$12); RET &lt; boolean Result.wasSuccessful() &gt; (1)
    pi2:
      
    returns
    sub1:
      
    sub2:
      
    Current Implication
    SUB:
      
    <span class='color_blue'>n$149 != null; 0 != 1; MEMna &lt; new[]:803 &gt; <span class='color_orange'>{vpath: }</span>(n$154); UND &lt; int AtomicInteger.get() &gt; :103($irvar2); UND &lt; Result JUnitCore.runClasses(Computer,Class[]) &gt; :53(result); RET &lt; int Result.getAssumptionFailureCount() &gt; ($irvar2); RET &lt; boolean Result.wasSuccessful() &gt; (1) ;
    result = n$150<span class='color_orange'>update:803</span>:org.junit.runner.Result*; actual|callee = n$12<span class='color_orange'>actual_precondition</span>:long; $irvar3 = n$151<span class='color_orange'>initial</span>:void; #GB<>$org.junit.tests.running.classes.ParameterizedTestTest$AssumptionInParametersMethod = {assumptionFails:1<span class='color_orange'>update:802</span>}<span class='color_orange'>formal</span>:org.junit.tests.running.classes.ParameterizedTestTest$AssumptionInParametersMethod( sub ); old_org.junit.tests.running.classes.ParameterizedTestTest$AssumptionInParametersMethod = {assumptionFails:val$2<span class='color_orange'>formal</span>}<span class='color_orange'>formal</span>:org.junit.tests.running.classes.ParameterizedTestTest$AssumptionInParametersMethod( sub ); $irvar4 = n$152<span class='color_orange'>initial</span>:void; $irvar0 = 0<span class='color_orange'>nullify</span>:void; return = n$153<span class='color_orange'>initial</span>:void; $irvar1 = 0<span class='color_orange'>nullify</span>:void; $irvar2 = n$12<span class='color_orange'>update:805</span>:void; this = val$1<span class='color_orange'>formal</span>:org.junit.tests.running.classes.ParameterizedTestTest*( sub ); old_this = val$1<span class='color_orange'>formal</span>:org.junit.tests.running.classes.ParameterizedTestTest*( sub ); expected|callee = 1<span class='color_orange'>actual_precondition</span>:long ;
    result|->{assumptionFailureCount:n$149<span class='color_orange'>formal(z)</span>, failures:n$148<span class='color_orange'>formal(z)</span>}<span class='color_orange'>formal(z)</span>:org.junit.runner.Result( sub ); n$149|->{}<span class='color_orange'>formal</span>:java.util.concurrent.atomic.AtomicInteger( sub ); n$148|->{}<span class='color_orange'>formal(z)</span>:java.util.concurrent.CopyOnWriteArrayList( sub )</span>
    |-
    <span class='color_blue'>actual|callee = _t$207<span class='color_orange'>formal</span>:long( sub ); expected|callee = _t$207<span class='color_orange'>formal</span>:long( sub )</span>
    
      do_imply n$12 _t$207
        Current Implication
        SUB:
          
        <span class='color_blue'>n$149 != null; 0 != 1; MEMna &lt; new[]:803 &gt; <span class='color_orange'>{vpath: }</span>(n$154); UND &lt; int AtomicInteger.get() &gt; :103($irvar2); UND &lt; Result JUnitCore.runClasses(Computer,Class[]) &gt; :53(result); RET &lt; int Result.getAssumptionFailureCount() &gt; ($irvar2); RET &lt; boolean Result.wasSuccessful() &gt; (1) ;
        result = n$150<span class='color_orange'>update:803</span>:org.junit.runner.Result*; $irvar3 = n$151<span class='color_orange'>initial</span>:void; #GB<>$org.junit.tests.running.classes.ParameterizedTestTest$AssumptionInParametersMethod = {assumptionFails:1<span class='color_orange'>update:802</span>}<span class='color_orange'>formal</span>:org.junit.tests.running.classes.ParameterizedTestTest$AssumptionInParametersMethod( sub ); old_org.junit.tests.running.classes.ParameterizedTestTest$AssumptionInParametersMethod = {assumptionFails:val$2<span class='color_orange'>formal</span>}<span class='color_orange'>formal</span>:org.junit.tests.running.classes.ParameterizedTestTest$AssumptionInParametersMethod( sub ); $irvar4 = n$152<span class='color_orange'>initial</span>:void; $irvar0 = 0<span class='color_orange'>nullify</span>:void; return = n$153<span class='color_orange'>initial</span>:void; $irvar1 = 0<span class='color_orange'>nullify</span>:void; $irvar2 = n$12<span class='color_orange'>update:805</span>:void; this = val$1<span class='color_orange'>formal</span>:org.junit.tests.running.classes.ParameterizedTestTest*( sub ); old_this = val$1<span class='color_orange'>formal</span>:org.junit.tests.running.classes.ParameterizedTestTest*( sub ); expected|callee = 1<span class='color_orange'>actual_precondition</span>:long ;
        result|->{assumptionFailureCount:n$149<span class='color_orange'>formal(z)</span>, failures:n$148<span class='color_orange'>formal(z)</span>}<span class='color_orange'>formal(z)</span>:org.junit.runner.Result( sub ); n$149|->{}<span class='color_orange'>formal</span>:java.util.concurrent.atomic.AtomicInteger( sub ); n$148|->{}<span class='color_orange'>formal(z)</span>:java.util.concurrent.CopyOnWriteArrayList( sub )</span>
        [SUB: 
          _t$207 = n$12]
        |-
        <span class='color_blue'>expected|callee = n$12<span class='color_orange'>formal</span>:long( sub )</span>
        
          do_imply 1 n$12
          WARNING: footprint failed to find MISSING because: expressions not equal
    EXECUTING SPEC 2/2
    ACTUAL PRECONDITION =
      <span class='color_blue'>n$149 != null; 0 != 1; MEMna &lt; new[]:803 &gt; <span class='color_orange'>{vpath: }</span>(n$154); UND &lt; int AtomicInteger.get() &gt; :103($irvar2); UND &lt; Result JUnitCore.runClasses(Computer,Class[]) &gt; :53(result); RET &lt; int Result.getAssumptionFailureCount() &gt; ($irvar2); RET &lt; boolean Result.wasSuccessful() &gt; (1) ;
      result = n$150<span class='color_orange'>update:803</span>:org.junit.runner.Result*; actual|callee = n$12<span class='color_orange'>actual_precondition</span>:long; $irvar3 = n$151<span class='color_orange'>initial</span>:void; #GB<>$org.junit.tests.running.classes.ParameterizedTestTest$AssumptionInParametersMethod = {assumptionFails:1<span class='color_orange'>update:802</span>}<span class='color_orange'>formal</span>:org.junit.tests.running.classes.ParameterizedTestTest$AssumptionInParametersMethod( sub ); old_org.junit.tests.running.classes.ParameterizedTestTest$AssumptionInParametersMethod = {assumptionFails:val$2<span class='color_orange'>formal</span>}<span class='color_orange'>formal</span>:org.junit.tests.running.classes.ParameterizedTestTest$AssumptionInParametersMethod( sub ); $irvar4 = n$152<span class='color_orange'>initial</span>:void; $irvar0 = 0<span class='color_orange'>nullify</span>:void; return = n$153<span class='color_orange'>initial</span>:void; $irvar1 = 0<span class='color_orange'>nullify</span>:void; $irvar2 = n$12<span class='color_orange'>update:805</span>:void; this = val$1<span class='color_orange'>formal</span>:org.junit.tests.running.classes.ParameterizedTestTest*( sub ); old_this = val$1<span class='color_orange'>formal</span>:org.junit.tests.running.classes.ParameterizedTestTest*( sub ); expected|callee = 1<span class='color_orange'>actual_precondition</span>:long ;
      result|->{assumptionFailureCount:n$149<span class='color_orange'>formal(z)</span>, failures:n$148<span class='color_orange'>formal(z)</span>}<span class='color_orange'>formal(z)</span>:org.junit.runner.Result( sub ); n$149|->{}<span class='color_orange'>formal</span>:java.util.concurrent.atomic.AtomicInteger( sub ); n$148|->{}<span class='color_orange'>formal(z)</span>:java.util.concurrent.CopyOnWriteArrayList( sub )</span>
    SPEC =
      --------------------------- ---------- ---------------------------
      PRE:
      <span class='color_blue'><span class='color_blue'>actual|callee != expected|callee ;
      actual|callee = _t$209<span class='color_orange'>formal</span>:long( sub ); expected|callee = _t$210<span class='color_orange'>formal</span>:long( sub )</span></span>
      POST 1 of 1:
      <span class='color_blue'>actual|callee != expected|callee; <span class='color_red'>MEMne &lt; void Assert.assertEquals(String,long,long):633 &gt; <span class='color_orange'>{vpath: }</span>(_t$211)</span> ;
      <span class='color_red'>return|callee = EXN _t$211<span class='color_orange'>update:633</span>:void</span> ;
      <span class='color_red'>_t$211|->{}<span class='color_orange'>alloc</span>:java.lang.AssertionError</span></span>
      ----------------------------------------------------------------
    pre_check_pure_implication
    pi1:
      n$149 != null; 0 != 1; MEMna &lt; new[]:803 &gt; <span class='color_orange'>{vpath: }</span>(n$154); UND &lt; int AtomicInteger.get() &gt; :103(n$12); UND &lt; Result JUnitCore.runClasses(Computer,Class[]) &gt; :53(n$150); RET &lt; int Result.getAssumptionFailureCount() &gt; (n$12); RET &lt; boolean Result.wasSuccessful() &gt; (1)
    pi2:
      _t$209 != _t$210
    returns
    sub1:
      
    sub2:
      
    Current Implication
    SUB:
      
    <span class='color_blue'>n$149 != null; 0 != 1; MEMna &lt; new[]:803 &gt; <span class='color_orange'>{vpath: }</span>(n$154); UND &lt; int AtomicInteger.get() &gt; :103($irvar2); UND &lt; Result JUnitCore.runClasses(Computer,Class[]) &gt; :53(result); RET &lt; int Result.getAssumptionFailureCount() &gt; ($irvar2); RET &lt; boolean Result.wasSuccessful() &gt; (1) ;
    result = n$150<span class='color_orange'>update:803</span>:org.junit.runner.Result*; actual|callee = n$12<span class='color_orange'>actual_precondition</span>:long; $irvar3 = n$151<span class='color_orange'>initial</span>:void; #GB<>$org.junit.tests.running.classes.ParameterizedTestTest$AssumptionInParametersMethod = {assumptionFails:1<span class='color_orange'>update:802</span>}<span class='color_orange'>formal</span>:org.junit.tests.running.classes.ParameterizedTestTest$AssumptionInParametersMethod( sub ); old_org.junit.tests.running.classes.ParameterizedTestTest$AssumptionInParametersMethod = {assumptionFails:val$2<span class='color_orange'>formal</span>}<span class='color_orange'>formal</span>:org.junit.tests.running.classes.ParameterizedTestTest$AssumptionInParametersMethod( sub ); $irvar4 = n$152<span class='color_orange'>initial</span>:void; $irvar0 = 0<span class='color_orange'>nullify</span>:void; return = n$153<span class='color_orange'>initial</span>:void; $irvar1 = 0<span class='color_orange'>nullify</span>:void; $irvar2 = n$12<span class='color_orange'>update:805</span>:void; this = val$1<span class='color_orange'>formal</span>:org.junit.tests.running.classes.ParameterizedTestTest*( sub ); old_this = val$1<span class='color_orange'>formal</span>:org.junit.tests.running.classes.ParameterizedTestTest*( sub ); expected|callee = 1<span class='color_orange'>actual_precondition</span>:long ;
    result|->{assumptionFailureCount:n$149<span class='color_orange'>formal(z)</span>, failures:n$148<span class='color_orange'>formal(z)</span>}<span class='color_orange'>formal(z)</span>:org.junit.runner.Result( sub ); n$149|->{}<span class='color_orange'>formal</span>:java.util.concurrent.atomic.AtomicInteger( sub ); n$148|->{}<span class='color_orange'>formal(z)</span>:java.util.concurrent.CopyOnWriteArrayList( sub )</span>
    |-
    <span class='color_blue'>actual|callee = _t$209<span class='color_orange'>formal</span>:long( sub ); expected|callee = _t$210<span class='color_orange'>formal</span>:long( sub )</span>
    
      do_imply n$12 _t$209
        Current Implication
        SUB:
          
        <span class='color_blue'>n$149 != null; 0 != 1; MEMna &lt; new[]:803 &gt; <span class='color_orange'>{vpath: }</span>(n$154); UND &lt; int AtomicInteger.get() &gt; :103($irvar2); UND &lt; Result JUnitCore.runClasses(Computer,Class[]) &gt; :53(result); RET &lt; int Result.getAssumptionFailureCount() &gt; ($irvar2); RET &lt; boolean Result.wasSuccessful() &gt; (1) ;
        result = n$150<span class='color_orange'>update:803</span>:org.junit.runner.Result*; $irvar3 = n$151<span class='color_orange'>initial</span>:void; #GB<>$org.junit.tests.running.classes.ParameterizedTestTest$AssumptionInParametersMethod = {assumptionFails:1<span class='color_orange'>update:802</span>}<span class='color_orange'>formal</span>:org.junit.tests.running.classes.ParameterizedTestTest$AssumptionInParametersMethod( sub ); old_org.junit.tests.running.classes.ParameterizedTestTest$AssumptionInParametersMethod = {assumptionFails:val$2<span class='color_orange'>formal</span>}<span class='color_orange'>formal</span>:org.junit.tests.running.classes.ParameterizedTestTest$AssumptionInParametersMethod( sub ); $irvar4 = n$152<span class='color_orange'>initial</span>:void; $irvar0 = 0<span class='color_orange'>nullify</span>:void; return = n$153<span class='color_orange'>initial</span>:void; $irvar1 = 0<span class='color_orange'>nullify</span>:void; $irvar2 = n$12<span class='color_orange'>update:805</span>:void; this = val$1<span class='color_orange'>formal</span>:org.junit.tests.running.classes.ParameterizedTestTest*( sub ); old_this = val$1<span class='color_orange'>formal</span>:org.junit.tests.running.classes.ParameterizedTestTest*( sub ); expected|callee = 1<span class='color_orange'>actual_precondition</span>:long ;
        result|->{assumptionFailureCount:n$149<span class='color_orange'>formal(z)</span>, failures:n$148<span class='color_orange'>formal(z)</span>}<span class='color_orange'>formal(z)</span>:org.junit.runner.Result( sub ); n$149|->{}<span class='color_orange'>formal</span>:java.util.concurrent.atomic.AtomicInteger( sub ); n$148|->{}<span class='color_orange'>formal(z)</span>:java.util.concurrent.CopyOnWriteArrayList( sub )</span>
        [SUB: 
          _t$209 = n$12]
        |-
        <span class='color_blue'>expected|callee = _t$210<span class='color_orange'>formal</span>:long( sub )</span>
        
          do_imply 1 _t$210
            Final Implication
            SUB:
              
            <span class='color_blue'>n$149 != null; 0 != 1; MEMna &lt; new[]:803 &gt; <span class='color_orange'>{vpath: }</span>(n$154); UND &lt; int AtomicInteger.get() &gt; :103($irvar2); UND &lt; Result JUnitCore.runClasses(Computer,Class[]) &gt; :53(result); RET &lt; int Result.getAssumptionFailureCount() &gt; ($irvar2); RET &lt; boolean Result.wasSuccessful() &gt; (1) ;
            result = n$150<span class='color_orange'>update:803</span>:org.junit.runner.Result*; $irvar3 = n$151<span class='color_orange'>initial</span>:void; #GB<>$org.junit.tests.running.classes.ParameterizedTestTest$AssumptionInParametersMethod = {assumptionFails:1<span class='color_orange'>update:802</span>}<span class='color_orange'>formal</span>:org.junit.tests.running.classes.ParameterizedTestTest$AssumptionInParametersMethod( sub ); old_org.junit.tests.running.classes.ParameterizedTestTest$AssumptionInParametersMethod = {assumptionFails:val$2<span class='color_orange'>formal</span>}<span class='color_orange'>formal</span>:org.junit.tests.running.classes.ParameterizedTestTest$AssumptionInParametersMethod( sub ); $irvar4 = n$152<span class='color_orange'>initial</span>:void; $irvar0 = 0<span class='color_orange'>nullify</span>:void; return = n$153<span class='color_orange'>initial</span>:void; $irvar1 = 0<span class='color_orange'>nullify</span>:void; $irvar2 = n$12<span class='color_orange'>update:805</span>:void; this = val$1<span class='color_orange'>formal</span>:org.junit.tests.running.classes.ParameterizedTestTest*( sub ); old_this = val$1<span class='color_orange'>formal</span>:org.junit.tests.running.classes.ParameterizedTestTest*( sub ) ;
            result|->{assumptionFailureCount:n$149<span class='color_orange'>formal(z)</span>, failures:n$148<span class='color_orange'>formal(z)</span>}<span class='color_orange'>formal(z)</span>:org.junit.runner.Result( sub ); n$149|->{}<span class='color_orange'>formal</span>:java.util.concurrent.atomic.AtomicInteger( sub ); n$148|->{}<span class='color_orange'>formal(z)</span>:java.util.concurrent.CopyOnWriteArrayList( sub )</span>
            [SUB: 
              _t$209 = n$12; _t$210 = 1]
            |-
            <span class='color_blue'></span>
    imply_pi: adding missing atom _t$209 != _t$210
    Result of Abduction
      SUB:
        
      <span class='color_blue'>n$149 != null; 0 != 1; MEMna &lt; new[]:803 &gt; <span class='color_orange'>{vpath: }</span>(n$154); UND &lt; int AtomicInteger.get() &gt; :103($irvar2); UND &lt; Result JUnitCore.runClasses(Computer,Class[]) &gt; :53(result); RET &lt; int Result.getAssumptionFailureCount() &gt; ($irvar2); RET &lt; boolean Result.wasSuccessful() &gt; (1) ;
      result = n$150<span class='color_orange'>update:803</span>:org.junit.runner.Result*; actual|callee = n$12<span class='color_orange'>actual_precondition</span>:long; $irvar3 = n$151<span class='color_orange'>initial</span>:void; #GB<>$org.junit.tests.running.classes.ParameterizedTestTest$AssumptionInParametersMethod = {assumptionFails:1<span class='color_orange'>update:802</span>}<span class='color_orange'>formal</span>:org.junit.tests.running.classes.ParameterizedTestTest$AssumptionInParametersMethod( sub ); old_org.junit.tests.running.classes.ParameterizedTestTest$AssumptionInParametersMethod = {assumptionFails:val$2<span class='color_orange'>formal</span>}<span class='color_orange'>formal</span>:org.junit.tests.running.classes.ParameterizedTestTest$AssumptionInParametersMethod( sub ); $irvar4 = n$152<span class='color_orange'>initial</span>:void; $irvar0 = 0<span class='color_orange'>nullify</span>:void; return = n$153<span class='color_orange'>initial</span>:void; $irvar1 = 0<span class='color_orange'>nullify</span>:void; $irvar2 = n$12<span class='color_orange'>update:805</span>:void; this = val$1<span class='color_orange'>formal</span>:org.junit.tests.running.classes.ParameterizedTestTest*( sub ); old_this = val$1<span class='color_orange'>formal</span>:org.junit.tests.running.classes.ParameterizedTestTest*( sub ); expected|callee = 1<span class='color_orange'>actual_precondition</span>:long ;
      result|->{assumptionFailureCount:n$149<span class='color_orange'>formal(z)</span>, failures:n$148<span class='color_orange'>formal(z)</span>}<span class='color_orange'>formal(z)</span>:org.junit.runner.Result( sub ); n$149|->{}<span class='color_orange'>formal</span>:java.util.concurrent.atomic.AtomicInteger( sub ); n$148|->{}<span class='color_orange'>formal(z)</span>:java.util.concurrent.CopyOnWriteArrayList( sub )</span>
      [SUB: 
        _t$209 = n$12; _t$210 = 1
      _t$209 != _t$210]
      |-
      <span class='color_blue'>actual|callee != 1 ;
      actual|callee = n$12<span class='color_orange'>formal</span>:long( sub ); expected|callee = 1<span class='color_orange'>formal</span>:long( sub )</span>
    returning TRUE
    in vpath_find exp:_t$211
    vpath_find: cannot find _t$211
      New footprint:
      n$12 != 1
      Frame fld:
      
      Missing fld:
      
      Instantiated frame:
      n$150|->{assumptionFailureCount:n$149<span class='color_orange'>formal(z)</span>, failures:n$148<span class='color_orange'>formal(z)</span>}<span class='color_orange'>formal(z)</span>:org.junit.runner.Result( sub ); n$149|->{}<span class='color_orange'>formal</span>:java.util.concurrent.atomic.AtomicInteger( sub ); n$148|->{}<span class='color_orange'>formal(z)</span>:java.util.concurrent.CopyOnWriteArrayList( sub ); &amp;result|->n$150<span class='color_orange'>update:803</span>:org.junit.runner.Result*; &amp;$irvar3|->n$151<span class='color_orange'>initial</span>:void; &amp;#GB<>$org.junit.tests.running.classes.ParameterizedTestTest$AssumptionInParametersMethod|->{assumptionFails:1<span class='color_orange'>update:802</span>}<span class='color_orange'>formal</span>:org.junit.tests.running.classes.ParameterizedTestTest$AssumptionInParametersMethod( sub ); &amp;old_org.junit.tests.running.classes.ParameterizedTestTest$AssumptionInParametersMethod|->{assumptionFails:val$2<span class='color_orange'>formal</span>}<span class='color_orange'>formal</span>:org.junit.tests.running.classes.ParameterizedTestTest$AssumptionInParametersMethod( sub ); &amp;$irvar4|->n$152<span class='color_orange'>initial</span>:void; &amp;$irvar0|->0<span class='color_orange'>nullify</span>:void; &amp;return|->n$153<span class='color_orange'>initial</span>:void; &amp;$irvar1|->0<span class='color_orange'>nullify</span>:void; &amp;$irvar2|->n$12<span class='color_orange'>update:805</span>:void; &amp;this|->val$1<span class='color_orange'>formal</span>:org.junit.tests.running.classes.ParameterizedTestTest*( sub ); &amp;old_this|->val$1<span class='color_orange'>formal</span>:org.junit.tests.running.classes.ParameterizedTestTest*( sub )
      Instantiated post:
      PROP 1 of 1:
      <span class='color_blue'><span class='color_red'>n$12 != 1</span>; <span class='color_red'>MEMne &lt; void Assert.assertEquals(long,long):805 &gt; <span class='color_orange'>{vpath: }</span>(_t$211)</span> ;
      <span class='color_red'>return|callee = EXN _t$211<span class='color_orange'>update:805</span>:void</span> ;
      <span class='color_red'>_t$211|->{}<span class='color_orange'>alloc</span>:java.lang.AssertionError</span></span>
      
    ***** RESULTS FUNCTION CALL *******
    PROP 1 of 1:
    <span class='color_blue'><span class='color_blue'>n$149 != null</span>; <span class='color_blue'>$irvar2 != 1</span>; <span class='color_blue'>0 != 1</span>; <span class='color_red'>MEMne &lt; void Assert.assertEquals(long,long):805 &gt; <span class='color_orange'>{vpath: }</span>(_t$0)</span>; <span class='color_blue'>MEMna &lt; new[]:803 &gt; <span class='color_orange'>{vpath: }</span>(n$154)</span>; <span class='color_blue'>UND &lt; int AtomicInteger.get() &gt; :103($irvar2)</span>; <span class='color_blue'>UND &lt; Result JUnitCore.runClasses(Computer,Class[]) &gt; :53(result)</span>; <span class='color_blue'>RET &lt; int Result.getAssumptionFailureCount() &gt; ($irvar2)</span>; <span class='color_blue'>RET &lt; boolean Result.wasSuccessful() &gt; (1)</span> ;
    <span class='color_blue'>result = n$150<span class='color_orange'>update:803</span>:org.junit.runner.Result*</span>; <span class='color_blue'>$irvar3 = n$151<span class='color_orange'>initial</span>:void</span>; <span class='color_blue'>#GB<>$org.junit.tests.running.classes.ParameterizedTestTest$AssumptionInParametersMethod = {assumptionFails:1<span class='color_orange'>update:802</span>}<span class='color_orange'>formal</span>:org.junit.tests.running.classes.ParameterizedTestTest$AssumptionInParametersMethod( sub )</span>; <span class='color_blue'>old_org.junit.tests.running.classes.ParameterizedTestTest$AssumptionInParametersMethod = {assumptionFails:val$2<span class='color_orange'>formal</span>}<span class='color_orange'>formal</span>:org.junit.tests.running.classes.ParameterizedTestTest$AssumptionInParametersMethod( sub )</span>; <span class='color_blue'>$irvar4 = n$152<span class='color_orange'>initial</span>:void</span>; <span class='color_blue'>$irvar0 = 0<span class='color_orange'>nullify</span>:void</span>; <span class='color_blue'>return = <span class='color_red'>EXN _t$0<span class='color_orange'>update:805</span></span>:void</span>; <span class='color_blue'>$irvar1 = 0<span class='color_orange'>nullify</span>:void</span>; <span class='color_blue'>$irvar2 = n$12<span class='color_orange'>update:805</span>:void</span>; <span class='color_blue'>this = val$1<span class='color_orange'>formal</span>:org.junit.tests.running.classes.ParameterizedTestTest*( sub )</span>; <span class='color_blue'>old_this = val$1<span class='color_orange'>formal</span>:org.junit.tests.running.classes.ParameterizedTestTest*( sub )</span> ;
    <span class='color_red'>_t$0|->{}<span class='color_orange'>alloc</span>:java.lang.AssertionError</span>; <span class='color_blue'>result|->{assumptionFailureCount:n$149<span class='color_orange'>formal(z)</span>, failures:n$148<span class='color_orange'>formal(z)</span>}<span class='color_orange'>formal(z)</span>:org.junit.runner.Result( sub )</span>; <span class='color_blue'>n$149|->{}<span class='color_orange'>formal</span>:java.util.concurrent.atomic.AtomicInteger( sub )</span>; <span class='color_blue'>n$148|->{}<span class='color_orange'>formal(z)</span>:java.util.concurrent.CopyOnWriteArrayList( sub )</span></span>
    ***** END RESULTS FUNCTION CALL *******
    pvar: result
    <span class='color_red'>found error in dereference</span>
    spec_pre:
    <span class='color_blue'>n$149 != null; $irvar2 != 1; 0 != 1; MEMne &lt; void Assert.assertEquals(long,long):805 &gt; <span class='color_orange'>{vpath: }</span>(_t$211); MEMna &lt; new[]:803 &gt; <span class='color_orange'>{vpath: }</span>(n$154); UND &lt; int AtomicInteger.get() &gt; :103($irvar2); UND &lt; Result JUnitCore.runClasses(Computer,Class[]) &gt; :53(result); RET &lt; int Result.getAssumptionFailureCount() &gt; ($irvar2); RET &lt; boolean Result.wasSuccessful() &gt; (1) ;
    result = n$150<span class='color_orange'>update:803</span>:org.junit.runner.Result*; $irvar3 = n$151<span class='color_orange'>initial</span>:void; #GB<>$org.junit.tests.running.classes.ParameterizedTestTest$AssumptionInParametersMethod = {assumptionFails:1<span class='color_orange'>update:802</span>}<span class='color_orange'>formal</span>:org.junit.tests.running.classes.ParameterizedTestTest$AssumptionInParametersMethod( sub ); old_org.junit.tests.running.classes.ParameterizedTestTest$AssumptionInParametersMethod = {assumptionFails:val$2<span class='color_orange'>formal</span>}<span class='color_orange'>formal</span>:org.junit.tests.running.classes.ParameterizedTestTest$AssumptionInParametersMethod( sub ); $irvar4 = n$152<span class='color_orange'>initial</span>:void; $irvar0 = 0<span class='color_orange'>nullify</span>:void; return = EXN _t$211<span class='color_orange'>update:805</span>:void; $irvar1 = 0<span class='color_orange'>nullify</span>:void; $irvar2 = n$12<span class='color_orange'>update:805</span>:void; this = val$1<span class='color_orange'>formal</span>:org.junit.tests.running.classes.ParameterizedTestTest*( sub ); old_this = val$1<span class='color_orange'>formal</span>:org.junit.tests.running.classes.ParameterizedTestTest*( sub ) ;
    _t$211|->{}<span class='color_orange'>alloc</span>:java.lang.AssertionError; result|->{assumptionFailureCount:n$149<span class='color_orange'>formal(z)</span>, failures:n$148<span class='color_orange'>formal(z)</span>}<span class='color_orange'>formal(z)</span>:org.junit.runner.Result( sub ); n$149|->{}<span class='color_orange'>formal</span>:java.util.concurrent.atomic.AtomicInteger( sub ); n$148|->{}<span class='color_orange'>formal(z)</span>:java.util.concurrent.CopyOnWriteArrayList( sub )</span>
    exp n$150 desc: 
    Prover.check_inconsistency_base: inconsistency reason [None]
    Prover.check_inconsistency_base: inconsistency reason [None]
    Prover.check_inconsistency_base: inconsistency reason [None]
    Prover.check_inconsistency_base: inconsistency reason [None]
    Missing pure facts for the function call:
    pi: n$12 != 1
    Prover.check_inconsistency_base: inconsistency reason [None]
    <span class='color_red'>Failure of symbolic execution: PRECONDITION_NOT_MET in call to `assertEquals(...)` at line 805 src/biabduction/Tabulation.ml:1329:66-73:</span>
    Precondition:
    <span class='color_blue'></span>
    SIL INSTR:
    <span class='color_green'>n$12=*&amp;$irvar2:int [line 805];
    <span class='color_red'>n$13=_fun_void Assert.assertEquals(long,long)(1:long,(long)n$12:long) [line 805]</span>;
    NULLIFY(&amp;$irvar2); [line 805];
    EXIT_SCOPE(n$12,n$13,$irvar2); [line 805];
    </span>
    </LISTING>