<!DOCTYPE HTML PUBLIC "-//W3C//DTD HTML 4.01 Transitional//EN">
<html>
<head>
<title>org.junit.tests.running.classes.ParameterizedTestTest.testsAreNotExecutedWhenAssumptionInParametersM.b657b99f7ae2df0c628964aeb6f4e60d_node8</title>
<meta http-equiv="Content-Type" content="text/html; charset=utf-8">
<style type="text/css">
body { background-color:#fff; color:#000; font-family:Helvetica, sans-serif; font-size:10pt }
h1 { font-size:14pt }
.code { border-collapse:collapse; width:100%; font-family: "Andale Mono", monospace; font-size:10pt; line-height: 1.2em }
.color_black { color: black }
.color_blue { color: blue }
.color_green { color: green }
.color_orange { color: orange }
.color_red { color: red }
.line { border-left: 3px solid #ccc; padding-left: 1ex; white-space: pre; }
.msg { background-color:#fff8b4; color:#000; float:left; font-family:Helvetica, sans-serif; font-size: smaller; font-weight: bold; margin-bottom:10px; margin-top:10px; max-width:60em; padding:0.5em 1ex 0.5em 1ex; -webkit-border-radius:5px; -webkit-box-shadow:1px 1px 7px #000; white-space: pre-wrap; word-wrap: break-word; }
.num { background-color:#eee; color:#444; font-size: smaller; padding-right:2ex; text-align:right; width:2.5em; }
.dangling { background-color:white; color: gray; }
.visited { background-color:LemonChiffon; color: darkmagenta; }
.tooltip { display: none; background-color:#FFF0F0; border: 2px solid #F00; font-weight: normal; left:10em; padding: 2px; position: absolute; top: -1em; -webkit-border-radius:5px; -webkit-box-shadow:1px 1px 7px #000; z-index: 1}
.with_tooltip { position: relative; }
.with_tooltip:hover .tooltip, .visited:hover .tooltip { display: block; }
</style>
</head>
<body>
<center><h1>Cfg Node <a href="./../../ParameterizedTestTest.java.88da44e98279dfa32c0c7e5c52f053d0.html#LINE804">8</a></h1></center>PROC: <a href="./../org.junit.tests.running.classes.ParameterizedTestTest.testsAreNotExecutedWhenAssumptionInParametersM.b657b99f7ae2df0c628964aeb6f4e60d.html">void ParameterizedTestTest.testsAreNotExecutedWhenAssumptionInParametersMethodFails()</a> LINE: <a href="./../../ParameterizedTestTest.java.88da44e98279dfa32c0c7e5c52f053d0.html#LINE804">804</a>
<br>PREDS:
<a href="./../nodes/org.junit.tests.running.classes.ParameterizedTestTest.testsAreNotExecutedWhenAssumptionInParametersM.b657b99f7ae2df0c628964aeb6f4e60d_node7.html"><span class='visited with_tooltip'>N_7<span class='tooltip'>node7 preds:6 succs:8 exn:3 </span></span></a><br>SUCCS:
<a href="./../nodes/org.junit.tests.running.classes.ParameterizedTestTest.testsAreNotExecutedWhenAssumptionInParametersM.b657b99f7ae2df0c628964aeb6f4e60d_node9.html"><span class='visited with_tooltip'>N_9<span class='tooltip'>node9 preds:8 succs:10 exn:3 </span></span></a><br>EXN:
<a href="./../nodes/org.junit.tests.running.classes.ParameterizedTestTest.testsAreNotExecutedWhenAssumptionInParametersM.b657b99f7ae2df0c628964aeb6f4e60d_node3.html"><span class='visited with_tooltip'>N_3<span class='tooltip'>node3 preds: succs:2 exn:2 </span></span></a><br>
<LISTING class='color_green'>n$4=*&amp;result:org.junit.runner.Result* [line 804];
_=*n$4:org.junit.runner.Result*(root org.junit.runner.Result) [line 804];
n$6=_fun_boolean Result.wasSuccessful()(n$4:org.junit.runner.Result*) virtual [line 804];
*&amp;$irvar1:_Bool=n$6 [line 804];
</LISTING>
<hr width="100%">
<a name="session20" href="./../nodes/org.junit.tests.running.classes.ParameterizedTestTest.testsAreNotExecutedWhenAssumptionInParametersM.b657b99f7ae2df0c628964aeb6f4e60d_node8.html#session20">node8#session20</a>(<a href="./../../ParameterizedTestTest.java.88da44e98279dfa32c0c7e5c52f053d0.html#LINE804">804</a>) [compute pre] liveness 8
<LISTING class='color_black'>JOIN

LEFT:   normal:{ result, $irvar1 }, exn:{ }
RIGHT:  normal:{ }, exn:{ }
RESULT: normal:{ result, $irvar1 }, exn:{ }

</LISTING>
<hr width="100%">
<a name="session21" href="./../nodes/org.junit.tests.running.classes.ParameterizedTestTest.testsAreNotExecutedWhenAssumptionInParametersM.b657b99f7ae2df0c628964aeb6f4e60d_node8.html#session21">node8#session21</a>(<a href="./../../ParameterizedTestTest.java.88da44e98279dfa32c0c7e5c52f053d0.html#LINE804">804</a>) [exec] liveness 8
<LISTING class='color_black'>PRE STATE:
normal:{ result, $irvar1 }, exn:{ }

INSTR=  *&amp;$irvar1:_Bool=n$6 [line 804]; 

STATE:
normal:{ n$6, result }, exn:{ }

INSTR=  n$6=_fun_boolean Result.wasSuccessful()(n$4:org.junit.runner.Result*) virtual [line 804]; 

STATE:
normal:{ n$4, result }, exn:{ }

INSTR=  _=*n$4:org.junit.runner.Result*(root org.junit.runner.Result) [line 804]; 

STATE UNCHANGED

INSTR=  n$4=*&amp;result:org.junit.runner.Result* [line 804]; 

STATE:
normal:{ result }, exn:{ }

</LISTING>
<hr width="100%">
<a name="session41" href="./../nodes/org.junit.tests.running.classes.ParameterizedTestTest.testsAreNotExecutedWhenAssumptionInParametersM.b657b99f7ae2df0c628964aeb6f4e60d_node8.html#session41">node8#session41</a>(<a href="./../../ParameterizedTestTest.java.88da44e98279dfa32c0c7e5c52f053d0.html#LINE804">804</a>) [compute pre] nullify
<LISTING class='color_black'></LISTING>
<hr width="100%">
<a name="session42" href="./../nodes/org.junit.tests.running.classes.ParameterizedTestTest.testsAreNotExecutedWhenAssumptionInParametersM.b657b99f7ae2df0c628964aeb6f4e60d_node8.html#session42">node8#session42</a>(<a href="./../../ParameterizedTestTest.java.88da44e98279dfa32c0c7e5c52f053d0.html#LINE804">804</a>) [exec] nullify
<LISTING class='color_black'>PRE STATE:
(normal:{ result }, exn:{ },normal:{ n$2, n$3, $irvar0 }, exn:{ })

INSTR=  n$4=*&amp;result:org.junit.runner.Result* [line 804]; 

STATE:
(normal:{ n$4, result }, exn:{ },normal:{ n$2, n$3, $irvar0 }, exn:{ })

INSTR=  _=*n$4:org.junit.runner.Result*(root org.junit.runner.Result) [line 804]; 

STATE:
(normal:{ _, n$4, result }, exn:{ },normal:{ n$2, n$3, $irvar0 }, exn:{ })

INSTR=  n$6=_fun_boolean Result.wasSuccessful()(n$4:org.junit.runner.Result*) virtual [line 804]; 

STATE:
(normal:{ _, n$4, n$6, result }, exn:{ },
normal:{ n$2, n$3, $irvar0 }, exn:{ })

INSTR=  *&amp;$irvar1:_Bool=n$6 [line 804]; 

STATE:
(normal:{ result, $irvar1 }, exn:{ },normal:{ _, n$4, n$6 }, exn:{ })

</LISTING>
<hr width="100%">
<a name="session72" href="./../nodes/org.junit.tests.running.classes.ParameterizedTestTest.testsAreNotExecutedWhenAssumptionInParametersM.b657b99f7ae2df0c628964aeb6f4e60d_node8.html#session72">node8#session72</a>(<a href="./../../ParameterizedTestTest.java.88da44e98279dfa32c0c7e5c52f053d0.html#LINE804">804</a>) [compute pre] devirtualizer analysis 8
<LISTING class='color_black'></LISTING>
<hr width="100%">
<a name="session73" href="./../nodes/org.junit.tests.running.classes.ParameterizedTestTest.testsAreNotExecutedWhenAssumptionInParametersM.b657b99f7ae2df0c628964aeb6f4e60d_node8.html#session73">node8#session73</a>(<a href="./../../ParameterizedTestTest.java.88da44e98279dfa32c0c7e5c52f053d0.html#LINE804">804</a>) [exec] devirtualizer analysis 8
<LISTING class='color_black'>PRE STATE:
{ }

INSTR=  n$4=*&amp;result:org.junit.runner.Result* [line 804]; 

STATE UNCHANGED

INSTR=  _=*n$4:org.junit.runner.Result*(root org.junit.runner.Result) [line 804]; 

STATE UNCHANGED

INSTR=  n$6=_fun_boolean Result.wasSuccessful()(n$4:org.junit.runner.Result*) virtual [line 804]; 

STATE UNCHANGED

INSTR=  *&amp;$irvar1:_Bool=n$6 [line 804]; 

STATE UNCHANGED

INSTR=  EXIT_SCOPE(_,n$4,n$6); [line 804]; 

STATE UNCHANGED

</LISTING>
<hr width="100%">
<a name="session125" href="./../nodes/org.junit.tests.running.classes.ParameterizedTestTest.testsAreNotExecutedWhenAssumptionInParametersM.b657b99f7ae2df0c628964aeb6f4e60d_node8.html#session125">node8#session125</a>(<a href="./../../ParameterizedTestTest.java.88da44e98279dfa32c0c7e5c52f053d0.html#LINE804">804</a>) [exec] devirtualizer
<LISTING class='color_black'></LISTING>
<hr width="100%">
<a name="session126" href="./../nodes/org.junit.tests.running.classes.ParameterizedTestTest.testsAreNotExecutedWhenAssumptionInParametersM.b657b99f7ae2df0c628964aeb6f4e60d_node8.html#session126">node8#session126</a>(<a href="./../../ParameterizedTestTest.java.88da44e98279dfa32c0c7e5c52f053d0.html#LINE804">804</a>) [exec] devirtualizer
<LISTING class='color_black'></LISTING>
<hr width="100%">
<a name="session127" href="./../nodes/org.junit.tests.running.classes.ParameterizedTestTest.testsAreNotExecutedWhenAssumptionInParametersM.b657b99f7ae2df0c628964aeb6f4e60d_node8.html#session127">node8#session127</a>(<a href="./../../ParameterizedTestTest.java.88da44e98279dfa32c0c7e5c52f053d0.html#LINE804">804</a>) [exec] devirtualizer
<LISTING class='color_black'>virtual call boolean Result.wasSuccessful() 
</LISTING>
<hr width="100%">
<a name="session128" href="./../nodes/org.junit.tests.running.classes.ParameterizedTestTest.testsAreNotExecutedWhenAssumptionInParametersM.b657b99f7ae2df0c628964aeb6f4e60d_node8.html#session128">node8#session128</a>(<a href="./../../ParameterizedTestTest.java.88da44e98279dfa32c0c7e5c52f053d0.html#LINE804">804</a>) [exec] devirtualizer
<LISTING class='color_black'></LISTING>
<hr width="100%">
<a name="session129" href="./../nodes/org.junit.tests.running.classes.ParameterizedTestTest.testsAreNotExecutedWhenAssumptionInParametersM.b657b99f7ae2df0c628964aeb6f4e60d_node8.html#session129">node8#session129</a>(<a href="./../../ParameterizedTestTest.java.88da44e98279dfa32c0c7e5c52f053d0.html#LINE804">804</a>) [exec] devirtualizer
<LISTING class='color_black'></LISTING>
<hr width="100%">
<a name="session10" href="./../nodes/org.junit.tests.running.classes.ParameterizedTestTest.testsAreNotExecutedWhenAssumptionInParametersM.b657b99f7ae2df0c628964aeb6f4e60d_node8.html#session10">node8#session10</a>(<a href="./../../ParameterizedTestTest.java.88da44e98279dfa32c0c7e5c52f053d0.html#LINE804">804</a>) [compute pre] starvation
<LISTING class='color_black'></LISTING>
<hr width="100%">
<a name="session11" href="./../nodes/org.junit.tests.running.classes.ParameterizedTestTest.testsAreNotExecutedWhenAssumptionInParametersM.b657b99f7ae2df0c628964aeb6f4e60d_node8.html#session11">node8#session11</a>(<a href="./../../ParameterizedTestTest.java.88da44e98279dfa32c0c7e5c52f053d0.html#LINE804">804</a>) [exec] starvation
<LISTING class='color_black'>PRE STATE:
{guard_map= { }; lock_state= {map= { }; acquisitions= { }};
 critical_pairs= { }; attributes= { }; thread= UnknownThread;
 scheduled_work= { }; var_state= { }}

INSTR=  n$4=*&amp;result:org.junit.runner.Result* [line 804]; 

STATE:
{guard_map= { }; lock_state= {map= { }; acquisitions= { }};
 critical_pairs= { }; attributes= { }; thread= UnknownThread;
 scheduled_work= { }; var_state= { n$4 -&gt; result }}

INSTR=  _=*n$4:org.junit.runner.Result*(root org.junit.runner.Result) [line 804]; 

STATE UNCHANGED

INSTR=  n$6=_fun_boolean Result.wasSuccessful()(n$4:org.junit.runner.Result*) virtual [line 804]; 

STATE:
{guard_map= { }; lock_state= {map= { }; acquisitions= { }};
 critical_pairs= { }; attributes= { }; thread= UnknownThread;
 scheduled_work= { }; var_state= { n$4 -&gt; result }}

INSTR=  *&amp;$irvar1:_Bool=n$6 [line 804]; 

STATE:
{guard_map= { }; lock_state= {map= { }; acquisitions= { }};
 critical_pairs= { }; attributes= { }; thread= UnknownThread;
 scheduled_work= { }; var_state= { n$4 -&gt; result, $irvar1 -&gt; n$6 }}

INSTR=  EXIT_SCOPE(_,n$4,n$6); [line 804]; 

STATE:
{guard_map= { }; lock_state= {map= { }; acquisitions= { }};
 critical_pairs= { }; attributes= { }; thread= UnknownThread;
 scheduled_work= { }; var_state= { }}

</LISTING>
<hr width="100%">
<a name="session39" href="./../nodes/org.junit.tests.running.classes.ParameterizedTestTest.testsAreNotExecutedWhenAssumptionInParametersM.b657b99f7ae2df0c628964aeb6f4e60d_node8.html#session39">node8#session39</a>(<a href="./../../ParameterizedTestTest.java.88da44e98279dfa32c0c7e5c52f053d0.html#LINE804">804</a>) [compute pre] racerd
<LISTING class='color_black'></LISTING>
<hr width="100%">
<a name="session40" href="./../nodes/org.junit.tests.running.classes.ParameterizedTestTest.testsAreNotExecutedWhenAssumptionInParametersM.b657b99f7ae2df0c628964aeb6f4e60d_node8.html#session40">node8#session40</a>(<a href="./../../ParameterizedTestTest.java.88da44e98279dfa32c0c7e5c52f053d0.html#LINE804">804</a>) [exec] racerd
<LISTING class='color_black'>PRE STATE:
Threads: NoThread, Locks: 0 
Accesses { {elem= Access: Read of model.TestClass.FIELD_COMPARATOR Thread: NoThread Lock: false Pre: Unowned;
            loc= line 78;
            trace= { Result JUnitCore.runClasses(Class[]) at line 803,
                     Result JUnitCore.runClasses(Computer,Class[]) at line 53,
                     Result JUnitCore.run(Computer,Class[]) at line 66,
                     Request Request.classes(Computer,Class[]) at line 109,
                     Runner Computer.getSuite(RunnerBuilder,Class[]) at line 77,
                     Computer$2.&lt;init&gt;(Computer,RunnerBuilder,Class[]) at line 28,
                     Suite.&lt;init&gt;(RunnerBuilder,Class[]) at line 33,
                     Suite.&lt;init&gt;(Class,List) at line 81,
                     ParentRunner.&lt;init&gt;(Class) at line 112,
                     TestClass ParentRunner.createTestClass(Class) at line 91,
                     TestClass.&lt;init&gt;(Class) at line 111,
                     void TestClass.scanAnnotatedMembers(Map,Map) at line 57,
                     Field[] TestClass.getSortedDeclaredFields(Class) at line 70 }},
           {elem= Access: Read of lang.Void.TYPE Thread: NoThread Lock: false Pre: Unowned;
            loc= line 107;
            trace= { Result JUnitCore.runClasses(Class[]) at line 803,
                     Result JUnitCore.runClasses(Computer,Class[]) at line 53,
                     Result JUnitCore.run(Computer,Class[]) at line 66,
                     Request Request.classes(Computer,Class[]) at line 109,
                     Runner Computer.getSuite(RunnerBuilder,Class[]) at line 77,
                     Computer$2.&lt;init&gt;(Computer,RunnerBuilder,Class[]) at line 28,
                     Suite.&lt;init&gt;(RunnerBuilder,Class[]) at line 33,
                     Suite.&lt;init&gt;(Class,List) at line 81,
                     ParentRunner.&lt;init&gt;(Class) at line 112,
                     void ParentRunner.validate() at line 92,
                     void ParentRunner.collectInitializationErrors(List) at line 523,
                     void ParentRunner.validatePublicVoidNoArgMethods(Class,boolean,List) at line 148,
                     void FrameworkMethod.validatePublicVoidNoArg(boolean,List) at line 178,
                     void FrameworkMethod.validatePublicVoid(boolean,List) at line 83 }},
           {elem= Access: Read of runners.ParentRunner.VALIDATORS Thread: NoThread Lock: false Pre: Unowned;
            loc= line 156;
            trace= { Result JUnitCore.runClasses(Class[]) at line 803,
                     Result JUnitCore.runClasses(Computer,Class[]) at line 53,
                     Result JUnitCore.run(Computer,Class[]) at line 66,
                     Request Request.classes(Computer,Class[]) at line 109,
                     Runner Computer.getSuite(RunnerBuilder,Class[]) at line 77,
                     Computer$2.&lt;init&gt;(Computer,RunnerBuilder,Class[]) at line 28,
                     Suite.&lt;init&gt;(RunnerBuilder,Class[]) at line 33,
                     Suite.&lt;init&gt;(Class,List) at line 81,
                     ParentRunner.&lt;init&gt;(Class) at line 112,
                     void ParentRunner.validate() at line 92,
                     void ParentRunner.collectInitializationErrors(List) at line 523,
                     void ParentRunner.applyValidators(List) at line 151 }},
           {elem= Access: Read of internal.MethodSorter.DEFAULT Thread: NoThread Lock: false Pre: Unowned;
            loc= line 67;
            trace= { Result JUnitCore.runClasses(Class[]) at line 803,
                     Result JUnitCore.runClasses(Computer,Class[]) at line 53,
                     Result JUnitCore.run(Computer,Class[]) at line 66,
                     Request Request.classes(Computer,Class[]) at line 109,
                     Runner Computer.getSuite(RunnerBuilder,Class[]) at line 77,
                     Computer$2.&lt;init&gt;(Computer,RunnerBuilder,Class[]) at line 28,
                     Suite.&lt;init&gt;(RunnerBuilder,Class[]) at line 33,
                     Suite.&lt;init&gt;(Class,List) at line 81,
                     ParentRunner.&lt;init&gt;(Class) at line 112,
                     TestClass ParentRunner.createTestClass(Class) at line 91,
                     TestClass.&lt;init&gt;(Class) at line 111,
                     void TestClass.scanAnnotatedMembers(Map,Map) at line 57,
                     Method[] MethodSorter.getDeclaredMethods(Class) at line 65,
                     Comparator MethodSorter.getSorter(FixMethodOrder) at line 52 }},
           {elem= Access: Read of rules.RuleMemberValidator.CLASS_RULE_METHOD_VALIDATOR Thread: NoThread Lock: false Pre: Unowned;
            loc= line 184;
            trace= { Result JUnitCore.runClasses(Class[]) at line 803,
                     Result JUnitCore.runClasses(Computer,Class[]) at line 53,
                     Result JUnitCore.run(Computer,Class[]) at line 66,
                     Request Request.classes(Computer,Class[]) at line 109,
                     Runner Computer.getSuite(RunnerBuilder,Class[]) at line 77,
                     Computer$2.&lt;init&gt;(Computer,RunnerBuilder,Class[]) at line 28,
                     Suite.&lt;init&gt;(RunnerBuilder,Class[]) at line 33,
                     Suite.&lt;init&gt;(Class,List) at line 81,
                     ParentRunner.&lt;init&gt;(Class) at line 112,
                     void ParentRunner.validate() at line 92,
                     void ParentRunner.collectInitializationErrors(List) at line 523,
                     void ParentRunner.validateClassRules(List) at line 150 }},
           {elem= Access: Read of rules.RuleMemberValidator.CLASS_RULE_VALIDATOR Thread: NoThread Lock: false Pre: Unowned;
            loc= line 183;
            trace= { Result JUnitCore.runClasses(Class[]) at line 803,
                     Result JUnitCore.runClasses(Computer,Class[]) at line 53,
                     Result JUnitCore.run(Computer,Class[]) at line 66,
                     Request Request.classes(Computer,Class[]) at line 109,
                     Runner Computer.getSuite(RunnerBuilder,Class[]) at line 77,
                     Computer$2.&lt;init&gt;(Computer,RunnerBuilder,Class[]) at line 28,
                     Suite.&lt;init&gt;(RunnerBuilder,Class[]) at line 33,
                     Suite.&lt;init&gt;(Class,List) at line 81,
                     ParentRunner.&lt;init&gt;(Class) at line 112,
                     void ParentRunner.validate() at line 92,
                     void ParentRunner.collectInitializationErrors(List) at line 523,
                     void ParentRunner.validateClassRules(List) at line 150 }},
           {elem= Access: Read of rules.RuleMemberValidator.CLASS_RULE_METHOD_VALIDATOR-&gt;annotation Thread: NoThread Lock: false Pre: Unowned;
            loc= line 89;
            trace= { Result JUnitCore.runClasses(Class[]) at line 803,
                     Result JUnitCore.runClasses(Computer,Class[]) at line 53,
                     Result JUnitCore.run(Computer,Class[]) at line 66,
                     Request Request.classes(Computer,Class[]) at line 109,
                     Runner Computer.getSuite(RunnerBuilder,Class[]) at line 77,
                     Computer$2.&lt;init&gt;(Computer,RunnerBuilder,Class[]) at line 28,
                     Suite.&lt;init&gt;(RunnerBuilder,Class[]) at line 33,
                     Suite.&lt;init&gt;(Class,List) at line 81,
                     ParentRunner.&lt;init&gt;(Class) at line 112,
                     void ParentRunner.validate() at line 92,
                     void ParentRunner.collectInitializationErrors(List) at line 523,
                     void ParentRunner.validateClassRules(List) at line 150,
                     void RuleMemberValidator.validate(TestClass,List) at line 184 }},
           {elem= Access: Read of rules.RuleMemberValidator.CLASS_RULE_METHOD_VALIDATOR-&gt;methods Thread: NoThread Lock: false Pre: Unowned;
            loc= line 89;
            trace= { Result JUnitCore.runClasses(Class[]) at line 803,
                     Result JUnitCore.runClasses(Computer,Class[]) at line 53,
                     Result JUnitCore.run(Computer,Class[]) at line 66,
                     Request Request.classes(Computer,Class[]) at line 109,
                     Runner Computer.getSuite(RunnerBuilder,Class[]) at line 77,
                     Computer$2.&lt;init&gt;(Computer,RunnerBuilder,Class[]) at line 28,
                     Suite.&lt;init&gt;(RunnerBuilder,Class[]) at line 33,
                     Suite.&lt;init&gt;(Class,List) at line 81,
                     ParentRunner.&lt;init&gt;(Class) at line 112,
                     void ParentRunner.validate() at line 92,
                     void ParentRunner.collectInitializationErrors(List) at line 523,
                     void ParentRunner.validateClassRules(List) at line 150,
                     void RuleMemberValidator.validate(TestClass,List) at line 184 }},
           {elem= Access: Read of rules.RuleMemberValidator.CLASS_RULE_METHOD_VALIDATOR-&gt;validatorStrategies Thread: NoThread Lock: false Pre: Unowned;
            loc= line 98;
            trace= { Result JUnitCore.runClasses(Class[]) at line 803,
                     Result JUnitCore.runClasses(Computer,Class[]) at line 53,
                     Result JUnitCore.run(Computer,Class[]) at line 66,
                     Request Request.classes(Computer,Class[]) at line 109,
                     Runner Computer.getSuite(RunnerBuilder,Class[]) at line 77,
                     Computer$2.&lt;init&gt;(Computer,RunnerBuilder,Class[]) at line 28,
                     Suite.&lt;init&gt;(RunnerBuilder,Class[]) at line 33,
                     Suite.&lt;init&gt;(Class,List) at line 81,
                     ParentRunner.&lt;init&gt;(Class) at line 112,
                     void ParentRunner.validate() at line 92,
                     void ParentRunner.collectInitializationErrors(List) at line 523,
                     void ParentRunner.validateClassRules(List) at line 150,
                     void RuleMemberValidator.validate(TestClass,List) at line 184,
                     void RuleMemberValidator.validateMember(FrameworkMember,List) at line 93 }},
           {elem= Access: Read of rules.RuleMemberValidator.CLASS_RULE_VALIDATOR-&gt;annotation Thread: NoThread Lock: false Pre: Unowned;
            loc= line 89;
            trace= { Result JUnitCore.runClasses(Class[]) at line 803,
                     Result JUnitCore.runClasses(Computer,Class[]) at line 53,
                     Result JUnitCore.run(Computer,Class[]) at line 66,
                     Request Request.classes(Computer,Class[]) at line 109,
                     Runner Computer.getSuite(RunnerBuilder,Class[]) at line 77,
                     Computer$2.&lt;init&gt;(Computer,RunnerBuilder,Class[]) at line 28,
                     Suite.&lt;init&gt;(RunnerBuilder,Class[]) at line 33,
                     Suite.&lt;init&gt;(Class,List) at line 81,
                     ParentRunner.&lt;init&gt;(Class) at line 112,
                     void ParentRunner.validate() at line 92,
                     void ParentRunner.collectInitializationErrors(List) at line 523,
                     void ParentRunner.validateClassRules(List) at line 150,
                     void RuleMemberValidator.validate(TestClass,List) at line 183 }},
           {elem= Access: Read of rules.RuleMemberValidator.CLASS_RULE_VALIDATOR-&gt;methods Thread: NoThread Lock: false Pre: Unowned;
            loc= line 89;
            trace= { Result JUnitCore.runClasses(Class[]) at line 803,
                     Result JUnitCore.runClasses(Computer,Class[]) at line 53,
                     Result JUnitCore.run(Computer,Class[]) at line 66,
                     Request Request.classes(Computer,Class[]) at line 109,
                     Runner Computer.getSuite(RunnerBuilder,Class[]) at line 77,
                     Computer$2.&lt;init&gt;(Computer,RunnerBuilder,Class[]) at line 28,
                     Suite.&lt;init&gt;(RunnerBuilder,Class[]) at line 33,
                     Suite.&lt;init&gt;(Class,List) at line 81,
                     ParentRunner.&lt;init&gt;(Class) at line 112,
                     void ParentRunner.validate() at line 92,
                     void ParentRunner.collectInitializationErrors(List) at line 523,
                     void ParentRunner.validateClassRules(List) at line 150,
                     void RuleMemberValidator.validate(TestClass,List) at line 183 }},
           {elem= Access: Read of rules.RuleMemberValidator.CLASS_RULE_VALIDATOR-&gt;validatorStrategies Thread: NoThread Lock: false Pre: Unowned;
            loc= line 98;
            trace= { Result JUnitCore.runClasses(Class[]) at line 803,
                     Result JUnitCore.runClasses(Computer,Class[]) at line 53,
                     Result JUnitCore.run(Computer,Class[]) at line 66,
                     Request Request.classes(Computer,Class[]) at line 109,
                     Runner Computer.getSuite(RunnerBuilder,Class[]) at line 77,
                     Computer$2.&lt;init&gt;(Computer,RunnerBuilder,Class[]) at line 28,
                     Suite.&lt;init&gt;(RunnerBuilder,Class[]) at line 33,
                     Suite.&lt;init&gt;(Class,List) at line 81,
                     ParentRunner.&lt;init&gt;(Class) at line 112,
                     void ParentRunner.validate() at line 92,
                     void ParentRunner.collectInitializationErrors(List) at line 523,
                     void ParentRunner.validateClassRules(List) at line 150,
                     void RuleMemberValidator.validate(TestClass,List) at line 183,
                     void RuleMemberValidator.validateMember(FrameworkMember,List) at line 93 }},
           {elem= Access: Write to classes.ParameterizedTestTest$AssumptionInParametersMethod.assumptionFails Thread: NoThread Lock: false Pre: Unowned;
            loc= line 802; trace= { }} } 
Ownership: { n$0 -&gt; Owned,
             n$3 -&gt; Owned,
             result -&gt; Owned,
             this -&gt; OwnedIf{ 0 },
             *n$0[_] -&gt; Owned } 
Attributes: { classes.ParameterizedTestTest$AssumptionInParametersMethod.assumptionFails -&gt; Functional,
              *n$0[_] -&gt; Functional } 




INSTR=  n$6 := boolean Result.wasSuccessful()({ result }) [line 804]; 

STATE:
Threads: NoThread, Locks: 0 
Accesses { {elem= Access: Read of model.TestClass.FIELD_COMPARATOR Thread: NoThread Lock: false Pre: Unowned;
            loc= line 78;
            trace= { Result JUnitCore.runClasses(Class[]) at line 803,
                     Result JUnitCore.runClasses(Computer,Class[]) at line 53,
                     Result JUnitCore.run(Computer,Class[]) at line 66,
                     Request Request.classes(Computer,Class[]) at line 109,
                     Runner Computer.getSuite(RunnerBuilder,Class[]) at line 77,
                     Computer$2.&lt;init&gt;(Computer,RunnerBuilder,Class[]) at line 28,
                     Suite.&lt;init&gt;(RunnerBuilder,Class[]) at line 33,
                     Suite.&lt;init&gt;(Class,List) at line 81,
                     ParentRunner.&lt;init&gt;(Class) at line 112,
                     TestClass ParentRunner.createTestClass(Class) at line 91,
                     TestClass.&lt;init&gt;(Class) at line 111,
                     void TestClass.scanAnnotatedMembers(Map,Map) at line 57,
                     Field[] TestClass.getSortedDeclaredFields(Class) at line 70 }},
           {elem= Access: Read of lang.Void.TYPE Thread: NoThread Lock: false Pre: Unowned;
            loc= line 107;
            trace= { Result JUnitCore.runClasses(Class[]) at line 803,
                     Result JUnitCore.runClasses(Computer,Class[]) at line 53,
                     Result JUnitCore.run(Computer,Class[]) at line 66,
                     Request Request.classes(Computer,Class[]) at line 109,
                     Runner Computer.getSuite(RunnerBuilder,Class[]) at line 77,
                     Computer$2.&lt;init&gt;(Computer,RunnerBuilder,Class[]) at line 28,
                     Suite.&lt;init&gt;(RunnerBuilder,Class[]) at line 33,
                     Suite.&lt;init&gt;(Class,List) at line 81,
                     ParentRunner.&lt;init&gt;(Class) at line 112,
                     void ParentRunner.validate() at line 92,
                     void ParentRunner.collectInitializationErrors(List) at line 523,
                     void ParentRunner.validatePublicVoidNoArgMethods(Class,boolean,List) at line 148,
                     void FrameworkMethod.validatePublicVoidNoArg(boolean,List) at line 178,
                     void FrameworkMethod.validatePublicVoid(boolean,List) at line 83 }},
           {elem= Access: Read of runners.ParentRunner.VALIDATORS Thread: NoThread Lock: false Pre: Unowned;
            loc= line 156;
            trace= { Result JUnitCore.runClasses(Class[]) at line 803,
                     Result JUnitCore.runClasses(Computer,Class[]) at line 53,
                     Result JUnitCore.run(Computer,Class[]) at line 66,
                     Request Request.classes(Computer,Class[]) at line 109,
                     Runner Computer.getSuite(RunnerBuilder,Class[]) at line 77,
                     Computer$2.&lt;init&gt;(Computer,RunnerBuilder,Class[]) at line 28,
                     Suite.&lt;init&gt;(RunnerBuilder,Class[]) at line 33,
                     Suite.&lt;init&gt;(Class,List) at line 81,
                     ParentRunner.&lt;init&gt;(Class) at line 112,
                     void ParentRunner.validate() at line 92,
                     void ParentRunner.collectInitializationErrors(List) at line 523,
                     void ParentRunner.applyValidators(List) at line 151 }},
           {elem= Access: Read of internal.MethodSorter.DEFAULT Thread: NoThread Lock: false Pre: Unowned;
            loc= line 67;
            trace= { Result JUnitCore.runClasses(Class[]) at line 803,
                     Result JUnitCore.runClasses(Computer,Class[]) at line 53,
                     Result JUnitCore.run(Computer,Class[]) at line 66,
                     Request Request.classes(Computer,Class[]) at line 109,
                     Runner Computer.getSuite(RunnerBuilder,Class[]) at line 77,
                     Computer$2.&lt;init&gt;(Computer,RunnerBuilder,Class[]) at line 28,
                     Suite.&lt;init&gt;(RunnerBuilder,Class[]) at line 33,
                     Suite.&lt;init&gt;(Class,List) at line 81,
                     ParentRunner.&lt;init&gt;(Class) at line 112,
                     TestClass ParentRunner.createTestClass(Class) at line 91,
                     TestClass.&lt;init&gt;(Class) at line 111,
                     void TestClass.scanAnnotatedMembers(Map,Map) at line 57,
                     Method[] MethodSorter.getDeclaredMethods(Class) at line 65,
                     Comparator MethodSorter.getSorter(FixMethodOrder) at line 52 }},
           {elem= Access: Read of rules.RuleMemberValidator.CLASS_RULE_METHOD_VALIDATOR Thread: NoThread Lock: false Pre: Unowned;
            loc= line 184;
            trace= { Result JUnitCore.runClasses(Class[]) at line 803,
                     Result JUnitCore.runClasses(Computer,Class[]) at line 53,
                     Result JUnitCore.run(Computer,Class[]) at line 66,
                     Request Request.classes(Computer,Class[]) at line 109,
                     Runner Computer.getSuite(RunnerBuilder,Class[]) at line 77,
                     Computer$2.&lt;init&gt;(Computer,RunnerBuilder,Class[]) at line 28,
                     Suite.&lt;init&gt;(RunnerBuilder,Class[]) at line 33,
                     Suite.&lt;init&gt;(Class,List) at line 81,
                     ParentRunner.&lt;init&gt;(Class) at line 112,
                     void ParentRunner.validate() at line 92,
                     void ParentRunner.collectInitializationErrors(List) at line 523,
                     void ParentRunner.validateClassRules(List) at line 150 }},
           {elem= Access: Read of rules.RuleMemberValidator.CLASS_RULE_VALIDATOR Thread: NoThread Lock: false Pre: Unowned;
            loc= line 183;
            trace= { Result JUnitCore.runClasses(Class[]) at line 803,
                     Result JUnitCore.runClasses(Computer,Class[]) at line 53,
                     Result JUnitCore.run(Computer,Class[]) at line 66,
                     Request Request.classes(Computer,Class[]) at line 109,
                     Runner Computer.getSuite(RunnerBuilder,Class[]) at line 77,
                     Computer$2.&lt;init&gt;(Computer,RunnerBuilder,Class[]) at line 28,
                     Suite.&lt;init&gt;(RunnerBuilder,Class[]) at line 33,
                     Suite.&lt;init&gt;(Class,List) at line 81,
                     ParentRunner.&lt;init&gt;(Class) at line 112,
                     void ParentRunner.validate() at line 92,
                     void ParentRunner.collectInitializationErrors(List) at line 523,
                     void ParentRunner.validateClassRules(List) at line 150 }},
           {elem= Access: Read of rules.RuleMemberValidator.CLASS_RULE_METHOD_VALIDATOR-&gt;annotation Thread: NoThread Lock: false Pre: Unowned;
            loc= line 89;
            trace= { Result JUnitCore.runClasses(Class[]) at line 803,
                     Result JUnitCore.runClasses(Computer,Class[]) at line 53,
                     Result JUnitCore.run(Computer,Class[]) at line 66,
                     Request Request.classes(Computer,Class[]) at line 109,
                     Runner Computer.getSuite(RunnerBuilder,Class[]) at line 77,
                     Computer$2.&lt;init&gt;(Computer,RunnerBuilder,Class[]) at line 28,
                     Suite.&lt;init&gt;(RunnerBuilder,Class[]) at line 33,
                     Suite.&lt;init&gt;(Class,List) at line 81,
                     ParentRunner.&lt;init&gt;(Class) at line 112,
                     void ParentRunner.validate() at line 92,
                     void ParentRunner.collectInitializationErrors(List) at line 523,
                     void ParentRunner.validateClassRules(List) at line 150,
                     void RuleMemberValidator.validate(TestClass,List) at line 184 }},
           {elem= Access: Read of rules.RuleMemberValidator.CLASS_RULE_METHOD_VALIDATOR-&gt;methods Thread: NoThread Lock: false Pre: Unowned;
            loc= line 89;
            trace= { Result JUnitCore.runClasses(Class[]) at line 803,
                     Result JUnitCore.runClasses(Computer,Class[]) at line 53,
                     Result JUnitCore.run(Computer,Class[]) at line 66,
                     Request Request.classes(Computer,Class[]) at line 109,
                     Runner Computer.getSuite(RunnerBuilder,Class[]) at line 77,
                     Computer$2.&lt;init&gt;(Computer,RunnerBuilder,Class[]) at line 28,
                     Suite.&lt;init&gt;(RunnerBuilder,Class[]) at line 33,
                     Suite.&lt;init&gt;(Class,List) at line 81,
                     ParentRunner.&lt;init&gt;(Class) at line 112,
                     void ParentRunner.validate() at line 92,
                     void ParentRunner.collectInitializationErrors(List) at line 523,
                     void ParentRunner.validateClassRules(List) at line 150,
                     void RuleMemberValidator.validate(TestClass,List) at line 184 }},
           {elem= Access: Read of rules.RuleMemberValidator.CLASS_RULE_METHOD_VALIDATOR-&gt;validatorStrategies Thread: NoThread Lock: false Pre: Unowned;
            loc= line 98;
            trace= { Result JUnitCore.runClasses(Class[]) at line 803,
                     Result JUnitCore.runClasses(Computer,Class[]) at line 53,
                     Result JUnitCore.run(Computer,Class[]) at line 66,
                     Request Request.classes(Computer,Class[]) at line 109,
                     Runner Computer.getSuite(RunnerBuilder,Class[]) at line 77,
                     Computer$2.&lt;init&gt;(Computer,RunnerBuilder,Class[]) at line 28,
                     Suite.&lt;init&gt;(RunnerBuilder,Class[]) at line 33,
                     Suite.&lt;init&gt;(Class,List) at line 81,
                     ParentRunner.&lt;init&gt;(Class) at line 112,
                     void ParentRunner.validate() at line 92,
                     void ParentRunner.collectInitializationErrors(List) at line 523,
                     void ParentRunner.validateClassRules(List) at line 150,
                     void RuleMemberValidator.validate(TestClass,List) at line 184,
                     void RuleMemberValidator.validateMember(FrameworkMember,List) at line 93 }},
           {elem= Access: Read of rules.RuleMemberValidator.CLASS_RULE_VALIDATOR-&gt;annotation Thread: NoThread Lock: false Pre: Unowned;
            loc= line 89;
            trace= { Result JUnitCore.runClasses(Class[]) at line 803,
                     Result JUnitCore.runClasses(Computer,Class[]) at line 53,
                     Result JUnitCore.run(Computer,Class[]) at line 66,
                     Request Request.classes(Computer,Class[]) at line 109,
                     Runner Computer.getSuite(RunnerBuilder,Class[]) at line 77,
                     Computer$2.&lt;init&gt;(Computer,RunnerBuilder,Class[]) at line 28,
                     Suite.&lt;init&gt;(RunnerBuilder,Class[]) at line 33,
                     Suite.&lt;init&gt;(Class,List) at line 81,
                     ParentRunner.&lt;init&gt;(Class) at line 112,
                     void ParentRunner.validate() at line 92,
                     void ParentRunner.collectInitializationErrors(List) at line 523,
                     void ParentRunner.validateClassRules(List) at line 150,
                     void RuleMemberValidator.validate(TestClass,List) at line 183 }},
           {elem= Access: Read of rules.RuleMemberValidator.CLASS_RULE_VALIDATOR-&gt;methods Thread: NoThread Lock: false Pre: Unowned;
            loc= line 89;
            trace= { Result JUnitCore.runClasses(Class[]) at line 803,
                     Result JUnitCore.runClasses(Computer,Class[]) at line 53,
                     Result JUnitCore.run(Computer,Class[]) at line 66,
                     Request Request.classes(Computer,Class[]) at line 109,
                     Runner Computer.getSuite(RunnerBuilder,Class[]) at line 77,
                     Computer$2.&lt;init&gt;(Computer,RunnerBuilder,Class[]) at line 28,
                     Suite.&lt;init&gt;(RunnerBuilder,Class[]) at line 33,
                     Suite.&lt;init&gt;(Class,List) at line 81,
                     ParentRunner.&lt;init&gt;(Class) at line 112,
                     void ParentRunner.validate() at line 92,
                     void ParentRunner.collectInitializationErrors(List) at line 523,
                     void ParentRunner.validateClassRules(List) at line 150,
                     void RuleMemberValidator.validate(TestClass,List) at line 183 }},
           {elem= Access: Read of rules.RuleMemberValidator.CLASS_RULE_VALIDATOR-&gt;validatorStrategies Thread: NoThread Lock: false Pre: Unowned;
            loc= line 98;
            trace= { Result JUnitCore.runClasses(Class[]) at line 803,
                     Result JUnitCore.runClasses(Computer,Class[]) at line 53,
                     Result JUnitCore.run(Computer,Class[]) at line 66,
                     Request Request.classes(Computer,Class[]) at line 109,
                     Runner Computer.getSuite(RunnerBuilder,Class[]) at line 77,
                     Computer$2.&lt;init&gt;(Computer,RunnerBuilder,Class[]) at line 28,
                     Suite.&lt;init&gt;(RunnerBuilder,Class[]) at line 33,
                     Suite.&lt;init&gt;(Class,List) at line 81,
                     ParentRunner.&lt;init&gt;(Class) at line 112,
                     void ParentRunner.validate() at line 92,
                     void ParentRunner.collectInitializationErrors(List) at line 523,
                     void ParentRunner.validateClassRules(List) at line 150,
                     void RuleMemberValidator.validate(TestClass,List) at line 183,
                     void RuleMemberValidator.validateMember(FrameworkMember,List) at line 93 }},
           {elem= Access: Write to classes.ParameterizedTestTest$AssumptionInParametersMethod.assumptionFails Thread: NoThread Lock: false Pre: Unowned;
            loc= line 802; trace= { }} } 
Ownership: { n$0 -&gt; Owned,
             n$3 -&gt; Owned,
             n$6 -&gt; Owned,
             result -&gt; Owned,
             this -&gt; OwnedIf{ 0 },
             *n$0[_] -&gt; Owned } 
Attributes: { n$6 -&gt; Functional,
              classes.ParameterizedTestTest$AssumptionInParametersMethod.assumptionFails -&gt; Functional,
              *n$0[_] -&gt; Functional } 




</LISTING>
<hr width="100%">
<a name="session64" href="./../nodes/org.junit.tests.running.classes.ParameterizedTestTest.testsAreNotExecutedWhenAssumptionInParametersM.b657b99f7ae2df0c628964aeb6f4e60d_node8.html#session64">node8#session64</a>(<a href="./../../ParameterizedTestTest.java.88da44e98279dfa32c0c7e5c52f053d0.html#LINE804">804</a>) biabduction
<LISTING class='color_black'>**** [FP:Pending] void ParameterizedTestTest.testsAreNotExecutedWhenAssumptionInParametersMethodFails() Node: 8, Procedure: void ParameterizedTestTest.testsAreNotExecutedWhenAssumptionInParametersMethodFails(), Todo: 1 ****
  PROP 1 of 1:
  <span class='color_blue'><span class='color_red'>MEMna &lt; new[]:803 &gt; <span class='color_orange'>{vpath: }</span>(_t$6)</span>; <span class='color_red'>UND &lt; Result JUnitCore.runClasses(Computer,Class[]) &gt; :53(result)</span> ;
  <span class='color_red'>result = _t$5<span class='color_orange'>update:803</span>:org.junit.runner.Result*</span>; <span class='color_red'>$irvar3 = _t$4<span class='color_orange'>initial</span>:void</span>; <span class='color_red'>#GB<>$org.junit.tests.running.classes.ParameterizedTestTest$AssumptionInParametersMethod = {assumptionFails:1<span class='color_orange'>update:802</span>}<span class='color_orange'>rearrange:802</span>:org.junit.tests.running.classes.ParameterizedTestTest$AssumptionInParametersMethod( sub )</span>; <span class='color_red'>$irvar4 = _t$3<span class='color_orange'>initial</span>:void</span>; <span class='color_red'>$irvar0 = 0<span class='color_orange'>nullify</span>:void</span>; <span class='color_red'>return = _t$2<span class='color_orange'>initial</span>:void</span>; <span class='color_red'>$irvar1 = _t$1<span class='color_orange'>initial</span>:void</span>; <span class='color_red'>$irvar2 = _t$0<span class='color_orange'>initial</span>:void</span>; <span class='color_red'>this = @f$0<span class='color_orange'>formal</span>:org.junit.tests.running.classes.ParameterizedTestTest*( sub )</span>; <span class='color_red'>old_this = @f$0<span class='color_orange'>formal</span>:org.junit.tests.running.classes.ParameterizedTestTest*( sub )</span>
  [footprint
     <span class='color_red'>#GB<>$org.junit.tests.running.classes.ParameterizedTestTest$AssumptionInParametersMethod = {assumptionFails:@f$1<span class='color_orange'>rearrange:802</span>}<span class='color_orange'>rearrange:802</span>:org.junit.tests.running.classes.ParameterizedTestTest$AssumptionInParametersMethod( sub )</span>; <span class='color_red'>this = @f$0<span class='color_orange'>formal</span>:org.junit.tests.running.classes.ParameterizedTestTest*( sub )</span>  ]</span>
  .... Instructions: ....
  <span class='color_green'>n$4=*&amp;result:org.junit.runner.Result* [line 804];
  _=*n$4:org.junit.runner.Result*(root org.junit.runner.Result) [line 804];
  n$6=_fun_boolean Result.wasSuccessful()(n$4:org.junit.runner.Result*) virtual [line 804];
  *&amp;$irvar1:_Bool=n$6 [line 804];
  EXIT_SCOPE(_,n$4,n$6); [line 804];
  </span>
  
  Processing prop 1/1
    Instruction <span class='color_green'>n$4=*&amp;result:org.junit.runner.Result* [line 804]</span>
    in vpath_find exp:n$59
    vpath_find: cannot find n$59
    .... Rearrangement Start ....
    Exp: &amp;result
    Prop:
    <span class='color_blue'>MEMna &lt; new[]:803 &gt; <span class='color_orange'>{vpath: }</span>(n$59); UND &lt; Result JUnitCore.runClasses(Computer,Class[]) &gt; :53(result) ;
    result = n$53<span class='color_orange'>update:803</span>:org.junit.runner.Result*; $irvar3 = n$54<span class='color_orange'>initial</span>:void; #GB<>$org.junit.tests.running.classes.ParameterizedTestTest$AssumptionInParametersMethod = {assumptionFails:1<span class='color_orange'>update:802</span>}<span class='color_orange'>rearrange:802</span>:org.junit.tests.running.classes.ParameterizedTestTest$AssumptionInParametersMethod( sub ); $irvar4 = n$55<span class='color_orange'>initial</span>:void; $irvar0 = 0<span class='color_orange'>nullify</span>:void; return = n$56<span class='color_orange'>initial</span>:void; $irvar1 = n$57<span class='color_orange'>initial</span>:void; $irvar2 = n$58<span class='color_orange'>initial</span>:void; this = @f$0<span class='color_orange'>formal</span>:org.junit.tests.running.classes.ParameterizedTestTest*( sub ); old_this = @f$0<span class='color_orange'>formal</span>:org.junit.tests.running.classes.ParameterizedTestTest*( sub )
    [footprint
       #GB<>$org.junit.tests.running.classes.ParameterizedTestTest$AssumptionInParametersMethod = {assumptionFails:@f$1<span class='color_orange'>rearrange:802</span>}<span class='color_orange'>rearrange:802</span>:org.junit.tests.running.classes.ParameterizedTestTest$AssumptionInParametersMethod( sub ); this = @f$0<span class='color_orange'>formal</span>:org.junit.tests.running.classes.ParameterizedTestTest*( sub )  ]</span>
    
    in prop_iter_extend_ptsto lexp: &amp;result
    prop before:
    <span class='color_blue'>MEMna &lt; new[]:803 &gt; <span class='color_orange'>{vpath: }</span>(n$59); UND &lt; Result JUnitCore.runClasses(Computer,Class[]) &gt; :53(result) ;
    result = n$53<span class='color_orange'>update:803</span>:org.junit.runner.Result*; $irvar3 = n$54<span class='color_orange'>initial</span>:void; #GB<>$org.junit.tests.running.classes.ParameterizedTestTest$AssumptionInParametersMethod = {assumptionFails:1<span class='color_orange'>update:802</span>}<span class='color_orange'>rearrange:802</span>:org.junit.tests.running.classes.ParameterizedTestTest$AssumptionInParametersMethod( sub ); $irvar4 = n$55<span class='color_orange'>initial</span>:void; $irvar0 = 0<span class='color_orange'>nullify</span>:void; return = n$56<span class='color_orange'>initial</span>:void; $irvar1 = n$57<span class='color_orange'>initial</span>:void; $irvar2 = n$58<span class='color_orange'>initial</span>:void; this = @f$0<span class='color_orange'>formal</span>:org.junit.tests.running.classes.ParameterizedTestTest*( sub ); old_this = @f$0<span class='color_orange'>formal</span>:org.junit.tests.running.classes.ParameterizedTestTest*( sub )
    [footprint
       #GB<>$org.junit.tests.running.classes.ParameterizedTestTest$AssumptionInParametersMethod = {assumptionFails:@f$1<span class='color_orange'>rearrange:802</span>}<span class='color_orange'>rearrange:802</span>:org.junit.tests.running.classes.ParameterizedTestTest$AssumptionInParametersMethod( sub ); this = @f$0<span class='color_orange'>formal</span>:org.junit.tests.running.classes.ParameterizedTestTest*( sub )  ]</span>
    
    
    prop list after:
    PROP 1 of 1:
    <span class='color_blue'><span class='color_blue'>MEMna &lt; new[]:803 &gt; <span class='color_orange'>{vpath: }</span>(n$59)</span>; <span class='color_blue'>UND &lt; Result JUnitCore.runClasses(Computer,Class[]) &gt; :53(result)</span> ;
    <span class='color_blue'>result = n$53<span class='color_orange'>update:803</span>:org.junit.runner.Result*</span>; <span class='color_blue'>$irvar3 = n$54<span class='color_orange'>initial</span>:void</span>; <span class='color_blue'>#GB<>$org.junit.tests.running.classes.ParameterizedTestTest$AssumptionInParametersMethod = {assumptionFails:1<span class='color_orange'>update:802</span>}<span class='color_orange'>rearrange:802</span>:org.junit.tests.running.classes.ParameterizedTestTest$AssumptionInParametersMethod( sub )</span>; <span class='color_blue'>$irvar4 = n$55<span class='color_orange'>initial</span>:void</span>; <span class='color_blue'>$irvar0 = 0<span class='color_orange'>nullify</span>:void</span>; <span class='color_blue'>return = n$56<span class='color_orange'>initial</span>:void</span>; <span class='color_blue'>$irvar1 = n$57<span class='color_orange'>initial</span>:void</span>; <span class='color_blue'>$irvar2 = n$58<span class='color_orange'>initial</span>:void</span>; <span class='color_blue'>this = @f$0<span class='color_orange'>formal</span>:org.junit.tests.running.classes.ParameterizedTestTest*( sub )</span>; <span class='color_blue'>old_this = @f$0<span class='color_orange'>formal</span>:org.junit.tests.running.classes.ParameterizedTestTest*( sub )</span>
    [footprint
       <span class='color_blue'>#GB<>$org.junit.tests.running.classes.ParameterizedTestTest$AssumptionInParametersMethod = {assumptionFails:@f$1<span class='color_orange'>rearrange:802</span>}<span class='color_orange'>rearrange:802</span>:org.junit.tests.running.classes.ParameterizedTestTest$AssumptionInParametersMethod( sub )</span>; <span class='color_blue'>this = @f$0<span class='color_orange'>formal</span>:org.junit.tests.running.classes.ParameterizedTestTest*( sub )</span>  ]</span>
    
    
    
    Instruction Returns
    PROP 1 of 1:
    <span class='color_blue'><span class='color_blue'>MEMna &lt; new[]:803 &gt; <span class='color_orange'>{vpath: }</span>(_t$5)</span>; <span class='color_red'>UND &lt; Result JUnitCore.runClasses(Computer,Class[]) &gt; :53(result)</span> ;
    <span class='color_blue'>result = <span class='color_red'>n$4<span class='color_orange'>update:803</span></span>:org.junit.runner.Result*</span>; <span class='color_blue'>$irvar3 = _t$4<span class='color_orange'>initial</span>:void</span>; <span class='color_blue'>#GB<>$org.junit.tests.running.classes.ParameterizedTestTest$AssumptionInParametersMethod = {assumptionFails:1<span class='color_orange'>update:802</span>}<span class='color_orange'>rearrange:802</span>:org.junit.tests.running.classes.ParameterizedTestTest$AssumptionInParametersMethod( sub )</span>; <span class='color_blue'>$irvar4 = _t$3<span class='color_orange'>initial</span>:void</span>; <span class='color_blue'>$irvar0 = 0<span class='color_orange'>nullify</span>:void</span>; <span class='color_blue'>return = _t$2<span class='color_orange'>initial</span>:void</span>; <span class='color_blue'>$irvar1 = _t$1<span class='color_orange'>initial</span>:void</span>; <span class='color_blue'>$irvar2 = _t$0<span class='color_orange'>initial</span>:void</span>; <span class='color_blue'>this = @f$0<span class='color_orange'>formal</span>:org.junit.tests.running.classes.ParameterizedTestTest*( sub )</span>; <span class='color_blue'>old_this = @f$0<span class='color_orange'>formal</span>:org.junit.tests.running.classes.ParameterizedTestTest*( sub )</span>
    [footprint
       <span class='color_blue'>#GB<>$org.junit.tests.running.classes.ParameterizedTestTest$AssumptionInParametersMethod = {assumptionFails:@f$1<span class='color_orange'>rearrange:802</span>}<span class='color_orange'>rearrange:802</span>:org.junit.tests.running.classes.ParameterizedTestTest$AssumptionInParametersMethod( sub )</span>; <span class='color_blue'>this = @f$0<span class='color_orange'>formal</span>:org.junit.tests.running.classes.ParameterizedTestTest*( sub )</span>  ]</span>
    
    Instruction <span class='color_green'>_=*n$4:org.junit.runner.Result*(root org.junit.runner.Result) [line 804]</span>
    in vpath_find exp:n$65
    vpath_find: cannot find n$65
    .... Rearrangement Start ....
    Exp: n$4
    Prop:
    <span class='color_blue'>MEMna &lt; new[]:803 &gt; <span class='color_orange'>{vpath: }</span>(n$65); UND &lt; Result JUnitCore.runClasses(Computer,Class[]) &gt; :53(result) ;
    result = n$4<span class='color_orange'>update:803</span>:org.junit.runner.Result*; $irvar3 = n$60<span class='color_orange'>initial</span>:void; #GB<>$org.junit.tests.running.classes.ParameterizedTestTest$AssumptionInParametersMethod = {assumptionFails:1<span class='color_orange'>update:802</span>}<span class='color_orange'>rearrange:802</span>:org.junit.tests.running.classes.ParameterizedTestTest$AssumptionInParametersMethod( sub ); $irvar4 = n$61<span class='color_orange'>initial</span>:void; $irvar0 = 0<span class='color_orange'>nullify</span>:void; return = n$62<span class='color_orange'>initial</span>:void; $irvar1 = n$63<span class='color_orange'>initial</span>:void; $irvar2 = n$64<span class='color_orange'>initial</span>:void; this = @f$0<span class='color_orange'>formal</span>:org.junit.tests.running.classes.ParameterizedTestTest*( sub ); old_this = @f$0<span class='color_orange'>formal</span>:org.junit.tests.running.classes.ParameterizedTestTest*( sub )
    [footprint
       #GB<>$org.junit.tests.running.classes.ParameterizedTestTest$AssumptionInParametersMethod = {assumptionFails:@f$1<span class='color_orange'>rearrange:802</span>}<span class='color_orange'>rearrange:802</span>:org.junit.tests.running.classes.ParameterizedTestTest$AssumptionInParametersMethod( sub ); this = @f$0<span class='color_orange'>formal</span>:org.junit.tests.running.classes.ParameterizedTestTest*( sub )  ]</span>
    
    ++++ Adding footprint frame
    <span class='color_blue'>n$4|->{}<span class='color_orange'>rearrange:(z)804</span>:org.junit.runner.Result( sub )</span>
    
    Instruction Returns
    PROP 1 of 1:
    <span class='color_blue'><span class='color_blue'>MEMna &lt; new[]:803 &gt; <span class='color_orange'>{vpath: }</span>(_t$5)</span>; <span class='color_blue'>UND &lt; Result JUnitCore.runClasses(Computer,Class[]) &gt; :53(result)</span> ;
    <span class='color_blue'>result = n$4<span class='color_orange'>update:803</span>:org.junit.runner.Result*</span>; <span class='color_blue'>$irvar3 = _t$4<span class='color_orange'>initial</span>:void</span>; <span class='color_blue'>#GB<>$org.junit.tests.running.classes.ParameterizedTestTest$AssumptionInParametersMethod = {assumptionFails:1<span class='color_orange'>update:802</span>}<span class='color_orange'>rearrange:802</span>:org.junit.tests.running.classes.ParameterizedTestTest$AssumptionInParametersMethod( sub )</span>; <span class='color_blue'>$irvar4 = _t$3<span class='color_orange'>initial</span>:void</span>; <span class='color_blue'>$irvar0 = 0<span class='color_orange'>nullify</span>:void</span>; <span class='color_blue'>return = _t$2<span class='color_orange'>initial</span>:void</span>; <span class='color_blue'>$irvar1 = _t$1<span class='color_orange'>initial</span>:void</span>; <span class='color_blue'>$irvar2 = _t$0<span class='color_orange'>initial</span>:void</span>; <span class='color_blue'>this = @f$0<span class='color_orange'>formal</span>:org.junit.tests.running.classes.ParameterizedTestTest*( sub )</span>; <span class='color_blue'>old_this = @f$0<span class='color_orange'>formal</span>:org.junit.tests.running.classes.ParameterizedTestTest*( sub )</span> ;
    <span class='color_red'>result|->{}<span class='color_orange'>rearrange:(z)804</span>:org.junit.runner.Result( sub )</span>
    [footprint
       <span class='color_blue'>#GB<>$org.junit.tests.running.classes.ParameterizedTestTest$AssumptionInParametersMethod = {assumptionFails:@f$1<span class='color_orange'>rearrange:802</span>}<span class='color_orange'>rearrange:802</span>:org.junit.tests.running.classes.ParameterizedTestTest$AssumptionInParametersMethod( sub )</span>; <span class='color_blue'>this = @f$0<span class='color_orange'>formal</span>:org.junit.tests.running.classes.ParameterizedTestTest*( sub )</span> ;
       <span class='color_red'>result|->{}<span class='color_orange'>rearrange:(z)804</span>:org.junit.runner.Result( sub )</span>  ]</span>
    
    Instruction <span class='color_green'>n$6=_fun_boolean Result.wasSuccessful()(n$4:org.junit.runner.Result*) virtual [line 804]</span>
    in vpath_find exp:n$71
    vpath_find: cannot find n$71
    Found 1 specs for function org.junit.runner.Result.wasSuccessful():boolean
    START EXECUTING SPECS FOR org.junit.runner.Result.wasSuccessful():boolean from state
    <span class='color_blue'>MEMna &lt; new[]:803 &gt; <span class='color_orange'>{vpath: }</span>(n$71); UND &lt; Result JUnitCore.runClasses(Computer,Class[]) &gt; :53(result) ;
    result = n$4<span class='color_orange'>update:803</span>:org.junit.runner.Result*; $irvar3 = n$66<span class='color_orange'>initial</span>:void; #GB<>$org.junit.tests.running.classes.ParameterizedTestTest$AssumptionInParametersMethod = {assumptionFails:1<span class='color_orange'>update:802</span>}<span class='color_orange'>rearrange:802</span>:org.junit.tests.running.classes.ParameterizedTestTest$AssumptionInParametersMethod( sub ); $irvar4 = n$67<span class='color_orange'>initial</span>:void; $irvar0 = 0<span class='color_orange'>nullify</span>:void; return = n$68<span class='color_orange'>initial</span>:void; $irvar1 = n$69<span class='color_orange'>initial</span>:void; $irvar2 = n$70<span class='color_orange'>initial</span>:void; this = @f$0<span class='color_orange'>formal</span>:org.junit.tests.running.classes.ParameterizedTestTest*( sub ); old_this = @f$0<span class='color_orange'>formal</span>:org.junit.tests.running.classes.ParameterizedTestTest*( sub ) ;
    result|->{}<span class='color_orange'>rearrange:(z)804</span>:org.junit.runner.Result( sub )
    [footprint
       #GB<>$org.junit.tests.running.classes.ParameterizedTestTest$AssumptionInParametersMethod = {assumptionFails:@f$1<span class='color_orange'>rearrange:802</span>}<span class='color_orange'>rearrange:802</span>:org.junit.tests.running.classes.ParameterizedTestTest$AssumptionInParametersMethod( sub ); this = @f$0<span class='color_orange'>formal</span>:org.junit.tests.running.classes.ParameterizedTestTest*( sub ) ;
       result|->{}<span class='color_orange'>rearrange:(z)804</span>:org.junit.runner.Result( sub )  ]</span>
    EXECUTING SPEC 1/1
    ACTUAL PRECONDITION =
      <span class='color_blue'>MEMna &lt; new[]:803 &gt; <span class='color_orange'>{vpath: }</span>(n$71); UND &lt; Result JUnitCore.runClasses(Computer,Class[]) &gt; :53(this|callee) ;
      result = n$4<span class='color_orange'>update:803</span>:org.junit.runner.Result*; $irvar3 = n$66<span class='color_orange'>initial</span>:void; #GB<>$org.junit.tests.running.classes.ParameterizedTestTest$AssumptionInParametersMethod = {assumptionFails:1<span class='color_orange'>update:802</span>}<span class='color_orange'>rearrange:802</span>:org.junit.tests.running.classes.ParameterizedTestTest$AssumptionInParametersMethod( sub ); $irvar4 = n$67<span class='color_orange'>initial</span>:void; $irvar0 = 0<span class='color_orange'>nullify</span>:void; return = n$68<span class='color_orange'>initial</span>:void; $irvar1 = n$69<span class='color_orange'>initial</span>:void; $irvar2 = n$70<span class='color_orange'>initial</span>:void; this = @f$0<span class='color_orange'>formal</span>:org.junit.tests.running.classes.ParameterizedTestTest*( sub ); this|callee = n$4<span class='color_orange'>actual_precondition</span>:org.junit.runner.Result*; old_this = @f$0<span class='color_orange'>formal</span>:org.junit.tests.running.classes.ParameterizedTestTest*( sub ) ;
      this|callee|->{}<span class='color_orange'>rearrange:(z)804</span>:org.junit.runner.Result( sub )
      [footprint
         #GB<>$org.junit.tests.running.classes.ParameterizedTestTest$AssumptionInParametersMethod = {assumptionFails:@f$1<span class='color_orange'>rearrange:802</span>}<span class='color_orange'>rearrange:802</span>:org.junit.tests.running.classes.ParameterizedTestTest$AssumptionInParametersMethod( sub ); this = @f$0<span class='color_orange'>formal</span>:org.junit.tests.running.classes.ParameterizedTestTest*( sub ) ;
         this|callee|->{}<span class='color_orange'>rearrange:(z)804</span>:org.junit.runner.Result( sub )  ]</span>
    SPEC =
      --------------------------- ---------- ---------------------------
      PRE:
      <span class='color_blue'><span class='color_blue'>this|callee = _t$86<span class='color_orange'>formal</span>:org.junit.runner.Result*( sub ) ;
      _t$85|->{}<span class='color_orange'>rearrange:(z)68</span>:java.util.concurrent.CopyOnWriteArrayList( sub ); this|callee|->{failures:_t$85<span class='color_orange'>rearrange:(z)68</span>}<span class='color_orange'>rearrange:(z)110</span>:org.junit.runner.Result( sub )</span></span>
      POST 1 of 2:
      <span class='color_blue'><span class='color_red'>return|callee = 0<span class='color_orange'>update:110</span>:_Bool</span> ;
      _t$85|->{}<span class='color_orange'>formal(z)</span>:java.util.concurrent.CopyOnWriteArrayList( sub ); this|callee|->{failures:_t$85<span class='color_orange'>formal(z)</span>}<span class='color_orange'>formal(z)</span>:org.junit.runner.Result( sub )</span>
      POST 2 of 2:
      <span class='color_blue'><span class='color_red'>return|callee = 1<span class='color_orange'>update:110</span>:_Bool</span> ;
      _t$85|->{}<span class='color_orange'>formal(z)</span>:java.util.concurrent.CopyOnWriteArrayList( sub ); this|callee|->{failures:_t$85<span class='color_orange'>formal(z)</span>}<span class='color_orange'>formal(z)</span>:org.junit.runner.Result( sub )</span>
      ----------------------------------------------------------------
    pre_check_pure_implication
    pi1:
      MEMna &lt; new[]:803 &gt; <span class='color_orange'>{vpath: }</span>(n$71); UND &lt; Result JUnitCore.runClasses(Computer,Class[]) &gt; :53(n$4)
    pi2:
      
    returns
    sub1:
      
    sub2:
      
    Current Implication
    SUB:
      
    <span class='color_blue'>MEMna &lt; new[]:803 &gt; <span class='color_orange'>{vpath: }</span>(n$71); UND &lt; Result JUnitCore.runClasses(Computer,Class[]) &gt; :53(this|callee) ;
    result = n$4<span class='color_orange'>update:803</span>:org.junit.runner.Result*; $irvar3 = n$66<span class='color_orange'>initial</span>:void; #GB<>$org.junit.tests.running.classes.ParameterizedTestTest$AssumptionInParametersMethod = {assumptionFails:1<span class='color_orange'>update:802</span>}<span class='color_orange'>rearrange:802</span>:org.junit.tests.running.classes.ParameterizedTestTest$AssumptionInParametersMethod( sub ); $irvar4 = n$67<span class='color_orange'>initial</span>:void; $irvar0 = 0<span class='color_orange'>nullify</span>:void; return = n$68<span class='color_orange'>initial</span>:void; $irvar1 = n$69<span class='color_orange'>initial</span>:void; $irvar2 = n$70<span class='color_orange'>initial</span>:void; this = @f$0<span class='color_orange'>formal</span>:org.junit.tests.running.classes.ParameterizedTestTest*( sub ); this|callee = n$4<span class='color_orange'>actual_precondition</span>:org.junit.runner.Result*; old_this = @f$0<span class='color_orange'>formal</span>:org.junit.tests.running.classes.ParameterizedTestTest*( sub ) ;
    this|callee|->{}<span class='color_orange'>rearrange:(z)804</span>:org.junit.runner.Result( sub )
    [footprint
       #GB<>$org.junit.tests.running.classes.ParameterizedTestTest$AssumptionInParametersMethod = {assumptionFails:@f$1<span class='color_orange'>rearrange:802</span>}<span class='color_orange'>rearrange:802</span>:org.junit.tests.running.classes.ParameterizedTestTest$AssumptionInParametersMethod( sub ); this = @f$0<span class='color_orange'>formal</span>:org.junit.tests.running.classes.ParameterizedTestTest*( sub ) ;
       this|callee|->{}<span class='color_orange'>rearrange:(z)804</span>:org.junit.runner.Result( sub )  ]</span>
    |-
    <span class='color_blue'>this|callee = _t$86<span class='color_orange'>formal</span>:org.junit.runner.Result*( sub ) ;
    this|callee|->{failures:_t$85<span class='color_orange'>rearrange:(z)68</span>}<span class='color_orange'>rearrange:(z)110</span>:org.junit.runner.Result( sub ); _t$85|->{}<span class='color_orange'>rearrange:(z)68</span>:java.util.concurrent.CopyOnWriteArrayList( sub )</span>
    
      do_imply n$4 _t$86
        Current Implication
        SUB:
          
        <span class='color_blue'>MEMna &lt; new[]:803 &gt; <span class='color_orange'>{vpath: }</span>(n$71); UND &lt; Result JUnitCore.runClasses(Computer,Class[]) &gt; :53(result) ;
        result = n$4<span class='color_orange'>update:803</span>:org.junit.runner.Result*; $irvar3 = n$66<span class='color_orange'>initial</span>:void; #GB<>$org.junit.tests.running.classes.ParameterizedTestTest$AssumptionInParametersMethod = {assumptionFails:1<span class='color_orange'>update:802</span>}<span class='color_orange'>rearrange:802</span>:org.junit.tests.running.classes.ParameterizedTestTest$AssumptionInParametersMethod( sub ); $irvar4 = n$67<span class='color_orange'>initial</span>:void; $irvar0 = 0<span class='color_orange'>nullify</span>:void; return = n$68<span class='color_orange'>initial</span>:void; $irvar1 = n$69<span class='color_orange'>initial</span>:void; $irvar2 = n$70<span class='color_orange'>initial</span>:void; this = @f$0<span class='color_orange'>formal</span>:org.junit.tests.running.classes.ParameterizedTestTest*( sub ); old_this = @f$0<span class='color_orange'>formal</span>:org.junit.tests.running.classes.ParameterizedTestTest*( sub ) ;
        result|->{}<span class='color_orange'>rearrange:(z)804</span>:org.junit.runner.Result( sub )
        [footprint
           #GB<>$org.junit.tests.running.classes.ParameterizedTestTest$AssumptionInParametersMethod = {assumptionFails:@f$1<span class='color_orange'>rearrange:802</span>}<span class='color_orange'>rearrange:802</span>:org.junit.tests.running.classes.ParameterizedTestTest$AssumptionInParametersMethod( sub ); this = @f$0<span class='color_orange'>formal</span>:org.junit.tests.running.classes.ParameterizedTestTest*( sub ) ;
           result|->{}<span class='color_orange'>rearrange:(z)804</span>:org.junit.runner.Result( sub )  ]</span>
        [SUB: 
          _t$86 = n$4]
        |-
        <span class='color_blue'>n$4|->{failures:_t$85<span class='color_orange'>rearrange:(z)68</span>}<span class='color_orange'>rearrange:(z)110</span>:org.junit.runner.Result( sub ); _t$85|->{}<span class='color_orange'>rearrange:(z)68</span>:java.util.concurrent.CopyOnWriteArrayList( sub )</span>
        
            Current Implication
            SUB:
              
            <span class='color_blue'>MEMna &lt; new[]:803 &gt; <span class='color_orange'>{vpath: }</span>(n$71); UND &lt; Result JUnitCore.runClasses(Computer,Class[]) &gt; :53(result) ;
            result = n$4<span class='color_orange'>update:803</span>:org.junit.runner.Result*; $irvar3 = n$66<span class='color_orange'>initial</span>:void; #GB<>$org.junit.tests.running.classes.ParameterizedTestTest$AssumptionInParametersMethod = {assumptionFails:1<span class='color_orange'>update:802</span>}<span class='color_orange'>rearrange:802</span>:org.junit.tests.running.classes.ParameterizedTestTest$AssumptionInParametersMethod( sub ); $irvar4 = n$67<span class='color_orange'>initial</span>:void; $irvar0 = 0<span class='color_orange'>nullify</span>:void; return = n$68<span class='color_orange'>initial</span>:void; $irvar1 = n$69<span class='color_orange'>initial</span>:void; $irvar2 = n$70<span class='color_orange'>initial</span>:void; this = @f$0<span class='color_orange'>formal</span>:org.junit.tests.running.classes.ParameterizedTestTest*( sub ); old_this = @f$0<span class='color_orange'>formal</span>:org.junit.tests.running.classes.ParameterizedTestTest*( sub )
            [footprint
               #GB<>$org.junit.tests.running.classes.ParameterizedTestTest$AssumptionInParametersMethod = {assumptionFails:@f$1<span class='color_orange'>rearrange:802</span>}<span class='color_orange'>rearrange:802</span>:org.junit.tests.running.classes.ParameterizedTestTest$AssumptionInParametersMethod( sub ); this = @f$0<span class='color_orange'>formal</span>:org.junit.tests.running.classes.ParameterizedTestTest*( sub ) ;
               result|->{}<span class='color_orange'>rearrange:(z)804</span>:org.junit.runner.Result( sub )  ]</span>
            [SUB: 
              _t$85 = @f$2; _t$86 = n$4
            MISSING FLD:
              n$4|->{failures:_t$85<span class='color_orange'>rearrange:(z)68</span>}<span class='color_orange'>rearrange:(z)804</span>:org.junit.runner.Result( sub )]
            |-
            <span class='color_blue'>@f$2|->{}<span class='color_orange'>rearrange:(z)68</span>:java.util.concurrent.CopyOnWriteArrayList( sub )</span>
            [FRAME TYPING:
              n$4: org.junit.runner.Result( sub ) ]
            
                Final Implication
                SUB:
                  
                <span class='color_blue'>MEMna &lt; new[]:803 &gt; <span class='color_orange'>{vpath: }</span>(n$71); UND &lt; Result JUnitCore.runClasses(Computer,Class[]) &gt; :53(result) ;
                result = n$4<span class='color_orange'>update:803</span>:org.junit.runner.Result*; $irvar3 = n$66<span class='color_orange'>initial</span>:void; #GB<>$org.junit.tests.running.classes.ParameterizedTestTest$AssumptionInParametersMethod = {assumptionFails:1<span class='color_orange'>update:802</span>}<span class='color_orange'>rearrange:802</span>:org.junit.tests.running.classes.ParameterizedTestTest$AssumptionInParametersMethod( sub ); $irvar4 = n$67<span class='color_orange'>initial</span>:void; $irvar0 = 0<span class='color_orange'>nullify</span>:void; return = n$68<span class='color_orange'>initial</span>:void; $irvar1 = n$69<span class='color_orange'>initial</span>:void; $irvar2 = n$70<span class='color_orange'>initial</span>:void; this = @f$0<span class='color_orange'>formal</span>:org.junit.tests.running.classes.ParameterizedTestTest*( sub ); old_this = @f$0<span class='color_orange'>formal</span>:org.junit.tests.running.classes.ParameterizedTestTest*( sub )
                [footprint
                   #GB<>$org.junit.tests.running.classes.ParameterizedTestTest$AssumptionInParametersMethod = {assumptionFails:@f$1<span class='color_orange'>rearrange:802</span>}<span class='color_orange'>rearrange:802</span>:org.junit.tests.running.classes.ParameterizedTestTest$AssumptionInParametersMethod( sub ); this = @f$0<span class='color_orange'>formal</span>:org.junit.tests.running.classes.ParameterizedTestTest*( sub ) ;
                   result|->{}<span class='color_orange'>rearrange:(z)804</span>:org.junit.runner.Result( sub )  ]</span>
                [SUB: 
                  _t$85 = @f$2; _t$86 = n$4
                @f$2|->{}<span class='color_orange'>rearrange:(z)68</span>:java.util.concurrent.CopyOnWriteArrayList( sub )
                MISSING FLD:
                  n$4|->{failures:_t$85<span class='color_orange'>rearrange:(z)68</span>}<span class='color_orange'>rearrange:(z)804</span>:org.junit.runner.Result( sub )]
                |-
                <span class='color_blue'></span>
                [FRAME TYPING:
                  n$4: org.junit.runner.Result( sub ) ]
    Result of Abduction
      SUB:
        
      <span class='color_blue'>MEMna &lt; new[]:803 &gt; <span class='color_orange'>{vpath: }</span>(n$71); UND &lt; Result JUnitCore.runClasses(Computer,Class[]) &gt; :53(this|callee) ;
      result = n$4<span class='color_orange'>update:803</span>:org.junit.runner.Result*; $irvar3 = n$66<span class='color_orange'>initial</span>:void; #GB<>$org.junit.tests.running.classes.ParameterizedTestTest$AssumptionInParametersMethod = {assumptionFails:1<span class='color_orange'>update:802</span>}<span class='color_orange'>rearrange:802</span>:org.junit.tests.running.classes.ParameterizedTestTest$AssumptionInParametersMethod( sub ); $irvar4 = n$67<span class='color_orange'>initial</span>:void; $irvar0 = 0<span class='color_orange'>nullify</span>:void; return = n$68<span class='color_orange'>initial</span>:void; $irvar1 = n$69<span class='color_orange'>initial</span>:void; $irvar2 = n$70<span class='color_orange'>initial</span>:void; this = @f$0<span class='color_orange'>formal</span>:org.junit.tests.running.classes.ParameterizedTestTest*( sub ); this|callee = n$4<span class='color_orange'>actual_precondition</span>:org.junit.runner.Result*; old_this = @f$0<span class='color_orange'>formal</span>:org.junit.tests.running.classes.ParameterizedTestTest*( sub ) ;
      this|callee|->{}<span class='color_orange'>rearrange:(z)804</span>:org.junit.runner.Result( sub )
      [footprint
         #GB<>$org.junit.tests.running.classes.ParameterizedTestTest$AssumptionInParametersMethod = {assumptionFails:@f$1<span class='color_orange'>rearrange:802</span>}<span class='color_orange'>rearrange:802</span>:org.junit.tests.running.classes.ParameterizedTestTest$AssumptionInParametersMethod( sub ); this = @f$0<span class='color_orange'>formal</span>:org.junit.tests.running.classes.ParameterizedTestTest*( sub ) ;
         this|callee|->{}<span class='color_orange'>rearrange:(z)804</span>:org.junit.runner.Result( sub )  ]</span>
      [SUB: 
        _t$85 = @f$2; _t$86 = n$4
      @f$2|->{}<span class='color_orange'>rearrange:(z)68</span>:java.util.concurrent.CopyOnWriteArrayList( sub )
      MISSING FLD:
        n$4|->{failures:_t$85<span class='color_orange'>rearrange:(z)68</span>}<span class='color_orange'>rearrange:(z)804</span>:org.junit.runner.Result( sub )]
      |-
      <span class='color_blue'>this|callee = n$4<span class='color_orange'>formal</span>:org.junit.runner.Result*( sub ) ;
      @f$2|->{}<span class='color_orange'>rearrange:(z)68</span>:java.util.concurrent.CopyOnWriteArrayList( sub ); this|callee|->{failures:@f$2<span class='color_orange'>rearrange:(z)68</span>}<span class='color_orange'>rearrange:(z)110</span>:org.junit.runner.Result( sub )</span>
      [FRAME TYPING:
        n$4: org.junit.runner.Result( sub ) ]
    returning TRUE
    explain_dereference_as_caller_expression _t$86: cannot explain None
    <span class='color_red'>found error in dereference</span>
    spec_pre:
    <span class='color_blue'>this|callee = _t$86<span class='color_orange'>formal</span>:org.junit.runner.Result*( sub ) ;
    _t$85|->{}<span class='color_orange'>rearrange:(z)68</span>:java.util.concurrent.CopyOnWriteArrayList( sub ); this|callee|->{failures:_t$85<span class='color_orange'>rearrange:(z)68</span>}<span class='color_orange'>rearrange:(z)110</span>:org.junit.runner.Result( sub )</span>
    exp _t$86 desc: 
    <span class='color_orange'>WARNING: Missing fields hpred has non-footprint vars: </span>n$4|->{failures:@f$2<span class='color_orange'>rearrange:(z)68</span>}<span class='color_orange'>rearrange:(z)804</span>:org.junit.runner.Result( sub )
      New footprint:
      @f$2|->{}<span class='color_orange'>rearrange:(z)68</span>:java.util.concurrent.CopyOnWriteArrayList( sub )
      Frame fld:
      
      Frame typ:
      n$4: org.junit.runner.Result( sub ) 
      Missing fld:
      
      Instantiated frame:
      &amp;result|->n$4<span class='color_orange'>update:803</span>:org.junit.runner.Result*; &amp;$irvar3|->n$66<span class='color_orange'>initial</span>:void; &amp;#GB<>$org.junit.tests.running.classes.ParameterizedTestTest$AssumptionInParametersMethod|->{assumptionFails:1<span class='color_orange'>update:802</span>}<span class='color_orange'>rearrange:802</span>:org.junit.tests.running.classes.ParameterizedTestTest$AssumptionInParametersMethod( sub ); &amp;$irvar4|->n$67<span class='color_orange'>initial</span>:void; &amp;$irvar0|->0<span class='color_orange'>nullify</span>:void; &amp;return|->n$68<span class='color_orange'>initial</span>:void; &amp;$irvar1|->n$69<span class='color_orange'>initial</span>:void; &amp;$irvar2|->n$70<span class='color_orange'>initial</span>:void; &amp;this|->@f$0<span class='color_orange'>formal</span>:org.junit.tests.running.classes.ParameterizedTestTest*( sub ); &amp;old_this|->@f$0<span class='color_orange'>formal</span>:org.junit.tests.running.classes.ParameterizedTestTest*( sub )
      Instantiated post:
      PROP 1 of 2:
      <span class='color_blue'><span class='color_red'>return|callee = 0<span class='color_orange'>update:804</span>:_Bool</span> ;
      <span class='color_red'>@f$2|->{}<span class='color_orange'>formal(z)</span>:java.util.concurrent.CopyOnWriteArrayList( sub )</span>; <span class='color_red'>n$4|->{failures:@f$2<span class='color_orange'>formal(z)</span>}<span class='color_orange'>formal(z)</span>:org.junit.runner.Result( sub )</span></span>
      PROP 2 of 2:
      <span class='color_blue'><span class='color_red'>return|callee = 1<span class='color_orange'>update:804</span>:_Bool</span> ;
      <span class='color_red'>@f$2|->{}<span class='color_orange'>formal(z)</span>:java.util.concurrent.CopyOnWriteArrayList( sub )</span>; <span class='color_red'>n$4|->{failures:@f$2<span class='color_orange'>formal(z)</span>}<span class='color_orange'>formal(z)</span>:org.junit.runner.Result( sub )</span></span>
      
    ***** RESULTS FUNCTION CALL *******
    PROP 1 of 2:
    <span class='color_blue'><span class='color_red'>n$6 = 0</span> ;
    <span class='color_blue'>MEMna &lt; new[]:803 &gt; <span class='color_orange'>{vpath: }</span>(n$71)</span>; <span class='color_blue'>UND &lt; Result JUnitCore.runClasses(Computer,Class[]) &gt; :53(result)</span> ;
    <span class='color_blue'>result = n$4<span class='color_orange'>update:803</span>:org.junit.runner.Result*</span>; <span class='color_blue'>$irvar3 = n$66<span class='color_orange'>initial</span>:void</span>; <span class='color_blue'>#GB<>$org.junit.tests.running.classes.ParameterizedTestTest$AssumptionInParametersMethod = {assumptionFails:1<span class='color_orange'>update:802</span>}<span class='color_orange'>rearrange:802</span>:org.junit.tests.running.classes.ParameterizedTestTest$AssumptionInParametersMethod( sub )</span>; <span class='color_blue'>$irvar4 = n$67<span class='color_orange'>initial</span>:void</span>; <span class='color_blue'>$irvar0 = 0<span class='color_orange'>nullify</span>:void</span>; <span class='color_blue'>return = n$68<span class='color_orange'>initial</span>:void</span>; <span class='color_blue'>$irvar1 = n$69<span class='color_orange'>initial</span>:void</span>; <span class='color_blue'>$irvar2 = n$70<span class='color_orange'>initial</span>:void</span>; <span class='color_blue'>this = @f$0<span class='color_orange'>formal</span>:org.junit.tests.running.classes.ParameterizedTestTest*( sub )</span>; <span class='color_blue'>old_this = @f$0<span class='color_orange'>formal</span>:org.junit.tests.running.classes.ParameterizedTestTest*( sub )</span> ;
    <span class='color_blue'>result|->{<span class='color_red'>failures:@f$1<span class='color_orange'>formal(z)</span></span>}<span class='color_orange'>formal(z)</span>:org.junit.runner.Result( sub )</span>; <span class='color_red'>@f$1|->{}<span class='color_orange'>formal(z)</span>:java.util.concurrent.CopyOnWriteArrayList( sub )</span>
    [footprint
       <span class='color_blue'>#GB<>$org.junit.tests.running.classes.ParameterizedTestTest$AssumptionInParametersMethod = {assumptionFails:<span class='color_red'>@f$2<span class='color_orange'>rearrange:802</span></span>}<span class='color_orange'>rearrange:802</span>:org.junit.tests.running.classes.ParameterizedTestTest$AssumptionInParametersMethod( sub )</span>; <span class='color_blue'>this = @f$0<span class='color_orange'>formal</span>:org.junit.tests.running.classes.ParameterizedTestTest*( sub )</span> ;
       <span class='color_blue'>result|->{}<span class='color_orange'>rearrange:(z)804</span>:org.junit.runner.Result( sub )</span>; <span class='color_red'>@f$1|->{}<span class='color_orange'>rearrange:(z)68</span>:java.util.concurrent.CopyOnWriteArrayList( sub )</span>  ]</span>
    PROP 2 of 2:
    <span class='color_blue'><span class='color_red'>n$6 = 1</span> ;
    <span class='color_blue'>MEMna &lt; new[]:803 &gt; <span class='color_orange'>{vpath: }</span>(n$71)</span>; <span class='color_blue'>UND &lt; Result JUnitCore.runClasses(Computer,Class[]) &gt; :53(result)</span> ;
    <span class='color_blue'>result = n$4<span class='color_orange'>update:803</span>:org.junit.runner.Result*</span>; <span class='color_blue'>$irvar3 = n$66<span class='color_orange'>initial</span>:void</span>; <span class='color_blue'>#GB<>$org.junit.tests.running.classes.ParameterizedTestTest$AssumptionInParametersMethod = {assumptionFails:1<span class='color_orange'>update:802</span>}<span class='color_orange'>rearrange:802</span>:org.junit.tests.running.classes.ParameterizedTestTest$AssumptionInParametersMethod( sub )</span>; <span class='color_blue'>$irvar4 = n$67<span class='color_orange'>initial</span>:void</span>; <span class='color_blue'>$irvar0 = 0<span class='color_orange'>nullify</span>:void</span>; <span class='color_blue'>return = n$68<span class='color_orange'>initial</span>:void</span>; <span class='color_blue'>$irvar1 = n$69<span class='color_orange'>initial</span>:void</span>; <span class='color_blue'>$irvar2 = n$70<span class='color_orange'>initial</span>:void</span>; <span class='color_blue'>this = @f$0<span class='color_orange'>formal</span>:org.junit.tests.running.classes.ParameterizedTestTest*( sub )</span>; <span class='color_blue'>old_this = @f$0<span class='color_orange'>formal</span>:org.junit.tests.running.classes.ParameterizedTestTest*( sub )</span> ;
    <span class='color_blue'>result|->{<span class='color_red'>failures:@f$1<span class='color_orange'>formal(z)</span></span>}<span class='color_orange'>formal(z)</span>:org.junit.runner.Result( sub )</span>; <span class='color_red'>@f$1|->{}<span class='color_orange'>formal(z)</span>:java.util.concurrent.CopyOnWriteArrayList( sub )</span>
    [footprint
       <span class='color_blue'>#GB<>$org.junit.tests.running.classes.ParameterizedTestTest$AssumptionInParametersMethod = {assumptionFails:<span class='color_red'>@f$2<span class='color_orange'>rearrange:802</span></span>}<span class='color_orange'>rearrange:802</span>:org.junit.tests.running.classes.ParameterizedTestTest$AssumptionInParametersMethod( sub )</span>; <span class='color_blue'>this = @f$0<span class='color_orange'>formal</span>:org.junit.tests.running.classes.ParameterizedTestTest*( sub )</span> ;
       <span class='color_blue'>result|->{}<span class='color_orange'>rearrange:(z)804</span>:org.junit.runner.Result( sub )</span>; <span class='color_red'>@f$1|->{}<span class='color_orange'>rearrange:(z)68</span>:java.util.concurrent.CopyOnWriteArrayList( sub )</span>  ]</span>
    ***** END RESULTS FUNCTION CALL *******
    pvar: result
    <span class='color_red'>found error in dereference</span>
    spec_pre:
    <span class='color_blue'>n$6 = 0 ;
    MEMna &lt; new[]:803 &gt; <span class='color_orange'>{vpath: }</span>(n$71); UND &lt; Result JUnitCore.runClasses(Computer,Class[]) &gt; :53(result) ;
    result = n$4<span class='color_orange'>update:803</span>:org.junit.runner.Result*; $irvar3 = n$66<span class='color_orange'>initial</span>:void; #GB<>$org.junit.tests.running.classes.ParameterizedTestTest$AssumptionInParametersMethod = {assumptionFails:1<span class='color_orange'>update:802</span>}<span class='color_orange'>rearrange:802</span>:org.junit.tests.running.classes.ParameterizedTestTest$AssumptionInParametersMethod( sub ); $irvar4 = n$67<span class='color_orange'>initial</span>:void; $irvar0 = 0<span class='color_orange'>nullify</span>:void; return = n$68<span class='color_orange'>initial</span>:void; $irvar1 = n$69<span class='color_orange'>initial</span>:void; $irvar2 = n$70<span class='color_orange'>initial</span>:void; this = @f$0<span class='color_orange'>formal</span>:org.junit.tests.running.classes.ParameterizedTestTest*( sub ); old_this = @f$0<span class='color_orange'>formal</span>:org.junit.tests.running.classes.ParameterizedTestTest*( sub ) ;
    result|->{failures:@f$2<span class='color_orange'>formal(z)</span>}<span class='color_orange'>formal(z)</span>:org.junit.runner.Result( sub ); @f$2|->{}<span class='color_orange'>formal(z)</span>:java.util.concurrent.CopyOnWriteArrayList( sub )
    [footprint
       #GB<>$org.junit.tests.running.classes.ParameterizedTestTest$AssumptionInParametersMethod = {assumptionFails:@f$1<span class='color_orange'>rearrange:802</span>}<span class='color_orange'>rearrange:802</span>:org.junit.tests.running.classes.ParameterizedTestTest$AssumptionInParametersMethod( sub ); this = @f$0<span class='color_orange'>formal</span>:org.junit.tests.running.classes.ParameterizedTestTest*( sub ) ;
       result|->{}<span class='color_orange'>rearrange:(z)804</span>:org.junit.runner.Result( sub ); @f$2|->{}<span class='color_orange'>rearrange:(z)68</span>:java.util.concurrent.CopyOnWriteArrayList( sub )  ]</span>
    exp n$4 desc: 
    pvar: result
    <span class='color_red'>found error in dereference</span>
    spec_pre:
    <span class='color_blue'>n$6 = 1 ;
    MEMna &lt; new[]:803 &gt; <span class='color_orange'>{vpath: }</span>(n$71); UND &lt; Result JUnitCore.runClasses(Computer,Class[]) &gt; :53(result) ;
    result = n$4<span class='color_orange'>update:803</span>:org.junit.runner.Result*; $irvar3 = n$66<span class='color_orange'>initial</span>:void; #GB<>$org.junit.tests.running.classes.ParameterizedTestTest$AssumptionInParametersMethod = {assumptionFails:1<span class='color_orange'>update:802</span>}<span class='color_orange'>rearrange:802</span>:org.junit.tests.running.classes.ParameterizedTestTest$AssumptionInParametersMethod( sub ); $irvar4 = n$67<span class='color_orange'>initial</span>:void; $irvar0 = 0<span class='color_orange'>nullify</span>:void; return = n$68<span class='color_orange'>initial</span>:void; $irvar1 = n$69<span class='color_orange'>initial</span>:void; $irvar2 = n$70<span class='color_orange'>initial</span>:void; this = @f$0<span class='color_orange'>formal</span>:org.junit.tests.running.classes.ParameterizedTestTest*( sub ); old_this = @f$0<span class='color_orange'>formal</span>:org.junit.tests.running.classes.ParameterizedTestTest*( sub ) ;
    result|->{failures:@f$2<span class='color_orange'>formal(z)</span>}<span class='color_orange'>formal(z)</span>:org.junit.runner.Result( sub ); @f$2|->{}<span class='color_orange'>formal(z)</span>:java.util.concurrent.CopyOnWriteArrayList( sub )
    [footprint
       #GB<>$org.junit.tests.running.classes.ParameterizedTestTest$AssumptionInParametersMethod = {assumptionFails:@f$1<span class='color_orange'>rearrange:802</span>}<span class='color_orange'>rearrange:802</span>:org.junit.tests.running.classes.ParameterizedTestTest$AssumptionInParametersMethod( sub ); this = @f$0<span class='color_orange'>formal</span>:org.junit.tests.running.classes.ParameterizedTestTest*( sub ) ;
       result|->{}<span class='color_orange'>rearrange:(z)804</span>:org.junit.runner.Result( sub ); @f$2|->{}<span class='color_orange'>rearrange:(z)68</span>:java.util.concurrent.CopyOnWriteArrayList( sub )  ]</span>
    exp n$4 desc: 
    Prover.check_inconsistency_base: inconsistency reason [None]
    Prover.check_inconsistency_base: inconsistency reason [None]
    Prover.check_inconsistency_base: inconsistency reason [None]
    Prover.check_inconsistency_base: inconsistency reason [None]
    Prover.check_inconsistency_base: inconsistency reason [None]
    Prover.check_inconsistency_base: inconsistency reason [None]
    .... Prop with garbage in footprint part ....
      PROP:
      <span class='color_blue'>n$6 = 0 ;
      MEMna &lt; new[]:803 &gt; <span class='color_orange'>{vpath: }</span>(_t$92); UND &lt; Result JUnitCore.runClasses(Computer,Class[]) &gt; :53(result); RET &lt; boolean Result.wasSuccessful() &gt; (0) ;
      result = n$4<span class='color_orange'>update:803</span>:org.junit.runner.Result*; $irvar3 = _t$87<span class='color_orange'>initial</span>:void; #GB<>$org.junit.tests.running.classes.ParameterizedTestTest$AssumptionInParametersMethod = {assumptionFails:1<span class='color_orange'>update:802</span>}<span class='color_orange'>rearrange:802</span>:org.junit.tests.running.classes.ParameterizedTestTest$AssumptionInParametersMethod( sub ); $irvar4 = _t$88<span class='color_orange'>initial</span>:void; $irvar0 = 0<span class='color_orange'>nullify</span>:void; return = _t$89<span class='color_orange'>initial</span>:void; $irvar1 = _t$90<span class='color_orange'>initial</span>:void; $irvar2 = _t$91<span class='color_orange'>initial</span>:void; this = @f$0<span class='color_orange'>formal</span>:org.junit.tests.running.classes.ParameterizedTestTest*( sub ); old_this = @f$0<span class='color_orange'>formal</span>:org.junit.tests.running.classes.ParameterizedTestTest*( sub ) ;
      result|->{failures:@f$2<span class='color_orange'>formal(z)</span>}<span class='color_orange'>formal(z)</span>:org.junit.runner.Result( sub ); @f$2|->{}<span class='color_orange'>formal(z)</span>:java.util.concurrent.CopyOnWriteArrayList( sub )
      [footprint
         #GB<>$org.junit.tests.running.classes.ParameterizedTestTest$AssumptionInParametersMethod = {assumptionFails:@f$1<span class='color_orange'>rearrange:802</span>}<span class='color_orange'>rearrange:802</span>:org.junit.tests.running.classes.ParameterizedTestTest$AssumptionInParametersMethod( sub ); this = @f$0<span class='color_orange'>formal</span>:org.junit.tests.running.classes.ParameterizedTestTest*( sub ) ;
         result|->{}<span class='color_orange'>rearrange:(z)804</span>:org.junit.runner.Result( sub ); @f$2|->{}<span class='color_orange'>rearrange:(z)68</span>:java.util.concurrent.CopyOnWriteArrayList( sub )  ]</span>
      PREDICATE:
      @f$2|->{}<span class='color_orange'>rearrange:(z)68</span>:java.util.concurrent.CopyOnWriteArrayList( sub )
      explain_leak: case not matched in instr <span class='color_green'>n$6=_fun_boolean Result.wasSuccessful()(n$4:org.junit.runner.Result*) virtual [line 804]</span>
    .... Prop with garbage in footprint part ....
      PROP:
      <span class='color_blue'>n$6 = 1 ;
      MEMna &lt; new[]:803 &gt; <span class='color_orange'>{vpath: }</span>(_t$98); UND &lt; Result JUnitCore.runClasses(Computer,Class[]) &gt; :53(result); RET &lt; boolean Result.wasSuccessful() &gt; (1) ;
      result = n$4<span class='color_orange'>update:803</span>:org.junit.runner.Result*; $irvar3 = _t$93<span class='color_orange'>initial</span>:void; #GB<>$org.junit.tests.running.classes.ParameterizedTestTest$AssumptionInParametersMethod = {assumptionFails:1<span class='color_orange'>update:802</span>}<span class='color_orange'>rearrange:802</span>:org.junit.tests.running.classes.ParameterizedTestTest$AssumptionInParametersMethod( sub ); $irvar4 = _t$94<span class='color_orange'>initial</span>:void; $irvar0 = 0<span class='color_orange'>nullify</span>:void; return = _t$95<span class='color_orange'>initial</span>:void; $irvar1 = _t$96<span class='color_orange'>initial</span>:void; $irvar2 = _t$97<span class='color_orange'>initial</span>:void; this = @f$0<span class='color_orange'>formal</span>:org.junit.tests.running.classes.ParameterizedTestTest*( sub ); old_this = @f$0<span class='color_orange'>formal</span>:org.junit.tests.running.classes.ParameterizedTestTest*( sub ) ;
      result|->{failures:@f$2<span class='color_orange'>formal(z)</span>}<span class='color_orange'>formal(z)</span>:org.junit.runner.Result( sub ); @f$2|->{}<span class='color_orange'>formal(z)</span>:java.util.concurrent.CopyOnWriteArrayList( sub )
      [footprint
         #GB<>$org.junit.tests.running.classes.ParameterizedTestTest$AssumptionInParametersMethod = {assumptionFails:@f$1<span class='color_orange'>rearrange:802</span>}<span class='color_orange'>rearrange:802</span>:org.junit.tests.running.classes.ParameterizedTestTest$AssumptionInParametersMethod( sub ); this = @f$0<span class='color_orange'>formal</span>:org.junit.tests.running.classes.ParameterizedTestTest*( sub ) ;
         result|->{}<span class='color_orange'>rearrange:(z)804</span>:org.junit.runner.Result( sub ); @f$2|->{}<span class='color_orange'>rearrange:(z)68</span>:java.util.concurrent.CopyOnWriteArrayList( sub )  ]</span>
      PREDICATE:
      @f$2|->{}<span class='color_orange'>rearrange:(z)68</span>:java.util.concurrent.CopyOnWriteArrayList( sub )
      explain_leak: case not matched in instr <span class='color_green'>n$6=_fun_boolean Result.wasSuccessful()(n$4:org.junit.runner.Result*) virtual [line 804]</span>
    Instruction Returns
    PROP 1 of 2:
    <span class='color_blue'><span class='color_red'>n$6 = 0</span> ;
    <span class='color_blue'>MEMna &lt; new[]:803 &gt; <span class='color_orange'>{vpath: }</span>(_t$5)</span>; <span class='color_blue'>UND &lt; Result JUnitCore.runClasses(Computer,Class[]) &gt; :53(result)</span>; <span class='color_red'>RET &lt; boolean Result.wasSuccessful() &gt; (0)</span> ;
    <span class='color_blue'>result = n$4<span class='color_orange'>update:803</span>:org.junit.runner.Result*</span>; <span class='color_blue'>$irvar3 = _t$4<span class='color_orange'>initial</span>:void</span>; <span class='color_blue'>#GB<>$org.junit.tests.running.classes.ParameterizedTestTest$AssumptionInParametersMethod = {assumptionFails:1<span class='color_orange'>update:802</span>}<span class='color_orange'>rearrange:802</span>:org.junit.tests.running.classes.ParameterizedTestTest$AssumptionInParametersMethod( sub )</span>; <span class='color_blue'>$irvar4 = _t$3<span class='color_orange'>initial</span>:void</span>; <span class='color_blue'>$irvar0 = 0<span class='color_orange'>nullify</span>:void</span>; <span class='color_blue'>return = _t$2<span class='color_orange'>initial</span>:void</span>; <span class='color_blue'>$irvar1 = _t$1<span class='color_orange'>initial</span>:void</span>; <span class='color_blue'>$irvar2 = _t$0<span class='color_orange'>initial</span>:void</span>; <span class='color_blue'>this = @f$0<span class='color_orange'>formal</span>:org.junit.tests.running.classes.ParameterizedTestTest*( sub )</span>; <span class='color_blue'>old_this = @f$0<span class='color_orange'>formal</span>:org.junit.tests.running.classes.ParameterizedTestTest*( sub )</span> ;
    <span class='color_blue'>result|->{<span class='color_red'>failures:@f$1<span class='color_orange'>formal(z)</span></span>}<span class='color_orange'>formal(z)</span>:org.junit.runner.Result( sub )</span>; <span class='color_red'>@f$1|->{}<span class='color_orange'>formal(z)</span>:java.util.concurrent.CopyOnWriteArrayList( sub )</span>
    [footprint
       <span class='color_blue'>#GB<>$org.junit.tests.running.classes.ParameterizedTestTest$AssumptionInParametersMethod = {assumptionFails:<span class='color_red'>@f$2<span class='color_orange'>rearrange:802</span></span>}<span class='color_orange'>rearrange:802</span>:org.junit.tests.running.classes.ParameterizedTestTest$AssumptionInParametersMethod( sub )</span>; <span class='color_blue'>this = @f$0<span class='color_orange'>formal</span>:org.junit.tests.running.classes.ParameterizedTestTest*( sub )</span> ;
       <span class='color_blue'>result|->{}<span class='color_orange'>rearrange:(z)804</span>:org.junit.runner.Result( sub )</span>  ]</span>
    PROP 2 of 2:
    <span class='color_blue'><span class='color_red'>n$6 = 1</span> ;
    <span class='color_blue'>MEMna &lt; new[]:803 &gt; <span class='color_orange'>{vpath: }</span>(_t$5)</span>; <span class='color_blue'>UND &lt; Result JUnitCore.runClasses(Computer,Class[]) &gt; :53(result)</span>; <span class='color_red'>RET &lt; boolean Result.wasSuccessful() &gt; (1)</span> ;
    <span class='color_blue'>result = n$4<span class='color_orange'>update:803</span>:org.junit.runner.Result*</span>; <span class='color_blue'>$irvar3 = _t$4<span class='color_orange'>initial</span>:void</span>; <span class='color_blue'>#GB<>$org.junit.tests.running.classes.ParameterizedTestTest$AssumptionInParametersMethod = {assumptionFails:1<span class='color_orange'>update:802</span>}<span class='color_orange'>rearrange:802</span>:org.junit.tests.running.classes.ParameterizedTestTest$AssumptionInParametersMethod( sub )</span>; <span class='color_blue'>$irvar4 = _t$3<span class='color_orange'>initial</span>:void</span>; <span class='color_blue'>$irvar0 = 0<span class='color_orange'>nullify</span>:void</span>; <span class='color_blue'>return = _t$2<span class='color_orange'>initial</span>:void</span>; <span class='color_blue'>$irvar1 = _t$1<span class='color_orange'>initial</span>:void</span>; <span class='color_blue'>$irvar2 = _t$0<span class='color_orange'>initial</span>:void</span>; <span class='color_blue'>this = @f$0<span class='color_orange'>formal</span>:org.junit.tests.running.classes.ParameterizedTestTest*( sub )</span>; <span class='color_blue'>old_this = @f$0<span class='color_orange'>formal</span>:org.junit.tests.running.classes.ParameterizedTestTest*( sub )</span> ;
    <span class='color_blue'>result|->{<span class='color_red'>failures:@f$1<span class='color_orange'>formal(z)</span></span>}<span class='color_orange'>formal(z)</span>:org.junit.runner.Result( sub )</span>; <span class='color_red'>@f$1|->{}<span class='color_orange'>formal(z)</span>:java.util.concurrent.CopyOnWriteArrayList( sub )</span>
    [footprint
       <span class='color_blue'>#GB<>$org.junit.tests.running.classes.ParameterizedTestTest$AssumptionInParametersMethod = {assumptionFails:<span class='color_red'>@f$2<span class='color_orange'>rearrange:802</span></span>}<span class='color_orange'>rearrange:802</span>:org.junit.tests.running.classes.ParameterizedTestTest$AssumptionInParametersMethod( sub )</span>; <span class='color_blue'>this = @f$0<span class='color_orange'>formal</span>:org.junit.tests.running.classes.ParameterizedTestTest*( sub )</span> ;
       <span class='color_blue'>result|->{}<span class='color_orange'>rearrange:(z)804</span>:org.junit.runner.Result( sub )</span>  ]</span>
    
    Instruction <span class='color_green'>*&amp;$irvar1:_Bool=n$6 [line 804]</span>
    in vpath_find exp:n$77
    vpath_find: cannot find n$77
    .... Rearrangement Start ....
    Exp: &amp;$irvar1
    Prop:
    <span class='color_blue'>n$6 = 0 ;
    MEMna &lt; new[]:803 &gt; <span class='color_orange'>{vpath: }</span>(n$77); UND &lt; Result JUnitCore.runClasses(Computer,Class[]) &gt; :53(result); RET &lt; boolean Result.wasSuccessful() &gt; (0) ;
    result = n$4<span class='color_orange'>update:803</span>:org.junit.runner.Result*; $irvar3 = n$72<span class='color_orange'>initial</span>:void; #GB<>$org.junit.tests.running.classes.ParameterizedTestTest$AssumptionInParametersMethod = {assumptionFails:1<span class='color_orange'>update:802</span>}<span class='color_orange'>rearrange:802</span>:org.junit.tests.running.classes.ParameterizedTestTest$AssumptionInParametersMethod( sub ); $irvar4 = n$73<span class='color_orange'>initial</span>:void; $irvar0 = 0<span class='color_orange'>nullify</span>:void; return = n$74<span class='color_orange'>initial</span>:void; $irvar1 = n$75<span class='color_orange'>initial</span>:void; $irvar2 = n$76<span class='color_orange'>initial</span>:void; this = @f$0<span class='color_orange'>formal</span>:org.junit.tests.running.classes.ParameterizedTestTest*( sub ); old_this = @f$0<span class='color_orange'>formal</span>:org.junit.tests.running.classes.ParameterizedTestTest*( sub ) ;
    result|->{failures:@f$1<span class='color_orange'>formal(z)</span>}<span class='color_orange'>formal(z)</span>:org.junit.runner.Result( sub ); @f$1|->{}<span class='color_orange'>formal(z)</span>:java.util.concurrent.CopyOnWriteArrayList( sub )
    [footprint
       #GB<>$org.junit.tests.running.classes.ParameterizedTestTest$AssumptionInParametersMethod = {assumptionFails:@f$2<span class='color_orange'>rearrange:802</span>}<span class='color_orange'>rearrange:802</span>:org.junit.tests.running.classes.ParameterizedTestTest$AssumptionInParametersMethod( sub ); this = @f$0<span class='color_orange'>formal</span>:org.junit.tests.running.classes.ParameterizedTestTest*( sub ) ;
       result|->{}<span class='color_orange'>rearrange:(z)804</span>:org.junit.runner.Result( sub )  ]</span>
    
    in prop_iter_extend_ptsto lexp: &amp;$irvar1
    prop before:
    <span class='color_blue'>n$6 = 0 ;
    MEMna &lt; new[]:803 &gt; <span class='color_orange'>{vpath: }</span>(n$77); UND &lt; Result JUnitCore.runClasses(Computer,Class[]) &gt; :53(result); RET &lt; boolean Result.wasSuccessful() &gt; (0) ;
    result = n$4<span class='color_orange'>update:803</span>:org.junit.runner.Result*; $irvar3 = n$72<span class='color_orange'>initial</span>:void; #GB<>$org.junit.tests.running.classes.ParameterizedTestTest$AssumptionInParametersMethod = {assumptionFails:1<span class='color_orange'>update:802</span>}<span class='color_orange'>rearrange:802</span>:org.junit.tests.running.classes.ParameterizedTestTest$AssumptionInParametersMethod( sub ); $irvar4 = n$73<span class='color_orange'>initial</span>:void; $irvar0 = 0<span class='color_orange'>nullify</span>:void; return = n$74<span class='color_orange'>initial</span>:void; $irvar1 = n$75<span class='color_orange'>initial</span>:void; $irvar2 = n$76<span class='color_orange'>initial</span>:void; this = @f$0<span class='color_orange'>formal</span>:org.junit.tests.running.classes.ParameterizedTestTest*( sub ); old_this = @f$0<span class='color_orange'>formal</span>:org.junit.tests.running.classes.ParameterizedTestTest*( sub ) ;
    result|->{failures:@f$1<span class='color_orange'>formal(z)</span>}<span class='color_orange'>formal(z)</span>:org.junit.runner.Result( sub ); @f$1|->{}<span class='color_orange'>formal(z)</span>:java.util.concurrent.CopyOnWriteArrayList( sub )
    [footprint
       #GB<>$org.junit.tests.running.classes.ParameterizedTestTest$AssumptionInParametersMethod = {assumptionFails:@f$2<span class='color_orange'>rearrange:802</span>}<span class='color_orange'>rearrange:802</span>:org.junit.tests.running.classes.ParameterizedTestTest$AssumptionInParametersMethod( sub ); this = @f$0<span class='color_orange'>formal</span>:org.junit.tests.running.classes.ParameterizedTestTest*( sub ) ;
       result|->{}<span class='color_orange'>rearrange:(z)804</span>:org.junit.runner.Result( sub )  ]</span>
    
    
    prop list after:
    PROP 1 of 1:
    <span class='color_blue'><span class='color_blue'>n$6 = 0</span> ;
    <span class='color_blue'>MEMna &lt; new[]:803 &gt; <span class='color_orange'>{vpath: }</span>(n$77)</span>; <span class='color_blue'>UND &lt; Result JUnitCore.runClasses(Computer,Class[]) &gt; :53(result)</span>; <span class='color_blue'>RET &lt; boolean Result.wasSuccessful() &gt; (0)</span> ;
    <span class='color_blue'>result = n$4<span class='color_orange'>update:803</span>:org.junit.runner.Result*</span>; <span class='color_blue'>$irvar3 = n$72<span class='color_orange'>initial</span>:void</span>; <span class='color_blue'>#GB<>$org.junit.tests.running.classes.ParameterizedTestTest$AssumptionInParametersMethod = {assumptionFails:1<span class='color_orange'>update:802</span>}<span class='color_orange'>rearrange:802</span>:org.junit.tests.running.classes.ParameterizedTestTest$AssumptionInParametersMethod( sub )</span>; <span class='color_blue'>$irvar4 = n$73<span class='color_orange'>initial</span>:void</span>; <span class='color_blue'>$irvar0 = 0<span class='color_orange'>nullify</span>:void</span>; <span class='color_blue'>return = n$74<span class='color_orange'>initial</span>:void</span>; <span class='color_blue'>$irvar1 = n$75<span class='color_orange'>initial</span>:void</span>; <span class='color_blue'>$irvar2 = n$76<span class='color_orange'>initial</span>:void</span>; <span class='color_blue'>this = @f$0<span class='color_orange'>formal</span>:org.junit.tests.running.classes.ParameterizedTestTest*( sub )</span>; <span class='color_blue'>old_this = @f$0<span class='color_orange'>formal</span>:org.junit.tests.running.classes.ParameterizedTestTest*( sub )</span> ;
    <span class='color_blue'>result|->{failures:@f$1<span class='color_orange'>formal(z)</span>}<span class='color_orange'>formal(z)</span>:org.junit.runner.Result( sub )</span>; <span class='color_blue'>@f$1|->{}<span class='color_orange'>formal(z)</span>:java.util.concurrent.CopyOnWriteArrayList( sub )</span>
    [footprint
       <span class='color_blue'>#GB<>$org.junit.tests.running.classes.ParameterizedTestTest$AssumptionInParametersMethod = {assumptionFails:@f$2<span class='color_orange'>rearrange:802</span>}<span class='color_orange'>rearrange:802</span>:org.junit.tests.running.classes.ParameterizedTestTest$AssumptionInParametersMethod( sub )</span>; <span class='color_blue'>this = @f$0<span class='color_orange'>formal</span>:org.junit.tests.running.classes.ParameterizedTestTest*( sub )</span> ;
       <span class='color_blue'>result|->{}<span class='color_orange'>rearrange:(z)804</span>:org.junit.runner.Result( sub )</span>  ]</span>
    
    
    
    Instruction Returns
    PROP 1 of 1:
    <span class='color_blue'><span class='color_blue'>n$6 = 0</span> ;
    <span class='color_red'>MEMna &lt; new[]:803 &gt; <span class='color_orange'>{vpath: }</span>(_t$4)</span>; <span class='color_blue'>UND &lt; Result JUnitCore.runClasses(Computer,Class[]) &gt; :53(result)</span>; <span class='color_blue'>RET &lt; boolean Result.wasSuccessful() &gt; (0)</span> ;
    <span class='color_blue'>result = n$4<span class='color_orange'>update:803</span>:org.junit.runner.Result*</span>; <span class='color_blue'>$irvar3 = <span class='color_red'>_t$3<span class='color_orange'>initial</span></span>:void</span>; <span class='color_blue'>#GB<>$org.junit.tests.running.classes.ParameterizedTestTest$AssumptionInParametersMethod = {assumptionFails:1<span class='color_orange'>update:802</span>}<span class='color_orange'>rearrange:802</span>:org.junit.tests.running.classes.ParameterizedTestTest$AssumptionInParametersMethod( sub )</span>; <span class='color_blue'>$irvar4 = <span class='color_red'>_t$2<span class='color_orange'>initial</span></span>:void</span>; <span class='color_blue'>$irvar0 = 0<span class='color_orange'>nullify</span>:void</span>; <span class='color_blue'>return = <span class='color_red'>_t$1<span class='color_orange'>initial</span></span>:void</span>; <span class='color_blue'>$irvar1 = <span class='color_red'>0<span class='color_orange'>update:804</span></span>:void</span>; <span class='color_blue'>$irvar2 = _t$0<span class='color_orange'>initial</span>:void</span>; <span class='color_blue'>this = @f$0<span class='color_orange'>formal</span>:org.junit.tests.running.classes.ParameterizedTestTest*( sub )</span>; <span class='color_blue'>old_this = @f$0<span class='color_orange'>formal</span>:org.junit.tests.running.classes.ParameterizedTestTest*( sub )</span> ;
    <span class='color_blue'>result|->{failures:@f$1<span class='color_orange'>formal(z)</span>}<span class='color_orange'>formal(z)</span>:org.junit.runner.Result( sub )</span>; <span class='color_blue'>@f$1|->{}<span class='color_orange'>formal(z)</span>:java.util.concurrent.CopyOnWriteArrayList( sub )</span>
    [footprint
       <span class='color_blue'>#GB<>$org.junit.tests.running.classes.ParameterizedTestTest$AssumptionInParametersMethod = {assumptionFails:@f$2<span class='color_orange'>rearrange:802</span>}<span class='color_orange'>rearrange:802</span>:org.junit.tests.running.classes.ParameterizedTestTest$AssumptionInParametersMethod( sub )</span>; <span class='color_blue'>this = @f$0<span class='color_orange'>formal</span>:org.junit.tests.running.classes.ParameterizedTestTest*( sub )</span> ;
       <span class='color_blue'>result|->{}<span class='color_orange'>rearrange:(z)804</span>:org.junit.runner.Result( sub )</span>  ]</span>
    
    Instruction <span class='color_green'>*&amp;$irvar1:_Bool=n$6 [line 804]</span>
    in vpath_find exp:n$83
    vpath_find: cannot find n$83
    .... Rearrangement Start ....
    Exp: &amp;$irvar1
    Prop:
    <span class='color_blue'>n$6 = 1 ;
    MEMna &lt; new[]:803 &gt; <span class='color_orange'>{vpath: }</span>(n$83); UND &lt; Result JUnitCore.runClasses(Computer,Class[]) &gt; :53(result); RET &lt; boolean Result.wasSuccessful() &gt; (1) ;
    result = n$4<span class='color_orange'>update:803</span>:org.junit.runner.Result*; $irvar3 = n$78<span class='color_orange'>initial</span>:void; #GB<>$org.junit.tests.running.classes.ParameterizedTestTest$AssumptionInParametersMethod = {assumptionFails:1<span class='color_orange'>update:802</span>}<span class='color_orange'>rearrange:802</span>:org.junit.tests.running.classes.ParameterizedTestTest$AssumptionInParametersMethod( sub ); $irvar4 = n$79<span class='color_orange'>initial</span>:void; $irvar0 = 0<span class='color_orange'>nullify</span>:void; return = n$80<span class='color_orange'>initial</span>:void; $irvar1 = n$81<span class='color_orange'>initial</span>:void; $irvar2 = n$82<span class='color_orange'>initial</span>:void; this = @f$0<span class='color_orange'>formal</span>:org.junit.tests.running.classes.ParameterizedTestTest*( sub ); old_this = @f$0<span class='color_orange'>formal</span>:org.junit.tests.running.classes.ParameterizedTestTest*( sub ) ;
    result|->{failures:@f$1<span class='color_orange'>formal(z)</span>}<span class='color_orange'>formal(z)</span>:org.junit.runner.Result( sub ); @f$1|->{}<span class='color_orange'>formal(z)</span>:java.util.concurrent.CopyOnWriteArrayList( sub )
    [footprint
       #GB<>$org.junit.tests.running.classes.ParameterizedTestTest$AssumptionInParametersMethod = {assumptionFails:@f$2<span class='color_orange'>rearrange:802</span>}<span class='color_orange'>rearrange:802</span>:org.junit.tests.running.classes.ParameterizedTestTest$AssumptionInParametersMethod( sub ); this = @f$0<span class='color_orange'>formal</span>:org.junit.tests.running.classes.ParameterizedTestTest*( sub ) ;
       result|->{}<span class='color_orange'>rearrange:(z)804</span>:org.junit.runner.Result( sub )  ]</span>
    
    in prop_iter_extend_ptsto lexp: &amp;$irvar1
    prop before:
    <span class='color_blue'>n$6 = 1 ;
    MEMna &lt; new[]:803 &gt; <span class='color_orange'>{vpath: }</span>(n$83); UND &lt; Result JUnitCore.runClasses(Computer,Class[]) &gt; :53(result); RET &lt; boolean Result.wasSuccessful() &gt; (1) ;
    result = n$4<span class='color_orange'>update:803</span>:org.junit.runner.Result*; $irvar3 = n$78<span class='color_orange'>initial</span>:void; #GB<>$org.junit.tests.running.classes.ParameterizedTestTest$AssumptionInParametersMethod = {assumptionFails:1<span class='color_orange'>update:802</span>}<span class='color_orange'>rearrange:802</span>:org.junit.tests.running.classes.ParameterizedTestTest$AssumptionInParametersMethod( sub ); $irvar4 = n$79<span class='color_orange'>initial</span>:void; $irvar0 = 0<span class='color_orange'>nullify</span>:void; return = n$80<span class='color_orange'>initial</span>:void; $irvar1 = n$81<span class='color_orange'>initial</span>:void; $irvar2 = n$82<span class='color_orange'>initial</span>:void; this = @f$0<span class='color_orange'>formal</span>:org.junit.tests.running.classes.ParameterizedTestTest*( sub ); old_this = @f$0<span class='color_orange'>formal</span>:org.junit.tests.running.classes.ParameterizedTestTest*( sub ) ;
    result|->{failures:@f$1<span class='color_orange'>formal(z)</span>}<span class='color_orange'>formal(z)</span>:org.junit.runner.Result( sub ); @f$1|->{}<span class='color_orange'>formal(z)</span>:java.util.concurrent.CopyOnWriteArrayList( sub )
    [footprint
       #GB<>$org.junit.tests.running.classes.ParameterizedTestTest$AssumptionInParametersMethod = {assumptionFails:@f$2<span class='color_orange'>rearrange:802</span>}<span class='color_orange'>rearrange:802</span>:org.junit.tests.running.classes.ParameterizedTestTest$AssumptionInParametersMethod( sub ); this = @f$0<span class='color_orange'>formal</span>:org.junit.tests.running.classes.ParameterizedTestTest*( sub ) ;
       result|->{}<span class='color_orange'>rearrange:(z)804</span>:org.junit.runner.Result( sub )  ]</span>
    
    
    prop list after:
    PROP 1 of 1:
    <span class='color_blue'><span class='color_blue'>n$6 = 1</span> ;
    <span class='color_blue'>MEMna &lt; new[]:803 &gt; <span class='color_orange'>{vpath: }</span>(n$83)</span>; <span class='color_blue'>UND &lt; Result JUnitCore.runClasses(Computer,Class[]) &gt; :53(result)</span>; <span class='color_blue'>RET &lt; boolean Result.wasSuccessful() &gt; (1)</span> ;
    <span class='color_blue'>result = n$4<span class='color_orange'>update:803</span>:org.junit.runner.Result*</span>; <span class='color_blue'>$irvar3 = n$78<span class='color_orange'>initial</span>:void</span>; <span class='color_blue'>#GB<>$org.junit.tests.running.classes.ParameterizedTestTest$AssumptionInParametersMethod = {assumptionFails:1<span class='color_orange'>update:802</span>}<span class='color_orange'>rearrange:802</span>:org.junit.tests.running.classes.ParameterizedTestTest$AssumptionInParametersMethod( sub )</span>; <span class='color_blue'>$irvar4 = n$79<span class='color_orange'>initial</span>:void</span>; <span class='color_blue'>$irvar0 = 0<span class='color_orange'>nullify</span>:void</span>; <span class='color_blue'>return = n$80<span class='color_orange'>initial</span>:void</span>; <span class='color_blue'>$irvar1 = n$81<span class='color_orange'>initial</span>:void</span>; <span class='color_blue'>$irvar2 = n$82<span class='color_orange'>initial</span>:void</span>; <span class='color_blue'>this = @f$0<span class='color_orange'>formal</span>:org.junit.tests.running.classes.ParameterizedTestTest*( sub )</span>; <span class='color_blue'>old_this = @f$0<span class='color_orange'>formal</span>:org.junit.tests.running.classes.ParameterizedTestTest*( sub )</span> ;
    <span class='color_blue'>result|->{failures:@f$1<span class='color_orange'>formal(z)</span>}<span class='color_orange'>formal(z)</span>:org.junit.runner.Result( sub )</span>; <span class='color_blue'>@f$1|->{}<span class='color_orange'>formal(z)</span>:java.util.concurrent.CopyOnWriteArrayList( sub )</span>
    [footprint
       <span class='color_blue'>#GB<>$org.junit.tests.running.classes.ParameterizedTestTest$AssumptionInParametersMethod = {assumptionFails:@f$2<span class='color_orange'>rearrange:802</span>}<span class='color_orange'>rearrange:802</span>:org.junit.tests.running.classes.ParameterizedTestTest$AssumptionInParametersMethod( sub )</span>; <span class='color_blue'>this = @f$0<span class='color_orange'>formal</span>:org.junit.tests.running.classes.ParameterizedTestTest*( sub )</span> ;
       <span class='color_blue'>result|->{}<span class='color_orange'>rearrange:(z)804</span>:org.junit.runner.Result( sub )</span>  ]</span>
    
    
    
    Instruction Returns
    PROP 1 of 1:
    <span class='color_blue'><span class='color_blue'>n$6 = 1</span> ;
    <span class='color_red'>MEMna &lt; new[]:803 &gt; <span class='color_orange'>{vpath: }</span>(_t$4)</span>; <span class='color_blue'>UND &lt; Result JUnitCore.runClasses(Computer,Class[]) &gt; :53(result)</span>; <span class='color_blue'>RET &lt; boolean Result.wasSuccessful() &gt; (1)</span> ;
    <span class='color_blue'>result = n$4<span class='color_orange'>update:803</span>:org.junit.runner.Result*</span>; <span class='color_blue'>$irvar3 = <span class='color_red'>_t$3<span class='color_orange'>initial</span></span>:void</span>; <span class='color_blue'>#GB<>$org.junit.tests.running.classes.ParameterizedTestTest$AssumptionInParametersMethod = {assumptionFails:1<span class='color_orange'>update:802</span>}<span class='color_orange'>rearrange:802</span>:org.junit.tests.running.classes.ParameterizedTestTest$AssumptionInParametersMethod( sub )</span>; <span class='color_blue'>$irvar4 = <span class='color_red'>_t$2<span class='color_orange'>initial</span></span>:void</span>; <span class='color_blue'>$irvar0 = 0<span class='color_orange'>nullify</span>:void</span>; <span class='color_blue'>return = <span class='color_red'>_t$1<span class='color_orange'>initial</span></span>:void</span>; <span class='color_blue'>$irvar1 = <span class='color_red'>1<span class='color_orange'>update:804</span></span>:void</span>; <span class='color_blue'>$irvar2 = _t$0<span class='color_orange'>initial</span>:void</span>; <span class='color_blue'>this = @f$0<span class='color_orange'>formal</span>:org.junit.tests.running.classes.ParameterizedTestTest*( sub )</span>; <span class='color_blue'>old_this = @f$0<span class='color_orange'>formal</span>:org.junit.tests.running.classes.ParameterizedTestTest*( sub )</span> ;
    <span class='color_blue'>result|->{failures:@f$1<span class='color_orange'>formal(z)</span>}<span class='color_orange'>formal(z)</span>:org.junit.runner.Result( sub )</span>; <span class='color_blue'>@f$1|->{}<span class='color_orange'>formal(z)</span>:java.util.concurrent.CopyOnWriteArrayList( sub )</span>
    [footprint
       <span class='color_blue'>#GB<>$org.junit.tests.running.classes.ParameterizedTestTest$AssumptionInParametersMethod = {assumptionFails:@f$2<span class='color_orange'>rearrange:802</span>}<span class='color_orange'>rearrange:802</span>:org.junit.tests.running.classes.ParameterizedTestTest$AssumptionInParametersMethod( sub )</span>; <span class='color_blue'>this = @f$0<span class='color_orange'>formal</span>:org.junit.tests.running.classes.ParameterizedTestTest*( sub )</span> ;
       <span class='color_blue'>result|->{}<span class='color_orange'>rearrange:(z)804</span>:org.junit.runner.Result( sub )</span>  ]</span>
    
    Instruction <span class='color_green'>EXIT_SCOPE(_,n$4,n$6); [line 804]</span>
    in vpath_find exp:_t$4
    vpath_find: cannot find _t$4
    .... Prop with garbage in footprint part ....
      PROP:
      <span class='color_blue'>MEMna &lt; new[]:803 &gt; <span class='color_orange'>{vpath: }</span>(_t$4); UND &lt; Result JUnitCore.runClasses(Computer,Class[]) &gt; :53(result); RET &lt; boolean Result.wasSuccessful() &gt; (0) ;
      result = _t$112<span class='color_orange'>update:803</span>:org.junit.runner.Result*; $irvar3 = _t$3<span class='color_orange'>initial</span>:void; #GB<>$org.junit.tests.running.classes.ParameterizedTestTest$AssumptionInParametersMethod = {assumptionFails:1<span class='color_orange'>update:802</span>}<span class='color_orange'>rearrange:802</span>:org.junit.tests.running.classes.ParameterizedTestTest$AssumptionInParametersMethod( sub ); $irvar4 = _t$2<span class='color_orange'>initial</span>:void; $irvar0 = 0<span class='color_orange'>nullify</span>:void; return = _t$1<span class='color_orange'>initial</span>:void; $irvar1 = 0<span class='color_orange'>update:804</span>:void; $irvar2 = _t$0<span class='color_orange'>initial</span>:void; this = @f$0<span class='color_orange'>formal</span>:org.junit.tests.running.classes.ParameterizedTestTest*( sub ); old_this = @f$0<span class='color_orange'>formal</span>:org.junit.tests.running.classes.ParameterizedTestTest*( sub ) ;
      result|->{failures:@f$1<span class='color_orange'>formal(z)</span>}<span class='color_orange'>formal(z)</span>:org.junit.runner.Result( sub ); @f$1|->{}<span class='color_orange'>formal(z)</span>:java.util.concurrent.CopyOnWriteArrayList( sub )
      [footprint
         #GB<>$org.junit.tests.running.classes.ParameterizedTestTest$AssumptionInParametersMethod = {assumptionFails:@f$2<span class='color_orange'>rearrange:802</span>}<span class='color_orange'>rearrange:802</span>:org.junit.tests.running.classes.ParameterizedTestTest$AssumptionInParametersMethod( sub ); this = @f$0<span class='color_orange'>formal</span>:org.junit.tests.running.classes.ParameterizedTestTest*( sub ) ;
         @f$3|->{}<span class='color_orange'>rearrange:(z)804</span>:org.junit.runner.Result( sub )  ]</span>
      PREDICATE:
      @f$3|->{}<span class='color_orange'>rearrange:(z)804</span>:org.junit.runner.Result( sub )
      explain_leak: case not matched in instr <span class='color_green'>EXIT_SCOPE(_,n$4,n$6); [line 804]</span>
    Instruction Returns
    PROP 1 of 1:
    <span class='color_blue'><span class='color_red'>MEMna &lt; new[]:803 &gt; <span class='color_orange'>{vpath: }</span>(_t$5)</span>; <span class='color_blue'>UND &lt; Result JUnitCore.runClasses(Computer,Class[]) &gt; :53(result)</span>; <span class='color_blue'>RET &lt; boolean Result.wasSuccessful() &gt; (0)</span> ;
    <span class='color_blue'>result = <span class='color_red'>_t$4<span class='color_orange'>update:803</span></span>:org.junit.runner.Result*</span>; <span class='color_blue'>$irvar3 = _t$3<span class='color_orange'>initial</span>:void</span>; <span class='color_blue'>#GB<>$org.junit.tests.running.classes.ParameterizedTestTest$AssumptionInParametersMethod = {assumptionFails:1<span class='color_orange'>update:802</span>}<span class='color_orange'>rearrange:802</span>:org.junit.tests.running.classes.ParameterizedTestTest$AssumptionInParametersMethod( sub )</span>; <span class='color_blue'>$irvar4 = _t$2<span class='color_orange'>initial</span>:void</span>; <span class='color_blue'>$irvar0 = 0<span class='color_orange'>nullify</span>:void</span>; <span class='color_blue'>return = _t$1<span class='color_orange'>initial</span>:void</span>; <span class='color_blue'>$irvar1 = 0<span class='color_orange'>update:804</span>:void</span>; <span class='color_blue'>$irvar2 = _t$0<span class='color_orange'>initial</span>:void</span>; <span class='color_blue'>this = @f$0<span class='color_orange'>formal</span>:org.junit.tests.running.classes.ParameterizedTestTest*( sub )</span>; <span class='color_blue'>old_this = @f$0<span class='color_orange'>formal</span>:org.junit.tests.running.classes.ParameterizedTestTest*( sub )</span> ;
    <span class='color_red'>result|->{failures:@f$1<span class='color_orange'>formal(z)</span>}<span class='color_orange'>formal(z)</span>:org.junit.runner.Result( sub )</span>; <span class='color_blue'>@f$1|->{}<span class='color_orange'>formal(z)</span>:java.util.concurrent.CopyOnWriteArrayList( sub )</span>
    [footprint
       <span class='color_blue'>#GB<>$org.junit.tests.running.classes.ParameterizedTestTest$AssumptionInParametersMethod = {assumptionFails:@f$2<span class='color_orange'>rearrange:802</span>}<span class='color_orange'>rearrange:802</span>:org.junit.tests.running.classes.ParameterizedTestTest$AssumptionInParametersMethod( sub )</span>; <span class='color_blue'>this = @f$0<span class='color_orange'>formal</span>:org.junit.tests.running.classes.ParameterizedTestTest*( sub )</span>  ]</span>
    
    Instruction <span class='color_green'>EXIT_SCOPE(_,n$4,n$6); [line 804]</span>
    in vpath_find exp:_t$4
    vpath_find: cannot find _t$4
    .... Prop with garbage in footprint part ....
      PROP:
      <span class='color_blue'>MEMna &lt; new[]:803 &gt; <span class='color_orange'>{vpath: }</span>(_t$4); UND &lt; Result JUnitCore.runClasses(Computer,Class[]) &gt; :53(result); RET &lt; boolean Result.wasSuccessful() &gt; (1) ;
      result = _t$115<span class='color_orange'>update:803</span>:org.junit.runner.Result*; $irvar3 = _t$3<span class='color_orange'>initial</span>:void; #GB<>$org.junit.tests.running.classes.ParameterizedTestTest$AssumptionInParametersMethod = {assumptionFails:1<span class='color_orange'>update:802</span>}<span class='color_orange'>rearrange:802</span>:org.junit.tests.running.classes.ParameterizedTestTest$AssumptionInParametersMethod( sub ); $irvar4 = _t$2<span class='color_orange'>initial</span>:void; $irvar0 = 0<span class='color_orange'>nullify</span>:void; return = _t$1<span class='color_orange'>initial</span>:void; $irvar1 = 1<span class='color_orange'>update:804</span>:void; $irvar2 = _t$0<span class='color_orange'>initial</span>:void; this = @f$0<span class='color_orange'>formal</span>:org.junit.tests.running.classes.ParameterizedTestTest*( sub ); old_this = @f$0<span class='color_orange'>formal</span>:org.junit.tests.running.classes.ParameterizedTestTest*( sub ) ;
      result|->{failures:@f$1<span class='color_orange'>formal(z)</span>}<span class='color_orange'>formal(z)</span>:org.junit.runner.Result( sub ); @f$1|->{}<span class='color_orange'>formal(z)</span>:java.util.concurrent.CopyOnWriteArrayList( sub )
      [footprint
         #GB<>$org.junit.tests.running.classes.ParameterizedTestTest$AssumptionInParametersMethod = {assumptionFails:@f$2<span class='color_orange'>rearrange:802</span>}<span class='color_orange'>rearrange:802</span>:org.junit.tests.running.classes.ParameterizedTestTest$AssumptionInParametersMethod( sub ); this = @f$0<span class='color_orange'>formal</span>:org.junit.tests.running.classes.ParameterizedTestTest*( sub ) ;
         @f$4|->{}<span class='color_orange'>rearrange:(z)804</span>:org.junit.runner.Result( sub )  ]</span>
      PREDICATE:
      @f$4|->{}<span class='color_orange'>rearrange:(z)804</span>:org.junit.runner.Result( sub )
      explain_leak: case not matched in instr <span class='color_green'>EXIT_SCOPE(_,n$4,n$6); [line 804]</span>
    Instruction Returns
    PROP 1 of 1:
    <span class='color_blue'><span class='color_red'>MEMna &lt; new[]:803 &gt; <span class='color_orange'>{vpath: }</span>(_t$5)</span>; <span class='color_blue'>UND &lt; Result JUnitCore.runClasses(Computer,Class[]) &gt; :53(result)</span>; <span class='color_blue'>RET &lt; boolean Result.wasSuccessful() &gt; (1)</span> ;
    <span class='color_blue'>result = <span class='color_red'>_t$4<span class='color_orange'>update:803</span></span>:org.junit.runner.Result*</span>; <span class='color_blue'>$irvar3 = _t$3<span class='color_orange'>initial</span>:void</span>; <span class='color_blue'>#GB<>$org.junit.tests.running.classes.ParameterizedTestTest$AssumptionInParametersMethod = {assumptionFails:1<span class='color_orange'>update:802</span>}<span class='color_orange'>rearrange:802</span>:org.junit.tests.running.classes.ParameterizedTestTest$AssumptionInParametersMethod( sub )</span>; <span class='color_blue'>$irvar4 = _t$2<span class='color_orange'>initial</span>:void</span>; <span class='color_blue'>$irvar0 = 0<span class='color_orange'>nullify</span>:void</span>; <span class='color_blue'>return = _t$1<span class='color_orange'>initial</span>:void</span>; <span class='color_blue'>$irvar1 = 1<span class='color_orange'>update:804</span>:void</span>; <span class='color_blue'>$irvar2 = _t$0<span class='color_orange'>initial</span>:void</span>; <span class='color_blue'>this = @f$0<span class='color_orange'>formal</span>:org.junit.tests.running.classes.ParameterizedTestTest*( sub )</span>; <span class='color_blue'>old_this = @f$0<span class='color_orange'>formal</span>:org.junit.tests.running.classes.ParameterizedTestTest*( sub )</span> ;
    <span class='color_red'>result|->{failures:@f$1<span class='color_orange'>formal(z)</span>}<span class='color_orange'>formal(z)</span>:org.junit.runner.Result( sub )</span>; <span class='color_blue'>@f$1|->{}<span class='color_orange'>formal(z)</span>:java.util.concurrent.CopyOnWriteArrayList( sub )</span>
    [footprint
       <span class='color_blue'>#GB<>$org.junit.tests.running.classes.ParameterizedTestTest$AssumptionInParametersMethod = {assumptionFails:@f$2<span class='color_orange'>rearrange:802</span>}<span class='color_orange'>rearrange:802</span>:org.junit.tests.running.classes.ParameterizedTestTest$AssumptionInParametersMethod( sub )</span>; <span class='color_blue'>this = @f$0<span class='color_orange'>formal</span>:org.junit.tests.running.classes.ParameterizedTestTest*( sub )</span>  ]</span>
    
    .... After Symbolic Execution ....
    PROP 1 of 2:
    <span class='color_blue'><span class='color_blue'>MEMna &lt; new[]:803 &gt; <span class='color_orange'>{vpath: }</span>(_t$5)</span>; <span class='color_red'>UND &lt; Result JUnitCore.runClasses(Computer,Class[]) &gt; :53(result)</span>; <span class='color_red'>RET &lt; boolean Result.wasSuccessful() &gt; (0)</span> ;
    <span class='color_blue'>result = <span class='color_red'>_t$4<span class='color_orange'>update:803</span></span>:org.junit.runner.Result*</span>; <span class='color_blue'>$irvar3 = <span class='color_red'>_t$3<span class='color_orange'>initial</span></span>:void</span>; <span class='color_blue'>#GB<>$org.junit.tests.running.classes.ParameterizedTestTest$AssumptionInParametersMethod = {assumptionFails:1<span class='color_orange'>update:802</span>}<span class='color_orange'>rearrange:802</span>:org.junit.tests.running.classes.ParameterizedTestTest$AssumptionInParametersMethod( sub )</span>; <span class='color_blue'>$irvar4 = <span class='color_red'>_t$2<span class='color_orange'>initial</span></span>:void</span>; <span class='color_blue'>$irvar0 = 0<span class='color_orange'>nullify</span>:void</span>; <span class='color_blue'>return = <span class='color_red'>_t$1<span class='color_orange'>initial</span></span>:void</span>; <span class='color_blue'>$irvar1 = <span class='color_red'>0<span class='color_orange'>update:804</span></span>:void</span>; <span class='color_blue'>$irvar2 = _t$0<span class='color_orange'>initial</span>:void</span>; <span class='color_blue'>this = @f$0<span class='color_orange'>formal</span>:org.junit.tests.running.classes.ParameterizedTestTest*( sub )</span>; <span class='color_blue'>old_this = @f$0<span class='color_orange'>formal</span>:org.junit.tests.running.classes.ParameterizedTestTest*( sub )</span> ;
    <span class='color_red'>result|->{failures:@f$1<span class='color_orange'>formal(z)</span>}<span class='color_orange'>formal(z)</span>:org.junit.runner.Result( sub )</span>; <span class='color_red'>@f$1|->{}<span class='color_orange'>formal(z)</span>:java.util.concurrent.CopyOnWriteArrayList( sub )</span>
    [footprint
       <span class='color_blue'>#GB<>$org.junit.tests.running.classes.ParameterizedTestTest$AssumptionInParametersMethod = {assumptionFails:<span class='color_red'>@f$2<span class='color_orange'>rearrange:802</span></span>}<span class='color_orange'>rearrange:802</span>:org.junit.tests.running.classes.ParameterizedTestTest$AssumptionInParametersMethod( sub )</span>; <span class='color_blue'>this = @f$0<span class='color_orange'>formal</span>:org.junit.tests.running.classes.ParameterizedTestTest*( sub )</span>  ]</span>
    PROP 2 of 2:
    <span class='color_blue'><span class='color_blue'>MEMna &lt; new[]:803 &gt; <span class='color_orange'>{vpath: }</span>(_t$5)</span>; <span class='color_red'>UND &lt; Result JUnitCore.runClasses(Computer,Class[]) &gt; :53(result)</span>; <span class='color_red'>RET &lt; boolean Result.wasSuccessful() &gt; (1)</span> ;
    <span class='color_blue'>result = <span class='color_red'>_t$4<span class='color_orange'>update:803</span></span>:org.junit.runner.Result*</span>; <span class='color_blue'>$irvar3 = <span class='color_red'>_t$3<span class='color_orange'>initial</span></span>:void</span>; <span class='color_blue'>#GB<>$org.junit.tests.running.classes.ParameterizedTestTest$AssumptionInParametersMethod = {assumptionFails:1<span class='color_orange'>update:802</span>}<span class='color_orange'>rearrange:802</span>:org.junit.tests.running.classes.ParameterizedTestTest$AssumptionInParametersMethod( sub )</span>; <span class='color_blue'>$irvar4 = <span class='color_red'>_t$2<span class='color_orange'>initial</span></span>:void</span>; <span class='color_blue'>$irvar0 = 0<span class='color_orange'>nullify</span>:void</span>; <span class='color_blue'>return = <span class='color_red'>_t$1<span class='color_orange'>initial</span></span>:void</span>; <span class='color_blue'>$irvar1 = <span class='color_red'>1<span class='color_orange'>update:804</span></span>:void</span>; <span class='color_blue'>$irvar2 = _t$0<span class='color_orange'>initial</span>:void</span>; <span class='color_blue'>this = @f$0<span class='color_orange'>formal</span>:org.junit.tests.running.classes.ParameterizedTestTest*( sub )</span>; <span class='color_blue'>old_this = @f$0<span class='color_orange'>formal</span>:org.junit.tests.running.classes.ParameterizedTestTest*( sub )</span> ;
    <span class='color_red'>result|->{failures:@f$1<span class='color_orange'>formal(z)</span>}<span class='color_orange'>formal(z)</span>:org.junit.runner.Result( sub )</span>; <span class='color_red'>@f$1|->{}<span class='color_orange'>formal(z)</span>:java.util.concurrent.CopyOnWriteArrayList( sub )</span>
    [footprint
       <span class='color_blue'>#GB<>$org.junit.tests.running.classes.ParameterizedTestTest$AssumptionInParametersMethod = {assumptionFails:<span class='color_red'>@f$2<span class='color_orange'>rearrange:802</span></span>}<span class='color_orange'>rearrange:802</span>:org.junit.tests.running.classes.ParameterizedTestTest$AssumptionInParametersMethod( sub )</span>; <span class='color_blue'>this = @f$0<span class='color_orange'>formal</span>:org.junit.tests.running.classes.ParameterizedTestTest*( sub )</span>  ]</span>
    
    
    
  </LISTING>
<hr width="100%">
<a name="session77" href="./../nodes/org.junit.tests.running.classes.ParameterizedTestTest.testsAreNotExecutedWhenAssumptionInParametersM.b657b99f7ae2df0c628964aeb6f4e60d_node8.html#session77">node8#session77</a>(<a href="./../../ParameterizedTestTest.java.88da44e98279dfa32c0c7e5c52f053d0.html#LINE804">804</a>) biabduction
<LISTING class='color_black'>**** [RE:Pending] void ParameterizedTestTest.testsAreNotExecutedWhenAssumptionInParametersMethodFails() Node: 8, Procedure: void ParameterizedTestTest.testsAreNotExecutedWhenAssumptionInParametersMethodFails(), Todo: 1 ****
  PROP 1 of 1:
  <span class='color_blue'><span class='color_red'>MEMna &lt; new[]:803 &gt; <span class='color_orange'>{vpath: }</span>(_t$6)</span>; <span class='color_red'>UND &lt; Result JUnitCore.runClasses(Computer,Class[]) &gt; :53(result)</span> ;
  <span class='color_red'>result = _t$5<span class='color_orange'>update:803</span>:org.junit.runner.Result*</span>; <span class='color_red'>$irvar3 = _t$4<span class='color_orange'>initial</span>:void</span>; <span class='color_red'>#GB<>$org.junit.tests.running.classes.ParameterizedTestTest$AssumptionInParametersMethod = {assumptionFails:1<span class='color_orange'>update:802</span>}<span class='color_orange'>formal</span>:org.junit.tests.running.classes.ParameterizedTestTest$AssumptionInParametersMethod( sub )</span>; <span class='color_red'>old_org.junit.tests.running.classes.ParameterizedTestTest$AssumptionInParametersMethod = {assumptionFails:val$2<span class='color_orange'>formal</span>}<span class='color_orange'>formal</span>:org.junit.tests.running.classes.ParameterizedTestTest$AssumptionInParametersMethod( sub )</span>; <span class='color_red'>$irvar4 = _t$3<span class='color_orange'>initial</span>:void</span>; <span class='color_red'>$irvar0 = 0<span class='color_orange'>nullify</span>:void</span>; <span class='color_red'>return = _t$2<span class='color_orange'>initial</span>:void</span>; <span class='color_red'>$irvar1 = _t$1<span class='color_orange'>initial</span>:void</span>; <span class='color_red'>$irvar2 = _t$0<span class='color_orange'>initial</span>:void</span>; <span class='color_red'>this = val$1<span class='color_orange'>formal</span>:org.junit.tests.running.classes.ParameterizedTestTest*( sub )</span>; <span class='color_red'>old_this = val$1<span class='color_orange'>formal</span>:org.junit.tests.running.classes.ParameterizedTestTest*( sub )</span></span>
  .... Instructions: ....
  <span class='color_green'>n$4=*&amp;result:org.junit.runner.Result* [line 804];
  _=*n$4:org.junit.runner.Result*(root org.junit.runner.Result) [line 804];
  n$6=_fun_boolean Result.wasSuccessful()(n$4:org.junit.runner.Result*) virtual [line 804];
  *&amp;$irvar1:_Bool=n$6 [line 804];
  EXIT_SCOPE(_,n$4,n$6); [line 804];
  </span>
  
  Processing prop 1/1
    Instruction <span class='color_green'>n$4=*&amp;result:org.junit.runner.Result* [line 804]</span>
    in vpath_find exp:n$59
    vpath_find: cannot find n$59
    .... Rearrangement Start ....
    Exp: &amp;result
    Prop:
    <span class='color_blue'>MEMna &lt; new[]:803 &gt; <span class='color_orange'>{vpath: }</span>(n$59); UND &lt; Result JUnitCore.runClasses(Computer,Class[]) &gt; :53(result) ;
    result = n$53<span class='color_orange'>update:803</span>:org.junit.runner.Result*; $irvar3 = n$54<span class='color_orange'>initial</span>:void; #GB<>$org.junit.tests.running.classes.ParameterizedTestTest$AssumptionInParametersMethod = {assumptionFails:1<span class='color_orange'>update:802</span>}<span class='color_orange'>formal</span>:org.junit.tests.running.classes.ParameterizedTestTest$AssumptionInParametersMethod( sub ); old_org.junit.tests.running.classes.ParameterizedTestTest$AssumptionInParametersMethod = {assumptionFails:val$2<span class='color_orange'>formal</span>}<span class='color_orange'>formal</span>:org.junit.tests.running.classes.ParameterizedTestTest$AssumptionInParametersMethod( sub ); $irvar4 = n$55<span class='color_orange'>initial</span>:void; $irvar0 = 0<span class='color_orange'>nullify</span>:void; return = n$56<span class='color_orange'>initial</span>:void; $irvar1 = n$57<span class='color_orange'>initial</span>:void; $irvar2 = n$58<span class='color_orange'>initial</span>:void; this = val$1<span class='color_orange'>formal</span>:org.junit.tests.running.classes.ParameterizedTestTest*( sub ); old_this = val$1<span class='color_orange'>formal</span>:org.junit.tests.running.classes.ParameterizedTestTest*( sub )</span>
    
    Prover.check_inconsistency_base: inconsistency reason [None]
    Prover.check_inconsistency_base: inconsistency reason [None]
    Instruction Returns
    PROP 1 of 1:
    <span class='color_blue'><span class='color_blue'>MEMna &lt; new[]:803 &gt; <span class='color_orange'>{vpath: }</span>(_t$5)</span>; <span class='color_red'>UND &lt; Result JUnitCore.runClasses(Computer,Class[]) &gt; :53(result)</span> ;
    <span class='color_blue'>result = <span class='color_red'>n$4<span class='color_orange'>update:803</span></span>:org.junit.runner.Result*</span>; <span class='color_blue'>$irvar3 = _t$4<span class='color_orange'>initial</span>:void</span>; <span class='color_blue'>#GB<>$org.junit.tests.running.classes.ParameterizedTestTest$AssumptionInParametersMethod = {assumptionFails:1<span class='color_orange'>update:802</span>}<span class='color_orange'>formal</span>:org.junit.tests.running.classes.ParameterizedTestTest$AssumptionInParametersMethod( sub )</span>; <span class='color_blue'>old_org.junit.tests.running.classes.ParameterizedTestTest$AssumptionInParametersMethod = {assumptionFails:val$2<span class='color_orange'>formal</span>}<span class='color_orange'>formal</span>:org.junit.tests.running.classes.ParameterizedTestTest$AssumptionInParametersMethod( sub )</span>; <span class='color_blue'>$irvar4 = _t$3<span class='color_orange'>initial</span>:void</span>; <span class='color_blue'>$irvar0 = 0<span class='color_orange'>nullify</span>:void</span>; <span class='color_blue'>return = _t$2<span class='color_orange'>initial</span>:void</span>; <span class='color_blue'>$irvar1 = _t$1<span class='color_orange'>initial</span>:void</span>; <span class='color_blue'>$irvar2 = _t$0<span class='color_orange'>initial</span>:void</span>; <span class='color_blue'>this = val$1<span class='color_orange'>formal</span>:org.junit.tests.running.classes.ParameterizedTestTest*( sub )</span>; <span class='color_blue'>old_this = val$1<span class='color_orange'>formal</span>:org.junit.tests.running.classes.ParameterizedTestTest*( sub )</span></span>
    
    Instruction <span class='color_green'>_=*n$4:org.junit.runner.Result*(root org.junit.runner.Result) [line 804]</span>
    in vpath_find exp:n$65
    vpath_find: cannot find n$65
    .... Rearrangement Start ....
    Exp: n$4
    Prop:
    <span class='color_blue'>MEMna &lt; new[]:803 &gt; <span class='color_orange'>{vpath: }</span>(n$65); UND &lt; Result JUnitCore.runClasses(Computer,Class[]) &gt; :53(result) ;
    result = n$4<span class='color_orange'>update:803</span>:org.junit.runner.Result*; $irvar3 = n$60<span class='color_orange'>initial</span>:void; #GB<>$org.junit.tests.running.classes.ParameterizedTestTest$AssumptionInParametersMethod = {assumptionFails:1<span class='color_orange'>update:802</span>}<span class='color_orange'>formal</span>:org.junit.tests.running.classes.ParameterizedTestTest$AssumptionInParametersMethod( sub ); old_org.junit.tests.running.classes.ParameterizedTestTest$AssumptionInParametersMethod = {assumptionFails:val$2<span class='color_orange'>formal</span>}<span class='color_orange'>formal</span>:org.junit.tests.running.classes.ParameterizedTestTest$AssumptionInParametersMethod( sub ); $irvar4 = n$61<span class='color_orange'>initial</span>:void; $irvar0 = 0<span class='color_orange'>nullify</span>:void; return = n$62<span class='color_orange'>initial</span>:void; $irvar1 = n$63<span class='color_orange'>initial</span>:void; $irvar2 = n$64<span class='color_orange'>initial</span>:void; this = val$1<span class='color_orange'>formal</span>:org.junit.tests.running.classes.ParameterizedTestTest*( sub ); old_this = val$1<span class='color_orange'>formal</span>:org.junit.tests.running.classes.ParameterizedTestTest*( sub )</span>
    
    .... Rearrangement Error .... cannot find predicate with root
    Exp:n$4
    Prop:
    <span class='color_blue'>MEMna &lt; new[]:803 &gt; <span class='color_orange'>{vpath: }</span>(n$65); UND &lt; Result JUnitCore.runClasses(Computer,Class[]) &gt; :53(result) ;
    result = n$4<span class='color_orange'>update:803</span>:org.junit.runner.Result*; $irvar3 = n$60<span class='color_orange'>initial</span>:void; #GB<>$org.junit.tests.running.classes.ParameterizedTestTest$AssumptionInParametersMethod = {assumptionFails:1<span class='color_orange'>update:802</span>}<span class='color_orange'>formal</span>:org.junit.tests.running.classes.ParameterizedTestTest$AssumptionInParametersMethod( sub ); old_org.junit.tests.running.classes.ParameterizedTestTest$AssumptionInParametersMethod = {assumptionFails:val$2<span class='color_orange'>formal</span>}<span class='color_orange'>formal</span>:org.junit.tests.running.classes.ParameterizedTestTest$AssumptionInParametersMethod( sub ); $irvar4 = n$61<span class='color_orange'>initial</span>:void; $irvar0 = 0<span class='color_orange'>nullify</span>:void; return = n$62<span class='color_orange'>initial</span>:void; $irvar1 = n$63<span class='color_orange'>initial</span>:void; $irvar2 = n$64<span class='color_orange'>initial</span>:void; this = val$1<span class='color_orange'>formal</span>:org.junit.tests.running.classes.ParameterizedTestTest*( sub ); old_this = val$1<span class='color_orange'>formal</span>:org.junit.tests.running.classes.ParameterizedTestTest*( sub )</span>
    
    Instruction Returns
    PROP 1 of 1:
    <span class='color_blue'><span class='color_blue'>MEMna &lt; new[]:803 &gt; <span class='color_orange'>{vpath: }</span>(_t$5)</span>; <span class='color_blue'>UND &lt; Result JUnitCore.runClasses(Computer,Class[]) &gt; :53(result)</span> ;
    <span class='color_blue'>result = n$4<span class='color_orange'>update:803</span>:org.junit.runner.Result*</span>; <span class='color_blue'>$irvar3 = _t$4<span class='color_orange'>initial</span>:void</span>; <span class='color_blue'>#GB<>$org.junit.tests.running.classes.ParameterizedTestTest$AssumptionInParametersMethod = {assumptionFails:1<span class='color_orange'>update:802</span>}<span class='color_orange'>formal</span>:org.junit.tests.running.classes.ParameterizedTestTest$AssumptionInParametersMethod( sub )</span>; <span class='color_blue'>old_org.junit.tests.running.classes.ParameterizedTestTest$AssumptionInParametersMethod = {assumptionFails:val$2<span class='color_orange'>formal</span>}<span class='color_orange'>formal</span>:org.junit.tests.running.classes.ParameterizedTestTest$AssumptionInParametersMethod( sub )</span>; <span class='color_blue'>$irvar4 = _t$3<span class='color_orange'>initial</span>:void</span>; <span class='color_blue'>$irvar0 = 0<span class='color_orange'>nullify</span>:void</span>; <span class='color_blue'>return = _t$2<span class='color_orange'>initial</span>:void</span>; <span class='color_blue'>$irvar1 = _t$1<span class='color_orange'>initial</span>:void</span>; <span class='color_blue'>$irvar2 = _t$0<span class='color_orange'>initial</span>:void</span>; <span class='color_blue'>this = val$1<span class='color_orange'>formal</span>:org.junit.tests.running.classes.ParameterizedTestTest*( sub )</span>; <span class='color_blue'>old_this = val$1<span class='color_orange'>formal</span>:org.junit.tests.running.classes.ParameterizedTestTest*( sub )</span></span>
    
    Instruction <span class='color_green'>n$6=_fun_boolean Result.wasSuccessful()(n$4:org.junit.runner.Result*) virtual [line 804]</span>
    in vpath_find exp:n$71
    vpath_find: cannot find n$71
    Found 1 specs for function org.junit.runner.Result.wasSuccessful():boolean
    START EXECUTING SPECS FOR org.junit.runner.Result.wasSuccessful():boolean from state
    <span class='color_blue'>MEMna &lt; new[]:803 &gt; <span class='color_orange'>{vpath: }</span>(n$71); UND &lt; Result JUnitCore.runClasses(Computer,Class[]) &gt; :53(result) ;
    result = n$4<span class='color_orange'>update:803</span>:org.junit.runner.Result*; $irvar3 = n$66<span class='color_orange'>initial</span>:void; #GB<>$org.junit.tests.running.classes.ParameterizedTestTest$AssumptionInParametersMethod = {assumptionFails:1<span class='color_orange'>update:802</span>}<span class='color_orange'>formal</span>:org.junit.tests.running.classes.ParameterizedTestTest$AssumptionInParametersMethod( sub ); old_org.junit.tests.running.classes.ParameterizedTestTest$AssumptionInParametersMethod = {assumptionFails:val$2<span class='color_orange'>formal</span>}<span class='color_orange'>formal</span>:org.junit.tests.running.classes.ParameterizedTestTest$AssumptionInParametersMethod( sub ); $irvar4 = n$67<span class='color_orange'>initial</span>:void; $irvar0 = 0<span class='color_orange'>nullify</span>:void; return = n$68<span class='color_orange'>initial</span>:void; $irvar1 = n$69<span class='color_orange'>initial</span>:void; $irvar2 = n$70<span class='color_orange'>initial</span>:void; this = val$1<span class='color_orange'>formal</span>:org.junit.tests.running.classes.ParameterizedTestTest*( sub ); old_this = val$1<span class='color_orange'>formal</span>:org.junit.tests.running.classes.ParameterizedTestTest*( sub )</span>
    EXECUTING SPEC 1/1
    ACTUAL PRECONDITION =
      <span class='color_blue'>MEMna &lt; new[]:803 &gt; <span class='color_orange'>{vpath: }</span>(n$71); UND &lt; Result JUnitCore.runClasses(Computer,Class[]) &gt; :53(this|callee) ;
      result = n$4<span class='color_orange'>update:803</span>:org.junit.runner.Result*; $irvar3 = n$66<span class='color_orange'>initial</span>:void; #GB<>$org.junit.tests.running.classes.ParameterizedTestTest$AssumptionInParametersMethod = {assumptionFails:1<span class='color_orange'>update:802</span>}<span class='color_orange'>formal</span>:org.junit.tests.running.classes.ParameterizedTestTest$AssumptionInParametersMethod( sub ); old_org.junit.tests.running.classes.ParameterizedTestTest$AssumptionInParametersMethod = {assumptionFails:val$2<span class='color_orange'>formal</span>}<span class='color_orange'>formal</span>:org.junit.tests.running.classes.ParameterizedTestTest$AssumptionInParametersMethod( sub ); $irvar4 = n$67<span class='color_orange'>initial</span>:void; $irvar0 = 0<span class='color_orange'>nullify</span>:void; return = n$68<span class='color_orange'>initial</span>:void; $irvar1 = n$69<span class='color_orange'>initial</span>:void; $irvar2 = n$70<span class='color_orange'>initial</span>:void; this = val$1<span class='color_orange'>formal</span>:org.junit.tests.running.classes.ParameterizedTestTest*( sub ); this|callee = n$4<span class='color_orange'>actual_precondition</span>:org.junit.runner.Result*; old_this = val$1<span class='color_orange'>formal</span>:org.junit.tests.running.classes.ParameterizedTestTest*( sub )</span>
    SPEC =
      --------------------------- ---------- ---------------------------
      PRE:
      <span class='color_blue'><span class='color_blue'>this|callee = _t$86<span class='color_orange'>formal</span>:org.junit.runner.Result*( sub ) ;
      _t$85|->{}<span class='color_orange'>rearrange:(z)68</span>:java.util.concurrent.CopyOnWriteArrayList( sub ); this|callee|->{failures:_t$85<span class='color_orange'>rearrange:(z)68</span>}<span class='color_orange'>rearrange:(z)110</span>:org.junit.runner.Result( sub )</span></span>
      POST 1 of 2:
      <span class='color_blue'><span class='color_red'>return|callee = 0<span class='color_orange'>update:110</span>:_Bool</span> ;
      _t$85|->{}<span class='color_orange'>formal(z)</span>:java.util.concurrent.CopyOnWriteArrayList( sub ); this|callee|->{failures:_t$85<span class='color_orange'>formal(z)</span>}<span class='color_orange'>formal(z)</span>:org.junit.runner.Result( sub )</span>
      POST 2 of 2:
      <span class='color_blue'><span class='color_red'>return|callee = 1<span class='color_orange'>update:110</span>:_Bool</span> ;
      _t$85|->{}<span class='color_orange'>formal(z)</span>:java.util.concurrent.CopyOnWriteArrayList( sub ); this|callee|->{failures:_t$85<span class='color_orange'>formal(z)</span>}<span class='color_orange'>formal(z)</span>:org.junit.runner.Result( sub )</span>
      ----------------------------------------------------------------
    pre_check_pure_implication
    pi1:
      MEMna &lt; new[]:803 &gt; <span class='color_orange'>{vpath: }</span>(n$71); UND &lt; Result JUnitCore.runClasses(Computer,Class[]) &gt; :53(n$4)
    pi2:
      
    returns
    sub1:
      
    sub2:
      
    Current Implication
    SUB:
      
    <span class='color_blue'>MEMna &lt; new[]:803 &gt; <span class='color_orange'>{vpath: }</span>(n$71); UND &lt; Result JUnitCore.runClasses(Computer,Class[]) &gt; :53(this|callee) ;
    result = n$4<span class='color_orange'>update:803</span>:org.junit.runner.Result*; $irvar3 = n$66<span class='color_orange'>initial</span>:void; #GB<>$org.junit.tests.running.classes.ParameterizedTestTest$AssumptionInParametersMethod = {assumptionFails:1<span class='color_orange'>update:802</span>}<span class='color_orange'>formal</span>:org.junit.tests.running.classes.ParameterizedTestTest$AssumptionInParametersMethod( sub ); old_org.junit.tests.running.classes.ParameterizedTestTest$AssumptionInParametersMethod = {assumptionFails:val$2<span class='color_orange'>formal</span>}<span class='color_orange'>formal</span>:org.junit.tests.running.classes.ParameterizedTestTest$AssumptionInParametersMethod( sub ); $irvar4 = n$67<span class='color_orange'>initial</span>:void; $irvar0 = 0<span class='color_orange'>nullify</span>:void; return = n$68<span class='color_orange'>initial</span>:void; $irvar1 = n$69<span class='color_orange'>initial</span>:void; $irvar2 = n$70<span class='color_orange'>initial</span>:void; this = val$1<span class='color_orange'>formal</span>:org.junit.tests.running.classes.ParameterizedTestTest*( sub ); this|callee = n$4<span class='color_orange'>actual_precondition</span>:org.junit.runner.Result*; old_this = val$1<span class='color_orange'>formal</span>:org.junit.tests.running.classes.ParameterizedTestTest*( sub )</span>
    |-
    <span class='color_blue'>this|callee = _t$86<span class='color_orange'>formal</span>:org.junit.runner.Result*( sub ) ;
    this|callee|->{failures:_t$85<span class='color_orange'>rearrange:(z)68</span>}<span class='color_orange'>rearrange:(z)110</span>:org.junit.runner.Result( sub ); _t$85|->{}<span class='color_orange'>rearrange:(z)68</span>:java.util.concurrent.CopyOnWriteArrayList( sub )</span>
    
      do_imply n$4 _t$86
        Current Implication
        SUB:
          
        <span class='color_blue'>MEMna &lt; new[]:803 &gt; <span class='color_orange'>{vpath: }</span>(n$71); UND &lt; Result JUnitCore.runClasses(Computer,Class[]) &gt; :53(result) ;
        result = n$4<span class='color_orange'>update:803</span>:org.junit.runner.Result*; $irvar3 = n$66<span class='color_orange'>initial</span>:void; #GB<>$org.junit.tests.running.classes.ParameterizedTestTest$AssumptionInParametersMethod = {assumptionFails:1<span class='color_orange'>update:802</span>}<span class='color_orange'>formal</span>:org.junit.tests.running.classes.ParameterizedTestTest$AssumptionInParametersMethod( sub ); old_org.junit.tests.running.classes.ParameterizedTestTest$AssumptionInParametersMethod = {assumptionFails:val$2<span class='color_orange'>formal</span>}<span class='color_orange'>formal</span>:org.junit.tests.running.classes.ParameterizedTestTest$AssumptionInParametersMethod( sub ); $irvar4 = n$67<span class='color_orange'>initial</span>:void; $irvar0 = 0<span class='color_orange'>nullify</span>:void; return = n$68<span class='color_orange'>initial</span>:void; $irvar1 = n$69<span class='color_orange'>initial</span>:void; $irvar2 = n$70<span class='color_orange'>initial</span>:void; this = val$1<span class='color_orange'>formal</span>:org.junit.tests.running.classes.ParameterizedTestTest*( sub ); old_this = val$1<span class='color_orange'>formal</span>:org.junit.tests.running.classes.ParameterizedTestTest*( sub )</span>
        [SUB: 
          _t$86 = n$4]
        |-
        <span class='color_blue'>n$4|->{failures:_t$85<span class='color_orange'>rearrange:(z)68</span>}<span class='color_orange'>rearrange:(z)110</span>:org.junit.runner.Result( sub ); _t$85|->{}<span class='color_orange'>rearrange:(z)68</span>:java.util.concurrent.CopyOnWriteArrayList( sub )</span>
        
            Current Implication
            SUB:
              
            <span class='color_blue'>MEMna &lt; new[]:803 &gt; <span class='color_orange'>{vpath: }</span>(n$71); UND &lt; Result JUnitCore.runClasses(Computer,Class[]) &gt; :53(result) ;
            result = n$4<span class='color_orange'>update:803</span>:org.junit.runner.Result*; $irvar3 = n$66<span class='color_orange'>initial</span>:void; #GB<>$org.junit.tests.running.classes.ParameterizedTestTest$AssumptionInParametersMethod = {assumptionFails:1<span class='color_orange'>update:802</span>}<span class='color_orange'>formal</span>:org.junit.tests.running.classes.ParameterizedTestTest$AssumptionInParametersMethod( sub ); old_org.junit.tests.running.classes.ParameterizedTestTest$AssumptionInParametersMethod = {assumptionFails:val$2<span class='color_orange'>formal</span>}<span class='color_orange'>formal</span>:org.junit.tests.running.classes.ParameterizedTestTest$AssumptionInParametersMethod( sub ); $irvar4 = n$67<span class='color_orange'>initial</span>:void; $irvar0 = 0<span class='color_orange'>nullify</span>:void; return = n$68<span class='color_orange'>initial</span>:void; $irvar1 = n$69<span class='color_orange'>initial</span>:void; $irvar2 = n$70<span class='color_orange'>initial</span>:void; this = val$1<span class='color_orange'>formal</span>:org.junit.tests.running.classes.ParameterizedTestTest*( sub ); old_this = val$1<span class='color_orange'>formal</span>:org.junit.tests.running.classes.ParameterizedTestTest*( sub )</span>
            [SUB: 
              _t$85 = %path%n4_org.junit.runner.Result.failures$-3; _t$86 = n$4
            n$4|->{failures:_t$85<span class='color_orange'>rearrange:(z)68</span>}<span class='color_orange'>rearrange:(z)110</span>:org.junit.runner.Result( sub )]
            |-
            <span class='color_blue'>%path%n4_org.junit.runner.Result.failures$-3|->{}<span class='color_orange'>rearrange:(z)68</span>:java.util.concurrent.CopyOnWriteArrayList( sub )</span>
            
                Final Implication
                SUB:
                  
                <span class='color_blue'>MEMna &lt; new[]:803 &gt; <span class='color_orange'>{vpath: }</span>(n$71); UND &lt; Result JUnitCore.runClasses(Computer,Class[]) &gt; :53(result) ;
                result = n$4<span class='color_orange'>update:803</span>:org.junit.runner.Result*; $irvar3 = n$66<span class='color_orange'>initial</span>:void; #GB<>$org.junit.tests.running.classes.ParameterizedTestTest$AssumptionInParametersMethod = {assumptionFails:1<span class='color_orange'>update:802</span>}<span class='color_orange'>formal</span>:org.junit.tests.running.classes.ParameterizedTestTest$AssumptionInParametersMethod( sub ); old_org.junit.tests.running.classes.ParameterizedTestTest$AssumptionInParametersMethod = {assumptionFails:val$2<span class='color_orange'>formal</span>}<span class='color_orange'>formal</span>:org.junit.tests.running.classes.ParameterizedTestTest$AssumptionInParametersMethod( sub ); $irvar4 = n$67<span class='color_orange'>initial</span>:void; $irvar0 = 0<span class='color_orange'>nullify</span>:void; return = n$68<span class='color_orange'>initial</span>:void; $irvar1 = n$69<span class='color_orange'>initial</span>:void; $irvar2 = n$70<span class='color_orange'>initial</span>:void; this = val$1<span class='color_orange'>formal</span>:org.junit.tests.running.classes.ParameterizedTestTest*( sub ); old_this = val$1<span class='color_orange'>formal</span>:org.junit.tests.running.classes.ParameterizedTestTest*( sub )</span>
                [SUB: 
                  _t$85 = %path%n4_org.junit.runner.Result.failures$-3; _t$86 = n$4
                %path%n4_org.junit.runner.Result.failures$-3|->{}<span class='color_orange'>rearrange:(z)68</span>:java.util.concurrent.CopyOnWriteArrayList( sub ); n$4|->{failures:_t$85<span class='color_orange'>rearrange:(z)68</span>}<span class='color_orange'>rearrange:(z)110</span>:org.junit.runner.Result( sub )]
                |-
                <span class='color_blue'></span>
    Result of Abduction
      SUB:
        
      <span class='color_blue'>MEMna &lt; new[]:803 &gt; <span class='color_orange'>{vpath: }</span>(n$71); UND &lt; Result JUnitCore.runClasses(Computer,Class[]) &gt; :53(this|callee) ;
      result = n$4<span class='color_orange'>update:803</span>:org.junit.runner.Result*; $irvar3 = n$66<span class='color_orange'>initial</span>:void; #GB<>$org.junit.tests.running.classes.ParameterizedTestTest$AssumptionInParametersMethod = {assumptionFails:1<span class='color_orange'>update:802</span>}<span class='color_orange'>formal</span>:org.junit.tests.running.classes.ParameterizedTestTest$AssumptionInParametersMethod( sub ); old_org.junit.tests.running.classes.ParameterizedTestTest$AssumptionInParametersMethod = {assumptionFails:val$2<span class='color_orange'>formal</span>}<span class='color_orange'>formal</span>:org.junit.tests.running.classes.ParameterizedTestTest$AssumptionInParametersMethod( sub ); $irvar4 = n$67<span class='color_orange'>initial</span>:void; $irvar0 = 0<span class='color_orange'>nullify</span>:void; return = n$68<span class='color_orange'>initial</span>:void; $irvar1 = n$69<span class='color_orange'>initial</span>:void; $irvar2 = n$70<span class='color_orange'>initial</span>:void; this = val$1<span class='color_orange'>formal</span>:org.junit.tests.running.classes.ParameterizedTestTest*( sub ); this|callee = n$4<span class='color_orange'>actual_precondition</span>:org.junit.runner.Result*; old_this = val$1<span class='color_orange'>formal</span>:org.junit.tests.running.classes.ParameterizedTestTest*( sub )</span>
      [SUB: 
        _t$85 = %path%n4_org.junit.runner.Result.failures$-3; _t$86 = n$4
      %path%n4_org.junit.runner.Result.failures$-3|->{}<span class='color_orange'>rearrange:(z)68</span>:java.util.concurrent.CopyOnWriteArrayList( sub ); n$4|->{failures:_t$85<span class='color_orange'>rearrange:(z)68</span>}<span class='color_orange'>rearrange:(z)110</span>:org.junit.runner.Result( sub )]
      |-
      <span class='color_blue'>this|callee = n$4<span class='color_orange'>formal</span>:org.junit.runner.Result*( sub ) ;
      %path%n4_org.junit.runner.Result.failures$-3|->{}<span class='color_orange'>rearrange:(z)68</span>:java.util.concurrent.CopyOnWriteArrayList( sub ); this|callee|->{failures:%path%n4_org.junit.runner.Result.failures$-3<span class='color_orange'>rearrange:(z)68</span>}<span class='color_orange'>rearrange:(z)110</span>:org.junit.runner.Result( sub )</span>
    returning TRUE
    explain_dereference_as_caller_expression _t$86: cannot explain None
    <span class='color_red'>found error in dereference</span>
    spec_pre:
    <span class='color_blue'>this|callee = _t$86<span class='color_orange'>formal</span>:org.junit.runner.Result*( sub ) ;
    _t$85|->{}<span class='color_orange'>rearrange:(z)68</span>:java.util.concurrent.CopyOnWriteArrayList( sub ); this|callee|->{failures:_t$85<span class='color_orange'>rearrange:(z)68</span>}<span class='color_orange'>rearrange:(z)110</span>:org.junit.runner.Result( sub )</span>
    exp _t$86 desc: 
      New footprint:
      %path%n4_org.junit.runner.Result.failures$-3|->{}<span class='color_orange'>rearrange:(z)68</span>:java.util.concurrent.CopyOnWriteArrayList( sub ); n$4|->{failures:%path%n4_org.junit.runner.Result.failures$-3<span class='color_orange'>rearrange:(z)68</span>}<span class='color_orange'>rearrange:(z)110</span>:org.junit.runner.Result( sub )
      Frame fld:
      
      Missing fld:
      
      Instantiated frame:
      &amp;result|->n$4<span class='color_orange'>update:803</span>:org.junit.runner.Result*; &amp;$irvar3|->n$66<span class='color_orange'>initial</span>:void; &amp;#GB<>$org.junit.tests.running.classes.ParameterizedTestTest$AssumptionInParametersMethod|->{assumptionFails:1<span class='color_orange'>update:802</span>}<span class='color_orange'>formal</span>:org.junit.tests.running.classes.ParameterizedTestTest$AssumptionInParametersMethod( sub ); &amp;old_org.junit.tests.running.classes.ParameterizedTestTest$AssumptionInParametersMethod|->{assumptionFails:val$2<span class='color_orange'>formal</span>}<span class='color_orange'>formal</span>:org.junit.tests.running.classes.ParameterizedTestTest$AssumptionInParametersMethod( sub ); &amp;$irvar4|->n$67<span class='color_orange'>initial</span>:void; &amp;$irvar0|->0<span class='color_orange'>nullify</span>:void; &amp;return|->n$68<span class='color_orange'>initial</span>:void; &amp;$irvar1|->n$69<span class='color_orange'>initial</span>:void; &amp;$irvar2|->n$70<span class='color_orange'>initial</span>:void; &amp;this|->val$1<span class='color_orange'>formal</span>:org.junit.tests.running.classes.ParameterizedTestTest*( sub ); &amp;old_this|->val$1<span class='color_orange'>formal</span>:org.junit.tests.running.classes.ParameterizedTestTest*( sub )
      Instantiated post:
      PROP 1 of 2:
      <span class='color_blue'><span class='color_red'>return|callee = 0<span class='color_orange'>update:804</span>:_Bool</span> ;
      <span class='color_red'>%path%n4_org.junit.runner.Result.failures$-3|->{}<span class='color_orange'>formal(z)</span>:java.util.concurrent.CopyOnWriteArrayList( sub )</span>; <span class='color_red'>n$4|->{failures:%path%n4_org.junit.runner.Result.failures$-3<span class='color_orange'>formal(z)</span>}<span class='color_orange'>formal(z)</span>:org.junit.runner.Result( sub )</span></span>
      PROP 2 of 2:
      <span class='color_blue'><span class='color_red'>return|callee = 1<span class='color_orange'>update:804</span>:_Bool</span> ;
      <span class='color_red'>%path%n4_org.junit.runner.Result.failures$-3|->{}<span class='color_orange'>formal(z)</span>:java.util.concurrent.CopyOnWriteArrayList( sub )</span>; <span class='color_red'>n$4|->{failures:%path%n4_org.junit.runner.Result.failures$-3<span class='color_orange'>formal(z)</span>}<span class='color_orange'>formal(z)</span>:org.junit.runner.Result( sub )</span></span>
      
    ***** RESULTS FUNCTION CALL *******
    PROP 1 of 2:
    <span class='color_blue'><span class='color_red'>n$6 = 0</span> ;
    <span class='color_blue'>MEMna &lt; new[]:803 &gt; <span class='color_orange'>{vpath: }</span>(n$71)</span>; <span class='color_blue'>UND &lt; Result JUnitCore.runClasses(Computer,Class[]) &gt; :53(result)</span> ;
    <span class='color_blue'>result = n$4<span class='color_orange'>update:803</span>:org.junit.runner.Result*</span>; <span class='color_blue'>$irvar3 = n$66<span class='color_orange'>initial</span>:void</span>; <span class='color_blue'>#GB<>$org.junit.tests.running.classes.ParameterizedTestTest$AssumptionInParametersMethod = {assumptionFails:1<span class='color_orange'>update:802</span>}<span class='color_orange'>formal</span>:org.junit.tests.running.classes.ParameterizedTestTest$AssumptionInParametersMethod( sub )</span>; <span class='color_blue'>old_org.junit.tests.running.classes.ParameterizedTestTest$AssumptionInParametersMethod = {assumptionFails:val$2<span class='color_orange'>formal</span>}<span class='color_orange'>formal</span>:org.junit.tests.running.classes.ParameterizedTestTest$AssumptionInParametersMethod( sub )</span>; <span class='color_blue'>$irvar4 = n$67<span class='color_orange'>initial</span>:void</span>; <span class='color_blue'>$irvar0 = 0<span class='color_orange'>nullify</span>:void</span>; <span class='color_blue'>return = n$68<span class='color_orange'>initial</span>:void</span>; <span class='color_blue'>$irvar1 = n$69<span class='color_orange'>initial</span>:void</span>; <span class='color_blue'>$irvar2 = n$70<span class='color_orange'>initial</span>:void</span>; <span class='color_blue'>this = val$1<span class='color_orange'>formal</span>:org.junit.tests.running.classes.ParameterizedTestTest*( sub )</span>; <span class='color_blue'>old_this = val$1<span class='color_orange'>formal</span>:org.junit.tests.running.classes.ParameterizedTestTest*( sub )</span> ;
    <span class='color_red'>%path%n4_org.junit.runner.Result.failures$-3|->{}<span class='color_orange'>formal(z)</span>:java.util.concurrent.CopyOnWriteArrayList( sub )</span>; <span class='color_red'>result|->{failures:%path%n4_org.junit.runner.Result.failures$-3<span class='color_orange'>formal(z)</span>}<span class='color_orange'>formal(z)</span>:org.junit.runner.Result( sub )</span></span>
    PROP 2 of 2:
    <span class='color_blue'><span class='color_red'>n$6 = 1</span> ;
    <span class='color_blue'>MEMna &lt; new[]:803 &gt; <span class='color_orange'>{vpath: }</span>(n$71)</span>; <span class='color_blue'>UND &lt; Result JUnitCore.runClasses(Computer,Class[]) &gt; :53(result)</span> ;
    <span class='color_blue'>result = n$4<span class='color_orange'>update:803</span>:org.junit.runner.Result*</span>; <span class='color_blue'>$irvar3 = n$66<span class='color_orange'>initial</span>:void</span>; <span class='color_blue'>#GB<>$org.junit.tests.running.classes.ParameterizedTestTest$AssumptionInParametersMethod = {assumptionFails:1<span class='color_orange'>update:802</span>}<span class='color_orange'>formal</span>:org.junit.tests.running.classes.ParameterizedTestTest$AssumptionInParametersMethod( sub )</span>; <span class='color_blue'>old_org.junit.tests.running.classes.ParameterizedTestTest$AssumptionInParametersMethod = {assumptionFails:val$2<span class='color_orange'>formal</span>}<span class='color_orange'>formal</span>:org.junit.tests.running.classes.ParameterizedTestTest$AssumptionInParametersMethod( sub )</span>; <span class='color_blue'>$irvar4 = n$67<span class='color_orange'>initial</span>:void</span>; <span class='color_blue'>$irvar0 = 0<span class='color_orange'>nullify</span>:void</span>; <span class='color_blue'>return = n$68<span class='color_orange'>initial</span>:void</span>; <span class='color_blue'>$irvar1 = n$69<span class='color_orange'>initial</span>:void</span>; <span class='color_blue'>$irvar2 = n$70<span class='color_orange'>initial</span>:void</span>; <span class='color_blue'>this = val$1<span class='color_orange'>formal</span>:org.junit.tests.running.classes.ParameterizedTestTest*( sub )</span>; <span class='color_blue'>old_this = val$1<span class='color_orange'>formal</span>:org.junit.tests.running.classes.ParameterizedTestTest*( sub )</span> ;
    <span class='color_red'>%path%n4_org.junit.runner.Result.failures$-3|->{}<span class='color_orange'>formal(z)</span>:java.util.concurrent.CopyOnWriteArrayList( sub )</span>; <span class='color_red'>result|->{failures:%path%n4_org.junit.runner.Result.failures$-3<span class='color_orange'>formal(z)</span>}<span class='color_orange'>formal(z)</span>:org.junit.runner.Result( sub )</span></span>
    ***** END RESULTS FUNCTION CALL *******
    pvar: result
    <span class='color_red'>found error in dereference</span>
    spec_pre:
    <span class='color_blue'>n$6 = 0 ;
    MEMna &lt; new[]:803 &gt; <span class='color_orange'>{vpath: }</span>(n$71); UND &lt; Result JUnitCore.runClasses(Computer,Class[]) &gt; :53(result) ;
    result = n$4<span class='color_orange'>update:803</span>:org.junit.runner.Result*; $irvar3 = n$66<span class='color_orange'>initial</span>:void; #GB<>$org.junit.tests.running.classes.ParameterizedTestTest$AssumptionInParametersMethod = {assumptionFails:1<span class='color_orange'>update:802</span>}<span class='color_orange'>formal</span>:org.junit.tests.running.classes.ParameterizedTestTest$AssumptionInParametersMethod( sub ); old_org.junit.tests.running.classes.ParameterizedTestTest$AssumptionInParametersMethod = {assumptionFails:val$2<span class='color_orange'>formal</span>}<span class='color_orange'>formal</span>:org.junit.tests.running.classes.ParameterizedTestTest$AssumptionInParametersMethod( sub ); $irvar4 = n$67<span class='color_orange'>initial</span>:void; $irvar0 = 0<span class='color_orange'>nullify</span>:void; return = n$68<span class='color_orange'>initial</span>:void; $irvar1 = n$69<span class='color_orange'>initial</span>:void; $irvar2 = n$70<span class='color_orange'>initial</span>:void; this = val$1<span class='color_orange'>formal</span>:org.junit.tests.running.classes.ParameterizedTestTest*( sub ); old_this = val$1<span class='color_orange'>formal</span>:org.junit.tests.running.classes.ParameterizedTestTest*( sub ) ;
    %path%n4_org.junit.runner.Result.failures$-3|->{}<span class='color_orange'>formal(z)</span>:java.util.concurrent.CopyOnWriteArrayList( sub ); result|->{failures:%path%n4_org.junit.runner.Result.failures$-3<span class='color_orange'>formal(z)</span>}<span class='color_orange'>formal(z)</span>:org.junit.runner.Result( sub )</span>
    exp n$4 desc: 
    pvar: result
    <span class='color_red'>found error in dereference</span>
    spec_pre:
    <span class='color_blue'>n$6 = 1 ;
    MEMna &lt; new[]:803 &gt; <span class='color_orange'>{vpath: }</span>(n$71); UND &lt; Result JUnitCore.runClasses(Computer,Class[]) &gt; :53(result) ;
    result = n$4<span class='color_orange'>update:803</span>:org.junit.runner.Result*; $irvar3 = n$66<span class='color_orange'>initial</span>:void; #GB<>$org.junit.tests.running.classes.ParameterizedTestTest$AssumptionInParametersMethod = {assumptionFails:1<span class='color_orange'>update:802</span>}<span class='color_orange'>formal</span>:org.junit.tests.running.classes.ParameterizedTestTest$AssumptionInParametersMethod( sub ); old_org.junit.tests.running.classes.ParameterizedTestTest$AssumptionInParametersMethod = {assumptionFails:val$2<span class='color_orange'>formal</span>}<span class='color_orange'>formal</span>:org.junit.tests.running.classes.ParameterizedTestTest$AssumptionInParametersMethod( sub ); $irvar4 = n$67<span class='color_orange'>initial</span>:void; $irvar0 = 0<span class='color_orange'>nullify</span>:void; return = n$68<span class='color_orange'>initial</span>:void; $irvar1 = n$69<span class='color_orange'>initial</span>:void; $irvar2 = n$70<span class='color_orange'>initial</span>:void; this = val$1<span class='color_orange'>formal</span>:org.junit.tests.running.classes.ParameterizedTestTest*( sub ); old_this = val$1<span class='color_orange'>formal</span>:org.junit.tests.running.classes.ParameterizedTestTest*( sub ) ;
    %path%n4_org.junit.runner.Result.failures$-3|->{}<span class='color_orange'>formal(z)</span>:java.util.concurrent.CopyOnWriteArrayList( sub ); result|->{failures:%path%n4_org.junit.runner.Result.failures$-3<span class='color_orange'>formal(z)</span>}<span class='color_orange'>formal(z)</span>:org.junit.runner.Result( sub )</span>
    exp n$4 desc: 
    Prover.check_inconsistency_base: inconsistency reason [None]
    Prover.check_inconsistency_base: inconsistency reason [None]
    Prover.check_inconsistency_base: inconsistency reason [None]
    Prover.check_inconsistency_base: inconsistency reason [None]
    Prover.check_inconsistency_base: inconsistency reason [None]
    Prover.check_inconsistency_base: inconsistency reason [None]
    Instruction Returns
    PROP 1 of 2:
    <span class='color_blue'><span class='color_red'>n$6 = 0</span> ;
    <span class='color_red'>MEMna &lt; new[]:803 &gt; <span class='color_orange'>{vpath: }</span>(_t$6)</span>; <span class='color_blue'>UND &lt; Result JUnitCore.runClasses(Computer,Class[]) &gt; :53(result)</span>; <span class='color_red'>RET &lt; boolean Result.wasSuccessful() &gt; (0)</span> ;
    <span class='color_blue'>result = n$4<span class='color_orange'>update:803</span>:org.junit.runner.Result*</span>; <span class='color_blue'>$irvar3 = _t$4<span class='color_orange'>initial</span>:void</span>; <span class='color_blue'>#GB<>$org.junit.tests.running.classes.ParameterizedTestTest$AssumptionInParametersMethod = {assumptionFails:1<span class='color_orange'>update:802</span>}<span class='color_orange'>formal</span>:org.junit.tests.running.classes.ParameterizedTestTest$AssumptionInParametersMethod( sub )</span>; <span class='color_blue'>old_org.junit.tests.running.classes.ParameterizedTestTest$AssumptionInParametersMethod = {assumptionFails:val$2<span class='color_orange'>formal</span>}<span class='color_orange'>formal</span>:org.junit.tests.running.classes.ParameterizedTestTest$AssumptionInParametersMethod( sub )</span>; <span class='color_blue'>$irvar4 = _t$3<span class='color_orange'>initial</span>:void</span>; <span class='color_blue'>$irvar0 = 0<span class='color_orange'>nullify</span>:void</span>; <span class='color_blue'>return = _t$2<span class='color_orange'>initial</span>:void</span>; <span class='color_blue'>$irvar1 = _t$1<span class='color_orange'>initial</span>:void</span>; <span class='color_blue'>$irvar2 = _t$0<span class='color_orange'>initial</span>:void</span>; <span class='color_blue'>this = val$1<span class='color_orange'>formal</span>:org.junit.tests.running.classes.ParameterizedTestTest*( sub )</span>; <span class='color_blue'>old_this = val$1<span class='color_orange'>formal</span>:org.junit.tests.running.classes.ParameterizedTestTest*( sub )</span> ;
    <span class='color_red'>_t$5|->{}<span class='color_orange'>formal(z)</span>:java.util.concurrent.CopyOnWriteArrayList( sub )</span>; <span class='color_red'>result|->{failures:_t$5<span class='color_orange'>formal(z)</span>}<span class='color_orange'>formal(z)</span>:org.junit.runner.Result( sub )</span></span>
    PROP 2 of 2:
    <span class='color_blue'><span class='color_red'>n$6 = 1</span> ;
    <span class='color_red'>MEMna &lt; new[]:803 &gt; <span class='color_orange'>{vpath: }</span>(_t$6)</span>; <span class='color_blue'>UND &lt; Result JUnitCore.runClasses(Computer,Class[]) &gt; :53(result)</span>; <span class='color_red'>RET &lt; boolean Result.wasSuccessful() &gt; (1)</span> ;
    <span class='color_blue'>result = n$4<span class='color_orange'>update:803</span>:org.junit.runner.Result*</span>; <span class='color_blue'>$irvar3 = _t$4<span class='color_orange'>initial</span>:void</span>; <span class='color_blue'>#GB<>$org.junit.tests.running.classes.ParameterizedTestTest$AssumptionInParametersMethod = {assumptionFails:1<span class='color_orange'>update:802</span>}<span class='color_orange'>formal</span>:org.junit.tests.running.classes.ParameterizedTestTest$AssumptionInParametersMethod( sub )</span>; <span class='color_blue'>old_org.junit.tests.running.classes.ParameterizedTestTest$AssumptionInParametersMethod = {assumptionFails:val$2<span class='color_orange'>formal</span>}<span class='color_orange'>formal</span>:org.junit.tests.running.classes.ParameterizedTestTest$AssumptionInParametersMethod( sub )</span>; <span class='color_blue'>$irvar4 = _t$3<span class='color_orange'>initial</span>:void</span>; <span class='color_blue'>$irvar0 = 0<span class='color_orange'>nullify</span>:void</span>; <span class='color_blue'>return = _t$2<span class='color_orange'>initial</span>:void</span>; <span class='color_blue'>$irvar1 = _t$1<span class='color_orange'>initial</span>:void</span>; <span class='color_blue'>$irvar2 = _t$0<span class='color_orange'>initial</span>:void</span>; <span class='color_blue'>this = val$1<span class='color_orange'>formal</span>:org.junit.tests.running.classes.ParameterizedTestTest*( sub )</span>; <span class='color_blue'>old_this = val$1<span class='color_orange'>formal</span>:org.junit.tests.running.classes.ParameterizedTestTest*( sub )</span> ;
    <span class='color_red'>_t$5|->{}<span class='color_orange'>formal(z)</span>:java.util.concurrent.CopyOnWriteArrayList( sub )</span>; <span class='color_red'>result|->{failures:_t$5<span class='color_orange'>formal(z)</span>}<span class='color_orange'>formal(z)</span>:org.junit.runner.Result( sub )</span></span>
    
    Instruction <span class='color_green'>*&amp;$irvar1:_Bool=n$6 [line 804]</span>
    in vpath_find exp:n$78
    vpath_find: cannot find n$78
    .... Rearrangement Start ....
    Exp: &amp;$irvar1
    Prop:
    <span class='color_blue'>n$6 = 0 ;
    MEMna &lt; new[]:803 &gt; <span class='color_orange'>{vpath: }</span>(n$78); UND &lt; Result JUnitCore.runClasses(Computer,Class[]) &gt; :53(result); RET &lt; boolean Result.wasSuccessful() &gt; (0) ;
    result = n$4<span class='color_orange'>update:803</span>:org.junit.runner.Result*; $irvar3 = n$73<span class='color_orange'>initial</span>:void; #GB<>$org.junit.tests.running.classes.ParameterizedTestTest$AssumptionInParametersMethod = {assumptionFails:1<span class='color_orange'>update:802</span>}<span class='color_orange'>formal</span>:org.junit.tests.running.classes.ParameterizedTestTest$AssumptionInParametersMethod( sub ); old_org.junit.tests.running.classes.ParameterizedTestTest$AssumptionInParametersMethod = {assumptionFails:val$2<span class='color_orange'>formal</span>}<span class='color_orange'>formal</span>:org.junit.tests.running.classes.ParameterizedTestTest$AssumptionInParametersMethod( sub ); $irvar4 = n$74<span class='color_orange'>initial</span>:void; $irvar0 = 0<span class='color_orange'>nullify</span>:void; return = n$75<span class='color_orange'>initial</span>:void; $irvar1 = n$76<span class='color_orange'>initial</span>:void; $irvar2 = n$77<span class='color_orange'>initial</span>:void; this = val$1<span class='color_orange'>formal</span>:org.junit.tests.running.classes.ParameterizedTestTest*( sub ); old_this = val$1<span class='color_orange'>formal</span>:org.junit.tests.running.classes.ParameterizedTestTest*( sub ) ;
    n$72|->{}<span class='color_orange'>formal(z)</span>:java.util.concurrent.CopyOnWriteArrayList( sub ); result|->{failures:n$72<span class='color_orange'>formal(z)</span>}<span class='color_orange'>formal(z)</span>:org.junit.runner.Result( sub )</span>
    
    Prover.check_inconsistency_base: inconsistency reason [None]
    Prover.check_inconsistency_base: inconsistency reason [None]
    Instruction Returns
    PROP 1 of 1:
    <span class='color_blue'><span class='color_blue'>n$6 = 0</span> ;
    <span class='color_red'>MEMna &lt; new[]:803 &gt; <span class='color_orange'>{vpath: }</span>(_t$5)</span>; <span class='color_blue'>UND &lt; Result JUnitCore.runClasses(Computer,Class[]) &gt; :53(result)</span>; <span class='color_blue'>RET &lt; boolean Result.wasSuccessful() &gt; (0)</span> ;
    <span class='color_blue'>result = n$4<span class='color_orange'>update:803</span>:org.junit.runner.Result*</span>; <span class='color_blue'>$irvar3 = <span class='color_red'>_t$3<span class='color_orange'>initial</span></span>:void</span>; <span class='color_blue'>#GB<>$org.junit.tests.running.classes.ParameterizedTestTest$AssumptionInParametersMethod = {assumptionFails:1<span class='color_orange'>update:802</span>}<span class='color_orange'>formal</span>:org.junit.tests.running.classes.ParameterizedTestTest$AssumptionInParametersMethod( sub )</span>; <span class='color_blue'>old_org.junit.tests.running.classes.ParameterizedTestTest$AssumptionInParametersMethod = {assumptionFails:val$2<span class='color_orange'>formal</span>}<span class='color_orange'>formal</span>:org.junit.tests.running.classes.ParameterizedTestTest$AssumptionInParametersMethod( sub )</span>; <span class='color_blue'>$irvar4 = <span class='color_red'>_t$2<span class='color_orange'>initial</span></span>:void</span>; <span class='color_blue'>$irvar0 = 0<span class='color_orange'>nullify</span>:void</span>; <span class='color_blue'>return = <span class='color_red'>_t$1<span class='color_orange'>initial</span></span>:void</span>; <span class='color_blue'>$irvar1 = <span class='color_red'>0<span class='color_orange'>update:804</span></span>:void</span>; <span class='color_blue'>$irvar2 = _t$0<span class='color_orange'>initial</span>:void</span>; <span class='color_blue'>this = val$1<span class='color_orange'>formal</span>:org.junit.tests.running.classes.ParameterizedTestTest*( sub )</span>; <span class='color_blue'>old_this = val$1<span class='color_orange'>formal</span>:org.junit.tests.running.classes.ParameterizedTestTest*( sub )</span> ;
    <span class='color_red'>_t$4|->{}<span class='color_orange'>formal(z)</span>:java.util.concurrent.CopyOnWriteArrayList( sub )</span>; <span class='color_blue'>result|->{failures:<span class='color_red'>_t$4<span class='color_orange'>formal(z)</span></span>}<span class='color_orange'>formal(z)</span>:org.junit.runner.Result( sub )</span></span>
    
    Instruction <span class='color_green'>*&amp;$irvar1:_Bool=n$6 [line 804]</span>
    in vpath_find exp:n$85
    vpath_find: cannot find n$85
    .... Rearrangement Start ....
    Exp: &amp;$irvar1
    Prop:
    <span class='color_blue'>n$6 = 1 ;
    MEMna &lt; new[]:803 &gt; <span class='color_orange'>{vpath: }</span>(n$85); UND &lt; Result JUnitCore.runClasses(Computer,Class[]) &gt; :53(result); RET &lt; boolean Result.wasSuccessful() &gt; (1) ;
    result = n$4<span class='color_orange'>update:803</span>:org.junit.runner.Result*; $irvar3 = n$80<span class='color_orange'>initial</span>:void; #GB<>$org.junit.tests.running.classes.ParameterizedTestTest$AssumptionInParametersMethod = {assumptionFails:1<span class='color_orange'>update:802</span>}<span class='color_orange'>formal</span>:org.junit.tests.running.classes.ParameterizedTestTest$AssumptionInParametersMethod( sub ); old_org.junit.tests.running.classes.ParameterizedTestTest$AssumptionInParametersMethod = {assumptionFails:val$2<span class='color_orange'>formal</span>}<span class='color_orange'>formal</span>:org.junit.tests.running.classes.ParameterizedTestTest$AssumptionInParametersMethod( sub ); $irvar4 = n$81<span class='color_orange'>initial</span>:void; $irvar0 = 0<span class='color_orange'>nullify</span>:void; return = n$82<span class='color_orange'>initial</span>:void; $irvar1 = n$83<span class='color_orange'>initial</span>:void; $irvar2 = n$84<span class='color_orange'>initial</span>:void; this = val$1<span class='color_orange'>formal</span>:org.junit.tests.running.classes.ParameterizedTestTest*( sub ); old_this = val$1<span class='color_orange'>formal</span>:org.junit.tests.running.classes.ParameterizedTestTest*( sub ) ;
    n$79|->{}<span class='color_orange'>formal(z)</span>:java.util.concurrent.CopyOnWriteArrayList( sub ); result|->{failures:n$79<span class='color_orange'>formal(z)</span>}<span class='color_orange'>formal(z)</span>:org.junit.runner.Result( sub )</span>
    
    Prover.check_inconsistency_base: inconsistency reason [None]
    Prover.check_inconsistency_base: inconsistency reason [None]
    Instruction Returns
    PROP 1 of 1:
    <span class='color_blue'><span class='color_blue'>n$6 = 1</span> ;
    <span class='color_red'>MEMna &lt; new[]:803 &gt; <span class='color_orange'>{vpath: }</span>(_t$5)</span>; <span class='color_blue'>UND &lt; Result JUnitCore.runClasses(Computer,Class[]) &gt; :53(result)</span>; <span class='color_blue'>RET &lt; boolean Result.wasSuccessful() &gt; (1)</span> ;
    <span class='color_blue'>result = n$4<span class='color_orange'>update:803</span>:org.junit.runner.Result*</span>; <span class='color_blue'>$irvar3 = <span class='color_red'>_t$3<span class='color_orange'>initial</span></span>:void</span>; <span class='color_blue'>#GB<>$org.junit.tests.running.classes.ParameterizedTestTest$AssumptionInParametersMethod = {assumptionFails:1<span class='color_orange'>update:802</span>}<span class='color_orange'>formal</span>:org.junit.tests.running.classes.ParameterizedTestTest$AssumptionInParametersMethod( sub )</span>; <span class='color_blue'>old_org.junit.tests.running.classes.ParameterizedTestTest$AssumptionInParametersMethod = {assumptionFails:val$2<span class='color_orange'>formal</span>}<span class='color_orange'>formal</span>:org.junit.tests.running.classes.ParameterizedTestTest$AssumptionInParametersMethod( sub )</span>; <span class='color_blue'>$irvar4 = <span class='color_red'>_t$2<span class='color_orange'>initial</span></span>:void</span>; <span class='color_blue'>$irvar0 = 0<span class='color_orange'>nullify</span>:void</span>; <span class='color_blue'>return = <span class='color_red'>_t$1<span class='color_orange'>initial</span></span>:void</span>; <span class='color_blue'>$irvar1 = <span class='color_red'>1<span class='color_orange'>update:804</span></span>:void</span>; <span class='color_blue'>$irvar2 = _t$0<span class='color_orange'>initial</span>:void</span>; <span class='color_blue'>this = val$1<span class='color_orange'>formal</span>:org.junit.tests.running.classes.ParameterizedTestTest*( sub )</span>; <span class='color_blue'>old_this = val$1<span class='color_orange'>formal</span>:org.junit.tests.running.classes.ParameterizedTestTest*( sub )</span> ;
    <span class='color_red'>_t$4|->{}<span class='color_orange'>formal(z)</span>:java.util.concurrent.CopyOnWriteArrayList( sub )</span>; <span class='color_blue'>result|->{failures:<span class='color_red'>_t$4<span class='color_orange'>formal(z)</span></span>}<span class='color_orange'>formal(z)</span>:org.junit.runner.Result( sub )</span></span>
    
    Instruction <span class='color_green'>EXIT_SCOPE(_,n$4,n$6); [line 804]</span>
    in vpath_find exp:_t$5
    vpath_find: cannot find _t$5
    Instruction Returns
    PROP 1 of 1:
    <span class='color_blue'><span class='color_red'>MEMna &lt; new[]:803 &gt; <span class='color_orange'>{vpath: }</span>(_t$6)</span>; <span class='color_red'>UND &lt; Result JUnitCore.runClasses(Computer,Class[]) &gt; :53(result)</span>; <span class='color_blue'>RET &lt; boolean Result.wasSuccessful() &gt; (0)</span> ;
    <span class='color_blue'>result = <span class='color_red'>_t$4<span class='color_orange'>update:803</span></span>:org.junit.runner.Result*</span>; <span class='color_blue'>$irvar3 = _t$3<span class='color_orange'>initial</span>:void</span>; <span class='color_blue'>#GB<>$org.junit.tests.running.classes.ParameterizedTestTest$AssumptionInParametersMethod = {assumptionFails:1<span class='color_orange'>update:802</span>}<span class='color_orange'>formal</span>:org.junit.tests.running.classes.ParameterizedTestTest$AssumptionInParametersMethod( sub )</span>; <span class='color_blue'>old_org.junit.tests.running.classes.ParameterizedTestTest$AssumptionInParametersMethod = {assumptionFails:val$2<span class='color_orange'>formal</span>}<span class='color_orange'>formal</span>:org.junit.tests.running.classes.ParameterizedTestTest$AssumptionInParametersMethod( sub )</span>; <span class='color_blue'>$irvar4 = _t$2<span class='color_orange'>initial</span>:void</span>; <span class='color_blue'>$irvar0 = 0<span class='color_orange'>nullify</span>:void</span>; <span class='color_blue'>return = _t$1<span class='color_orange'>initial</span>:void</span>; <span class='color_blue'>$irvar1 = 0<span class='color_orange'>update:804</span>:void</span>; <span class='color_blue'>$irvar2 = _t$0<span class='color_orange'>initial</span>:void</span>; <span class='color_blue'>this = val$1<span class='color_orange'>formal</span>:org.junit.tests.running.classes.ParameterizedTestTest*( sub )</span>; <span class='color_blue'>old_this = val$1<span class='color_orange'>formal</span>:org.junit.tests.running.classes.ParameterizedTestTest*( sub )</span> ;
    <span class='color_red'>_t$5|->{}<span class='color_orange'>formal(z)</span>:java.util.concurrent.CopyOnWriteArrayList( sub )</span>; <span class='color_blue'>result|->{<span class='color_red'>failures:_t$5<span class='color_orange'>formal(z)</span></span>}<span class='color_orange'>formal(z)</span>:org.junit.runner.Result( sub )</span></span>
    
    Instruction <span class='color_green'>EXIT_SCOPE(_,n$4,n$6); [line 804]</span>
    in vpath_find exp:_t$5
    vpath_find: cannot find _t$5
    Instruction Returns
    PROP 1 of 1:
    <span class='color_blue'><span class='color_red'>MEMna &lt; new[]:803 &gt; <span class='color_orange'>{vpath: }</span>(_t$6)</span>; <span class='color_red'>UND &lt; Result JUnitCore.runClasses(Computer,Class[]) &gt; :53(result)</span>; <span class='color_blue'>RET &lt; boolean Result.wasSuccessful() &gt; (1)</span> ;
    <span class='color_blue'>result = <span class='color_red'>_t$4<span class='color_orange'>update:803</span></span>:org.junit.runner.Result*</span>; <span class='color_blue'>$irvar3 = _t$3<span class='color_orange'>initial</span>:void</span>; <span class='color_blue'>#GB<>$org.junit.tests.running.classes.ParameterizedTestTest$AssumptionInParametersMethod = {assumptionFails:1<span class='color_orange'>update:802</span>}<span class='color_orange'>formal</span>:org.junit.tests.running.classes.ParameterizedTestTest$AssumptionInParametersMethod( sub )</span>; <span class='color_blue'>old_org.junit.tests.running.classes.ParameterizedTestTest$AssumptionInParametersMethod = {assumptionFails:val$2<span class='color_orange'>formal</span>}<span class='color_orange'>formal</span>:org.junit.tests.running.classes.ParameterizedTestTest$AssumptionInParametersMethod( sub )</span>; <span class='color_blue'>$irvar4 = _t$2<span class='color_orange'>initial</span>:void</span>; <span class='color_blue'>$irvar0 = 0<span class='color_orange'>nullify</span>:void</span>; <span class='color_blue'>return = _t$1<span class='color_orange'>initial</span>:void</span>; <span class='color_blue'>$irvar1 = 1<span class='color_orange'>update:804</span>:void</span>; <span class='color_blue'>$irvar2 = _t$0<span class='color_orange'>initial</span>:void</span>; <span class='color_blue'>this = val$1<span class='color_orange'>formal</span>:org.junit.tests.running.classes.ParameterizedTestTest*( sub )</span>; <span class='color_blue'>old_this = val$1<span class='color_orange'>formal</span>:org.junit.tests.running.classes.ParameterizedTestTest*( sub )</span> ;
    <span class='color_red'>_t$5|->{}<span class='color_orange'>formal(z)</span>:java.util.concurrent.CopyOnWriteArrayList( sub )</span>; <span class='color_blue'>result|->{<span class='color_red'>failures:_t$5<span class='color_orange'>formal(z)</span></span>}<span class='color_orange'>formal(z)</span>:org.junit.runner.Result( sub )</span></span>
    
    .... After Symbolic Execution ....
    PROP 1 of 2:
    <span class='color_blue'><span class='color_blue'>MEMna &lt; new[]:803 &gt; <span class='color_orange'>{vpath: }</span>(_t$6)</span>; <span class='color_red'>UND &lt; Result JUnitCore.runClasses(Computer,Class[]) &gt; :53(result)</span>; <span class='color_red'>RET &lt; boolean Result.wasSuccessful() &gt; (0)</span> ;
    <span class='color_blue'>result = <span class='color_red'>_t$4<span class='color_orange'>update:803</span></span>:org.junit.runner.Result*</span>; <span class='color_blue'>$irvar3 = <span class='color_red'>_t$3<span class='color_orange'>initial</span></span>:void</span>; <span class='color_blue'>#GB<>$org.junit.tests.running.classes.ParameterizedTestTest$AssumptionInParametersMethod = {assumptionFails:1<span class='color_orange'>update:802</span>}<span class='color_orange'>formal</span>:org.junit.tests.running.classes.ParameterizedTestTest$AssumptionInParametersMethod( sub )</span>; <span class='color_blue'>old_org.junit.tests.running.classes.ParameterizedTestTest$AssumptionInParametersMethod = {assumptionFails:val$2<span class='color_orange'>formal</span>}<span class='color_orange'>formal</span>:org.junit.tests.running.classes.ParameterizedTestTest$AssumptionInParametersMethod( sub )</span>; <span class='color_blue'>$irvar4 = <span class='color_red'>_t$2<span class='color_orange'>initial</span></span>:void</span>; <span class='color_blue'>$irvar0 = 0<span class='color_orange'>nullify</span>:void</span>; <span class='color_blue'>return = <span class='color_red'>_t$1<span class='color_orange'>initial</span></span>:void</span>; <span class='color_blue'>$irvar1 = <span class='color_red'>0<span class='color_orange'>update:804</span></span>:void</span>; <span class='color_blue'>$irvar2 = _t$0<span class='color_orange'>initial</span>:void</span>; <span class='color_blue'>this = val$1<span class='color_orange'>formal</span>:org.junit.tests.running.classes.ParameterizedTestTest*( sub )</span>; <span class='color_blue'>old_this = val$1<span class='color_orange'>formal</span>:org.junit.tests.running.classes.ParameterizedTestTest*( sub )</span> ;
    <span class='color_red'>_t$5|->{}<span class='color_orange'>formal(z)</span>:java.util.concurrent.CopyOnWriteArrayList( sub )</span>; <span class='color_red'>result|->{failures:_t$5<span class='color_orange'>formal(z)</span>}<span class='color_orange'>formal(z)</span>:org.junit.runner.Result( sub )</span></span>
    PROP 2 of 2:
    <span class='color_blue'><span class='color_blue'>MEMna &lt; new[]:803 &gt; <span class='color_orange'>{vpath: }</span>(_t$6)</span>; <span class='color_red'>UND &lt; Result JUnitCore.runClasses(Computer,Class[]) &gt; :53(result)</span>; <span class='color_red'>RET &lt; boolean Result.wasSuccessful() &gt; (1)</span> ;
    <span class='color_blue'>result = <span class='color_red'>_t$4<span class='color_orange'>update:803</span></span>:org.junit.runner.Result*</span>; <span class='color_blue'>$irvar3 = <span class='color_red'>_t$3<span class='color_orange'>initial</span></span>:void</span>; <span class='color_blue'>#GB<>$org.junit.tests.running.classes.ParameterizedTestTest$AssumptionInParametersMethod = {assumptionFails:1<span class='color_orange'>update:802</span>}<span class='color_orange'>formal</span>:org.junit.tests.running.classes.ParameterizedTestTest$AssumptionInParametersMethod( sub )</span>; <span class='color_blue'>old_org.junit.tests.running.classes.ParameterizedTestTest$AssumptionInParametersMethod = {assumptionFails:val$2<span class='color_orange'>formal</span>}<span class='color_orange'>formal</span>:org.junit.tests.running.classes.ParameterizedTestTest$AssumptionInParametersMethod( sub )</span>; <span class='color_blue'>$irvar4 = <span class='color_red'>_t$2<span class='color_orange'>initial</span></span>:void</span>; <span class='color_blue'>$irvar0 = 0<span class='color_orange'>nullify</span>:void</span>; <span class='color_blue'>return = <span class='color_red'>_t$1<span class='color_orange'>initial</span></span>:void</span>; <span class='color_blue'>$irvar1 = <span class='color_red'>1<span class='color_orange'>update:804</span></span>:void</span>; <span class='color_blue'>$irvar2 = _t$0<span class='color_orange'>initial</span>:void</span>; <span class='color_blue'>this = val$1<span class='color_orange'>formal</span>:org.junit.tests.running.classes.ParameterizedTestTest*( sub )</span>; <span class='color_blue'>old_this = val$1<span class='color_orange'>formal</span>:org.junit.tests.running.classes.ParameterizedTestTest*( sub )</span> ;
    <span class='color_red'>_t$5|->{}<span class='color_orange'>formal(z)</span>:java.util.concurrent.CopyOnWriteArrayList( sub )</span>; <span class='color_red'>result|->{failures:_t$5<span class='color_orange'>formal(z)</span>}<span class='color_orange'>formal(z)</span>:org.junit.runner.Result( sub )</span></span>
    
    
    
  </LISTING>