<!DOCTYPE HTML PUBLIC "-//W3C//DTD HTML 4.01 Transitional//EN">
<html>
<head>
<title>org.junit.tests.running.classes.ParameterizedTestTest.testsAreNotExecutedWhenAssumptionInParametersM.b657b99f7ae2df0c628964aeb6f4e60d_node6</title>
<meta http-equiv="Content-Type" content="text/html; charset=utf-8">
<style type="text/css">
body { background-color:#fff; color:#000; font-family:Helvetica, sans-serif; font-size:10pt }
h1 { font-size:14pt }
.code { border-collapse:collapse; width:100%; font-family: "Andale Mono", monospace; font-size:10pt; line-height: 1.2em }
.color_black { color: black }
.color_blue { color: blue }
.color_green { color: green }
.color_orange { color: orange }
.color_red { color: red }
.line { border-left: 3px solid #ccc; padding-left: 1ex; white-space: pre; }
.msg { background-color:#fff8b4; color:#000; float:left; font-family:Helvetica, sans-serif; font-size: smaller; font-weight: bold; margin-bottom:10px; margin-top:10px; max-width:60em; padding:0.5em 1ex 0.5em 1ex; -webkit-border-radius:5px; -webkit-box-shadow:1px 1px 7px #000; white-space: pre-wrap; word-wrap: break-word; }
.num { background-color:#eee; color:#444; font-size: smaller; padding-right:2ex; text-align:right; width:2.5em; }
.dangling { background-color:white; color: gray; }
.visited { background-color:LemonChiffon; color: darkmagenta; }
.tooltip { display: none; background-color:#FFF0F0; border: 2px solid #F00; font-weight: normal; left:10em; padding: 2px; position: absolute; top: -1em; -webkit-border-radius:5px; -webkit-box-shadow:1px 1px 7px #000; z-index: 1}
.with_tooltip { position: relative; }
.with_tooltip:hover .tooltip, .visited:hover .tooltip { display: block; }
</style>
</head>
<body>
<center><h1>Cfg Node <a href="./../../ParameterizedTestTest.java.88da44e98279dfa32c0c7e5c52f053d0.html#LINE803">6</a></h1></center>PROC: <a href="./../org.junit.tests.running.classes.ParameterizedTestTest.testsAreNotExecutedWhenAssumptionInParametersM.b657b99f7ae2df0c628964aeb6f4e60d.html">void ParameterizedTestTest.testsAreNotExecutedWhenAssumptionInParametersMethodFails()</a> LINE: <a href="./../../ParameterizedTestTest.java.88da44e98279dfa32c0c7e5c52f053d0.html#LINE803">803</a>
<br>PREDS:
<a href="./../nodes/org.junit.tests.running.classes.ParameterizedTestTest.testsAreNotExecutedWhenAssumptionInParametersM.b657b99f7ae2df0c628964aeb6f4e60d_node5.html"><span class='visited with_tooltip'>N_5<span class='tooltip'>node5 preds:4 succs:6 exn:3 </span></span></a><br>SUCCS:
<a href="./../nodes/org.junit.tests.running.classes.ParameterizedTestTest.testsAreNotExecutedWhenAssumptionInParametersM.b657b99f7ae2df0c628964aeb6f4e60d_node7.html"><span class='visited with_tooltip'>N_7<span class='tooltip'>node7 preds:6 succs:8 exn:3 </span></span></a><br>EXN:
<a href="./../nodes/org.junit.tests.running.classes.ParameterizedTestTest.testsAreNotExecutedWhenAssumptionInParametersM.b657b99f7ae2df0c628964aeb6f4e60d_node3.html"><span class='visited with_tooltip'>N_3<span class='tooltip'>node3 preds: succs:2 exn:2 </span></span></a><br>
<LISTING class='color_green'>n$1=*&amp;$irvar0:java.lang.Class*[_*_](*) [line 803];
*n$1[0]:java.lang.Object*=org.junit.tests.running.classes.ParameterizedTestTest$AssumptionInParametersMethod [line 803];
</LISTING>
<hr width="100%">
<a name="session24" href="./../nodes/org.junit.tests.running.classes.ParameterizedTestTest.testsAreNotExecutedWhenAssumptionInParametersM.b657b99f7ae2df0c628964aeb6f4e60d_node6.html#session24">node6#session24</a>(<a href="./../../ParameterizedTestTest.java.88da44e98279dfa32c0c7e5c52f053d0.html#LINE803">803</a>) [compute pre] liveness 6
<LISTING class='color_black'>JOIN

LEFT:   normal:{ $irvar0 }, exn:{ }
RIGHT:  normal:{ }, exn:{ }
RESULT: normal:{ $irvar0 }, exn:{ }

</LISTING>
<hr width="100%">
<a name="session25" href="./../nodes/org.junit.tests.running.classes.ParameterizedTestTest.testsAreNotExecutedWhenAssumptionInParametersM.b657b99f7ae2df0c628964aeb6f4e60d_node6.html#session25">node6#session25</a>(<a href="./../../ParameterizedTestTest.java.88da44e98279dfa32c0c7e5c52f053d0.html#LINE803">803</a>) [exec] liveness 6
<LISTING class='color_black'>PRE STATE:
normal:{ $irvar0 }, exn:{ }

INSTR=  *n$1[0]:java.lang.Object*=org.junit.tests.running.classes.ParameterizedTestTest$AssumptionInParametersMethod [line 803]; 

STATE:
normal:{ n$1, $irvar0 }, exn:{ }

INSTR=  n$1=*&amp;$irvar0:java.lang.Class*[_*_](*) [line 803]; 

STATE:
normal:{ $irvar0 }, exn:{ }

</LISTING>
<hr width="100%">
<a name="session37" href="./../nodes/org.junit.tests.running.classes.ParameterizedTestTest.testsAreNotExecutedWhenAssumptionInParametersM.b657b99f7ae2df0c628964aeb6f4e60d_node6.html#session37">node6#session37</a>(<a href="./../../ParameterizedTestTest.java.88da44e98279dfa32c0c7e5c52f053d0.html#LINE803">803</a>) [compute pre] nullify
<LISTING class='color_black'></LISTING>
<hr width="100%">
<a name="session38" href="./../nodes/org.junit.tests.running.classes.ParameterizedTestTest.testsAreNotExecutedWhenAssumptionInParametersM.b657b99f7ae2df0c628964aeb6f4e60d_node6.html#session38">node6#session38</a>(<a href="./../../ParameterizedTestTest.java.88da44e98279dfa32c0c7e5c52f053d0.html#LINE803">803</a>) [exec] nullify
<LISTING class='color_black'>PRE STATE:
(normal:{ $irvar0 }, exn:{ },normal:{ n$0 }, exn:{ })

INSTR=  n$1=*&amp;$irvar0:java.lang.Class*[_*_](*) [line 803]; 

STATE:
(normal:{ n$1, $irvar0 }, exn:{ },normal:{ n$0 }, exn:{ })

INSTR=  *n$1[0]:java.lang.Object*=org.junit.tests.running.classes.ParameterizedTestTest$AssumptionInParametersMethod [line 803]; 

STATE:
(normal:{ $irvar0 }, exn:{ },normal:{ n$1 }, exn:{ })

</LISTING>
<hr width="100%">
<a name="session68" href="./../nodes/org.junit.tests.running.classes.ParameterizedTestTest.testsAreNotExecutedWhenAssumptionInParametersM.b657b99f7ae2df0c628964aeb6f4e60d_node6.html#session68">node6#session68</a>(<a href="./../../ParameterizedTestTest.java.88da44e98279dfa32c0c7e5c52f053d0.html#LINE803">803</a>) [compute pre] devirtualizer analysis 6
<LISTING class='color_black'></LISTING>
<hr width="100%">
<a name="session69" href="./../nodes/org.junit.tests.running.classes.ParameterizedTestTest.testsAreNotExecutedWhenAssumptionInParametersM.b657b99f7ae2df0c628964aeb6f4e60d_node6.html#session69">node6#session69</a>(<a href="./../../ParameterizedTestTest.java.88da44e98279dfa32c0c7e5c52f053d0.html#LINE803">803</a>) [exec] devirtualizer analysis 6
<LISTING class='color_black'>PRE STATE:
{ }

INSTR=  n$1=*&amp;$irvar0:java.lang.Class*[_*_](*) [line 803]; 

STATE UNCHANGED

INSTR=  *n$1[0]:java.lang.Object*=org.junit.tests.running.classes.ParameterizedTestTest$AssumptionInParametersMethod [line 803]; 

STATE UNCHANGED

INSTR=  EXIT_SCOPE(n$1); [line 803]; 

STATE UNCHANGED

</LISTING>
<hr width="100%">
<a name="session135" href="./../nodes/org.junit.tests.running.classes.ParameterizedTestTest.testsAreNotExecutedWhenAssumptionInParametersM.b657b99f7ae2df0c628964aeb6f4e60d_node6.html#session135">node6#session135</a>(<a href="./../../ParameterizedTestTest.java.88da44e98279dfa32c0c7e5c52f053d0.html#LINE803">803</a>) [exec] devirtualizer
<LISTING class='color_black'></LISTING>
<hr width="100%">
<a name="session136" href="./../nodes/org.junit.tests.running.classes.ParameterizedTestTest.testsAreNotExecutedWhenAssumptionInParametersM.b657b99f7ae2df0c628964aeb6f4e60d_node6.html#session136">node6#session136</a>(<a href="./../../ParameterizedTestTest.java.88da44e98279dfa32c0c7e5c52f053d0.html#LINE803">803</a>) [exec] devirtualizer
<LISTING class='color_black'></LISTING>
<hr width="100%">
<a name="session137" href="./../nodes/org.junit.tests.running.classes.ParameterizedTestTest.testsAreNotExecutedWhenAssumptionInParametersM.b657b99f7ae2df0c628964aeb6f4e60d_node6.html#session137">node6#session137</a>(<a href="./../../ParameterizedTestTest.java.88da44e98279dfa32c0c7e5c52f053d0.html#LINE803">803</a>) [exec] devirtualizer
<LISTING class='color_black'></LISTING>
<hr width="100%">
<a name="session6" href="./../nodes/org.junit.tests.running.classes.ParameterizedTestTest.testsAreNotExecutedWhenAssumptionInParametersM.b657b99f7ae2df0c628964aeb6f4e60d_node6.html#session6">node6#session6</a>(<a href="./../../ParameterizedTestTest.java.88da44e98279dfa32c0c7e5c52f053d0.html#LINE803">803</a>) [compute pre] starvation
<LISTING class='color_black'></LISTING>
<hr width="100%">
<a name="session7" href="./../nodes/org.junit.tests.running.classes.ParameterizedTestTest.testsAreNotExecutedWhenAssumptionInParametersM.b657b99f7ae2df0c628964aeb6f4e60d_node6.html#session7">node6#session7</a>(<a href="./../../ParameterizedTestTest.java.88da44e98279dfa32c0c7e5c52f053d0.html#LINE803">803</a>) [exec] starvation
<LISTING class='color_black'>PRE STATE:
{guard_map= { }; lock_state= {map= { }; acquisitions= { }};
 critical_pairs= { }; attributes= { }; thread= UnknownThread;
 scheduled_work= { }; var_state= { }}

INSTR=  n$1=*&amp;$irvar0:java.lang.Class*[_*_](*) [line 803]; 

STATE:
{guard_map= { }; lock_state= {map= { }; acquisitions= { }};
 critical_pairs= { }; attributes= { }; thread= UnknownThread;
 scheduled_work= { }; var_state= { n$1 -&gt; $irvar0 }}

INSTR=  *n$1[0]:java.lang.Object*=org.junit.tests.running.classes.ParameterizedTestTest$AssumptionInParametersMethod [line 803]; 

STATE UNCHANGED

INSTR=  EXIT_SCOPE(n$1); [line 803]; 

STATE:
{guard_map= { }; lock_state= {map= { }; acquisitions= { }};
 critical_pairs= { }; attributes= { }; thread= UnknownThread;
 scheduled_work= { }; var_state= { }}

</LISTING>
<hr width="100%">
<a name="session35" href="./../nodes/org.junit.tests.running.classes.ParameterizedTestTest.testsAreNotExecutedWhenAssumptionInParametersM.b657b99f7ae2df0c628964aeb6f4e60d_node6.html#session35">node6#session35</a>(<a href="./../../ParameterizedTestTest.java.88da44e98279dfa32c0c7e5c52f053d0.html#LINE803">803</a>) [compute pre] racerd
<LISTING class='color_black'></LISTING>
<hr width="100%">
<a name="session36" href="./../nodes/org.junit.tests.running.classes.ParameterizedTestTest.testsAreNotExecutedWhenAssumptionInParametersM.b657b99f7ae2df0c628964aeb6f4e60d_node6.html#session36">node6#session36</a>(<a href="./../../ParameterizedTestTest.java.88da44e98279dfa32c0c7e5c52f053d0.html#LINE803">803</a>) [exec] racerd
<LISTING class='color_black'>PRE STATE:
Threads: NoThread, Locks: 0 
Accesses { {elem= Access: Write to classes.ParameterizedTestTest$AssumptionInParametersMethod.assumptionFails Thread: NoThread Lock: false Pre: Unowned;
            loc= line 802; trace= { }} } 
Ownership: { n$0 -&gt; Owned, this -&gt; OwnedIf{ 0 } } 
Attributes: { classes.ParameterizedTestTest$AssumptionInParametersMethod.assumptionFails -&gt; Functional } 



INSTR=  *n$0[_] := org.junit.tests.running.classes.ParameterizedTestTest$AssumptionInParametersMethod [line 803]; 

STATE:
Threads: NoThread, Locks: 0 
Accesses { {elem= Access: Write to classes.ParameterizedTestTest$AssumptionInParametersMethod.assumptionFails Thread: NoThread Lock: false Pre: Unowned;
            loc= line 802; trace= { }} } 
Ownership: { n$0 -&gt; Owned, this -&gt; OwnedIf{ 0 }, *n$0[_] -&gt; Owned } 
Attributes: { classes.ParameterizedTestTest$AssumptionInParametersMethod.assumptionFails -&gt; Functional,
              *n$0[_] -&gt; Functional } 



</LISTING>
<hr width="100%">
<a name="session62" href="./../nodes/org.junit.tests.running.classes.ParameterizedTestTest.testsAreNotExecutedWhenAssumptionInParametersM.b657b99f7ae2df0c628964aeb6f4e60d_node6.html#session62">node6#session62</a>(<a href="./../../ParameterizedTestTest.java.88da44e98279dfa32c0c7e5c52f053d0.html#LINE803">803</a>) biabduction
<LISTING class='color_black'>**** [FP:Pending] void ParameterizedTestTest.testsAreNotExecutedWhenAssumptionInParametersMethodFails() Node: 6, Procedure: void ParameterizedTestTest.testsAreNotExecutedWhenAssumptionInParametersMethodFails(), Todo: 1 ****
  PROP 1 of 1:
  <span class='color_blue'><span class='color_red'>MEMna &lt; new[]:803 &gt; <span class='color_orange'>{vpath: }</span>($irvar0)</span> ;
  <span class='color_red'>result = _t$6<span class='color_orange'>initial</span>:org.junit.runner.Result*</span>; <span class='color_red'>$irvar3 = _t$5<span class='color_orange'>initial</span>:void</span>; <span class='color_red'>#GB<>$org.junit.tests.running.classes.ParameterizedTestTest$AssumptionInParametersMethod = {assumptionFails:1<span class='color_orange'>update:802</span>}<span class='color_orange'>rearrange:802</span>:org.junit.tests.running.classes.ParameterizedTestTest$AssumptionInParametersMethod( sub )</span>; <span class='color_red'>$irvar4 = _t$4<span class='color_orange'>initial</span>:void</span>; <span class='color_red'>$irvar0 = _t$3<span class='color_orange'>update:803</span>:void</span>; <span class='color_red'>return = _t$2<span class='color_orange'>initial</span>:void</span>; <span class='color_red'>$irvar1 = _t$1<span class='color_orange'>initial</span>:void</span>; <span class='color_red'>$irvar2 = _t$0<span class='color_orange'>initial</span>:void</span>; <span class='color_red'>this = @f$0<span class='color_orange'>formal</span>:org.junit.tests.running.classes.ParameterizedTestTest*( sub )</span>; <span class='color_red'>old_this = @f$0<span class='color_orange'>formal</span>:org.junit.tests.running.classes.ParameterizedTestTest*( sub )</span> ;
  <span class='color_red'>$irvar0|->[1|]<span class='color_orange'>alloc</span>:java.lang.Class*[_*_][1]</span>
  [footprint
     <span class='color_red'>#GB<>$org.junit.tests.running.classes.ParameterizedTestTest$AssumptionInParametersMethod = {assumptionFails:@f$1<span class='color_orange'>rearrange:802</span>}<span class='color_orange'>rearrange:802</span>:org.junit.tests.running.classes.ParameterizedTestTest$AssumptionInParametersMethod( sub )</span>; <span class='color_red'>this = @f$0<span class='color_orange'>formal</span>:org.junit.tests.running.classes.ParameterizedTestTest*( sub )</span>  ]</span>
  .... Instructions: ....
  <span class='color_green'>n$1=*&amp;$irvar0:java.lang.Class*[_*_](*) [line 803];
  *n$1[0]:java.lang.Object*=org.junit.tests.running.classes.ParameterizedTestTest$AssumptionInParametersMethod [line 803];
  EXIT_SCOPE(n$1); [line 803];
  </span>
  
  Processing prop 1/1
    Instruction <span class='color_green'>n$1=*&amp;$irvar0:java.lang.Class*[_*_](*) [line 803]</span>
    in vpath_find exp:n$21
    vpath_find do_sexp: no match on Eexp &amp;$irvar0
    vpath_find: cannot find n$21
    .... Rearrangement Start ....
    Exp: &amp;$irvar0
    Prop:
    <span class='color_blue'>MEMna &lt; new[]:803 &gt; <span class='color_orange'>{vpath: }</span>($irvar0) ;
    result = n$22<span class='color_orange'>initial</span>:org.junit.runner.Result*; $irvar3 = n$23<span class='color_orange'>initial</span>:void; #GB<>$org.junit.tests.running.classes.ParameterizedTestTest$AssumptionInParametersMethod = {assumptionFails:1<span class='color_orange'>update:802</span>}<span class='color_orange'>rearrange:802</span>:org.junit.tests.running.classes.ParameterizedTestTest$AssumptionInParametersMethod( sub ); $irvar4 = n$24<span class='color_orange'>initial</span>:void; $irvar0 = n$21<span class='color_orange'>update:803</span>:void; return = n$25<span class='color_orange'>initial</span>:void; $irvar1 = n$26<span class='color_orange'>initial</span>:void; $irvar2 = n$27<span class='color_orange'>initial</span>:void; this = @f$0<span class='color_orange'>formal</span>:org.junit.tests.running.classes.ParameterizedTestTest*( sub ); old_this = @f$0<span class='color_orange'>formal</span>:org.junit.tests.running.classes.ParameterizedTestTest*( sub ) ;
    $irvar0|->[1|]<span class='color_orange'>alloc</span>:java.lang.Class*[_*_][1]
    [footprint
       #GB<>$org.junit.tests.running.classes.ParameterizedTestTest$AssumptionInParametersMethod = {assumptionFails:@f$1<span class='color_orange'>rearrange:802</span>}<span class='color_orange'>rearrange:802</span>:org.junit.tests.running.classes.ParameterizedTestTest$AssumptionInParametersMethod( sub ); this = @f$0<span class='color_orange'>formal</span>:org.junit.tests.running.classes.ParameterizedTestTest*( sub )  ]</span>
    
    in prop_iter_extend_ptsto lexp: &amp;$irvar0
    prop before:
    <span class='color_blue'>MEMna &lt; new[]:803 &gt; <span class='color_orange'>{vpath: }</span>($irvar0) ;
    result = n$22<span class='color_orange'>initial</span>:org.junit.runner.Result*; $irvar3 = n$23<span class='color_orange'>initial</span>:void; #GB<>$org.junit.tests.running.classes.ParameterizedTestTest$AssumptionInParametersMethod = {assumptionFails:1<span class='color_orange'>update:802</span>}<span class='color_orange'>rearrange:802</span>:org.junit.tests.running.classes.ParameterizedTestTest$AssumptionInParametersMethod( sub ); $irvar4 = n$24<span class='color_orange'>initial</span>:void; $irvar0 = n$21<span class='color_orange'>update:803</span>:void; return = n$25<span class='color_orange'>initial</span>:void; $irvar1 = n$26<span class='color_orange'>initial</span>:void; $irvar2 = n$27<span class='color_orange'>initial</span>:void; this = @f$0<span class='color_orange'>formal</span>:org.junit.tests.running.classes.ParameterizedTestTest*( sub ); old_this = @f$0<span class='color_orange'>formal</span>:org.junit.tests.running.classes.ParameterizedTestTest*( sub ) ;
    $irvar0|->[1|]<span class='color_orange'>alloc</span>:java.lang.Class*[_*_][1]
    [footprint
       #GB<>$org.junit.tests.running.classes.ParameterizedTestTest$AssumptionInParametersMethod = {assumptionFails:@f$1<span class='color_orange'>rearrange:802</span>}<span class='color_orange'>rearrange:802</span>:org.junit.tests.running.classes.ParameterizedTestTest$AssumptionInParametersMethod( sub ); this = @f$0<span class='color_orange'>formal</span>:org.junit.tests.running.classes.ParameterizedTestTest*( sub )  ]</span>
    
    
    prop list after:
    PROP 1 of 1:
    <span class='color_blue'><span class='color_blue'>MEMna &lt; new[]:803 &gt; <span class='color_orange'>{vpath: }</span>($irvar0)</span> ;
    <span class='color_blue'>result = n$22<span class='color_orange'>initial</span>:org.junit.runner.Result*</span>; <span class='color_blue'>$irvar3 = n$23<span class='color_orange'>initial</span>:void</span>; <span class='color_blue'>#GB<>$org.junit.tests.running.classes.ParameterizedTestTest$AssumptionInParametersMethod = {assumptionFails:1<span class='color_orange'>update:802</span>}<span class='color_orange'>rearrange:802</span>:org.junit.tests.running.classes.ParameterizedTestTest$AssumptionInParametersMethod( sub )</span>; <span class='color_blue'>$irvar4 = n$24<span class='color_orange'>initial</span>:void</span>; <span class='color_blue'>$irvar0 = n$21<span class='color_orange'>update:803</span>:void</span>; <span class='color_blue'>return = n$25<span class='color_orange'>initial</span>:void</span>; <span class='color_blue'>$irvar1 = n$26<span class='color_orange'>initial</span>:void</span>; <span class='color_blue'>$irvar2 = n$27<span class='color_orange'>initial</span>:void</span>; <span class='color_blue'>this = @f$0<span class='color_orange'>formal</span>:org.junit.tests.running.classes.ParameterizedTestTest*( sub )</span>; <span class='color_blue'>old_this = @f$0<span class='color_orange'>formal</span>:org.junit.tests.running.classes.ParameterizedTestTest*( sub )</span> ;
    <span class='color_blue'>$irvar0|->[1|]<span class='color_orange'>alloc</span>:java.lang.Class*[_*_][1]</span>
    [footprint
       <span class='color_blue'>#GB<>$org.junit.tests.running.classes.ParameterizedTestTest$AssumptionInParametersMethod = {assumptionFails:@f$1<span class='color_orange'>rearrange:802</span>}<span class='color_orange'>rearrange:802</span>:org.junit.tests.running.classes.ParameterizedTestTest$AssumptionInParametersMethod( sub )</span>; <span class='color_blue'>this = @f$0<span class='color_orange'>formal</span>:org.junit.tests.running.classes.ParameterizedTestTest*( sub )</span>  ]</span>
    
    
    
    Instruction Returns
    PROP 1 of 1:
    <span class='color_blue'><span class='color_red'>MEMna &lt; new[]:803 &gt; <span class='color_orange'>{vpath: }</span>($irvar0)</span> ;
    <span class='color_blue'>result = <span class='color_red'>_t$5<span class='color_orange'>initial</span></span>:org.junit.runner.Result*</span>; <span class='color_blue'>$irvar3 = <span class='color_red'>_t$4<span class='color_orange'>initial</span></span>:void</span>; <span class='color_blue'>#GB<>$org.junit.tests.running.classes.ParameterizedTestTest$AssumptionInParametersMethod = {assumptionFails:1<span class='color_orange'>update:802</span>}<span class='color_orange'>rearrange:802</span>:org.junit.tests.running.classes.ParameterizedTestTest$AssumptionInParametersMethod( sub )</span>; <span class='color_blue'>$irvar4 = <span class='color_red'>_t$3<span class='color_orange'>initial</span></span>:void</span>; <span class='color_blue'>$irvar0 = <span class='color_red'>n$1<span class='color_orange'>update:803</span></span>:void</span>; <span class='color_blue'>return = _t$2<span class='color_orange'>initial</span>:void</span>; <span class='color_blue'>$irvar1 = _t$1<span class='color_orange'>initial</span>:void</span>; <span class='color_blue'>$irvar2 = _t$0<span class='color_orange'>initial</span>:void</span>; <span class='color_blue'>this = @f$0<span class='color_orange'>formal</span>:org.junit.tests.running.classes.ParameterizedTestTest*( sub )</span>; <span class='color_blue'>old_this = @f$0<span class='color_orange'>formal</span>:org.junit.tests.running.classes.ParameterizedTestTest*( sub )</span> ;
    <span class='color_red'>$irvar0|->[1|]<span class='color_orange'>alloc</span>:java.lang.Class*[_*_][1]</span>
    [footprint
       <span class='color_blue'>#GB<>$org.junit.tests.running.classes.ParameterizedTestTest$AssumptionInParametersMethod = {assumptionFails:@f$1<span class='color_orange'>rearrange:802</span>}<span class='color_orange'>rearrange:802</span>:org.junit.tests.running.classes.ParameterizedTestTest$AssumptionInParametersMethod( sub )</span>; <span class='color_blue'>this = @f$0<span class='color_orange'>formal</span>:org.junit.tests.running.classes.ParameterizedTestTest*( sub )</span>  ]</span>
    
    Instruction <span class='color_green'>*n$1[0]:java.lang.Object*=org.junit.tests.running.classes.ParameterizedTestTest$AssumptionInParametersMethod [line 803]</span>
    in vpath_find exp:n$1
    vpath_find do_sexp: no match on Eexp &amp;$irvar0
    vpath_find: cannot find n$1
    .... Rearrangement Start ....
    Exp: n$1[0]
    Prop:
    <span class='color_blue'>MEMna &lt; new[]:803 &gt; <span class='color_orange'>{vpath: }</span>($irvar0) ;
    result = n$28<span class='color_orange'>initial</span>:org.junit.runner.Result*; $irvar3 = n$29<span class='color_orange'>initial</span>:void; #GB<>$org.junit.tests.running.classes.ParameterizedTestTest$AssumptionInParametersMethod = {assumptionFails:1<span class='color_orange'>update:802</span>}<span class='color_orange'>rearrange:802</span>:org.junit.tests.running.classes.ParameterizedTestTest$AssumptionInParametersMethod( sub ); $irvar4 = n$30<span class='color_orange'>initial</span>:void; $irvar0 = n$1<span class='color_orange'>update:803</span>:void; return = n$31<span class='color_orange'>initial</span>:void; $irvar1 = n$32<span class='color_orange'>initial</span>:void; $irvar2 = n$33<span class='color_orange'>initial</span>:void; this = @f$0<span class='color_orange'>formal</span>:org.junit.tests.running.classes.ParameterizedTestTest*( sub ); old_this = @f$0<span class='color_orange'>formal</span>:org.junit.tests.running.classes.ParameterizedTestTest*( sub ) ;
    $irvar0|->[1|]<span class='color_orange'>alloc</span>:java.lang.Class*[_*_][1]
    [footprint
       #GB<>$org.junit.tests.running.classes.ParameterizedTestTest$AssumptionInParametersMethod = {assumptionFails:@f$1<span class='color_orange'>rearrange:802</span>}<span class='color_orange'>rearrange:802</span>:org.junit.tests.running.classes.ParameterizedTestTest$AssumptionInParametersMethod( sub ); this = @f$0<span class='color_orange'>formal</span>:org.junit.tests.running.classes.ParameterizedTestTest*( sub )  ]</span>
    
    in prop_iter_extend_ptsto lexp: n$1[0]
    prop before:
    <span class='color_blue'>MEMna &lt; new[]:803 &gt; <span class='color_orange'>{vpath: }</span>($irvar0) ;
    result = n$28<span class='color_orange'>initial</span>:org.junit.runner.Result*; $irvar3 = n$29<span class='color_orange'>initial</span>:void; #GB<>$org.junit.tests.running.classes.ParameterizedTestTest$AssumptionInParametersMethod = {assumptionFails:1<span class='color_orange'>update:802</span>}<span class='color_orange'>rearrange:802</span>:org.junit.tests.running.classes.ParameterizedTestTest$AssumptionInParametersMethod( sub ); $irvar4 = n$30<span class='color_orange'>initial</span>:void; $irvar0 = n$1<span class='color_orange'>update:803</span>:void; return = n$31<span class='color_orange'>initial</span>:void; $irvar1 = n$32<span class='color_orange'>initial</span>:void; $irvar2 = n$33<span class='color_orange'>initial</span>:void; this = @f$0<span class='color_orange'>formal</span>:org.junit.tests.running.classes.ParameterizedTestTest*( sub ); old_this = @f$0<span class='color_orange'>formal</span>:org.junit.tests.running.classes.ParameterizedTestTest*( sub ) ;
    $irvar0|->[1|]<span class='color_orange'>alloc</span>:java.lang.Class*[_*_][1]
    [footprint
       #GB<>$org.junit.tests.running.classes.ParameterizedTestTest$AssumptionInParametersMethod = {assumptionFails:@f$1<span class='color_orange'>rearrange:802</span>}<span class='color_orange'>rearrange:802</span>:org.junit.tests.running.classes.ParameterizedTestTest$AssumptionInParametersMethod( sub ); this = @f$0<span class='color_orange'>formal</span>:org.junit.tests.running.classes.ParameterizedTestTest*( sub )  ]</span>
    
    
    prop list after:
    PROP 1 of 1:
    <span class='color_blue'><span class='color_blue'>MEMna &lt; new[]:803 &gt; <span class='color_orange'>{vpath: }</span>($irvar0)</span> ;
    <span class='color_blue'>result = n$28<span class='color_orange'>initial</span>:org.junit.runner.Result*</span>; <span class='color_blue'>$irvar3 = n$29<span class='color_orange'>initial</span>:void</span>; <span class='color_blue'>#GB<>$org.junit.tests.running.classes.ParameterizedTestTest$AssumptionInParametersMethod = {assumptionFails:1<span class='color_orange'>update:802</span>}<span class='color_orange'>rearrange:802</span>:org.junit.tests.running.classes.ParameterizedTestTest$AssumptionInParametersMethod( sub )</span>; <span class='color_blue'>$irvar4 = n$30<span class='color_orange'>initial</span>:void</span>; <span class='color_blue'>$irvar0 = n$1<span class='color_orange'>update:803</span>:void</span>; <span class='color_blue'>return = n$31<span class='color_orange'>initial</span>:void</span>; <span class='color_blue'>$irvar1 = n$32<span class='color_orange'>initial</span>:void</span>; <span class='color_blue'>$irvar2 = n$33<span class='color_orange'>initial</span>:void</span>; <span class='color_blue'>this = @f$0<span class='color_orange'>formal</span>:org.junit.tests.running.classes.ParameterizedTestTest*( sub )</span>; <span class='color_blue'>old_this = @f$0<span class='color_orange'>formal</span>:org.junit.tests.running.classes.ParameterizedTestTest*( sub )</span> ;
    <span class='color_blue'>$irvar0|->[1|<span class='color_red'>0:_t$34<span class='color_orange'>rearrange:803</span></span>]<span class='color_orange'>alloc</span>:java.lang.Class*[_*_][1]</span>
    [footprint
       <span class='color_blue'>#GB<>$org.junit.tests.running.classes.ParameterizedTestTest$AssumptionInParametersMethod = {assumptionFails:@f$1<span class='color_orange'>rearrange:802</span>}<span class='color_orange'>rearrange:802</span>:org.junit.tests.running.classes.ParameterizedTestTest$AssumptionInParametersMethod( sub )</span>; <span class='color_blue'>this = @f$0<span class='color_orange'>formal</span>:org.junit.tests.running.classes.ParameterizedTestTest*( sub )</span>  ]</span>
    
    
    
    Instruction Returns
    PROP 1 of 1:
    <span class='color_blue'><span class='color_blue'>MEMna &lt; new[]:803 &gt; <span class='color_orange'>{vpath: }</span>($irvar0)</span> ;
    <span class='color_blue'>result = _t$5<span class='color_orange'>initial</span>:org.junit.runner.Result*</span>; <span class='color_blue'>$irvar3 = _t$4<span class='color_orange'>initial</span>:void</span>; <span class='color_blue'>#GB<>$org.junit.tests.running.classes.ParameterizedTestTest$AssumptionInParametersMethod = {assumptionFails:1<span class='color_orange'>update:802</span>}<span class='color_orange'>rearrange:802</span>:org.junit.tests.running.classes.ParameterizedTestTest$AssumptionInParametersMethod( sub )</span>; <span class='color_blue'>$irvar4 = _t$3<span class='color_orange'>initial</span>:void</span>; <span class='color_blue'>$irvar0 = n$1<span class='color_orange'>update:803</span>:void</span>; <span class='color_blue'>return = _t$2<span class='color_orange'>initial</span>:void</span>; <span class='color_blue'>$irvar1 = _t$1<span class='color_orange'>initial</span>:void</span>; <span class='color_blue'>$irvar2 = _t$0<span class='color_orange'>initial</span>:void</span>; <span class='color_blue'>this = @f$0<span class='color_orange'>formal</span>:org.junit.tests.running.classes.ParameterizedTestTest*( sub )</span>; <span class='color_blue'>old_this = @f$0<span class='color_orange'>formal</span>:org.junit.tests.running.classes.ParameterizedTestTest*( sub )</span> ;
    <span class='color_blue'>$irvar0|->[1|<span class='color_red'>0:org.junit.tests.running.classes.ParameterizedTestTest$AssumptionInParametersMethod<span class='color_orange'>update:803</span></span>]<span class='color_orange'>alloc</span>:java.lang.Class*[_*_][1]</span>
    [footprint
       <span class='color_blue'>#GB<>$org.junit.tests.running.classes.ParameterizedTestTest$AssumptionInParametersMethod = {assumptionFails:@f$1<span class='color_orange'>rearrange:802</span>}<span class='color_orange'>rearrange:802</span>:org.junit.tests.running.classes.ParameterizedTestTest$AssumptionInParametersMethod( sub )</span>; <span class='color_blue'>this = @f$0<span class='color_orange'>formal</span>:org.junit.tests.running.classes.ParameterizedTestTest*( sub )</span>  ]</span>
    
    Instruction <span class='color_green'>EXIT_SCOPE(n$1); [line 803]</span>
    in vpath_find exp:n$1
    vpath_find do_sexp: no match on Eexp &amp;$irvar0
    vpath_find: cannot find n$1
    Instruction Returns
    PROP 1 of 1:
    <span class='color_blue'><span class='color_red'>MEMna &lt; new[]:803 &gt; <span class='color_orange'>{vpath: }</span>($irvar0)</span> ;
    <span class='color_blue'>result = <span class='color_red'>_t$6<span class='color_orange'>initial</span></span>:org.junit.runner.Result*</span>; <span class='color_blue'>$irvar3 = <span class='color_red'>_t$5<span class='color_orange'>initial</span></span>:void</span>; <span class='color_blue'>#GB<>$org.junit.tests.running.classes.ParameterizedTestTest$AssumptionInParametersMethod = {assumptionFails:1<span class='color_orange'>update:802</span>}<span class='color_orange'>rearrange:802</span>:org.junit.tests.running.classes.ParameterizedTestTest$AssumptionInParametersMethod( sub )</span>; <span class='color_blue'>$irvar4 = <span class='color_red'>_t$4<span class='color_orange'>initial</span></span>:void</span>; <span class='color_blue'>$irvar0 = <span class='color_red'>_t$3<span class='color_orange'>update:803</span></span>:void</span>; <span class='color_blue'>return = _t$2<span class='color_orange'>initial</span>:void</span>; <span class='color_blue'>$irvar1 = _t$1<span class='color_orange'>initial</span>:void</span>; <span class='color_blue'>$irvar2 = _t$0<span class='color_orange'>initial</span>:void</span>; <span class='color_blue'>this = @f$0<span class='color_orange'>formal</span>:org.junit.tests.running.classes.ParameterizedTestTest*( sub )</span>; <span class='color_blue'>old_this = @f$0<span class='color_orange'>formal</span>:org.junit.tests.running.classes.ParameterizedTestTest*( sub )</span> ;
    <span class='color_red'>$irvar0|->[1|0:org.junit.tests.running.classes.ParameterizedTestTest$AssumptionInParametersMethod<span class='color_orange'>update:803</span>]<span class='color_orange'>alloc</span>:java.lang.Class*[_*_][1]</span>
    [footprint
       <span class='color_blue'>#GB<>$org.junit.tests.running.classes.ParameterizedTestTest$AssumptionInParametersMethod = {assumptionFails:@f$1<span class='color_orange'>rearrange:802</span>}<span class='color_orange'>rearrange:802</span>:org.junit.tests.running.classes.ParameterizedTestTest$AssumptionInParametersMethod( sub )</span>; <span class='color_blue'>this = @f$0<span class='color_orange'>formal</span>:org.junit.tests.running.classes.ParameterizedTestTest*( sub )</span>  ]</span>
    
    .... After Symbolic Execution ....
    PROP 1 of 1:
    <span class='color_blue'><span class='color_blue'>MEMna &lt; new[]:803 &gt; <span class='color_orange'>{vpath: }</span>($irvar0)</span> ;
    <span class='color_blue'>result = _t$6<span class='color_orange'>initial</span>:org.junit.runner.Result*</span>; <span class='color_blue'>$irvar3 = _t$5<span class='color_orange'>initial</span>:void</span>; <span class='color_blue'>#GB<>$org.junit.tests.running.classes.ParameterizedTestTest$AssumptionInParametersMethod = {assumptionFails:1<span class='color_orange'>update:802</span>}<span class='color_orange'>rearrange:802</span>:org.junit.tests.running.classes.ParameterizedTestTest$AssumptionInParametersMethod( sub )</span>; <span class='color_blue'>$irvar4 = _t$4<span class='color_orange'>initial</span>:void</span>; <span class='color_blue'>$irvar0 = _t$3<span class='color_orange'>update:803</span>:void</span>; <span class='color_blue'>return = _t$2<span class='color_orange'>initial</span>:void</span>; <span class='color_blue'>$irvar1 = _t$1<span class='color_orange'>initial</span>:void</span>; <span class='color_blue'>$irvar2 = _t$0<span class='color_orange'>initial</span>:void</span>; <span class='color_blue'>this = @f$0<span class='color_orange'>formal</span>:org.junit.tests.running.classes.ParameterizedTestTest*( sub )</span>; <span class='color_blue'>old_this = @f$0<span class='color_orange'>formal</span>:org.junit.tests.running.classes.ParameterizedTestTest*( sub )</span> ;
    <span class='color_blue'>$irvar0|->[1|<span class='color_red'>0:org.junit.tests.running.classes.ParameterizedTestTest$AssumptionInParametersMethod<span class='color_orange'>update:803</span></span>]<span class='color_orange'>alloc</span>:java.lang.Class*[_*_][1]</span>
    [footprint
       <span class='color_blue'>#GB<>$org.junit.tests.running.classes.ParameterizedTestTest$AssumptionInParametersMethod = {assumptionFails:@f$1<span class='color_orange'>rearrange:802</span>}<span class='color_orange'>rearrange:802</span>:org.junit.tests.running.classes.ParameterizedTestTest$AssumptionInParametersMethod( sub )</span>; <span class='color_blue'>this = @f$0<span class='color_orange'>formal</span>:org.junit.tests.running.classes.ParameterizedTestTest*( sub )</span>  ]</span>
    
    
    
  </LISTING>
<hr width="100%">
<a name="session75" href="./../nodes/org.junit.tests.running.classes.ParameterizedTestTest.testsAreNotExecutedWhenAssumptionInParametersM.b657b99f7ae2df0c628964aeb6f4e60d_node6.html#session75">node6#session75</a>(<a href="./../../ParameterizedTestTest.java.88da44e98279dfa32c0c7e5c52f053d0.html#LINE803">803</a>) biabduction
<LISTING class='color_black'>**** [RE:Pending] void ParameterizedTestTest.testsAreNotExecutedWhenAssumptionInParametersMethodFails() Node: 6, Procedure: void ParameterizedTestTest.testsAreNotExecutedWhenAssumptionInParametersMethodFails(), Todo: 1 ****
  PROP 1 of 1:
  <span class='color_blue'><span class='color_red'>MEMna &lt; new[]:803 &gt; <span class='color_orange'>{vpath: }</span>($irvar0)</span> ;
  <span class='color_red'>result = _t$6<span class='color_orange'>initial</span>:org.junit.runner.Result*</span>; <span class='color_red'>$irvar3 = _t$5<span class='color_orange'>initial</span>:void</span>; <span class='color_red'>#GB<>$org.junit.tests.running.classes.ParameterizedTestTest$AssumptionInParametersMethod = {assumptionFails:1<span class='color_orange'>update:802</span>}<span class='color_orange'>formal</span>:org.junit.tests.running.classes.ParameterizedTestTest$AssumptionInParametersMethod( sub )</span>; <span class='color_red'>old_org.junit.tests.running.classes.ParameterizedTestTest$AssumptionInParametersMethod = {assumptionFails:val$2<span class='color_orange'>formal</span>}<span class='color_orange'>formal</span>:org.junit.tests.running.classes.ParameterizedTestTest$AssumptionInParametersMethod( sub )</span>; <span class='color_red'>$irvar4 = _t$4<span class='color_orange'>initial</span>:void</span>; <span class='color_red'>$irvar0 = _t$3<span class='color_orange'>update:803</span>:void</span>; <span class='color_red'>return = _t$2<span class='color_orange'>initial</span>:void</span>; <span class='color_red'>$irvar1 = _t$1<span class='color_orange'>initial</span>:void</span>; <span class='color_red'>$irvar2 = _t$0<span class='color_orange'>initial</span>:void</span>; <span class='color_red'>this = val$1<span class='color_orange'>formal</span>:org.junit.tests.running.classes.ParameterizedTestTest*( sub )</span>; <span class='color_red'>old_this = val$1<span class='color_orange'>formal</span>:org.junit.tests.running.classes.ParameterizedTestTest*( sub )</span> ;
  <span class='color_red'>$irvar0|->[1|]<span class='color_orange'>alloc</span>:java.lang.Class*[_*_][1]</span></span>
  .... Instructions: ....
  <span class='color_green'>n$1=*&amp;$irvar0:java.lang.Class*[_*_](*) [line 803];
  *n$1[0]:java.lang.Object*=org.junit.tests.running.classes.ParameterizedTestTest$AssumptionInParametersMethod [line 803];
  EXIT_SCOPE(n$1); [line 803];
  </span>
  
  Processing prop 1/1
    Instruction <span class='color_green'>n$1=*&amp;$irvar0:java.lang.Class*[_*_](*) [line 803]</span>
    in vpath_find exp:n$21
    vpath_find do_sexp: no match on Eexp &amp;$irvar0
    vpath_find: cannot find n$21
    .... Rearrangement Start ....
    Exp: &amp;$irvar0
    Prop:
    <span class='color_blue'>MEMna &lt; new[]:803 &gt; <span class='color_orange'>{vpath: }</span>($irvar0) ;
    result = n$22<span class='color_orange'>initial</span>:org.junit.runner.Result*; $irvar3 = n$23<span class='color_orange'>initial</span>:void; #GB<>$org.junit.tests.running.classes.ParameterizedTestTest$AssumptionInParametersMethod = {assumptionFails:1<span class='color_orange'>update:802</span>}<span class='color_orange'>formal</span>:org.junit.tests.running.classes.ParameterizedTestTest$AssumptionInParametersMethod( sub ); old_org.junit.tests.running.classes.ParameterizedTestTest$AssumptionInParametersMethod = {assumptionFails:val$2<span class='color_orange'>formal</span>}<span class='color_orange'>formal</span>:org.junit.tests.running.classes.ParameterizedTestTest$AssumptionInParametersMethod( sub ); $irvar4 = n$24<span class='color_orange'>initial</span>:void; $irvar0 = n$21<span class='color_orange'>update:803</span>:void; return = n$25<span class='color_orange'>initial</span>:void; $irvar1 = n$26<span class='color_orange'>initial</span>:void; $irvar2 = n$27<span class='color_orange'>initial</span>:void; this = val$1<span class='color_orange'>formal</span>:org.junit.tests.running.classes.ParameterizedTestTest*( sub ); old_this = val$1<span class='color_orange'>formal</span>:org.junit.tests.running.classes.ParameterizedTestTest*( sub ) ;
    $irvar0|->[1|]<span class='color_orange'>alloc</span>:java.lang.Class*[_*_][1]</span>
    
    Prover.check_inconsistency_base: inconsistency reason [None]
    Prover.check_inconsistency_base: inconsistency reason [None]
    Instruction Returns
    PROP 1 of 1:
    <span class='color_blue'><span class='color_red'>MEMna &lt; new[]:803 &gt; <span class='color_orange'>{vpath: }</span>($irvar0)</span> ;
    <span class='color_blue'>result = <span class='color_red'>_t$5<span class='color_orange'>initial</span></span>:org.junit.runner.Result*</span>; <span class='color_blue'>$irvar3 = <span class='color_red'>_t$4<span class='color_orange'>initial</span></span>:void</span>; <span class='color_blue'>#GB<>$org.junit.tests.running.classes.ParameterizedTestTest$AssumptionInParametersMethod = {assumptionFails:1<span class='color_orange'>update:802</span>}<span class='color_orange'>formal</span>:org.junit.tests.running.classes.ParameterizedTestTest$AssumptionInParametersMethod( sub )</span>; <span class='color_blue'>old_org.junit.tests.running.classes.ParameterizedTestTest$AssumptionInParametersMethod = {assumptionFails:val$2<span class='color_orange'>formal</span>}<span class='color_orange'>formal</span>:org.junit.tests.running.classes.ParameterizedTestTest$AssumptionInParametersMethod( sub )</span>; <span class='color_blue'>$irvar4 = <span class='color_red'>_t$3<span class='color_orange'>initial</span></span>:void</span>; <span class='color_blue'>$irvar0 = <span class='color_red'>n$1<span class='color_orange'>update:803</span></span>:void</span>; <span class='color_blue'>return = _t$2<span class='color_orange'>initial</span>:void</span>; <span class='color_blue'>$irvar1 = _t$1<span class='color_orange'>initial</span>:void</span>; <span class='color_blue'>$irvar2 = _t$0<span class='color_orange'>initial</span>:void</span>; <span class='color_blue'>this = val$1<span class='color_orange'>formal</span>:org.junit.tests.running.classes.ParameterizedTestTest*( sub )</span>; <span class='color_blue'>old_this = val$1<span class='color_orange'>formal</span>:org.junit.tests.running.classes.ParameterizedTestTest*( sub )</span> ;
    <span class='color_red'>$irvar0|->[1|]<span class='color_orange'>alloc</span>:java.lang.Class*[_*_][1]</span></span>
    
    Instruction <span class='color_green'>*n$1[0]:java.lang.Object*=org.junit.tests.running.classes.ParameterizedTestTest$AssumptionInParametersMethod [line 803]</span>
    in vpath_find exp:n$1
    vpath_find do_sexp: no match on Eexp &amp;$irvar0
    vpath_find: cannot find n$1
    .... Rearrangement Start ....
    Exp: n$1[0]
    Prop:
    <span class='color_blue'>MEMna &lt; new[]:803 &gt; <span class='color_orange'>{vpath: }</span>($irvar0) ;
    result = n$28<span class='color_orange'>initial</span>:org.junit.runner.Result*; $irvar3 = n$29<span class='color_orange'>initial</span>:void; #GB<>$org.junit.tests.running.classes.ParameterizedTestTest$AssumptionInParametersMethod = {assumptionFails:1<span class='color_orange'>update:802</span>}<span class='color_orange'>formal</span>:org.junit.tests.running.classes.ParameterizedTestTest$AssumptionInParametersMethod( sub ); old_org.junit.tests.running.classes.ParameterizedTestTest$AssumptionInParametersMethod = {assumptionFails:val$2<span class='color_orange'>formal</span>}<span class='color_orange'>formal</span>:org.junit.tests.running.classes.ParameterizedTestTest$AssumptionInParametersMethod( sub ); $irvar4 = n$30<span class='color_orange'>initial</span>:void; $irvar0 = n$1<span class='color_orange'>update:803</span>:void; return = n$31<span class='color_orange'>initial</span>:void; $irvar1 = n$32<span class='color_orange'>initial</span>:void; $irvar2 = n$33<span class='color_orange'>initial</span>:void; this = val$1<span class='color_orange'>formal</span>:org.junit.tests.running.classes.ParameterizedTestTest*( sub ); old_this = val$1<span class='color_orange'>formal</span>:org.junit.tests.running.classes.ParameterizedTestTest*( sub ) ;
    $irvar0|->[1|]<span class='color_orange'>alloc</span>:java.lang.Class*[_*_][1]</span>
    
    Prover.check_inconsistency_base: inconsistency reason [None]
    Prover.check_inconsistency_base: inconsistency reason [None]
    Instruction Returns
    PROP 1 of 1:
    <span class='color_blue'><span class='color_blue'>MEMna &lt; new[]:803 &gt; <span class='color_orange'>{vpath: }</span>($irvar0)</span> ;
    <span class='color_blue'>result = _t$5<span class='color_orange'>initial</span>:org.junit.runner.Result*</span>; <span class='color_blue'>$irvar3 = _t$4<span class='color_orange'>initial</span>:void</span>; <span class='color_blue'>#GB<>$org.junit.tests.running.classes.ParameterizedTestTest$AssumptionInParametersMethod = {assumptionFails:1<span class='color_orange'>update:802</span>}<span class='color_orange'>formal</span>:org.junit.tests.running.classes.ParameterizedTestTest$AssumptionInParametersMethod( sub )</span>; <span class='color_blue'>old_org.junit.tests.running.classes.ParameterizedTestTest$AssumptionInParametersMethod = {assumptionFails:val$2<span class='color_orange'>formal</span>}<span class='color_orange'>formal</span>:org.junit.tests.running.classes.ParameterizedTestTest$AssumptionInParametersMethod( sub )</span>; <span class='color_blue'>$irvar4 = _t$3<span class='color_orange'>initial</span>:void</span>; <span class='color_blue'>$irvar0 = n$1<span class='color_orange'>update:803</span>:void</span>; <span class='color_blue'>return = _t$2<span class='color_orange'>initial</span>:void</span>; <span class='color_blue'>$irvar1 = _t$1<span class='color_orange'>initial</span>:void</span>; <span class='color_blue'>$irvar2 = _t$0<span class='color_orange'>initial</span>:void</span>; <span class='color_blue'>this = val$1<span class='color_orange'>formal</span>:org.junit.tests.running.classes.ParameterizedTestTest*( sub )</span>; <span class='color_blue'>old_this = val$1<span class='color_orange'>formal</span>:org.junit.tests.running.classes.ParameterizedTestTest*( sub )</span> ;
    <span class='color_blue'>$irvar0|->[1|<span class='color_red'>0:org.junit.tests.running.classes.ParameterizedTestTest$AssumptionInParametersMethod<span class='color_orange'>update:803</span></span>]<span class='color_orange'>alloc</span>:java.lang.Class*[_*_][1]</span></span>
    
    Instruction <span class='color_green'>EXIT_SCOPE(n$1); [line 803]</span>
    in vpath_find exp:n$1
    vpath_find do_sexp: no match on Eexp &amp;$irvar0
    vpath_find: cannot find n$1
    Instruction Returns
    PROP 1 of 1:
    <span class='color_blue'><span class='color_red'>MEMna &lt; new[]:803 &gt; <span class='color_orange'>{vpath: }</span>($irvar0)</span> ;
    <span class='color_blue'>result = <span class='color_red'>_t$6<span class='color_orange'>initial</span></span>:org.junit.runner.Result*</span>; <span class='color_blue'>$irvar3 = <span class='color_red'>_t$5<span class='color_orange'>initial</span></span>:void</span>; <span class='color_blue'>#GB<>$org.junit.tests.running.classes.ParameterizedTestTest$AssumptionInParametersMethod = {assumptionFails:1<span class='color_orange'>update:802</span>}<span class='color_orange'>formal</span>:org.junit.tests.running.classes.ParameterizedTestTest$AssumptionInParametersMethod( sub )</span>; <span class='color_blue'>old_org.junit.tests.running.classes.ParameterizedTestTest$AssumptionInParametersMethod = {assumptionFails:val$2<span class='color_orange'>formal</span>}<span class='color_orange'>formal</span>:org.junit.tests.running.classes.ParameterizedTestTest$AssumptionInParametersMethod( sub )</span>; <span class='color_blue'>$irvar4 = <span class='color_red'>_t$4<span class='color_orange'>initial</span></span>:void</span>; <span class='color_blue'>$irvar0 = <span class='color_red'>_t$3<span class='color_orange'>update:803</span></span>:void</span>; <span class='color_blue'>return = _t$2<span class='color_orange'>initial</span>:void</span>; <span class='color_blue'>$irvar1 = _t$1<span class='color_orange'>initial</span>:void</span>; <span class='color_blue'>$irvar2 = _t$0<span class='color_orange'>initial</span>:void</span>; <span class='color_blue'>this = val$1<span class='color_orange'>formal</span>:org.junit.tests.running.classes.ParameterizedTestTest*( sub )</span>; <span class='color_blue'>old_this = val$1<span class='color_orange'>formal</span>:org.junit.tests.running.classes.ParameterizedTestTest*( sub )</span> ;
    <span class='color_red'>$irvar0|->[1|0:org.junit.tests.running.classes.ParameterizedTestTest$AssumptionInParametersMethod<span class='color_orange'>update:803</span>]<span class='color_orange'>alloc</span>:java.lang.Class*[_*_][1]</span></span>
    
    .... After Symbolic Execution ....
    PROP 1 of 1:
    <span class='color_blue'><span class='color_blue'>MEMna &lt; new[]:803 &gt; <span class='color_orange'>{vpath: }</span>($irvar0)</span> ;
    <span class='color_blue'>result = _t$6<span class='color_orange'>initial</span>:org.junit.runner.Result*</span>; <span class='color_blue'>$irvar3 = _t$5<span class='color_orange'>initial</span>:void</span>; <span class='color_blue'>#GB<>$org.junit.tests.running.classes.ParameterizedTestTest$AssumptionInParametersMethod = {assumptionFails:1<span class='color_orange'>update:802</span>}<span class='color_orange'>formal</span>:org.junit.tests.running.classes.ParameterizedTestTest$AssumptionInParametersMethod( sub )</span>; <span class='color_blue'>old_org.junit.tests.running.classes.ParameterizedTestTest$AssumptionInParametersMethod = {assumptionFails:val$2<span class='color_orange'>formal</span>}<span class='color_orange'>formal</span>:org.junit.tests.running.classes.ParameterizedTestTest$AssumptionInParametersMethod( sub )</span>; <span class='color_blue'>$irvar4 = _t$4<span class='color_orange'>initial</span>:void</span>; <span class='color_blue'>$irvar0 = _t$3<span class='color_orange'>update:803</span>:void</span>; <span class='color_blue'>return = _t$2<span class='color_orange'>initial</span>:void</span>; <span class='color_blue'>$irvar1 = _t$1<span class='color_orange'>initial</span>:void</span>; <span class='color_blue'>$irvar2 = _t$0<span class='color_orange'>initial</span>:void</span>; <span class='color_blue'>this = val$1<span class='color_orange'>formal</span>:org.junit.tests.running.classes.ParameterizedTestTest*( sub )</span>; <span class='color_blue'>old_this = val$1<span class='color_orange'>formal</span>:org.junit.tests.running.classes.ParameterizedTestTest*( sub )</span> ;
    <span class='color_blue'>$irvar0|->[1|<span class='color_red'>0:org.junit.tests.running.classes.ParameterizedTestTest$AssumptionInParametersMethod<span class='color_orange'>update:803</span></span>]<span class='color_orange'>alloc</span>:java.lang.Class*[_*_][1]</span></span>
    
    
    
  </LISTING>