<!DOCTYPE HTML PUBLIC "-//W3C//DTD HTML 4.01 Transitional//EN">
<html>
<head>
<title>org.junit.tests.running.classes.ParameterizedTestTest.beforeAndAfterClassAreRun():void.5e3b7c7d989fb8b8e4d9b2c6def0df27_node3</title>
<meta http-equiv="Content-Type" content="text/html; charset=utf-8">
<style type="text/css">
body { background-color:#fff; color:#000; font-family:Helvetica, sans-serif; font-size:10pt }
h1 { font-size:14pt }
.code { border-collapse:collapse; width:100%; font-family: "Andale Mono", monospace; font-size:10pt; line-height: 1.2em }
.color_black { color: black }
.color_blue { color: blue }
.color_green { color: green }
.color_orange { color: orange }
.color_red { color: red }
.line { border-left: 3px solid #ccc; padding-left: 1ex; white-space: pre; }
.msg { background-color:#fff8b4; color:#000; float:left; font-family:Helvetica, sans-serif; font-size: smaller; font-weight: bold; margin-bottom:10px; margin-top:10px; max-width:60em; padding:0.5em 1ex 0.5em 1ex; -webkit-border-radius:5px; -webkit-box-shadow:1px 1px 7px #000; white-space: pre-wrap; word-wrap: break-word; }
.num { background-color:#eee; color:#444; font-size: smaller; padding-right:2ex; text-align:right; width:2.5em; }
.dangling { background-color:white; color: gray; }
.visited { background-color:LemonChiffon; color: darkmagenta; }
.tooltip { display: none; background-color:#FFF0F0; border: 2px solid #F00; font-weight: normal; left:10em; padding: 2px; position: absolute; top: -1em; -webkit-border-radius:5px; -webkit-box-shadow:1px 1px 7px #000; z-index: 1}
.with_tooltip { position: relative; }
.with_tooltip:hover .tooltip, .visited:hover .tooltip { display: block; }
</style>
</head>
<body>
<center><h1>Cfg Node <a href="./../../ParameterizedTestTest.java.88da44e98279dfa32c0c7e5c52f053d0.html#LINE265">3</a></h1></center>PROC: <a href="./../org.junit.tests.running.classes.ParameterizedTestTest.beforeAndAfterClassAreRun%28%29%3Avoid.5e3b7c7d989fb8b8e4d9b2c6def0df27.html">void ParameterizedTestTest.beforeAndAfterClassAreRun()</a> LINE: <a href="./../../ParameterizedTestTest.java.88da44e98279dfa32c0c7e5c52f053d0.html#LINE265">265</a>
<br>PREDS:
<br>SUCCS:
<a href="./../nodes/org.junit.tests.running.classes.ParameterizedTestTest.beforeAndAfterClassAreRun%28%29%3Avoid.5e3b7c7d989fb8b8e4d9b2c6def0df27_node2.html"><span class='visited with_tooltip'>N_2<span class='tooltip'>node2 preds:10 3 succs: exn: </span></span></a><br>EXN:
<a href="./../nodes/org.junit.tests.running.classes.ParameterizedTestTest.beforeAndAfterClassAreRun%28%29%3Avoid.5e3b7c7d989fb8b8e4d9b2c6def0df27_node2.html"><span class='visited with_tooltip'>N_2<span class='tooltip'>node2 preds:10 3 succs: exn: </span></span></a><br>
<LISTING class='color_green'></LISTING>
<hr width="100%">
<a name="session2" href="./../nodes/org.junit.tests.running.classes.ParameterizedTestTest.beforeAndAfterClassAreRun%28%29%3Avoid.5e3b7c7d989fb8b8e4d9b2c6def0df27_node3.html#session2">node3#session2</a>(<a href="./../../ParameterizedTestTest.java.88da44e98279dfa32c0c7e5c52f053d0.html#LINE265">265</a>) [compute pre] liveness 3
<LISTING class='color_black'></LISTING>
<hr width="100%">
<a name="session3" href="./../nodes/org.junit.tests.running.classes.ParameterizedTestTest.beforeAndAfterClassAreRun%28%29%3Avoid.5e3b7c7d989fb8b8e4d9b2c6def0df27_node3.html#session3">node3#session3</a>(<a href="./../../ParameterizedTestTest.java.88da44e98279dfa32c0c7e5c52f053d0.html#LINE265">265</a>) [exec] liveness 3
<LISTING class='color_black'>PRE STATE:
normal:{ }, exn:{ }

INSTR=  SKIP; 

STATE UNCHANGED

</LISTING>
<hr width="100%">
<a name="session35" href="./../nodes/org.junit.tests.running.classes.ParameterizedTestTest.beforeAndAfterClassAreRun%28%29%3Avoid.5e3b7c7d989fb8b8e4d9b2c6def0df27_node3.html#session35">node3#session35</a>(<a href="./../../ParameterizedTestTest.java.88da44e98279dfa32c0c7e5c52f053d0.html#LINE265">265</a>) [compute pre] nullify
<LISTING class='color_black'>JOIN

LEFT:   (normal:{ }, exn:{ },
normal:{ }, exn:{ })
RIGHT:  (normal:{ $irvar0 }, exn:{ },
normal:{ n$0 }, exn:{ })
RESULT: (normal:{ $irvar0 }, exn:{ },
normal:{ n$0 }, exn:{ })

JOIN

LEFT:   (normal:{ $irvar0 }, exn:{ },
normal:{ n$0 }, exn:{ })
RIGHT:  (normal:{ $irvar0 }, exn:{ },
normal:{ n$1 }, exn:{ })
RESULT: (normal:{ $irvar0 }, exn:{ },
normal:{ n$0, n$1 }, exn:{ })

JOIN

LEFT:   (normal:{ $irvar0 }, exn:{ },
normal:{ n$0, n$1 }, exn:{ })
RIGHT:  (normal:{ }, exn:{ },
normal:{ n$2, n$3, $irvar0, $irvar1 }, exn:{ })
RESULT: (normal:{ $irvar0 }, exn:{ },
normal:{ n$0, n$1, n$2, n$3, $irvar0, $irvar1 }, exn:{ })

JOIN

LEFT:   (normal:{ $irvar0 }, exn:{ },
normal:{ n$0, n$1, n$2, n$3, $irvar0, $irvar1 }, exn:{ })
RIGHT:  (normal:{ $irvar2 }, exn:{ },
normal:{ n$4, classes.ParameterizedTestTest }, exn:{ })
RESULT: (normal:{ $irvar0, $irvar2 }, exn:{ },
normal:{ n$0,
         n$1,
         n$2,
         n$3,
         n$4,
         $irvar0,
         $irvar1,
         classes.ParameterizedTestTest },
exn:{ })

JOIN

LEFT:   (normal:{ $irvar0, $irvar2 }, exn:{ },
normal:{ n$0,
         n$1,
         n$2,
         n$3,
         n$4,
         $irvar0,
         $irvar1,
         classes.ParameterizedTestTest },
exn:{ })
RIGHT:  (normal:{ }, exn:{ },
normal:{ n$5, n$6, $irvar2 }, exn:{ })
RESULT: (normal:{ $irvar0, $irvar2 }, exn:{ },
normal:{ n$0,
         n$1,
         n$2,
         n$3,
         n$4,
         n$5,
         n$6,
         $irvar0,
         $irvar1,
         classes.ParameterizedTestTest,
         $irvar2 },
exn:{ })

JOIN

LEFT:   (normal:{ $irvar0, $irvar2 }, exn:{ },
normal:{ n$0,
         n$1,
         n$2,
         n$3,
         n$4,
         n$5,
         n$6,
         $irvar0,
         $irvar1,
         classes.ParameterizedTestTest,
         $irvar2 },
exn:{ })
RIGHT:  (normal:{ }, exn:{ },
normal:{ }, exn:{ })
RESULT: (normal:{ $irvar0, $irvar2 }, exn:{ },
normal:{ n$0,
         n$1,
         n$2,
         n$3,
         n$4,
         n$5,
         n$6,
         $irvar0,
         $irvar1,
         classes.ParameterizedTestTest,
         $irvar2 },
exn:{ })

</LISTING>
<hr width="100%">
<a name="session36" href="./../nodes/org.junit.tests.running.classes.ParameterizedTestTest.beforeAndAfterClassAreRun%28%29%3Avoid.5e3b7c7d989fb8b8e4d9b2c6def0df27_node3.html#session36">node3#session36</a>(<a href="./../../ParameterizedTestTest.java.88da44e98279dfa32c0c7e5c52f053d0.html#LINE265">265</a>) [exec] nullify
<LISTING class='color_black'>PRE STATE:
(normal:{ $irvar0, $irvar2 }, exn:{ },
normal:{ n$0,
         n$1,
         n$2,
         n$3,
         n$4,
         n$5,
         n$6,
         $irvar0,
         $irvar1,
         classes.ParameterizedTestTest,
         $irvar2 },
exn:{ })

INSTR=  SKIP; 

STATE:
(normal:{ }, exn:{ },normal:{ $irvar0, $irvar2 }, exn:{ })

</LISTING>
<hr width="100%">
<a name="session77" href="./../nodes/org.junit.tests.running.classes.ParameterizedTestTest.beforeAndAfterClassAreRun%28%29%3Avoid.5e3b7c7d989fb8b8e4d9b2c6def0df27_node3.html#session77">node3#session77</a>(<a href="./../../ParameterizedTestTest.java.88da44e98279dfa32c0c7e5c52f053d0.html#LINE265">265</a>) [exec] devirtualizer
<LISTING class='color_black'></LISTING>
<hr width="100%">
<a name="session78" href="./../nodes/org.junit.tests.running.classes.ParameterizedTestTest.beforeAndAfterClassAreRun%28%29%3Avoid.5e3b7c7d989fb8b8e4d9b2c6def0df27_node3.html#session78">node3#session78</a>(<a href="./../../ParameterizedTestTest.java.88da44e98279dfa32c0c7e5c52f053d0.html#LINE265">265</a>) [exec] devirtualizer
<LISTING class='color_black'></LISTING>
<hr width="100%">
<a name="session79" href="./../nodes/org.junit.tests.running.classes.ParameterizedTestTest.beforeAndAfterClassAreRun%28%29%3Avoid.5e3b7c7d989fb8b8e4d9b2c6def0df27_node3.html#session79">node3#session79</a>(<a href="./../../ParameterizedTestTest.java.88da44e98279dfa32c0c7e5c52f053d0.html#LINE265">265</a>) [exec] devirtualizer
<LISTING class='color_black'></LISTING>
<hr width="100%">
<a name="session80" href="./../nodes/org.junit.tests.running.classes.ParameterizedTestTest.beforeAndAfterClassAreRun%28%29%3Avoid.5e3b7c7d989fb8b8e4d9b2c6def0df27_node3.html#session80">node3#session80</a>(<a href="./../../ParameterizedTestTest.java.88da44e98279dfa32c0c7e5c52f053d0.html#LINE265">265</a>) [exec] devirtualizer
<LISTING class='color_black'></LISTING>
<hr width="100%">
<a name="session43" href="./../nodes/org.junit.tests.running.classes.ParameterizedTestTest.beforeAndAfterClassAreRun%28%29%3Avoid.5e3b7c7d989fb8b8e4d9b2c6def0df27_node3.html#session43">node3#session43</a>(<a href="./../../ParameterizedTestTest.java.88da44e98279dfa32c0c7e5c52f053d0.html#LINE265">265</a>) biabduction
<LISTING class='color_black'>**** [FP:Pending] void ParameterizedTestTest.beforeAndAfterClassAreRun() Node: 3, Procedure: void ParameterizedTestTest.beforeAndAfterClassAreRun(), Todo: 1 ****
  PROP 1 of 1:
  <span class='color_blue'><span class='color_red'>0 != ""</span>; <span class='color_red'>null != "before after "</span>; <span class='color_red'>MEMne &lt; void Assert.assertEquals(Object,Object):264 &gt; <span class='color_orange'>{vpath: }</span>(_t$0)</span>; <span class='color_red'>MEMna &lt; new[]:263 &gt; <span class='color_orange'>{vpath: }</span>(_t$1)</span>; <span class='color_red'>UND &lt; Result JUnitCore.runClasses(Computer,Class[]) &gt; :53(_t$2)</span> ;
  <span class='color_red'>$irvar0 = 0<span class='color_orange'>nullify</span>:void</span>; <span class='color_red'>return = EXN _t$0<span class='color_orange'>update:264</span>:void</span>; <span class='color_red'>$irvar1 = 0<span class='color_orange'>nullify</span>:void</span>; <span class='color_red'>#GB<>$org.junit.tests.running.classes.ParameterizedTestTest = {fLog:""<span class='color_orange'>update:262</span>}<span class='color_orange'>rearrange:262</span>:org.junit.tests.running.classes.ParameterizedTestTest( sub )</span>; <span class='color_red'>$irvar2 = 0<span class='color_orange'>nullify</span>:void</span>; <span class='color_red'>this = @f$0<span class='color_orange'>formal</span>:org.junit.tests.running.classes.ParameterizedTestTest*( sub )</span>; <span class='color_red'>old_this = @f$0<span class='color_orange'>formal</span>:org.junit.tests.running.classes.ParameterizedTestTest*( sub )</span> ;
  <span class='color_red'>_t$0|->{fActual:""<span class='color_orange'>update:264</span>, fExpected:"before after "<span class='color_orange'>update:(z)264</span>}<span class='color_orange'>formal(z)</span>:org.junit.ComparisonFailure</span>
  [footprint
     <span class='color_red'>0 != ""</span>; <span class='color_red'>null != "before after "</span> *
     <span class='color_red'>#GB<>$org.junit.tests.running.classes.ParameterizedTestTest = {fLog:@f$1<span class='color_orange'>rearrange:262</span>}<span class='color_orange'>rearrange:262</span>:org.junit.tests.running.classes.ParameterizedTestTest( sub )</span>; <span class='color_red'>this = @f$0<span class='color_orange'>formal</span>:org.junit.tests.running.classes.ParameterizedTestTest*( sub )</span>  ]</span>
  .... Instructions: ....
  <span class='color_green'>NULLIFY(&amp;$irvar0); [line 265];
  NULLIFY(&amp;$irvar2); [line 265];
  EXIT_SCOPE($irvar0,$irvar2); [line 265];
  APPLY_ABSTRACTION; [line 265];
  </span>
  
  Processing prop 1/1
    Instruction <span class='color_green'>NULLIFY(&amp;$irvar0); [line 265]</span>
    in vpath_find exp:_t$0
    vpath_find: cannot find _t$0
    in vpath_find exp:_t$1
    vpath_find: cannot find _t$1
    Instruction Returns
    PROP 1 of 1:
    <span class='color_blue'><span class='color_blue'>0 != ""</span>; <span class='color_blue'>null != "before after "</span>; <span class='color_blue'>MEMne &lt; void Assert.assertEquals(Object,Object):264 &gt; <span class='color_orange'>{vpath: }</span>(_t$0)</span>; <span class='color_blue'>MEMna &lt; new[]:263 &gt; <span class='color_orange'>{vpath: }</span>(_t$1)</span>; <span class='color_blue'>UND &lt; Result JUnitCore.runClasses(Computer,Class[]) &gt; :53(_t$2)</span> ;
    <span class='color_blue'>$irvar0 = 0<span class='color_orange'>nullify</span>:void</span>; <span class='color_blue'>return = EXN _t$0<span class='color_orange'>update:264</span>:void</span>; <span class='color_blue'>$irvar1 = 0<span class='color_orange'>nullify</span>:void</span>; <span class='color_blue'>#GB<>$org.junit.tests.running.classes.ParameterizedTestTest = {fLog:""<span class='color_orange'>update:262</span>}<span class='color_orange'>rearrange:262</span>:org.junit.tests.running.classes.ParameterizedTestTest( sub )</span>; <span class='color_blue'>$irvar2 = 0<span class='color_orange'>nullify</span>:void</span>; <span class='color_blue'>this = @f$0<span class='color_orange'>formal</span>:org.junit.tests.running.classes.ParameterizedTestTest*( sub )</span>; <span class='color_blue'>old_this = @f$0<span class='color_orange'>formal</span>:org.junit.tests.running.classes.ParameterizedTestTest*( sub )</span> ;
    <span class='color_blue'>_t$0|->{fActual:""<span class='color_orange'>update:264</span>, fExpected:"before after "<span class='color_orange'>update:(z)264</span>}<span class='color_orange'>formal(z)</span>:org.junit.ComparisonFailure</span>
    [footprint
       <span class='color_blue'>0 != ""</span>; <span class='color_blue'>null != "before after "</span> *
       <span class='color_blue'>#GB<>$org.junit.tests.running.classes.ParameterizedTestTest = {fLog:@f$1<span class='color_orange'>rearrange:262</span>}<span class='color_orange'>rearrange:262</span>:org.junit.tests.running.classes.ParameterizedTestTest( sub )</span>; <span class='color_blue'>this = @f$0<span class='color_orange'>formal</span>:org.junit.tests.running.classes.ParameterizedTestTest*( sub )</span>  ]</span>
    
    Instruction <span class='color_green'>NULLIFY(&amp;$irvar2); [line 265]</span>
    in vpath_find exp:_t$0
    vpath_find: cannot find _t$0
    in vpath_find exp:_t$1
    vpath_find: cannot find _t$1
    Instruction Returns
    PROP 1 of 1:
    <span class='color_blue'><span class='color_blue'>0 != ""</span>; <span class='color_blue'>null != "before after "</span>; <span class='color_blue'>MEMne &lt; void Assert.assertEquals(Object,Object):264 &gt; <span class='color_orange'>{vpath: }</span>(_t$0)</span>; <span class='color_blue'>MEMna &lt; new[]:263 &gt; <span class='color_orange'>{vpath: }</span>(_t$1)</span>; <span class='color_blue'>UND &lt; Result JUnitCore.runClasses(Computer,Class[]) &gt; :53(_t$2)</span> ;
    <span class='color_blue'>$irvar0 = 0<span class='color_orange'>nullify</span>:void</span>; <span class='color_blue'>return = EXN _t$0<span class='color_orange'>update:264</span>:void</span>; <span class='color_blue'>$irvar1 = 0<span class='color_orange'>nullify</span>:void</span>; <span class='color_blue'>#GB<>$org.junit.tests.running.classes.ParameterizedTestTest = {fLog:""<span class='color_orange'>update:262</span>}<span class='color_orange'>rearrange:262</span>:org.junit.tests.running.classes.ParameterizedTestTest( sub )</span>; <span class='color_blue'>$irvar2 = 0<span class='color_orange'>nullify</span>:void</span>; <span class='color_blue'>this = @f$0<span class='color_orange'>formal</span>:org.junit.tests.running.classes.ParameterizedTestTest*( sub )</span>; <span class='color_blue'>old_this = @f$0<span class='color_orange'>formal</span>:org.junit.tests.running.classes.ParameterizedTestTest*( sub )</span> ;
    <span class='color_blue'>_t$0|->{fActual:""<span class='color_orange'>update:264</span>, fExpected:"before after "<span class='color_orange'>update:(z)264</span>}<span class='color_orange'>formal(z)</span>:org.junit.ComparisonFailure</span>
    [footprint
       <span class='color_blue'>0 != ""</span>; <span class='color_blue'>null != "before after "</span> *
       <span class='color_blue'>#GB<>$org.junit.tests.running.classes.ParameterizedTestTest = {fLog:@f$1<span class='color_orange'>rearrange:262</span>}<span class='color_orange'>rearrange:262</span>:org.junit.tests.running.classes.ParameterizedTestTest( sub )</span>; <span class='color_blue'>this = @f$0<span class='color_orange'>formal</span>:org.junit.tests.running.classes.ParameterizedTestTest*( sub )</span>  ]</span>
    
    Instruction <span class='color_green'>EXIT_SCOPE($irvar0,$irvar2); [line 265]</span>
    in vpath_find exp:_t$0
    vpath_find: cannot find _t$0
    in vpath_find exp:_t$1
    vpath_find: cannot find _t$1
    Instruction Returns
    PROP 1 of 1:
    <span class='color_blue'><span class='color_blue'>0 != ""</span>; <span class='color_blue'>null != "before after "</span>; <span class='color_blue'>MEMne &lt; void Assert.assertEquals(Object,Object):264 &gt; <span class='color_orange'>{vpath: }</span>(_t$0)</span>; <span class='color_blue'>MEMna &lt; new[]:263 &gt; <span class='color_orange'>{vpath: }</span>(_t$1)</span>; <span class='color_blue'>UND &lt; Result JUnitCore.runClasses(Computer,Class[]) &gt; :53(_t$2)</span> ;
    <span class='color_blue'>$irvar0 = 0<span class='color_orange'>nullify</span>:void</span>; <span class='color_blue'>return = EXN _t$0<span class='color_orange'>update:264</span>:void</span>; <span class='color_blue'>$irvar1 = 0<span class='color_orange'>nullify</span>:void</span>; <span class='color_blue'>#GB<>$org.junit.tests.running.classes.ParameterizedTestTest = {fLog:""<span class='color_orange'>update:262</span>}<span class='color_orange'>rearrange:262</span>:org.junit.tests.running.classes.ParameterizedTestTest( sub )</span>; <span class='color_blue'>$irvar2 = 0<span class='color_orange'>nullify</span>:void</span>; <span class='color_blue'>this = @f$0<span class='color_orange'>formal</span>:org.junit.tests.running.classes.ParameterizedTestTest*( sub )</span>; <span class='color_blue'>old_this = @f$0<span class='color_orange'>formal</span>:org.junit.tests.running.classes.ParameterizedTestTest*( sub )</span> ;
    <span class='color_blue'>_t$0|->{fActual:""<span class='color_orange'>update:264</span>, fExpected:"before after "<span class='color_orange'>update:(z)264</span>}<span class='color_orange'>formal(z)</span>:org.junit.ComparisonFailure</span>
    [footprint
       <span class='color_blue'>0 != ""</span>; <span class='color_blue'>null != "before after "</span> *
       <span class='color_blue'>#GB<>$org.junit.tests.running.classes.ParameterizedTestTest = {fLog:@f$1<span class='color_orange'>rearrange:262</span>}<span class='color_orange'>rearrange:262</span>:org.junit.tests.running.classes.ParameterizedTestTest( sub )</span>; <span class='color_blue'>this = @f$0<span class='color_orange'>formal</span>:org.junit.tests.running.classes.ParameterizedTestTest*( sub )</span>  ]</span>
    
    Instruction <span class='color_green'>APPLY_ABSTRACTION; [line 265]</span>
    in vpath_find exp:_t$0
    vpath_find: cannot find _t$0
    in vpath_find exp:_t$1
    vpath_find: cannot find _t$1
    Prover.check_inconsistency_base: inconsistency reason [None]
    Prover.check_inconsistency_base: inconsistency reason [None]
    Can't find field fLog in StrexpMatch.find
    Can't find field fLog in StrexpMatch.find
    <span class='color_blue'>MEMne &lt; void Assert.assertEquals(Object,Object):264 &gt; <span class='color_orange'>{vpath: }</span>(_t$0) ;
    $irvar0 = 0<span class='color_orange'>nullify</span>:void; return = EXN _t$0<span class='color_orange'>update:264</span>:void; $irvar1 = 0<span class='color_orange'>nullify</span>:void; #GB<>$org.junit.tests.running.classes.ParameterizedTestTest = {fLog:""<span class='color_orange'>update:262</span>}<span class='color_orange'>rearrange:262</span>:org.junit.tests.running.classes.ParameterizedTestTest( sub ); $irvar2 = 0<span class='color_orange'>nullify</span>:void; this = @f$0<span class='color_orange'>formal</span>:org.junit.tests.running.classes.ParameterizedTestTest*( sub ); old_this = @f$0<span class='color_orange'>formal</span>:org.junit.tests.running.classes.ParameterizedTestTest*( sub ) ;
    _t$0|->{fActual:""<span class='color_orange'>update:264</span>, fExpected:"before after "<span class='color_orange'>update:(z)264</span>}<span class='color_orange'>formal(z)</span>:org.junit.ComparisonFailure
    [footprint
       #GB<>$org.junit.tests.running.classes.ParameterizedTestTest = {fLog:@f$1<span class='color_orange'>rearrange:262</span>}<span class='color_orange'>rearrange:262</span>:org.junit.tests.running.classes.ParameterizedTestTest( sub ); this = @f$0<span class='color_orange'>formal</span>:org.junit.tests.running.classes.ParameterizedTestTest*( sub )  ]</span>
    Instruction Returns
    PROP 1 of 1:
    <span class='color_blue'><span class='color_blue'>MEMne &lt; void Assert.assertEquals(Object,Object):264 &gt; <span class='color_orange'>{vpath: }</span>(_t$0)</span> ;
    <span class='color_blue'>$irvar0 = 0<span class='color_orange'>nullify</span>:void</span>; <span class='color_blue'>return = EXN _t$0<span class='color_orange'>update:264</span>:void</span>; <span class='color_blue'>$irvar1 = 0<span class='color_orange'>nullify</span>:void</span>; <span class='color_blue'>#GB<>$org.junit.tests.running.classes.ParameterizedTestTest = {fLog:""<span class='color_orange'>update:262</span>}<span class='color_orange'>rearrange:262</span>:org.junit.tests.running.classes.ParameterizedTestTest( sub )</span>; <span class='color_blue'>$irvar2 = 0<span class='color_orange'>nullify</span>:void</span>; <span class='color_blue'>this = @f$0<span class='color_orange'>formal</span>:org.junit.tests.running.classes.ParameterizedTestTest*( sub )</span>; <span class='color_blue'>old_this = @f$0<span class='color_orange'>formal</span>:org.junit.tests.running.classes.ParameterizedTestTest*( sub )</span> ;
    <span class='color_blue'>_t$0|->{fActual:""<span class='color_orange'>update:264</span>, fExpected:"before after "<span class='color_orange'>update:(z)264</span>}<span class='color_orange'>formal(z)</span>:org.junit.ComparisonFailure</span>
    [footprint
       <span class='color_blue'>#GB<>$org.junit.tests.running.classes.ParameterizedTestTest = {fLog:@f$1<span class='color_orange'>rearrange:262</span>}<span class='color_orange'>rearrange:262</span>:org.junit.tests.running.classes.ParameterizedTestTest( sub )</span>; <span class='color_blue'>this = @f$0<span class='color_orange'>formal</span>:org.junit.tests.running.classes.ParameterizedTestTest*( sub )</span>  ]</span>
    
    .... After Symbolic Execution ....
    PROP 1 of 1:
    <span class='color_blue'><span class='color_blue'>MEMne &lt; void Assert.assertEquals(Object,Object):264 &gt; <span class='color_orange'>{vpath: }</span>(_t$0)</span> ;
    <span class='color_blue'>$irvar0 = 0<span class='color_orange'>nullify</span>:void</span>; <span class='color_blue'>return = EXN _t$0<span class='color_orange'>update:264</span>:void</span>; <span class='color_blue'>$irvar1 = 0<span class='color_orange'>nullify</span>:void</span>; <span class='color_blue'>#GB<>$org.junit.tests.running.classes.ParameterizedTestTest = {fLog:""<span class='color_orange'>update:262</span>}<span class='color_orange'>rearrange:262</span>:org.junit.tests.running.classes.ParameterizedTestTest( sub )</span>; <span class='color_blue'>$irvar2 = 0<span class='color_orange'>nullify</span>:void</span>; <span class='color_blue'>this = @f$0<span class='color_orange'>formal</span>:org.junit.tests.running.classes.ParameterizedTestTest*( sub )</span>; <span class='color_blue'>old_this = @f$0<span class='color_orange'>formal</span>:org.junit.tests.running.classes.ParameterizedTestTest*( sub )</span> ;
    <span class='color_blue'>_t$0|->{fActual:""<span class='color_orange'>update:264</span>, fExpected:"before after "<span class='color_orange'>update:(z)264</span>}<span class='color_orange'>formal(z)</span>:org.junit.ComparisonFailure</span>
    [footprint
       <span class='color_blue'>#GB<>$org.junit.tests.running.classes.ParameterizedTestTest = {fLog:@f$1<span class='color_orange'>rearrange:262</span>}<span class='color_orange'>rearrange:262</span>:org.junit.tests.running.classes.ParameterizedTestTest( sub )</span>; <span class='color_blue'>this = @f$0<span class='color_orange'>formal</span>:org.junit.tests.running.classes.ParameterizedTestTest*( sub )</span>  ]</span>
    
    
    
  </LISTING>
<hr width="100%">
<a name="session55" href="./../nodes/org.junit.tests.running.classes.ParameterizedTestTest.beforeAndAfterClassAreRun%28%29%3Avoid.5e3b7c7d989fb8b8e4d9b2c6def0df27_node3.html#session55">node3#session55</a>(<a href="./../../ParameterizedTestTest.java.88da44e98279dfa32c0c7e5c52f053d0.html#LINE265">265</a>) biabduction
<LISTING class='color_black'>**** [RE:Pending] void ParameterizedTestTest.beforeAndAfterClassAreRun() Node: 3, Procedure: void ParameterizedTestTest.beforeAndAfterClassAreRun(), Todo: 1 ****
  PROP 1 of 1:
  <span class='color_blue'><span class='color_red'>0 != ""</span>; <span class='color_red'>null != "before after "</span>; <span class='color_red'>MEMne &lt; void Assert.assertEquals(Object,Object):264 &gt; <span class='color_orange'>{vpath: }</span>(_t$0)</span>; <span class='color_red'>MEMna &lt; new[]:263 &gt; <span class='color_orange'>{vpath: }</span>(_t$1)</span>; <span class='color_red'>UND &lt; Result JUnitCore.runClasses(Computer,Class[]) &gt; :53(_t$2)</span> ;
  <span class='color_red'>$irvar0 = 0<span class='color_orange'>nullify</span>:void</span>; <span class='color_red'>return = EXN _t$0<span class='color_orange'>update:264</span>:void</span>; <span class='color_red'>$irvar1 = 0<span class='color_orange'>nullify</span>:void</span>; <span class='color_red'>#GB<>$org.junit.tests.running.classes.ParameterizedTestTest = {fLog:""<span class='color_orange'>update:262</span>}<span class='color_orange'>formal</span>:org.junit.tests.running.classes.ParameterizedTestTest( sub )</span>; <span class='color_red'>old_org.junit.tests.running.classes.ParameterizedTestTest = {fLog:val$2<span class='color_orange'>formal</span>}<span class='color_orange'>formal</span>:org.junit.tests.running.classes.ParameterizedTestTest( sub )</span>; <span class='color_red'>$irvar2 = 0<span class='color_orange'>nullify</span>:void</span>; <span class='color_red'>this = val$1<span class='color_orange'>formal</span>:org.junit.tests.running.classes.ParameterizedTestTest*( sub )</span>; <span class='color_red'>old_this = val$1<span class='color_orange'>formal</span>:org.junit.tests.running.classes.ParameterizedTestTest*( sub )</span> ;
  <span class='color_red'>_t$0|->{fActual:""<span class='color_orange'>update:264</span>, fExpected:"before after "<span class='color_orange'>update:(z)264</span>}<span class='color_orange'>formal(z)</span>:org.junit.ComparisonFailure</span></span>
  .... Instructions: ....
  <span class='color_green'>NULLIFY(&amp;$irvar0); [line 265];
  NULLIFY(&amp;$irvar2); [line 265];
  EXIT_SCOPE($irvar0,$irvar2); [line 265];
  APPLY_ABSTRACTION; [line 265];
  </span>
  
  Processing prop 1/1
    Instruction <span class='color_green'>NULLIFY(&amp;$irvar0); [line 265]</span>
    in vpath_find exp:_t$0
    vpath_find: cannot find _t$0
    in vpath_find exp:_t$1
    vpath_find: cannot find _t$1
    Instruction Returns
    PROP 1 of 1:
    <span class='color_blue'><span class='color_blue'>0 != ""</span>; <span class='color_blue'>null != "before after "</span>; <span class='color_blue'>MEMne &lt; void Assert.assertEquals(Object,Object):264 &gt; <span class='color_orange'>{vpath: }</span>(_t$0)</span>; <span class='color_blue'>MEMna &lt; new[]:263 &gt; <span class='color_orange'>{vpath: }</span>(_t$1)</span>; <span class='color_blue'>UND &lt; Result JUnitCore.runClasses(Computer,Class[]) &gt; :53(_t$2)</span> ;
    <span class='color_blue'>$irvar0 = 0<span class='color_orange'>nullify</span>:void</span>; <span class='color_blue'>return = EXN _t$0<span class='color_orange'>update:264</span>:void</span>; <span class='color_blue'>$irvar1 = 0<span class='color_orange'>nullify</span>:void</span>; <span class='color_blue'>#GB<>$org.junit.tests.running.classes.ParameterizedTestTest = {fLog:""<span class='color_orange'>update:262</span>}<span class='color_orange'>formal</span>:org.junit.tests.running.classes.ParameterizedTestTest( sub )</span>; <span class='color_blue'>old_org.junit.tests.running.classes.ParameterizedTestTest = {fLog:val$2<span class='color_orange'>formal</span>}<span class='color_orange'>formal</span>:org.junit.tests.running.classes.ParameterizedTestTest( sub )</span>; <span class='color_blue'>$irvar2 = 0<span class='color_orange'>nullify</span>:void</span>; <span class='color_blue'>this = val$1<span class='color_orange'>formal</span>:org.junit.tests.running.classes.ParameterizedTestTest*( sub )</span>; <span class='color_blue'>old_this = val$1<span class='color_orange'>formal</span>:org.junit.tests.running.classes.ParameterizedTestTest*( sub )</span> ;
    <span class='color_blue'>_t$0|->{fActual:""<span class='color_orange'>update:264</span>, fExpected:"before after "<span class='color_orange'>update:(z)264</span>}<span class='color_orange'>formal(z)</span>:org.junit.ComparisonFailure</span></span>
    
    Instruction <span class='color_green'>NULLIFY(&amp;$irvar2); [line 265]</span>
    in vpath_find exp:_t$0
    vpath_find: cannot find _t$0
    in vpath_find exp:_t$1
    vpath_find: cannot find _t$1
    Instruction Returns
    PROP 1 of 1:
    <span class='color_blue'><span class='color_blue'>0 != ""</span>; <span class='color_blue'>null != "before after "</span>; <span class='color_blue'>MEMne &lt; void Assert.assertEquals(Object,Object):264 &gt; <span class='color_orange'>{vpath: }</span>(_t$0)</span>; <span class='color_blue'>MEMna &lt; new[]:263 &gt; <span class='color_orange'>{vpath: }</span>(_t$1)</span>; <span class='color_blue'>UND &lt; Result JUnitCore.runClasses(Computer,Class[]) &gt; :53(_t$2)</span> ;
    <span class='color_blue'>$irvar0 = 0<span class='color_orange'>nullify</span>:void</span>; <span class='color_blue'>return = EXN _t$0<span class='color_orange'>update:264</span>:void</span>; <span class='color_blue'>$irvar1 = 0<span class='color_orange'>nullify</span>:void</span>; <span class='color_blue'>#GB<>$org.junit.tests.running.classes.ParameterizedTestTest = {fLog:""<span class='color_orange'>update:262</span>}<span class='color_orange'>formal</span>:org.junit.tests.running.classes.ParameterizedTestTest( sub )</span>; <span class='color_blue'>old_org.junit.tests.running.classes.ParameterizedTestTest = {fLog:val$2<span class='color_orange'>formal</span>}<span class='color_orange'>formal</span>:org.junit.tests.running.classes.ParameterizedTestTest( sub )</span>; <span class='color_blue'>$irvar2 = 0<span class='color_orange'>nullify</span>:void</span>; <span class='color_blue'>this = val$1<span class='color_orange'>formal</span>:org.junit.tests.running.classes.ParameterizedTestTest*( sub )</span>; <span class='color_blue'>old_this = val$1<span class='color_orange'>formal</span>:org.junit.tests.running.classes.ParameterizedTestTest*( sub )</span> ;
    <span class='color_blue'>_t$0|->{fActual:""<span class='color_orange'>update:264</span>, fExpected:"before after "<span class='color_orange'>update:(z)264</span>}<span class='color_orange'>formal(z)</span>:org.junit.ComparisonFailure</span></span>
    
    Instruction <span class='color_green'>EXIT_SCOPE($irvar0,$irvar2); [line 265]</span>
    in vpath_find exp:_t$0
    vpath_find: cannot find _t$0
    in vpath_find exp:_t$1
    vpath_find: cannot find _t$1
    Instruction Returns
    PROP 1 of 1:
    <span class='color_blue'><span class='color_blue'>0 != ""</span>; <span class='color_blue'>null != "before after "</span>; <span class='color_blue'>MEMne &lt; void Assert.assertEquals(Object,Object):264 &gt; <span class='color_orange'>{vpath: }</span>(_t$0)</span>; <span class='color_blue'>MEMna &lt; new[]:263 &gt; <span class='color_orange'>{vpath: }</span>(_t$1)</span>; <span class='color_blue'>UND &lt; Result JUnitCore.runClasses(Computer,Class[]) &gt; :53(_t$2)</span> ;
    <span class='color_blue'>$irvar0 = 0<span class='color_orange'>nullify</span>:void</span>; <span class='color_blue'>return = EXN _t$0<span class='color_orange'>update:264</span>:void</span>; <span class='color_blue'>$irvar1 = 0<span class='color_orange'>nullify</span>:void</span>; <span class='color_blue'>#GB<>$org.junit.tests.running.classes.ParameterizedTestTest = {fLog:""<span class='color_orange'>update:262</span>}<span class='color_orange'>formal</span>:org.junit.tests.running.classes.ParameterizedTestTest( sub )</span>; <span class='color_blue'>old_org.junit.tests.running.classes.ParameterizedTestTest = {fLog:val$2<span class='color_orange'>formal</span>}<span class='color_orange'>formal</span>:org.junit.tests.running.classes.ParameterizedTestTest( sub )</span>; <span class='color_blue'>$irvar2 = 0<span class='color_orange'>nullify</span>:void</span>; <span class='color_blue'>this = val$1<span class='color_orange'>formal</span>:org.junit.tests.running.classes.ParameterizedTestTest*( sub )</span>; <span class='color_blue'>old_this = val$1<span class='color_orange'>formal</span>:org.junit.tests.running.classes.ParameterizedTestTest*( sub )</span> ;
    <span class='color_blue'>_t$0|->{fActual:""<span class='color_orange'>update:264</span>, fExpected:"before after "<span class='color_orange'>update:(z)264</span>}<span class='color_orange'>formal(z)</span>:org.junit.ComparisonFailure</span></span>
    
    Instruction <span class='color_green'>APPLY_ABSTRACTION; [line 265]</span>
    in vpath_find exp:_t$0
    vpath_find: cannot find _t$0
    in vpath_find exp:_t$1
    vpath_find: cannot find _t$1
    Prover.check_inconsistency_base: inconsistency reason [None]
    Prover.check_inconsistency_base: inconsistency reason [None]
    Can't find field fLog in StrexpMatch.find
    Can't find field fLog in StrexpMatch.find
    <span class='color_blue'>MEMne &lt; void Assert.assertEquals(Object,Object):264 &gt; <span class='color_orange'>{vpath: }</span>(_t$0) ;
    $irvar0 = 0<span class='color_orange'>nullify</span>:void; return = EXN _t$0<span class='color_orange'>update:264</span>:void; $irvar1 = 0<span class='color_orange'>nullify</span>:void; #GB<>$org.junit.tests.running.classes.ParameterizedTestTest = {fLog:""<span class='color_orange'>update:262</span>}<span class='color_orange'>formal</span>:org.junit.tests.running.classes.ParameterizedTestTest( sub ); old_org.junit.tests.running.classes.ParameterizedTestTest = {fLog:val$2<span class='color_orange'>formal</span>}<span class='color_orange'>formal</span>:org.junit.tests.running.classes.ParameterizedTestTest( sub ); $irvar2 = 0<span class='color_orange'>nullify</span>:void; this = val$1<span class='color_orange'>formal</span>:org.junit.tests.running.classes.ParameterizedTestTest*( sub ); old_this = val$1<span class='color_orange'>formal</span>:org.junit.tests.running.classes.ParameterizedTestTest*( sub ) ;
    _t$0|->{fActual:""<span class='color_orange'>update:264</span>, fExpected:"before after "<span class='color_orange'>update:(z)264</span>}<span class='color_orange'>formal(z)</span>:org.junit.ComparisonFailure</span>
    Instruction Returns
    PROP 1 of 1:
    <span class='color_blue'><span class='color_blue'>MEMne &lt; void Assert.assertEquals(Object,Object):264 &gt; <span class='color_orange'>{vpath: }</span>(_t$0)</span> ;
    <span class='color_blue'>$irvar0 = 0<span class='color_orange'>nullify</span>:void</span>; <span class='color_blue'>return = EXN _t$0<span class='color_orange'>update:264</span>:void</span>; <span class='color_blue'>$irvar1 = 0<span class='color_orange'>nullify</span>:void</span>; <span class='color_blue'>#GB<>$org.junit.tests.running.classes.ParameterizedTestTest = {fLog:""<span class='color_orange'>update:262</span>}<span class='color_orange'>formal</span>:org.junit.tests.running.classes.ParameterizedTestTest( sub )</span>; <span class='color_blue'>old_org.junit.tests.running.classes.ParameterizedTestTest = {fLog:val$2<span class='color_orange'>formal</span>}<span class='color_orange'>formal</span>:org.junit.tests.running.classes.ParameterizedTestTest( sub )</span>; <span class='color_blue'>$irvar2 = 0<span class='color_orange'>nullify</span>:void</span>; <span class='color_blue'>this = val$1<span class='color_orange'>formal</span>:org.junit.tests.running.classes.ParameterizedTestTest*( sub )</span>; <span class='color_blue'>old_this = val$1<span class='color_orange'>formal</span>:org.junit.tests.running.classes.ParameterizedTestTest*( sub )</span> ;
    <span class='color_blue'>_t$0|->{fActual:""<span class='color_orange'>update:264</span>, fExpected:"before after "<span class='color_orange'>update:(z)264</span>}<span class='color_orange'>formal(z)</span>:org.junit.ComparisonFailure</span></span>
    
    .... After Symbolic Execution ....
    PROP 1 of 1:
    <span class='color_blue'><span class='color_blue'>MEMne &lt; void Assert.assertEquals(Object,Object):264 &gt; <span class='color_orange'>{vpath: }</span>(_t$0)</span> ;
    <span class='color_blue'>$irvar0 = 0<span class='color_orange'>nullify</span>:void</span>; <span class='color_blue'>return = EXN _t$0<span class='color_orange'>update:264</span>:void</span>; <span class='color_blue'>$irvar1 = 0<span class='color_orange'>nullify</span>:void</span>; <span class='color_blue'>#GB<>$org.junit.tests.running.classes.ParameterizedTestTest = {fLog:""<span class='color_orange'>update:262</span>}<span class='color_orange'>formal</span>:org.junit.tests.running.classes.ParameterizedTestTest( sub )</span>; <span class='color_blue'>old_org.junit.tests.running.classes.ParameterizedTestTest = {fLog:val$2<span class='color_orange'>formal</span>}<span class='color_orange'>formal</span>:org.junit.tests.running.classes.ParameterizedTestTest( sub )</span>; <span class='color_blue'>$irvar2 = 0<span class='color_orange'>nullify</span>:void</span>; <span class='color_blue'>this = val$1<span class='color_orange'>formal</span>:org.junit.tests.running.classes.ParameterizedTestTest*( sub )</span>; <span class='color_blue'>old_this = val$1<span class='color_orange'>formal</span>:org.junit.tests.running.classes.ParameterizedTestTest*( sub )</span> ;
    <span class='color_blue'>_t$0|->{fActual:""<span class='color_orange'>update:264</span>, fExpected:"before after "<span class='color_orange'>update:(z)264</span>}<span class='color_orange'>formal(z)</span>:org.junit.ComparisonFailure</span></span>
    
    
    
  </LISTING>