<!DOCTYPE HTML PUBLIC "-//W3C//DTD HTML 4.01 Transitional//EN">
<html>
<head>
<title>org.junit.tests.running.classes.ParameterizedTestTest.beforeAndAfterClassAreRun():void.5e3b7c7d989fb8b8e4d9b2c6def0df27_node9</title>
<meta http-equiv="Content-Type" content="text/html; charset=utf-8">
<style type="text/css">
body { background-color:#fff; color:#000; font-family:Helvetica, sans-serif; font-size:10pt }
h1 { font-size:14pt }
.code { border-collapse:collapse; width:100%; font-family: "Andale Mono", monospace; font-size:10pt; line-height: 1.2em }
.color_black { color: black }
.color_blue { color: blue }
.color_green { color: green }
.color_orange { color: orange }
.color_red { color: red }
.line { border-left: 3px solid #ccc; padding-left: 1ex; white-space: pre; }
.msg { background-color:#fff8b4; color:#000; float:left; font-family:Helvetica, sans-serif; font-size: smaller; font-weight: bold; margin-bottom:10px; margin-top:10px; max-width:60em; padding:0.5em 1ex 0.5em 1ex; -webkit-border-radius:5px; -webkit-box-shadow:1px 1px 7px #000; white-space: pre-wrap; word-wrap: break-word; }
.num { background-color:#eee; color:#444; font-size: smaller; padding-right:2ex; text-align:right; width:2.5em; }
.dangling { background-color:white; color: gray; }
.visited { background-color:LemonChiffon; color: darkmagenta; }
.tooltip { display: none; background-color:#FFF0F0; border: 2px solid #F00; font-weight: normal; left:10em; padding: 2px; position: absolute; top: -1em; -webkit-border-radius:5px; -webkit-box-shadow:1px 1px 7px #000; z-index: 1}
.with_tooltip { position: relative; }
.with_tooltip:hover .tooltip, .visited:hover .tooltip { display: block; }
</style>
</head>
<body>
<center><h1>Cfg Node <a href="./../../ParameterizedTestTest.java.88da44e98279dfa32c0c7e5c52f053d0.html#LINE264">9</a></h1></center>PROC: <a href="./../org.junit.tests.running.classes.ParameterizedTestTest.beforeAndAfterClassAreRun%28%29%3Avoid.5e3b7c7d989fb8b8e4d9b2c6def0df27.html">void ParameterizedTestTest.beforeAndAfterClassAreRun()</a> LINE: <a href="./../../ParameterizedTestTest.java.88da44e98279dfa32c0c7e5c52f053d0.html#LINE264">264</a>
<br>PREDS:
<a href="./../nodes/org.junit.tests.running.classes.ParameterizedTestTest.beforeAndAfterClassAreRun%28%29%3Avoid.5e3b7c7d989fb8b8e4d9b2c6def0df27_node8.html"><span class='visited with_tooltip'>N_8<span class='tooltip'>node8 preds:7 succs:9 exn:3 </span></span></a><br>SUCCS:
<a href="./../nodes/org.junit.tests.running.classes.ParameterizedTestTest.beforeAndAfterClassAreRun%28%29%3Avoid.5e3b7c7d989fb8b8e4d9b2c6def0df27_node10.html"><span class='visited with_tooltip'>N_10<span class='tooltip'>node10 preds:9 succs:2 exn:3 </span></span></a><br>EXN:
<a href="./../nodes/org.junit.tests.running.classes.ParameterizedTestTest.beforeAndAfterClassAreRun%28%29%3Avoid.5e3b7c7d989fb8b8e4d9b2c6def0df27_node3.html"><span class='visited with_tooltip'>N_3<span class='tooltip'>node3 preds: succs:2 exn:2 </span></span></a><br>
<LISTING class='color_green'>n$5=*&amp;$irvar2:java.lang.String* [line 264];
n$6=_fun_void Assert.assertEquals(Object,Object)("before after ":java.lang.Object*,n$5:java.lang.String*) [line 264];
</LISTING>
<hr width="100%">
<a name="session6" href="./../nodes/org.junit.tests.running.classes.ParameterizedTestTest.beforeAndAfterClassAreRun%28%29%3Avoid.5e3b7c7d989fb8b8e4d9b2c6def0df27_node9.html#session6">node9#session6</a>(<a href="./../../ParameterizedTestTest.java.88da44e98279dfa32c0c7e5c52f053d0.html#LINE264">264</a>) [compute pre] liveness 9
<LISTING class='color_black'>JOIN

LEFT:   normal:{ }, exn:{ }
RIGHT:  normal:{ }, exn:{ }
RESULT: normal:{ }, exn:{ }

</LISTING>
<hr width="100%">
<a name="session7" href="./../nodes/org.junit.tests.running.classes.ParameterizedTestTest.beforeAndAfterClassAreRun%28%29%3Avoid.5e3b7c7d989fb8b8e4d9b2c6def0df27_node9.html#session7">node9#session7</a>(<a href="./../../ParameterizedTestTest.java.88da44e98279dfa32c0c7e5c52f053d0.html#LINE264">264</a>) [exec] liveness 9
<LISTING class='color_black'>PRE STATE:
normal:{ }, exn:{ }

INSTR=  n$6=_fun_void Assert.assertEquals(Object,Object)(&quot;before after &quot;:java.lang.Object*,n$5:java.lang.String*) [line 264]; 

STATE:
normal:{ n$5 }, exn:{ }

INSTR=  n$5=*&amp;$irvar2:java.lang.String* [line 264]; 

STATE:
normal:{ $irvar2 }, exn:{ }

</LISTING>
<hr width="100%">
<a name="session31" href="./../nodes/org.junit.tests.running.classes.ParameterizedTestTest.beforeAndAfterClassAreRun%28%29%3Avoid.5e3b7c7d989fb8b8e4d9b2c6def0df27_node9.html#session31">node9#session31</a>(<a href="./../../ParameterizedTestTest.java.88da44e98279dfa32c0c7e5c52f053d0.html#LINE264">264</a>) [compute pre] nullify
<LISTING class='color_black'></LISTING>
<hr width="100%">
<a name="session32" href="./../nodes/org.junit.tests.running.classes.ParameterizedTestTest.beforeAndAfterClassAreRun%28%29%3Avoid.5e3b7c7d989fb8b8e4d9b2c6def0df27_node9.html#session32">node9#session32</a>(<a href="./../../ParameterizedTestTest.java.88da44e98279dfa32c0c7e5c52f053d0.html#LINE264">264</a>) [exec] nullify
<LISTING class='color_black'>PRE STATE:
(normal:{ $irvar2 }, exn:{ },
normal:{ n$4, classes.ParameterizedTestTest }, exn:{ })

INSTR=  n$5=*&amp;$irvar2:java.lang.String* [line 264]; 

STATE:
(normal:{ n$5, $irvar2 }, exn:{ },
normal:{ n$4, classes.ParameterizedTestTest }, exn:{ })

INSTR=  n$6=_fun_void Assert.assertEquals(Object,Object)(&quot;before after &quot;:java.lang.Object*,n$5:java.lang.String*) [line 264]; 

STATE:
(normal:{ }, exn:{ },normal:{ n$5, n$6, $irvar2 }, exn:{ })

</LISTING>
<hr width="100%">
<a name="session50" href="./../nodes/org.junit.tests.running.classes.ParameterizedTestTest.beforeAndAfterClassAreRun%28%29%3Avoid.5e3b7c7d989fb8b8e4d9b2c6def0df27_node9.html#session50">node9#session50</a>(<a href="./../../ParameterizedTestTest.java.88da44e98279dfa32c0c7e5c52f053d0.html#LINE264">264</a>) [compute pre] devirtualizer analysis 9
<LISTING class='color_black'></LISTING>
<hr width="100%">
<a name="session51" href="./../nodes/org.junit.tests.running.classes.ParameterizedTestTest.beforeAndAfterClassAreRun%28%29%3Avoid.5e3b7c7d989fb8b8e4d9b2c6def0df27_node9.html#session51">node9#session51</a>(<a href="./../../ParameterizedTestTest.java.88da44e98279dfa32c0c7e5c52f053d0.html#LINE264">264</a>) [exec] devirtualizer analysis 9
<LISTING class='color_black'>PRE STATE:
{ }

INSTR=  n$5=*&amp;$irvar2:java.lang.String* [line 264]; 

STATE UNCHANGED

INSTR=  n$6=_fun_void Assert.assertEquals(Object,Object)(&quot;before after &quot;:java.lang.Object*,n$5:java.lang.String*) [line 264]; 

STATE UNCHANGED

INSTR=  NULLIFY(&amp;$irvar2); [line 264]; 

STATE UNCHANGED

INSTR=  EXIT_SCOPE(n$5,n$6,$irvar2); [line 264]; 

STATE UNCHANGED

</LISTING>
<hr width="100%">
<a name="session57" href="./../nodes/org.junit.tests.running.classes.ParameterizedTestTest.beforeAndAfterClassAreRun%28%29%3Avoid.5e3b7c7d989fb8b8e4d9b2c6def0df27_node9.html#session57">node9#session57</a>(<a href="./../../ParameterizedTestTest.java.88da44e98279dfa32c0c7e5c52f053d0.html#LINE264">264</a>) [exec] devirtualizer
<LISTING class='color_black'></LISTING>
<hr width="100%">
<a name="session58" href="./../nodes/org.junit.tests.running.classes.ParameterizedTestTest.beforeAndAfterClassAreRun%28%29%3Avoid.5e3b7c7d989fb8b8e4d9b2c6def0df27_node9.html#session58">node9#session58</a>(<a href="./../../ParameterizedTestTest.java.88da44e98279dfa32c0c7e5c52f053d0.html#LINE264">264</a>) [exec] devirtualizer
<LISTING class='color_black'></LISTING>
<hr width="100%">
<a name="session59" href="./../nodes/org.junit.tests.running.classes.ParameterizedTestTest.beforeAndAfterClassAreRun%28%29%3Avoid.5e3b7c7d989fb8b8e4d9b2c6def0df27_node9.html#session59">node9#session59</a>(<a href="./../../ParameterizedTestTest.java.88da44e98279dfa32c0c7e5c52f053d0.html#LINE264">264</a>) [exec] devirtualizer
<LISTING class='color_black'></LISTING>
<hr width="100%">
<a name="session60" href="./../nodes/org.junit.tests.running.classes.ParameterizedTestTest.beforeAndAfterClassAreRun%28%29%3Avoid.5e3b7c7d989fb8b8e4d9b2c6def0df27_node9.html#session60">node9#session60</a>(<a href="./../../ParameterizedTestTest.java.88da44e98279dfa32c0c7e5c52f053d0.html#LINE264">264</a>) [exec] devirtualizer
<LISTING class='color_black'></LISTING>
<hr width="100%">
<a name="session12" href="./../nodes/org.junit.tests.running.classes.ParameterizedTestTest.beforeAndAfterClassAreRun%28%29%3Avoid.5e3b7c7d989fb8b8e4d9b2c6def0df27_node9.html#session12">node9#session12</a>(<a href="./../../ParameterizedTestTest.java.88da44e98279dfa32c0c7e5c52f053d0.html#LINE264">264</a>) [compute pre] starvation
<LISTING class='color_black'></LISTING>
<hr width="100%">
<a name="session13" href="./../nodes/org.junit.tests.running.classes.ParameterizedTestTest.beforeAndAfterClassAreRun%28%29%3Avoid.5e3b7c7d989fb8b8e4d9b2c6def0df27_node9.html#session13">node9#session13</a>(<a href="./../../ParameterizedTestTest.java.88da44e98279dfa32c0c7e5c52f053d0.html#LINE264">264</a>) [exec] starvation
<LISTING class='color_black'>PRE STATE:
{guard_map= { }; lock_state= {map= { }; acquisitions= { }};
 critical_pairs= { }; attributes= { }; thread= UnknownThread;
 scheduled_work= { };
 var_state= { $irvar2 -&gt; classes.ParameterizedTestTest.fLog }}

INSTR=  n$5=*&amp;$irvar2:java.lang.String* [line 264]; 

STATE:
{guard_map= { }; lock_state= {map= { }; acquisitions= { }};
 critical_pairs= { }; attributes= { }; thread= UnknownThread;
 scheduled_work= { };
 var_state= { n$5 -&gt; classes.ParameterizedTestTest.fLog,
              $irvar2 -&gt; classes.ParameterizedTestTest.fLog }}

INSTR=  n$6=_fun_void Assert.assertEquals(Object,Object)(&quot;before after &quot;:java.lang.Object*,n$5:java.lang.String*) [line 264]; 

STATE:
{guard_map= { }; lock_state= {map= { }; acquisitions= { }};
 critical_pairs= { }; attributes= { }; thread= UnknownThread;
 scheduled_work= { };
 var_state= { n$5 -&gt; classes.ParameterizedTestTest.fLog,
              $irvar2 -&gt; classes.ParameterizedTestTest.fLog }}

INSTR=  NULLIFY(&amp;$irvar2); [line 264]; 

STATE UNCHANGED

INSTR=  EXIT_SCOPE(n$5,n$6,$irvar2); [line 264]; 

STATE:
{guard_map= { }; lock_state= {map= { }; acquisitions= { }};
 critical_pairs= { }; attributes= { }; thread= UnknownThread;
 scheduled_work= { }; var_state= { }}

</LISTING>
<hr width="100%">
<a name="session29" href="./../nodes/org.junit.tests.running.classes.ParameterizedTestTest.beforeAndAfterClassAreRun%28%29%3Avoid.5e3b7c7d989fb8b8e4d9b2c6def0df27_node9.html#session29">node9#session29</a>(<a href="./../../ParameterizedTestTest.java.88da44e98279dfa32c0c7e5c52f053d0.html#LINE264">264</a>) [compute pre] racerd
<LISTING class='color_black'></LISTING>
<hr width="100%">
<a name="session30" href="./../nodes/org.junit.tests.running.classes.ParameterizedTestTest.beforeAndAfterClassAreRun%28%29%3Avoid.5e3b7c7d989fb8b8e4d9b2c6def0df27_node9.html#session30">node9#session30</a>(<a href="./../../ParameterizedTestTest.java.88da44e98279dfa32c0c7e5c52f053d0.html#LINE264">264</a>) [exec] racerd
<LISTING class='color_black'>PRE STATE:
Threads: NoThread, Locks: 0 
Accesses { {elem= Access: Read of model.TestClass.FIELD_COMPARATOR Thread: NoThread Lock: false Pre: Unowned;
            loc= line 78;
            trace= { Result JUnitCore.runClasses(Class[]) at line 263,
                     Result JUnitCore.runClasses(Computer,Class[]) at line 53,
                     Result JUnitCore.run(Computer,Class[]) at line 66,
                     Request Request.classes(Computer,Class[]) at line 109,
                     Runner Computer.getSuite(RunnerBuilder,Class[]) at line 77,
                     Computer$2.&lt;init&gt;(Computer,RunnerBuilder,Class[]) at line 28,
                     Suite.&lt;init&gt;(RunnerBuilder,Class[]) at line 33,
                     Suite.&lt;init&gt;(Class,List) at line 81,
                     ParentRunner.&lt;init&gt;(Class) at line 112,
                     TestClass ParentRunner.createTestClass(Class) at line 91,
                     TestClass.&lt;init&gt;(Class) at line 111,
                     void TestClass.scanAnnotatedMembers(Map,Map) at line 57,
                     Field[] TestClass.getSortedDeclaredFields(Class) at line 70 }},
           {elem= Access: Read of lang.Void.TYPE Thread: NoThread Lock: false Pre: Unowned;
            loc= line 107;
            trace= { Result JUnitCore.runClasses(Class[]) at line 263,
                     Result JUnitCore.runClasses(Computer,Class[]) at line 53,
                     Result JUnitCore.run(Computer,Class[]) at line 66,
                     Request Request.classes(Computer,Class[]) at line 109,
                     Runner Computer.getSuite(RunnerBuilder,Class[]) at line 77,
                     Computer$2.&lt;init&gt;(Computer,RunnerBuilder,Class[]) at line 28,
                     Suite.&lt;init&gt;(RunnerBuilder,Class[]) at line 33,
                     Suite.&lt;init&gt;(Class,List) at line 81,
                     ParentRunner.&lt;init&gt;(Class) at line 112,
                     void ParentRunner.validate() at line 92,
                     void ParentRunner.collectInitializationErrors(List) at line 523,
                     void ParentRunner.validatePublicVoidNoArgMethods(Class,boolean,List) at line 148,
                     void FrameworkMethod.validatePublicVoidNoArg(boolean,List) at line 178,
                     void FrameworkMethod.validatePublicVoid(boolean,List) at line 83 }},
           {elem= Access: Read of runners.ParentRunner.VALIDATORS Thread: NoThread Lock: false Pre: Unowned;
            loc= line 156;
            trace= { Result JUnitCore.runClasses(Class[]) at line 263,
                     Result JUnitCore.runClasses(Computer,Class[]) at line 53,
                     Result JUnitCore.run(Computer,Class[]) at line 66,
                     Request Request.classes(Computer,Class[]) at line 109,
                     Runner Computer.getSuite(RunnerBuilder,Class[]) at line 77,
                     Computer$2.&lt;init&gt;(Computer,RunnerBuilder,Class[]) at line 28,
                     Suite.&lt;init&gt;(RunnerBuilder,Class[]) at line 33,
                     Suite.&lt;init&gt;(Class,List) at line 81,
                     ParentRunner.&lt;init&gt;(Class) at line 112,
                     void ParentRunner.validate() at line 92,
                     void ParentRunner.collectInitializationErrors(List) at line 523,
                     void ParentRunner.applyValidators(List) at line 151 }},
           {elem= Access: Read of internal.MethodSorter.DEFAULT Thread: NoThread Lock: false Pre: Unowned;
            loc= line 67;
            trace= { Result JUnitCore.runClasses(Class[]) at line 263,
                     Result JUnitCore.runClasses(Computer,Class[]) at line 53,
                     Result JUnitCore.run(Computer,Class[]) at line 66,
                     Request Request.classes(Computer,Class[]) at line 109,
                     Runner Computer.getSuite(RunnerBuilder,Class[]) at line 77,
                     Computer$2.&lt;init&gt;(Computer,RunnerBuilder,Class[]) at line 28,
                     Suite.&lt;init&gt;(RunnerBuilder,Class[]) at line 33,
                     Suite.&lt;init&gt;(Class,List) at line 81,
                     ParentRunner.&lt;init&gt;(Class) at line 112,
                     TestClass ParentRunner.createTestClass(Class) at line 91,
                     TestClass.&lt;init&gt;(Class) at line 111,
                     void TestClass.scanAnnotatedMembers(Map,Map) at line 57,
                     Method[] MethodSorter.getDeclaredMethods(Class) at line 65,
                     Comparator MethodSorter.getSorter(FixMethodOrder) at line 52 }},
           {elem= Access: Read of rules.RuleMemberValidator.CLASS_RULE_METHOD_VALIDATOR Thread: NoThread Lock: false Pre: Unowned;
            loc= line 184;
            trace= { Result JUnitCore.runClasses(Class[]) at line 263,
                     Result JUnitCore.runClasses(Computer,Class[]) at line 53,
                     Result JUnitCore.run(Computer,Class[]) at line 66,
                     Request Request.classes(Computer,Class[]) at line 109,
                     Runner Computer.getSuite(RunnerBuilder,Class[]) at line 77,
                     Computer$2.&lt;init&gt;(Computer,RunnerBuilder,Class[]) at line 28,
                     Suite.&lt;init&gt;(RunnerBuilder,Class[]) at line 33,
                     Suite.&lt;init&gt;(Class,List) at line 81,
                     ParentRunner.&lt;init&gt;(Class) at line 112,
                     void ParentRunner.validate() at line 92,
                     void ParentRunner.collectInitializationErrors(List) at line 523,
                     void ParentRunner.validateClassRules(List) at line 150 }},
           {elem= Access: Read of rules.RuleMemberValidator.CLASS_RULE_VALIDATOR Thread: NoThread Lock: false Pre: Unowned;
            loc= line 183;
            trace= { Result JUnitCore.runClasses(Class[]) at line 263,
                     Result JUnitCore.runClasses(Computer,Class[]) at line 53,
                     Result JUnitCore.run(Computer,Class[]) at line 66,
                     Request Request.classes(Computer,Class[]) at line 109,
                     Runner Computer.getSuite(RunnerBuilder,Class[]) at line 77,
                     Computer$2.&lt;init&gt;(Computer,RunnerBuilder,Class[]) at line 28,
                     Suite.&lt;init&gt;(RunnerBuilder,Class[]) at line 33,
                     Suite.&lt;init&gt;(Class,List) at line 81,
                     ParentRunner.&lt;init&gt;(Class) at line 112,
                     void ParentRunner.validate() at line 92,
                     void ParentRunner.collectInitializationErrors(List) at line 523,
                     void ParentRunner.validateClassRules(List) at line 150 }},
           {elem= Access: Read of rules.RuleMemberValidator.CLASS_RULE_METHOD_VALIDATOR-&gt;annotation Thread: NoThread Lock: false Pre: Unowned;
            loc= line 89;
            trace= { Result JUnitCore.runClasses(Class[]) at line 263,
                     Result JUnitCore.runClasses(Computer,Class[]) at line 53,
                     Result JUnitCore.run(Computer,Class[]) at line 66,
                     Request Request.classes(Computer,Class[]) at line 109,
                     Runner Computer.getSuite(RunnerBuilder,Class[]) at line 77,
                     Computer$2.&lt;init&gt;(Computer,RunnerBuilder,Class[]) at line 28,
                     Suite.&lt;init&gt;(RunnerBuilder,Class[]) at line 33,
                     Suite.&lt;init&gt;(Class,List) at line 81,
                     ParentRunner.&lt;init&gt;(Class) at line 112,
                     void ParentRunner.validate() at line 92,
                     void ParentRunner.collectInitializationErrors(List) at line 523,
                     void ParentRunner.validateClassRules(List) at line 150,
                     void RuleMemberValidator.validate(TestClass,List) at line 184 }},
           {elem= Access: Read of rules.RuleMemberValidator.CLASS_RULE_METHOD_VALIDATOR-&gt;methods Thread: NoThread Lock: false Pre: Unowned;
            loc= line 89;
            trace= { Result JUnitCore.runClasses(Class[]) at line 263,
                     Result JUnitCore.runClasses(Computer,Class[]) at line 53,
                     Result JUnitCore.run(Computer,Class[]) at line 66,
                     Request Request.classes(Computer,Class[]) at line 109,
                     Runner Computer.getSuite(RunnerBuilder,Class[]) at line 77,
                     Computer$2.&lt;init&gt;(Computer,RunnerBuilder,Class[]) at line 28,
                     Suite.&lt;init&gt;(RunnerBuilder,Class[]) at line 33,
                     Suite.&lt;init&gt;(Class,List) at line 81,
                     ParentRunner.&lt;init&gt;(Class) at line 112,
                     void ParentRunner.validate() at line 92,
                     void ParentRunner.collectInitializationErrors(List) at line 523,
                     void ParentRunner.validateClassRules(List) at line 150,
                     void RuleMemberValidator.validate(TestClass,List) at line 184 }},
           {elem= Access: Read of rules.RuleMemberValidator.CLASS_RULE_METHOD_VALIDATOR-&gt;validatorStrategies Thread: NoThread Lock: false Pre: Unowned;
            loc= line 98;
            trace= { Result JUnitCore.runClasses(Class[]) at line 263,
                     Result JUnitCore.runClasses(Computer,Class[]) at line 53,
                     Result JUnitCore.run(Computer,Class[]) at line 66,
                     Request Request.classes(Computer,Class[]) at line 109,
                     Runner Computer.getSuite(RunnerBuilder,Class[]) at line 77,
                     Computer$2.&lt;init&gt;(Computer,RunnerBuilder,Class[]) at line 28,
                     Suite.&lt;init&gt;(RunnerBuilder,Class[]) at line 33,
                     Suite.&lt;init&gt;(Class,List) at line 81,
                     ParentRunner.&lt;init&gt;(Class) at line 112,
                     void ParentRunner.validate() at line 92,
                     void ParentRunner.collectInitializationErrors(List) at line 523,
                     void ParentRunner.validateClassRules(List) at line 150,
                     void RuleMemberValidator.validate(TestClass,List) at line 184,
                     void RuleMemberValidator.validateMember(FrameworkMember,List) at line 93 }},
           {elem= Access: Read of rules.RuleMemberValidator.CLASS_RULE_VALIDATOR-&gt;annotation Thread: NoThread Lock: false Pre: Unowned;
            loc= line 89;
            trace= { Result JUnitCore.runClasses(Class[]) at line 263,
                     Result JUnitCore.runClasses(Computer,Class[]) at line 53,
                     Result JUnitCore.run(Computer,Class[]) at line 66,
                     Request Request.classes(Computer,Class[]) at line 109,
                     Runner Computer.getSuite(RunnerBuilder,Class[]) at line 77,
                     Computer$2.&lt;init&gt;(Computer,RunnerBuilder,Class[]) at line 28,
                     Suite.&lt;init&gt;(RunnerBuilder,Class[]) at line 33,
                     Suite.&lt;init&gt;(Class,List) at line 81,
                     ParentRunner.&lt;init&gt;(Class) at line 112,
                     void ParentRunner.validate() at line 92,
                     void ParentRunner.collectInitializationErrors(List) at line 523,
                     void ParentRunner.validateClassRules(List) at line 150,
                     void RuleMemberValidator.validate(TestClass,List) at line 183 }},
           {elem= Access: Read of rules.RuleMemberValidator.CLASS_RULE_VALIDATOR-&gt;methods Thread: NoThread Lock: false Pre: Unowned;
            loc= line 89;
            trace= { Result JUnitCore.runClasses(Class[]) at line 263,
                     Result JUnitCore.runClasses(Computer,Class[]) at line 53,
                     Result JUnitCore.run(Computer,Class[]) at line 66,
                     Request Request.classes(Computer,Class[]) at line 109,
                     Runner Computer.getSuite(RunnerBuilder,Class[]) at line 77,
                     Computer$2.&lt;init&gt;(Computer,RunnerBuilder,Class[]) at line 28,
                     Suite.&lt;init&gt;(RunnerBuilder,Class[]) at line 33,
                     Suite.&lt;init&gt;(Class,List) at line 81,
                     ParentRunner.&lt;init&gt;(Class) at line 112,
                     void ParentRunner.validate() at line 92,
                     void ParentRunner.collectInitializationErrors(List) at line 523,
                     void ParentRunner.validateClassRules(List) at line 150,
                     void RuleMemberValidator.validate(TestClass,List) at line 183 }},
           {elem= Access: Read of rules.RuleMemberValidator.CLASS_RULE_VALIDATOR-&gt;validatorStrategies Thread: NoThread Lock: false Pre: Unowned;
            loc= line 98;
            trace= { Result JUnitCore.runClasses(Class[]) at line 263,
                     Result JUnitCore.runClasses(Computer,Class[]) at line 53,
                     Result JUnitCore.run(Computer,Class[]) at line 66,
                     Request Request.classes(Computer,Class[]) at line 109,
                     Runner Computer.getSuite(RunnerBuilder,Class[]) at line 77,
                     Computer$2.&lt;init&gt;(Computer,RunnerBuilder,Class[]) at line 28,
                     Suite.&lt;init&gt;(RunnerBuilder,Class[]) at line 33,
                     Suite.&lt;init&gt;(Class,List) at line 81,
                     ParentRunner.&lt;init&gt;(Class) at line 112,
                     void ParentRunner.validate() at line 92,
                     void ParentRunner.collectInitializationErrors(List) at line 523,
                     void ParentRunner.validateClassRules(List) at line 150,
                     void RuleMemberValidator.validate(TestClass,List) at line 183,
                     void RuleMemberValidator.validateMember(FrameworkMember,List) at line 93 }},
           {elem= Access: Write to classes.ParameterizedTestTest.fLog Thread: NoThread Lock: false Pre: Unowned;
            loc= line 262; trace= { }} } 
Ownership: { n$0 -&gt; Owned,
             n$3 -&gt; Owned,
             this -&gt; OwnedIf{ 0 },
             *n$0[_] -&gt; Owned } 
Attributes: { classes.ParameterizedTestTest.fLog -&gt; Functional,
              *n$0[_] -&gt; Functional } 



INSTR=  n$6 := void Assert.assertEquals(Object,Object)({ &quot;before after &quot;,
                                                         classes.ParameterizedTestTest.fLog }) [line 264]; 

STATE:
Threads: NoThread, Locks: 0 
Accesses { {elem= Access: Read of model.TestClass.FIELD_COMPARATOR Thread: NoThread Lock: false Pre: Unowned;
            loc= line 78;
            trace= { Result JUnitCore.runClasses(Class[]) at line 263,
                     Result JUnitCore.runClasses(Computer,Class[]) at line 53,
                     Result JUnitCore.run(Computer,Class[]) at line 66,
                     Request Request.classes(Computer,Class[]) at line 109,
                     Runner Computer.getSuite(RunnerBuilder,Class[]) at line 77,
                     Computer$2.&lt;init&gt;(Computer,RunnerBuilder,Class[]) at line 28,
                     Suite.&lt;init&gt;(RunnerBuilder,Class[]) at line 33,
                     Suite.&lt;init&gt;(Class,List) at line 81,
                     ParentRunner.&lt;init&gt;(Class) at line 112,
                     TestClass ParentRunner.createTestClass(Class) at line 91,
                     TestClass.&lt;init&gt;(Class) at line 111,
                     void TestClass.scanAnnotatedMembers(Map,Map) at line 57,
                     Field[] TestClass.getSortedDeclaredFields(Class) at line 70 }},
           {elem= Access: Read of lang.Void.TYPE Thread: NoThread Lock: false Pre: Unowned;
            loc= line 107;
            trace= { Result JUnitCore.runClasses(Class[]) at line 263,
                     Result JUnitCore.runClasses(Computer,Class[]) at line 53,
                     Result JUnitCore.run(Computer,Class[]) at line 66,
                     Request Request.classes(Computer,Class[]) at line 109,
                     Runner Computer.getSuite(RunnerBuilder,Class[]) at line 77,
                     Computer$2.&lt;init&gt;(Computer,RunnerBuilder,Class[]) at line 28,
                     Suite.&lt;init&gt;(RunnerBuilder,Class[]) at line 33,
                     Suite.&lt;init&gt;(Class,List) at line 81,
                     ParentRunner.&lt;init&gt;(Class) at line 112,
                     void ParentRunner.validate() at line 92,
                     void ParentRunner.collectInitializationErrors(List) at line 523,
                     void ParentRunner.validatePublicVoidNoArgMethods(Class,boolean,List) at line 148,
                     void FrameworkMethod.validatePublicVoidNoArg(boolean,List) at line 178,
                     void FrameworkMethod.validatePublicVoid(boolean,List) at line 83 }},
           {elem= Access: Read of runners.ParentRunner.VALIDATORS Thread: NoThread Lock: false Pre: Unowned;
            loc= line 156;
            trace= { Result JUnitCore.runClasses(Class[]) at line 263,
                     Result JUnitCore.runClasses(Computer,Class[]) at line 53,
                     Result JUnitCore.run(Computer,Class[]) at line 66,
                     Request Request.classes(Computer,Class[]) at line 109,
                     Runner Computer.getSuite(RunnerBuilder,Class[]) at line 77,
                     Computer$2.&lt;init&gt;(Computer,RunnerBuilder,Class[]) at line 28,
                     Suite.&lt;init&gt;(RunnerBuilder,Class[]) at line 33,
                     Suite.&lt;init&gt;(Class,List) at line 81,
                     ParentRunner.&lt;init&gt;(Class) at line 112,
                     void ParentRunner.validate() at line 92,
                     void ParentRunner.collectInitializationErrors(List) at line 523,
                     void ParentRunner.applyValidators(List) at line 151 }},
           {elem= Access: Read of classes.ParameterizedTestTest.fLog Thread: NoThread Lock: false Pre: Unowned;
            loc= line 264; trace= { }},
           {elem= Access: Read of internal.MethodSorter.DEFAULT Thread: NoThread Lock: false Pre: Unowned;
            loc= line 67;
            trace= { Result JUnitCore.runClasses(Class[]) at line 263,
                     Result JUnitCore.runClasses(Computer,Class[]) at line 53,
                     Result JUnitCore.run(Computer,Class[]) at line 66,
                     Request Request.classes(Computer,Class[]) at line 109,
                     Runner Computer.getSuite(RunnerBuilder,Class[]) at line 77,
                     Computer$2.&lt;init&gt;(Computer,RunnerBuilder,Class[]) at line 28,
                     Suite.&lt;init&gt;(RunnerBuilder,Class[]) at line 33,
                     Suite.&lt;init&gt;(Class,List) at line 81,
                     ParentRunner.&lt;init&gt;(Class) at line 112,
                     TestClass ParentRunner.createTestClass(Class) at line 91,
                     TestClass.&lt;init&gt;(Class) at line 111,
                     void TestClass.scanAnnotatedMembers(Map,Map) at line 57,
                     Method[] MethodSorter.getDeclaredMethods(Class) at line 65,
                     Comparator MethodSorter.getSorter(FixMethodOrder) at line 52 }},
           {elem= Access: Read of rules.RuleMemberValidator.CLASS_RULE_METHOD_VALIDATOR Thread: NoThread Lock: false Pre: Unowned;
            loc= line 184;
            trace= { Result JUnitCore.runClasses(Class[]) at line 263,
                     Result JUnitCore.runClasses(Computer,Class[]) at line 53,
                     Result JUnitCore.run(Computer,Class[]) at line 66,
                     Request Request.classes(Computer,Class[]) at line 109,
                     Runner Computer.getSuite(RunnerBuilder,Class[]) at line 77,
                     Computer$2.&lt;init&gt;(Computer,RunnerBuilder,Class[]) at line 28,
                     Suite.&lt;init&gt;(RunnerBuilder,Class[]) at line 33,
                     Suite.&lt;init&gt;(Class,List) at line 81,
                     ParentRunner.&lt;init&gt;(Class) at line 112,
                     void ParentRunner.validate() at line 92,
                     void ParentRunner.collectInitializationErrors(List) at line 523,
                     void ParentRunner.validateClassRules(List) at line 150 }},
           {elem= Access: Read of rules.RuleMemberValidator.CLASS_RULE_VALIDATOR Thread: NoThread Lock: false Pre: Unowned;
            loc= line 183;
            trace= { Result JUnitCore.runClasses(Class[]) at line 263,
                     Result JUnitCore.runClasses(Computer,Class[]) at line 53,
                     Result JUnitCore.run(Computer,Class[]) at line 66,
                     Request Request.classes(Computer,Class[]) at line 109,
                     Runner Computer.getSuite(RunnerBuilder,Class[]) at line 77,
                     Computer$2.&lt;init&gt;(Computer,RunnerBuilder,Class[]) at line 28,
                     Suite.&lt;init&gt;(RunnerBuilder,Class[]) at line 33,
                     Suite.&lt;init&gt;(Class,List) at line 81,
                     ParentRunner.&lt;init&gt;(Class) at line 112,
                     void ParentRunner.validate() at line 92,
                     void ParentRunner.collectInitializationErrors(List) at line 523,
                     void ParentRunner.validateClassRules(List) at line 150 }},
           {elem= Access: Read of rules.RuleMemberValidator.CLASS_RULE_METHOD_VALIDATOR-&gt;annotation Thread: NoThread Lock: false Pre: Unowned;
            loc= line 89;
            trace= { Result JUnitCore.runClasses(Class[]) at line 263,
                     Result JUnitCore.runClasses(Computer,Class[]) at line 53,
                     Result JUnitCore.run(Computer,Class[]) at line 66,
                     Request Request.classes(Computer,Class[]) at line 109,
                     Runner Computer.getSuite(RunnerBuilder,Class[]) at line 77,
                     Computer$2.&lt;init&gt;(Computer,RunnerBuilder,Class[]) at line 28,
                     Suite.&lt;init&gt;(RunnerBuilder,Class[]) at line 33,
                     Suite.&lt;init&gt;(Class,List) at line 81,
                     ParentRunner.&lt;init&gt;(Class) at line 112,
                     void ParentRunner.validate() at line 92,
                     void ParentRunner.collectInitializationErrors(List) at line 523,
                     void ParentRunner.validateClassRules(List) at line 150,
                     void RuleMemberValidator.validate(TestClass,List) at line 184 }},
           {elem= Access: Read of rules.RuleMemberValidator.CLASS_RULE_METHOD_VALIDATOR-&gt;methods Thread: NoThread Lock: false Pre: Unowned;
            loc= line 89;
            trace= { Result JUnitCore.runClasses(Class[]) at line 263,
                     Result JUnitCore.runClasses(Computer,Class[]) at line 53,
                     Result JUnitCore.run(Computer,Class[]) at line 66,
                     Request Request.classes(Computer,Class[]) at line 109,
                     Runner Computer.getSuite(RunnerBuilder,Class[]) at line 77,
                     Computer$2.&lt;init&gt;(Computer,RunnerBuilder,Class[]) at line 28,
                     Suite.&lt;init&gt;(RunnerBuilder,Class[]) at line 33,
                     Suite.&lt;init&gt;(Class,List) at line 81,
                     ParentRunner.&lt;init&gt;(Class) at line 112,
                     void ParentRunner.validate() at line 92,
                     void ParentRunner.collectInitializationErrors(List) at line 523,
                     void ParentRunner.validateClassRules(List) at line 150,
                     void RuleMemberValidator.validate(TestClass,List) at line 184 }},
           {elem= Access: Read of rules.RuleMemberValidator.CLASS_RULE_METHOD_VALIDATOR-&gt;validatorStrategies Thread: NoThread Lock: false Pre: Unowned;
            loc= line 98;
            trace= { Result JUnitCore.runClasses(Class[]) at line 263,
                     Result JUnitCore.runClasses(Computer,Class[]) at line 53,
                     Result JUnitCore.run(Computer,Class[]) at line 66,
                     Request Request.classes(Computer,Class[]) at line 109,
                     Runner Computer.getSuite(RunnerBuilder,Class[]) at line 77,
                     Computer$2.&lt;init&gt;(Computer,RunnerBuilder,Class[]) at line 28,
                     Suite.&lt;init&gt;(RunnerBuilder,Class[]) at line 33,
                     Suite.&lt;init&gt;(Class,List) at line 81,
                     ParentRunner.&lt;init&gt;(Class) at line 112,
                     void ParentRunner.validate() at line 92,
                     void ParentRunner.collectInitializationErrors(List) at line 523,
                     void ParentRunner.validateClassRules(List) at line 150,
                     void RuleMemberValidator.validate(TestClass,List) at line 184,
                     void RuleMemberValidator.validateMember(FrameworkMember,List) at line 93 }},
           {elem= Access: Read of rules.RuleMemberValidator.CLASS_RULE_VALIDATOR-&gt;annotation Thread: NoThread Lock: false Pre: Unowned;
            loc= line 89;
            trace= { Result JUnitCore.runClasses(Class[]) at line 263,
                     Result JUnitCore.runClasses(Computer,Class[]) at line 53,
                     Result JUnitCore.run(Computer,Class[]) at line 66,
                     Request Request.classes(Computer,Class[]) at line 109,
                     Runner Computer.getSuite(RunnerBuilder,Class[]) at line 77,
                     Computer$2.&lt;init&gt;(Computer,RunnerBuilder,Class[]) at line 28,
                     Suite.&lt;init&gt;(RunnerBuilder,Class[]) at line 33,
                     Suite.&lt;init&gt;(Class,List) at line 81,
                     ParentRunner.&lt;init&gt;(Class) at line 112,
                     void ParentRunner.validate() at line 92,
                     void ParentRunner.collectInitializationErrors(List) at line 523,
                     void ParentRunner.validateClassRules(List) at line 150,
                     void RuleMemberValidator.validate(TestClass,List) at line 183 }},
           {elem= Access: Read of rules.RuleMemberValidator.CLASS_RULE_VALIDATOR-&gt;methods Thread: NoThread Lock: false Pre: Unowned;
            loc= line 89;
            trace= { Result JUnitCore.runClasses(Class[]) at line 263,
                     Result JUnitCore.runClasses(Computer,Class[]) at line 53,
                     Result JUnitCore.run(Computer,Class[]) at line 66,
                     Request Request.classes(Computer,Class[]) at line 109,
                     Runner Computer.getSuite(RunnerBuilder,Class[]) at line 77,
                     Computer$2.&lt;init&gt;(Computer,RunnerBuilder,Class[]) at line 28,
                     Suite.&lt;init&gt;(RunnerBuilder,Class[]) at line 33,
                     Suite.&lt;init&gt;(Class,List) at line 81,
                     ParentRunner.&lt;init&gt;(Class) at line 112,
                     void ParentRunner.validate() at line 92,
                     void ParentRunner.collectInitializationErrors(List) at line 523,
                     void ParentRunner.validateClassRules(List) at line 150,
                     void RuleMemberValidator.validate(TestClass,List) at line 183 }},
           {elem= Access: Read of rules.RuleMemberValidator.CLASS_RULE_VALIDATOR-&gt;validatorStrategies Thread: NoThread Lock: false Pre: Unowned;
            loc= line 98;
            trace= { Result JUnitCore.runClasses(Class[]) at line 263,
                     Result JUnitCore.runClasses(Computer,Class[]) at line 53,
                     Result JUnitCore.run(Computer,Class[]) at line 66,
                     Request Request.classes(Computer,Class[]) at line 109,
                     Runner Computer.getSuite(RunnerBuilder,Class[]) at line 77,
                     Computer$2.&lt;init&gt;(Computer,RunnerBuilder,Class[]) at line 28,
                     Suite.&lt;init&gt;(RunnerBuilder,Class[]) at line 33,
                     Suite.&lt;init&gt;(Class,List) at line 81,
                     ParentRunner.&lt;init&gt;(Class) at line 112,
                     void ParentRunner.validate() at line 92,
                     void ParentRunner.collectInitializationErrors(List) at line 523,
                     void ParentRunner.validateClassRules(List) at line 150,
                     void RuleMemberValidator.validate(TestClass,List) at line 183,
                     void RuleMemberValidator.validateMember(FrameworkMember,List) at line 93 }},
           {elem= Access: Write to classes.ParameterizedTestTest.fLog Thread: NoThread Lock: false Pre: Unowned;
            loc= line 262; trace= { }} } 
Ownership: { n$0 -&gt; Owned,
             n$3 -&gt; Owned,
             n$6 -&gt; Unowned,
             this -&gt; OwnedIf{ 0 },
             *n$0[_] -&gt; Owned } 
Attributes: { classes.ParameterizedTestTest.fLog -&gt; Functional,
              *n$0[_] -&gt; Functional } 


INSTR=  NULLIFY(&amp;$irvar2); [line 264]; 

STATE UNCHANGED

INSTR=  EXIT_SCOPE(n$6); [line 264]; 

STATE:
Threads: NoThread, Locks: 0 
Accesses { {elem= Access: Read of model.TestClass.FIELD_COMPARATOR Thread: NoThread Lock: false Pre: Unowned;
            loc= line 78;
            trace= { Result JUnitCore.runClasses(Class[]) at line 263,
                     Result JUnitCore.runClasses(Computer,Class[]) at line 53,
                     Result JUnitCore.run(Computer,Class[]) at line 66,
                     Request Request.classes(Computer,Class[]) at line 109,
                     Runner Computer.getSuite(RunnerBuilder,Class[]) at line 77,
                     Computer$2.&lt;init&gt;(Computer,RunnerBuilder,Class[]) at line 28,
                     Suite.&lt;init&gt;(RunnerBuilder,Class[]) at line 33,
                     Suite.&lt;init&gt;(Class,List) at line 81,
                     ParentRunner.&lt;init&gt;(Class) at line 112,
                     TestClass ParentRunner.createTestClass(Class) at line 91,
                     TestClass.&lt;init&gt;(Class) at line 111,
                     void TestClass.scanAnnotatedMembers(Map,Map) at line 57,
                     Field[] TestClass.getSortedDeclaredFields(Class) at line 70 }},
           {elem= Access: Read of lang.Void.TYPE Thread: NoThread Lock: false Pre: Unowned;
            loc= line 107;
            trace= { Result JUnitCore.runClasses(Class[]) at line 263,
                     Result JUnitCore.runClasses(Computer,Class[]) at line 53,
                     Result JUnitCore.run(Computer,Class[]) at line 66,
                     Request Request.classes(Computer,Class[]) at line 109,
                     Runner Computer.getSuite(RunnerBuilder,Class[]) at line 77,
                     Computer$2.&lt;init&gt;(Computer,RunnerBuilder,Class[]) at line 28,
                     Suite.&lt;init&gt;(RunnerBuilder,Class[]) at line 33,
                     Suite.&lt;init&gt;(Class,List) at line 81,
                     ParentRunner.&lt;init&gt;(Class) at line 112,
                     void ParentRunner.validate() at line 92,
                     void ParentRunner.collectInitializationErrors(List) at line 523,
                     void ParentRunner.validatePublicVoidNoArgMethods(Class,boolean,List) at line 148,
                     void FrameworkMethod.validatePublicVoidNoArg(boolean,List) at line 178,
                     void FrameworkMethod.validatePublicVoid(boolean,List) at line 83 }},
           {elem= Access: Read of runners.ParentRunner.VALIDATORS Thread: NoThread Lock: false Pre: Unowned;
            loc= line 156;
            trace= { Result JUnitCore.runClasses(Class[]) at line 263,
                     Result JUnitCore.runClasses(Computer,Class[]) at line 53,
                     Result JUnitCore.run(Computer,Class[]) at line 66,
                     Request Request.classes(Computer,Class[]) at line 109,
                     Runner Computer.getSuite(RunnerBuilder,Class[]) at line 77,
                     Computer$2.&lt;init&gt;(Computer,RunnerBuilder,Class[]) at line 28,
                     Suite.&lt;init&gt;(RunnerBuilder,Class[]) at line 33,
                     Suite.&lt;init&gt;(Class,List) at line 81,
                     ParentRunner.&lt;init&gt;(Class) at line 112,
                     void ParentRunner.validate() at line 92,
                     void ParentRunner.collectInitializationErrors(List) at line 523,
                     void ParentRunner.applyValidators(List) at line 151 }},
           {elem= Access: Read of classes.ParameterizedTestTest.fLog Thread: NoThread Lock: false Pre: Unowned;
            loc= line 264; trace= { }},
           {elem= Access: Read of internal.MethodSorter.DEFAULT Thread: NoThread Lock: false Pre: Unowned;
            loc= line 67;
            trace= { Result JUnitCore.runClasses(Class[]) at line 263,
                     Result JUnitCore.runClasses(Computer,Class[]) at line 53,
                     Result JUnitCore.run(Computer,Class[]) at line 66,
                     Request Request.classes(Computer,Class[]) at line 109,
                     Runner Computer.getSuite(RunnerBuilder,Class[]) at line 77,
                     Computer$2.&lt;init&gt;(Computer,RunnerBuilder,Class[]) at line 28,
                     Suite.&lt;init&gt;(RunnerBuilder,Class[]) at line 33,
                     Suite.&lt;init&gt;(Class,List) at line 81,
                     ParentRunner.&lt;init&gt;(Class) at line 112,
                     TestClass ParentRunner.createTestClass(Class) at line 91,
                     TestClass.&lt;init&gt;(Class) at line 111,
                     void TestClass.scanAnnotatedMembers(Map,Map) at line 57,
                     Method[] MethodSorter.getDeclaredMethods(Class) at line 65,
                     Comparator MethodSorter.getSorter(FixMethodOrder) at line 52 }},
           {elem= Access: Read of rules.RuleMemberValidator.CLASS_RULE_METHOD_VALIDATOR Thread: NoThread Lock: false Pre: Unowned;
            loc= line 184;
            trace= { Result JUnitCore.runClasses(Class[]) at line 263,
                     Result JUnitCore.runClasses(Computer,Class[]) at line 53,
                     Result JUnitCore.run(Computer,Class[]) at line 66,
                     Request Request.classes(Computer,Class[]) at line 109,
                     Runner Computer.getSuite(RunnerBuilder,Class[]) at line 77,
                     Computer$2.&lt;init&gt;(Computer,RunnerBuilder,Class[]) at line 28,
                     Suite.&lt;init&gt;(RunnerBuilder,Class[]) at line 33,
                     Suite.&lt;init&gt;(Class,List) at line 81,
                     ParentRunner.&lt;init&gt;(Class) at line 112,
                     void ParentRunner.validate() at line 92,
                     void ParentRunner.collectInitializationErrors(List) at line 523,
                     void ParentRunner.validateClassRules(List) at line 150 }},
           {elem= Access: Read of rules.RuleMemberValidator.CLASS_RULE_VALIDATOR Thread: NoThread Lock: false Pre: Unowned;
            loc= line 183;
            trace= { Result JUnitCore.runClasses(Class[]) at line 263,
                     Result JUnitCore.runClasses(Computer,Class[]) at line 53,
                     Result JUnitCore.run(Computer,Class[]) at line 66,
                     Request Request.classes(Computer,Class[]) at line 109,
                     Runner Computer.getSuite(RunnerBuilder,Class[]) at line 77,
                     Computer$2.&lt;init&gt;(Computer,RunnerBuilder,Class[]) at line 28,
                     Suite.&lt;init&gt;(RunnerBuilder,Class[]) at line 33,
                     Suite.&lt;init&gt;(Class,List) at line 81,
                     ParentRunner.&lt;init&gt;(Class) at line 112,
                     void ParentRunner.validate() at line 92,
                     void ParentRunner.collectInitializationErrors(List) at line 523,
                     void ParentRunner.validateClassRules(List) at line 150 }},
           {elem= Access: Read of rules.RuleMemberValidator.CLASS_RULE_METHOD_VALIDATOR-&gt;annotation Thread: NoThread Lock: false Pre: Unowned;
            loc= line 89;
            trace= { Result JUnitCore.runClasses(Class[]) at line 263,
                     Result JUnitCore.runClasses(Computer,Class[]) at line 53,
                     Result JUnitCore.run(Computer,Class[]) at line 66,
                     Request Request.classes(Computer,Class[]) at line 109,
                     Runner Computer.getSuite(RunnerBuilder,Class[]) at line 77,
                     Computer$2.&lt;init&gt;(Computer,RunnerBuilder,Class[]) at line 28,
                     Suite.&lt;init&gt;(RunnerBuilder,Class[]) at line 33,
                     Suite.&lt;init&gt;(Class,List) at line 81,
                     ParentRunner.&lt;init&gt;(Class) at line 112,
                     void ParentRunner.validate() at line 92,
                     void ParentRunner.collectInitializationErrors(List) at line 523,
                     void ParentRunner.validateClassRules(List) at line 150,
                     void RuleMemberValidator.validate(TestClass,List) at line 184 }},
           {elem= Access: Read of rules.RuleMemberValidator.CLASS_RULE_METHOD_VALIDATOR-&gt;methods Thread: NoThread Lock: false Pre: Unowned;
            loc= line 89;
            trace= { Result JUnitCore.runClasses(Class[]) at line 263,
                     Result JUnitCore.runClasses(Computer,Class[]) at line 53,
                     Result JUnitCore.run(Computer,Class[]) at line 66,
                     Request Request.classes(Computer,Class[]) at line 109,
                     Runner Computer.getSuite(RunnerBuilder,Class[]) at line 77,
                     Computer$2.&lt;init&gt;(Computer,RunnerBuilder,Class[]) at line 28,
                     Suite.&lt;init&gt;(RunnerBuilder,Class[]) at line 33,
                     Suite.&lt;init&gt;(Class,List) at line 81,
                     ParentRunner.&lt;init&gt;(Class) at line 112,
                     void ParentRunner.validate() at line 92,
                     void ParentRunner.collectInitializationErrors(List) at line 523,
                     void ParentRunner.validateClassRules(List) at line 150,
                     void RuleMemberValidator.validate(TestClass,List) at line 184 }},
           {elem= Access: Read of rules.RuleMemberValidator.CLASS_RULE_METHOD_VALIDATOR-&gt;validatorStrategies Thread: NoThread Lock: false Pre: Unowned;
            loc= line 98;
            trace= { Result JUnitCore.runClasses(Class[]) at line 263,
                     Result JUnitCore.runClasses(Computer,Class[]) at line 53,
                     Result JUnitCore.run(Computer,Class[]) at line 66,
                     Request Request.classes(Computer,Class[]) at line 109,
                     Runner Computer.getSuite(RunnerBuilder,Class[]) at line 77,
                     Computer$2.&lt;init&gt;(Computer,RunnerBuilder,Class[]) at line 28,
                     Suite.&lt;init&gt;(RunnerBuilder,Class[]) at line 33,
                     Suite.&lt;init&gt;(Class,List) at line 81,
                     ParentRunner.&lt;init&gt;(Class) at line 112,
                     void ParentRunner.validate() at line 92,
                     void ParentRunner.collectInitializationErrors(List) at line 523,
                     void ParentRunner.validateClassRules(List) at line 150,
                     void RuleMemberValidator.validate(TestClass,List) at line 184,
                     void RuleMemberValidator.validateMember(FrameworkMember,List) at line 93 }},
           {elem= Access: Read of rules.RuleMemberValidator.CLASS_RULE_VALIDATOR-&gt;annotation Thread: NoThread Lock: false Pre: Unowned;
            loc= line 89;
            trace= { Result JUnitCore.runClasses(Class[]) at line 263,
                     Result JUnitCore.runClasses(Computer,Class[]) at line 53,
                     Result JUnitCore.run(Computer,Class[]) at line 66,
                     Request Request.classes(Computer,Class[]) at line 109,
                     Runner Computer.getSuite(RunnerBuilder,Class[]) at line 77,
                     Computer$2.&lt;init&gt;(Computer,RunnerBuilder,Class[]) at line 28,
                     Suite.&lt;init&gt;(RunnerBuilder,Class[]) at line 33,
                     Suite.&lt;init&gt;(Class,List) at line 81,
                     ParentRunner.&lt;init&gt;(Class) at line 112,
                     void ParentRunner.validate() at line 92,
                     void ParentRunner.collectInitializationErrors(List) at line 523,
                     void ParentRunner.validateClassRules(List) at line 150,
                     void RuleMemberValidator.validate(TestClass,List) at line 183 }},
           {elem= Access: Read of rules.RuleMemberValidator.CLASS_RULE_VALIDATOR-&gt;methods Thread: NoThread Lock: false Pre: Unowned;
            loc= line 89;
            trace= { Result JUnitCore.runClasses(Class[]) at line 263,
                     Result JUnitCore.runClasses(Computer,Class[]) at line 53,
                     Result JUnitCore.run(Computer,Class[]) at line 66,
                     Request Request.classes(Computer,Class[]) at line 109,
                     Runner Computer.getSuite(RunnerBuilder,Class[]) at line 77,
                     Computer$2.&lt;init&gt;(Computer,RunnerBuilder,Class[]) at line 28,
                     Suite.&lt;init&gt;(RunnerBuilder,Class[]) at line 33,
                     Suite.&lt;init&gt;(Class,List) at line 81,
                     ParentRunner.&lt;init&gt;(Class) at line 112,
                     void ParentRunner.validate() at line 92,
                     void ParentRunner.collectInitializationErrors(List) at line 523,
                     void ParentRunner.validateClassRules(List) at line 150,
                     void RuleMemberValidator.validate(TestClass,List) at line 183 }},
           {elem= Access: Read of rules.RuleMemberValidator.CLASS_RULE_VALIDATOR-&gt;validatorStrategies Thread: NoThread Lock: false Pre: Unowned;
            loc= line 98;
            trace= { Result JUnitCore.runClasses(Class[]) at line 263,
                     Result JUnitCore.runClasses(Computer,Class[]) at line 53,
                     Result JUnitCore.run(Computer,Class[]) at line 66,
                     Request Request.classes(Computer,Class[]) at line 109,
                     Runner Computer.getSuite(RunnerBuilder,Class[]) at line 77,
                     Computer$2.&lt;init&gt;(Computer,RunnerBuilder,Class[]) at line 28,
                     Suite.&lt;init&gt;(RunnerBuilder,Class[]) at line 33,
                     Suite.&lt;init&gt;(Class,List) at line 81,
                     ParentRunner.&lt;init&gt;(Class) at line 112,
                     void ParentRunner.validate() at line 92,
                     void ParentRunner.collectInitializationErrors(List) at line 523,
                     void ParentRunner.validateClassRules(List) at line 150,
                     void RuleMemberValidator.validate(TestClass,List) at line 183,
                     void RuleMemberValidator.validateMember(FrameworkMember,List) at line 93 }},
           {elem= Access: Write to classes.ParameterizedTestTest.fLog Thread: NoThread Lock: false Pre: Unowned;
            loc= line 262; trace= { }} } 
Ownership: { n$0 -&gt; Owned,
             n$3 -&gt; Owned,
             n$6 -&gt; Unowned,
             this -&gt; OwnedIf{ 0 },
             *n$0[_] -&gt; Owned } 
Attributes: { classes.ParameterizedTestTest.fLog -&gt; Functional,
              *n$0[_] -&gt; Functional } 


</LISTING>
<hr width="100%">
<a name="session41" href="./../nodes/org.junit.tests.running.classes.ParameterizedTestTest.beforeAndAfterClassAreRun%28%29%3Avoid.5e3b7c7d989fb8b8e4d9b2c6def0df27_node9.html#session41">node9#session41</a>(<a href="./../../ParameterizedTestTest.java.88da44e98279dfa32c0c7e5c52f053d0.html#LINE264">264</a>) biabduction
<LISTING class='color_black'>**** [FP:Pending] void ParameterizedTestTest.beforeAndAfterClassAreRun() Node: 9, Procedure: void ParameterizedTestTest.beforeAndAfterClassAreRun(), Todo: 1 ****
  PROP 1 of 1:
  <span class='color_blue'><span class='color_red'>MEMna &lt; new[]:263 &gt; <span class='color_orange'>{vpath: }</span>(_t$1)</span>; <span class='color_red'>UND &lt; Result JUnitCore.runClasses(Computer,Class[]) &gt; :53(_t$2)</span> ;
  <span class='color_red'>$irvar0 = 0<span class='color_orange'>nullify</span>:void</span>; <span class='color_red'>return = _t$0<span class='color_orange'>initial</span>:void</span>; <span class='color_red'>$irvar1 = 0<span class='color_orange'>nullify</span>:void</span>; <span class='color_red'>#GB<>$org.junit.tests.running.classes.ParameterizedTestTest = {fLog:""<span class='color_orange'>update:262</span>}<span class='color_orange'>rearrange:262</span>:org.junit.tests.running.classes.ParameterizedTestTest( sub )</span>; <span class='color_red'>$irvar2 = ""<span class='color_orange'>update:264</span>:void</span>; <span class='color_red'>this = @f$0<span class='color_orange'>formal</span>:org.junit.tests.running.classes.ParameterizedTestTest*( sub )</span>; <span class='color_red'>old_this = @f$0<span class='color_orange'>formal</span>:org.junit.tests.running.classes.ParameterizedTestTest*( sub )</span>
  [footprint
     <span class='color_red'>#GB<>$org.junit.tests.running.classes.ParameterizedTestTest = {fLog:@f$1<span class='color_orange'>rearrange:262</span>}<span class='color_orange'>rearrange:262</span>:org.junit.tests.running.classes.ParameterizedTestTest( sub )</span>; <span class='color_red'>this = @f$0<span class='color_orange'>formal</span>:org.junit.tests.running.classes.ParameterizedTestTest*( sub )</span>  ]</span>
  .... Instructions: ....
  <span class='color_green'>n$5=*&amp;$irvar2:java.lang.String* [line 264];
  n$6=_fun_void Assert.assertEquals(Object,Object)("before after ":java.lang.Object*,n$5:java.lang.String*) [line 264];
  NULLIFY(&amp;$irvar2); [line 264];
  EXIT_SCOPE(n$5,n$6,$irvar2); [line 264];
  </span>
  
  Processing prop 1/1
    Instruction <span class='color_green'>n$5=*&amp;$irvar2:java.lang.String* [line 264]</span>
    in vpath_find exp:n$38
    vpath_find: cannot find n$38
    .... Rearrangement Start ....
    Exp: &amp;$irvar2
    Prop:
    <span class='color_blue'>MEMna &lt; new[]:263 &gt; <span class='color_orange'>{vpath: }</span>(n$38); UND &lt; Result JUnitCore.runClasses(Computer,Class[]) &gt; :53(n$39) ;
    $irvar0 = 0<span class='color_orange'>nullify</span>:void; return = n$37<span class='color_orange'>initial</span>:void; $irvar1 = 0<span class='color_orange'>nullify</span>:void; #GB<>$org.junit.tests.running.classes.ParameterizedTestTest = {fLog:""<span class='color_orange'>update:262</span>}<span class='color_orange'>rearrange:262</span>:org.junit.tests.running.classes.ParameterizedTestTest( sub ); $irvar2 = ""<span class='color_orange'>update:264</span>:void; this = @f$0<span class='color_orange'>formal</span>:org.junit.tests.running.classes.ParameterizedTestTest*( sub ); old_this = @f$0<span class='color_orange'>formal</span>:org.junit.tests.running.classes.ParameterizedTestTest*( sub )
    [footprint
       #GB<>$org.junit.tests.running.classes.ParameterizedTestTest = {fLog:@f$1<span class='color_orange'>rearrange:262</span>}<span class='color_orange'>rearrange:262</span>:org.junit.tests.running.classes.ParameterizedTestTest( sub ); this = @f$0<span class='color_orange'>formal</span>:org.junit.tests.running.classes.ParameterizedTestTest*( sub )  ]</span>
    
    in prop_iter_extend_ptsto lexp: &amp;$irvar2
    prop before:
    <span class='color_blue'>MEMna &lt; new[]:263 &gt; <span class='color_orange'>{vpath: }</span>(n$38); UND &lt; Result JUnitCore.runClasses(Computer,Class[]) &gt; :53(n$39) ;
    $irvar0 = 0<span class='color_orange'>nullify</span>:void; return = n$37<span class='color_orange'>initial</span>:void; $irvar1 = 0<span class='color_orange'>nullify</span>:void; #GB<>$org.junit.tests.running.classes.ParameterizedTestTest = {fLog:""<span class='color_orange'>update:262</span>}<span class='color_orange'>rearrange:262</span>:org.junit.tests.running.classes.ParameterizedTestTest( sub ); $irvar2 = ""<span class='color_orange'>update:264</span>:void; this = @f$0<span class='color_orange'>formal</span>:org.junit.tests.running.classes.ParameterizedTestTest*( sub ); old_this = @f$0<span class='color_orange'>formal</span>:org.junit.tests.running.classes.ParameterizedTestTest*( sub )
    [footprint
       #GB<>$org.junit.tests.running.classes.ParameterizedTestTest = {fLog:@f$1<span class='color_orange'>rearrange:262</span>}<span class='color_orange'>rearrange:262</span>:org.junit.tests.running.classes.ParameterizedTestTest( sub ); this = @f$0<span class='color_orange'>formal</span>:org.junit.tests.running.classes.ParameterizedTestTest*( sub )  ]</span>
    
    
    prop list after:
    PROP 1 of 1:
    <span class='color_blue'><span class='color_blue'>MEMna &lt; new[]:263 &gt; <span class='color_orange'>{vpath: }</span>(n$38)</span>; <span class='color_blue'>UND &lt; Result JUnitCore.runClasses(Computer,Class[]) &gt; :53(n$39)</span> ;
    <span class='color_blue'>$irvar0 = 0<span class='color_orange'>nullify</span>:void</span>; <span class='color_blue'>return = n$37<span class='color_orange'>initial</span>:void</span>; <span class='color_blue'>$irvar1 = 0<span class='color_orange'>nullify</span>:void</span>; <span class='color_blue'>#GB<>$org.junit.tests.running.classes.ParameterizedTestTest = {fLog:""<span class='color_orange'>update:262</span>}<span class='color_orange'>rearrange:262</span>:org.junit.tests.running.classes.ParameterizedTestTest( sub )</span>; <span class='color_blue'>$irvar2 = ""<span class='color_orange'>update:264</span>:void</span>; <span class='color_blue'>this = @f$0<span class='color_orange'>formal</span>:org.junit.tests.running.classes.ParameterizedTestTest*( sub )</span>; <span class='color_blue'>old_this = @f$0<span class='color_orange'>formal</span>:org.junit.tests.running.classes.ParameterizedTestTest*( sub )</span>
    [footprint
       <span class='color_blue'>#GB<>$org.junit.tests.running.classes.ParameterizedTestTest = {fLog:@f$1<span class='color_orange'>rearrange:262</span>}<span class='color_orange'>rearrange:262</span>:org.junit.tests.running.classes.ParameterizedTestTest( sub )</span>; <span class='color_blue'>this = @f$0<span class='color_orange'>formal</span>:org.junit.tests.running.classes.ParameterizedTestTest*( sub )</span>  ]</span>
    
    
    
    Instruction Returns
    PROP 1 of 1:
    <span class='color_blue'><span class='color_red'>n$5 = ""</span> ;
    <span class='color_blue'>MEMna &lt; new[]:263 &gt; <span class='color_orange'>{vpath: }</span>(_t$1)</span>; <span class='color_blue'>UND &lt; Result JUnitCore.runClasses(Computer,Class[]) &gt; :53(_t$2)</span> ;
    <span class='color_blue'>$irvar0 = 0<span class='color_orange'>nullify</span>:void</span>; <span class='color_blue'>return = _t$0<span class='color_orange'>initial</span>:void</span>; <span class='color_blue'>$irvar1 = 0<span class='color_orange'>nullify</span>:void</span>; <span class='color_blue'>#GB<>$org.junit.tests.running.classes.ParameterizedTestTest = {fLog:""<span class='color_orange'>update:262</span>}<span class='color_orange'>rearrange:262</span>:org.junit.tests.running.classes.ParameterizedTestTest( sub )</span>; <span class='color_blue'>$irvar2 = ""<span class='color_orange'>update:264</span>:void</span>; <span class='color_blue'>this = @f$0<span class='color_orange'>formal</span>:org.junit.tests.running.classes.ParameterizedTestTest*( sub )</span>; <span class='color_blue'>old_this = @f$0<span class='color_orange'>formal</span>:org.junit.tests.running.classes.ParameterizedTestTest*( sub )</span>
    [footprint
       <span class='color_blue'>#GB<>$org.junit.tests.running.classes.ParameterizedTestTest = {fLog:@f$1<span class='color_orange'>rearrange:262</span>}<span class='color_orange'>rearrange:262</span>:org.junit.tests.running.classes.ParameterizedTestTest( sub )</span>; <span class='color_blue'>this = @f$0<span class='color_orange'>formal</span>:org.junit.tests.running.classes.ParameterizedTestTest*( sub )</span>  ]</span>
    
    Instruction <span class='color_green'>n$6=_fun_void Assert.assertEquals(Object,Object)("before after ":java.lang.Object*,n$5:java.lang.String*) [line 264]</span>
    in vpath_find exp:n$41
    vpath_find: cannot find n$41
    Found 4 specs for function org.junit.Assert.assertEquals(java.lang.Object,java.lang.Object):void
    START EXECUTING SPECS FOR org.junit.Assert.assertEquals(java.lang.Object,java.lang.Object):void from state
    <span class='color_blue'>n$5 = "" ;
    MEMna &lt; new[]:263 &gt; <span class='color_orange'>{vpath: }</span>(n$41); UND &lt; Result JUnitCore.runClasses(Computer,Class[]) &gt; :53(n$42) ;
    $irvar0 = 0<span class='color_orange'>nullify</span>:void; return = n$40<span class='color_orange'>initial</span>:void; $irvar1 = 0<span class='color_orange'>nullify</span>:void; #GB<>$org.junit.tests.running.classes.ParameterizedTestTest = {fLog:""<span class='color_orange'>update:262</span>}<span class='color_orange'>rearrange:262</span>:org.junit.tests.running.classes.ParameterizedTestTest( sub ); $irvar2 = ""<span class='color_orange'>update:264</span>:void; this = @f$0<span class='color_orange'>formal</span>:org.junit.tests.running.classes.ParameterizedTestTest*( sub ); old_this = @f$0<span class='color_orange'>formal</span>:org.junit.tests.running.classes.ParameterizedTestTest*( sub )
    [footprint
       #GB<>$org.junit.tests.running.classes.ParameterizedTestTest = {fLog:@f$1<span class='color_orange'>rearrange:262</span>}<span class='color_orange'>rearrange:262</span>:org.junit.tests.running.classes.ParameterizedTestTest( sub ); this = @f$0<span class='color_orange'>formal</span>:org.junit.tests.running.classes.ParameterizedTestTest*( sub )  ]</span>
    EXECUTING SPEC 1/4
    ACTUAL PRECONDITION =
      <span class='color_blue'>n$5 = "" ;
      MEMna &lt; new[]:263 &gt; <span class='color_orange'>{vpath: }</span>(n$41); UND &lt; Result JUnitCore.runClasses(Computer,Class[]) &gt; :53(n$42) ;
      actual|callee = ""<span class='color_orange'>actual_precondition</span>:java.lang.String*; $irvar0 = 0<span class='color_orange'>nullify</span>:void; return = n$40<span class='color_orange'>initial</span>:void; $irvar1 = 0<span class='color_orange'>nullify</span>:void; #GB<>$org.junit.tests.running.classes.ParameterizedTestTest = {fLog:""<span class='color_orange'>update:262</span>}<span class='color_orange'>rearrange:262</span>:org.junit.tests.running.classes.ParameterizedTestTest( sub ); $irvar2 = ""<span class='color_orange'>update:264</span>:void; this = @f$0<span class='color_orange'>formal</span>:org.junit.tests.running.classes.ParameterizedTestTest*( sub ); old_this = @f$0<span class='color_orange'>formal</span>:org.junit.tests.running.classes.ParameterizedTestTest*( sub ); expected|callee = "before after "<span class='color_orange'>actual_precondition</span>:java.lang.Object*
      [footprint
         #GB<>$org.junit.tests.running.classes.ParameterizedTestTest = {fLog:@f$1<span class='color_orange'>rearrange:262</span>}<span class='color_orange'>rearrange:262</span>:org.junit.tests.running.classes.ParameterizedTestTest( sub ); this = @f$0<span class='color_orange'>formal</span>:org.junit.tests.running.classes.ParameterizedTestTest*( sub )  ]</span>
    SPEC =
      --------------------------- ---------- ---------------------------
      PRE:
      <span class='color_blue'><span class='color_blue'>expected|callee != null ;
      actual|callee = _t$58<span class='color_orange'>formal</span>:java.lang.Object*( sub ); expected|callee = _t$57<span class='color_orange'>formal</span>:java.lang.Object*( sub ) ;
      expected|callee|->{}<span class='color_orange'>rearrange:(z)133</span>:java.lang.Object( sub )</span></span>
      POST 1 of 3:
      <span class='color_blue'>expected|callee != null; <span class='color_red'>MEMne &lt; void Assert.assertEquals(String,Object,Object):146 &gt; <span class='color_orange'>{vpath: }</span>(_t$59)</span>; <span class='color_red'>actual|callee = 0</span> ;
      <span class='color_red'>return|callee = EXN _t$59<span class='color_orange'>update:146</span>:void</span> ;
      <span class='color_red'>_t$59|->{}<span class='color_orange'>alloc</span>:java.lang.AssertionError</span>; expected|callee|->{}<span class='color_orange'>formal(z)</span>:java.lang.Object( sub )</span>
      POST 2 of 3:
      <span class='color_blue'><span class='color_red'>actual|callee != 0</span>; expected|callee != null; <span class='color_red'>MEMne &lt; void Assert.assertEquals(String,Object,Object):146 &gt; <span class='color_orange'>{vpath: }</span>(_t$59)</span> ;
      <span class='color_red'>return|callee = EXN _t$59<span class='color_orange'>update:146</span>:void</span> ;
      <span class='color_red'>_t$59|->{fActual:actual|callee<span class='color_orange'>update:146</span>, fExpected:expected|callee<span class='color_orange'>update:(z)146</span>}<span class='color_orange'>formal(z)</span>:org.junit.ComparisonFailure</span>; <span class='color_red'>actual|callee|->{}<span class='color_orange'>none</span>:java.lang.String( sub )(instof)</span>; expected|callee|->{}<span class='color_orange'>formal(z)</span>:java.lang.Object( sub )</span>
      POST 3 of 3:
      <span class='color_blue'>expected|callee != null ;
      <span class='color_red'>return|callee = _t$59<span class='color_orange'>initial</span>:void</span> ;
      expected|callee|->{}<span class='color_orange'>formal(z)</span>:java.lang.Object( sub )</span>
      ----------------------------------------------------------------
    pre_check_pure_implication
    pi1:
      n$5 = ""; MEMna &lt; new[]:263 &gt; <span class='color_orange'>{vpath: }</span>(n$41); UND &lt; Result JUnitCore.runClasses(Computer,Class[]) &gt; :53(n$42)
    pi2:
      _t$57 != null
    returns
    sub1:
      n$5 = ""
    sub2:
      n$5 = ""
    Current Implication
    SUB:
      n$5 = ""
    <span class='color_blue'>MEMna &lt; new[]:263 &gt; <span class='color_orange'>{vpath: }</span>(n$41); UND &lt; Result JUnitCore.runClasses(Computer,Class[]) &gt; :53(n$42); "" = "" ;
    actual|callee = ""<span class='color_orange'>actual_precondition</span>:java.lang.String*; $irvar0 = 0<span class='color_orange'>nullify</span>:void; return = n$40<span class='color_orange'>initial</span>:void; $irvar1 = 0<span class='color_orange'>nullify</span>:void; #GB<>$org.junit.tests.running.classes.ParameterizedTestTest = {fLog:""<span class='color_orange'>update:262</span>}<span class='color_orange'>rearrange:262</span>:org.junit.tests.running.classes.ParameterizedTestTest( sub ); $irvar2 = ""<span class='color_orange'>update:264</span>:void; this = @f$0<span class='color_orange'>formal</span>:org.junit.tests.running.classes.ParameterizedTestTest*( sub ); old_this = @f$0<span class='color_orange'>formal</span>:org.junit.tests.running.classes.ParameterizedTestTest*( sub ); expected|callee = "before after "<span class='color_orange'>actual_precondition</span>:java.lang.Object*
    [footprint
       #GB<>$org.junit.tests.running.classes.ParameterizedTestTest = {fLog:@f$1<span class='color_orange'>rearrange:262</span>}<span class='color_orange'>rearrange:262</span>:org.junit.tests.running.classes.ParameterizedTestTest( sub ); this = @f$0<span class='color_orange'>formal</span>:org.junit.tests.running.classes.ParameterizedTestTest*( sub )  ]</span>
    [SUB: 
      n$5 = ""]
    |-
    <span class='color_blue'>actual|callee = _t$58<span class='color_orange'>formal</span>:java.lang.Object*( sub ); expected|callee = _t$57<span class='color_orange'>formal</span>:java.lang.Object*( sub ) ;
    expected|callee|->{}<span class='color_orange'>rearrange:(z)133</span>:java.lang.Object( sub )</span>
    
      do_imply "" _t$58
        Current Implication
        SUB:
          n$5 = ""
        <span class='color_blue'>MEMna &lt; new[]:263 &gt; <span class='color_orange'>{vpath: }</span>(n$41); UND &lt; Result JUnitCore.runClasses(Computer,Class[]) &gt; :53(n$42); "" = "" ;
        $irvar0 = 0<span class='color_orange'>nullify</span>:void; return = n$40<span class='color_orange'>initial</span>:void; $irvar1 = 0<span class='color_orange'>nullify</span>:void; #GB<>$org.junit.tests.running.classes.ParameterizedTestTest = {fLog:""<span class='color_orange'>update:262</span>}<span class='color_orange'>rearrange:262</span>:org.junit.tests.running.classes.ParameterizedTestTest( sub ); $irvar2 = ""<span class='color_orange'>update:264</span>:void; this = @f$0<span class='color_orange'>formal</span>:org.junit.tests.running.classes.ParameterizedTestTest*( sub ); old_this = @f$0<span class='color_orange'>formal</span>:org.junit.tests.running.classes.ParameterizedTestTest*( sub ); expected|callee = "before after "<span class='color_orange'>actual_precondition</span>:java.lang.Object*
        [footprint
           #GB<>$org.junit.tests.running.classes.ParameterizedTestTest = {fLog:@f$1<span class='color_orange'>rearrange:262</span>}<span class='color_orange'>rearrange:262</span>:org.junit.tests.running.classes.ParameterizedTestTest( sub ); this = @f$0<span class='color_orange'>formal</span>:org.junit.tests.running.classes.ParameterizedTestTest*( sub )  ]</span>
        [SUB: 
          n$5 = ""; _t$58 = ""]
        |-
        <span class='color_blue'>expected|callee = _t$57<span class='color_orange'>formal</span>:java.lang.Object*( sub ) ;
        expected|callee|->{}<span class='color_orange'>rearrange:(z)133</span>:java.lang.Object( sub )</span>
        
          do_imply "before after " _t$57
            Current Implication
            SUB:
              n$5 = ""
            <span class='color_blue'>MEMna &lt; new[]:263 &gt; <span class='color_orange'>{vpath: }</span>(n$41); UND &lt; Result JUnitCore.runClasses(Computer,Class[]) &gt; :53(n$42); "" = "" ;
            $irvar0 = 0<span class='color_orange'>nullify</span>:void; return = n$40<span class='color_orange'>initial</span>:void; $irvar1 = 0<span class='color_orange'>nullify</span>:void; #GB<>$org.junit.tests.running.classes.ParameterizedTestTest = {fLog:""<span class='color_orange'>update:262</span>}<span class='color_orange'>rearrange:262</span>:org.junit.tests.running.classes.ParameterizedTestTest( sub ); $irvar2 = ""<span class='color_orange'>update:264</span>:void; this = @f$0<span class='color_orange'>formal</span>:org.junit.tests.running.classes.ParameterizedTestTest*( sub ); old_this = @f$0<span class='color_orange'>formal</span>:org.junit.tests.running.classes.ParameterizedTestTest*( sub )
            [footprint
               #GB<>$org.junit.tests.running.classes.ParameterizedTestTest = {fLog:@f$1<span class='color_orange'>rearrange:262</span>}<span class='color_orange'>rearrange:262</span>:org.junit.tests.running.classes.ParameterizedTestTest( sub ); this = @f$0<span class='color_orange'>formal</span>:org.junit.tests.running.classes.ParameterizedTestTest*( sub )  ]</span>
            [SUB: 
              n$5 = ""; _t$57 = "before after "; _t$58 = ""]
            |-
            <span class='color_blue'>"before after "|->{}<span class='color_orange'>rearrange:(z)133</span>:java.lang.Object( sub )</span>
            
                Final Implication
                SUB:
                  n$5 = ""
                <span class='color_blue'>MEMna &lt; new[]:263 &gt; <span class='color_orange'>{vpath: }</span>(n$41); UND &lt; Result JUnitCore.runClasses(Computer,Class[]) &gt; :53(n$42); "" = "" ;
                $irvar0 = 0<span class='color_orange'>nullify</span>:void; return = n$40<span class='color_orange'>initial</span>:void; $irvar1 = 0<span class='color_orange'>nullify</span>:void; #GB<>$org.junit.tests.running.classes.ParameterizedTestTest = {fLog:""<span class='color_orange'>update:262</span>}<span class='color_orange'>rearrange:262</span>:org.junit.tests.running.classes.ParameterizedTestTest( sub ); $irvar2 = ""<span class='color_orange'>update:264</span>:void; this = @f$0<span class='color_orange'>formal</span>:org.junit.tests.running.classes.ParameterizedTestTest*( sub ); old_this = @f$0<span class='color_orange'>formal</span>:org.junit.tests.running.classes.ParameterizedTestTest*( sub )
                [footprint
                   #GB<>$org.junit.tests.running.classes.ParameterizedTestTest = {fLog:@f$1<span class='color_orange'>rearrange:262</span>}<span class='color_orange'>rearrange:262</span>:org.junit.tests.running.classes.ParameterizedTestTest( sub ); this = @f$0<span class='color_orange'>formal</span>:org.junit.tests.running.classes.ParameterizedTestTest*( sub )  ]</span>
                [SUB: 
                  n$5 = ""; _t$57 = "before after "; _t$58 = ""]
                |-
                <span class='color_blue'></span>
                [FRAME FLD:
                  "before after "|->{count:_t$66<span class='color_orange'>none</span>, hash:_t$67<span class='color_orange'>none</span>, offset:_t$68<span class='color_orange'>none</span>, value:_t$69<span class='color_orange'>none</span>}<span class='color_orange'>none</span>:java.lang.String]
                [FRAME TYPING:
                  "before after ": java.lang.String ]
    imply_pi: adding missing atom _t$57 != null
    Result of Abduction
      SUB:
        n$5 = ""
      <span class='color_blue'>MEMna &lt; new[]:263 &gt; <span class='color_orange'>{vpath: }</span>(n$41); UND &lt; Result JUnitCore.runClasses(Computer,Class[]) &gt; :53(n$42); "" = "" ;
      actual|callee = ""<span class='color_orange'>actual_precondition</span>:java.lang.String*; $irvar0 = 0<span class='color_orange'>nullify</span>:void; return = n$40<span class='color_orange'>initial</span>:void; $irvar1 = 0<span class='color_orange'>nullify</span>:void; #GB<>$org.junit.tests.running.classes.ParameterizedTestTest = {fLog:""<span class='color_orange'>update:262</span>}<span class='color_orange'>rearrange:262</span>:org.junit.tests.running.classes.ParameterizedTestTest( sub ); $irvar2 = ""<span class='color_orange'>update:264</span>:void; this = @f$0<span class='color_orange'>formal</span>:org.junit.tests.running.classes.ParameterizedTestTest*( sub ); old_this = @f$0<span class='color_orange'>formal</span>:org.junit.tests.running.classes.ParameterizedTestTest*( sub ); expected|callee = "before after "<span class='color_orange'>actual_precondition</span>:java.lang.Object*
      [footprint
         #GB<>$org.junit.tests.running.classes.ParameterizedTestTest = {fLog:@f$1<span class='color_orange'>rearrange:262</span>}<span class='color_orange'>rearrange:262</span>:org.junit.tests.running.classes.ParameterizedTestTest( sub ); this = @f$0<span class='color_orange'>formal</span>:org.junit.tests.running.classes.ParameterizedTestTest*( sub )  ]</span>
      [SUB: 
        n$5 = ""; _t$57 = "before after "; _t$58 = ""
      _t$57 != null]
      |-
      <span class='color_blue'>"before after " != null ;
      actual|callee = ""<span class='color_orange'>formal</span>:java.lang.Object*( sub ); expected|callee = "before after "<span class='color_orange'>formal</span>:java.lang.Object*( sub ) ;
      "before after "|->{}<span class='color_orange'>rearrange:(z)133</span>:java.lang.Object( sub )</span>
      [FRAME FLD:
        "before after "|->{count:_t$66<span class='color_orange'>none</span>, hash:_t$67<span class='color_orange'>none</span>, offset:_t$68<span class='color_orange'>none</span>, value:_t$69<span class='color_orange'>none</span>}<span class='color_orange'>none</span>:java.lang.String]
      [FRAME TYPING:
        "before after ": java.lang.String ]
    returning TRUE
    in vpath_find exp:_t$59
    vpath_find: cannot find _t$59
    in vpath_find exp:_t$59
    vpath_find: cannot find _t$59
      New footprint:
      "before after " != null
      Frame fld:
      "before after "|->{count:_t$66<span class='color_orange'>none</span>, hash:_t$67<span class='color_orange'>none</span>, offset:_t$68<span class='color_orange'>none</span>, value:_t$69<span class='color_orange'>none</span>}<span class='color_orange'>none</span>:java.lang.String
      Frame typ:
      "before after ": java.lang.String 
      Missing fld:
      
      Instantiated frame:
      &amp;$irvar0|->0<span class='color_orange'>nullify</span>:void; &amp;return|->n$40<span class='color_orange'>initial</span>:void; &amp;$irvar1|->0<span class='color_orange'>nullify</span>:void; &amp;#GB<>$org.junit.tests.running.classes.ParameterizedTestTest|->{fLog:""<span class='color_orange'>update:262</span>}<span class='color_orange'>rearrange:262</span>:org.junit.tests.running.classes.ParameterizedTestTest( sub ); &amp;$irvar2|->""<span class='color_orange'>update:264</span>:void; &amp;this|->@f$0<span class='color_orange'>formal</span>:org.junit.tests.running.classes.ParameterizedTestTest*( sub ); &amp;old_this|->@f$0<span class='color_orange'>formal</span>:org.junit.tests.running.classes.ParameterizedTestTest*( sub )
      Instantiated post:
      PROP 1 of 3:
      <span class='color_blue'><span class='color_red'>"before after " != null</span>; <span class='color_red'>MEMne &lt; void Assert.assertEquals(Object,Object):264 &gt; <span class='color_orange'>{vpath: }</span>(_t$59)</span>; <span class='color_red'>"" = 0</span> ;
      <span class='color_red'>return|callee = EXN _t$59<span class='color_orange'>update:264</span>:void</span> ;
      <span class='color_red'>_t$59|->{}<span class='color_orange'>alloc</span>:java.lang.AssertionError</span>; <span class='color_red'>"before after "|->{}<span class='color_orange'>formal(z)</span>:java.lang.Object( sub )</span></span>
      PROP 2 of 3:
      <span class='color_blue'><span class='color_red'>"" != 0</span>; <span class='color_red'>"before after " != null</span>; <span class='color_red'>MEMne &lt; void Assert.assertEquals(Object,Object):264 &gt; <span class='color_orange'>{vpath: }</span>(_t$59)</span> ;
      <span class='color_red'>return|callee = EXN _t$59<span class='color_orange'>update:264</span>:void</span> ;
      <span class='color_red'>_t$59|->{fActual:""<span class='color_orange'>update:264</span>, fExpected:"before after "<span class='color_orange'>update:(z)264</span>}<span class='color_orange'>formal(z)</span>:org.junit.ComparisonFailure</span>; <span class='color_red'>""|->{}<span class='color_orange'>none</span>:java.lang.String( sub )(instof)</span>; <span class='color_red'>"before after "|->{}<span class='color_orange'>formal(z)</span>:java.lang.Object( sub )</span></span>
      PROP 3 of 3:
      <span class='color_blue'><span class='color_red'>"before after " != null</span> ;
      <span class='color_red'>return|callee = _t$59<span class='color_orange'>initial</span>:void</span> ;
      <span class='color_red'>"before after "|->{}<span class='color_orange'>formal(z)</span>:java.lang.Object( sub )</span></span>
      
    ***** RESULTS FUNCTION CALL *******
    PROP 1 of 3:
    <span class='color_blue'><span class='color_blue'>n$5 = ""</span> ;
    <span class='color_red'>0 = ""</span>; <span class='color_red'>null != "before after "</span>; <span class='color_red'>MEMne &lt; void Assert.assertEquals(Object,Object):264 &gt; <span class='color_orange'>{vpath: }</span>(_t$0)</span>; <span class='color_blue'>MEMna &lt; new[]:263 &gt; <span class='color_orange'>{vpath: }</span>(n$41)</span>; <span class='color_blue'>UND &lt; Result JUnitCore.runClasses(Computer,Class[]) &gt; :53(n$42)</span> ;
    <span class='color_blue'>$irvar0 = 0<span class='color_orange'>nullify</span>:void</span>; <span class='color_blue'>return = <span class='color_red'>EXN _t$0<span class='color_orange'>update:264</span></span>:void</span>; <span class='color_blue'>$irvar1 = 0<span class='color_orange'>nullify</span>:void</span>; <span class='color_blue'>#GB<>$org.junit.tests.running.classes.ParameterizedTestTest = {fLog:""<span class='color_orange'>update:262</span>}<span class='color_orange'>rearrange:262</span>:org.junit.tests.running.classes.ParameterizedTestTest( sub )</span>; <span class='color_blue'>$irvar2 = ""<span class='color_orange'>update:264</span>:void</span>; <span class='color_blue'>this = @f$0<span class='color_orange'>formal</span>:org.junit.tests.running.classes.ParameterizedTestTest*( sub )</span>; <span class='color_blue'>old_this = @f$0<span class='color_orange'>formal</span>:org.junit.tests.running.classes.ParameterizedTestTest*( sub )</span> ;
    <span class='color_red'>_t$0|->{}<span class='color_orange'>alloc</span>:java.lang.AssertionError</span>; <span class='color_red'>"before after "|->{count:_t$1<span class='color_orange'>none</span>, hash:_t$2<span class='color_orange'>none</span>, offset:_t$3<span class='color_orange'>none</span>, value:_t$4<span class='color_orange'>none</span>}<span class='color_orange'>none</span>:java.lang.String</span>
    [footprint
       <span class='color_red'>null != "before after "</span> *
       <span class='color_blue'>#GB<>$org.junit.tests.running.classes.ParameterizedTestTest = {fLog:@f$1<span class='color_orange'>rearrange:262</span>}<span class='color_orange'>rearrange:262</span>:org.junit.tests.running.classes.ParameterizedTestTest( sub )</span>; <span class='color_blue'>this = @f$0<span class='color_orange'>formal</span>:org.junit.tests.running.classes.ParameterizedTestTest*( sub )</span>  ]</span>
    PROP 2 of 3:
    <span class='color_blue'><span class='color_blue'>n$5 = ""</span> ;
    <span class='color_red'>0 != ""</span>; <span class='color_red'>null != "before after "</span>; <span class='color_red'>MEMne &lt; void Assert.assertEquals(Object,Object):264 &gt; <span class='color_orange'>{vpath: }</span>(_t$0)</span>; <span class='color_blue'>MEMna &lt; new[]:263 &gt; <span class='color_orange'>{vpath: }</span>(n$41)</span>; <span class='color_blue'>UND &lt; Result JUnitCore.runClasses(Computer,Class[]) &gt; :53(n$42)</span> ;
    <span class='color_blue'>$irvar0 = 0<span class='color_orange'>nullify</span>:void</span>; <span class='color_blue'>return = <span class='color_red'>EXN _t$0<span class='color_orange'>update:264</span></span>:void</span>; <span class='color_blue'>$irvar1 = 0<span class='color_orange'>nullify</span>:void</span>; <span class='color_blue'>#GB<>$org.junit.tests.running.classes.ParameterizedTestTest = {fLog:""<span class='color_orange'>update:262</span>}<span class='color_orange'>rearrange:262</span>:org.junit.tests.running.classes.ParameterizedTestTest( sub )</span>; <span class='color_blue'>$irvar2 = ""<span class='color_orange'>update:264</span>:void</span>; <span class='color_blue'>this = @f$0<span class='color_orange'>formal</span>:org.junit.tests.running.classes.ParameterizedTestTest*( sub )</span>; <span class='color_blue'>old_this = @f$0<span class='color_orange'>formal</span>:org.junit.tests.running.classes.ParameterizedTestTest*( sub )</span> ;
    <span class='color_red'>_t$0|->{fActual:""<span class='color_orange'>update:264</span>, fExpected:"before after "<span class='color_orange'>update:(z)264</span>}<span class='color_orange'>formal(z)</span>:org.junit.ComparisonFailure</span>; <span class='color_red'>""|->{}<span class='color_orange'>none</span>:java.lang.String( sub )(instof)</span>; <span class='color_red'>"before after "|->{count:_t$1<span class='color_orange'>none</span>, hash:_t$2<span class='color_orange'>none</span>, offset:_t$3<span class='color_orange'>none</span>, value:_t$4<span class='color_orange'>none</span>}<span class='color_orange'>none</span>:java.lang.String</span>
    [footprint
       <span class='color_red'>null != "before after "</span> *
       <span class='color_blue'>#GB<>$org.junit.tests.running.classes.ParameterizedTestTest = {fLog:@f$1<span class='color_orange'>rearrange:262</span>}<span class='color_orange'>rearrange:262</span>:org.junit.tests.running.classes.ParameterizedTestTest( sub )</span>; <span class='color_blue'>this = @f$0<span class='color_orange'>formal</span>:org.junit.tests.running.classes.ParameterizedTestTest*( sub )</span>  ]</span>
    PROP 3 of 3:
    <span class='color_blue'><span class='color_blue'>n$5 = ""</span> ;
    <span class='color_red'>null != "before after "</span>; <span class='color_blue'>MEMna &lt; new[]:263 &gt; <span class='color_orange'>{vpath: }</span>(n$41)</span>; <span class='color_blue'>UND &lt; Result JUnitCore.runClasses(Computer,Class[]) &gt; :53(n$42)</span> ;
    <span class='color_blue'>$irvar0 = 0<span class='color_orange'>nullify</span>:void</span>; <span class='color_blue'>return = n$40<span class='color_orange'>initial</span>:void</span>; <span class='color_blue'>$irvar1 = 0<span class='color_orange'>nullify</span>:void</span>; <span class='color_blue'>#GB<>$org.junit.tests.running.classes.ParameterizedTestTest = {fLog:""<span class='color_orange'>update:262</span>}<span class='color_orange'>rearrange:262</span>:org.junit.tests.running.classes.ParameterizedTestTest( sub )</span>; <span class='color_blue'>$irvar2 = ""<span class='color_orange'>update:264</span>:void</span>; <span class='color_blue'>this = @f$0<span class='color_orange'>formal</span>:org.junit.tests.running.classes.ParameterizedTestTest*( sub )</span>; <span class='color_blue'>old_this = @f$0<span class='color_orange'>formal</span>:org.junit.tests.running.classes.ParameterizedTestTest*( sub )</span> ;
    <span class='color_red'>"before after "|->{count:_t$0<span class='color_orange'>none</span>, hash:_t$1<span class='color_orange'>none</span>, offset:_t$2<span class='color_orange'>none</span>, value:_t$3<span class='color_orange'>none</span>}<span class='color_orange'>none</span>:java.lang.String</span>
    [footprint
       <span class='color_red'>null != "before after "</span> *
       <span class='color_blue'>#GB<>$org.junit.tests.running.classes.ParameterizedTestTest = {fLog:@f$1<span class='color_orange'>rearrange:262</span>}<span class='color_orange'>rearrange:262</span>:org.junit.tests.running.classes.ParameterizedTestTest( sub )</span>; <span class='color_blue'>this = @f$0<span class='color_orange'>formal</span>:org.junit.tests.running.classes.ParameterizedTestTest*( sub )</span>  ]</span>
    ***** END RESULTS FUNCTION CALL *******
    Prover.check_inconsistency_base: inconsistency reason [Some 2]
    Prover.check_inconsistency_base: inconsistency reason [None]
    Prover.check_inconsistency_base: inconsistency reason [None]
    Prover.check_inconsistency_base: inconsistency reason [None]
    Prover.check_inconsistency_base: inconsistency reason [None]
    Prover.check_inconsistency_base: inconsistency reason [None]
    Prover.check_inconsistency_base: inconsistency reason [None]
    EXECUTING SPEC 2/4
    ACTUAL PRECONDITION =
      <span class='color_blue'>n$5 = "" ;
      MEMna &lt; new[]:263 &gt; <span class='color_orange'>{vpath: }</span>(n$41); UND &lt; Result JUnitCore.runClasses(Computer,Class[]) &gt; :53(n$42) ;
      actual|callee = ""<span class='color_orange'>actual_precondition</span>:java.lang.String*; $irvar0 = 0<span class='color_orange'>nullify</span>:void; return = n$40<span class='color_orange'>initial</span>:void; $irvar1 = 0<span class='color_orange'>nullify</span>:void; #GB<>$org.junit.tests.running.classes.ParameterizedTestTest = {fLog:""<span class='color_orange'>update:262</span>}<span class='color_orange'>rearrange:262</span>:org.junit.tests.running.classes.ParameterizedTestTest( sub ); $irvar2 = ""<span class='color_orange'>update:264</span>:void; this = @f$0<span class='color_orange'>formal</span>:org.junit.tests.running.classes.ParameterizedTestTest*( sub ); old_this = @f$0<span class='color_orange'>formal</span>:org.junit.tests.running.classes.ParameterizedTestTest*( sub ); expected|callee = "before after "<span class='color_orange'>actual_precondition</span>:java.lang.Object*
      [footprint
         #GB<>$org.junit.tests.running.classes.ParameterizedTestTest = {fLog:@f$1<span class='color_orange'>rearrange:262</span>}<span class='color_orange'>rearrange:262</span>:org.junit.tests.running.classes.ParameterizedTestTest( sub ); this = @f$0<span class='color_orange'>formal</span>:org.junit.tests.running.classes.ParameterizedTestTest*( sub )  ]</span>
    SPEC =
      --------------------------- ---------- ---------------------------
      PRE:
      <span class='color_blue'><span class='color_blue'>actual|callee = null<span class='color_orange'>formal</span>:java.lang.Object*( sub ); expected|callee = null<span class='color_orange'>formal</span>:java.lang.Object*( sub )</span></span>
      POST 1 of 1:
      <span class='color_blue'><span class='color_red'>return|callee = _t$60<span class='color_orange'>initial</span>:void</span></span>
      ----------------------------------------------------------------
    pre_check_pure_implication
    pi1:
      n$5 = ""; MEMna &lt; new[]:263 &gt; <span class='color_orange'>{vpath: }</span>(n$41); UND &lt; Result JUnitCore.runClasses(Computer,Class[]) &gt; :53(n$42)
    pi2:
      
    returns
    sub1:
      n$5 = ""
    sub2:
      n$5 = ""
    Current Implication
    SUB:
      n$5 = ""
    <span class='color_blue'>MEMna &lt; new[]:263 &gt; <span class='color_orange'>{vpath: }</span>(n$41); UND &lt; Result JUnitCore.runClasses(Computer,Class[]) &gt; :53(n$42); "" = "" ;
    actual|callee = ""<span class='color_orange'>actual_precondition</span>:java.lang.String*; $irvar0 = 0<span class='color_orange'>nullify</span>:void; return = n$40<span class='color_orange'>initial</span>:void; $irvar1 = 0<span class='color_orange'>nullify</span>:void; #GB<>$org.junit.tests.running.classes.ParameterizedTestTest = {fLog:""<span class='color_orange'>update:262</span>}<span class='color_orange'>rearrange:262</span>:org.junit.tests.running.classes.ParameterizedTestTest( sub ); $irvar2 = ""<span class='color_orange'>update:264</span>:void; this = @f$0<span class='color_orange'>formal</span>:org.junit.tests.running.classes.ParameterizedTestTest*( sub ); old_this = @f$0<span class='color_orange'>formal</span>:org.junit.tests.running.classes.ParameterizedTestTest*( sub ); expected|callee = "before after "<span class='color_orange'>actual_precondition</span>:java.lang.Object*
    [footprint
       #GB<>$org.junit.tests.running.classes.ParameterizedTestTest = {fLog:@f$1<span class='color_orange'>rearrange:262</span>}<span class='color_orange'>rearrange:262</span>:org.junit.tests.running.classes.ParameterizedTestTest( sub ); this = @f$0<span class='color_orange'>formal</span>:org.junit.tests.running.classes.ParameterizedTestTest*( sub )  ]</span>
    [SUB: 
      n$5 = ""]
    |-
    <span class='color_blue'>actual|callee = null<span class='color_orange'>formal</span>:java.lang.Object*( sub ); expected|callee = null<span class='color_orange'>formal</span>:java.lang.Object*( sub )</span>
    
      do_imply "" null
      WARNING: footprint failed to find MISSING because: constants not equal
    EXECUTING SPEC 3/4
    ACTUAL PRECONDITION =
      <span class='color_blue'>n$5 = "" ;
      MEMna &lt; new[]:263 &gt; <span class='color_orange'>{vpath: }</span>(n$41); UND &lt; Result JUnitCore.runClasses(Computer,Class[]) &gt; :53(n$42) ;
      actual|callee = ""<span class='color_orange'>actual_precondition</span>:java.lang.String*; $irvar0 = 0<span class='color_orange'>nullify</span>:void; return = n$40<span class='color_orange'>initial</span>:void; $irvar1 = 0<span class='color_orange'>nullify</span>:void; #GB<>$org.junit.tests.running.classes.ParameterizedTestTest = {fLog:""<span class='color_orange'>update:262</span>}<span class='color_orange'>rearrange:262</span>:org.junit.tests.running.classes.ParameterizedTestTest( sub ); $irvar2 = ""<span class='color_orange'>update:264</span>:void; this = @f$0<span class='color_orange'>formal</span>:org.junit.tests.running.classes.ParameterizedTestTest*( sub ); old_this = @f$0<span class='color_orange'>formal</span>:org.junit.tests.running.classes.ParameterizedTestTest*( sub ); expected|callee = "before after "<span class='color_orange'>actual_precondition</span>:java.lang.Object*
      [footprint
         #GB<>$org.junit.tests.running.classes.ParameterizedTestTest = {fLog:@f$1<span class='color_orange'>rearrange:262</span>}<span class='color_orange'>rearrange:262</span>:org.junit.tests.running.classes.ParameterizedTestTest( sub ); this = @f$0<span class='color_orange'>formal</span>:org.junit.tests.running.classes.ParameterizedTestTest*( sub )  ]</span>
    SPEC =
      --------------------------- ---------- ---------------------------
      PRE:
      <span class='color_blue'><span class='color_blue'>actual|callee != null ;
      actual|callee = _t$61<span class='color_orange'>formal</span>:java.lang.Object*( sub ); expected|callee = null<span class='color_orange'>formal</span>:java.lang.Object*( sub )</span></span>
      POST 1 of 1:
      <span class='color_blue'>actual|callee != null; <span class='color_red'>MEMne &lt; void Assert.assertEquals(String,Object,Object):146 &gt; <span class='color_orange'>{vpath: }</span>(_t$62)</span> ;
      <span class='color_red'>return|callee = EXN _t$62<span class='color_orange'>update:146</span>:void</span> ;
      <span class='color_red'>_t$62|->{}<span class='color_orange'>alloc</span>:java.lang.AssertionError</span></span>
      ----------------------------------------------------------------
    pre_check_pure_implication
    pi1:
      n$5 = ""; MEMna &lt; new[]:263 &gt; <span class='color_orange'>{vpath: }</span>(n$41); UND &lt; Result JUnitCore.runClasses(Computer,Class[]) &gt; :53(n$42)
    pi2:
      _t$61 != null
    returns
    sub1:
      n$5 = ""
    sub2:
      n$5 = ""
    Current Implication
    SUB:
      n$5 = ""
    <span class='color_blue'>MEMna &lt; new[]:263 &gt; <span class='color_orange'>{vpath: }</span>(n$41); UND &lt; Result JUnitCore.runClasses(Computer,Class[]) &gt; :53(n$42); "" = "" ;
    actual|callee = ""<span class='color_orange'>actual_precondition</span>:java.lang.String*; $irvar0 = 0<span class='color_orange'>nullify</span>:void; return = n$40<span class='color_orange'>initial</span>:void; $irvar1 = 0<span class='color_orange'>nullify</span>:void; #GB<>$org.junit.tests.running.classes.ParameterizedTestTest = {fLog:""<span class='color_orange'>update:262</span>}<span class='color_orange'>rearrange:262</span>:org.junit.tests.running.classes.ParameterizedTestTest( sub ); $irvar2 = ""<span class='color_orange'>update:264</span>:void; this = @f$0<span class='color_orange'>formal</span>:org.junit.tests.running.classes.ParameterizedTestTest*( sub ); old_this = @f$0<span class='color_orange'>formal</span>:org.junit.tests.running.classes.ParameterizedTestTest*( sub ); expected|callee = "before after "<span class='color_orange'>actual_precondition</span>:java.lang.Object*
    [footprint
       #GB<>$org.junit.tests.running.classes.ParameterizedTestTest = {fLog:@f$1<span class='color_orange'>rearrange:262</span>}<span class='color_orange'>rearrange:262</span>:org.junit.tests.running.classes.ParameterizedTestTest( sub ); this = @f$0<span class='color_orange'>formal</span>:org.junit.tests.running.classes.ParameterizedTestTest*( sub )  ]</span>
    [SUB: 
      n$5 = ""]
    |-
    <span class='color_blue'>actual|callee = _t$61<span class='color_orange'>formal</span>:java.lang.Object*( sub ); expected|callee = null<span class='color_orange'>formal</span>:java.lang.Object*( sub )</span>
    
      do_imply "" _t$61
        Current Implication
        SUB:
          n$5 = ""
        <span class='color_blue'>MEMna &lt; new[]:263 &gt; <span class='color_orange'>{vpath: }</span>(n$41); UND &lt; Result JUnitCore.runClasses(Computer,Class[]) &gt; :53(n$42); "" = "" ;
        $irvar0 = 0<span class='color_orange'>nullify</span>:void; return = n$40<span class='color_orange'>initial</span>:void; $irvar1 = 0<span class='color_orange'>nullify</span>:void; #GB<>$org.junit.tests.running.classes.ParameterizedTestTest = {fLog:""<span class='color_orange'>update:262</span>}<span class='color_orange'>rearrange:262</span>:org.junit.tests.running.classes.ParameterizedTestTest( sub ); $irvar2 = ""<span class='color_orange'>update:264</span>:void; this = @f$0<span class='color_orange'>formal</span>:org.junit.tests.running.classes.ParameterizedTestTest*( sub ); old_this = @f$0<span class='color_orange'>formal</span>:org.junit.tests.running.classes.ParameterizedTestTest*( sub ); expected|callee = "before after "<span class='color_orange'>actual_precondition</span>:java.lang.Object*
        [footprint
           #GB<>$org.junit.tests.running.classes.ParameterizedTestTest = {fLog:@f$1<span class='color_orange'>rearrange:262</span>}<span class='color_orange'>rearrange:262</span>:org.junit.tests.running.classes.ParameterizedTestTest( sub ); this = @f$0<span class='color_orange'>formal</span>:org.junit.tests.running.classes.ParameterizedTestTest*( sub )  ]</span>
        [SUB: 
          n$5 = ""; _t$61 = ""]
        |-
        <span class='color_blue'>expected|callee = null<span class='color_orange'>formal</span>:java.lang.Object*( sub )</span>
        
          do_imply "before after " null
          WARNING: footprint failed to find MISSING because: constants not equal
    EXECUTING SPEC 4/4
    ACTUAL PRECONDITION =
      <span class='color_blue'>n$5 = "" ;
      MEMna &lt; new[]:263 &gt; <span class='color_orange'>{vpath: }</span>(n$41); UND &lt; Result JUnitCore.runClasses(Computer,Class[]) &gt; :53(n$42) ;
      actual|callee = ""<span class='color_orange'>actual_precondition</span>:java.lang.String*; $irvar0 = 0<span class='color_orange'>nullify</span>:void; return = n$40<span class='color_orange'>initial</span>:void; $irvar1 = 0<span class='color_orange'>nullify</span>:void; #GB<>$org.junit.tests.running.classes.ParameterizedTestTest = {fLog:""<span class='color_orange'>update:262</span>}<span class='color_orange'>rearrange:262</span>:org.junit.tests.running.classes.ParameterizedTestTest( sub ); $irvar2 = ""<span class='color_orange'>update:264</span>:void; this = @f$0<span class='color_orange'>formal</span>:org.junit.tests.running.classes.ParameterizedTestTest*( sub ); old_this = @f$0<span class='color_orange'>formal</span>:org.junit.tests.running.classes.ParameterizedTestTest*( sub ); expected|callee = "before after "<span class='color_orange'>actual_precondition</span>:java.lang.Object*
      [footprint
         #GB<>$org.junit.tests.running.classes.ParameterizedTestTest = {fLog:@f$1<span class='color_orange'>rearrange:262</span>}<span class='color_orange'>rearrange:262</span>:org.junit.tests.running.classes.ParameterizedTestTest( sub ); this = @f$0<span class='color_orange'>formal</span>:org.junit.tests.running.classes.ParameterizedTestTest*( sub )  ]</span>
    SPEC =
      --------------------------- ---------- ---------------------------
      PRE:
      <span class='color_blue'><span class='color_blue'>actual|callee != 0; expected|callee != null ;
      actual|callee = _t$63<span class='color_orange'>formal</span>:java.lang.Object*( sub ); expected|callee = _t$64<span class='color_orange'>formal</span>:java.lang.Object*( sub ) ;
      actual|callee|->{}<span class='color_orange'>none</span>:java.lang.String( sub )(instof); expected|callee|->{}<span class='color_orange'>rearrange:(z)133</span>:java.lang.String( sub )(instof)</span></span>
      POST 1 of 2:
      <span class='color_blue'>actual|callee != 0; expected|callee != null; <span class='color_red'>MEMne &lt; void Assert.assertEquals(String,String,String):146 &gt; <span class='color_orange'>{vpath: }</span>(_t$65)</span> ;
      <span class='color_red'>return|callee = EXN _t$65<span class='color_orange'>update:146</span>:void</span> ;
      <span class='color_red'>_t$65|->{fActual:actual|callee<span class='color_orange'>update:146</span>, fExpected:expected|callee<span class='color_orange'>update:(z)146</span>}<span class='color_orange'>formal(z)</span>:org.junit.ComparisonFailure</span>; actual|callee|->{}<span class='color_orange'>formal</span>:java.lang.String( sub )(instof); expected|callee|->{}<span class='color_orange'>formal(z)</span>:java.lang.String( sub )(instof)</span>
      POST 2 of 2:
      <span class='color_blue'>actual|callee != 0; expected|callee != null ;
      <span class='color_red'>return|callee = _t$65<span class='color_orange'>initial</span>:void</span> ;
      actual|callee|->{}<span class='color_orange'>formal</span>:java.lang.String( sub )(instof); expected|callee|->{}<span class='color_orange'>formal(z)</span>:java.lang.String( sub )(instof)</span>
      ----------------------------------------------------------------
    pre_check_pure_implication
    pi1:
      n$5 = ""; MEMna &lt; new[]:263 &gt; <span class='color_orange'>{vpath: }</span>(n$41); UND &lt; Result JUnitCore.runClasses(Computer,Class[]) &gt; :53(n$42)
    pi2:
      _t$63 != 0; _t$64 != null
    returns
    sub1:
      n$5 = ""
    sub2:
      n$5 = ""
    Current Implication
    SUB:
      n$5 = ""
    <span class='color_blue'>MEMna &lt; new[]:263 &gt; <span class='color_orange'>{vpath: }</span>(n$41); UND &lt; Result JUnitCore.runClasses(Computer,Class[]) &gt; :53(n$42); "" = "" ;
    actual|callee = ""<span class='color_orange'>actual_precondition</span>:java.lang.String*; $irvar0 = 0<span class='color_orange'>nullify</span>:void; return = n$40<span class='color_orange'>initial</span>:void; $irvar1 = 0<span class='color_orange'>nullify</span>:void; #GB<>$org.junit.tests.running.classes.ParameterizedTestTest = {fLog:""<span class='color_orange'>update:262</span>}<span class='color_orange'>rearrange:262</span>:org.junit.tests.running.classes.ParameterizedTestTest( sub ); $irvar2 = ""<span class='color_orange'>update:264</span>:void; this = @f$0<span class='color_orange'>formal</span>:org.junit.tests.running.classes.ParameterizedTestTest*( sub ); old_this = @f$0<span class='color_orange'>formal</span>:org.junit.tests.running.classes.ParameterizedTestTest*( sub ); expected|callee = "before after "<span class='color_orange'>actual_precondition</span>:java.lang.Object*
    [footprint
       #GB<>$org.junit.tests.running.classes.ParameterizedTestTest = {fLog:@f$1<span class='color_orange'>rearrange:262</span>}<span class='color_orange'>rearrange:262</span>:org.junit.tests.running.classes.ParameterizedTestTest( sub ); this = @f$0<span class='color_orange'>formal</span>:org.junit.tests.running.classes.ParameterizedTestTest*( sub )  ]</span>
    [SUB: 
      n$5 = ""]
    |-
    <span class='color_blue'>actual|callee = _t$63<span class='color_orange'>formal</span>:java.lang.Object*( sub ); expected|callee = _t$64<span class='color_orange'>formal</span>:java.lang.Object*( sub ) ;
    expected|callee|->{}<span class='color_orange'>rearrange:(z)133</span>:java.lang.String( sub )(instof); actual|callee|->{}<span class='color_orange'>none</span>:java.lang.String( sub )(instof)</span>
    
      do_imply "" _t$63
        Current Implication
        SUB:
          n$5 = ""
        <span class='color_blue'>MEMna &lt; new[]:263 &gt; <span class='color_orange'>{vpath: }</span>(n$41); UND &lt; Result JUnitCore.runClasses(Computer,Class[]) &gt; :53(n$42); "" = "" ;
        $irvar0 = 0<span class='color_orange'>nullify</span>:void; return = n$40<span class='color_orange'>initial</span>:void; $irvar1 = 0<span class='color_orange'>nullify</span>:void; #GB<>$org.junit.tests.running.classes.ParameterizedTestTest = {fLog:""<span class='color_orange'>update:262</span>}<span class='color_orange'>rearrange:262</span>:org.junit.tests.running.classes.ParameterizedTestTest( sub ); $irvar2 = ""<span class='color_orange'>update:264</span>:void; this = @f$0<span class='color_orange'>formal</span>:org.junit.tests.running.classes.ParameterizedTestTest*( sub ); old_this = @f$0<span class='color_orange'>formal</span>:org.junit.tests.running.classes.ParameterizedTestTest*( sub ); expected|callee = "before after "<span class='color_orange'>actual_precondition</span>:java.lang.Object*
        [footprint
           #GB<>$org.junit.tests.running.classes.ParameterizedTestTest = {fLog:@f$1<span class='color_orange'>rearrange:262</span>}<span class='color_orange'>rearrange:262</span>:org.junit.tests.running.classes.ParameterizedTestTest( sub ); this = @f$0<span class='color_orange'>formal</span>:org.junit.tests.running.classes.ParameterizedTestTest*( sub )  ]</span>
        [SUB: 
          n$5 = ""; _t$63 = ""
        MISSING TYPING:
          _t$63: java.lang.String( sub )(instof) ]
        |-
        <span class='color_blue'>expected|callee = _t$64<span class='color_orange'>formal</span>:java.lang.Object*( sub ) ;
        expected|callee|->{}<span class='color_orange'>rearrange:(z)133</span>:java.lang.String( sub )(instof); ""|->{}<span class='color_orange'>none</span>:java.lang.String( sub )(instof)</span>
        [FRAME TYPING:
          "": java.lang.String( sub )(instof) ]
        
          do_imply "before after " _t$64
            Current Implication
            SUB:
              n$5 = ""
            <span class='color_blue'>MEMna &lt; new[]:263 &gt; <span class='color_orange'>{vpath: }</span>(n$41); UND &lt; Result JUnitCore.runClasses(Computer,Class[]) &gt; :53(n$42); "" = "" ;
            $irvar0 = 0<span class='color_orange'>nullify</span>:void; return = n$40<span class='color_orange'>initial</span>:void; $irvar1 = 0<span class='color_orange'>nullify</span>:void; #GB<>$org.junit.tests.running.classes.ParameterizedTestTest = {fLog:""<span class='color_orange'>update:262</span>}<span class='color_orange'>rearrange:262</span>:org.junit.tests.running.classes.ParameterizedTestTest( sub ); $irvar2 = ""<span class='color_orange'>update:264</span>:void; this = @f$0<span class='color_orange'>formal</span>:org.junit.tests.running.classes.ParameterizedTestTest*( sub ); old_this = @f$0<span class='color_orange'>formal</span>:org.junit.tests.running.classes.ParameterizedTestTest*( sub )
            [footprint
               #GB<>$org.junit.tests.running.classes.ParameterizedTestTest = {fLog:@f$1<span class='color_orange'>rearrange:262</span>}<span class='color_orange'>rearrange:262</span>:org.junit.tests.running.classes.ParameterizedTestTest( sub ); this = @f$0<span class='color_orange'>formal</span>:org.junit.tests.running.classes.ParameterizedTestTest*( sub )  ]</span>
            [SUB: 
              n$5 = ""; _t$63 = ""; _t$64 = "before after "
            MISSING TYPING:
              _t$63: java.lang.String( sub )(instof) ]
            |-
            <span class='color_blue'>"before after "|->{}<span class='color_orange'>rearrange:(z)133</span>:java.lang.String( sub )(instof); ""|->{}<span class='color_orange'>none</span>:java.lang.String( sub )(instof)</span>
            [FRAME TYPING:
              "": java.lang.String( sub )(instof) ]
            
                Current Implication
                SUB:
                  n$5 = ""
                <span class='color_blue'>MEMna &lt; new[]:263 &gt; <span class='color_orange'>{vpath: }</span>(n$41); UND &lt; Result JUnitCore.runClasses(Computer,Class[]) &gt; :53(n$42); "" = "" ;
                $irvar0 = 0<span class='color_orange'>nullify</span>:void; return = n$40<span class='color_orange'>initial</span>:void; $irvar1 = 0<span class='color_orange'>nullify</span>:void; #GB<>$org.junit.tests.running.classes.ParameterizedTestTest = {fLog:""<span class='color_orange'>update:262</span>}<span class='color_orange'>rearrange:262</span>:org.junit.tests.running.classes.ParameterizedTestTest( sub ); $irvar2 = ""<span class='color_orange'>update:264</span>:void; this = @f$0<span class='color_orange'>formal</span>:org.junit.tests.running.classes.ParameterizedTestTest*( sub ); old_this = @f$0<span class='color_orange'>formal</span>:org.junit.tests.running.classes.ParameterizedTestTest*( sub )
                [footprint
                   #GB<>$org.junit.tests.running.classes.ParameterizedTestTest = {fLog:@f$1<span class='color_orange'>rearrange:262</span>}<span class='color_orange'>rearrange:262</span>:org.junit.tests.running.classes.ParameterizedTestTest( sub ); this = @f$0<span class='color_orange'>formal</span>:org.junit.tests.running.classes.ParameterizedTestTest*( sub )  ]</span>
                [SUB: 
                  n$5 = ""; _t$63 = ""; _t$64 = "before after "
                MISSING TYPING:
                  _t$63: java.lang.String( sub )(instof) ]
                |-
                <span class='color_blue'>"before after "|->{}<span class='color_orange'>rearrange:(z)133</span>:java.lang.String( sub )(instof)</span>
                [FRAME FLD:
                  ""|->{count:_t$70<span class='color_orange'>none</span>, hash:_t$71<span class='color_orange'>none</span>, offset:_t$72<span class='color_orange'>none</span>, value:_t$73<span class='color_orange'>none</span>}<span class='color_orange'>none</span>:java.lang.String]
                [FRAME TYPING:
                  "": java.lang.String(instof) "": java.lang.String( sub )(instof) ]
                
                    Final Implication
                    SUB:
                      n$5 = ""
                    <span class='color_blue'>MEMna &lt; new[]:263 &gt; <span class='color_orange'>{vpath: }</span>(n$41); UND &lt; Result JUnitCore.runClasses(Computer,Class[]) &gt; :53(n$42); "" = "" ;
                    $irvar0 = 0<span class='color_orange'>nullify</span>:void; return = n$40<span class='color_orange'>initial</span>:void; $irvar1 = 0<span class='color_orange'>nullify</span>:void; #GB<>$org.junit.tests.running.classes.ParameterizedTestTest = {fLog:""<span class='color_orange'>update:262</span>}<span class='color_orange'>rearrange:262</span>:org.junit.tests.running.classes.ParameterizedTestTest( sub ); $irvar2 = ""<span class='color_orange'>update:264</span>:void; this = @f$0<span class='color_orange'>formal</span>:org.junit.tests.running.classes.ParameterizedTestTest*( sub ); old_this = @f$0<span class='color_orange'>formal</span>:org.junit.tests.running.classes.ParameterizedTestTest*( sub )
                    [footprint
                       #GB<>$org.junit.tests.running.classes.ParameterizedTestTest = {fLog:@f$1<span class='color_orange'>rearrange:262</span>}<span class='color_orange'>rearrange:262</span>:org.junit.tests.running.classes.ParameterizedTestTest( sub ); this = @f$0<span class='color_orange'>formal</span>:org.junit.tests.running.classes.ParameterizedTestTest*( sub )  ]</span>
                    [SUB: 
                      n$5 = ""; _t$63 = ""; _t$64 = "before after "
                    MISSING TYPING:
                      _t$63: java.lang.String( sub )(instof) ]
                    |-
                    <span class='color_blue'></span>
                    [FRAME FLD:
                      "before after "|->{count:_t$74<span class='color_orange'>none</span>, hash:_t$75<span class='color_orange'>none</span>, offset:_t$76<span class='color_orange'>none</span>, value:_t$77<span class='color_orange'>none</span>}<span class='color_orange'>none</span>:java.lang.String; ""|->{count:_t$70<span class='color_orange'>none</span>, hash:_t$71<span class='color_orange'>none</span>, offset:_t$72<span class='color_orange'>none</span>, value:_t$73<span class='color_orange'>none</span>}<span class='color_orange'>none</span>:java.lang.String]
                    [FRAME TYPING:
                      "before after ": java.lang.String(instof) "": java.lang.String(instof) "": java.lang.String( sub )(instof) ]
    imply_pi: adding missing atom _t$63 != 0
    imply_pi: adding missing atom _t$64 != null
    Result of Abduction
      SUB:
        n$5 = ""
      <span class='color_blue'>MEMna &lt; new[]:263 &gt; <span class='color_orange'>{vpath: }</span>(n$41); UND &lt; Result JUnitCore.runClasses(Computer,Class[]) &gt; :53(n$42); "" = "" ;
      actual|callee = ""<span class='color_orange'>actual_precondition</span>:java.lang.String*; $irvar0 = 0<span class='color_orange'>nullify</span>:void; return = n$40<span class='color_orange'>initial</span>:void; $irvar1 = 0<span class='color_orange'>nullify</span>:void; #GB<>$org.junit.tests.running.classes.ParameterizedTestTest = {fLog:""<span class='color_orange'>update:262</span>}<span class='color_orange'>rearrange:262</span>:org.junit.tests.running.classes.ParameterizedTestTest( sub ); $irvar2 = ""<span class='color_orange'>update:264</span>:void; this = @f$0<span class='color_orange'>formal</span>:org.junit.tests.running.classes.ParameterizedTestTest*( sub ); old_this = @f$0<span class='color_orange'>formal</span>:org.junit.tests.running.classes.ParameterizedTestTest*( sub ); expected|callee = "before after "<span class='color_orange'>actual_precondition</span>:java.lang.Object*
      [footprint
         #GB<>$org.junit.tests.running.classes.ParameterizedTestTest = {fLog:@f$1<span class='color_orange'>rearrange:262</span>}<span class='color_orange'>rearrange:262</span>:org.junit.tests.running.classes.ParameterizedTestTest( sub ); this = @f$0<span class='color_orange'>formal</span>:org.junit.tests.running.classes.ParameterizedTestTest*( sub )  ]</span>
      [SUB: 
        n$5 = ""; _t$63 = ""; _t$64 = "before after "
      _t$64 != null; _t$63 != 0
      MISSING TYPING:
        _t$63: java.lang.String( sub )(instof) ]
      |-
      <span class='color_blue'>"" != 0; "before after " != null ;
      actual|callee = ""<span class='color_orange'>formal</span>:java.lang.Object*( sub ); expected|callee = "before after "<span class='color_orange'>formal</span>:java.lang.Object*( sub ) ;
      ""|->{}<span class='color_orange'>none</span>:java.lang.String( sub )(instof); "before after "|->{}<span class='color_orange'>rearrange:(z)133</span>:java.lang.String( sub )(instof)</span>
      [FRAME FLD:
        "before after "|->{count:_t$74<span class='color_orange'>none</span>, hash:_t$75<span class='color_orange'>none</span>, offset:_t$76<span class='color_orange'>none</span>, value:_t$77<span class='color_orange'>none</span>}<span class='color_orange'>none</span>:java.lang.String; ""|->{count:_t$70<span class='color_orange'>none</span>, hash:_t$71<span class='color_orange'>none</span>, offset:_t$72<span class='color_orange'>none</span>, value:_t$73<span class='color_orange'>none</span>}<span class='color_orange'>none</span>:java.lang.String]
      [FRAME TYPING:
        "before after ": java.lang.String(instof) "": java.lang.String(instof) "": java.lang.String( sub )(instof) ]
    returning TRUE
    in vpath_find exp:_t$65
    vpath_find: cannot find _t$65
      New footprint:
      "before after " != null; "" != 0
      Frame fld:
      "before after "|->{count:_t$74<span class='color_orange'>none</span>, hash:_t$75<span class='color_orange'>none</span>, offset:_t$76<span class='color_orange'>none</span>, value:_t$77<span class='color_orange'>none</span>}<span class='color_orange'>none</span>:java.lang.String; ""|->{count:_t$70<span class='color_orange'>none</span>, hash:_t$71<span class='color_orange'>none</span>, offset:_t$72<span class='color_orange'>none</span>, value:_t$73<span class='color_orange'>none</span>}<span class='color_orange'>none</span>:java.lang.String
      Frame typ:
      "before after ": java.lang.String(instof) "": java.lang.String(instof) "": java.lang.String( sub )(instof) 
      Missing fld:
      
      Missing typ:
      "": java.lang.String( sub )(instof) 
      Instantiated frame:
      &amp;$irvar0|->0<span class='color_orange'>nullify</span>:void; &amp;return|->n$40<span class='color_orange'>initial</span>:void; &amp;$irvar1|->0<span class='color_orange'>nullify</span>:void; &amp;#GB<>$org.junit.tests.running.classes.ParameterizedTestTest|->{fLog:""<span class='color_orange'>update:262</span>}<span class='color_orange'>rearrange:262</span>:org.junit.tests.running.classes.ParameterizedTestTest( sub ); &amp;$irvar2|->""<span class='color_orange'>update:264</span>:void; &amp;this|->@f$0<span class='color_orange'>formal</span>:org.junit.tests.running.classes.ParameterizedTestTest*( sub ); &amp;old_this|->@f$0<span class='color_orange'>formal</span>:org.junit.tests.running.classes.ParameterizedTestTest*( sub )
      Instantiated post:
      PROP 1 of 2:
      <span class='color_blue'><span class='color_red'>"" != 0</span>; <span class='color_red'>"before after " != null</span>; <span class='color_red'>MEMne &lt; void Assert.assertEquals(Object,Object):264 &gt; <span class='color_orange'>{vpath: }</span>(_t$65)</span> ;
      <span class='color_red'>return|callee = EXN _t$65<span class='color_orange'>update:264</span>:void</span> ;
      <span class='color_red'>_t$65|->{fActual:""<span class='color_orange'>update:264</span>, fExpected:"before after "<span class='color_orange'>update:(z)264</span>}<span class='color_orange'>formal(z)</span>:org.junit.ComparisonFailure</span>; <span class='color_red'>""|->{}<span class='color_orange'>formal</span>:java.lang.String( sub )(instof)</span>; <span class='color_red'>"before after "|->{}<span class='color_orange'>formal(z)</span>:java.lang.String( sub )(instof)</span></span>
      PROP 2 of 2:
      <span class='color_blue'><span class='color_red'>"" != 0</span>; <span class='color_red'>"before after " != null</span> ;
      <span class='color_red'>return|callee = _t$65<span class='color_orange'>initial</span>:void</span> ;
      <span class='color_red'>""|->{}<span class='color_orange'>formal</span>:java.lang.String( sub )(instof)</span>; <span class='color_red'>"before after "|->{}<span class='color_orange'>formal(z)</span>:java.lang.String( sub )(instof)</span></span>
      
    ***** RESULTS FUNCTION CALL *******
    PROP 1 of 2:
    <span class='color_blue'><span class='color_blue'>n$5 = ""</span> ;
    <span class='color_red'>0 != ""</span>; <span class='color_red'>null != "before after "</span>; <span class='color_red'>MEMne &lt; void Assert.assertEquals(Object,Object):264 &gt; <span class='color_orange'>{vpath: }</span>(_t$0)</span>; <span class='color_blue'>MEMna &lt; new[]:263 &gt; <span class='color_orange'>{vpath: }</span>(n$41)</span>; <span class='color_blue'>UND &lt; Result JUnitCore.runClasses(Computer,Class[]) &gt; :53(n$42)</span> ;
    <span class='color_blue'>$irvar0 = 0<span class='color_orange'>nullify</span>:void</span>; <span class='color_blue'>return = <span class='color_red'>EXN _t$0<span class='color_orange'>update:264</span></span>:void</span>; <span class='color_blue'>$irvar1 = 0<span class='color_orange'>nullify</span>:void</span>; <span class='color_blue'>#GB<>$org.junit.tests.running.classes.ParameterizedTestTest = {fLog:""<span class='color_orange'>update:262</span>}<span class='color_orange'>rearrange:262</span>:org.junit.tests.running.classes.ParameterizedTestTest( sub )</span>; <span class='color_blue'>$irvar2 = ""<span class='color_orange'>update:264</span>:void</span>; <span class='color_blue'>this = @f$0<span class='color_orange'>formal</span>:org.junit.tests.running.classes.ParameterizedTestTest*( sub )</span>; <span class='color_blue'>old_this = @f$0<span class='color_orange'>formal</span>:org.junit.tests.running.classes.ParameterizedTestTest*( sub )</span> ;
    <span class='color_red'>_t$0|->{fActual:""<span class='color_orange'>update:264</span>, fExpected:"before after "<span class='color_orange'>update:(z)264</span>}<span class='color_orange'>formal(z)</span>:org.junit.ComparisonFailure</span>; <span class='color_red'>""|->{count:_t$5<span class='color_orange'>none</span>, hash:_t$6<span class='color_orange'>none</span>, offset:_t$7<span class='color_orange'>none</span>, value:_t$8<span class='color_orange'>none</span>}<span class='color_orange'>none</span>:java.lang.String(instof)</span>; <span class='color_red'>"before after "|->{count:_t$1<span class='color_orange'>none</span>, hash:_t$2<span class='color_orange'>none</span>, offset:_t$3<span class='color_orange'>none</span>, value:_t$4<span class='color_orange'>none</span>}<span class='color_orange'>none</span>:java.lang.String(instof)</span>
    [footprint
       <span class='color_red'>0 != ""</span>; <span class='color_red'>null != "before after "</span> *
       <span class='color_blue'>#GB<>$org.junit.tests.running.classes.ParameterizedTestTest = {fLog:@f$1<span class='color_orange'>rearrange:262</span>}<span class='color_orange'>rearrange:262</span>:org.junit.tests.running.classes.ParameterizedTestTest( sub )</span>; <span class='color_blue'>this = @f$0<span class='color_orange'>formal</span>:org.junit.tests.running.classes.ParameterizedTestTest*( sub )</span>  ]</span>
    PROP 2 of 2:
    <span class='color_blue'><span class='color_blue'>n$5 = ""</span> ;
    <span class='color_red'>0 != ""</span>; <span class='color_red'>null != "before after "</span>; <span class='color_blue'>MEMna &lt; new[]:263 &gt; <span class='color_orange'>{vpath: }</span>(n$41)</span>; <span class='color_blue'>UND &lt; Result JUnitCore.runClasses(Computer,Class[]) &gt; :53(n$42)</span> ;
    <span class='color_blue'>$irvar0 = 0<span class='color_orange'>nullify</span>:void</span>; <span class='color_blue'>return = n$40<span class='color_orange'>initial</span>:void</span>; <span class='color_blue'>$irvar1 = 0<span class='color_orange'>nullify</span>:void</span>; <span class='color_blue'>#GB<>$org.junit.tests.running.classes.ParameterizedTestTest = {fLog:""<span class='color_orange'>update:262</span>}<span class='color_orange'>rearrange:262</span>:org.junit.tests.running.classes.ParameterizedTestTest( sub )</span>; <span class='color_blue'>$irvar2 = ""<span class='color_orange'>update:264</span>:void</span>; <span class='color_blue'>this = @f$0<span class='color_orange'>formal</span>:org.junit.tests.running.classes.ParameterizedTestTest*( sub )</span>; <span class='color_blue'>old_this = @f$0<span class='color_orange'>formal</span>:org.junit.tests.running.classes.ParameterizedTestTest*( sub )</span> ;
    <span class='color_red'>""|->{count:_t$0<span class='color_orange'>none</span>, hash:_t$1<span class='color_orange'>none</span>, offset:_t$2<span class='color_orange'>none</span>, value:_t$3<span class='color_orange'>none</span>}<span class='color_orange'>none</span>:java.lang.String(instof)</span>; <span class='color_red'>"before after "|->{count:_t$4<span class='color_orange'>none</span>, hash:_t$5<span class='color_orange'>none</span>, offset:_t$6<span class='color_orange'>none</span>, value:_t$7<span class='color_orange'>none</span>}<span class='color_orange'>none</span>:java.lang.String(instof)</span>
    [footprint
       <span class='color_red'>0 != ""</span>; <span class='color_red'>null != "before after "</span> *
       <span class='color_blue'>#GB<>$org.junit.tests.running.classes.ParameterizedTestTest = {fLog:@f$1<span class='color_orange'>rearrange:262</span>}<span class='color_orange'>rearrange:262</span>:org.junit.tests.running.classes.ParameterizedTestTest( sub )</span>; <span class='color_blue'>this = @f$0<span class='color_orange'>formal</span>:org.junit.tests.running.classes.ParameterizedTestTest*( sub )</span>  ]</span>
    ***** END RESULTS FUNCTION CALL *******
    Prover.check_inconsistency_base: inconsistency reason [None]
    Prover.check_inconsistency_base: inconsistency reason [None]
    Prover.check_inconsistency_base: inconsistency reason [None]
    Prover.check_inconsistency_base: inconsistency reason [None]
    Prover.check_inconsistency_base: inconsistency reason [None]
    Prover.check_inconsistency_base: inconsistency reason [None]
    Instruction Returns
    PROP 1 of 4:
    <span class='color_blue'><span class='color_blue'>n$5 = ""</span> ;
    <span class='color_red'>0 != ""</span>; <span class='color_red'>null != "before after "</span>; <span class='color_red'>MEMne &lt; void Assert.assertEquals(Object,Object):264 &gt; <span class='color_orange'>{vpath: }</span>(_t$0)</span>; <span class='color_blue'>MEMna &lt; new[]:263 &gt; <span class='color_orange'>{vpath: }</span>(_t$1)</span>; <span class='color_blue'>UND &lt; Result JUnitCore.runClasses(Computer,Class[]) &gt; :53(_t$2)</span> ;
    <span class='color_blue'>$irvar0 = 0<span class='color_orange'>nullify</span>:void</span>; <span class='color_blue'>return = <span class='color_red'>EXN _t$0<span class='color_orange'>update:264</span></span>:void</span>; <span class='color_blue'>$irvar1 = 0<span class='color_orange'>nullify</span>:void</span>; <span class='color_blue'>#GB<>$org.junit.tests.running.classes.ParameterizedTestTest = {fLog:""<span class='color_orange'>update:262</span>}<span class='color_orange'>rearrange:262</span>:org.junit.tests.running.classes.ParameterizedTestTest( sub )</span>; <span class='color_blue'>$irvar2 = ""<span class='color_orange'>update:264</span>:void</span>; <span class='color_blue'>this = @f$0<span class='color_orange'>formal</span>:org.junit.tests.running.classes.ParameterizedTestTest*( sub )</span>; <span class='color_blue'>old_this = @f$0<span class='color_orange'>formal</span>:org.junit.tests.running.classes.ParameterizedTestTest*( sub )</span> ;
    <span class='color_red'>_t$0|->{fActual:""<span class='color_orange'>update:264</span>, fExpected:"before after "<span class='color_orange'>update:(z)264</span>}<span class='color_orange'>formal(z)</span>:org.junit.ComparisonFailure</span>
    [footprint
       <span class='color_red'>0 != ""</span>; <span class='color_red'>null != "before after "</span> *
       <span class='color_blue'>#GB<>$org.junit.tests.running.classes.ParameterizedTestTest = {fLog:@f$1<span class='color_orange'>rearrange:262</span>}<span class='color_orange'>rearrange:262</span>:org.junit.tests.running.classes.ParameterizedTestTest( sub )</span>; <span class='color_blue'>this = @f$0<span class='color_orange'>formal</span>:org.junit.tests.running.classes.ParameterizedTestTest*( sub )</span>  ]</span>
    PROP 2 of 4:
    <span class='color_blue'><span class='color_blue'>n$5 = ""</span> ;
    <span class='color_red'>null != "before after "</span>; <span class='color_blue'>MEMna &lt; new[]:263 &gt; <span class='color_orange'>{vpath: }</span>(_t$1)</span>; <span class='color_blue'>UND &lt; Result JUnitCore.runClasses(Computer,Class[]) &gt; :53(_t$2)</span> ;
    <span class='color_blue'>$irvar0 = 0<span class='color_orange'>nullify</span>:void</span>; <span class='color_blue'>return = _t$0<span class='color_orange'>initial</span>:void</span>; <span class='color_blue'>$irvar1 = 0<span class='color_orange'>nullify</span>:void</span>; <span class='color_blue'>#GB<>$org.junit.tests.running.classes.ParameterizedTestTest = {fLog:""<span class='color_orange'>update:262</span>}<span class='color_orange'>rearrange:262</span>:org.junit.tests.running.classes.ParameterizedTestTest( sub )</span>; <span class='color_blue'>$irvar2 = ""<span class='color_orange'>update:264</span>:void</span>; <span class='color_blue'>this = @f$0<span class='color_orange'>formal</span>:org.junit.tests.running.classes.ParameterizedTestTest*( sub )</span>; <span class='color_blue'>old_this = @f$0<span class='color_orange'>formal</span>:org.junit.tests.running.classes.ParameterizedTestTest*( sub )</span>
    [footprint
       <span class='color_red'>null != "before after "</span> *
       <span class='color_blue'>#GB<>$org.junit.tests.running.classes.ParameterizedTestTest = {fLog:@f$1<span class='color_orange'>rearrange:262</span>}<span class='color_orange'>rearrange:262</span>:org.junit.tests.running.classes.ParameterizedTestTest( sub )</span>; <span class='color_blue'>this = @f$0<span class='color_orange'>formal</span>:org.junit.tests.running.classes.ParameterizedTestTest*( sub )</span>  ]</span>
    PROP 3 of 4:
    <span class='color_blue'><span class='color_blue'>n$5 = ""</span> ;
    <span class='color_red'>0 != ""</span>; <span class='color_red'>null != "before after "</span>; <span class='color_red'>MEMne &lt; void Assert.assertEquals(Object,Object):264 &gt; <span class='color_orange'>{vpath: }</span>(_t$0)</span>; <span class='color_blue'>MEMna &lt; new[]:263 &gt; <span class='color_orange'>{vpath: }</span>(_t$1)</span>; <span class='color_blue'>UND &lt; Result JUnitCore.runClasses(Computer,Class[]) &gt; :53(_t$2)</span> ;
    <span class='color_blue'>$irvar0 = 0<span class='color_orange'>nullify</span>:void</span>; <span class='color_blue'>return = <span class='color_red'>EXN _t$0<span class='color_orange'>update:264</span></span>:void</span>; <span class='color_blue'>$irvar1 = 0<span class='color_orange'>nullify</span>:void</span>; <span class='color_blue'>#GB<>$org.junit.tests.running.classes.ParameterizedTestTest = {fLog:""<span class='color_orange'>update:262</span>}<span class='color_orange'>rearrange:262</span>:org.junit.tests.running.classes.ParameterizedTestTest( sub )</span>; <span class='color_blue'>$irvar2 = ""<span class='color_orange'>update:264</span>:void</span>; <span class='color_blue'>this = @f$0<span class='color_orange'>formal</span>:org.junit.tests.running.classes.ParameterizedTestTest*( sub )</span>; <span class='color_blue'>old_this = @f$0<span class='color_orange'>formal</span>:org.junit.tests.running.classes.ParameterizedTestTest*( sub )</span> ;
    <span class='color_red'>_t$0|->{fActual:""<span class='color_orange'>update:264</span>, fExpected:"before after "<span class='color_orange'>update:(z)264</span>}<span class='color_orange'>formal(z)</span>:org.junit.ComparisonFailure</span>
    [footprint
       <span class='color_red'>0 != ""</span>; <span class='color_red'>null != "before after "</span> *
       <span class='color_blue'>#GB<>$org.junit.tests.running.classes.ParameterizedTestTest = {fLog:@f$1<span class='color_orange'>rearrange:262</span>}<span class='color_orange'>rearrange:262</span>:org.junit.tests.running.classes.ParameterizedTestTest( sub )</span>; <span class='color_blue'>this = @f$0<span class='color_orange'>formal</span>:org.junit.tests.running.classes.ParameterizedTestTest*( sub )</span>  ]</span>
    PROP 4 of 4:
    <span class='color_blue'><span class='color_blue'>n$5 = ""</span> ;
    <span class='color_red'>0 != ""</span>; <span class='color_red'>null != "before after "</span>; <span class='color_blue'>MEMna &lt; new[]:263 &gt; <span class='color_orange'>{vpath: }</span>(_t$1)</span>; <span class='color_blue'>UND &lt; Result JUnitCore.runClasses(Computer,Class[]) &gt; :53(_t$2)</span> ;
    <span class='color_blue'>$irvar0 = 0<span class='color_orange'>nullify</span>:void</span>; <span class='color_blue'>return = _t$0<span class='color_orange'>initial</span>:void</span>; <span class='color_blue'>$irvar1 = 0<span class='color_orange'>nullify</span>:void</span>; <span class='color_blue'>#GB<>$org.junit.tests.running.classes.ParameterizedTestTest = {fLog:""<span class='color_orange'>update:262</span>}<span class='color_orange'>rearrange:262</span>:org.junit.tests.running.classes.ParameterizedTestTest( sub )</span>; <span class='color_blue'>$irvar2 = ""<span class='color_orange'>update:264</span>:void</span>; <span class='color_blue'>this = @f$0<span class='color_orange'>formal</span>:org.junit.tests.running.classes.ParameterizedTestTest*( sub )</span>; <span class='color_blue'>old_this = @f$0<span class='color_orange'>formal</span>:org.junit.tests.running.classes.ParameterizedTestTest*( sub )</span>
    [footprint
       <span class='color_red'>0 != ""</span>; <span class='color_red'>null != "before after "</span> *
       <span class='color_blue'>#GB<>$org.junit.tests.running.classes.ParameterizedTestTest = {fLog:@f$1<span class='color_orange'>rearrange:262</span>}<span class='color_orange'>rearrange:262</span>:org.junit.tests.running.classes.ParameterizedTestTest( sub )</span>; <span class='color_blue'>this = @f$0<span class='color_orange'>formal</span>:org.junit.tests.running.classes.ParameterizedTestTest*( sub )</span>  ]</span>
    
    Instruction <span class='color_green'>NULLIFY(&amp;$irvar2); [line 264]</span>
    in vpath_find exp:_t$0
    vpath_find: cannot find _t$0
    in vpath_find exp:_t$1
    vpath_find: cannot find _t$1
    Instruction Returns
    PROP 1 of 1:
    <span class='color_blue'><span class='color_blue'>n$5 = ""</span> ;
    <span class='color_blue'>0 != ""</span>; <span class='color_blue'>null != "before after "</span>; <span class='color_blue'>MEMne &lt; void Assert.assertEquals(Object,Object):264 &gt; <span class='color_orange'>{vpath: }</span>(_t$0)</span>; <span class='color_blue'>MEMna &lt; new[]:263 &gt; <span class='color_orange'>{vpath: }</span>(_t$1)</span>; <span class='color_blue'>UND &lt; Result JUnitCore.runClasses(Computer,Class[]) &gt; :53(_t$2)</span> ;
    <span class='color_blue'>$irvar0 = 0<span class='color_orange'>nullify</span>:void</span>; <span class='color_blue'>return = EXN _t$0<span class='color_orange'>update:264</span>:void</span>; <span class='color_blue'>$irvar1 = 0<span class='color_orange'>nullify</span>:void</span>; <span class='color_blue'>#GB<>$org.junit.tests.running.classes.ParameterizedTestTest = {fLog:""<span class='color_orange'>update:262</span>}<span class='color_orange'>rearrange:262</span>:org.junit.tests.running.classes.ParameterizedTestTest( sub )</span>; <span class='color_blue'>$irvar2 = <span class='color_red'>0<span class='color_orange'>nullify</span></span>:void</span>; <span class='color_blue'>this = @f$0<span class='color_orange'>formal</span>:org.junit.tests.running.classes.ParameterizedTestTest*( sub )</span>; <span class='color_blue'>old_this = @f$0<span class='color_orange'>formal</span>:org.junit.tests.running.classes.ParameterizedTestTest*( sub )</span> ;
    <span class='color_blue'>_t$0|->{fActual:""<span class='color_orange'>update:264</span>, fExpected:"before after "<span class='color_orange'>update:(z)264</span>}<span class='color_orange'>formal(z)</span>:org.junit.ComparisonFailure</span>
    [footprint
       <span class='color_blue'>0 != ""</span>; <span class='color_blue'>null != "before after "</span> *
       <span class='color_blue'>#GB<>$org.junit.tests.running.classes.ParameterizedTestTest = {fLog:@f$1<span class='color_orange'>rearrange:262</span>}<span class='color_orange'>rearrange:262</span>:org.junit.tests.running.classes.ParameterizedTestTest( sub )</span>; <span class='color_blue'>this = @f$0<span class='color_orange'>formal</span>:org.junit.tests.running.classes.ParameterizedTestTest*( sub )</span>  ]</span>
    
    Instruction <span class='color_green'>NULLIFY(&amp;$irvar2); [line 264]</span>
    in vpath_find exp:_t$1
    vpath_find: cannot find _t$1
    Instruction Returns
    PROP 1 of 1:
    <span class='color_blue'><span class='color_blue'>n$5 = ""</span> ;
    <span class='color_blue'>0 != ""</span>; <span class='color_blue'>null != "before after "</span>; <span class='color_blue'>MEMna &lt; new[]:263 &gt; <span class='color_orange'>{vpath: }</span>(_t$1)</span>; <span class='color_blue'>UND &lt; Result JUnitCore.runClasses(Computer,Class[]) &gt; :53(_t$2)</span> ;
    <span class='color_blue'>$irvar0 = 0<span class='color_orange'>nullify</span>:void</span>; <span class='color_blue'>return = _t$0<span class='color_orange'>initial</span>:void</span>; <span class='color_blue'>$irvar1 = 0<span class='color_orange'>nullify</span>:void</span>; <span class='color_blue'>#GB<>$org.junit.tests.running.classes.ParameterizedTestTest = {fLog:""<span class='color_orange'>update:262</span>}<span class='color_orange'>rearrange:262</span>:org.junit.tests.running.classes.ParameterizedTestTest( sub )</span>; <span class='color_blue'>$irvar2 = <span class='color_red'>0<span class='color_orange'>nullify</span></span>:void</span>; <span class='color_blue'>this = @f$0<span class='color_orange'>formal</span>:org.junit.tests.running.classes.ParameterizedTestTest*( sub )</span>; <span class='color_blue'>old_this = @f$0<span class='color_orange'>formal</span>:org.junit.tests.running.classes.ParameterizedTestTest*( sub )</span>
    [footprint
       <span class='color_blue'>0 != ""</span>; <span class='color_blue'>null != "before after "</span> *
       <span class='color_blue'>#GB<>$org.junit.tests.running.classes.ParameterizedTestTest = {fLog:@f$1<span class='color_orange'>rearrange:262</span>}<span class='color_orange'>rearrange:262</span>:org.junit.tests.running.classes.ParameterizedTestTest( sub )</span>; <span class='color_blue'>this = @f$0<span class='color_orange'>formal</span>:org.junit.tests.running.classes.ParameterizedTestTest*( sub )</span>  ]</span>
    
    Instruction <span class='color_green'>NULLIFY(&amp;$irvar2); [line 264]</span>
    in vpath_find exp:_t$1
    vpath_find: cannot find _t$1
    Instruction Returns
    PROP 1 of 1:
    <span class='color_blue'><span class='color_blue'>n$5 = ""</span> ;
    <span class='color_blue'>null != "before after "</span>; <span class='color_blue'>MEMna &lt; new[]:263 &gt; <span class='color_orange'>{vpath: }</span>(_t$1)</span>; <span class='color_blue'>UND &lt; Result JUnitCore.runClasses(Computer,Class[]) &gt; :53(_t$2)</span> ;
    <span class='color_blue'>$irvar0 = 0<span class='color_orange'>nullify</span>:void</span>; <span class='color_blue'>return = _t$0<span class='color_orange'>initial</span>:void</span>; <span class='color_blue'>$irvar1 = 0<span class='color_orange'>nullify</span>:void</span>; <span class='color_blue'>#GB<>$org.junit.tests.running.classes.ParameterizedTestTest = {fLog:""<span class='color_orange'>update:262</span>}<span class='color_orange'>rearrange:262</span>:org.junit.tests.running.classes.ParameterizedTestTest( sub )</span>; <span class='color_blue'>$irvar2 = <span class='color_red'>0<span class='color_orange'>nullify</span></span>:void</span>; <span class='color_blue'>this = @f$0<span class='color_orange'>formal</span>:org.junit.tests.running.classes.ParameterizedTestTest*( sub )</span>; <span class='color_blue'>old_this = @f$0<span class='color_orange'>formal</span>:org.junit.tests.running.classes.ParameterizedTestTest*( sub )</span>
    [footprint
       <span class='color_blue'>null != "before after "</span> *
       <span class='color_blue'>#GB<>$org.junit.tests.running.classes.ParameterizedTestTest = {fLog:@f$1<span class='color_orange'>rearrange:262</span>}<span class='color_orange'>rearrange:262</span>:org.junit.tests.running.classes.ParameterizedTestTest( sub )</span>; <span class='color_blue'>this = @f$0<span class='color_orange'>formal</span>:org.junit.tests.running.classes.ParameterizedTestTest*( sub )</span>  ]</span>
    
    Instruction <span class='color_green'>EXIT_SCOPE(n$5,n$6,$irvar2); [line 264]</span>
    in vpath_find exp:_t$0
    vpath_find: cannot find _t$0
    in vpath_find exp:_t$1
    vpath_find: cannot find _t$1
    Instruction Returns
    PROP 1 of 1:
    <span class='color_blue'><span class='color_blue'>0 != ""</span>; <span class='color_blue'>null != "before after "</span>; <span class='color_blue'>MEMne &lt; void Assert.assertEquals(Object,Object):264 &gt; <span class='color_orange'>{vpath: }</span>(_t$0)</span>; <span class='color_blue'>MEMna &lt; new[]:263 &gt; <span class='color_orange'>{vpath: }</span>(_t$1)</span>; <span class='color_blue'>UND &lt; Result JUnitCore.runClasses(Computer,Class[]) &gt; :53(_t$2)</span> ;
    <span class='color_blue'>$irvar0 = 0<span class='color_orange'>nullify</span>:void</span>; <span class='color_blue'>return = EXN _t$0<span class='color_orange'>update:264</span>:void</span>; <span class='color_blue'>$irvar1 = 0<span class='color_orange'>nullify</span>:void</span>; <span class='color_blue'>#GB<>$org.junit.tests.running.classes.ParameterizedTestTest = {fLog:""<span class='color_orange'>update:262</span>}<span class='color_orange'>rearrange:262</span>:org.junit.tests.running.classes.ParameterizedTestTest( sub )</span>; <span class='color_blue'>$irvar2 = 0<span class='color_orange'>nullify</span>:void</span>; <span class='color_blue'>this = @f$0<span class='color_orange'>formal</span>:org.junit.tests.running.classes.ParameterizedTestTest*( sub )</span>; <span class='color_blue'>old_this = @f$0<span class='color_orange'>formal</span>:org.junit.tests.running.classes.ParameterizedTestTest*( sub )</span> ;
    <span class='color_blue'>_t$0|->{fActual:""<span class='color_orange'>update:264</span>, fExpected:"before after "<span class='color_orange'>update:(z)264</span>}<span class='color_orange'>formal(z)</span>:org.junit.ComparisonFailure</span>
    [footprint
       <span class='color_blue'>0 != ""</span>; <span class='color_blue'>null != "before after "</span> *
       <span class='color_blue'>#GB<>$org.junit.tests.running.classes.ParameterizedTestTest = {fLog:@f$1<span class='color_orange'>rearrange:262</span>}<span class='color_orange'>rearrange:262</span>:org.junit.tests.running.classes.ParameterizedTestTest( sub )</span>; <span class='color_blue'>this = @f$0<span class='color_orange'>formal</span>:org.junit.tests.running.classes.ParameterizedTestTest*( sub )</span>  ]</span>
    
    Instruction <span class='color_green'>EXIT_SCOPE(n$5,n$6,$irvar2); [line 264]</span>
    in vpath_find exp:_t$1
    vpath_find: cannot find _t$1
    Instruction Returns
    PROP 1 of 1:
    <span class='color_blue'><span class='color_blue'>0 != ""</span>; <span class='color_blue'>null != "before after "</span>; <span class='color_blue'>MEMna &lt; new[]:263 &gt; <span class='color_orange'>{vpath: }</span>(_t$1)</span>; <span class='color_blue'>UND &lt; Result JUnitCore.runClasses(Computer,Class[]) &gt; :53(_t$2)</span> ;
    <span class='color_blue'>$irvar0 = 0<span class='color_orange'>nullify</span>:void</span>; <span class='color_blue'>return = _t$0<span class='color_orange'>initial</span>:void</span>; <span class='color_blue'>$irvar1 = 0<span class='color_orange'>nullify</span>:void</span>; <span class='color_blue'>#GB<>$org.junit.tests.running.classes.ParameterizedTestTest = {fLog:""<span class='color_orange'>update:262</span>}<span class='color_orange'>rearrange:262</span>:org.junit.tests.running.classes.ParameterizedTestTest( sub )</span>; <span class='color_blue'>$irvar2 = 0<span class='color_orange'>nullify</span>:void</span>; <span class='color_blue'>this = @f$0<span class='color_orange'>formal</span>:org.junit.tests.running.classes.ParameterizedTestTest*( sub )</span>; <span class='color_blue'>old_this = @f$0<span class='color_orange'>formal</span>:org.junit.tests.running.classes.ParameterizedTestTest*( sub )</span>
    [footprint
       <span class='color_blue'>0 != ""</span>; <span class='color_blue'>null != "before after "</span> *
       <span class='color_blue'>#GB<>$org.junit.tests.running.classes.ParameterizedTestTest = {fLog:@f$1<span class='color_orange'>rearrange:262</span>}<span class='color_orange'>rearrange:262</span>:org.junit.tests.running.classes.ParameterizedTestTest( sub )</span>; <span class='color_blue'>this = @f$0<span class='color_orange'>formal</span>:org.junit.tests.running.classes.ParameterizedTestTest*( sub )</span>  ]</span>
    
    Instruction <span class='color_green'>EXIT_SCOPE(n$5,n$6,$irvar2); [line 264]</span>
    in vpath_find exp:_t$1
    vpath_find: cannot find _t$1
    Instruction Returns
    PROP 1 of 1:
    <span class='color_blue'><span class='color_blue'>null != "before after "</span>; <span class='color_blue'>MEMna &lt; new[]:263 &gt; <span class='color_orange'>{vpath: }</span>(_t$1)</span>; <span class='color_blue'>UND &lt; Result JUnitCore.runClasses(Computer,Class[]) &gt; :53(_t$2)</span> ;
    <span class='color_blue'>$irvar0 = 0<span class='color_orange'>nullify</span>:void</span>; <span class='color_blue'>return = _t$0<span class='color_orange'>initial</span>:void</span>; <span class='color_blue'>$irvar1 = 0<span class='color_orange'>nullify</span>:void</span>; <span class='color_blue'>#GB<>$org.junit.tests.running.classes.ParameterizedTestTest = {fLog:""<span class='color_orange'>update:262</span>}<span class='color_orange'>rearrange:262</span>:org.junit.tests.running.classes.ParameterizedTestTest( sub )</span>; <span class='color_blue'>$irvar2 = 0<span class='color_orange'>nullify</span>:void</span>; <span class='color_blue'>this = @f$0<span class='color_orange'>formal</span>:org.junit.tests.running.classes.ParameterizedTestTest*( sub )</span>; <span class='color_blue'>old_this = @f$0<span class='color_orange'>formal</span>:org.junit.tests.running.classes.ParameterizedTestTest*( sub )</span>
    [footprint
       <span class='color_blue'>null != "before after "</span> *
       <span class='color_blue'>#GB<>$org.junit.tests.running.classes.ParameterizedTestTest = {fLog:@f$1<span class='color_orange'>rearrange:262</span>}<span class='color_orange'>rearrange:262</span>:org.junit.tests.running.classes.ParameterizedTestTest( sub )</span>; <span class='color_blue'>this = @f$0<span class='color_orange'>formal</span>:org.junit.tests.running.classes.ParameterizedTestTest*( sub )</span>  ]</span>
    
    .... After Symbolic Execution ....
    PROP 1 of 3:
    <span class='color_blue'><span class='color_red'>0 != ""</span>; <span class='color_red'>null != "before after "</span>; <span class='color_red'>MEMne &lt; void Assert.assertEquals(Object,Object):264 &gt; <span class='color_orange'>{vpath: }</span>(_t$0)</span>; <span class='color_blue'>MEMna &lt; new[]:263 &gt; <span class='color_orange'>{vpath: }</span>(_t$1)</span>; <span class='color_blue'>UND &lt; Result JUnitCore.runClasses(Computer,Class[]) &gt; :53(_t$2)</span> ;
    <span class='color_blue'>$irvar0 = 0<span class='color_orange'>nullify</span>:void</span>; <span class='color_blue'>return = <span class='color_red'>EXN _t$0<span class='color_orange'>update:264</span></span>:void</span>; <span class='color_blue'>$irvar1 = 0<span class='color_orange'>nullify</span>:void</span>; <span class='color_blue'>#GB<>$org.junit.tests.running.classes.ParameterizedTestTest = {fLog:""<span class='color_orange'>update:262</span>}<span class='color_orange'>rearrange:262</span>:org.junit.tests.running.classes.ParameterizedTestTest( sub )</span>; <span class='color_blue'>$irvar2 = <span class='color_red'>0<span class='color_orange'>nullify</span></span>:void</span>; <span class='color_blue'>this = @f$0<span class='color_orange'>formal</span>:org.junit.tests.running.classes.ParameterizedTestTest*( sub )</span>; <span class='color_blue'>old_this = @f$0<span class='color_orange'>formal</span>:org.junit.tests.running.classes.ParameterizedTestTest*( sub )</span> ;
    <span class='color_red'>_t$0|->{fActual:""<span class='color_orange'>update:264</span>, fExpected:"before after "<span class='color_orange'>update:(z)264</span>}<span class='color_orange'>formal(z)</span>:org.junit.ComparisonFailure</span>
    [footprint
       <span class='color_red'>0 != ""</span>; <span class='color_red'>null != "before after "</span> *
       <span class='color_blue'>#GB<>$org.junit.tests.running.classes.ParameterizedTestTest = {fLog:@f$1<span class='color_orange'>rearrange:262</span>}<span class='color_orange'>rearrange:262</span>:org.junit.tests.running.classes.ParameterizedTestTest( sub )</span>; <span class='color_blue'>this = @f$0<span class='color_orange'>formal</span>:org.junit.tests.running.classes.ParameterizedTestTest*( sub )</span>  ]</span>
    PROP 2 of 3:
    <span class='color_blue'><span class='color_red'>0 != ""</span>; <span class='color_red'>null != "before after "</span>; <span class='color_blue'>MEMna &lt; new[]:263 &gt; <span class='color_orange'>{vpath: }</span>(_t$1)</span>; <span class='color_blue'>UND &lt; Result JUnitCore.runClasses(Computer,Class[]) &gt; :53(_t$2)</span> ;
    <span class='color_blue'>$irvar0 = 0<span class='color_orange'>nullify</span>:void</span>; <span class='color_blue'>return = _t$0<span class='color_orange'>initial</span>:void</span>; <span class='color_blue'>$irvar1 = 0<span class='color_orange'>nullify</span>:void</span>; <span class='color_blue'>#GB<>$org.junit.tests.running.classes.ParameterizedTestTest = {fLog:""<span class='color_orange'>update:262</span>}<span class='color_orange'>rearrange:262</span>:org.junit.tests.running.classes.ParameterizedTestTest( sub )</span>; <span class='color_blue'>$irvar2 = <span class='color_red'>0<span class='color_orange'>nullify</span></span>:void</span>; <span class='color_blue'>this = @f$0<span class='color_orange'>formal</span>:org.junit.tests.running.classes.ParameterizedTestTest*( sub )</span>; <span class='color_blue'>old_this = @f$0<span class='color_orange'>formal</span>:org.junit.tests.running.classes.ParameterizedTestTest*( sub )</span>
    [footprint
       <span class='color_red'>0 != ""</span>; <span class='color_red'>null != "before after "</span> *
       <span class='color_blue'>#GB<>$org.junit.tests.running.classes.ParameterizedTestTest = {fLog:@f$1<span class='color_orange'>rearrange:262</span>}<span class='color_orange'>rearrange:262</span>:org.junit.tests.running.classes.ParameterizedTestTest( sub )</span>; <span class='color_blue'>this = @f$0<span class='color_orange'>formal</span>:org.junit.tests.running.classes.ParameterizedTestTest*( sub )</span>  ]</span>
    PROP 3 of 3:
    <span class='color_blue'><span class='color_red'>null != "before after "</span>; <span class='color_blue'>MEMna &lt; new[]:263 &gt; <span class='color_orange'>{vpath: }</span>(_t$1)</span>; <span class='color_blue'>UND &lt; Result JUnitCore.runClasses(Computer,Class[]) &gt; :53(_t$2)</span> ;
    <span class='color_blue'>$irvar0 = 0<span class='color_orange'>nullify</span>:void</span>; <span class='color_blue'>return = _t$0<span class='color_orange'>initial</span>:void</span>; <span class='color_blue'>$irvar1 = 0<span class='color_orange'>nullify</span>:void</span>; <span class='color_blue'>#GB<>$org.junit.tests.running.classes.ParameterizedTestTest = {fLog:""<span class='color_orange'>update:262</span>}<span class='color_orange'>rearrange:262</span>:org.junit.tests.running.classes.ParameterizedTestTest( sub )</span>; <span class='color_blue'>$irvar2 = <span class='color_red'>0<span class='color_orange'>nullify</span></span>:void</span>; <span class='color_blue'>this = @f$0<span class='color_orange'>formal</span>:org.junit.tests.running.classes.ParameterizedTestTest*( sub )</span>; <span class='color_blue'>old_this = @f$0<span class='color_orange'>formal</span>:org.junit.tests.running.classes.ParameterizedTestTest*( sub )</span>
    [footprint
       <span class='color_red'>null != "before after "</span> *
       <span class='color_blue'>#GB<>$org.junit.tests.running.classes.ParameterizedTestTest = {fLog:@f$1<span class='color_orange'>rearrange:262</span>}<span class='color_orange'>rearrange:262</span>:org.junit.tests.running.classes.ParameterizedTestTest( sub )</span>; <span class='color_blue'>this = @f$0<span class='color_orange'>formal</span>:org.junit.tests.running.classes.ParameterizedTestTest*( sub )</span>  ]</span>
    
    
    
  </LISTING>
<hr width="100%">
<a name="session53" href="./../nodes/org.junit.tests.running.classes.ParameterizedTestTest.beforeAndAfterClassAreRun%28%29%3Avoid.5e3b7c7d989fb8b8e4d9b2c6def0df27_node9.html#session53">node9#session53</a>(<a href="./../../ParameterizedTestTest.java.88da44e98279dfa32c0c7e5c52f053d0.html#LINE264">264</a>) biabduction
<LISTING class='color_black'>**** [RE:Pending] void ParameterizedTestTest.beforeAndAfterClassAreRun() Node: 9, Procedure: void ParameterizedTestTest.beforeAndAfterClassAreRun(), Todo: 1 ****
  PROP 1 of 1:
  <span class='color_blue'><span class='color_red'>MEMna &lt; new[]:263 &gt; <span class='color_orange'>{vpath: }</span>(_t$1)</span>; <span class='color_red'>UND &lt; Result JUnitCore.runClasses(Computer,Class[]) &gt; :53(_t$2)</span> ;
  <span class='color_red'>$irvar0 = 0<span class='color_orange'>nullify</span>:void</span>; <span class='color_red'>return = _t$0<span class='color_orange'>initial</span>:void</span>; <span class='color_red'>$irvar1 = 0<span class='color_orange'>nullify</span>:void</span>; <span class='color_red'>#GB<>$org.junit.tests.running.classes.ParameterizedTestTest = {fLog:""<span class='color_orange'>update:262</span>}<span class='color_orange'>formal</span>:org.junit.tests.running.classes.ParameterizedTestTest( sub )</span>; <span class='color_red'>old_org.junit.tests.running.classes.ParameterizedTestTest = {fLog:val$2<span class='color_orange'>formal</span>}<span class='color_orange'>formal</span>:org.junit.tests.running.classes.ParameterizedTestTest( sub )</span>; <span class='color_red'>$irvar2 = ""<span class='color_orange'>update:264</span>:void</span>; <span class='color_red'>this = val$1<span class='color_orange'>formal</span>:org.junit.tests.running.classes.ParameterizedTestTest*( sub )</span>; <span class='color_red'>old_this = val$1<span class='color_orange'>formal</span>:org.junit.tests.running.classes.ParameterizedTestTest*( sub )</span></span>
  .... Instructions: ....
  <span class='color_green'>n$5=*&amp;$irvar2:java.lang.String* [line 264];
  n$6=_fun_void Assert.assertEquals(Object,Object)("before after ":java.lang.Object*,n$5:java.lang.String*) [line 264];
  NULLIFY(&amp;$irvar2); [line 264];
  EXIT_SCOPE(n$5,n$6,$irvar2); [line 264];
  </span>
  
  Processing prop 1/1
    Instruction <span class='color_green'>n$5=*&amp;$irvar2:java.lang.String* [line 264]</span>
    in vpath_find exp:n$38
    vpath_find: cannot find n$38
    .... Rearrangement Start ....
    Exp: &amp;$irvar2
    Prop:
    <span class='color_blue'>MEMna &lt; new[]:263 &gt; <span class='color_orange'>{vpath: }</span>(n$38); UND &lt; Result JUnitCore.runClasses(Computer,Class[]) &gt; :53(n$39) ;
    $irvar0 = 0<span class='color_orange'>nullify</span>:void; return = n$37<span class='color_orange'>initial</span>:void; $irvar1 = 0<span class='color_orange'>nullify</span>:void; #GB<>$org.junit.tests.running.classes.ParameterizedTestTest = {fLog:""<span class='color_orange'>update:262</span>}<span class='color_orange'>formal</span>:org.junit.tests.running.classes.ParameterizedTestTest( sub ); old_org.junit.tests.running.classes.ParameterizedTestTest = {fLog:val$2<span class='color_orange'>formal</span>}<span class='color_orange'>formal</span>:org.junit.tests.running.classes.ParameterizedTestTest( sub ); $irvar2 = ""<span class='color_orange'>update:264</span>:void; this = val$1<span class='color_orange'>formal</span>:org.junit.tests.running.classes.ParameterizedTestTest*( sub ); old_this = val$1<span class='color_orange'>formal</span>:org.junit.tests.running.classes.ParameterizedTestTest*( sub )</span>
    
    Prover.check_inconsistency_base: inconsistency reason [None]
    Prover.check_inconsistency_base: inconsistency reason [None]
    Instruction Returns
    PROP 1 of 1:
    <span class='color_blue'><span class='color_red'>n$5 = ""</span> ;
    <span class='color_blue'>MEMna &lt; new[]:263 &gt; <span class='color_orange'>{vpath: }</span>(_t$1)</span>; <span class='color_blue'>UND &lt; Result JUnitCore.runClasses(Computer,Class[]) &gt; :53(_t$2)</span> ;
    <span class='color_blue'>$irvar0 = 0<span class='color_orange'>nullify</span>:void</span>; <span class='color_blue'>return = _t$0<span class='color_orange'>initial</span>:void</span>; <span class='color_blue'>$irvar1 = 0<span class='color_orange'>nullify</span>:void</span>; <span class='color_blue'>#GB<>$org.junit.tests.running.classes.ParameterizedTestTest = {fLog:""<span class='color_orange'>update:262</span>}<span class='color_orange'>formal</span>:org.junit.tests.running.classes.ParameterizedTestTest( sub )</span>; <span class='color_blue'>old_org.junit.tests.running.classes.ParameterizedTestTest = {fLog:val$2<span class='color_orange'>formal</span>}<span class='color_orange'>formal</span>:org.junit.tests.running.classes.ParameterizedTestTest( sub )</span>; <span class='color_blue'>$irvar2 = ""<span class='color_orange'>update:264</span>:void</span>; <span class='color_blue'>this = val$1<span class='color_orange'>formal</span>:org.junit.tests.running.classes.ParameterizedTestTest*( sub )</span>; <span class='color_blue'>old_this = val$1<span class='color_orange'>formal</span>:org.junit.tests.running.classes.ParameterizedTestTest*( sub )</span></span>
    
    Instruction <span class='color_green'>n$6=_fun_void Assert.assertEquals(Object,Object)("before after ":java.lang.Object*,n$5:java.lang.String*) [line 264]</span>
    in vpath_find exp:n$41
    vpath_find: cannot find n$41
    Found 4 specs for function org.junit.Assert.assertEquals(java.lang.Object,java.lang.Object):void
    START EXECUTING SPECS FOR org.junit.Assert.assertEquals(java.lang.Object,java.lang.Object):void from state
    <span class='color_blue'>n$5 = "" ;
    MEMna &lt; new[]:263 &gt; <span class='color_orange'>{vpath: }</span>(n$41); UND &lt; Result JUnitCore.runClasses(Computer,Class[]) &gt; :53(n$42) ;
    $irvar0 = 0<span class='color_orange'>nullify</span>:void; return = n$40<span class='color_orange'>initial</span>:void; $irvar1 = 0<span class='color_orange'>nullify</span>:void; #GB<>$org.junit.tests.running.classes.ParameterizedTestTest = {fLog:""<span class='color_orange'>update:262</span>}<span class='color_orange'>formal</span>:org.junit.tests.running.classes.ParameterizedTestTest( sub ); old_org.junit.tests.running.classes.ParameterizedTestTest = {fLog:val$2<span class='color_orange'>formal</span>}<span class='color_orange'>formal</span>:org.junit.tests.running.classes.ParameterizedTestTest( sub ); $irvar2 = ""<span class='color_orange'>update:264</span>:void; this = val$1<span class='color_orange'>formal</span>:org.junit.tests.running.classes.ParameterizedTestTest*( sub ); old_this = val$1<span class='color_orange'>formal</span>:org.junit.tests.running.classes.ParameterizedTestTest*( sub )</span>
    EXECUTING SPEC 1/4
    ACTUAL PRECONDITION =
      <span class='color_blue'>n$5 = "" ;
      MEMna &lt; new[]:263 &gt; <span class='color_orange'>{vpath: }</span>(n$41); UND &lt; Result JUnitCore.runClasses(Computer,Class[]) &gt; :53(n$42) ;
      actual|callee = ""<span class='color_orange'>actual_precondition</span>:java.lang.String*; $irvar0 = 0<span class='color_orange'>nullify</span>:void; return = n$40<span class='color_orange'>initial</span>:void; $irvar1 = 0<span class='color_orange'>nullify</span>:void; #GB<>$org.junit.tests.running.classes.ParameterizedTestTest = {fLog:""<span class='color_orange'>update:262</span>}<span class='color_orange'>formal</span>:org.junit.tests.running.classes.ParameterizedTestTest( sub ); old_org.junit.tests.running.classes.ParameterizedTestTest = {fLog:val$2<span class='color_orange'>formal</span>}<span class='color_orange'>formal</span>:org.junit.tests.running.classes.ParameterizedTestTest( sub ); $irvar2 = ""<span class='color_orange'>update:264</span>:void; this = val$1<span class='color_orange'>formal</span>:org.junit.tests.running.classes.ParameterizedTestTest*( sub ); old_this = val$1<span class='color_orange'>formal</span>:org.junit.tests.running.classes.ParameterizedTestTest*( sub ); expected|callee = "before after "<span class='color_orange'>actual_precondition</span>:java.lang.Object*</span>
    SPEC =
      --------------------------- ---------- ---------------------------
      PRE:
      <span class='color_blue'><span class='color_blue'>expected|callee != null ;
      actual|callee = _t$58<span class='color_orange'>formal</span>:java.lang.Object*( sub ); expected|callee = _t$57<span class='color_orange'>formal</span>:java.lang.Object*( sub ) ;
      expected|callee|->{}<span class='color_orange'>rearrange:(z)133</span>:java.lang.Object( sub )</span></span>
      POST 1 of 3:
      <span class='color_blue'>expected|callee != null; <span class='color_red'>MEMne &lt; void Assert.assertEquals(String,Object,Object):146 &gt; <span class='color_orange'>{vpath: }</span>(_t$59)</span>; <span class='color_red'>actual|callee = 0</span> ;
      <span class='color_red'>return|callee = EXN _t$59<span class='color_orange'>update:146</span>:void</span> ;
      <span class='color_red'>_t$59|->{}<span class='color_orange'>alloc</span>:java.lang.AssertionError</span>; expected|callee|->{}<span class='color_orange'>formal(z)</span>:java.lang.Object( sub )</span>
      POST 2 of 3:
      <span class='color_blue'><span class='color_red'>actual|callee != 0</span>; expected|callee != null; <span class='color_red'>MEMne &lt; void Assert.assertEquals(String,Object,Object):146 &gt; <span class='color_orange'>{vpath: }</span>(_t$59)</span> ;
      <span class='color_red'>return|callee = EXN _t$59<span class='color_orange'>update:146</span>:void</span> ;
      <span class='color_red'>_t$59|->{fActual:actual|callee<span class='color_orange'>update:146</span>, fExpected:expected|callee<span class='color_orange'>update:(z)146</span>}<span class='color_orange'>formal(z)</span>:org.junit.ComparisonFailure</span>; <span class='color_red'>actual|callee|->{}<span class='color_orange'>none</span>:java.lang.String( sub )(instof)</span>; expected|callee|->{}<span class='color_orange'>formal(z)</span>:java.lang.Object( sub )</span>
      POST 3 of 3:
      <span class='color_blue'>expected|callee != null ;
      <span class='color_red'>return|callee = _t$59<span class='color_orange'>initial</span>:void</span> ;
      expected|callee|->{}<span class='color_orange'>formal(z)</span>:java.lang.Object( sub )</span>
      ----------------------------------------------------------------
    pre_check_pure_implication
    pi1:
      n$5 = ""; MEMna &lt; new[]:263 &gt; <span class='color_orange'>{vpath: }</span>(n$41); UND &lt; Result JUnitCore.runClasses(Computer,Class[]) &gt; :53(n$42)
    pi2:
      _t$57 != null
    returns
    sub1:
      n$5 = ""
    sub2:
      n$5 = ""
    Current Implication
    SUB:
      n$5 = ""
    <span class='color_blue'>MEMna &lt; new[]:263 &gt; <span class='color_orange'>{vpath: }</span>(n$41); UND &lt; Result JUnitCore.runClasses(Computer,Class[]) &gt; :53(n$42); "" = "" ;
    actual|callee = ""<span class='color_orange'>actual_precondition</span>:java.lang.String*; $irvar0 = 0<span class='color_orange'>nullify</span>:void; return = n$40<span class='color_orange'>initial</span>:void; $irvar1 = 0<span class='color_orange'>nullify</span>:void; #GB<>$org.junit.tests.running.classes.ParameterizedTestTest = {fLog:""<span class='color_orange'>update:262</span>}<span class='color_orange'>formal</span>:org.junit.tests.running.classes.ParameterizedTestTest( sub ); old_org.junit.tests.running.classes.ParameterizedTestTest = {fLog:val$2<span class='color_orange'>formal</span>}<span class='color_orange'>formal</span>:org.junit.tests.running.classes.ParameterizedTestTest( sub ); $irvar2 = ""<span class='color_orange'>update:264</span>:void; this = val$1<span class='color_orange'>formal</span>:org.junit.tests.running.classes.ParameterizedTestTest*( sub ); old_this = val$1<span class='color_orange'>formal</span>:org.junit.tests.running.classes.ParameterizedTestTest*( sub ); expected|callee = "before after "<span class='color_orange'>actual_precondition</span>:java.lang.Object*</span>
    [SUB: 
      n$5 = ""]
    |-
    <span class='color_blue'>actual|callee = _t$58<span class='color_orange'>formal</span>:java.lang.Object*( sub ); expected|callee = _t$57<span class='color_orange'>formal</span>:java.lang.Object*( sub ) ;
    expected|callee|->{}<span class='color_orange'>rearrange:(z)133</span>:java.lang.Object( sub )</span>
    
      do_imply "" _t$58
        Current Implication
        SUB:
          n$5 = ""
        <span class='color_blue'>MEMna &lt; new[]:263 &gt; <span class='color_orange'>{vpath: }</span>(n$41); UND &lt; Result JUnitCore.runClasses(Computer,Class[]) &gt; :53(n$42); "" = "" ;
        $irvar0 = 0<span class='color_orange'>nullify</span>:void; return = n$40<span class='color_orange'>initial</span>:void; $irvar1 = 0<span class='color_orange'>nullify</span>:void; #GB<>$org.junit.tests.running.classes.ParameterizedTestTest = {fLog:""<span class='color_orange'>update:262</span>}<span class='color_orange'>formal</span>:org.junit.tests.running.classes.ParameterizedTestTest( sub ); old_org.junit.tests.running.classes.ParameterizedTestTest = {fLog:val$2<span class='color_orange'>formal</span>}<span class='color_orange'>formal</span>:org.junit.tests.running.classes.ParameterizedTestTest( sub ); $irvar2 = ""<span class='color_orange'>update:264</span>:void; this = val$1<span class='color_orange'>formal</span>:org.junit.tests.running.classes.ParameterizedTestTest*( sub ); old_this = val$1<span class='color_orange'>formal</span>:org.junit.tests.running.classes.ParameterizedTestTest*( sub ); expected|callee = "before after "<span class='color_orange'>actual_precondition</span>:java.lang.Object*</span>
        [SUB: 
          n$5 = ""; _t$58 = ""]
        |-
        <span class='color_blue'>expected|callee = _t$57<span class='color_orange'>formal</span>:java.lang.Object*( sub ) ;
        expected|callee|->{}<span class='color_orange'>rearrange:(z)133</span>:java.lang.Object( sub )</span>
        
          do_imply "before after " _t$57
            Current Implication
            SUB:
              n$5 = ""
            <span class='color_blue'>MEMna &lt; new[]:263 &gt; <span class='color_orange'>{vpath: }</span>(n$41); UND &lt; Result JUnitCore.runClasses(Computer,Class[]) &gt; :53(n$42); "" = "" ;
            $irvar0 = 0<span class='color_orange'>nullify</span>:void; return = n$40<span class='color_orange'>initial</span>:void; $irvar1 = 0<span class='color_orange'>nullify</span>:void; #GB<>$org.junit.tests.running.classes.ParameterizedTestTest = {fLog:""<span class='color_orange'>update:262</span>}<span class='color_orange'>formal</span>:org.junit.tests.running.classes.ParameterizedTestTest( sub ); old_org.junit.tests.running.classes.ParameterizedTestTest = {fLog:val$2<span class='color_orange'>formal</span>}<span class='color_orange'>formal</span>:org.junit.tests.running.classes.ParameterizedTestTest( sub ); $irvar2 = ""<span class='color_orange'>update:264</span>:void; this = val$1<span class='color_orange'>formal</span>:org.junit.tests.running.classes.ParameterizedTestTest*( sub ); old_this = val$1<span class='color_orange'>formal</span>:org.junit.tests.running.classes.ParameterizedTestTest*( sub )</span>
            [SUB: 
              n$5 = ""; _t$57 = "before after "; _t$58 = ""]
            |-
            <span class='color_blue'>"before after "|->{}<span class='color_orange'>rearrange:(z)133</span>:java.lang.Object( sub )</span>
            
                Final Implication
                SUB:
                  n$5 = ""
                <span class='color_blue'>MEMna &lt; new[]:263 &gt; <span class='color_orange'>{vpath: }</span>(n$41); UND &lt; Result JUnitCore.runClasses(Computer,Class[]) &gt; :53(n$42); "" = "" ;
                $irvar0 = 0<span class='color_orange'>nullify</span>:void; return = n$40<span class='color_orange'>initial</span>:void; $irvar1 = 0<span class='color_orange'>nullify</span>:void; #GB<>$org.junit.tests.running.classes.ParameterizedTestTest = {fLog:""<span class='color_orange'>update:262</span>}<span class='color_orange'>formal</span>:org.junit.tests.running.classes.ParameterizedTestTest( sub ); old_org.junit.tests.running.classes.ParameterizedTestTest = {fLog:val$2<span class='color_orange'>formal</span>}<span class='color_orange'>formal</span>:org.junit.tests.running.classes.ParameterizedTestTest( sub ); $irvar2 = ""<span class='color_orange'>update:264</span>:void; this = val$1<span class='color_orange'>formal</span>:org.junit.tests.running.classes.ParameterizedTestTest*( sub ); old_this = val$1<span class='color_orange'>formal</span>:org.junit.tests.running.classes.ParameterizedTestTest*( sub )</span>
                [SUB: 
                  n$5 = ""; _t$57 = "before after "; _t$58 = ""]
                |-
                <span class='color_blue'></span>
                [FRAME FLD:
                  "before after "|->{count:_t$66<span class='color_orange'>none</span>, hash:_t$67<span class='color_orange'>none</span>, offset:_t$68<span class='color_orange'>none</span>, value:_t$69<span class='color_orange'>none</span>}<span class='color_orange'>none</span>:java.lang.String]
                [FRAME TYPING:
                  "before after ": java.lang.String ]
    imply_pi: adding missing atom _t$57 != null
    Result of Abduction
      SUB:
        n$5 = ""
      <span class='color_blue'>MEMna &lt; new[]:263 &gt; <span class='color_orange'>{vpath: }</span>(n$41); UND &lt; Result JUnitCore.runClasses(Computer,Class[]) &gt; :53(n$42); "" = "" ;
      actual|callee = ""<span class='color_orange'>actual_precondition</span>:java.lang.String*; $irvar0 = 0<span class='color_orange'>nullify</span>:void; return = n$40<span class='color_orange'>initial</span>:void; $irvar1 = 0<span class='color_orange'>nullify</span>:void; #GB<>$org.junit.tests.running.classes.ParameterizedTestTest = {fLog:""<span class='color_orange'>update:262</span>}<span class='color_orange'>formal</span>:org.junit.tests.running.classes.ParameterizedTestTest( sub ); old_org.junit.tests.running.classes.ParameterizedTestTest = {fLog:val$2<span class='color_orange'>formal</span>}<span class='color_orange'>formal</span>:org.junit.tests.running.classes.ParameterizedTestTest( sub ); $irvar2 = ""<span class='color_orange'>update:264</span>:void; this = val$1<span class='color_orange'>formal</span>:org.junit.tests.running.classes.ParameterizedTestTest*( sub ); old_this = val$1<span class='color_orange'>formal</span>:org.junit.tests.running.classes.ParameterizedTestTest*( sub ); expected|callee = "before after "<span class='color_orange'>actual_precondition</span>:java.lang.Object*</span>
      [SUB: 
        n$5 = ""; _t$57 = "before after "; _t$58 = ""
      _t$57 != null]
      |-
      <span class='color_blue'>"before after " != null ;
      actual|callee = ""<span class='color_orange'>formal</span>:java.lang.Object*( sub ); expected|callee = "before after "<span class='color_orange'>formal</span>:java.lang.Object*( sub ) ;
      "before after "|->{}<span class='color_orange'>rearrange:(z)133</span>:java.lang.Object( sub )</span>
      [FRAME FLD:
        "before after "|->{count:_t$66<span class='color_orange'>none</span>, hash:_t$67<span class='color_orange'>none</span>, offset:_t$68<span class='color_orange'>none</span>, value:_t$69<span class='color_orange'>none</span>}<span class='color_orange'>none</span>:java.lang.String]
      [FRAME TYPING:
        "before after ": java.lang.String ]
    returning TRUE
    in vpath_find exp:_t$59
    vpath_find: cannot find _t$59
    in vpath_find exp:_t$59
    vpath_find: cannot find _t$59
      New footprint:
      "before after " != null
      Frame fld:
      "before after "|->{count:_t$66<span class='color_orange'>none</span>, hash:_t$67<span class='color_orange'>none</span>, offset:_t$68<span class='color_orange'>none</span>, value:_t$69<span class='color_orange'>none</span>}<span class='color_orange'>none</span>:java.lang.String
      Frame typ:
      "before after ": java.lang.String 
      Missing fld:
      
      Instantiated frame:
      &amp;$irvar0|->0<span class='color_orange'>nullify</span>:void; &amp;return|->n$40<span class='color_orange'>initial</span>:void; &amp;$irvar1|->0<span class='color_orange'>nullify</span>:void; &amp;#GB<>$org.junit.tests.running.classes.ParameterizedTestTest|->{fLog:""<span class='color_orange'>update:262</span>}<span class='color_orange'>formal</span>:org.junit.tests.running.classes.ParameterizedTestTest( sub ); &amp;old_org.junit.tests.running.classes.ParameterizedTestTest|->{fLog:val$2<span class='color_orange'>formal</span>}<span class='color_orange'>formal</span>:org.junit.tests.running.classes.ParameterizedTestTest( sub ); &amp;$irvar2|->""<span class='color_orange'>update:264</span>:void; &amp;this|->val$1<span class='color_orange'>formal</span>:org.junit.tests.running.classes.ParameterizedTestTest*( sub ); &amp;old_this|->val$1<span class='color_orange'>formal</span>:org.junit.tests.running.classes.ParameterizedTestTest*( sub )
      Instantiated post:
      PROP 1 of 3:
      <span class='color_blue'><span class='color_red'>"before after " != null</span>; <span class='color_red'>MEMne &lt; void Assert.assertEquals(Object,Object):264 &gt; <span class='color_orange'>{vpath: }</span>(_t$59)</span>; <span class='color_red'>"" = 0</span> ;
      <span class='color_red'>return|callee = EXN _t$59<span class='color_orange'>update:264</span>:void</span> ;
      <span class='color_red'>_t$59|->{}<span class='color_orange'>alloc</span>:java.lang.AssertionError</span>; <span class='color_red'>"before after "|->{}<span class='color_orange'>formal(z)</span>:java.lang.Object( sub )</span></span>
      PROP 2 of 3:
      <span class='color_blue'><span class='color_red'>"" != 0</span>; <span class='color_red'>"before after " != null</span>; <span class='color_red'>MEMne &lt; void Assert.assertEquals(Object,Object):264 &gt; <span class='color_orange'>{vpath: }</span>(_t$59)</span> ;
      <span class='color_red'>return|callee = EXN _t$59<span class='color_orange'>update:264</span>:void</span> ;
      <span class='color_red'>_t$59|->{fActual:""<span class='color_orange'>update:264</span>, fExpected:"before after "<span class='color_orange'>update:(z)264</span>}<span class='color_orange'>formal(z)</span>:org.junit.ComparisonFailure</span>; <span class='color_red'>""|->{}<span class='color_orange'>none</span>:java.lang.String( sub )(instof)</span>; <span class='color_red'>"before after "|->{}<span class='color_orange'>formal(z)</span>:java.lang.Object( sub )</span></span>
      PROP 3 of 3:
      <span class='color_blue'><span class='color_red'>"before after " != null</span> ;
      <span class='color_red'>return|callee = _t$59<span class='color_orange'>initial</span>:void</span> ;
      <span class='color_red'>"before after "|->{}<span class='color_orange'>formal(z)</span>:java.lang.Object( sub )</span></span>
      
    ***** RESULTS FUNCTION CALL *******
    PROP 1 of 3:
    <span class='color_blue'><span class='color_blue'>n$5 = ""</span> ;
    <span class='color_red'>0 = ""</span>; <span class='color_red'>null != "before after "</span>; <span class='color_red'>MEMne &lt; void Assert.assertEquals(Object,Object):264 &gt; <span class='color_orange'>{vpath: }</span>(_t$0)</span>; <span class='color_blue'>MEMna &lt; new[]:263 &gt; <span class='color_orange'>{vpath: }</span>(n$41)</span>; <span class='color_blue'>UND &lt; Result JUnitCore.runClasses(Computer,Class[]) &gt; :53(n$42)</span> ;
    <span class='color_blue'>$irvar0 = 0<span class='color_orange'>nullify</span>:void</span>; <span class='color_blue'>return = <span class='color_red'>EXN _t$0<span class='color_orange'>update:264</span></span>:void</span>; <span class='color_blue'>$irvar1 = 0<span class='color_orange'>nullify</span>:void</span>; <span class='color_blue'>#GB<>$org.junit.tests.running.classes.ParameterizedTestTest = {fLog:""<span class='color_orange'>update:262</span>}<span class='color_orange'>formal</span>:org.junit.tests.running.classes.ParameterizedTestTest( sub )</span>; <span class='color_blue'>old_org.junit.tests.running.classes.ParameterizedTestTest = {fLog:val$2<span class='color_orange'>formal</span>}<span class='color_orange'>formal</span>:org.junit.tests.running.classes.ParameterizedTestTest( sub )</span>; <span class='color_blue'>$irvar2 = ""<span class='color_orange'>update:264</span>:void</span>; <span class='color_blue'>this = val$1<span class='color_orange'>formal</span>:org.junit.tests.running.classes.ParameterizedTestTest*( sub )</span>; <span class='color_blue'>old_this = val$1<span class='color_orange'>formal</span>:org.junit.tests.running.classes.ParameterizedTestTest*( sub )</span> ;
    <span class='color_red'>_t$0|->{}<span class='color_orange'>alloc</span>:java.lang.AssertionError</span>; <span class='color_red'>"before after "|->{count:_t$1<span class='color_orange'>none</span>, hash:_t$2<span class='color_orange'>none</span>, offset:_t$3<span class='color_orange'>none</span>, value:_t$4<span class='color_orange'>none</span>}<span class='color_orange'>none</span>:java.lang.String</span></span>
    PROP 2 of 3:
    <span class='color_blue'><span class='color_blue'>n$5 = ""</span> ;
    <span class='color_red'>0 != ""</span>; <span class='color_red'>null != "before after "</span>; <span class='color_red'>MEMne &lt; void Assert.assertEquals(Object,Object):264 &gt; <span class='color_orange'>{vpath: }</span>(_t$0)</span>; <span class='color_blue'>MEMna &lt; new[]:263 &gt; <span class='color_orange'>{vpath: }</span>(n$41)</span>; <span class='color_blue'>UND &lt; Result JUnitCore.runClasses(Computer,Class[]) &gt; :53(n$42)</span> ;
    <span class='color_blue'>$irvar0 = 0<span class='color_orange'>nullify</span>:void</span>; <span class='color_blue'>return = <span class='color_red'>EXN _t$0<span class='color_orange'>update:264</span></span>:void</span>; <span class='color_blue'>$irvar1 = 0<span class='color_orange'>nullify</span>:void</span>; <span class='color_blue'>#GB<>$org.junit.tests.running.classes.ParameterizedTestTest = {fLog:""<span class='color_orange'>update:262</span>}<span class='color_orange'>formal</span>:org.junit.tests.running.classes.ParameterizedTestTest( sub )</span>; <span class='color_blue'>old_org.junit.tests.running.classes.ParameterizedTestTest = {fLog:val$2<span class='color_orange'>formal</span>}<span class='color_orange'>formal</span>:org.junit.tests.running.classes.ParameterizedTestTest( sub )</span>; <span class='color_blue'>$irvar2 = ""<span class='color_orange'>update:264</span>:void</span>; <span class='color_blue'>this = val$1<span class='color_orange'>formal</span>:org.junit.tests.running.classes.ParameterizedTestTest*( sub )</span>; <span class='color_blue'>old_this = val$1<span class='color_orange'>formal</span>:org.junit.tests.running.classes.ParameterizedTestTest*( sub )</span> ;
    <span class='color_red'>_t$0|->{fActual:""<span class='color_orange'>update:264</span>, fExpected:"before after "<span class='color_orange'>update:(z)264</span>}<span class='color_orange'>formal(z)</span>:org.junit.ComparisonFailure</span>; <span class='color_red'>""|->{}<span class='color_orange'>none</span>:java.lang.String( sub )(instof)</span>; <span class='color_red'>"before after "|->{count:_t$1<span class='color_orange'>none</span>, hash:_t$2<span class='color_orange'>none</span>, offset:_t$3<span class='color_orange'>none</span>, value:_t$4<span class='color_orange'>none</span>}<span class='color_orange'>none</span>:java.lang.String</span></span>
    PROP 3 of 3:
    <span class='color_blue'><span class='color_blue'>n$5 = ""</span> ;
    <span class='color_red'>null != "before after "</span>; <span class='color_blue'>MEMna &lt; new[]:263 &gt; <span class='color_orange'>{vpath: }</span>(n$41)</span>; <span class='color_blue'>UND &lt; Result JUnitCore.runClasses(Computer,Class[]) &gt; :53(n$42)</span> ;
    <span class='color_blue'>$irvar0 = 0<span class='color_orange'>nullify</span>:void</span>; <span class='color_blue'>return = n$40<span class='color_orange'>initial</span>:void</span>; <span class='color_blue'>$irvar1 = 0<span class='color_orange'>nullify</span>:void</span>; <span class='color_blue'>#GB<>$org.junit.tests.running.classes.ParameterizedTestTest = {fLog:""<span class='color_orange'>update:262</span>}<span class='color_orange'>formal</span>:org.junit.tests.running.classes.ParameterizedTestTest( sub )</span>; <span class='color_blue'>old_org.junit.tests.running.classes.ParameterizedTestTest = {fLog:val$2<span class='color_orange'>formal</span>}<span class='color_orange'>formal</span>:org.junit.tests.running.classes.ParameterizedTestTest( sub )</span>; <span class='color_blue'>$irvar2 = ""<span class='color_orange'>update:264</span>:void</span>; <span class='color_blue'>this = val$1<span class='color_orange'>formal</span>:org.junit.tests.running.classes.ParameterizedTestTest*( sub )</span>; <span class='color_blue'>old_this = val$1<span class='color_orange'>formal</span>:org.junit.tests.running.classes.ParameterizedTestTest*( sub )</span> ;
    <span class='color_red'>"before after "|->{count:_t$0<span class='color_orange'>none</span>, hash:_t$1<span class='color_orange'>none</span>, offset:_t$2<span class='color_orange'>none</span>, value:_t$3<span class='color_orange'>none</span>}<span class='color_orange'>none</span>:java.lang.String</span></span>
    ***** END RESULTS FUNCTION CALL *******
    Prover.check_inconsistency_base: inconsistency reason [Some 2]
    Prover.check_inconsistency_base: inconsistency reason [None]
    Prover.check_inconsistency_base: inconsistency reason [None]
    Prover.check_inconsistency_base: inconsistency reason [None]
    Prover.check_inconsistency_base: inconsistency reason [None]
    Prover.check_inconsistency_base: inconsistency reason [None]
    Prover.check_inconsistency_base: inconsistency reason [None]
    EXECUTING SPEC 2/4
    ACTUAL PRECONDITION =
      <span class='color_blue'>n$5 = "" ;
      MEMna &lt; new[]:263 &gt; <span class='color_orange'>{vpath: }</span>(n$41); UND &lt; Result JUnitCore.runClasses(Computer,Class[]) &gt; :53(n$42) ;
      actual|callee = ""<span class='color_orange'>actual_precondition</span>:java.lang.String*; $irvar0 = 0<span class='color_orange'>nullify</span>:void; return = n$40<span class='color_orange'>initial</span>:void; $irvar1 = 0<span class='color_orange'>nullify</span>:void; #GB<>$org.junit.tests.running.classes.ParameterizedTestTest = {fLog:""<span class='color_orange'>update:262</span>}<span class='color_orange'>formal</span>:org.junit.tests.running.classes.ParameterizedTestTest( sub ); old_org.junit.tests.running.classes.ParameterizedTestTest = {fLog:val$2<span class='color_orange'>formal</span>}<span class='color_orange'>formal</span>:org.junit.tests.running.classes.ParameterizedTestTest( sub ); $irvar2 = ""<span class='color_orange'>update:264</span>:void; this = val$1<span class='color_orange'>formal</span>:org.junit.tests.running.classes.ParameterizedTestTest*( sub ); old_this = val$1<span class='color_orange'>formal</span>:org.junit.tests.running.classes.ParameterizedTestTest*( sub ); expected|callee = "before after "<span class='color_orange'>actual_precondition</span>:java.lang.Object*</span>
    SPEC =
      --------------------------- ---------- ---------------------------
      PRE:
      <span class='color_blue'><span class='color_blue'>actual|callee = null<span class='color_orange'>formal</span>:java.lang.Object*( sub ); expected|callee = null<span class='color_orange'>formal</span>:java.lang.Object*( sub )</span></span>
      POST 1 of 1:
      <span class='color_blue'><span class='color_red'>return|callee = _t$60<span class='color_orange'>initial</span>:void</span></span>
      ----------------------------------------------------------------
    pre_check_pure_implication
    pi1:
      n$5 = ""; MEMna &lt; new[]:263 &gt; <span class='color_orange'>{vpath: }</span>(n$41); UND &lt; Result JUnitCore.runClasses(Computer,Class[]) &gt; :53(n$42)
    pi2:
      
    returns
    sub1:
      n$5 = ""
    sub2:
      n$5 = ""
    Current Implication
    SUB:
      n$5 = ""
    <span class='color_blue'>MEMna &lt; new[]:263 &gt; <span class='color_orange'>{vpath: }</span>(n$41); UND &lt; Result JUnitCore.runClasses(Computer,Class[]) &gt; :53(n$42); "" = "" ;
    actual|callee = ""<span class='color_orange'>actual_precondition</span>:java.lang.String*; $irvar0 = 0<span class='color_orange'>nullify</span>:void; return = n$40<span class='color_orange'>initial</span>:void; $irvar1 = 0<span class='color_orange'>nullify</span>:void; #GB<>$org.junit.tests.running.classes.ParameterizedTestTest = {fLog:""<span class='color_orange'>update:262</span>}<span class='color_orange'>formal</span>:org.junit.tests.running.classes.ParameterizedTestTest( sub ); old_org.junit.tests.running.classes.ParameterizedTestTest = {fLog:val$2<span class='color_orange'>formal</span>}<span class='color_orange'>formal</span>:org.junit.tests.running.classes.ParameterizedTestTest( sub ); $irvar2 = ""<span class='color_orange'>update:264</span>:void; this = val$1<span class='color_orange'>formal</span>:org.junit.tests.running.classes.ParameterizedTestTest*( sub ); old_this = val$1<span class='color_orange'>formal</span>:org.junit.tests.running.classes.ParameterizedTestTest*( sub ); expected|callee = "before after "<span class='color_orange'>actual_precondition</span>:java.lang.Object*</span>
    [SUB: 
      n$5 = ""]
    |-
    <span class='color_blue'>actual|callee = null<span class='color_orange'>formal</span>:java.lang.Object*( sub ); expected|callee = null<span class='color_orange'>formal</span>:java.lang.Object*( sub )</span>
    
      do_imply "" null
      WARNING: footprint failed to find MISSING because: constants not equal
    EXECUTING SPEC 3/4
    ACTUAL PRECONDITION =
      <span class='color_blue'>n$5 = "" ;
      MEMna &lt; new[]:263 &gt; <span class='color_orange'>{vpath: }</span>(n$41); UND &lt; Result JUnitCore.runClasses(Computer,Class[]) &gt; :53(n$42) ;
      actual|callee = ""<span class='color_orange'>actual_precondition</span>:java.lang.String*; $irvar0 = 0<span class='color_orange'>nullify</span>:void; return = n$40<span class='color_orange'>initial</span>:void; $irvar1 = 0<span class='color_orange'>nullify</span>:void; #GB<>$org.junit.tests.running.classes.ParameterizedTestTest = {fLog:""<span class='color_orange'>update:262</span>}<span class='color_orange'>formal</span>:org.junit.tests.running.classes.ParameterizedTestTest( sub ); old_org.junit.tests.running.classes.ParameterizedTestTest = {fLog:val$2<span class='color_orange'>formal</span>}<span class='color_orange'>formal</span>:org.junit.tests.running.classes.ParameterizedTestTest( sub ); $irvar2 = ""<span class='color_orange'>update:264</span>:void; this = val$1<span class='color_orange'>formal</span>:org.junit.tests.running.classes.ParameterizedTestTest*( sub ); old_this = val$1<span class='color_orange'>formal</span>:org.junit.tests.running.classes.ParameterizedTestTest*( sub ); expected|callee = "before after "<span class='color_orange'>actual_precondition</span>:java.lang.Object*</span>
    SPEC =
      --------------------------- ---------- ---------------------------
      PRE:
      <span class='color_blue'><span class='color_blue'>actual|callee != null ;
      actual|callee = _t$61<span class='color_orange'>formal</span>:java.lang.Object*( sub ); expected|callee = null<span class='color_orange'>formal</span>:java.lang.Object*( sub )</span></span>
      POST 1 of 1:
      <span class='color_blue'>actual|callee != null; <span class='color_red'>MEMne &lt; void Assert.assertEquals(String,Object,Object):146 &gt; <span class='color_orange'>{vpath: }</span>(_t$62)</span> ;
      <span class='color_red'>return|callee = EXN _t$62<span class='color_orange'>update:146</span>:void</span> ;
      <span class='color_red'>_t$62|->{}<span class='color_orange'>alloc</span>:java.lang.AssertionError</span></span>
      ----------------------------------------------------------------
    pre_check_pure_implication
    pi1:
      n$5 = ""; MEMna &lt; new[]:263 &gt; <span class='color_orange'>{vpath: }</span>(n$41); UND &lt; Result JUnitCore.runClasses(Computer,Class[]) &gt; :53(n$42)
    pi2:
      _t$61 != null
    returns
    sub1:
      n$5 = ""
    sub2:
      n$5 = ""
    Current Implication
    SUB:
      n$5 = ""
    <span class='color_blue'>MEMna &lt; new[]:263 &gt; <span class='color_orange'>{vpath: }</span>(n$41); UND &lt; Result JUnitCore.runClasses(Computer,Class[]) &gt; :53(n$42); "" = "" ;
    actual|callee = ""<span class='color_orange'>actual_precondition</span>:java.lang.String*; $irvar0 = 0<span class='color_orange'>nullify</span>:void; return = n$40<span class='color_orange'>initial</span>:void; $irvar1 = 0<span class='color_orange'>nullify</span>:void; #GB<>$org.junit.tests.running.classes.ParameterizedTestTest = {fLog:""<span class='color_orange'>update:262</span>}<span class='color_orange'>formal</span>:org.junit.tests.running.classes.ParameterizedTestTest( sub ); old_org.junit.tests.running.classes.ParameterizedTestTest = {fLog:val$2<span class='color_orange'>formal</span>}<span class='color_orange'>formal</span>:org.junit.tests.running.classes.ParameterizedTestTest( sub ); $irvar2 = ""<span class='color_orange'>update:264</span>:void; this = val$1<span class='color_orange'>formal</span>:org.junit.tests.running.classes.ParameterizedTestTest*( sub ); old_this = val$1<span class='color_orange'>formal</span>:org.junit.tests.running.classes.ParameterizedTestTest*( sub ); expected|callee = "before after "<span class='color_orange'>actual_precondition</span>:java.lang.Object*</span>
    [SUB: 
      n$5 = ""]
    |-
    <span class='color_blue'>actual|callee = _t$61<span class='color_orange'>formal</span>:java.lang.Object*( sub ); expected|callee = null<span class='color_orange'>formal</span>:java.lang.Object*( sub )</span>
    
      do_imply "" _t$61
        Current Implication
        SUB:
          n$5 = ""
        <span class='color_blue'>MEMna &lt; new[]:263 &gt; <span class='color_orange'>{vpath: }</span>(n$41); UND &lt; Result JUnitCore.runClasses(Computer,Class[]) &gt; :53(n$42); "" = "" ;
        $irvar0 = 0<span class='color_orange'>nullify</span>:void; return = n$40<span class='color_orange'>initial</span>:void; $irvar1 = 0<span class='color_orange'>nullify</span>:void; #GB<>$org.junit.tests.running.classes.ParameterizedTestTest = {fLog:""<span class='color_orange'>update:262</span>}<span class='color_orange'>formal</span>:org.junit.tests.running.classes.ParameterizedTestTest( sub ); old_org.junit.tests.running.classes.ParameterizedTestTest = {fLog:val$2<span class='color_orange'>formal</span>}<span class='color_orange'>formal</span>:org.junit.tests.running.classes.ParameterizedTestTest( sub ); $irvar2 = ""<span class='color_orange'>update:264</span>:void; this = val$1<span class='color_orange'>formal</span>:org.junit.tests.running.classes.ParameterizedTestTest*( sub ); old_this = val$1<span class='color_orange'>formal</span>:org.junit.tests.running.classes.ParameterizedTestTest*( sub ); expected|callee = "before after "<span class='color_orange'>actual_precondition</span>:java.lang.Object*</span>
        [SUB: 
          n$5 = ""; _t$61 = ""]
        |-
        <span class='color_blue'>expected|callee = null<span class='color_orange'>formal</span>:java.lang.Object*( sub )</span>
        
          do_imply "before after " null
          WARNING: footprint failed to find MISSING because: constants not equal
    EXECUTING SPEC 4/4
    ACTUAL PRECONDITION =
      <span class='color_blue'>n$5 = "" ;
      MEMna &lt; new[]:263 &gt; <span class='color_orange'>{vpath: }</span>(n$41); UND &lt; Result JUnitCore.runClasses(Computer,Class[]) &gt; :53(n$42) ;
      actual|callee = ""<span class='color_orange'>actual_precondition</span>:java.lang.String*; $irvar0 = 0<span class='color_orange'>nullify</span>:void; return = n$40<span class='color_orange'>initial</span>:void; $irvar1 = 0<span class='color_orange'>nullify</span>:void; #GB<>$org.junit.tests.running.classes.ParameterizedTestTest = {fLog:""<span class='color_orange'>update:262</span>}<span class='color_orange'>formal</span>:org.junit.tests.running.classes.ParameterizedTestTest( sub ); old_org.junit.tests.running.classes.ParameterizedTestTest = {fLog:val$2<span class='color_orange'>formal</span>}<span class='color_orange'>formal</span>:org.junit.tests.running.classes.ParameterizedTestTest( sub ); $irvar2 = ""<span class='color_orange'>update:264</span>:void; this = val$1<span class='color_orange'>formal</span>:org.junit.tests.running.classes.ParameterizedTestTest*( sub ); old_this = val$1<span class='color_orange'>formal</span>:org.junit.tests.running.classes.ParameterizedTestTest*( sub ); expected|callee = "before after "<span class='color_orange'>actual_precondition</span>:java.lang.Object*</span>
    SPEC =
      --------------------------- ---------- ---------------------------
      PRE:
      <span class='color_blue'><span class='color_blue'>actual|callee != 0; expected|callee != null ;
      actual|callee = _t$63<span class='color_orange'>formal</span>:java.lang.Object*( sub ); expected|callee = _t$64<span class='color_orange'>formal</span>:java.lang.Object*( sub ) ;
      actual|callee|->{}<span class='color_orange'>none</span>:java.lang.String( sub )(instof); expected|callee|->{}<span class='color_orange'>rearrange:(z)133</span>:java.lang.String( sub )(instof)</span></span>
      POST 1 of 2:
      <span class='color_blue'>actual|callee != 0; expected|callee != null; <span class='color_red'>MEMne &lt; void Assert.assertEquals(String,String,String):146 &gt; <span class='color_orange'>{vpath: }</span>(_t$65)</span> ;
      <span class='color_red'>return|callee = EXN _t$65<span class='color_orange'>update:146</span>:void</span> ;
      <span class='color_red'>_t$65|->{fActual:actual|callee<span class='color_orange'>update:146</span>, fExpected:expected|callee<span class='color_orange'>update:(z)146</span>}<span class='color_orange'>formal(z)</span>:org.junit.ComparisonFailure</span>; actual|callee|->{}<span class='color_orange'>formal</span>:java.lang.String( sub )(instof); expected|callee|->{}<span class='color_orange'>formal(z)</span>:java.lang.String( sub )(instof)</span>
      POST 2 of 2:
      <span class='color_blue'>actual|callee != 0; expected|callee != null ;
      <span class='color_red'>return|callee = _t$65<span class='color_orange'>initial</span>:void</span> ;
      actual|callee|->{}<span class='color_orange'>formal</span>:java.lang.String( sub )(instof); expected|callee|->{}<span class='color_orange'>formal(z)</span>:java.lang.String( sub )(instof)</span>
      ----------------------------------------------------------------
    pre_check_pure_implication
    pi1:
      n$5 = ""; MEMna &lt; new[]:263 &gt; <span class='color_orange'>{vpath: }</span>(n$41); UND &lt; Result JUnitCore.runClasses(Computer,Class[]) &gt; :53(n$42)
    pi2:
      _t$63 != 0; _t$64 != null
    returns
    sub1:
      n$5 = ""
    sub2:
      n$5 = ""
    Current Implication
    SUB:
      n$5 = ""
    <span class='color_blue'>MEMna &lt; new[]:263 &gt; <span class='color_orange'>{vpath: }</span>(n$41); UND &lt; Result JUnitCore.runClasses(Computer,Class[]) &gt; :53(n$42); "" = "" ;
    actual|callee = ""<span class='color_orange'>actual_precondition</span>:java.lang.String*; $irvar0 = 0<span class='color_orange'>nullify</span>:void; return = n$40<span class='color_orange'>initial</span>:void; $irvar1 = 0<span class='color_orange'>nullify</span>:void; #GB<>$org.junit.tests.running.classes.ParameterizedTestTest = {fLog:""<span class='color_orange'>update:262</span>}<span class='color_orange'>formal</span>:org.junit.tests.running.classes.ParameterizedTestTest( sub ); old_org.junit.tests.running.classes.ParameterizedTestTest = {fLog:val$2<span class='color_orange'>formal</span>}<span class='color_orange'>formal</span>:org.junit.tests.running.classes.ParameterizedTestTest( sub ); $irvar2 = ""<span class='color_orange'>update:264</span>:void; this = val$1<span class='color_orange'>formal</span>:org.junit.tests.running.classes.ParameterizedTestTest*( sub ); old_this = val$1<span class='color_orange'>formal</span>:org.junit.tests.running.classes.ParameterizedTestTest*( sub ); expected|callee = "before after "<span class='color_orange'>actual_precondition</span>:java.lang.Object*</span>
    [SUB: 
      n$5 = ""]
    |-
    <span class='color_blue'>actual|callee = _t$63<span class='color_orange'>formal</span>:java.lang.Object*( sub ); expected|callee = _t$64<span class='color_orange'>formal</span>:java.lang.Object*( sub ) ;
    expected|callee|->{}<span class='color_orange'>rearrange:(z)133</span>:java.lang.String( sub )(instof); actual|callee|->{}<span class='color_orange'>none</span>:java.lang.String( sub )(instof)</span>
    
      do_imply "" _t$63
        Current Implication
        SUB:
          n$5 = ""
        <span class='color_blue'>MEMna &lt; new[]:263 &gt; <span class='color_orange'>{vpath: }</span>(n$41); UND &lt; Result JUnitCore.runClasses(Computer,Class[]) &gt; :53(n$42); "" = "" ;
        $irvar0 = 0<span class='color_orange'>nullify</span>:void; return = n$40<span class='color_orange'>initial</span>:void; $irvar1 = 0<span class='color_orange'>nullify</span>:void; #GB<>$org.junit.tests.running.classes.ParameterizedTestTest = {fLog:""<span class='color_orange'>update:262</span>}<span class='color_orange'>formal</span>:org.junit.tests.running.classes.ParameterizedTestTest( sub ); old_org.junit.tests.running.classes.ParameterizedTestTest = {fLog:val$2<span class='color_orange'>formal</span>}<span class='color_orange'>formal</span>:org.junit.tests.running.classes.ParameterizedTestTest( sub ); $irvar2 = ""<span class='color_orange'>update:264</span>:void; this = val$1<span class='color_orange'>formal</span>:org.junit.tests.running.classes.ParameterizedTestTest*( sub ); old_this = val$1<span class='color_orange'>formal</span>:org.junit.tests.running.classes.ParameterizedTestTest*( sub ); expected|callee = "before after "<span class='color_orange'>actual_precondition</span>:java.lang.Object*</span>
        [SUB: 
          n$5 = ""; _t$63 = ""]
        |-
        <span class='color_blue'>expected|callee = _t$64<span class='color_orange'>formal</span>:java.lang.Object*( sub ) ;
        expected|callee|->{}<span class='color_orange'>rearrange:(z)133</span>:java.lang.String( sub )(instof); ""|->{}<span class='color_orange'>none</span>:java.lang.String( sub )(instof)</span>
        
          do_imply "before after " _t$64
            Current Implication
            SUB:
              n$5 = ""
            <span class='color_blue'>MEMna &lt; new[]:263 &gt; <span class='color_orange'>{vpath: }</span>(n$41); UND &lt; Result JUnitCore.runClasses(Computer,Class[]) &gt; :53(n$42); "" = "" ;
            $irvar0 = 0<span class='color_orange'>nullify</span>:void; return = n$40<span class='color_orange'>initial</span>:void; $irvar1 = 0<span class='color_orange'>nullify</span>:void; #GB<>$org.junit.tests.running.classes.ParameterizedTestTest = {fLog:""<span class='color_orange'>update:262</span>}<span class='color_orange'>formal</span>:org.junit.tests.running.classes.ParameterizedTestTest( sub ); old_org.junit.tests.running.classes.ParameterizedTestTest = {fLog:val$2<span class='color_orange'>formal</span>}<span class='color_orange'>formal</span>:org.junit.tests.running.classes.ParameterizedTestTest( sub ); $irvar2 = ""<span class='color_orange'>update:264</span>:void; this = val$1<span class='color_orange'>formal</span>:org.junit.tests.running.classes.ParameterizedTestTest*( sub ); old_this = val$1<span class='color_orange'>formal</span>:org.junit.tests.running.classes.ParameterizedTestTest*( sub )</span>
            [SUB: 
              n$5 = ""; _t$63 = ""; _t$64 = "before after "]
            |-
            <span class='color_blue'>"before after "|->{}<span class='color_orange'>rearrange:(z)133</span>:java.lang.String( sub )(instof); ""|->{}<span class='color_orange'>none</span>:java.lang.String( sub )(instof)</span>
            
                Current Implication
                SUB:
                  n$5 = ""
                <span class='color_blue'>MEMna &lt; new[]:263 &gt; <span class='color_orange'>{vpath: }</span>(n$41); UND &lt; Result JUnitCore.runClasses(Computer,Class[]) &gt; :53(n$42); "" = "" ;
                $irvar0 = 0<span class='color_orange'>nullify</span>:void; return = n$40<span class='color_orange'>initial</span>:void; $irvar1 = 0<span class='color_orange'>nullify</span>:void; #GB<>$org.junit.tests.running.classes.ParameterizedTestTest = {fLog:""<span class='color_orange'>update:262</span>}<span class='color_orange'>formal</span>:org.junit.tests.running.classes.ParameterizedTestTest( sub ); old_org.junit.tests.running.classes.ParameterizedTestTest = {fLog:val$2<span class='color_orange'>formal</span>}<span class='color_orange'>formal</span>:org.junit.tests.running.classes.ParameterizedTestTest( sub ); $irvar2 = ""<span class='color_orange'>update:264</span>:void; this = val$1<span class='color_orange'>formal</span>:org.junit.tests.running.classes.ParameterizedTestTest*( sub ); old_this = val$1<span class='color_orange'>formal</span>:org.junit.tests.running.classes.ParameterizedTestTest*( sub )</span>
                [SUB: 
                  n$5 = ""; _t$63 = ""; _t$64 = "before after "]
                |-
                <span class='color_blue'>"before after "|->{}<span class='color_orange'>rearrange:(z)133</span>:java.lang.String( sub )(instof)</span>
                [FRAME FLD:
                  ""|->{count:_t$70<span class='color_orange'>none</span>, hash:_t$71<span class='color_orange'>none</span>, offset:_t$72<span class='color_orange'>none</span>, value:_t$73<span class='color_orange'>none</span>}<span class='color_orange'>none</span>:java.lang.String]
                [FRAME TYPING:
                  "": java.lang.String(instof) ]
                
                    Final Implication
                    SUB:
                      n$5 = ""
                    <span class='color_blue'>MEMna &lt; new[]:263 &gt; <span class='color_orange'>{vpath: }</span>(n$41); UND &lt; Result JUnitCore.runClasses(Computer,Class[]) &gt; :53(n$42); "" = "" ;
                    $irvar0 = 0<span class='color_orange'>nullify</span>:void; return = n$40<span class='color_orange'>initial</span>:void; $irvar1 = 0<span class='color_orange'>nullify</span>:void; #GB<>$org.junit.tests.running.classes.ParameterizedTestTest = {fLog:""<span class='color_orange'>update:262</span>}<span class='color_orange'>formal</span>:org.junit.tests.running.classes.ParameterizedTestTest( sub ); old_org.junit.tests.running.classes.ParameterizedTestTest = {fLog:val$2<span class='color_orange'>formal</span>}<span class='color_orange'>formal</span>:org.junit.tests.running.classes.ParameterizedTestTest( sub ); $irvar2 = ""<span class='color_orange'>update:264</span>:void; this = val$1<span class='color_orange'>formal</span>:org.junit.tests.running.classes.ParameterizedTestTest*( sub ); old_this = val$1<span class='color_orange'>formal</span>:org.junit.tests.running.classes.ParameterizedTestTest*( sub )</span>
                    [SUB: 
                      n$5 = ""; _t$63 = ""; _t$64 = "before after "]
                    |-
                    <span class='color_blue'></span>
                    [FRAME FLD:
                      "before after "|->{count:_t$74<span class='color_orange'>none</span>, hash:_t$75<span class='color_orange'>none</span>, offset:_t$76<span class='color_orange'>none</span>, value:_t$77<span class='color_orange'>none</span>}<span class='color_orange'>none</span>:java.lang.String; ""|->{count:_t$70<span class='color_orange'>none</span>, hash:_t$71<span class='color_orange'>none</span>, offset:_t$72<span class='color_orange'>none</span>, value:_t$73<span class='color_orange'>none</span>}<span class='color_orange'>none</span>:java.lang.String]
                    [FRAME TYPING:
                      "before after ": java.lang.String(instof) "": java.lang.String(instof) ]
    imply_pi: adding missing atom _t$63 != 0
    imply_pi: adding missing atom _t$64 != null
    Result of Abduction
      SUB:
        n$5 = ""
      <span class='color_blue'>MEMna &lt; new[]:263 &gt; <span class='color_orange'>{vpath: }</span>(n$41); UND &lt; Result JUnitCore.runClasses(Computer,Class[]) &gt; :53(n$42); "" = "" ;
      actual|callee = ""<span class='color_orange'>actual_precondition</span>:java.lang.String*; $irvar0 = 0<span class='color_orange'>nullify</span>:void; return = n$40<span class='color_orange'>initial</span>:void; $irvar1 = 0<span class='color_orange'>nullify</span>:void; #GB<>$org.junit.tests.running.classes.ParameterizedTestTest = {fLog:""<span class='color_orange'>update:262</span>}<span class='color_orange'>formal</span>:org.junit.tests.running.classes.ParameterizedTestTest( sub ); old_org.junit.tests.running.classes.ParameterizedTestTest = {fLog:val$2<span class='color_orange'>formal</span>}<span class='color_orange'>formal</span>:org.junit.tests.running.classes.ParameterizedTestTest( sub ); $irvar2 = ""<span class='color_orange'>update:264</span>:void; this = val$1<span class='color_orange'>formal</span>:org.junit.tests.running.classes.ParameterizedTestTest*( sub ); old_this = val$1<span class='color_orange'>formal</span>:org.junit.tests.running.classes.ParameterizedTestTest*( sub ); expected|callee = "before after "<span class='color_orange'>actual_precondition</span>:java.lang.Object*</span>
      [SUB: 
        n$5 = ""; _t$63 = ""; _t$64 = "before after "
      _t$64 != null; _t$63 != 0]
      |-
      <span class='color_blue'>"" != 0; "before after " != null ;
      actual|callee = ""<span class='color_orange'>formal</span>:java.lang.Object*( sub ); expected|callee = "before after "<span class='color_orange'>formal</span>:java.lang.Object*( sub ) ;
      ""|->{}<span class='color_orange'>none</span>:java.lang.String( sub )(instof); "before after "|->{}<span class='color_orange'>rearrange:(z)133</span>:java.lang.String( sub )(instof)</span>
      [FRAME FLD:
        "before after "|->{count:_t$74<span class='color_orange'>none</span>, hash:_t$75<span class='color_orange'>none</span>, offset:_t$76<span class='color_orange'>none</span>, value:_t$77<span class='color_orange'>none</span>}<span class='color_orange'>none</span>:java.lang.String; ""|->{count:_t$70<span class='color_orange'>none</span>, hash:_t$71<span class='color_orange'>none</span>, offset:_t$72<span class='color_orange'>none</span>, value:_t$73<span class='color_orange'>none</span>}<span class='color_orange'>none</span>:java.lang.String]
      [FRAME TYPING:
        "before after ": java.lang.String(instof) "": java.lang.String(instof) ]
    returning TRUE
    in vpath_find exp:_t$65
    vpath_find: cannot find _t$65
      New footprint:
      "before after " != null; "" != 0
      Frame fld:
      "before after "|->{count:_t$74<span class='color_orange'>none</span>, hash:_t$75<span class='color_orange'>none</span>, offset:_t$76<span class='color_orange'>none</span>, value:_t$77<span class='color_orange'>none</span>}<span class='color_orange'>none</span>:java.lang.String; ""|->{count:_t$70<span class='color_orange'>none</span>, hash:_t$71<span class='color_orange'>none</span>, offset:_t$72<span class='color_orange'>none</span>, value:_t$73<span class='color_orange'>none</span>}<span class='color_orange'>none</span>:java.lang.String
      Frame typ:
      "before after ": java.lang.String(instof) "": java.lang.String(instof) 
      Missing fld:
      
      Instantiated frame:
      &amp;$irvar0|->0<span class='color_orange'>nullify</span>:void; &amp;return|->n$40<span class='color_orange'>initial</span>:void; &amp;$irvar1|->0<span class='color_orange'>nullify</span>:void; &amp;#GB<>$org.junit.tests.running.classes.ParameterizedTestTest|->{fLog:""<span class='color_orange'>update:262</span>}<span class='color_orange'>formal</span>:org.junit.tests.running.classes.ParameterizedTestTest( sub ); &amp;old_org.junit.tests.running.classes.ParameterizedTestTest|->{fLog:val$2<span class='color_orange'>formal</span>}<span class='color_orange'>formal</span>:org.junit.tests.running.classes.ParameterizedTestTest( sub ); &amp;$irvar2|->""<span class='color_orange'>update:264</span>:void; &amp;this|->val$1<span class='color_orange'>formal</span>:org.junit.tests.running.classes.ParameterizedTestTest*( sub ); &amp;old_this|->val$1<span class='color_orange'>formal</span>:org.junit.tests.running.classes.ParameterizedTestTest*( sub )
      Instantiated post:
      PROP 1 of 2:
      <span class='color_blue'><span class='color_red'>"" != 0</span>; <span class='color_red'>"before after " != null</span>; <span class='color_red'>MEMne &lt; void Assert.assertEquals(Object,Object):264 &gt; <span class='color_orange'>{vpath: }</span>(_t$65)</span> ;
      <span class='color_red'>return|callee = EXN _t$65<span class='color_orange'>update:264</span>:void</span> ;
      <span class='color_red'>_t$65|->{fActual:""<span class='color_orange'>update:264</span>, fExpected:"before after "<span class='color_orange'>update:(z)264</span>}<span class='color_orange'>formal(z)</span>:org.junit.ComparisonFailure</span>; <span class='color_red'>""|->{}<span class='color_orange'>formal</span>:java.lang.String( sub )(instof)</span>; <span class='color_red'>"before after "|->{}<span class='color_orange'>formal(z)</span>:java.lang.String( sub )(instof)</span></span>
      PROP 2 of 2:
      <span class='color_blue'><span class='color_red'>"" != 0</span>; <span class='color_red'>"before after " != null</span> ;
      <span class='color_red'>return|callee = _t$65<span class='color_orange'>initial</span>:void</span> ;
      <span class='color_red'>""|->{}<span class='color_orange'>formal</span>:java.lang.String( sub )(instof)</span>; <span class='color_red'>"before after "|->{}<span class='color_orange'>formal(z)</span>:java.lang.String( sub )(instof)</span></span>
      
    ***** RESULTS FUNCTION CALL *******
    PROP 1 of 2:
    <span class='color_blue'><span class='color_blue'>n$5 = ""</span> ;
    <span class='color_red'>0 != ""</span>; <span class='color_red'>null != "before after "</span>; <span class='color_red'>MEMne &lt; void Assert.assertEquals(Object,Object):264 &gt; <span class='color_orange'>{vpath: }</span>(_t$0)</span>; <span class='color_blue'>MEMna &lt; new[]:263 &gt; <span class='color_orange'>{vpath: }</span>(n$41)</span>; <span class='color_blue'>UND &lt; Result JUnitCore.runClasses(Computer,Class[]) &gt; :53(n$42)</span> ;
    <span class='color_blue'>$irvar0 = 0<span class='color_orange'>nullify</span>:void</span>; <span class='color_blue'>return = <span class='color_red'>EXN _t$0<span class='color_orange'>update:264</span></span>:void</span>; <span class='color_blue'>$irvar1 = 0<span class='color_orange'>nullify</span>:void</span>; <span class='color_blue'>#GB<>$org.junit.tests.running.classes.ParameterizedTestTest = {fLog:""<span class='color_orange'>update:262</span>}<span class='color_orange'>formal</span>:org.junit.tests.running.classes.ParameterizedTestTest( sub )</span>; <span class='color_blue'>old_org.junit.tests.running.classes.ParameterizedTestTest = {fLog:val$2<span class='color_orange'>formal</span>}<span class='color_orange'>formal</span>:org.junit.tests.running.classes.ParameterizedTestTest( sub )</span>; <span class='color_blue'>$irvar2 = ""<span class='color_orange'>update:264</span>:void</span>; <span class='color_blue'>this = val$1<span class='color_orange'>formal</span>:org.junit.tests.running.classes.ParameterizedTestTest*( sub )</span>; <span class='color_blue'>old_this = val$1<span class='color_orange'>formal</span>:org.junit.tests.running.classes.ParameterizedTestTest*( sub )</span> ;
    <span class='color_red'>_t$0|->{fActual:""<span class='color_orange'>update:264</span>, fExpected:"before after "<span class='color_orange'>update:(z)264</span>}<span class='color_orange'>formal(z)</span>:org.junit.ComparisonFailure</span>; <span class='color_red'>""|->{count:_t$5<span class='color_orange'>none</span>, hash:_t$6<span class='color_orange'>none</span>, offset:_t$7<span class='color_orange'>none</span>, value:_t$8<span class='color_orange'>none</span>}<span class='color_orange'>none</span>:java.lang.String(instof)</span>; <span class='color_red'>"before after "|->{count:_t$1<span class='color_orange'>none</span>, hash:_t$2<span class='color_orange'>none</span>, offset:_t$3<span class='color_orange'>none</span>, value:_t$4<span class='color_orange'>none</span>}<span class='color_orange'>none</span>:java.lang.String(instof)</span></span>
    PROP 2 of 2:
    <span class='color_blue'><span class='color_blue'>n$5 = ""</span> ;
    <span class='color_red'>0 != ""</span>; <span class='color_red'>null != "before after "</span>; <span class='color_blue'>MEMna &lt; new[]:263 &gt; <span class='color_orange'>{vpath: }</span>(n$41)</span>; <span class='color_blue'>UND &lt; Result JUnitCore.runClasses(Computer,Class[]) &gt; :53(n$42)</span> ;
    <span class='color_blue'>$irvar0 = 0<span class='color_orange'>nullify</span>:void</span>; <span class='color_blue'>return = n$40<span class='color_orange'>initial</span>:void</span>; <span class='color_blue'>$irvar1 = 0<span class='color_orange'>nullify</span>:void</span>; <span class='color_blue'>#GB<>$org.junit.tests.running.classes.ParameterizedTestTest = {fLog:""<span class='color_orange'>update:262</span>}<span class='color_orange'>formal</span>:org.junit.tests.running.classes.ParameterizedTestTest( sub )</span>; <span class='color_blue'>old_org.junit.tests.running.classes.ParameterizedTestTest = {fLog:val$2<span class='color_orange'>formal</span>}<span class='color_orange'>formal</span>:org.junit.tests.running.classes.ParameterizedTestTest( sub )</span>; <span class='color_blue'>$irvar2 = ""<span class='color_orange'>update:264</span>:void</span>; <span class='color_blue'>this = val$1<span class='color_orange'>formal</span>:org.junit.tests.running.classes.ParameterizedTestTest*( sub )</span>; <span class='color_blue'>old_this = val$1<span class='color_orange'>formal</span>:org.junit.tests.running.classes.ParameterizedTestTest*( sub )</span> ;
    <span class='color_red'>""|->{count:_t$0<span class='color_orange'>none</span>, hash:_t$1<span class='color_orange'>none</span>, offset:_t$2<span class='color_orange'>none</span>, value:_t$3<span class='color_orange'>none</span>}<span class='color_orange'>none</span>:java.lang.String(instof)</span>; <span class='color_red'>"before after "|->{count:_t$4<span class='color_orange'>none</span>, hash:_t$5<span class='color_orange'>none</span>, offset:_t$6<span class='color_orange'>none</span>, value:_t$7<span class='color_orange'>none</span>}<span class='color_orange'>none</span>:java.lang.String(instof)</span></span>
    ***** END RESULTS FUNCTION CALL *******
    Prover.check_inconsistency_base: inconsistency reason [None]
    Prover.check_inconsistency_base: inconsistency reason [None]
    Prover.check_inconsistency_base: inconsistency reason [None]
    Prover.check_inconsistency_base: inconsistency reason [None]
    Prover.check_inconsistency_base: inconsistency reason [None]
    Prover.check_inconsistency_base: inconsistency reason [None]
    Missing pure facts for the function call:
    pi: "before after " != null
    pi: "before after " != null; "" != 0
    Prover.check_inconsistency_base: inconsistency reason [Some 2]
    Found minimum cover
    pi: "before after " != null
    Instruction Returns
    PROP 1 of 2:
    <span class='color_blue'><span class='color_blue'>n$5 = ""</span> ;
    <span class='color_red'>0 != ""</span>; <span class='color_red'>null != "before after "</span>; <span class='color_red'>MEMne &lt; void Assert.assertEquals(Object,Object):264 &gt; <span class='color_orange'>{vpath: }</span>(_t$0)</span>; <span class='color_blue'>MEMna &lt; new[]:263 &gt; <span class='color_orange'>{vpath: }</span>(_t$1)</span>; <span class='color_blue'>UND &lt; Result JUnitCore.runClasses(Computer,Class[]) &gt; :53(_t$2)</span> ;
    <span class='color_blue'>$irvar0 = 0<span class='color_orange'>nullify</span>:void</span>; <span class='color_blue'>return = <span class='color_red'>EXN _t$0<span class='color_orange'>update:264</span></span>:void</span>; <span class='color_blue'>$irvar1 = 0<span class='color_orange'>nullify</span>:void</span>; <span class='color_blue'>#GB<>$org.junit.tests.running.classes.ParameterizedTestTest = {fLog:""<span class='color_orange'>update:262</span>}<span class='color_orange'>formal</span>:org.junit.tests.running.classes.ParameterizedTestTest( sub )</span>; <span class='color_blue'>old_org.junit.tests.running.classes.ParameterizedTestTest = {fLog:val$2<span class='color_orange'>formal</span>}<span class='color_orange'>formal</span>:org.junit.tests.running.classes.ParameterizedTestTest( sub )</span>; <span class='color_blue'>$irvar2 = ""<span class='color_orange'>update:264</span>:void</span>; <span class='color_blue'>this = val$1<span class='color_orange'>formal</span>:org.junit.tests.running.classes.ParameterizedTestTest*( sub )</span>; <span class='color_blue'>old_this = val$1<span class='color_orange'>formal</span>:org.junit.tests.running.classes.ParameterizedTestTest*( sub )</span> ;
    <span class='color_red'>_t$0|->{fActual:""<span class='color_orange'>update:264</span>, fExpected:"before after "<span class='color_orange'>update:(z)264</span>}<span class='color_orange'>formal(z)</span>:org.junit.ComparisonFailure</span></span>
    PROP 2 of 2:
    <span class='color_blue'><span class='color_blue'>n$5 = ""</span> ;
    <span class='color_red'>null != "before after "</span>; <span class='color_blue'>MEMna &lt; new[]:263 &gt; <span class='color_orange'>{vpath: }</span>(_t$1)</span>; <span class='color_blue'>UND &lt; Result JUnitCore.runClasses(Computer,Class[]) &gt; :53(_t$2)</span> ;
    <span class='color_blue'>$irvar0 = 0<span class='color_orange'>nullify</span>:void</span>; <span class='color_blue'>return = _t$0<span class='color_orange'>initial</span>:void</span>; <span class='color_blue'>$irvar1 = 0<span class='color_orange'>nullify</span>:void</span>; <span class='color_blue'>#GB<>$org.junit.tests.running.classes.ParameterizedTestTest = {fLog:""<span class='color_orange'>update:262</span>}<span class='color_orange'>formal</span>:org.junit.tests.running.classes.ParameterizedTestTest( sub )</span>; <span class='color_blue'>old_org.junit.tests.running.classes.ParameterizedTestTest = {fLog:val$2<span class='color_orange'>formal</span>}<span class='color_orange'>formal</span>:org.junit.tests.running.classes.ParameterizedTestTest( sub )</span>; <span class='color_blue'>$irvar2 = ""<span class='color_orange'>update:264</span>:void</span>; <span class='color_blue'>this = val$1<span class='color_orange'>formal</span>:org.junit.tests.running.classes.ParameterizedTestTest*( sub )</span>; <span class='color_blue'>old_this = val$1<span class='color_orange'>formal</span>:org.junit.tests.running.classes.ParameterizedTestTest*( sub )</span></span>
    
    Instruction <span class='color_green'>NULLIFY(&amp;$irvar2); [line 264]</span>
    in vpath_find exp:_t$0
    vpath_find: cannot find _t$0
    in vpath_find exp:_t$1
    vpath_find: cannot find _t$1
    Instruction Returns
    PROP 1 of 1:
    <span class='color_blue'><span class='color_blue'>n$5 = ""</span> ;
    <span class='color_blue'>0 != ""</span>; <span class='color_blue'>null != "before after "</span>; <span class='color_blue'>MEMne &lt; void Assert.assertEquals(Object,Object):264 &gt; <span class='color_orange'>{vpath: }</span>(_t$0)</span>; <span class='color_blue'>MEMna &lt; new[]:263 &gt; <span class='color_orange'>{vpath: }</span>(_t$1)</span>; <span class='color_blue'>UND &lt; Result JUnitCore.runClasses(Computer,Class[]) &gt; :53(_t$2)</span> ;
    <span class='color_blue'>$irvar0 = 0<span class='color_orange'>nullify</span>:void</span>; <span class='color_blue'>return = EXN _t$0<span class='color_orange'>update:264</span>:void</span>; <span class='color_blue'>$irvar1 = 0<span class='color_orange'>nullify</span>:void</span>; <span class='color_blue'>#GB<>$org.junit.tests.running.classes.ParameterizedTestTest = {fLog:""<span class='color_orange'>update:262</span>}<span class='color_orange'>formal</span>:org.junit.tests.running.classes.ParameterizedTestTest( sub )</span>; <span class='color_blue'>old_org.junit.tests.running.classes.ParameterizedTestTest = {fLog:val$2<span class='color_orange'>formal</span>}<span class='color_orange'>formal</span>:org.junit.tests.running.classes.ParameterizedTestTest( sub )</span>; <span class='color_blue'>$irvar2 = <span class='color_red'>0<span class='color_orange'>nullify</span></span>:void</span>; <span class='color_blue'>this = val$1<span class='color_orange'>formal</span>:org.junit.tests.running.classes.ParameterizedTestTest*( sub )</span>; <span class='color_blue'>old_this = val$1<span class='color_orange'>formal</span>:org.junit.tests.running.classes.ParameterizedTestTest*( sub )</span> ;
    <span class='color_blue'>_t$0|->{fActual:""<span class='color_orange'>update:264</span>, fExpected:"before after "<span class='color_orange'>update:(z)264</span>}<span class='color_orange'>formal(z)</span>:org.junit.ComparisonFailure</span></span>
    
    Instruction <span class='color_green'>NULLIFY(&amp;$irvar2); [line 264]</span>
    in vpath_find exp:_t$1
    vpath_find: cannot find _t$1
    Instruction Returns
    PROP 1 of 1:
    <span class='color_blue'><span class='color_blue'>n$5 = ""</span> ;
    <span class='color_blue'>null != "before after "</span>; <span class='color_blue'>MEMna &lt; new[]:263 &gt; <span class='color_orange'>{vpath: }</span>(_t$1)</span>; <span class='color_blue'>UND &lt; Result JUnitCore.runClasses(Computer,Class[]) &gt; :53(_t$2)</span> ;
    <span class='color_blue'>$irvar0 = 0<span class='color_orange'>nullify</span>:void</span>; <span class='color_blue'>return = _t$0<span class='color_orange'>initial</span>:void</span>; <span class='color_blue'>$irvar1 = 0<span class='color_orange'>nullify</span>:void</span>; <span class='color_blue'>#GB<>$org.junit.tests.running.classes.ParameterizedTestTest = {fLog:""<span class='color_orange'>update:262</span>}<span class='color_orange'>formal</span>:org.junit.tests.running.classes.ParameterizedTestTest( sub )</span>; <span class='color_blue'>old_org.junit.tests.running.classes.ParameterizedTestTest = {fLog:val$2<span class='color_orange'>formal</span>}<span class='color_orange'>formal</span>:org.junit.tests.running.classes.ParameterizedTestTest( sub )</span>; <span class='color_blue'>$irvar2 = <span class='color_red'>0<span class='color_orange'>nullify</span></span>:void</span>; <span class='color_blue'>this = val$1<span class='color_orange'>formal</span>:org.junit.tests.running.classes.ParameterizedTestTest*( sub )</span>; <span class='color_blue'>old_this = val$1<span class='color_orange'>formal</span>:org.junit.tests.running.classes.ParameterizedTestTest*( sub )</span></span>
    
    Instruction <span class='color_green'>EXIT_SCOPE(n$5,n$6,$irvar2); [line 264]</span>
    in vpath_find exp:_t$0
    vpath_find: cannot find _t$0
    in vpath_find exp:_t$1
    vpath_find: cannot find _t$1
    Instruction Returns
    PROP 1 of 1:
    <span class='color_blue'><span class='color_blue'>0 != ""</span>; <span class='color_blue'>null != "before after "</span>; <span class='color_blue'>MEMne &lt; void Assert.assertEquals(Object,Object):264 &gt; <span class='color_orange'>{vpath: }</span>(_t$0)</span>; <span class='color_blue'>MEMna &lt; new[]:263 &gt; <span class='color_orange'>{vpath: }</span>(_t$1)</span>; <span class='color_blue'>UND &lt; Result JUnitCore.runClasses(Computer,Class[]) &gt; :53(_t$2)</span> ;
    <span class='color_blue'>$irvar0 = 0<span class='color_orange'>nullify</span>:void</span>; <span class='color_blue'>return = EXN _t$0<span class='color_orange'>update:264</span>:void</span>; <span class='color_blue'>$irvar1 = 0<span class='color_orange'>nullify</span>:void</span>; <span class='color_blue'>#GB<>$org.junit.tests.running.classes.ParameterizedTestTest = {fLog:""<span class='color_orange'>update:262</span>}<span class='color_orange'>formal</span>:org.junit.tests.running.classes.ParameterizedTestTest( sub )</span>; <span class='color_blue'>old_org.junit.tests.running.classes.ParameterizedTestTest = {fLog:val$2<span class='color_orange'>formal</span>}<span class='color_orange'>formal</span>:org.junit.tests.running.classes.ParameterizedTestTest( sub )</span>; <span class='color_blue'>$irvar2 = 0<span class='color_orange'>nullify</span>:void</span>; <span class='color_blue'>this = val$1<span class='color_orange'>formal</span>:org.junit.tests.running.classes.ParameterizedTestTest*( sub )</span>; <span class='color_blue'>old_this = val$1<span class='color_orange'>formal</span>:org.junit.tests.running.classes.ParameterizedTestTest*( sub )</span> ;
    <span class='color_blue'>_t$0|->{fActual:""<span class='color_orange'>update:264</span>, fExpected:"before after "<span class='color_orange'>update:(z)264</span>}<span class='color_orange'>formal(z)</span>:org.junit.ComparisonFailure</span></span>
    
    Instruction <span class='color_green'>EXIT_SCOPE(n$5,n$6,$irvar2); [line 264]</span>
    in vpath_find exp:_t$1
    vpath_find: cannot find _t$1
    Instruction Returns
    PROP 1 of 1:
    <span class='color_blue'><span class='color_blue'>null != "before after "</span>; <span class='color_blue'>MEMna &lt; new[]:263 &gt; <span class='color_orange'>{vpath: }</span>(_t$1)</span>; <span class='color_blue'>UND &lt; Result JUnitCore.runClasses(Computer,Class[]) &gt; :53(_t$2)</span> ;
    <span class='color_blue'>$irvar0 = 0<span class='color_orange'>nullify</span>:void</span>; <span class='color_blue'>return = _t$0<span class='color_orange'>initial</span>:void</span>; <span class='color_blue'>$irvar1 = 0<span class='color_orange'>nullify</span>:void</span>; <span class='color_blue'>#GB<>$org.junit.tests.running.classes.ParameterizedTestTest = {fLog:""<span class='color_orange'>update:262</span>}<span class='color_orange'>formal</span>:org.junit.tests.running.classes.ParameterizedTestTest( sub )</span>; <span class='color_blue'>old_org.junit.tests.running.classes.ParameterizedTestTest = {fLog:val$2<span class='color_orange'>formal</span>}<span class='color_orange'>formal</span>:org.junit.tests.running.classes.ParameterizedTestTest( sub )</span>; <span class='color_blue'>$irvar2 = 0<span class='color_orange'>nullify</span>:void</span>; <span class='color_blue'>this = val$1<span class='color_orange'>formal</span>:org.junit.tests.running.classes.ParameterizedTestTest*( sub )</span>; <span class='color_blue'>old_this = val$1<span class='color_orange'>formal</span>:org.junit.tests.running.classes.ParameterizedTestTest*( sub )</span></span>
    
    .... After Symbolic Execution ....
    PROP 1 of 2:
    <span class='color_blue'><span class='color_red'>0 != ""</span>; <span class='color_red'>null != "before after "</span>; <span class='color_red'>MEMne &lt; void Assert.assertEquals(Object,Object):264 &gt; <span class='color_orange'>{vpath: }</span>(_t$0)</span>; <span class='color_blue'>MEMna &lt; new[]:263 &gt; <span class='color_orange'>{vpath: }</span>(_t$1)</span>; <span class='color_blue'>UND &lt; Result JUnitCore.runClasses(Computer,Class[]) &gt; :53(_t$2)</span> ;
    <span class='color_blue'>$irvar0 = 0<span class='color_orange'>nullify</span>:void</span>; <span class='color_blue'>return = <span class='color_red'>EXN _t$0<span class='color_orange'>update:264</span></span>:void</span>; <span class='color_blue'>$irvar1 = 0<span class='color_orange'>nullify</span>:void</span>; <span class='color_blue'>#GB<>$org.junit.tests.running.classes.ParameterizedTestTest = {fLog:""<span class='color_orange'>update:262</span>}<span class='color_orange'>formal</span>:org.junit.tests.running.classes.ParameterizedTestTest( sub )</span>; <span class='color_blue'>old_org.junit.tests.running.classes.ParameterizedTestTest = {fLog:val$2<span class='color_orange'>formal</span>}<span class='color_orange'>formal</span>:org.junit.tests.running.classes.ParameterizedTestTest( sub )</span>; <span class='color_blue'>$irvar2 = <span class='color_red'>0<span class='color_orange'>nullify</span></span>:void</span>; <span class='color_blue'>this = val$1<span class='color_orange'>formal</span>:org.junit.tests.running.classes.ParameterizedTestTest*( sub )</span>; <span class='color_blue'>old_this = val$1<span class='color_orange'>formal</span>:org.junit.tests.running.classes.ParameterizedTestTest*( sub )</span> ;
    <span class='color_red'>_t$0|->{fActual:""<span class='color_orange'>update:264</span>, fExpected:"before after "<span class='color_orange'>update:(z)264</span>}<span class='color_orange'>formal(z)</span>:org.junit.ComparisonFailure</span></span>
    PROP 2 of 2:
    <span class='color_blue'><span class='color_red'>null != "before after "</span>; <span class='color_blue'>MEMna &lt; new[]:263 &gt; <span class='color_orange'>{vpath: }</span>(_t$1)</span>; <span class='color_blue'>UND &lt; Result JUnitCore.runClasses(Computer,Class[]) &gt; :53(_t$2)</span> ;
    <span class='color_blue'>$irvar0 = 0<span class='color_orange'>nullify</span>:void</span>; <span class='color_blue'>return = _t$0<span class='color_orange'>initial</span>:void</span>; <span class='color_blue'>$irvar1 = 0<span class='color_orange'>nullify</span>:void</span>; <span class='color_blue'>#GB<>$org.junit.tests.running.classes.ParameterizedTestTest = {fLog:""<span class='color_orange'>update:262</span>}<span class='color_orange'>formal</span>:org.junit.tests.running.classes.ParameterizedTestTest( sub )</span>; <span class='color_blue'>old_org.junit.tests.running.classes.ParameterizedTestTest = {fLog:val$2<span class='color_orange'>formal</span>}<span class='color_orange'>formal</span>:org.junit.tests.running.classes.ParameterizedTestTest( sub )</span>; <span class='color_blue'>$irvar2 = <span class='color_red'>0<span class='color_orange'>nullify</span></span>:void</span>; <span class='color_blue'>this = val$1<span class='color_orange'>formal</span>:org.junit.tests.running.classes.ParameterizedTestTest*( sub )</span>; <span class='color_blue'>old_this = val$1<span class='color_orange'>formal</span>:org.junit.tests.running.classes.ParameterizedTestTest*( sub )</span></span>
    
    
    
  </LISTING>