<!DOCTYPE HTML PUBLIC "-//W3C//DTD HTML 4.01 Transitional//EN">
<html>
<head>
<title>org.junit.tests.running.classes.ParameterizedTestTest$AssumptionInParametersMethod.data():java.lang..bc3fddda8fd789f02c98d1b02d8ed5ed_node3</title>
<meta http-equiv="Content-Type" content="text/html; charset=utf-8">
<style type="text/css">
body { background-color:#fff; color:#000; font-family:Helvetica, sans-serif; font-size:10pt }
h1 { font-size:14pt }
.code { border-collapse:collapse; width:100%; font-family: "Andale Mono", monospace; font-size:10pt; line-height: 1.2em }
.color_black { color: black }
.color_blue { color: blue }
.color_green { color: green }
.color_orange { color: orange }
.color_red { color: red }
.line { border-left: 3px solid #ccc; padding-left: 1ex; white-space: pre; }
.msg { background-color:#fff8b4; color:#000; float:left; font-family:Helvetica, sans-serif; font-size: smaller; font-weight: bold; margin-bottom:10px; margin-top:10px; max-width:60em; padding:0.5em 1ex 0.5em 1ex; -webkit-border-radius:5px; -webkit-box-shadow:1px 1px 7px #000; white-space: pre-wrap; word-wrap: break-word; }
.num { background-color:#eee; color:#444; font-size: smaller; padding-right:2ex; text-align:right; width:2.5em; }
.dangling { background-color:white; color: gray; }
.visited { background-color:LemonChiffon; color: darkmagenta; }
.tooltip { display: none; background-color:#FFF0F0; border: 2px solid #F00; font-weight: normal; left:10em; padding: 2px; position: absolute; top: -1em; -webkit-border-radius:5px; -webkit-box-shadow:1px 1px 7px #000; z-index: 1}
.with_tooltip { position: relative; }
.with_tooltip:hover .tooltip, .visited:hover .tooltip { display: block; }
</style>
</head>
<body>
<center><h1>Cfg Node <a href="./../../ParameterizedTestTest.java.88da44e98279dfa32c0c7e5c52f053d0.html#LINE775">3</a></h1></center>PROC: <a href="./../org.junit.tests.running.classes.ParameterizedTestTest%24AssumptionInParametersMethod.data%28%29%3Ajava.lang..bc3fddda8fd789f02c98d1b02d8ed5ed.html">Iterable ParameterizedTestTest$AssumptionInParametersMethod.data()</a> LINE: <a href="./../../ParameterizedTestTest.java.88da44e98279dfa32c0c7e5c52f053d0.html#LINE775">775</a>
<br>PREDS:
<br>SUCCS:
<a href="./../nodes/org.junit.tests.running.classes.ParameterizedTestTest%24AssumptionInParametersMethod.data%28%29%3Ajava.lang..bc3fddda8fd789f02c98d1b02d8ed5ed_node2.html"><span class='visited with_tooltip'>N_2<span class='tooltip'>node2 preds:7 3 succs: exn: </span></span></a><br>EXN:
<a href="./../nodes/org.junit.tests.running.classes.ParameterizedTestTest%24AssumptionInParametersMethod.data%28%29%3Ajava.lang..bc3fddda8fd789f02c98d1b02d8ed5ed_node2.html"><span class='visited with_tooltip'>N_2<span class='tooltip'>node2 preds:7 3 succs: exn: </span></span></a><br>
<LISTING class='color_green'></LISTING>
<hr width="100%">
<a name="session2" href="./../nodes/org.junit.tests.running.classes.ParameterizedTestTest%24AssumptionInParametersMethod.data%28%29%3Ajava.lang..bc3fddda8fd789f02c98d1b02d8ed5ed_node3.html#session2">node3#session2</a>(<a href="./../../ParameterizedTestTest.java.88da44e98279dfa32c0c7e5c52f053d0.html#LINE775">775</a>) [compute pre] liveness 3
<LISTING class='color_black'></LISTING>
<hr width="100%">
<a name="session3" href="./../nodes/org.junit.tests.running.classes.ParameterizedTestTest%24AssumptionInParametersMethod.data%28%29%3Ajava.lang..bc3fddda8fd789f02c98d1b02d8ed5ed_node3.html#session3">node3#session3</a>(<a href="./../../ParameterizedTestTest.java.88da44e98279dfa32c0c7e5c52f053d0.html#LINE775">775</a>) [exec] liveness 3
<LISTING class='color_black'>PRE STATE:
normal:{ }, exn:{ }

INSTR=  SKIP; 

STATE UNCHANGED

</LISTING>
<hr width="100%">
<a name="session23" href="./../nodes/org.junit.tests.running.classes.ParameterizedTestTest%24AssumptionInParametersMethod.data%28%29%3Ajava.lang..bc3fddda8fd789f02c98d1b02d8ed5ed_node3.html#session23">node3#session23</a>(<a href="./../../ParameterizedTestTest.java.88da44e98279dfa32c0c7e5c52f053d0.html#LINE775">775</a>) [compute pre] nullify
<LISTING class='color_black'>JOIN

LEFT:   (normal:{ $irvar0 }, exn:{ },
normal:{ n$0, classes.ParameterizedTestTest$AssumptionInParametersMethod },
exn:{ })
RIGHT:  (normal:{ }, exn:{ },
normal:{ n$1, n$2, $irvar0 }, exn:{ })
RESULT: (normal:{ $irvar0 }, exn:{ },
normal:{ n$0,
         n$1,
         n$2,
         classes.ParameterizedTestTest$AssumptionInParametersMethod,
         $irvar0 },
exn:{ })

JOIN

LEFT:   (normal:{ $irvar0 }, exn:{ },
normal:{ n$0,
         n$1,
         n$2,
         classes.ParameterizedTestTest$AssumptionInParametersMethod,
         $irvar0 },
exn:{ })
RIGHT:  (normal:{ $irvar1 }, exn:{ },
normal:{ n$3 }, exn:{ })
RESULT: (normal:{ $irvar0, $irvar1 }, exn:{ },
normal:{ n$0,
         n$1,
         n$2,
         n$3,
         classes.ParameterizedTestTest$AssumptionInParametersMethod,
         $irvar0 },
exn:{ })

JOIN

LEFT:   (normal:{ $irvar0, $irvar1 }, exn:{ },
normal:{ n$0,
         n$1,
         n$2,
         n$3,
         classes.ParameterizedTestTest$AssumptionInParametersMethod,
         $irvar0 },
exn:{ })
RIGHT:  (normal:{ }, exn:{ },
normal:{ n$4, return, $irvar1 }, exn:{ })
RESULT: (normal:{ $irvar0, $irvar1 }, exn:{ },
normal:{ n$0,
         n$1,
         n$2,
         n$3,
         n$4,
         classes.ParameterizedTestTest$AssumptionInParametersMethod,
         $irvar0,
         return,
         $irvar1 },
exn:{ })

</LISTING>
<hr width="100%">
<a name="session24" href="./../nodes/org.junit.tests.running.classes.ParameterizedTestTest%24AssumptionInParametersMethod.data%28%29%3Ajava.lang..bc3fddda8fd789f02c98d1b02d8ed5ed_node3.html#session24">node3#session24</a>(<a href="./../../ParameterizedTestTest.java.88da44e98279dfa32c0c7e5c52f053d0.html#LINE775">775</a>) [exec] nullify
<LISTING class='color_black'>PRE STATE:
(normal:{ $irvar0, $irvar1 }, exn:{ },
normal:{ n$0,
         n$1,
         n$2,
         n$3,
         n$4,
         classes.ParameterizedTestTest$AssumptionInParametersMethod,
         $irvar0,
         return,
         $irvar1 },
exn:{ })

INSTR=  SKIP; 

STATE:
(normal:{ }, exn:{ },normal:{ $irvar0, $irvar1 }, exn:{ })

</LISTING>
<hr width="100%">
<a name="session53" href="./../nodes/org.junit.tests.running.classes.ParameterizedTestTest%24AssumptionInParametersMethod.data%28%29%3Ajava.lang..bc3fddda8fd789f02c98d1b02d8ed5ed_node3.html#session53">node3#session53</a>(<a href="./../../ParameterizedTestTest.java.88da44e98279dfa32c0c7e5c52f053d0.html#LINE775">775</a>) [exec] devirtualizer
<LISTING class='color_black'></LISTING>
<hr width="100%">
<a name="session54" href="./../nodes/org.junit.tests.running.classes.ParameterizedTestTest%24AssumptionInParametersMethod.data%28%29%3Ajava.lang..bc3fddda8fd789f02c98d1b02d8ed5ed_node3.html#session54">node3#session54</a>(<a href="./../../ParameterizedTestTest.java.88da44e98279dfa32c0c7e5c52f053d0.html#LINE775">775</a>) [exec] devirtualizer
<LISTING class='color_black'></LISTING>
<hr width="100%">
<a name="session55" href="./../nodes/org.junit.tests.running.classes.ParameterizedTestTest%24AssumptionInParametersMethod.data%28%29%3Ajava.lang..bc3fddda8fd789f02c98d1b02d8ed5ed_node3.html#session55">node3#session55</a>(<a href="./../../ParameterizedTestTest.java.88da44e98279dfa32c0c7e5c52f053d0.html#LINE775">775</a>) [exec] devirtualizer
<LISTING class='color_black'></LISTING>
<hr width="100%">
<a name="session56" href="./../nodes/org.junit.tests.running.classes.ParameterizedTestTest%24AssumptionInParametersMethod.data%28%29%3Ajava.lang..bc3fddda8fd789f02c98d1b02d8ed5ed_node3.html#session56">node3#session56</a>(<a href="./../../ParameterizedTestTest.java.88da44e98279dfa32c0c7e5c52f053d0.html#LINE775">775</a>) [exec] devirtualizer
<LISTING class='color_black'></LISTING>
<hr width="100%">
<a name="session28" href="./../nodes/org.junit.tests.running.classes.ParameterizedTestTest%24AssumptionInParametersMethod.data%28%29%3Ajava.lang..bc3fddda8fd789f02c98d1b02d8ed5ed_node3.html#session28">node3#session28</a>(<a href="./../../ParameterizedTestTest.java.88da44e98279dfa32c0c7e5c52f053d0.html#LINE775">775</a>) biabduction
<LISTING class='color_black'>**** [FP:Pending] Iterable ParameterizedTestTest$AssumptionInParametersMethod.data() Node: 3, Procedure: Iterable ParameterizedTestTest$AssumptionInParametersMethod.data(), Todo: 2 ****
  PROP 1 of 2:
  <span class='color_blue'><span class='color_red'>_t$0 != 0</span>; <span class='color_red'>MEMne &lt; void Assume.assumeFalse(boolean):774 &gt; <span class='color_orange'>{vpath: }</span>(_t$2)</span>; <span class='color_red'>UND &lt; Matcher CoreMatchers.is(Object) &gt; :57(_t$1)</span>; <span class='color_red'>UND &lt; Boolean Boolean.valueOf(boolean) &gt; :57(_t$0)</span> ;
  <span class='color_red'>#GB<>$org.junit.tests.running.classes.ParameterizedTestTest$AssumptionInParametersMethod = {assumptionFails:@f$0<span class='color_orange'>rearrange:774</span>}<span class='color_orange'>rearrange:774</span>:org.junit.tests.running.classes.ParameterizedTestTest$AssumptionInParametersMethod( sub )</span>; <span class='color_red'>$irvar0 = 0<span class='color_orange'>nullify</span>:void</span>; <span class='color_red'>return = EXN _t$2<span class='color_orange'>update:774</span>:java.lang.Iterable*</span>; <span class='color_red'>$irvar1 = _t$3<span class='color_orange'>initial</span>:void</span> ;
  <span class='color_red'>_t$2|->{fAssumption:null<span class='color_orange'>update:(z)774</span>, fMatcher:_t$1<span class='color_orange'>update:774</span>, fValue:_t$0<span class='color_orange'>update:774</span>, fValueMatcher:1<span class='color_orange'>update:774</span>}<span class='color_orange'>formal(z)</span>:org.junit.AssumptionViolatedException</span>; <span class='color_red'>_t$1|->{}<span class='color_orange'>formal(z)</span>:org.hamcrest.Matcher( sub )</span>; <span class='color_red'>_t$0|->{}<span class='color_orange'>formal</span>:java.lang.Throwable( sub )(instof)</span>
  [footprint
     <span class='color_red'>#GB<>$org.junit.tests.running.classes.ParameterizedTestTest$AssumptionInParametersMethod = {assumptionFails:@f$0<span class='color_orange'>rearrange:774</span>}<span class='color_orange'>rearrange:774</span>:org.junit.tests.running.classes.ParameterizedTestTest$AssumptionInParametersMethod( sub )</span>  ]</span>
  PROP 2 of 2:
  <span class='color_blue'><span class='color_red'>_t$0 != 0</span>; <span class='color_red'>MEMne &lt; void Assume.assumeFalse(boolean):774 &gt; <span class='color_orange'>{vpath: }</span>(_t$2)</span>; <span class='color_red'>UND &lt; Matcher CoreMatchers.is(Throwable) &gt; :57(_t$1)</span>; <span class='color_red'>UND &lt; Boolean Boolean.valueOf(boolean) &gt; :57(_t$0)</span> ;
  <span class='color_red'>#GB<>$org.junit.tests.running.classes.ParameterizedTestTest$AssumptionInParametersMethod = {assumptionFails:@f$0<span class='color_orange'>rearrange:774</span>}<span class='color_orange'>rearrange:774</span>:org.junit.tests.running.classes.ParameterizedTestTest$AssumptionInParametersMethod( sub )</span>; <span class='color_red'>$irvar0 = 0<span class='color_orange'>nullify</span>:void</span>; <span class='color_red'>return = EXN _t$2<span class='color_orange'>update:774</span>:java.lang.Iterable*</span>; <span class='color_red'>$irvar1 = _t$3<span class='color_orange'>initial</span>:void</span> ;
  <span class='color_red'>_t$2|->{fAssumption:null<span class='color_orange'>update:(z)774</span>, fMatcher:_t$1<span class='color_orange'>update:774</span>, fValue:_t$0<span class='color_orange'>update:774</span>, fValueMatcher:1<span class='color_orange'>update:774</span>}<span class='color_orange'>formal(z)</span>:org.junit.AssumptionViolatedException</span>; <span class='color_red'>_t$1|->{}<span class='color_orange'>formal(z)</span>:org.hamcrest.Matcher( sub )</span>; <span class='color_red'>_t$0|->{}<span class='color_orange'>formal</span>:java.lang.Throwable( sub )(instof)</span>
  [footprint
     <span class='color_red'>#GB<>$org.junit.tests.running.classes.ParameterizedTestTest$AssumptionInParametersMethod = {assumptionFails:@f$0<span class='color_orange'>rearrange:774</span>}<span class='color_orange'>rearrange:774</span>:org.junit.tests.running.classes.ParameterizedTestTest$AssumptionInParametersMethod( sub )</span>  ]</span>
  .... Instructions: ....
  <span class='color_green'>NULLIFY(&amp;$irvar0); [line 775];
  NULLIFY(&amp;$irvar1); [line 775];
  EXIT_SCOPE($irvar0,$irvar1); [line 775];
  APPLY_ABSTRACTION; [line 775];
  </span>
  
  Processing prop 1/2
    Instruction <span class='color_green'>NULLIFY(&amp;$irvar0); [line 775]</span>
    in vpath_find exp:_t$2
    vpath_find: cannot find _t$2
    Instruction Returns
    PROP 1 of 1:
    <span class='color_blue'><span class='color_blue'>_t$0 != 0</span>; <span class='color_blue'>MEMne &lt; void Assume.assumeFalse(boolean):774 &gt; <span class='color_orange'>{vpath: }</span>(_t$2)</span>; <span class='color_blue'>UND &lt; Matcher CoreMatchers.is(Object) &gt; :57(_t$1)</span>; <span class='color_blue'>UND &lt; Boolean Boolean.valueOf(boolean) &gt; :57(_t$0)</span> ;
    <span class='color_blue'>#GB<>$org.junit.tests.running.classes.ParameterizedTestTest$AssumptionInParametersMethod = {assumptionFails:@f$0<span class='color_orange'>rearrange:774</span>}<span class='color_orange'>rearrange:774</span>:org.junit.tests.running.classes.ParameterizedTestTest$AssumptionInParametersMethod( sub )</span>; <span class='color_blue'>$irvar0 = 0<span class='color_orange'>nullify</span>:void</span>; <span class='color_blue'>return = EXN _t$2<span class='color_orange'>update:774</span>:java.lang.Iterable*</span>; <span class='color_blue'>$irvar1 = _t$3<span class='color_orange'>initial</span>:void</span> ;
    <span class='color_blue'>_t$2|->{fAssumption:null<span class='color_orange'>update:(z)774</span>, fMatcher:_t$1<span class='color_orange'>update:774</span>, fValue:_t$0<span class='color_orange'>update:774</span>, fValueMatcher:1<span class='color_orange'>update:774</span>}<span class='color_orange'>formal(z)</span>:org.junit.AssumptionViolatedException</span>; <span class='color_blue'>_t$1|->{}<span class='color_orange'>formal(z)</span>:org.hamcrest.Matcher( sub )</span>; <span class='color_blue'>_t$0|->{}<span class='color_orange'>formal</span>:java.lang.Throwable( sub )(instof)</span>
    [footprint
       <span class='color_blue'>#GB<>$org.junit.tests.running.classes.ParameterizedTestTest$AssumptionInParametersMethod = {assumptionFails:@f$0<span class='color_orange'>rearrange:774</span>}<span class='color_orange'>rearrange:774</span>:org.junit.tests.running.classes.ParameterizedTestTest$AssumptionInParametersMethod( sub )</span>  ]</span>
    
    Instruction <span class='color_green'>NULLIFY(&amp;$irvar1); [line 775]</span>
    in vpath_find exp:_t$2
    vpath_find: cannot find _t$2
    Instruction Returns
    PROP 1 of 1:
    <span class='color_blue'><span class='color_blue'>_t$0 != 0</span>; <span class='color_blue'>MEMne &lt; void Assume.assumeFalse(boolean):774 &gt; <span class='color_orange'>{vpath: }</span>(_t$2)</span>; <span class='color_blue'>UND &lt; Matcher CoreMatchers.is(Object) &gt; :57(_t$1)</span>; <span class='color_blue'>UND &lt; Boolean Boolean.valueOf(boolean) &gt; :57(_t$0)</span> ;
    <span class='color_blue'>#GB<>$org.junit.tests.running.classes.ParameterizedTestTest$AssumptionInParametersMethod = {assumptionFails:@f$0<span class='color_orange'>rearrange:774</span>}<span class='color_orange'>rearrange:774</span>:org.junit.tests.running.classes.ParameterizedTestTest$AssumptionInParametersMethod( sub )</span>; <span class='color_blue'>$irvar0 = 0<span class='color_orange'>nullify</span>:void</span>; <span class='color_blue'>return = EXN _t$2<span class='color_orange'>update:774</span>:java.lang.Iterable*</span>; <span class='color_blue'>$irvar1 = <span class='color_red'>0<span class='color_orange'>nullify</span></span>:void</span> ;
    <span class='color_blue'>_t$2|->{fAssumption:null<span class='color_orange'>update:(z)774</span>, fMatcher:_t$1<span class='color_orange'>update:774</span>, fValue:_t$0<span class='color_orange'>update:774</span>, fValueMatcher:1<span class='color_orange'>update:774</span>}<span class='color_orange'>formal(z)</span>:org.junit.AssumptionViolatedException</span>; <span class='color_blue'>_t$1|->{}<span class='color_orange'>formal(z)</span>:org.hamcrest.Matcher( sub )</span>; <span class='color_blue'>_t$0|->{}<span class='color_orange'>formal</span>:java.lang.Throwable( sub )(instof)</span>
    [footprint
       <span class='color_blue'>#GB<>$org.junit.tests.running.classes.ParameterizedTestTest$AssumptionInParametersMethod = {assumptionFails:@f$0<span class='color_orange'>rearrange:774</span>}<span class='color_orange'>rearrange:774</span>:org.junit.tests.running.classes.ParameterizedTestTest$AssumptionInParametersMethod( sub )</span>  ]</span>
    
    Instruction <span class='color_green'>EXIT_SCOPE($irvar0,$irvar1); [line 775]</span>
    in vpath_find exp:_t$2
    vpath_find: cannot find _t$2
    Instruction Returns
    PROP 1 of 1:
    <span class='color_blue'><span class='color_blue'>_t$0 != 0</span>; <span class='color_blue'>MEMne &lt; void Assume.assumeFalse(boolean):774 &gt; <span class='color_orange'>{vpath: }</span>(_t$2)</span>; <span class='color_blue'>UND &lt; Matcher CoreMatchers.is(Object) &gt; :57(_t$1)</span>; <span class='color_blue'>UND &lt; Boolean Boolean.valueOf(boolean) &gt; :57(_t$0)</span> ;
    <span class='color_blue'>#GB<>$org.junit.tests.running.classes.ParameterizedTestTest$AssumptionInParametersMethod = {assumptionFails:@f$0<span class='color_orange'>rearrange:774</span>}<span class='color_orange'>rearrange:774</span>:org.junit.tests.running.classes.ParameterizedTestTest$AssumptionInParametersMethod( sub )</span>; <span class='color_blue'>$irvar0 = 0<span class='color_orange'>nullify</span>:void</span>; <span class='color_blue'>return = EXN _t$2<span class='color_orange'>update:774</span>:java.lang.Iterable*</span>; <span class='color_blue'>$irvar1 = 0<span class='color_orange'>nullify</span>:void</span> ;
    <span class='color_blue'>_t$2|->{fAssumption:null<span class='color_orange'>update:(z)774</span>, fMatcher:_t$1<span class='color_orange'>update:774</span>, fValue:_t$0<span class='color_orange'>update:774</span>, fValueMatcher:1<span class='color_orange'>update:774</span>}<span class='color_orange'>formal(z)</span>:org.junit.AssumptionViolatedException</span>; <span class='color_blue'>_t$1|->{}<span class='color_orange'>formal(z)</span>:org.hamcrest.Matcher( sub )</span>; <span class='color_blue'>_t$0|->{}<span class='color_orange'>formal</span>:java.lang.Throwable( sub )(instof)</span>
    [footprint
       <span class='color_blue'>#GB<>$org.junit.tests.running.classes.ParameterizedTestTest$AssumptionInParametersMethod = {assumptionFails:@f$0<span class='color_orange'>rearrange:774</span>}<span class='color_orange'>rearrange:774</span>:org.junit.tests.running.classes.ParameterizedTestTest$AssumptionInParametersMethod( sub )</span>  ]</span>
    
    Instruction <span class='color_green'>APPLY_ABSTRACTION; [line 775]</span>
    in vpath_find exp:_t$2
    vpath_find: cannot find _t$2
    Prover.check_inconsistency_base: inconsistency reason [None]
    Prover.check_inconsistency_base: inconsistency reason [None]
    Can't find field assumptionFails in StrexpMatch.find
    Can't find field assumptionFails in StrexpMatch.find
    <span class='color_blue'>_t$0 != 0; MEMne &lt; void Assume.assumeFalse(boolean):774 &gt; <span class='color_orange'>{vpath: }</span>(_t$2); UND &lt; Matcher CoreMatchers.is(Object) &gt; :57(_t$1); UND &lt; Boolean Boolean.valueOf(boolean) &gt; :57(_t$0) ;
    #GB<>$org.junit.tests.running.classes.ParameterizedTestTest$AssumptionInParametersMethod = {assumptionFails:@f$0<span class='color_orange'>rearrange:774</span>}<span class='color_orange'>rearrange:774</span>:org.junit.tests.running.classes.ParameterizedTestTest$AssumptionInParametersMethod( sub ); $irvar0 = 0<span class='color_orange'>nullify</span>:void; return = EXN _t$2<span class='color_orange'>update:774</span>:java.lang.Iterable*; $irvar1 = 0<span class='color_orange'>nullify</span>:void ;
    _t$2|->{fAssumption:null<span class='color_orange'>update:(z)774</span>, fMatcher:_t$1<span class='color_orange'>update:774</span>, fValue:_t$0<span class='color_orange'>update:774</span>, fValueMatcher:1<span class='color_orange'>update:774</span>}<span class='color_orange'>formal(z)</span>:org.junit.AssumptionViolatedException; _t$1|->{}<span class='color_orange'>formal(z)</span>:org.hamcrest.Matcher( sub ); _t$0|->{}<span class='color_orange'>formal</span>:java.lang.Throwable( sub )(instof)
    [footprint
       #GB<>$org.junit.tests.running.classes.ParameterizedTestTest$AssumptionInParametersMethod = {assumptionFails:@f$0<span class='color_orange'>rearrange:774</span>}<span class='color_orange'>rearrange:774</span>:org.junit.tests.running.classes.ParameterizedTestTest$AssumptionInParametersMethod( sub )  ]</span>
    Instruction Returns
    PROP 1 of 1:
    <span class='color_blue'><span class='color_blue'>_t$0 != 0</span>; <span class='color_blue'>MEMne &lt; void Assume.assumeFalse(boolean):774 &gt; <span class='color_orange'>{vpath: }</span>(_t$2)</span>; <span class='color_blue'>UND &lt; Matcher CoreMatchers.is(Object) &gt; :57(_t$1)</span>; <span class='color_blue'>UND &lt; Boolean Boolean.valueOf(boolean) &gt; :57(_t$0)</span> ;
    <span class='color_blue'>#GB<>$org.junit.tests.running.classes.ParameterizedTestTest$AssumptionInParametersMethod = {assumptionFails:@f$0<span class='color_orange'>rearrange:774</span>}<span class='color_orange'>rearrange:774</span>:org.junit.tests.running.classes.ParameterizedTestTest$AssumptionInParametersMethod( sub )</span>; <span class='color_blue'>$irvar0 = 0<span class='color_orange'>nullify</span>:void</span>; <span class='color_blue'>return = EXN _t$2<span class='color_orange'>update:774</span>:java.lang.Iterable*</span>; <span class='color_blue'>$irvar1 = 0<span class='color_orange'>nullify</span>:void</span> ;
    <span class='color_blue'>_t$2|->{fAssumption:null<span class='color_orange'>update:(z)774</span>, fMatcher:_t$1<span class='color_orange'>update:774</span>, fValue:_t$0<span class='color_orange'>update:774</span>, fValueMatcher:1<span class='color_orange'>update:774</span>}<span class='color_orange'>formal(z)</span>:org.junit.AssumptionViolatedException</span>; <span class='color_blue'>_t$1|->{}<span class='color_orange'>formal(z)</span>:org.hamcrest.Matcher( sub )</span>; <span class='color_blue'>_t$0|->{}<span class='color_orange'>formal</span>:java.lang.Throwable( sub )(instof)</span>
    [footprint
       <span class='color_blue'>#GB<>$org.junit.tests.running.classes.ParameterizedTestTest$AssumptionInParametersMethod = {assumptionFails:@f$0<span class='color_orange'>rearrange:774</span>}<span class='color_orange'>rearrange:774</span>:org.junit.tests.running.classes.ParameterizedTestTest$AssumptionInParametersMethod( sub )</span>  ]</span>
    
    .... After Symbolic Execution ....
    PROP 1 of 1:
    <span class='color_blue'><span class='color_blue'>_t$0 != 0</span>; <span class='color_blue'>MEMne &lt; void Assume.assumeFalse(boolean):774 &gt; <span class='color_orange'>{vpath: }</span>(_t$2)</span>; <span class='color_blue'>UND &lt; Matcher CoreMatchers.is(Object) &gt; :57(_t$1)</span>; <span class='color_blue'>UND &lt; Boolean Boolean.valueOf(boolean) &gt; :57(_t$0)</span> ;
    <span class='color_blue'>#GB<>$org.junit.tests.running.classes.ParameterizedTestTest$AssumptionInParametersMethod = {assumptionFails:@f$0<span class='color_orange'>rearrange:774</span>}<span class='color_orange'>rearrange:774</span>:org.junit.tests.running.classes.ParameterizedTestTest$AssumptionInParametersMethod( sub )</span>; <span class='color_blue'>$irvar0 = 0<span class='color_orange'>nullify</span>:void</span>; <span class='color_blue'>return = EXN _t$2<span class='color_orange'>update:774</span>:java.lang.Iterable*</span>; <span class='color_blue'>$irvar1 = <span class='color_red'>0<span class='color_orange'>nullify</span></span>:void</span> ;
    <span class='color_blue'>_t$2|->{fAssumption:null<span class='color_orange'>update:(z)774</span>, fMatcher:_t$1<span class='color_orange'>update:774</span>, fValue:_t$0<span class='color_orange'>update:774</span>, fValueMatcher:1<span class='color_orange'>update:774</span>}<span class='color_orange'>formal(z)</span>:org.junit.AssumptionViolatedException</span>; <span class='color_blue'>_t$1|->{}<span class='color_orange'>formal(z)</span>:org.hamcrest.Matcher( sub )</span>; <span class='color_blue'>_t$0|->{}<span class='color_orange'>formal</span>:java.lang.Throwable( sub )(instof)</span>
    [footprint
       <span class='color_blue'>#GB<>$org.junit.tests.running.classes.ParameterizedTestTest$AssumptionInParametersMethod = {assumptionFails:@f$0<span class='color_orange'>rearrange:774</span>}<span class='color_orange'>rearrange:774</span>:org.junit.tests.running.classes.ParameterizedTestTest$AssumptionInParametersMethod( sub )</span>  ]</span>
    
    
    
  Processing prop 2/2
    Instruction <span class='color_green'>NULLIFY(&amp;$irvar0); [line 775]</span>
    in vpath_find exp:_t$2
    vpath_find: cannot find _t$2
    Instruction Returns
    PROP 1 of 1:
    <span class='color_blue'><span class='color_blue'>_t$0 != 0</span>; <span class='color_blue'>MEMne &lt; void Assume.assumeFalse(boolean):774 &gt; <span class='color_orange'>{vpath: }</span>(_t$2)</span>; <span class='color_blue'>UND &lt; Matcher CoreMatchers.is(Throwable) &gt; :57(_t$1)</span>; <span class='color_blue'>UND &lt; Boolean Boolean.valueOf(boolean) &gt; :57(_t$0)</span> ;
    <span class='color_blue'>#GB<>$org.junit.tests.running.classes.ParameterizedTestTest$AssumptionInParametersMethod = {assumptionFails:@f$0<span class='color_orange'>rearrange:774</span>}<span class='color_orange'>rearrange:774</span>:org.junit.tests.running.classes.ParameterizedTestTest$AssumptionInParametersMethod( sub )</span>; <span class='color_blue'>$irvar0 = 0<span class='color_orange'>nullify</span>:void</span>; <span class='color_blue'>return = EXN _t$2<span class='color_orange'>update:774</span>:java.lang.Iterable*</span>; <span class='color_blue'>$irvar1 = _t$3<span class='color_orange'>initial</span>:void</span> ;
    <span class='color_blue'>_t$2|->{fAssumption:null<span class='color_orange'>update:(z)774</span>, fMatcher:_t$1<span class='color_orange'>update:774</span>, fValue:_t$0<span class='color_orange'>update:774</span>, fValueMatcher:1<span class='color_orange'>update:774</span>}<span class='color_orange'>formal(z)</span>:org.junit.AssumptionViolatedException</span>; <span class='color_blue'>_t$1|->{}<span class='color_orange'>formal(z)</span>:org.hamcrest.Matcher( sub )</span>; <span class='color_blue'>_t$0|->{}<span class='color_orange'>formal</span>:java.lang.Throwable( sub )(instof)</span>
    [footprint
       <span class='color_blue'>#GB<>$org.junit.tests.running.classes.ParameterizedTestTest$AssumptionInParametersMethod = {assumptionFails:@f$0<span class='color_orange'>rearrange:774</span>}<span class='color_orange'>rearrange:774</span>:org.junit.tests.running.classes.ParameterizedTestTest$AssumptionInParametersMethod( sub )</span>  ]</span>
    
    Instruction <span class='color_green'>NULLIFY(&amp;$irvar1); [line 775]</span>
    in vpath_find exp:_t$2
    vpath_find: cannot find _t$2
    Instruction Returns
    PROP 1 of 1:
    <span class='color_blue'><span class='color_blue'>_t$0 != 0</span>; <span class='color_blue'>MEMne &lt; void Assume.assumeFalse(boolean):774 &gt; <span class='color_orange'>{vpath: }</span>(_t$2)</span>; <span class='color_blue'>UND &lt; Matcher CoreMatchers.is(Throwable) &gt; :57(_t$1)</span>; <span class='color_blue'>UND &lt; Boolean Boolean.valueOf(boolean) &gt; :57(_t$0)</span> ;
    <span class='color_blue'>#GB<>$org.junit.tests.running.classes.ParameterizedTestTest$AssumptionInParametersMethod = {assumptionFails:@f$0<span class='color_orange'>rearrange:774</span>}<span class='color_orange'>rearrange:774</span>:org.junit.tests.running.classes.ParameterizedTestTest$AssumptionInParametersMethod( sub )</span>; <span class='color_blue'>$irvar0 = 0<span class='color_orange'>nullify</span>:void</span>; <span class='color_blue'>return = EXN _t$2<span class='color_orange'>update:774</span>:java.lang.Iterable*</span>; <span class='color_blue'>$irvar1 = <span class='color_red'>0<span class='color_orange'>nullify</span></span>:void</span> ;
    <span class='color_blue'>_t$2|->{fAssumption:null<span class='color_orange'>update:(z)774</span>, fMatcher:_t$1<span class='color_orange'>update:774</span>, fValue:_t$0<span class='color_orange'>update:774</span>, fValueMatcher:1<span class='color_orange'>update:774</span>}<span class='color_orange'>formal(z)</span>:org.junit.AssumptionViolatedException</span>; <span class='color_blue'>_t$1|->{}<span class='color_orange'>formal(z)</span>:org.hamcrest.Matcher( sub )</span>; <span class='color_blue'>_t$0|->{}<span class='color_orange'>formal</span>:java.lang.Throwable( sub )(instof)</span>
    [footprint
       <span class='color_blue'>#GB<>$org.junit.tests.running.classes.ParameterizedTestTest$AssumptionInParametersMethod = {assumptionFails:@f$0<span class='color_orange'>rearrange:774</span>}<span class='color_orange'>rearrange:774</span>:org.junit.tests.running.classes.ParameterizedTestTest$AssumptionInParametersMethod( sub )</span>  ]</span>
    
    Instruction <span class='color_green'>EXIT_SCOPE($irvar0,$irvar1); [line 775]</span>
    in vpath_find exp:_t$2
    vpath_find: cannot find _t$2
    Instruction Returns
    PROP 1 of 1:
    <span class='color_blue'><span class='color_blue'>_t$0 != 0</span>; <span class='color_blue'>MEMne &lt; void Assume.assumeFalse(boolean):774 &gt; <span class='color_orange'>{vpath: }</span>(_t$2)</span>; <span class='color_blue'>UND &lt; Matcher CoreMatchers.is(Throwable) &gt; :57(_t$1)</span>; <span class='color_blue'>UND &lt; Boolean Boolean.valueOf(boolean) &gt; :57(_t$0)</span> ;
    <span class='color_blue'>#GB<>$org.junit.tests.running.classes.ParameterizedTestTest$AssumptionInParametersMethod = {assumptionFails:@f$0<span class='color_orange'>rearrange:774</span>}<span class='color_orange'>rearrange:774</span>:org.junit.tests.running.classes.ParameterizedTestTest$AssumptionInParametersMethod( sub )</span>; <span class='color_blue'>$irvar0 = 0<span class='color_orange'>nullify</span>:void</span>; <span class='color_blue'>return = EXN _t$2<span class='color_orange'>update:774</span>:java.lang.Iterable*</span>; <span class='color_blue'>$irvar1 = 0<span class='color_orange'>nullify</span>:void</span> ;
    <span class='color_blue'>_t$2|->{fAssumption:null<span class='color_orange'>update:(z)774</span>, fMatcher:_t$1<span class='color_orange'>update:774</span>, fValue:_t$0<span class='color_orange'>update:774</span>, fValueMatcher:1<span class='color_orange'>update:774</span>}<span class='color_orange'>formal(z)</span>:org.junit.AssumptionViolatedException</span>; <span class='color_blue'>_t$1|->{}<span class='color_orange'>formal(z)</span>:org.hamcrest.Matcher( sub )</span>; <span class='color_blue'>_t$0|->{}<span class='color_orange'>formal</span>:java.lang.Throwable( sub )(instof)</span>
    [footprint
       <span class='color_blue'>#GB<>$org.junit.tests.running.classes.ParameterizedTestTest$AssumptionInParametersMethod = {assumptionFails:@f$0<span class='color_orange'>rearrange:774</span>}<span class='color_orange'>rearrange:774</span>:org.junit.tests.running.classes.ParameterizedTestTest$AssumptionInParametersMethod( sub )</span>  ]</span>
    
    Instruction <span class='color_green'>APPLY_ABSTRACTION; [line 775]</span>
    in vpath_find exp:_t$2
    vpath_find: cannot find _t$2
    Prover.check_inconsistency_base: inconsistency reason [None]
    Prover.check_inconsistency_base: inconsistency reason [None]
    Can't find field assumptionFails in StrexpMatch.find
    Can't find field assumptionFails in StrexpMatch.find
    <span class='color_blue'>_t$0 != 0; MEMne &lt; void Assume.assumeFalse(boolean):774 &gt; <span class='color_orange'>{vpath: }</span>(_t$2); UND &lt; Matcher CoreMatchers.is(Throwable) &gt; :57(_t$1); UND &lt; Boolean Boolean.valueOf(boolean) &gt; :57(_t$0) ;
    #GB<>$org.junit.tests.running.classes.ParameterizedTestTest$AssumptionInParametersMethod = {assumptionFails:@f$0<span class='color_orange'>rearrange:774</span>}<span class='color_orange'>rearrange:774</span>:org.junit.tests.running.classes.ParameterizedTestTest$AssumptionInParametersMethod( sub ); $irvar0 = 0<span class='color_orange'>nullify</span>:void; return = EXN _t$2<span class='color_orange'>update:774</span>:java.lang.Iterable*; $irvar1 = 0<span class='color_orange'>nullify</span>:void ;
    _t$2|->{fAssumption:null<span class='color_orange'>update:(z)774</span>, fMatcher:_t$1<span class='color_orange'>update:774</span>, fValue:_t$0<span class='color_orange'>update:774</span>, fValueMatcher:1<span class='color_orange'>update:774</span>}<span class='color_orange'>formal(z)</span>:org.junit.AssumptionViolatedException; _t$1|->{}<span class='color_orange'>formal(z)</span>:org.hamcrest.Matcher( sub ); _t$0|->{}<span class='color_orange'>formal</span>:java.lang.Throwable( sub )(instof)
    [footprint
       #GB<>$org.junit.tests.running.classes.ParameterizedTestTest$AssumptionInParametersMethod = {assumptionFails:@f$0<span class='color_orange'>rearrange:774</span>}<span class='color_orange'>rearrange:774</span>:org.junit.tests.running.classes.ParameterizedTestTest$AssumptionInParametersMethod( sub )  ]</span>
    Instruction Returns
    PROP 1 of 1:
    <span class='color_blue'><span class='color_blue'>_t$0 != 0</span>; <span class='color_blue'>MEMne &lt; void Assume.assumeFalse(boolean):774 &gt; <span class='color_orange'>{vpath: }</span>(_t$2)</span>; <span class='color_blue'>UND &lt; Matcher CoreMatchers.is(Throwable) &gt; :57(_t$1)</span>; <span class='color_blue'>UND &lt; Boolean Boolean.valueOf(boolean) &gt; :57(_t$0)</span> ;
    <span class='color_blue'>#GB<>$org.junit.tests.running.classes.ParameterizedTestTest$AssumptionInParametersMethod = {assumptionFails:@f$0<span class='color_orange'>rearrange:774</span>}<span class='color_orange'>rearrange:774</span>:org.junit.tests.running.classes.ParameterizedTestTest$AssumptionInParametersMethod( sub )</span>; <span class='color_blue'>$irvar0 = 0<span class='color_orange'>nullify</span>:void</span>; <span class='color_blue'>return = EXN _t$2<span class='color_orange'>update:774</span>:java.lang.Iterable*</span>; <span class='color_blue'>$irvar1 = 0<span class='color_orange'>nullify</span>:void</span> ;
    <span class='color_blue'>_t$2|->{fAssumption:null<span class='color_orange'>update:(z)774</span>, fMatcher:_t$1<span class='color_orange'>update:774</span>, fValue:_t$0<span class='color_orange'>update:774</span>, fValueMatcher:1<span class='color_orange'>update:774</span>}<span class='color_orange'>formal(z)</span>:org.junit.AssumptionViolatedException</span>; <span class='color_blue'>_t$1|->{}<span class='color_orange'>formal(z)</span>:org.hamcrest.Matcher( sub )</span>; <span class='color_blue'>_t$0|->{}<span class='color_orange'>formal</span>:java.lang.Throwable( sub )(instof)</span>
    [footprint
       <span class='color_blue'>#GB<>$org.junit.tests.running.classes.ParameterizedTestTest$AssumptionInParametersMethod = {assumptionFails:@f$0<span class='color_orange'>rearrange:774</span>}<span class='color_orange'>rearrange:774</span>:org.junit.tests.running.classes.ParameterizedTestTest$AssumptionInParametersMethod( sub )</span>  ]</span>
    
    .... After Symbolic Execution ....
    PROP 1 of 1:
    <span class='color_blue'><span class='color_blue'>_t$0 != 0</span>; <span class='color_blue'>MEMne &lt; void Assume.assumeFalse(boolean):774 &gt; <span class='color_orange'>{vpath: }</span>(_t$2)</span>; <span class='color_blue'>UND &lt; Matcher CoreMatchers.is(Throwable) &gt; :57(_t$1)</span>; <span class='color_blue'>UND &lt; Boolean Boolean.valueOf(boolean) &gt; :57(_t$0)</span> ;
    <span class='color_blue'>#GB<>$org.junit.tests.running.classes.ParameterizedTestTest$AssumptionInParametersMethod = {assumptionFails:@f$0<span class='color_orange'>rearrange:774</span>}<span class='color_orange'>rearrange:774</span>:org.junit.tests.running.classes.ParameterizedTestTest$AssumptionInParametersMethod( sub )</span>; <span class='color_blue'>$irvar0 = 0<span class='color_orange'>nullify</span>:void</span>; <span class='color_blue'>return = EXN _t$2<span class='color_orange'>update:774</span>:java.lang.Iterable*</span>; <span class='color_blue'>$irvar1 = <span class='color_red'>0<span class='color_orange'>nullify</span></span>:void</span> ;
    <span class='color_blue'>_t$2|->{fAssumption:null<span class='color_orange'>update:(z)774</span>, fMatcher:_t$1<span class='color_orange'>update:774</span>, fValue:_t$0<span class='color_orange'>update:774</span>, fValueMatcher:1<span class='color_orange'>update:774</span>}<span class='color_orange'>formal(z)</span>:org.junit.AssumptionViolatedException</span>; <span class='color_blue'>_t$1|->{}<span class='color_orange'>formal(z)</span>:org.hamcrest.Matcher( sub )</span>; <span class='color_blue'>_t$0|->{}<span class='color_orange'>formal</span>:java.lang.Throwable( sub )(instof)</span>
    [footprint
       <span class='color_blue'>#GB<>$org.junit.tests.running.classes.ParameterizedTestTest$AssumptionInParametersMethod = {assumptionFails:@f$0<span class='color_orange'>rearrange:774</span>}<span class='color_orange'>rearrange:774</span>:org.junit.tests.running.classes.ParameterizedTestTest$AssumptionInParametersMethod( sub )</span>  ]</span>
    
    
    
  </LISTING>
<hr width="100%">
<a name="session37" href="./../nodes/org.junit.tests.running.classes.ParameterizedTestTest%24AssumptionInParametersMethod.data%28%29%3Ajava.lang..bc3fddda8fd789f02c98d1b02d8ed5ed_node3.html#session37">node3#session37</a>(<a href="./../../ParameterizedTestTest.java.88da44e98279dfa32c0c7e5c52f053d0.html#LINE775">775</a>) biabduction
<LISTING class='color_black'>**** [RE:Pending] Iterable ParameterizedTestTest$AssumptionInParametersMethod.data() Node: 3, Procedure: Iterable ParameterizedTestTest$AssumptionInParametersMethod.data(), Todo: 2 ****
  PROP 1 of 2:
  <span class='color_blue'><span class='color_red'>_t$0 != 0</span>; <span class='color_red'>MEMne &lt; void Assume.assumeFalse(boolean):774 &gt; <span class='color_orange'>{vpath: }</span>(_t$2)</span>; <span class='color_red'>UND &lt; Matcher CoreMatchers.is(Object) &gt; :57(_t$1)</span>; <span class='color_red'>UND &lt; Boolean Boolean.valueOf(boolean) &gt; :57(_t$0)</span> ;
  <span class='color_red'>#GB<>$org.junit.tests.running.classes.ParameterizedTestTest$AssumptionInParametersMethod = {assumptionFails:val$2<span class='color_orange'>formal</span>}<span class='color_orange'>formal</span>:org.junit.tests.running.classes.ParameterizedTestTest$AssumptionInParametersMethod( sub )</span>; <span class='color_red'>old_org.junit.tests.running.classes.ParameterizedTestTest$AssumptionInParametersMethod = {assumptionFails:val$2<span class='color_orange'>formal</span>}<span class='color_orange'>formal</span>:org.junit.tests.running.classes.ParameterizedTestTest$AssumptionInParametersMethod( sub )</span>; <span class='color_red'>$RET_java.util.Collections.singletonList(java.lang.Object):java.util.List|abducedRetvar = val$1<span class='color_orange'>formal</span>:java.util.List*( sub )</span>; <span class='color_red'>$irvar0 = 0<span class='color_orange'>nullify</span>:void</span>; <span class='color_red'>return = EXN _t$2<span class='color_orange'>update:774</span>:java.lang.Iterable*</span>; <span class='color_red'>$irvar1 = _t$3<span class='color_orange'>initial</span>:void</span> ;
  <span class='color_red'>_t$2|->{fAssumption:null<span class='color_orange'>update:(z)774</span>, fMatcher:_t$1<span class='color_orange'>update:774</span>, fValue:_t$0<span class='color_orange'>update:774</span>, fValueMatcher:1<span class='color_orange'>update:774</span>}<span class='color_orange'>formal(z)</span>:org.junit.AssumptionViolatedException</span>; <span class='color_red'>_t$1|->{}<span class='color_orange'>formal(z)</span>:org.hamcrest.Matcher( sub )</span>; <span class='color_red'>_t$0|->{}<span class='color_orange'>formal</span>:java.lang.Throwable( sub )(instof)</span></span>
  PROP 2 of 2:
  <span class='color_blue'><span class='color_red'>_t$0 != 0</span>; <span class='color_red'>MEMne &lt; void Assume.assumeFalse(boolean):774 &gt; <span class='color_orange'>{vpath: }</span>(_t$2)</span>; <span class='color_red'>UND &lt; Matcher CoreMatchers.is(Throwable) &gt; :57(_t$1)</span>; <span class='color_red'>UND &lt; Boolean Boolean.valueOf(boolean) &gt; :57(_t$0)</span> ;
  <span class='color_red'>#GB<>$org.junit.tests.running.classes.ParameterizedTestTest$AssumptionInParametersMethod = {assumptionFails:val$2<span class='color_orange'>formal</span>}<span class='color_orange'>formal</span>:org.junit.tests.running.classes.ParameterizedTestTest$AssumptionInParametersMethod( sub )</span>; <span class='color_red'>old_org.junit.tests.running.classes.ParameterizedTestTest$AssumptionInParametersMethod = {assumptionFails:val$2<span class='color_orange'>formal</span>}<span class='color_orange'>formal</span>:org.junit.tests.running.classes.ParameterizedTestTest$AssumptionInParametersMethod( sub )</span>; <span class='color_red'>$RET_java.util.Collections.singletonList(java.lang.Object):java.util.List|abducedRetvar = val$1<span class='color_orange'>formal</span>:java.util.List*( sub )</span>; <span class='color_red'>$irvar0 = 0<span class='color_orange'>nullify</span>:void</span>; <span class='color_red'>return = EXN _t$2<span class='color_orange'>update:774</span>:java.lang.Iterable*</span>; <span class='color_red'>$irvar1 = _t$3<span class='color_orange'>initial</span>:void</span> ;
  <span class='color_red'>_t$2|->{fAssumption:null<span class='color_orange'>update:(z)774</span>, fMatcher:_t$1<span class='color_orange'>update:774</span>, fValue:_t$0<span class='color_orange'>update:774</span>, fValueMatcher:1<span class='color_orange'>update:774</span>}<span class='color_orange'>formal(z)</span>:org.junit.AssumptionViolatedException</span>; <span class='color_red'>_t$1|->{}<span class='color_orange'>formal(z)</span>:org.hamcrest.Matcher( sub )</span>; <span class='color_red'>_t$0|->{}<span class='color_orange'>formal</span>:java.lang.Throwable( sub )(instof)</span></span>
  .... Instructions: ....
  <span class='color_green'>NULLIFY(&amp;$irvar0); [line 775];
  NULLIFY(&amp;$irvar1); [line 775];
  EXIT_SCOPE($irvar0,$irvar1); [line 775];
  APPLY_ABSTRACTION; [line 775];
  </span>
  
  Processing prop 1/2
    Instruction <span class='color_green'>NULLIFY(&amp;$irvar0); [line 775]</span>
    in vpath_find exp:_t$2
    vpath_find: cannot find _t$2
    Instruction Returns
    PROP 1 of 1:
    <span class='color_blue'><span class='color_blue'>_t$0 != 0</span>; <span class='color_blue'>MEMne &lt; void Assume.assumeFalse(boolean):774 &gt; <span class='color_orange'>{vpath: }</span>(_t$2)</span>; <span class='color_blue'>UND &lt; Matcher CoreMatchers.is(Object) &gt; :57(_t$1)</span>; <span class='color_blue'>UND &lt; Boolean Boolean.valueOf(boolean) &gt; :57(_t$0)</span> ;
    <span class='color_blue'>#GB<>$org.junit.tests.running.classes.ParameterizedTestTest$AssumptionInParametersMethod = {assumptionFails:val$2<span class='color_orange'>formal</span>}<span class='color_orange'>formal</span>:org.junit.tests.running.classes.ParameterizedTestTest$AssumptionInParametersMethod( sub )</span>; <span class='color_blue'>old_org.junit.tests.running.classes.ParameterizedTestTest$AssumptionInParametersMethod = {assumptionFails:val$2<span class='color_orange'>formal</span>}<span class='color_orange'>formal</span>:org.junit.tests.running.classes.ParameterizedTestTest$AssumptionInParametersMethod( sub )</span>; <span class='color_blue'>$RET_java.util.Collections.singletonList(java.lang.Object):java.util.List|abducedRetvar = val$1<span class='color_orange'>formal</span>:java.util.List*( sub )</span>; <span class='color_blue'>$irvar0 = 0<span class='color_orange'>nullify</span>:void</span>; <span class='color_blue'>return = EXN _t$2<span class='color_orange'>update:774</span>:java.lang.Iterable*</span>; <span class='color_blue'>$irvar1 = _t$3<span class='color_orange'>initial</span>:void</span> ;
    <span class='color_blue'>_t$2|->{fAssumption:null<span class='color_orange'>update:(z)774</span>, fMatcher:_t$1<span class='color_orange'>update:774</span>, fValue:_t$0<span class='color_orange'>update:774</span>, fValueMatcher:1<span class='color_orange'>update:774</span>}<span class='color_orange'>formal(z)</span>:org.junit.AssumptionViolatedException</span>; <span class='color_blue'>_t$1|->{}<span class='color_orange'>formal(z)</span>:org.hamcrest.Matcher( sub )</span>; <span class='color_blue'>_t$0|->{}<span class='color_orange'>formal</span>:java.lang.Throwable( sub )(instof)</span></span>
    
    Instruction <span class='color_green'>NULLIFY(&amp;$irvar1); [line 775]</span>
    in vpath_find exp:_t$2
    vpath_find: cannot find _t$2
    Instruction Returns
    PROP 1 of 1:
    <span class='color_blue'><span class='color_blue'>_t$0 != 0</span>; <span class='color_blue'>MEMne &lt; void Assume.assumeFalse(boolean):774 &gt; <span class='color_orange'>{vpath: }</span>(_t$2)</span>; <span class='color_blue'>UND &lt; Matcher CoreMatchers.is(Object) &gt; :57(_t$1)</span>; <span class='color_blue'>UND &lt; Boolean Boolean.valueOf(boolean) &gt; :57(_t$0)</span> ;
    <span class='color_blue'>#GB<>$org.junit.tests.running.classes.ParameterizedTestTest$AssumptionInParametersMethod = {assumptionFails:val$2<span class='color_orange'>formal</span>}<span class='color_orange'>formal</span>:org.junit.tests.running.classes.ParameterizedTestTest$AssumptionInParametersMethod( sub )</span>; <span class='color_blue'>old_org.junit.tests.running.classes.ParameterizedTestTest$AssumptionInParametersMethod = {assumptionFails:val$2<span class='color_orange'>formal</span>}<span class='color_orange'>formal</span>:org.junit.tests.running.classes.ParameterizedTestTest$AssumptionInParametersMethod( sub )</span>; <span class='color_blue'>$RET_java.util.Collections.singletonList(java.lang.Object):java.util.List|abducedRetvar = val$1<span class='color_orange'>formal</span>:java.util.List*( sub )</span>; <span class='color_blue'>$irvar0 = 0<span class='color_orange'>nullify</span>:void</span>; <span class='color_blue'>return = EXN _t$2<span class='color_orange'>update:774</span>:java.lang.Iterable*</span>; <span class='color_blue'>$irvar1 = <span class='color_red'>0<span class='color_orange'>nullify</span></span>:void</span> ;
    <span class='color_blue'>_t$2|->{fAssumption:null<span class='color_orange'>update:(z)774</span>, fMatcher:_t$1<span class='color_orange'>update:774</span>, fValue:_t$0<span class='color_orange'>update:774</span>, fValueMatcher:1<span class='color_orange'>update:774</span>}<span class='color_orange'>formal(z)</span>:org.junit.AssumptionViolatedException</span>; <span class='color_blue'>_t$1|->{}<span class='color_orange'>formal(z)</span>:org.hamcrest.Matcher( sub )</span>; <span class='color_blue'>_t$0|->{}<span class='color_orange'>formal</span>:java.lang.Throwable( sub )(instof)</span></span>
    
    Instruction <span class='color_green'>EXIT_SCOPE($irvar0,$irvar1); [line 775]</span>
    in vpath_find exp:_t$2
    vpath_find: cannot find _t$2
    Instruction Returns
    PROP 1 of 1:
    <span class='color_blue'><span class='color_blue'>_t$0 != 0</span>; <span class='color_blue'>MEMne &lt; void Assume.assumeFalse(boolean):774 &gt; <span class='color_orange'>{vpath: }</span>(_t$2)</span>; <span class='color_blue'>UND &lt; Matcher CoreMatchers.is(Object) &gt; :57(_t$1)</span>; <span class='color_blue'>UND &lt; Boolean Boolean.valueOf(boolean) &gt; :57(_t$0)</span> ;
    <span class='color_blue'>#GB<>$org.junit.tests.running.classes.ParameterizedTestTest$AssumptionInParametersMethod = {assumptionFails:val$2<span class='color_orange'>formal</span>}<span class='color_orange'>formal</span>:org.junit.tests.running.classes.ParameterizedTestTest$AssumptionInParametersMethod( sub )</span>; <span class='color_blue'>old_org.junit.tests.running.classes.ParameterizedTestTest$AssumptionInParametersMethod = {assumptionFails:val$2<span class='color_orange'>formal</span>}<span class='color_orange'>formal</span>:org.junit.tests.running.classes.ParameterizedTestTest$AssumptionInParametersMethod( sub )</span>; <span class='color_blue'>$RET_java.util.Collections.singletonList(java.lang.Object):java.util.List|abducedRetvar = val$1<span class='color_orange'>formal</span>:java.util.List*( sub )</span>; <span class='color_blue'>$irvar0 = 0<span class='color_orange'>nullify</span>:void</span>; <span class='color_blue'>return = EXN _t$2<span class='color_orange'>update:774</span>:java.lang.Iterable*</span>; <span class='color_blue'>$irvar1 = 0<span class='color_orange'>nullify</span>:void</span> ;
    <span class='color_blue'>_t$2|->{fAssumption:null<span class='color_orange'>update:(z)774</span>, fMatcher:_t$1<span class='color_orange'>update:774</span>, fValue:_t$0<span class='color_orange'>update:774</span>, fValueMatcher:1<span class='color_orange'>update:774</span>}<span class='color_orange'>formal(z)</span>:org.junit.AssumptionViolatedException</span>; <span class='color_blue'>_t$1|->{}<span class='color_orange'>formal(z)</span>:org.hamcrest.Matcher( sub )</span>; <span class='color_blue'>_t$0|->{}<span class='color_orange'>formal</span>:java.lang.Throwable( sub )(instof)</span></span>
    
    Instruction <span class='color_green'>APPLY_ABSTRACTION; [line 775]</span>
    in vpath_find exp:_t$2
    vpath_find: cannot find _t$2
    Prover.check_inconsistency_base: inconsistency reason [None]
    Prover.check_inconsistency_base: inconsistency reason [None]
    Can't find field assumptionFails in StrexpMatch.find
    Can't find field assumptionFails in StrexpMatch.find
    <span class='color_blue'>_t$0 != 0; MEMne &lt; void Assume.assumeFalse(boolean):774 &gt; <span class='color_orange'>{vpath: }</span>(_t$2); UND &lt; Matcher CoreMatchers.is(Object) &gt; :57(_t$1); UND &lt; Boolean Boolean.valueOf(boolean) &gt; :57(_t$0) ;
    #GB<>$org.junit.tests.running.classes.ParameterizedTestTest$AssumptionInParametersMethod = {assumptionFails:val$2<span class='color_orange'>formal</span>}<span class='color_orange'>formal</span>:org.junit.tests.running.classes.ParameterizedTestTest$AssumptionInParametersMethod( sub ); old_org.junit.tests.running.classes.ParameterizedTestTest$AssumptionInParametersMethod = {assumptionFails:val$2<span class='color_orange'>formal</span>}<span class='color_orange'>formal</span>:org.junit.tests.running.classes.ParameterizedTestTest$AssumptionInParametersMethod( sub ); $RET_java.util.Collections.singletonList(java.lang.Object):java.util.List|abducedRetvar = val$1<span class='color_orange'>formal</span>:java.util.List*( sub ); $irvar0 = 0<span class='color_orange'>nullify</span>:void; return = EXN _t$2<span class='color_orange'>update:774</span>:java.lang.Iterable*; $irvar1 = 0<span class='color_orange'>nullify</span>:void ;
    _t$2|->{fAssumption:null<span class='color_orange'>update:(z)774</span>, fMatcher:_t$1<span class='color_orange'>update:774</span>, fValue:_t$0<span class='color_orange'>update:774</span>, fValueMatcher:1<span class='color_orange'>update:774</span>}<span class='color_orange'>formal(z)</span>:org.junit.AssumptionViolatedException; _t$1|->{}<span class='color_orange'>formal(z)</span>:org.hamcrest.Matcher( sub ); _t$0|->{}<span class='color_orange'>formal</span>:java.lang.Throwable( sub )(instof)</span>
    Instruction Returns
    PROP 1 of 1:
    <span class='color_blue'><span class='color_blue'>_t$0 != 0</span>; <span class='color_blue'>MEMne &lt; void Assume.assumeFalse(boolean):774 &gt; <span class='color_orange'>{vpath: }</span>(_t$2)</span>; <span class='color_blue'>UND &lt; Matcher CoreMatchers.is(Object) &gt; :57(_t$1)</span>; <span class='color_blue'>UND &lt; Boolean Boolean.valueOf(boolean) &gt; :57(_t$0)</span> ;
    <span class='color_blue'>#GB<>$org.junit.tests.running.classes.ParameterizedTestTest$AssumptionInParametersMethod = {assumptionFails:val$2<span class='color_orange'>formal</span>}<span class='color_orange'>formal</span>:org.junit.tests.running.classes.ParameterizedTestTest$AssumptionInParametersMethod( sub )</span>; <span class='color_blue'>old_org.junit.tests.running.classes.ParameterizedTestTest$AssumptionInParametersMethod = {assumptionFails:val$2<span class='color_orange'>formal</span>}<span class='color_orange'>formal</span>:org.junit.tests.running.classes.ParameterizedTestTest$AssumptionInParametersMethod( sub )</span>; <span class='color_blue'>$RET_java.util.Collections.singletonList(java.lang.Object):java.util.List|abducedRetvar = val$1<span class='color_orange'>formal</span>:java.util.List*( sub )</span>; <span class='color_blue'>$irvar0 = 0<span class='color_orange'>nullify</span>:void</span>; <span class='color_blue'>return = EXN _t$2<span class='color_orange'>update:774</span>:java.lang.Iterable*</span>; <span class='color_blue'>$irvar1 = 0<span class='color_orange'>nullify</span>:void</span> ;
    <span class='color_blue'>_t$2|->{fAssumption:null<span class='color_orange'>update:(z)774</span>, fMatcher:_t$1<span class='color_orange'>update:774</span>, fValue:_t$0<span class='color_orange'>update:774</span>, fValueMatcher:1<span class='color_orange'>update:774</span>}<span class='color_orange'>formal(z)</span>:org.junit.AssumptionViolatedException</span>; <span class='color_blue'>_t$1|->{}<span class='color_orange'>formal(z)</span>:org.hamcrest.Matcher( sub )</span>; <span class='color_blue'>_t$0|->{}<span class='color_orange'>formal</span>:java.lang.Throwable( sub )(instof)</span></span>
    
    .... After Symbolic Execution ....
    PROP 1 of 1:
    <span class='color_blue'><span class='color_blue'>_t$0 != 0</span>; <span class='color_blue'>MEMne &lt; void Assume.assumeFalse(boolean):774 &gt; <span class='color_orange'>{vpath: }</span>(_t$2)</span>; <span class='color_blue'>UND &lt; Matcher CoreMatchers.is(Object) &gt; :57(_t$1)</span>; <span class='color_blue'>UND &lt; Boolean Boolean.valueOf(boolean) &gt; :57(_t$0)</span> ;
    <span class='color_blue'>#GB<>$org.junit.tests.running.classes.ParameterizedTestTest$AssumptionInParametersMethod = {assumptionFails:val$2<span class='color_orange'>formal</span>}<span class='color_orange'>formal</span>:org.junit.tests.running.classes.ParameterizedTestTest$AssumptionInParametersMethod( sub )</span>; <span class='color_blue'>old_org.junit.tests.running.classes.ParameterizedTestTest$AssumptionInParametersMethod = {assumptionFails:val$2<span class='color_orange'>formal</span>}<span class='color_orange'>formal</span>:org.junit.tests.running.classes.ParameterizedTestTest$AssumptionInParametersMethod( sub )</span>; <span class='color_blue'>$RET_java.util.Collections.singletonList(java.lang.Object):java.util.List|abducedRetvar = val$1<span class='color_orange'>formal</span>:java.util.List*( sub )</span>; <span class='color_blue'>$irvar0 = 0<span class='color_orange'>nullify</span>:void</span>; <span class='color_blue'>return = EXN _t$2<span class='color_orange'>update:774</span>:java.lang.Iterable*</span>; <span class='color_blue'>$irvar1 = <span class='color_red'>0<span class='color_orange'>nullify</span></span>:void</span> ;
    <span class='color_blue'>_t$2|->{fAssumption:null<span class='color_orange'>update:(z)774</span>, fMatcher:_t$1<span class='color_orange'>update:774</span>, fValue:_t$0<span class='color_orange'>update:774</span>, fValueMatcher:1<span class='color_orange'>update:774</span>}<span class='color_orange'>formal(z)</span>:org.junit.AssumptionViolatedException</span>; <span class='color_blue'>_t$1|->{}<span class='color_orange'>formal(z)</span>:org.hamcrest.Matcher( sub )</span>; <span class='color_blue'>_t$0|->{}<span class='color_orange'>formal</span>:java.lang.Throwable( sub )(instof)</span></span>
    
    
    
  Processing prop 2/2
    Instruction <span class='color_green'>NULLIFY(&amp;$irvar0); [line 775]</span>
    in vpath_find exp:_t$2
    vpath_find: cannot find _t$2
    Instruction Returns
    PROP 1 of 1:
    <span class='color_blue'><span class='color_blue'>_t$0 != 0</span>; <span class='color_blue'>MEMne &lt; void Assume.assumeFalse(boolean):774 &gt; <span class='color_orange'>{vpath: }</span>(_t$2)</span>; <span class='color_blue'>UND &lt; Matcher CoreMatchers.is(Throwable) &gt; :57(_t$1)</span>; <span class='color_blue'>UND &lt; Boolean Boolean.valueOf(boolean) &gt; :57(_t$0)</span> ;
    <span class='color_blue'>#GB<>$org.junit.tests.running.classes.ParameterizedTestTest$AssumptionInParametersMethod = {assumptionFails:val$2<span class='color_orange'>formal</span>}<span class='color_orange'>formal</span>:org.junit.tests.running.classes.ParameterizedTestTest$AssumptionInParametersMethod( sub )</span>; <span class='color_blue'>old_org.junit.tests.running.classes.ParameterizedTestTest$AssumptionInParametersMethod = {assumptionFails:val$2<span class='color_orange'>formal</span>}<span class='color_orange'>formal</span>:org.junit.tests.running.classes.ParameterizedTestTest$AssumptionInParametersMethod( sub )</span>; <span class='color_blue'>$RET_java.util.Collections.singletonList(java.lang.Object):java.util.List|abducedRetvar = val$1<span class='color_orange'>formal</span>:java.util.List*( sub )</span>; <span class='color_blue'>$irvar0 = 0<span class='color_orange'>nullify</span>:void</span>; <span class='color_blue'>return = EXN _t$2<span class='color_orange'>update:774</span>:java.lang.Iterable*</span>; <span class='color_blue'>$irvar1 = _t$3<span class='color_orange'>initial</span>:void</span> ;
    <span class='color_blue'>_t$2|->{fAssumption:null<span class='color_orange'>update:(z)774</span>, fMatcher:_t$1<span class='color_orange'>update:774</span>, fValue:_t$0<span class='color_orange'>update:774</span>, fValueMatcher:1<span class='color_orange'>update:774</span>}<span class='color_orange'>formal(z)</span>:org.junit.AssumptionViolatedException</span>; <span class='color_blue'>_t$1|->{}<span class='color_orange'>formal(z)</span>:org.hamcrest.Matcher( sub )</span>; <span class='color_blue'>_t$0|->{}<span class='color_orange'>formal</span>:java.lang.Throwable( sub )(instof)</span></span>
    
    Instruction <span class='color_green'>NULLIFY(&amp;$irvar1); [line 775]</span>
    in vpath_find exp:_t$2
    vpath_find: cannot find _t$2
    Instruction Returns
    PROP 1 of 1:
    <span class='color_blue'><span class='color_blue'>_t$0 != 0</span>; <span class='color_blue'>MEMne &lt; void Assume.assumeFalse(boolean):774 &gt; <span class='color_orange'>{vpath: }</span>(_t$2)</span>; <span class='color_blue'>UND &lt; Matcher CoreMatchers.is(Throwable) &gt; :57(_t$1)</span>; <span class='color_blue'>UND &lt; Boolean Boolean.valueOf(boolean) &gt; :57(_t$0)</span> ;
    <span class='color_blue'>#GB<>$org.junit.tests.running.classes.ParameterizedTestTest$AssumptionInParametersMethod = {assumptionFails:val$2<span class='color_orange'>formal</span>}<span class='color_orange'>formal</span>:org.junit.tests.running.classes.ParameterizedTestTest$AssumptionInParametersMethod( sub )</span>; <span class='color_blue'>old_org.junit.tests.running.classes.ParameterizedTestTest$AssumptionInParametersMethod = {assumptionFails:val$2<span class='color_orange'>formal</span>}<span class='color_orange'>formal</span>:org.junit.tests.running.classes.ParameterizedTestTest$AssumptionInParametersMethod( sub )</span>; <span class='color_blue'>$RET_java.util.Collections.singletonList(java.lang.Object):java.util.List|abducedRetvar = val$1<span class='color_orange'>formal</span>:java.util.List*( sub )</span>; <span class='color_blue'>$irvar0 = 0<span class='color_orange'>nullify</span>:void</span>; <span class='color_blue'>return = EXN _t$2<span class='color_orange'>update:774</span>:java.lang.Iterable*</span>; <span class='color_blue'>$irvar1 = <span class='color_red'>0<span class='color_orange'>nullify</span></span>:void</span> ;
    <span class='color_blue'>_t$2|->{fAssumption:null<span class='color_orange'>update:(z)774</span>, fMatcher:_t$1<span class='color_orange'>update:774</span>, fValue:_t$0<span class='color_orange'>update:774</span>, fValueMatcher:1<span class='color_orange'>update:774</span>}<span class='color_orange'>formal(z)</span>:org.junit.AssumptionViolatedException</span>; <span class='color_blue'>_t$1|->{}<span class='color_orange'>formal(z)</span>:org.hamcrest.Matcher( sub )</span>; <span class='color_blue'>_t$0|->{}<span class='color_orange'>formal</span>:java.lang.Throwable( sub )(instof)</span></span>
    
    Instruction <span class='color_green'>EXIT_SCOPE($irvar0,$irvar1); [line 775]</span>
    in vpath_find exp:_t$2
    vpath_find: cannot find _t$2
    Instruction Returns
    PROP 1 of 1:
    <span class='color_blue'><span class='color_blue'>_t$0 != 0</span>; <span class='color_blue'>MEMne &lt; void Assume.assumeFalse(boolean):774 &gt; <span class='color_orange'>{vpath: }</span>(_t$2)</span>; <span class='color_blue'>UND &lt; Matcher CoreMatchers.is(Throwable) &gt; :57(_t$1)</span>; <span class='color_blue'>UND &lt; Boolean Boolean.valueOf(boolean) &gt; :57(_t$0)</span> ;
    <span class='color_blue'>#GB<>$org.junit.tests.running.classes.ParameterizedTestTest$AssumptionInParametersMethod = {assumptionFails:val$2<span class='color_orange'>formal</span>}<span class='color_orange'>formal</span>:org.junit.tests.running.classes.ParameterizedTestTest$AssumptionInParametersMethod( sub )</span>; <span class='color_blue'>old_org.junit.tests.running.classes.ParameterizedTestTest$AssumptionInParametersMethod = {assumptionFails:val$2<span class='color_orange'>formal</span>}<span class='color_orange'>formal</span>:org.junit.tests.running.classes.ParameterizedTestTest$AssumptionInParametersMethod( sub )</span>; <span class='color_blue'>$RET_java.util.Collections.singletonList(java.lang.Object):java.util.List|abducedRetvar = val$1<span class='color_orange'>formal</span>:java.util.List*( sub )</span>; <span class='color_blue'>$irvar0 = 0<span class='color_orange'>nullify</span>:void</span>; <span class='color_blue'>return = EXN _t$2<span class='color_orange'>update:774</span>:java.lang.Iterable*</span>; <span class='color_blue'>$irvar1 = 0<span class='color_orange'>nullify</span>:void</span> ;
    <span class='color_blue'>_t$2|->{fAssumption:null<span class='color_orange'>update:(z)774</span>, fMatcher:_t$1<span class='color_orange'>update:774</span>, fValue:_t$0<span class='color_orange'>update:774</span>, fValueMatcher:1<span class='color_orange'>update:774</span>}<span class='color_orange'>formal(z)</span>:org.junit.AssumptionViolatedException</span>; <span class='color_blue'>_t$1|->{}<span class='color_orange'>formal(z)</span>:org.hamcrest.Matcher( sub )</span>; <span class='color_blue'>_t$0|->{}<span class='color_orange'>formal</span>:java.lang.Throwable( sub )(instof)</span></span>
    
    Instruction <span class='color_green'>APPLY_ABSTRACTION; [line 775]</span>
    in vpath_find exp:_t$2
    vpath_find: cannot find _t$2
    Prover.check_inconsistency_base: inconsistency reason [None]
    Prover.check_inconsistency_base: inconsistency reason [None]
    Can't find field assumptionFails in StrexpMatch.find
    Can't find field assumptionFails in StrexpMatch.find
    <span class='color_blue'>_t$0 != 0; MEMne &lt; void Assume.assumeFalse(boolean):774 &gt; <span class='color_orange'>{vpath: }</span>(_t$2); UND &lt; Matcher CoreMatchers.is(Throwable) &gt; :57(_t$1); UND &lt; Boolean Boolean.valueOf(boolean) &gt; :57(_t$0) ;
    #GB<>$org.junit.tests.running.classes.ParameterizedTestTest$AssumptionInParametersMethod = {assumptionFails:val$2<span class='color_orange'>formal</span>}<span class='color_orange'>formal</span>:org.junit.tests.running.classes.ParameterizedTestTest$AssumptionInParametersMethod( sub ); old_org.junit.tests.running.classes.ParameterizedTestTest$AssumptionInParametersMethod = {assumptionFails:val$2<span class='color_orange'>formal</span>}<span class='color_orange'>formal</span>:org.junit.tests.running.classes.ParameterizedTestTest$AssumptionInParametersMethod( sub ); $RET_java.util.Collections.singletonList(java.lang.Object):java.util.List|abducedRetvar = val$1<span class='color_orange'>formal</span>:java.util.List*( sub ); $irvar0 = 0<span class='color_orange'>nullify</span>:void; return = EXN _t$2<span class='color_orange'>update:774</span>:java.lang.Iterable*; $irvar1 = 0<span class='color_orange'>nullify</span>:void ;
    _t$2|->{fAssumption:null<span class='color_orange'>update:(z)774</span>, fMatcher:_t$1<span class='color_orange'>update:774</span>, fValue:_t$0<span class='color_orange'>update:774</span>, fValueMatcher:1<span class='color_orange'>update:774</span>}<span class='color_orange'>formal(z)</span>:org.junit.AssumptionViolatedException; _t$1|->{}<span class='color_orange'>formal(z)</span>:org.hamcrest.Matcher( sub ); _t$0|->{}<span class='color_orange'>formal</span>:java.lang.Throwable( sub )(instof)</span>
    Instruction Returns
    PROP 1 of 1:
    <span class='color_blue'><span class='color_blue'>_t$0 != 0</span>; <span class='color_blue'>MEMne &lt; void Assume.assumeFalse(boolean):774 &gt; <span class='color_orange'>{vpath: }</span>(_t$2)</span>; <span class='color_blue'>UND &lt; Matcher CoreMatchers.is(Throwable) &gt; :57(_t$1)</span>; <span class='color_blue'>UND &lt; Boolean Boolean.valueOf(boolean) &gt; :57(_t$0)</span> ;
    <span class='color_blue'>#GB<>$org.junit.tests.running.classes.ParameterizedTestTest$AssumptionInParametersMethod = {assumptionFails:val$2<span class='color_orange'>formal</span>}<span class='color_orange'>formal</span>:org.junit.tests.running.classes.ParameterizedTestTest$AssumptionInParametersMethod( sub )</span>; <span class='color_blue'>old_org.junit.tests.running.classes.ParameterizedTestTest$AssumptionInParametersMethod = {assumptionFails:val$2<span class='color_orange'>formal</span>}<span class='color_orange'>formal</span>:org.junit.tests.running.classes.ParameterizedTestTest$AssumptionInParametersMethod( sub )</span>; <span class='color_blue'>$RET_java.util.Collections.singletonList(java.lang.Object):java.util.List|abducedRetvar = val$1<span class='color_orange'>formal</span>:java.util.List*( sub )</span>; <span class='color_blue'>$irvar0 = 0<span class='color_orange'>nullify</span>:void</span>; <span class='color_blue'>return = EXN _t$2<span class='color_orange'>update:774</span>:java.lang.Iterable*</span>; <span class='color_blue'>$irvar1 = 0<span class='color_orange'>nullify</span>:void</span> ;
    <span class='color_blue'>_t$2|->{fAssumption:null<span class='color_orange'>update:(z)774</span>, fMatcher:_t$1<span class='color_orange'>update:774</span>, fValue:_t$0<span class='color_orange'>update:774</span>, fValueMatcher:1<span class='color_orange'>update:774</span>}<span class='color_orange'>formal(z)</span>:org.junit.AssumptionViolatedException</span>; <span class='color_blue'>_t$1|->{}<span class='color_orange'>formal(z)</span>:org.hamcrest.Matcher( sub )</span>; <span class='color_blue'>_t$0|->{}<span class='color_orange'>formal</span>:java.lang.Throwable( sub )(instof)</span></span>
    
    .... After Symbolic Execution ....
    PROP 1 of 1:
    <span class='color_blue'><span class='color_blue'>_t$0 != 0</span>; <span class='color_blue'>MEMne &lt; void Assume.assumeFalse(boolean):774 &gt; <span class='color_orange'>{vpath: }</span>(_t$2)</span>; <span class='color_blue'>UND &lt; Matcher CoreMatchers.is(Throwable) &gt; :57(_t$1)</span>; <span class='color_blue'>UND &lt; Boolean Boolean.valueOf(boolean) &gt; :57(_t$0)</span> ;
    <span class='color_blue'>#GB<>$org.junit.tests.running.classes.ParameterizedTestTest$AssumptionInParametersMethod = {assumptionFails:val$2<span class='color_orange'>formal</span>}<span class='color_orange'>formal</span>:org.junit.tests.running.classes.ParameterizedTestTest$AssumptionInParametersMethod( sub )</span>; <span class='color_blue'>old_org.junit.tests.running.classes.ParameterizedTestTest$AssumptionInParametersMethod = {assumptionFails:val$2<span class='color_orange'>formal</span>}<span class='color_orange'>formal</span>:org.junit.tests.running.classes.ParameterizedTestTest$AssumptionInParametersMethod( sub )</span>; <span class='color_blue'>$RET_java.util.Collections.singletonList(java.lang.Object):java.util.List|abducedRetvar = val$1<span class='color_orange'>formal</span>:java.util.List*( sub )</span>; <span class='color_blue'>$irvar0 = 0<span class='color_orange'>nullify</span>:void</span>; <span class='color_blue'>return = EXN _t$2<span class='color_orange'>update:774</span>:java.lang.Iterable*</span>; <span class='color_blue'>$irvar1 = <span class='color_red'>0<span class='color_orange'>nullify</span></span>:void</span> ;
    <span class='color_blue'>_t$2|->{fAssumption:null<span class='color_orange'>update:(z)774</span>, fMatcher:_t$1<span class='color_orange'>update:774</span>, fValue:_t$0<span class='color_orange'>update:774</span>, fValueMatcher:1<span class='color_orange'>update:774</span>}<span class='color_orange'>formal(z)</span>:org.junit.AssumptionViolatedException</span>; <span class='color_blue'>_t$1|->{}<span class='color_orange'>formal(z)</span>:org.hamcrest.Matcher( sub )</span>; <span class='color_blue'>_t$0|->{}<span class='color_orange'>formal</span>:java.lang.Throwable( sub )(instof)</span></span>
    
    
    
  </LISTING>
<hr width="100%">
<a name="session46" href="./../nodes/org.junit.tests.running.classes.ParameterizedTestTest%24AssumptionInParametersMethod.data%28%29%3Ajava.lang..bc3fddda8fd789f02c98d1b02d8ed5ed_node3.html#session46">node3#session46</a>(<a href="./../../ParameterizedTestTest.java.88da44e98279dfa32c0c7e5c52f053d0.html#LINE775">775</a>) biabduction
<LISTING class='color_black'>**** [RE:Pending] Iterable ParameterizedTestTest$AssumptionInParametersMethod.data() Node: 3, Procedure: Iterable ParameterizedTestTest$AssumptionInParametersMethod.data(), Todo: 2 ****
  PROP 1 of 2:
  <span class='color_blue'><span class='color_red'>_t$0 != 0</span>; <span class='color_red'>MEMne &lt; void Assume.assumeFalse(boolean):774 &gt; <span class='color_orange'>{vpath: }</span>(_t$2)</span>; <span class='color_red'>UND &lt; Matcher CoreMatchers.is(Object) &gt; :57(_t$1)</span>; <span class='color_red'>UND &lt; Boolean Boolean.valueOf(boolean) &gt; :57(_t$0)</span> ;
  <span class='color_red'>#GB<>$org.junit.tests.running.classes.ParameterizedTestTest$AssumptionInParametersMethod = {assumptionFails:val$1<span class='color_orange'>formal</span>}<span class='color_orange'>formal</span>:org.junit.tests.running.classes.ParameterizedTestTest$AssumptionInParametersMethod( sub )</span>; <span class='color_red'>old_org.junit.tests.running.classes.ParameterizedTestTest$AssumptionInParametersMethod = {assumptionFails:val$1<span class='color_orange'>formal</span>}<span class='color_orange'>formal</span>:org.junit.tests.running.classes.ParameterizedTestTest$AssumptionInParametersMethod( sub )</span>; <span class='color_red'>$irvar0 = 0<span class='color_orange'>nullify</span>:void</span>; <span class='color_red'>return = EXN _t$2<span class='color_orange'>update:774</span>:java.lang.Iterable*</span>; <span class='color_red'>$irvar1 = _t$3<span class='color_orange'>initial</span>:void</span> ;
  <span class='color_red'>_t$2|->{fAssumption:null<span class='color_orange'>update:(z)774</span>, fMatcher:_t$1<span class='color_orange'>update:774</span>, fValue:_t$0<span class='color_orange'>update:774</span>, fValueMatcher:1<span class='color_orange'>update:774</span>}<span class='color_orange'>formal(z)</span>:org.junit.AssumptionViolatedException</span>; <span class='color_red'>_t$1|->{}<span class='color_orange'>formal(z)</span>:org.hamcrest.Matcher( sub )</span>; <span class='color_red'>_t$0|->{}<span class='color_orange'>formal</span>:java.lang.Throwable( sub )(instof)</span></span>
  PROP 2 of 2:
  <span class='color_blue'><span class='color_red'>_t$0 != 0</span>; <span class='color_red'>MEMne &lt; void Assume.assumeFalse(boolean):774 &gt; <span class='color_orange'>{vpath: }</span>(_t$2)</span>; <span class='color_red'>UND &lt; Matcher CoreMatchers.is(Throwable) &gt; :57(_t$1)</span>; <span class='color_red'>UND &lt; Boolean Boolean.valueOf(boolean) &gt; :57(_t$0)</span> ;
  <span class='color_red'>#GB<>$org.junit.tests.running.classes.ParameterizedTestTest$AssumptionInParametersMethod = {assumptionFails:val$1<span class='color_orange'>formal</span>}<span class='color_orange'>formal</span>:org.junit.tests.running.classes.ParameterizedTestTest$AssumptionInParametersMethod( sub )</span>; <span class='color_red'>old_org.junit.tests.running.classes.ParameterizedTestTest$AssumptionInParametersMethod = {assumptionFails:val$1<span class='color_orange'>formal</span>}<span class='color_orange'>formal</span>:org.junit.tests.running.classes.ParameterizedTestTest$AssumptionInParametersMethod( sub )</span>; <span class='color_red'>$irvar0 = 0<span class='color_orange'>nullify</span>:void</span>; <span class='color_red'>return = EXN _t$2<span class='color_orange'>update:774</span>:java.lang.Iterable*</span>; <span class='color_red'>$irvar1 = _t$3<span class='color_orange'>initial</span>:void</span> ;
  <span class='color_red'>_t$2|->{fAssumption:null<span class='color_orange'>update:(z)774</span>, fMatcher:_t$1<span class='color_orange'>update:774</span>, fValue:_t$0<span class='color_orange'>update:774</span>, fValueMatcher:1<span class='color_orange'>update:774</span>}<span class='color_orange'>formal(z)</span>:org.junit.AssumptionViolatedException</span>; <span class='color_red'>_t$1|->{}<span class='color_orange'>formal(z)</span>:org.hamcrest.Matcher( sub )</span>; <span class='color_red'>_t$0|->{}<span class='color_orange'>formal</span>:java.lang.Throwable( sub )(instof)</span></span>
  .... Instructions: ....
  <span class='color_green'>NULLIFY(&amp;$irvar0); [line 775];
  NULLIFY(&amp;$irvar1); [line 775];
  EXIT_SCOPE($irvar0,$irvar1); [line 775];
  APPLY_ABSTRACTION; [line 775];
  </span>
  
  Processing prop 1/2
    Instruction <span class='color_green'>NULLIFY(&amp;$irvar0); [line 775]</span>
    in vpath_find exp:_t$2
    vpath_find: cannot find _t$2
    Instruction Returns
    PROP 1 of 1:
    <span class='color_blue'><span class='color_blue'>_t$0 != 0</span>; <span class='color_blue'>MEMne &lt; void Assume.assumeFalse(boolean):774 &gt; <span class='color_orange'>{vpath: }</span>(_t$2)</span>; <span class='color_blue'>UND &lt; Matcher CoreMatchers.is(Object) &gt; :57(_t$1)</span>; <span class='color_blue'>UND &lt; Boolean Boolean.valueOf(boolean) &gt; :57(_t$0)</span> ;
    <span class='color_blue'>#GB<>$org.junit.tests.running.classes.ParameterizedTestTest$AssumptionInParametersMethod = {assumptionFails:val$1<span class='color_orange'>formal</span>}<span class='color_orange'>formal</span>:org.junit.tests.running.classes.ParameterizedTestTest$AssumptionInParametersMethod( sub )</span>; <span class='color_blue'>old_org.junit.tests.running.classes.ParameterizedTestTest$AssumptionInParametersMethod = {assumptionFails:val$1<span class='color_orange'>formal</span>}<span class='color_orange'>formal</span>:org.junit.tests.running.classes.ParameterizedTestTest$AssumptionInParametersMethod( sub )</span>; <span class='color_blue'>$irvar0 = 0<span class='color_orange'>nullify</span>:void</span>; <span class='color_blue'>return = EXN _t$2<span class='color_orange'>update:774</span>:java.lang.Iterable*</span>; <span class='color_blue'>$irvar1 = _t$3<span class='color_orange'>initial</span>:void</span> ;
    <span class='color_blue'>_t$2|->{fAssumption:null<span class='color_orange'>update:(z)774</span>, fMatcher:_t$1<span class='color_orange'>update:774</span>, fValue:_t$0<span class='color_orange'>update:774</span>, fValueMatcher:1<span class='color_orange'>update:774</span>}<span class='color_orange'>formal(z)</span>:org.junit.AssumptionViolatedException</span>; <span class='color_blue'>_t$1|->{}<span class='color_orange'>formal(z)</span>:org.hamcrest.Matcher( sub )</span>; <span class='color_blue'>_t$0|->{}<span class='color_orange'>formal</span>:java.lang.Throwable( sub )(instof)</span></span>
    
    Instruction <span class='color_green'>NULLIFY(&amp;$irvar1); [line 775]</span>
    in vpath_find exp:_t$2
    vpath_find: cannot find _t$2
    Instruction Returns
    PROP 1 of 1:
    <span class='color_blue'><span class='color_blue'>_t$0 != 0</span>; <span class='color_blue'>MEMne &lt; void Assume.assumeFalse(boolean):774 &gt; <span class='color_orange'>{vpath: }</span>(_t$2)</span>; <span class='color_blue'>UND &lt; Matcher CoreMatchers.is(Object) &gt; :57(_t$1)</span>; <span class='color_blue'>UND &lt; Boolean Boolean.valueOf(boolean) &gt; :57(_t$0)</span> ;
    <span class='color_blue'>#GB<>$org.junit.tests.running.classes.ParameterizedTestTest$AssumptionInParametersMethod = {assumptionFails:val$1<span class='color_orange'>formal</span>}<span class='color_orange'>formal</span>:org.junit.tests.running.classes.ParameterizedTestTest$AssumptionInParametersMethod( sub )</span>; <span class='color_blue'>old_org.junit.tests.running.classes.ParameterizedTestTest$AssumptionInParametersMethod = {assumptionFails:val$1<span class='color_orange'>formal</span>}<span class='color_orange'>formal</span>:org.junit.tests.running.classes.ParameterizedTestTest$AssumptionInParametersMethod( sub )</span>; <span class='color_blue'>$irvar0 = 0<span class='color_orange'>nullify</span>:void</span>; <span class='color_blue'>return = EXN _t$2<span class='color_orange'>update:774</span>:java.lang.Iterable*</span>; <span class='color_blue'>$irvar1 = <span class='color_red'>0<span class='color_orange'>nullify</span></span>:void</span> ;
    <span class='color_blue'>_t$2|->{fAssumption:null<span class='color_orange'>update:(z)774</span>, fMatcher:_t$1<span class='color_orange'>update:774</span>, fValue:_t$0<span class='color_orange'>update:774</span>, fValueMatcher:1<span class='color_orange'>update:774</span>}<span class='color_orange'>formal(z)</span>:org.junit.AssumptionViolatedException</span>; <span class='color_blue'>_t$1|->{}<span class='color_orange'>formal(z)</span>:org.hamcrest.Matcher( sub )</span>; <span class='color_blue'>_t$0|->{}<span class='color_orange'>formal</span>:java.lang.Throwable( sub )(instof)</span></span>
    
    Instruction <span class='color_green'>EXIT_SCOPE($irvar0,$irvar1); [line 775]</span>
    in vpath_find exp:_t$2
    vpath_find: cannot find _t$2
    Instruction Returns
    PROP 1 of 1:
    <span class='color_blue'><span class='color_blue'>_t$0 != 0</span>; <span class='color_blue'>MEMne &lt; void Assume.assumeFalse(boolean):774 &gt; <span class='color_orange'>{vpath: }</span>(_t$2)</span>; <span class='color_blue'>UND &lt; Matcher CoreMatchers.is(Object) &gt; :57(_t$1)</span>; <span class='color_blue'>UND &lt; Boolean Boolean.valueOf(boolean) &gt; :57(_t$0)</span> ;
    <span class='color_blue'>#GB<>$org.junit.tests.running.classes.ParameterizedTestTest$AssumptionInParametersMethod = {assumptionFails:val$1<span class='color_orange'>formal</span>}<span class='color_orange'>formal</span>:org.junit.tests.running.classes.ParameterizedTestTest$AssumptionInParametersMethod( sub )</span>; <span class='color_blue'>old_org.junit.tests.running.classes.ParameterizedTestTest$AssumptionInParametersMethod = {assumptionFails:val$1<span class='color_orange'>formal</span>}<span class='color_orange'>formal</span>:org.junit.tests.running.classes.ParameterizedTestTest$AssumptionInParametersMethod( sub )</span>; <span class='color_blue'>$irvar0 = 0<span class='color_orange'>nullify</span>:void</span>; <span class='color_blue'>return = EXN _t$2<span class='color_orange'>update:774</span>:java.lang.Iterable*</span>; <span class='color_blue'>$irvar1 = 0<span class='color_orange'>nullify</span>:void</span> ;
    <span class='color_blue'>_t$2|->{fAssumption:null<span class='color_orange'>update:(z)774</span>, fMatcher:_t$1<span class='color_orange'>update:774</span>, fValue:_t$0<span class='color_orange'>update:774</span>, fValueMatcher:1<span class='color_orange'>update:774</span>}<span class='color_orange'>formal(z)</span>:org.junit.AssumptionViolatedException</span>; <span class='color_blue'>_t$1|->{}<span class='color_orange'>formal(z)</span>:org.hamcrest.Matcher( sub )</span>; <span class='color_blue'>_t$0|->{}<span class='color_orange'>formal</span>:java.lang.Throwable( sub )(instof)</span></span>
    
    Instruction <span class='color_green'>APPLY_ABSTRACTION; [line 775]</span>
    in vpath_find exp:_t$2
    vpath_find: cannot find _t$2
    Prover.check_inconsistency_base: inconsistency reason [None]
    Prover.check_inconsistency_base: inconsistency reason [None]
    Can't find field assumptionFails in StrexpMatch.find
    Can't find field assumptionFails in StrexpMatch.find
    <span class='color_blue'>_t$0 != 0; MEMne &lt; void Assume.assumeFalse(boolean):774 &gt; <span class='color_orange'>{vpath: }</span>(_t$2); UND &lt; Matcher CoreMatchers.is(Object) &gt; :57(_t$1); UND &lt; Boolean Boolean.valueOf(boolean) &gt; :57(_t$0) ;
    #GB<>$org.junit.tests.running.classes.ParameterizedTestTest$AssumptionInParametersMethod = {assumptionFails:val$1<span class='color_orange'>formal</span>}<span class='color_orange'>formal</span>:org.junit.tests.running.classes.ParameterizedTestTest$AssumptionInParametersMethod( sub ); old_org.junit.tests.running.classes.ParameterizedTestTest$AssumptionInParametersMethod = {assumptionFails:val$1<span class='color_orange'>formal</span>}<span class='color_orange'>formal</span>:org.junit.tests.running.classes.ParameterizedTestTest$AssumptionInParametersMethod( sub ); $irvar0 = 0<span class='color_orange'>nullify</span>:void; return = EXN _t$2<span class='color_orange'>update:774</span>:java.lang.Iterable*; $irvar1 = 0<span class='color_orange'>nullify</span>:void ;
    _t$2|->{fAssumption:null<span class='color_orange'>update:(z)774</span>, fMatcher:_t$1<span class='color_orange'>update:774</span>, fValue:_t$0<span class='color_orange'>update:774</span>, fValueMatcher:1<span class='color_orange'>update:774</span>}<span class='color_orange'>formal(z)</span>:org.junit.AssumptionViolatedException; _t$1|->{}<span class='color_orange'>formal(z)</span>:org.hamcrest.Matcher( sub ); _t$0|->{}<span class='color_orange'>formal</span>:java.lang.Throwable( sub )(instof)</span>
    Instruction Returns
    PROP 1 of 1:
    <span class='color_blue'><span class='color_blue'>_t$0 != 0</span>; <span class='color_blue'>MEMne &lt; void Assume.assumeFalse(boolean):774 &gt; <span class='color_orange'>{vpath: }</span>(_t$2)</span>; <span class='color_blue'>UND &lt; Matcher CoreMatchers.is(Object) &gt; :57(_t$1)</span>; <span class='color_blue'>UND &lt; Boolean Boolean.valueOf(boolean) &gt; :57(_t$0)</span> ;
    <span class='color_blue'>#GB<>$org.junit.tests.running.classes.ParameterizedTestTest$AssumptionInParametersMethod = {assumptionFails:val$1<span class='color_orange'>formal</span>}<span class='color_orange'>formal</span>:org.junit.tests.running.classes.ParameterizedTestTest$AssumptionInParametersMethod( sub )</span>; <span class='color_blue'>old_org.junit.tests.running.classes.ParameterizedTestTest$AssumptionInParametersMethod = {assumptionFails:val$1<span class='color_orange'>formal</span>}<span class='color_orange'>formal</span>:org.junit.tests.running.classes.ParameterizedTestTest$AssumptionInParametersMethod( sub )</span>; <span class='color_blue'>$irvar0 = 0<span class='color_orange'>nullify</span>:void</span>; <span class='color_blue'>return = EXN _t$2<span class='color_orange'>update:774</span>:java.lang.Iterable*</span>; <span class='color_blue'>$irvar1 = 0<span class='color_orange'>nullify</span>:void</span> ;
    <span class='color_blue'>_t$2|->{fAssumption:null<span class='color_orange'>update:(z)774</span>, fMatcher:_t$1<span class='color_orange'>update:774</span>, fValue:_t$0<span class='color_orange'>update:774</span>, fValueMatcher:1<span class='color_orange'>update:774</span>}<span class='color_orange'>formal(z)</span>:org.junit.AssumptionViolatedException</span>; <span class='color_blue'>_t$1|->{}<span class='color_orange'>formal(z)</span>:org.hamcrest.Matcher( sub )</span>; <span class='color_blue'>_t$0|->{}<span class='color_orange'>formal</span>:java.lang.Throwable( sub )(instof)</span></span>
    
    .... After Symbolic Execution ....
    PROP 1 of 1:
    <span class='color_blue'><span class='color_blue'>_t$0 != 0</span>; <span class='color_blue'>MEMne &lt; void Assume.assumeFalse(boolean):774 &gt; <span class='color_orange'>{vpath: }</span>(_t$2)</span>; <span class='color_blue'>UND &lt; Matcher CoreMatchers.is(Object) &gt; :57(_t$1)</span>; <span class='color_blue'>UND &lt; Boolean Boolean.valueOf(boolean) &gt; :57(_t$0)</span> ;
    <span class='color_blue'>#GB<>$org.junit.tests.running.classes.ParameterizedTestTest$AssumptionInParametersMethod = {assumptionFails:val$1<span class='color_orange'>formal</span>}<span class='color_orange'>formal</span>:org.junit.tests.running.classes.ParameterizedTestTest$AssumptionInParametersMethod( sub )</span>; <span class='color_blue'>old_org.junit.tests.running.classes.ParameterizedTestTest$AssumptionInParametersMethod = {assumptionFails:val$1<span class='color_orange'>formal</span>}<span class='color_orange'>formal</span>:org.junit.tests.running.classes.ParameterizedTestTest$AssumptionInParametersMethod( sub )</span>; <span class='color_blue'>$irvar0 = 0<span class='color_orange'>nullify</span>:void</span>; <span class='color_blue'>return = EXN _t$2<span class='color_orange'>update:774</span>:java.lang.Iterable*</span>; <span class='color_blue'>$irvar1 = <span class='color_red'>0<span class='color_orange'>nullify</span></span>:void</span> ;
    <span class='color_blue'>_t$2|->{fAssumption:null<span class='color_orange'>update:(z)774</span>, fMatcher:_t$1<span class='color_orange'>update:774</span>, fValue:_t$0<span class='color_orange'>update:774</span>, fValueMatcher:1<span class='color_orange'>update:774</span>}<span class='color_orange'>formal(z)</span>:org.junit.AssumptionViolatedException</span>; <span class='color_blue'>_t$1|->{}<span class='color_orange'>formal(z)</span>:org.hamcrest.Matcher( sub )</span>; <span class='color_blue'>_t$0|->{}<span class='color_orange'>formal</span>:java.lang.Throwable( sub )(instof)</span></span>
    
    
    
  Processing prop 2/2
    Instruction <span class='color_green'>NULLIFY(&amp;$irvar0); [line 775]</span>
    in vpath_find exp:_t$2
    vpath_find: cannot find _t$2
    Instruction Returns
    PROP 1 of 1:
    <span class='color_blue'><span class='color_blue'>_t$0 != 0</span>; <span class='color_blue'>MEMne &lt; void Assume.assumeFalse(boolean):774 &gt; <span class='color_orange'>{vpath: }</span>(_t$2)</span>; <span class='color_blue'>UND &lt; Matcher CoreMatchers.is(Throwable) &gt; :57(_t$1)</span>; <span class='color_blue'>UND &lt; Boolean Boolean.valueOf(boolean) &gt; :57(_t$0)</span> ;
    <span class='color_blue'>#GB<>$org.junit.tests.running.classes.ParameterizedTestTest$AssumptionInParametersMethod = {assumptionFails:val$1<span class='color_orange'>formal</span>}<span class='color_orange'>formal</span>:org.junit.tests.running.classes.ParameterizedTestTest$AssumptionInParametersMethod( sub )</span>; <span class='color_blue'>old_org.junit.tests.running.classes.ParameterizedTestTest$AssumptionInParametersMethod = {assumptionFails:val$1<span class='color_orange'>formal</span>}<span class='color_orange'>formal</span>:org.junit.tests.running.classes.ParameterizedTestTest$AssumptionInParametersMethod( sub )</span>; <span class='color_blue'>$irvar0 = 0<span class='color_orange'>nullify</span>:void</span>; <span class='color_blue'>return = EXN _t$2<span class='color_orange'>update:774</span>:java.lang.Iterable*</span>; <span class='color_blue'>$irvar1 = _t$3<span class='color_orange'>initial</span>:void</span> ;
    <span class='color_blue'>_t$2|->{fAssumption:null<span class='color_orange'>update:(z)774</span>, fMatcher:_t$1<span class='color_orange'>update:774</span>, fValue:_t$0<span class='color_orange'>update:774</span>, fValueMatcher:1<span class='color_orange'>update:774</span>}<span class='color_orange'>formal(z)</span>:org.junit.AssumptionViolatedException</span>; <span class='color_blue'>_t$1|->{}<span class='color_orange'>formal(z)</span>:org.hamcrest.Matcher( sub )</span>; <span class='color_blue'>_t$0|->{}<span class='color_orange'>formal</span>:java.lang.Throwable( sub )(instof)</span></span>
    
    Instruction <span class='color_green'>NULLIFY(&amp;$irvar1); [line 775]</span>
    in vpath_find exp:_t$2
    vpath_find: cannot find _t$2
    Instruction Returns
    PROP 1 of 1:
    <span class='color_blue'><span class='color_blue'>_t$0 != 0</span>; <span class='color_blue'>MEMne &lt; void Assume.assumeFalse(boolean):774 &gt; <span class='color_orange'>{vpath: }</span>(_t$2)</span>; <span class='color_blue'>UND &lt; Matcher CoreMatchers.is(Throwable) &gt; :57(_t$1)</span>; <span class='color_blue'>UND &lt; Boolean Boolean.valueOf(boolean) &gt; :57(_t$0)</span> ;
    <span class='color_blue'>#GB<>$org.junit.tests.running.classes.ParameterizedTestTest$AssumptionInParametersMethod = {assumptionFails:val$1<span class='color_orange'>formal</span>}<span class='color_orange'>formal</span>:org.junit.tests.running.classes.ParameterizedTestTest$AssumptionInParametersMethod( sub )</span>; <span class='color_blue'>old_org.junit.tests.running.classes.ParameterizedTestTest$AssumptionInParametersMethod = {assumptionFails:val$1<span class='color_orange'>formal</span>}<span class='color_orange'>formal</span>:org.junit.tests.running.classes.ParameterizedTestTest$AssumptionInParametersMethod( sub )</span>; <span class='color_blue'>$irvar0 = 0<span class='color_orange'>nullify</span>:void</span>; <span class='color_blue'>return = EXN _t$2<span class='color_orange'>update:774</span>:java.lang.Iterable*</span>; <span class='color_blue'>$irvar1 = <span class='color_red'>0<span class='color_orange'>nullify</span></span>:void</span> ;
    <span class='color_blue'>_t$2|->{fAssumption:null<span class='color_orange'>update:(z)774</span>, fMatcher:_t$1<span class='color_orange'>update:774</span>, fValue:_t$0<span class='color_orange'>update:774</span>, fValueMatcher:1<span class='color_orange'>update:774</span>}<span class='color_orange'>formal(z)</span>:org.junit.AssumptionViolatedException</span>; <span class='color_blue'>_t$1|->{}<span class='color_orange'>formal(z)</span>:org.hamcrest.Matcher( sub )</span>; <span class='color_blue'>_t$0|->{}<span class='color_orange'>formal</span>:java.lang.Throwable( sub )(instof)</span></span>
    
    Instruction <span class='color_green'>EXIT_SCOPE($irvar0,$irvar1); [line 775]</span>
    in vpath_find exp:_t$2
    vpath_find: cannot find _t$2
    Instruction Returns
    PROP 1 of 1:
    <span class='color_blue'><span class='color_blue'>_t$0 != 0</span>; <span class='color_blue'>MEMne &lt; void Assume.assumeFalse(boolean):774 &gt; <span class='color_orange'>{vpath: }</span>(_t$2)</span>; <span class='color_blue'>UND &lt; Matcher CoreMatchers.is(Throwable) &gt; :57(_t$1)</span>; <span class='color_blue'>UND &lt; Boolean Boolean.valueOf(boolean) &gt; :57(_t$0)</span> ;
    <span class='color_blue'>#GB<>$org.junit.tests.running.classes.ParameterizedTestTest$AssumptionInParametersMethod = {assumptionFails:val$1<span class='color_orange'>formal</span>}<span class='color_orange'>formal</span>:org.junit.tests.running.classes.ParameterizedTestTest$AssumptionInParametersMethod( sub )</span>; <span class='color_blue'>old_org.junit.tests.running.classes.ParameterizedTestTest$AssumptionInParametersMethod = {assumptionFails:val$1<span class='color_orange'>formal</span>}<span class='color_orange'>formal</span>:org.junit.tests.running.classes.ParameterizedTestTest$AssumptionInParametersMethod( sub )</span>; <span class='color_blue'>$irvar0 = 0<span class='color_orange'>nullify</span>:void</span>; <span class='color_blue'>return = EXN _t$2<span class='color_orange'>update:774</span>:java.lang.Iterable*</span>; <span class='color_blue'>$irvar1 = 0<span class='color_orange'>nullify</span>:void</span> ;
    <span class='color_blue'>_t$2|->{fAssumption:null<span class='color_orange'>update:(z)774</span>, fMatcher:_t$1<span class='color_orange'>update:774</span>, fValue:_t$0<span class='color_orange'>update:774</span>, fValueMatcher:1<span class='color_orange'>update:774</span>}<span class='color_orange'>formal(z)</span>:org.junit.AssumptionViolatedException</span>; <span class='color_blue'>_t$1|->{}<span class='color_orange'>formal(z)</span>:org.hamcrest.Matcher( sub )</span>; <span class='color_blue'>_t$0|->{}<span class='color_orange'>formal</span>:java.lang.Throwable( sub )(instof)</span></span>
    
    Instruction <span class='color_green'>APPLY_ABSTRACTION; [line 775]</span>
    in vpath_find exp:_t$2
    vpath_find: cannot find _t$2
    Prover.check_inconsistency_base: inconsistency reason [None]
    Prover.check_inconsistency_base: inconsistency reason [None]
    Can't find field assumptionFails in StrexpMatch.find
    Can't find field assumptionFails in StrexpMatch.find
    <span class='color_blue'>_t$0 != 0; MEMne &lt; void Assume.assumeFalse(boolean):774 &gt; <span class='color_orange'>{vpath: }</span>(_t$2); UND &lt; Matcher CoreMatchers.is(Throwable) &gt; :57(_t$1); UND &lt; Boolean Boolean.valueOf(boolean) &gt; :57(_t$0) ;
    #GB<>$org.junit.tests.running.classes.ParameterizedTestTest$AssumptionInParametersMethod = {assumptionFails:val$1<span class='color_orange'>formal</span>}<span class='color_orange'>formal</span>:org.junit.tests.running.classes.ParameterizedTestTest$AssumptionInParametersMethod( sub ); old_org.junit.tests.running.classes.ParameterizedTestTest$AssumptionInParametersMethod = {assumptionFails:val$1<span class='color_orange'>formal</span>}<span class='color_orange'>formal</span>:org.junit.tests.running.classes.ParameterizedTestTest$AssumptionInParametersMethod( sub ); $irvar0 = 0<span class='color_orange'>nullify</span>:void; return = EXN _t$2<span class='color_orange'>update:774</span>:java.lang.Iterable*; $irvar1 = 0<span class='color_orange'>nullify</span>:void ;
    _t$2|->{fAssumption:null<span class='color_orange'>update:(z)774</span>, fMatcher:_t$1<span class='color_orange'>update:774</span>, fValue:_t$0<span class='color_orange'>update:774</span>, fValueMatcher:1<span class='color_orange'>update:774</span>}<span class='color_orange'>formal(z)</span>:org.junit.AssumptionViolatedException; _t$1|->{}<span class='color_orange'>formal(z)</span>:org.hamcrest.Matcher( sub ); _t$0|->{}<span class='color_orange'>formal</span>:java.lang.Throwable( sub )(instof)</span>
    Instruction Returns
    PROP 1 of 1:
    <span class='color_blue'><span class='color_blue'>_t$0 != 0</span>; <span class='color_blue'>MEMne &lt; void Assume.assumeFalse(boolean):774 &gt; <span class='color_orange'>{vpath: }</span>(_t$2)</span>; <span class='color_blue'>UND &lt; Matcher CoreMatchers.is(Throwable) &gt; :57(_t$1)</span>; <span class='color_blue'>UND &lt; Boolean Boolean.valueOf(boolean) &gt; :57(_t$0)</span> ;
    <span class='color_blue'>#GB<>$org.junit.tests.running.classes.ParameterizedTestTest$AssumptionInParametersMethod = {assumptionFails:val$1<span class='color_orange'>formal</span>}<span class='color_orange'>formal</span>:org.junit.tests.running.classes.ParameterizedTestTest$AssumptionInParametersMethod( sub )</span>; <span class='color_blue'>old_org.junit.tests.running.classes.ParameterizedTestTest$AssumptionInParametersMethod = {assumptionFails:val$1<span class='color_orange'>formal</span>}<span class='color_orange'>formal</span>:org.junit.tests.running.classes.ParameterizedTestTest$AssumptionInParametersMethod( sub )</span>; <span class='color_blue'>$irvar0 = 0<span class='color_orange'>nullify</span>:void</span>; <span class='color_blue'>return = EXN _t$2<span class='color_orange'>update:774</span>:java.lang.Iterable*</span>; <span class='color_blue'>$irvar1 = 0<span class='color_orange'>nullify</span>:void</span> ;
    <span class='color_blue'>_t$2|->{fAssumption:null<span class='color_orange'>update:(z)774</span>, fMatcher:_t$1<span class='color_orange'>update:774</span>, fValue:_t$0<span class='color_orange'>update:774</span>, fValueMatcher:1<span class='color_orange'>update:774</span>}<span class='color_orange'>formal(z)</span>:org.junit.AssumptionViolatedException</span>; <span class='color_blue'>_t$1|->{}<span class='color_orange'>formal(z)</span>:org.hamcrest.Matcher( sub )</span>; <span class='color_blue'>_t$0|->{}<span class='color_orange'>formal</span>:java.lang.Throwable( sub )(instof)</span></span>
    
    .... After Symbolic Execution ....
    PROP 1 of 1:
    <span class='color_blue'><span class='color_blue'>_t$0 != 0</span>; <span class='color_blue'>MEMne &lt; void Assume.assumeFalse(boolean):774 &gt; <span class='color_orange'>{vpath: }</span>(_t$2)</span>; <span class='color_blue'>UND &lt; Matcher CoreMatchers.is(Throwable) &gt; :57(_t$1)</span>; <span class='color_blue'>UND &lt; Boolean Boolean.valueOf(boolean) &gt; :57(_t$0)</span> ;
    <span class='color_blue'>#GB<>$org.junit.tests.running.classes.ParameterizedTestTest$AssumptionInParametersMethod = {assumptionFails:val$1<span class='color_orange'>formal</span>}<span class='color_orange'>formal</span>:org.junit.tests.running.classes.ParameterizedTestTest$AssumptionInParametersMethod( sub )</span>; <span class='color_blue'>old_org.junit.tests.running.classes.ParameterizedTestTest$AssumptionInParametersMethod = {assumptionFails:val$1<span class='color_orange'>formal</span>}<span class='color_orange'>formal</span>:org.junit.tests.running.classes.ParameterizedTestTest$AssumptionInParametersMethod( sub )</span>; <span class='color_blue'>$irvar0 = 0<span class='color_orange'>nullify</span>:void</span>; <span class='color_blue'>return = EXN _t$2<span class='color_orange'>update:774</span>:java.lang.Iterable*</span>; <span class='color_blue'>$irvar1 = <span class='color_red'>0<span class='color_orange'>nullify</span></span>:void</span> ;
    <span class='color_blue'>_t$2|->{fAssumption:null<span class='color_orange'>update:(z)774</span>, fMatcher:_t$1<span class='color_orange'>update:774</span>, fValue:_t$0<span class='color_orange'>update:774</span>, fValueMatcher:1<span class='color_orange'>update:774</span>}<span class='color_orange'>formal(z)</span>:org.junit.AssumptionViolatedException</span>; <span class='color_blue'>_t$1|->{}<span class='color_orange'>formal(z)</span>:org.hamcrest.Matcher( sub )</span>; <span class='color_blue'>_t$0|->{}<span class='color_orange'>formal</span>:java.lang.Throwable( sub )(instof)</span></span>
    
    
    
  </LISTING>