<!DOCTYPE HTML PUBLIC "-//W3C//DTD HTML 4.01 Transitional//EN">
<html>
<head>
<title>org.junit.tests.running.classes.ParameterizedTestTest.beforeParamAndAfterParamValidationNumberOfPara.cce24c92e5dc1cbcbe0140690dd11eb2_node7</title>
<meta http-equiv="Content-Type" content="text/html; charset=utf-8">
<style type="text/css">
body { background-color:#fff; color:#000; font-family:Helvetica, sans-serif; font-size:10pt }
h1 { font-size:14pt }
.code { border-collapse:collapse; width:100%; font-family: "Andale Mono", monospace; font-size:10pt; line-height: 1.2em }
.color_black { color: black }
.color_blue { color: blue }
.color_green { color: green }
.color_orange { color: orange }
.color_red { color: red }
.line { border-left: 3px solid #ccc; padding-left: 1ex; white-space: pre; }
.msg { background-color:#fff8b4; color:#000; float:left; font-family:Helvetica, sans-serif; font-size: smaller; font-weight: bold; margin-bottom:10px; margin-top:10px; max-width:60em; padding:0.5em 1ex 0.5em 1ex; -webkit-border-radius:5px; -webkit-box-shadow:1px 1px 7px #000; white-space: pre-wrap; word-wrap: break-word; }
.num { background-color:#eee; color:#444; font-size: smaller; padding-right:2ex; text-align:right; width:2.5em; }
.dangling { background-color:white; color: gray; }
.visited { background-color:LemonChiffon; color: darkmagenta; }
.tooltip { display: none; background-color:#FFF0F0; border: 2px solid #F00; font-weight: normal; left:10em; padding: 2px; position: absolute; top: -1em; -webkit-border-radius:5px; -webkit-box-shadow:1px 1px 7px #000; z-index: 1}
.with_tooltip { position: relative; }
.with_tooltip:hover .tooltip, .visited:hover .tooltip { display: block; }
</style>
</head>
<body>
<center><h1>Cfg Node <a href="./../../ParameterizedTestTest.java.88da44e98279dfa32c0c7e5c52f053d0.html#LINE480">7</a></h1></center>PROC: <a href="./../org.junit.tests.running.classes.ParameterizedTestTest.beforeParamAndAfterParamValidationNumberOfPara.cce24c92e5dc1cbcbe0140690dd11eb2.html">void ParameterizedTestTest.beforeParamAndAfterParamValidationNumberOfParameters()</a> LINE: <a href="./../../ParameterizedTestTest.java.88da44e98279dfa32c0c7e5c52f053d0.html#LINE480">480</a>
<br>PREDS:
<a href="./../nodes/org.junit.tests.running.classes.ParameterizedTestTest.beforeParamAndAfterParamValidationNumberOfPara.cce24c92e5dc1cbcbe0140690dd11eb2_node6.html"><span class='visited with_tooltip'>N_6<span class='tooltip'>node6 preds:5 succs:7 exn:3 </span></span></a><br>SUCCS:
<a href="./../nodes/org.junit.tests.running.classes.ParameterizedTestTest.beforeParamAndAfterParamValidationNumberOfPara.cce24c92e5dc1cbcbe0140690dd11eb2_node8.html"><span class='visited with_tooltip'>N_8<span class='tooltip'>node8 preds:7 succs:9 exn:3 </span></span></a><br>EXN:
<a href="./../nodes/org.junit.tests.running.classes.ParameterizedTestTest.beforeParamAndAfterParamValidationNumberOfPara.cce24c92e5dc1cbcbe0140690dd11eb2_node3.html"><span class='visited with_tooltip'>N_3<span class='tooltip'>node3 preds: succs:2 exn:2 </span></span></a><br>
<LISTING class='color_green'>n$2=*&amp;$irvar0:java.lang.Class*[_*_](*) [line 480];
n$3=_fun_Result JUnitCore.runClasses(Class[])(n$2:java.lang.Class*[_*_](*)) [line 480];
*&amp;result:org.junit.runner.Result*=n$3 [line 480];
</LISTING>
<hr width="100%">
<a name="session28" href="./../nodes/org.junit.tests.running.classes.ParameterizedTestTest.beforeParamAndAfterParamValidationNumberOfPara.cce24c92e5dc1cbcbe0140690dd11eb2_node7.html#session28">node7#session28</a>(<a href="./../../ParameterizedTestTest.java.88da44e98279dfa32c0c7e5c52f053d0.html#LINE480">480</a>) [compute pre] liveness 7
<LISTING class='color_black'>JOIN

LEFT:   normal:{ result }, exn:{ }
RIGHT:  normal:{ }, exn:{ }
RESULT: normal:{ result }, exn:{ }

</LISTING>
<hr width="100%">
<a name="session29" href="./../nodes/org.junit.tests.running.classes.ParameterizedTestTest.beforeParamAndAfterParamValidationNumberOfPara.cce24c92e5dc1cbcbe0140690dd11eb2_node7.html#session29">node7#session29</a>(<a href="./../../ParameterizedTestTest.java.88da44e98279dfa32c0c7e5c52f053d0.html#LINE480">480</a>) [exec] liveness 7
<LISTING class='color_black'>PRE STATE:
normal:{ result }, exn:{ }

INSTR=  *&amp;result:org.junit.runner.Result*=n$3 [line 480]; 

STATE:
normal:{ n$3 }, exn:{ }

INSTR=  n$3=_fun_Result JUnitCore.runClasses(Class[])(n$2:java.lang.Class*[_*_](*)) [line 480]; 

STATE:
normal:{ n$2 }, exn:{ }

INSTR=  n$2=*&amp;$irvar0:java.lang.Class*[_*_](*) [line 480]; 

STATE:
normal:{ $irvar0 }, exn:{ }

</LISTING>
<hr width="100%">
<a name="session45" href="./../nodes/org.junit.tests.running.classes.ParameterizedTestTest.beforeParamAndAfterParamValidationNumberOfPara.cce24c92e5dc1cbcbe0140690dd11eb2_node7.html#session45">node7#session45</a>(<a href="./../../ParameterizedTestTest.java.88da44e98279dfa32c0c7e5c52f053d0.html#LINE480">480</a>) [compute pre] nullify
<LISTING class='color_black'></LISTING>
<hr width="100%">
<a name="session46" href="./../nodes/org.junit.tests.running.classes.ParameterizedTestTest.beforeParamAndAfterParamValidationNumberOfPara.cce24c92e5dc1cbcbe0140690dd11eb2_node7.html#session46">node7#session46</a>(<a href="./../../ParameterizedTestTest.java.88da44e98279dfa32c0c7e5c52f053d0.html#LINE480">480</a>) [exec] nullify
<LISTING class='color_black'>PRE STATE:
(normal:{ $irvar0 }, exn:{ },normal:{ n$1 }, exn:{ })

INSTR=  n$2=*&amp;$irvar0:java.lang.Class*[_*_](*) [line 480]; 

STATE:
(normal:{ n$2, $irvar0 }, exn:{ },normal:{ n$1 }, exn:{ })

INSTR=  n$3=_fun_Result JUnitCore.runClasses(Class[])(n$2:java.lang.Class*[_*_](*)) [line 480]; 

STATE:
(normal:{ n$2, n$3, $irvar0 }, exn:{ },normal:{ n$1 }, exn:{ })

INSTR=  *&amp;result:org.junit.runner.Result*=n$3 [line 480]; 

STATE:
(normal:{ result }, exn:{ },normal:{ n$2, n$3, $irvar0 }, exn:{ })

</LISTING>
<hr width="100%">
<a name="session82" href="./../nodes/org.junit.tests.running.classes.ParameterizedTestTest.beforeParamAndAfterParamValidationNumberOfPara.cce24c92e5dc1cbcbe0140690dd11eb2_node7.html#session82">node7#session82</a>(<a href="./../../ParameterizedTestTest.java.88da44e98279dfa32c0c7e5c52f053d0.html#LINE480">480</a>) [compute pre] devirtualizer analysis 7
<LISTING class='color_black'></LISTING>
<hr width="100%">
<a name="session83" href="./../nodes/org.junit.tests.running.classes.ParameterizedTestTest.beforeParamAndAfterParamValidationNumberOfPara.cce24c92e5dc1cbcbe0140690dd11eb2_node7.html#session83">node7#session83</a>(<a href="./../../ParameterizedTestTest.java.88da44e98279dfa32c0c7e5c52f053d0.html#LINE480">480</a>) [exec] devirtualizer analysis 7
<LISTING class='color_black'>PRE STATE:
{ }

INSTR=  n$2=*&amp;$irvar0:java.lang.Class*[_*_](*) [line 480]; 

STATE UNCHANGED

INSTR=  n$3=_fun_Result JUnitCore.runClasses(Class[])(n$2:java.lang.Class*[_*_](*)) [line 480]; 

STATE UNCHANGED

INSTR=  *&amp;result:org.junit.runner.Result*=n$3 [line 480]; 

STATE UNCHANGED

INSTR=  NULLIFY(&amp;$irvar0); [line 480]; 

STATE UNCHANGED

INSTR=  EXIT_SCOPE(n$2,n$3,$irvar0); [line 480]; 

STATE UNCHANGED

</LISTING>
<hr width="100%">
<a name="session169" href="./../nodes/org.junit.tests.running.classes.ParameterizedTestTest.beforeParamAndAfterParamValidationNumberOfPara.cce24c92e5dc1cbcbe0140690dd11eb2_node7.html#session169">node7#session169</a>(<a href="./../../ParameterizedTestTest.java.88da44e98279dfa32c0c7e5c52f053d0.html#LINE480">480</a>) [exec] devirtualizer
<LISTING class='color_black'></LISTING>
<hr width="100%">
<a name="session170" href="./../nodes/org.junit.tests.running.classes.ParameterizedTestTest.beforeParamAndAfterParamValidationNumberOfPara.cce24c92e5dc1cbcbe0140690dd11eb2_node7.html#session170">node7#session170</a>(<a href="./../../ParameterizedTestTest.java.88da44e98279dfa32c0c7e5c52f053d0.html#LINE480">480</a>) [exec] devirtualizer
<LISTING class='color_black'></LISTING>
<hr width="100%">
<a name="session171" href="./../nodes/org.junit.tests.running.classes.ParameterizedTestTest.beforeParamAndAfterParamValidationNumberOfPara.cce24c92e5dc1cbcbe0140690dd11eb2_node7.html#session171">node7#session171</a>(<a href="./../../ParameterizedTestTest.java.88da44e98279dfa32c0c7e5c52f053d0.html#LINE480">480</a>) [exec] devirtualizer
<LISTING class='color_black'></LISTING>
<hr width="100%">
<a name="session172" href="./../nodes/org.junit.tests.running.classes.ParameterizedTestTest.beforeParamAndAfterParamValidationNumberOfPara.cce24c92e5dc1cbcbe0140690dd11eb2_node7.html#session172">node7#session172</a>(<a href="./../../ParameterizedTestTest.java.88da44e98279dfa32c0c7e5c52f053d0.html#LINE480">480</a>) [exec] devirtualizer
<LISTING class='color_black'></LISTING>
<hr width="100%">
<a name="session173" href="./../nodes/org.junit.tests.running.classes.ParameterizedTestTest.beforeParamAndAfterParamValidationNumberOfPara.cce24c92e5dc1cbcbe0140690dd11eb2_node7.html#session173">node7#session173</a>(<a href="./../../ParameterizedTestTest.java.88da44e98279dfa32c0c7e5c52f053d0.html#LINE480">480</a>) [exec] devirtualizer
<LISTING class='color_black'></LISTING>
<hr width="100%">
<a name="session8" href="./../nodes/org.junit.tests.running.classes.ParameterizedTestTest.beforeParamAndAfterParamValidationNumberOfPara.cce24c92e5dc1cbcbe0140690dd11eb2_node7.html#session8">node7#session8</a>(<a href="./../../ParameterizedTestTest.java.88da44e98279dfa32c0c7e5c52f053d0.html#LINE480">480</a>) [compute pre] starvation
<LISTING class='color_black'></LISTING>
<hr width="100%">
<a name="session9" href="./../nodes/org.junit.tests.running.classes.ParameterizedTestTest.beforeParamAndAfterParamValidationNumberOfPara.cce24c92e5dc1cbcbe0140690dd11eb2_node7.html#session9">node7#session9</a>(<a href="./../../ParameterizedTestTest.java.88da44e98279dfa32c0c7e5c52f053d0.html#LINE480">480</a>) [exec] starvation
<LISTING class='color_black'>PRE STATE:
{guard_map= { }; lock_state= {map= { }; acquisitions= { }};
 critical_pairs= { }; attributes= { }; thread= UnknownThread;
 scheduled_work= { }; var_state= { }}

INSTR=  n$2=*&amp;$irvar0:java.lang.Class*[_*_](*) [line 480]; 

STATE:
{guard_map= { }; lock_state= {map= { }; acquisitions= { }};
 critical_pairs= { }; attributes= { }; thread= UnknownThread;
 scheduled_work= { }; var_state= { n$2 -&gt; $irvar0 }}

INSTR=  n$3=_fun_Result JUnitCore.runClasses(Class[])(n$2:java.lang.Class*[_*_](*)) [line 480]; 

STATE:
{guard_map= { }; lock_state= {map= { }; acquisitions= { }};
 critical_pairs= { }; attributes= { }; thread= UnknownThread;
 scheduled_work= { }; var_state= { n$2 -&gt; $irvar0 }}

INSTR=  *&amp;result:org.junit.runner.Result*=n$3 [line 480]; 

STATE UNCHANGED

INSTR=  NULLIFY(&amp;$irvar0); [line 480]; 

STATE UNCHANGED

INSTR=  EXIT_SCOPE(n$2,n$3,$irvar0); [line 480]; 

STATE:
{guard_map= { }; lock_state= {map= { }; acquisitions= { }};
 critical_pairs= { }; attributes= { }; thread= UnknownThread;
 scheduled_work= { }; var_state= { }}

</LISTING>
<hr width="100%">
<a name="session43" href="./../nodes/org.junit.tests.running.classes.ParameterizedTestTest.beforeParamAndAfterParamValidationNumberOfPara.cce24c92e5dc1cbcbe0140690dd11eb2_node7.html#session43">node7#session43</a>(<a href="./../../ParameterizedTestTest.java.88da44e98279dfa32c0c7e5c52f053d0.html#LINE480">480</a>) [compute pre] racerd
<LISTING class='color_black'></LISTING>
<hr width="100%">
<a name="session44" href="./../nodes/org.junit.tests.running.classes.ParameterizedTestTest.beforeParamAndAfterParamValidationNumberOfPara.cce24c92e5dc1cbcbe0140690dd11eb2_node7.html#session44">node7#session44</a>(<a href="./../../ParameterizedTestTest.java.88da44e98279dfa32c0c7e5c52f053d0.html#LINE480">480</a>) [exec] racerd
<LISTING class='color_black'>PRE STATE:
Threads: NoThread, Locks: 0 
Accesses { {elem= Access: Write to classes.ParameterizedTestTest.fLog Thread: NoThread Lock: false Pre: Unowned;
            loc= line 479; trace= { }} } 
Ownership: { n$0 -&gt; Owned, this -&gt; OwnedIf{ 0 }, *n$0[_] -&gt; Owned } 
Attributes: { classes.ParameterizedTestTest.fLog -&gt; Functional,
              *n$0[_] -&gt; Functional } 



INSTR=  n$3 := Result JUnitCore.runClasses(Class[])({ n$0 }) [line 480]; 

STATE:
Threads: NoThread, Locks: 0 
Accesses { {elem= Access: Read of model.TestClass.FIELD_COMPARATOR Thread: NoThread Lock: false Pre: Unowned;
            loc= line 78;
            trace= { Result JUnitCore.runClasses(Class[]) at line 480,
                     Result JUnitCore.runClasses(Computer,Class[]) at line 53,
                     Result JUnitCore.run(Computer,Class[]) at line 66,
                     Request Request.classes(Computer,Class[]) at line 109,
                     Runner Computer.getSuite(RunnerBuilder,Class[]) at line 77,
                     Computer$2.&lt;init&gt;(Computer,RunnerBuilder,Class[]) at line 28,
                     Suite.&lt;init&gt;(RunnerBuilder,Class[]) at line 33,
                     Suite.&lt;init&gt;(Class,List) at line 81,
                     ParentRunner.&lt;init&gt;(Class) at line 112,
                     TestClass ParentRunner.createTestClass(Class) at line 91,
                     TestClass.&lt;init&gt;(Class) at line 111,
                     void TestClass.scanAnnotatedMembers(Map,Map) at line 57,
                     Field[] TestClass.getSortedDeclaredFields(Class) at line 70 }},
           {elem= Access: Read of lang.Void.TYPE Thread: NoThread Lock: false Pre: Unowned;
            loc= line 107;
            trace= { Result JUnitCore.runClasses(Class[]) at line 480,
                     Result JUnitCore.runClasses(Computer,Class[]) at line 53,
                     Result JUnitCore.run(Computer,Class[]) at line 66,
                     Request Request.classes(Computer,Class[]) at line 109,
                     Runner Computer.getSuite(RunnerBuilder,Class[]) at line 77,
                     Computer$2.&lt;init&gt;(Computer,RunnerBuilder,Class[]) at line 28,
                     Suite.&lt;init&gt;(RunnerBuilder,Class[]) at line 33,
                     Suite.&lt;init&gt;(Class,List) at line 81,
                     ParentRunner.&lt;init&gt;(Class) at line 112,
                     void ParentRunner.validate() at line 92,
                     void ParentRunner.collectInitializationErrors(List) at line 523,
                     void ParentRunner.validatePublicVoidNoArgMethods(Class,boolean,List) at line 148,
                     void FrameworkMethod.validatePublicVoidNoArg(boolean,List) at line 178,
                     void FrameworkMethod.validatePublicVoid(boolean,List) at line 83 }},
           {elem= Access: Read of runners.ParentRunner.VALIDATORS Thread: NoThread Lock: false Pre: Unowned;
            loc= line 156;
            trace= { Result JUnitCore.runClasses(Class[]) at line 480,
                     Result JUnitCore.runClasses(Computer,Class[]) at line 53,
                     Result JUnitCore.run(Computer,Class[]) at line 66,
                     Request Request.classes(Computer,Class[]) at line 109,
                     Runner Computer.getSuite(RunnerBuilder,Class[]) at line 77,
                     Computer$2.&lt;init&gt;(Computer,RunnerBuilder,Class[]) at line 28,
                     Suite.&lt;init&gt;(RunnerBuilder,Class[]) at line 33,
                     Suite.&lt;init&gt;(Class,List) at line 81,
                     ParentRunner.&lt;init&gt;(Class) at line 112,
                     void ParentRunner.validate() at line 92,
                     void ParentRunner.collectInitializationErrors(List) at line 523,
                     void ParentRunner.applyValidators(List) at line 151 }},
           {elem= Access: Read of internal.MethodSorter.DEFAULT Thread: NoThread Lock: false Pre: Unowned;
            loc= line 67;
            trace= { Result JUnitCore.runClasses(Class[]) at line 480,
                     Result JUnitCore.runClasses(Computer,Class[]) at line 53,
                     Result JUnitCore.run(Computer,Class[]) at line 66,
                     Request Request.classes(Computer,Class[]) at line 109,
                     Runner Computer.getSuite(RunnerBuilder,Class[]) at line 77,
                     Computer$2.&lt;init&gt;(Computer,RunnerBuilder,Class[]) at line 28,
                     Suite.&lt;init&gt;(RunnerBuilder,Class[]) at line 33,
                     Suite.&lt;init&gt;(Class,List) at line 81,
                     ParentRunner.&lt;init&gt;(Class) at line 112,
                     TestClass ParentRunner.createTestClass(Class) at line 91,
                     TestClass.&lt;init&gt;(Class) at line 111,
                     void TestClass.scanAnnotatedMembers(Map,Map) at line 57,
                     Method[] MethodSorter.getDeclaredMethods(Class) at line 65,
                     Comparator MethodSorter.getSorter(FixMethodOrder) at line 52 }},
           {elem= Access: Read of rules.RuleMemberValidator.CLASS_RULE_METHOD_VALIDATOR Thread: NoThread Lock: false Pre: Unowned;
            loc= line 184;
            trace= { Result JUnitCore.runClasses(Class[]) at line 480,
                     Result JUnitCore.runClasses(Computer,Class[]) at line 53,
                     Result JUnitCore.run(Computer,Class[]) at line 66,
                     Request Request.classes(Computer,Class[]) at line 109,
                     Runner Computer.getSuite(RunnerBuilder,Class[]) at line 77,
                     Computer$2.&lt;init&gt;(Computer,RunnerBuilder,Class[]) at line 28,
                     Suite.&lt;init&gt;(RunnerBuilder,Class[]) at line 33,
                     Suite.&lt;init&gt;(Class,List) at line 81,
                     ParentRunner.&lt;init&gt;(Class) at line 112,
                     void ParentRunner.validate() at line 92,
                     void ParentRunner.collectInitializationErrors(List) at line 523,
                     void ParentRunner.validateClassRules(List) at line 150 }},
           {elem= Access: Read of rules.RuleMemberValidator.CLASS_RULE_VALIDATOR Thread: NoThread Lock: false Pre: Unowned;
            loc= line 183;
            trace= { Result JUnitCore.runClasses(Class[]) at line 480,
                     Result JUnitCore.runClasses(Computer,Class[]) at line 53,
                     Result JUnitCore.run(Computer,Class[]) at line 66,
                     Request Request.classes(Computer,Class[]) at line 109,
                     Runner Computer.getSuite(RunnerBuilder,Class[]) at line 77,
                     Computer$2.&lt;init&gt;(Computer,RunnerBuilder,Class[]) at line 28,
                     Suite.&lt;init&gt;(RunnerBuilder,Class[]) at line 33,
                     Suite.&lt;init&gt;(Class,List) at line 81,
                     ParentRunner.&lt;init&gt;(Class) at line 112,
                     void ParentRunner.validate() at line 92,
                     void ParentRunner.collectInitializationErrors(List) at line 523,
                     void ParentRunner.validateClassRules(List) at line 150 }},
           {elem= Access: Read of rules.RuleMemberValidator.CLASS_RULE_METHOD_VALIDATOR-&gt;annotation Thread: NoThread Lock: false Pre: Unowned;
            loc= line 89;
            trace= { Result JUnitCore.runClasses(Class[]) at line 480,
                     Result JUnitCore.runClasses(Computer,Class[]) at line 53,
                     Result JUnitCore.run(Computer,Class[]) at line 66,
                     Request Request.classes(Computer,Class[]) at line 109,
                     Runner Computer.getSuite(RunnerBuilder,Class[]) at line 77,
                     Computer$2.&lt;init&gt;(Computer,RunnerBuilder,Class[]) at line 28,
                     Suite.&lt;init&gt;(RunnerBuilder,Class[]) at line 33,
                     Suite.&lt;init&gt;(Class,List) at line 81,
                     ParentRunner.&lt;init&gt;(Class) at line 112,
                     void ParentRunner.validate() at line 92,
                     void ParentRunner.collectInitializationErrors(List) at line 523,
                     void ParentRunner.validateClassRules(List) at line 150,
                     void RuleMemberValidator.validate(TestClass,List) at line 184 }},
           {elem= Access: Read of rules.RuleMemberValidator.CLASS_RULE_METHOD_VALIDATOR-&gt;methods Thread: NoThread Lock: false Pre: Unowned;
            loc= line 89;
            trace= { Result JUnitCore.runClasses(Class[]) at line 480,
                     Result JUnitCore.runClasses(Computer,Class[]) at line 53,
                     Result JUnitCore.run(Computer,Class[]) at line 66,
                     Request Request.classes(Computer,Class[]) at line 109,
                     Runner Computer.getSuite(RunnerBuilder,Class[]) at line 77,
                     Computer$2.&lt;init&gt;(Computer,RunnerBuilder,Class[]) at line 28,
                     Suite.&lt;init&gt;(RunnerBuilder,Class[]) at line 33,
                     Suite.&lt;init&gt;(Class,List) at line 81,
                     ParentRunner.&lt;init&gt;(Class) at line 112,
                     void ParentRunner.validate() at line 92,
                     void ParentRunner.collectInitializationErrors(List) at line 523,
                     void ParentRunner.validateClassRules(List) at line 150,
                     void RuleMemberValidator.validate(TestClass,List) at line 184 }},
           {elem= Access: Read of rules.RuleMemberValidator.CLASS_RULE_METHOD_VALIDATOR-&gt;validatorStrategies Thread: NoThread Lock: false Pre: Unowned;
            loc= line 98;
            trace= { Result JUnitCore.runClasses(Class[]) at line 480,
                     Result JUnitCore.runClasses(Computer,Class[]) at line 53,
                     Result JUnitCore.run(Computer,Class[]) at line 66,
                     Request Request.classes(Computer,Class[]) at line 109,
                     Runner Computer.getSuite(RunnerBuilder,Class[]) at line 77,
                     Computer$2.&lt;init&gt;(Computer,RunnerBuilder,Class[]) at line 28,
                     Suite.&lt;init&gt;(RunnerBuilder,Class[]) at line 33,
                     Suite.&lt;init&gt;(Class,List) at line 81,
                     ParentRunner.&lt;init&gt;(Class) at line 112,
                     void ParentRunner.validate() at line 92,
                     void ParentRunner.collectInitializationErrors(List) at line 523,
                     void ParentRunner.validateClassRules(List) at line 150,
                     void RuleMemberValidator.validate(TestClass,List) at line 184,
                     void RuleMemberValidator.validateMember(FrameworkMember,List) at line 93 }},
           {elem= Access: Read of rules.RuleMemberValidator.CLASS_RULE_VALIDATOR-&gt;annotation Thread: NoThread Lock: false Pre: Unowned;
            loc= line 89;
            trace= { Result JUnitCore.runClasses(Class[]) at line 480,
                     Result JUnitCore.runClasses(Computer,Class[]) at line 53,
                     Result JUnitCore.run(Computer,Class[]) at line 66,
                     Request Request.classes(Computer,Class[]) at line 109,
                     Runner Computer.getSuite(RunnerBuilder,Class[]) at line 77,
                     Computer$2.&lt;init&gt;(Computer,RunnerBuilder,Class[]) at line 28,
                     Suite.&lt;init&gt;(RunnerBuilder,Class[]) at line 33,
                     Suite.&lt;init&gt;(Class,List) at line 81,
                     ParentRunner.&lt;init&gt;(Class) at line 112,
                     void ParentRunner.validate() at line 92,
                     void ParentRunner.collectInitializationErrors(List) at line 523,
                     void ParentRunner.validateClassRules(List) at line 150,
                     void RuleMemberValidator.validate(TestClass,List) at line 183 }},
           {elem= Access: Read of rules.RuleMemberValidator.CLASS_RULE_VALIDATOR-&gt;methods Thread: NoThread Lock: false Pre: Unowned;
            loc= line 89;
            trace= { Result JUnitCore.runClasses(Class[]) at line 480,
                     Result JUnitCore.runClasses(Computer,Class[]) at line 53,
                     Result JUnitCore.run(Computer,Class[]) at line 66,
                     Request Request.classes(Computer,Class[]) at line 109,
                     Runner Computer.getSuite(RunnerBuilder,Class[]) at line 77,
                     Computer$2.&lt;init&gt;(Computer,RunnerBuilder,Class[]) at line 28,
                     Suite.&lt;init&gt;(RunnerBuilder,Class[]) at line 33,
                     Suite.&lt;init&gt;(Class,List) at line 81,
                     ParentRunner.&lt;init&gt;(Class) at line 112,
                     void ParentRunner.validate() at line 92,
                     void ParentRunner.collectInitializationErrors(List) at line 523,
                     void ParentRunner.validateClassRules(List) at line 150,
                     void RuleMemberValidator.validate(TestClass,List) at line 183 }},
           {elem= Access: Read of rules.RuleMemberValidator.CLASS_RULE_VALIDATOR-&gt;validatorStrategies Thread: NoThread Lock: false Pre: Unowned;
            loc= line 98;
            trace= { Result JUnitCore.runClasses(Class[]) at line 480,
                     Result JUnitCore.runClasses(Computer,Class[]) at line 53,
                     Result JUnitCore.run(Computer,Class[]) at line 66,
                     Request Request.classes(Computer,Class[]) at line 109,
                     Runner Computer.getSuite(RunnerBuilder,Class[]) at line 77,
                     Computer$2.&lt;init&gt;(Computer,RunnerBuilder,Class[]) at line 28,
                     Suite.&lt;init&gt;(RunnerBuilder,Class[]) at line 33,
                     Suite.&lt;init&gt;(Class,List) at line 81,
                     ParentRunner.&lt;init&gt;(Class) at line 112,
                     void ParentRunner.validate() at line 92,
                     void ParentRunner.collectInitializationErrors(List) at line 523,
                     void ParentRunner.validateClassRules(List) at line 150,
                     void RuleMemberValidator.validate(TestClass,List) at line 183,
                     void RuleMemberValidator.validateMember(FrameworkMember,List) at line 93 }},
           {elem= Access: Write to classes.ParameterizedTestTest.fLog Thread: NoThread Lock: false Pre: Unowned;
            loc= line 479; trace= { }} } 
Ownership: { n$0 -&gt; Owned,
             n$3 -&gt; Owned,
             this -&gt; OwnedIf{ 0 },
             *n$0[_] -&gt; Owned } 
Attributes: { classes.ParameterizedTestTest.fLog -&gt; Functional,
              *n$0[_] -&gt; Functional } 


INSTR=  result := n$3 [line 480]; 

STATE:
Threads: NoThread, Locks: 0 
Accesses { {elem= Access: Read of model.TestClass.FIELD_COMPARATOR Thread: NoThread Lock: false Pre: Unowned;
            loc= line 78;
            trace= { Result JUnitCore.runClasses(Class[]) at line 480,
                     Result JUnitCore.runClasses(Computer,Class[]) at line 53,
                     Result JUnitCore.run(Computer,Class[]) at line 66,
                     Request Request.classes(Computer,Class[]) at line 109,
                     Runner Computer.getSuite(RunnerBuilder,Class[]) at line 77,
                     Computer$2.&lt;init&gt;(Computer,RunnerBuilder,Class[]) at line 28,
                     Suite.&lt;init&gt;(RunnerBuilder,Class[]) at line 33,
                     Suite.&lt;init&gt;(Class,List) at line 81,
                     ParentRunner.&lt;init&gt;(Class) at line 112,
                     TestClass ParentRunner.createTestClass(Class) at line 91,
                     TestClass.&lt;init&gt;(Class) at line 111,
                     void TestClass.scanAnnotatedMembers(Map,Map) at line 57,
                     Field[] TestClass.getSortedDeclaredFields(Class) at line 70 }},
           {elem= Access: Read of lang.Void.TYPE Thread: NoThread Lock: false Pre: Unowned;
            loc= line 107;
            trace= { Result JUnitCore.runClasses(Class[]) at line 480,
                     Result JUnitCore.runClasses(Computer,Class[]) at line 53,
                     Result JUnitCore.run(Computer,Class[]) at line 66,
                     Request Request.classes(Computer,Class[]) at line 109,
                     Runner Computer.getSuite(RunnerBuilder,Class[]) at line 77,
                     Computer$2.&lt;init&gt;(Computer,RunnerBuilder,Class[]) at line 28,
                     Suite.&lt;init&gt;(RunnerBuilder,Class[]) at line 33,
                     Suite.&lt;init&gt;(Class,List) at line 81,
                     ParentRunner.&lt;init&gt;(Class) at line 112,
                     void ParentRunner.validate() at line 92,
                     void ParentRunner.collectInitializationErrors(List) at line 523,
                     void ParentRunner.validatePublicVoidNoArgMethods(Class,boolean,List) at line 148,
                     void FrameworkMethod.validatePublicVoidNoArg(boolean,List) at line 178,
                     void FrameworkMethod.validatePublicVoid(boolean,List) at line 83 }},
           {elem= Access: Read of runners.ParentRunner.VALIDATORS Thread: NoThread Lock: false Pre: Unowned;
            loc= line 156;
            trace= { Result JUnitCore.runClasses(Class[]) at line 480,
                     Result JUnitCore.runClasses(Computer,Class[]) at line 53,
                     Result JUnitCore.run(Computer,Class[]) at line 66,
                     Request Request.classes(Computer,Class[]) at line 109,
                     Runner Computer.getSuite(RunnerBuilder,Class[]) at line 77,
                     Computer$2.&lt;init&gt;(Computer,RunnerBuilder,Class[]) at line 28,
                     Suite.&lt;init&gt;(RunnerBuilder,Class[]) at line 33,
                     Suite.&lt;init&gt;(Class,List) at line 81,
                     ParentRunner.&lt;init&gt;(Class) at line 112,
                     void ParentRunner.validate() at line 92,
                     void ParentRunner.collectInitializationErrors(List) at line 523,
                     void ParentRunner.applyValidators(List) at line 151 }},
           {elem= Access: Read of internal.MethodSorter.DEFAULT Thread: NoThread Lock: false Pre: Unowned;
            loc= line 67;
            trace= { Result JUnitCore.runClasses(Class[]) at line 480,
                     Result JUnitCore.runClasses(Computer,Class[]) at line 53,
                     Result JUnitCore.run(Computer,Class[]) at line 66,
                     Request Request.classes(Computer,Class[]) at line 109,
                     Runner Computer.getSuite(RunnerBuilder,Class[]) at line 77,
                     Computer$2.&lt;init&gt;(Computer,RunnerBuilder,Class[]) at line 28,
                     Suite.&lt;init&gt;(RunnerBuilder,Class[]) at line 33,
                     Suite.&lt;init&gt;(Class,List) at line 81,
                     ParentRunner.&lt;init&gt;(Class) at line 112,
                     TestClass ParentRunner.createTestClass(Class) at line 91,
                     TestClass.&lt;init&gt;(Class) at line 111,
                     void TestClass.scanAnnotatedMembers(Map,Map) at line 57,
                     Method[] MethodSorter.getDeclaredMethods(Class) at line 65,
                     Comparator MethodSorter.getSorter(FixMethodOrder) at line 52 }},
           {elem= Access: Read of rules.RuleMemberValidator.CLASS_RULE_METHOD_VALIDATOR Thread: NoThread Lock: false Pre: Unowned;
            loc= line 184;
            trace= { Result JUnitCore.runClasses(Class[]) at line 480,
                     Result JUnitCore.runClasses(Computer,Class[]) at line 53,
                     Result JUnitCore.run(Computer,Class[]) at line 66,
                     Request Request.classes(Computer,Class[]) at line 109,
                     Runner Computer.getSuite(RunnerBuilder,Class[]) at line 77,
                     Computer$2.&lt;init&gt;(Computer,RunnerBuilder,Class[]) at line 28,
                     Suite.&lt;init&gt;(RunnerBuilder,Class[]) at line 33,
                     Suite.&lt;init&gt;(Class,List) at line 81,
                     ParentRunner.&lt;init&gt;(Class) at line 112,
                     void ParentRunner.validate() at line 92,
                     void ParentRunner.collectInitializationErrors(List) at line 523,
                     void ParentRunner.validateClassRules(List) at line 150 }},
           {elem= Access: Read of rules.RuleMemberValidator.CLASS_RULE_VALIDATOR Thread: NoThread Lock: false Pre: Unowned;
            loc= line 183;
            trace= { Result JUnitCore.runClasses(Class[]) at line 480,
                     Result JUnitCore.runClasses(Computer,Class[]) at line 53,
                     Result JUnitCore.run(Computer,Class[]) at line 66,
                     Request Request.classes(Computer,Class[]) at line 109,
                     Runner Computer.getSuite(RunnerBuilder,Class[]) at line 77,
                     Computer$2.&lt;init&gt;(Computer,RunnerBuilder,Class[]) at line 28,
                     Suite.&lt;init&gt;(RunnerBuilder,Class[]) at line 33,
                     Suite.&lt;init&gt;(Class,List) at line 81,
                     ParentRunner.&lt;init&gt;(Class) at line 112,
                     void ParentRunner.validate() at line 92,
                     void ParentRunner.collectInitializationErrors(List) at line 523,
                     void ParentRunner.validateClassRules(List) at line 150 }},
           {elem= Access: Read of rules.RuleMemberValidator.CLASS_RULE_METHOD_VALIDATOR-&gt;annotation Thread: NoThread Lock: false Pre: Unowned;
            loc= line 89;
            trace= { Result JUnitCore.runClasses(Class[]) at line 480,
                     Result JUnitCore.runClasses(Computer,Class[]) at line 53,
                     Result JUnitCore.run(Computer,Class[]) at line 66,
                     Request Request.classes(Computer,Class[]) at line 109,
                     Runner Computer.getSuite(RunnerBuilder,Class[]) at line 77,
                     Computer$2.&lt;init&gt;(Computer,RunnerBuilder,Class[]) at line 28,
                     Suite.&lt;init&gt;(RunnerBuilder,Class[]) at line 33,
                     Suite.&lt;init&gt;(Class,List) at line 81,
                     ParentRunner.&lt;init&gt;(Class) at line 112,
                     void ParentRunner.validate() at line 92,
                     void ParentRunner.collectInitializationErrors(List) at line 523,
                     void ParentRunner.validateClassRules(List) at line 150,
                     void RuleMemberValidator.validate(TestClass,List) at line 184 }},
           {elem= Access: Read of rules.RuleMemberValidator.CLASS_RULE_METHOD_VALIDATOR-&gt;methods Thread: NoThread Lock: false Pre: Unowned;
            loc= line 89;
            trace= { Result JUnitCore.runClasses(Class[]) at line 480,
                     Result JUnitCore.runClasses(Computer,Class[]) at line 53,
                     Result JUnitCore.run(Computer,Class[]) at line 66,
                     Request Request.classes(Computer,Class[]) at line 109,
                     Runner Computer.getSuite(RunnerBuilder,Class[]) at line 77,
                     Computer$2.&lt;init&gt;(Computer,RunnerBuilder,Class[]) at line 28,
                     Suite.&lt;init&gt;(RunnerBuilder,Class[]) at line 33,
                     Suite.&lt;init&gt;(Class,List) at line 81,
                     ParentRunner.&lt;init&gt;(Class) at line 112,
                     void ParentRunner.validate() at line 92,
                     void ParentRunner.collectInitializationErrors(List) at line 523,
                     void ParentRunner.validateClassRules(List) at line 150,
                     void RuleMemberValidator.validate(TestClass,List) at line 184 }},
           {elem= Access: Read of rules.RuleMemberValidator.CLASS_RULE_METHOD_VALIDATOR-&gt;validatorStrategies Thread: NoThread Lock: false Pre: Unowned;
            loc= line 98;
            trace= { Result JUnitCore.runClasses(Class[]) at line 480,
                     Result JUnitCore.runClasses(Computer,Class[]) at line 53,
                     Result JUnitCore.run(Computer,Class[]) at line 66,
                     Request Request.classes(Computer,Class[]) at line 109,
                     Runner Computer.getSuite(RunnerBuilder,Class[]) at line 77,
                     Computer$2.&lt;init&gt;(Computer,RunnerBuilder,Class[]) at line 28,
                     Suite.&lt;init&gt;(RunnerBuilder,Class[]) at line 33,
                     Suite.&lt;init&gt;(Class,List) at line 81,
                     ParentRunner.&lt;init&gt;(Class) at line 112,
                     void ParentRunner.validate() at line 92,
                     void ParentRunner.collectInitializationErrors(List) at line 523,
                     void ParentRunner.validateClassRules(List) at line 150,
                     void RuleMemberValidator.validate(TestClass,List) at line 184,
                     void RuleMemberValidator.validateMember(FrameworkMember,List) at line 93 }},
           {elem= Access: Read of rules.RuleMemberValidator.CLASS_RULE_VALIDATOR-&gt;annotation Thread: NoThread Lock: false Pre: Unowned;
            loc= line 89;
            trace= { Result JUnitCore.runClasses(Class[]) at line 480,
                     Result JUnitCore.runClasses(Computer,Class[]) at line 53,
                     Result JUnitCore.run(Computer,Class[]) at line 66,
                     Request Request.classes(Computer,Class[]) at line 109,
                     Runner Computer.getSuite(RunnerBuilder,Class[]) at line 77,
                     Computer$2.&lt;init&gt;(Computer,RunnerBuilder,Class[]) at line 28,
                     Suite.&lt;init&gt;(RunnerBuilder,Class[]) at line 33,
                     Suite.&lt;init&gt;(Class,List) at line 81,
                     ParentRunner.&lt;init&gt;(Class) at line 112,
                     void ParentRunner.validate() at line 92,
                     void ParentRunner.collectInitializationErrors(List) at line 523,
                     void ParentRunner.validateClassRules(List) at line 150,
                     void RuleMemberValidator.validate(TestClass,List) at line 183 }},
           {elem= Access: Read of rules.RuleMemberValidator.CLASS_RULE_VALIDATOR-&gt;methods Thread: NoThread Lock: false Pre: Unowned;
            loc= line 89;
            trace= { Result JUnitCore.runClasses(Class[]) at line 480,
                     Result JUnitCore.runClasses(Computer,Class[]) at line 53,
                     Result JUnitCore.run(Computer,Class[]) at line 66,
                     Request Request.classes(Computer,Class[]) at line 109,
                     Runner Computer.getSuite(RunnerBuilder,Class[]) at line 77,
                     Computer$2.&lt;init&gt;(Computer,RunnerBuilder,Class[]) at line 28,
                     Suite.&lt;init&gt;(RunnerBuilder,Class[]) at line 33,
                     Suite.&lt;init&gt;(Class,List) at line 81,
                     ParentRunner.&lt;init&gt;(Class) at line 112,
                     void ParentRunner.validate() at line 92,
                     void ParentRunner.collectInitializationErrors(List) at line 523,
                     void ParentRunner.validateClassRules(List) at line 150,
                     void RuleMemberValidator.validate(TestClass,List) at line 183 }},
           {elem= Access: Read of rules.RuleMemberValidator.CLASS_RULE_VALIDATOR-&gt;validatorStrategies Thread: NoThread Lock: false Pre: Unowned;
            loc= line 98;
            trace= { Result JUnitCore.runClasses(Class[]) at line 480,
                     Result JUnitCore.runClasses(Computer,Class[]) at line 53,
                     Result JUnitCore.run(Computer,Class[]) at line 66,
                     Request Request.classes(Computer,Class[]) at line 109,
                     Runner Computer.getSuite(RunnerBuilder,Class[]) at line 77,
                     Computer$2.&lt;init&gt;(Computer,RunnerBuilder,Class[]) at line 28,
                     Suite.&lt;init&gt;(RunnerBuilder,Class[]) at line 33,
                     Suite.&lt;init&gt;(Class,List) at line 81,
                     ParentRunner.&lt;init&gt;(Class) at line 112,
                     void ParentRunner.validate() at line 92,
                     void ParentRunner.collectInitializationErrors(List) at line 523,
                     void ParentRunner.validateClassRules(List) at line 150,
                     void RuleMemberValidator.validate(TestClass,List) at line 183,
                     void RuleMemberValidator.validateMember(FrameworkMember,List) at line 93 }},
           {elem= Access: Write to classes.ParameterizedTestTest.fLog Thread: NoThread Lock: false Pre: Unowned;
            loc= line 479; trace= { }} } 
Ownership: { n$0 -&gt; Owned,
             n$3 -&gt; Owned,
             result -&gt; Owned,
             this -&gt; OwnedIf{ 0 },
             *n$0[_] -&gt; Owned } 
Attributes: { classes.ParameterizedTestTest.fLog -&gt; Functional,
              *n$0[_] -&gt; Functional } 


INSTR=  NULLIFY(&amp;$irvar0); [line 480]; 

STATE UNCHANGED

INSTR=  EXIT_SCOPE(n$3); [line 480]; 

STATE:
Threads: NoThread, Locks: 0 
Accesses { {elem= Access: Read of model.TestClass.FIELD_COMPARATOR Thread: NoThread Lock: false Pre: Unowned;
            loc= line 78;
            trace= { Result JUnitCore.runClasses(Class[]) at line 480,
                     Result JUnitCore.runClasses(Computer,Class[]) at line 53,
                     Result JUnitCore.run(Computer,Class[]) at line 66,
                     Request Request.classes(Computer,Class[]) at line 109,
                     Runner Computer.getSuite(RunnerBuilder,Class[]) at line 77,
                     Computer$2.&lt;init&gt;(Computer,RunnerBuilder,Class[]) at line 28,
                     Suite.&lt;init&gt;(RunnerBuilder,Class[]) at line 33,
                     Suite.&lt;init&gt;(Class,List) at line 81,
                     ParentRunner.&lt;init&gt;(Class) at line 112,
                     TestClass ParentRunner.createTestClass(Class) at line 91,
                     TestClass.&lt;init&gt;(Class) at line 111,
                     void TestClass.scanAnnotatedMembers(Map,Map) at line 57,
                     Field[] TestClass.getSortedDeclaredFields(Class) at line 70 }},
           {elem= Access: Read of lang.Void.TYPE Thread: NoThread Lock: false Pre: Unowned;
            loc= line 107;
            trace= { Result JUnitCore.runClasses(Class[]) at line 480,
                     Result JUnitCore.runClasses(Computer,Class[]) at line 53,
                     Result JUnitCore.run(Computer,Class[]) at line 66,
                     Request Request.classes(Computer,Class[]) at line 109,
                     Runner Computer.getSuite(RunnerBuilder,Class[]) at line 77,
                     Computer$2.&lt;init&gt;(Computer,RunnerBuilder,Class[]) at line 28,
                     Suite.&lt;init&gt;(RunnerBuilder,Class[]) at line 33,
                     Suite.&lt;init&gt;(Class,List) at line 81,
                     ParentRunner.&lt;init&gt;(Class) at line 112,
                     void ParentRunner.validate() at line 92,
                     void ParentRunner.collectInitializationErrors(List) at line 523,
                     void ParentRunner.validatePublicVoidNoArgMethods(Class,boolean,List) at line 148,
                     void FrameworkMethod.validatePublicVoidNoArg(boolean,List) at line 178,
                     void FrameworkMethod.validatePublicVoid(boolean,List) at line 83 }},
           {elem= Access: Read of runners.ParentRunner.VALIDATORS Thread: NoThread Lock: false Pre: Unowned;
            loc= line 156;
            trace= { Result JUnitCore.runClasses(Class[]) at line 480,
                     Result JUnitCore.runClasses(Computer,Class[]) at line 53,
                     Result JUnitCore.run(Computer,Class[]) at line 66,
                     Request Request.classes(Computer,Class[]) at line 109,
                     Runner Computer.getSuite(RunnerBuilder,Class[]) at line 77,
                     Computer$2.&lt;init&gt;(Computer,RunnerBuilder,Class[]) at line 28,
                     Suite.&lt;init&gt;(RunnerBuilder,Class[]) at line 33,
                     Suite.&lt;init&gt;(Class,List) at line 81,
                     ParentRunner.&lt;init&gt;(Class) at line 112,
                     void ParentRunner.validate() at line 92,
                     void ParentRunner.collectInitializationErrors(List) at line 523,
                     void ParentRunner.applyValidators(List) at line 151 }},
           {elem= Access: Read of internal.MethodSorter.DEFAULT Thread: NoThread Lock: false Pre: Unowned;
            loc= line 67;
            trace= { Result JUnitCore.runClasses(Class[]) at line 480,
                     Result JUnitCore.runClasses(Computer,Class[]) at line 53,
                     Result JUnitCore.run(Computer,Class[]) at line 66,
                     Request Request.classes(Computer,Class[]) at line 109,
                     Runner Computer.getSuite(RunnerBuilder,Class[]) at line 77,
                     Computer$2.&lt;init&gt;(Computer,RunnerBuilder,Class[]) at line 28,
                     Suite.&lt;init&gt;(RunnerBuilder,Class[]) at line 33,
                     Suite.&lt;init&gt;(Class,List) at line 81,
                     ParentRunner.&lt;init&gt;(Class) at line 112,
                     TestClass ParentRunner.createTestClass(Class) at line 91,
                     TestClass.&lt;init&gt;(Class) at line 111,
                     void TestClass.scanAnnotatedMembers(Map,Map) at line 57,
                     Method[] MethodSorter.getDeclaredMethods(Class) at line 65,
                     Comparator MethodSorter.getSorter(FixMethodOrder) at line 52 }},
           {elem= Access: Read of rules.RuleMemberValidator.CLASS_RULE_METHOD_VALIDATOR Thread: NoThread Lock: false Pre: Unowned;
            loc= line 184;
            trace= { Result JUnitCore.runClasses(Class[]) at line 480,
                     Result JUnitCore.runClasses(Computer,Class[]) at line 53,
                     Result JUnitCore.run(Computer,Class[]) at line 66,
                     Request Request.classes(Computer,Class[]) at line 109,
                     Runner Computer.getSuite(RunnerBuilder,Class[]) at line 77,
                     Computer$2.&lt;init&gt;(Computer,RunnerBuilder,Class[]) at line 28,
                     Suite.&lt;init&gt;(RunnerBuilder,Class[]) at line 33,
                     Suite.&lt;init&gt;(Class,List) at line 81,
                     ParentRunner.&lt;init&gt;(Class) at line 112,
                     void ParentRunner.validate() at line 92,
                     void ParentRunner.collectInitializationErrors(List) at line 523,
                     void ParentRunner.validateClassRules(List) at line 150 }},
           {elem= Access: Read of rules.RuleMemberValidator.CLASS_RULE_VALIDATOR Thread: NoThread Lock: false Pre: Unowned;
            loc= line 183;
            trace= { Result JUnitCore.runClasses(Class[]) at line 480,
                     Result JUnitCore.runClasses(Computer,Class[]) at line 53,
                     Result JUnitCore.run(Computer,Class[]) at line 66,
                     Request Request.classes(Computer,Class[]) at line 109,
                     Runner Computer.getSuite(RunnerBuilder,Class[]) at line 77,
                     Computer$2.&lt;init&gt;(Computer,RunnerBuilder,Class[]) at line 28,
                     Suite.&lt;init&gt;(RunnerBuilder,Class[]) at line 33,
                     Suite.&lt;init&gt;(Class,List) at line 81,
                     ParentRunner.&lt;init&gt;(Class) at line 112,
                     void ParentRunner.validate() at line 92,
                     void ParentRunner.collectInitializationErrors(List) at line 523,
                     void ParentRunner.validateClassRules(List) at line 150 }},
           {elem= Access: Read of rules.RuleMemberValidator.CLASS_RULE_METHOD_VALIDATOR-&gt;annotation Thread: NoThread Lock: false Pre: Unowned;
            loc= line 89;
            trace= { Result JUnitCore.runClasses(Class[]) at line 480,
                     Result JUnitCore.runClasses(Computer,Class[]) at line 53,
                     Result JUnitCore.run(Computer,Class[]) at line 66,
                     Request Request.classes(Computer,Class[]) at line 109,
                     Runner Computer.getSuite(RunnerBuilder,Class[]) at line 77,
                     Computer$2.&lt;init&gt;(Computer,RunnerBuilder,Class[]) at line 28,
                     Suite.&lt;init&gt;(RunnerBuilder,Class[]) at line 33,
                     Suite.&lt;init&gt;(Class,List) at line 81,
                     ParentRunner.&lt;init&gt;(Class) at line 112,
                     void ParentRunner.validate() at line 92,
                     void ParentRunner.collectInitializationErrors(List) at line 523,
                     void ParentRunner.validateClassRules(List) at line 150,
                     void RuleMemberValidator.validate(TestClass,List) at line 184 }},
           {elem= Access: Read of rules.RuleMemberValidator.CLASS_RULE_METHOD_VALIDATOR-&gt;methods Thread: NoThread Lock: false Pre: Unowned;
            loc= line 89;
            trace= { Result JUnitCore.runClasses(Class[]) at line 480,
                     Result JUnitCore.runClasses(Computer,Class[]) at line 53,
                     Result JUnitCore.run(Computer,Class[]) at line 66,
                     Request Request.classes(Computer,Class[]) at line 109,
                     Runner Computer.getSuite(RunnerBuilder,Class[]) at line 77,
                     Computer$2.&lt;init&gt;(Computer,RunnerBuilder,Class[]) at line 28,
                     Suite.&lt;init&gt;(RunnerBuilder,Class[]) at line 33,
                     Suite.&lt;init&gt;(Class,List) at line 81,
                     ParentRunner.&lt;init&gt;(Class) at line 112,
                     void ParentRunner.validate() at line 92,
                     void ParentRunner.collectInitializationErrors(List) at line 523,
                     void ParentRunner.validateClassRules(List) at line 150,
                     void RuleMemberValidator.validate(TestClass,List) at line 184 }},
           {elem= Access: Read of rules.RuleMemberValidator.CLASS_RULE_METHOD_VALIDATOR-&gt;validatorStrategies Thread: NoThread Lock: false Pre: Unowned;
            loc= line 98;
            trace= { Result JUnitCore.runClasses(Class[]) at line 480,
                     Result JUnitCore.runClasses(Computer,Class[]) at line 53,
                     Result JUnitCore.run(Computer,Class[]) at line 66,
                     Request Request.classes(Computer,Class[]) at line 109,
                     Runner Computer.getSuite(RunnerBuilder,Class[]) at line 77,
                     Computer$2.&lt;init&gt;(Computer,RunnerBuilder,Class[]) at line 28,
                     Suite.&lt;init&gt;(RunnerBuilder,Class[]) at line 33,
                     Suite.&lt;init&gt;(Class,List) at line 81,
                     ParentRunner.&lt;init&gt;(Class) at line 112,
                     void ParentRunner.validate() at line 92,
                     void ParentRunner.collectInitializationErrors(List) at line 523,
                     void ParentRunner.validateClassRules(List) at line 150,
                     void RuleMemberValidator.validate(TestClass,List) at line 184,
                     void RuleMemberValidator.validateMember(FrameworkMember,List) at line 93 }},
           {elem= Access: Read of rules.RuleMemberValidator.CLASS_RULE_VALIDATOR-&gt;annotation Thread: NoThread Lock: false Pre: Unowned;
            loc= line 89;
            trace= { Result JUnitCore.runClasses(Class[]) at line 480,
                     Result JUnitCore.runClasses(Computer,Class[]) at line 53,
                     Result JUnitCore.run(Computer,Class[]) at line 66,
                     Request Request.classes(Computer,Class[]) at line 109,
                     Runner Computer.getSuite(RunnerBuilder,Class[]) at line 77,
                     Computer$2.&lt;init&gt;(Computer,RunnerBuilder,Class[]) at line 28,
                     Suite.&lt;init&gt;(RunnerBuilder,Class[]) at line 33,
                     Suite.&lt;init&gt;(Class,List) at line 81,
                     ParentRunner.&lt;init&gt;(Class) at line 112,
                     void ParentRunner.validate() at line 92,
                     void ParentRunner.collectInitializationErrors(List) at line 523,
                     void ParentRunner.validateClassRules(List) at line 150,
                     void RuleMemberValidator.validate(TestClass,List) at line 183 }},
           {elem= Access: Read of rules.RuleMemberValidator.CLASS_RULE_VALIDATOR-&gt;methods Thread: NoThread Lock: false Pre: Unowned;
            loc= line 89;
            trace= { Result JUnitCore.runClasses(Class[]) at line 480,
                     Result JUnitCore.runClasses(Computer,Class[]) at line 53,
                     Result JUnitCore.run(Computer,Class[]) at line 66,
                     Request Request.classes(Computer,Class[]) at line 109,
                     Runner Computer.getSuite(RunnerBuilder,Class[]) at line 77,
                     Computer$2.&lt;init&gt;(Computer,RunnerBuilder,Class[]) at line 28,
                     Suite.&lt;init&gt;(RunnerBuilder,Class[]) at line 33,
                     Suite.&lt;init&gt;(Class,List) at line 81,
                     ParentRunner.&lt;init&gt;(Class) at line 112,
                     void ParentRunner.validate() at line 92,
                     void ParentRunner.collectInitializationErrors(List) at line 523,
                     void ParentRunner.validateClassRules(List) at line 150,
                     void RuleMemberValidator.validate(TestClass,List) at line 183 }},
           {elem= Access: Read of rules.RuleMemberValidator.CLASS_RULE_VALIDATOR-&gt;validatorStrategies Thread: NoThread Lock: false Pre: Unowned;
            loc= line 98;
            trace= { Result JUnitCore.runClasses(Class[]) at line 480,
                     Result JUnitCore.runClasses(Computer,Class[]) at line 53,
                     Result JUnitCore.run(Computer,Class[]) at line 66,
                     Request Request.classes(Computer,Class[]) at line 109,
                     Runner Computer.getSuite(RunnerBuilder,Class[]) at line 77,
                     Computer$2.&lt;init&gt;(Computer,RunnerBuilder,Class[]) at line 28,
                     Suite.&lt;init&gt;(RunnerBuilder,Class[]) at line 33,
                     Suite.&lt;init&gt;(Class,List) at line 81,
                     ParentRunner.&lt;init&gt;(Class) at line 112,
                     void ParentRunner.validate() at line 92,
                     void ParentRunner.collectInitializationErrors(List) at line 523,
                     void ParentRunner.validateClassRules(List) at line 150,
                     void RuleMemberValidator.validate(TestClass,List) at line 183,
                     void RuleMemberValidator.validateMember(FrameworkMember,List) at line 93 }},
           {elem= Access: Write to classes.ParameterizedTestTest.fLog Thread: NoThread Lock: false Pre: Unowned;
            loc= line 479; trace= { }} } 
Ownership: { n$0 -&gt; Owned,
             n$3 -&gt; Owned,
             result -&gt; Owned,
             this -&gt; OwnedIf{ 0 },
             *n$0[_] -&gt; Owned } 
Attributes: { classes.ParameterizedTestTest.fLog -&gt; Functional,
              *n$0[_] -&gt; Functional } 


</LISTING>
<hr width="100%">
<a name="session75" href="./../nodes/org.junit.tests.running.classes.ParameterizedTestTest.beforeParamAndAfterParamValidationNumberOfPara.cce24c92e5dc1cbcbe0140690dd11eb2_node7.html#session75">node7#session75</a>(<a href="./../../ParameterizedTestTest.java.88da44e98279dfa32c0c7e5c52f053d0.html#LINE480">480</a>) biabduction
<LISTING class='color_black'>**** [FP:Pending] void ParameterizedTestTest.beforeParamAndAfterParamValidationNumberOfParameters() Node: 7, Procedure: void ParameterizedTestTest.beforeParamAndAfterParamValidationNumberOfParameters(), Todo: 1 ****
  PROP 1 of 1:
  <span class='color_blue'><span class='color_red'>MEMna &lt; new[]:480 &gt; <span class='color_orange'>{vpath: }</span>($irvar0)</span> ;
  <span class='color_red'>result = _t$10<span class='color_orange'>initial</span>:org.junit.runner.Result*</span>; <span class='color_red'>$irvar3 = _t$9<span class='color_orange'>initial</span>:void</span>; <span class='color_red'>failures = _t$8<span class='color_orange'>initial</span>:java.util.List*</span>; <span class='color_red'>$irvar5 = _t$7<span class='color_orange'>initial</span>:void</span>; <span class='color_red'>$irvar4 = _t$6<span class='color_orange'>initial</span>:void</span>; <span class='color_red'>$irvar7 = _t$5<span class='color_orange'>initial</span>:void</span>; <span class='color_red'>$irvar6 = _t$4<span class='color_orange'>initial</span>:void</span>; <span class='color_red'>$irvar0 = _t$3<span class='color_orange'>update:480</span>:void</span>; <span class='color_red'>return = _t$2<span class='color_orange'>initial</span>:void</span>; <span class='color_red'>$irvar1 = _t$1<span class='color_orange'>initial</span>:void</span>; <span class='color_red'>#GB<>$org.junit.tests.running.classes.ParameterizedTestTest = {fLog:""<span class='color_orange'>update:479</span>}<span class='color_orange'>rearrange:479</span>:org.junit.tests.running.classes.ParameterizedTestTest( sub )</span>; <span class='color_red'>$irvar2 = _t$0<span class='color_orange'>initial</span>:void</span>; <span class='color_red'>this = @f$0<span class='color_orange'>formal</span>:org.junit.tests.running.classes.ParameterizedTestTest*( sub )</span>; <span class='color_red'>old_this = @f$0<span class='color_orange'>formal</span>:org.junit.tests.running.classes.ParameterizedTestTest*( sub )</span> ;
  <span class='color_red'>$irvar0|->[1|0:org.junit.tests.running.classes.ParameterizedTestTest$BeforeParamAndAfterParamErrorNumberOfParameters<span class='color_orange'>update:480</span>]<span class='color_orange'>alloc</span>:java.lang.Class*[_*_][1]</span>
  [footprint
     <span class='color_red'>#GB<>$org.junit.tests.running.classes.ParameterizedTestTest = {fLog:@f$1<span class='color_orange'>rearrange:479</span>}<span class='color_orange'>rearrange:479</span>:org.junit.tests.running.classes.ParameterizedTestTest( sub )</span>; <span class='color_red'>this = @f$0<span class='color_orange'>formal</span>:org.junit.tests.running.classes.ParameterizedTestTest*( sub )</span>  ]</span>
  .... Instructions: ....
  <span class='color_green'>n$2=*&amp;$irvar0:java.lang.Class*[_*_](*) [line 480];
  n$3=_fun_Result JUnitCore.runClasses(Class[])(n$2:java.lang.Class*[_*_](*)) [line 480];
  *&amp;result:org.junit.runner.Result*=n$3 [line 480];
  NULLIFY(&amp;$irvar0); [line 480];
  EXIT_SCOPE(n$2,n$3,$irvar0); [line 480];
  </span>
  
  Processing prop 1/1
    Instruction <span class='color_green'>n$2=*&amp;$irvar0:java.lang.Class*[_*_](*) [line 480]</span>
    in vpath_find exp:n$54
    vpath_find do_sexp: no match on Eexp &amp;$irvar0
    vpath_find: cannot find n$54
    .... Rearrangement Start ....
    Exp: &amp;$irvar0
    Prop:
    <span class='color_blue'>MEMna &lt; new[]:480 &gt; <span class='color_orange'>{vpath: }</span>($irvar0) ;
    result = n$55<span class='color_orange'>initial</span>:org.junit.runner.Result*; $irvar3 = n$56<span class='color_orange'>initial</span>:void; failures = n$57<span class='color_orange'>initial</span>:java.util.List*; $irvar5 = n$58<span class='color_orange'>initial</span>:void; $irvar4 = n$59<span class='color_orange'>initial</span>:void; $irvar7 = n$60<span class='color_orange'>initial</span>:void; $irvar6 = n$61<span class='color_orange'>initial</span>:void; $irvar0 = n$54<span class='color_orange'>update:480</span>:void; return = n$62<span class='color_orange'>initial</span>:void; $irvar1 = n$63<span class='color_orange'>initial</span>:void; #GB<>$org.junit.tests.running.classes.ParameterizedTestTest = {fLog:""<span class='color_orange'>update:479</span>}<span class='color_orange'>rearrange:479</span>:org.junit.tests.running.classes.ParameterizedTestTest( sub ); $irvar2 = n$64<span class='color_orange'>initial</span>:void; this = @f$0<span class='color_orange'>formal</span>:org.junit.tests.running.classes.ParameterizedTestTest*( sub ); old_this = @f$0<span class='color_orange'>formal</span>:org.junit.tests.running.classes.ParameterizedTestTest*( sub ) ;
    $irvar0|->[1|0:org.junit.tests.running.classes.ParameterizedTestTest$BeforeParamAndAfterParamErrorNumberOfParameters<span class='color_orange'>update:480</span>]<span class='color_orange'>alloc</span>:java.lang.Class*[_*_][1]
    [footprint
       #GB<>$org.junit.tests.running.classes.ParameterizedTestTest = {fLog:@f$1<span class='color_orange'>rearrange:479</span>}<span class='color_orange'>rearrange:479</span>:org.junit.tests.running.classes.ParameterizedTestTest( sub ); this = @f$0<span class='color_orange'>formal</span>:org.junit.tests.running.classes.ParameterizedTestTest*( sub )  ]</span>
    
    in prop_iter_extend_ptsto lexp: &amp;$irvar0
    prop before:
    <span class='color_blue'>MEMna &lt; new[]:480 &gt; <span class='color_orange'>{vpath: }</span>($irvar0) ;
    result = n$55<span class='color_orange'>initial</span>:org.junit.runner.Result*; $irvar3 = n$56<span class='color_orange'>initial</span>:void; failures = n$57<span class='color_orange'>initial</span>:java.util.List*; $irvar5 = n$58<span class='color_orange'>initial</span>:void; $irvar4 = n$59<span class='color_orange'>initial</span>:void; $irvar7 = n$60<span class='color_orange'>initial</span>:void; $irvar6 = n$61<span class='color_orange'>initial</span>:void; $irvar0 = n$54<span class='color_orange'>update:480</span>:void; return = n$62<span class='color_orange'>initial</span>:void; $irvar1 = n$63<span class='color_orange'>initial</span>:void; #GB<>$org.junit.tests.running.classes.ParameterizedTestTest = {fLog:""<span class='color_orange'>update:479</span>}<span class='color_orange'>rearrange:479</span>:org.junit.tests.running.classes.ParameterizedTestTest( sub ); $irvar2 = n$64<span class='color_orange'>initial</span>:void; this = @f$0<span class='color_orange'>formal</span>:org.junit.tests.running.classes.ParameterizedTestTest*( sub ); old_this = @f$0<span class='color_orange'>formal</span>:org.junit.tests.running.classes.ParameterizedTestTest*( sub ) ;
    $irvar0|->[1|0:org.junit.tests.running.classes.ParameterizedTestTest$BeforeParamAndAfterParamErrorNumberOfParameters<span class='color_orange'>update:480</span>]<span class='color_orange'>alloc</span>:java.lang.Class*[_*_][1]
    [footprint
       #GB<>$org.junit.tests.running.classes.ParameterizedTestTest = {fLog:@f$1<span class='color_orange'>rearrange:479</span>}<span class='color_orange'>rearrange:479</span>:org.junit.tests.running.classes.ParameterizedTestTest( sub ); this = @f$0<span class='color_orange'>formal</span>:org.junit.tests.running.classes.ParameterizedTestTest*( sub )  ]</span>
    
    
    prop list after:
    PROP 1 of 1:
    <span class='color_blue'><span class='color_blue'>MEMna &lt; new[]:480 &gt; <span class='color_orange'>{vpath: }</span>($irvar0)</span> ;
    <span class='color_blue'>result = n$55<span class='color_orange'>initial</span>:org.junit.runner.Result*</span>; <span class='color_blue'>$irvar3 = n$56<span class='color_orange'>initial</span>:void</span>; <span class='color_blue'>failures = n$57<span class='color_orange'>initial</span>:java.util.List*</span>; <span class='color_blue'>$irvar5 = n$58<span class='color_orange'>initial</span>:void</span>; <span class='color_blue'>$irvar4 = n$59<span class='color_orange'>initial</span>:void</span>; <span class='color_blue'>$irvar7 = n$60<span class='color_orange'>initial</span>:void</span>; <span class='color_blue'>$irvar6 = n$61<span class='color_orange'>initial</span>:void</span>; <span class='color_blue'>$irvar0 = n$54<span class='color_orange'>update:480</span>:void</span>; <span class='color_blue'>return = n$62<span class='color_orange'>initial</span>:void</span>; <span class='color_blue'>$irvar1 = n$63<span class='color_orange'>initial</span>:void</span>; <span class='color_blue'>#GB<>$org.junit.tests.running.classes.ParameterizedTestTest = {fLog:""<span class='color_orange'>update:479</span>}<span class='color_orange'>rearrange:479</span>:org.junit.tests.running.classes.ParameterizedTestTest( sub )</span>; <span class='color_blue'>$irvar2 = n$64<span class='color_orange'>initial</span>:void</span>; <span class='color_blue'>this = @f$0<span class='color_orange'>formal</span>:org.junit.tests.running.classes.ParameterizedTestTest*( sub )</span>; <span class='color_blue'>old_this = @f$0<span class='color_orange'>formal</span>:org.junit.tests.running.classes.ParameterizedTestTest*( sub )</span> ;
    <span class='color_blue'>$irvar0|->[1|0:org.junit.tests.running.classes.ParameterizedTestTest$BeforeParamAndAfterParamErrorNumberOfParameters<span class='color_orange'>update:480</span>]<span class='color_orange'>alloc</span>:java.lang.Class*[_*_][1]</span>
    [footprint
       <span class='color_blue'>#GB<>$org.junit.tests.running.classes.ParameterizedTestTest = {fLog:@f$1<span class='color_orange'>rearrange:479</span>}<span class='color_orange'>rearrange:479</span>:org.junit.tests.running.classes.ParameterizedTestTest( sub )</span>; <span class='color_blue'>this = @f$0<span class='color_orange'>formal</span>:org.junit.tests.running.classes.ParameterizedTestTest*( sub )</span>  ]</span>
    
    
    
    Instruction Returns
    PROP 1 of 1:
    <span class='color_blue'><span class='color_red'>MEMna &lt; new[]:480 &gt; <span class='color_orange'>{vpath: }</span>($irvar0)</span> ;
    <span class='color_blue'>result = <span class='color_red'>_t$9<span class='color_orange'>initial</span></span>:org.junit.runner.Result*</span>; <span class='color_blue'>$irvar3 = <span class='color_red'>_t$8<span class='color_orange'>initial</span></span>:void</span>; <span class='color_blue'>failures = <span class='color_red'>_t$7<span class='color_orange'>initial</span></span>:java.util.List*</span>; <span class='color_blue'>$irvar5 = <span class='color_red'>_t$6<span class='color_orange'>initial</span></span>:void</span>; <span class='color_blue'>$irvar4 = <span class='color_red'>_t$5<span class='color_orange'>initial</span></span>:void</span>; <span class='color_blue'>$irvar7 = <span class='color_red'>_t$4<span class='color_orange'>initial</span></span>:void</span>; <span class='color_blue'>$irvar6 = <span class='color_red'>_t$3<span class='color_orange'>initial</span></span>:void</span>; <span class='color_blue'>$irvar0 = <span class='color_red'>n$2<span class='color_orange'>update:480</span></span>:void</span>; <span class='color_blue'>return = _t$2<span class='color_orange'>initial</span>:void</span>; <span class='color_blue'>$irvar1 = _t$1<span class='color_orange'>initial</span>:void</span>; <span class='color_blue'>#GB<>$org.junit.tests.running.classes.ParameterizedTestTest = {fLog:""<span class='color_orange'>update:479</span>}<span class='color_orange'>rearrange:479</span>:org.junit.tests.running.classes.ParameterizedTestTest( sub )</span>; <span class='color_blue'>$irvar2 = _t$0<span class='color_orange'>initial</span>:void</span>; <span class='color_blue'>this = @f$0<span class='color_orange'>formal</span>:org.junit.tests.running.classes.ParameterizedTestTest*( sub )</span>; <span class='color_blue'>old_this = @f$0<span class='color_orange'>formal</span>:org.junit.tests.running.classes.ParameterizedTestTest*( sub )</span> ;
    <span class='color_red'>$irvar0|->[1|0:org.junit.tests.running.classes.ParameterizedTestTest$BeforeParamAndAfterParamErrorNumberOfParameters<span class='color_orange'>update:480</span>]<span class='color_orange'>alloc</span>:java.lang.Class*[_*_][1]</span>
    [footprint
       <span class='color_blue'>#GB<>$org.junit.tests.running.classes.ParameterizedTestTest = {fLog:@f$1<span class='color_orange'>rearrange:479</span>}<span class='color_orange'>rearrange:479</span>:org.junit.tests.running.classes.ParameterizedTestTest( sub )</span>; <span class='color_blue'>this = @f$0<span class='color_orange'>formal</span>:org.junit.tests.running.classes.ParameterizedTestTest*( sub )</span>  ]</span>
    
    Instruction <span class='color_green'>n$3=_fun_Result JUnitCore.runClasses(Class[])(n$2:java.lang.Class*[_*_](*)) [line 480]</span>
    in vpath_find exp:n$2
    vpath_find do_sexp: no match on Eexp &amp;$irvar0
    vpath_find: cannot find n$2
    Found 1 specs for function org.junit.runner.JUnitCore.runClasses(java.lang.Class[]):org.junit.runner.Result
    START EXECUTING SPECS FOR org.junit.runner.JUnitCore.runClasses(java.lang.Class[]):org.junit.runner.Result from state
    <span class='color_blue'>MEMna &lt; new[]:480 &gt; <span class='color_orange'>{vpath: }</span>($irvar0) ;
    result = n$65<span class='color_orange'>initial</span>:org.junit.runner.Result*; $irvar3 = n$66<span class='color_orange'>initial</span>:void; failures = n$67<span class='color_orange'>initial</span>:java.util.List*; $irvar5 = n$68<span class='color_orange'>initial</span>:void; $irvar4 = n$69<span class='color_orange'>initial</span>:void; $irvar7 = n$70<span class='color_orange'>initial</span>:void; $irvar6 = n$71<span class='color_orange'>initial</span>:void; $irvar0 = n$2<span class='color_orange'>update:480</span>:void; return = n$72<span class='color_orange'>initial</span>:void; $irvar1 = n$73<span class='color_orange'>initial</span>:void; #GB<>$org.junit.tests.running.classes.ParameterizedTestTest = {fLog:""<span class='color_orange'>update:479</span>}<span class='color_orange'>rearrange:479</span>:org.junit.tests.running.classes.ParameterizedTestTest( sub ); $irvar2 = n$74<span class='color_orange'>initial</span>:void; this = @f$0<span class='color_orange'>formal</span>:org.junit.tests.running.classes.ParameterizedTestTest*( sub ); old_this = @f$0<span class='color_orange'>formal</span>:org.junit.tests.running.classes.ParameterizedTestTest*( sub ) ;
    $irvar0|->[1|0:org.junit.tests.running.classes.ParameterizedTestTest$BeforeParamAndAfterParamErrorNumberOfParameters<span class='color_orange'>update:480</span>]<span class='color_orange'>alloc</span>:java.lang.Class*[_*_][1]
    [footprint
       #GB<>$org.junit.tests.running.classes.ParameterizedTestTest = {fLog:@f$1<span class='color_orange'>rearrange:479</span>}<span class='color_orange'>rearrange:479</span>:org.junit.tests.running.classes.ParameterizedTestTest( sub ); this = @f$0<span class='color_orange'>formal</span>:org.junit.tests.running.classes.ParameterizedTestTest*( sub )  ]</span>
    EXECUTING SPEC 1/1
    ACTUAL PRECONDITION =
      <span class='color_blue'>MEMna &lt; new[]:480 &gt; <span class='color_orange'>{vpath: }</span>($irvar0) ;
      result = n$65<span class='color_orange'>initial</span>:org.junit.runner.Result*; $irvar3 = n$66<span class='color_orange'>initial</span>:void; failures = n$67<span class='color_orange'>initial</span>:java.util.List*; $irvar5 = n$68<span class='color_orange'>initial</span>:void; classes|callee = n$2<span class='color_orange'>actual_precondition</span>:java.lang.Class*[_*_](*); $irvar4 = n$69<span class='color_orange'>initial</span>:void; $irvar7 = n$70<span class='color_orange'>initial</span>:void; $irvar6 = n$71<span class='color_orange'>initial</span>:void; $irvar0 = n$2<span class='color_orange'>update:480</span>:void; return = n$72<span class='color_orange'>initial</span>:void; $irvar1 = n$73<span class='color_orange'>initial</span>:void; #GB<>$org.junit.tests.running.classes.ParameterizedTestTest = {fLog:""<span class='color_orange'>update:479</span>}<span class='color_orange'>rearrange:479</span>:org.junit.tests.running.classes.ParameterizedTestTest( sub ); $irvar2 = n$74<span class='color_orange'>initial</span>:void; this = @f$0<span class='color_orange'>formal</span>:org.junit.tests.running.classes.ParameterizedTestTest*( sub ); old_this = @f$0<span class='color_orange'>formal</span>:org.junit.tests.running.classes.ParameterizedTestTest*( sub ) ;
      $irvar0|->[1|0:org.junit.tests.running.classes.ParameterizedTestTest$BeforeParamAndAfterParamErrorNumberOfParameters<span class='color_orange'>update:480</span>]<span class='color_orange'>alloc</span>:java.lang.Class*[_*_][1]
      [footprint
         #GB<>$org.junit.tests.running.classes.ParameterizedTestTest = {fLog:@f$1<span class='color_orange'>rearrange:479</span>}<span class='color_orange'>rearrange:479</span>:org.junit.tests.running.classes.ParameterizedTestTest( sub ); this = @f$0<span class='color_orange'>formal</span>:org.junit.tests.running.classes.ParameterizedTestTest*( sub )  ]</span>
    SPEC =
      --------------------------- ---------- ---------------------------
      PRE:
      <span class='color_blue'><span class='color_blue'>classes|callee = _t$82<span class='color_orange'>formal</span>:java.lang.Class*[_*_](*)( sub )</span></span>
      POST 1 of 1:
      <span class='color_blue'><span class='color_red'>UND &lt; Result JUnitCore.runClasses(Computer,Class[]) &gt; :53(return|callee)</span> ;
      <span class='color_red'>return|callee = _t$83<span class='color_orange'>update:53</span>:org.junit.runner.Result*</span></span>
      ----------------------------------------------------------------
    pre_check_pure_implication
    pi1:
      MEMna &lt; new[]:480 &gt; <span class='color_orange'>{vpath: }</span>(n$2)
    pi2:
      
    returns
    sub1:
      
    sub2:
      
    Current Implication
    SUB:
      
    <span class='color_blue'>MEMna &lt; new[]:480 &gt; <span class='color_orange'>{vpath: }</span>($irvar0) ;
    result = n$65<span class='color_orange'>initial</span>:org.junit.runner.Result*; $irvar3 = n$66<span class='color_orange'>initial</span>:void; failures = n$67<span class='color_orange'>initial</span>:java.util.List*; $irvar5 = n$68<span class='color_orange'>initial</span>:void; classes|callee = n$2<span class='color_orange'>actual_precondition</span>:java.lang.Class*[_*_](*); $irvar4 = n$69<span class='color_orange'>initial</span>:void; $irvar7 = n$70<span class='color_orange'>initial</span>:void; $irvar6 = n$71<span class='color_orange'>initial</span>:void; $irvar0 = n$2<span class='color_orange'>update:480</span>:void; return = n$72<span class='color_orange'>initial</span>:void; $irvar1 = n$73<span class='color_orange'>initial</span>:void; #GB<>$org.junit.tests.running.classes.ParameterizedTestTest = {fLog:""<span class='color_orange'>update:479</span>}<span class='color_orange'>rearrange:479</span>:org.junit.tests.running.classes.ParameterizedTestTest( sub ); $irvar2 = n$74<span class='color_orange'>initial</span>:void; this = @f$0<span class='color_orange'>formal</span>:org.junit.tests.running.classes.ParameterizedTestTest*( sub ); old_this = @f$0<span class='color_orange'>formal</span>:org.junit.tests.running.classes.ParameterizedTestTest*( sub ) ;
    $irvar0|->[1|0:org.junit.tests.running.classes.ParameterizedTestTest$BeforeParamAndAfterParamErrorNumberOfParameters<span class='color_orange'>update:480</span>]<span class='color_orange'>alloc</span>:java.lang.Class*[_*_][1]
    [footprint
       #GB<>$org.junit.tests.running.classes.ParameterizedTestTest = {fLog:@f$1<span class='color_orange'>rearrange:479</span>}<span class='color_orange'>rearrange:479</span>:org.junit.tests.running.classes.ParameterizedTestTest( sub ); this = @f$0<span class='color_orange'>formal</span>:org.junit.tests.running.classes.ParameterizedTestTest*( sub )  ]</span>
    |-
    <span class='color_blue'>classes|callee = _t$82<span class='color_orange'>formal</span>:java.lang.Class*[_*_](*)( sub )</span>
    
      do_imply n$2 _t$82
        Final Implication
        SUB:
          
        <span class='color_blue'>MEMna &lt; new[]:480 &gt; <span class='color_orange'>{vpath: }</span>($irvar0) ;
        result = n$65<span class='color_orange'>initial</span>:org.junit.runner.Result*; $irvar3 = n$66<span class='color_orange'>initial</span>:void; failures = n$67<span class='color_orange'>initial</span>:java.util.List*; $irvar5 = n$68<span class='color_orange'>initial</span>:void; $irvar4 = n$69<span class='color_orange'>initial</span>:void; $irvar7 = n$70<span class='color_orange'>initial</span>:void; $irvar6 = n$71<span class='color_orange'>initial</span>:void; $irvar0 = n$2<span class='color_orange'>update:480</span>:void; return = n$72<span class='color_orange'>initial</span>:void; $irvar1 = n$73<span class='color_orange'>initial</span>:void; #GB<>$org.junit.tests.running.classes.ParameterizedTestTest = {fLog:""<span class='color_orange'>update:479</span>}<span class='color_orange'>rearrange:479</span>:org.junit.tests.running.classes.ParameterizedTestTest( sub ); $irvar2 = n$74<span class='color_orange'>initial</span>:void; this = @f$0<span class='color_orange'>formal</span>:org.junit.tests.running.classes.ParameterizedTestTest*( sub ); old_this = @f$0<span class='color_orange'>formal</span>:org.junit.tests.running.classes.ParameterizedTestTest*( sub ) ;
        $irvar0|->[1|0:org.junit.tests.running.classes.ParameterizedTestTest$BeforeParamAndAfterParamErrorNumberOfParameters<span class='color_orange'>update:480</span>]<span class='color_orange'>alloc</span>:java.lang.Class*[_*_][1]
        [footprint
           #GB<>$org.junit.tests.running.classes.ParameterizedTestTest = {fLog:@f$1<span class='color_orange'>rearrange:479</span>}<span class='color_orange'>rearrange:479</span>:org.junit.tests.running.classes.ParameterizedTestTest( sub ); this = @f$0<span class='color_orange'>formal</span>:org.junit.tests.running.classes.ParameterizedTestTest*( sub )  ]</span>
        [SUB: 
          _t$82 = n$2]
        |-
        <span class='color_blue'></span>
    Result of Abduction
      SUB:
        
      <span class='color_blue'>MEMna &lt; new[]:480 &gt; <span class='color_orange'>{vpath: }</span>($irvar0) ;
      result = n$65<span class='color_orange'>initial</span>:org.junit.runner.Result*; $irvar3 = n$66<span class='color_orange'>initial</span>:void; failures = n$67<span class='color_orange'>initial</span>:java.util.List*; $irvar5 = n$68<span class='color_orange'>initial</span>:void; classes|callee = n$2<span class='color_orange'>actual_precondition</span>:java.lang.Class*[_*_](*); $irvar4 = n$69<span class='color_orange'>initial</span>:void; $irvar7 = n$70<span class='color_orange'>initial</span>:void; $irvar6 = n$71<span class='color_orange'>initial</span>:void; $irvar0 = n$2<span class='color_orange'>update:480</span>:void; return = n$72<span class='color_orange'>initial</span>:void; $irvar1 = n$73<span class='color_orange'>initial</span>:void; #GB<>$org.junit.tests.running.classes.ParameterizedTestTest = {fLog:""<span class='color_orange'>update:479</span>}<span class='color_orange'>rearrange:479</span>:org.junit.tests.running.classes.ParameterizedTestTest( sub ); $irvar2 = n$74<span class='color_orange'>initial</span>:void; this = @f$0<span class='color_orange'>formal</span>:org.junit.tests.running.classes.ParameterizedTestTest*( sub ); old_this = @f$0<span class='color_orange'>formal</span>:org.junit.tests.running.classes.ParameterizedTestTest*( sub ) ;
      $irvar0|->[1|0:org.junit.tests.running.classes.ParameterizedTestTest$BeforeParamAndAfterParamErrorNumberOfParameters<span class='color_orange'>update:480</span>]<span class='color_orange'>alloc</span>:java.lang.Class*[_*_][1]
      [footprint
         #GB<>$org.junit.tests.running.classes.ParameterizedTestTest = {fLog:@f$1<span class='color_orange'>rearrange:479</span>}<span class='color_orange'>rearrange:479</span>:org.junit.tests.running.classes.ParameterizedTestTest( sub ); this = @f$0<span class='color_orange'>formal</span>:org.junit.tests.running.classes.ParameterizedTestTest*( sub )  ]</span>
      [SUB: 
        _t$82 = n$2]
      |-
      <span class='color_blue'>classes|callee = n$2<span class='color_orange'>formal</span>:java.lang.Class*[_*_](*)( sub )</span>
    returning TRUE
      New footprint:
      
      Frame fld:
      
      Missing fld:
      
      Instantiated frame:
      n$2|->[1|0:org.junit.tests.running.classes.ParameterizedTestTest$BeforeParamAndAfterParamErrorNumberOfParameters<span class='color_orange'>update:480</span>]<span class='color_orange'>alloc</span>:java.lang.Class*[_*_][1]; &amp;result|->n$65<span class='color_orange'>initial</span>:org.junit.runner.Result*; &amp;$irvar3|->n$66<span class='color_orange'>initial</span>:void; &amp;failures|->n$67<span class='color_orange'>initial</span>:java.util.List*; &amp;$irvar5|->n$68<span class='color_orange'>initial</span>:void; &amp;$irvar4|->n$69<span class='color_orange'>initial</span>:void; &amp;$irvar7|->n$70<span class='color_orange'>initial</span>:void; &amp;$irvar6|->n$71<span class='color_orange'>initial</span>:void; &amp;$irvar0|->n$2<span class='color_orange'>update:480</span>:void; &amp;return|->n$72<span class='color_orange'>initial</span>:void; &amp;$irvar1|->n$73<span class='color_orange'>initial</span>:void; &amp;#GB<>$org.junit.tests.running.classes.ParameterizedTestTest|->{fLog:""<span class='color_orange'>update:479</span>}<span class='color_orange'>rearrange:479</span>:org.junit.tests.running.classes.ParameterizedTestTest( sub ); &amp;$irvar2|->n$74<span class='color_orange'>initial</span>:void; &amp;this|->@f$0<span class='color_orange'>formal</span>:org.junit.tests.running.classes.ParameterizedTestTest*( sub ); &amp;old_this|->@f$0<span class='color_orange'>formal</span>:org.junit.tests.running.classes.ParameterizedTestTest*( sub )
      Instantiated post:
      PROP 1 of 1:
      <span class='color_blue'><span class='color_red'>UND &lt; Result JUnitCore.runClasses(Computer,Class[]) &gt; :53(return|callee)</span> ;
      <span class='color_red'>return|callee = _t$83<span class='color_orange'>update:480</span>:org.junit.runner.Result*</span></span>
      
    ***** RESULTS FUNCTION CALL *******
    PROP 1 of 1:
    <span class='color_blue'><span class='color_blue'>MEMna &lt; new[]:480 &gt; <span class='color_orange'>{vpath: }</span>($irvar0)</span>; <span class='color_red'>UND &lt; Result JUnitCore.runClasses(Computer,Class[]) &gt; :53(n$3)</span> ;
    <span class='color_blue'>result = n$65<span class='color_orange'>initial</span>:org.junit.runner.Result*</span>; <span class='color_blue'>$irvar3 = n$66<span class='color_orange'>initial</span>:void</span>; <span class='color_blue'>failures = n$67<span class='color_orange'>initial</span>:java.util.List*</span>; <span class='color_blue'>$irvar5 = n$68<span class='color_orange'>initial</span>:void</span>; <span class='color_blue'>$irvar4 = n$69<span class='color_orange'>initial</span>:void</span>; <span class='color_blue'>$irvar7 = n$70<span class='color_orange'>initial</span>:void</span>; <span class='color_blue'>$irvar6 = n$71<span class='color_orange'>initial</span>:void</span>; <span class='color_blue'>$irvar0 = n$2<span class='color_orange'>update:480</span>:void</span>; <span class='color_blue'>return = n$72<span class='color_orange'>initial</span>:void</span>; <span class='color_blue'>$irvar1 = n$73<span class='color_orange'>initial</span>:void</span>; <span class='color_blue'>#GB<>$org.junit.tests.running.classes.ParameterizedTestTest = {fLog:""<span class='color_orange'>update:479</span>}<span class='color_orange'>rearrange:479</span>:org.junit.tests.running.classes.ParameterizedTestTest( sub )</span>; <span class='color_blue'>$irvar2 = n$74<span class='color_orange'>initial</span>:void</span>; <span class='color_blue'>this = @f$0<span class='color_orange'>formal</span>:org.junit.tests.running.classes.ParameterizedTestTest*( sub )</span>; <span class='color_blue'>old_this = @f$0<span class='color_orange'>formal</span>:org.junit.tests.running.classes.ParameterizedTestTest*( sub )</span> ;
    <span class='color_blue'>$irvar0|->[1|0:org.junit.tests.running.classes.ParameterizedTestTest$BeforeParamAndAfterParamErrorNumberOfParameters<span class='color_orange'>update:480</span>]<span class='color_orange'>alloc</span>:java.lang.Class*[_*_][1]</span>
    [footprint
       <span class='color_blue'>#GB<>$org.junit.tests.running.classes.ParameterizedTestTest = {fLog:@f$1<span class='color_orange'>rearrange:479</span>}<span class='color_orange'>rearrange:479</span>:org.junit.tests.running.classes.ParameterizedTestTest( sub )</span>; <span class='color_blue'>this = @f$0<span class='color_orange'>formal</span>:org.junit.tests.running.classes.ParameterizedTestTest*( sub )</span>  ]</span>
    ***** END RESULTS FUNCTION CALL *******
    Prover.check_inconsistency_base: inconsistency reason [None]
    Prover.check_inconsistency_base: inconsistency reason [None]
    Prover.check_inconsistency_base: inconsistency reason [None]
    Prover.check_inconsistency_base: inconsistency reason [None]
    Instruction Returns
    PROP 1 of 1:
    <span class='color_blue'><span class='color_blue'>MEMna &lt; new[]:480 &gt; <span class='color_orange'>{vpath: }</span>($irvar0)</span>; <span class='color_red'>UND &lt; Result JUnitCore.runClasses(Computer,Class[]) &gt; :53(n$3)</span> ;
    <span class='color_blue'>result = _t$9<span class='color_orange'>initial</span>:org.junit.runner.Result*</span>; <span class='color_blue'>$irvar3 = _t$8<span class='color_orange'>initial</span>:void</span>; <span class='color_blue'>failures = _t$7<span class='color_orange'>initial</span>:java.util.List*</span>; <span class='color_blue'>$irvar5 = _t$6<span class='color_orange'>initial</span>:void</span>; <span class='color_blue'>$irvar4 = _t$5<span class='color_orange'>initial</span>:void</span>; <span class='color_blue'>$irvar7 = _t$4<span class='color_orange'>initial</span>:void</span>; <span class='color_blue'>$irvar6 = _t$3<span class='color_orange'>initial</span>:void</span>; <span class='color_blue'>$irvar0 = n$2<span class='color_orange'>update:480</span>:void</span>; <span class='color_blue'>return = _t$2<span class='color_orange'>initial</span>:void</span>; <span class='color_blue'>$irvar1 = _t$1<span class='color_orange'>initial</span>:void</span>; <span class='color_blue'>#GB<>$org.junit.tests.running.classes.ParameterizedTestTest = {fLog:""<span class='color_orange'>update:479</span>}<span class='color_orange'>rearrange:479</span>:org.junit.tests.running.classes.ParameterizedTestTest( sub )</span>; <span class='color_blue'>$irvar2 = _t$0<span class='color_orange'>initial</span>:void</span>; <span class='color_blue'>this = @f$0<span class='color_orange'>formal</span>:org.junit.tests.running.classes.ParameterizedTestTest*( sub )</span>; <span class='color_blue'>old_this = @f$0<span class='color_orange'>formal</span>:org.junit.tests.running.classes.ParameterizedTestTest*( sub )</span> ;
    <span class='color_blue'>$irvar0|->[1|0:org.junit.tests.running.classes.ParameterizedTestTest$BeforeParamAndAfterParamErrorNumberOfParameters<span class='color_orange'>update:480</span>]<span class='color_orange'>alloc</span>:java.lang.Class*[_*_][1]</span>
    [footprint
       <span class='color_blue'>#GB<>$org.junit.tests.running.classes.ParameterizedTestTest = {fLog:@f$1<span class='color_orange'>rearrange:479</span>}<span class='color_orange'>rearrange:479</span>:org.junit.tests.running.classes.ParameterizedTestTest( sub )</span>; <span class='color_blue'>this = @f$0<span class='color_orange'>formal</span>:org.junit.tests.running.classes.ParameterizedTestTest*( sub )</span>  ]</span>
    
    Instruction <span class='color_green'>*&amp;result:org.junit.runner.Result*=n$3 [line 480]</span>
    in vpath_find exp:n$2
    vpath_find do_sexp: no match on Eexp &amp;$irvar0
    vpath_find: cannot find n$2
    .... Rearrangement Start ....
    Exp: &amp;result
    Prop:
    <span class='color_blue'>MEMna &lt; new[]:480 &gt; <span class='color_orange'>{vpath: }</span>($irvar0); UND &lt; Result JUnitCore.runClasses(Computer,Class[]) &gt; :53(n$3) ;
    result = n$75<span class='color_orange'>initial</span>:org.junit.runner.Result*; $irvar3 = n$76<span class='color_orange'>initial</span>:void; failures = n$77<span class='color_orange'>initial</span>:java.util.List*; $irvar5 = n$78<span class='color_orange'>initial</span>:void; $irvar4 = n$79<span class='color_orange'>initial</span>:void; $irvar7 = n$80<span class='color_orange'>initial</span>:void; $irvar6 = n$81<span class='color_orange'>initial</span>:void; $irvar0 = n$2<span class='color_orange'>update:480</span>:void; return = n$82<span class='color_orange'>initial</span>:void; $irvar1 = n$83<span class='color_orange'>initial</span>:void; #GB<>$org.junit.tests.running.classes.ParameterizedTestTest = {fLog:""<span class='color_orange'>update:479</span>}<span class='color_orange'>rearrange:479</span>:org.junit.tests.running.classes.ParameterizedTestTest( sub ); $irvar2 = n$84<span class='color_orange'>initial</span>:void; this = @f$0<span class='color_orange'>formal</span>:org.junit.tests.running.classes.ParameterizedTestTest*( sub ); old_this = @f$0<span class='color_orange'>formal</span>:org.junit.tests.running.classes.ParameterizedTestTest*( sub ) ;
    $irvar0|->[1|0:org.junit.tests.running.classes.ParameterizedTestTest$BeforeParamAndAfterParamErrorNumberOfParameters<span class='color_orange'>update:480</span>]<span class='color_orange'>alloc</span>:java.lang.Class*[_*_][1]
    [footprint
       #GB<>$org.junit.tests.running.classes.ParameterizedTestTest = {fLog:@f$1<span class='color_orange'>rearrange:479</span>}<span class='color_orange'>rearrange:479</span>:org.junit.tests.running.classes.ParameterizedTestTest( sub ); this = @f$0<span class='color_orange'>formal</span>:org.junit.tests.running.classes.ParameterizedTestTest*( sub )  ]</span>
    
    in prop_iter_extend_ptsto lexp: &amp;result
    prop before:
    <span class='color_blue'>MEMna &lt; new[]:480 &gt; <span class='color_orange'>{vpath: }</span>($irvar0); UND &lt; Result JUnitCore.runClasses(Computer,Class[]) &gt; :53(n$3) ;
    result = n$75<span class='color_orange'>initial</span>:org.junit.runner.Result*; $irvar3 = n$76<span class='color_orange'>initial</span>:void; failures = n$77<span class='color_orange'>initial</span>:java.util.List*; $irvar5 = n$78<span class='color_orange'>initial</span>:void; $irvar4 = n$79<span class='color_orange'>initial</span>:void; $irvar7 = n$80<span class='color_orange'>initial</span>:void; $irvar6 = n$81<span class='color_orange'>initial</span>:void; $irvar0 = n$2<span class='color_orange'>update:480</span>:void; return = n$82<span class='color_orange'>initial</span>:void; $irvar1 = n$83<span class='color_orange'>initial</span>:void; #GB<>$org.junit.tests.running.classes.ParameterizedTestTest = {fLog:""<span class='color_orange'>update:479</span>}<span class='color_orange'>rearrange:479</span>:org.junit.tests.running.classes.ParameterizedTestTest( sub ); $irvar2 = n$84<span class='color_orange'>initial</span>:void; this = @f$0<span class='color_orange'>formal</span>:org.junit.tests.running.classes.ParameterizedTestTest*( sub ); old_this = @f$0<span class='color_orange'>formal</span>:org.junit.tests.running.classes.ParameterizedTestTest*( sub ) ;
    $irvar0|->[1|0:org.junit.tests.running.classes.ParameterizedTestTest$BeforeParamAndAfterParamErrorNumberOfParameters<span class='color_orange'>update:480</span>]<span class='color_orange'>alloc</span>:java.lang.Class*[_*_][1]
    [footprint
       #GB<>$org.junit.tests.running.classes.ParameterizedTestTest = {fLog:@f$1<span class='color_orange'>rearrange:479</span>}<span class='color_orange'>rearrange:479</span>:org.junit.tests.running.classes.ParameterizedTestTest( sub ); this = @f$0<span class='color_orange'>formal</span>:org.junit.tests.running.classes.ParameterizedTestTest*( sub )  ]</span>
    
    
    prop list after:
    PROP 1 of 1:
    <span class='color_blue'><span class='color_blue'>MEMna &lt; new[]:480 &gt; <span class='color_orange'>{vpath: }</span>($irvar0)</span>; <span class='color_blue'>UND &lt; Result JUnitCore.runClasses(Computer,Class[]) &gt; :53(n$3)</span> ;
    <span class='color_blue'>result = n$75<span class='color_orange'>initial</span>:org.junit.runner.Result*</span>; <span class='color_blue'>$irvar3 = n$76<span class='color_orange'>initial</span>:void</span>; <span class='color_blue'>failures = n$77<span class='color_orange'>initial</span>:java.util.List*</span>; <span class='color_blue'>$irvar5 = n$78<span class='color_orange'>initial</span>:void</span>; <span class='color_blue'>$irvar4 = n$79<span class='color_orange'>initial</span>:void</span>; <span class='color_blue'>$irvar7 = n$80<span class='color_orange'>initial</span>:void</span>; <span class='color_blue'>$irvar6 = n$81<span class='color_orange'>initial</span>:void</span>; <span class='color_blue'>$irvar0 = n$2<span class='color_orange'>update:480</span>:void</span>; <span class='color_blue'>return = n$82<span class='color_orange'>initial</span>:void</span>; <span class='color_blue'>$irvar1 = n$83<span class='color_orange'>initial</span>:void</span>; <span class='color_blue'>#GB<>$org.junit.tests.running.classes.ParameterizedTestTest = {fLog:""<span class='color_orange'>update:479</span>}<span class='color_orange'>rearrange:479</span>:org.junit.tests.running.classes.ParameterizedTestTest( sub )</span>; <span class='color_blue'>$irvar2 = n$84<span class='color_orange'>initial</span>:void</span>; <span class='color_blue'>this = @f$0<span class='color_orange'>formal</span>:org.junit.tests.running.classes.ParameterizedTestTest*( sub )</span>; <span class='color_blue'>old_this = @f$0<span class='color_orange'>formal</span>:org.junit.tests.running.classes.ParameterizedTestTest*( sub )</span> ;
    <span class='color_blue'>$irvar0|->[1|0:org.junit.tests.running.classes.ParameterizedTestTest$BeforeParamAndAfterParamErrorNumberOfParameters<span class='color_orange'>update:480</span>]<span class='color_orange'>alloc</span>:java.lang.Class*[_*_][1]</span>
    [footprint
       <span class='color_blue'>#GB<>$org.junit.tests.running.classes.ParameterizedTestTest = {fLog:@f$1<span class='color_orange'>rearrange:479</span>}<span class='color_orange'>rearrange:479</span>:org.junit.tests.running.classes.ParameterizedTestTest( sub )</span>; <span class='color_blue'>this = @f$0<span class='color_orange'>formal</span>:org.junit.tests.running.classes.ParameterizedTestTest*( sub )</span>  ]</span>
    
    
    
    Instruction Returns
    PROP 1 of 1:
    <span class='color_blue'><span class='color_blue'>MEMna &lt; new[]:480 &gt; <span class='color_orange'>{vpath: }</span>($irvar0)</span>; <span class='color_blue'>UND &lt; Result JUnitCore.runClasses(Computer,Class[]) &gt; :53(result)</span> ;
    <span class='color_blue'>result = <span class='color_red'>n$3<span class='color_orange'>update:480</span></span>:org.junit.runner.Result*</span>; <span class='color_blue'>$irvar3 = _t$8<span class='color_orange'>initial</span>:void</span>; <span class='color_blue'>failures = _t$7<span class='color_orange'>initial</span>:java.util.List*</span>; <span class='color_blue'>$irvar5 = _t$6<span class='color_orange'>initial</span>:void</span>; <span class='color_blue'>$irvar4 = _t$5<span class='color_orange'>initial</span>:void</span>; <span class='color_blue'>$irvar7 = _t$4<span class='color_orange'>initial</span>:void</span>; <span class='color_blue'>$irvar6 = _t$3<span class='color_orange'>initial</span>:void</span>; <span class='color_blue'>$irvar0 = n$2<span class='color_orange'>update:480</span>:void</span>; <span class='color_blue'>return = _t$2<span class='color_orange'>initial</span>:void</span>; <span class='color_blue'>$irvar1 = _t$1<span class='color_orange'>initial</span>:void</span>; <span class='color_blue'>#GB<>$org.junit.tests.running.classes.ParameterizedTestTest = {fLog:""<span class='color_orange'>update:479</span>}<span class='color_orange'>rearrange:479</span>:org.junit.tests.running.classes.ParameterizedTestTest( sub )</span>; <span class='color_blue'>$irvar2 = _t$0<span class='color_orange'>initial</span>:void</span>; <span class='color_blue'>this = @f$0<span class='color_orange'>formal</span>:org.junit.tests.running.classes.ParameterizedTestTest*( sub )</span>; <span class='color_blue'>old_this = @f$0<span class='color_orange'>formal</span>:org.junit.tests.running.classes.ParameterizedTestTest*( sub )</span> ;
    <span class='color_blue'>$irvar0|->[1|0:org.junit.tests.running.classes.ParameterizedTestTest$BeforeParamAndAfterParamErrorNumberOfParameters<span class='color_orange'>update:480</span>]<span class='color_orange'>alloc</span>:java.lang.Class*[_*_][1]</span>
    [footprint
       <span class='color_blue'>#GB<>$org.junit.tests.running.classes.ParameterizedTestTest = {fLog:@f$1<span class='color_orange'>rearrange:479</span>}<span class='color_orange'>rearrange:479</span>:org.junit.tests.running.classes.ParameterizedTestTest( sub )</span>; <span class='color_blue'>this = @f$0<span class='color_orange'>formal</span>:org.junit.tests.running.classes.ParameterizedTestTest*( sub )</span>  ]</span>
    
    Instruction <span class='color_green'>NULLIFY(&amp;$irvar0); [line 480]</span>
    in vpath_find exp:n$2
    vpath_find do_sexp: no match on Eexp &amp;$irvar0
    vpath_find: cannot find n$2
    Instruction Returns
    PROP 1 of 1:
    <span class='color_blue'><span class='color_blue'>MEMna &lt; new[]:480 &gt; <span class='color_orange'>{vpath: }</span>(n$2)</span>; <span class='color_blue'>UND &lt; Result JUnitCore.runClasses(Computer,Class[]) &gt; :53(result)</span> ;
    <span class='color_blue'>result = n$3<span class='color_orange'>update:480</span>:org.junit.runner.Result*</span>; <span class='color_blue'>$irvar3 = _t$8<span class='color_orange'>initial</span>:void</span>; <span class='color_blue'>failures = _t$7<span class='color_orange'>initial</span>:java.util.List*</span>; <span class='color_blue'>$irvar5 = _t$6<span class='color_orange'>initial</span>:void</span>; <span class='color_blue'>$irvar4 = _t$5<span class='color_orange'>initial</span>:void</span>; <span class='color_blue'>$irvar7 = _t$4<span class='color_orange'>initial</span>:void</span>; <span class='color_blue'>$irvar6 = _t$3<span class='color_orange'>initial</span>:void</span>; <span class='color_blue'>$irvar0 = <span class='color_red'>0<span class='color_orange'>nullify</span></span>:void</span>; <span class='color_blue'>return = _t$2<span class='color_orange'>initial</span>:void</span>; <span class='color_blue'>$irvar1 = _t$1<span class='color_orange'>initial</span>:void</span>; <span class='color_blue'>#GB<>$org.junit.tests.running.classes.ParameterizedTestTest = {fLog:""<span class='color_orange'>update:479</span>}<span class='color_orange'>rearrange:479</span>:org.junit.tests.running.classes.ParameterizedTestTest( sub )</span>; <span class='color_blue'>$irvar2 = _t$0<span class='color_orange'>initial</span>:void</span>; <span class='color_blue'>this = @f$0<span class='color_orange'>formal</span>:org.junit.tests.running.classes.ParameterizedTestTest*( sub )</span>; <span class='color_blue'>old_this = @f$0<span class='color_orange'>formal</span>:org.junit.tests.running.classes.ParameterizedTestTest*( sub )</span> ;
    <span class='color_blue'>n$2|->[1|0:org.junit.tests.running.classes.ParameterizedTestTest$BeforeParamAndAfterParamErrorNumberOfParameters<span class='color_orange'>update:480</span>]<span class='color_orange'>alloc</span>:java.lang.Class*[_*_][1]</span>
    [footprint
       <span class='color_blue'>#GB<>$org.junit.tests.running.classes.ParameterizedTestTest = {fLog:@f$1<span class='color_orange'>rearrange:479</span>}<span class='color_orange'>rearrange:479</span>:org.junit.tests.running.classes.ParameterizedTestTest( sub )</span>; <span class='color_blue'>this = @f$0<span class='color_orange'>formal</span>:org.junit.tests.running.classes.ParameterizedTestTest*( sub )</span>  ]</span>
    
    Instruction <span class='color_green'>EXIT_SCOPE(n$2,n$3,$irvar0); [line 480]</span>
    in vpath_find exp:n$2
    vpath_find: cannot find n$2
    .... Prop with garbage in normal part ....
      PROP:
      <span class='color_blue'>MEMna &lt; new[]:480 &gt; <span class='color_orange'>{vpath: }</span>(_t$104); UND &lt; Result JUnitCore.runClasses(Computer,Class[]) &gt; :53(result) ;
      result = _t$105<span class='color_orange'>update:480</span>:org.junit.runner.Result*; $irvar3 = _t$8<span class='color_orange'>initial</span>:void; failures = _t$7<span class='color_orange'>initial</span>:java.util.List*; $irvar5 = _t$6<span class='color_orange'>initial</span>:void; $irvar4 = _t$5<span class='color_orange'>initial</span>:void; $irvar7 = _t$4<span class='color_orange'>initial</span>:void; $irvar6 = _t$3<span class='color_orange'>initial</span>:void; $irvar0 = 0<span class='color_orange'>nullify</span>:void; return = _t$2<span class='color_orange'>initial</span>:void; $irvar1 = _t$1<span class='color_orange'>initial</span>:void; #GB<>$org.junit.tests.running.classes.ParameterizedTestTest = {fLog:""<span class='color_orange'>update:479</span>}<span class='color_orange'>rearrange:479</span>:org.junit.tests.running.classes.ParameterizedTestTest( sub ); $irvar2 = _t$0<span class='color_orange'>initial</span>:void; this = @f$0<span class='color_orange'>formal</span>:org.junit.tests.running.classes.ParameterizedTestTest*( sub ); old_this = @f$0<span class='color_orange'>formal</span>:org.junit.tests.running.classes.ParameterizedTestTest*( sub ) ;
      _t$104|->[1|0:org.junit.tests.running.classes.ParameterizedTestTest$BeforeParamAndAfterParamErrorNumberOfParameters<span class='color_orange'>update:480</span>]<span class='color_orange'>alloc</span>:java.lang.Class*[_*_][1]
      [footprint
         #GB<>$org.junit.tests.running.classes.ParameterizedTestTest = {fLog:@f$1<span class='color_orange'>rearrange:479</span>}<span class='color_orange'>rearrange:479</span>:org.junit.tests.running.classes.ParameterizedTestTest( sub ); this = @f$0<span class='color_orange'>formal</span>:org.junit.tests.running.classes.ParameterizedTestTest*( sub )  ]</span>
      PREDICATE:
      _t$104|->[1|0:org.junit.tests.running.classes.ParameterizedTestTest$BeforeParamAndAfterParamErrorNumberOfParameters<span class='color_orange'>update:480</span>]<span class='color_orange'>alloc</span>:java.lang.Class*[_*_][1]
      ATTRIBUTE: MEMna &lt; new[]:480 &gt; <span class='color_orange'>{vpath: }</span>
      explain_leak: case not matched in instr <span class='color_green'>EXIT_SCOPE(n$2,n$3,$irvar0); [line 480]</span>
    Instruction Returns
    PROP 1 of 1:
    <span class='color_blue'><span class='color_red'>MEMna &lt; new[]:480 &gt; <span class='color_orange'>{vpath: }</span>(_t$10)</span>; <span class='color_red'>UND &lt; Result JUnitCore.runClasses(Computer,Class[]) &gt; :53(result)</span> ;
    <span class='color_blue'>result = <span class='color_red'>_t$9<span class='color_orange'>update:480</span></span>:org.junit.runner.Result*</span>; <span class='color_blue'>$irvar3 = _t$8<span class='color_orange'>initial</span>:void</span>; <span class='color_blue'>failures = _t$7<span class='color_orange'>initial</span>:java.util.List*</span>; <span class='color_blue'>$irvar5 = _t$6<span class='color_orange'>initial</span>:void</span>; <span class='color_blue'>$irvar4 = _t$5<span class='color_orange'>initial</span>:void</span>; <span class='color_blue'>$irvar7 = _t$4<span class='color_orange'>initial</span>:void</span>; <span class='color_blue'>$irvar6 = _t$3<span class='color_orange'>initial</span>:void</span>; <span class='color_blue'>$irvar0 = 0<span class='color_orange'>nullify</span>:void</span>; <span class='color_blue'>return = _t$2<span class='color_orange'>initial</span>:void</span>; <span class='color_blue'>$irvar1 = _t$1<span class='color_orange'>initial</span>:void</span>; <span class='color_blue'>#GB<>$org.junit.tests.running.classes.ParameterizedTestTest = {fLog:""<span class='color_orange'>update:479</span>}<span class='color_orange'>rearrange:479</span>:org.junit.tests.running.classes.ParameterizedTestTest( sub )</span>; <span class='color_blue'>$irvar2 = _t$0<span class='color_orange'>initial</span>:void</span>; <span class='color_blue'>this = @f$0<span class='color_orange'>formal</span>:org.junit.tests.running.classes.ParameterizedTestTest*( sub )</span>; <span class='color_blue'>old_this = @f$0<span class='color_orange'>formal</span>:org.junit.tests.running.classes.ParameterizedTestTest*( sub )</span>
    [footprint
       <span class='color_blue'>#GB<>$org.junit.tests.running.classes.ParameterizedTestTest = {fLog:@f$1<span class='color_orange'>rearrange:479</span>}<span class='color_orange'>rearrange:479</span>:org.junit.tests.running.classes.ParameterizedTestTest( sub )</span>; <span class='color_blue'>this = @f$0<span class='color_orange'>formal</span>:org.junit.tests.running.classes.ParameterizedTestTest*( sub )</span>  ]</span>
    
    .... After Symbolic Execution ....
    PROP 1 of 1:
    <span class='color_blue'><span class='color_red'>MEMna &lt; new[]:480 &gt; <span class='color_orange'>{vpath: }</span>(_t$10)</span>; <span class='color_red'>UND &lt; Result JUnitCore.runClasses(Computer,Class[]) &gt; :53(result)</span> ;
    <span class='color_blue'>result = <span class='color_red'>_t$9<span class='color_orange'>update:480</span></span>:org.junit.runner.Result*</span>; <span class='color_blue'>$irvar3 = <span class='color_red'>_t$8<span class='color_orange'>initial</span></span>:void</span>; <span class='color_blue'>failures = <span class='color_red'>_t$7<span class='color_orange'>initial</span></span>:java.util.List*</span>; <span class='color_blue'>$irvar5 = <span class='color_red'>_t$6<span class='color_orange'>initial</span></span>:void</span>; <span class='color_blue'>$irvar4 = <span class='color_red'>_t$5<span class='color_orange'>initial</span></span>:void</span>; <span class='color_blue'>$irvar7 = <span class='color_red'>_t$4<span class='color_orange'>initial</span></span>:void</span>; <span class='color_blue'>$irvar6 = <span class='color_red'>_t$3<span class='color_orange'>initial</span></span>:void</span>; <span class='color_blue'>$irvar0 = <span class='color_red'>0<span class='color_orange'>nullify</span></span>:void</span>; <span class='color_blue'>return = _t$2<span class='color_orange'>initial</span>:void</span>; <span class='color_blue'>$irvar1 = _t$1<span class='color_orange'>initial</span>:void</span>; <span class='color_blue'>#GB<>$org.junit.tests.running.classes.ParameterizedTestTest = {fLog:""<span class='color_orange'>update:479</span>}<span class='color_orange'>rearrange:479</span>:org.junit.tests.running.classes.ParameterizedTestTest( sub )</span>; <span class='color_blue'>$irvar2 = _t$0<span class='color_orange'>initial</span>:void</span>; <span class='color_blue'>this = @f$0<span class='color_orange'>formal</span>:org.junit.tests.running.classes.ParameterizedTestTest*( sub )</span>; <span class='color_blue'>old_this = @f$0<span class='color_orange'>formal</span>:org.junit.tests.running.classes.ParameterizedTestTest*( sub )</span>
    [footprint
       <span class='color_blue'>#GB<>$org.junit.tests.running.classes.ParameterizedTestTest = {fLog:@f$1<span class='color_orange'>rearrange:479</span>}<span class='color_orange'>rearrange:479</span>:org.junit.tests.running.classes.ParameterizedTestTest( sub )</span>; <span class='color_blue'>this = @f$0<span class='color_orange'>formal</span>:org.junit.tests.running.classes.ParameterizedTestTest*( sub )</span>  ]</span>
    
    
    
  </LISTING>
<hr width="100%">
<a name="session86" href="./../nodes/org.junit.tests.running.classes.ParameterizedTestTest.beforeParamAndAfterParamValidationNumberOfPara.cce24c92e5dc1cbcbe0140690dd11eb2_node7.html#session86">node7#session86</a>(<a href="./../../ParameterizedTestTest.java.88da44e98279dfa32c0c7e5c52f053d0.html#LINE480">480</a>) biabduction
<LISTING class='color_black'>**** [RE:Pending] void ParameterizedTestTest.beforeParamAndAfterParamValidationNumberOfParameters() Node: 7, Procedure: void ParameterizedTestTest.beforeParamAndAfterParamValidationNumberOfParameters(), Todo: 1 ****
  PROP 1 of 1:
  <span class='color_blue'><span class='color_red'>MEMna &lt; new[]:480 &gt; <span class='color_orange'>{vpath: }</span>($irvar0)</span> ;
  <span class='color_red'>result = _t$10<span class='color_orange'>initial</span>:org.junit.runner.Result*</span>; <span class='color_red'>$irvar3 = _t$9<span class='color_orange'>initial</span>:void</span>; <span class='color_red'>failures = _t$8<span class='color_orange'>initial</span>:java.util.List*</span>; <span class='color_red'>$irvar5 = _t$7<span class='color_orange'>initial</span>:void</span>; <span class='color_red'>$irvar4 = _t$6<span class='color_orange'>initial</span>:void</span>; <span class='color_red'>$irvar7 = _t$5<span class='color_orange'>initial</span>:void</span>; <span class='color_red'>$irvar6 = _t$4<span class='color_orange'>initial</span>:void</span>; <span class='color_red'>$irvar0 = _t$3<span class='color_orange'>update:480</span>:void</span>; <span class='color_red'>return = _t$2<span class='color_orange'>initial</span>:void</span>; <span class='color_red'>$irvar1 = _t$1<span class='color_orange'>initial</span>:void</span>; <span class='color_red'>#GB<>$org.junit.tests.running.classes.ParameterizedTestTest = {fLog:""<span class='color_orange'>update:479</span>}<span class='color_orange'>formal</span>:org.junit.tests.running.classes.ParameterizedTestTest( sub )</span>; <span class='color_red'>old_org.junit.tests.running.classes.ParameterizedTestTest = {fLog:val$2<span class='color_orange'>formal</span>}<span class='color_orange'>formal</span>:org.junit.tests.running.classes.ParameterizedTestTest( sub )</span>; <span class='color_red'>$irvar2 = _t$0<span class='color_orange'>initial</span>:void</span>; <span class='color_red'>this = val$1<span class='color_orange'>formal</span>:org.junit.tests.running.classes.ParameterizedTestTest*( sub )</span>; <span class='color_red'>old_this = val$1<span class='color_orange'>formal</span>:org.junit.tests.running.classes.ParameterizedTestTest*( sub )</span> ;
  <span class='color_red'>$irvar0|->[1|0:org.junit.tests.running.classes.ParameterizedTestTest$BeforeParamAndAfterParamErrorNumberOfParameters<span class='color_orange'>update:480</span>]<span class='color_orange'>alloc</span>:java.lang.Class*[_*_][1]</span></span>
  .... Instructions: ....
  <span class='color_green'>n$2=*&amp;$irvar0:java.lang.Class*[_*_](*) [line 480];
  n$3=_fun_Result JUnitCore.runClasses(Class[])(n$2:java.lang.Class*[_*_](*)) [line 480];
  *&amp;result:org.junit.runner.Result*=n$3 [line 480];
  NULLIFY(&amp;$irvar0); [line 480];
  EXIT_SCOPE(n$2,n$3,$irvar0); [line 480];
  </span>
  
  Processing prop 1/1
    Instruction <span class='color_green'>n$2=*&amp;$irvar0:java.lang.Class*[_*_](*) [line 480]</span>
    in vpath_find exp:n$54
    vpath_find do_sexp: no match on Eexp &amp;$irvar0
    vpath_find: cannot find n$54
    .... Rearrangement Start ....
    Exp: &amp;$irvar0
    Prop:
    <span class='color_blue'>MEMna &lt; new[]:480 &gt; <span class='color_orange'>{vpath: }</span>($irvar0) ;
    result = n$55<span class='color_orange'>initial</span>:org.junit.runner.Result*; $irvar3 = n$56<span class='color_orange'>initial</span>:void; failures = n$57<span class='color_orange'>initial</span>:java.util.List*; $irvar5 = n$58<span class='color_orange'>initial</span>:void; $irvar4 = n$59<span class='color_orange'>initial</span>:void; $irvar7 = n$60<span class='color_orange'>initial</span>:void; $irvar6 = n$61<span class='color_orange'>initial</span>:void; $irvar0 = n$54<span class='color_orange'>update:480</span>:void; return = n$62<span class='color_orange'>initial</span>:void; $irvar1 = n$63<span class='color_orange'>initial</span>:void; #GB<>$org.junit.tests.running.classes.ParameterizedTestTest = {fLog:""<span class='color_orange'>update:479</span>}<span class='color_orange'>formal</span>:org.junit.tests.running.classes.ParameterizedTestTest( sub ); old_org.junit.tests.running.classes.ParameterizedTestTest = {fLog:val$2<span class='color_orange'>formal</span>}<span class='color_orange'>formal</span>:org.junit.tests.running.classes.ParameterizedTestTest( sub ); $irvar2 = n$64<span class='color_orange'>initial</span>:void; this = val$1<span class='color_orange'>formal</span>:org.junit.tests.running.classes.ParameterizedTestTest*( sub ); old_this = val$1<span class='color_orange'>formal</span>:org.junit.tests.running.classes.ParameterizedTestTest*( sub ) ;
    $irvar0|->[1|0:org.junit.tests.running.classes.ParameterizedTestTest$BeforeParamAndAfterParamErrorNumberOfParameters<span class='color_orange'>update:480</span>]<span class='color_orange'>alloc</span>:java.lang.Class*[_*_][1]</span>
    
    Prover.check_inconsistency_base: inconsistency reason [None]
    Prover.check_inconsistency_base: inconsistency reason [None]
    Instruction Returns
    PROP 1 of 1:
    <span class='color_blue'><span class='color_red'>MEMna &lt; new[]:480 &gt; <span class='color_orange'>{vpath: }</span>($irvar0)</span> ;
    <span class='color_blue'>result = <span class='color_red'>_t$9<span class='color_orange'>initial</span></span>:org.junit.runner.Result*</span>; <span class='color_blue'>$irvar3 = <span class='color_red'>_t$8<span class='color_orange'>initial</span></span>:void</span>; <span class='color_blue'>failures = <span class='color_red'>_t$7<span class='color_orange'>initial</span></span>:java.util.List*</span>; <span class='color_blue'>$irvar5 = <span class='color_red'>_t$6<span class='color_orange'>initial</span></span>:void</span>; <span class='color_blue'>$irvar4 = <span class='color_red'>_t$5<span class='color_orange'>initial</span></span>:void</span>; <span class='color_blue'>$irvar7 = <span class='color_red'>_t$4<span class='color_orange'>initial</span></span>:void</span>; <span class='color_blue'>$irvar6 = <span class='color_red'>_t$3<span class='color_orange'>initial</span></span>:void</span>; <span class='color_blue'>$irvar0 = <span class='color_red'>n$2<span class='color_orange'>update:480</span></span>:void</span>; <span class='color_blue'>return = _t$2<span class='color_orange'>initial</span>:void</span>; <span class='color_blue'>$irvar1 = _t$1<span class='color_orange'>initial</span>:void</span>; <span class='color_blue'>#GB<>$org.junit.tests.running.classes.ParameterizedTestTest = {fLog:""<span class='color_orange'>update:479</span>}<span class='color_orange'>formal</span>:org.junit.tests.running.classes.ParameterizedTestTest( sub )</span>; <span class='color_blue'>old_org.junit.tests.running.classes.ParameterizedTestTest = {fLog:val$2<span class='color_orange'>formal</span>}<span class='color_orange'>formal</span>:org.junit.tests.running.classes.ParameterizedTestTest( sub )</span>; <span class='color_blue'>$irvar2 = _t$0<span class='color_orange'>initial</span>:void</span>; <span class='color_blue'>this = val$1<span class='color_orange'>formal</span>:org.junit.tests.running.classes.ParameterizedTestTest*( sub )</span>; <span class='color_blue'>old_this = val$1<span class='color_orange'>formal</span>:org.junit.tests.running.classes.ParameterizedTestTest*( sub )</span> ;
    <span class='color_red'>$irvar0|->[1|0:org.junit.tests.running.classes.ParameterizedTestTest$BeforeParamAndAfterParamErrorNumberOfParameters<span class='color_orange'>update:480</span>]<span class='color_orange'>alloc</span>:java.lang.Class*[_*_][1]</span></span>
    
    Instruction <span class='color_green'>n$3=_fun_Result JUnitCore.runClasses(Class[])(n$2:java.lang.Class*[_*_](*)) [line 480]</span>
    in vpath_find exp:n$2
    vpath_find do_sexp: no match on Eexp &amp;$irvar0
    vpath_find: cannot find n$2
    Found 1 specs for function org.junit.runner.JUnitCore.runClasses(java.lang.Class[]):org.junit.runner.Result
    START EXECUTING SPECS FOR org.junit.runner.JUnitCore.runClasses(java.lang.Class[]):org.junit.runner.Result from state
    <span class='color_blue'>MEMna &lt; new[]:480 &gt; <span class='color_orange'>{vpath: }</span>($irvar0) ;
    result = n$65<span class='color_orange'>initial</span>:org.junit.runner.Result*; $irvar3 = n$66<span class='color_orange'>initial</span>:void; failures = n$67<span class='color_orange'>initial</span>:java.util.List*; $irvar5 = n$68<span class='color_orange'>initial</span>:void; $irvar4 = n$69<span class='color_orange'>initial</span>:void; $irvar7 = n$70<span class='color_orange'>initial</span>:void; $irvar6 = n$71<span class='color_orange'>initial</span>:void; $irvar0 = n$2<span class='color_orange'>update:480</span>:void; return = n$72<span class='color_orange'>initial</span>:void; $irvar1 = n$73<span class='color_orange'>initial</span>:void; #GB<>$org.junit.tests.running.classes.ParameterizedTestTest = {fLog:""<span class='color_orange'>update:479</span>}<span class='color_orange'>formal</span>:org.junit.tests.running.classes.ParameterizedTestTest( sub ); old_org.junit.tests.running.classes.ParameterizedTestTest = {fLog:val$2<span class='color_orange'>formal</span>}<span class='color_orange'>formal</span>:org.junit.tests.running.classes.ParameterizedTestTest( sub ); $irvar2 = n$74<span class='color_orange'>initial</span>:void; this = val$1<span class='color_orange'>formal</span>:org.junit.tests.running.classes.ParameterizedTestTest*( sub ); old_this = val$1<span class='color_orange'>formal</span>:org.junit.tests.running.classes.ParameterizedTestTest*( sub ) ;
    $irvar0|->[1|0:org.junit.tests.running.classes.ParameterizedTestTest$BeforeParamAndAfterParamErrorNumberOfParameters<span class='color_orange'>update:480</span>]<span class='color_orange'>alloc</span>:java.lang.Class*[_*_][1]</span>
    EXECUTING SPEC 1/1
    ACTUAL PRECONDITION =
      <span class='color_blue'>MEMna &lt; new[]:480 &gt; <span class='color_orange'>{vpath: }</span>($irvar0) ;
      result = n$65<span class='color_orange'>initial</span>:org.junit.runner.Result*; $irvar3 = n$66<span class='color_orange'>initial</span>:void; failures = n$67<span class='color_orange'>initial</span>:java.util.List*; $irvar5 = n$68<span class='color_orange'>initial</span>:void; classes|callee = n$2<span class='color_orange'>actual_precondition</span>:java.lang.Class*[_*_](*); $irvar4 = n$69<span class='color_orange'>initial</span>:void; $irvar7 = n$70<span class='color_orange'>initial</span>:void; $irvar6 = n$71<span class='color_orange'>initial</span>:void; $irvar0 = n$2<span class='color_orange'>update:480</span>:void; return = n$72<span class='color_orange'>initial</span>:void; $irvar1 = n$73<span class='color_orange'>initial</span>:void; #GB<>$org.junit.tests.running.classes.ParameterizedTestTest = {fLog:""<span class='color_orange'>update:479</span>}<span class='color_orange'>formal</span>:org.junit.tests.running.classes.ParameterizedTestTest( sub ); old_org.junit.tests.running.classes.ParameterizedTestTest = {fLog:val$2<span class='color_orange'>formal</span>}<span class='color_orange'>formal</span>:org.junit.tests.running.classes.ParameterizedTestTest( sub ); $irvar2 = n$74<span class='color_orange'>initial</span>:void; this = val$1<span class='color_orange'>formal</span>:org.junit.tests.running.classes.ParameterizedTestTest*( sub ); old_this = val$1<span class='color_orange'>formal</span>:org.junit.tests.running.classes.ParameterizedTestTest*( sub ) ;
      $irvar0|->[1|0:org.junit.tests.running.classes.ParameterizedTestTest$BeforeParamAndAfterParamErrorNumberOfParameters<span class='color_orange'>update:480</span>]<span class='color_orange'>alloc</span>:java.lang.Class*[_*_][1]</span>
    SPEC =
      --------------------------- ---------- ---------------------------
      PRE:
      <span class='color_blue'><span class='color_blue'>classes|callee = _t$82<span class='color_orange'>formal</span>:java.lang.Class*[_*_](*)( sub )</span></span>
      POST 1 of 1:
      <span class='color_blue'><span class='color_red'>UND &lt; Result JUnitCore.runClasses(Computer,Class[]) &gt; :53(return|callee)</span> ;
      <span class='color_red'>return|callee = _t$83<span class='color_orange'>update:53</span>:org.junit.runner.Result*</span></span>
      ----------------------------------------------------------------
    pre_check_pure_implication
    pi1:
      MEMna &lt; new[]:480 &gt; <span class='color_orange'>{vpath: }</span>(n$2)
    pi2:
      
    returns
    sub1:
      
    sub2:
      
    Current Implication
    SUB:
      
    <span class='color_blue'>MEMna &lt; new[]:480 &gt; <span class='color_orange'>{vpath: }</span>($irvar0) ;
    result = n$65<span class='color_orange'>initial</span>:org.junit.runner.Result*; $irvar3 = n$66<span class='color_orange'>initial</span>:void; failures = n$67<span class='color_orange'>initial</span>:java.util.List*; $irvar5 = n$68<span class='color_orange'>initial</span>:void; classes|callee = n$2<span class='color_orange'>actual_precondition</span>:java.lang.Class*[_*_](*); $irvar4 = n$69<span class='color_orange'>initial</span>:void; $irvar7 = n$70<span class='color_orange'>initial</span>:void; $irvar6 = n$71<span class='color_orange'>initial</span>:void; $irvar0 = n$2<span class='color_orange'>update:480</span>:void; return = n$72<span class='color_orange'>initial</span>:void; $irvar1 = n$73<span class='color_orange'>initial</span>:void; #GB<>$org.junit.tests.running.classes.ParameterizedTestTest = {fLog:""<span class='color_orange'>update:479</span>}<span class='color_orange'>formal</span>:org.junit.tests.running.classes.ParameterizedTestTest( sub ); old_org.junit.tests.running.classes.ParameterizedTestTest = {fLog:val$2<span class='color_orange'>formal</span>}<span class='color_orange'>formal</span>:org.junit.tests.running.classes.ParameterizedTestTest( sub ); $irvar2 = n$74<span class='color_orange'>initial</span>:void; this = val$1<span class='color_orange'>formal</span>:org.junit.tests.running.classes.ParameterizedTestTest*( sub ); old_this = val$1<span class='color_orange'>formal</span>:org.junit.tests.running.classes.ParameterizedTestTest*( sub ) ;
    $irvar0|->[1|0:org.junit.tests.running.classes.ParameterizedTestTest$BeforeParamAndAfterParamErrorNumberOfParameters<span class='color_orange'>update:480</span>]<span class='color_orange'>alloc</span>:java.lang.Class*[_*_][1]</span>
    |-
    <span class='color_blue'>classes|callee = _t$82<span class='color_orange'>formal</span>:java.lang.Class*[_*_](*)( sub )</span>
    
      do_imply n$2 _t$82
        Final Implication
        SUB:
          
        <span class='color_blue'>MEMna &lt; new[]:480 &gt; <span class='color_orange'>{vpath: }</span>($irvar0) ;
        result = n$65<span class='color_orange'>initial</span>:org.junit.runner.Result*; $irvar3 = n$66<span class='color_orange'>initial</span>:void; failures = n$67<span class='color_orange'>initial</span>:java.util.List*; $irvar5 = n$68<span class='color_orange'>initial</span>:void; $irvar4 = n$69<span class='color_orange'>initial</span>:void; $irvar7 = n$70<span class='color_orange'>initial</span>:void; $irvar6 = n$71<span class='color_orange'>initial</span>:void; $irvar0 = n$2<span class='color_orange'>update:480</span>:void; return = n$72<span class='color_orange'>initial</span>:void; $irvar1 = n$73<span class='color_orange'>initial</span>:void; #GB<>$org.junit.tests.running.classes.ParameterizedTestTest = {fLog:""<span class='color_orange'>update:479</span>}<span class='color_orange'>formal</span>:org.junit.tests.running.classes.ParameterizedTestTest( sub ); old_org.junit.tests.running.classes.ParameterizedTestTest = {fLog:val$2<span class='color_orange'>formal</span>}<span class='color_orange'>formal</span>:org.junit.tests.running.classes.ParameterizedTestTest( sub ); $irvar2 = n$74<span class='color_orange'>initial</span>:void; this = val$1<span class='color_orange'>formal</span>:org.junit.tests.running.classes.ParameterizedTestTest*( sub ); old_this = val$1<span class='color_orange'>formal</span>:org.junit.tests.running.classes.ParameterizedTestTest*( sub ) ;
        $irvar0|->[1|0:org.junit.tests.running.classes.ParameterizedTestTest$BeforeParamAndAfterParamErrorNumberOfParameters<span class='color_orange'>update:480</span>]<span class='color_orange'>alloc</span>:java.lang.Class*[_*_][1]</span>
        [SUB: 
          _t$82 = n$2]
        |-
        <span class='color_blue'></span>
    Result of Abduction
      SUB:
        
      <span class='color_blue'>MEMna &lt; new[]:480 &gt; <span class='color_orange'>{vpath: }</span>($irvar0) ;
      result = n$65<span class='color_orange'>initial</span>:org.junit.runner.Result*; $irvar3 = n$66<span class='color_orange'>initial</span>:void; failures = n$67<span class='color_orange'>initial</span>:java.util.List*; $irvar5 = n$68<span class='color_orange'>initial</span>:void; classes|callee = n$2<span class='color_orange'>actual_precondition</span>:java.lang.Class*[_*_](*); $irvar4 = n$69<span class='color_orange'>initial</span>:void; $irvar7 = n$70<span class='color_orange'>initial</span>:void; $irvar6 = n$71<span class='color_orange'>initial</span>:void; $irvar0 = n$2<span class='color_orange'>update:480</span>:void; return = n$72<span class='color_orange'>initial</span>:void; $irvar1 = n$73<span class='color_orange'>initial</span>:void; #GB<>$org.junit.tests.running.classes.ParameterizedTestTest = {fLog:""<span class='color_orange'>update:479</span>}<span class='color_orange'>formal</span>:org.junit.tests.running.classes.ParameterizedTestTest( sub ); old_org.junit.tests.running.classes.ParameterizedTestTest = {fLog:val$2<span class='color_orange'>formal</span>}<span class='color_orange'>formal</span>:org.junit.tests.running.classes.ParameterizedTestTest( sub ); $irvar2 = n$74<span class='color_orange'>initial</span>:void; this = val$1<span class='color_orange'>formal</span>:org.junit.tests.running.classes.ParameterizedTestTest*( sub ); old_this = val$1<span class='color_orange'>formal</span>:org.junit.tests.running.classes.ParameterizedTestTest*( sub ) ;
      $irvar0|->[1|0:org.junit.tests.running.classes.ParameterizedTestTest$BeforeParamAndAfterParamErrorNumberOfParameters<span class='color_orange'>update:480</span>]<span class='color_orange'>alloc</span>:java.lang.Class*[_*_][1]</span>
      [SUB: 
        _t$82 = n$2]
      |-
      <span class='color_blue'>classes|callee = n$2<span class='color_orange'>formal</span>:java.lang.Class*[_*_](*)( sub )</span>
    returning TRUE
      New footprint:
      
      Frame fld:
      
      Missing fld:
      
      Instantiated frame:
      n$2|->[1|0:org.junit.tests.running.classes.ParameterizedTestTest$BeforeParamAndAfterParamErrorNumberOfParameters<span class='color_orange'>update:480</span>]<span class='color_orange'>alloc</span>:java.lang.Class*[_*_][1]; &amp;result|->n$65<span class='color_orange'>initial</span>:org.junit.runner.Result*; &amp;$irvar3|->n$66<span class='color_orange'>initial</span>:void; &amp;failures|->n$67<span class='color_orange'>initial</span>:java.util.List*; &amp;$irvar5|->n$68<span class='color_orange'>initial</span>:void; &amp;$irvar4|->n$69<span class='color_orange'>initial</span>:void; &amp;$irvar7|->n$70<span class='color_orange'>initial</span>:void; &amp;$irvar6|->n$71<span class='color_orange'>initial</span>:void; &amp;$irvar0|->n$2<span class='color_orange'>update:480</span>:void; &amp;return|->n$72<span class='color_orange'>initial</span>:void; &amp;$irvar1|->n$73<span class='color_orange'>initial</span>:void; &amp;#GB<>$org.junit.tests.running.classes.ParameterizedTestTest|->{fLog:""<span class='color_orange'>update:479</span>}<span class='color_orange'>formal</span>:org.junit.tests.running.classes.ParameterizedTestTest( sub ); &amp;old_org.junit.tests.running.classes.ParameterizedTestTest|->{fLog:val$2<span class='color_orange'>formal</span>}<span class='color_orange'>formal</span>:org.junit.tests.running.classes.ParameterizedTestTest( sub ); &amp;$irvar2|->n$74<span class='color_orange'>initial</span>:void; &amp;this|->val$1<span class='color_orange'>formal</span>:org.junit.tests.running.classes.ParameterizedTestTest*( sub ); &amp;old_this|->val$1<span class='color_orange'>formal</span>:org.junit.tests.running.classes.ParameterizedTestTest*( sub )
      Instantiated post:
      PROP 1 of 1:
      <span class='color_blue'><span class='color_red'>UND &lt; Result JUnitCore.runClasses(Computer,Class[]) &gt; :53(return|callee)</span> ;
      <span class='color_red'>return|callee = _t$83<span class='color_orange'>update:480</span>:org.junit.runner.Result*</span></span>
      
    ***** RESULTS FUNCTION CALL *******
    PROP 1 of 1:
    <span class='color_blue'><span class='color_blue'>MEMna &lt; new[]:480 &gt; <span class='color_orange'>{vpath: }</span>($irvar0)</span>; <span class='color_red'>UND &lt; Result JUnitCore.runClasses(Computer,Class[]) &gt; :53(n$3)</span> ;
    <span class='color_blue'>result = n$65<span class='color_orange'>initial</span>:org.junit.runner.Result*</span>; <span class='color_blue'>$irvar3 = n$66<span class='color_orange'>initial</span>:void</span>; <span class='color_blue'>failures = n$67<span class='color_orange'>initial</span>:java.util.List*</span>; <span class='color_blue'>$irvar5 = n$68<span class='color_orange'>initial</span>:void</span>; <span class='color_blue'>$irvar4 = n$69<span class='color_orange'>initial</span>:void</span>; <span class='color_blue'>$irvar7 = n$70<span class='color_orange'>initial</span>:void</span>; <span class='color_blue'>$irvar6 = n$71<span class='color_orange'>initial</span>:void</span>; <span class='color_blue'>$irvar0 = n$2<span class='color_orange'>update:480</span>:void</span>; <span class='color_blue'>return = n$72<span class='color_orange'>initial</span>:void</span>; <span class='color_blue'>$irvar1 = n$73<span class='color_orange'>initial</span>:void</span>; <span class='color_blue'>#GB<>$org.junit.tests.running.classes.ParameterizedTestTest = {fLog:""<span class='color_orange'>update:479</span>}<span class='color_orange'>formal</span>:org.junit.tests.running.classes.ParameterizedTestTest( sub )</span>; <span class='color_blue'>old_org.junit.tests.running.classes.ParameterizedTestTest = {fLog:val$2<span class='color_orange'>formal</span>}<span class='color_orange'>formal</span>:org.junit.tests.running.classes.ParameterizedTestTest( sub )</span>; <span class='color_blue'>$irvar2 = n$74<span class='color_orange'>initial</span>:void</span>; <span class='color_blue'>this = val$1<span class='color_orange'>formal</span>:org.junit.tests.running.classes.ParameterizedTestTest*( sub )</span>; <span class='color_blue'>old_this = val$1<span class='color_orange'>formal</span>:org.junit.tests.running.classes.ParameterizedTestTest*( sub )</span> ;
    <span class='color_blue'>$irvar0|->[1|0:org.junit.tests.running.classes.ParameterizedTestTest$BeforeParamAndAfterParamErrorNumberOfParameters<span class='color_orange'>update:480</span>]<span class='color_orange'>alloc</span>:java.lang.Class*[_*_][1]</span></span>
    ***** END RESULTS FUNCTION CALL *******
    Prover.check_inconsistency_base: inconsistency reason [None]
    Prover.check_inconsistency_base: inconsistency reason [None]
    Prover.check_inconsistency_base: inconsistency reason [None]
    Prover.check_inconsistency_base: inconsistency reason [None]
    Instruction Returns
    PROP 1 of 1:
    <span class='color_blue'><span class='color_blue'>MEMna &lt; new[]:480 &gt; <span class='color_orange'>{vpath: }</span>($irvar0)</span>; <span class='color_red'>UND &lt; Result JUnitCore.runClasses(Computer,Class[]) &gt; :53(n$3)</span> ;
    <span class='color_blue'>result = _t$9<span class='color_orange'>initial</span>:org.junit.runner.Result*</span>; <span class='color_blue'>$irvar3 = _t$8<span class='color_orange'>initial</span>:void</span>; <span class='color_blue'>failures = _t$7<span class='color_orange'>initial</span>:java.util.List*</span>; <span class='color_blue'>$irvar5 = _t$6<span class='color_orange'>initial</span>:void</span>; <span class='color_blue'>$irvar4 = _t$5<span class='color_orange'>initial</span>:void</span>; <span class='color_blue'>$irvar7 = _t$4<span class='color_orange'>initial</span>:void</span>; <span class='color_blue'>$irvar6 = _t$3<span class='color_orange'>initial</span>:void</span>; <span class='color_blue'>$irvar0 = n$2<span class='color_orange'>update:480</span>:void</span>; <span class='color_blue'>return = _t$2<span class='color_orange'>initial</span>:void</span>; <span class='color_blue'>$irvar1 = _t$1<span class='color_orange'>initial</span>:void</span>; <span class='color_blue'>#GB<>$org.junit.tests.running.classes.ParameterizedTestTest = {fLog:""<span class='color_orange'>update:479</span>}<span class='color_orange'>formal</span>:org.junit.tests.running.classes.ParameterizedTestTest( sub )</span>; <span class='color_blue'>old_org.junit.tests.running.classes.ParameterizedTestTest = {fLog:val$2<span class='color_orange'>formal</span>}<span class='color_orange'>formal</span>:org.junit.tests.running.classes.ParameterizedTestTest( sub )</span>; <span class='color_blue'>$irvar2 = _t$0<span class='color_orange'>initial</span>:void</span>; <span class='color_blue'>this = val$1<span class='color_orange'>formal</span>:org.junit.tests.running.classes.ParameterizedTestTest*( sub )</span>; <span class='color_blue'>old_this = val$1<span class='color_orange'>formal</span>:org.junit.tests.running.classes.ParameterizedTestTest*( sub )</span> ;
    <span class='color_blue'>$irvar0|->[1|0:org.junit.tests.running.classes.ParameterizedTestTest$BeforeParamAndAfterParamErrorNumberOfParameters<span class='color_orange'>update:480</span>]<span class='color_orange'>alloc</span>:java.lang.Class*[_*_][1]</span></span>
    
    Instruction <span class='color_green'>*&amp;result:org.junit.runner.Result*=n$3 [line 480]</span>
    in vpath_find exp:n$2
    vpath_find do_sexp: no match on Eexp &amp;$irvar0
    vpath_find: cannot find n$2
    .... Rearrangement Start ....
    Exp: &amp;result
    Prop:
    <span class='color_blue'>MEMna &lt; new[]:480 &gt; <span class='color_orange'>{vpath: }</span>($irvar0); UND &lt; Result JUnitCore.runClasses(Computer,Class[]) &gt; :53(n$3) ;
    result = n$75<span class='color_orange'>initial</span>:org.junit.runner.Result*; $irvar3 = n$76<span class='color_orange'>initial</span>:void; failures = n$77<span class='color_orange'>initial</span>:java.util.List*; $irvar5 = n$78<span class='color_orange'>initial</span>:void; $irvar4 = n$79<span class='color_orange'>initial</span>:void; $irvar7 = n$80<span class='color_orange'>initial</span>:void; $irvar6 = n$81<span class='color_orange'>initial</span>:void; $irvar0 = n$2<span class='color_orange'>update:480</span>:void; return = n$82<span class='color_orange'>initial</span>:void; $irvar1 = n$83<span class='color_orange'>initial</span>:void; #GB<>$org.junit.tests.running.classes.ParameterizedTestTest = {fLog:""<span class='color_orange'>update:479</span>}<span class='color_orange'>formal</span>:org.junit.tests.running.classes.ParameterizedTestTest( sub ); old_org.junit.tests.running.classes.ParameterizedTestTest = {fLog:val$2<span class='color_orange'>formal</span>}<span class='color_orange'>formal</span>:org.junit.tests.running.classes.ParameterizedTestTest( sub ); $irvar2 = n$84<span class='color_orange'>initial</span>:void; this = val$1<span class='color_orange'>formal</span>:org.junit.tests.running.classes.ParameterizedTestTest*( sub ); old_this = val$1<span class='color_orange'>formal</span>:org.junit.tests.running.classes.ParameterizedTestTest*( sub ) ;
    $irvar0|->[1|0:org.junit.tests.running.classes.ParameterizedTestTest$BeforeParamAndAfterParamErrorNumberOfParameters<span class='color_orange'>update:480</span>]<span class='color_orange'>alloc</span>:java.lang.Class*[_*_][1]</span>
    
    Prover.check_inconsistency_base: inconsistency reason [None]
    Prover.check_inconsistency_base: inconsistency reason [None]
    Instruction Returns
    PROP 1 of 1:
    <span class='color_blue'><span class='color_blue'>MEMna &lt; new[]:480 &gt; <span class='color_orange'>{vpath: }</span>($irvar0)</span>; <span class='color_blue'>UND &lt; Result JUnitCore.runClasses(Computer,Class[]) &gt; :53(result)</span> ;
    <span class='color_blue'>result = <span class='color_red'>n$3<span class='color_orange'>update:480</span></span>:org.junit.runner.Result*</span>; <span class='color_blue'>$irvar3 = _t$8<span class='color_orange'>initial</span>:void</span>; <span class='color_blue'>failures = _t$7<span class='color_orange'>initial</span>:java.util.List*</span>; <span class='color_blue'>$irvar5 = _t$6<span class='color_orange'>initial</span>:void</span>; <span class='color_blue'>$irvar4 = _t$5<span class='color_orange'>initial</span>:void</span>; <span class='color_blue'>$irvar7 = _t$4<span class='color_orange'>initial</span>:void</span>; <span class='color_blue'>$irvar6 = _t$3<span class='color_orange'>initial</span>:void</span>; <span class='color_blue'>$irvar0 = n$2<span class='color_orange'>update:480</span>:void</span>; <span class='color_blue'>return = _t$2<span class='color_orange'>initial</span>:void</span>; <span class='color_blue'>$irvar1 = _t$1<span class='color_orange'>initial</span>:void</span>; <span class='color_blue'>#GB<>$org.junit.tests.running.classes.ParameterizedTestTest = {fLog:""<span class='color_orange'>update:479</span>}<span class='color_orange'>formal</span>:org.junit.tests.running.classes.ParameterizedTestTest( sub )</span>; <span class='color_blue'>old_org.junit.tests.running.classes.ParameterizedTestTest = {fLog:val$2<span class='color_orange'>formal</span>}<span class='color_orange'>formal</span>:org.junit.tests.running.classes.ParameterizedTestTest( sub )</span>; <span class='color_blue'>$irvar2 = _t$0<span class='color_orange'>initial</span>:void</span>; <span class='color_blue'>this = val$1<span class='color_orange'>formal</span>:org.junit.tests.running.classes.ParameterizedTestTest*( sub )</span>; <span class='color_blue'>old_this = val$1<span class='color_orange'>formal</span>:org.junit.tests.running.classes.ParameterizedTestTest*( sub )</span> ;
    <span class='color_blue'>$irvar0|->[1|0:org.junit.tests.running.classes.ParameterizedTestTest$BeforeParamAndAfterParamErrorNumberOfParameters<span class='color_orange'>update:480</span>]<span class='color_orange'>alloc</span>:java.lang.Class*[_*_][1]</span></span>
    
    Instruction <span class='color_green'>NULLIFY(&amp;$irvar0); [line 480]</span>
    in vpath_find exp:n$2
    vpath_find do_sexp: no match on Eexp &amp;$irvar0
    vpath_find: cannot find n$2
    Instruction Returns
    PROP 1 of 1:
    <span class='color_blue'><span class='color_blue'>MEMna &lt; new[]:480 &gt; <span class='color_orange'>{vpath: }</span>(n$2)</span>; <span class='color_blue'>UND &lt; Result JUnitCore.runClasses(Computer,Class[]) &gt; :53(result)</span> ;
    <span class='color_blue'>result = n$3<span class='color_orange'>update:480</span>:org.junit.runner.Result*</span>; <span class='color_blue'>$irvar3 = _t$8<span class='color_orange'>initial</span>:void</span>; <span class='color_blue'>failures = _t$7<span class='color_orange'>initial</span>:java.util.List*</span>; <span class='color_blue'>$irvar5 = _t$6<span class='color_orange'>initial</span>:void</span>; <span class='color_blue'>$irvar4 = _t$5<span class='color_orange'>initial</span>:void</span>; <span class='color_blue'>$irvar7 = _t$4<span class='color_orange'>initial</span>:void</span>; <span class='color_blue'>$irvar6 = _t$3<span class='color_orange'>initial</span>:void</span>; <span class='color_blue'>$irvar0 = <span class='color_red'>0<span class='color_orange'>nullify</span></span>:void</span>; <span class='color_blue'>return = _t$2<span class='color_orange'>initial</span>:void</span>; <span class='color_blue'>$irvar1 = _t$1<span class='color_orange'>initial</span>:void</span>; <span class='color_blue'>#GB<>$org.junit.tests.running.classes.ParameterizedTestTest = {fLog:""<span class='color_orange'>update:479</span>}<span class='color_orange'>formal</span>:org.junit.tests.running.classes.ParameterizedTestTest( sub )</span>; <span class='color_blue'>old_org.junit.tests.running.classes.ParameterizedTestTest = {fLog:val$2<span class='color_orange'>formal</span>}<span class='color_orange'>formal</span>:org.junit.tests.running.classes.ParameterizedTestTest( sub )</span>; <span class='color_blue'>$irvar2 = _t$0<span class='color_orange'>initial</span>:void</span>; <span class='color_blue'>this = val$1<span class='color_orange'>formal</span>:org.junit.tests.running.classes.ParameterizedTestTest*( sub )</span>; <span class='color_blue'>old_this = val$1<span class='color_orange'>formal</span>:org.junit.tests.running.classes.ParameterizedTestTest*( sub )</span> ;
    <span class='color_blue'>n$2|->[1|0:org.junit.tests.running.classes.ParameterizedTestTest$BeforeParamAndAfterParamErrorNumberOfParameters<span class='color_orange'>update:480</span>]<span class='color_orange'>alloc</span>:java.lang.Class*[_*_][1]</span></span>
    
    Instruction <span class='color_green'>EXIT_SCOPE(n$2,n$3,$irvar0); [line 480]</span>
    in vpath_find exp:n$2
    vpath_find: cannot find n$2
    .... Prop with garbage in normal part ....
      PROP:
      <span class='color_blue'>MEMna &lt; new[]:480 &gt; <span class='color_orange'>{vpath: }</span>(_t$104); UND &lt; Result JUnitCore.runClasses(Computer,Class[]) &gt; :53(result) ;
      result = _t$105<span class='color_orange'>update:480</span>:org.junit.runner.Result*; $irvar3 = _t$8<span class='color_orange'>initial</span>:void; failures = _t$7<span class='color_orange'>initial</span>:java.util.List*; $irvar5 = _t$6<span class='color_orange'>initial</span>:void; $irvar4 = _t$5<span class='color_orange'>initial</span>:void; $irvar7 = _t$4<span class='color_orange'>initial</span>:void; $irvar6 = _t$3<span class='color_orange'>initial</span>:void; $irvar0 = 0<span class='color_orange'>nullify</span>:void; return = _t$2<span class='color_orange'>initial</span>:void; $irvar1 = _t$1<span class='color_orange'>initial</span>:void; #GB<>$org.junit.tests.running.classes.ParameterizedTestTest = {fLog:""<span class='color_orange'>update:479</span>}<span class='color_orange'>formal</span>:org.junit.tests.running.classes.ParameterizedTestTest( sub ); old_org.junit.tests.running.classes.ParameterizedTestTest = {fLog:val$2<span class='color_orange'>formal</span>}<span class='color_orange'>formal</span>:org.junit.tests.running.classes.ParameterizedTestTest( sub ); $irvar2 = _t$0<span class='color_orange'>initial</span>:void; this = val$1<span class='color_orange'>formal</span>:org.junit.tests.running.classes.ParameterizedTestTest*( sub ); old_this = val$1<span class='color_orange'>formal</span>:org.junit.tests.running.classes.ParameterizedTestTest*( sub ) ;
      _t$104|->[1|0:org.junit.tests.running.classes.ParameterizedTestTest$BeforeParamAndAfterParamErrorNumberOfParameters<span class='color_orange'>update:480</span>]<span class='color_orange'>alloc</span>:java.lang.Class*[_*_][1]</span>
      PREDICATE:
      _t$104|->[1|0:org.junit.tests.running.classes.ParameterizedTestTest$BeforeParamAndAfterParamErrorNumberOfParameters<span class='color_orange'>update:480</span>]<span class='color_orange'>alloc</span>:java.lang.Class*[_*_][1]
      ATTRIBUTE: MEMna &lt; new[]:480 &gt; <span class='color_orange'>{vpath: }</span>
      explain_leak: case not matched in instr <span class='color_green'>EXIT_SCOPE(n$2,n$3,$irvar0); [line 480]</span>
    Instruction Returns
    PROP 1 of 1:
    <span class='color_blue'><span class='color_red'>MEMna &lt; new[]:480 &gt; <span class='color_orange'>{vpath: }</span>(_t$10)</span>; <span class='color_red'>UND &lt; Result JUnitCore.runClasses(Computer,Class[]) &gt; :53(result)</span> ;
    <span class='color_blue'>result = <span class='color_red'>_t$9<span class='color_orange'>update:480</span></span>:org.junit.runner.Result*</span>; <span class='color_blue'>$irvar3 = _t$8<span class='color_orange'>initial</span>:void</span>; <span class='color_blue'>failures = _t$7<span class='color_orange'>initial</span>:java.util.List*</span>; <span class='color_blue'>$irvar5 = _t$6<span class='color_orange'>initial</span>:void</span>; <span class='color_blue'>$irvar4 = _t$5<span class='color_orange'>initial</span>:void</span>; <span class='color_blue'>$irvar7 = _t$4<span class='color_orange'>initial</span>:void</span>; <span class='color_blue'>$irvar6 = _t$3<span class='color_orange'>initial</span>:void</span>; <span class='color_blue'>$irvar0 = 0<span class='color_orange'>nullify</span>:void</span>; <span class='color_blue'>return = _t$2<span class='color_orange'>initial</span>:void</span>; <span class='color_blue'>$irvar1 = _t$1<span class='color_orange'>initial</span>:void</span>; <span class='color_blue'>#GB<>$org.junit.tests.running.classes.ParameterizedTestTest = {fLog:""<span class='color_orange'>update:479</span>}<span class='color_orange'>formal</span>:org.junit.tests.running.classes.ParameterizedTestTest( sub )</span>; <span class='color_blue'>old_org.junit.tests.running.classes.ParameterizedTestTest = {fLog:val$2<span class='color_orange'>formal</span>}<span class='color_orange'>formal</span>:org.junit.tests.running.classes.ParameterizedTestTest( sub )</span>; <span class='color_blue'>$irvar2 = _t$0<span class='color_orange'>initial</span>:void</span>; <span class='color_blue'>this = val$1<span class='color_orange'>formal</span>:org.junit.tests.running.classes.ParameterizedTestTest*( sub )</span>; <span class='color_blue'>old_this = val$1<span class='color_orange'>formal</span>:org.junit.tests.running.classes.ParameterizedTestTest*( sub )</span></span>
    
    .... After Symbolic Execution ....
    PROP 1 of 1:
    <span class='color_blue'><span class='color_red'>MEMna &lt; new[]:480 &gt; <span class='color_orange'>{vpath: }</span>(_t$10)</span>; <span class='color_red'>UND &lt; Result JUnitCore.runClasses(Computer,Class[]) &gt; :53(result)</span> ;
    <span class='color_blue'>result = <span class='color_red'>_t$9<span class='color_orange'>update:480</span></span>:org.junit.runner.Result*</span>; <span class='color_blue'>$irvar3 = <span class='color_red'>_t$8<span class='color_orange'>initial</span></span>:void</span>; <span class='color_blue'>failures = <span class='color_red'>_t$7<span class='color_orange'>initial</span></span>:java.util.List*</span>; <span class='color_blue'>$irvar5 = <span class='color_red'>_t$6<span class='color_orange'>initial</span></span>:void</span>; <span class='color_blue'>$irvar4 = <span class='color_red'>_t$5<span class='color_orange'>initial</span></span>:void</span>; <span class='color_blue'>$irvar7 = <span class='color_red'>_t$4<span class='color_orange'>initial</span></span>:void</span>; <span class='color_blue'>$irvar6 = <span class='color_red'>_t$3<span class='color_orange'>initial</span></span>:void</span>; <span class='color_blue'>$irvar0 = <span class='color_red'>0<span class='color_orange'>nullify</span></span>:void</span>; <span class='color_blue'>return = _t$2<span class='color_orange'>initial</span>:void</span>; <span class='color_blue'>$irvar1 = _t$1<span class='color_orange'>initial</span>:void</span>; <span class='color_blue'>#GB<>$org.junit.tests.running.classes.ParameterizedTestTest = {fLog:""<span class='color_orange'>update:479</span>}<span class='color_orange'>formal</span>:org.junit.tests.running.classes.ParameterizedTestTest( sub )</span>; <span class='color_blue'>old_org.junit.tests.running.classes.ParameterizedTestTest = {fLog:val$2<span class='color_orange'>formal</span>}<span class='color_orange'>formal</span>:org.junit.tests.running.classes.ParameterizedTestTest( sub )</span>; <span class='color_blue'>$irvar2 = _t$0<span class='color_orange'>initial</span>:void</span>; <span class='color_blue'>this = val$1<span class='color_orange'>formal</span>:org.junit.tests.running.classes.ParameterizedTestTest*( sub )</span>; <span class='color_blue'>old_this = val$1<span class='color_orange'>formal</span>:org.junit.tests.running.classes.ParameterizedTestTest*( sub )</span></span>
    
    
    
  </LISTING>