<!DOCTYPE HTML PUBLIC "-//W3C//DTD HTML 4.01 Transitional//EN">
<html>
<head>
<title>org.junit.tests.running.classes.ParameterizedTestTest$AdditionTestWithAnnotatedFields.test():void.616696ddba562731e9dcad31223306c4_node6</title>
<meta http-equiv="Content-Type" content="text/html; charset=utf-8">
<style type="text/css">
body { background-color:#fff; color:#000; font-family:Helvetica, sans-serif; font-size:10pt }
h1 { font-size:14pt }
.code { border-collapse:collapse; width:100%; font-family: "Andale Mono", monospace; font-size:10pt; line-height: 1.2em }
.color_black { color: black }
.color_blue { color: blue }
.color_green { color: green }
.color_orange { color: orange }
.color_red { color: red }
.line { border-left: 3px solid #ccc; padding-left: 1ex; white-space: pre; }
.msg { background-color:#fff8b4; color:#000; float:left; font-family:Helvetica, sans-serif; font-size: smaller; font-weight: bold; margin-bottom:10px; margin-top:10px; max-width:60em; padding:0.5em 1ex 0.5em 1ex; -webkit-border-radius:5px; -webkit-box-shadow:1px 1px 7px #000; white-space: pre-wrap; word-wrap: break-word; }
.num { background-color:#eee; color:#444; font-size: smaller; padding-right:2ex; text-align:right; width:2.5em; }
.dangling { background-color:white; color: gray; }
.visited { background-color:LemonChiffon; color: darkmagenta; }
.tooltip { display: none; background-color:#FFF0F0; border: 2px solid #F00; font-weight: normal; left:10em; padding: 2px; position: absolute; top: -1em; -webkit-border-radius:5px; -webkit-box-shadow:1px 1px 7px #000; z-index: 1}
.with_tooltip { position: relative; }
.with_tooltip:hover .tooltip, .visited:hover .tooltip { display: block; }
</style>
</head>
<body>
<center><h1>Cfg Node <a href="./../../ParameterizedTestTest.java.88da44e98279dfa32c0c7e5c52f053d0.html#LINE159">6</a></h1></center>PROC: <a href="./../org.junit.tests.running.classes.ParameterizedTestTest%24AdditionTestWithAnnotatedFields.test%28%29%3Avoid.616696ddba562731e9dcad31223306c4.html">void ParameterizedTestTest$AdditionTestWithAnnotatedFields.test()</a> LINE: <a href="./../../ParameterizedTestTest.java.88da44e98279dfa32c0c7e5c52f053d0.html#LINE159">159</a>
<br>PREDS:
<a href="./../nodes/org.junit.tests.running.classes.ParameterizedTestTest%24AdditionTestWithAnnotatedFields.test%28%29%3Avoid.616696ddba562731e9dcad31223306c4_node5.html"><span class='visited with_tooltip'>N_5<span class='tooltip'>node5 preds:4 succs:6 exn:3 </span></span></a><br>SUCCS:
<a href="./../nodes/org.junit.tests.running.classes.ParameterizedTestTest%24AdditionTestWithAnnotatedFields.test%28%29%3Avoid.616696ddba562731e9dcad31223306c4_node7.html"><span class='visited with_tooltip'>N_7<span class='tooltip'>node7 preds:6 succs:2 exn:3 </span></span></a><br>EXN:
<a href="./../nodes/org.junit.tests.running.classes.ParameterizedTestTest%24AdditionTestWithAnnotatedFields.test%28%29%3Avoid.616696ddba562731e9dcad31223306c4_node3.html"><span class='visited with_tooltip'>N_3<span class='tooltip'>node3 preds: succs:2 exn:2 </span></span></a><br>
<LISTING class='color_green'>n$6=*&amp;$irvar0:long [line 159];
n$7=*&amp;$irvar1:long [line 159];
n$8=_fun_void Assert.assertEquals(long,long)(n$6:long,n$7:long) [line 159];
</LISTING>
<hr width="100%">
<a name="session6" href="./../nodes/org.junit.tests.running.classes.ParameterizedTestTest%24AdditionTestWithAnnotatedFields.test%28%29%3Avoid.616696ddba562731e9dcad31223306c4_node6.html#session6">node6#session6</a>(<a href="./../../ParameterizedTestTest.java.88da44e98279dfa32c0c7e5c52f053d0.html#LINE159">159</a>) [compute pre] liveness 6
<LISTING class='color_black'>JOIN

LEFT:   normal:{ }, exn:{ }
RIGHT:  normal:{ }, exn:{ }
RESULT: normal:{ }, exn:{ }

</LISTING>
<hr width="100%">
<a name="session7" href="./../nodes/org.junit.tests.running.classes.ParameterizedTestTest%24AdditionTestWithAnnotatedFields.test%28%29%3Avoid.616696ddba562731e9dcad31223306c4_node6.html#session7">node6#session7</a>(<a href="./../../ParameterizedTestTest.java.88da44e98279dfa32c0c7e5c52f053d0.html#LINE159">159</a>) [exec] liveness 6
<LISTING class='color_black'>PRE STATE:
normal:{ }, exn:{ }

INSTR=  n$8=_fun_void Assert.assertEquals(long,long)(n$6:long,n$7:long) [line 159]; 

STATE:
normal:{ n$6, n$7 }, exn:{ }

INSTR=  n$7=*&amp;$irvar1:long [line 159]; 

STATE:
normal:{ n$6, $irvar1 }, exn:{ }

INSTR=  n$6=*&amp;$irvar0:long [line 159]; 

STATE:
normal:{ $irvar0, $irvar1 }, exn:{ }

</LISTING>
<hr width="100%">
<a name="session19" href="./../nodes/org.junit.tests.running.classes.ParameterizedTestTest%24AdditionTestWithAnnotatedFields.test%28%29%3Avoid.616696ddba562731e9dcad31223306c4_node6.html#session19">node6#session19</a>(<a href="./../../ParameterizedTestTest.java.88da44e98279dfa32c0c7e5c52f053d0.html#LINE159">159</a>) [compute pre] nullify
<LISTING class='color_black'></LISTING>
<hr width="100%">
<a name="session20" href="./../nodes/org.junit.tests.running.classes.ParameterizedTestTest%24AdditionTestWithAnnotatedFields.test%28%29%3Avoid.616696ddba562731e9dcad31223306c4_node6.html#session20">node6#session20</a>(<a href="./../../ParameterizedTestTest.java.88da44e98279dfa32c0c7e5c52f053d0.html#LINE159">159</a>) [exec] nullify
<LISTING class='color_black'>PRE STATE:
(normal:{ $irvar0, $irvar1 }, exn:{ },normal:{ n$4, n$5, this }, exn:{ })

INSTR=  n$6=*&amp;$irvar0:long [line 159]; 

STATE:
(normal:{ n$6, $irvar0, $irvar1 }, exn:{ },
normal:{ n$4, n$5, this }, exn:{ })

INSTR=  n$7=*&amp;$irvar1:long [line 159]; 

STATE:
(normal:{ n$6, n$7, $irvar0, $irvar1 }, exn:{ },
normal:{ n$4, n$5, this }, exn:{ })

INSTR=  n$8=_fun_void Assert.assertEquals(long,long)(n$6:long,n$7:long) [line 159]; 

STATE:
(normal:{ }, exn:{ },normal:{ n$6, n$7, n$8, $irvar0, $irvar1 }, exn:{ })

</LISTING>
<hr width="100%">
<a name="session32" href="./../nodes/org.junit.tests.running.classes.ParameterizedTestTest%24AdditionTestWithAnnotatedFields.test%28%29%3Avoid.616696ddba562731e9dcad31223306c4_node6.html#session32">node6#session32</a>(<a href="./../../ParameterizedTestTest.java.88da44e98279dfa32c0c7e5c52f053d0.html#LINE159">159</a>) [compute pre] devirtualizer analysis 6
<LISTING class='color_black'></LISTING>
<hr width="100%">
<a name="session33" href="./../nodes/org.junit.tests.running.classes.ParameterizedTestTest%24AdditionTestWithAnnotatedFields.test%28%29%3Avoid.616696ddba562731e9dcad31223306c4_node6.html#session33">node6#session33</a>(<a href="./../../ParameterizedTestTest.java.88da44e98279dfa32c0c7e5c52f053d0.html#LINE159">159</a>) [exec] devirtualizer analysis 6
<LISTING class='color_black'>PRE STATE:
{ }

INSTR=  n$6=*&amp;$irvar0:long [line 159]; 

STATE UNCHANGED

INSTR=  n$7=*&amp;$irvar1:long [line 159]; 

STATE UNCHANGED

INSTR=  n$8=_fun_void Assert.assertEquals(long,long)(n$6:long,n$7:long) [line 159]; 

STATE UNCHANGED

INSTR=  NULLIFY(&amp;$irvar0); [line 159]; 

STATE UNCHANGED

INSTR=  NULLIFY(&amp;$irvar1); [line 159]; 

STATE UNCHANGED

INSTR=  EXIT_SCOPE(n$6,n$7,n$8,$irvar0,$irvar1); [line 159]; 

STATE UNCHANGED

</LISTING>
<hr width="100%">
<a name="session39" href="./../nodes/org.junit.tests.running.classes.ParameterizedTestTest%24AdditionTestWithAnnotatedFields.test%28%29%3Avoid.616696ddba562731e9dcad31223306c4_node6.html#session39">node6#session39</a>(<a href="./../../ParameterizedTestTest.java.88da44e98279dfa32c0c7e5c52f053d0.html#LINE159">159</a>) [exec] devirtualizer
<LISTING class='color_black'></LISTING>
<hr width="100%">
<a name="session40" href="./../nodes/org.junit.tests.running.classes.ParameterizedTestTest%24AdditionTestWithAnnotatedFields.test%28%29%3Avoid.616696ddba562731e9dcad31223306c4_node6.html#session40">node6#session40</a>(<a href="./../../ParameterizedTestTest.java.88da44e98279dfa32c0c7e5c52f053d0.html#LINE159">159</a>) [exec] devirtualizer
<LISTING class='color_black'></LISTING>
<hr width="100%">
<a name="session41" href="./../nodes/org.junit.tests.running.classes.ParameterizedTestTest%24AdditionTestWithAnnotatedFields.test%28%29%3Avoid.616696ddba562731e9dcad31223306c4_node6.html#session41">node6#session41</a>(<a href="./../../ParameterizedTestTest.java.88da44e98279dfa32c0c7e5c52f053d0.html#LINE159">159</a>) [exec] devirtualizer
<LISTING class='color_black'></LISTING>
<hr width="100%">
<a name="session42" href="./../nodes/org.junit.tests.running.classes.ParameterizedTestTest%24AdditionTestWithAnnotatedFields.test%28%29%3Avoid.616696ddba562731e9dcad31223306c4_node6.html#session42">node6#session42</a>(<a href="./../../ParameterizedTestTest.java.88da44e98279dfa32c0c7e5c52f053d0.html#LINE159">159</a>) [exec] devirtualizer
<LISTING class='color_black'></LISTING>
<hr width="100%">
<a name="session43" href="./../nodes/org.junit.tests.running.classes.ParameterizedTestTest%24AdditionTestWithAnnotatedFields.test%28%29%3Avoid.616696ddba562731e9dcad31223306c4_node6.html#session43">node6#session43</a>(<a href="./../../ParameterizedTestTest.java.88da44e98279dfa32c0c7e5c52f053d0.html#LINE159">159</a>) [exec] devirtualizer
<LISTING class='color_black'></LISTING>
<hr width="100%">
<a name="session44" href="./../nodes/org.junit.tests.running.classes.ParameterizedTestTest%24AdditionTestWithAnnotatedFields.test%28%29%3Avoid.616696ddba562731e9dcad31223306c4_node6.html#session44">node6#session44</a>(<a href="./../../ParameterizedTestTest.java.88da44e98279dfa32c0c7e5c52f053d0.html#LINE159">159</a>) [exec] devirtualizer
<LISTING class='color_black'></LISTING>
<hr width="100%">
<a name="session6" href="./../nodes/org.junit.tests.running.classes.ParameterizedTestTest%24AdditionTestWithAnnotatedFields.test%28%29%3Avoid.616696ddba562731e9dcad31223306c4_node6.html#session6">node6#session6</a>(<a href="./../../ParameterizedTestTest.java.88da44e98279dfa32c0c7e5c52f053d0.html#LINE159">159</a>) [compute pre] starvation
<LISTING class='color_black'></LISTING>
<hr width="100%">
<a name="session7" href="./../nodes/org.junit.tests.running.classes.ParameterizedTestTest%24AdditionTestWithAnnotatedFields.test%28%29%3Avoid.616696ddba562731e9dcad31223306c4_node6.html#session7">node6#session7</a>(<a href="./../../ParameterizedTestTest.java.88da44e98279dfa32c0c7e5c52f053d0.html#LINE159">159</a>) [exec] starvation
<LISTING class='color_black'>PRE STATE:
{guard_map= { }; lock_state= {map= { }; acquisitions= { }};
 critical_pairs= { }; attributes= { }; thread= UnknownThread;
 scheduled_work= { }; var_state= { $irvar0 -&gt; this-&gt;sum }}

INSTR=  n$6=*&amp;$irvar0:long [line 159]; 

STATE:
{guard_map= { }; lock_state= {map= { }; acquisitions= { }};
 critical_pairs= { }; attributes= { }; thread= UnknownThread;
 scheduled_work= { }; var_state= { n$6 -&gt; this-&gt;sum, $irvar0 -&gt; this-&gt;sum }}

INSTR=  n$7=*&amp;$irvar1:long [line 159]; 

STATE:
{guard_map= { }; lock_state= {map= { }; acquisitions= { }};
 critical_pairs= { }; attributes= { }; thread= UnknownThread;
 scheduled_work= { };
 var_state= { n$6 -&gt; this-&gt;sum, n$7 -&gt; $irvar1, $irvar0 -&gt; this-&gt;sum }}

INSTR=  n$8=_fun_void Assert.assertEquals(long,long)(n$6:long,n$7:long) [line 159]; 

STATE:
{guard_map= { }; lock_state= {map= { }; acquisitions= { }};
 critical_pairs= { }; attributes= { }; thread= UnknownThread;
 scheduled_work= { };
 var_state= { n$6 -&gt; this-&gt;sum, n$7 -&gt; $irvar1, $irvar0 -&gt; this-&gt;sum }}

INSTR=  NULLIFY(&amp;$irvar0); [line 159]; 

STATE UNCHANGED

INSTR=  NULLIFY(&amp;$irvar1); [line 159]; 

STATE UNCHANGED

INSTR=  EXIT_SCOPE(n$6,n$7,n$8,$irvar0,$irvar1); [line 159]; 

STATE:
{guard_map= { }; lock_state= {map= { }; acquisitions= { }};
 critical_pairs= { }; attributes= { }; thread= UnknownThread;
 scheduled_work= { }; var_state= { }}

</LISTING>
<hr width="100%">
<a name="session17" href="./../nodes/org.junit.tests.running.classes.ParameterizedTestTest%24AdditionTestWithAnnotatedFields.test%28%29%3Avoid.616696ddba562731e9dcad31223306c4_node6.html#session17">node6#session17</a>(<a href="./../../ParameterizedTestTest.java.88da44e98279dfa32c0c7e5c52f053d0.html#LINE159">159</a>) [compute pre] racerd
<LISTING class='color_black'></LISTING>
<hr width="100%">
<a name="session18" href="./../nodes/org.junit.tests.running.classes.ParameterizedTestTest%24AdditionTestWithAnnotatedFields.test%28%29%3Avoid.616696ddba562731e9dcad31223306c4_node6.html#session18">node6#session18</a>(<a href="./../../ParameterizedTestTest.java.88da44e98279dfa32c0c7e5c52f053d0.html#LINE159">159</a>) [exec] racerd
<LISTING class='color_black'>PRE STATE:
Threads: NoThread, Locks: 0 
Accesses { {elem= Access: Read of this-&gt;firstSummand Thread: NoThread Lock: false Pre: OwnedIf
            { 0 }; loc= line 159; trace= { }},
           {elem= Access: Read of this-&gt;secondSummand Thread: NoThread Lock: false Pre: OwnedIf
            { 0 }; loc= line 159; trace= { }},
           {elem= Access: Read of this-&gt;sum Thread: NoThread Lock: false Pre: OwnedIf
            { 0 }; loc= line 159; trace= { }} } 
Ownership: { $irvar0 -&gt; OwnedIf{ 0 },
             $irvar1 -&gt; Unowned,
             this -&gt; OwnedIf{ 0 } } 
Attributes: { } 




INSTR=  n$8 := void Assert.assertEquals(long,long)({ $irvar0, $irvar1 }) [line 159]; 

STATE:
Threads: NoThread, Locks: 0 
Accesses { {elem= Access: Read of this-&gt;firstSummand Thread: NoThread Lock: false Pre: OwnedIf
            { 0 }; loc= line 159; trace= { }},
           {elem= Access: Read of this-&gt;secondSummand Thread: NoThread Lock: false Pre: OwnedIf
            { 0 }; loc= line 159; trace= { }},
           {elem= Access: Read of this-&gt;sum Thread: NoThread Lock: false Pre: OwnedIf
            { 0 }; loc= line 159; trace= { }} } 
Ownership: { n$8 -&gt; Unowned,
             $irvar0 -&gt; OwnedIf{ 0 },
             $irvar1 -&gt; Unowned,
             this -&gt; OwnedIf{ 0 } } 
Attributes: { } 


INSTR=  NULLIFY(&amp;$irvar0); [line 159]; 

STATE UNCHANGED

INSTR=  NULLIFY(&amp;$irvar1); [line 159]; 

STATE UNCHANGED

INSTR=  EXIT_SCOPE(n$8,$irvar0,$irvar1); [line 159]; 

STATE:
Threads: NoThread, Locks: 0 
Accesses { {elem= Access: Read of this-&gt;firstSummand Thread: NoThread Lock: false Pre: OwnedIf
            { 0 }; loc= line 159; trace= { }},
           {elem= Access: Read of this-&gt;secondSummand Thread: NoThread Lock: false Pre: OwnedIf
            { 0 }; loc= line 159; trace= { }},
           {elem= Access: Read of this-&gt;sum Thread: NoThread Lock: false Pre: OwnedIf
            { 0 }; loc= line 159; trace= { }} } 
Ownership: { n$8 -&gt; Unowned,
             $irvar0 -&gt; OwnedIf{ 0 },
             $irvar1 -&gt; Unowned,
             this -&gt; OwnedIf{ 0 } } 
Attributes: { } 


</LISTING>
<hr width="100%">
<a name="session26" href="./../nodes/org.junit.tests.running.classes.ParameterizedTestTest%24AdditionTestWithAnnotatedFields.test%28%29%3Avoid.616696ddba562731e9dcad31223306c4_node6.html#session26">node6#session26</a>(<a href="./../../ParameterizedTestTest.java.88da44e98279dfa32c0c7e5c52f053d0.html#LINE159">159</a>) biabduction
<LISTING class='color_black'>**** [FP:Pending] void ParameterizedTestTest$AdditionTestWithAnnotatedFields.test() Node: 6, Procedure: void ParameterizedTestTest$AdditionTestWithAnnotatedFields.test(), Todo: 1 ****
  PROP 1 of 1:
  <span class='color_blue'><span class='color_red'>$irvar0 = @f$3<span class='color_orange'>update:159</span>:void</span>; <span class='color_red'>return = _t$0<span class='color_orange'>initial</span>:void</span>; <span class='color_red'>$irvar1 = (@f$1 + @f$2)<span class='color_orange'>update:159</span>:void</span>; <span class='color_red'>this = 0<span class='color_orange'>nullify</span>:org.junit.tests.running.classes.ParameterizedTestTest$AdditionTestWithAnnotatedFields*( sub )</span>; <span class='color_red'>old_this = @f$0<span class='color_orange'>formal</span>:org.junit.tests.running.classes.ParameterizedTestTest$AdditionTestWithAnnotatedFields*( sub )</span> ;
  <span class='color_red'>old_this|->{firstSummand:@f$1<span class='color_orange'>rearrange:(z)159</span>, secondSummand:@f$2<span class='color_orange'>rearrange:159</span>, sum:$irvar0<span class='color_orange'>rearrange:159</span>}<span class='color_orange'>rearrange:(z)159</span>:org.junit.tests.running.classes.ParameterizedTestTest$AdditionTestWithAnnotatedFields( sub )</span>
  [footprint
     <span class='color_red'>this = @f$0<span class='color_orange'>formal</span>:org.junit.tests.running.classes.ParameterizedTestTest$AdditionTestWithAnnotatedFields*( sub )</span> ;
     <span class='color_red'>old_this|->{firstSummand:@f$1<span class='color_orange'>rearrange:(z)159</span>, secondSummand:@f$2<span class='color_orange'>rearrange:159</span>, sum:$irvar0<span class='color_orange'>rearrange:159</span>}<span class='color_orange'>rearrange:(z)159</span>:org.junit.tests.running.classes.ParameterizedTestTest$AdditionTestWithAnnotatedFields( sub )</span>  ]</span>
  .... Instructions: ....
  <span class='color_green'>n$6=*&amp;$irvar0:long [line 159];
  n$7=*&amp;$irvar1:long [line 159];
  n$8=_fun_void Assert.assertEquals(long,long)(n$6:long,n$7:long) [line 159];
  NULLIFY(&amp;$irvar0); [line 159];
  NULLIFY(&amp;$irvar1); [line 159];
  EXIT_SCOPE(n$6,n$7,n$8,$irvar0,$irvar1); [line 159];
  </span>
  
  Processing prop 1/1
    Instruction <span class='color_green'>n$6=*&amp;$irvar0:long [line 159]</span>
    .... Rearrangement Start ....
    Exp: &amp;$irvar0
    Prop:
    <span class='color_blue'>$irvar0 = @f$3<span class='color_orange'>update:159</span>:void; return = n$25<span class='color_orange'>initial</span>:void; $irvar1 = (@f$1 + @f$2)<span class='color_orange'>update:159</span>:void; this = 0<span class='color_orange'>nullify</span>:org.junit.tests.running.classes.ParameterizedTestTest$AdditionTestWithAnnotatedFields*( sub ); old_this = @f$0<span class='color_orange'>formal</span>:org.junit.tests.running.classes.ParameterizedTestTest$AdditionTestWithAnnotatedFields*( sub ) ;
    old_this|->{firstSummand:@f$1<span class='color_orange'>rearrange:(z)159</span>, secondSummand:@f$2<span class='color_orange'>rearrange:159</span>, sum:$irvar0<span class='color_orange'>rearrange:159</span>}<span class='color_orange'>rearrange:(z)159</span>:org.junit.tests.running.classes.ParameterizedTestTest$AdditionTestWithAnnotatedFields( sub )
    [footprint
       this = @f$0<span class='color_orange'>formal</span>:org.junit.tests.running.classes.ParameterizedTestTest$AdditionTestWithAnnotatedFields*( sub ) ;
       old_this|->{firstSummand:@f$1<span class='color_orange'>rearrange:(z)159</span>, secondSummand:@f$2<span class='color_orange'>rearrange:159</span>, sum:$irvar0<span class='color_orange'>rearrange:159</span>}<span class='color_orange'>rearrange:(z)159</span>:org.junit.tests.running.classes.ParameterizedTestTest$AdditionTestWithAnnotatedFields( sub )  ]</span>
    
    in prop_iter_extend_ptsto lexp: &amp;$irvar0
    prop before:
    <span class='color_blue'>$irvar0 = @f$3<span class='color_orange'>update:159</span>:void; return = n$25<span class='color_orange'>initial</span>:void; $irvar1 = (@f$1 + @f$2)<span class='color_orange'>update:159</span>:void; this = 0<span class='color_orange'>nullify</span>:org.junit.tests.running.classes.ParameterizedTestTest$AdditionTestWithAnnotatedFields*( sub ); old_this = @f$0<span class='color_orange'>formal</span>:org.junit.tests.running.classes.ParameterizedTestTest$AdditionTestWithAnnotatedFields*( sub ) ;
    old_this|->{firstSummand:@f$1<span class='color_orange'>rearrange:(z)159</span>, secondSummand:@f$2<span class='color_orange'>rearrange:159</span>, sum:$irvar0<span class='color_orange'>rearrange:159</span>}<span class='color_orange'>rearrange:(z)159</span>:org.junit.tests.running.classes.ParameterizedTestTest$AdditionTestWithAnnotatedFields( sub )
    [footprint
       this = @f$0<span class='color_orange'>formal</span>:org.junit.tests.running.classes.ParameterizedTestTest$AdditionTestWithAnnotatedFields*( sub ) ;
       old_this|->{firstSummand:@f$1<span class='color_orange'>rearrange:(z)159</span>, secondSummand:@f$2<span class='color_orange'>rearrange:159</span>, sum:$irvar0<span class='color_orange'>rearrange:159</span>}<span class='color_orange'>rearrange:(z)159</span>:org.junit.tests.running.classes.ParameterizedTestTest$AdditionTestWithAnnotatedFields( sub )  ]</span>
    
    
    prop list after:
    PROP 1 of 1:
    <span class='color_blue'><span class='color_blue'>$irvar0 = @f$3<span class='color_orange'>update:159</span>:void</span>; <span class='color_blue'>return = n$25<span class='color_orange'>initial</span>:void</span>; <span class='color_blue'>$irvar1 = (@f$1 + @f$2)<span class='color_orange'>update:159</span>:void</span>; <span class='color_blue'>this = 0<span class='color_orange'>nullify</span>:org.junit.tests.running.classes.ParameterizedTestTest$AdditionTestWithAnnotatedFields*( sub )</span>; <span class='color_blue'>old_this = @f$0<span class='color_orange'>formal</span>:org.junit.tests.running.classes.ParameterizedTestTest$AdditionTestWithAnnotatedFields*( sub )</span> ;
    <span class='color_blue'>old_this|->{firstSummand:@f$1<span class='color_orange'>rearrange:(z)159</span>, secondSummand:@f$2<span class='color_orange'>rearrange:159</span>, sum:$irvar0<span class='color_orange'>rearrange:159</span>}<span class='color_orange'>rearrange:(z)159</span>:org.junit.tests.running.classes.ParameterizedTestTest$AdditionTestWithAnnotatedFields( sub )</span>
    [footprint
       <span class='color_blue'>this = @f$0<span class='color_orange'>formal</span>:org.junit.tests.running.classes.ParameterizedTestTest$AdditionTestWithAnnotatedFields*( sub )</span> ;
       <span class='color_blue'>old_this|->{firstSummand:@f$1<span class='color_orange'>rearrange:(z)159</span>, secondSummand:@f$2<span class='color_orange'>rearrange:159</span>, sum:$irvar0<span class='color_orange'>rearrange:159</span>}<span class='color_orange'>rearrange:(z)159</span>:org.junit.tests.running.classes.ParameterizedTestTest$AdditionTestWithAnnotatedFields( sub )</span>  ]</span>
    
    
    
    Instruction Returns
    PROP 1 of 1:
    <span class='color_blue'><span class='color_red'>n$6 = $irvar0</span> ;
    <span class='color_blue'>$irvar0 = @f$3<span class='color_orange'>update:159</span>:void</span>; <span class='color_blue'>return = _t$0<span class='color_orange'>initial</span>:void</span>; <span class='color_blue'>$irvar1 = (@f$1 + @f$2)<span class='color_orange'>update:159</span>:void</span>; <span class='color_blue'>this = 0<span class='color_orange'>nullify</span>:org.junit.tests.running.classes.ParameterizedTestTest$AdditionTestWithAnnotatedFields*( sub )</span>; <span class='color_blue'>old_this = @f$0<span class='color_orange'>formal</span>:org.junit.tests.running.classes.ParameterizedTestTest$AdditionTestWithAnnotatedFields*( sub )</span> ;
    <span class='color_blue'>old_this|->{firstSummand:@f$1<span class='color_orange'>rearrange:(z)159</span>, secondSummand:@f$2<span class='color_orange'>rearrange:159</span>, sum:$irvar0<span class='color_orange'>rearrange:159</span>}<span class='color_orange'>rearrange:(z)159</span>:org.junit.tests.running.classes.ParameterizedTestTest$AdditionTestWithAnnotatedFields( sub )</span>
    [footprint
       <span class='color_blue'>this = @f$0<span class='color_orange'>formal</span>:org.junit.tests.running.classes.ParameterizedTestTest$AdditionTestWithAnnotatedFields*( sub )</span> ;
       <span class='color_blue'>old_this|->{firstSummand:@f$1<span class='color_orange'>rearrange:(z)159</span>, secondSummand:@f$2<span class='color_orange'>rearrange:159</span>, sum:$irvar0<span class='color_orange'>rearrange:159</span>}<span class='color_orange'>rearrange:(z)159</span>:org.junit.tests.running.classes.ParameterizedTestTest$AdditionTestWithAnnotatedFields( sub )</span>  ]</span>
    
    Instruction <span class='color_green'>n$7=*&amp;$irvar1:long [line 159]</span>
    .... Rearrangement Start ....
    Exp: &amp;$irvar1
    Prop:
    <span class='color_blue'>n$6 = $irvar0 ;
    $irvar0 = @f$3<span class='color_orange'>update:159</span>:void; return = n$26<span class='color_orange'>initial</span>:void; $irvar1 = (@f$1 + @f$2)<span class='color_orange'>update:159</span>:void; this = 0<span class='color_orange'>nullify</span>:org.junit.tests.running.classes.ParameterizedTestTest$AdditionTestWithAnnotatedFields*( sub ); old_this = @f$0<span class='color_orange'>formal</span>:org.junit.tests.running.classes.ParameterizedTestTest$AdditionTestWithAnnotatedFields*( sub ) ;
    old_this|->{firstSummand:@f$1<span class='color_orange'>rearrange:(z)159</span>, secondSummand:@f$2<span class='color_orange'>rearrange:159</span>, sum:$irvar0<span class='color_orange'>rearrange:159</span>}<span class='color_orange'>rearrange:(z)159</span>:org.junit.tests.running.classes.ParameterizedTestTest$AdditionTestWithAnnotatedFields( sub )
    [footprint
       this = @f$0<span class='color_orange'>formal</span>:org.junit.tests.running.classes.ParameterizedTestTest$AdditionTestWithAnnotatedFields*( sub ) ;
       old_this|->{firstSummand:@f$1<span class='color_orange'>rearrange:(z)159</span>, secondSummand:@f$2<span class='color_orange'>rearrange:159</span>, sum:$irvar0<span class='color_orange'>rearrange:159</span>}<span class='color_orange'>rearrange:(z)159</span>:org.junit.tests.running.classes.ParameterizedTestTest$AdditionTestWithAnnotatedFields( sub )  ]</span>
    
    in prop_iter_extend_ptsto lexp: &amp;$irvar1
    prop before:
    <span class='color_blue'>n$6 = $irvar0 ;
    $irvar0 = @f$3<span class='color_orange'>update:159</span>:void; return = n$26<span class='color_orange'>initial</span>:void; $irvar1 = (@f$1 + @f$2)<span class='color_orange'>update:159</span>:void; this = 0<span class='color_orange'>nullify</span>:org.junit.tests.running.classes.ParameterizedTestTest$AdditionTestWithAnnotatedFields*( sub ); old_this = @f$0<span class='color_orange'>formal</span>:org.junit.tests.running.classes.ParameterizedTestTest$AdditionTestWithAnnotatedFields*( sub ) ;
    old_this|->{firstSummand:@f$1<span class='color_orange'>rearrange:(z)159</span>, secondSummand:@f$2<span class='color_orange'>rearrange:159</span>, sum:$irvar0<span class='color_orange'>rearrange:159</span>}<span class='color_orange'>rearrange:(z)159</span>:org.junit.tests.running.classes.ParameterizedTestTest$AdditionTestWithAnnotatedFields( sub )
    [footprint
       this = @f$0<span class='color_orange'>formal</span>:org.junit.tests.running.classes.ParameterizedTestTest$AdditionTestWithAnnotatedFields*( sub ) ;
       old_this|->{firstSummand:@f$1<span class='color_orange'>rearrange:(z)159</span>, secondSummand:@f$2<span class='color_orange'>rearrange:159</span>, sum:$irvar0<span class='color_orange'>rearrange:159</span>}<span class='color_orange'>rearrange:(z)159</span>:org.junit.tests.running.classes.ParameterizedTestTest$AdditionTestWithAnnotatedFields( sub )  ]</span>
    
    
    prop list after:
    PROP 1 of 1:
    <span class='color_blue'><span class='color_blue'>n$6 = $irvar0</span> ;
    <span class='color_blue'>$irvar0 = @f$3<span class='color_orange'>update:159</span>:void</span>; <span class='color_blue'>return = n$26<span class='color_orange'>initial</span>:void</span>; <span class='color_blue'>$irvar1 = (@f$1 + @f$2)<span class='color_orange'>update:159</span>:void</span>; <span class='color_blue'>this = 0<span class='color_orange'>nullify</span>:org.junit.tests.running.classes.ParameterizedTestTest$AdditionTestWithAnnotatedFields*( sub )</span>; <span class='color_blue'>old_this = @f$0<span class='color_orange'>formal</span>:org.junit.tests.running.classes.ParameterizedTestTest$AdditionTestWithAnnotatedFields*( sub )</span> ;
    <span class='color_blue'>old_this|->{firstSummand:@f$1<span class='color_orange'>rearrange:(z)159</span>, secondSummand:@f$2<span class='color_orange'>rearrange:159</span>, sum:$irvar0<span class='color_orange'>rearrange:159</span>}<span class='color_orange'>rearrange:(z)159</span>:org.junit.tests.running.classes.ParameterizedTestTest$AdditionTestWithAnnotatedFields( sub )</span>
    [footprint
       <span class='color_blue'>this = @f$0<span class='color_orange'>formal</span>:org.junit.tests.running.classes.ParameterizedTestTest$AdditionTestWithAnnotatedFields*( sub )</span> ;
       <span class='color_blue'>old_this|->{firstSummand:@f$1<span class='color_orange'>rearrange:(z)159</span>, secondSummand:@f$2<span class='color_orange'>rearrange:159</span>, sum:$irvar0<span class='color_orange'>rearrange:159</span>}<span class='color_orange'>rearrange:(z)159</span>:org.junit.tests.running.classes.ParameterizedTestTest$AdditionTestWithAnnotatedFields( sub )</span>  ]</span>
    
    
    
    Instruction Returns
    PROP 1 of 1:
    <span class='color_blue'><span class='color_blue'>n$6 = $irvar0</span>; <span class='color_red'>n$7 = (@f$1 + @f$2)</span> ;
    <span class='color_blue'>$irvar0 = @f$3<span class='color_orange'>update:159</span>:void</span>; <span class='color_blue'>return = _t$0<span class='color_orange'>initial</span>:void</span>; <span class='color_blue'>$irvar1 = (@f$1 + @f$2)<span class='color_orange'>update:159</span>:void</span>; <span class='color_blue'>this = 0<span class='color_orange'>nullify</span>:org.junit.tests.running.classes.ParameterizedTestTest$AdditionTestWithAnnotatedFields*( sub )</span>; <span class='color_blue'>old_this = @f$0<span class='color_orange'>formal</span>:org.junit.tests.running.classes.ParameterizedTestTest$AdditionTestWithAnnotatedFields*( sub )</span> ;
    <span class='color_blue'>old_this|->{firstSummand:@f$1<span class='color_orange'>rearrange:(z)159</span>, secondSummand:@f$2<span class='color_orange'>rearrange:159</span>, sum:$irvar0<span class='color_orange'>rearrange:159</span>}<span class='color_orange'>rearrange:(z)159</span>:org.junit.tests.running.classes.ParameterizedTestTest$AdditionTestWithAnnotatedFields( sub )</span>
    [footprint
       <span class='color_blue'>this = @f$0<span class='color_orange'>formal</span>:org.junit.tests.running.classes.ParameterizedTestTest$AdditionTestWithAnnotatedFields*( sub )</span> ;
       <span class='color_blue'>old_this|->{firstSummand:@f$1<span class='color_orange'>rearrange:(z)159</span>, secondSummand:@f$2<span class='color_orange'>rearrange:159</span>, sum:$irvar0<span class='color_orange'>rearrange:159</span>}<span class='color_orange'>rearrange:(z)159</span>:org.junit.tests.running.classes.ParameterizedTestTest$AdditionTestWithAnnotatedFields( sub )</span>  ]</span>
    
    Instruction <span class='color_green'>n$8=_fun_void Assert.assertEquals(long,long)(n$6:long,n$7:long) [line 159]</span>
    Found 2 specs for function org.junit.Assert.assertEquals(long,long):void
    START EXECUTING SPECS FOR org.junit.Assert.assertEquals(long,long):void from state
    <span class='color_blue'>n$6 = $irvar0; n$7 = (@f$1 + @f$2) ;
    $irvar0 = @f$3<span class='color_orange'>update:159</span>:void; return = n$27<span class='color_orange'>initial</span>:void; $irvar1 = (@f$1 + @f$2)<span class='color_orange'>update:159</span>:void; this = 0<span class='color_orange'>nullify</span>:org.junit.tests.running.classes.ParameterizedTestTest$AdditionTestWithAnnotatedFields*( sub ); old_this = @f$0<span class='color_orange'>formal</span>:org.junit.tests.running.classes.ParameterizedTestTest$AdditionTestWithAnnotatedFields*( sub ) ;
    old_this|->{firstSummand:@f$1<span class='color_orange'>rearrange:(z)159</span>, secondSummand:@f$2<span class='color_orange'>rearrange:159</span>, sum:$irvar0<span class='color_orange'>rearrange:159</span>}<span class='color_orange'>rearrange:(z)159</span>:org.junit.tests.running.classes.ParameterizedTestTest$AdditionTestWithAnnotatedFields( sub )
    [footprint
       this = @f$0<span class='color_orange'>formal</span>:org.junit.tests.running.classes.ParameterizedTestTest$AdditionTestWithAnnotatedFields*( sub ) ;
       old_this|->{firstSummand:@f$1<span class='color_orange'>rearrange:(z)159</span>, secondSummand:@f$2<span class='color_orange'>rearrange:159</span>, sum:$irvar0<span class='color_orange'>rearrange:159</span>}<span class='color_orange'>rearrange:(z)159</span>:org.junit.tests.running.classes.ParameterizedTestTest$AdditionTestWithAnnotatedFields( sub )  ]</span>
    EXECUTING SPEC 1/2
    ACTUAL PRECONDITION =
      <span class='color_blue'>n$6 = expected|callee; n$7 = (@f$1 + @f$2) ;
      actual|callee = (@f$1 + @f$2)<span class='color_orange'>actual_precondition</span>:long; $irvar0 = @f$3<span class='color_orange'>update:159</span>:void; return = n$27<span class='color_orange'>initial</span>:void; $irvar1 = (@f$1 + @f$2)<span class='color_orange'>update:159</span>:void; this = 0<span class='color_orange'>nullify</span>:org.junit.tests.running.classes.ParameterizedTestTest$AdditionTestWithAnnotatedFields*( sub ); old_this = @f$0<span class='color_orange'>formal</span>:org.junit.tests.running.classes.ParameterizedTestTest$AdditionTestWithAnnotatedFields*( sub ); expected|callee = @f$3<span class='color_orange'>actual_precondition</span>:long ;
      old_this|->{firstSummand:@f$1<span class='color_orange'>rearrange:(z)159</span>, secondSummand:@f$2<span class='color_orange'>rearrange:159</span>, sum:expected|callee<span class='color_orange'>rearrange:159</span>}<span class='color_orange'>rearrange:(z)159</span>:org.junit.tests.running.classes.ParameterizedTestTest$AdditionTestWithAnnotatedFields( sub )
      [footprint
         this = @f$0<span class='color_orange'>formal</span>:org.junit.tests.running.classes.ParameterizedTestTest$AdditionTestWithAnnotatedFields*( sub ) ;
         old_this|->{firstSummand:@f$1<span class='color_orange'>rearrange:(z)159</span>, secondSummand:@f$2<span class='color_orange'>rearrange:159</span>, sum:expected|callee<span class='color_orange'>rearrange:159</span>}<span class='color_orange'>rearrange:(z)159</span>:org.junit.tests.running.classes.ParameterizedTestTest$AdditionTestWithAnnotatedFields( sub )  ]</span>
    SPEC =
      --------------------------- ---------- ---------------------------
      PRE:
      <span class='color_blue'><span class='color_blue'>actual|callee = _t$41<span class='color_orange'>formal</span>:long( sub ); expected|callee = _t$41<span class='color_orange'>formal</span>:long( sub )</span></span>
      POST 1 of 1:
      <span class='color_blue'><span class='color_red'>return|callee = _t$42<span class='color_orange'>initial</span>:void</span></span>
      ----------------------------------------------------------------
    pre_check_pure_implication
    pi1:
      n$6 = @f$3; n$7 = (@f$1 + @f$2)
    pi2:
      
    returns
    sub1:
      n$6 = @f$3; n$7 = (@f$1 + @f$2)
    sub2:
      
    Current Implication
    SUB:
      n$6 = @f$3; n$7 = (@f$1 + @f$2)
    <span class='color_blue'>expected|callee = expected|callee; (@f$1 + @f$2) = (@f$1 + @f$2) ;
    actual|callee = (@f$1 + @f$2)<span class='color_orange'>actual_precondition</span>:long; $irvar0 = @f$3<span class='color_orange'>update:159</span>:void; return = n$27<span class='color_orange'>initial</span>:void; $irvar1 = (@f$1 + @f$2)<span class='color_orange'>update:159</span>:void; this = 0<span class='color_orange'>nullify</span>:org.junit.tests.running.classes.ParameterizedTestTest$AdditionTestWithAnnotatedFields*( sub ); old_this = @f$0<span class='color_orange'>formal</span>:org.junit.tests.running.classes.ParameterizedTestTest$AdditionTestWithAnnotatedFields*( sub ); expected|callee = @f$3<span class='color_orange'>actual_precondition</span>:long ;
    old_this|->{firstSummand:@f$1<span class='color_orange'>rearrange:(z)159</span>, secondSummand:@f$2<span class='color_orange'>rearrange:159</span>, sum:expected|callee<span class='color_orange'>rearrange:159</span>}<span class='color_orange'>rearrange:(z)159</span>:org.junit.tests.running.classes.ParameterizedTestTest$AdditionTestWithAnnotatedFields( sub )
    [footprint
       this = @f$0<span class='color_orange'>formal</span>:org.junit.tests.running.classes.ParameterizedTestTest$AdditionTestWithAnnotatedFields*( sub ) ;
       old_this|->{firstSummand:@f$1<span class='color_orange'>rearrange:(z)159</span>, secondSummand:@f$2<span class='color_orange'>rearrange:159</span>, sum:expected|callee<span class='color_orange'>rearrange:159</span>}<span class='color_orange'>rearrange:(z)159</span>:org.junit.tests.running.classes.ParameterizedTestTest$AdditionTestWithAnnotatedFields( sub )  ]</span>
    |-
    <span class='color_blue'>actual|callee = _t$41<span class='color_orange'>formal</span>:long( sub ); expected|callee = _t$41<span class='color_orange'>formal</span>:long( sub )</span>
    
      do_imply (@f$1 + @f$2) _t$41
        Current Implication
        SUB:
          n$6 = @f$3; n$7 = (@f$1 + @f$2)
        <span class='color_blue'>expected|callee = expected|callee; (@f$1 + @f$2) = (@f$1 + @f$2) ;
        $irvar0 = @f$3<span class='color_orange'>update:159</span>:void; return = n$27<span class='color_orange'>initial</span>:void; $irvar1 = (@f$1 + @f$2)<span class='color_orange'>update:159</span>:void; this = 0<span class='color_orange'>nullify</span>:org.junit.tests.running.classes.ParameterizedTestTest$AdditionTestWithAnnotatedFields*( sub ); old_this = @f$0<span class='color_orange'>formal</span>:org.junit.tests.running.classes.ParameterizedTestTest$AdditionTestWithAnnotatedFields*( sub ); expected|callee = @f$3<span class='color_orange'>actual_precondition</span>:long ;
        old_this|->{firstSummand:@f$1<span class='color_orange'>rearrange:(z)159</span>, secondSummand:@f$2<span class='color_orange'>rearrange:159</span>, sum:expected|callee<span class='color_orange'>rearrange:159</span>}<span class='color_orange'>rearrange:(z)159</span>:org.junit.tests.running.classes.ParameterizedTestTest$AdditionTestWithAnnotatedFields( sub )
        [footprint
           this = @f$0<span class='color_orange'>formal</span>:org.junit.tests.running.classes.ParameterizedTestTest$AdditionTestWithAnnotatedFields*( sub ) ;
           old_this|->{firstSummand:@f$1<span class='color_orange'>rearrange:(z)159</span>, secondSummand:@f$2<span class='color_orange'>rearrange:159</span>, sum:expected|callee<span class='color_orange'>rearrange:159</span>}<span class='color_orange'>rearrange:(z)159</span>:org.junit.tests.running.classes.ParameterizedTestTest$AdditionTestWithAnnotatedFields( sub )  ]</span>
        [SUB: 
          _t$41 = (@f$1 + @f$2)]
        |-
        <span class='color_blue'>expected|callee = (@f$1 + @f$2)<span class='color_orange'>formal</span>:long( sub )</span>
        
          do_imply @f$3 (@f$1 + @f$2)
          do_imply (@f$3 - @f$2) @f$1
          WARNING: footprint failed to find MISSING because: expressions not equal
    EXECUTING SPEC 2/2
    ACTUAL PRECONDITION =
      <span class='color_blue'>n$6 = expected|callee; n$7 = (@f$1 + @f$2) ;
      actual|callee = (@f$1 + @f$2)<span class='color_orange'>actual_precondition</span>:long; $irvar0 = @f$3<span class='color_orange'>update:159</span>:void; return = n$27<span class='color_orange'>initial</span>:void; $irvar1 = (@f$1 + @f$2)<span class='color_orange'>update:159</span>:void; this = 0<span class='color_orange'>nullify</span>:org.junit.tests.running.classes.ParameterizedTestTest$AdditionTestWithAnnotatedFields*( sub ); old_this = @f$0<span class='color_orange'>formal</span>:org.junit.tests.running.classes.ParameterizedTestTest$AdditionTestWithAnnotatedFields*( sub ); expected|callee = @f$3<span class='color_orange'>actual_precondition</span>:long ;
      old_this|->{firstSummand:@f$1<span class='color_orange'>rearrange:(z)159</span>, secondSummand:@f$2<span class='color_orange'>rearrange:159</span>, sum:expected|callee<span class='color_orange'>rearrange:159</span>}<span class='color_orange'>rearrange:(z)159</span>:org.junit.tests.running.classes.ParameterizedTestTest$AdditionTestWithAnnotatedFields( sub )
      [footprint
         this = @f$0<span class='color_orange'>formal</span>:org.junit.tests.running.classes.ParameterizedTestTest$AdditionTestWithAnnotatedFields*( sub ) ;
         old_this|->{firstSummand:@f$1<span class='color_orange'>rearrange:(z)159</span>, secondSummand:@f$2<span class='color_orange'>rearrange:159</span>, sum:expected|callee<span class='color_orange'>rearrange:159</span>}<span class='color_orange'>rearrange:(z)159</span>:org.junit.tests.running.classes.ParameterizedTestTest$AdditionTestWithAnnotatedFields( sub )  ]</span>
    SPEC =
      --------------------------- ---------- ---------------------------
      PRE:
      <span class='color_blue'><span class='color_blue'>actual|callee != expected|callee ;
      actual|callee = _t$43<span class='color_orange'>formal</span>:long( sub ); expected|callee = _t$44<span class='color_orange'>formal</span>:long( sub )</span></span>
      POST 1 of 1:
      <span class='color_blue'>actual|callee != expected|callee; <span class='color_red'>MEMne &lt; void Assert.assertEquals(String,long,long):633 &gt; <span class='color_orange'>{vpath: }</span>(_t$45)</span> ;
      <span class='color_red'>return|callee = EXN _t$45<span class='color_orange'>update:633</span>:void</span> ;
      <span class='color_red'>_t$45|->{}<span class='color_orange'>alloc</span>:java.lang.AssertionError</span></span>
      ----------------------------------------------------------------
    pre_check_pure_implication
    pi1:
      n$6 = @f$3; n$7 = (@f$1 + @f$2)
    pi2:
      _t$43 != _t$44
    returns
    sub1:
      n$6 = @f$3; n$7 = (@f$1 + @f$2)
    sub2:
      
    Current Implication
    SUB:
      n$6 = @f$3; n$7 = (@f$1 + @f$2)
    <span class='color_blue'>expected|callee = expected|callee; (@f$1 + @f$2) = (@f$1 + @f$2) ;
    actual|callee = (@f$1 + @f$2)<span class='color_orange'>actual_precondition</span>:long; $irvar0 = @f$3<span class='color_orange'>update:159</span>:void; return = n$27<span class='color_orange'>initial</span>:void; $irvar1 = (@f$1 + @f$2)<span class='color_orange'>update:159</span>:void; this = 0<span class='color_orange'>nullify</span>:org.junit.tests.running.classes.ParameterizedTestTest$AdditionTestWithAnnotatedFields*( sub ); old_this = @f$0<span class='color_orange'>formal</span>:org.junit.tests.running.classes.ParameterizedTestTest$AdditionTestWithAnnotatedFields*( sub ); expected|callee = @f$3<span class='color_orange'>actual_precondition</span>:long ;
    old_this|->{firstSummand:@f$1<span class='color_orange'>rearrange:(z)159</span>, secondSummand:@f$2<span class='color_orange'>rearrange:159</span>, sum:expected|callee<span class='color_orange'>rearrange:159</span>}<span class='color_orange'>rearrange:(z)159</span>:org.junit.tests.running.classes.ParameterizedTestTest$AdditionTestWithAnnotatedFields( sub )
    [footprint
       this = @f$0<span class='color_orange'>formal</span>:org.junit.tests.running.classes.ParameterizedTestTest$AdditionTestWithAnnotatedFields*( sub ) ;
       old_this|->{firstSummand:@f$1<span class='color_orange'>rearrange:(z)159</span>, secondSummand:@f$2<span class='color_orange'>rearrange:159</span>, sum:expected|callee<span class='color_orange'>rearrange:159</span>}<span class='color_orange'>rearrange:(z)159</span>:org.junit.tests.running.classes.ParameterizedTestTest$AdditionTestWithAnnotatedFields( sub )  ]</span>
    |-
    <span class='color_blue'>actual|callee = _t$43<span class='color_orange'>formal</span>:long( sub ); expected|callee = _t$44<span class='color_orange'>formal</span>:long( sub )</span>
    
      do_imply (@f$1 + @f$2) _t$43
        Current Implication
        SUB:
          n$6 = @f$3; n$7 = (@f$1 + @f$2)
        <span class='color_blue'>expected|callee = expected|callee; (@f$1 + @f$2) = (@f$1 + @f$2) ;
        $irvar0 = @f$3<span class='color_orange'>update:159</span>:void; return = n$27<span class='color_orange'>initial</span>:void; $irvar1 = (@f$1 + @f$2)<span class='color_orange'>update:159</span>:void; this = 0<span class='color_orange'>nullify</span>:org.junit.tests.running.classes.ParameterizedTestTest$AdditionTestWithAnnotatedFields*( sub ); old_this = @f$0<span class='color_orange'>formal</span>:org.junit.tests.running.classes.ParameterizedTestTest$AdditionTestWithAnnotatedFields*( sub ); expected|callee = @f$3<span class='color_orange'>actual_precondition</span>:long ;
        old_this|->{firstSummand:@f$1<span class='color_orange'>rearrange:(z)159</span>, secondSummand:@f$2<span class='color_orange'>rearrange:159</span>, sum:expected|callee<span class='color_orange'>rearrange:159</span>}<span class='color_orange'>rearrange:(z)159</span>:org.junit.tests.running.classes.ParameterizedTestTest$AdditionTestWithAnnotatedFields( sub )
        [footprint
           this = @f$0<span class='color_orange'>formal</span>:org.junit.tests.running.classes.ParameterizedTestTest$AdditionTestWithAnnotatedFields*( sub ) ;
           old_this|->{firstSummand:@f$1<span class='color_orange'>rearrange:(z)159</span>, secondSummand:@f$2<span class='color_orange'>rearrange:159</span>, sum:expected|callee<span class='color_orange'>rearrange:159</span>}<span class='color_orange'>rearrange:(z)159</span>:org.junit.tests.running.classes.ParameterizedTestTest$AdditionTestWithAnnotatedFields( sub )  ]</span>
        [SUB: 
          _t$43 = (@f$1 + @f$2)]
        |-
        <span class='color_blue'>expected|callee = _t$44<span class='color_orange'>formal</span>:long( sub )</span>
        
          do_imply @f$3 _t$44
            Final Implication
            SUB:
              n$6 = @f$3; n$7 = (@f$1 + @f$2)
            <span class='color_blue'>$irvar0 = $irvar0; (@f$1 + @f$2) = (@f$1 + @f$2) ;
            $irvar0 = @f$3<span class='color_orange'>update:159</span>:void; return = n$27<span class='color_orange'>initial</span>:void; $irvar1 = (@f$1 + @f$2)<span class='color_orange'>update:159</span>:void; this = 0<span class='color_orange'>nullify</span>:org.junit.tests.running.classes.ParameterizedTestTest$AdditionTestWithAnnotatedFields*( sub ); old_this = @f$0<span class='color_orange'>formal</span>:org.junit.tests.running.classes.ParameterizedTestTest$AdditionTestWithAnnotatedFields*( sub ) ;
            old_this|->{firstSummand:@f$1<span class='color_orange'>rearrange:(z)159</span>, secondSummand:@f$2<span class='color_orange'>rearrange:159</span>, sum:$irvar0<span class='color_orange'>rearrange:159</span>}<span class='color_orange'>rearrange:(z)159</span>:org.junit.tests.running.classes.ParameterizedTestTest$AdditionTestWithAnnotatedFields( sub )
            [footprint
               this = @f$0<span class='color_orange'>formal</span>:org.junit.tests.running.classes.ParameterizedTestTest$AdditionTestWithAnnotatedFields*( sub ) ;
               old_this|->{firstSummand:@f$1<span class='color_orange'>rearrange:(z)159</span>, secondSummand:@f$2<span class='color_orange'>rearrange:159</span>, sum:$irvar0<span class='color_orange'>rearrange:159</span>}<span class='color_orange'>rearrange:(z)159</span>:org.junit.tests.running.classes.ParameterizedTestTest$AdditionTestWithAnnotatedFields( sub )  ]</span>
            [SUB: 
              _t$43 = (@f$1 + @f$2); _t$44 = @f$3]
            |-
            <span class='color_blue'></span>
    imply_pi: adding missing atom _t$43 != _t$44
    Result of Abduction
      SUB:
        n$6 = @f$3; n$7 = (@f$1 + @f$2)
      <span class='color_blue'>expected|callee = expected|callee; (@f$1 + @f$2) = (@f$1 + @f$2) ;
      actual|callee = (@f$1 + @f$2)<span class='color_orange'>actual_precondition</span>:long; $irvar0 = @f$3<span class='color_orange'>update:159</span>:void; return = n$27<span class='color_orange'>initial</span>:void; $irvar1 = (@f$1 + @f$2)<span class='color_orange'>update:159</span>:void; this = 0<span class='color_orange'>nullify</span>:org.junit.tests.running.classes.ParameterizedTestTest$AdditionTestWithAnnotatedFields*( sub ); old_this = @f$0<span class='color_orange'>formal</span>:org.junit.tests.running.classes.ParameterizedTestTest$AdditionTestWithAnnotatedFields*( sub ); expected|callee = @f$3<span class='color_orange'>actual_precondition</span>:long ;
      old_this|->{firstSummand:@f$1<span class='color_orange'>rearrange:(z)159</span>, secondSummand:@f$2<span class='color_orange'>rearrange:159</span>, sum:expected|callee<span class='color_orange'>rearrange:159</span>}<span class='color_orange'>rearrange:(z)159</span>:org.junit.tests.running.classes.ParameterizedTestTest$AdditionTestWithAnnotatedFields( sub )
      [footprint
         this = @f$0<span class='color_orange'>formal</span>:org.junit.tests.running.classes.ParameterizedTestTest$AdditionTestWithAnnotatedFields*( sub ) ;
         old_this|->{firstSummand:@f$1<span class='color_orange'>rearrange:(z)159</span>, secondSummand:@f$2<span class='color_orange'>rearrange:159</span>, sum:expected|callee<span class='color_orange'>rearrange:159</span>}<span class='color_orange'>rearrange:(z)159</span>:org.junit.tests.running.classes.ParameterizedTestTest$AdditionTestWithAnnotatedFields( sub )  ]</span>
      [SUB: 
        _t$43 = (@f$1 + @f$2); _t$44 = @f$3
      _t$43 != _t$44]
      |-
      <span class='color_blue'>(@f$1 + @f$2) != expected|callee ;
      actual|callee = (@f$1 + @f$2)<span class='color_orange'>formal</span>:long( sub ); expected|callee = @f$3<span class='color_orange'>formal</span>:long( sub )</span>
    returning TRUE
    in vpath_find exp:_t$45
    vpath_find: cannot find _t$45
      New footprint:
      (@f$1 + @f$2) != @f$3
      Frame fld:
      
      Missing fld:
      
      Instantiated frame:
      @f$0|->{firstSummand:@f$1<span class='color_orange'>rearrange:(z)159</span>, secondSummand:@f$2<span class='color_orange'>rearrange:159</span>, sum:@f$3<span class='color_orange'>rearrange:159</span>}<span class='color_orange'>rearrange:(z)159</span>:org.junit.tests.running.classes.ParameterizedTestTest$AdditionTestWithAnnotatedFields( sub ); &amp;$irvar0|->@f$3<span class='color_orange'>update:159</span>:void; &amp;return|->n$27<span class='color_orange'>initial</span>:void; &amp;$irvar1|->(@f$1 + @f$2)<span class='color_orange'>update:159</span>:void; &amp;this|->0<span class='color_orange'>nullify</span>:org.junit.tests.running.classes.ParameterizedTestTest$AdditionTestWithAnnotatedFields*( sub ); &amp;old_this|->@f$0<span class='color_orange'>formal</span>:org.junit.tests.running.classes.ParameterizedTestTest$AdditionTestWithAnnotatedFields*( sub )
      Instantiated post:
      PROP 1 of 1:
      <span class='color_blue'><span class='color_red'>(@f$1 + @f$2) != @f$3</span>; <span class='color_red'>MEMne &lt; void Assert.assertEquals(long,long):159 &gt; <span class='color_orange'>{vpath: }</span>(_t$45)</span> ;
      <span class='color_red'>return|callee = EXN _t$45<span class='color_orange'>update:159</span>:void</span> ;
      <span class='color_red'>_t$45|->{}<span class='color_orange'>alloc</span>:java.lang.AssertionError</span></span>
      
    ***** RESULTS FUNCTION CALL *******
    PROP 1 of 1:
    <span class='color_blue'><span class='color_blue'>n$6 = <span class='color_red'>$irvar0</span></span>; <span class='color_blue'>n$7 = (@f$1 + @f$2)</span> ;
    <span class='color_red'>$irvar0 != (@f$1 + @f$2)</span>; <span class='color_red'>MEMne &lt; void Assert.assertEquals(long,long):159 &gt; <span class='color_orange'>{vpath: }</span>(_t$0)</span> ;
    <span class='color_blue'>$irvar0 = <span class='color_red'>@f$0<span class='color_orange'>update:159</span></span>:void</span>; <span class='color_blue'>return = <span class='color_red'>EXN _t$0<span class='color_orange'>update:159</span></span>:void</span>; <span class='color_blue'>$irvar1 = (@f$1 + @f$2)<span class='color_orange'>update:159</span>:void</span>; <span class='color_blue'>this = 0<span class='color_orange'>nullify</span>:org.junit.tests.running.classes.ParameterizedTestTest$AdditionTestWithAnnotatedFields*( sub )</span>; <span class='color_blue'>old_this = <span class='color_red'>@f$3<span class='color_orange'>formal</span></span>:org.junit.tests.running.classes.ParameterizedTestTest$AdditionTestWithAnnotatedFields*( sub )</span> ;
    <span class='color_red'>_t$0|->{}<span class='color_orange'>alloc</span>:java.lang.AssertionError</span>; <span class='color_red'>old_this|->{firstSummand:@f$1<span class='color_orange'>rearrange:(z)159</span>, secondSummand:@f$2<span class='color_orange'>rearrange:159</span>, sum:$irvar0<span class='color_orange'>rearrange:159</span>}<span class='color_orange'>rearrange:(z)159</span>:org.junit.tests.running.classes.ParameterizedTestTest$AdditionTestWithAnnotatedFields( sub )</span>
    [footprint
       <span class='color_red'>$irvar0 != (@f$1 + @f$2)</span> *
       <span class='color_blue'>this = <span class='color_red'>@f$3<span class='color_orange'>formal</span></span>:org.junit.tests.running.classes.ParameterizedTestTest$AdditionTestWithAnnotatedFields*( sub )</span> ;
       <span class='color_red'>old_this|->{firstSummand:@f$1<span class='color_orange'>rearrange:(z)159</span>, secondSummand:@f$2<span class='color_orange'>rearrange:159</span>, sum:$irvar0<span class='color_orange'>rearrange:159</span>}<span class='color_orange'>rearrange:(z)159</span>:org.junit.tests.running.classes.ParameterizedTestTest$AdditionTestWithAnnotatedFields( sub )</span>  ]</span>
    ***** END RESULTS FUNCTION CALL *******
    Prover.check_inconsistency_base: inconsistency reason [None]
    Prover.check_inconsistency_base: inconsistency reason [None]
    Prover.check_inconsistency_base: inconsistency reason [None]
    Prover.check_inconsistency_base: inconsistency reason [None]
    Instruction Returns
    PROP 1 of 1:
    <span class='color_blue'><span class='color_blue'>n$6 = <span class='color_red'>$irvar0</span></span>; <span class='color_blue'>n$7 = (@f$1 + @f$2)</span> ;
    <span class='color_red'>$irvar0 != (@f$1 + @f$2)</span>; <span class='color_red'>MEMne &lt; void Assert.assertEquals(long,long):159 &gt; <span class='color_orange'>{vpath: }</span>(_t$0)</span> ;
    <span class='color_blue'>$irvar0 = <span class='color_red'>@f$0<span class='color_orange'>update:159</span></span>:void</span>; <span class='color_blue'>return = <span class='color_red'>EXN _t$0<span class='color_orange'>update:159</span></span>:void</span>; <span class='color_blue'>$irvar1 = (@f$1 + @f$2)<span class='color_orange'>update:159</span>:void</span>; <span class='color_blue'>this = 0<span class='color_orange'>nullify</span>:org.junit.tests.running.classes.ParameterizedTestTest$AdditionTestWithAnnotatedFields*( sub )</span>; <span class='color_blue'>old_this = <span class='color_red'>@f$3<span class='color_orange'>formal</span></span>:org.junit.tests.running.classes.ParameterizedTestTest$AdditionTestWithAnnotatedFields*( sub )</span> ;
    <span class='color_red'>_t$0|->{}<span class='color_orange'>alloc</span>:java.lang.AssertionError</span>; <span class='color_red'>old_this|->{firstSummand:@f$1<span class='color_orange'>rearrange:(z)159</span>, secondSummand:@f$2<span class='color_orange'>rearrange:159</span>, sum:$irvar0<span class='color_orange'>rearrange:159</span>}<span class='color_orange'>rearrange:(z)159</span>:org.junit.tests.running.classes.ParameterizedTestTest$AdditionTestWithAnnotatedFields( sub )</span>
    [footprint
       <span class='color_red'>$irvar0 != (@f$1 + @f$2)</span> *
       <span class='color_blue'>this = <span class='color_red'>@f$3<span class='color_orange'>formal</span></span>:org.junit.tests.running.classes.ParameterizedTestTest$AdditionTestWithAnnotatedFields*( sub )</span> ;
       <span class='color_red'>old_this|->{firstSummand:@f$1<span class='color_orange'>rearrange:(z)159</span>, secondSummand:@f$2<span class='color_orange'>rearrange:159</span>, sum:$irvar0<span class='color_orange'>rearrange:159</span>}<span class='color_orange'>rearrange:(z)159</span>:org.junit.tests.running.classes.ParameterizedTestTest$AdditionTestWithAnnotatedFields( sub )</span>  ]</span>
    
    Instruction <span class='color_green'>NULLIFY(&amp;$irvar0); [line 159]</span>
    in vpath_find exp:_t$0
    vpath_find: cannot find _t$0
    Instruction Returns
    PROP 1 of 1:
    <span class='color_blue'><span class='color_blue'>n$6 = <span class='color_red'>@f$3</span></span>; <span class='color_blue'>n$7 = <span class='color_red'>(@f$0 + @f$1)</span></span> ;
    <span class='color_red'>@f$3 != (@f$0 + @f$1)</span>; <span class='color_blue'>MEMne &lt; void Assert.assertEquals(long,long):159 &gt; <span class='color_orange'>{vpath: }</span>(_t$0)</span> ;
    <span class='color_blue'>$irvar0 = <span class='color_red'>0<span class='color_orange'>nullify</span></span>:void</span>; <span class='color_blue'>return = EXN _t$0<span class='color_orange'>update:159</span>:void</span>; <span class='color_blue'>$irvar1 = <span class='color_red'>(@f$0 + @f$1)<span class='color_orange'>update:159</span></span>:void</span>; <span class='color_blue'>this = 0<span class='color_orange'>nullify</span>:org.junit.tests.running.classes.ParameterizedTestTest$AdditionTestWithAnnotatedFields*( sub )</span>; <span class='color_blue'>old_this = <span class='color_red'>@f$2<span class='color_orange'>formal</span></span>:org.junit.tests.running.classes.ParameterizedTestTest$AdditionTestWithAnnotatedFields*( sub )</span> ;
    <span class='color_blue'>_t$0|->{}<span class='color_orange'>alloc</span>:java.lang.AssertionError</span>; <span class='color_red'>old_this|->{firstSummand:@f$0<span class='color_orange'>rearrange:(z)159</span>, secondSummand:@f$1<span class='color_orange'>rearrange:159</span>, sum:@f$3<span class='color_orange'>rearrange:159</span>}<span class='color_orange'>rearrange:(z)159</span>:org.junit.tests.running.classes.ParameterizedTestTest$AdditionTestWithAnnotatedFields( sub )</span>
    [footprint
       <span class='color_red'>@f$3 != (@f$0 + @f$1)</span> *
       <span class='color_blue'>this = <span class='color_red'>@f$2<span class='color_orange'>formal</span></span>:org.junit.tests.running.classes.ParameterizedTestTest$AdditionTestWithAnnotatedFields*( sub )</span> ;
       <span class='color_red'>old_this|->{firstSummand:@f$0<span class='color_orange'>rearrange:(z)159</span>, secondSummand:@f$1<span class='color_orange'>rearrange:159</span>, sum:@f$3<span class='color_orange'>rearrange:159</span>}<span class='color_orange'>rearrange:(z)159</span>:org.junit.tests.running.classes.ParameterizedTestTest$AdditionTestWithAnnotatedFields( sub )</span>  ]</span>
    
    Instruction <span class='color_green'>NULLIFY(&amp;$irvar1); [line 159]</span>
    in vpath_find exp:_t$0
    vpath_find: cannot find _t$0
    Instruction Returns
    PROP 1 of 1:
    <span class='color_blue'><span class='color_blue'>n$6 = @f$3</span>; <span class='color_blue'>n$7 = <span class='color_red'>(@f$1 + @f$2)</span></span> ;
    <span class='color_blue'>@f$3 != <span class='color_red'>(@f$1 + @f$2)</span></span>; <span class='color_blue'>MEMne &lt; void Assert.assertEquals(long,long):159 &gt; <span class='color_orange'>{vpath: }</span>(_t$0)</span> ;
    <span class='color_blue'>$irvar0 = 0<span class='color_orange'>nullify</span>:void</span>; <span class='color_blue'>return = EXN _t$0<span class='color_orange'>update:159</span>:void</span>; <span class='color_blue'>$irvar1 = <span class='color_red'>0<span class='color_orange'>nullify</span></span>:void</span>; <span class='color_blue'>this = 0<span class='color_orange'>nullify</span>:org.junit.tests.running.classes.ParameterizedTestTest$AdditionTestWithAnnotatedFields*( sub )</span>; <span class='color_blue'>old_this = <span class='color_red'>@f$0<span class='color_orange'>formal</span></span>:org.junit.tests.running.classes.ParameterizedTestTest$AdditionTestWithAnnotatedFields*( sub )</span> ;
    <span class='color_blue'>_t$0|->{}<span class='color_orange'>alloc</span>:java.lang.AssertionError</span>; <span class='color_red'>old_this|->{firstSummand:@f$1<span class='color_orange'>rearrange:(z)159</span>, secondSummand:@f$2<span class='color_orange'>rearrange:159</span>, sum:@f$3<span class='color_orange'>rearrange:159</span>}<span class='color_orange'>rearrange:(z)159</span>:org.junit.tests.running.classes.ParameterizedTestTest$AdditionTestWithAnnotatedFields( sub )</span>
    [footprint
       <span class='color_blue'>@f$3 != <span class='color_red'>(@f$1 + @f$2)</span></span> *
       <span class='color_blue'>this = <span class='color_red'>@f$0<span class='color_orange'>formal</span></span>:org.junit.tests.running.classes.ParameterizedTestTest$AdditionTestWithAnnotatedFields*( sub )</span> ;
       <span class='color_red'>old_this|->{firstSummand:@f$1<span class='color_orange'>rearrange:(z)159</span>, secondSummand:@f$2<span class='color_orange'>rearrange:159</span>, sum:@f$3<span class='color_orange'>rearrange:159</span>}<span class='color_orange'>rearrange:(z)159</span>:org.junit.tests.running.classes.ParameterizedTestTest$AdditionTestWithAnnotatedFields( sub )</span>  ]</span>
    
    Instruction <span class='color_green'>EXIT_SCOPE(n$6,n$7,n$8,$irvar0,$irvar1); [line 159]</span>
    in vpath_find exp:_t$0
    vpath_find: cannot find _t$0
    Instruction Returns
    PROP 1 of 1:
    <span class='color_blue'><span class='color_blue'>@f$3 != (@f$1 + @f$2)</span>; <span class='color_blue'>MEMne &lt; void Assert.assertEquals(long,long):159 &gt; <span class='color_orange'>{vpath: }</span>(_t$0)</span> ;
    <span class='color_blue'>$irvar0 = 0<span class='color_orange'>nullify</span>:void</span>; <span class='color_blue'>return = EXN _t$0<span class='color_orange'>update:159</span>:void</span>; <span class='color_blue'>$irvar1 = 0<span class='color_orange'>nullify</span>:void</span>; <span class='color_blue'>this = 0<span class='color_orange'>nullify</span>:org.junit.tests.running.classes.ParameterizedTestTest$AdditionTestWithAnnotatedFields*( sub )</span>; <span class='color_blue'>old_this = @f$0<span class='color_orange'>formal</span>:org.junit.tests.running.classes.ParameterizedTestTest$AdditionTestWithAnnotatedFields*( sub )</span> ;
    <span class='color_blue'>_t$0|->{}<span class='color_orange'>alloc</span>:java.lang.AssertionError</span>; <span class='color_blue'>old_this|->{firstSummand:@f$1<span class='color_orange'>rearrange:(z)159</span>, secondSummand:@f$2<span class='color_orange'>rearrange:159</span>, sum:@f$3<span class='color_orange'>rearrange:159</span>}<span class='color_orange'>rearrange:(z)159</span>:org.junit.tests.running.classes.ParameterizedTestTest$AdditionTestWithAnnotatedFields( sub )</span>
    [footprint
       <span class='color_blue'>@f$3 != (@f$1 + @f$2)</span> *
       <span class='color_blue'>this = @f$0<span class='color_orange'>formal</span>:org.junit.tests.running.classes.ParameterizedTestTest$AdditionTestWithAnnotatedFields*( sub )</span> ;
       <span class='color_blue'>old_this|->{firstSummand:@f$1<span class='color_orange'>rearrange:(z)159</span>, secondSummand:@f$2<span class='color_orange'>rearrange:159</span>, sum:@f$3<span class='color_orange'>rearrange:159</span>}<span class='color_orange'>rearrange:(z)159</span>:org.junit.tests.running.classes.ParameterizedTestTest$AdditionTestWithAnnotatedFields( sub )</span>  ]</span>
    
    .... After Symbolic Execution ....
    PROP 1 of 1:
    <span class='color_blue'><span class='color_red'>@f$3 != (@f$1 + @f$2)</span>; <span class='color_red'>MEMne &lt; void Assert.assertEquals(long,long):159 &gt; <span class='color_orange'>{vpath: }</span>(_t$0)</span> ;
    <span class='color_blue'>$irvar0 = <span class='color_red'>0<span class='color_orange'>nullify</span></span>:void</span>; <span class='color_blue'>return = <span class='color_red'>EXN _t$0<span class='color_orange'>update:159</span></span>:void</span>; <span class='color_blue'>$irvar1 = <span class='color_red'>0<span class='color_orange'>nullify</span></span>:void</span>; <span class='color_blue'>this = 0<span class='color_orange'>nullify</span>:org.junit.tests.running.classes.ParameterizedTestTest$AdditionTestWithAnnotatedFields*( sub )</span>; <span class='color_blue'>old_this = @f$0<span class='color_orange'>formal</span>:org.junit.tests.running.classes.ParameterizedTestTest$AdditionTestWithAnnotatedFields*( sub )</span> ;
    <span class='color_red'>_t$0|->{}<span class='color_orange'>alloc</span>:java.lang.AssertionError</span>; <span class='color_blue'>old_this|->{firstSummand:@f$1<span class='color_orange'>rearrange:(z)159</span>, secondSummand:@f$2<span class='color_orange'>rearrange:159</span>, sum:@f$3<span class='color_orange'>rearrange:159</span>}<span class='color_orange'>rearrange:(z)159</span>:org.junit.tests.running.classes.ParameterizedTestTest$AdditionTestWithAnnotatedFields( sub )</span>
    [footprint
       <span class='color_red'>@f$3 != (@f$1 + @f$2)</span> *
       <span class='color_blue'>this = @f$0<span class='color_orange'>formal</span>:org.junit.tests.running.classes.ParameterizedTestTest$AdditionTestWithAnnotatedFields*( sub )</span> ;
       <span class='color_blue'>old_this|->{firstSummand:@f$1<span class='color_orange'>rearrange:(z)159</span>, secondSummand:@f$2<span class='color_orange'>rearrange:159</span>, sum:@f$3<span class='color_orange'>rearrange:159</span>}<span class='color_orange'>rearrange:(z)159</span>:org.junit.tests.running.classes.ParameterizedTestTest$AdditionTestWithAnnotatedFields( sub )</span>  ]</span>
    
    
    
  </LISTING>
<hr width="100%">
<a name="session34" href="./../nodes/org.junit.tests.running.classes.ParameterizedTestTest%24AdditionTestWithAnnotatedFields.test%28%29%3Avoid.616696ddba562731e9dcad31223306c4_node6.html#session34">node6#session34</a>(<a href="./../../ParameterizedTestTest.java.88da44e98279dfa32c0c7e5c52f053d0.html#LINE159">159</a>) biabduction
<LISTING class='color_black'>**** [RE:Pending] void ParameterizedTestTest$AdditionTestWithAnnotatedFields.test() Node: 6, Procedure: void ParameterizedTestTest$AdditionTestWithAnnotatedFields.test(), Todo: 1 ****
  PROP 1 of 1:
  <span class='color_blue'><span class='color_red'>$irvar0 != (val$2 + val$3)</span> ;
  <span class='color_red'>$irvar0 = val$4<span class='color_orange'>update:159</span>:void</span>; <span class='color_red'>return = _t$0<span class='color_orange'>initial</span>:void</span>; <span class='color_red'>$irvar1 = (val$2 + val$3)<span class='color_orange'>update:159</span>:void</span>; <span class='color_red'>this = 0<span class='color_orange'>nullify</span>:org.junit.tests.running.classes.ParameterizedTestTest$AdditionTestWithAnnotatedFields*( sub )</span>; <span class='color_red'>old_this = val$1<span class='color_orange'>formal</span>:org.junit.tests.running.classes.ParameterizedTestTest$AdditionTestWithAnnotatedFields*( sub )</span> ;
  <span class='color_red'>old_this|->{firstSummand:val$2<span class='color_orange'>formal(z)</span>, secondSummand:val$3<span class='color_orange'>formal</span>, sum:$irvar0<span class='color_orange'>formal</span>}<span class='color_orange'>formal(z)</span>:org.junit.tests.running.classes.ParameterizedTestTest$AdditionTestWithAnnotatedFields( sub )</span></span>
  .... Instructions: ....
  <span class='color_green'>n$6=*&amp;$irvar0:long [line 159];
  n$7=*&amp;$irvar1:long [line 159];
  n$8=_fun_void Assert.assertEquals(long,long)(n$6:long,n$7:long) [line 159];
  NULLIFY(&amp;$irvar0); [line 159];
  NULLIFY(&amp;$irvar1); [line 159];
  EXIT_SCOPE(n$6,n$7,n$8,$irvar0,$irvar1); [line 159];
  </span>
  
  Processing prop 1/1
    Instruction <span class='color_green'>n$6=*&amp;$irvar0:long [line 159]</span>
    .... Rearrangement Start ....
    Exp: &amp;$irvar0
    Prop:
    <span class='color_blue'>$irvar0 != (val$2 + val$3) ;
    $irvar0 = val$4<span class='color_orange'>update:159</span>:void; return = n$25<span class='color_orange'>initial</span>:void; $irvar1 = (val$2 + val$3)<span class='color_orange'>update:159</span>:void; this = 0<span class='color_orange'>nullify</span>:org.junit.tests.running.classes.ParameterizedTestTest$AdditionTestWithAnnotatedFields*( sub ); old_this = val$1<span class='color_orange'>formal</span>:org.junit.tests.running.classes.ParameterizedTestTest$AdditionTestWithAnnotatedFields*( sub ) ;
    old_this|->{firstSummand:val$2<span class='color_orange'>formal(z)</span>, secondSummand:val$3<span class='color_orange'>formal</span>, sum:$irvar0<span class='color_orange'>formal</span>}<span class='color_orange'>formal(z)</span>:org.junit.tests.running.classes.ParameterizedTestTest$AdditionTestWithAnnotatedFields( sub )</span>
    
    Prover.check_inconsistency_base: inconsistency reason [None]
    Prover.check_inconsistency_base: inconsistency reason [None]
    Instruction Returns
    PROP 1 of 1:
    <span class='color_blue'><span class='color_blue'>val$4 = $irvar0</span> ;
    <span class='color_red'>$irvar0 != (val$2 + val$3)</span> ;
    <span class='color_blue'>$irvar0 = <span class='color_red'>n$6<span class='color_orange'>update:159</span></span>:void</span>; <span class='color_blue'>return = _t$0<span class='color_orange'>initial</span>:void</span>; <span class='color_blue'>$irvar1 = (val$2 + val$3)<span class='color_orange'>update:159</span>:void</span>; <span class='color_blue'>this = 0<span class='color_orange'>nullify</span>:org.junit.tests.running.classes.ParameterizedTestTest$AdditionTestWithAnnotatedFields*( sub )</span>; <span class='color_blue'>old_this = val$1<span class='color_orange'>formal</span>:org.junit.tests.running.classes.ParameterizedTestTest$AdditionTestWithAnnotatedFields*( sub )</span> ;
    <span class='color_blue'>old_this|->{firstSummand:val$2<span class='color_orange'>formal(z)</span>, secondSummand:val$3<span class='color_orange'>formal</span>, sum:<span class='color_red'>$irvar0<span class='color_orange'>formal</span></span>}<span class='color_orange'>formal(z)</span>:org.junit.tests.running.classes.ParameterizedTestTest$AdditionTestWithAnnotatedFields( sub )</span></span>
    
    Instruction <span class='color_green'>n$7=*&amp;$irvar1:long [line 159]</span>
    .... Rearrangement Start ....
    Exp: &amp;$irvar1
    Prop:
    <span class='color_blue'>val$4 = $irvar0 ;
    $irvar0 != (val$2 + val$3) ;
    $irvar0 = n$6<span class='color_orange'>update:159</span>:void; return = n$26<span class='color_orange'>initial</span>:void; $irvar1 = (val$2 + val$3)<span class='color_orange'>update:159</span>:void; this = 0<span class='color_orange'>nullify</span>:org.junit.tests.running.classes.ParameterizedTestTest$AdditionTestWithAnnotatedFields*( sub ); old_this = val$1<span class='color_orange'>formal</span>:org.junit.tests.running.classes.ParameterizedTestTest$AdditionTestWithAnnotatedFields*( sub ) ;
    old_this|->{firstSummand:val$2<span class='color_orange'>formal(z)</span>, secondSummand:val$3<span class='color_orange'>formal</span>, sum:$irvar0<span class='color_orange'>formal</span>}<span class='color_orange'>formal(z)</span>:org.junit.tests.running.classes.ParameterizedTestTest$AdditionTestWithAnnotatedFields( sub )</span>
    
    Prover.check_inconsistency_base: inconsistency reason [None]
    Prover.check_inconsistency_base: inconsistency reason [None]
    Instruction Returns
    PROP 1 of 1:
    <span class='color_blue'><span class='color_red'>n$7 = (val$2 + val$3)</span>; <span class='color_blue'>val$4 = $irvar0</span> ;
    <span class='color_blue'>$irvar0 != (val$2 + val$3)</span> ;
    <span class='color_blue'>$irvar0 = n$6<span class='color_orange'>update:159</span>:void</span>; <span class='color_blue'>return = _t$0<span class='color_orange'>initial</span>:void</span>; <span class='color_blue'>$irvar1 = (val$2 + val$3)<span class='color_orange'>update:159</span>:void</span>; <span class='color_blue'>this = 0<span class='color_orange'>nullify</span>:org.junit.tests.running.classes.ParameterizedTestTest$AdditionTestWithAnnotatedFields*( sub )</span>; <span class='color_blue'>old_this = val$1<span class='color_orange'>formal</span>:org.junit.tests.running.classes.ParameterizedTestTest$AdditionTestWithAnnotatedFields*( sub )</span> ;
    <span class='color_blue'>old_this|->{firstSummand:val$2<span class='color_orange'>formal(z)</span>, secondSummand:val$3<span class='color_orange'>formal</span>, sum:$irvar0<span class='color_orange'>formal</span>}<span class='color_orange'>formal(z)</span>:org.junit.tests.running.classes.ParameterizedTestTest$AdditionTestWithAnnotatedFields( sub )</span></span>
    
    Instruction <span class='color_green'>n$8=_fun_void Assert.assertEquals(long,long)(n$6:long,n$7:long) [line 159]</span>
    Found 2 specs for function org.junit.Assert.assertEquals(long,long):void
    START EXECUTING SPECS FOR org.junit.Assert.assertEquals(long,long):void from state
    <span class='color_blue'>n$7 = (val$2 + val$3); val$4 = $irvar0 ;
    $irvar0 != (val$2 + val$3) ;
    $irvar0 = n$6<span class='color_orange'>update:159</span>:void; return = n$27<span class='color_orange'>initial</span>:void; $irvar1 = (val$2 + val$3)<span class='color_orange'>update:159</span>:void; this = 0<span class='color_orange'>nullify</span>:org.junit.tests.running.classes.ParameterizedTestTest$AdditionTestWithAnnotatedFields*( sub ); old_this = val$1<span class='color_orange'>formal</span>:org.junit.tests.running.classes.ParameterizedTestTest$AdditionTestWithAnnotatedFields*( sub ) ;
    old_this|->{firstSummand:val$2<span class='color_orange'>formal(z)</span>, secondSummand:val$3<span class='color_orange'>formal</span>, sum:$irvar0<span class='color_orange'>formal</span>}<span class='color_orange'>formal(z)</span>:org.junit.tests.running.classes.ParameterizedTestTest$AdditionTestWithAnnotatedFields( sub )</span>
    EXECUTING SPEC 1/2
    ACTUAL PRECONDITION =
      <span class='color_blue'>n$7 = (val$2 + val$3); val$4 = expected|callee ;
      expected|callee != (val$2 + val$3) ;
      actual|callee = (val$2 + val$3)<span class='color_orange'>actual_precondition</span>:long; $irvar0 = n$6<span class='color_orange'>update:159</span>:void; return = n$27<span class='color_orange'>initial</span>:void; $irvar1 = (val$2 + val$3)<span class='color_orange'>update:159</span>:void; this = 0<span class='color_orange'>nullify</span>:org.junit.tests.running.classes.ParameterizedTestTest$AdditionTestWithAnnotatedFields*( sub ); old_this = val$1<span class='color_orange'>formal</span>:org.junit.tests.running.classes.ParameterizedTestTest$AdditionTestWithAnnotatedFields*( sub ); expected|callee = n$6<span class='color_orange'>actual_precondition</span>:long ;
      old_this|->{firstSummand:val$2<span class='color_orange'>formal(z)</span>, secondSummand:val$3<span class='color_orange'>formal</span>, sum:expected|callee<span class='color_orange'>formal</span>}<span class='color_orange'>formal(z)</span>:org.junit.tests.running.classes.ParameterizedTestTest$AdditionTestWithAnnotatedFields( sub )</span>
    SPEC =
      --------------------------- ---------- ---------------------------
      PRE:
      <span class='color_blue'><span class='color_blue'>actual|callee = _t$41<span class='color_orange'>formal</span>:long( sub ); expected|callee = _t$41<span class='color_orange'>formal</span>:long( sub )</span></span>
      POST 1 of 1:
      <span class='color_blue'><span class='color_red'>return|callee = _t$42<span class='color_orange'>initial</span>:void</span></span>
      ----------------------------------------------------------------
    pre_check_pure_implication
    pi1:
      n$7 = (val$2 + val$3); val$4 = n$6; n$6 != (val$2 + val$3)
    pi2:
      
    returns
    sub1:
      n$7 = (val$2 + val$3); val$4 = n$6
    sub2:
      n$7 = (val$2 + val$3); val$4 = n$6
    Current Implication
    SUB:
      n$7 = (val$2 + val$3); val$4 = n$6
    <span class='color_blue'>expected|callee != (val$2 + val$3); (val$2 + val$3) = (val$2 + val$3); expected|callee = expected|callee ;
    actual|callee = (val$2 + val$3)<span class='color_orange'>actual_precondition</span>:long; $irvar0 = n$6<span class='color_orange'>update:159</span>:void; return = n$27<span class='color_orange'>initial</span>:void; $irvar1 = (val$2 + val$3)<span class='color_orange'>update:159</span>:void; this = 0<span class='color_orange'>nullify</span>:org.junit.tests.running.classes.ParameterizedTestTest$AdditionTestWithAnnotatedFields*( sub ); old_this = val$1<span class='color_orange'>formal</span>:org.junit.tests.running.classes.ParameterizedTestTest$AdditionTestWithAnnotatedFields*( sub ); expected|callee = n$6<span class='color_orange'>actual_precondition</span>:long ;
    old_this|->{firstSummand:val$2<span class='color_orange'>formal(z)</span>, secondSummand:val$3<span class='color_orange'>formal</span>, sum:expected|callee<span class='color_orange'>formal</span>}<span class='color_orange'>formal(z)</span>:org.junit.tests.running.classes.ParameterizedTestTest$AdditionTestWithAnnotatedFields( sub )</span>
    [SUB: 
      n$7 = (val$2 + val$3); val$4 = n$6]
    |-
    <span class='color_blue'>actual|callee = _t$41<span class='color_orange'>formal</span>:long( sub ); expected|callee = _t$41<span class='color_orange'>formal</span>:long( sub )</span>
    
      do_imply (val$2 + val$3) _t$41
        Current Implication
        SUB:
          n$7 = (val$2 + val$3); val$4 = n$6
        <span class='color_blue'>expected|callee != (val$2 + val$3); (val$2 + val$3) = (val$2 + val$3); expected|callee = expected|callee ;
        $irvar0 = n$6<span class='color_orange'>update:159</span>:void; return = n$27<span class='color_orange'>initial</span>:void; $irvar1 = (val$2 + val$3)<span class='color_orange'>update:159</span>:void; this = 0<span class='color_orange'>nullify</span>:org.junit.tests.running.classes.ParameterizedTestTest$AdditionTestWithAnnotatedFields*( sub ); old_this = val$1<span class='color_orange'>formal</span>:org.junit.tests.running.classes.ParameterizedTestTest$AdditionTestWithAnnotatedFields*( sub ); expected|callee = n$6<span class='color_orange'>actual_precondition</span>:long ;
        old_this|->{firstSummand:val$2<span class='color_orange'>formal(z)</span>, secondSummand:val$3<span class='color_orange'>formal</span>, sum:expected|callee<span class='color_orange'>formal</span>}<span class='color_orange'>formal(z)</span>:org.junit.tests.running.classes.ParameterizedTestTest$AdditionTestWithAnnotatedFields( sub )</span>
        [SUB: 
          n$7 = (val$2 + val$3); val$4 = n$6; _t$41 = (val$2 + val$3)]
        |-
        <span class='color_blue'>expected|callee = (val$2 + val$3)<span class='color_orange'>formal</span>:long( sub )</span>
        
          do_imply n$6 (val$2 + val$3)
            Final Implication
            SUB:
              n$7 = (val$2 + val$3); val$4 = n$6
            <span class='color_blue'>$irvar0 != (val$2 + val$3); (val$2 + val$3) = (val$2 + val$3); $irvar0 = $irvar0 ;
            $irvar0 = n$6<span class='color_orange'>update:159</span>:void; return = n$27<span class='color_orange'>initial</span>:void; $irvar1 = (val$2 + val$3)<span class='color_orange'>update:159</span>:void; this = 0<span class='color_orange'>nullify</span>:org.junit.tests.running.classes.ParameterizedTestTest$AdditionTestWithAnnotatedFields*( sub ); old_this = val$1<span class='color_orange'>formal</span>:org.junit.tests.running.classes.ParameterizedTestTest$AdditionTestWithAnnotatedFields*( sub ) ;
            old_this|->{firstSummand:val$2<span class='color_orange'>formal(z)</span>, secondSummand:val$3<span class='color_orange'>formal</span>, sum:$irvar0<span class='color_orange'>formal</span>}<span class='color_orange'>formal(z)</span>:org.junit.tests.running.classes.ParameterizedTestTest$AdditionTestWithAnnotatedFields( sub )</span>
            [SUB: 
              n$7 = (val$2 + val$3); val$4 = n$6; _t$41 = (val$2 + val$3)
            n$6 = _t$41]
            |-
            <span class='color_blue'></span>
    Result of Abduction
      SUB:
        n$7 = (val$2 + val$3); val$4 = n$6
      <span class='color_blue'>expected|callee != (val$2 + val$3); (val$2 + val$3) = (val$2 + val$3); expected|callee = expected|callee ;
      actual|callee = (val$2 + val$3)<span class='color_orange'>actual_precondition</span>:long; $irvar0 = n$6<span class='color_orange'>update:159</span>:void; return = n$27<span class='color_orange'>initial</span>:void; $irvar1 = (val$2 + val$3)<span class='color_orange'>update:159</span>:void; this = 0<span class='color_orange'>nullify</span>:org.junit.tests.running.classes.ParameterizedTestTest$AdditionTestWithAnnotatedFields*( sub ); old_this = val$1<span class='color_orange'>formal</span>:org.junit.tests.running.classes.ParameterizedTestTest$AdditionTestWithAnnotatedFields*( sub ); expected|callee = n$6<span class='color_orange'>actual_precondition</span>:long ;
      old_this|->{firstSummand:val$2<span class='color_orange'>formal(z)</span>, secondSummand:val$3<span class='color_orange'>formal</span>, sum:expected|callee<span class='color_orange'>formal</span>}<span class='color_orange'>formal(z)</span>:org.junit.tests.running.classes.ParameterizedTestTest$AdditionTestWithAnnotatedFields( sub )</span>
      [SUB: 
        n$7 = (val$2 + val$3); val$4 = n$6; _t$41 = (val$2 + val$3)
      n$6 = _t$41]
      |-
      <span class='color_blue'>actual|callee = (val$2 + val$3)<span class='color_orange'>formal</span>:long( sub ); expected|callee = (val$2 + val$3)<span class='color_orange'>formal</span>:long( sub )</span>
    returning TRUE
      New footprint:
      n$6 = (val$2 + val$3)
      Frame fld:
      
      Missing fld:
      
      Instantiated frame:
      val$1|->{firstSummand:val$2<span class='color_orange'>formal(z)</span>, secondSummand:val$3<span class='color_orange'>formal</span>, sum:n$6<span class='color_orange'>formal</span>}<span class='color_orange'>formal(z)</span>:org.junit.tests.running.classes.ParameterizedTestTest$AdditionTestWithAnnotatedFields( sub ); &amp;$irvar0|->n$6<span class='color_orange'>update:159</span>:void; &amp;return|->n$27<span class='color_orange'>initial</span>:void; &amp;$irvar1|->(val$2 + val$3)<span class='color_orange'>update:159</span>:void; &amp;this|->0<span class='color_orange'>nullify</span>:org.junit.tests.running.classes.ParameterizedTestTest$AdditionTestWithAnnotatedFields*( sub ); &amp;old_this|->val$1<span class='color_orange'>formal</span>:org.junit.tests.running.classes.ParameterizedTestTest$AdditionTestWithAnnotatedFields*( sub )
      Instantiated post:
      PROP 1 of 1:
      <span class='color_blue'><span class='color_red'>return|callee = _t$42<span class='color_orange'>initial</span>:void</span></span>
      
    ***** RESULTS FUNCTION CALL *******
    PROP 1 of 1:
    <span class='color_blue'><span class='color_blue'>n$6 = (val$2 + val$3)</span>; <span class='color_blue'>n$7 = (val$2 + val$3)</span>; <span class='color_blue'>val$4 = <span class='color_red'>(val$2 + val$3)</span></span> ;
    <span class='color_red'>(val$2 + val$3) != (val$2 + val$3)</span> ;
    <span class='color_blue'>$irvar0 = <span class='color_red'>(val$2 + val$3)<span class='color_orange'>update:159</span></span>:void</span>; <span class='color_blue'>return = n$27<span class='color_orange'>initial</span>:void</span>; <span class='color_blue'>$irvar1 = (val$2 + val$3)<span class='color_orange'>update:159</span>:void</span>; <span class='color_blue'>this = 0<span class='color_orange'>nullify</span>:org.junit.tests.running.classes.ParameterizedTestTest$AdditionTestWithAnnotatedFields*( sub )</span>; <span class='color_blue'>old_this = val$1<span class='color_orange'>formal</span>:org.junit.tests.running.classes.ParameterizedTestTest$AdditionTestWithAnnotatedFields*( sub )</span> ;
    <span class='color_blue'>old_this|->{firstSummand:val$2<span class='color_orange'>formal(z)</span>, secondSummand:val$3<span class='color_orange'>formal</span>, sum:<span class='color_red'>(val$2 + val$3)<span class='color_orange'>formal</span></span>}<span class='color_orange'>formal(z)</span>:org.junit.tests.running.classes.ParameterizedTestTest$AdditionTestWithAnnotatedFields( sub )</span></span>
    ***** END RESULTS FUNCTION CALL *******
    Prover.check_inconsistency_base: inconsistency reason [Some 2]
    Prover.check_inconsistency_base: inconsistency reason [Some 2]
    EXECUTING SPEC 2/2
    ACTUAL PRECONDITION =
      <span class='color_blue'>n$7 = (val$2 + val$3); val$4 = expected|callee ;
      expected|callee != (val$2 + val$3) ;
      actual|callee = (val$2 + val$3)<span class='color_orange'>actual_precondition</span>:long; $irvar0 = n$6<span class='color_orange'>update:159</span>:void; return = n$27<span class='color_orange'>initial</span>:void; $irvar1 = (val$2 + val$3)<span class='color_orange'>update:159</span>:void; this = 0<span class='color_orange'>nullify</span>:org.junit.tests.running.classes.ParameterizedTestTest$AdditionTestWithAnnotatedFields*( sub ); old_this = val$1<span class='color_orange'>formal</span>:org.junit.tests.running.classes.ParameterizedTestTest$AdditionTestWithAnnotatedFields*( sub ); expected|callee = n$6<span class='color_orange'>actual_precondition</span>:long ;
      old_this|->{firstSummand:val$2<span class='color_orange'>formal(z)</span>, secondSummand:val$3<span class='color_orange'>formal</span>, sum:expected|callee<span class='color_orange'>formal</span>}<span class='color_orange'>formal(z)</span>:org.junit.tests.running.classes.ParameterizedTestTest$AdditionTestWithAnnotatedFields( sub )</span>
    SPEC =
      --------------------------- ---------- ---------------------------
      PRE:
      <span class='color_blue'><span class='color_blue'>actual|callee != expected|callee ;
      actual|callee = _t$43<span class='color_orange'>formal</span>:long( sub ); expected|callee = _t$44<span class='color_orange'>formal</span>:long( sub )</span></span>
      POST 1 of 1:
      <span class='color_blue'>actual|callee != expected|callee; <span class='color_red'>MEMne &lt; void Assert.assertEquals(String,long,long):633 &gt; <span class='color_orange'>{vpath: }</span>(_t$45)</span> ;
      <span class='color_red'>return|callee = EXN _t$45<span class='color_orange'>update:633</span>:void</span> ;
      <span class='color_red'>_t$45|->{}<span class='color_orange'>alloc</span>:java.lang.AssertionError</span></span>
      ----------------------------------------------------------------
    pre_check_pure_implication
    pi1:
      n$7 = (val$2 + val$3); val$4 = n$6; n$6 != (val$2 + val$3)
    pi2:
      _t$43 != _t$44
    returns
    sub1:
      n$7 = (val$2 + val$3); val$4 = n$6
    sub2:
      n$7 = (val$2 + val$3); val$4 = n$6
    Current Implication
    SUB:
      n$7 = (val$2 + val$3); val$4 = n$6
    <span class='color_blue'>expected|callee != (val$2 + val$3); (val$2 + val$3) = (val$2 + val$3); expected|callee = expected|callee ;
    actual|callee = (val$2 + val$3)<span class='color_orange'>actual_precondition</span>:long; $irvar0 = n$6<span class='color_orange'>update:159</span>:void; return = n$27<span class='color_orange'>initial</span>:void; $irvar1 = (val$2 + val$3)<span class='color_orange'>update:159</span>:void; this = 0<span class='color_orange'>nullify</span>:org.junit.tests.running.classes.ParameterizedTestTest$AdditionTestWithAnnotatedFields*( sub ); old_this = val$1<span class='color_orange'>formal</span>:org.junit.tests.running.classes.ParameterizedTestTest$AdditionTestWithAnnotatedFields*( sub ); expected|callee = n$6<span class='color_orange'>actual_precondition</span>:long ;
    old_this|->{firstSummand:val$2<span class='color_orange'>formal(z)</span>, secondSummand:val$3<span class='color_orange'>formal</span>, sum:expected|callee<span class='color_orange'>formal</span>}<span class='color_orange'>formal(z)</span>:org.junit.tests.running.classes.ParameterizedTestTest$AdditionTestWithAnnotatedFields( sub )</span>
    [SUB: 
      n$7 = (val$2 + val$3); val$4 = n$6]
    |-
    <span class='color_blue'>actual|callee = _t$43<span class='color_orange'>formal</span>:long( sub ); expected|callee = _t$44<span class='color_orange'>formal</span>:long( sub )</span>
    
      do_imply (val$2 + val$3) _t$43
        Current Implication
        SUB:
          n$7 = (val$2 + val$3); val$4 = n$6
        <span class='color_blue'>expected|callee != (val$2 + val$3); (val$2 + val$3) = (val$2 + val$3); expected|callee = expected|callee ;
        $irvar0 = n$6<span class='color_orange'>update:159</span>:void; return = n$27<span class='color_orange'>initial</span>:void; $irvar1 = (val$2 + val$3)<span class='color_orange'>update:159</span>:void; this = 0<span class='color_orange'>nullify</span>:org.junit.tests.running.classes.ParameterizedTestTest$AdditionTestWithAnnotatedFields*( sub ); old_this = val$1<span class='color_orange'>formal</span>:org.junit.tests.running.classes.ParameterizedTestTest$AdditionTestWithAnnotatedFields*( sub ); expected|callee = n$6<span class='color_orange'>actual_precondition</span>:long ;
        old_this|->{firstSummand:val$2<span class='color_orange'>formal(z)</span>, secondSummand:val$3<span class='color_orange'>formal</span>, sum:expected|callee<span class='color_orange'>formal</span>}<span class='color_orange'>formal(z)</span>:org.junit.tests.running.classes.ParameterizedTestTest$AdditionTestWithAnnotatedFields( sub )</span>
        [SUB: 
          n$7 = (val$2 + val$3); val$4 = n$6; _t$43 = (val$2 + val$3)]
        |-
        <span class='color_blue'>expected|callee = _t$44<span class='color_orange'>formal</span>:long( sub )</span>
        
          do_imply n$6 _t$44
            Final Implication
            SUB:
              n$7 = (val$2 + val$3); val$4 = n$6
            <span class='color_blue'>$irvar0 != (val$2 + val$3); (val$2 + val$3) = (val$2 + val$3); $irvar0 = $irvar0 ;
            $irvar0 = n$6<span class='color_orange'>update:159</span>:void; return = n$27<span class='color_orange'>initial</span>:void; $irvar1 = (val$2 + val$3)<span class='color_orange'>update:159</span>:void; this = 0<span class='color_orange'>nullify</span>:org.junit.tests.running.classes.ParameterizedTestTest$AdditionTestWithAnnotatedFields*( sub ); old_this = val$1<span class='color_orange'>formal</span>:org.junit.tests.running.classes.ParameterizedTestTest$AdditionTestWithAnnotatedFields*( sub ) ;
            old_this|->{firstSummand:val$2<span class='color_orange'>formal(z)</span>, secondSummand:val$3<span class='color_orange'>formal</span>, sum:$irvar0<span class='color_orange'>formal</span>}<span class='color_orange'>formal(z)</span>:org.junit.tests.running.classes.ParameterizedTestTest$AdditionTestWithAnnotatedFields( sub )</span>
            [SUB: 
              n$7 = (val$2 + val$3); val$4 = n$6; _t$43 = (val$2 + val$3); _t$44 = n$6]
            |-
            <span class='color_blue'></span>
    Result of Abduction
      SUB:
        n$7 = (val$2 + val$3); val$4 = n$6
      <span class='color_blue'>expected|callee != (val$2 + val$3); (val$2 + val$3) = (val$2 + val$3); expected|callee = expected|callee ;
      actual|callee = (val$2 + val$3)<span class='color_orange'>actual_precondition</span>:long; $irvar0 = n$6<span class='color_orange'>update:159</span>:void; return = n$27<span class='color_orange'>initial</span>:void; $irvar1 = (val$2 + val$3)<span class='color_orange'>update:159</span>:void; this = 0<span class='color_orange'>nullify</span>:org.junit.tests.running.classes.ParameterizedTestTest$AdditionTestWithAnnotatedFields*( sub ); old_this = val$1<span class='color_orange'>formal</span>:org.junit.tests.running.classes.ParameterizedTestTest$AdditionTestWithAnnotatedFields*( sub ); expected|callee = n$6<span class='color_orange'>actual_precondition</span>:long ;
      old_this|->{firstSummand:val$2<span class='color_orange'>formal(z)</span>, secondSummand:val$3<span class='color_orange'>formal</span>, sum:expected|callee<span class='color_orange'>formal</span>}<span class='color_orange'>formal(z)</span>:org.junit.tests.running.classes.ParameterizedTestTest$AdditionTestWithAnnotatedFields( sub )</span>
      [SUB: 
        n$7 = (val$2 + val$3); val$4 = n$6; _t$43 = (val$2 + val$3); _t$44 = n$6]
      |-
      <span class='color_blue'>(val$2 + val$3) != expected|callee ;
      actual|callee = (val$2 + val$3)<span class='color_orange'>formal</span>:long( sub ); expected|callee = n$6<span class='color_orange'>formal</span>:long( sub )</span>
    returning TRUE
    in vpath_find exp:_t$45
    vpath_find: cannot find _t$45
      New footprint:
      
      Frame fld:
      
      Missing fld:
      
      Instantiated frame:
      val$1|->{firstSummand:val$2<span class='color_orange'>formal(z)</span>, secondSummand:val$3<span class='color_orange'>formal</span>, sum:n$6<span class='color_orange'>formal</span>}<span class='color_orange'>formal(z)</span>:org.junit.tests.running.classes.ParameterizedTestTest$AdditionTestWithAnnotatedFields( sub ); &amp;$irvar0|->n$6<span class='color_orange'>update:159</span>:void; &amp;return|->n$27<span class='color_orange'>initial</span>:void; &amp;$irvar1|->(val$2 + val$3)<span class='color_orange'>update:159</span>:void; &amp;this|->0<span class='color_orange'>nullify</span>:org.junit.tests.running.classes.ParameterizedTestTest$AdditionTestWithAnnotatedFields*( sub ); &amp;old_this|->val$1<span class='color_orange'>formal</span>:org.junit.tests.running.classes.ParameterizedTestTest$AdditionTestWithAnnotatedFields*( sub )
      Instantiated post:
      PROP 1 of 1:
      <span class='color_blue'><span class='color_red'>(val$2 + val$3) != n$6</span>; <span class='color_red'>MEMne &lt; void Assert.assertEquals(long,long):159 &gt; <span class='color_orange'>{vpath: }</span>(_t$45)</span> ;
      <span class='color_red'>return|callee = EXN _t$45<span class='color_orange'>update:159</span>:void</span> ;
      <span class='color_red'>_t$45|->{}<span class='color_orange'>alloc</span>:java.lang.AssertionError</span></span>
      
    ***** RESULTS FUNCTION CALL *******
    PROP 1 of 1:
    <span class='color_blue'><span class='color_blue'>n$7 = (val$2 + val$3)</span>; <span class='color_blue'>val$4 = $irvar0</span> ;
    <span class='color_blue'>$irvar0 != (val$2 + val$3)</span>; <span class='color_red'>MEMne &lt; void Assert.assertEquals(long,long):159 &gt; <span class='color_orange'>{vpath: }</span>(_t$0)</span> ;
    <span class='color_blue'>$irvar0 = n$6<span class='color_orange'>update:159</span>:void</span>; <span class='color_blue'>return = <span class='color_red'>EXN _t$0<span class='color_orange'>update:159</span></span>:void</span>; <span class='color_blue'>$irvar1 = (val$2 + val$3)<span class='color_orange'>update:159</span>:void</span>; <span class='color_blue'>this = 0<span class='color_orange'>nullify</span>:org.junit.tests.running.classes.ParameterizedTestTest$AdditionTestWithAnnotatedFields*( sub )</span>; <span class='color_blue'>old_this = val$1<span class='color_orange'>formal</span>:org.junit.tests.running.classes.ParameterizedTestTest$AdditionTestWithAnnotatedFields*( sub )</span> ;
    <span class='color_red'>_t$0|->{}<span class='color_orange'>alloc</span>:java.lang.AssertionError</span>; <span class='color_blue'>old_this|->{firstSummand:val$2<span class='color_orange'>formal(z)</span>, secondSummand:val$3<span class='color_orange'>formal</span>, sum:$irvar0<span class='color_orange'>formal</span>}<span class='color_orange'>formal(z)</span>:org.junit.tests.running.classes.ParameterizedTestTest$AdditionTestWithAnnotatedFields( sub )</span></span>
    ***** END RESULTS FUNCTION CALL *******
    Prover.check_inconsistency_base: inconsistency reason [None]
    Prover.check_inconsistency_base: inconsistency reason [None]
    Prover.check_inconsistency_base: inconsistency reason [None]
    Prover.check_inconsistency_base: inconsistency reason [None]
    Instruction Returns
    PROP 1 of 1:
    <span class='color_blue'><span class='color_blue'>n$7 = (val$2 + val$3)</span>; <span class='color_blue'>val$4 = $irvar0</span> ;
    <span class='color_blue'>$irvar0 != (val$2 + val$3)</span>; <span class='color_red'>MEMne &lt; void Assert.assertEquals(long,long):159 &gt; <span class='color_orange'>{vpath: }</span>(_t$0)</span> ;
    <span class='color_blue'>$irvar0 = n$6<span class='color_orange'>update:159</span>:void</span>; <span class='color_blue'>return = <span class='color_red'>EXN _t$0<span class='color_orange'>update:159</span></span>:void</span>; <span class='color_blue'>$irvar1 = (val$2 + val$3)<span class='color_orange'>update:159</span>:void</span>; <span class='color_blue'>this = 0<span class='color_orange'>nullify</span>:org.junit.tests.running.classes.ParameterizedTestTest$AdditionTestWithAnnotatedFields*( sub )</span>; <span class='color_blue'>old_this = val$1<span class='color_orange'>formal</span>:org.junit.tests.running.classes.ParameterizedTestTest$AdditionTestWithAnnotatedFields*( sub )</span> ;
    <span class='color_red'>_t$0|->{}<span class='color_orange'>alloc</span>:java.lang.AssertionError</span>; <span class='color_blue'>old_this|->{firstSummand:val$2<span class='color_orange'>formal(z)</span>, secondSummand:val$3<span class='color_orange'>formal</span>, sum:$irvar0<span class='color_orange'>formal</span>}<span class='color_orange'>formal(z)</span>:org.junit.tests.running.classes.ParameterizedTestTest$AdditionTestWithAnnotatedFields( sub )</span></span>
    
    Instruction <span class='color_green'>NULLIFY(&amp;$irvar0); [line 159]</span>
    in vpath_find exp:_t$0
    vpath_find: cannot find _t$0
    Instruction Returns
    PROP 1 of 1:
    <span class='color_blue'><span class='color_blue'>n$7 = (val$2 + val$3)</span>; <span class='color_blue'>val$4 = n$6</span> ;
    <span class='color_blue'>n$6 != (val$2 + val$3)</span>; <span class='color_blue'>MEMne &lt; void Assert.assertEquals(long,long):159 &gt; <span class='color_orange'>{vpath: }</span>(_t$0)</span> ;
    <span class='color_blue'>$irvar0 = <span class='color_red'>0<span class='color_orange'>nullify</span></span>:void</span>; <span class='color_blue'>return = EXN _t$0<span class='color_orange'>update:159</span>:void</span>; <span class='color_blue'>$irvar1 = (val$2 + val$3)<span class='color_orange'>update:159</span>:void</span>; <span class='color_blue'>this = 0<span class='color_orange'>nullify</span>:org.junit.tests.running.classes.ParameterizedTestTest$AdditionTestWithAnnotatedFields*( sub )</span>; <span class='color_blue'>old_this = val$1<span class='color_orange'>formal</span>:org.junit.tests.running.classes.ParameterizedTestTest$AdditionTestWithAnnotatedFields*( sub )</span> ;
    <span class='color_blue'>_t$0|->{}<span class='color_orange'>alloc</span>:java.lang.AssertionError</span>; <span class='color_blue'>old_this|->{firstSummand:val$2<span class='color_orange'>formal(z)</span>, secondSummand:val$3<span class='color_orange'>formal</span>, sum:n$6<span class='color_orange'>formal</span>}<span class='color_orange'>formal(z)</span>:org.junit.tests.running.classes.ParameterizedTestTest$AdditionTestWithAnnotatedFields( sub )</span></span>
    
    Instruction <span class='color_green'>NULLIFY(&amp;$irvar1); [line 159]</span>
    in vpath_find exp:_t$0
    vpath_find: cannot find _t$0
    Instruction Returns
    PROP 1 of 1:
    <span class='color_blue'><span class='color_blue'>n$7 = (val$2 + val$3)</span>; <span class='color_blue'>val$4 = n$6</span> ;
    <span class='color_blue'>n$6 != (val$2 + val$3)</span>; <span class='color_blue'>MEMne &lt; void Assert.assertEquals(long,long):159 &gt; <span class='color_orange'>{vpath: }</span>(_t$0)</span> ;
    <span class='color_blue'>$irvar0 = 0<span class='color_orange'>nullify</span>:void</span>; <span class='color_blue'>return = EXN _t$0<span class='color_orange'>update:159</span>:void</span>; <span class='color_blue'>$irvar1 = <span class='color_red'>0<span class='color_orange'>nullify</span></span>:void</span>; <span class='color_blue'>this = 0<span class='color_orange'>nullify</span>:org.junit.tests.running.classes.ParameterizedTestTest$AdditionTestWithAnnotatedFields*( sub )</span>; <span class='color_blue'>old_this = val$1<span class='color_orange'>formal</span>:org.junit.tests.running.classes.ParameterizedTestTest$AdditionTestWithAnnotatedFields*( sub )</span> ;
    <span class='color_blue'>_t$0|->{}<span class='color_orange'>alloc</span>:java.lang.AssertionError</span>; <span class='color_blue'>old_this|->{firstSummand:val$2<span class='color_orange'>formal(z)</span>, secondSummand:val$3<span class='color_orange'>formal</span>, sum:n$6<span class='color_orange'>formal</span>}<span class='color_orange'>formal(z)</span>:org.junit.tests.running.classes.ParameterizedTestTest$AdditionTestWithAnnotatedFields( sub )</span></span>
    
    Instruction <span class='color_green'>EXIT_SCOPE(n$6,n$7,n$8,$irvar0,$irvar1); [line 159]</span>
    in vpath_find exp:_t$0
    vpath_find: cannot find _t$0
    Instruction Returns
    PROP 1 of 1:
    <span class='color_blue'><span class='color_blue'>val$4 != (val$2 + val$3)</span>; <span class='color_blue'>MEMne &lt; void Assert.assertEquals(long,long):159 &gt; <span class='color_orange'>{vpath: }</span>(_t$0)</span> ;
    <span class='color_blue'>$irvar0 = 0<span class='color_orange'>nullify</span>:void</span>; <span class='color_blue'>return = EXN _t$0<span class='color_orange'>update:159</span>:void</span>; <span class='color_blue'>$irvar1 = 0<span class='color_orange'>nullify</span>:void</span>; <span class='color_blue'>this = 0<span class='color_orange'>nullify</span>:org.junit.tests.running.classes.ParameterizedTestTest$AdditionTestWithAnnotatedFields*( sub )</span>; <span class='color_blue'>old_this = val$1<span class='color_orange'>formal</span>:org.junit.tests.running.classes.ParameterizedTestTest$AdditionTestWithAnnotatedFields*( sub )</span> ;
    <span class='color_blue'>_t$0|->{}<span class='color_orange'>alloc</span>:java.lang.AssertionError</span>; <span class='color_blue'>old_this|->{firstSummand:val$2<span class='color_orange'>formal(z)</span>, secondSummand:val$3<span class='color_orange'>formal</span>, sum:<span class='color_red'>val$4<span class='color_orange'>formal</span></span>}<span class='color_orange'>formal(z)</span>:org.junit.tests.running.classes.ParameterizedTestTest$AdditionTestWithAnnotatedFields( sub )</span></span>
    
    .... After Symbolic Execution ....
    PROP 1 of 1:
    <span class='color_blue'><span class='color_blue'>val$4 != (val$2 + val$3)</span>; <span class='color_red'>MEMne &lt; void Assert.assertEquals(long,long):159 &gt; <span class='color_orange'>{vpath: }</span>(_t$0)</span> ;
    <span class='color_blue'>$irvar0 = <span class='color_red'>0<span class='color_orange'>nullify</span></span>:void</span>; <span class='color_blue'>return = <span class='color_red'>EXN _t$0<span class='color_orange'>update:159</span></span>:void</span>; <span class='color_blue'>$irvar1 = <span class='color_red'>0<span class='color_orange'>nullify</span></span>:void</span>; <span class='color_blue'>this = 0<span class='color_orange'>nullify</span>:org.junit.tests.running.classes.ParameterizedTestTest$AdditionTestWithAnnotatedFields*( sub )</span>; <span class='color_blue'>old_this = val$1<span class='color_orange'>formal</span>:org.junit.tests.running.classes.ParameterizedTestTest$AdditionTestWithAnnotatedFields*( sub )</span> ;
    <span class='color_red'>_t$0|->{}<span class='color_orange'>alloc</span>:java.lang.AssertionError</span>; <span class='color_blue'>old_this|->{firstSummand:val$2<span class='color_orange'>formal(z)</span>, secondSummand:val$3<span class='color_orange'>formal</span>, sum:val$4<span class='color_orange'>formal</span>}<span class='color_orange'>formal(z)</span>:org.junit.tests.running.classes.ParameterizedTestTest$AdditionTestWithAnnotatedFields( sub )</span></span>
    
    
    
  </LISTING>