<!DOCTYPE HTML PUBLIC "-//W3C//DTD HTML 4.01 Transitional//EN">
<html>
<head>
<title>org.junit.tests.running.classes.ParameterizedTestTest.beforeParamAndAfterParamAreRun():void.54a97f3199e0601d5d23128eda9fa8df_node8</title>
<meta http-equiv="Content-Type" content="text/html; charset=utf-8">
<style type="text/css">
body { background-color:#fff; color:#000; font-family:Helvetica, sans-serif; font-size:10pt }
h1 { font-size:14pt }
.code { border-collapse:collapse; width:100%; font-family: "Andale Mono", monospace; font-size:10pt; line-height: 1.2em }
.color_black { color: black }
.color_blue { color: blue }
.color_green { color: green }
.color_orange { color: orange }
.color_red { color: red }
.line { border-left: 3px solid #ccc; padding-left: 1ex; white-space: pre; }
.msg { background-color:#fff8b4; color:#000; float:left; font-family:Helvetica, sans-serif; font-size: smaller; font-weight: bold; margin-bottom:10px; margin-top:10px; max-width:60em; padding:0.5em 1ex 0.5em 1ex; -webkit-border-radius:5px; -webkit-box-shadow:1px 1px 7px #000; white-space: pre-wrap; word-wrap: break-word; }
.num { background-color:#eee; color:#444; font-size: smaller; padding-right:2ex; text-align:right; width:2.5em; }
.dangling { background-color:white; color: gray; }
.visited { background-color:LemonChiffon; color: darkmagenta; }
.tooltip { display: none; background-color:#FFF0F0; border: 2px solid #F00; font-weight: normal; left:10em; padding: 2px; position: absolute; top: -1em; -webkit-border-radius:5px; -webkit-box-shadow:1px 1px 7px #000; z-index: 1}
.with_tooltip { position: relative; }
.with_tooltip:hover .tooltip, .visited:hover .tooltip { display: block; }
</style>
</head>
<body>
<center><h1>Cfg Node <a href="./../../ParameterizedTestTest.java.88da44e98279dfa32c0c7e5c52f053d0.html#LINE316">8</a></h1></center>PROC: <a href="./../org.junit.tests.running.classes.ParameterizedTestTest.beforeParamAndAfterParamAreRun%28%29%3Avoid.54a97f3199e0601d5d23128eda9fa8df.html">void ParameterizedTestTest.beforeParamAndAfterParamAreRun()</a> LINE: <a href="./../../ParameterizedTestTest.java.88da44e98279dfa32c0c7e5c52f053d0.html#LINE316">316</a>
<br>PREDS:
<a href="./../nodes/org.junit.tests.running.classes.ParameterizedTestTest.beforeParamAndAfterParamAreRun%28%29%3Avoid.54a97f3199e0601d5d23128eda9fa8df_node7.html"><span class='visited with_tooltip'>N_7<span class='tooltip'>node7 preds:6 succs:8 exn:3 </span></span></a><br>SUCCS:
<a href="./../nodes/org.junit.tests.running.classes.ParameterizedTestTest.beforeParamAndAfterParamAreRun%28%29%3Avoid.54a97f3199e0601d5d23128eda9fa8df_node9.html"><span class='visited with_tooltip'>N_9<span class='tooltip'>node9 preds:8 succs:10 exn:3 </span></span></a><br>EXN:
<a href="./../nodes/org.junit.tests.running.classes.ParameterizedTestTest.beforeParamAndAfterParamAreRun%28%29%3Avoid.54a97f3199e0601d5d23128eda9fa8df_node3.html"><span class='visited with_tooltip'>N_3<span class='tooltip'>node3 preds: succs:2 exn:2 </span></span></a><br>
<LISTING class='color_green'>n$4=*&amp;result:org.junit.runner.Result* [line 316];
_=*n$4:org.junit.runner.Result*(root org.junit.runner.Result) [line 316];
n$6=_fun_int Result.getFailureCount()(n$4:org.junit.runner.Result*) virtual [line 316];
*&amp;$irvar1:int=n$6 [line 316];
</LISTING>
<hr width="100%">
<a name="session12" href="./../nodes/org.junit.tests.running.classes.ParameterizedTestTest.beforeParamAndAfterParamAreRun%28%29%3Avoid.54a97f3199e0601d5d23128eda9fa8df_node8.html#session12">node8#session12</a>(<a href="./../../ParameterizedTestTest.java.88da44e98279dfa32c0c7e5c52f053d0.html#LINE316">316</a>) [compute pre] liveness 8
<LISTING class='color_black'>JOIN

LEFT:   normal:{ $irvar1, classes.ParameterizedTestTest }, exn:{ }
RIGHT:  normal:{ }, exn:{ }
RESULT: normal:{ $irvar1, classes.ParameterizedTestTest }, exn:{ }

</LISTING>
<hr width="100%">
<a name="session13" href="./../nodes/org.junit.tests.running.classes.ParameterizedTestTest.beforeParamAndAfterParamAreRun%28%29%3Avoid.54a97f3199e0601d5d23128eda9fa8df_node8.html#session13">node8#session13</a>(<a href="./../../ParameterizedTestTest.java.88da44e98279dfa32c0c7e5c52f053d0.html#LINE316">316</a>) [exec] liveness 8
<LISTING class='color_black'>PRE STATE:
normal:{ $irvar1, classes.ParameterizedTestTest }, exn:{ }

INSTR=  *&amp;$irvar1:int=n$6 [line 316]; 

STATE:
normal:{ n$6, classes.ParameterizedTestTest }, exn:{ }

INSTR=  n$6=_fun_int Result.getFailureCount()(n$4:org.junit.runner.Result*) virtual [line 316]; 

STATE:
normal:{ n$4, classes.ParameterizedTestTest }, exn:{ }

INSTR=  _=*n$4:org.junit.runner.Result*(root org.junit.runner.Result) [line 316]; 

STATE UNCHANGED

INSTR=  n$4=*&amp;result:org.junit.runner.Result* [line 316]; 

STATE:
normal:{ result, classes.ParameterizedTestTest }, exn:{ }

</LISTING>
<hr width="100%">
<a name="session33" href="./../nodes/org.junit.tests.running.classes.ParameterizedTestTest.beforeParamAndAfterParamAreRun%28%29%3Avoid.54a97f3199e0601d5d23128eda9fa8df_node8.html#session33">node8#session33</a>(<a href="./../../ParameterizedTestTest.java.88da44e98279dfa32c0c7e5c52f053d0.html#LINE316">316</a>) [compute pre] nullify
<LISTING class='color_black'></LISTING>
<hr width="100%">
<a name="session34" href="./../nodes/org.junit.tests.running.classes.ParameterizedTestTest.beforeParamAndAfterParamAreRun%28%29%3Avoid.54a97f3199e0601d5d23128eda9fa8df_node8.html#session34">node8#session34</a>(<a href="./../../ParameterizedTestTest.java.88da44e98279dfa32c0c7e5c52f053d0.html#LINE316">316</a>) [exec] nullify
<LISTING class='color_black'>PRE STATE:
(normal:{ result }, exn:{ },normal:{ n$2, n$3, $irvar0 }, exn:{ })

INSTR=  n$4=*&amp;result:org.junit.runner.Result* [line 316]; 

STATE:
(normal:{ n$4, result }, exn:{ },normal:{ n$2, n$3, $irvar0 }, exn:{ })

INSTR=  _=*n$4:org.junit.runner.Result*(root org.junit.runner.Result) [line 316]; 

STATE:
(normal:{ _, n$4, result }, exn:{ },normal:{ n$2, n$3, $irvar0 }, exn:{ })

INSTR=  n$6=_fun_int Result.getFailureCount()(n$4:org.junit.runner.Result*) virtual [line 316]; 

STATE:
(normal:{ _, n$4, n$6, result }, exn:{ },
normal:{ n$2, n$3, $irvar0 }, exn:{ })

INSTR=  *&amp;$irvar1:int=n$6 [line 316]; 

STATE:
(normal:{ $irvar1 }, exn:{ },normal:{ _, n$4, n$6, result }, exn:{ })

</LISTING>
<hr width="100%">
<a name="session56" href="./../nodes/org.junit.tests.running.classes.ParameterizedTestTest.beforeParamAndAfterParamAreRun%28%29%3Avoid.54a97f3199e0601d5d23128eda9fa8df_node8.html#session56">node8#session56</a>(<a href="./../../ParameterizedTestTest.java.88da44e98279dfa32c0c7e5c52f053d0.html#LINE316">316</a>) [compute pre] devirtualizer analysis 8
<LISTING class='color_black'></LISTING>
<hr width="100%">
<a name="session57" href="./../nodes/org.junit.tests.running.classes.ParameterizedTestTest.beforeParamAndAfterParamAreRun%28%29%3Avoid.54a97f3199e0601d5d23128eda9fa8df_node8.html#session57">node8#session57</a>(<a href="./../../ParameterizedTestTest.java.88da44e98279dfa32c0c7e5c52f053d0.html#LINE316">316</a>) [exec] devirtualizer analysis 8
<LISTING class='color_black'>PRE STATE:
{ }

INSTR=  n$4=*&amp;result:org.junit.runner.Result* [line 316]; 

STATE UNCHANGED

INSTR=  _=*n$4:org.junit.runner.Result*(root org.junit.runner.Result) [line 316]; 

STATE UNCHANGED

INSTR=  n$6=_fun_int Result.getFailureCount()(n$4:org.junit.runner.Result*) virtual [line 316]; 

STATE UNCHANGED

INSTR=  *&amp;$irvar1:int=n$6 [line 316]; 

STATE UNCHANGED

INSTR=  NULLIFY(&amp;result); [line 316]; 

STATE UNCHANGED

INSTR=  EXIT_SCOPE(_,n$4,n$6,result); [line 316]; 

STATE UNCHANGED

</LISTING>
<hr width="100%">
<a name="session80" href="./../nodes/org.junit.tests.running.classes.ParameterizedTestTest.beforeParamAndAfterParamAreRun%28%29%3Avoid.54a97f3199e0601d5d23128eda9fa8df_node8.html#session80">node8#session80</a>(<a href="./../../ParameterizedTestTest.java.88da44e98279dfa32c0c7e5c52f053d0.html#LINE316">316</a>) [exec] devirtualizer
<LISTING class='color_black'></LISTING>
<hr width="100%">
<a name="session81" href="./../nodes/org.junit.tests.running.classes.ParameterizedTestTest.beforeParamAndAfterParamAreRun%28%29%3Avoid.54a97f3199e0601d5d23128eda9fa8df_node8.html#session81">node8#session81</a>(<a href="./../../ParameterizedTestTest.java.88da44e98279dfa32c0c7e5c52f053d0.html#LINE316">316</a>) [exec] devirtualizer
<LISTING class='color_black'></LISTING>
<hr width="100%">
<a name="session82" href="./../nodes/org.junit.tests.running.classes.ParameterizedTestTest.beforeParamAndAfterParamAreRun%28%29%3Avoid.54a97f3199e0601d5d23128eda9fa8df_node8.html#session82">node8#session82</a>(<a href="./../../ParameterizedTestTest.java.88da44e98279dfa32c0c7e5c52f053d0.html#LINE316">316</a>) [exec] devirtualizer
<LISTING class='color_black'>virtual call int Result.getFailureCount() 
</LISTING>
<hr width="100%">
<a name="session83" href="./../nodes/org.junit.tests.running.classes.ParameterizedTestTest.beforeParamAndAfterParamAreRun%28%29%3Avoid.54a97f3199e0601d5d23128eda9fa8df_node8.html#session83">node8#session83</a>(<a href="./../../ParameterizedTestTest.java.88da44e98279dfa32c0c7e5c52f053d0.html#LINE316">316</a>) [exec] devirtualizer
<LISTING class='color_black'></LISTING>
<hr width="100%">
<a name="session84" href="./../nodes/org.junit.tests.running.classes.ParameterizedTestTest.beforeParamAndAfterParamAreRun%28%29%3Avoid.54a97f3199e0601d5d23128eda9fa8df_node8.html#session84">node8#session84</a>(<a href="./../../ParameterizedTestTest.java.88da44e98279dfa32c0c7e5c52f053d0.html#LINE316">316</a>) [exec] devirtualizer
<LISTING class='color_black'></LISTING>
<hr width="100%">
<a name="session85" href="./../nodes/org.junit.tests.running.classes.ParameterizedTestTest.beforeParamAndAfterParamAreRun%28%29%3Avoid.54a97f3199e0601d5d23128eda9fa8df_node8.html#session85">node8#session85</a>(<a href="./../../ParameterizedTestTest.java.88da44e98279dfa32c0c7e5c52f053d0.html#LINE316">316</a>) [exec] devirtualizer
<LISTING class='color_black'></LISTING>
<hr width="100%">
<a name="session10" href="./../nodes/org.junit.tests.running.classes.ParameterizedTestTest.beforeParamAndAfterParamAreRun%28%29%3Avoid.54a97f3199e0601d5d23128eda9fa8df_node8.html#session10">node8#session10</a>(<a href="./../../ParameterizedTestTest.java.88da44e98279dfa32c0c7e5c52f053d0.html#LINE316">316</a>) [compute pre] starvation
<LISTING class='color_black'></LISTING>
<hr width="100%">
<a name="session11" href="./../nodes/org.junit.tests.running.classes.ParameterizedTestTest.beforeParamAndAfterParamAreRun%28%29%3Avoid.54a97f3199e0601d5d23128eda9fa8df_node8.html#session11">node8#session11</a>(<a href="./../../ParameterizedTestTest.java.88da44e98279dfa32c0c7e5c52f053d0.html#LINE316">316</a>) [exec] starvation
<LISTING class='color_black'>PRE STATE:
{guard_map= { }; lock_state= {map= { }; acquisitions= { }};
 critical_pairs= { }; attributes= { }; thread= UnknownThread;
 scheduled_work= { }; var_state= { }}

INSTR=  n$4=*&amp;result:org.junit.runner.Result* [line 316]; 

STATE:
{guard_map= { }; lock_state= {map= { }; acquisitions= { }};
 critical_pairs= { }; attributes= { }; thread= UnknownThread;
 scheduled_work= { }; var_state= { n$4 -&gt; result }}

INSTR=  _=*n$4:org.junit.runner.Result*(root org.junit.runner.Result) [line 316]; 

STATE UNCHANGED

INSTR=  n$6=_fun_int Result.getFailureCount()(n$4:org.junit.runner.Result*) virtual [line 316]; 

STATE:
{guard_map= { }; lock_state= {map= { }; acquisitions= { }};
 critical_pairs= { }; attributes= { }; thread= UnknownThread;
 scheduled_work= { }; var_state= { n$4 -&gt; result }}

INSTR=  *&amp;$irvar1:int=n$6 [line 316]; 

STATE:
{guard_map= { }; lock_state= {map= { }; acquisitions= { }};
 critical_pairs= { }; attributes= { }; thread= UnknownThread;
 scheduled_work= { }; var_state= { n$4 -&gt; result, $irvar1 -&gt; n$6 }}

INSTR=  NULLIFY(&amp;result); [line 316]; 

STATE UNCHANGED

INSTR=  EXIT_SCOPE(_,n$4,n$6,result); [line 316]; 

STATE:
{guard_map= { }; lock_state= {map= { }; acquisitions= { }};
 critical_pairs= { }; attributes= { }; thread= UnknownThread;
 scheduled_work= { }; var_state= { }}

</LISTING>
<hr width="100%">
<a name="session31" href="./../nodes/org.junit.tests.running.classes.ParameterizedTestTest.beforeParamAndAfterParamAreRun%28%29%3Avoid.54a97f3199e0601d5d23128eda9fa8df_node8.html#session31">node8#session31</a>(<a href="./../../ParameterizedTestTest.java.88da44e98279dfa32c0c7e5c52f053d0.html#LINE316">316</a>) [compute pre] racerd
<LISTING class='color_black'></LISTING>
<hr width="100%">
<a name="session32" href="./../nodes/org.junit.tests.running.classes.ParameterizedTestTest.beforeParamAndAfterParamAreRun%28%29%3Avoid.54a97f3199e0601d5d23128eda9fa8df_node8.html#session32">node8#session32</a>(<a href="./../../ParameterizedTestTest.java.88da44e98279dfa32c0c7e5c52f053d0.html#LINE316">316</a>) [exec] racerd
<LISTING class='color_black'>PRE STATE:
Threads: NoThread, Locks: 0 
Accesses { {elem= Access: Read of model.TestClass.FIELD_COMPARATOR Thread: NoThread Lock: false Pre: Unowned;
            loc= line 78;
            trace= { Result JUnitCore.runClasses(Class[]) at line 315,
                     Result JUnitCore.runClasses(Computer,Class[]) at line 53,
                     Result JUnitCore.run(Computer,Class[]) at line 66,
                     Request Request.classes(Computer,Class[]) at line 109,
                     Runner Computer.getSuite(RunnerBuilder,Class[]) at line 77,
                     Computer$2.&lt;init&gt;(Computer,RunnerBuilder,Class[]) at line 28,
                     Suite.&lt;init&gt;(RunnerBuilder,Class[]) at line 33,
                     Suite.&lt;init&gt;(Class,List) at line 81,
                     ParentRunner.&lt;init&gt;(Class) at line 112,
                     TestClass ParentRunner.createTestClass(Class) at line 91,
                     TestClass.&lt;init&gt;(Class) at line 111,
                     void TestClass.scanAnnotatedMembers(Map,Map) at line 57,
                     Field[] TestClass.getSortedDeclaredFields(Class) at line 70 }},
           {elem= Access: Read of lang.Void.TYPE Thread: NoThread Lock: false Pre: Unowned;
            loc= line 107;
            trace= { Result JUnitCore.runClasses(Class[]) at line 315,
                     Result JUnitCore.runClasses(Computer,Class[]) at line 53,
                     Result JUnitCore.run(Computer,Class[]) at line 66,
                     Request Request.classes(Computer,Class[]) at line 109,
                     Runner Computer.getSuite(RunnerBuilder,Class[]) at line 77,
                     Computer$2.&lt;init&gt;(Computer,RunnerBuilder,Class[]) at line 28,
                     Suite.&lt;init&gt;(RunnerBuilder,Class[]) at line 33,
                     Suite.&lt;init&gt;(Class,List) at line 81,
                     ParentRunner.&lt;init&gt;(Class) at line 112,
                     void ParentRunner.validate() at line 92,
                     void ParentRunner.collectInitializationErrors(List) at line 523,
                     void ParentRunner.validatePublicVoidNoArgMethods(Class,boolean,List) at line 148,
                     void FrameworkMethod.validatePublicVoidNoArg(boolean,List) at line 178,
                     void FrameworkMethod.validatePublicVoid(boolean,List) at line 83 }},
           {elem= Access: Read of runners.ParentRunner.VALIDATORS Thread: NoThread Lock: false Pre: Unowned;
            loc= line 156;
            trace= { Result JUnitCore.runClasses(Class[]) at line 315,
                     Result JUnitCore.runClasses(Computer,Class[]) at line 53,
                     Result JUnitCore.run(Computer,Class[]) at line 66,
                     Request Request.classes(Computer,Class[]) at line 109,
                     Runner Computer.getSuite(RunnerBuilder,Class[]) at line 77,
                     Computer$2.&lt;init&gt;(Computer,RunnerBuilder,Class[]) at line 28,
                     Suite.&lt;init&gt;(RunnerBuilder,Class[]) at line 33,
                     Suite.&lt;init&gt;(Class,List) at line 81,
                     ParentRunner.&lt;init&gt;(Class) at line 112,
                     void ParentRunner.validate() at line 92,
                     void ParentRunner.collectInitializationErrors(List) at line 523,
                     void ParentRunner.applyValidators(List) at line 151 }},
           {elem= Access: Read of internal.MethodSorter.DEFAULT Thread: NoThread Lock: false Pre: Unowned;
            loc= line 67;
            trace= { Result JUnitCore.runClasses(Class[]) at line 315,
                     Result JUnitCore.runClasses(Computer,Class[]) at line 53,
                     Result JUnitCore.run(Computer,Class[]) at line 66,
                     Request Request.classes(Computer,Class[]) at line 109,
                     Runner Computer.getSuite(RunnerBuilder,Class[]) at line 77,
                     Computer$2.&lt;init&gt;(Computer,RunnerBuilder,Class[]) at line 28,
                     Suite.&lt;init&gt;(RunnerBuilder,Class[]) at line 33,
                     Suite.&lt;init&gt;(Class,List) at line 81,
                     ParentRunner.&lt;init&gt;(Class) at line 112,
                     TestClass ParentRunner.createTestClass(Class) at line 91,
                     TestClass.&lt;init&gt;(Class) at line 111,
                     void TestClass.scanAnnotatedMembers(Map,Map) at line 57,
                     Method[] MethodSorter.getDeclaredMethods(Class) at line 65,
                     Comparator MethodSorter.getSorter(FixMethodOrder) at line 52 }},
           {elem= Access: Read of rules.RuleMemberValidator.CLASS_RULE_METHOD_VALIDATOR Thread: NoThread Lock: false Pre: Unowned;
            loc= line 184;
            trace= { Result JUnitCore.runClasses(Class[]) at line 315,
                     Result JUnitCore.runClasses(Computer,Class[]) at line 53,
                     Result JUnitCore.run(Computer,Class[]) at line 66,
                     Request Request.classes(Computer,Class[]) at line 109,
                     Runner Computer.getSuite(RunnerBuilder,Class[]) at line 77,
                     Computer$2.&lt;init&gt;(Computer,RunnerBuilder,Class[]) at line 28,
                     Suite.&lt;init&gt;(RunnerBuilder,Class[]) at line 33,
                     Suite.&lt;init&gt;(Class,List) at line 81,
                     ParentRunner.&lt;init&gt;(Class) at line 112,
                     void ParentRunner.validate() at line 92,
                     void ParentRunner.collectInitializationErrors(List) at line 523,
                     void ParentRunner.validateClassRules(List) at line 150 }},
           {elem= Access: Read of rules.RuleMemberValidator.CLASS_RULE_VALIDATOR Thread: NoThread Lock: false Pre: Unowned;
            loc= line 183;
            trace= { Result JUnitCore.runClasses(Class[]) at line 315,
                     Result JUnitCore.runClasses(Computer,Class[]) at line 53,
                     Result JUnitCore.run(Computer,Class[]) at line 66,
                     Request Request.classes(Computer,Class[]) at line 109,
                     Runner Computer.getSuite(RunnerBuilder,Class[]) at line 77,
                     Computer$2.&lt;init&gt;(Computer,RunnerBuilder,Class[]) at line 28,
                     Suite.&lt;init&gt;(RunnerBuilder,Class[]) at line 33,
                     Suite.&lt;init&gt;(Class,List) at line 81,
                     ParentRunner.&lt;init&gt;(Class) at line 112,
                     void ParentRunner.validate() at line 92,
                     void ParentRunner.collectInitializationErrors(List) at line 523,
                     void ParentRunner.validateClassRules(List) at line 150 }},
           {elem= Access: Read of rules.RuleMemberValidator.CLASS_RULE_METHOD_VALIDATOR-&gt;annotation Thread: NoThread Lock: false Pre: Unowned;
            loc= line 89;
            trace= { Result JUnitCore.runClasses(Class[]) at line 315,
                     Result JUnitCore.runClasses(Computer,Class[]) at line 53,
                     Result JUnitCore.run(Computer,Class[]) at line 66,
                     Request Request.classes(Computer,Class[]) at line 109,
                     Runner Computer.getSuite(RunnerBuilder,Class[]) at line 77,
                     Computer$2.&lt;init&gt;(Computer,RunnerBuilder,Class[]) at line 28,
                     Suite.&lt;init&gt;(RunnerBuilder,Class[]) at line 33,
                     Suite.&lt;init&gt;(Class,List) at line 81,
                     ParentRunner.&lt;init&gt;(Class) at line 112,
                     void ParentRunner.validate() at line 92,
                     void ParentRunner.collectInitializationErrors(List) at line 523,
                     void ParentRunner.validateClassRules(List) at line 150,
                     void RuleMemberValidator.validate(TestClass,List) at line 184 }},
           {elem= Access: Read of rules.RuleMemberValidator.CLASS_RULE_METHOD_VALIDATOR-&gt;methods Thread: NoThread Lock: false Pre: Unowned;
            loc= line 89;
            trace= { Result JUnitCore.runClasses(Class[]) at line 315,
                     Result JUnitCore.runClasses(Computer,Class[]) at line 53,
                     Result JUnitCore.run(Computer,Class[]) at line 66,
                     Request Request.classes(Computer,Class[]) at line 109,
                     Runner Computer.getSuite(RunnerBuilder,Class[]) at line 77,
                     Computer$2.&lt;init&gt;(Computer,RunnerBuilder,Class[]) at line 28,
                     Suite.&lt;init&gt;(RunnerBuilder,Class[]) at line 33,
                     Suite.&lt;init&gt;(Class,List) at line 81,
                     ParentRunner.&lt;init&gt;(Class) at line 112,
                     void ParentRunner.validate() at line 92,
                     void ParentRunner.collectInitializationErrors(List) at line 523,
                     void ParentRunner.validateClassRules(List) at line 150,
                     void RuleMemberValidator.validate(TestClass,List) at line 184 }},
           {elem= Access: Read of rules.RuleMemberValidator.CLASS_RULE_METHOD_VALIDATOR-&gt;validatorStrategies Thread: NoThread Lock: false Pre: Unowned;
            loc= line 98;
            trace= { Result JUnitCore.runClasses(Class[]) at line 315,
                     Result JUnitCore.runClasses(Computer,Class[]) at line 53,
                     Result JUnitCore.run(Computer,Class[]) at line 66,
                     Request Request.classes(Computer,Class[]) at line 109,
                     Runner Computer.getSuite(RunnerBuilder,Class[]) at line 77,
                     Computer$2.&lt;init&gt;(Computer,RunnerBuilder,Class[]) at line 28,
                     Suite.&lt;init&gt;(RunnerBuilder,Class[]) at line 33,
                     Suite.&lt;init&gt;(Class,List) at line 81,
                     ParentRunner.&lt;init&gt;(Class) at line 112,
                     void ParentRunner.validate() at line 92,
                     void ParentRunner.collectInitializationErrors(List) at line 523,
                     void ParentRunner.validateClassRules(List) at line 150,
                     void RuleMemberValidator.validate(TestClass,List) at line 184,
                     void RuleMemberValidator.validateMember(FrameworkMember,List) at line 93 }},
           {elem= Access: Read of rules.RuleMemberValidator.CLASS_RULE_VALIDATOR-&gt;annotation Thread: NoThread Lock: false Pre: Unowned;
            loc= line 89;
            trace= { Result JUnitCore.runClasses(Class[]) at line 315,
                     Result JUnitCore.runClasses(Computer,Class[]) at line 53,
                     Result JUnitCore.run(Computer,Class[]) at line 66,
                     Request Request.classes(Computer,Class[]) at line 109,
                     Runner Computer.getSuite(RunnerBuilder,Class[]) at line 77,
                     Computer$2.&lt;init&gt;(Computer,RunnerBuilder,Class[]) at line 28,
                     Suite.&lt;init&gt;(RunnerBuilder,Class[]) at line 33,
                     Suite.&lt;init&gt;(Class,List) at line 81,
                     ParentRunner.&lt;init&gt;(Class) at line 112,
                     void ParentRunner.validate() at line 92,
                     void ParentRunner.collectInitializationErrors(List) at line 523,
                     void ParentRunner.validateClassRules(List) at line 150,
                     void RuleMemberValidator.validate(TestClass,List) at line 183 }},
           {elem= Access: Read of rules.RuleMemberValidator.CLASS_RULE_VALIDATOR-&gt;methods Thread: NoThread Lock: false Pre: Unowned;
            loc= line 89;
            trace= { Result JUnitCore.runClasses(Class[]) at line 315,
                     Result JUnitCore.runClasses(Computer,Class[]) at line 53,
                     Result JUnitCore.run(Computer,Class[]) at line 66,
                     Request Request.classes(Computer,Class[]) at line 109,
                     Runner Computer.getSuite(RunnerBuilder,Class[]) at line 77,
                     Computer$2.&lt;init&gt;(Computer,RunnerBuilder,Class[]) at line 28,
                     Suite.&lt;init&gt;(RunnerBuilder,Class[]) at line 33,
                     Suite.&lt;init&gt;(Class,List) at line 81,
                     ParentRunner.&lt;init&gt;(Class) at line 112,
                     void ParentRunner.validate() at line 92,
                     void ParentRunner.collectInitializationErrors(List) at line 523,
                     void ParentRunner.validateClassRules(List) at line 150,
                     void RuleMemberValidator.validate(TestClass,List) at line 183 }},
           {elem= Access: Read of rules.RuleMemberValidator.CLASS_RULE_VALIDATOR-&gt;validatorStrategies Thread: NoThread Lock: false Pre: Unowned;
            loc= line 98;
            trace= { Result JUnitCore.runClasses(Class[]) at line 315,
                     Result JUnitCore.runClasses(Computer,Class[]) at line 53,
                     Result JUnitCore.run(Computer,Class[]) at line 66,
                     Request Request.classes(Computer,Class[]) at line 109,
                     Runner Computer.getSuite(RunnerBuilder,Class[]) at line 77,
                     Computer$2.&lt;init&gt;(Computer,RunnerBuilder,Class[]) at line 28,
                     Suite.&lt;init&gt;(RunnerBuilder,Class[]) at line 33,
                     Suite.&lt;init&gt;(Class,List) at line 81,
                     ParentRunner.&lt;init&gt;(Class) at line 112,
                     void ParentRunner.validate() at line 92,
                     void ParentRunner.collectInitializationErrors(List) at line 523,
                     void ParentRunner.validateClassRules(List) at line 150,
                     void RuleMemberValidator.validate(TestClass,List) at line 183,
                     void RuleMemberValidator.validateMember(FrameworkMember,List) at line 93 }},
           {elem= Access: Write to classes.ParameterizedTestTest.fLog Thread: NoThread Lock: false Pre: Unowned;
            loc= line 314; trace= { }} } 
Ownership: { n$0 -&gt; Owned,
             n$3 -&gt; Owned,
             result -&gt; Owned,
             this -&gt; OwnedIf{ 0 },
             *n$0[_] -&gt; Owned } 
Attributes: { classes.ParameterizedTestTest.fLog -&gt; Functional,
              *n$0[_] -&gt; Functional } 




INSTR=  n$6 := int Result.getFailureCount()({ result }) [line 316]; 

STATE:
Threads: NoThread, Locks: 0 
Accesses { {elem= Access: Read of model.TestClass.FIELD_COMPARATOR Thread: NoThread Lock: false Pre: Unowned;
            loc= line 78;
            trace= { Result JUnitCore.runClasses(Class[]) at line 315,
                     Result JUnitCore.runClasses(Computer,Class[]) at line 53,
                     Result JUnitCore.run(Computer,Class[]) at line 66,
                     Request Request.classes(Computer,Class[]) at line 109,
                     Runner Computer.getSuite(RunnerBuilder,Class[]) at line 77,
                     Computer$2.&lt;init&gt;(Computer,RunnerBuilder,Class[]) at line 28,
                     Suite.&lt;init&gt;(RunnerBuilder,Class[]) at line 33,
                     Suite.&lt;init&gt;(Class,List) at line 81,
                     ParentRunner.&lt;init&gt;(Class) at line 112,
                     TestClass ParentRunner.createTestClass(Class) at line 91,
                     TestClass.&lt;init&gt;(Class) at line 111,
                     void TestClass.scanAnnotatedMembers(Map,Map) at line 57,
                     Field[] TestClass.getSortedDeclaredFields(Class) at line 70 }},
           {elem= Access: Read of lang.Void.TYPE Thread: NoThread Lock: false Pre: Unowned;
            loc= line 107;
            trace= { Result JUnitCore.runClasses(Class[]) at line 315,
                     Result JUnitCore.runClasses(Computer,Class[]) at line 53,
                     Result JUnitCore.run(Computer,Class[]) at line 66,
                     Request Request.classes(Computer,Class[]) at line 109,
                     Runner Computer.getSuite(RunnerBuilder,Class[]) at line 77,
                     Computer$2.&lt;init&gt;(Computer,RunnerBuilder,Class[]) at line 28,
                     Suite.&lt;init&gt;(RunnerBuilder,Class[]) at line 33,
                     Suite.&lt;init&gt;(Class,List) at line 81,
                     ParentRunner.&lt;init&gt;(Class) at line 112,
                     void ParentRunner.validate() at line 92,
                     void ParentRunner.collectInitializationErrors(List) at line 523,
                     void ParentRunner.validatePublicVoidNoArgMethods(Class,boolean,List) at line 148,
                     void FrameworkMethod.validatePublicVoidNoArg(boolean,List) at line 178,
                     void FrameworkMethod.validatePublicVoid(boolean,List) at line 83 }},
           {elem= Access: Read of runners.ParentRunner.VALIDATORS Thread: NoThread Lock: false Pre: Unowned;
            loc= line 156;
            trace= { Result JUnitCore.runClasses(Class[]) at line 315,
                     Result JUnitCore.runClasses(Computer,Class[]) at line 53,
                     Result JUnitCore.run(Computer,Class[]) at line 66,
                     Request Request.classes(Computer,Class[]) at line 109,
                     Runner Computer.getSuite(RunnerBuilder,Class[]) at line 77,
                     Computer$2.&lt;init&gt;(Computer,RunnerBuilder,Class[]) at line 28,
                     Suite.&lt;init&gt;(RunnerBuilder,Class[]) at line 33,
                     Suite.&lt;init&gt;(Class,List) at line 81,
                     ParentRunner.&lt;init&gt;(Class) at line 112,
                     void ParentRunner.validate() at line 92,
                     void ParentRunner.collectInitializationErrors(List) at line 523,
                     void ParentRunner.applyValidators(List) at line 151 }},
           {elem= Access: Read of internal.MethodSorter.DEFAULT Thread: NoThread Lock: false Pre: Unowned;
            loc= line 67;
            trace= { Result JUnitCore.runClasses(Class[]) at line 315,
                     Result JUnitCore.runClasses(Computer,Class[]) at line 53,
                     Result JUnitCore.run(Computer,Class[]) at line 66,
                     Request Request.classes(Computer,Class[]) at line 109,
                     Runner Computer.getSuite(RunnerBuilder,Class[]) at line 77,
                     Computer$2.&lt;init&gt;(Computer,RunnerBuilder,Class[]) at line 28,
                     Suite.&lt;init&gt;(RunnerBuilder,Class[]) at line 33,
                     Suite.&lt;init&gt;(Class,List) at line 81,
                     ParentRunner.&lt;init&gt;(Class) at line 112,
                     TestClass ParentRunner.createTestClass(Class) at line 91,
                     TestClass.&lt;init&gt;(Class) at line 111,
                     void TestClass.scanAnnotatedMembers(Map,Map) at line 57,
                     Method[] MethodSorter.getDeclaredMethods(Class) at line 65,
                     Comparator MethodSorter.getSorter(FixMethodOrder) at line 52 }},
           {elem= Access: Read of rules.RuleMemberValidator.CLASS_RULE_METHOD_VALIDATOR Thread: NoThread Lock: false Pre: Unowned;
            loc= line 184;
            trace= { Result JUnitCore.runClasses(Class[]) at line 315,
                     Result JUnitCore.runClasses(Computer,Class[]) at line 53,
                     Result JUnitCore.run(Computer,Class[]) at line 66,
                     Request Request.classes(Computer,Class[]) at line 109,
                     Runner Computer.getSuite(RunnerBuilder,Class[]) at line 77,
                     Computer$2.&lt;init&gt;(Computer,RunnerBuilder,Class[]) at line 28,
                     Suite.&lt;init&gt;(RunnerBuilder,Class[]) at line 33,
                     Suite.&lt;init&gt;(Class,List) at line 81,
                     ParentRunner.&lt;init&gt;(Class) at line 112,
                     void ParentRunner.validate() at line 92,
                     void ParentRunner.collectInitializationErrors(List) at line 523,
                     void ParentRunner.validateClassRules(List) at line 150 }},
           {elem= Access: Read of rules.RuleMemberValidator.CLASS_RULE_VALIDATOR Thread: NoThread Lock: false Pre: Unowned;
            loc= line 183;
            trace= { Result JUnitCore.runClasses(Class[]) at line 315,
                     Result JUnitCore.runClasses(Computer,Class[]) at line 53,
                     Result JUnitCore.run(Computer,Class[]) at line 66,
                     Request Request.classes(Computer,Class[]) at line 109,
                     Runner Computer.getSuite(RunnerBuilder,Class[]) at line 77,
                     Computer$2.&lt;init&gt;(Computer,RunnerBuilder,Class[]) at line 28,
                     Suite.&lt;init&gt;(RunnerBuilder,Class[]) at line 33,
                     Suite.&lt;init&gt;(Class,List) at line 81,
                     ParentRunner.&lt;init&gt;(Class) at line 112,
                     void ParentRunner.validate() at line 92,
                     void ParentRunner.collectInitializationErrors(List) at line 523,
                     void ParentRunner.validateClassRules(List) at line 150 }},
           {elem= Access: Read of rules.RuleMemberValidator.CLASS_RULE_METHOD_VALIDATOR-&gt;annotation Thread: NoThread Lock: false Pre: Unowned;
            loc= line 89;
            trace= { Result JUnitCore.runClasses(Class[]) at line 315,
                     Result JUnitCore.runClasses(Computer,Class[]) at line 53,
                     Result JUnitCore.run(Computer,Class[]) at line 66,
                     Request Request.classes(Computer,Class[]) at line 109,
                     Runner Computer.getSuite(RunnerBuilder,Class[]) at line 77,
                     Computer$2.&lt;init&gt;(Computer,RunnerBuilder,Class[]) at line 28,
                     Suite.&lt;init&gt;(RunnerBuilder,Class[]) at line 33,
                     Suite.&lt;init&gt;(Class,List) at line 81,
                     ParentRunner.&lt;init&gt;(Class) at line 112,
                     void ParentRunner.validate() at line 92,
                     void ParentRunner.collectInitializationErrors(List) at line 523,
                     void ParentRunner.validateClassRules(List) at line 150,
                     void RuleMemberValidator.validate(TestClass,List) at line 184 }},
           {elem= Access: Read of rules.RuleMemberValidator.CLASS_RULE_METHOD_VALIDATOR-&gt;methods Thread: NoThread Lock: false Pre: Unowned;
            loc= line 89;
            trace= { Result JUnitCore.runClasses(Class[]) at line 315,
                     Result JUnitCore.runClasses(Computer,Class[]) at line 53,
                     Result JUnitCore.run(Computer,Class[]) at line 66,
                     Request Request.classes(Computer,Class[]) at line 109,
                     Runner Computer.getSuite(RunnerBuilder,Class[]) at line 77,
                     Computer$2.&lt;init&gt;(Computer,RunnerBuilder,Class[]) at line 28,
                     Suite.&lt;init&gt;(RunnerBuilder,Class[]) at line 33,
                     Suite.&lt;init&gt;(Class,List) at line 81,
                     ParentRunner.&lt;init&gt;(Class) at line 112,
                     void ParentRunner.validate() at line 92,
                     void ParentRunner.collectInitializationErrors(List) at line 523,
                     void ParentRunner.validateClassRules(List) at line 150,
                     void RuleMemberValidator.validate(TestClass,List) at line 184 }},
           {elem= Access: Read of rules.RuleMemberValidator.CLASS_RULE_METHOD_VALIDATOR-&gt;validatorStrategies Thread: NoThread Lock: false Pre: Unowned;
            loc= line 98;
            trace= { Result JUnitCore.runClasses(Class[]) at line 315,
                     Result JUnitCore.runClasses(Computer,Class[]) at line 53,
                     Result JUnitCore.run(Computer,Class[]) at line 66,
                     Request Request.classes(Computer,Class[]) at line 109,
                     Runner Computer.getSuite(RunnerBuilder,Class[]) at line 77,
                     Computer$2.&lt;init&gt;(Computer,RunnerBuilder,Class[]) at line 28,
                     Suite.&lt;init&gt;(RunnerBuilder,Class[]) at line 33,
                     Suite.&lt;init&gt;(Class,List) at line 81,
                     ParentRunner.&lt;init&gt;(Class) at line 112,
                     void ParentRunner.validate() at line 92,
                     void ParentRunner.collectInitializationErrors(List) at line 523,
                     void ParentRunner.validateClassRules(List) at line 150,
                     void RuleMemberValidator.validate(TestClass,List) at line 184,
                     void RuleMemberValidator.validateMember(FrameworkMember,List) at line 93 }},
           {elem= Access: Read of rules.RuleMemberValidator.CLASS_RULE_VALIDATOR-&gt;annotation Thread: NoThread Lock: false Pre: Unowned;
            loc= line 89;
            trace= { Result JUnitCore.runClasses(Class[]) at line 315,
                     Result JUnitCore.runClasses(Computer,Class[]) at line 53,
                     Result JUnitCore.run(Computer,Class[]) at line 66,
                     Request Request.classes(Computer,Class[]) at line 109,
                     Runner Computer.getSuite(RunnerBuilder,Class[]) at line 77,
                     Computer$2.&lt;init&gt;(Computer,RunnerBuilder,Class[]) at line 28,
                     Suite.&lt;init&gt;(RunnerBuilder,Class[]) at line 33,
                     Suite.&lt;init&gt;(Class,List) at line 81,
                     ParentRunner.&lt;init&gt;(Class) at line 112,
                     void ParentRunner.validate() at line 92,
                     void ParentRunner.collectInitializationErrors(List) at line 523,
                     void ParentRunner.validateClassRules(List) at line 150,
                     void RuleMemberValidator.validate(TestClass,List) at line 183 }},
           {elem= Access: Read of rules.RuleMemberValidator.CLASS_RULE_VALIDATOR-&gt;methods Thread: NoThread Lock: false Pre: Unowned;
            loc= line 89;
            trace= { Result JUnitCore.runClasses(Class[]) at line 315,
                     Result JUnitCore.runClasses(Computer,Class[]) at line 53,
                     Result JUnitCore.run(Computer,Class[]) at line 66,
                     Request Request.classes(Computer,Class[]) at line 109,
                     Runner Computer.getSuite(RunnerBuilder,Class[]) at line 77,
                     Computer$2.&lt;init&gt;(Computer,RunnerBuilder,Class[]) at line 28,
                     Suite.&lt;init&gt;(RunnerBuilder,Class[]) at line 33,
                     Suite.&lt;init&gt;(Class,List) at line 81,
                     ParentRunner.&lt;init&gt;(Class) at line 112,
                     void ParentRunner.validate() at line 92,
                     void ParentRunner.collectInitializationErrors(List) at line 523,
                     void ParentRunner.validateClassRules(List) at line 150,
                     void RuleMemberValidator.validate(TestClass,List) at line 183 }},
           {elem= Access: Read of rules.RuleMemberValidator.CLASS_RULE_VALIDATOR-&gt;validatorStrategies Thread: NoThread Lock: false Pre: Unowned;
            loc= line 98;
            trace= { Result JUnitCore.runClasses(Class[]) at line 315,
                     Result JUnitCore.runClasses(Computer,Class[]) at line 53,
                     Result JUnitCore.run(Computer,Class[]) at line 66,
                     Request Request.classes(Computer,Class[]) at line 109,
                     Runner Computer.getSuite(RunnerBuilder,Class[]) at line 77,
                     Computer$2.&lt;init&gt;(Computer,RunnerBuilder,Class[]) at line 28,
                     Suite.&lt;init&gt;(RunnerBuilder,Class[]) at line 33,
                     Suite.&lt;init&gt;(Class,List) at line 81,
                     ParentRunner.&lt;init&gt;(Class) at line 112,
                     void ParentRunner.validate() at line 92,
                     void ParentRunner.collectInitializationErrors(List) at line 523,
                     void ParentRunner.validateClassRules(List) at line 150,
                     void RuleMemberValidator.validate(TestClass,List) at line 183,
                     void RuleMemberValidator.validateMember(FrameworkMember,List) at line 93 }},
           {elem= Access: Write to classes.ParameterizedTestTest.fLog Thread: NoThread Lock: false Pre: Unowned;
            loc= line 314; trace= { }} } 
Ownership: { n$0 -&gt; Owned,
             n$3 -&gt; Owned,
             n$6 -&gt; Owned,
             result -&gt; Owned,
             this -&gt; OwnedIf{ 0 },
             *n$0[_] -&gt; Owned } 
Attributes: { classes.ParameterizedTestTest.fLog -&gt; Functional,
              *n$0[_] -&gt; Functional } 



INSTR=  NULLIFY(&amp;result); [line 316]; 

STATE UNCHANGED

INSTR=  EXIT_SCOPE(result); [line 316]; 

STATE:
Threads: NoThread, Locks: 0 
Accesses { {elem= Access: Read of model.TestClass.FIELD_COMPARATOR Thread: NoThread Lock: false Pre: Unowned;
            loc= line 78;
            trace= { Result JUnitCore.runClasses(Class[]) at line 315,
                     Result JUnitCore.runClasses(Computer,Class[]) at line 53,
                     Result JUnitCore.run(Computer,Class[]) at line 66,
                     Request Request.classes(Computer,Class[]) at line 109,
                     Runner Computer.getSuite(RunnerBuilder,Class[]) at line 77,
                     Computer$2.&lt;init&gt;(Computer,RunnerBuilder,Class[]) at line 28,
                     Suite.&lt;init&gt;(RunnerBuilder,Class[]) at line 33,
                     Suite.&lt;init&gt;(Class,List) at line 81,
                     ParentRunner.&lt;init&gt;(Class) at line 112,
                     TestClass ParentRunner.createTestClass(Class) at line 91,
                     TestClass.&lt;init&gt;(Class) at line 111,
                     void TestClass.scanAnnotatedMembers(Map,Map) at line 57,
                     Field[] TestClass.getSortedDeclaredFields(Class) at line 70 }},
           {elem= Access: Read of lang.Void.TYPE Thread: NoThread Lock: false Pre: Unowned;
            loc= line 107;
            trace= { Result JUnitCore.runClasses(Class[]) at line 315,
                     Result JUnitCore.runClasses(Computer,Class[]) at line 53,
                     Result JUnitCore.run(Computer,Class[]) at line 66,
                     Request Request.classes(Computer,Class[]) at line 109,
                     Runner Computer.getSuite(RunnerBuilder,Class[]) at line 77,
                     Computer$2.&lt;init&gt;(Computer,RunnerBuilder,Class[]) at line 28,
                     Suite.&lt;init&gt;(RunnerBuilder,Class[]) at line 33,
                     Suite.&lt;init&gt;(Class,List) at line 81,
                     ParentRunner.&lt;init&gt;(Class) at line 112,
                     void ParentRunner.validate() at line 92,
                     void ParentRunner.collectInitializationErrors(List) at line 523,
                     void ParentRunner.validatePublicVoidNoArgMethods(Class,boolean,List) at line 148,
                     void FrameworkMethod.validatePublicVoidNoArg(boolean,List) at line 178,
                     void FrameworkMethod.validatePublicVoid(boolean,List) at line 83 }},
           {elem= Access: Read of runners.ParentRunner.VALIDATORS Thread: NoThread Lock: false Pre: Unowned;
            loc= line 156;
            trace= { Result JUnitCore.runClasses(Class[]) at line 315,
                     Result JUnitCore.runClasses(Computer,Class[]) at line 53,
                     Result JUnitCore.run(Computer,Class[]) at line 66,
                     Request Request.classes(Computer,Class[]) at line 109,
                     Runner Computer.getSuite(RunnerBuilder,Class[]) at line 77,
                     Computer$2.&lt;init&gt;(Computer,RunnerBuilder,Class[]) at line 28,
                     Suite.&lt;init&gt;(RunnerBuilder,Class[]) at line 33,
                     Suite.&lt;init&gt;(Class,List) at line 81,
                     ParentRunner.&lt;init&gt;(Class) at line 112,
                     void ParentRunner.validate() at line 92,
                     void ParentRunner.collectInitializationErrors(List) at line 523,
                     void ParentRunner.applyValidators(List) at line 151 }},
           {elem= Access: Read of internal.MethodSorter.DEFAULT Thread: NoThread Lock: false Pre: Unowned;
            loc= line 67;
            trace= { Result JUnitCore.runClasses(Class[]) at line 315,
                     Result JUnitCore.runClasses(Computer,Class[]) at line 53,
                     Result JUnitCore.run(Computer,Class[]) at line 66,
                     Request Request.classes(Computer,Class[]) at line 109,
                     Runner Computer.getSuite(RunnerBuilder,Class[]) at line 77,
                     Computer$2.&lt;init&gt;(Computer,RunnerBuilder,Class[]) at line 28,
                     Suite.&lt;init&gt;(RunnerBuilder,Class[]) at line 33,
                     Suite.&lt;init&gt;(Class,List) at line 81,
                     ParentRunner.&lt;init&gt;(Class) at line 112,
                     TestClass ParentRunner.createTestClass(Class) at line 91,
                     TestClass.&lt;init&gt;(Class) at line 111,
                     void TestClass.scanAnnotatedMembers(Map,Map) at line 57,
                     Method[] MethodSorter.getDeclaredMethods(Class) at line 65,
                     Comparator MethodSorter.getSorter(FixMethodOrder) at line 52 }},
           {elem= Access: Read of rules.RuleMemberValidator.CLASS_RULE_METHOD_VALIDATOR Thread: NoThread Lock: false Pre: Unowned;
            loc= line 184;
            trace= { Result JUnitCore.runClasses(Class[]) at line 315,
                     Result JUnitCore.runClasses(Computer,Class[]) at line 53,
                     Result JUnitCore.run(Computer,Class[]) at line 66,
                     Request Request.classes(Computer,Class[]) at line 109,
                     Runner Computer.getSuite(RunnerBuilder,Class[]) at line 77,
                     Computer$2.&lt;init&gt;(Computer,RunnerBuilder,Class[]) at line 28,
                     Suite.&lt;init&gt;(RunnerBuilder,Class[]) at line 33,
                     Suite.&lt;init&gt;(Class,List) at line 81,
                     ParentRunner.&lt;init&gt;(Class) at line 112,
                     void ParentRunner.validate() at line 92,
                     void ParentRunner.collectInitializationErrors(List) at line 523,
                     void ParentRunner.validateClassRules(List) at line 150 }},
           {elem= Access: Read of rules.RuleMemberValidator.CLASS_RULE_VALIDATOR Thread: NoThread Lock: false Pre: Unowned;
            loc= line 183;
            trace= { Result JUnitCore.runClasses(Class[]) at line 315,
                     Result JUnitCore.runClasses(Computer,Class[]) at line 53,
                     Result JUnitCore.run(Computer,Class[]) at line 66,
                     Request Request.classes(Computer,Class[]) at line 109,
                     Runner Computer.getSuite(RunnerBuilder,Class[]) at line 77,
                     Computer$2.&lt;init&gt;(Computer,RunnerBuilder,Class[]) at line 28,
                     Suite.&lt;init&gt;(RunnerBuilder,Class[]) at line 33,
                     Suite.&lt;init&gt;(Class,List) at line 81,
                     ParentRunner.&lt;init&gt;(Class) at line 112,
                     void ParentRunner.validate() at line 92,
                     void ParentRunner.collectInitializationErrors(List) at line 523,
                     void ParentRunner.validateClassRules(List) at line 150 }},
           {elem= Access: Read of rules.RuleMemberValidator.CLASS_RULE_METHOD_VALIDATOR-&gt;annotation Thread: NoThread Lock: false Pre: Unowned;
            loc= line 89;
            trace= { Result JUnitCore.runClasses(Class[]) at line 315,
                     Result JUnitCore.runClasses(Computer,Class[]) at line 53,
                     Result JUnitCore.run(Computer,Class[]) at line 66,
                     Request Request.classes(Computer,Class[]) at line 109,
                     Runner Computer.getSuite(RunnerBuilder,Class[]) at line 77,
                     Computer$2.&lt;init&gt;(Computer,RunnerBuilder,Class[]) at line 28,
                     Suite.&lt;init&gt;(RunnerBuilder,Class[]) at line 33,
                     Suite.&lt;init&gt;(Class,List) at line 81,
                     ParentRunner.&lt;init&gt;(Class) at line 112,
                     void ParentRunner.validate() at line 92,
                     void ParentRunner.collectInitializationErrors(List) at line 523,
                     void ParentRunner.validateClassRules(List) at line 150,
                     void RuleMemberValidator.validate(TestClass,List) at line 184 }},
           {elem= Access: Read of rules.RuleMemberValidator.CLASS_RULE_METHOD_VALIDATOR-&gt;methods Thread: NoThread Lock: false Pre: Unowned;
            loc= line 89;
            trace= { Result JUnitCore.runClasses(Class[]) at line 315,
                     Result JUnitCore.runClasses(Computer,Class[]) at line 53,
                     Result JUnitCore.run(Computer,Class[]) at line 66,
                     Request Request.classes(Computer,Class[]) at line 109,
                     Runner Computer.getSuite(RunnerBuilder,Class[]) at line 77,
                     Computer$2.&lt;init&gt;(Computer,RunnerBuilder,Class[]) at line 28,
                     Suite.&lt;init&gt;(RunnerBuilder,Class[]) at line 33,
                     Suite.&lt;init&gt;(Class,List) at line 81,
                     ParentRunner.&lt;init&gt;(Class) at line 112,
                     void ParentRunner.validate() at line 92,
                     void ParentRunner.collectInitializationErrors(List) at line 523,
                     void ParentRunner.validateClassRules(List) at line 150,
                     void RuleMemberValidator.validate(TestClass,List) at line 184 }},
           {elem= Access: Read of rules.RuleMemberValidator.CLASS_RULE_METHOD_VALIDATOR-&gt;validatorStrategies Thread: NoThread Lock: false Pre: Unowned;
            loc= line 98;
            trace= { Result JUnitCore.runClasses(Class[]) at line 315,
                     Result JUnitCore.runClasses(Computer,Class[]) at line 53,
                     Result JUnitCore.run(Computer,Class[]) at line 66,
                     Request Request.classes(Computer,Class[]) at line 109,
                     Runner Computer.getSuite(RunnerBuilder,Class[]) at line 77,
                     Computer$2.&lt;init&gt;(Computer,RunnerBuilder,Class[]) at line 28,
                     Suite.&lt;init&gt;(RunnerBuilder,Class[]) at line 33,
                     Suite.&lt;init&gt;(Class,List) at line 81,
                     ParentRunner.&lt;init&gt;(Class) at line 112,
                     void ParentRunner.validate() at line 92,
                     void ParentRunner.collectInitializationErrors(List) at line 523,
                     void ParentRunner.validateClassRules(List) at line 150,
                     void RuleMemberValidator.validate(TestClass,List) at line 184,
                     void RuleMemberValidator.validateMember(FrameworkMember,List) at line 93 }},
           {elem= Access: Read of rules.RuleMemberValidator.CLASS_RULE_VALIDATOR-&gt;annotation Thread: NoThread Lock: false Pre: Unowned;
            loc= line 89;
            trace= { Result JUnitCore.runClasses(Class[]) at line 315,
                     Result JUnitCore.runClasses(Computer,Class[]) at line 53,
                     Result JUnitCore.run(Computer,Class[]) at line 66,
                     Request Request.classes(Computer,Class[]) at line 109,
                     Runner Computer.getSuite(RunnerBuilder,Class[]) at line 77,
                     Computer$2.&lt;init&gt;(Computer,RunnerBuilder,Class[]) at line 28,
                     Suite.&lt;init&gt;(RunnerBuilder,Class[]) at line 33,
                     Suite.&lt;init&gt;(Class,List) at line 81,
                     ParentRunner.&lt;init&gt;(Class) at line 112,
                     void ParentRunner.validate() at line 92,
                     void ParentRunner.collectInitializationErrors(List) at line 523,
                     void ParentRunner.validateClassRules(List) at line 150,
                     void RuleMemberValidator.validate(TestClass,List) at line 183 }},
           {elem= Access: Read of rules.RuleMemberValidator.CLASS_RULE_VALIDATOR-&gt;methods Thread: NoThread Lock: false Pre: Unowned;
            loc= line 89;
            trace= { Result JUnitCore.runClasses(Class[]) at line 315,
                     Result JUnitCore.runClasses(Computer,Class[]) at line 53,
                     Result JUnitCore.run(Computer,Class[]) at line 66,
                     Request Request.classes(Computer,Class[]) at line 109,
                     Runner Computer.getSuite(RunnerBuilder,Class[]) at line 77,
                     Computer$2.&lt;init&gt;(Computer,RunnerBuilder,Class[]) at line 28,
                     Suite.&lt;init&gt;(RunnerBuilder,Class[]) at line 33,
                     Suite.&lt;init&gt;(Class,List) at line 81,
                     ParentRunner.&lt;init&gt;(Class) at line 112,
                     void ParentRunner.validate() at line 92,
                     void ParentRunner.collectInitializationErrors(List) at line 523,
                     void ParentRunner.validateClassRules(List) at line 150,
                     void RuleMemberValidator.validate(TestClass,List) at line 183 }},
           {elem= Access: Read of rules.RuleMemberValidator.CLASS_RULE_VALIDATOR-&gt;validatorStrategies Thread: NoThread Lock: false Pre: Unowned;
            loc= line 98;
            trace= { Result JUnitCore.runClasses(Class[]) at line 315,
                     Result JUnitCore.runClasses(Computer,Class[]) at line 53,
                     Result JUnitCore.run(Computer,Class[]) at line 66,
                     Request Request.classes(Computer,Class[]) at line 109,
                     Runner Computer.getSuite(RunnerBuilder,Class[]) at line 77,
                     Computer$2.&lt;init&gt;(Computer,RunnerBuilder,Class[]) at line 28,
                     Suite.&lt;init&gt;(RunnerBuilder,Class[]) at line 33,
                     Suite.&lt;init&gt;(Class,List) at line 81,
                     ParentRunner.&lt;init&gt;(Class) at line 112,
                     void ParentRunner.validate() at line 92,
                     void ParentRunner.collectInitializationErrors(List) at line 523,
                     void ParentRunner.validateClassRules(List) at line 150,
                     void RuleMemberValidator.validate(TestClass,List) at line 183,
                     void RuleMemberValidator.validateMember(FrameworkMember,List) at line 93 }},
           {elem= Access: Write to classes.ParameterizedTestTest.fLog Thread: NoThread Lock: false Pre: Unowned;
            loc= line 314; trace= { }} } 
Ownership: { n$0 -&gt; Owned,
             n$3 -&gt; Owned,
             n$6 -&gt; Owned,
             result -&gt; Owned,
             this -&gt; OwnedIf{ 0 },
             *n$0[_] -&gt; Owned } 
Attributes: { classes.ParameterizedTestTest.fLog -&gt; Functional,
              *n$0[_] -&gt; Functional } 


</LISTING>
<hr width="100%">
<a name="session48" href="./../nodes/org.junit.tests.running.classes.ParameterizedTestTest.beforeParamAndAfterParamAreRun%28%29%3Avoid.54a97f3199e0601d5d23128eda9fa8df_node8.html#session48">node8#session48</a>(<a href="./../../ParameterizedTestTest.java.88da44e98279dfa32c0c7e5c52f053d0.html#LINE316">316</a>) biabduction
<LISTING class='color_black'>**** [FP:Pending] void ParameterizedTestTest.beforeParamAndAfterParamAreRun() Node: 8, Procedure: void ParameterizedTestTest.beforeParamAndAfterParamAreRun(), Todo: 1 ****
  PROP 1 of 1:
  <span class='color_blue'><span class='color_red'>MEMna &lt; new[]:315 &gt; <span class='color_orange'>{vpath: }</span>(_t$4)</span>; <span class='color_red'>UND &lt; Result JUnitCore.runClasses(Computer,Class[]) &gt; :53(result)</span> ;
  <span class='color_red'>result = _t$3<span class='color_orange'>update:315</span>:org.junit.runner.Result*</span>; <span class='color_red'>$irvar0 = 0<span class='color_orange'>nullify</span>:void</span>; <span class='color_red'>return = _t$2<span class='color_orange'>initial</span>:void</span>; <span class='color_red'>$irvar1 = _t$1<span class='color_orange'>initial</span>:void</span>; <span class='color_red'>#GB<>$org.junit.tests.running.classes.ParameterizedTestTest = {fLog:""<span class='color_orange'>update:314</span>}<span class='color_orange'>rearrange:314</span>:org.junit.tests.running.classes.ParameterizedTestTest( sub )</span>; <span class='color_red'>$irvar2 = _t$0<span class='color_orange'>initial</span>:void</span>; <span class='color_red'>this = @f$0<span class='color_orange'>formal</span>:org.junit.tests.running.classes.ParameterizedTestTest*( sub )</span>; <span class='color_red'>old_this = @f$0<span class='color_orange'>formal</span>:org.junit.tests.running.classes.ParameterizedTestTest*( sub )</span>
  [footprint
     <span class='color_red'>#GB<>$org.junit.tests.running.classes.ParameterizedTestTest = {fLog:@f$1<span class='color_orange'>rearrange:314</span>}<span class='color_orange'>rearrange:314</span>:org.junit.tests.running.classes.ParameterizedTestTest( sub )</span>; <span class='color_red'>this = @f$0<span class='color_orange'>formal</span>:org.junit.tests.running.classes.ParameterizedTestTest*( sub )</span>  ]</span>
  .... Instructions: ....
  <span class='color_green'>n$4=*&amp;result:org.junit.runner.Result* [line 316];
  _=*n$4:org.junit.runner.Result*(root org.junit.runner.Result) [line 316];
  n$6=_fun_int Result.getFailureCount()(n$4:org.junit.runner.Result*) virtual [line 316];
  *&amp;$irvar1:int=n$6 [line 316];
  NULLIFY(&amp;result); [line 316];
  EXIT_SCOPE(_,n$4,n$6,result); [line 316];
  </span>
  
  Processing prop 1/1
    Instruction <span class='color_green'>n$4=*&amp;result:org.junit.runner.Result* [line 316]</span>
    in vpath_find exp:n$41
    vpath_find: cannot find n$41
    .... Rearrangement Start ....
    Exp: &amp;result
    Prop:
    <span class='color_blue'>MEMna &lt; new[]:315 &gt; <span class='color_orange'>{vpath: }</span>(n$41); UND &lt; Result JUnitCore.runClasses(Computer,Class[]) &gt; :53(result) ;
    result = n$37<span class='color_orange'>update:315</span>:org.junit.runner.Result*; $irvar0 = 0<span class='color_orange'>nullify</span>:void; return = n$38<span class='color_orange'>initial</span>:void; $irvar1 = n$39<span class='color_orange'>initial</span>:void; #GB<>$org.junit.tests.running.classes.ParameterizedTestTest = {fLog:""<span class='color_orange'>update:314</span>}<span class='color_orange'>rearrange:314</span>:org.junit.tests.running.classes.ParameterizedTestTest( sub ); $irvar2 = n$40<span class='color_orange'>initial</span>:void; this = @f$0<span class='color_orange'>formal</span>:org.junit.tests.running.classes.ParameterizedTestTest*( sub ); old_this = @f$0<span class='color_orange'>formal</span>:org.junit.tests.running.classes.ParameterizedTestTest*( sub )
    [footprint
       #GB<>$org.junit.tests.running.classes.ParameterizedTestTest = {fLog:@f$1<span class='color_orange'>rearrange:314</span>}<span class='color_orange'>rearrange:314</span>:org.junit.tests.running.classes.ParameterizedTestTest( sub ); this = @f$0<span class='color_orange'>formal</span>:org.junit.tests.running.classes.ParameterizedTestTest*( sub )  ]</span>
    
    in prop_iter_extend_ptsto lexp: &amp;result
    prop before:
    <span class='color_blue'>MEMna &lt; new[]:315 &gt; <span class='color_orange'>{vpath: }</span>(n$41); UND &lt; Result JUnitCore.runClasses(Computer,Class[]) &gt; :53(result) ;
    result = n$37<span class='color_orange'>update:315</span>:org.junit.runner.Result*; $irvar0 = 0<span class='color_orange'>nullify</span>:void; return = n$38<span class='color_orange'>initial</span>:void; $irvar1 = n$39<span class='color_orange'>initial</span>:void; #GB<>$org.junit.tests.running.classes.ParameterizedTestTest = {fLog:""<span class='color_orange'>update:314</span>}<span class='color_orange'>rearrange:314</span>:org.junit.tests.running.classes.ParameterizedTestTest( sub ); $irvar2 = n$40<span class='color_orange'>initial</span>:void; this = @f$0<span class='color_orange'>formal</span>:org.junit.tests.running.classes.ParameterizedTestTest*( sub ); old_this = @f$0<span class='color_orange'>formal</span>:org.junit.tests.running.classes.ParameterizedTestTest*( sub )
    [footprint
       #GB<>$org.junit.tests.running.classes.ParameterizedTestTest = {fLog:@f$1<span class='color_orange'>rearrange:314</span>}<span class='color_orange'>rearrange:314</span>:org.junit.tests.running.classes.ParameterizedTestTest( sub ); this = @f$0<span class='color_orange'>formal</span>:org.junit.tests.running.classes.ParameterizedTestTest*( sub )  ]</span>
    
    
    prop list after:
    PROP 1 of 1:
    <span class='color_blue'><span class='color_blue'>MEMna &lt; new[]:315 &gt; <span class='color_orange'>{vpath: }</span>(n$41)</span>; <span class='color_blue'>UND &lt; Result JUnitCore.runClasses(Computer,Class[]) &gt; :53(result)</span> ;
    <span class='color_blue'>result = n$37<span class='color_orange'>update:315</span>:org.junit.runner.Result*</span>; <span class='color_blue'>$irvar0 = 0<span class='color_orange'>nullify</span>:void</span>; <span class='color_blue'>return = n$38<span class='color_orange'>initial</span>:void</span>; <span class='color_blue'>$irvar1 = n$39<span class='color_orange'>initial</span>:void</span>; <span class='color_blue'>#GB<>$org.junit.tests.running.classes.ParameterizedTestTest = {fLog:""<span class='color_orange'>update:314</span>}<span class='color_orange'>rearrange:314</span>:org.junit.tests.running.classes.ParameterizedTestTest( sub )</span>; <span class='color_blue'>$irvar2 = n$40<span class='color_orange'>initial</span>:void</span>; <span class='color_blue'>this = @f$0<span class='color_orange'>formal</span>:org.junit.tests.running.classes.ParameterizedTestTest*( sub )</span>; <span class='color_blue'>old_this = @f$0<span class='color_orange'>formal</span>:org.junit.tests.running.classes.ParameterizedTestTest*( sub )</span>
    [footprint
       <span class='color_blue'>#GB<>$org.junit.tests.running.classes.ParameterizedTestTest = {fLog:@f$1<span class='color_orange'>rearrange:314</span>}<span class='color_orange'>rearrange:314</span>:org.junit.tests.running.classes.ParameterizedTestTest( sub )</span>; <span class='color_blue'>this = @f$0<span class='color_orange'>formal</span>:org.junit.tests.running.classes.ParameterizedTestTest*( sub )</span>  ]</span>
    
    
    
    Instruction Returns
    PROP 1 of 1:
    <span class='color_blue'><span class='color_blue'>MEMna &lt; new[]:315 &gt; <span class='color_orange'>{vpath: }</span>(_t$3)</span>; <span class='color_red'>UND &lt; Result JUnitCore.runClasses(Computer,Class[]) &gt; :53(result)</span> ;
    <span class='color_blue'>result = <span class='color_red'>n$4<span class='color_orange'>update:315</span></span>:org.junit.runner.Result*</span>; <span class='color_blue'>$irvar0 = 0<span class='color_orange'>nullify</span>:void</span>; <span class='color_blue'>return = _t$2<span class='color_orange'>initial</span>:void</span>; <span class='color_blue'>$irvar1 = _t$1<span class='color_orange'>initial</span>:void</span>; <span class='color_blue'>#GB<>$org.junit.tests.running.classes.ParameterizedTestTest = {fLog:""<span class='color_orange'>update:314</span>}<span class='color_orange'>rearrange:314</span>:org.junit.tests.running.classes.ParameterizedTestTest( sub )</span>; <span class='color_blue'>$irvar2 = _t$0<span class='color_orange'>initial</span>:void</span>; <span class='color_blue'>this = @f$0<span class='color_orange'>formal</span>:org.junit.tests.running.classes.ParameterizedTestTest*( sub )</span>; <span class='color_blue'>old_this = @f$0<span class='color_orange'>formal</span>:org.junit.tests.running.classes.ParameterizedTestTest*( sub )</span>
    [footprint
       <span class='color_blue'>#GB<>$org.junit.tests.running.classes.ParameterizedTestTest = {fLog:@f$1<span class='color_orange'>rearrange:314</span>}<span class='color_orange'>rearrange:314</span>:org.junit.tests.running.classes.ParameterizedTestTest( sub )</span>; <span class='color_blue'>this = @f$0<span class='color_orange'>formal</span>:org.junit.tests.running.classes.ParameterizedTestTest*( sub )</span>  ]</span>
    
    Instruction <span class='color_green'>_=*n$4:org.junit.runner.Result*(root org.junit.runner.Result) [line 316]</span>
    in vpath_find exp:n$45
    vpath_find: cannot find n$45
    .... Rearrangement Start ....
    Exp: n$4
    Prop:
    <span class='color_blue'>MEMna &lt; new[]:315 &gt; <span class='color_orange'>{vpath: }</span>(n$45); UND &lt; Result JUnitCore.runClasses(Computer,Class[]) &gt; :53(result) ;
    result = n$4<span class='color_orange'>update:315</span>:org.junit.runner.Result*; $irvar0 = 0<span class='color_orange'>nullify</span>:void; return = n$42<span class='color_orange'>initial</span>:void; $irvar1 = n$43<span class='color_orange'>initial</span>:void; #GB<>$org.junit.tests.running.classes.ParameterizedTestTest = {fLog:""<span class='color_orange'>update:314</span>}<span class='color_orange'>rearrange:314</span>:org.junit.tests.running.classes.ParameterizedTestTest( sub ); $irvar2 = n$44<span class='color_orange'>initial</span>:void; this = @f$0<span class='color_orange'>formal</span>:org.junit.tests.running.classes.ParameterizedTestTest*( sub ); old_this = @f$0<span class='color_orange'>formal</span>:org.junit.tests.running.classes.ParameterizedTestTest*( sub )
    [footprint
       #GB<>$org.junit.tests.running.classes.ParameterizedTestTest = {fLog:@f$1<span class='color_orange'>rearrange:314</span>}<span class='color_orange'>rearrange:314</span>:org.junit.tests.running.classes.ParameterizedTestTest( sub ); this = @f$0<span class='color_orange'>formal</span>:org.junit.tests.running.classes.ParameterizedTestTest*( sub )  ]</span>
    
    ++++ Adding footprint frame
    <span class='color_blue'>n$4|->{}<span class='color_orange'>rearrange:(z)316</span>:org.junit.runner.Result( sub )</span>
    
    Instruction Returns
    PROP 1 of 1:
    <span class='color_blue'><span class='color_blue'>MEMna &lt; new[]:315 &gt; <span class='color_orange'>{vpath: }</span>(_t$3)</span>; <span class='color_blue'>UND &lt; Result JUnitCore.runClasses(Computer,Class[]) &gt; :53(result)</span> ;
    <span class='color_blue'>result = n$4<span class='color_orange'>update:315</span>:org.junit.runner.Result*</span>; <span class='color_blue'>$irvar0 = 0<span class='color_orange'>nullify</span>:void</span>; <span class='color_blue'>return = _t$2<span class='color_orange'>initial</span>:void</span>; <span class='color_blue'>$irvar1 = _t$1<span class='color_orange'>initial</span>:void</span>; <span class='color_blue'>#GB<>$org.junit.tests.running.classes.ParameterizedTestTest = {fLog:""<span class='color_orange'>update:314</span>}<span class='color_orange'>rearrange:314</span>:org.junit.tests.running.classes.ParameterizedTestTest( sub )</span>; <span class='color_blue'>$irvar2 = _t$0<span class='color_orange'>initial</span>:void</span>; <span class='color_blue'>this = @f$0<span class='color_orange'>formal</span>:org.junit.tests.running.classes.ParameterizedTestTest*( sub )</span>; <span class='color_blue'>old_this = @f$0<span class='color_orange'>formal</span>:org.junit.tests.running.classes.ParameterizedTestTest*( sub )</span> ;
    <span class='color_red'>result|->{}<span class='color_orange'>rearrange:(z)316</span>:org.junit.runner.Result( sub )</span>
    [footprint
       <span class='color_blue'>#GB<>$org.junit.tests.running.classes.ParameterizedTestTest = {fLog:@f$1<span class='color_orange'>rearrange:314</span>}<span class='color_orange'>rearrange:314</span>:org.junit.tests.running.classes.ParameterizedTestTest( sub )</span>; <span class='color_blue'>this = @f$0<span class='color_orange'>formal</span>:org.junit.tests.running.classes.ParameterizedTestTest*( sub )</span> ;
       <span class='color_red'>result|->{}<span class='color_orange'>rearrange:(z)316</span>:org.junit.runner.Result( sub )</span>  ]</span>
    
    Instruction <span class='color_green'>n$6=_fun_int Result.getFailureCount()(n$4:org.junit.runner.Result*) virtual [line 316]</span>
    in vpath_find exp:n$49
    vpath_find: cannot find n$49
    Found 1 specs for function org.junit.runner.Result.getFailureCount():int
    START EXECUTING SPECS FOR org.junit.runner.Result.getFailureCount():int from state
    <span class='color_blue'>MEMna &lt; new[]:315 &gt; <span class='color_orange'>{vpath: }</span>(n$49); UND &lt; Result JUnitCore.runClasses(Computer,Class[]) &gt; :53(result) ;
    result = n$4<span class='color_orange'>update:315</span>:org.junit.runner.Result*; $irvar0 = 0<span class='color_orange'>nullify</span>:void; return = n$46<span class='color_orange'>initial</span>:void; $irvar1 = n$47<span class='color_orange'>initial</span>:void; #GB<>$org.junit.tests.running.classes.ParameterizedTestTest = {fLog:""<span class='color_orange'>update:314</span>}<span class='color_orange'>rearrange:314</span>:org.junit.tests.running.classes.ParameterizedTestTest( sub ); $irvar2 = n$48<span class='color_orange'>initial</span>:void; this = @f$0<span class='color_orange'>formal</span>:org.junit.tests.running.classes.ParameterizedTestTest*( sub ); old_this = @f$0<span class='color_orange'>formal</span>:org.junit.tests.running.classes.ParameterizedTestTest*( sub ) ;
    result|->{}<span class='color_orange'>rearrange:(z)316</span>:org.junit.runner.Result( sub )
    [footprint
       #GB<>$org.junit.tests.running.classes.ParameterizedTestTest = {fLog:@f$1<span class='color_orange'>rearrange:314</span>}<span class='color_orange'>rearrange:314</span>:org.junit.tests.running.classes.ParameterizedTestTest( sub ); this = @f$0<span class='color_orange'>formal</span>:org.junit.tests.running.classes.ParameterizedTestTest*( sub ) ;
       result|->{}<span class='color_orange'>rearrange:(z)316</span>:org.junit.runner.Result( sub )  ]</span>
    EXECUTING SPEC 1/1
    ACTUAL PRECONDITION =
      <span class='color_blue'>MEMna &lt; new[]:315 &gt; <span class='color_orange'>{vpath: }</span>(n$49); UND &lt; Result JUnitCore.runClasses(Computer,Class[]) &gt; :53(this|callee) ;
      result = n$4<span class='color_orange'>update:315</span>:org.junit.runner.Result*; $irvar0 = 0<span class='color_orange'>nullify</span>:void; return = n$46<span class='color_orange'>initial</span>:void; $irvar1 = n$47<span class='color_orange'>initial</span>:void; #GB<>$org.junit.tests.running.classes.ParameterizedTestTest = {fLog:""<span class='color_orange'>update:314</span>}<span class='color_orange'>rearrange:314</span>:org.junit.tests.running.classes.ParameterizedTestTest( sub ); $irvar2 = n$48<span class='color_orange'>initial</span>:void; this = @f$0<span class='color_orange'>formal</span>:org.junit.tests.running.classes.ParameterizedTestTest*( sub ); this|callee = n$4<span class='color_orange'>actual_precondition</span>:org.junit.runner.Result*; old_this = @f$0<span class='color_orange'>formal</span>:org.junit.tests.running.classes.ParameterizedTestTest*( sub ) ;
      this|callee|->{}<span class='color_orange'>rearrange:(z)316</span>:org.junit.runner.Result( sub )
      [footprint
         #GB<>$org.junit.tests.running.classes.ParameterizedTestTest = {fLog:@f$1<span class='color_orange'>rearrange:314</span>}<span class='color_orange'>rearrange:314</span>:org.junit.tests.running.classes.ParameterizedTestTest( sub ); this = @f$0<span class='color_orange'>formal</span>:org.junit.tests.running.classes.ParameterizedTestTest*( sub ) ;
         this|callee|->{}<span class='color_orange'>rearrange:(z)316</span>:org.junit.runner.Result( sub )  ]</span>
    SPEC =
      --------------------------- ---------- ---------------------------
      PRE:
      <span class='color_blue'><span class='color_blue'>this|callee = _t$64<span class='color_orange'>formal</span>:org.junit.runner.Result*( sub ) ;
      _t$63|->{}<span class='color_orange'>rearrange:(z)68</span>:java.util.concurrent.CopyOnWriteArrayList( sub ); this|callee|->{failures:_t$63<span class='color_orange'>rearrange:(z)68</span>}<span class='color_orange'>rearrange:(z)68</span>:org.junit.runner.Result( sub )</span></span>
      POST 1 of 1:
      <span class='color_blue'><span class='color_red'>UND &lt; int CopyOnWriteArrayList.size() &gt; :68(return|callee)</span> ;
      <span class='color_red'>return|callee = _t$65<span class='color_orange'>update:68</span>:int</span> ;
      _t$63|->{}<span class='color_orange'>formal(z)</span>:java.util.concurrent.CopyOnWriteArrayList( sub ); this|callee|->{failures:_t$63<span class='color_orange'>formal(z)</span>}<span class='color_orange'>formal(z)</span>:org.junit.runner.Result( sub )</span>
      ----------------------------------------------------------------
    pre_check_pure_implication
    pi1:
      MEMna &lt; new[]:315 &gt; <span class='color_orange'>{vpath: }</span>(n$49); UND &lt; Result JUnitCore.runClasses(Computer,Class[]) &gt; :53(n$4)
    pi2:
      
    returns
    sub1:
      
    sub2:
      
    Current Implication
    SUB:
      
    <span class='color_blue'>MEMna &lt; new[]:315 &gt; <span class='color_orange'>{vpath: }</span>(n$49); UND &lt; Result JUnitCore.runClasses(Computer,Class[]) &gt; :53(this|callee) ;
    result = n$4<span class='color_orange'>update:315</span>:org.junit.runner.Result*; $irvar0 = 0<span class='color_orange'>nullify</span>:void; return = n$46<span class='color_orange'>initial</span>:void; $irvar1 = n$47<span class='color_orange'>initial</span>:void; #GB<>$org.junit.tests.running.classes.ParameterizedTestTest = {fLog:""<span class='color_orange'>update:314</span>}<span class='color_orange'>rearrange:314</span>:org.junit.tests.running.classes.ParameterizedTestTest( sub ); $irvar2 = n$48<span class='color_orange'>initial</span>:void; this = @f$0<span class='color_orange'>formal</span>:org.junit.tests.running.classes.ParameterizedTestTest*( sub ); this|callee = n$4<span class='color_orange'>actual_precondition</span>:org.junit.runner.Result*; old_this = @f$0<span class='color_orange'>formal</span>:org.junit.tests.running.classes.ParameterizedTestTest*( sub ) ;
    this|callee|->{}<span class='color_orange'>rearrange:(z)316</span>:org.junit.runner.Result( sub )
    [footprint
       #GB<>$org.junit.tests.running.classes.ParameterizedTestTest = {fLog:@f$1<span class='color_orange'>rearrange:314</span>}<span class='color_orange'>rearrange:314</span>:org.junit.tests.running.classes.ParameterizedTestTest( sub ); this = @f$0<span class='color_orange'>formal</span>:org.junit.tests.running.classes.ParameterizedTestTest*( sub ) ;
       this|callee|->{}<span class='color_orange'>rearrange:(z)316</span>:org.junit.runner.Result( sub )  ]</span>
    |-
    <span class='color_blue'>this|callee = _t$64<span class='color_orange'>formal</span>:org.junit.runner.Result*( sub ) ;
    this|callee|->{failures:_t$63<span class='color_orange'>rearrange:(z)68</span>}<span class='color_orange'>rearrange:(z)68</span>:org.junit.runner.Result( sub ); _t$63|->{}<span class='color_orange'>rearrange:(z)68</span>:java.util.concurrent.CopyOnWriteArrayList( sub )</span>
    
      do_imply n$4 _t$64
        Current Implication
        SUB:
          
        <span class='color_blue'>MEMna &lt; new[]:315 &gt; <span class='color_orange'>{vpath: }</span>(n$49); UND &lt; Result JUnitCore.runClasses(Computer,Class[]) &gt; :53(result) ;
        result = n$4<span class='color_orange'>update:315</span>:org.junit.runner.Result*; $irvar0 = 0<span class='color_orange'>nullify</span>:void; return = n$46<span class='color_orange'>initial</span>:void; $irvar1 = n$47<span class='color_orange'>initial</span>:void; #GB<>$org.junit.tests.running.classes.ParameterizedTestTest = {fLog:""<span class='color_orange'>update:314</span>}<span class='color_orange'>rearrange:314</span>:org.junit.tests.running.classes.ParameterizedTestTest( sub ); $irvar2 = n$48<span class='color_orange'>initial</span>:void; this = @f$0<span class='color_orange'>formal</span>:org.junit.tests.running.classes.ParameterizedTestTest*( sub ); old_this = @f$0<span class='color_orange'>formal</span>:org.junit.tests.running.classes.ParameterizedTestTest*( sub ) ;
        result|->{}<span class='color_orange'>rearrange:(z)316</span>:org.junit.runner.Result( sub )
        [footprint
           #GB<>$org.junit.tests.running.classes.ParameterizedTestTest = {fLog:@f$1<span class='color_orange'>rearrange:314</span>}<span class='color_orange'>rearrange:314</span>:org.junit.tests.running.classes.ParameterizedTestTest( sub ); this = @f$0<span class='color_orange'>formal</span>:org.junit.tests.running.classes.ParameterizedTestTest*( sub ) ;
           result|->{}<span class='color_orange'>rearrange:(z)316</span>:org.junit.runner.Result( sub )  ]</span>
        [SUB: 
          _t$64 = n$4]
        |-
        <span class='color_blue'>n$4|->{failures:_t$63<span class='color_orange'>rearrange:(z)68</span>}<span class='color_orange'>rearrange:(z)68</span>:org.junit.runner.Result( sub ); _t$63|->{}<span class='color_orange'>rearrange:(z)68</span>:java.util.concurrent.CopyOnWriteArrayList( sub )</span>
        
            Current Implication
            SUB:
              
            <span class='color_blue'>MEMna &lt; new[]:315 &gt; <span class='color_orange'>{vpath: }</span>(n$49); UND &lt; Result JUnitCore.runClasses(Computer,Class[]) &gt; :53(result) ;
            result = n$4<span class='color_orange'>update:315</span>:org.junit.runner.Result*; $irvar0 = 0<span class='color_orange'>nullify</span>:void; return = n$46<span class='color_orange'>initial</span>:void; $irvar1 = n$47<span class='color_orange'>initial</span>:void; #GB<>$org.junit.tests.running.classes.ParameterizedTestTest = {fLog:""<span class='color_orange'>update:314</span>}<span class='color_orange'>rearrange:314</span>:org.junit.tests.running.classes.ParameterizedTestTest( sub ); $irvar2 = n$48<span class='color_orange'>initial</span>:void; this = @f$0<span class='color_orange'>formal</span>:org.junit.tests.running.classes.ParameterizedTestTest*( sub ); old_this = @f$0<span class='color_orange'>formal</span>:org.junit.tests.running.classes.ParameterizedTestTest*( sub )
            [footprint
               #GB<>$org.junit.tests.running.classes.ParameterizedTestTest = {fLog:@f$1<span class='color_orange'>rearrange:314</span>}<span class='color_orange'>rearrange:314</span>:org.junit.tests.running.classes.ParameterizedTestTest( sub ); this = @f$0<span class='color_orange'>formal</span>:org.junit.tests.running.classes.ParameterizedTestTest*( sub ) ;
               result|->{}<span class='color_orange'>rearrange:(z)316</span>:org.junit.runner.Result( sub )  ]</span>
            [SUB: 
              _t$63 = @f$2; _t$64 = n$4
            MISSING FLD:
              n$4|->{failures:_t$63<span class='color_orange'>rearrange:(z)68</span>}<span class='color_orange'>rearrange:(z)316</span>:org.junit.runner.Result( sub )]
            |-
            <span class='color_blue'>@f$2|->{}<span class='color_orange'>rearrange:(z)68</span>:java.util.concurrent.CopyOnWriteArrayList( sub )</span>
            [FRAME TYPING:
              n$4: org.junit.runner.Result( sub ) ]
            
                Final Implication
                SUB:
                  
                <span class='color_blue'>MEMna &lt; new[]:315 &gt; <span class='color_orange'>{vpath: }</span>(n$49); UND &lt; Result JUnitCore.runClasses(Computer,Class[]) &gt; :53(result) ;
                result = n$4<span class='color_orange'>update:315</span>:org.junit.runner.Result*; $irvar0 = 0<span class='color_orange'>nullify</span>:void; return = n$46<span class='color_orange'>initial</span>:void; $irvar1 = n$47<span class='color_orange'>initial</span>:void; #GB<>$org.junit.tests.running.classes.ParameterizedTestTest = {fLog:""<span class='color_orange'>update:314</span>}<span class='color_orange'>rearrange:314</span>:org.junit.tests.running.classes.ParameterizedTestTest( sub ); $irvar2 = n$48<span class='color_orange'>initial</span>:void; this = @f$0<span class='color_orange'>formal</span>:org.junit.tests.running.classes.ParameterizedTestTest*( sub ); old_this = @f$0<span class='color_orange'>formal</span>:org.junit.tests.running.classes.ParameterizedTestTest*( sub )
                [footprint
                   #GB<>$org.junit.tests.running.classes.ParameterizedTestTest = {fLog:@f$1<span class='color_orange'>rearrange:314</span>}<span class='color_orange'>rearrange:314</span>:org.junit.tests.running.classes.ParameterizedTestTest( sub ); this = @f$0<span class='color_orange'>formal</span>:org.junit.tests.running.classes.ParameterizedTestTest*( sub ) ;
                   result|->{}<span class='color_orange'>rearrange:(z)316</span>:org.junit.runner.Result( sub )  ]</span>
                [SUB: 
                  _t$63 = @f$2; _t$64 = n$4
                @f$2|->{}<span class='color_orange'>rearrange:(z)68</span>:java.util.concurrent.CopyOnWriteArrayList( sub )
                MISSING FLD:
                  n$4|->{failures:_t$63<span class='color_orange'>rearrange:(z)68</span>}<span class='color_orange'>rearrange:(z)316</span>:org.junit.runner.Result( sub )]
                |-
                <span class='color_blue'></span>
                [FRAME TYPING:
                  n$4: org.junit.runner.Result( sub ) ]
    Result of Abduction
      SUB:
        
      <span class='color_blue'>MEMna &lt; new[]:315 &gt; <span class='color_orange'>{vpath: }</span>(n$49); UND &lt; Result JUnitCore.runClasses(Computer,Class[]) &gt; :53(this|callee) ;
      result = n$4<span class='color_orange'>update:315</span>:org.junit.runner.Result*; $irvar0 = 0<span class='color_orange'>nullify</span>:void; return = n$46<span class='color_orange'>initial</span>:void; $irvar1 = n$47<span class='color_orange'>initial</span>:void; #GB<>$org.junit.tests.running.classes.ParameterizedTestTest = {fLog:""<span class='color_orange'>update:314</span>}<span class='color_orange'>rearrange:314</span>:org.junit.tests.running.classes.ParameterizedTestTest( sub ); $irvar2 = n$48<span class='color_orange'>initial</span>:void; this = @f$0<span class='color_orange'>formal</span>:org.junit.tests.running.classes.ParameterizedTestTest*( sub ); this|callee = n$4<span class='color_orange'>actual_precondition</span>:org.junit.runner.Result*; old_this = @f$0<span class='color_orange'>formal</span>:org.junit.tests.running.classes.ParameterizedTestTest*( sub ) ;
      this|callee|->{}<span class='color_orange'>rearrange:(z)316</span>:org.junit.runner.Result( sub )
      [footprint
         #GB<>$org.junit.tests.running.classes.ParameterizedTestTest = {fLog:@f$1<span class='color_orange'>rearrange:314</span>}<span class='color_orange'>rearrange:314</span>:org.junit.tests.running.classes.ParameterizedTestTest( sub ); this = @f$0<span class='color_orange'>formal</span>:org.junit.tests.running.classes.ParameterizedTestTest*( sub ) ;
         this|callee|->{}<span class='color_orange'>rearrange:(z)316</span>:org.junit.runner.Result( sub )  ]</span>
      [SUB: 
        _t$63 = @f$2; _t$64 = n$4
      @f$2|->{}<span class='color_orange'>rearrange:(z)68</span>:java.util.concurrent.CopyOnWriteArrayList( sub )
      MISSING FLD:
        n$4|->{failures:_t$63<span class='color_orange'>rearrange:(z)68</span>}<span class='color_orange'>rearrange:(z)316</span>:org.junit.runner.Result( sub )]
      |-
      <span class='color_blue'>this|callee = n$4<span class='color_orange'>formal</span>:org.junit.runner.Result*( sub ) ;
      @f$2|->{}<span class='color_orange'>rearrange:(z)68</span>:java.util.concurrent.CopyOnWriteArrayList( sub ); this|callee|->{failures:@f$2<span class='color_orange'>rearrange:(z)68</span>}<span class='color_orange'>rearrange:(z)68</span>:org.junit.runner.Result( sub )</span>
      [FRAME TYPING:
        n$4: org.junit.runner.Result( sub ) ]
    returning TRUE
    explain_dereference_as_caller_expression _t$64: cannot explain None
    <span class='color_red'>found error in dereference</span>
    spec_pre:
    <span class='color_blue'>this|callee = _t$64<span class='color_orange'>formal</span>:org.junit.runner.Result*( sub ) ;
    _t$63|->{}<span class='color_orange'>rearrange:(z)68</span>:java.util.concurrent.CopyOnWriteArrayList( sub ); this|callee|->{failures:_t$63<span class='color_orange'>rearrange:(z)68</span>}<span class='color_orange'>rearrange:(z)68</span>:org.junit.runner.Result( sub )</span>
    exp _t$64 desc: 
    <span class='color_orange'>WARNING: Missing fields hpred has non-footprint vars: </span>n$4|->{failures:@f$2<span class='color_orange'>rearrange:(z)68</span>}<span class='color_orange'>rearrange:(z)316</span>:org.junit.runner.Result( sub )
      New footprint:
      @f$2|->{}<span class='color_orange'>rearrange:(z)68</span>:java.util.concurrent.CopyOnWriteArrayList( sub )
      Frame fld:
      
      Frame typ:
      n$4: org.junit.runner.Result( sub ) 
      Missing fld:
      
      Instantiated frame:
      &amp;result|->n$4<span class='color_orange'>update:315</span>:org.junit.runner.Result*; &amp;$irvar0|->0<span class='color_orange'>nullify</span>:void; &amp;return|->n$46<span class='color_orange'>initial</span>:void; &amp;$irvar1|->n$47<span class='color_orange'>initial</span>:void; &amp;#GB<>$org.junit.tests.running.classes.ParameterizedTestTest|->{fLog:""<span class='color_orange'>update:314</span>}<span class='color_orange'>rearrange:314</span>:org.junit.tests.running.classes.ParameterizedTestTest( sub ); &amp;$irvar2|->n$48<span class='color_orange'>initial</span>:void; &amp;this|->@f$0<span class='color_orange'>formal</span>:org.junit.tests.running.classes.ParameterizedTestTest*( sub ); &amp;old_this|->@f$0<span class='color_orange'>formal</span>:org.junit.tests.running.classes.ParameterizedTestTest*( sub )
      Instantiated post:
      PROP 1 of 1:
      <span class='color_blue'><span class='color_red'>UND &lt; int CopyOnWriteArrayList.size() &gt; :68(return|callee)</span> ;
      <span class='color_red'>return|callee = _t$65<span class='color_orange'>update:316</span>:int</span> ;
      <span class='color_red'>@f$2|->{}<span class='color_orange'>formal(z)</span>:java.util.concurrent.CopyOnWriteArrayList( sub )</span>; <span class='color_red'>n$4|->{failures:@f$2<span class='color_orange'>formal(z)</span>}<span class='color_orange'>formal(z)</span>:org.junit.runner.Result( sub )</span></span>
      
    ***** RESULTS FUNCTION CALL *******
    PROP 1 of 1:
    <span class='color_blue'><span class='color_blue'>MEMna &lt; new[]:315 &gt; <span class='color_orange'>{vpath: }</span>(n$49)</span>; <span class='color_blue'>UND &lt; Result JUnitCore.runClasses(Computer,Class[]) &gt; :53(result)</span>; <span class='color_red'>UND &lt; int CopyOnWriteArrayList.size() &gt; :68(n$6)</span> ;
    <span class='color_blue'>result = n$4<span class='color_orange'>update:315</span>:org.junit.runner.Result*</span>; <span class='color_blue'>$irvar0 = 0<span class='color_orange'>nullify</span>:void</span>; <span class='color_blue'>return = n$46<span class='color_orange'>initial</span>:void</span>; <span class='color_blue'>$irvar1 = n$47<span class='color_orange'>initial</span>:void</span>; <span class='color_blue'>#GB<>$org.junit.tests.running.classes.ParameterizedTestTest = {fLog:""<span class='color_orange'>update:314</span>}<span class='color_orange'>rearrange:314</span>:org.junit.tests.running.classes.ParameterizedTestTest( sub )</span>; <span class='color_blue'>$irvar2 = n$48<span class='color_orange'>initial</span>:void</span>; <span class='color_blue'>this = @f$0<span class='color_orange'>formal</span>:org.junit.tests.running.classes.ParameterizedTestTest*( sub )</span>; <span class='color_blue'>old_this = @f$0<span class='color_orange'>formal</span>:org.junit.tests.running.classes.ParameterizedTestTest*( sub )</span> ;
    <span class='color_blue'>result|->{<span class='color_red'>failures:@f$1<span class='color_orange'>formal(z)</span></span>}<span class='color_orange'>formal(z)</span>:org.junit.runner.Result( sub )</span>; <span class='color_red'>@f$1|->{}<span class='color_orange'>formal(z)</span>:java.util.concurrent.CopyOnWriteArrayList( sub )</span>
    [footprint
       <span class='color_blue'>#GB<>$org.junit.tests.running.classes.ParameterizedTestTest = {fLog:<span class='color_red'>@f$2<span class='color_orange'>rearrange:314</span></span>}<span class='color_orange'>rearrange:314</span>:org.junit.tests.running.classes.ParameterizedTestTest( sub )</span>; <span class='color_blue'>this = @f$0<span class='color_orange'>formal</span>:org.junit.tests.running.classes.ParameterizedTestTest*( sub )</span> ;
       <span class='color_blue'>result|->{}<span class='color_orange'>rearrange:(z)316</span>:org.junit.runner.Result( sub )</span>; <span class='color_red'>@f$1|->{}<span class='color_orange'>rearrange:(z)68</span>:java.util.concurrent.CopyOnWriteArrayList( sub )</span>  ]</span>
    ***** END RESULTS FUNCTION CALL *******
    pvar: result
    <span class='color_red'>found error in dereference</span>
    spec_pre:
    <span class='color_blue'>MEMna &lt; new[]:315 &gt; <span class='color_orange'>{vpath: }</span>(n$49); UND &lt; Result JUnitCore.runClasses(Computer,Class[]) &gt; :53(result); UND &lt; int CopyOnWriteArrayList.size() &gt; :68(n$6) ;
    result = n$4<span class='color_orange'>update:315</span>:org.junit.runner.Result*; $irvar0 = 0<span class='color_orange'>nullify</span>:void; return = n$46<span class='color_orange'>initial</span>:void; $irvar1 = n$47<span class='color_orange'>initial</span>:void; #GB<>$org.junit.tests.running.classes.ParameterizedTestTest = {fLog:""<span class='color_orange'>update:314</span>}<span class='color_orange'>rearrange:314</span>:org.junit.tests.running.classes.ParameterizedTestTest( sub ); $irvar2 = n$48<span class='color_orange'>initial</span>:void; this = @f$0<span class='color_orange'>formal</span>:org.junit.tests.running.classes.ParameterizedTestTest*( sub ); old_this = @f$0<span class='color_orange'>formal</span>:org.junit.tests.running.classes.ParameterizedTestTest*( sub ) ;
    result|->{failures:@f$2<span class='color_orange'>formal(z)</span>}<span class='color_orange'>formal(z)</span>:org.junit.runner.Result( sub ); @f$2|->{}<span class='color_orange'>formal(z)</span>:java.util.concurrent.CopyOnWriteArrayList( sub )
    [footprint
       #GB<>$org.junit.tests.running.classes.ParameterizedTestTest = {fLog:@f$1<span class='color_orange'>rearrange:314</span>}<span class='color_orange'>rearrange:314</span>:org.junit.tests.running.classes.ParameterizedTestTest( sub ); this = @f$0<span class='color_orange'>formal</span>:org.junit.tests.running.classes.ParameterizedTestTest*( sub ) ;
       result|->{}<span class='color_orange'>rearrange:(z)316</span>:org.junit.runner.Result( sub ); @f$2|->{}<span class='color_orange'>rearrange:(z)68</span>:java.util.concurrent.CopyOnWriteArrayList( sub )  ]</span>
    exp n$4 desc: 
    Prover.check_inconsistency_base: inconsistency reason [None]
    Prover.check_inconsistency_base: inconsistency reason [None]
    Prover.check_inconsistency_base: inconsistency reason [None]
    Prover.check_inconsistency_base: inconsistency reason [None]
    .... Prop with garbage in footprint part ....
      PROP:
      <span class='color_blue'>MEMna &lt; new[]:315 &gt; <span class='color_orange'>{vpath: }</span>(_t$69); UND &lt; Result JUnitCore.runClasses(Computer,Class[]) &gt; :53(result); UND &lt; int CopyOnWriteArrayList.size() &gt; :68(n$6); RET &lt; int Result.getFailureCount() &gt; (n$6) ;
      result = n$4<span class='color_orange'>update:315</span>:org.junit.runner.Result*; $irvar0 = 0<span class='color_orange'>nullify</span>:void; return = _t$66<span class='color_orange'>initial</span>:void; $irvar1 = _t$67<span class='color_orange'>initial</span>:void; #GB<>$org.junit.tests.running.classes.ParameterizedTestTest = {fLog:""<span class='color_orange'>update:314</span>}<span class='color_orange'>rearrange:314</span>:org.junit.tests.running.classes.ParameterizedTestTest( sub ); $irvar2 = _t$68<span class='color_orange'>initial</span>:void; this = @f$0<span class='color_orange'>formal</span>:org.junit.tests.running.classes.ParameterizedTestTest*( sub ); old_this = @f$0<span class='color_orange'>formal</span>:org.junit.tests.running.classes.ParameterizedTestTest*( sub ) ;
      result|->{failures:@f$2<span class='color_orange'>formal(z)</span>}<span class='color_orange'>formal(z)</span>:org.junit.runner.Result( sub ); @f$2|->{}<span class='color_orange'>formal(z)</span>:java.util.concurrent.CopyOnWriteArrayList( sub )
      [footprint
         #GB<>$org.junit.tests.running.classes.ParameterizedTestTest = {fLog:@f$1<span class='color_orange'>rearrange:314</span>}<span class='color_orange'>rearrange:314</span>:org.junit.tests.running.classes.ParameterizedTestTest( sub ); this = @f$0<span class='color_orange'>formal</span>:org.junit.tests.running.classes.ParameterizedTestTest*( sub ) ;
         result|->{}<span class='color_orange'>rearrange:(z)316</span>:org.junit.runner.Result( sub ); @f$2|->{}<span class='color_orange'>rearrange:(z)68</span>:java.util.concurrent.CopyOnWriteArrayList( sub )  ]</span>
      PREDICATE:
      @f$2|->{}<span class='color_orange'>rearrange:(z)68</span>:java.util.concurrent.CopyOnWriteArrayList( sub )
      explain_leak: case not matched in instr <span class='color_green'>n$6=_fun_int Result.getFailureCount()(n$4:org.junit.runner.Result*) virtual [line 316]</span>
    Instruction Returns
    PROP 1 of 1:
    <span class='color_blue'><span class='color_blue'>MEMna &lt; new[]:315 &gt; <span class='color_orange'>{vpath: }</span>(_t$3)</span>; <span class='color_blue'>UND &lt; Result JUnitCore.runClasses(Computer,Class[]) &gt; :53(result)</span>; <span class='color_red'>UND &lt; int CopyOnWriteArrayList.size() &gt; :68(n$6)</span>; <span class='color_red'>RET &lt; int Result.getFailureCount() &gt; (n$6)</span> ;
    <span class='color_blue'>result = n$4<span class='color_orange'>update:315</span>:org.junit.runner.Result*</span>; <span class='color_blue'>$irvar0 = 0<span class='color_orange'>nullify</span>:void</span>; <span class='color_blue'>return = _t$2<span class='color_orange'>initial</span>:void</span>; <span class='color_blue'>$irvar1 = _t$1<span class='color_orange'>initial</span>:void</span>; <span class='color_blue'>#GB<>$org.junit.tests.running.classes.ParameterizedTestTest = {fLog:""<span class='color_orange'>update:314</span>}<span class='color_orange'>rearrange:314</span>:org.junit.tests.running.classes.ParameterizedTestTest( sub )</span>; <span class='color_blue'>$irvar2 = _t$0<span class='color_orange'>initial</span>:void</span>; <span class='color_blue'>this = @f$0<span class='color_orange'>formal</span>:org.junit.tests.running.classes.ParameterizedTestTest*( sub )</span>; <span class='color_blue'>old_this = @f$0<span class='color_orange'>formal</span>:org.junit.tests.running.classes.ParameterizedTestTest*( sub )</span> ;
    <span class='color_blue'>result|->{<span class='color_red'>failures:@f$1<span class='color_orange'>formal(z)</span></span>}<span class='color_orange'>formal(z)</span>:org.junit.runner.Result( sub )</span>; <span class='color_red'>@f$1|->{}<span class='color_orange'>formal(z)</span>:java.util.concurrent.CopyOnWriteArrayList( sub )</span>
    [footprint
       <span class='color_blue'>#GB<>$org.junit.tests.running.classes.ParameterizedTestTest = {fLog:<span class='color_red'>@f$2<span class='color_orange'>rearrange:314</span></span>}<span class='color_orange'>rearrange:314</span>:org.junit.tests.running.classes.ParameterizedTestTest( sub )</span>; <span class='color_blue'>this = @f$0<span class='color_orange'>formal</span>:org.junit.tests.running.classes.ParameterizedTestTest*( sub )</span> ;
       <span class='color_blue'>result|->{}<span class='color_orange'>rearrange:(z)316</span>:org.junit.runner.Result( sub )</span>  ]</span>
    
    Instruction <span class='color_green'>*&amp;$irvar1:int=n$6 [line 316]</span>
    in vpath_find exp:n$53
    vpath_find: cannot find n$53
    .... Rearrangement Start ....
    Exp: &amp;$irvar1
    Prop:
    <span class='color_blue'>MEMna &lt; new[]:315 &gt; <span class='color_orange'>{vpath: }</span>(n$53); UND &lt; Result JUnitCore.runClasses(Computer,Class[]) &gt; :53(result); UND &lt; int CopyOnWriteArrayList.size() &gt; :68(n$6); RET &lt; int Result.getFailureCount() &gt; (n$6) ;
    result = n$4<span class='color_orange'>update:315</span>:org.junit.runner.Result*; $irvar0 = 0<span class='color_orange'>nullify</span>:void; return = n$50<span class='color_orange'>initial</span>:void; $irvar1 = n$51<span class='color_orange'>initial</span>:void; #GB<>$org.junit.tests.running.classes.ParameterizedTestTest = {fLog:""<span class='color_orange'>update:314</span>}<span class='color_orange'>rearrange:314</span>:org.junit.tests.running.classes.ParameterizedTestTest( sub ); $irvar2 = n$52<span class='color_orange'>initial</span>:void; this = @f$0<span class='color_orange'>formal</span>:org.junit.tests.running.classes.ParameterizedTestTest*( sub ); old_this = @f$0<span class='color_orange'>formal</span>:org.junit.tests.running.classes.ParameterizedTestTest*( sub ) ;
    result|->{failures:@f$1<span class='color_orange'>formal(z)</span>}<span class='color_orange'>formal(z)</span>:org.junit.runner.Result( sub ); @f$1|->{}<span class='color_orange'>formal(z)</span>:java.util.concurrent.CopyOnWriteArrayList( sub )
    [footprint
       #GB<>$org.junit.tests.running.classes.ParameterizedTestTest = {fLog:@f$2<span class='color_orange'>rearrange:314</span>}<span class='color_orange'>rearrange:314</span>:org.junit.tests.running.classes.ParameterizedTestTest( sub ); this = @f$0<span class='color_orange'>formal</span>:org.junit.tests.running.classes.ParameterizedTestTest*( sub ) ;
       result|->{}<span class='color_orange'>rearrange:(z)316</span>:org.junit.runner.Result( sub )  ]</span>
    
    in prop_iter_extend_ptsto lexp: &amp;$irvar1
    prop before:
    <span class='color_blue'>MEMna &lt; new[]:315 &gt; <span class='color_orange'>{vpath: }</span>(n$53); UND &lt; Result JUnitCore.runClasses(Computer,Class[]) &gt; :53(result); UND &lt; int CopyOnWriteArrayList.size() &gt; :68(n$6); RET &lt; int Result.getFailureCount() &gt; (n$6) ;
    result = n$4<span class='color_orange'>update:315</span>:org.junit.runner.Result*; $irvar0 = 0<span class='color_orange'>nullify</span>:void; return = n$50<span class='color_orange'>initial</span>:void; $irvar1 = n$51<span class='color_orange'>initial</span>:void; #GB<>$org.junit.tests.running.classes.ParameterizedTestTest = {fLog:""<span class='color_orange'>update:314</span>}<span class='color_orange'>rearrange:314</span>:org.junit.tests.running.classes.ParameterizedTestTest( sub ); $irvar2 = n$52<span class='color_orange'>initial</span>:void; this = @f$0<span class='color_orange'>formal</span>:org.junit.tests.running.classes.ParameterizedTestTest*( sub ); old_this = @f$0<span class='color_orange'>formal</span>:org.junit.tests.running.classes.ParameterizedTestTest*( sub ) ;
    result|->{failures:@f$1<span class='color_orange'>formal(z)</span>}<span class='color_orange'>formal(z)</span>:org.junit.runner.Result( sub ); @f$1|->{}<span class='color_orange'>formal(z)</span>:java.util.concurrent.CopyOnWriteArrayList( sub )
    [footprint
       #GB<>$org.junit.tests.running.classes.ParameterizedTestTest = {fLog:@f$2<span class='color_orange'>rearrange:314</span>}<span class='color_orange'>rearrange:314</span>:org.junit.tests.running.classes.ParameterizedTestTest( sub ); this = @f$0<span class='color_orange'>formal</span>:org.junit.tests.running.classes.ParameterizedTestTest*( sub ) ;
       result|->{}<span class='color_orange'>rearrange:(z)316</span>:org.junit.runner.Result( sub )  ]</span>
    
    
    prop list after:
    PROP 1 of 1:
    <span class='color_blue'><span class='color_blue'>MEMna &lt; new[]:315 &gt; <span class='color_orange'>{vpath: }</span>(n$53)</span>; <span class='color_blue'>UND &lt; Result JUnitCore.runClasses(Computer,Class[]) &gt; :53(result)</span>; <span class='color_blue'>UND &lt; int CopyOnWriteArrayList.size() &gt; :68(n$6)</span>; <span class='color_blue'>RET &lt; int Result.getFailureCount() &gt; (n$6)</span> ;
    <span class='color_blue'>result = n$4<span class='color_orange'>update:315</span>:org.junit.runner.Result*</span>; <span class='color_blue'>$irvar0 = 0<span class='color_orange'>nullify</span>:void</span>; <span class='color_blue'>return = n$50<span class='color_orange'>initial</span>:void</span>; <span class='color_blue'>$irvar1 = n$51<span class='color_orange'>initial</span>:void</span>; <span class='color_blue'>#GB<>$org.junit.tests.running.classes.ParameterizedTestTest = {fLog:""<span class='color_orange'>update:314</span>}<span class='color_orange'>rearrange:314</span>:org.junit.tests.running.classes.ParameterizedTestTest( sub )</span>; <span class='color_blue'>$irvar2 = n$52<span class='color_orange'>initial</span>:void</span>; <span class='color_blue'>this = @f$0<span class='color_orange'>formal</span>:org.junit.tests.running.classes.ParameterizedTestTest*( sub )</span>; <span class='color_blue'>old_this = @f$0<span class='color_orange'>formal</span>:org.junit.tests.running.classes.ParameterizedTestTest*( sub )</span> ;
    <span class='color_blue'>result|->{failures:@f$1<span class='color_orange'>formal(z)</span>}<span class='color_orange'>formal(z)</span>:org.junit.runner.Result( sub )</span>; <span class='color_blue'>@f$1|->{}<span class='color_orange'>formal(z)</span>:java.util.concurrent.CopyOnWriteArrayList( sub )</span>
    [footprint
       <span class='color_blue'>#GB<>$org.junit.tests.running.classes.ParameterizedTestTest = {fLog:@f$2<span class='color_orange'>rearrange:314</span>}<span class='color_orange'>rearrange:314</span>:org.junit.tests.running.classes.ParameterizedTestTest( sub )</span>; <span class='color_blue'>this = @f$0<span class='color_orange'>formal</span>:org.junit.tests.running.classes.ParameterizedTestTest*( sub )</span> ;
       <span class='color_blue'>result|->{}<span class='color_orange'>rearrange:(z)316</span>:org.junit.runner.Result( sub )</span>  ]</span>
    
    
    
    Instruction Returns
    PROP 1 of 1:
    <span class='color_blue'><span class='color_red'>MEMna &lt; new[]:315 &gt; <span class='color_orange'>{vpath: }</span>(_t$2)</span>; <span class='color_blue'>UND &lt; Result JUnitCore.runClasses(Computer,Class[]) &gt; :53(result)</span>; <span class='color_blue'>UND &lt; int CopyOnWriteArrayList.size() &gt; :68($irvar1)</span>; <span class='color_blue'>RET &lt; int Result.getFailureCount() &gt; ($irvar1)</span> ;
    <span class='color_blue'>result = n$4<span class='color_orange'>update:315</span>:org.junit.runner.Result*</span>; <span class='color_blue'>$irvar0 = 0<span class='color_orange'>nullify</span>:void</span>; <span class='color_blue'>return = <span class='color_red'>_t$1<span class='color_orange'>initial</span></span>:void</span>; <span class='color_blue'>$irvar1 = <span class='color_red'>n$6<span class='color_orange'>update:316</span></span>:void</span>; <span class='color_blue'>#GB<>$org.junit.tests.running.classes.ParameterizedTestTest = {fLog:""<span class='color_orange'>update:314</span>}<span class='color_orange'>rearrange:314</span>:org.junit.tests.running.classes.ParameterizedTestTest( sub )</span>; <span class='color_blue'>$irvar2 = _t$0<span class='color_orange'>initial</span>:void</span>; <span class='color_blue'>this = @f$0<span class='color_orange'>formal</span>:org.junit.tests.running.classes.ParameterizedTestTest*( sub )</span>; <span class='color_blue'>old_this = @f$0<span class='color_orange'>formal</span>:org.junit.tests.running.classes.ParameterizedTestTest*( sub )</span> ;
    <span class='color_blue'>result|->{failures:@f$1<span class='color_orange'>formal(z)</span>}<span class='color_orange'>formal(z)</span>:org.junit.runner.Result( sub )</span>; <span class='color_blue'>@f$1|->{}<span class='color_orange'>formal(z)</span>:java.util.concurrent.CopyOnWriteArrayList( sub )</span>
    [footprint
       <span class='color_blue'>#GB<>$org.junit.tests.running.classes.ParameterizedTestTest = {fLog:@f$2<span class='color_orange'>rearrange:314</span>}<span class='color_orange'>rearrange:314</span>:org.junit.tests.running.classes.ParameterizedTestTest( sub )</span>; <span class='color_blue'>this = @f$0<span class='color_orange'>formal</span>:org.junit.tests.running.classes.ParameterizedTestTest*( sub )</span> ;
       <span class='color_blue'>result|->{}<span class='color_orange'>rearrange:(z)316</span>:org.junit.runner.Result( sub )</span>  ]</span>
    
    Instruction <span class='color_green'>NULLIFY(&amp;result); [line 316]</span>
    in vpath_find exp:_t$2
    vpath_find: cannot find _t$2
    Instruction Returns
    PROP 1 of 1:
    <span class='color_blue'><span class='color_blue'>MEMna &lt; new[]:315 &gt; <span class='color_orange'>{vpath: }</span>(_t$2)</span>; <span class='color_blue'>UND &lt; Result JUnitCore.runClasses(Computer,Class[]) &gt; :53(n$4)</span>; <span class='color_blue'>UND &lt; int CopyOnWriteArrayList.size() &gt; :68($irvar1)</span>; <span class='color_blue'>RET &lt; int Result.getFailureCount() &gt; ($irvar1)</span> ;
    <span class='color_blue'>result = <span class='color_red'>0<span class='color_orange'>nullify</span></span>:org.junit.runner.Result*</span>; <span class='color_blue'>$irvar0 = 0<span class='color_orange'>nullify</span>:void</span>; <span class='color_blue'>return = _t$1<span class='color_orange'>initial</span>:void</span>; <span class='color_blue'>$irvar1 = n$6<span class='color_orange'>update:316</span>:void</span>; <span class='color_blue'>#GB<>$org.junit.tests.running.classes.ParameterizedTestTest = {fLog:""<span class='color_orange'>update:314</span>}<span class='color_orange'>rearrange:314</span>:org.junit.tests.running.classes.ParameterizedTestTest( sub )</span>; <span class='color_blue'>$irvar2 = _t$0<span class='color_orange'>initial</span>:void</span>; <span class='color_blue'>this = @f$0<span class='color_orange'>formal</span>:org.junit.tests.running.classes.ParameterizedTestTest*( sub )</span>; <span class='color_blue'>old_this = @f$0<span class='color_orange'>formal</span>:org.junit.tests.running.classes.ParameterizedTestTest*( sub )</span> ;
    <span class='color_blue'>n$4|->{failures:@f$1<span class='color_orange'>formal(z)</span>}<span class='color_orange'>formal(z)</span>:org.junit.runner.Result( sub )</span>; <span class='color_blue'>@f$1|->{}<span class='color_orange'>formal(z)</span>:java.util.concurrent.CopyOnWriteArrayList( sub )</span>
    [footprint
       <span class='color_blue'>#GB<>$org.junit.tests.running.classes.ParameterizedTestTest = {fLog:@f$2<span class='color_orange'>rearrange:314</span>}<span class='color_orange'>rearrange:314</span>:org.junit.tests.running.classes.ParameterizedTestTest( sub )</span>; <span class='color_blue'>this = @f$0<span class='color_orange'>formal</span>:org.junit.tests.running.classes.ParameterizedTestTest*( sub )</span> ;
       <span class='color_blue'>n$4|->{}<span class='color_orange'>rearrange:(z)316</span>:org.junit.runner.Result( sub )</span>  ]</span>
    
    Instruction <span class='color_green'>EXIT_SCOPE(_,n$4,n$6,result); [line 316]</span>
    in vpath_find exp:_t$2
    vpath_find: cannot find _t$2
    .... Prop with garbage in normal part ....
      PROP:
      <span class='color_blue'>MEMna &lt; new[]:315 &gt; <span class='color_orange'>{vpath: }</span>(_t$2); UND &lt; Result JUnitCore.runClasses(Computer,Class[]) &gt; :53(_t$75); UND &lt; int CopyOnWriteArrayList.size() &gt; :68($irvar1); RET &lt; int Result.getFailureCount() &gt; ($irvar1) ;
      result = 0<span class='color_orange'>nullify</span>:org.junit.runner.Result*; $irvar0 = 0<span class='color_orange'>nullify</span>:void; return = _t$1<span class='color_orange'>initial</span>:void; $irvar1 = _t$76<span class='color_orange'>update:316</span>:void; #GB<>$org.junit.tests.running.classes.ParameterizedTestTest = {fLog:""<span class='color_orange'>update:314</span>}<span class='color_orange'>rearrange:314</span>:org.junit.tests.running.classes.ParameterizedTestTest( sub ); $irvar2 = _t$0<span class='color_orange'>initial</span>:void; this = @f$0<span class='color_orange'>formal</span>:org.junit.tests.running.classes.ParameterizedTestTest*( sub ); old_this = @f$0<span class='color_orange'>formal</span>:org.junit.tests.running.classes.ParameterizedTestTest*( sub ) ;
      _t$75|->{failures:@f$1<span class='color_orange'>formal(z)</span>}<span class='color_orange'>formal(z)</span>:org.junit.runner.Result( sub ); @f$1|->{}<span class='color_orange'>formal(z)</span>:java.util.concurrent.CopyOnWriteArrayList( sub )
      [footprint
         #GB<>$org.junit.tests.running.classes.ParameterizedTestTest = {fLog:@f$2<span class='color_orange'>rearrange:314</span>}<span class='color_orange'>rearrange:314</span>:org.junit.tests.running.classes.ParameterizedTestTest( sub ); this = @f$0<span class='color_orange'>formal</span>:org.junit.tests.running.classes.ParameterizedTestTest*( sub ) ;
         @f$3|->{}<span class='color_orange'>rearrange:(z)316</span>:org.junit.runner.Result( sub )  ]</span>
      PREDICATE:
      _t$75|->{failures:@f$1<span class='color_orange'>formal(z)</span>}<span class='color_orange'>formal(z)</span>:org.junit.runner.Result( sub )
      UNDEF
      explain_leak: case not matched in instr <span class='color_green'>EXIT_SCOPE(_,n$4,n$6,result); [line 316]</span>
    .... Prop with garbage in normal part ....
      PROP:
      <span class='color_blue'>MEMna &lt; new[]:315 &gt; <span class='color_orange'>{vpath: }</span>(_t$2); UND &lt; Result JUnitCore.runClasses(Computer,Class[]) &gt; :53(_t$75); UND &lt; int CopyOnWriteArrayList.size() &gt; :68($irvar1); RET &lt; int Result.getFailureCount() &gt; ($irvar1) ;
      result = 0<span class='color_orange'>nullify</span>:org.junit.runner.Result*; $irvar0 = 0<span class='color_orange'>nullify</span>:void; return = _t$1<span class='color_orange'>initial</span>:void; $irvar1 = _t$76<span class='color_orange'>update:316</span>:void; #GB<>$org.junit.tests.running.classes.ParameterizedTestTest = {fLog:""<span class='color_orange'>update:314</span>}<span class='color_orange'>rearrange:314</span>:org.junit.tests.running.classes.ParameterizedTestTest( sub ); $irvar2 = _t$0<span class='color_orange'>initial</span>:void; this = @f$0<span class='color_orange'>formal</span>:org.junit.tests.running.classes.ParameterizedTestTest*( sub ); old_this = @f$0<span class='color_orange'>formal</span>:org.junit.tests.running.classes.ParameterizedTestTest*( sub ) ;
      _t$75|->{failures:@f$1<span class='color_orange'>formal(z)</span>}<span class='color_orange'>formal(z)</span>:org.junit.runner.Result( sub ); @f$1|->{}<span class='color_orange'>formal(z)</span>:java.util.concurrent.CopyOnWriteArrayList( sub )
      [footprint
         #GB<>$org.junit.tests.running.classes.ParameterizedTestTest = {fLog:@f$2<span class='color_orange'>rearrange:314</span>}<span class='color_orange'>rearrange:314</span>:org.junit.tests.running.classes.ParameterizedTestTest( sub ); this = @f$0<span class='color_orange'>formal</span>:org.junit.tests.running.classes.ParameterizedTestTest*( sub ) ;
         @f$3|->{}<span class='color_orange'>rearrange:(z)316</span>:org.junit.runner.Result( sub )  ]</span>
      PREDICATE:
      @f$1|->{}<span class='color_orange'>formal(z)</span>:java.util.concurrent.CopyOnWriteArrayList( sub )
      explain_leak: case not matched in instr <span class='color_green'>EXIT_SCOPE(_,n$4,n$6,result); [line 316]</span>
    .... Prop with garbage in footprint part ....
      PROP:
      <span class='color_blue'>MEMna &lt; new[]:315 &gt; <span class='color_orange'>{vpath: }</span>(_t$2); UND &lt; Result JUnitCore.runClasses(Computer,Class[]) &gt; :53(_t$75); UND &lt; int CopyOnWriteArrayList.size() &gt; :68($irvar1); RET &lt; int Result.getFailureCount() &gt; ($irvar1) ;
      result = 0<span class='color_orange'>nullify</span>:org.junit.runner.Result*; $irvar0 = 0<span class='color_orange'>nullify</span>:void; return = _t$1<span class='color_orange'>initial</span>:void; $irvar1 = _t$76<span class='color_orange'>update:316</span>:void; #GB<>$org.junit.tests.running.classes.ParameterizedTestTest = {fLog:""<span class='color_orange'>update:314</span>}<span class='color_orange'>rearrange:314</span>:org.junit.tests.running.classes.ParameterizedTestTest( sub ); $irvar2 = _t$0<span class='color_orange'>initial</span>:void; this = @f$0<span class='color_orange'>formal</span>:org.junit.tests.running.classes.ParameterizedTestTest*( sub ); old_this = @f$0<span class='color_orange'>formal</span>:org.junit.tests.running.classes.ParameterizedTestTest*( sub ) ;
      _t$75|->{failures:@f$1<span class='color_orange'>formal(z)</span>}<span class='color_orange'>formal(z)</span>:org.junit.runner.Result( sub ); @f$1|->{}<span class='color_orange'>formal(z)</span>:java.util.concurrent.CopyOnWriteArrayList( sub )
      [footprint
         #GB<>$org.junit.tests.running.classes.ParameterizedTestTest = {fLog:@f$2<span class='color_orange'>rearrange:314</span>}<span class='color_orange'>rearrange:314</span>:org.junit.tests.running.classes.ParameterizedTestTest( sub ); this = @f$0<span class='color_orange'>formal</span>:org.junit.tests.running.classes.ParameterizedTestTest*( sub ) ;
         @f$3|->{}<span class='color_orange'>rearrange:(z)316</span>:org.junit.runner.Result( sub )  ]</span>
      PREDICATE:
      @f$3|->{}<span class='color_orange'>rearrange:(z)316</span>:org.junit.runner.Result( sub )
      explain_leak: case not matched in instr <span class='color_green'>EXIT_SCOPE(_,n$4,n$6,result); [line 316]</span>
    Instruction Returns
    PROP 1 of 1:
    <span class='color_blue'><span class='color_red'>MEMna &lt; new[]:315 &gt; <span class='color_orange'>{vpath: }</span>(_t$3)</span>; <span class='color_red'>UND &lt; Result JUnitCore.runClasses(Computer,Class[]) &gt; :53(_t$4)</span>; <span class='color_red'>UND &lt; int CopyOnWriteArrayList.size() &gt; :68($irvar1)</span>; <span class='color_red'>RET &lt; int Result.getFailureCount() &gt; ($irvar1)</span> ;
    <span class='color_blue'>result = 0<span class='color_orange'>nullify</span>:org.junit.runner.Result*</span>; <span class='color_blue'>$irvar0 = 0<span class='color_orange'>nullify</span>:void</span>; <span class='color_blue'>return = <span class='color_red'>_t$2<span class='color_orange'>initial</span></span>:void</span>; <span class='color_blue'>$irvar1 = <span class='color_red'>_t$1<span class='color_orange'>update:316</span></span>:void</span>; <span class='color_blue'>#GB<>$org.junit.tests.running.classes.ParameterizedTestTest = {fLog:""<span class='color_orange'>update:314</span>}<span class='color_orange'>rearrange:314</span>:org.junit.tests.running.classes.ParameterizedTestTest( sub )</span>; <span class='color_blue'>$irvar2 = _t$0<span class='color_orange'>initial</span>:void</span>; <span class='color_blue'>this = @f$0<span class='color_orange'>formal</span>:org.junit.tests.running.classes.ParameterizedTestTest*( sub )</span>; <span class='color_blue'>old_this = @f$0<span class='color_orange'>formal</span>:org.junit.tests.running.classes.ParameterizedTestTest*( sub )</span>
    [footprint
       <span class='color_blue'>#GB<>$org.junit.tests.running.classes.ParameterizedTestTest = {fLog:<span class='color_red'>@f$1<span class='color_orange'>rearrange:314</span></span>}<span class='color_orange'>rearrange:314</span>:org.junit.tests.running.classes.ParameterizedTestTest( sub )</span>; <span class='color_blue'>this = @f$0<span class='color_orange'>formal</span>:org.junit.tests.running.classes.ParameterizedTestTest*( sub )</span>  ]</span>
    
    .... After Symbolic Execution ....
    PROP 1 of 1:
    <span class='color_blue'><span class='color_blue'>MEMna &lt; new[]:315 &gt; <span class='color_orange'>{vpath: }</span>(_t$3)</span>; <span class='color_blue'>UND &lt; Result JUnitCore.runClasses(Computer,Class[]) &gt; :53(_t$4)</span>; <span class='color_red'>UND &lt; int CopyOnWriteArrayList.size() &gt; :68($irvar1)</span>; <span class='color_red'>RET &lt; int Result.getFailureCount() &gt; ($irvar1)</span> ;
    <span class='color_blue'>result = <span class='color_red'>0<span class='color_orange'>nullify</span></span>:org.junit.runner.Result*</span>; <span class='color_blue'>$irvar0 = 0<span class='color_orange'>nullify</span>:void</span>; <span class='color_blue'>return = _t$2<span class='color_orange'>initial</span>:void</span>; <span class='color_blue'>$irvar1 = _t$1<span class='color_orange'>update:316</span>:void</span>; <span class='color_blue'>#GB<>$org.junit.tests.running.classes.ParameterizedTestTest = {fLog:""<span class='color_orange'>update:314</span>}<span class='color_orange'>rearrange:314</span>:org.junit.tests.running.classes.ParameterizedTestTest( sub )</span>; <span class='color_blue'>$irvar2 = _t$0<span class='color_orange'>initial</span>:void</span>; <span class='color_blue'>this = @f$0<span class='color_orange'>formal</span>:org.junit.tests.running.classes.ParameterizedTestTest*( sub )</span>; <span class='color_blue'>old_this = @f$0<span class='color_orange'>formal</span>:org.junit.tests.running.classes.ParameterizedTestTest*( sub )</span>
    [footprint
       <span class='color_blue'>#GB<>$org.junit.tests.running.classes.ParameterizedTestTest = {fLog:@f$1<span class='color_orange'>rearrange:314</span>}<span class='color_orange'>rearrange:314</span>:org.junit.tests.running.classes.ParameterizedTestTest( sub )</span>; <span class='color_blue'>this = @f$0<span class='color_orange'>formal</span>:org.junit.tests.running.classes.ParameterizedTestTest*( sub )</span>  ]</span>
    
    
    
  </LISTING>
<hr width="100%">
<a name="session59" href="./../nodes/org.junit.tests.running.classes.ParameterizedTestTest.beforeParamAndAfterParamAreRun%28%29%3Avoid.54a97f3199e0601d5d23128eda9fa8df_node8.html#session59">node8#session59</a>(<a href="./../../ParameterizedTestTest.java.88da44e98279dfa32c0c7e5c52f053d0.html#LINE316">316</a>) biabduction
<LISTING class='color_black'>**** [RE:Pending] void ParameterizedTestTest.beforeParamAndAfterParamAreRun() Node: 8, Procedure: void ParameterizedTestTest.beforeParamAndAfterParamAreRun(), Todo: 1 ****
  PROP 1 of 1:
  <span class='color_blue'><span class='color_red'>MEMna &lt; new[]:315 &gt; <span class='color_orange'>{vpath: }</span>(_t$4)</span>; <span class='color_red'>UND &lt; Result JUnitCore.runClasses(Computer,Class[]) &gt; :53(result)</span> ;
  <span class='color_red'>result = _t$3<span class='color_orange'>update:315</span>:org.junit.runner.Result*</span>; <span class='color_red'>$irvar0 = 0<span class='color_orange'>nullify</span>:void</span>; <span class='color_red'>return = _t$2<span class='color_orange'>initial</span>:void</span>; <span class='color_red'>$irvar1 = _t$1<span class='color_orange'>initial</span>:void</span>; <span class='color_red'>#GB<>$org.junit.tests.running.classes.ParameterizedTestTest = {fLog:""<span class='color_orange'>update:314</span>}<span class='color_orange'>formal</span>:org.junit.tests.running.classes.ParameterizedTestTest( sub )</span>; <span class='color_red'>old_org.junit.tests.running.classes.ParameterizedTestTest = {fLog:val$2<span class='color_orange'>formal</span>}<span class='color_orange'>formal</span>:org.junit.tests.running.classes.ParameterizedTestTest( sub )</span>; <span class='color_red'>$irvar2 = _t$0<span class='color_orange'>initial</span>:void</span>; <span class='color_red'>this = val$1<span class='color_orange'>formal</span>:org.junit.tests.running.classes.ParameterizedTestTest*( sub )</span>; <span class='color_red'>old_this = val$1<span class='color_orange'>formal</span>:org.junit.tests.running.classes.ParameterizedTestTest*( sub )</span></span>
  .... Instructions: ....
  <span class='color_green'>n$4=*&amp;result:org.junit.runner.Result* [line 316];
  _=*n$4:org.junit.runner.Result*(root org.junit.runner.Result) [line 316];
  n$6=_fun_int Result.getFailureCount()(n$4:org.junit.runner.Result*) virtual [line 316];
  *&amp;$irvar1:int=n$6 [line 316];
  NULLIFY(&amp;result); [line 316];
  EXIT_SCOPE(_,n$4,n$6,result); [line 316];
  </span>
  
  Processing prop 1/1
    Instruction <span class='color_green'>n$4=*&amp;result:org.junit.runner.Result* [line 316]</span>
    in vpath_find exp:n$41
    vpath_find: cannot find n$41
    .... Rearrangement Start ....
    Exp: &amp;result
    Prop:
    <span class='color_blue'>MEMna &lt; new[]:315 &gt; <span class='color_orange'>{vpath: }</span>(n$41); UND &lt; Result JUnitCore.runClasses(Computer,Class[]) &gt; :53(result) ;
    result = n$37<span class='color_orange'>update:315</span>:org.junit.runner.Result*; $irvar0 = 0<span class='color_orange'>nullify</span>:void; return = n$38<span class='color_orange'>initial</span>:void; $irvar1 = n$39<span class='color_orange'>initial</span>:void; #GB<>$org.junit.tests.running.classes.ParameterizedTestTest = {fLog:""<span class='color_orange'>update:314</span>}<span class='color_orange'>formal</span>:org.junit.tests.running.classes.ParameterizedTestTest( sub ); old_org.junit.tests.running.classes.ParameterizedTestTest = {fLog:val$2<span class='color_orange'>formal</span>}<span class='color_orange'>formal</span>:org.junit.tests.running.classes.ParameterizedTestTest( sub ); $irvar2 = n$40<span class='color_orange'>initial</span>:void; this = val$1<span class='color_orange'>formal</span>:org.junit.tests.running.classes.ParameterizedTestTest*( sub ); old_this = val$1<span class='color_orange'>formal</span>:org.junit.tests.running.classes.ParameterizedTestTest*( sub )</span>
    
    Prover.check_inconsistency_base: inconsistency reason [None]
    Prover.check_inconsistency_base: inconsistency reason [None]
    Instruction Returns
    PROP 1 of 1:
    <span class='color_blue'><span class='color_blue'>MEMna &lt; new[]:315 &gt; <span class='color_orange'>{vpath: }</span>(_t$3)</span>; <span class='color_red'>UND &lt; Result JUnitCore.runClasses(Computer,Class[]) &gt; :53(result)</span> ;
    <span class='color_blue'>result = <span class='color_red'>n$4<span class='color_orange'>update:315</span></span>:org.junit.runner.Result*</span>; <span class='color_blue'>$irvar0 = 0<span class='color_orange'>nullify</span>:void</span>; <span class='color_blue'>return = _t$2<span class='color_orange'>initial</span>:void</span>; <span class='color_blue'>$irvar1 = _t$1<span class='color_orange'>initial</span>:void</span>; <span class='color_blue'>#GB<>$org.junit.tests.running.classes.ParameterizedTestTest = {fLog:""<span class='color_orange'>update:314</span>}<span class='color_orange'>formal</span>:org.junit.tests.running.classes.ParameterizedTestTest( sub )</span>; <span class='color_blue'>old_org.junit.tests.running.classes.ParameterizedTestTest = {fLog:val$2<span class='color_orange'>formal</span>}<span class='color_orange'>formal</span>:org.junit.tests.running.classes.ParameterizedTestTest( sub )</span>; <span class='color_blue'>$irvar2 = _t$0<span class='color_orange'>initial</span>:void</span>; <span class='color_blue'>this = val$1<span class='color_orange'>formal</span>:org.junit.tests.running.classes.ParameterizedTestTest*( sub )</span>; <span class='color_blue'>old_this = val$1<span class='color_orange'>formal</span>:org.junit.tests.running.classes.ParameterizedTestTest*( sub )</span></span>
    
    Instruction <span class='color_green'>_=*n$4:org.junit.runner.Result*(root org.junit.runner.Result) [line 316]</span>
    in vpath_find exp:n$45
    vpath_find: cannot find n$45
    .... Rearrangement Start ....
    Exp: n$4
    Prop:
    <span class='color_blue'>MEMna &lt; new[]:315 &gt; <span class='color_orange'>{vpath: }</span>(n$45); UND &lt; Result JUnitCore.runClasses(Computer,Class[]) &gt; :53(result) ;
    result = n$4<span class='color_orange'>update:315</span>:org.junit.runner.Result*; $irvar0 = 0<span class='color_orange'>nullify</span>:void; return = n$42<span class='color_orange'>initial</span>:void; $irvar1 = n$43<span class='color_orange'>initial</span>:void; #GB<>$org.junit.tests.running.classes.ParameterizedTestTest = {fLog:""<span class='color_orange'>update:314</span>}<span class='color_orange'>formal</span>:org.junit.tests.running.classes.ParameterizedTestTest( sub ); old_org.junit.tests.running.classes.ParameterizedTestTest = {fLog:val$2<span class='color_orange'>formal</span>}<span class='color_orange'>formal</span>:org.junit.tests.running.classes.ParameterizedTestTest( sub ); $irvar2 = n$44<span class='color_orange'>initial</span>:void; this = val$1<span class='color_orange'>formal</span>:org.junit.tests.running.classes.ParameterizedTestTest*( sub ); old_this = val$1<span class='color_orange'>formal</span>:org.junit.tests.running.classes.ParameterizedTestTest*( sub )</span>
    
    .... Rearrangement Error .... cannot find predicate with root
    Exp:n$4
    Prop:
    <span class='color_blue'>MEMna &lt; new[]:315 &gt; <span class='color_orange'>{vpath: }</span>(n$45); UND &lt; Result JUnitCore.runClasses(Computer,Class[]) &gt; :53(result) ;
    result = n$4<span class='color_orange'>update:315</span>:org.junit.runner.Result*; $irvar0 = 0<span class='color_orange'>nullify</span>:void; return = n$42<span class='color_orange'>initial</span>:void; $irvar1 = n$43<span class='color_orange'>initial</span>:void; #GB<>$org.junit.tests.running.classes.ParameterizedTestTest = {fLog:""<span class='color_orange'>update:314</span>}<span class='color_orange'>formal</span>:org.junit.tests.running.classes.ParameterizedTestTest( sub ); old_org.junit.tests.running.classes.ParameterizedTestTest = {fLog:val$2<span class='color_orange'>formal</span>}<span class='color_orange'>formal</span>:org.junit.tests.running.classes.ParameterizedTestTest( sub ); $irvar2 = n$44<span class='color_orange'>initial</span>:void; this = val$1<span class='color_orange'>formal</span>:org.junit.tests.running.classes.ParameterizedTestTest*( sub ); old_this = val$1<span class='color_orange'>formal</span>:org.junit.tests.running.classes.ParameterizedTestTest*( sub )</span>
    
    Instruction Returns
    PROP 1 of 1:
    <span class='color_blue'><span class='color_blue'>MEMna &lt; new[]:315 &gt; <span class='color_orange'>{vpath: }</span>(_t$3)</span>; <span class='color_blue'>UND &lt; Result JUnitCore.runClasses(Computer,Class[]) &gt; :53(result)</span> ;
    <span class='color_blue'>result = n$4<span class='color_orange'>update:315</span>:org.junit.runner.Result*</span>; <span class='color_blue'>$irvar0 = 0<span class='color_orange'>nullify</span>:void</span>; <span class='color_blue'>return = _t$2<span class='color_orange'>initial</span>:void</span>; <span class='color_blue'>$irvar1 = _t$1<span class='color_orange'>initial</span>:void</span>; <span class='color_blue'>#GB<>$org.junit.tests.running.classes.ParameterizedTestTest = {fLog:""<span class='color_orange'>update:314</span>}<span class='color_orange'>formal</span>:org.junit.tests.running.classes.ParameterizedTestTest( sub )</span>; <span class='color_blue'>old_org.junit.tests.running.classes.ParameterizedTestTest = {fLog:val$2<span class='color_orange'>formal</span>}<span class='color_orange'>formal</span>:org.junit.tests.running.classes.ParameterizedTestTest( sub )</span>; <span class='color_blue'>$irvar2 = _t$0<span class='color_orange'>initial</span>:void</span>; <span class='color_blue'>this = val$1<span class='color_orange'>formal</span>:org.junit.tests.running.classes.ParameterizedTestTest*( sub )</span>; <span class='color_blue'>old_this = val$1<span class='color_orange'>formal</span>:org.junit.tests.running.classes.ParameterizedTestTest*( sub )</span></span>
    
    Instruction <span class='color_green'>n$6=_fun_int Result.getFailureCount()(n$4:org.junit.runner.Result*) virtual [line 316]</span>
    in vpath_find exp:n$49
    vpath_find: cannot find n$49
    Found 1 specs for function org.junit.runner.Result.getFailureCount():int
    START EXECUTING SPECS FOR org.junit.runner.Result.getFailureCount():int from state
    <span class='color_blue'>MEMna &lt; new[]:315 &gt; <span class='color_orange'>{vpath: }</span>(n$49); UND &lt; Result JUnitCore.runClasses(Computer,Class[]) &gt; :53(result) ;
    result = n$4<span class='color_orange'>update:315</span>:org.junit.runner.Result*; $irvar0 = 0<span class='color_orange'>nullify</span>:void; return = n$46<span class='color_orange'>initial</span>:void; $irvar1 = n$47<span class='color_orange'>initial</span>:void; #GB<>$org.junit.tests.running.classes.ParameterizedTestTest = {fLog:""<span class='color_orange'>update:314</span>}<span class='color_orange'>formal</span>:org.junit.tests.running.classes.ParameterizedTestTest( sub ); old_org.junit.tests.running.classes.ParameterizedTestTest = {fLog:val$2<span class='color_orange'>formal</span>}<span class='color_orange'>formal</span>:org.junit.tests.running.classes.ParameterizedTestTest( sub ); $irvar2 = n$48<span class='color_orange'>initial</span>:void; this = val$1<span class='color_orange'>formal</span>:org.junit.tests.running.classes.ParameterizedTestTest*( sub ); old_this = val$1<span class='color_orange'>formal</span>:org.junit.tests.running.classes.ParameterizedTestTest*( sub )</span>
    EXECUTING SPEC 1/1
    ACTUAL PRECONDITION =
      <span class='color_blue'>MEMna &lt; new[]:315 &gt; <span class='color_orange'>{vpath: }</span>(n$49); UND &lt; Result JUnitCore.runClasses(Computer,Class[]) &gt; :53(this|callee) ;
      result = n$4<span class='color_orange'>update:315</span>:org.junit.runner.Result*; $irvar0 = 0<span class='color_orange'>nullify</span>:void; return = n$46<span class='color_orange'>initial</span>:void; $irvar1 = n$47<span class='color_orange'>initial</span>:void; #GB<>$org.junit.tests.running.classes.ParameterizedTestTest = {fLog:""<span class='color_orange'>update:314</span>}<span class='color_orange'>formal</span>:org.junit.tests.running.classes.ParameterizedTestTest( sub ); old_org.junit.tests.running.classes.ParameterizedTestTest = {fLog:val$2<span class='color_orange'>formal</span>}<span class='color_orange'>formal</span>:org.junit.tests.running.classes.ParameterizedTestTest( sub ); $irvar2 = n$48<span class='color_orange'>initial</span>:void; this = val$1<span class='color_orange'>formal</span>:org.junit.tests.running.classes.ParameterizedTestTest*( sub ); this|callee = n$4<span class='color_orange'>actual_precondition</span>:org.junit.runner.Result*; old_this = val$1<span class='color_orange'>formal</span>:org.junit.tests.running.classes.ParameterizedTestTest*( sub )</span>
    SPEC =
      --------------------------- ---------- ---------------------------
      PRE:
      <span class='color_blue'><span class='color_blue'>this|callee = _t$64<span class='color_orange'>formal</span>:org.junit.runner.Result*( sub ) ;
      _t$63|->{}<span class='color_orange'>rearrange:(z)68</span>:java.util.concurrent.CopyOnWriteArrayList( sub ); this|callee|->{failures:_t$63<span class='color_orange'>rearrange:(z)68</span>}<span class='color_orange'>rearrange:(z)68</span>:org.junit.runner.Result( sub )</span></span>
      POST 1 of 1:
      <span class='color_blue'><span class='color_red'>UND &lt; int CopyOnWriteArrayList.size() &gt; :68(return|callee)</span> ;
      <span class='color_red'>return|callee = _t$65<span class='color_orange'>update:68</span>:int</span> ;
      _t$63|->{}<span class='color_orange'>formal(z)</span>:java.util.concurrent.CopyOnWriteArrayList( sub ); this|callee|->{failures:_t$63<span class='color_orange'>formal(z)</span>}<span class='color_orange'>formal(z)</span>:org.junit.runner.Result( sub )</span>
      ----------------------------------------------------------------
    pre_check_pure_implication
    pi1:
      MEMna &lt; new[]:315 &gt; <span class='color_orange'>{vpath: }</span>(n$49); UND &lt; Result JUnitCore.runClasses(Computer,Class[]) &gt; :53(n$4)
    pi2:
      
    returns
    sub1:
      
    sub2:
      
    Current Implication
    SUB:
      
    <span class='color_blue'>MEMna &lt; new[]:315 &gt; <span class='color_orange'>{vpath: }</span>(n$49); UND &lt; Result JUnitCore.runClasses(Computer,Class[]) &gt; :53(this|callee) ;
    result = n$4<span class='color_orange'>update:315</span>:org.junit.runner.Result*; $irvar0 = 0<span class='color_orange'>nullify</span>:void; return = n$46<span class='color_orange'>initial</span>:void; $irvar1 = n$47<span class='color_orange'>initial</span>:void; #GB<>$org.junit.tests.running.classes.ParameterizedTestTest = {fLog:""<span class='color_orange'>update:314</span>}<span class='color_orange'>formal</span>:org.junit.tests.running.classes.ParameterizedTestTest( sub ); old_org.junit.tests.running.classes.ParameterizedTestTest = {fLog:val$2<span class='color_orange'>formal</span>}<span class='color_orange'>formal</span>:org.junit.tests.running.classes.ParameterizedTestTest( sub ); $irvar2 = n$48<span class='color_orange'>initial</span>:void; this = val$1<span class='color_orange'>formal</span>:org.junit.tests.running.classes.ParameterizedTestTest*( sub ); this|callee = n$4<span class='color_orange'>actual_precondition</span>:org.junit.runner.Result*; old_this = val$1<span class='color_orange'>formal</span>:org.junit.tests.running.classes.ParameterizedTestTest*( sub )</span>
    |-
    <span class='color_blue'>this|callee = _t$64<span class='color_orange'>formal</span>:org.junit.runner.Result*( sub ) ;
    this|callee|->{failures:_t$63<span class='color_orange'>rearrange:(z)68</span>}<span class='color_orange'>rearrange:(z)68</span>:org.junit.runner.Result( sub ); _t$63|->{}<span class='color_orange'>rearrange:(z)68</span>:java.util.concurrent.CopyOnWriteArrayList( sub )</span>
    
      do_imply n$4 _t$64
        Current Implication
        SUB:
          
        <span class='color_blue'>MEMna &lt; new[]:315 &gt; <span class='color_orange'>{vpath: }</span>(n$49); UND &lt; Result JUnitCore.runClasses(Computer,Class[]) &gt; :53(result) ;
        result = n$4<span class='color_orange'>update:315</span>:org.junit.runner.Result*; $irvar0 = 0<span class='color_orange'>nullify</span>:void; return = n$46<span class='color_orange'>initial</span>:void; $irvar1 = n$47<span class='color_orange'>initial</span>:void; #GB<>$org.junit.tests.running.classes.ParameterizedTestTest = {fLog:""<span class='color_orange'>update:314</span>}<span class='color_orange'>formal</span>:org.junit.tests.running.classes.ParameterizedTestTest( sub ); old_org.junit.tests.running.classes.ParameterizedTestTest = {fLog:val$2<span class='color_orange'>formal</span>}<span class='color_orange'>formal</span>:org.junit.tests.running.classes.ParameterizedTestTest( sub ); $irvar2 = n$48<span class='color_orange'>initial</span>:void; this = val$1<span class='color_orange'>formal</span>:org.junit.tests.running.classes.ParameterizedTestTest*( sub ); old_this = val$1<span class='color_orange'>formal</span>:org.junit.tests.running.classes.ParameterizedTestTest*( sub )</span>
        [SUB: 
          _t$64 = n$4]
        |-
        <span class='color_blue'>n$4|->{failures:_t$63<span class='color_orange'>rearrange:(z)68</span>}<span class='color_orange'>rearrange:(z)68</span>:org.junit.runner.Result( sub ); _t$63|->{}<span class='color_orange'>rearrange:(z)68</span>:java.util.concurrent.CopyOnWriteArrayList( sub )</span>
        
            Current Implication
            SUB:
              
            <span class='color_blue'>MEMna &lt; new[]:315 &gt; <span class='color_orange'>{vpath: }</span>(n$49); UND &lt; Result JUnitCore.runClasses(Computer,Class[]) &gt; :53(result) ;
            result = n$4<span class='color_orange'>update:315</span>:org.junit.runner.Result*; $irvar0 = 0<span class='color_orange'>nullify</span>:void; return = n$46<span class='color_orange'>initial</span>:void; $irvar1 = n$47<span class='color_orange'>initial</span>:void; #GB<>$org.junit.tests.running.classes.ParameterizedTestTest = {fLog:""<span class='color_orange'>update:314</span>}<span class='color_orange'>formal</span>:org.junit.tests.running.classes.ParameterizedTestTest( sub ); old_org.junit.tests.running.classes.ParameterizedTestTest = {fLog:val$2<span class='color_orange'>formal</span>}<span class='color_orange'>formal</span>:org.junit.tests.running.classes.ParameterizedTestTest( sub ); $irvar2 = n$48<span class='color_orange'>initial</span>:void; this = val$1<span class='color_orange'>formal</span>:org.junit.tests.running.classes.ParameterizedTestTest*( sub ); old_this = val$1<span class='color_orange'>formal</span>:org.junit.tests.running.classes.ParameterizedTestTest*( sub )</span>
            [SUB: 
              _t$63 = %path%n4_org.junit.runner.Result.failures$-3; _t$64 = n$4
            n$4|->{failures:_t$63<span class='color_orange'>rearrange:(z)68</span>}<span class='color_orange'>rearrange:(z)68</span>:org.junit.runner.Result( sub )]
            |-
            <span class='color_blue'>%path%n4_org.junit.runner.Result.failures$-3|->{}<span class='color_orange'>rearrange:(z)68</span>:java.util.concurrent.CopyOnWriteArrayList( sub )</span>
            
                Final Implication
                SUB:
                  
                <span class='color_blue'>MEMna &lt; new[]:315 &gt; <span class='color_orange'>{vpath: }</span>(n$49); UND &lt; Result JUnitCore.runClasses(Computer,Class[]) &gt; :53(result) ;
                result = n$4<span class='color_orange'>update:315</span>:org.junit.runner.Result*; $irvar0 = 0<span class='color_orange'>nullify</span>:void; return = n$46<span class='color_orange'>initial</span>:void; $irvar1 = n$47<span class='color_orange'>initial</span>:void; #GB<>$org.junit.tests.running.classes.ParameterizedTestTest = {fLog:""<span class='color_orange'>update:314</span>}<span class='color_orange'>formal</span>:org.junit.tests.running.classes.ParameterizedTestTest( sub ); old_org.junit.tests.running.classes.ParameterizedTestTest = {fLog:val$2<span class='color_orange'>formal</span>}<span class='color_orange'>formal</span>:org.junit.tests.running.classes.ParameterizedTestTest( sub ); $irvar2 = n$48<span class='color_orange'>initial</span>:void; this = val$1<span class='color_orange'>formal</span>:org.junit.tests.running.classes.ParameterizedTestTest*( sub ); old_this = val$1<span class='color_orange'>formal</span>:org.junit.tests.running.classes.ParameterizedTestTest*( sub )</span>
                [SUB: 
                  _t$63 = %path%n4_org.junit.runner.Result.failures$-3; _t$64 = n$4
                %path%n4_org.junit.runner.Result.failures$-3|->{}<span class='color_orange'>rearrange:(z)68</span>:java.util.concurrent.CopyOnWriteArrayList( sub ); n$4|->{failures:_t$63<span class='color_orange'>rearrange:(z)68</span>}<span class='color_orange'>rearrange:(z)68</span>:org.junit.runner.Result( sub )]
                |-
                <span class='color_blue'></span>
    Result of Abduction
      SUB:
        
      <span class='color_blue'>MEMna &lt; new[]:315 &gt; <span class='color_orange'>{vpath: }</span>(n$49); UND &lt; Result JUnitCore.runClasses(Computer,Class[]) &gt; :53(this|callee) ;
      result = n$4<span class='color_orange'>update:315</span>:org.junit.runner.Result*; $irvar0 = 0<span class='color_orange'>nullify</span>:void; return = n$46<span class='color_orange'>initial</span>:void; $irvar1 = n$47<span class='color_orange'>initial</span>:void; #GB<>$org.junit.tests.running.classes.ParameterizedTestTest = {fLog:""<span class='color_orange'>update:314</span>}<span class='color_orange'>formal</span>:org.junit.tests.running.classes.ParameterizedTestTest( sub ); old_org.junit.tests.running.classes.ParameterizedTestTest = {fLog:val$2<span class='color_orange'>formal</span>}<span class='color_orange'>formal</span>:org.junit.tests.running.classes.ParameterizedTestTest( sub ); $irvar2 = n$48<span class='color_orange'>initial</span>:void; this = val$1<span class='color_orange'>formal</span>:org.junit.tests.running.classes.ParameterizedTestTest*( sub ); this|callee = n$4<span class='color_orange'>actual_precondition</span>:org.junit.runner.Result*; old_this = val$1<span class='color_orange'>formal</span>:org.junit.tests.running.classes.ParameterizedTestTest*( sub )</span>
      [SUB: 
        _t$63 = %path%n4_org.junit.runner.Result.failures$-3; _t$64 = n$4
      %path%n4_org.junit.runner.Result.failures$-3|->{}<span class='color_orange'>rearrange:(z)68</span>:java.util.concurrent.CopyOnWriteArrayList( sub ); n$4|->{failures:_t$63<span class='color_orange'>rearrange:(z)68</span>}<span class='color_orange'>rearrange:(z)68</span>:org.junit.runner.Result( sub )]
      |-
      <span class='color_blue'>this|callee = n$4<span class='color_orange'>formal</span>:org.junit.runner.Result*( sub ) ;
      %path%n4_org.junit.runner.Result.failures$-3|->{}<span class='color_orange'>rearrange:(z)68</span>:java.util.concurrent.CopyOnWriteArrayList( sub ); this|callee|->{failures:%path%n4_org.junit.runner.Result.failures$-3<span class='color_orange'>rearrange:(z)68</span>}<span class='color_orange'>rearrange:(z)68</span>:org.junit.runner.Result( sub )</span>
    returning TRUE
    explain_dereference_as_caller_expression _t$64: cannot explain None
    <span class='color_red'>found error in dereference</span>
    spec_pre:
    <span class='color_blue'>this|callee = _t$64<span class='color_orange'>formal</span>:org.junit.runner.Result*( sub ) ;
    _t$63|->{}<span class='color_orange'>rearrange:(z)68</span>:java.util.concurrent.CopyOnWriteArrayList( sub ); this|callee|->{failures:_t$63<span class='color_orange'>rearrange:(z)68</span>}<span class='color_orange'>rearrange:(z)68</span>:org.junit.runner.Result( sub )</span>
    exp _t$64 desc: 
      New footprint:
      %path%n4_org.junit.runner.Result.failures$-3|->{}<span class='color_orange'>rearrange:(z)68</span>:java.util.concurrent.CopyOnWriteArrayList( sub ); n$4|->{failures:%path%n4_org.junit.runner.Result.failures$-3<span class='color_orange'>rearrange:(z)68</span>}<span class='color_orange'>rearrange:(z)68</span>:org.junit.runner.Result( sub )
      Frame fld:
      
      Missing fld:
      
      Instantiated frame:
      &amp;result|->n$4<span class='color_orange'>update:315</span>:org.junit.runner.Result*; &amp;$irvar0|->0<span class='color_orange'>nullify</span>:void; &amp;return|->n$46<span class='color_orange'>initial</span>:void; &amp;$irvar1|->n$47<span class='color_orange'>initial</span>:void; &amp;#GB<>$org.junit.tests.running.classes.ParameterizedTestTest|->{fLog:""<span class='color_orange'>update:314</span>}<span class='color_orange'>formal</span>:org.junit.tests.running.classes.ParameterizedTestTest( sub ); &amp;old_org.junit.tests.running.classes.ParameterizedTestTest|->{fLog:val$2<span class='color_orange'>formal</span>}<span class='color_orange'>formal</span>:org.junit.tests.running.classes.ParameterizedTestTest( sub ); &amp;$irvar2|->n$48<span class='color_orange'>initial</span>:void; &amp;this|->val$1<span class='color_orange'>formal</span>:org.junit.tests.running.classes.ParameterizedTestTest*( sub ); &amp;old_this|->val$1<span class='color_orange'>formal</span>:org.junit.tests.running.classes.ParameterizedTestTest*( sub )
      Instantiated post:
      PROP 1 of 1:
      <span class='color_blue'><span class='color_red'>UND &lt; int CopyOnWriteArrayList.size() &gt; :68(return|callee)</span> ;
      <span class='color_red'>return|callee = _t$65<span class='color_orange'>update:316</span>:int</span> ;
      <span class='color_red'>%path%n4_org.junit.runner.Result.failures$-3|->{}<span class='color_orange'>formal(z)</span>:java.util.concurrent.CopyOnWriteArrayList( sub )</span>; <span class='color_red'>n$4|->{failures:%path%n4_org.junit.runner.Result.failures$-3<span class='color_orange'>formal(z)</span>}<span class='color_orange'>formal(z)</span>:org.junit.runner.Result( sub )</span></span>
      
    ***** RESULTS FUNCTION CALL *******
    PROP 1 of 1:
    <span class='color_blue'><span class='color_blue'>MEMna &lt; new[]:315 &gt; <span class='color_orange'>{vpath: }</span>(n$49)</span>; <span class='color_blue'>UND &lt; Result JUnitCore.runClasses(Computer,Class[]) &gt; :53(result)</span>; <span class='color_red'>UND &lt; int CopyOnWriteArrayList.size() &gt; :68(n$6)</span> ;
    <span class='color_blue'>result = n$4<span class='color_orange'>update:315</span>:org.junit.runner.Result*</span>; <span class='color_blue'>$irvar0 = 0<span class='color_orange'>nullify</span>:void</span>; <span class='color_blue'>return = n$46<span class='color_orange'>initial</span>:void</span>; <span class='color_blue'>$irvar1 = n$47<span class='color_orange'>initial</span>:void</span>; <span class='color_blue'>#GB<>$org.junit.tests.running.classes.ParameterizedTestTest = {fLog:""<span class='color_orange'>update:314</span>}<span class='color_orange'>formal</span>:org.junit.tests.running.classes.ParameterizedTestTest( sub )</span>; <span class='color_blue'>old_org.junit.tests.running.classes.ParameterizedTestTest = {fLog:val$2<span class='color_orange'>formal</span>}<span class='color_orange'>formal</span>:org.junit.tests.running.classes.ParameterizedTestTest( sub )</span>; <span class='color_blue'>$irvar2 = n$48<span class='color_orange'>initial</span>:void</span>; <span class='color_blue'>this = val$1<span class='color_orange'>formal</span>:org.junit.tests.running.classes.ParameterizedTestTest*( sub )</span>; <span class='color_blue'>old_this = val$1<span class='color_orange'>formal</span>:org.junit.tests.running.classes.ParameterizedTestTest*( sub )</span> ;
    <span class='color_red'>%path%n4_org.junit.runner.Result.failures$-3|->{}<span class='color_orange'>formal(z)</span>:java.util.concurrent.CopyOnWriteArrayList( sub )</span>; <span class='color_red'>result|->{failures:%path%n4_org.junit.runner.Result.failures$-3<span class='color_orange'>formal(z)</span>}<span class='color_orange'>formal(z)</span>:org.junit.runner.Result( sub )</span></span>
    ***** END RESULTS FUNCTION CALL *******
    pvar: result
    <span class='color_red'>found error in dereference</span>
    spec_pre:
    <span class='color_blue'>MEMna &lt; new[]:315 &gt; <span class='color_orange'>{vpath: }</span>(n$49); UND &lt; Result JUnitCore.runClasses(Computer,Class[]) &gt; :53(result); UND &lt; int CopyOnWriteArrayList.size() &gt; :68(n$6) ;
    result = n$4<span class='color_orange'>update:315</span>:org.junit.runner.Result*; $irvar0 = 0<span class='color_orange'>nullify</span>:void; return = n$46<span class='color_orange'>initial</span>:void; $irvar1 = n$47<span class='color_orange'>initial</span>:void; #GB<>$org.junit.tests.running.classes.ParameterizedTestTest = {fLog:""<span class='color_orange'>update:314</span>}<span class='color_orange'>formal</span>:org.junit.tests.running.classes.ParameterizedTestTest( sub ); old_org.junit.tests.running.classes.ParameterizedTestTest = {fLog:val$2<span class='color_orange'>formal</span>}<span class='color_orange'>formal</span>:org.junit.tests.running.classes.ParameterizedTestTest( sub ); $irvar2 = n$48<span class='color_orange'>initial</span>:void; this = val$1<span class='color_orange'>formal</span>:org.junit.tests.running.classes.ParameterizedTestTest*( sub ); old_this = val$1<span class='color_orange'>formal</span>:org.junit.tests.running.classes.ParameterizedTestTest*( sub ) ;
    %path%n4_org.junit.runner.Result.failures$-3|->{}<span class='color_orange'>formal(z)</span>:java.util.concurrent.CopyOnWriteArrayList( sub ); result|->{failures:%path%n4_org.junit.runner.Result.failures$-3<span class='color_orange'>formal(z)</span>}<span class='color_orange'>formal(z)</span>:org.junit.runner.Result( sub )</span>
    exp n$4 desc: 
    Prover.check_inconsistency_base: inconsistency reason [None]
    Prover.check_inconsistency_base: inconsistency reason [None]
    Prover.check_inconsistency_base: inconsistency reason [None]
    Prover.check_inconsistency_base: inconsistency reason [None]
    Instruction Returns
    PROP 1 of 1:
    <span class='color_blue'><span class='color_red'>MEMna &lt; new[]:315 &gt; <span class='color_orange'>{vpath: }</span>(_t$4)</span>; <span class='color_blue'>UND &lt; Result JUnitCore.runClasses(Computer,Class[]) &gt; :53(result)</span>; <span class='color_red'>UND &lt; int CopyOnWriteArrayList.size() &gt; :68(n$6)</span>; <span class='color_red'>RET &lt; int Result.getFailureCount() &gt; (n$6)</span> ;
    <span class='color_blue'>result = n$4<span class='color_orange'>update:315</span>:org.junit.runner.Result*</span>; <span class='color_blue'>$irvar0 = 0<span class='color_orange'>nullify</span>:void</span>; <span class='color_blue'>return = _t$2<span class='color_orange'>initial</span>:void</span>; <span class='color_blue'>$irvar1 = _t$1<span class='color_orange'>initial</span>:void</span>; <span class='color_blue'>#GB<>$org.junit.tests.running.classes.ParameterizedTestTest = {fLog:""<span class='color_orange'>update:314</span>}<span class='color_orange'>formal</span>:org.junit.tests.running.classes.ParameterizedTestTest( sub )</span>; <span class='color_blue'>old_org.junit.tests.running.classes.ParameterizedTestTest = {fLog:val$2<span class='color_orange'>formal</span>}<span class='color_orange'>formal</span>:org.junit.tests.running.classes.ParameterizedTestTest( sub )</span>; <span class='color_blue'>$irvar2 = _t$0<span class='color_orange'>initial</span>:void</span>; <span class='color_blue'>this = val$1<span class='color_orange'>formal</span>:org.junit.tests.running.classes.ParameterizedTestTest*( sub )</span>; <span class='color_blue'>old_this = val$1<span class='color_orange'>formal</span>:org.junit.tests.running.classes.ParameterizedTestTest*( sub )</span> ;
    <span class='color_red'>_t$3|->{}<span class='color_orange'>formal(z)</span>:java.util.concurrent.CopyOnWriteArrayList( sub )</span>; <span class='color_red'>result|->{failures:_t$3<span class='color_orange'>formal(z)</span>}<span class='color_orange'>formal(z)</span>:org.junit.runner.Result( sub )</span></span>
    
    Instruction <span class='color_green'>*&amp;$irvar1:int=n$6 [line 316]</span>
    in vpath_find exp:n$54
    vpath_find: cannot find n$54
    .... Rearrangement Start ....
    Exp: &amp;$irvar1
    Prop:
    <span class='color_blue'>MEMna &lt; new[]:315 &gt; <span class='color_orange'>{vpath: }</span>(n$54); UND &lt; Result JUnitCore.runClasses(Computer,Class[]) &gt; :53(result); UND &lt; int CopyOnWriteArrayList.size() &gt; :68(n$6); RET &lt; int Result.getFailureCount() &gt; (n$6) ;
    result = n$4<span class='color_orange'>update:315</span>:org.junit.runner.Result*; $irvar0 = 0<span class='color_orange'>nullify</span>:void; return = n$51<span class='color_orange'>initial</span>:void; $irvar1 = n$52<span class='color_orange'>initial</span>:void; #GB<>$org.junit.tests.running.classes.ParameterizedTestTest = {fLog:""<span class='color_orange'>update:314</span>}<span class='color_orange'>formal</span>:org.junit.tests.running.classes.ParameterizedTestTest( sub ); old_org.junit.tests.running.classes.ParameterizedTestTest = {fLog:val$2<span class='color_orange'>formal</span>}<span class='color_orange'>formal</span>:org.junit.tests.running.classes.ParameterizedTestTest( sub ); $irvar2 = n$53<span class='color_orange'>initial</span>:void; this = val$1<span class='color_orange'>formal</span>:org.junit.tests.running.classes.ParameterizedTestTest*( sub ); old_this = val$1<span class='color_orange'>formal</span>:org.junit.tests.running.classes.ParameterizedTestTest*( sub ) ;
    n$50|->{}<span class='color_orange'>formal(z)</span>:java.util.concurrent.CopyOnWriteArrayList( sub ); result|->{failures:n$50<span class='color_orange'>formal(z)</span>}<span class='color_orange'>formal(z)</span>:org.junit.runner.Result( sub )</span>
    
    Prover.check_inconsistency_base: inconsistency reason [None]
    Prover.check_inconsistency_base: inconsistency reason [None]
    Instruction Returns
    PROP 1 of 1:
    <span class='color_blue'><span class='color_red'>MEMna &lt; new[]:315 &gt; <span class='color_orange'>{vpath: }</span>(_t$3)</span>; <span class='color_blue'>UND &lt; Result JUnitCore.runClasses(Computer,Class[]) &gt; :53(result)</span>; <span class='color_blue'>UND &lt; int CopyOnWriteArrayList.size() &gt; :68($irvar1)</span>; <span class='color_blue'>RET &lt; int Result.getFailureCount() &gt; ($irvar1)</span> ;
    <span class='color_blue'>result = n$4<span class='color_orange'>update:315</span>:org.junit.runner.Result*</span>; <span class='color_blue'>$irvar0 = 0<span class='color_orange'>nullify</span>:void</span>; <span class='color_blue'>return = <span class='color_red'>_t$1<span class='color_orange'>initial</span></span>:void</span>; <span class='color_blue'>$irvar1 = <span class='color_red'>n$6<span class='color_orange'>update:316</span></span>:void</span>; <span class='color_blue'>#GB<>$org.junit.tests.running.classes.ParameterizedTestTest = {fLog:""<span class='color_orange'>update:314</span>}<span class='color_orange'>formal</span>:org.junit.tests.running.classes.ParameterizedTestTest( sub )</span>; <span class='color_blue'>old_org.junit.tests.running.classes.ParameterizedTestTest = {fLog:val$2<span class='color_orange'>formal</span>}<span class='color_orange'>formal</span>:org.junit.tests.running.classes.ParameterizedTestTest( sub )</span>; <span class='color_blue'>$irvar2 = _t$0<span class='color_orange'>initial</span>:void</span>; <span class='color_blue'>this = val$1<span class='color_orange'>formal</span>:org.junit.tests.running.classes.ParameterizedTestTest*( sub )</span>; <span class='color_blue'>old_this = val$1<span class='color_orange'>formal</span>:org.junit.tests.running.classes.ParameterizedTestTest*( sub )</span> ;
    <span class='color_red'>_t$2|->{}<span class='color_orange'>formal(z)</span>:java.util.concurrent.CopyOnWriteArrayList( sub )</span>; <span class='color_blue'>result|->{failures:<span class='color_red'>_t$2<span class='color_orange'>formal(z)</span></span>}<span class='color_orange'>formal(z)</span>:org.junit.runner.Result( sub )</span></span>
    
    Instruction <span class='color_green'>NULLIFY(&amp;result); [line 316]</span>
    in vpath_find exp:_t$3
    vpath_find: cannot find _t$3
    Instruction Returns
    PROP 1 of 1:
    <span class='color_blue'><span class='color_blue'>MEMna &lt; new[]:315 &gt; <span class='color_orange'>{vpath: }</span>(_t$3)</span>; <span class='color_blue'>UND &lt; Result JUnitCore.runClasses(Computer,Class[]) &gt; :53(n$4)</span>; <span class='color_blue'>UND &lt; int CopyOnWriteArrayList.size() &gt; :68($irvar1)</span>; <span class='color_blue'>RET &lt; int Result.getFailureCount() &gt; ($irvar1)</span> ;
    <span class='color_blue'>result = <span class='color_red'>0<span class='color_orange'>nullify</span></span>:org.junit.runner.Result*</span>; <span class='color_blue'>$irvar0 = 0<span class='color_orange'>nullify</span>:void</span>; <span class='color_blue'>return = _t$1<span class='color_orange'>initial</span>:void</span>; <span class='color_blue'>$irvar1 = n$6<span class='color_orange'>update:316</span>:void</span>; <span class='color_blue'>#GB<>$org.junit.tests.running.classes.ParameterizedTestTest = {fLog:""<span class='color_orange'>update:314</span>}<span class='color_orange'>formal</span>:org.junit.tests.running.classes.ParameterizedTestTest( sub )</span>; <span class='color_blue'>old_org.junit.tests.running.classes.ParameterizedTestTest = {fLog:val$2<span class='color_orange'>formal</span>}<span class='color_orange'>formal</span>:org.junit.tests.running.classes.ParameterizedTestTest( sub )</span>; <span class='color_blue'>$irvar2 = _t$0<span class='color_orange'>initial</span>:void</span>; <span class='color_blue'>this = val$1<span class='color_orange'>formal</span>:org.junit.tests.running.classes.ParameterizedTestTest*( sub )</span>; <span class='color_blue'>old_this = val$1<span class='color_orange'>formal</span>:org.junit.tests.running.classes.ParameterizedTestTest*( sub )</span> ;
    <span class='color_blue'>_t$2|->{}<span class='color_orange'>formal(z)</span>:java.util.concurrent.CopyOnWriteArrayList( sub )</span>; <span class='color_blue'>n$4|->{failures:_t$2<span class='color_orange'>formal(z)</span>}<span class='color_orange'>formal(z)</span>:org.junit.runner.Result( sub )</span></span>
    
    Instruction <span class='color_green'>EXIT_SCOPE(_,n$4,n$6,result); [line 316]</span>
    in vpath_find exp:_t$3
    vpath_find: cannot find _t$3
    .... Prop with garbage in normal part ....
      PROP:
      <span class='color_blue'>MEMna &lt; new[]:315 &gt; <span class='color_orange'>{vpath: }</span>(_t$3); UND &lt; Result JUnitCore.runClasses(Computer,Class[]) &gt; :53(_t$77); UND &lt; int CopyOnWriteArrayList.size() &gt; :68($irvar1); RET &lt; int Result.getFailureCount() &gt; ($irvar1) ;
      result = 0<span class='color_orange'>nullify</span>:org.junit.runner.Result*; $irvar0 = 0<span class='color_orange'>nullify</span>:void; return = _t$1<span class='color_orange'>initial</span>:void; $irvar1 = _t$78<span class='color_orange'>update:316</span>:void; #GB<>$org.junit.tests.running.classes.ParameterizedTestTest = {fLog:""<span class='color_orange'>update:314</span>}<span class='color_orange'>formal</span>:org.junit.tests.running.classes.ParameterizedTestTest( sub ); old_org.junit.tests.running.classes.ParameterizedTestTest = {fLog:val$2<span class='color_orange'>formal</span>}<span class='color_orange'>formal</span>:org.junit.tests.running.classes.ParameterizedTestTest( sub ); $irvar2 = _t$0<span class='color_orange'>initial</span>:void; this = val$1<span class='color_orange'>formal</span>:org.junit.tests.running.classes.ParameterizedTestTest*( sub ); old_this = val$1<span class='color_orange'>formal</span>:org.junit.tests.running.classes.ParameterizedTestTest*( sub ) ;
      _t$77|->{failures:_t$2<span class='color_orange'>formal(z)</span>}<span class='color_orange'>formal(z)</span>:org.junit.runner.Result( sub ); _t$2|->{}<span class='color_orange'>formal(z)</span>:java.util.concurrent.CopyOnWriteArrayList( sub )</span>
      PREDICATE:
      _t$77|->{failures:_t$2<span class='color_orange'>formal(z)</span>}<span class='color_orange'>formal(z)</span>:org.junit.runner.Result( sub )
      UNDEF
      explain_leak: case not matched in instr <span class='color_green'>EXIT_SCOPE(_,n$4,n$6,result); [line 316]</span>
    .... Prop with garbage in normal part ....
      PROP:
      <span class='color_blue'>MEMna &lt; new[]:315 &gt; <span class='color_orange'>{vpath: }</span>(_t$3); UND &lt; Result JUnitCore.runClasses(Computer,Class[]) &gt; :53(_t$77); UND &lt; int CopyOnWriteArrayList.size() &gt; :68($irvar1); RET &lt; int Result.getFailureCount() &gt; ($irvar1) ;
      result = 0<span class='color_orange'>nullify</span>:org.junit.runner.Result*; $irvar0 = 0<span class='color_orange'>nullify</span>:void; return = _t$1<span class='color_orange'>initial</span>:void; $irvar1 = _t$78<span class='color_orange'>update:316</span>:void; #GB<>$org.junit.tests.running.classes.ParameterizedTestTest = {fLog:""<span class='color_orange'>update:314</span>}<span class='color_orange'>formal</span>:org.junit.tests.running.classes.ParameterizedTestTest( sub ); old_org.junit.tests.running.classes.ParameterizedTestTest = {fLog:val$2<span class='color_orange'>formal</span>}<span class='color_orange'>formal</span>:org.junit.tests.running.classes.ParameterizedTestTest( sub ); $irvar2 = _t$0<span class='color_orange'>initial</span>:void; this = val$1<span class='color_orange'>formal</span>:org.junit.tests.running.classes.ParameterizedTestTest*( sub ); old_this = val$1<span class='color_orange'>formal</span>:org.junit.tests.running.classes.ParameterizedTestTest*( sub ) ;
      _t$77|->{failures:_t$2<span class='color_orange'>formal(z)</span>}<span class='color_orange'>formal(z)</span>:org.junit.runner.Result( sub ); _t$2|->{}<span class='color_orange'>formal(z)</span>:java.util.concurrent.CopyOnWriteArrayList( sub )</span>
      PREDICATE:
      _t$2|->{}<span class='color_orange'>formal(z)</span>:java.util.concurrent.CopyOnWriteArrayList( sub )
      explain_leak: case not matched in instr <span class='color_green'>EXIT_SCOPE(_,n$4,n$6,result); [line 316]</span>
    Instruction Returns
    PROP 1 of 1:
    <span class='color_blue'><span class='color_blue'>MEMna &lt; new[]:315 &gt; <span class='color_orange'>{vpath: }</span>(_t$3)</span>; <span class='color_red'>UND &lt; Result JUnitCore.runClasses(Computer,Class[]) &gt; :53(_t$4)</span>; <span class='color_red'>UND &lt; int CopyOnWriteArrayList.size() &gt; :68($irvar1)</span>; <span class='color_red'>RET &lt; int Result.getFailureCount() &gt; ($irvar1)</span> ;
    <span class='color_blue'>result = 0<span class='color_orange'>nullify</span>:org.junit.runner.Result*</span>; <span class='color_blue'>$irvar0 = 0<span class='color_orange'>nullify</span>:void</span>; <span class='color_blue'>return = <span class='color_red'>_t$2<span class='color_orange'>initial</span></span>:void</span>; <span class='color_blue'>$irvar1 = <span class='color_red'>_t$1<span class='color_orange'>update:316</span></span>:void</span>; <span class='color_blue'>#GB<>$org.junit.tests.running.classes.ParameterizedTestTest = {fLog:""<span class='color_orange'>update:314</span>}<span class='color_orange'>formal</span>:org.junit.tests.running.classes.ParameterizedTestTest( sub )</span>; <span class='color_blue'>old_org.junit.tests.running.classes.ParameterizedTestTest = {fLog:val$2<span class='color_orange'>formal</span>}<span class='color_orange'>formal</span>:org.junit.tests.running.classes.ParameterizedTestTest( sub )</span>; <span class='color_blue'>$irvar2 = _t$0<span class='color_orange'>initial</span>:void</span>; <span class='color_blue'>this = val$1<span class='color_orange'>formal</span>:org.junit.tests.running.classes.ParameterizedTestTest*( sub )</span>; <span class='color_blue'>old_this = val$1<span class='color_orange'>formal</span>:org.junit.tests.running.classes.ParameterizedTestTest*( sub )</span></span>
    
    .... After Symbolic Execution ....
    PROP 1 of 1:
    <span class='color_blue'><span class='color_blue'>MEMna &lt; new[]:315 &gt; <span class='color_orange'>{vpath: }</span>(_t$3)</span>; <span class='color_blue'>UND &lt; Result JUnitCore.runClasses(Computer,Class[]) &gt; :53(_t$4)</span>; <span class='color_red'>UND &lt; int CopyOnWriteArrayList.size() &gt; :68($irvar1)</span>; <span class='color_red'>RET &lt; int Result.getFailureCount() &gt; ($irvar1)</span> ;
    <span class='color_blue'>result = <span class='color_red'>0<span class='color_orange'>nullify</span></span>:org.junit.runner.Result*</span>; <span class='color_blue'>$irvar0 = 0<span class='color_orange'>nullify</span>:void</span>; <span class='color_blue'>return = _t$2<span class='color_orange'>initial</span>:void</span>; <span class='color_blue'>$irvar1 = _t$1<span class='color_orange'>update:316</span>:void</span>; <span class='color_blue'>#GB<>$org.junit.tests.running.classes.ParameterizedTestTest = {fLog:""<span class='color_orange'>update:314</span>}<span class='color_orange'>formal</span>:org.junit.tests.running.classes.ParameterizedTestTest( sub )</span>; <span class='color_blue'>old_org.junit.tests.running.classes.ParameterizedTestTest = {fLog:val$2<span class='color_orange'>formal</span>}<span class='color_orange'>formal</span>:org.junit.tests.running.classes.ParameterizedTestTest( sub )</span>; <span class='color_blue'>$irvar2 = _t$0<span class='color_orange'>initial</span>:void</span>; <span class='color_blue'>this = val$1<span class='color_orange'>formal</span>:org.junit.tests.running.classes.ParameterizedTestTest*( sub )</span>; <span class='color_blue'>old_this = val$1<span class='color_orange'>formal</span>:org.junit.tests.running.classes.ParameterizedTestTest*( sub )</span></span>
    
    
    
  </LISTING>