<!DOCTYPE HTML PUBLIC "-//W3C//DTD HTML 4.01 Transitional//EN">
<html>
<head>
<title>org.junit.tests.running.classes.ParameterizedTestTest.beforeParamAndAfterParamAreRun():void.54a97f3199e0601d5d23128eda9fa8df_node9</title>
<meta http-equiv="Content-Type" content="text/html; charset=utf-8">
<style type="text/css">
body { background-color:#fff; color:#000; font-family:Helvetica, sans-serif; font-size:10pt }
h1 { font-size:14pt }
.code { border-collapse:collapse; width:100%; font-family: "Andale Mono", monospace; font-size:10pt; line-height: 1.2em }
.color_black { color: black }
.color_blue { color: blue }
.color_green { color: green }
.color_orange { color: orange }
.color_red { color: red }
.line { border-left: 3px solid #ccc; padding-left: 1ex; white-space: pre; }
.msg { background-color:#fff8b4; color:#000; float:left; font-family:Helvetica, sans-serif; font-size: smaller; font-weight: bold; margin-bottom:10px; margin-top:10px; max-width:60em; padding:0.5em 1ex 0.5em 1ex; -webkit-border-radius:5px; -webkit-box-shadow:1px 1px 7px #000; white-space: pre-wrap; word-wrap: break-word; }
.num { background-color:#eee; color:#444; font-size: smaller; padding-right:2ex; text-align:right; width:2.5em; }
.dangling { background-color:white; color: gray; }
.visited { background-color:LemonChiffon; color: darkmagenta; }
.tooltip { display: none; background-color:#FFF0F0; border: 2px solid #F00; font-weight: normal; left:10em; padding: 2px; position: absolute; top: -1em; -webkit-border-radius:5px; -webkit-box-shadow:1px 1px 7px #000; z-index: 1}
.with_tooltip { position: relative; }
.with_tooltip:hover .tooltip, .visited:hover .tooltip { display: block; }
</style>
</head>
<body>
<center><h1>Cfg Node <a href="./../../ParameterizedTestTest.java.88da44e98279dfa32c0c7e5c52f053d0.html#LINE316">9</a></h1></center>PROC: <a href="./../org.junit.tests.running.classes.ParameterizedTestTest.beforeParamAndAfterParamAreRun%28%29%3Avoid.54a97f3199e0601d5d23128eda9fa8df.html">void ParameterizedTestTest.beforeParamAndAfterParamAreRun()</a> LINE: <a href="./../../ParameterizedTestTest.java.88da44e98279dfa32c0c7e5c52f053d0.html#LINE316">316</a>
<br>PREDS:
<a href="./../nodes/org.junit.tests.running.classes.ParameterizedTestTest.beforeParamAndAfterParamAreRun%28%29%3Avoid.54a97f3199e0601d5d23128eda9fa8df_node8.html"><span class='visited with_tooltip'>N_8<span class='tooltip'>node8 preds:7 succs:9 exn:3 </span></span></a><br>SUCCS:
<a href="./../nodes/org.junit.tests.running.classes.ParameterizedTestTest.beforeParamAndAfterParamAreRun%28%29%3Avoid.54a97f3199e0601d5d23128eda9fa8df_node10.html"><span class='visited with_tooltip'>N_10<span class='tooltip'>node10 preds:9 succs:11 exn:3 </span></span></a><br>EXN:
<a href="./../nodes/org.junit.tests.running.classes.ParameterizedTestTest.beforeParamAndAfterParamAreRun%28%29%3Avoid.54a97f3199e0601d5d23128eda9fa8df_node3.html"><span class='visited with_tooltip'>N_3<span class='tooltip'>node3 preds: succs:2 exn:2 </span></span></a><br>
<LISTING class='color_green'>n$7=*&amp;$irvar1:int [line 316];
n$8=_fun_void Assert.assertEquals(long,long)(0:long,(long)n$7:long) [line 316];
</LISTING>
<hr width="100%">
<a name="session10" href="./../nodes/org.junit.tests.running.classes.ParameterizedTestTest.beforeParamAndAfterParamAreRun%28%29%3Avoid.54a97f3199e0601d5d23128eda9fa8df_node9.html#session10">node9#session10</a>(<a href="./../../ParameterizedTestTest.java.88da44e98279dfa32c0c7e5c52f053d0.html#LINE316">316</a>) [compute pre] liveness 9
<LISTING class='color_black'>JOIN

LEFT:   normal:{ classes.ParameterizedTestTest }, exn:{ }
RIGHT:  normal:{ }, exn:{ }
RESULT: normal:{ classes.ParameterizedTestTest }, exn:{ }

</LISTING>
<hr width="100%">
<a name="session11" href="./../nodes/org.junit.tests.running.classes.ParameterizedTestTest.beforeParamAndAfterParamAreRun%28%29%3Avoid.54a97f3199e0601d5d23128eda9fa8df_node9.html#session11">node9#session11</a>(<a href="./../../ParameterizedTestTest.java.88da44e98279dfa32c0c7e5c52f053d0.html#LINE316">316</a>) [exec] liveness 9
<LISTING class='color_black'>PRE STATE:
normal:{ classes.ParameterizedTestTest }, exn:{ }

INSTR=  n$8=_fun_void Assert.assertEquals(long,long)(0:long,(long)n$7:long) [line 316]; 

STATE:
normal:{ n$7, classes.ParameterizedTestTest }, exn:{ }

INSTR=  n$7=*&amp;$irvar1:int [line 316]; 

STATE:
normal:{ $irvar1, classes.ParameterizedTestTest }, exn:{ }

</LISTING>
<hr width="100%">
<a name="session35" href="./../nodes/org.junit.tests.running.classes.ParameterizedTestTest.beforeParamAndAfterParamAreRun%28%29%3Avoid.54a97f3199e0601d5d23128eda9fa8df_node9.html#session35">node9#session35</a>(<a href="./../../ParameterizedTestTest.java.88da44e98279dfa32c0c7e5c52f053d0.html#LINE316">316</a>) [compute pre] nullify
<LISTING class='color_black'></LISTING>
<hr width="100%">
<a name="session36" href="./../nodes/org.junit.tests.running.classes.ParameterizedTestTest.beforeParamAndAfterParamAreRun%28%29%3Avoid.54a97f3199e0601d5d23128eda9fa8df_node9.html#session36">node9#session36</a>(<a href="./../../ParameterizedTestTest.java.88da44e98279dfa32c0c7e5c52f053d0.html#LINE316">316</a>) [exec] nullify
<LISTING class='color_black'>PRE STATE:
(normal:{ $irvar1 }, exn:{ },normal:{ _, n$4, n$6, result }, exn:{ })

INSTR=  n$7=*&amp;$irvar1:int [line 316]; 

STATE:
(normal:{ n$7, $irvar1 }, exn:{ },normal:{ _, n$4, n$6, result }, exn:{ })

INSTR=  n$8=_fun_void Assert.assertEquals(long,long)(0:long,(long)n$7:long) [line 316]; 

STATE:
(normal:{ }, exn:{ },normal:{ n$7, n$8, $irvar1 }, exn:{ })

</LISTING>
<hr width="100%">
<a name="session58" href="./../nodes/org.junit.tests.running.classes.ParameterizedTestTest.beforeParamAndAfterParamAreRun%28%29%3Avoid.54a97f3199e0601d5d23128eda9fa8df_node9.html#session58">node9#session58</a>(<a href="./../../ParameterizedTestTest.java.88da44e98279dfa32c0c7e5c52f053d0.html#LINE316">316</a>) [compute pre] devirtualizer analysis 9
<LISTING class='color_black'></LISTING>
<hr width="100%">
<a name="session59" href="./../nodes/org.junit.tests.running.classes.ParameterizedTestTest.beforeParamAndAfterParamAreRun%28%29%3Avoid.54a97f3199e0601d5d23128eda9fa8df_node9.html#session59">node9#session59</a>(<a href="./../../ParameterizedTestTest.java.88da44e98279dfa32c0c7e5c52f053d0.html#LINE316">316</a>) [exec] devirtualizer analysis 9
<LISTING class='color_black'>PRE STATE:
{ }

INSTR=  n$7=*&amp;$irvar1:int [line 316]; 

STATE UNCHANGED

INSTR=  n$8=_fun_void Assert.assertEquals(long,long)(0:long,(long)n$7:long) [line 316]; 

STATE UNCHANGED

INSTR=  NULLIFY(&amp;$irvar1); [line 316]; 

STATE UNCHANGED

INSTR=  EXIT_SCOPE(n$7,n$8,$irvar1); [line 316]; 

STATE UNCHANGED

</LISTING>
<hr width="100%">
<a name="session76" href="./../nodes/org.junit.tests.running.classes.ParameterizedTestTest.beforeParamAndAfterParamAreRun%28%29%3Avoid.54a97f3199e0601d5d23128eda9fa8df_node9.html#session76">node9#session76</a>(<a href="./../../ParameterizedTestTest.java.88da44e98279dfa32c0c7e5c52f053d0.html#LINE316">316</a>) [exec] devirtualizer
<LISTING class='color_black'></LISTING>
<hr width="100%">
<a name="session77" href="./../nodes/org.junit.tests.running.classes.ParameterizedTestTest.beforeParamAndAfterParamAreRun%28%29%3Avoid.54a97f3199e0601d5d23128eda9fa8df_node9.html#session77">node9#session77</a>(<a href="./../../ParameterizedTestTest.java.88da44e98279dfa32c0c7e5c52f053d0.html#LINE316">316</a>) [exec] devirtualizer
<LISTING class='color_black'></LISTING>
<hr width="100%">
<a name="session78" href="./../nodes/org.junit.tests.running.classes.ParameterizedTestTest.beforeParamAndAfterParamAreRun%28%29%3Avoid.54a97f3199e0601d5d23128eda9fa8df_node9.html#session78">node9#session78</a>(<a href="./../../ParameterizedTestTest.java.88da44e98279dfa32c0c7e5c52f053d0.html#LINE316">316</a>) [exec] devirtualizer
<LISTING class='color_black'></LISTING>
<hr width="100%">
<a name="session79" href="./../nodes/org.junit.tests.running.classes.ParameterizedTestTest.beforeParamAndAfterParamAreRun%28%29%3Avoid.54a97f3199e0601d5d23128eda9fa8df_node9.html#session79">node9#session79</a>(<a href="./../../ParameterizedTestTest.java.88da44e98279dfa32c0c7e5c52f053d0.html#LINE316">316</a>) [exec] devirtualizer
<LISTING class='color_black'></LISTING>
<hr width="100%">
<a name="session12" href="./../nodes/org.junit.tests.running.classes.ParameterizedTestTest.beforeParamAndAfterParamAreRun%28%29%3Avoid.54a97f3199e0601d5d23128eda9fa8df_node9.html#session12">node9#session12</a>(<a href="./../../ParameterizedTestTest.java.88da44e98279dfa32c0c7e5c52f053d0.html#LINE316">316</a>) [compute pre] starvation
<LISTING class='color_black'></LISTING>
<hr width="100%">
<a name="session13" href="./../nodes/org.junit.tests.running.classes.ParameterizedTestTest.beforeParamAndAfterParamAreRun%28%29%3Avoid.54a97f3199e0601d5d23128eda9fa8df_node9.html#session13">node9#session13</a>(<a href="./../../ParameterizedTestTest.java.88da44e98279dfa32c0c7e5c52f053d0.html#LINE316">316</a>) [exec] starvation
<LISTING class='color_black'>PRE STATE:
{guard_map= { }; lock_state= {map= { }; acquisitions= { }};
 critical_pairs= { }; attributes= { }; thread= UnknownThread;
 scheduled_work= { }; var_state= { }}

INSTR=  n$7=*&amp;$irvar1:int [line 316]; 

STATE:
{guard_map= { }; lock_state= {map= { }; acquisitions= { }};
 critical_pairs= { }; attributes= { }; thread= UnknownThread;
 scheduled_work= { }; var_state= { n$7 -&gt; $irvar1 }}

INSTR=  n$8=_fun_void Assert.assertEquals(long,long)(0:long,(long)n$7:long) [line 316]; 

STATE:
{guard_map= { }; lock_state= {map= { }; acquisitions= { }};
 critical_pairs= { }; attributes= { }; thread= UnknownThread;
 scheduled_work= { }; var_state= { n$7 -&gt; $irvar1 }}

INSTR=  NULLIFY(&amp;$irvar1); [line 316]; 

STATE UNCHANGED

INSTR=  EXIT_SCOPE(n$7,n$8,$irvar1); [line 316]; 

STATE:
{guard_map= { }; lock_state= {map= { }; acquisitions= { }};
 critical_pairs= { }; attributes= { }; thread= UnknownThread;
 scheduled_work= { }; var_state= { }}

</LISTING>
<hr width="100%">
<a name="session33" href="./../nodes/org.junit.tests.running.classes.ParameterizedTestTest.beforeParamAndAfterParamAreRun%28%29%3Avoid.54a97f3199e0601d5d23128eda9fa8df_node9.html#session33">node9#session33</a>(<a href="./../../ParameterizedTestTest.java.88da44e98279dfa32c0c7e5c52f053d0.html#LINE316">316</a>) [compute pre] racerd
<LISTING class='color_black'></LISTING>
<hr width="100%">
<a name="session34" href="./../nodes/org.junit.tests.running.classes.ParameterizedTestTest.beforeParamAndAfterParamAreRun%28%29%3Avoid.54a97f3199e0601d5d23128eda9fa8df_node9.html#session34">node9#session34</a>(<a href="./../../ParameterizedTestTest.java.88da44e98279dfa32c0c7e5c52f053d0.html#LINE316">316</a>) [exec] racerd
<LISTING class='color_black'>PRE STATE:
Threads: NoThread, Locks: 0 
Accesses { {elem= Access: Read of model.TestClass.FIELD_COMPARATOR Thread: NoThread Lock: false Pre: Unowned;
            loc= line 78;
            trace= { Result JUnitCore.runClasses(Class[]) at line 315,
                     Result JUnitCore.runClasses(Computer,Class[]) at line 53,
                     Result JUnitCore.run(Computer,Class[]) at line 66,
                     Request Request.classes(Computer,Class[]) at line 109,
                     Runner Computer.getSuite(RunnerBuilder,Class[]) at line 77,
                     Computer$2.&lt;init&gt;(Computer,RunnerBuilder,Class[]) at line 28,
                     Suite.&lt;init&gt;(RunnerBuilder,Class[]) at line 33,
                     Suite.&lt;init&gt;(Class,List) at line 81,
                     ParentRunner.&lt;init&gt;(Class) at line 112,
                     TestClass ParentRunner.createTestClass(Class) at line 91,
                     TestClass.&lt;init&gt;(Class) at line 111,
                     void TestClass.scanAnnotatedMembers(Map,Map) at line 57,
                     Field[] TestClass.getSortedDeclaredFields(Class) at line 70 }},
           {elem= Access: Read of lang.Void.TYPE Thread: NoThread Lock: false Pre: Unowned;
            loc= line 107;
            trace= { Result JUnitCore.runClasses(Class[]) at line 315,
                     Result JUnitCore.runClasses(Computer,Class[]) at line 53,
                     Result JUnitCore.run(Computer,Class[]) at line 66,
                     Request Request.classes(Computer,Class[]) at line 109,
                     Runner Computer.getSuite(RunnerBuilder,Class[]) at line 77,
                     Computer$2.&lt;init&gt;(Computer,RunnerBuilder,Class[]) at line 28,
                     Suite.&lt;init&gt;(RunnerBuilder,Class[]) at line 33,
                     Suite.&lt;init&gt;(Class,List) at line 81,
                     ParentRunner.&lt;init&gt;(Class) at line 112,
                     void ParentRunner.validate() at line 92,
                     void ParentRunner.collectInitializationErrors(List) at line 523,
                     void ParentRunner.validatePublicVoidNoArgMethods(Class,boolean,List) at line 148,
                     void FrameworkMethod.validatePublicVoidNoArg(boolean,List) at line 178,
                     void FrameworkMethod.validatePublicVoid(boolean,List) at line 83 }},
           {elem= Access: Read of runners.ParentRunner.VALIDATORS Thread: NoThread Lock: false Pre: Unowned;
            loc= line 156;
            trace= { Result JUnitCore.runClasses(Class[]) at line 315,
                     Result JUnitCore.runClasses(Computer,Class[]) at line 53,
                     Result JUnitCore.run(Computer,Class[]) at line 66,
                     Request Request.classes(Computer,Class[]) at line 109,
                     Runner Computer.getSuite(RunnerBuilder,Class[]) at line 77,
                     Computer$2.&lt;init&gt;(Computer,RunnerBuilder,Class[]) at line 28,
                     Suite.&lt;init&gt;(RunnerBuilder,Class[]) at line 33,
                     Suite.&lt;init&gt;(Class,List) at line 81,
                     ParentRunner.&lt;init&gt;(Class) at line 112,
                     void ParentRunner.validate() at line 92,
                     void ParentRunner.collectInitializationErrors(List) at line 523,
                     void ParentRunner.applyValidators(List) at line 151 }},
           {elem= Access: Read of internal.MethodSorter.DEFAULT Thread: NoThread Lock: false Pre: Unowned;
            loc= line 67;
            trace= { Result JUnitCore.runClasses(Class[]) at line 315,
                     Result JUnitCore.runClasses(Computer,Class[]) at line 53,
                     Result JUnitCore.run(Computer,Class[]) at line 66,
                     Request Request.classes(Computer,Class[]) at line 109,
                     Runner Computer.getSuite(RunnerBuilder,Class[]) at line 77,
                     Computer$2.&lt;init&gt;(Computer,RunnerBuilder,Class[]) at line 28,
                     Suite.&lt;init&gt;(RunnerBuilder,Class[]) at line 33,
                     Suite.&lt;init&gt;(Class,List) at line 81,
                     ParentRunner.&lt;init&gt;(Class) at line 112,
                     TestClass ParentRunner.createTestClass(Class) at line 91,
                     TestClass.&lt;init&gt;(Class) at line 111,
                     void TestClass.scanAnnotatedMembers(Map,Map) at line 57,
                     Method[] MethodSorter.getDeclaredMethods(Class) at line 65,
                     Comparator MethodSorter.getSorter(FixMethodOrder) at line 52 }},
           {elem= Access: Read of rules.RuleMemberValidator.CLASS_RULE_METHOD_VALIDATOR Thread: NoThread Lock: false Pre: Unowned;
            loc= line 184;
            trace= { Result JUnitCore.runClasses(Class[]) at line 315,
                     Result JUnitCore.runClasses(Computer,Class[]) at line 53,
                     Result JUnitCore.run(Computer,Class[]) at line 66,
                     Request Request.classes(Computer,Class[]) at line 109,
                     Runner Computer.getSuite(RunnerBuilder,Class[]) at line 77,
                     Computer$2.&lt;init&gt;(Computer,RunnerBuilder,Class[]) at line 28,
                     Suite.&lt;init&gt;(RunnerBuilder,Class[]) at line 33,
                     Suite.&lt;init&gt;(Class,List) at line 81,
                     ParentRunner.&lt;init&gt;(Class) at line 112,
                     void ParentRunner.validate() at line 92,
                     void ParentRunner.collectInitializationErrors(List) at line 523,
                     void ParentRunner.validateClassRules(List) at line 150 }},
           {elem= Access: Read of rules.RuleMemberValidator.CLASS_RULE_VALIDATOR Thread: NoThread Lock: false Pre: Unowned;
            loc= line 183;
            trace= { Result JUnitCore.runClasses(Class[]) at line 315,
                     Result JUnitCore.runClasses(Computer,Class[]) at line 53,
                     Result JUnitCore.run(Computer,Class[]) at line 66,
                     Request Request.classes(Computer,Class[]) at line 109,
                     Runner Computer.getSuite(RunnerBuilder,Class[]) at line 77,
                     Computer$2.&lt;init&gt;(Computer,RunnerBuilder,Class[]) at line 28,
                     Suite.&lt;init&gt;(RunnerBuilder,Class[]) at line 33,
                     Suite.&lt;init&gt;(Class,List) at line 81,
                     ParentRunner.&lt;init&gt;(Class) at line 112,
                     void ParentRunner.validate() at line 92,
                     void ParentRunner.collectInitializationErrors(List) at line 523,
                     void ParentRunner.validateClassRules(List) at line 150 }},
           {elem= Access: Read of rules.RuleMemberValidator.CLASS_RULE_METHOD_VALIDATOR-&gt;annotation Thread: NoThread Lock: false Pre: Unowned;
            loc= line 89;
            trace= { Result JUnitCore.runClasses(Class[]) at line 315,
                     Result JUnitCore.runClasses(Computer,Class[]) at line 53,
                     Result JUnitCore.run(Computer,Class[]) at line 66,
                     Request Request.classes(Computer,Class[]) at line 109,
                     Runner Computer.getSuite(RunnerBuilder,Class[]) at line 77,
                     Computer$2.&lt;init&gt;(Computer,RunnerBuilder,Class[]) at line 28,
                     Suite.&lt;init&gt;(RunnerBuilder,Class[]) at line 33,
                     Suite.&lt;init&gt;(Class,List) at line 81,
                     ParentRunner.&lt;init&gt;(Class) at line 112,
                     void ParentRunner.validate() at line 92,
                     void ParentRunner.collectInitializationErrors(List) at line 523,
                     void ParentRunner.validateClassRules(List) at line 150,
                     void RuleMemberValidator.validate(TestClass,List) at line 184 }},
           {elem= Access: Read of rules.RuleMemberValidator.CLASS_RULE_METHOD_VALIDATOR-&gt;methods Thread: NoThread Lock: false Pre: Unowned;
            loc= line 89;
            trace= { Result JUnitCore.runClasses(Class[]) at line 315,
                     Result JUnitCore.runClasses(Computer,Class[]) at line 53,
                     Result JUnitCore.run(Computer,Class[]) at line 66,
                     Request Request.classes(Computer,Class[]) at line 109,
                     Runner Computer.getSuite(RunnerBuilder,Class[]) at line 77,
                     Computer$2.&lt;init&gt;(Computer,RunnerBuilder,Class[]) at line 28,
                     Suite.&lt;init&gt;(RunnerBuilder,Class[]) at line 33,
                     Suite.&lt;init&gt;(Class,List) at line 81,
                     ParentRunner.&lt;init&gt;(Class) at line 112,
                     void ParentRunner.validate() at line 92,
                     void ParentRunner.collectInitializationErrors(List) at line 523,
                     void ParentRunner.validateClassRules(List) at line 150,
                     void RuleMemberValidator.validate(TestClass,List) at line 184 }},
           {elem= Access: Read of rules.RuleMemberValidator.CLASS_RULE_METHOD_VALIDATOR-&gt;validatorStrategies Thread: NoThread Lock: false Pre: Unowned;
            loc= line 98;
            trace= { Result JUnitCore.runClasses(Class[]) at line 315,
                     Result JUnitCore.runClasses(Computer,Class[]) at line 53,
                     Result JUnitCore.run(Computer,Class[]) at line 66,
                     Request Request.classes(Computer,Class[]) at line 109,
                     Runner Computer.getSuite(RunnerBuilder,Class[]) at line 77,
                     Computer$2.&lt;init&gt;(Computer,RunnerBuilder,Class[]) at line 28,
                     Suite.&lt;init&gt;(RunnerBuilder,Class[]) at line 33,
                     Suite.&lt;init&gt;(Class,List) at line 81,
                     ParentRunner.&lt;init&gt;(Class) at line 112,
                     void ParentRunner.validate() at line 92,
                     void ParentRunner.collectInitializationErrors(List) at line 523,
                     void ParentRunner.validateClassRules(List) at line 150,
                     void RuleMemberValidator.validate(TestClass,List) at line 184,
                     void RuleMemberValidator.validateMember(FrameworkMember,List) at line 93 }},
           {elem= Access: Read of rules.RuleMemberValidator.CLASS_RULE_VALIDATOR-&gt;annotation Thread: NoThread Lock: false Pre: Unowned;
            loc= line 89;
            trace= { Result JUnitCore.runClasses(Class[]) at line 315,
                     Result JUnitCore.runClasses(Computer,Class[]) at line 53,
                     Result JUnitCore.run(Computer,Class[]) at line 66,
                     Request Request.classes(Computer,Class[]) at line 109,
                     Runner Computer.getSuite(RunnerBuilder,Class[]) at line 77,
                     Computer$2.&lt;init&gt;(Computer,RunnerBuilder,Class[]) at line 28,
                     Suite.&lt;init&gt;(RunnerBuilder,Class[]) at line 33,
                     Suite.&lt;init&gt;(Class,List) at line 81,
                     ParentRunner.&lt;init&gt;(Class) at line 112,
                     void ParentRunner.validate() at line 92,
                     void ParentRunner.collectInitializationErrors(List) at line 523,
                     void ParentRunner.validateClassRules(List) at line 150,
                     void RuleMemberValidator.validate(TestClass,List) at line 183 }},
           {elem= Access: Read of rules.RuleMemberValidator.CLASS_RULE_VALIDATOR-&gt;methods Thread: NoThread Lock: false Pre: Unowned;
            loc= line 89;
            trace= { Result JUnitCore.runClasses(Class[]) at line 315,
                     Result JUnitCore.runClasses(Computer,Class[]) at line 53,
                     Result JUnitCore.run(Computer,Class[]) at line 66,
                     Request Request.classes(Computer,Class[]) at line 109,
                     Runner Computer.getSuite(RunnerBuilder,Class[]) at line 77,
                     Computer$2.&lt;init&gt;(Computer,RunnerBuilder,Class[]) at line 28,
                     Suite.&lt;init&gt;(RunnerBuilder,Class[]) at line 33,
                     Suite.&lt;init&gt;(Class,List) at line 81,
                     ParentRunner.&lt;init&gt;(Class) at line 112,
                     void ParentRunner.validate() at line 92,
                     void ParentRunner.collectInitializationErrors(List) at line 523,
                     void ParentRunner.validateClassRules(List) at line 150,
                     void RuleMemberValidator.validate(TestClass,List) at line 183 }},
           {elem= Access: Read of rules.RuleMemberValidator.CLASS_RULE_VALIDATOR-&gt;validatorStrategies Thread: NoThread Lock: false Pre: Unowned;
            loc= line 98;
            trace= { Result JUnitCore.runClasses(Class[]) at line 315,
                     Result JUnitCore.runClasses(Computer,Class[]) at line 53,
                     Result JUnitCore.run(Computer,Class[]) at line 66,
                     Request Request.classes(Computer,Class[]) at line 109,
                     Runner Computer.getSuite(RunnerBuilder,Class[]) at line 77,
                     Computer$2.&lt;init&gt;(Computer,RunnerBuilder,Class[]) at line 28,
                     Suite.&lt;init&gt;(RunnerBuilder,Class[]) at line 33,
                     Suite.&lt;init&gt;(Class,List) at line 81,
                     ParentRunner.&lt;init&gt;(Class) at line 112,
                     void ParentRunner.validate() at line 92,
                     void ParentRunner.collectInitializationErrors(List) at line 523,
                     void ParentRunner.validateClassRules(List) at line 150,
                     void RuleMemberValidator.validate(TestClass,List) at line 183,
                     void RuleMemberValidator.validateMember(FrameworkMember,List) at line 93 }},
           {elem= Access: Write to classes.ParameterizedTestTest.fLog Thread: NoThread Lock: false Pre: Unowned;
            loc= line 314; trace= { }} } 
Ownership: { n$0 -&gt; Owned,
             n$3 -&gt; Owned,
             n$6 -&gt; Owned,
             result -&gt; Owned,
             this -&gt; OwnedIf{ 0 },
             *n$0[_] -&gt; Owned } 
Attributes: { classes.ParameterizedTestTest.fLog -&gt; Functional,
              *n$0[_] -&gt; Functional } 



INSTR=  n$8 := void Assert.assertEquals(long,long)({ 0, (long) n$6 }) [line 316]; 

STATE:
Threads: NoThread, Locks: 0 
Accesses { {elem= Access: Read of model.TestClass.FIELD_COMPARATOR Thread: NoThread Lock: false Pre: Unowned;
            loc= line 78;
            trace= { Result JUnitCore.runClasses(Class[]) at line 315,
                     Result JUnitCore.runClasses(Computer,Class[]) at line 53,
                     Result JUnitCore.run(Computer,Class[]) at line 66,
                     Request Request.classes(Computer,Class[]) at line 109,
                     Runner Computer.getSuite(RunnerBuilder,Class[]) at line 77,
                     Computer$2.&lt;init&gt;(Computer,RunnerBuilder,Class[]) at line 28,
                     Suite.&lt;init&gt;(RunnerBuilder,Class[]) at line 33,
                     Suite.&lt;init&gt;(Class,List) at line 81,
                     ParentRunner.&lt;init&gt;(Class) at line 112,
                     TestClass ParentRunner.createTestClass(Class) at line 91,
                     TestClass.&lt;init&gt;(Class) at line 111,
                     void TestClass.scanAnnotatedMembers(Map,Map) at line 57,
                     Field[] TestClass.getSortedDeclaredFields(Class) at line 70 }},
           {elem= Access: Read of lang.Void.TYPE Thread: NoThread Lock: false Pre: Unowned;
            loc= line 107;
            trace= { Result JUnitCore.runClasses(Class[]) at line 315,
                     Result JUnitCore.runClasses(Computer,Class[]) at line 53,
                     Result JUnitCore.run(Computer,Class[]) at line 66,
                     Request Request.classes(Computer,Class[]) at line 109,
                     Runner Computer.getSuite(RunnerBuilder,Class[]) at line 77,
                     Computer$2.&lt;init&gt;(Computer,RunnerBuilder,Class[]) at line 28,
                     Suite.&lt;init&gt;(RunnerBuilder,Class[]) at line 33,
                     Suite.&lt;init&gt;(Class,List) at line 81,
                     ParentRunner.&lt;init&gt;(Class) at line 112,
                     void ParentRunner.validate() at line 92,
                     void ParentRunner.collectInitializationErrors(List) at line 523,
                     void ParentRunner.validatePublicVoidNoArgMethods(Class,boolean,List) at line 148,
                     void FrameworkMethod.validatePublicVoidNoArg(boolean,List) at line 178,
                     void FrameworkMethod.validatePublicVoid(boolean,List) at line 83 }},
           {elem= Access: Read of runners.ParentRunner.VALIDATORS Thread: NoThread Lock: false Pre: Unowned;
            loc= line 156;
            trace= { Result JUnitCore.runClasses(Class[]) at line 315,
                     Result JUnitCore.runClasses(Computer,Class[]) at line 53,
                     Result JUnitCore.run(Computer,Class[]) at line 66,
                     Request Request.classes(Computer,Class[]) at line 109,
                     Runner Computer.getSuite(RunnerBuilder,Class[]) at line 77,
                     Computer$2.&lt;init&gt;(Computer,RunnerBuilder,Class[]) at line 28,
                     Suite.&lt;init&gt;(RunnerBuilder,Class[]) at line 33,
                     Suite.&lt;init&gt;(Class,List) at line 81,
                     ParentRunner.&lt;init&gt;(Class) at line 112,
                     void ParentRunner.validate() at line 92,
                     void ParentRunner.collectInitializationErrors(List) at line 523,
                     void ParentRunner.applyValidators(List) at line 151 }},
           {elem= Access: Read of internal.MethodSorter.DEFAULT Thread: NoThread Lock: false Pre: Unowned;
            loc= line 67;
            trace= { Result JUnitCore.runClasses(Class[]) at line 315,
                     Result JUnitCore.runClasses(Computer,Class[]) at line 53,
                     Result JUnitCore.run(Computer,Class[]) at line 66,
                     Request Request.classes(Computer,Class[]) at line 109,
                     Runner Computer.getSuite(RunnerBuilder,Class[]) at line 77,
                     Computer$2.&lt;init&gt;(Computer,RunnerBuilder,Class[]) at line 28,
                     Suite.&lt;init&gt;(RunnerBuilder,Class[]) at line 33,
                     Suite.&lt;init&gt;(Class,List) at line 81,
                     ParentRunner.&lt;init&gt;(Class) at line 112,
                     TestClass ParentRunner.createTestClass(Class) at line 91,
                     TestClass.&lt;init&gt;(Class) at line 111,
                     void TestClass.scanAnnotatedMembers(Map,Map) at line 57,
                     Method[] MethodSorter.getDeclaredMethods(Class) at line 65,
                     Comparator MethodSorter.getSorter(FixMethodOrder) at line 52 }},
           {elem= Access: Read of rules.RuleMemberValidator.CLASS_RULE_METHOD_VALIDATOR Thread: NoThread Lock: false Pre: Unowned;
            loc= line 184;
            trace= { Result JUnitCore.runClasses(Class[]) at line 315,
                     Result JUnitCore.runClasses(Computer,Class[]) at line 53,
                     Result JUnitCore.run(Computer,Class[]) at line 66,
                     Request Request.classes(Computer,Class[]) at line 109,
                     Runner Computer.getSuite(RunnerBuilder,Class[]) at line 77,
                     Computer$2.&lt;init&gt;(Computer,RunnerBuilder,Class[]) at line 28,
                     Suite.&lt;init&gt;(RunnerBuilder,Class[]) at line 33,
                     Suite.&lt;init&gt;(Class,List) at line 81,
                     ParentRunner.&lt;init&gt;(Class) at line 112,
                     void ParentRunner.validate() at line 92,
                     void ParentRunner.collectInitializationErrors(List) at line 523,
                     void ParentRunner.validateClassRules(List) at line 150 }},
           {elem= Access: Read of rules.RuleMemberValidator.CLASS_RULE_VALIDATOR Thread: NoThread Lock: false Pre: Unowned;
            loc= line 183;
            trace= { Result JUnitCore.runClasses(Class[]) at line 315,
                     Result JUnitCore.runClasses(Computer,Class[]) at line 53,
                     Result JUnitCore.run(Computer,Class[]) at line 66,
                     Request Request.classes(Computer,Class[]) at line 109,
                     Runner Computer.getSuite(RunnerBuilder,Class[]) at line 77,
                     Computer$2.&lt;init&gt;(Computer,RunnerBuilder,Class[]) at line 28,
                     Suite.&lt;init&gt;(RunnerBuilder,Class[]) at line 33,
                     Suite.&lt;init&gt;(Class,List) at line 81,
                     ParentRunner.&lt;init&gt;(Class) at line 112,
                     void ParentRunner.validate() at line 92,
                     void ParentRunner.collectInitializationErrors(List) at line 523,
                     void ParentRunner.validateClassRules(List) at line 150 }},
           {elem= Access: Read of rules.RuleMemberValidator.CLASS_RULE_METHOD_VALIDATOR-&gt;annotation Thread: NoThread Lock: false Pre: Unowned;
            loc= line 89;
            trace= { Result JUnitCore.runClasses(Class[]) at line 315,
                     Result JUnitCore.runClasses(Computer,Class[]) at line 53,
                     Result JUnitCore.run(Computer,Class[]) at line 66,
                     Request Request.classes(Computer,Class[]) at line 109,
                     Runner Computer.getSuite(RunnerBuilder,Class[]) at line 77,
                     Computer$2.&lt;init&gt;(Computer,RunnerBuilder,Class[]) at line 28,
                     Suite.&lt;init&gt;(RunnerBuilder,Class[]) at line 33,
                     Suite.&lt;init&gt;(Class,List) at line 81,
                     ParentRunner.&lt;init&gt;(Class) at line 112,
                     void ParentRunner.validate() at line 92,
                     void ParentRunner.collectInitializationErrors(List) at line 523,
                     void ParentRunner.validateClassRules(List) at line 150,
                     void RuleMemberValidator.validate(TestClass,List) at line 184 }},
           {elem= Access: Read of rules.RuleMemberValidator.CLASS_RULE_METHOD_VALIDATOR-&gt;methods Thread: NoThread Lock: false Pre: Unowned;
            loc= line 89;
            trace= { Result JUnitCore.runClasses(Class[]) at line 315,
                     Result JUnitCore.runClasses(Computer,Class[]) at line 53,
                     Result JUnitCore.run(Computer,Class[]) at line 66,
                     Request Request.classes(Computer,Class[]) at line 109,
                     Runner Computer.getSuite(RunnerBuilder,Class[]) at line 77,
                     Computer$2.&lt;init&gt;(Computer,RunnerBuilder,Class[]) at line 28,
                     Suite.&lt;init&gt;(RunnerBuilder,Class[]) at line 33,
                     Suite.&lt;init&gt;(Class,List) at line 81,
                     ParentRunner.&lt;init&gt;(Class) at line 112,
                     void ParentRunner.validate() at line 92,
                     void ParentRunner.collectInitializationErrors(List) at line 523,
                     void ParentRunner.validateClassRules(List) at line 150,
                     void RuleMemberValidator.validate(TestClass,List) at line 184 }},
           {elem= Access: Read of rules.RuleMemberValidator.CLASS_RULE_METHOD_VALIDATOR-&gt;validatorStrategies Thread: NoThread Lock: false Pre: Unowned;
            loc= line 98;
            trace= { Result JUnitCore.runClasses(Class[]) at line 315,
                     Result JUnitCore.runClasses(Computer,Class[]) at line 53,
                     Result JUnitCore.run(Computer,Class[]) at line 66,
                     Request Request.classes(Computer,Class[]) at line 109,
                     Runner Computer.getSuite(RunnerBuilder,Class[]) at line 77,
                     Computer$2.&lt;init&gt;(Computer,RunnerBuilder,Class[]) at line 28,
                     Suite.&lt;init&gt;(RunnerBuilder,Class[]) at line 33,
                     Suite.&lt;init&gt;(Class,List) at line 81,
                     ParentRunner.&lt;init&gt;(Class) at line 112,
                     void ParentRunner.validate() at line 92,
                     void ParentRunner.collectInitializationErrors(List) at line 523,
                     void ParentRunner.validateClassRules(List) at line 150,
                     void RuleMemberValidator.validate(TestClass,List) at line 184,
                     void RuleMemberValidator.validateMember(FrameworkMember,List) at line 93 }},
           {elem= Access: Read of rules.RuleMemberValidator.CLASS_RULE_VALIDATOR-&gt;annotation Thread: NoThread Lock: false Pre: Unowned;
            loc= line 89;
            trace= { Result JUnitCore.runClasses(Class[]) at line 315,
                     Result JUnitCore.runClasses(Computer,Class[]) at line 53,
                     Result JUnitCore.run(Computer,Class[]) at line 66,
                     Request Request.classes(Computer,Class[]) at line 109,
                     Runner Computer.getSuite(RunnerBuilder,Class[]) at line 77,
                     Computer$2.&lt;init&gt;(Computer,RunnerBuilder,Class[]) at line 28,
                     Suite.&lt;init&gt;(RunnerBuilder,Class[]) at line 33,
                     Suite.&lt;init&gt;(Class,List) at line 81,
                     ParentRunner.&lt;init&gt;(Class) at line 112,
                     void ParentRunner.validate() at line 92,
                     void ParentRunner.collectInitializationErrors(List) at line 523,
                     void ParentRunner.validateClassRules(List) at line 150,
                     void RuleMemberValidator.validate(TestClass,List) at line 183 }},
           {elem= Access: Read of rules.RuleMemberValidator.CLASS_RULE_VALIDATOR-&gt;methods Thread: NoThread Lock: false Pre: Unowned;
            loc= line 89;
            trace= { Result JUnitCore.runClasses(Class[]) at line 315,
                     Result JUnitCore.runClasses(Computer,Class[]) at line 53,
                     Result JUnitCore.run(Computer,Class[]) at line 66,
                     Request Request.classes(Computer,Class[]) at line 109,
                     Runner Computer.getSuite(RunnerBuilder,Class[]) at line 77,
                     Computer$2.&lt;init&gt;(Computer,RunnerBuilder,Class[]) at line 28,
                     Suite.&lt;init&gt;(RunnerBuilder,Class[]) at line 33,
                     Suite.&lt;init&gt;(Class,List) at line 81,
                     ParentRunner.&lt;init&gt;(Class) at line 112,
                     void ParentRunner.validate() at line 92,
                     void ParentRunner.collectInitializationErrors(List) at line 523,
                     void ParentRunner.validateClassRules(List) at line 150,
                     void RuleMemberValidator.validate(TestClass,List) at line 183 }},
           {elem= Access: Read of rules.RuleMemberValidator.CLASS_RULE_VALIDATOR-&gt;validatorStrategies Thread: NoThread Lock: false Pre: Unowned;
            loc= line 98;
            trace= { Result JUnitCore.runClasses(Class[]) at line 315,
                     Result JUnitCore.runClasses(Computer,Class[]) at line 53,
                     Result JUnitCore.run(Computer,Class[]) at line 66,
                     Request Request.classes(Computer,Class[]) at line 109,
                     Runner Computer.getSuite(RunnerBuilder,Class[]) at line 77,
                     Computer$2.&lt;init&gt;(Computer,RunnerBuilder,Class[]) at line 28,
                     Suite.&lt;init&gt;(RunnerBuilder,Class[]) at line 33,
                     Suite.&lt;init&gt;(Class,List) at line 81,
                     ParentRunner.&lt;init&gt;(Class) at line 112,
                     void ParentRunner.validate() at line 92,
                     void ParentRunner.collectInitializationErrors(List) at line 523,
                     void ParentRunner.validateClassRules(List) at line 150,
                     void RuleMemberValidator.validate(TestClass,List) at line 183,
                     void RuleMemberValidator.validateMember(FrameworkMember,List) at line 93 }},
           {elem= Access: Write to classes.ParameterizedTestTest.fLog Thread: NoThread Lock: false Pre: Unowned;
            loc= line 314; trace= { }} } 
Ownership: { n$0 -&gt; Owned,
             n$3 -&gt; Owned,
             n$6 -&gt; Owned,
             n$8 -&gt; Unowned,
             result -&gt; Owned,
             this -&gt; OwnedIf{ 0 },
             *n$0[_] -&gt; Owned } 
Attributes: { classes.ParameterizedTestTest.fLog -&gt; Functional,
              *n$0[_] -&gt; Functional } 


INSTR=  NULLIFY(&amp;$irvar1); [line 316]; 

STATE UNCHANGED

INSTR=  EXIT_SCOPE(n$8); [line 316]; 

STATE:
Threads: NoThread, Locks: 0 
Accesses { {elem= Access: Read of model.TestClass.FIELD_COMPARATOR Thread: NoThread Lock: false Pre: Unowned;
            loc= line 78;
            trace= { Result JUnitCore.runClasses(Class[]) at line 315,
                     Result JUnitCore.runClasses(Computer,Class[]) at line 53,
                     Result JUnitCore.run(Computer,Class[]) at line 66,
                     Request Request.classes(Computer,Class[]) at line 109,
                     Runner Computer.getSuite(RunnerBuilder,Class[]) at line 77,
                     Computer$2.&lt;init&gt;(Computer,RunnerBuilder,Class[]) at line 28,
                     Suite.&lt;init&gt;(RunnerBuilder,Class[]) at line 33,
                     Suite.&lt;init&gt;(Class,List) at line 81,
                     ParentRunner.&lt;init&gt;(Class) at line 112,
                     TestClass ParentRunner.createTestClass(Class) at line 91,
                     TestClass.&lt;init&gt;(Class) at line 111,
                     void TestClass.scanAnnotatedMembers(Map,Map) at line 57,
                     Field[] TestClass.getSortedDeclaredFields(Class) at line 70 }},
           {elem= Access: Read of lang.Void.TYPE Thread: NoThread Lock: false Pre: Unowned;
            loc= line 107;
            trace= { Result JUnitCore.runClasses(Class[]) at line 315,
                     Result JUnitCore.runClasses(Computer,Class[]) at line 53,
                     Result JUnitCore.run(Computer,Class[]) at line 66,
                     Request Request.classes(Computer,Class[]) at line 109,
                     Runner Computer.getSuite(RunnerBuilder,Class[]) at line 77,
                     Computer$2.&lt;init&gt;(Computer,RunnerBuilder,Class[]) at line 28,
                     Suite.&lt;init&gt;(RunnerBuilder,Class[]) at line 33,
                     Suite.&lt;init&gt;(Class,List) at line 81,
                     ParentRunner.&lt;init&gt;(Class) at line 112,
                     void ParentRunner.validate() at line 92,
                     void ParentRunner.collectInitializationErrors(List) at line 523,
                     void ParentRunner.validatePublicVoidNoArgMethods(Class,boolean,List) at line 148,
                     void FrameworkMethod.validatePublicVoidNoArg(boolean,List) at line 178,
                     void FrameworkMethod.validatePublicVoid(boolean,List) at line 83 }},
           {elem= Access: Read of runners.ParentRunner.VALIDATORS Thread: NoThread Lock: false Pre: Unowned;
            loc= line 156;
            trace= { Result JUnitCore.runClasses(Class[]) at line 315,
                     Result JUnitCore.runClasses(Computer,Class[]) at line 53,
                     Result JUnitCore.run(Computer,Class[]) at line 66,
                     Request Request.classes(Computer,Class[]) at line 109,
                     Runner Computer.getSuite(RunnerBuilder,Class[]) at line 77,
                     Computer$2.&lt;init&gt;(Computer,RunnerBuilder,Class[]) at line 28,
                     Suite.&lt;init&gt;(RunnerBuilder,Class[]) at line 33,
                     Suite.&lt;init&gt;(Class,List) at line 81,
                     ParentRunner.&lt;init&gt;(Class) at line 112,
                     void ParentRunner.validate() at line 92,
                     void ParentRunner.collectInitializationErrors(List) at line 523,
                     void ParentRunner.applyValidators(List) at line 151 }},
           {elem= Access: Read of internal.MethodSorter.DEFAULT Thread: NoThread Lock: false Pre: Unowned;
            loc= line 67;
            trace= { Result JUnitCore.runClasses(Class[]) at line 315,
                     Result JUnitCore.runClasses(Computer,Class[]) at line 53,
                     Result JUnitCore.run(Computer,Class[]) at line 66,
                     Request Request.classes(Computer,Class[]) at line 109,
                     Runner Computer.getSuite(RunnerBuilder,Class[]) at line 77,
                     Computer$2.&lt;init&gt;(Computer,RunnerBuilder,Class[]) at line 28,
                     Suite.&lt;init&gt;(RunnerBuilder,Class[]) at line 33,
                     Suite.&lt;init&gt;(Class,List) at line 81,
                     ParentRunner.&lt;init&gt;(Class) at line 112,
                     TestClass ParentRunner.createTestClass(Class) at line 91,
                     TestClass.&lt;init&gt;(Class) at line 111,
                     void TestClass.scanAnnotatedMembers(Map,Map) at line 57,
                     Method[] MethodSorter.getDeclaredMethods(Class) at line 65,
                     Comparator MethodSorter.getSorter(FixMethodOrder) at line 52 }},
           {elem= Access: Read of rules.RuleMemberValidator.CLASS_RULE_METHOD_VALIDATOR Thread: NoThread Lock: false Pre: Unowned;
            loc= line 184;
            trace= { Result JUnitCore.runClasses(Class[]) at line 315,
                     Result JUnitCore.runClasses(Computer,Class[]) at line 53,
                     Result JUnitCore.run(Computer,Class[]) at line 66,
                     Request Request.classes(Computer,Class[]) at line 109,
                     Runner Computer.getSuite(RunnerBuilder,Class[]) at line 77,
                     Computer$2.&lt;init&gt;(Computer,RunnerBuilder,Class[]) at line 28,
                     Suite.&lt;init&gt;(RunnerBuilder,Class[]) at line 33,
                     Suite.&lt;init&gt;(Class,List) at line 81,
                     ParentRunner.&lt;init&gt;(Class) at line 112,
                     void ParentRunner.validate() at line 92,
                     void ParentRunner.collectInitializationErrors(List) at line 523,
                     void ParentRunner.validateClassRules(List) at line 150 }},
           {elem= Access: Read of rules.RuleMemberValidator.CLASS_RULE_VALIDATOR Thread: NoThread Lock: false Pre: Unowned;
            loc= line 183;
            trace= { Result JUnitCore.runClasses(Class[]) at line 315,
                     Result JUnitCore.runClasses(Computer,Class[]) at line 53,
                     Result JUnitCore.run(Computer,Class[]) at line 66,
                     Request Request.classes(Computer,Class[]) at line 109,
                     Runner Computer.getSuite(RunnerBuilder,Class[]) at line 77,
                     Computer$2.&lt;init&gt;(Computer,RunnerBuilder,Class[]) at line 28,
                     Suite.&lt;init&gt;(RunnerBuilder,Class[]) at line 33,
                     Suite.&lt;init&gt;(Class,List) at line 81,
                     ParentRunner.&lt;init&gt;(Class) at line 112,
                     void ParentRunner.validate() at line 92,
                     void ParentRunner.collectInitializationErrors(List) at line 523,
                     void ParentRunner.validateClassRules(List) at line 150 }},
           {elem= Access: Read of rules.RuleMemberValidator.CLASS_RULE_METHOD_VALIDATOR-&gt;annotation Thread: NoThread Lock: false Pre: Unowned;
            loc= line 89;
            trace= { Result JUnitCore.runClasses(Class[]) at line 315,
                     Result JUnitCore.runClasses(Computer,Class[]) at line 53,
                     Result JUnitCore.run(Computer,Class[]) at line 66,
                     Request Request.classes(Computer,Class[]) at line 109,
                     Runner Computer.getSuite(RunnerBuilder,Class[]) at line 77,
                     Computer$2.&lt;init&gt;(Computer,RunnerBuilder,Class[]) at line 28,
                     Suite.&lt;init&gt;(RunnerBuilder,Class[]) at line 33,
                     Suite.&lt;init&gt;(Class,List) at line 81,
                     ParentRunner.&lt;init&gt;(Class) at line 112,
                     void ParentRunner.validate() at line 92,
                     void ParentRunner.collectInitializationErrors(List) at line 523,
                     void ParentRunner.validateClassRules(List) at line 150,
                     void RuleMemberValidator.validate(TestClass,List) at line 184 }},
           {elem= Access: Read of rules.RuleMemberValidator.CLASS_RULE_METHOD_VALIDATOR-&gt;methods Thread: NoThread Lock: false Pre: Unowned;
            loc= line 89;
            trace= { Result JUnitCore.runClasses(Class[]) at line 315,
                     Result JUnitCore.runClasses(Computer,Class[]) at line 53,
                     Result JUnitCore.run(Computer,Class[]) at line 66,
                     Request Request.classes(Computer,Class[]) at line 109,
                     Runner Computer.getSuite(RunnerBuilder,Class[]) at line 77,
                     Computer$2.&lt;init&gt;(Computer,RunnerBuilder,Class[]) at line 28,
                     Suite.&lt;init&gt;(RunnerBuilder,Class[]) at line 33,
                     Suite.&lt;init&gt;(Class,List) at line 81,
                     ParentRunner.&lt;init&gt;(Class) at line 112,
                     void ParentRunner.validate() at line 92,
                     void ParentRunner.collectInitializationErrors(List) at line 523,
                     void ParentRunner.validateClassRules(List) at line 150,
                     void RuleMemberValidator.validate(TestClass,List) at line 184 }},
           {elem= Access: Read of rules.RuleMemberValidator.CLASS_RULE_METHOD_VALIDATOR-&gt;validatorStrategies Thread: NoThread Lock: false Pre: Unowned;
            loc= line 98;
            trace= { Result JUnitCore.runClasses(Class[]) at line 315,
                     Result JUnitCore.runClasses(Computer,Class[]) at line 53,
                     Result JUnitCore.run(Computer,Class[]) at line 66,
                     Request Request.classes(Computer,Class[]) at line 109,
                     Runner Computer.getSuite(RunnerBuilder,Class[]) at line 77,
                     Computer$2.&lt;init&gt;(Computer,RunnerBuilder,Class[]) at line 28,
                     Suite.&lt;init&gt;(RunnerBuilder,Class[]) at line 33,
                     Suite.&lt;init&gt;(Class,List) at line 81,
                     ParentRunner.&lt;init&gt;(Class) at line 112,
                     void ParentRunner.validate() at line 92,
                     void ParentRunner.collectInitializationErrors(List) at line 523,
                     void ParentRunner.validateClassRules(List) at line 150,
                     void RuleMemberValidator.validate(TestClass,List) at line 184,
                     void RuleMemberValidator.validateMember(FrameworkMember,List) at line 93 }},
           {elem= Access: Read of rules.RuleMemberValidator.CLASS_RULE_VALIDATOR-&gt;annotation Thread: NoThread Lock: false Pre: Unowned;
            loc= line 89;
            trace= { Result JUnitCore.runClasses(Class[]) at line 315,
                     Result JUnitCore.runClasses(Computer,Class[]) at line 53,
                     Result JUnitCore.run(Computer,Class[]) at line 66,
                     Request Request.classes(Computer,Class[]) at line 109,
                     Runner Computer.getSuite(RunnerBuilder,Class[]) at line 77,
                     Computer$2.&lt;init&gt;(Computer,RunnerBuilder,Class[]) at line 28,
                     Suite.&lt;init&gt;(RunnerBuilder,Class[]) at line 33,
                     Suite.&lt;init&gt;(Class,List) at line 81,
                     ParentRunner.&lt;init&gt;(Class) at line 112,
                     void ParentRunner.validate() at line 92,
                     void ParentRunner.collectInitializationErrors(List) at line 523,
                     void ParentRunner.validateClassRules(List) at line 150,
                     void RuleMemberValidator.validate(TestClass,List) at line 183 }},
           {elem= Access: Read of rules.RuleMemberValidator.CLASS_RULE_VALIDATOR-&gt;methods Thread: NoThread Lock: false Pre: Unowned;
            loc= line 89;
            trace= { Result JUnitCore.runClasses(Class[]) at line 315,
                     Result JUnitCore.runClasses(Computer,Class[]) at line 53,
                     Result JUnitCore.run(Computer,Class[]) at line 66,
                     Request Request.classes(Computer,Class[]) at line 109,
                     Runner Computer.getSuite(RunnerBuilder,Class[]) at line 77,
                     Computer$2.&lt;init&gt;(Computer,RunnerBuilder,Class[]) at line 28,
                     Suite.&lt;init&gt;(RunnerBuilder,Class[]) at line 33,
                     Suite.&lt;init&gt;(Class,List) at line 81,
                     ParentRunner.&lt;init&gt;(Class) at line 112,
                     void ParentRunner.validate() at line 92,
                     void ParentRunner.collectInitializationErrors(List) at line 523,
                     void ParentRunner.validateClassRules(List) at line 150,
                     void RuleMemberValidator.validate(TestClass,List) at line 183 }},
           {elem= Access: Read of rules.RuleMemberValidator.CLASS_RULE_VALIDATOR-&gt;validatorStrategies Thread: NoThread Lock: false Pre: Unowned;
            loc= line 98;
            trace= { Result JUnitCore.runClasses(Class[]) at line 315,
                     Result JUnitCore.runClasses(Computer,Class[]) at line 53,
                     Result JUnitCore.run(Computer,Class[]) at line 66,
                     Request Request.classes(Computer,Class[]) at line 109,
                     Runner Computer.getSuite(RunnerBuilder,Class[]) at line 77,
                     Computer$2.&lt;init&gt;(Computer,RunnerBuilder,Class[]) at line 28,
                     Suite.&lt;init&gt;(RunnerBuilder,Class[]) at line 33,
                     Suite.&lt;init&gt;(Class,List) at line 81,
                     ParentRunner.&lt;init&gt;(Class) at line 112,
                     void ParentRunner.validate() at line 92,
                     void ParentRunner.collectInitializationErrors(List) at line 523,
                     void ParentRunner.validateClassRules(List) at line 150,
                     void RuleMemberValidator.validate(TestClass,List) at line 183,
                     void RuleMemberValidator.validateMember(FrameworkMember,List) at line 93 }},
           {elem= Access: Write to classes.ParameterizedTestTest.fLog Thread: NoThread Lock: false Pre: Unowned;
            loc= line 314; trace= { }} } 
Ownership: { n$0 -&gt; Owned,
             n$3 -&gt; Owned,
             n$6 -&gt; Owned,
             n$8 -&gt; Unowned,
             result -&gt; Owned,
             this -&gt; OwnedIf{ 0 },
             *n$0[_] -&gt; Owned } 
Attributes: { classes.ParameterizedTestTest.fLog -&gt; Functional,
              *n$0[_] -&gt; Functional } 


</LISTING>
<hr width="100%">
<a name="session49" href="./../nodes/org.junit.tests.running.classes.ParameterizedTestTest.beforeParamAndAfterParamAreRun%28%29%3Avoid.54a97f3199e0601d5d23128eda9fa8df_node9.html#session49">node9#session49</a>(<a href="./../../ParameterizedTestTest.java.88da44e98279dfa32c0c7e5c52f053d0.html#LINE316">316</a>) biabduction
<LISTING class='color_black'>**** [FP:Pending] void ParameterizedTestTest.beforeParamAndAfterParamAreRun() Node: 9, Procedure: void ParameterizedTestTest.beforeParamAndAfterParamAreRun(), Todo: 1 ****
  PROP 1 of 1:
  <span class='color_blue'><span class='color_red'>MEMna &lt; new[]:315 &gt; <span class='color_orange'>{vpath: }</span>(_t$3)</span>; <span class='color_red'>UND &lt; Result JUnitCore.runClasses(Computer,Class[]) &gt; :53(_t$4)</span>; <span class='color_red'>UND &lt; int CopyOnWriteArrayList.size() &gt; :68($irvar1)</span>; <span class='color_red'>RET &lt; int Result.getFailureCount() &gt; ($irvar1)</span> ;
  <span class='color_red'>result = 0<span class='color_orange'>nullify</span>:org.junit.runner.Result*</span>; <span class='color_red'>$irvar0 = 0<span class='color_orange'>nullify</span>:void</span>; <span class='color_red'>return = _t$2<span class='color_orange'>initial</span>:void</span>; <span class='color_red'>$irvar1 = _t$1<span class='color_orange'>update:316</span>:void</span>; <span class='color_red'>#GB<>$org.junit.tests.running.classes.ParameterizedTestTest = {fLog:""<span class='color_orange'>update:314</span>}<span class='color_orange'>rearrange:314</span>:org.junit.tests.running.classes.ParameterizedTestTest( sub )</span>; <span class='color_red'>$irvar2 = _t$0<span class='color_orange'>initial</span>:void</span>; <span class='color_red'>this = @f$0<span class='color_orange'>formal</span>:org.junit.tests.running.classes.ParameterizedTestTest*( sub )</span>; <span class='color_red'>old_this = @f$0<span class='color_orange'>formal</span>:org.junit.tests.running.classes.ParameterizedTestTest*( sub )</span>
  [footprint
     <span class='color_red'>#GB<>$org.junit.tests.running.classes.ParameterizedTestTest = {fLog:@f$1<span class='color_orange'>rearrange:314</span>}<span class='color_orange'>rearrange:314</span>:org.junit.tests.running.classes.ParameterizedTestTest( sub )</span>; <span class='color_red'>this = @f$0<span class='color_orange'>formal</span>:org.junit.tests.running.classes.ParameterizedTestTest*( sub )</span>  ]</span>
  .... Instructions: ....
  <span class='color_green'>n$7=*&amp;$irvar1:int [line 316];
  n$8=_fun_void Assert.assertEquals(long,long)(0:long,(long)n$7:long) [line 316];
  NULLIFY(&amp;$irvar1); [line 316];
  EXIT_SCOPE(n$7,n$8,$irvar1); [line 316];
  </span>
  
  Processing prop 1/1
    Instruction <span class='color_green'>n$7=*&amp;$irvar1:int [line 316]</span>
    in vpath_find exp:n$57
    vpath_find: cannot find n$57
    .... Rearrangement Start ....
    Exp: &amp;$irvar1
    Prop:
    <span class='color_blue'>MEMna &lt; new[]:315 &gt; <span class='color_orange'>{vpath: }</span>(n$57); UND &lt; Result JUnitCore.runClasses(Computer,Class[]) &gt; :53(n$58); UND &lt; int CopyOnWriteArrayList.size() &gt; :68($irvar1); RET &lt; int Result.getFailureCount() &gt; ($irvar1) ;
    result = 0<span class='color_orange'>nullify</span>:org.junit.runner.Result*; $irvar0 = 0<span class='color_orange'>nullify</span>:void; return = n$54<span class='color_orange'>initial</span>:void; $irvar1 = n$55<span class='color_orange'>update:316</span>:void; #GB<>$org.junit.tests.running.classes.ParameterizedTestTest = {fLog:""<span class='color_orange'>update:314</span>}<span class='color_orange'>rearrange:314</span>:org.junit.tests.running.classes.ParameterizedTestTest( sub ); $irvar2 = n$56<span class='color_orange'>initial</span>:void; this = @f$0<span class='color_orange'>formal</span>:org.junit.tests.running.classes.ParameterizedTestTest*( sub ); old_this = @f$0<span class='color_orange'>formal</span>:org.junit.tests.running.classes.ParameterizedTestTest*( sub )
    [footprint
       #GB<>$org.junit.tests.running.classes.ParameterizedTestTest = {fLog:@f$1<span class='color_orange'>rearrange:314</span>}<span class='color_orange'>rearrange:314</span>:org.junit.tests.running.classes.ParameterizedTestTest( sub ); this = @f$0<span class='color_orange'>formal</span>:org.junit.tests.running.classes.ParameterizedTestTest*( sub )  ]</span>
    
    in prop_iter_extend_ptsto lexp: &amp;$irvar1
    prop before:
    <span class='color_blue'>MEMna &lt; new[]:315 &gt; <span class='color_orange'>{vpath: }</span>(n$57); UND &lt; Result JUnitCore.runClasses(Computer,Class[]) &gt; :53(n$58); UND &lt; int CopyOnWriteArrayList.size() &gt; :68($irvar1); RET &lt; int Result.getFailureCount() &gt; ($irvar1) ;
    result = 0<span class='color_orange'>nullify</span>:org.junit.runner.Result*; $irvar0 = 0<span class='color_orange'>nullify</span>:void; return = n$54<span class='color_orange'>initial</span>:void; $irvar1 = n$55<span class='color_orange'>update:316</span>:void; #GB<>$org.junit.tests.running.classes.ParameterizedTestTest = {fLog:""<span class='color_orange'>update:314</span>}<span class='color_orange'>rearrange:314</span>:org.junit.tests.running.classes.ParameterizedTestTest( sub ); $irvar2 = n$56<span class='color_orange'>initial</span>:void; this = @f$0<span class='color_orange'>formal</span>:org.junit.tests.running.classes.ParameterizedTestTest*( sub ); old_this = @f$0<span class='color_orange'>formal</span>:org.junit.tests.running.classes.ParameterizedTestTest*( sub )
    [footprint
       #GB<>$org.junit.tests.running.classes.ParameterizedTestTest = {fLog:@f$1<span class='color_orange'>rearrange:314</span>}<span class='color_orange'>rearrange:314</span>:org.junit.tests.running.classes.ParameterizedTestTest( sub ); this = @f$0<span class='color_orange'>formal</span>:org.junit.tests.running.classes.ParameterizedTestTest*( sub )  ]</span>
    
    
    prop list after:
    PROP 1 of 1:
    <span class='color_blue'><span class='color_blue'>MEMna &lt; new[]:315 &gt; <span class='color_orange'>{vpath: }</span>(n$57)</span>; <span class='color_blue'>UND &lt; Result JUnitCore.runClasses(Computer,Class[]) &gt; :53(n$58)</span>; <span class='color_blue'>UND &lt; int CopyOnWriteArrayList.size() &gt; :68($irvar1)</span>; <span class='color_blue'>RET &lt; int Result.getFailureCount() &gt; ($irvar1)</span> ;
    <span class='color_blue'>result = 0<span class='color_orange'>nullify</span>:org.junit.runner.Result*</span>; <span class='color_blue'>$irvar0 = 0<span class='color_orange'>nullify</span>:void</span>; <span class='color_blue'>return = n$54<span class='color_orange'>initial</span>:void</span>; <span class='color_blue'>$irvar1 = n$55<span class='color_orange'>update:316</span>:void</span>; <span class='color_blue'>#GB<>$org.junit.tests.running.classes.ParameterizedTestTest = {fLog:""<span class='color_orange'>update:314</span>}<span class='color_orange'>rearrange:314</span>:org.junit.tests.running.classes.ParameterizedTestTest( sub )</span>; <span class='color_blue'>$irvar2 = n$56<span class='color_orange'>initial</span>:void</span>; <span class='color_blue'>this = @f$0<span class='color_orange'>formal</span>:org.junit.tests.running.classes.ParameterizedTestTest*( sub )</span>; <span class='color_blue'>old_this = @f$0<span class='color_orange'>formal</span>:org.junit.tests.running.classes.ParameterizedTestTest*( sub )</span>
    [footprint
       <span class='color_blue'>#GB<>$org.junit.tests.running.classes.ParameterizedTestTest = {fLog:@f$1<span class='color_orange'>rearrange:314</span>}<span class='color_orange'>rearrange:314</span>:org.junit.tests.running.classes.ParameterizedTestTest( sub )</span>; <span class='color_blue'>this = @f$0<span class='color_orange'>formal</span>:org.junit.tests.running.classes.ParameterizedTestTest*( sub )</span>  ]</span>
    
    
    
    Instruction Returns
    PROP 1 of 1:
    <span class='color_blue'><span class='color_red'>MEMna &lt; new[]:315 &gt; <span class='color_orange'>{vpath: }</span>(_t$2)</span>; <span class='color_blue'>UND &lt; Result JUnitCore.runClasses(Computer,Class[]) &gt; :53(_t$3)</span>; <span class='color_red'>UND &lt; int CopyOnWriteArrayList.size() &gt; :68($irvar1)</span>; <span class='color_red'>RET &lt; int Result.getFailureCount() &gt; ($irvar1)</span> ;
    <span class='color_blue'>result = 0<span class='color_orange'>nullify</span>:org.junit.runner.Result*</span>; <span class='color_blue'>$irvar0 = 0<span class='color_orange'>nullify</span>:void</span>; <span class='color_blue'>return = <span class='color_red'>_t$1<span class='color_orange'>initial</span></span>:void</span>; <span class='color_blue'>$irvar1 = <span class='color_red'>n$7<span class='color_orange'>update:316</span></span>:void</span>; <span class='color_blue'>#GB<>$org.junit.tests.running.classes.ParameterizedTestTest = {fLog:""<span class='color_orange'>update:314</span>}<span class='color_orange'>rearrange:314</span>:org.junit.tests.running.classes.ParameterizedTestTest( sub )</span>; <span class='color_blue'>$irvar2 = _t$0<span class='color_orange'>initial</span>:void</span>; <span class='color_blue'>this = @f$0<span class='color_orange'>formal</span>:org.junit.tests.running.classes.ParameterizedTestTest*( sub )</span>; <span class='color_blue'>old_this = @f$0<span class='color_orange'>formal</span>:org.junit.tests.running.classes.ParameterizedTestTest*( sub )</span>
    [footprint
       <span class='color_blue'>#GB<>$org.junit.tests.running.classes.ParameterizedTestTest = {fLog:@f$1<span class='color_orange'>rearrange:314</span>}<span class='color_orange'>rearrange:314</span>:org.junit.tests.running.classes.ParameterizedTestTest( sub )</span>; <span class='color_blue'>this = @f$0<span class='color_orange'>formal</span>:org.junit.tests.running.classes.ParameterizedTestTest*( sub )</span>  ]</span>
    
    Instruction <span class='color_green'>n$8=_fun_void Assert.assertEquals(long,long)(0:long,(long)n$7:long) [line 316]</span>
    in vpath_find exp:n$61
    vpath_find: cannot find n$61
    Found 2 specs for function org.junit.Assert.assertEquals(long,long):void
    START EXECUTING SPECS FOR org.junit.Assert.assertEquals(long,long):void from state
    <span class='color_blue'>MEMna &lt; new[]:315 &gt; <span class='color_orange'>{vpath: }</span>(n$61); UND &lt; Result JUnitCore.runClasses(Computer,Class[]) &gt; :53(n$62); UND &lt; int CopyOnWriteArrayList.size() &gt; :68($irvar1); RET &lt; int Result.getFailureCount() &gt; ($irvar1) ;
    result = 0<span class='color_orange'>nullify</span>:org.junit.runner.Result*; $irvar0 = 0<span class='color_orange'>nullify</span>:void; return = n$59<span class='color_orange'>initial</span>:void; $irvar1 = n$7<span class='color_orange'>update:316</span>:void; #GB<>$org.junit.tests.running.classes.ParameterizedTestTest = {fLog:""<span class='color_orange'>update:314</span>}<span class='color_orange'>rearrange:314</span>:org.junit.tests.running.classes.ParameterizedTestTest( sub ); $irvar2 = n$60<span class='color_orange'>initial</span>:void; this = @f$0<span class='color_orange'>formal</span>:org.junit.tests.running.classes.ParameterizedTestTest*( sub ); old_this = @f$0<span class='color_orange'>formal</span>:org.junit.tests.running.classes.ParameterizedTestTest*( sub )
    [footprint
       #GB<>$org.junit.tests.running.classes.ParameterizedTestTest = {fLog:@f$1<span class='color_orange'>rearrange:314</span>}<span class='color_orange'>rearrange:314</span>:org.junit.tests.running.classes.ParameterizedTestTest( sub ); this = @f$0<span class='color_orange'>formal</span>:org.junit.tests.running.classes.ParameterizedTestTest*( sub )  ]</span>
    EXECUTING SPEC 1/2
    ACTUAL PRECONDITION =
      <span class='color_blue'>MEMna &lt; new[]:315 &gt; <span class='color_orange'>{vpath: }</span>(n$61); UND &lt; Result JUnitCore.runClasses(Computer,Class[]) &gt; :53(n$62); UND &lt; int CopyOnWriteArrayList.size() &gt; :68($irvar1); RET &lt; int Result.getFailureCount() &gt; ($irvar1) ;
      result = 0<span class='color_orange'>nullify</span>:org.junit.runner.Result*; actual|callee = n$7<span class='color_orange'>actual_precondition</span>:long; $irvar0 = 0<span class='color_orange'>nullify</span>:void; return = n$59<span class='color_orange'>initial</span>:void; $irvar1 = n$7<span class='color_orange'>update:316</span>:void; #GB<>$org.junit.tests.running.classes.ParameterizedTestTest = {fLog:""<span class='color_orange'>update:314</span>}<span class='color_orange'>rearrange:314</span>:org.junit.tests.running.classes.ParameterizedTestTest( sub ); $irvar2 = n$60<span class='color_orange'>initial</span>:void; this = @f$0<span class='color_orange'>formal</span>:org.junit.tests.running.classes.ParameterizedTestTest*( sub ); old_this = @f$0<span class='color_orange'>formal</span>:org.junit.tests.running.classes.ParameterizedTestTest*( sub ); expected|callee = 0<span class='color_orange'>actual_precondition</span>:long
      [footprint
         #GB<>$org.junit.tests.running.classes.ParameterizedTestTest = {fLog:@f$1<span class='color_orange'>rearrange:314</span>}<span class='color_orange'>rearrange:314</span>:org.junit.tests.running.classes.ParameterizedTestTest( sub ); this = @f$0<span class='color_orange'>formal</span>:org.junit.tests.running.classes.ParameterizedTestTest*( sub )  ]</span>
    SPEC =
      --------------------------- ---------- ---------------------------
      PRE:
      <span class='color_blue'><span class='color_blue'>actual|callee = _t$83<span class='color_orange'>formal</span>:long( sub ); expected|callee = _t$83<span class='color_orange'>formal</span>:long( sub )</span></span>
      POST 1 of 1:
      <span class='color_blue'><span class='color_red'>return|callee = _t$84<span class='color_orange'>initial</span>:void</span></span>
      ----------------------------------------------------------------
    pre_check_pure_implication
    pi1:
      MEMna &lt; new[]:315 &gt; <span class='color_orange'>{vpath: }</span>(n$61); UND &lt; Result JUnitCore.runClasses(Computer,Class[]) &gt; :53(n$62); UND &lt; int CopyOnWriteArrayList.size() &gt; :68(n$7); RET &lt; int Result.getFailureCount() &gt; (n$7)
    pi2:
      
    returns
    sub1:
      
    sub2:
      
    Current Implication
    SUB:
      
    <span class='color_blue'>MEMna &lt; new[]:315 &gt; <span class='color_orange'>{vpath: }</span>(n$61); UND &lt; Result JUnitCore.runClasses(Computer,Class[]) &gt; :53(n$62); UND &lt; int CopyOnWriteArrayList.size() &gt; :68($irvar1); RET &lt; int Result.getFailureCount() &gt; ($irvar1) ;
    result = 0<span class='color_orange'>nullify</span>:org.junit.runner.Result*; actual|callee = n$7<span class='color_orange'>actual_precondition</span>:long; $irvar0 = 0<span class='color_orange'>nullify</span>:void; return = n$59<span class='color_orange'>initial</span>:void; $irvar1 = n$7<span class='color_orange'>update:316</span>:void; #GB<>$org.junit.tests.running.classes.ParameterizedTestTest = {fLog:""<span class='color_orange'>update:314</span>}<span class='color_orange'>rearrange:314</span>:org.junit.tests.running.classes.ParameterizedTestTest( sub ); $irvar2 = n$60<span class='color_orange'>initial</span>:void; this = @f$0<span class='color_orange'>formal</span>:org.junit.tests.running.classes.ParameterizedTestTest*( sub ); old_this = @f$0<span class='color_orange'>formal</span>:org.junit.tests.running.classes.ParameterizedTestTest*( sub ); expected|callee = 0<span class='color_orange'>actual_precondition</span>:long
    [footprint
       #GB<>$org.junit.tests.running.classes.ParameterizedTestTest = {fLog:@f$1<span class='color_orange'>rearrange:314</span>}<span class='color_orange'>rearrange:314</span>:org.junit.tests.running.classes.ParameterizedTestTest( sub ); this = @f$0<span class='color_orange'>formal</span>:org.junit.tests.running.classes.ParameterizedTestTest*( sub )  ]</span>
    |-
    <span class='color_blue'>actual|callee = _t$83<span class='color_orange'>formal</span>:long( sub ); expected|callee = _t$83<span class='color_orange'>formal</span>:long( sub )</span>
    
      do_imply n$7 _t$83
        Current Implication
        SUB:
          
        <span class='color_blue'>MEMna &lt; new[]:315 &gt; <span class='color_orange'>{vpath: }</span>(n$61); UND &lt; Result JUnitCore.runClasses(Computer,Class[]) &gt; :53(n$62); UND &lt; int CopyOnWriteArrayList.size() &gt; :68($irvar1); RET &lt; int Result.getFailureCount() &gt; ($irvar1) ;
        result = 0<span class='color_orange'>nullify</span>:org.junit.runner.Result*; $irvar0 = 0<span class='color_orange'>nullify</span>:void; return = n$59<span class='color_orange'>initial</span>:void; $irvar1 = n$7<span class='color_orange'>update:316</span>:void; #GB<>$org.junit.tests.running.classes.ParameterizedTestTest = {fLog:""<span class='color_orange'>update:314</span>}<span class='color_orange'>rearrange:314</span>:org.junit.tests.running.classes.ParameterizedTestTest( sub ); $irvar2 = n$60<span class='color_orange'>initial</span>:void; this = @f$0<span class='color_orange'>formal</span>:org.junit.tests.running.classes.ParameterizedTestTest*( sub ); old_this = @f$0<span class='color_orange'>formal</span>:org.junit.tests.running.classes.ParameterizedTestTest*( sub ); expected|callee = 0<span class='color_orange'>actual_precondition</span>:long
        [footprint
           #GB<>$org.junit.tests.running.classes.ParameterizedTestTest = {fLog:@f$1<span class='color_orange'>rearrange:314</span>}<span class='color_orange'>rearrange:314</span>:org.junit.tests.running.classes.ParameterizedTestTest( sub ); this = @f$0<span class='color_orange'>formal</span>:org.junit.tests.running.classes.ParameterizedTestTest*( sub )  ]</span>
        [SUB: 
          _t$83 = n$7]
        |-
        <span class='color_blue'>expected|callee = n$7<span class='color_orange'>formal</span>:long( sub )</span>
        
          do_imply 0 n$7
          WARNING: footprint failed to find MISSING because: expressions not equal
    EXECUTING SPEC 2/2
    ACTUAL PRECONDITION =
      <span class='color_blue'>MEMna &lt; new[]:315 &gt; <span class='color_orange'>{vpath: }</span>(n$61); UND &lt; Result JUnitCore.runClasses(Computer,Class[]) &gt; :53(n$62); UND &lt; int CopyOnWriteArrayList.size() &gt; :68($irvar1); RET &lt; int Result.getFailureCount() &gt; ($irvar1) ;
      result = 0<span class='color_orange'>nullify</span>:org.junit.runner.Result*; actual|callee = n$7<span class='color_orange'>actual_precondition</span>:long; $irvar0 = 0<span class='color_orange'>nullify</span>:void; return = n$59<span class='color_orange'>initial</span>:void; $irvar1 = n$7<span class='color_orange'>update:316</span>:void; #GB<>$org.junit.tests.running.classes.ParameterizedTestTest = {fLog:""<span class='color_orange'>update:314</span>}<span class='color_orange'>rearrange:314</span>:org.junit.tests.running.classes.ParameterizedTestTest( sub ); $irvar2 = n$60<span class='color_orange'>initial</span>:void; this = @f$0<span class='color_orange'>formal</span>:org.junit.tests.running.classes.ParameterizedTestTest*( sub ); old_this = @f$0<span class='color_orange'>formal</span>:org.junit.tests.running.classes.ParameterizedTestTest*( sub ); expected|callee = 0<span class='color_orange'>actual_precondition</span>:long
      [footprint
         #GB<>$org.junit.tests.running.classes.ParameterizedTestTest = {fLog:@f$1<span class='color_orange'>rearrange:314</span>}<span class='color_orange'>rearrange:314</span>:org.junit.tests.running.classes.ParameterizedTestTest( sub ); this = @f$0<span class='color_orange'>formal</span>:org.junit.tests.running.classes.ParameterizedTestTest*( sub )  ]</span>
    SPEC =
      --------------------------- ---------- ---------------------------
      PRE:
      <span class='color_blue'><span class='color_blue'>actual|callee != expected|callee ;
      actual|callee = _t$85<span class='color_orange'>formal</span>:long( sub ); expected|callee = _t$86<span class='color_orange'>formal</span>:long( sub )</span></span>
      POST 1 of 1:
      <span class='color_blue'>actual|callee != expected|callee; <span class='color_red'>MEMne &lt; void Assert.assertEquals(String,long,long):633 &gt; <span class='color_orange'>{vpath: }</span>(_t$87)</span> ;
      <span class='color_red'>return|callee = EXN _t$87<span class='color_orange'>update:633</span>:void</span> ;
      <span class='color_red'>_t$87|->{}<span class='color_orange'>alloc</span>:java.lang.AssertionError</span></span>
      ----------------------------------------------------------------
    pre_check_pure_implication
    pi1:
      MEMna &lt; new[]:315 &gt; <span class='color_orange'>{vpath: }</span>(n$61); UND &lt; Result JUnitCore.runClasses(Computer,Class[]) &gt; :53(n$62); UND &lt; int CopyOnWriteArrayList.size() &gt; :68(n$7); RET &lt; int Result.getFailureCount() &gt; (n$7)
    pi2:
      _t$85 != _t$86
    returns
    sub1:
      
    sub2:
      
    Current Implication
    SUB:
      
    <span class='color_blue'>MEMna &lt; new[]:315 &gt; <span class='color_orange'>{vpath: }</span>(n$61); UND &lt; Result JUnitCore.runClasses(Computer,Class[]) &gt; :53(n$62); UND &lt; int CopyOnWriteArrayList.size() &gt; :68($irvar1); RET &lt; int Result.getFailureCount() &gt; ($irvar1) ;
    result = 0<span class='color_orange'>nullify</span>:org.junit.runner.Result*; actual|callee = n$7<span class='color_orange'>actual_precondition</span>:long; $irvar0 = 0<span class='color_orange'>nullify</span>:void; return = n$59<span class='color_orange'>initial</span>:void; $irvar1 = n$7<span class='color_orange'>update:316</span>:void; #GB<>$org.junit.tests.running.classes.ParameterizedTestTest = {fLog:""<span class='color_orange'>update:314</span>}<span class='color_orange'>rearrange:314</span>:org.junit.tests.running.classes.ParameterizedTestTest( sub ); $irvar2 = n$60<span class='color_orange'>initial</span>:void; this = @f$0<span class='color_orange'>formal</span>:org.junit.tests.running.classes.ParameterizedTestTest*( sub ); old_this = @f$0<span class='color_orange'>formal</span>:org.junit.tests.running.classes.ParameterizedTestTest*( sub ); expected|callee = 0<span class='color_orange'>actual_precondition</span>:long
    [footprint
       #GB<>$org.junit.tests.running.classes.ParameterizedTestTest = {fLog:@f$1<span class='color_orange'>rearrange:314</span>}<span class='color_orange'>rearrange:314</span>:org.junit.tests.running.classes.ParameterizedTestTest( sub ); this = @f$0<span class='color_orange'>formal</span>:org.junit.tests.running.classes.ParameterizedTestTest*( sub )  ]</span>
    |-
    <span class='color_blue'>actual|callee = _t$85<span class='color_orange'>formal</span>:long( sub ); expected|callee = _t$86<span class='color_orange'>formal</span>:long( sub )</span>
    
      do_imply n$7 _t$85
        Current Implication
        SUB:
          
        <span class='color_blue'>MEMna &lt; new[]:315 &gt; <span class='color_orange'>{vpath: }</span>(n$61); UND &lt; Result JUnitCore.runClasses(Computer,Class[]) &gt; :53(n$62); UND &lt; int CopyOnWriteArrayList.size() &gt; :68($irvar1); RET &lt; int Result.getFailureCount() &gt; ($irvar1) ;
        result = 0<span class='color_orange'>nullify</span>:org.junit.runner.Result*; $irvar0 = 0<span class='color_orange'>nullify</span>:void; return = n$59<span class='color_orange'>initial</span>:void; $irvar1 = n$7<span class='color_orange'>update:316</span>:void; #GB<>$org.junit.tests.running.classes.ParameterizedTestTest = {fLog:""<span class='color_orange'>update:314</span>}<span class='color_orange'>rearrange:314</span>:org.junit.tests.running.classes.ParameterizedTestTest( sub ); $irvar2 = n$60<span class='color_orange'>initial</span>:void; this = @f$0<span class='color_orange'>formal</span>:org.junit.tests.running.classes.ParameterizedTestTest*( sub ); old_this = @f$0<span class='color_orange'>formal</span>:org.junit.tests.running.classes.ParameterizedTestTest*( sub ); expected|callee = 0<span class='color_orange'>actual_precondition</span>:long
        [footprint
           #GB<>$org.junit.tests.running.classes.ParameterizedTestTest = {fLog:@f$1<span class='color_orange'>rearrange:314</span>}<span class='color_orange'>rearrange:314</span>:org.junit.tests.running.classes.ParameterizedTestTest( sub ); this = @f$0<span class='color_orange'>formal</span>:org.junit.tests.running.classes.ParameterizedTestTest*( sub )  ]</span>
        [SUB: 
          _t$85 = n$7]
        |-
        <span class='color_blue'>expected|callee = _t$86<span class='color_orange'>formal</span>:long( sub )</span>
        
          do_imply 0 _t$86
            Final Implication
            SUB:
              
            <span class='color_blue'>MEMna &lt; new[]:315 &gt; <span class='color_orange'>{vpath: }</span>(n$61); UND &lt; Result JUnitCore.runClasses(Computer,Class[]) &gt; :53(n$62); UND &lt; int CopyOnWriteArrayList.size() &gt; :68($irvar1); RET &lt; int Result.getFailureCount() &gt; ($irvar1) ;
            result = 0<span class='color_orange'>nullify</span>:org.junit.runner.Result*; $irvar0 = 0<span class='color_orange'>nullify</span>:void; return = n$59<span class='color_orange'>initial</span>:void; $irvar1 = n$7<span class='color_orange'>update:316</span>:void; #GB<>$org.junit.tests.running.classes.ParameterizedTestTest = {fLog:""<span class='color_orange'>update:314</span>}<span class='color_orange'>rearrange:314</span>:org.junit.tests.running.classes.ParameterizedTestTest( sub ); $irvar2 = n$60<span class='color_orange'>initial</span>:void; this = @f$0<span class='color_orange'>formal</span>:org.junit.tests.running.classes.ParameterizedTestTest*( sub ); old_this = @f$0<span class='color_orange'>formal</span>:org.junit.tests.running.classes.ParameterizedTestTest*( sub )
            [footprint
               #GB<>$org.junit.tests.running.classes.ParameterizedTestTest = {fLog:@f$1<span class='color_orange'>rearrange:314</span>}<span class='color_orange'>rearrange:314</span>:org.junit.tests.running.classes.ParameterizedTestTest( sub ); this = @f$0<span class='color_orange'>formal</span>:org.junit.tests.running.classes.ParameterizedTestTest*( sub )  ]</span>
            [SUB: 
              _t$85 = n$7; _t$86 = 0]
            |-
            <span class='color_blue'></span>
    imply_pi: adding missing atom _t$85 != _t$86
    Result of Abduction
      SUB:
        
      <span class='color_blue'>MEMna &lt; new[]:315 &gt; <span class='color_orange'>{vpath: }</span>(n$61); UND &lt; Result JUnitCore.runClasses(Computer,Class[]) &gt; :53(n$62); UND &lt; int CopyOnWriteArrayList.size() &gt; :68($irvar1); RET &lt; int Result.getFailureCount() &gt; ($irvar1) ;
      result = 0<span class='color_orange'>nullify</span>:org.junit.runner.Result*; actual|callee = n$7<span class='color_orange'>actual_precondition</span>:long; $irvar0 = 0<span class='color_orange'>nullify</span>:void; return = n$59<span class='color_orange'>initial</span>:void; $irvar1 = n$7<span class='color_orange'>update:316</span>:void; #GB<>$org.junit.tests.running.classes.ParameterizedTestTest = {fLog:""<span class='color_orange'>update:314</span>}<span class='color_orange'>rearrange:314</span>:org.junit.tests.running.classes.ParameterizedTestTest( sub ); $irvar2 = n$60<span class='color_orange'>initial</span>:void; this = @f$0<span class='color_orange'>formal</span>:org.junit.tests.running.classes.ParameterizedTestTest*( sub ); old_this = @f$0<span class='color_orange'>formal</span>:org.junit.tests.running.classes.ParameterizedTestTest*( sub ); expected|callee = 0<span class='color_orange'>actual_precondition</span>:long
      [footprint
         #GB<>$org.junit.tests.running.classes.ParameterizedTestTest = {fLog:@f$1<span class='color_orange'>rearrange:314</span>}<span class='color_orange'>rearrange:314</span>:org.junit.tests.running.classes.ParameterizedTestTest( sub ); this = @f$0<span class='color_orange'>formal</span>:org.junit.tests.running.classes.ParameterizedTestTest*( sub )  ]</span>
      [SUB: 
        _t$85 = n$7; _t$86 = 0
      _t$85 != _t$86]
      |-
      <span class='color_blue'>actual|callee != 0 ;
      actual|callee = n$7<span class='color_orange'>formal</span>:long( sub ); expected|callee = 0<span class='color_orange'>formal</span>:long( sub )</span>
    returning TRUE
    in vpath_find exp:_t$87
    vpath_find: cannot find _t$87
      New footprint:
      n$7 != 0
      Frame fld:
      
      Missing fld:
      
      Instantiated frame:
      &amp;result|->0<span class='color_orange'>nullify</span>:org.junit.runner.Result*; &amp;$irvar0|->0<span class='color_orange'>nullify</span>:void; &amp;return|->n$59<span class='color_orange'>initial</span>:void; &amp;$irvar1|->n$7<span class='color_orange'>update:316</span>:void; &amp;#GB<>$org.junit.tests.running.classes.ParameterizedTestTest|->{fLog:""<span class='color_orange'>update:314</span>}<span class='color_orange'>rearrange:314</span>:org.junit.tests.running.classes.ParameterizedTestTest( sub ); &amp;$irvar2|->n$60<span class='color_orange'>initial</span>:void; &amp;this|->@f$0<span class='color_orange'>formal</span>:org.junit.tests.running.classes.ParameterizedTestTest*( sub ); &amp;old_this|->@f$0<span class='color_orange'>formal</span>:org.junit.tests.running.classes.ParameterizedTestTest*( sub )
      Instantiated post:
      PROP 1 of 1:
      <span class='color_blue'><span class='color_red'>n$7 != 0</span>; <span class='color_red'>MEMne &lt; void Assert.assertEquals(long,long):316 &gt; <span class='color_orange'>{vpath: }</span>(_t$87)</span> ;
      <span class='color_red'>return|callee = EXN _t$87<span class='color_orange'>update:316</span>:void</span> ;
      <span class='color_red'>_t$87|->{}<span class='color_orange'>alloc</span>:java.lang.AssertionError</span></span>
      
    <span class='color_orange'>WARNING: dropping atom with non-footprint variable</span>
    n$7 != 0
    ***** RESULTS FUNCTION CALL *******
    PROP 1 of 1:
    <span class='color_blue'><span class='color_blue'>$irvar1 != 0</span>; <span class='color_red'>MEMne &lt; void Assert.assertEquals(long,long):316 &gt; <span class='color_orange'>{vpath: }</span>(_t$0)</span>; <span class='color_blue'>MEMna &lt; new[]:315 &gt; <span class='color_orange'>{vpath: }</span>(n$61)</span>; <span class='color_blue'>UND &lt; Result JUnitCore.runClasses(Computer,Class[]) &gt; :53(n$62)</span>; <span class='color_blue'>UND &lt; int CopyOnWriteArrayList.size() &gt; :68($irvar1)</span>; <span class='color_blue'>RET &lt; int Result.getFailureCount() &gt; ($irvar1)</span> ;
    <span class='color_blue'>result = 0<span class='color_orange'>nullify</span>:org.junit.runner.Result*</span>; <span class='color_blue'>$irvar0 = 0<span class='color_orange'>nullify</span>:void</span>; <span class='color_blue'>return = <span class='color_red'>EXN _t$0<span class='color_orange'>update:316</span></span>:void</span>; <span class='color_blue'>$irvar1 = n$7<span class='color_orange'>update:316</span>:void</span>; <span class='color_blue'>#GB<>$org.junit.tests.running.classes.ParameterizedTestTest = {fLog:""<span class='color_orange'>update:314</span>}<span class='color_orange'>rearrange:314</span>:org.junit.tests.running.classes.ParameterizedTestTest( sub )</span>; <span class='color_blue'>$irvar2 = n$60<span class='color_orange'>initial</span>:void</span>; <span class='color_blue'>this = @f$0<span class='color_orange'>formal</span>:org.junit.tests.running.classes.ParameterizedTestTest*( sub )</span>; <span class='color_blue'>old_this = @f$0<span class='color_orange'>formal</span>:org.junit.tests.running.classes.ParameterizedTestTest*( sub )</span> ;
    <span class='color_red'>_t$0|->{}<span class='color_orange'>alloc</span>:java.lang.AssertionError</span>
    [footprint
       <span class='color_blue'>#GB<>$org.junit.tests.running.classes.ParameterizedTestTest = {fLog:@f$1<span class='color_orange'>rearrange:314</span>}<span class='color_orange'>rearrange:314</span>:org.junit.tests.running.classes.ParameterizedTestTest( sub )</span>; <span class='color_blue'>this = @f$0<span class='color_orange'>formal</span>:org.junit.tests.running.classes.ParameterizedTestTest*( sub )</span>  ]</span>
    ***** END RESULTS FUNCTION CALL *******
    Prover.check_inconsistency_base: inconsistency reason [None]
    Prover.check_inconsistency_base: inconsistency reason [None]
    Prover.check_inconsistency_base: inconsistency reason [None]
    Prover.check_inconsistency_base: inconsistency reason [None]
    Instruction Returns
    PROP 1 of 1:
    <span class='color_blue'><span class='color_blue'>$irvar1 != 0</span>; <span class='color_red'>MEMne &lt; void Assert.assertEquals(long,long):316 &gt; <span class='color_orange'>{vpath: }</span>(_t$0)</span>; <span class='color_blue'>MEMna &lt; new[]:315 &gt; <span class='color_orange'>{vpath: }</span>(_t$2)</span>; <span class='color_blue'>UND &lt; Result JUnitCore.runClasses(Computer,Class[]) &gt; :53(_t$3)</span>; <span class='color_blue'>UND &lt; int CopyOnWriteArrayList.size() &gt; :68($irvar1)</span>; <span class='color_blue'>RET &lt; int Result.getFailureCount() &gt; ($irvar1)</span> ;
    <span class='color_blue'>result = 0<span class='color_orange'>nullify</span>:org.junit.runner.Result*</span>; <span class='color_blue'>$irvar0 = 0<span class='color_orange'>nullify</span>:void</span>; <span class='color_blue'>return = <span class='color_red'>EXN _t$0<span class='color_orange'>update:316</span></span>:void</span>; <span class='color_blue'>$irvar1 = n$7<span class='color_orange'>update:316</span>:void</span>; <span class='color_blue'>#GB<>$org.junit.tests.running.classes.ParameterizedTestTest = {fLog:""<span class='color_orange'>update:314</span>}<span class='color_orange'>rearrange:314</span>:org.junit.tests.running.classes.ParameterizedTestTest( sub )</span>; <span class='color_blue'>$irvar2 = <span class='color_red'>_t$1<span class='color_orange'>initial</span></span>:void</span>; <span class='color_blue'>this = @f$0<span class='color_orange'>formal</span>:org.junit.tests.running.classes.ParameterizedTestTest*( sub )</span>; <span class='color_blue'>old_this = @f$0<span class='color_orange'>formal</span>:org.junit.tests.running.classes.ParameterizedTestTest*( sub )</span> ;
    <span class='color_red'>_t$0|->{}<span class='color_orange'>alloc</span>:java.lang.AssertionError</span>
    [footprint
       <span class='color_blue'>#GB<>$org.junit.tests.running.classes.ParameterizedTestTest = {fLog:@f$1<span class='color_orange'>rearrange:314</span>}<span class='color_orange'>rearrange:314</span>:org.junit.tests.running.classes.ParameterizedTestTest( sub )</span>; <span class='color_blue'>this = @f$0<span class='color_orange'>formal</span>:org.junit.tests.running.classes.ParameterizedTestTest*( sub )</span>  ]</span>
    
    Instruction <span class='color_green'>NULLIFY(&amp;$irvar1); [line 316]</span>
    in vpath_find exp:_t$0
    vpath_find: cannot find _t$0
    in vpath_find exp:_t$2
    vpath_find: cannot find _t$2
    Instruction Returns
    PROP 1 of 1:
    <span class='color_blue'><span class='color_blue'>n$7 != 0</span>; <span class='color_blue'>MEMne &lt; void Assert.assertEquals(long,long):316 &gt; <span class='color_orange'>{vpath: }</span>(_t$0)</span>; <span class='color_blue'>MEMna &lt; new[]:315 &gt; <span class='color_orange'>{vpath: }</span>(_t$2)</span>; <span class='color_blue'>UND &lt; Result JUnitCore.runClasses(Computer,Class[]) &gt; :53(_t$3)</span>; <span class='color_blue'>UND &lt; int CopyOnWriteArrayList.size() &gt; :68(n$7)</span>; <span class='color_blue'>RET &lt; int Result.getFailureCount() &gt; (n$7)</span> ;
    <span class='color_blue'>result = 0<span class='color_orange'>nullify</span>:org.junit.runner.Result*</span>; <span class='color_blue'>$irvar0 = 0<span class='color_orange'>nullify</span>:void</span>; <span class='color_blue'>return = EXN _t$0<span class='color_orange'>update:316</span>:void</span>; <span class='color_blue'>$irvar1 = <span class='color_red'>0<span class='color_orange'>nullify</span></span>:void</span>; <span class='color_blue'>#GB<>$org.junit.tests.running.classes.ParameterizedTestTest = {fLog:""<span class='color_orange'>update:314</span>}<span class='color_orange'>rearrange:314</span>:org.junit.tests.running.classes.ParameterizedTestTest( sub )</span>; <span class='color_blue'>$irvar2 = _t$1<span class='color_orange'>initial</span>:void</span>; <span class='color_blue'>this = @f$0<span class='color_orange'>formal</span>:org.junit.tests.running.classes.ParameterizedTestTest*( sub )</span>; <span class='color_blue'>old_this = @f$0<span class='color_orange'>formal</span>:org.junit.tests.running.classes.ParameterizedTestTest*( sub )</span> ;
    <span class='color_blue'>_t$0|->{}<span class='color_orange'>alloc</span>:java.lang.AssertionError</span>
    [footprint
       <span class='color_blue'>#GB<>$org.junit.tests.running.classes.ParameterizedTestTest = {fLog:@f$1<span class='color_orange'>rearrange:314</span>}<span class='color_orange'>rearrange:314</span>:org.junit.tests.running.classes.ParameterizedTestTest( sub )</span>; <span class='color_blue'>this = @f$0<span class='color_orange'>formal</span>:org.junit.tests.running.classes.ParameterizedTestTest*( sub )</span>  ]</span>
    
    Instruction <span class='color_green'>EXIT_SCOPE(n$7,n$8,$irvar1); [line 316]</span>
    in vpath_find exp:_t$0
    vpath_find: cannot find _t$0
    in vpath_find exp:_t$2
    vpath_find: cannot find _t$2
    Instruction Returns
    PROP 1 of 1:
    <span class='color_blue'><span class='color_blue'>_t$2 != 0</span>; <span class='color_blue'>MEMne &lt; void Assert.assertEquals(long,long):316 &gt; <span class='color_orange'>{vpath: }</span>(_t$0)</span>; <span class='color_blue'>MEMna &lt; new[]:315 &gt; <span class='color_orange'>{vpath: }</span>(_t$3)</span>; <span class='color_red'>UND &lt; Result JUnitCore.runClasses(Computer,Class[]) &gt; :53(_t$4)</span>; <span class='color_blue'>UND &lt; int CopyOnWriteArrayList.size() &gt; :68(_t$2)</span>; <span class='color_blue'>RET &lt; int Result.getFailureCount() &gt; (_t$2)</span> ;
    <span class='color_blue'>result = 0<span class='color_orange'>nullify</span>:org.junit.runner.Result*</span>; <span class='color_blue'>$irvar0 = 0<span class='color_orange'>nullify</span>:void</span>; <span class='color_blue'>return = EXN _t$0<span class='color_orange'>update:316</span>:void</span>; <span class='color_blue'>$irvar1 = 0<span class='color_orange'>nullify</span>:void</span>; <span class='color_blue'>#GB<>$org.junit.tests.running.classes.ParameterizedTestTest = {fLog:""<span class='color_orange'>update:314</span>}<span class='color_orange'>rearrange:314</span>:org.junit.tests.running.classes.ParameterizedTestTest( sub )</span>; <span class='color_blue'>$irvar2 = _t$1<span class='color_orange'>initial</span>:void</span>; <span class='color_blue'>this = @f$0<span class='color_orange'>formal</span>:org.junit.tests.running.classes.ParameterizedTestTest*( sub )</span>; <span class='color_blue'>old_this = @f$0<span class='color_orange'>formal</span>:org.junit.tests.running.classes.ParameterizedTestTest*( sub )</span> ;
    <span class='color_blue'>_t$0|->{}<span class='color_orange'>alloc</span>:java.lang.AssertionError</span>
    [footprint
       <span class='color_blue'>#GB<>$org.junit.tests.running.classes.ParameterizedTestTest = {fLog:@f$1<span class='color_orange'>rearrange:314</span>}<span class='color_orange'>rearrange:314</span>:org.junit.tests.running.classes.ParameterizedTestTest( sub )</span>; <span class='color_blue'>this = @f$0<span class='color_orange'>formal</span>:org.junit.tests.running.classes.ParameterizedTestTest*( sub )</span>  ]</span>
    
    .... After Symbolic Execution ....
    PROP 1 of 1:
    <span class='color_blue'><span class='color_red'>_t$2 != 0</span>; <span class='color_red'>MEMne &lt; void Assert.assertEquals(long,long):316 &gt; <span class='color_orange'>{vpath: }</span>(_t$0)</span>; <span class='color_blue'>MEMna &lt; new[]:315 &gt; <span class='color_orange'>{vpath: }</span>(_t$3)</span>; <span class='color_blue'>UND &lt; Result JUnitCore.runClasses(Computer,Class[]) &gt; :53(_t$4)</span>; <span class='color_red'>UND &lt; int CopyOnWriteArrayList.size() &gt; :68(_t$2)</span>; <span class='color_red'>RET &lt; int Result.getFailureCount() &gt; (_t$2)</span> ;
    <span class='color_blue'>result = 0<span class='color_orange'>nullify</span>:org.junit.runner.Result*</span>; <span class='color_blue'>$irvar0 = 0<span class='color_orange'>nullify</span>:void</span>; <span class='color_blue'>return = <span class='color_red'>EXN _t$0<span class='color_orange'>update:316</span></span>:void</span>; <span class='color_blue'>$irvar1 = <span class='color_red'>0<span class='color_orange'>nullify</span></span>:void</span>; <span class='color_blue'>#GB<>$org.junit.tests.running.classes.ParameterizedTestTest = {fLog:""<span class='color_orange'>update:314</span>}<span class='color_orange'>rearrange:314</span>:org.junit.tests.running.classes.ParameterizedTestTest( sub )</span>; <span class='color_blue'>$irvar2 = <span class='color_red'>_t$1<span class='color_orange'>initial</span></span>:void</span>; <span class='color_blue'>this = @f$0<span class='color_orange'>formal</span>:org.junit.tests.running.classes.ParameterizedTestTest*( sub )</span>; <span class='color_blue'>old_this = @f$0<span class='color_orange'>formal</span>:org.junit.tests.running.classes.ParameterizedTestTest*( sub )</span> ;
    <span class='color_red'>_t$0|->{}<span class='color_orange'>alloc</span>:java.lang.AssertionError</span>
    [footprint
       <span class='color_blue'>#GB<>$org.junit.tests.running.classes.ParameterizedTestTest = {fLog:@f$1<span class='color_orange'>rearrange:314</span>}<span class='color_orange'>rearrange:314</span>:org.junit.tests.running.classes.ParameterizedTestTest( sub )</span>; <span class='color_blue'>this = @f$0<span class='color_orange'>formal</span>:org.junit.tests.running.classes.ParameterizedTestTest*( sub )</span>  ]</span>
    
    
    
  </LISTING>
<hr width="100%">
<a name="session60" href="./../nodes/org.junit.tests.running.classes.ParameterizedTestTest.beforeParamAndAfterParamAreRun%28%29%3Avoid.54a97f3199e0601d5d23128eda9fa8df_node9.html#session60">node9#session60</a>(<a href="./../../ParameterizedTestTest.java.88da44e98279dfa32c0c7e5c52f053d0.html#LINE316">316</a>) biabduction
<LISTING class='color_black'>**** [RE:Pending] void ParameterizedTestTest.beforeParamAndAfterParamAreRun() Node: 9, Procedure: void ParameterizedTestTest.beforeParamAndAfterParamAreRun(), Todo: 1 ****
  PROP 1 of 1:
  <span class='color_blue'><span class='color_red'>MEMna &lt; new[]:315 &gt; <span class='color_orange'>{vpath: }</span>(_t$3)</span>; <span class='color_red'>UND &lt; Result JUnitCore.runClasses(Computer,Class[]) &gt; :53(_t$4)</span>; <span class='color_red'>UND &lt; int CopyOnWriteArrayList.size() &gt; :68($irvar1)</span>; <span class='color_red'>RET &lt; int Result.getFailureCount() &gt; ($irvar1)</span> ;
  <span class='color_red'>result = 0<span class='color_orange'>nullify</span>:org.junit.runner.Result*</span>; <span class='color_red'>$irvar0 = 0<span class='color_orange'>nullify</span>:void</span>; <span class='color_red'>return = _t$2<span class='color_orange'>initial</span>:void</span>; <span class='color_red'>$irvar1 = _t$1<span class='color_orange'>update:316</span>:void</span>; <span class='color_red'>#GB<>$org.junit.tests.running.classes.ParameterizedTestTest = {fLog:""<span class='color_orange'>update:314</span>}<span class='color_orange'>formal</span>:org.junit.tests.running.classes.ParameterizedTestTest( sub )</span>; <span class='color_red'>old_org.junit.tests.running.classes.ParameterizedTestTest = {fLog:val$2<span class='color_orange'>formal</span>}<span class='color_orange'>formal</span>:org.junit.tests.running.classes.ParameterizedTestTest( sub )</span>; <span class='color_red'>$irvar2 = _t$0<span class='color_orange'>initial</span>:void</span>; <span class='color_red'>this = val$1<span class='color_orange'>formal</span>:org.junit.tests.running.classes.ParameterizedTestTest*( sub )</span>; <span class='color_red'>old_this = val$1<span class='color_orange'>formal</span>:org.junit.tests.running.classes.ParameterizedTestTest*( sub )</span></span>
  .... Instructions: ....
  <span class='color_green'>n$7=*&amp;$irvar1:int [line 316];
  n$8=_fun_void Assert.assertEquals(long,long)(0:long,(long)n$7:long) [line 316];
  NULLIFY(&amp;$irvar1); [line 316];
  EXIT_SCOPE(n$7,n$8,$irvar1); [line 316];
  </span>
  
  Processing prop 1/1
    Instruction <span class='color_green'>n$7=*&amp;$irvar1:int [line 316]</span>
    in vpath_find exp:n$58
    vpath_find: cannot find n$58
    .... Rearrangement Start ....
    Exp: &amp;$irvar1
    Prop:
    <span class='color_blue'>MEMna &lt; new[]:315 &gt; <span class='color_orange'>{vpath: }</span>(n$58); UND &lt; Result JUnitCore.runClasses(Computer,Class[]) &gt; :53(n$59); UND &lt; int CopyOnWriteArrayList.size() &gt; :68($irvar1); RET &lt; int Result.getFailureCount() &gt; ($irvar1) ;
    result = 0<span class='color_orange'>nullify</span>:org.junit.runner.Result*; $irvar0 = 0<span class='color_orange'>nullify</span>:void; return = n$55<span class='color_orange'>initial</span>:void; $irvar1 = n$56<span class='color_orange'>update:316</span>:void; #GB<>$org.junit.tests.running.classes.ParameterizedTestTest = {fLog:""<span class='color_orange'>update:314</span>}<span class='color_orange'>formal</span>:org.junit.tests.running.classes.ParameterizedTestTest( sub ); old_org.junit.tests.running.classes.ParameterizedTestTest = {fLog:val$2<span class='color_orange'>formal</span>}<span class='color_orange'>formal</span>:org.junit.tests.running.classes.ParameterizedTestTest( sub ); $irvar2 = n$57<span class='color_orange'>initial</span>:void; this = val$1<span class='color_orange'>formal</span>:org.junit.tests.running.classes.ParameterizedTestTest*( sub ); old_this = val$1<span class='color_orange'>formal</span>:org.junit.tests.running.classes.ParameterizedTestTest*( sub )</span>
    
    Prover.check_inconsistency_base: inconsistency reason [None]
    Prover.check_inconsistency_base: inconsistency reason [None]
    Instruction Returns
    PROP 1 of 1:
    <span class='color_blue'><span class='color_red'>MEMna &lt; new[]:315 &gt; <span class='color_orange'>{vpath: }</span>(_t$2)</span>; <span class='color_blue'>UND &lt; Result JUnitCore.runClasses(Computer,Class[]) &gt; :53(_t$3)</span>; <span class='color_red'>UND &lt; int CopyOnWriteArrayList.size() &gt; :68($irvar1)</span>; <span class='color_red'>RET &lt; int Result.getFailureCount() &gt; ($irvar1)</span> ;
    <span class='color_blue'>result = 0<span class='color_orange'>nullify</span>:org.junit.runner.Result*</span>; <span class='color_blue'>$irvar0 = 0<span class='color_orange'>nullify</span>:void</span>; <span class='color_blue'>return = <span class='color_red'>_t$1<span class='color_orange'>initial</span></span>:void</span>; <span class='color_blue'>$irvar1 = <span class='color_red'>n$7<span class='color_orange'>update:316</span></span>:void</span>; <span class='color_blue'>#GB<>$org.junit.tests.running.classes.ParameterizedTestTest = {fLog:""<span class='color_orange'>update:314</span>}<span class='color_orange'>formal</span>:org.junit.tests.running.classes.ParameterizedTestTest( sub )</span>; <span class='color_blue'>old_org.junit.tests.running.classes.ParameterizedTestTest = {fLog:val$2<span class='color_orange'>formal</span>}<span class='color_orange'>formal</span>:org.junit.tests.running.classes.ParameterizedTestTest( sub )</span>; <span class='color_blue'>$irvar2 = _t$0<span class='color_orange'>initial</span>:void</span>; <span class='color_blue'>this = val$1<span class='color_orange'>formal</span>:org.junit.tests.running.classes.ParameterizedTestTest*( sub )</span>; <span class='color_blue'>old_this = val$1<span class='color_orange'>formal</span>:org.junit.tests.running.classes.ParameterizedTestTest*( sub )</span></span>
    
    Instruction <span class='color_green'>n$8=_fun_void Assert.assertEquals(long,long)(0:long,(long)n$7:long) [line 316]</span>
    in vpath_find exp:n$62
    vpath_find: cannot find n$62
    Found 2 specs for function org.junit.Assert.assertEquals(long,long):void
    START EXECUTING SPECS FOR org.junit.Assert.assertEquals(long,long):void from state
    <span class='color_blue'>MEMna &lt; new[]:315 &gt; <span class='color_orange'>{vpath: }</span>(n$62); UND &lt; Result JUnitCore.runClasses(Computer,Class[]) &gt; :53(n$63); UND &lt; int CopyOnWriteArrayList.size() &gt; :68($irvar1); RET &lt; int Result.getFailureCount() &gt; ($irvar1) ;
    result = 0<span class='color_orange'>nullify</span>:org.junit.runner.Result*; $irvar0 = 0<span class='color_orange'>nullify</span>:void; return = n$60<span class='color_orange'>initial</span>:void; $irvar1 = n$7<span class='color_orange'>update:316</span>:void; #GB<>$org.junit.tests.running.classes.ParameterizedTestTest = {fLog:""<span class='color_orange'>update:314</span>}<span class='color_orange'>formal</span>:org.junit.tests.running.classes.ParameterizedTestTest( sub ); old_org.junit.tests.running.classes.ParameterizedTestTest = {fLog:val$2<span class='color_orange'>formal</span>}<span class='color_orange'>formal</span>:org.junit.tests.running.classes.ParameterizedTestTest( sub ); $irvar2 = n$61<span class='color_orange'>initial</span>:void; this = val$1<span class='color_orange'>formal</span>:org.junit.tests.running.classes.ParameterizedTestTest*( sub ); old_this = val$1<span class='color_orange'>formal</span>:org.junit.tests.running.classes.ParameterizedTestTest*( sub )</span>
    EXECUTING SPEC 1/2
    ACTUAL PRECONDITION =
      <span class='color_blue'>MEMna &lt; new[]:315 &gt; <span class='color_orange'>{vpath: }</span>(n$62); UND &lt; Result JUnitCore.runClasses(Computer,Class[]) &gt; :53(n$63); UND &lt; int CopyOnWriteArrayList.size() &gt; :68($irvar1); RET &lt; int Result.getFailureCount() &gt; ($irvar1) ;
      result = 0<span class='color_orange'>nullify</span>:org.junit.runner.Result*; actual|callee = n$7<span class='color_orange'>actual_precondition</span>:long; $irvar0 = 0<span class='color_orange'>nullify</span>:void; return = n$60<span class='color_orange'>initial</span>:void; $irvar1 = n$7<span class='color_orange'>update:316</span>:void; #GB<>$org.junit.tests.running.classes.ParameterizedTestTest = {fLog:""<span class='color_orange'>update:314</span>}<span class='color_orange'>formal</span>:org.junit.tests.running.classes.ParameterizedTestTest( sub ); old_org.junit.tests.running.classes.ParameterizedTestTest = {fLog:val$2<span class='color_orange'>formal</span>}<span class='color_orange'>formal</span>:org.junit.tests.running.classes.ParameterizedTestTest( sub ); $irvar2 = n$61<span class='color_orange'>initial</span>:void; this = val$1<span class='color_orange'>formal</span>:org.junit.tests.running.classes.ParameterizedTestTest*( sub ); old_this = val$1<span class='color_orange'>formal</span>:org.junit.tests.running.classes.ParameterizedTestTest*( sub ); expected|callee = 0<span class='color_orange'>actual_precondition</span>:long</span>
    SPEC =
      --------------------------- ---------- ---------------------------
      PRE:
      <span class='color_blue'><span class='color_blue'>actual|callee = _t$85<span class='color_orange'>formal</span>:long( sub ); expected|callee = _t$85<span class='color_orange'>formal</span>:long( sub )</span></span>
      POST 1 of 1:
      <span class='color_blue'><span class='color_red'>return|callee = _t$86<span class='color_orange'>initial</span>:void</span></span>
      ----------------------------------------------------------------
    pre_check_pure_implication
    pi1:
      MEMna &lt; new[]:315 &gt; <span class='color_orange'>{vpath: }</span>(n$62); UND &lt; Result JUnitCore.runClasses(Computer,Class[]) &gt; :53(n$63); UND &lt; int CopyOnWriteArrayList.size() &gt; :68(n$7); RET &lt; int Result.getFailureCount() &gt; (n$7)
    pi2:
      
    returns
    sub1:
      
    sub2:
      
    Current Implication
    SUB:
      
    <span class='color_blue'>MEMna &lt; new[]:315 &gt; <span class='color_orange'>{vpath: }</span>(n$62); UND &lt; Result JUnitCore.runClasses(Computer,Class[]) &gt; :53(n$63); UND &lt; int CopyOnWriteArrayList.size() &gt; :68($irvar1); RET &lt; int Result.getFailureCount() &gt; ($irvar1) ;
    result = 0<span class='color_orange'>nullify</span>:org.junit.runner.Result*; actual|callee = n$7<span class='color_orange'>actual_precondition</span>:long; $irvar0 = 0<span class='color_orange'>nullify</span>:void; return = n$60<span class='color_orange'>initial</span>:void; $irvar1 = n$7<span class='color_orange'>update:316</span>:void; #GB<>$org.junit.tests.running.classes.ParameterizedTestTest = {fLog:""<span class='color_orange'>update:314</span>}<span class='color_orange'>formal</span>:org.junit.tests.running.classes.ParameterizedTestTest( sub ); old_org.junit.tests.running.classes.ParameterizedTestTest = {fLog:val$2<span class='color_orange'>formal</span>}<span class='color_orange'>formal</span>:org.junit.tests.running.classes.ParameterizedTestTest( sub ); $irvar2 = n$61<span class='color_orange'>initial</span>:void; this = val$1<span class='color_orange'>formal</span>:org.junit.tests.running.classes.ParameterizedTestTest*( sub ); old_this = val$1<span class='color_orange'>formal</span>:org.junit.tests.running.classes.ParameterizedTestTest*( sub ); expected|callee = 0<span class='color_orange'>actual_precondition</span>:long</span>
    |-
    <span class='color_blue'>actual|callee = _t$85<span class='color_orange'>formal</span>:long( sub ); expected|callee = _t$85<span class='color_orange'>formal</span>:long( sub )</span>
    
      do_imply n$7 _t$85
        Current Implication
        SUB:
          
        <span class='color_blue'>MEMna &lt; new[]:315 &gt; <span class='color_orange'>{vpath: }</span>(n$62); UND &lt; Result JUnitCore.runClasses(Computer,Class[]) &gt; :53(n$63); UND &lt; int CopyOnWriteArrayList.size() &gt; :68($irvar1); RET &lt; int Result.getFailureCount() &gt; ($irvar1) ;
        result = 0<span class='color_orange'>nullify</span>:org.junit.runner.Result*; $irvar0 = 0<span class='color_orange'>nullify</span>:void; return = n$60<span class='color_orange'>initial</span>:void; $irvar1 = n$7<span class='color_orange'>update:316</span>:void; #GB<>$org.junit.tests.running.classes.ParameterizedTestTest = {fLog:""<span class='color_orange'>update:314</span>}<span class='color_orange'>formal</span>:org.junit.tests.running.classes.ParameterizedTestTest( sub ); old_org.junit.tests.running.classes.ParameterizedTestTest = {fLog:val$2<span class='color_orange'>formal</span>}<span class='color_orange'>formal</span>:org.junit.tests.running.classes.ParameterizedTestTest( sub ); $irvar2 = n$61<span class='color_orange'>initial</span>:void; this = val$1<span class='color_orange'>formal</span>:org.junit.tests.running.classes.ParameterizedTestTest*( sub ); old_this = val$1<span class='color_orange'>formal</span>:org.junit.tests.running.classes.ParameterizedTestTest*( sub ); expected|callee = 0<span class='color_orange'>actual_precondition</span>:long</span>
        [SUB: 
          _t$85 = n$7]
        |-
        <span class='color_blue'>expected|callee = n$7<span class='color_orange'>formal</span>:long( sub )</span>
        
          do_imply 0 n$7
          WARNING: footprint failed to find MISSING because: expressions not equal
    EXECUTING SPEC 2/2
    ACTUAL PRECONDITION =
      <span class='color_blue'>MEMna &lt; new[]:315 &gt; <span class='color_orange'>{vpath: }</span>(n$62); UND &lt; Result JUnitCore.runClasses(Computer,Class[]) &gt; :53(n$63); UND &lt; int CopyOnWriteArrayList.size() &gt; :68($irvar1); RET &lt; int Result.getFailureCount() &gt; ($irvar1) ;
      result = 0<span class='color_orange'>nullify</span>:org.junit.runner.Result*; actual|callee = n$7<span class='color_orange'>actual_precondition</span>:long; $irvar0 = 0<span class='color_orange'>nullify</span>:void; return = n$60<span class='color_orange'>initial</span>:void; $irvar1 = n$7<span class='color_orange'>update:316</span>:void; #GB<>$org.junit.tests.running.classes.ParameterizedTestTest = {fLog:""<span class='color_orange'>update:314</span>}<span class='color_orange'>formal</span>:org.junit.tests.running.classes.ParameterizedTestTest( sub ); old_org.junit.tests.running.classes.ParameterizedTestTest = {fLog:val$2<span class='color_orange'>formal</span>}<span class='color_orange'>formal</span>:org.junit.tests.running.classes.ParameterizedTestTest( sub ); $irvar2 = n$61<span class='color_orange'>initial</span>:void; this = val$1<span class='color_orange'>formal</span>:org.junit.tests.running.classes.ParameterizedTestTest*( sub ); old_this = val$1<span class='color_orange'>formal</span>:org.junit.tests.running.classes.ParameterizedTestTest*( sub ); expected|callee = 0<span class='color_orange'>actual_precondition</span>:long</span>
    SPEC =
      --------------------------- ---------- ---------------------------
      PRE:
      <span class='color_blue'><span class='color_blue'>actual|callee != expected|callee ;
      actual|callee = _t$87<span class='color_orange'>formal</span>:long( sub ); expected|callee = _t$88<span class='color_orange'>formal</span>:long( sub )</span></span>
      POST 1 of 1:
      <span class='color_blue'>actual|callee != expected|callee; <span class='color_red'>MEMne &lt; void Assert.assertEquals(String,long,long):633 &gt; <span class='color_orange'>{vpath: }</span>(_t$89)</span> ;
      <span class='color_red'>return|callee = EXN _t$89<span class='color_orange'>update:633</span>:void</span> ;
      <span class='color_red'>_t$89|->{}<span class='color_orange'>alloc</span>:java.lang.AssertionError</span></span>
      ----------------------------------------------------------------
    pre_check_pure_implication
    pi1:
      MEMna &lt; new[]:315 &gt; <span class='color_orange'>{vpath: }</span>(n$62); UND &lt; Result JUnitCore.runClasses(Computer,Class[]) &gt; :53(n$63); UND &lt; int CopyOnWriteArrayList.size() &gt; :68(n$7); RET &lt; int Result.getFailureCount() &gt; (n$7)
    pi2:
      _t$87 != _t$88
    returns
    sub1:
      
    sub2:
      
    Current Implication
    SUB:
      
    <span class='color_blue'>MEMna &lt; new[]:315 &gt; <span class='color_orange'>{vpath: }</span>(n$62); UND &lt; Result JUnitCore.runClasses(Computer,Class[]) &gt; :53(n$63); UND &lt; int CopyOnWriteArrayList.size() &gt; :68($irvar1); RET &lt; int Result.getFailureCount() &gt; ($irvar1) ;
    result = 0<span class='color_orange'>nullify</span>:org.junit.runner.Result*; actual|callee = n$7<span class='color_orange'>actual_precondition</span>:long; $irvar0 = 0<span class='color_orange'>nullify</span>:void; return = n$60<span class='color_orange'>initial</span>:void; $irvar1 = n$7<span class='color_orange'>update:316</span>:void; #GB<>$org.junit.tests.running.classes.ParameterizedTestTest = {fLog:""<span class='color_orange'>update:314</span>}<span class='color_orange'>formal</span>:org.junit.tests.running.classes.ParameterizedTestTest( sub ); old_org.junit.tests.running.classes.ParameterizedTestTest = {fLog:val$2<span class='color_orange'>formal</span>}<span class='color_orange'>formal</span>:org.junit.tests.running.classes.ParameterizedTestTest( sub ); $irvar2 = n$61<span class='color_orange'>initial</span>:void; this = val$1<span class='color_orange'>formal</span>:org.junit.tests.running.classes.ParameterizedTestTest*( sub ); old_this = val$1<span class='color_orange'>formal</span>:org.junit.tests.running.classes.ParameterizedTestTest*( sub ); expected|callee = 0<span class='color_orange'>actual_precondition</span>:long</span>
    |-
    <span class='color_blue'>actual|callee = _t$87<span class='color_orange'>formal</span>:long( sub ); expected|callee = _t$88<span class='color_orange'>formal</span>:long( sub )</span>
    
      do_imply n$7 _t$87
        Current Implication
        SUB:
          
        <span class='color_blue'>MEMna &lt; new[]:315 &gt; <span class='color_orange'>{vpath: }</span>(n$62); UND &lt; Result JUnitCore.runClasses(Computer,Class[]) &gt; :53(n$63); UND &lt; int CopyOnWriteArrayList.size() &gt; :68($irvar1); RET &lt; int Result.getFailureCount() &gt; ($irvar1) ;
        result = 0<span class='color_orange'>nullify</span>:org.junit.runner.Result*; $irvar0 = 0<span class='color_orange'>nullify</span>:void; return = n$60<span class='color_orange'>initial</span>:void; $irvar1 = n$7<span class='color_orange'>update:316</span>:void; #GB<>$org.junit.tests.running.classes.ParameterizedTestTest = {fLog:""<span class='color_orange'>update:314</span>}<span class='color_orange'>formal</span>:org.junit.tests.running.classes.ParameterizedTestTest( sub ); old_org.junit.tests.running.classes.ParameterizedTestTest = {fLog:val$2<span class='color_orange'>formal</span>}<span class='color_orange'>formal</span>:org.junit.tests.running.classes.ParameterizedTestTest( sub ); $irvar2 = n$61<span class='color_orange'>initial</span>:void; this = val$1<span class='color_orange'>formal</span>:org.junit.tests.running.classes.ParameterizedTestTest*( sub ); old_this = val$1<span class='color_orange'>formal</span>:org.junit.tests.running.classes.ParameterizedTestTest*( sub ); expected|callee = 0<span class='color_orange'>actual_precondition</span>:long</span>
        [SUB: 
          _t$87 = n$7]
        |-
        <span class='color_blue'>expected|callee = _t$88<span class='color_orange'>formal</span>:long( sub )</span>
        
          do_imply 0 _t$88
            Final Implication
            SUB:
              
            <span class='color_blue'>MEMna &lt; new[]:315 &gt; <span class='color_orange'>{vpath: }</span>(n$62); UND &lt; Result JUnitCore.runClasses(Computer,Class[]) &gt; :53(n$63); UND &lt; int CopyOnWriteArrayList.size() &gt; :68($irvar1); RET &lt; int Result.getFailureCount() &gt; ($irvar1) ;
            result = 0<span class='color_orange'>nullify</span>:org.junit.runner.Result*; $irvar0 = 0<span class='color_orange'>nullify</span>:void; return = n$60<span class='color_orange'>initial</span>:void; $irvar1 = n$7<span class='color_orange'>update:316</span>:void; #GB<>$org.junit.tests.running.classes.ParameterizedTestTest = {fLog:""<span class='color_orange'>update:314</span>}<span class='color_orange'>formal</span>:org.junit.tests.running.classes.ParameterizedTestTest( sub ); old_org.junit.tests.running.classes.ParameterizedTestTest = {fLog:val$2<span class='color_orange'>formal</span>}<span class='color_orange'>formal</span>:org.junit.tests.running.classes.ParameterizedTestTest( sub ); $irvar2 = n$61<span class='color_orange'>initial</span>:void; this = val$1<span class='color_orange'>formal</span>:org.junit.tests.running.classes.ParameterizedTestTest*( sub ); old_this = val$1<span class='color_orange'>formal</span>:org.junit.tests.running.classes.ParameterizedTestTest*( sub )</span>
            [SUB: 
              _t$87 = n$7; _t$88 = 0]
            |-
            <span class='color_blue'></span>
    imply_pi: adding missing atom _t$87 != _t$88
    Result of Abduction
      SUB:
        
      <span class='color_blue'>MEMna &lt; new[]:315 &gt; <span class='color_orange'>{vpath: }</span>(n$62); UND &lt; Result JUnitCore.runClasses(Computer,Class[]) &gt; :53(n$63); UND &lt; int CopyOnWriteArrayList.size() &gt; :68($irvar1); RET &lt; int Result.getFailureCount() &gt; ($irvar1) ;
      result = 0<span class='color_orange'>nullify</span>:org.junit.runner.Result*; actual|callee = n$7<span class='color_orange'>actual_precondition</span>:long; $irvar0 = 0<span class='color_orange'>nullify</span>:void; return = n$60<span class='color_orange'>initial</span>:void; $irvar1 = n$7<span class='color_orange'>update:316</span>:void; #GB<>$org.junit.tests.running.classes.ParameterizedTestTest = {fLog:""<span class='color_orange'>update:314</span>}<span class='color_orange'>formal</span>:org.junit.tests.running.classes.ParameterizedTestTest( sub ); old_org.junit.tests.running.classes.ParameterizedTestTest = {fLog:val$2<span class='color_orange'>formal</span>}<span class='color_orange'>formal</span>:org.junit.tests.running.classes.ParameterizedTestTest( sub ); $irvar2 = n$61<span class='color_orange'>initial</span>:void; this = val$1<span class='color_orange'>formal</span>:org.junit.tests.running.classes.ParameterizedTestTest*( sub ); old_this = val$1<span class='color_orange'>formal</span>:org.junit.tests.running.classes.ParameterizedTestTest*( sub ); expected|callee = 0<span class='color_orange'>actual_precondition</span>:long</span>
      [SUB: 
        _t$87 = n$7; _t$88 = 0
      _t$87 != _t$88]
      |-
      <span class='color_blue'>actual|callee != 0 ;
      actual|callee = n$7<span class='color_orange'>formal</span>:long( sub ); expected|callee = 0<span class='color_orange'>formal</span>:long( sub )</span>
    returning TRUE
    in vpath_find exp:_t$89
    vpath_find: cannot find _t$89
      New footprint:
      n$7 != 0
      Frame fld:
      
      Missing fld:
      
      Instantiated frame:
      &amp;result|->0<span class='color_orange'>nullify</span>:org.junit.runner.Result*; &amp;$irvar0|->0<span class='color_orange'>nullify</span>:void; &amp;return|->n$60<span class='color_orange'>initial</span>:void; &amp;$irvar1|->n$7<span class='color_orange'>update:316</span>:void; &amp;#GB<>$org.junit.tests.running.classes.ParameterizedTestTest|->{fLog:""<span class='color_orange'>update:314</span>}<span class='color_orange'>formal</span>:org.junit.tests.running.classes.ParameterizedTestTest( sub ); &amp;old_org.junit.tests.running.classes.ParameterizedTestTest|->{fLog:val$2<span class='color_orange'>formal</span>}<span class='color_orange'>formal</span>:org.junit.tests.running.classes.ParameterizedTestTest( sub ); &amp;$irvar2|->n$61<span class='color_orange'>initial</span>:void; &amp;this|->val$1<span class='color_orange'>formal</span>:org.junit.tests.running.classes.ParameterizedTestTest*( sub ); &amp;old_this|->val$1<span class='color_orange'>formal</span>:org.junit.tests.running.classes.ParameterizedTestTest*( sub )
      Instantiated post:
      PROP 1 of 1:
      <span class='color_blue'><span class='color_red'>n$7 != 0</span>; <span class='color_red'>MEMne &lt; void Assert.assertEquals(long,long):316 &gt; <span class='color_orange'>{vpath: }</span>(_t$89)</span> ;
      <span class='color_red'>return|callee = EXN _t$89<span class='color_orange'>update:316</span>:void</span> ;
      <span class='color_red'>_t$89|->{}<span class='color_orange'>alloc</span>:java.lang.AssertionError</span></span>
      
    ***** RESULTS FUNCTION CALL *******
    PROP 1 of 1:
    <span class='color_blue'><span class='color_blue'>$irvar1 != 0</span>; <span class='color_red'>MEMne &lt; void Assert.assertEquals(long,long):316 &gt; <span class='color_orange'>{vpath: }</span>(_t$0)</span>; <span class='color_blue'>MEMna &lt; new[]:315 &gt; <span class='color_orange'>{vpath: }</span>(n$62)</span>; <span class='color_blue'>UND &lt; Result JUnitCore.runClasses(Computer,Class[]) &gt; :53(n$63)</span>; <span class='color_blue'>UND &lt; int CopyOnWriteArrayList.size() &gt; :68($irvar1)</span>; <span class='color_blue'>RET &lt; int Result.getFailureCount() &gt; ($irvar1)</span> ;
    <span class='color_blue'>result = 0<span class='color_orange'>nullify</span>:org.junit.runner.Result*</span>; <span class='color_blue'>$irvar0 = 0<span class='color_orange'>nullify</span>:void</span>; <span class='color_blue'>return = <span class='color_red'>EXN _t$0<span class='color_orange'>update:316</span></span>:void</span>; <span class='color_blue'>$irvar1 = n$7<span class='color_orange'>update:316</span>:void</span>; <span class='color_blue'>#GB<>$org.junit.tests.running.classes.ParameterizedTestTest = {fLog:""<span class='color_orange'>update:314</span>}<span class='color_orange'>formal</span>:org.junit.tests.running.classes.ParameterizedTestTest( sub )</span>; <span class='color_blue'>old_org.junit.tests.running.classes.ParameterizedTestTest = {fLog:val$2<span class='color_orange'>formal</span>}<span class='color_orange'>formal</span>:org.junit.tests.running.classes.ParameterizedTestTest( sub )</span>; <span class='color_blue'>$irvar2 = n$61<span class='color_orange'>initial</span>:void</span>; <span class='color_blue'>this = val$1<span class='color_orange'>formal</span>:org.junit.tests.running.classes.ParameterizedTestTest*( sub )</span>; <span class='color_blue'>old_this = val$1<span class='color_orange'>formal</span>:org.junit.tests.running.classes.ParameterizedTestTest*( sub )</span> ;
    <span class='color_red'>_t$0|->{}<span class='color_orange'>alloc</span>:java.lang.AssertionError</span></span>
    ***** END RESULTS FUNCTION CALL *******
    Prover.check_inconsistency_base: inconsistency reason [None]
    Prover.check_inconsistency_base: inconsistency reason [None]
    Prover.check_inconsistency_base: inconsistency reason [None]
    Prover.check_inconsistency_base: inconsistency reason [None]
    Missing pure facts for the function call:
    pi: n$7 != 0
    Prover.check_inconsistency_base: inconsistency reason [None]
    <span class='color_red'>Failure of symbolic execution: PRECONDITION_NOT_MET in call to `assertEquals(...)` at line 316 src/biabduction/Tabulation.ml:1329:66-73:</span>
    Precondition:
    <span class='color_blue'></span>
    SIL INSTR:
    <span class='color_green'>n$7=*&amp;$irvar1:int [line 316];
    <span class='color_red'>n$8=_fun_void Assert.assertEquals(long,long)(0:long,(long)n$7:long) [line 316]</span>;
    NULLIFY(&amp;$irvar1); [line 316];
    EXIT_SCOPE(n$7,n$8,$irvar1); [line 316];
    </span>
    </LISTING>