<!DOCTYPE HTML PUBLIC "-//W3C//DTD HTML 4.01 Transitional//EN">
<html>
<head>
<title>org.junit.tests.running.classes.ParameterizedTestTest$AssumptionInParametersMethod.data():java.lang..bc3fddda8fd789f02c98d1b02d8ed5ed_node1</title>
<meta http-equiv="Content-Type" content="text/html; charset=utf-8">
<style type="text/css">
body { background-color:#fff; color:#000; font-family:Helvetica, sans-serif; font-size:10pt }
h1 { font-size:14pt }
.code { border-collapse:collapse; width:100%; font-family: "Andale Mono", monospace; font-size:10pt; line-height: 1.2em }
.color_black { color: black }
.color_blue { color: blue }
.color_green { color: green }
.color_orange { color: orange }
.color_red { color: red }
.line { border-left: 3px solid #ccc; padding-left: 1ex; white-space: pre; }
.msg { background-color:#fff8b4; color:#000; float:left; font-family:Helvetica, sans-serif; font-size: smaller; font-weight: bold; margin-bottom:10px; margin-top:10px; max-width:60em; padding:0.5em 1ex 0.5em 1ex; -webkit-border-radius:5px; -webkit-box-shadow:1px 1px 7px #000; white-space: pre-wrap; word-wrap: break-word; }
.num { background-color:#eee; color:#444; font-size: smaller; padding-right:2ex; text-align:right; width:2.5em; }
.dangling { background-color:white; color: gray; }
.visited { background-color:LemonChiffon; color: darkmagenta; }
.tooltip { display: none; background-color:#FFF0F0; border: 2px solid #F00; font-weight: normal; left:10em; padding: 2px; position: absolute; top: -1em; -webkit-border-radius:5px; -webkit-box-shadow:1px 1px 7px #000; z-index: 1}
.with_tooltip { position: relative; }
.with_tooltip:hover .tooltip, .visited:hover .tooltip { display: block; }
</style>
</head>
<body>
<center><h1>Cfg Node <a href="./../../ParameterizedTestTest.java.88da44e98279dfa32c0c7e5c52f053d0.html#LINE773">1</a></h1></center>PROC: <a href="./../org.junit.tests.running.classes.ParameterizedTestTest%24AssumptionInParametersMethod.data%28%29%3Ajava.lang..bc3fddda8fd789f02c98d1b02d8ed5ed.html">Iterable ParameterizedTestTest$AssumptionInParametersMethod.data()</a> LINE: <a href="./../../ParameterizedTestTest.java.88da44e98279dfa32c0c7e5c52f053d0.html#LINE773">773</a>
<br>PREDS:
<br>SUCCS:
<a href="./../nodes/org.junit.tests.running.classes.ParameterizedTestTest%24AssumptionInParametersMethod.data%28%29%3Ajava.lang..bc3fddda8fd789f02c98d1b02d8ed5ed_node4.html"><span class='visited with_tooltip'>N_4<span class='tooltip'>node4 preds:1 succs:5 exn:3 </span></span></a><br>EXN:
<a href="./../nodes/org.junit.tests.running.classes.ParameterizedTestTest%24AssumptionInParametersMethod.data%28%29%3Ajava.lang..bc3fddda8fd789f02c98d1b02d8ed5ed_node2.html"><span class='visited with_tooltip'>N_2<span class='tooltip'>node2 preds:7 3 succs: exn: </span></span></a><br>
<LISTING class='color_green'></LISTING>
<hr width="100%">
<a name="session12" href="./../nodes/org.junit.tests.running.classes.ParameterizedTestTest%24AssumptionInParametersMethod.data%28%29%3Ajava.lang..bc3fddda8fd789f02c98d1b02d8ed5ed_node1.html#session12">node1#session12</a>(<a href="./../../ParameterizedTestTest.java.88da44e98279dfa32c0c7e5c52f053d0.html#LINE773">773</a>) [compute pre] liveness 1
<LISTING class='color_black'>JOIN

LEFT:   normal:{ classes.ParameterizedTestTest$AssumptionInParametersMethod },
        exn:{ }
RIGHT:  normal:{ }, exn:{ }
RESULT: normal:{ classes.ParameterizedTestTest$AssumptionInParametersMethod },
        exn:{ }

</LISTING>
<hr width="100%">
<a name="session13" href="./../nodes/org.junit.tests.running.classes.ParameterizedTestTest%24AssumptionInParametersMethod.data%28%29%3Ajava.lang..bc3fddda8fd789f02c98d1b02d8ed5ed_node1.html#session13">node1#session13</a>(<a href="./../../ParameterizedTestTest.java.88da44e98279dfa32c0c7e5c52f053d0.html#LINE773">773</a>) [exec] liveness 1
<LISTING class='color_black'>PRE STATE:
normal:{ classes.ParameterizedTestTest$AssumptionInParametersMethod },
exn:{ }

INSTR=  SKIP; 

STATE UNCHANGED

</LISTING>
<hr width="100%">
<a name="session14" href="./../nodes/org.junit.tests.running.classes.ParameterizedTestTest%24AssumptionInParametersMethod.data%28%29%3Ajava.lang..bc3fddda8fd789f02c98d1b02d8ed5ed_node1.html#session14">node1#session14</a>(<a href="./../../ParameterizedTestTest.java.88da44e98279dfa32c0c7e5c52f053d0.html#LINE773">773</a>) [exec] nullify
<LISTING class='color_black'>PRE STATE:
(normal:{ }, exn:{ },normal:{ }, exn:{ })

INSTR=  SKIP; 

STATE:
(normal:{ }, exn:{ },normal:{ }, exn:{ })

</LISTING>
<hr width="100%">
<a name="session27" href="./../nodes/org.junit.tests.running.classes.ParameterizedTestTest%24AssumptionInParametersMethod.data%28%29%3Ajava.lang..bc3fddda8fd789f02c98d1b02d8ed5ed_node1.html#session27">node1#session27</a>(<a href="./../../ParameterizedTestTest.java.88da44e98279dfa32c0c7e5c52f053d0.html#LINE773">773</a>) [exec] devirtualizer analysis 1
<LISTING class='color_black'>PRE STATE:
{ }

INSTR=  SKIP; 

STATE UNCHANGED

</LISTING>
<hr width="100%">
<a name="session1" href="./../nodes/org.junit.tests.running.classes.ParameterizedTestTest%24AssumptionInParametersMethod.data%28%29%3Ajava.lang..bc3fddda8fd789f02c98d1b02d8ed5ed_node1.html#session1">node1#session1</a>(<a href="./../../ParameterizedTestTest.java.88da44e98279dfa32c0c7e5c52f053d0.html#LINE773">773</a>) [exec] starvation
<LISTING class='color_black'>PRE STATE:
{guard_map= { }; lock_state= {map= { }; acquisitions= { }};
 critical_pairs= { }; attributes= { }; thread= UnknownThread;
 scheduled_work= { }; var_state= { }}

INSTR=  SKIP; 

STATE UNCHANGED

</LISTING>
<hr width="100%">
<a name="session12" href="./../nodes/org.junit.tests.running.classes.ParameterizedTestTest%24AssumptionInParametersMethod.data%28%29%3Ajava.lang..bc3fddda8fd789f02c98d1b02d8ed5ed_node1.html#session12">node1#session12</a>(<a href="./../../ParameterizedTestTest.java.88da44e98279dfa32c0c7e5c52f053d0.html#LINE773">773</a>) [exec] racerd
<LISTING class='color_black'>PRE STATE:
Threads: NoThread, Locks: 0 
Accesses { } 
Ownership: { } 
Attributes: { } 


INSTR=  SKIP; 

STATE UNCHANGED

</LISTING>
<hr width="100%">
<a name="session23" href="./../nodes/org.junit.tests.running.classes.ParameterizedTestTest%24AssumptionInParametersMethod.data%28%29%3Ajava.lang..bc3fddda8fd789f02c98d1b02d8ed5ed_node1.html#session23">node1#session23</a>(<a href="./../../ParameterizedTestTest.java.88da44e98279dfa32c0c7e5c52f053d0.html#LINE773">773</a>) biabduction
<LISTING class='color_black'>**** [FP:Pending] Iterable ParameterizedTestTest$AssumptionInParametersMethod.data() Node: 1, Procedure: Iterable ParameterizedTestTest$AssumptionInParametersMethod.data(), Todo: 1 ****
  PROP 1 of 1:
  <span class='color_blue'><span class='color_red'>$irvar0 = _t$2<span class='color_orange'>initial</span>:void</span>; <span class='color_red'>return = _t$1<span class='color_orange'>initial</span>:java.lang.Iterable*</span>; <span class='color_red'>$irvar1 = _t$0<span class='color_orange'>initial</span>:void</span></span>
  .... Instructions: ....
  <span class='color_green'></span>
  
  Processing prop 1/1
    .... After Symbolic Execution ....
    PROP 1 of 1:
    <span class='color_blue'><span class='color_blue'>$irvar0 = _t$2<span class='color_orange'>initial</span>:void</span>; <span class='color_blue'>return = _t$1<span class='color_orange'>initial</span>:java.lang.Iterable*</span>; <span class='color_blue'>$irvar1 = _t$0<span class='color_orange'>initial</span>:void</span></span>
    
    
    
  </LISTING>
<hr width="100%">
<a name="session30" href="./../nodes/org.junit.tests.running.classes.ParameterizedTestTest%24AssumptionInParametersMethod.data%28%29%3Ajava.lang..bc3fddda8fd789f02c98d1b02d8ed5ed_node1.html#session30">node1#session30</a>(<a href="./../../ParameterizedTestTest.java.88da44e98279dfa32c0c7e5c52f053d0.html#LINE773">773</a>) biabduction
<LISTING class='color_black'>#### Extracted footprint  ####
  PROP 1 of 2:
  <span class='color_blue'><span class='color_red'>#GB<>$org.junit.tests.running.classes.ParameterizedTestTest$AssumptionInParametersMethod = {assumptionFails:_t$1<span class='color_orange'>rearrange:774</span>}<span class='color_orange'>rearrange:774</span>:org.junit.tests.running.classes.ParameterizedTestTest$AssumptionInParametersMethod( sub )</span>; <span class='color_red'>$RET_java.util.Collections.singletonList(java.lang.Object):java.util.List|abducedRetvar = _t$0<span class='color_orange'>none</span>:java.util.List*( sub )</span></span>
  PROP 2 of 2:
  <span class='color_blue'><span class='color_red'>#GB<>$org.junit.tests.running.classes.ParameterizedTestTest$AssumptionInParametersMethod = {assumptionFails:_t$0<span class='color_orange'>rearrange:774</span>}<span class='color_orange'>rearrange:774</span>:org.junit.tests.running.classes.ParameterizedTestTest$AssumptionInParametersMethod( sub )</span></span>
  

Prover.check_inconsistency_base: inconsistency reason [None]
Prover.check_inconsistency_base: inconsistency reason [None]
Can't find field assumptionFails in StrexpMatch.find
Prover.check_inconsistency_base: inconsistency reason [None]
Prover.check_inconsistency_base: inconsistency reason [None]
Can't find field assumptionFails in StrexpMatch.find
.... MEET ....
MEET SYM HEAP1:
<span class='color_blue'>#GB<>$org.junit.tests.running.classes.ParameterizedTestTest$AssumptionInParametersMethod = {assumptionFails:_t$1<span class='color_orange'>rearrange:774</span>}<span class='color_orange'>rearrange:774</span>:org.junit.tests.running.classes.ParameterizedTestTest$AssumptionInParametersMethod( sub ); $RET_java.util.Collections.singletonList(java.lang.Object):java.util.List|abducedRetvar = _t$0<span class='color_orange'>none</span>:java.util.List*( sub )</span>
MEET SYM HEAP2:
<span class='color_blue'>#GB<>$org.junit.tests.running.classes.ParameterizedTestTest$AssumptionInParametersMethod = {assumptionFails:_t$0<span class='color_orange'>rearrange:774</span>}<span class='color_orange'>rearrange:774</span>:org.junit.tests.running.classes.ParameterizedTestTest$AssumptionInParametersMethod( sub )</span>
.... sigma_partial_meet' ....
TODO: &amp;#GB<>$org.junit.tests.running.classes.ParameterizedTestTest$AssumptionInParametersMethod,&amp;#GB<>$org.junit.tests.running.classes.ParameterizedTestTest$AssumptionInParametersMethod,&amp;#GB<>$org.junit.tests.running.classes.ParameterizedTestTest$AssumptionInParametersMethod
PROP1=&amp;#GB<>$org.junit.tests.running.classes.ParameterizedTestTest$AssumptionInParametersMethod|->{assumptionFails:_t$1<span class='color_orange'>rearrange:774</span>}<span class='color_orange'>rearrange:774</span>:org.junit.tests.running.classes.ParameterizedTestTest$AssumptionInParametersMethod( sub ); &amp;$RET_java.util.Collections.singletonList(java.lang.Object):java.util.List|abducedRetvar|->_t$0<span class='color_orange'>none</span>:java.util.List*( sub )
PROP2=&amp;#GB<>$org.junit.tests.running.classes.ParameterizedTestTest$AssumptionInParametersMethod|->{assumptionFails:_t$0<span class='color_orange'>rearrange:774</span>}<span class='color_orange'>rearrange:774</span>:org.junit.tests.running.classes.ParameterizedTestTest$AssumptionInParametersMethod( sub )

.... sigma_partial_meet' ....
TODO: _t$1,_t$0,_t$49
PROP1=&amp;$RET_java.util.Collections.singletonList(java.lang.Object):java.util.List|abducedRetvar|->_t$0<span class='color_orange'>none</span>:java.util.List*( sub )
PROP2=

.... sigma_partial_meet' ....
TODO: &amp;$RET_java.util.Collections.singletonList(java.lang.Object):java.util.List|abducedRetvar,&amp;$RET_java.util.Collections.singletonList(java.lang.Object):java.util.List|abducedRetvar,&amp;$RET_java.util.Collections.singletonList(java.lang.Object):java.util.List|abducedRetvar
PROP1=&amp;$RET_java.util.Collections.singletonList(java.lang.Object):java.util.List|abducedRetvar|->_t$0<span class='color_orange'>none</span>:java.util.List*( sub )
PROP2=

.... sigma_partial_meet' ....
TODO: _t$0,_t$50,_t$51
PROP1=
PROP2=

.... sigma_partial_meet' ....
TODO: &amp;#GB<>$org.junit.tests.running.classes.ParameterizedTestTest$AssumptionInParametersMethod,&amp;#GB<>$org.junit.tests.running.classes.ParameterizedTestTest$AssumptionInParametersMethod,&amp;#GB<>$org.junit.tests.running.classes.ParameterizedTestTest$AssumptionInParametersMethod
PROP1=
PROP2=

Prover.check_inconsistency_base: inconsistency reason [None]
<span class='color_green'>.... MEET SUCCEEDED ....</span>
RESULT SYM HEAP:
<span class='color_blue'>#GB<>$org.junit.tests.running.classes.ParameterizedTestTest$AssumptionInParametersMethod = {assumptionFails:_t$1<span class='color_orange'>rearrange:774</span>}<span class='color_orange'>rearrange:774</span>:org.junit.tests.running.classes.ParameterizedTestTest$AssumptionInParametersMethod( sub ); $RET_java.util.Collections.singletonList(java.lang.Object):java.util.List|abducedRetvar = _t$0<span class='color_orange'>none</span>:java.util.List*( sub )</span>

#### Footprint after Meet  ####
  PROP 1 of 2:
  <span class='color_blue'><span class='color_red'>#GB<>$org.junit.tests.running.classes.ParameterizedTestTest$AssumptionInParametersMethod = {assumptionFails:_t$1<span class='color_orange'>rearrange:774</span>}<span class='color_orange'>rearrange:774</span>:org.junit.tests.running.classes.ParameterizedTestTest$AssumptionInParametersMethod( sub )</span>; <span class='color_red'>$RET_java.util.Collections.singletonList(java.lang.Object):java.util.List|abducedRetvar = _t$0<span class='color_orange'>none</span>:java.util.List*( sub )</span></span>
  PROP 2 of 2:
  <span class='color_blue'><span class='color_red'>#GB<>$org.junit.tests.running.classes.ParameterizedTestTest$AssumptionInParametersMethod = {assumptionFails:_t$0<span class='color_orange'>rearrange:774</span>}<span class='color_orange'>rearrange:774</span>:org.junit.tests.running.classes.ParameterizedTestTest$AssumptionInParametersMethod( sub )</span></span>
  

  COMBINE[JOIN] ....
  ENTRY1:
  <span class='color_blue'>#GB<>$org.junit.tests.running.classes.ParameterizedTestTest$AssumptionInParametersMethod = {assumptionFails:_t$1<span class='color_orange'>rearrange:774</span>}<span class='color_orange'>rearrange:774</span>:org.junit.tests.running.classes.ParameterizedTestTest$AssumptionInParametersMethod( sub ); $RET_java.util.Collections.singletonList(java.lang.Object):java.util.List|abducedRetvar = _t$0<span class='color_orange'>none</span>:java.util.List*( sub )</span>
  ENTRY2:
  <span class='color_blue'>#GB<>$org.junit.tests.running.classes.ParameterizedTestTest$AssumptionInParametersMethod = {assumptionFails:_t$0<span class='color_orange'>rearrange:774</span>}<span class='color_orange'>rearrange:774</span>:org.junit.tests.running.classes.ParameterizedTestTest$AssumptionInParametersMethod( sub )</span>
  
  simple_check failed
  <span class='color_red'>.... COMBINE[JOIN] FAILED ...</span>
  COMBINE[JOIN] ....
  ENTRY1:
  <span class='color_blue'>#GB<>$org.junit.tests.running.classes.ParameterizedTestTest$AssumptionInParametersMethod = {assumptionFails:_t$1<span class='color_orange'>rearrange:774</span>}<span class='color_orange'>rearrange:774</span>:org.junit.tests.running.classes.ParameterizedTestTest$AssumptionInParametersMethod( sub ); $RET_java.util.Collections.singletonList(java.lang.Object):java.util.List|abducedRetvar = _t$0<span class='color_orange'>none</span>:java.util.List*( sub )</span>
  ENTRY2:
  <span class='color_blue'>#GB<>$org.junit.tests.running.classes.ParameterizedTestTest$AssumptionInParametersMethod = {assumptionFails:_t$0<span class='color_orange'>rearrange:774</span>}<span class='color_orange'>rearrange:774</span>:org.junit.tests.running.classes.ParameterizedTestTest$AssumptionInParametersMethod( sub )</span>
  
  simple_check failed
  <span class='color_red'>.... COMBINE[JOIN] FAILED ...</span>
  
#### Footprint after Join  ####
  PROP 1:
  <span class='color_blue'>#GB<>$org.junit.tests.running.classes.ParameterizedTestTest$AssumptionInParametersMethod = {assumptionFails:_t$1<span class='color_orange'>rearrange:774</span>}<span class='color_orange'>rearrange:774</span>:org.junit.tests.running.classes.ParameterizedTestTest$AssumptionInParametersMethod( sub ); $RET_java.util.Collections.singletonList(java.lang.Object):java.util.List|abducedRetvar = _t$0<span class='color_orange'>none</span>:java.util.List*( sub )</span>
  PROP 2:
  <span class='color_blue'>#GB<>$org.junit.tests.running.classes.ParameterizedTestTest$AssumptionInParametersMethod = {assumptionFails:_t$0<span class='color_orange'>rearrange:774</span>}<span class='color_orange'>rearrange:774</span>:org.junit.tests.running.classes.ParameterizedTestTest$AssumptionInParametersMethod( sub )</span>
#### Renamed footprint ####
  PROP 1:
  <span class='color_blue'>#GB<>$org.junit.tests.running.classes.ParameterizedTestTest$AssumptionInParametersMethod = {assumptionFails:_t$1<span class='color_orange'>rearrange:774</span>}<span class='color_orange'>rearrange:774</span>:org.junit.tests.running.classes.ParameterizedTestTest$AssumptionInParametersMethod( sub ); $RET_java.util.Collections.singletonList(java.lang.Object):java.util.List|abducedRetvar = _t$0<span class='color_orange'>none</span>:java.util.List*( sub )</span>
  PROP 2:
  <span class='color_blue'>#GB<>$org.junit.tests.running.classes.ParameterizedTestTest$AssumptionInParametersMethod = {assumptionFails:_t$0<span class='color_orange'>rearrange:774</span>}<span class='color_orange'>rearrange:774</span>:org.junit.tests.running.classes.ParameterizedTestTest$AssumptionInParametersMethod( sub )</span>
Can't find field assumptionFails in StrexpMatch.find
Can't find field assumptionFails in StrexpMatch.find
#### Abstracted footprint ####
  PROP 1:
  <span class='color_blue'>#GB<>$org.junit.tests.running.classes.ParameterizedTestTest$AssumptionInParametersMethod = {assumptionFails:n$22<span class='color_orange'>rearrange:774</span>}<span class='color_orange'>rearrange:774</span>:org.junit.tests.running.classes.ParameterizedTestTest$AssumptionInParametersMethod( sub ); $RET_java.util.Collections.singletonList(java.lang.Object):java.util.List|abducedRetvar = n$23<span class='color_orange'>none</span>:java.util.List*( sub )</span>
  PROP 2:
  <span class='color_blue'>#GB<>$org.junit.tests.running.classes.ParameterizedTestTest$AssumptionInParametersMethod = {assumptionFails:n$24<span class='color_orange'>rearrange:774</span>}<span class='color_orange'>rearrange:774</span>:org.junit.tests.running.classes.ParameterizedTestTest$AssumptionInParametersMethod( sub )</span>
</LISTING>
<hr width="100%">
<a name="session31" href="./../nodes/org.junit.tests.running.classes.ParameterizedTestTest%24AssumptionInParametersMethod.data%28%29%3Ajava.lang..bc3fddda8fd789f02c98d1b02d8ed5ed_node1.html#session31">node1#session31</a>(<a href="./../../ParameterizedTestTest.java.88da44e98279dfa32c0c7e5c52f053d0.html#LINE773">773</a>) biabduction
<LISTING class='color_black'>#### Start: RE-execution for Iterable ParameterizedTestTest$AssumptionInParametersMethod.data() ####
  Precond:
<span class='color_blue'>#GB<>$org.junit.tests.running.classes.ParameterizedTestTest$AssumptionInParametersMethod = {assumptionFails:val$2<span class='color_orange'>rearrange:774</span>}<span class='color_orange'>rearrange:774</span>:org.junit.tests.running.classes.ParameterizedTestTest$AssumptionInParametersMethod( sub ); $RET_java.util.Collections.singletonList(java.lang.Object):java.util.List|abducedRetvar = val$1<span class='color_orange'>none</span>:java.util.List*( sub )</span>

</LISTING>
<hr width="100%">
<a name="session32" href="./../nodes/org.junit.tests.running.classes.ParameterizedTestTest%24AssumptionInParametersMethod.data%28%29%3Ajava.lang..bc3fddda8fd789f02c98d1b02d8ed5ed_node1.html#session32">node1#session32</a>(<a href="./../../ParameterizedTestTest.java.88da44e98279dfa32c0c7e5c52f053d0.html#LINE773">773</a>) biabduction
<LISTING class='color_black'>**** [RE:Pending] Iterable ParameterizedTestTest$AssumptionInParametersMethod.data() Node: 1, Procedure: Iterable ParameterizedTestTest$AssumptionInParametersMethod.data(), Todo: 1 ****
  PROP 1 of 1:
  <span class='color_blue'><span class='color_red'>#GB<>$org.junit.tests.running.classes.ParameterizedTestTest$AssumptionInParametersMethod = {assumptionFails:val$2<span class='color_orange'>formal</span>}<span class='color_orange'>formal</span>:org.junit.tests.running.classes.ParameterizedTestTest$AssumptionInParametersMethod( sub )</span>; <span class='color_red'>old_org.junit.tests.running.classes.ParameterizedTestTest$AssumptionInParametersMethod = {assumptionFails:val$2<span class='color_orange'>formal</span>}<span class='color_orange'>formal</span>:org.junit.tests.running.classes.ParameterizedTestTest$AssumptionInParametersMethod( sub )</span>; <span class='color_red'>$RET_java.util.Collections.singletonList(java.lang.Object):java.util.List|abducedRetvar = val$1<span class='color_orange'>formal</span>:java.util.List*( sub )</span>; <span class='color_red'>$irvar0 = _t$2<span class='color_orange'>initial</span>:void</span>; <span class='color_red'>return = _t$1<span class='color_orange'>initial</span>:java.lang.Iterable*</span>; <span class='color_red'>$irvar1 = _t$0<span class='color_orange'>initial</span>:void</span></span>
  .... Instructions: ....
  <span class='color_green'></span>
  
  Processing prop 1/1
    .... After Symbolic Execution ....
    PROP 1 of 1:
    <span class='color_blue'><span class='color_blue'>#GB<>$org.junit.tests.running.classes.ParameterizedTestTest$AssumptionInParametersMethod = {assumptionFails:val$2<span class='color_orange'>formal</span>}<span class='color_orange'>formal</span>:org.junit.tests.running.classes.ParameterizedTestTest$AssumptionInParametersMethod( sub )</span>; <span class='color_blue'>old_org.junit.tests.running.classes.ParameterizedTestTest$AssumptionInParametersMethod = {assumptionFails:val$2<span class='color_orange'>formal</span>}<span class='color_orange'>formal</span>:org.junit.tests.running.classes.ParameterizedTestTest$AssumptionInParametersMethod( sub )</span>; <span class='color_blue'>$RET_java.util.Collections.singletonList(java.lang.Object):java.util.List|abducedRetvar = val$1<span class='color_orange'>formal</span>:java.util.List*( sub )</span>; <span class='color_blue'>$irvar0 = <span class='color_red'>_t$2<span class='color_orange'>initial</span></span>:void</span>; <span class='color_blue'>return = _t$1<span class='color_orange'>initial</span>:java.lang.Iterable*</span>; <span class='color_blue'>$irvar1 = <span class='color_red'>_t$0<span class='color_orange'>initial</span></span>:void</span></span>
    
    
    
  </LISTING>
<hr width="100%">
<a name="session39" href="./../nodes/org.junit.tests.running.classes.ParameterizedTestTest%24AssumptionInParametersMethod.data%28%29%3Ajava.lang..bc3fddda8fd789f02c98d1b02d8ed5ed_node1.html#session39">node1#session39</a>(<a href="./../../ParameterizedTestTest.java.88da44e98279dfa32c0c7e5c52f053d0.html#LINE773">773</a>) biabduction
<LISTING class='color_black'><span class='color_green'>#### Finished: RE-execution for Iterable ParameterizedTestTest$AssumptionInParametersMethod.data() ####</span>
  Precond:
  <span class='color_blue'>#GB<>$org.junit.tests.running.classes.ParameterizedTestTest$AssumptionInParametersMethod = {assumptionFails:val$2<span class='color_orange'>rearrange:774</span>}<span class='color_orange'>rearrange:774</span>:org.junit.tests.running.classes.ParameterizedTestTest$AssumptionInParametersMethod( sub ); $RET_java.util.Collections.singletonList(java.lang.Object):java.util.List|abducedRetvar = val$1<span class='color_orange'>none</span>:java.util.List*( sub )</span>
  #### [FUNCTION Iterable ParameterizedTestTest$AssumptionInParametersMethod.data()] Analysis result ####
  PROP 1 of 3:
  <span class='color_blue'><span class='color_red'>_t$0 != 0</span>; <span class='color_red'>MEMne &lt; void Assume.assumeFalse(boolean):774 &gt; <span class='color_orange'>{vpath: }</span>(_t$2)</span>; <span class='color_red'>UND &lt; Matcher CoreMatchers.is(Object) &gt; :57(_t$1)</span>; <span class='color_red'>UND &lt; Boolean Boolean.valueOf(boolean) &gt; :57(_t$0)</span> ;
  <span class='color_red'>#GB<>$org.junit.tests.running.classes.ParameterizedTestTest$AssumptionInParametersMethod = {assumptionFails:val$2<span class='color_orange'>formal</span>}<span class='color_orange'>formal</span>:org.junit.tests.running.classes.ParameterizedTestTest$AssumptionInParametersMethod( sub )</span>; <span class='color_red'>old_org.junit.tests.running.classes.ParameterizedTestTest$AssumptionInParametersMethod = {assumptionFails:val$2<span class='color_orange'>formal</span>}<span class='color_orange'>formal</span>:org.junit.tests.running.classes.ParameterizedTestTest$AssumptionInParametersMethod( sub )</span>; <span class='color_red'>return = EXN _t$2<span class='color_orange'>update:774</span>:java.lang.Iterable*</span> ;
  <span class='color_red'>_t$2|->{fAssumption:null<span class='color_orange'>update:(z)774</span>, fMatcher:_t$1<span class='color_orange'>update:774</span>, fValue:_t$0<span class='color_orange'>update:774</span>, fValueMatcher:1<span class='color_orange'>update:774</span>}<span class='color_orange'>formal(z)</span>:org.junit.AssumptionViolatedException</span>; <span class='color_red'>_t$1|->{}<span class='color_orange'>formal(z)</span>:org.hamcrest.Matcher( sub )</span>; <span class='color_red'>_t$0|->{}<span class='color_orange'>formal</span>:java.lang.Throwable( sub )(instof)</span></span>
  PROP 2 of 3:
  <span class='color_blue'><span class='color_red'>_t$0 != 0</span>; <span class='color_red'>MEMne &lt; void Assume.assumeFalse(boolean):774 &gt; <span class='color_orange'>{vpath: }</span>(_t$2)</span>; <span class='color_red'>UND &lt; Matcher CoreMatchers.is(Throwable) &gt; :57(_t$1)</span>; <span class='color_red'>UND &lt; Boolean Boolean.valueOf(boolean) &gt; :57(_t$0)</span> ;
  <span class='color_red'>#GB<>$org.junit.tests.running.classes.ParameterizedTestTest$AssumptionInParametersMethod = {assumptionFails:val$2<span class='color_orange'>formal</span>}<span class='color_orange'>formal</span>:org.junit.tests.running.classes.ParameterizedTestTest$AssumptionInParametersMethod( sub )</span>; <span class='color_red'>old_org.junit.tests.running.classes.ParameterizedTestTest$AssumptionInParametersMethod = {assumptionFails:val$2<span class='color_orange'>formal</span>}<span class='color_orange'>formal</span>:org.junit.tests.running.classes.ParameterizedTestTest$AssumptionInParametersMethod( sub )</span>; <span class='color_red'>return = EXN _t$2<span class='color_orange'>update:774</span>:java.lang.Iterable*</span> ;
  <span class='color_red'>_t$2|->{fAssumption:null<span class='color_orange'>update:(z)774</span>, fMatcher:_t$1<span class='color_orange'>update:774</span>, fValue:_t$0<span class='color_orange'>update:774</span>, fValueMatcher:1<span class='color_orange'>update:774</span>}<span class='color_orange'>formal(z)</span>:org.junit.AssumptionViolatedException</span>; <span class='color_red'>_t$1|->{}<span class='color_orange'>formal(z)</span>:org.hamcrest.Matcher( sub )</span>; <span class='color_red'>_t$0|->{}<span class='color_orange'>formal</span>:java.lang.Throwable( sub )(instof)</span></span>
  PROP 3 of 3:
  <span class='color_blue'><span class='color_red'>UND &lt; List Collections.singletonList(Object) &gt; :775(return)</span> ;
  <span class='color_red'>#GB<>$org.junit.tests.running.classes.ParameterizedTestTest$AssumptionInParametersMethod = {assumptionFails:val$2<span class='color_orange'>formal</span>}<span class='color_orange'>formal</span>:org.junit.tests.running.classes.ParameterizedTestTest$AssumptionInParametersMethod( sub )</span>; <span class='color_red'>old_org.junit.tests.running.classes.ParameterizedTestTest$AssumptionInParametersMethod = {assumptionFails:val$2<span class='color_orange'>formal</span>}<span class='color_orange'>formal</span>:org.junit.tests.running.classes.ParameterizedTestTest$AssumptionInParametersMethod( sub )</span>; <span class='color_red'>return = val$1<span class='color_orange'>update:775</span>:java.lang.Iterable*</span></span>
  
  Prover.check_inconsistency_base: inconsistency reason [None]
  Prover.check_inconsistency_base: inconsistency reason [None]
  Can't find field assumptionFails in StrexpMatch.find
  Can't find field assumptionFails in StrexpMatch.find
  Prover.check_inconsistency_base: inconsistency reason [None]
  Prover.check_inconsistency_base: inconsistency reason [None]
  Can't find field assumptionFails in StrexpMatch.find
  Can't find field assumptionFails in StrexpMatch.find
  Prover.check_inconsistency_base: inconsistency reason [None]
  Prover.check_inconsistency_base: inconsistency reason [None]
  Can't find field assumptionFails in StrexpMatch.find
  Can't find field assumptionFails in StrexpMatch.find
  #### [FUNCTION Iterable ParameterizedTestTest$AssumptionInParametersMethod.data()] Postconditions after join ####
    PROP 1 of 3:
    <span class='color_blue'><span class='color_red'>_t$0 != 0</span>; <span class='color_red'>MEMne &lt; void Assume.assumeFalse(boolean):774 &gt; <span class='color_orange'>{vpath: }</span>(_t$2)</span>; <span class='color_red'>UND &lt; Matcher CoreMatchers.is(Object) &gt; :57(_t$1)</span>; <span class='color_red'>UND &lt; Boolean Boolean.valueOf(boolean) &gt; :57(_t$0)</span> ;
    <span class='color_red'>#GB<>$org.junit.tests.running.classes.ParameterizedTestTest$AssumptionInParametersMethod = {assumptionFails:val$2<span class='color_orange'>formal</span>}<span class='color_orange'>formal</span>:org.junit.tests.running.classes.ParameterizedTestTest$AssumptionInParametersMethod( sub )</span>; <span class='color_red'>old_org.junit.tests.running.classes.ParameterizedTestTest$AssumptionInParametersMethod = {assumptionFails:val$2<span class='color_orange'>formal</span>}<span class='color_orange'>formal</span>:org.junit.tests.running.classes.ParameterizedTestTest$AssumptionInParametersMethod( sub )</span>; <span class='color_red'>return = EXN _t$2<span class='color_orange'>update:774</span>:java.lang.Iterable*</span> ;
    <span class='color_red'>_t$2|->{fAssumption:null<span class='color_orange'>update:(z)774</span>, fMatcher:_t$1<span class='color_orange'>update:774</span>, fValue:_t$0<span class='color_orange'>update:774</span>, fValueMatcher:1<span class='color_orange'>update:774</span>}<span class='color_orange'>formal(z)</span>:org.junit.AssumptionViolatedException</span>; <span class='color_red'>_t$1|->{}<span class='color_orange'>formal(z)</span>:org.hamcrest.Matcher( sub )</span>; <span class='color_red'>_t$0|->{}<span class='color_orange'>formal</span>:java.lang.Throwable( sub )(instof)</span></span>
    PROP 2 of 3:
    <span class='color_blue'><span class='color_red'>_t$0 != 0</span>; <span class='color_red'>MEMne &lt; void Assume.assumeFalse(boolean):774 &gt; <span class='color_orange'>{vpath: }</span>(_t$2)</span>; <span class='color_red'>UND &lt; Matcher CoreMatchers.is(Throwable) &gt; :57(_t$1)</span>; <span class='color_red'>UND &lt; Boolean Boolean.valueOf(boolean) &gt; :57(_t$0)</span> ;
    <span class='color_red'>#GB<>$org.junit.tests.running.classes.ParameterizedTestTest$AssumptionInParametersMethod = {assumptionFails:val$2<span class='color_orange'>formal</span>}<span class='color_orange'>formal</span>:org.junit.tests.running.classes.ParameterizedTestTest$AssumptionInParametersMethod( sub )</span>; <span class='color_red'>old_org.junit.tests.running.classes.ParameterizedTestTest$AssumptionInParametersMethod = {assumptionFails:val$2<span class='color_orange'>formal</span>}<span class='color_orange'>formal</span>:org.junit.tests.running.classes.ParameterizedTestTest$AssumptionInParametersMethod( sub )</span>; <span class='color_red'>return = EXN _t$2<span class='color_orange'>update:774</span>:java.lang.Iterable*</span> ;
    <span class='color_red'>_t$2|->{fAssumption:null<span class='color_orange'>update:(z)774</span>, fMatcher:_t$1<span class='color_orange'>update:774</span>, fValue:_t$0<span class='color_orange'>update:774</span>, fValueMatcher:1<span class='color_orange'>update:774</span>}<span class='color_orange'>formal(z)</span>:org.junit.AssumptionViolatedException</span>; <span class='color_red'>_t$1|->{}<span class='color_orange'>formal(z)</span>:org.hamcrest.Matcher( sub )</span>; <span class='color_red'>_t$0|->{}<span class='color_orange'>formal</span>:java.lang.Throwable( sub )(instof)</span></span>
    PROP 3 of 3:
    <span class='color_blue'><span class='color_red'>UND &lt; List Collections.singletonList(Object) &gt; :775(return)</span> ;
    <span class='color_red'>#GB<>$org.junit.tests.running.classes.ParameterizedTestTest$AssumptionInParametersMethod = {assumptionFails:val$2<span class='color_orange'>formal</span>}<span class='color_orange'>formal</span>:org.junit.tests.running.classes.ParameterizedTestTest$AssumptionInParametersMethod( sub )</span>; <span class='color_red'>old_org.junit.tests.running.classes.ParameterizedTestTest$AssumptionInParametersMethod = {assumptionFails:val$2<span class='color_orange'>formal</span>}<span class='color_orange'>formal</span>:org.junit.tests.running.classes.ParameterizedTestTest$AssumptionInParametersMethod( sub )</span>; <span class='color_red'>return = val$1<span class='color_orange'>update:775</span>:java.lang.Iterable*</span></span>
    
  </LISTING>
<hr width="100%">
<a name="session40" href="./../nodes/org.junit.tests.running.classes.ParameterizedTestTest%24AssumptionInParametersMethod.data%28%29%3Ajava.lang..bc3fddda8fd789f02c98d1b02d8ed5ed_node1.html#session40">node1#session40</a>(<a href="./../../ParameterizedTestTest.java.88da44e98279dfa32c0c7e5c52f053d0.html#LINE773">773</a>) biabduction
<LISTING class='color_black'>#### Start: RE-execution for Iterable ParameterizedTestTest$AssumptionInParametersMethod.data() ####
  Precond:
<span class='color_blue'>#GB<>$org.junit.tests.running.classes.ParameterizedTestTest$AssumptionInParametersMethod = {assumptionFails:val$1<span class='color_orange'>rearrange:774</span>}<span class='color_orange'>rearrange:774</span>:org.junit.tests.running.classes.ParameterizedTestTest$AssumptionInParametersMethod( sub )</span>

</LISTING>
<hr width="100%">
<a name="session41" href="./../nodes/org.junit.tests.running.classes.ParameterizedTestTest%24AssumptionInParametersMethod.data%28%29%3Ajava.lang..bc3fddda8fd789f02c98d1b02d8ed5ed_node1.html#session41">node1#session41</a>(<a href="./../../ParameterizedTestTest.java.88da44e98279dfa32c0c7e5c52f053d0.html#LINE773">773</a>) biabduction
<LISTING class='color_black'>**** [RE:Pending] Iterable ParameterizedTestTest$AssumptionInParametersMethod.data() Node: 1, Procedure: Iterable ParameterizedTestTest$AssumptionInParametersMethod.data(), Todo: 1 ****
  PROP 1 of 1:
  <span class='color_blue'><span class='color_red'>#GB<>$org.junit.tests.running.classes.ParameterizedTestTest$AssumptionInParametersMethod = {assumptionFails:val$1<span class='color_orange'>formal</span>}<span class='color_orange'>formal</span>:org.junit.tests.running.classes.ParameterizedTestTest$AssumptionInParametersMethod( sub )</span>; <span class='color_red'>old_org.junit.tests.running.classes.ParameterizedTestTest$AssumptionInParametersMethod = {assumptionFails:val$1<span class='color_orange'>formal</span>}<span class='color_orange'>formal</span>:org.junit.tests.running.classes.ParameterizedTestTest$AssumptionInParametersMethod( sub )</span>; <span class='color_red'>$irvar0 = _t$2<span class='color_orange'>initial</span>:void</span>; <span class='color_red'>return = _t$1<span class='color_orange'>initial</span>:java.lang.Iterable*</span>; <span class='color_red'>$irvar1 = _t$0<span class='color_orange'>initial</span>:void</span></span>
  .... Instructions: ....
  <span class='color_green'></span>
  
  Processing prop 1/1
    .... After Symbolic Execution ....
    PROP 1 of 1:
    <span class='color_blue'><span class='color_blue'>#GB<>$org.junit.tests.running.classes.ParameterizedTestTest$AssumptionInParametersMethod = {assumptionFails:val$1<span class='color_orange'>formal</span>}<span class='color_orange'>formal</span>:org.junit.tests.running.classes.ParameterizedTestTest$AssumptionInParametersMethod( sub )</span>; <span class='color_blue'>old_org.junit.tests.running.classes.ParameterizedTestTest$AssumptionInParametersMethod = {assumptionFails:val$1<span class='color_orange'>formal</span>}<span class='color_orange'>formal</span>:org.junit.tests.running.classes.ParameterizedTestTest$AssumptionInParametersMethod( sub )</span>; <span class='color_blue'>$irvar0 = <span class='color_red'>_t$2<span class='color_orange'>initial</span></span>:void</span>; <span class='color_blue'>return = <span class='color_red'>_t$1<span class='color_orange'>initial</span></span>:java.lang.Iterable*</span>; <span class='color_blue'>$irvar1 = <span class='color_red'>_t$0<span class='color_orange'>initial</span></span>:void</span></span>
    
    
    
  </LISTING>
<hr width="100%">
<a name="session48" href="./../nodes/org.junit.tests.running.classes.ParameterizedTestTest%24AssumptionInParametersMethod.data%28%29%3Ajava.lang..bc3fddda8fd789f02c98d1b02d8ed5ed_node1.html#session48">node1#session48</a>(<a href="./../../ParameterizedTestTest.java.88da44e98279dfa32c0c7e5c52f053d0.html#LINE773">773</a>) biabduction
<LISTING class='color_black'><span class='color_green'>#### Finished: RE-execution for Iterable ParameterizedTestTest$AssumptionInParametersMethod.data() ####</span>
  Precond:
  <span class='color_blue'>#GB<>$org.junit.tests.running.classes.ParameterizedTestTest$AssumptionInParametersMethod = {assumptionFails:val$1<span class='color_orange'>rearrange:774</span>}<span class='color_orange'>rearrange:774</span>:org.junit.tests.running.classes.ParameterizedTestTest$AssumptionInParametersMethod( sub )</span>
  #### [FUNCTION Iterable ParameterizedTestTest$AssumptionInParametersMethod.data()] Analysis result ####
  PROP 1 of 3:
  <span class='color_blue'><span class='color_red'>_t$0 != 0</span>; <span class='color_red'>MEMne &lt; void Assume.assumeFalse(boolean):774 &gt; <span class='color_orange'>{vpath: }</span>(_t$2)</span>; <span class='color_red'>UND &lt; Matcher CoreMatchers.is(Object) &gt; :57(_t$1)</span>; <span class='color_red'>UND &lt; Boolean Boolean.valueOf(boolean) &gt; :57(_t$0)</span> ;
  <span class='color_red'>#GB<>$org.junit.tests.running.classes.ParameterizedTestTest$AssumptionInParametersMethod = {assumptionFails:val$1<span class='color_orange'>formal</span>}<span class='color_orange'>formal</span>:org.junit.tests.running.classes.ParameterizedTestTest$AssumptionInParametersMethod( sub )</span>; <span class='color_red'>old_org.junit.tests.running.classes.ParameterizedTestTest$AssumptionInParametersMethod = {assumptionFails:val$1<span class='color_orange'>formal</span>}<span class='color_orange'>formal</span>:org.junit.tests.running.classes.ParameterizedTestTest$AssumptionInParametersMethod( sub )</span>; <span class='color_red'>return = EXN _t$2<span class='color_orange'>update:774</span>:java.lang.Iterable*</span> ;
  <span class='color_red'>_t$2|->{fAssumption:null<span class='color_orange'>update:(z)774</span>, fMatcher:_t$1<span class='color_orange'>update:774</span>, fValue:_t$0<span class='color_orange'>update:774</span>, fValueMatcher:1<span class='color_orange'>update:774</span>}<span class='color_orange'>formal(z)</span>:org.junit.AssumptionViolatedException</span>; <span class='color_red'>_t$1|->{}<span class='color_orange'>formal(z)</span>:org.hamcrest.Matcher( sub )</span>; <span class='color_red'>_t$0|->{}<span class='color_orange'>formal</span>:java.lang.Throwable( sub )(instof)</span></span>
  PROP 2 of 3:
  <span class='color_blue'><span class='color_red'>_t$0 != 0</span>; <span class='color_red'>MEMne &lt; void Assume.assumeFalse(boolean):774 &gt; <span class='color_orange'>{vpath: }</span>(_t$2)</span>; <span class='color_red'>UND &lt; Matcher CoreMatchers.is(Throwable) &gt; :57(_t$1)</span>; <span class='color_red'>UND &lt; Boolean Boolean.valueOf(boolean) &gt; :57(_t$0)</span> ;
  <span class='color_red'>#GB<>$org.junit.tests.running.classes.ParameterizedTestTest$AssumptionInParametersMethod = {assumptionFails:val$1<span class='color_orange'>formal</span>}<span class='color_orange'>formal</span>:org.junit.tests.running.classes.ParameterizedTestTest$AssumptionInParametersMethod( sub )</span>; <span class='color_red'>old_org.junit.tests.running.classes.ParameterizedTestTest$AssumptionInParametersMethod = {assumptionFails:val$1<span class='color_orange'>formal</span>}<span class='color_orange'>formal</span>:org.junit.tests.running.classes.ParameterizedTestTest$AssumptionInParametersMethod( sub )</span>; <span class='color_red'>return = EXN _t$2<span class='color_orange'>update:774</span>:java.lang.Iterable*</span> ;
  <span class='color_red'>_t$2|->{fAssumption:null<span class='color_orange'>update:(z)774</span>, fMatcher:_t$1<span class='color_orange'>update:774</span>, fValue:_t$0<span class='color_orange'>update:774</span>, fValueMatcher:1<span class='color_orange'>update:774</span>}<span class='color_orange'>formal(z)</span>:org.junit.AssumptionViolatedException</span>; <span class='color_red'>_t$1|->{}<span class='color_orange'>formal(z)</span>:org.hamcrest.Matcher( sub )</span>; <span class='color_red'>_t$0|->{}<span class='color_orange'>formal</span>:java.lang.Throwable( sub )(instof)</span></span>
  PROP 3 of 3:
  <span class='color_blue'><span class='color_red'>UND &lt; List Collections.singletonList(Object) &gt; :775(return)</span> ;
  <span class='color_red'>#GB<>$org.junit.tests.running.classes.ParameterizedTestTest$AssumptionInParametersMethod = {assumptionFails:val$1<span class='color_orange'>formal</span>}<span class='color_orange'>formal</span>:org.junit.tests.running.classes.ParameterizedTestTest$AssumptionInParametersMethod( sub )</span>; <span class='color_red'>old_org.junit.tests.running.classes.ParameterizedTestTest$AssumptionInParametersMethod = {assumptionFails:val$1<span class='color_orange'>formal</span>}<span class='color_orange'>formal</span>:org.junit.tests.running.classes.ParameterizedTestTest$AssumptionInParametersMethod( sub )</span>; <span class='color_red'>return = _t$0<span class='color_orange'>update:775</span>:java.lang.Iterable*</span></span>
  
  Prover.check_inconsistency_base: inconsistency reason [None]
  Prover.check_inconsistency_base: inconsistency reason [None]
  Can't find field assumptionFails in StrexpMatch.find
  Can't find field assumptionFails in StrexpMatch.find
  Prover.check_inconsistency_base: inconsistency reason [None]
  Prover.check_inconsistency_base: inconsistency reason [None]
  Can't find field assumptionFails in StrexpMatch.find
  Can't find field assumptionFails in StrexpMatch.find
  Prover.check_inconsistency_base: inconsistency reason [None]
  Prover.check_inconsistency_base: inconsistency reason [None]
  Can't find field assumptionFails in StrexpMatch.find
  Can't find field assumptionFails in StrexpMatch.find
  #### [FUNCTION Iterable ParameterizedTestTest$AssumptionInParametersMethod.data()] Postconditions after join ####
    PROP 1 of 3:
    <span class='color_blue'><span class='color_red'>_t$0 != 0</span>; <span class='color_red'>MEMne &lt; void Assume.assumeFalse(boolean):774 &gt; <span class='color_orange'>{vpath: }</span>(_t$2)</span>; <span class='color_red'>UND &lt; Matcher CoreMatchers.is(Object) &gt; :57(_t$1)</span>; <span class='color_red'>UND &lt; Boolean Boolean.valueOf(boolean) &gt; :57(_t$0)</span> ;
    <span class='color_red'>#GB<>$org.junit.tests.running.classes.ParameterizedTestTest$AssumptionInParametersMethod = {assumptionFails:val$1<span class='color_orange'>formal</span>}<span class='color_orange'>formal</span>:org.junit.tests.running.classes.ParameterizedTestTest$AssumptionInParametersMethod( sub )</span>; <span class='color_red'>old_org.junit.tests.running.classes.ParameterizedTestTest$AssumptionInParametersMethod = {assumptionFails:val$1<span class='color_orange'>formal</span>}<span class='color_orange'>formal</span>:org.junit.tests.running.classes.ParameterizedTestTest$AssumptionInParametersMethod( sub )</span>; <span class='color_red'>return = EXN _t$2<span class='color_orange'>update:774</span>:java.lang.Iterable*</span> ;
    <span class='color_red'>_t$2|->{fAssumption:null<span class='color_orange'>update:(z)774</span>, fMatcher:_t$1<span class='color_orange'>update:774</span>, fValue:_t$0<span class='color_orange'>update:774</span>, fValueMatcher:1<span class='color_orange'>update:774</span>}<span class='color_orange'>formal(z)</span>:org.junit.AssumptionViolatedException</span>; <span class='color_red'>_t$1|->{}<span class='color_orange'>formal(z)</span>:org.hamcrest.Matcher( sub )</span>; <span class='color_red'>_t$0|->{}<span class='color_orange'>formal</span>:java.lang.Throwable( sub )(instof)</span></span>
    PROP 2 of 3:
    <span class='color_blue'><span class='color_red'>_t$0 != 0</span>; <span class='color_red'>MEMne &lt; void Assume.assumeFalse(boolean):774 &gt; <span class='color_orange'>{vpath: }</span>(_t$2)</span>; <span class='color_red'>UND &lt; Matcher CoreMatchers.is(Throwable) &gt; :57(_t$1)</span>; <span class='color_red'>UND &lt; Boolean Boolean.valueOf(boolean) &gt; :57(_t$0)</span> ;
    <span class='color_red'>#GB<>$org.junit.tests.running.classes.ParameterizedTestTest$AssumptionInParametersMethod = {assumptionFails:val$1<span class='color_orange'>formal</span>}<span class='color_orange'>formal</span>:org.junit.tests.running.classes.ParameterizedTestTest$AssumptionInParametersMethod( sub )</span>; <span class='color_red'>old_org.junit.tests.running.classes.ParameterizedTestTest$AssumptionInParametersMethod = {assumptionFails:val$1<span class='color_orange'>formal</span>}<span class='color_orange'>formal</span>:org.junit.tests.running.classes.ParameterizedTestTest$AssumptionInParametersMethod( sub )</span>; <span class='color_red'>return = EXN _t$2<span class='color_orange'>update:774</span>:java.lang.Iterable*</span> ;
    <span class='color_red'>_t$2|->{fAssumption:null<span class='color_orange'>update:(z)774</span>, fMatcher:_t$1<span class='color_orange'>update:774</span>, fValue:_t$0<span class='color_orange'>update:774</span>, fValueMatcher:1<span class='color_orange'>update:774</span>}<span class='color_orange'>formal(z)</span>:org.junit.AssumptionViolatedException</span>; <span class='color_red'>_t$1|->{}<span class='color_orange'>formal(z)</span>:org.hamcrest.Matcher( sub )</span>; <span class='color_red'>_t$0|->{}<span class='color_orange'>formal</span>:java.lang.Throwable( sub )(instof)</span></span>
    PROP 3 of 3:
    <span class='color_blue'><span class='color_red'>UND &lt; List Collections.singletonList(Object) &gt; :775(return)</span> ;
    <span class='color_red'>#GB<>$org.junit.tests.running.classes.ParameterizedTestTest$AssumptionInParametersMethod = {assumptionFails:val$1<span class='color_orange'>formal</span>}<span class='color_orange'>formal</span>:org.junit.tests.running.classes.ParameterizedTestTest$AssumptionInParametersMethod( sub )</span>; <span class='color_red'>old_org.junit.tests.running.classes.ParameterizedTestTest$AssumptionInParametersMethod = {assumptionFails:val$1<span class='color_orange'>formal</span>}<span class='color_orange'>formal</span>:org.junit.tests.running.classes.ParameterizedTestTest$AssumptionInParametersMethod( sub )</span>; <span class='color_red'>return = _t$0<span class='color_orange'>update:775</span>:java.lang.Iterable*</span></span>
    
  </LISTING>