<!DOCTYPE HTML PUBLIC "-//W3C//DTD HTML 4.01 Transitional//EN">
<html>
<head>
<title>org.junit.tests.running.classes.ParameterizedTestTest.meaningfulFailureWhenParametersNotPublic():voi.7f609169ab55f359543a10f51fc778d6_node3</title>
<meta http-equiv="Content-Type" content="text/html; charset=utf-8">
<style type="text/css">
body { background-color:#fff; color:#000; font-family:Helvetica, sans-serif; font-size:10pt }
h1 { font-size:14pt }
.code { border-collapse:collapse; width:100%; font-family: "Andale Mono", monospace; font-size:10pt; line-height: 1.2em }
.color_black { color: black }
.color_blue { color: blue }
.color_green { color: green }
.color_orange { color: orange }
.color_red { color: red }
.line { border-left: 3px solid #ccc; padding-left: 1ex; white-space: pre; }
.msg { background-color:#fff8b4; color:#000; float:left; font-family:Helvetica, sans-serif; font-size: smaller; font-weight: bold; margin-bottom:10px; margin-top:10px; max-width:60em; padding:0.5em 1ex 0.5em 1ex; -webkit-border-radius:5px; -webkit-box-shadow:1px 1px 7px #000; white-space: pre-wrap; word-wrap: break-word; }
.num { background-color:#eee; color:#444; font-size: smaller; padding-right:2ex; text-align:right; width:2.5em; }
.dangling { background-color:white; color: gray; }
.visited { background-color:LemonChiffon; color: darkmagenta; }
.tooltip { display: none; background-color:#FFF0F0; border: 2px solid #F00; font-weight: normal; left:10em; padding: 2px; position: absolute; top: -1em; -webkit-border-radius:5px; -webkit-box-shadow:1px 1px 7px #000; z-index: 1}
.with_tooltip { position: relative; }
.with_tooltip:hover .tooltip, .visited:hover .tooltip { display: block; }
</style>
</head>
<body>
<center><h1>Cfg Node <a href="./../../ParameterizedTestTest.java.88da44e98279dfa32c0c7e5c52f053d0.html#LINE544">3</a></h1></center>PROC: <a href="./../org.junit.tests.running.classes.ParameterizedTestTest.meaningfulFailureWhenParametersNotPublic%28%29%3Avoi.7f609169ab55f359543a10f51fc778d6.html">void ParameterizedTestTest.meaningfulFailureWhenParametersNotPublic()</a> LINE: <a href="./../../ParameterizedTestTest.java.88da44e98279dfa32c0c7e5c52f053d0.html#LINE544">544</a>
<br>PREDS:
<br>SUCCS:
<a href="./../nodes/org.junit.tests.running.classes.ParameterizedTestTest.meaningfulFailureWhenParametersNotPublic%28%29%3Avoi.7f609169ab55f359543a10f51fc778d6_node2.html"><span class='visited with_tooltip'>N_2<span class='tooltip'>node2 preds:10 3 succs: exn: </span></span></a><br>EXN:
<a href="./../nodes/org.junit.tests.running.classes.ParameterizedTestTest.meaningfulFailureWhenParametersNotPublic%28%29%3Avoi.7f609169ab55f359543a10f51fc778d6_node2.html"><span class='visited with_tooltip'>N_2<span class='tooltip'>node2 preds:10 3 succs: exn: </span></span></a><br>
<LISTING class='color_green'></LISTING>
<hr width="100%">
<a name="session2" href="./../nodes/org.junit.tests.running.classes.ParameterizedTestTest.meaningfulFailureWhenParametersNotPublic%28%29%3Avoi.7f609169ab55f359543a10f51fc778d6_node3.html#session2">node3#session2</a>(<a href="./../../ParameterizedTestTest.java.88da44e98279dfa32c0c7e5c52f053d0.html#LINE544">544</a>) [compute pre] liveness 3
<LISTING class='color_black'></LISTING>
<hr width="100%">
<a name="session3" href="./../nodes/org.junit.tests.running.classes.ParameterizedTestTest.meaningfulFailureWhenParametersNotPublic%28%29%3Avoi.7f609169ab55f359543a10f51fc778d6_node3.html#session3">node3#session3</a>(<a href="./../../ParameterizedTestTest.java.88da44e98279dfa32c0c7e5c52f053d0.html#LINE544">544</a>) [exec] liveness 3
<LISTING class='color_black'>PRE STATE:
normal:{ }, exn:{ }

INSTR=  SKIP; 

STATE UNCHANGED

</LISTING>
<hr width="100%">
<a name="session35" href="./../nodes/org.junit.tests.running.classes.ParameterizedTestTest.meaningfulFailureWhenParametersNotPublic%28%29%3Avoi.7f609169ab55f359543a10f51fc778d6_node3.html#session35">node3#session35</a>(<a href="./../../ParameterizedTestTest.java.88da44e98279dfa32c0c7e5c52f053d0.html#LINE544">544</a>) [compute pre] nullify
<LISTING class='color_black'>JOIN

LEFT:   (normal:{ $irvar0 }, exn:{ },
normal:{ n$0, n$1 }, exn:{ })
RIGHT:  (normal:{ $irvar1 }, exn:{ },
normal:{ _, n$2, n$4, $irvar0 }, exn:{ })
RESULT: (normal:{ $irvar0, $irvar1 }, exn:{ },
normal:{ _, n$0, n$1, n$2, n$4, $irvar0 }, exn:{ })

JOIN

LEFT:   (normal:{ $irvar0, $irvar1 }, exn:{ },
normal:{ _, n$0, n$1, n$2, n$4, $irvar0 }, exn:{ })
RIGHT:  (normal:{ $irvar1, $irvar2 }, exn:{ },
normal:{ n$5 }, exn:{ })
RESULT: (normal:{ $irvar0, $irvar1, $irvar2 }, exn:{ },
normal:{ _, n$0, n$1, n$2, n$4, n$5, $irvar0 }, exn:{ })

JOIN

LEFT:   (normal:{ $irvar0, $irvar1, $irvar2 }, exn:{ },
normal:{ _, n$0, n$1, n$2, n$4, n$5, $irvar0 }, exn:{ })
RIGHT:  (normal:{ $irvar3 }, exn:{ },
normal:{ _, n$6, n$8, n$9, $irvar1, $irvar2 }, exn:{ })
RESULT: (normal:{ $irvar3, $irvar0, $irvar1, $irvar2 }, exn:{ },
normal:{ _,
         _,
         n$0,
         n$1,
         n$2,
         n$4,
         n$5,
         n$6,
         n$8,
         n$9,
         $irvar0,
         $irvar1,
         $irvar2 },
exn:{ })

JOIN

LEFT:   (normal:{ $irvar3, $irvar0, $irvar1, $irvar2 }, exn:{ },
normal:{ _,
         _,
         n$0,
         n$1,
         n$2,
         n$4,
         n$5,
         n$6,
         n$8,
         n$9,
         $irvar0,
         $irvar1,
         $irvar2 },
exn:{ })
RIGHT:  (normal:{ $irvar4 }, exn:{ },
normal:{ _, n$10, n$12, $irvar3 }, exn:{ })
RESULT: (normal:{ $irvar3, $irvar4, $irvar0, $irvar1, $irvar2 }, exn:{ },
normal:{ _,
         _,
         _,
         n$0,
         n$1,
         n$2,
         n$4,
         n$5,
         n$6,
         n$8,
         n$9,
         n$10,
         n$12,
         $irvar3,
         $irvar0,
         $irvar1,
         $irvar2 },
exn:{ })

JOIN

LEFT:   (normal:{ $irvar3, $irvar4, $irvar0, $irvar1, $irvar2 }, exn:{ },
normal:{ _,
         _,
         _,
         n$0,
         n$1,
         n$2,
         n$4,
         n$5,
         n$6,
         n$8,
         n$9,
         n$10,
         n$12,
         $irvar3,
         $irvar0,
         $irvar1,
         $irvar2 },
exn:{ })
RIGHT:  (normal:{ }, exn:{ },
normal:{ n$13, n$14, n$15, $irvar4, this }, exn:{ })
RESULT: (normal:{ $irvar3, $irvar4, $irvar0, $irvar1, $irvar2 }, exn:{ },
normal:{ _,
         _,
         _,
         n$0,
         n$1,
         n$2,
         n$4,
         n$5,
         n$6,
         n$8,
         n$9,
         n$10,
         n$12,
         n$13,
         n$14,
         n$15,
         $irvar3,
         $irvar4,
         $irvar0,
         $irvar1,
         $irvar2,
         this },
exn:{ })

JOIN

LEFT:   (normal:{ $irvar3, $irvar4, $irvar0, $irvar1, $irvar2 }, exn:{ },
normal:{ _,
         _,
         _,
         n$0,
         n$1,
         n$2,
         n$4,
         n$5,
         n$6,
         n$8,
         n$9,
         n$10,
         n$12,
         n$13,
         n$14,
         n$15,
         $irvar3,
         $irvar4,
         $irvar0,
         $irvar1,
         $irvar2,
         this },
exn:{ })
RIGHT:  (normal:{ }, exn:{ },
normal:{ }, exn:{ })
RESULT: (normal:{ $irvar3, $irvar4, $irvar0, $irvar1, $irvar2 }, exn:{ },
normal:{ _,
         _,
         _,
         n$0,
         n$1,
         n$2,
         n$4,
         n$5,
         n$6,
         n$8,
         n$9,
         n$10,
         n$12,
         n$13,
         n$14,
         n$15,
         $irvar3,
         $irvar4,
         $irvar0,
         $irvar1,
         $irvar2,
         this },
exn:{ })

</LISTING>
<hr width="100%">
<a name="session36" href="./../nodes/org.junit.tests.running.classes.ParameterizedTestTest.meaningfulFailureWhenParametersNotPublic%28%29%3Avoi.7f609169ab55f359543a10f51fc778d6_node3.html#session36">node3#session36</a>(<a href="./../../ParameterizedTestTest.java.88da44e98279dfa32c0c7e5c52f053d0.html#LINE544">544</a>) [exec] nullify
<LISTING class='color_black'>PRE STATE:
(normal:{ $irvar3, $irvar4, $irvar0, $irvar1, $irvar2 }, exn:{ },
normal:{ _,
         _,
         _,
         n$0,
         n$1,
         n$2,
         n$4,
         n$5,
         n$6,
         n$8,
         n$9,
         n$10,
         n$12,
         n$13,
         n$14,
         n$15,
         $irvar3,
         $irvar4,
         $irvar0,
         $irvar1,
         $irvar2,
         this },
exn:{ })

INSTR=  SKIP; 

STATE:
(normal:{ }, exn:{ },
normal:{ $irvar3, $irvar4, $irvar0, $irvar1, $irvar2 }, exn:{ })

</LISTING>
<hr width="100%">
<a name="session90" href="./../nodes/org.junit.tests.running.classes.ParameterizedTestTest.meaningfulFailureWhenParametersNotPublic%28%29%3Avoi.7f609169ab55f359543a10f51fc778d6_node3.html#session90">node3#session90</a>(<a href="./../../ParameterizedTestTest.java.88da44e98279dfa32c0c7e5c52f053d0.html#LINE544">544</a>) [exec] devirtualizer
<LISTING class='color_black'></LISTING>
<hr width="100%">
<a name="session91" href="./../nodes/org.junit.tests.running.classes.ParameterizedTestTest.meaningfulFailureWhenParametersNotPublic%28%29%3Avoi.7f609169ab55f359543a10f51fc778d6_node3.html#session91">node3#session91</a>(<a href="./../../ParameterizedTestTest.java.88da44e98279dfa32c0c7e5c52f053d0.html#LINE544">544</a>) [exec] devirtualizer
<LISTING class='color_black'></LISTING>
<hr width="100%">
<a name="session92" href="./../nodes/org.junit.tests.running.classes.ParameterizedTestTest.meaningfulFailureWhenParametersNotPublic%28%29%3Avoi.7f609169ab55f359543a10f51fc778d6_node3.html#session92">node3#session92</a>(<a href="./../../ParameterizedTestTest.java.88da44e98279dfa32c0c7e5c52f053d0.html#LINE544">544</a>) [exec] devirtualizer
<LISTING class='color_black'></LISTING>
<hr width="100%">
<a name="session93" href="./../nodes/org.junit.tests.running.classes.ParameterizedTestTest.meaningfulFailureWhenParametersNotPublic%28%29%3Avoi.7f609169ab55f359543a10f51fc778d6_node3.html#session93">node3#session93</a>(<a href="./../../ParameterizedTestTest.java.88da44e98279dfa32c0c7e5c52f053d0.html#LINE544">544</a>) [exec] devirtualizer
<LISTING class='color_black'></LISTING>
<hr width="100%">
<a name="session94" href="./../nodes/org.junit.tests.running.classes.ParameterizedTestTest.meaningfulFailureWhenParametersNotPublic%28%29%3Avoi.7f609169ab55f359543a10f51fc778d6_node3.html#session94">node3#session94</a>(<a href="./../../ParameterizedTestTest.java.88da44e98279dfa32c0c7e5c52f053d0.html#LINE544">544</a>) [exec] devirtualizer
<LISTING class='color_black'></LISTING>
<hr width="100%">
<a name="session95" href="./../nodes/org.junit.tests.running.classes.ParameterizedTestTest.meaningfulFailureWhenParametersNotPublic%28%29%3Avoi.7f609169ab55f359543a10f51fc778d6_node3.html#session95">node3#session95</a>(<a href="./../../ParameterizedTestTest.java.88da44e98279dfa32c0c7e5c52f053d0.html#LINE544">544</a>) [exec] devirtualizer
<LISTING class='color_black'></LISTING>
<hr width="100%">
<a name="session96" href="./../nodes/org.junit.tests.running.classes.ParameterizedTestTest.meaningfulFailureWhenParametersNotPublic%28%29%3Avoi.7f609169ab55f359543a10f51fc778d6_node3.html#session96">node3#session96</a>(<a href="./../../ParameterizedTestTest.java.88da44e98279dfa32c0c7e5c52f053d0.html#LINE544">544</a>) [exec] devirtualizer
<LISTING class='color_black'></LISTING>
<hr width="100%">
<a name="session42" href="./../nodes/org.junit.tests.running.classes.ParameterizedTestTest.meaningfulFailureWhenParametersNotPublic%28%29%3Avoi.7f609169ab55f359543a10f51fc778d6_node3.html#session42">node3#session42</a>(<a href="./../../ParameterizedTestTest.java.88da44e98279dfa32c0c7e5c52f053d0.html#LINE544">544</a>) biabduction
<LISTING class='color_black'>**** [FP:Pending] void ParameterizedTestTest.meaningfulFailureWhenParametersNotPublic() Node: 3, Procedure: void ParameterizedTestTest.meaningfulFailureWhenParametersNotPublic(), Todo: 1 ****
  PROP 1 of 1:
  <span class='color_blue'><span class='color_red'>MEMne &lt; new:541 &gt; <span class='color_orange'>{vpath: }</span>(_t$1)</span>; <span class='color_red'>MEMne &lt; void ParameterizedTestTest.assertTestCreatesSingleFailureWithMessage(Class,String):541 &gt; <span class='color_orange'>{vpath: }</span>(_t$0)</span>; <span class='color_red'>UND &lt; StringBuilder.<init>() &gt; :541(@f$2)</span>; <span class='color_red'>UND &lt; StringBuilder StringBuilder.append(String) &gt; :543(@f$0)</span>; <span class='color_red'>UND &lt; String StringBuilder.toString() &gt; :543(@f$3)</span>; <span class='color_red'>RET &lt; String Class.getName() &gt; ("org.junit.tests.running.classes.ParameterizedTestTest$ProtectedParametersTest")</span> ;
  <span class='color_red'>$irvar3 = 0<span class='color_orange'>nullify</span>:void</span>; <span class='color_red'>$irvar4 = 0<span class='color_orange'>nullify</span>:void</span>; <span class='color_red'>$irvar0 = 0<span class='color_orange'>nullify</span>:void</span>; <span class='color_red'>return = EXN _t$0<span class='color_orange'>update:541</span>:void</span>; <span class='color_red'>$irvar1 = 0<span class='color_orange'>nullify</span>:void</span>; <span class='color_red'>$irvar2 = 0<span class='color_orange'>nullify</span>:void</span>; <span class='color_red'>this = 0<span class='color_orange'>nullify</span>:org.junit.tests.running.classes.ParameterizedTestTest*( sub )</span>; <span class='color_red'>old_this = @f$1<span class='color_orange'>formal</span>:org.junit.tests.running.classes.ParameterizedTestTest*( sub )</span> ;
  <span class='color_red'>_t$0|->{}<span class='color_orange'>alloc</span>:java.lang.AssertionError</span>; <span class='color_red'>@f$0|->{}<span class='color_orange'>rearrange:(z)543</span>:java.lang.StringBuilder( sub )</span>
  [footprint
     <span class='color_red'>$RET_java.lang.StringBuilder.toString():java.lang.String|abducedRetvar = @f$3<span class='color_orange'>none</span>:java.lang.String*( sub )</span>; <span class='color_red'>$RET_java.lang.StringBuilder.<init>()|abducedRetvar = @f$2<span class='color_orange'>none</span>:void( sub )</span>; <span class='color_red'>this = @f$1<span class='color_orange'>formal</span>:org.junit.tests.running.classes.ParameterizedTestTest*( sub )</span>; <span class='color_red'>$RET_java.lang.StringBuilder.append(java.lang.String):java.lang.StringBuilder|abducedRetvar = @f$0<span class='color_orange'>none</span>:java.lang.StringBuilder*( sub )</span> ;
     <span class='color_red'>@f$0|->{}<span class='color_orange'>rearrange:(z)543</span>:java.lang.StringBuilder( sub )</span>  ]</span>
  .... Instructions: ....
  <span class='color_green'>NULLIFY(&amp;$irvar3); [line 544];
  NULLIFY(&amp;$irvar4); [line 544];
  NULLIFY(&amp;$irvar0); [line 544];
  NULLIFY(&amp;$irvar1); [line 544];
  NULLIFY(&amp;$irvar2); [line 544];
  EXIT_SCOPE($irvar3,$irvar4,$irvar0,$irvar1,$irvar2); [line 544];
  APPLY_ABSTRACTION; [line 544];
  </span>
  
  Processing prop 1/1
    Instruction <span class='color_green'>NULLIFY(&amp;$irvar3); [line 544]</span>
    in vpath_find exp:_t$1
    vpath_find: cannot find _t$1
    in vpath_find exp:_t$0
    vpath_find: cannot find _t$0
    Instruction Returns
    PROP 1 of 1:
    <span class='color_blue'><span class='color_blue'>MEMne &lt; new:541 &gt; <span class='color_orange'>{vpath: }</span>(_t$1)</span>; <span class='color_blue'>MEMne &lt; void ParameterizedTestTest.assertTestCreatesSingleFailureWithMessage(Class,String):541 &gt; <span class='color_orange'>{vpath: }</span>(_t$0)</span>; <span class='color_blue'>UND &lt; StringBuilder.<init>() &gt; :541(@f$2)</span>; <span class='color_blue'>UND &lt; StringBuilder StringBuilder.append(String) &gt; :543(@f$0)</span>; <span class='color_blue'>UND &lt; String StringBuilder.toString() &gt; :543(@f$3)</span>; <span class='color_blue'>RET &lt; String Class.getName() &gt; ("org.junit.tests.running.classes.ParameterizedTestTest$ProtectedParametersTest")</span> ;
    <span class='color_blue'>$irvar3 = 0<span class='color_orange'>nullify</span>:void</span>; <span class='color_blue'>$irvar4 = 0<span class='color_orange'>nullify</span>:void</span>; <span class='color_blue'>$irvar0 = 0<span class='color_orange'>nullify</span>:void</span>; <span class='color_blue'>return = EXN _t$0<span class='color_orange'>update:541</span>:void</span>; <span class='color_blue'>$irvar1 = 0<span class='color_orange'>nullify</span>:void</span>; <span class='color_blue'>$irvar2 = 0<span class='color_orange'>nullify</span>:void</span>; <span class='color_blue'>this = 0<span class='color_orange'>nullify</span>:org.junit.tests.running.classes.ParameterizedTestTest*( sub )</span>; <span class='color_blue'>old_this = @f$1<span class='color_orange'>formal</span>:org.junit.tests.running.classes.ParameterizedTestTest*( sub )</span> ;
    <span class='color_blue'>_t$0|->{}<span class='color_orange'>alloc</span>:java.lang.AssertionError</span>; <span class='color_blue'>@f$0|->{}<span class='color_orange'>rearrange:(z)543</span>:java.lang.StringBuilder( sub )</span>
    [footprint
       <span class='color_blue'>$RET_java.lang.StringBuilder.toString():java.lang.String|abducedRetvar = @f$3<span class='color_orange'>none</span>:java.lang.String*( sub )</span>; <span class='color_blue'>$RET_java.lang.StringBuilder.<init>()|abducedRetvar = @f$2<span class='color_orange'>none</span>:void( sub )</span>; <span class='color_blue'>this = @f$1<span class='color_orange'>formal</span>:org.junit.tests.running.classes.ParameterizedTestTest*( sub )</span>; <span class='color_blue'>$RET_java.lang.StringBuilder.append(java.lang.String):java.lang.StringBuilder|abducedRetvar = @f$0<span class='color_orange'>none</span>:java.lang.StringBuilder*( sub )</span> ;
       <span class='color_blue'>@f$0|->{}<span class='color_orange'>rearrange:(z)543</span>:java.lang.StringBuilder( sub )</span>  ]</span>
    
    Instruction <span class='color_green'>NULLIFY(&amp;$irvar4); [line 544]</span>
    in vpath_find exp:_t$1
    vpath_find: cannot find _t$1
    in vpath_find exp:_t$0
    vpath_find: cannot find _t$0
    Instruction Returns
    PROP 1 of 1:
    <span class='color_blue'><span class='color_blue'>MEMne &lt; new:541 &gt; <span class='color_orange'>{vpath: }</span>(_t$1)</span>; <span class='color_blue'>MEMne &lt; void ParameterizedTestTest.assertTestCreatesSingleFailureWithMessage(Class,String):541 &gt; <span class='color_orange'>{vpath: }</span>(_t$0)</span>; <span class='color_blue'>UND &lt; StringBuilder.<init>() &gt; :541(@f$2)</span>; <span class='color_blue'>UND &lt; StringBuilder StringBuilder.append(String) &gt; :543(@f$0)</span>; <span class='color_blue'>UND &lt; String StringBuilder.toString() &gt; :543(@f$3)</span>; <span class='color_blue'>RET &lt; String Class.getName() &gt; ("org.junit.tests.running.classes.ParameterizedTestTest$ProtectedParametersTest")</span> ;
    <span class='color_blue'>$irvar3 = 0<span class='color_orange'>nullify</span>:void</span>; <span class='color_blue'>$irvar4 = 0<span class='color_orange'>nullify</span>:void</span>; <span class='color_blue'>$irvar0 = 0<span class='color_orange'>nullify</span>:void</span>; <span class='color_blue'>return = EXN _t$0<span class='color_orange'>update:541</span>:void</span>; <span class='color_blue'>$irvar1 = 0<span class='color_orange'>nullify</span>:void</span>; <span class='color_blue'>$irvar2 = 0<span class='color_orange'>nullify</span>:void</span>; <span class='color_blue'>this = 0<span class='color_orange'>nullify</span>:org.junit.tests.running.classes.ParameterizedTestTest*( sub )</span>; <span class='color_blue'>old_this = @f$1<span class='color_orange'>formal</span>:org.junit.tests.running.classes.ParameterizedTestTest*( sub )</span> ;
    <span class='color_blue'>_t$0|->{}<span class='color_orange'>alloc</span>:java.lang.AssertionError</span>; <span class='color_blue'>@f$0|->{}<span class='color_orange'>rearrange:(z)543</span>:java.lang.StringBuilder( sub )</span>
    [footprint
       <span class='color_blue'>$RET_java.lang.StringBuilder.toString():java.lang.String|abducedRetvar = @f$3<span class='color_orange'>none</span>:java.lang.String*( sub )</span>; <span class='color_blue'>$RET_java.lang.StringBuilder.<init>()|abducedRetvar = @f$2<span class='color_orange'>none</span>:void( sub )</span>; <span class='color_blue'>this = @f$1<span class='color_orange'>formal</span>:org.junit.tests.running.classes.ParameterizedTestTest*( sub )</span>; <span class='color_blue'>$RET_java.lang.StringBuilder.append(java.lang.String):java.lang.StringBuilder|abducedRetvar = @f$0<span class='color_orange'>none</span>:java.lang.StringBuilder*( sub )</span> ;
       <span class='color_blue'>@f$0|->{}<span class='color_orange'>rearrange:(z)543</span>:java.lang.StringBuilder( sub )</span>  ]</span>
    
    Instruction <span class='color_green'>NULLIFY(&amp;$irvar0); [line 544]</span>
    in vpath_find exp:_t$1
    vpath_find: cannot find _t$1
    in vpath_find exp:_t$0
    vpath_find: cannot find _t$0
    Instruction Returns
    PROP 1 of 1:
    <span class='color_blue'><span class='color_blue'>MEMne &lt; new:541 &gt; <span class='color_orange'>{vpath: }</span>(_t$1)</span>; <span class='color_blue'>MEMne &lt; void ParameterizedTestTest.assertTestCreatesSingleFailureWithMessage(Class,String):541 &gt; <span class='color_orange'>{vpath: }</span>(_t$0)</span>; <span class='color_blue'>UND &lt; StringBuilder.<init>() &gt; :541(@f$2)</span>; <span class='color_blue'>UND &lt; StringBuilder StringBuilder.append(String) &gt; :543(@f$0)</span>; <span class='color_blue'>UND &lt; String StringBuilder.toString() &gt; :543(@f$3)</span>; <span class='color_blue'>RET &lt; String Class.getName() &gt; ("org.junit.tests.running.classes.ParameterizedTestTest$ProtectedParametersTest")</span> ;
    <span class='color_blue'>$irvar3 = 0<span class='color_orange'>nullify</span>:void</span>; <span class='color_blue'>$irvar4 = 0<span class='color_orange'>nullify</span>:void</span>; <span class='color_blue'>$irvar0 = 0<span class='color_orange'>nullify</span>:void</span>; <span class='color_blue'>return = EXN _t$0<span class='color_orange'>update:541</span>:void</span>; <span class='color_blue'>$irvar1 = 0<span class='color_orange'>nullify</span>:void</span>; <span class='color_blue'>$irvar2 = 0<span class='color_orange'>nullify</span>:void</span>; <span class='color_blue'>this = 0<span class='color_orange'>nullify</span>:org.junit.tests.running.classes.ParameterizedTestTest*( sub )</span>; <span class='color_blue'>old_this = @f$1<span class='color_orange'>formal</span>:org.junit.tests.running.classes.ParameterizedTestTest*( sub )</span> ;
    <span class='color_blue'>_t$0|->{}<span class='color_orange'>alloc</span>:java.lang.AssertionError</span>; <span class='color_blue'>@f$0|->{}<span class='color_orange'>rearrange:(z)543</span>:java.lang.StringBuilder( sub )</span>
    [footprint
       <span class='color_blue'>$RET_java.lang.StringBuilder.toString():java.lang.String|abducedRetvar = @f$3<span class='color_orange'>none</span>:java.lang.String*( sub )</span>; <span class='color_blue'>$RET_java.lang.StringBuilder.<init>()|abducedRetvar = @f$2<span class='color_orange'>none</span>:void( sub )</span>; <span class='color_blue'>this = @f$1<span class='color_orange'>formal</span>:org.junit.tests.running.classes.ParameterizedTestTest*( sub )</span>; <span class='color_blue'>$RET_java.lang.StringBuilder.append(java.lang.String):java.lang.StringBuilder|abducedRetvar = @f$0<span class='color_orange'>none</span>:java.lang.StringBuilder*( sub )</span> ;
       <span class='color_blue'>@f$0|->{}<span class='color_orange'>rearrange:(z)543</span>:java.lang.StringBuilder( sub )</span>  ]</span>
    
    Instruction <span class='color_green'>NULLIFY(&amp;$irvar1); [line 544]</span>
    in vpath_find exp:_t$1
    vpath_find: cannot find _t$1
    in vpath_find exp:_t$0
    vpath_find: cannot find _t$0
    Instruction Returns
    PROP 1 of 1:
    <span class='color_blue'><span class='color_blue'>MEMne &lt; new:541 &gt; <span class='color_orange'>{vpath: }</span>(_t$1)</span>; <span class='color_blue'>MEMne &lt; void ParameterizedTestTest.assertTestCreatesSingleFailureWithMessage(Class,String):541 &gt; <span class='color_orange'>{vpath: }</span>(_t$0)</span>; <span class='color_blue'>UND &lt; StringBuilder.<init>() &gt; :541(@f$2)</span>; <span class='color_blue'>UND &lt; StringBuilder StringBuilder.append(String) &gt; :543(@f$0)</span>; <span class='color_blue'>UND &lt; String StringBuilder.toString() &gt; :543(@f$3)</span>; <span class='color_blue'>RET &lt; String Class.getName() &gt; ("org.junit.tests.running.classes.ParameterizedTestTest$ProtectedParametersTest")</span> ;
    <span class='color_blue'>$irvar3 = 0<span class='color_orange'>nullify</span>:void</span>; <span class='color_blue'>$irvar4 = 0<span class='color_orange'>nullify</span>:void</span>; <span class='color_blue'>$irvar0 = 0<span class='color_orange'>nullify</span>:void</span>; <span class='color_blue'>return = EXN _t$0<span class='color_orange'>update:541</span>:void</span>; <span class='color_blue'>$irvar1 = 0<span class='color_orange'>nullify</span>:void</span>; <span class='color_blue'>$irvar2 = 0<span class='color_orange'>nullify</span>:void</span>; <span class='color_blue'>this = 0<span class='color_orange'>nullify</span>:org.junit.tests.running.classes.ParameterizedTestTest*( sub )</span>; <span class='color_blue'>old_this = @f$1<span class='color_orange'>formal</span>:org.junit.tests.running.classes.ParameterizedTestTest*( sub )</span> ;
    <span class='color_blue'>_t$0|->{}<span class='color_orange'>alloc</span>:java.lang.AssertionError</span>; <span class='color_blue'>@f$0|->{}<span class='color_orange'>rearrange:(z)543</span>:java.lang.StringBuilder( sub )</span>
    [footprint
       <span class='color_blue'>$RET_java.lang.StringBuilder.toString():java.lang.String|abducedRetvar = @f$3<span class='color_orange'>none</span>:java.lang.String*( sub )</span>; <span class='color_blue'>$RET_java.lang.StringBuilder.<init>()|abducedRetvar = @f$2<span class='color_orange'>none</span>:void( sub )</span>; <span class='color_blue'>this = @f$1<span class='color_orange'>formal</span>:org.junit.tests.running.classes.ParameterizedTestTest*( sub )</span>; <span class='color_blue'>$RET_java.lang.StringBuilder.append(java.lang.String):java.lang.StringBuilder|abducedRetvar = @f$0<span class='color_orange'>none</span>:java.lang.StringBuilder*( sub )</span> ;
       <span class='color_blue'>@f$0|->{}<span class='color_orange'>rearrange:(z)543</span>:java.lang.StringBuilder( sub )</span>  ]</span>
    
    Instruction <span class='color_green'>NULLIFY(&amp;$irvar2); [line 544]</span>
    in vpath_find exp:_t$1
    vpath_find: cannot find _t$1
    in vpath_find exp:_t$0
    vpath_find: cannot find _t$0
    Instruction Returns
    PROP 1 of 1:
    <span class='color_blue'><span class='color_blue'>MEMne &lt; new:541 &gt; <span class='color_orange'>{vpath: }</span>(_t$1)</span>; <span class='color_blue'>MEMne &lt; void ParameterizedTestTest.assertTestCreatesSingleFailureWithMessage(Class,String):541 &gt; <span class='color_orange'>{vpath: }</span>(_t$0)</span>; <span class='color_blue'>UND &lt; StringBuilder.<init>() &gt; :541(@f$2)</span>; <span class='color_blue'>UND &lt; StringBuilder StringBuilder.append(String) &gt; :543(@f$0)</span>; <span class='color_blue'>UND &lt; String StringBuilder.toString() &gt; :543(@f$3)</span>; <span class='color_blue'>RET &lt; String Class.getName() &gt; ("org.junit.tests.running.classes.ParameterizedTestTest$ProtectedParametersTest")</span> ;
    <span class='color_blue'>$irvar3 = 0<span class='color_orange'>nullify</span>:void</span>; <span class='color_blue'>$irvar4 = 0<span class='color_orange'>nullify</span>:void</span>; <span class='color_blue'>$irvar0 = 0<span class='color_orange'>nullify</span>:void</span>; <span class='color_blue'>return = EXN _t$0<span class='color_orange'>update:541</span>:void</span>; <span class='color_blue'>$irvar1 = 0<span class='color_orange'>nullify</span>:void</span>; <span class='color_blue'>$irvar2 = 0<span class='color_orange'>nullify</span>:void</span>; <span class='color_blue'>this = 0<span class='color_orange'>nullify</span>:org.junit.tests.running.classes.ParameterizedTestTest*( sub )</span>; <span class='color_blue'>old_this = @f$1<span class='color_orange'>formal</span>:org.junit.tests.running.classes.ParameterizedTestTest*( sub )</span> ;
    <span class='color_blue'>_t$0|->{}<span class='color_orange'>alloc</span>:java.lang.AssertionError</span>; <span class='color_blue'>@f$0|->{}<span class='color_orange'>rearrange:(z)543</span>:java.lang.StringBuilder( sub )</span>
    [footprint
       <span class='color_blue'>$RET_java.lang.StringBuilder.toString():java.lang.String|abducedRetvar = @f$3<span class='color_orange'>none</span>:java.lang.String*( sub )</span>; <span class='color_blue'>$RET_java.lang.StringBuilder.<init>()|abducedRetvar = @f$2<span class='color_orange'>none</span>:void( sub )</span>; <span class='color_blue'>this = @f$1<span class='color_orange'>formal</span>:org.junit.tests.running.classes.ParameterizedTestTest*( sub )</span>; <span class='color_blue'>$RET_java.lang.StringBuilder.append(java.lang.String):java.lang.StringBuilder|abducedRetvar = @f$0<span class='color_orange'>none</span>:java.lang.StringBuilder*( sub )</span> ;
       <span class='color_blue'>@f$0|->{}<span class='color_orange'>rearrange:(z)543</span>:java.lang.StringBuilder( sub )</span>  ]</span>
    
    Instruction <span class='color_green'>EXIT_SCOPE($irvar3,$irvar4,$irvar0,$irvar1,$irvar2); [line 544]</span>
    in vpath_find exp:_t$1
    vpath_find: cannot find _t$1
    in vpath_find exp:_t$0
    vpath_find: cannot find _t$0
    Instruction Returns
    PROP 1 of 1:
    <span class='color_blue'><span class='color_blue'>MEMne &lt; new:541 &gt; <span class='color_orange'>{vpath: }</span>(_t$1)</span>; <span class='color_blue'>MEMne &lt; void ParameterizedTestTest.assertTestCreatesSingleFailureWithMessage(Class,String):541 &gt; <span class='color_orange'>{vpath: }</span>(_t$0)</span>; <span class='color_blue'>UND &lt; StringBuilder.<init>() &gt; :541(@f$2)</span>; <span class='color_blue'>UND &lt; StringBuilder StringBuilder.append(String) &gt; :543(@f$0)</span>; <span class='color_blue'>UND &lt; String StringBuilder.toString() &gt; :543(@f$3)</span>; <span class='color_blue'>RET &lt; String Class.getName() &gt; ("org.junit.tests.running.classes.ParameterizedTestTest$ProtectedParametersTest")</span> ;
    <span class='color_blue'>$irvar3 = 0<span class='color_orange'>nullify</span>:void</span>; <span class='color_blue'>$irvar4 = 0<span class='color_orange'>nullify</span>:void</span>; <span class='color_blue'>$irvar0 = 0<span class='color_orange'>nullify</span>:void</span>; <span class='color_blue'>return = EXN _t$0<span class='color_orange'>update:541</span>:void</span>; <span class='color_blue'>$irvar1 = 0<span class='color_orange'>nullify</span>:void</span>; <span class='color_blue'>$irvar2 = 0<span class='color_orange'>nullify</span>:void</span>; <span class='color_blue'>this = 0<span class='color_orange'>nullify</span>:org.junit.tests.running.classes.ParameterizedTestTest*( sub )</span>; <span class='color_blue'>old_this = @f$1<span class='color_orange'>formal</span>:org.junit.tests.running.classes.ParameterizedTestTest*( sub )</span> ;
    <span class='color_blue'>_t$0|->{}<span class='color_orange'>alloc</span>:java.lang.AssertionError</span>; <span class='color_blue'>@f$0|->{}<span class='color_orange'>rearrange:(z)543</span>:java.lang.StringBuilder( sub )</span>
    [footprint
       <span class='color_blue'>$RET_java.lang.StringBuilder.toString():java.lang.String|abducedRetvar = @f$3<span class='color_orange'>none</span>:java.lang.String*( sub )</span>; <span class='color_blue'>$RET_java.lang.StringBuilder.<init>()|abducedRetvar = @f$2<span class='color_orange'>none</span>:void( sub )</span>; <span class='color_blue'>this = @f$1<span class='color_orange'>formal</span>:org.junit.tests.running.classes.ParameterizedTestTest*( sub )</span>; <span class='color_blue'>$RET_java.lang.StringBuilder.append(java.lang.String):java.lang.StringBuilder|abducedRetvar = @f$0<span class='color_orange'>none</span>:java.lang.StringBuilder*( sub )</span> ;
       <span class='color_blue'>@f$0|->{}<span class='color_orange'>rearrange:(z)543</span>:java.lang.StringBuilder( sub )</span>  ]</span>
    
    Instruction <span class='color_green'>APPLY_ABSTRACTION; [line 544]</span>
    in vpath_find exp:_t$1
    vpath_find: cannot find _t$1
    in vpath_find exp:_t$0
    vpath_find: cannot find _t$0
    Prover.check_inconsistency_base: inconsistency reason [None]
    Prover.check_inconsistency_base: inconsistency reason [None]
    <span class='color_blue'>MEMne &lt; void ParameterizedTestTest.assertTestCreatesSingleFailureWithMessage(Class,String):541 &gt; <span class='color_orange'>{vpath: }</span>(_t$0); UND &lt; StringBuilder.<init>() &gt; :541(@f$2); UND &lt; StringBuilder StringBuilder.append(String) &gt; :543(@f$0); UND &lt; String StringBuilder.toString() &gt; :543(@f$3) ;
    $irvar3 = 0<span class='color_orange'>nullify</span>:void; $irvar4 = 0<span class='color_orange'>nullify</span>:void; $irvar0 = 0<span class='color_orange'>nullify</span>:void; return = EXN _t$0<span class='color_orange'>update:541</span>:void; $irvar1 = 0<span class='color_orange'>nullify</span>:void; $irvar2 = 0<span class='color_orange'>nullify</span>:void; this = 0<span class='color_orange'>nullify</span>:org.junit.tests.running.classes.ParameterizedTestTest*( sub ); old_this = @f$1<span class='color_orange'>formal</span>:org.junit.tests.running.classes.ParameterizedTestTest*( sub ) ;
    _t$0|->{}<span class='color_orange'>alloc</span>:java.lang.AssertionError; @f$0|->{}<span class='color_orange'>rearrange:(z)543</span>:java.lang.StringBuilder( sub )
    [footprint
       $RET_java.lang.StringBuilder.toString():java.lang.String|abducedRetvar = @f$3<span class='color_orange'>none</span>:java.lang.String*( sub ); $RET_java.lang.StringBuilder.<init>()|abducedRetvar = @f$2<span class='color_orange'>none</span>:void( sub ); this = @f$1<span class='color_orange'>formal</span>:org.junit.tests.running.classes.ParameterizedTestTest*( sub ); $RET_java.lang.StringBuilder.append(java.lang.String):java.lang.StringBuilder|abducedRetvar = @f$0<span class='color_orange'>none</span>:java.lang.StringBuilder*( sub ) ;
       @f$0|->{}<span class='color_orange'>rearrange:(z)543</span>:java.lang.StringBuilder( sub )  ]</span>
    Instruction Returns
    PROP 1 of 1:
    <span class='color_blue'><span class='color_blue'>MEMne &lt; void ParameterizedTestTest.assertTestCreatesSingleFailureWithMessage(Class,String):541 &gt; <span class='color_orange'>{vpath: }</span>(_t$0)</span>; <span class='color_blue'>UND &lt; StringBuilder.<init>() &gt; :541(@f$2)</span>; <span class='color_blue'>UND &lt; StringBuilder StringBuilder.append(String) &gt; :543(@f$0)</span>; <span class='color_blue'>UND &lt; String StringBuilder.toString() &gt; :543(@f$3)</span> ;
    <span class='color_blue'>$irvar3 = 0<span class='color_orange'>nullify</span>:void</span>; <span class='color_blue'>$irvar4 = 0<span class='color_orange'>nullify</span>:void</span>; <span class='color_blue'>$irvar0 = 0<span class='color_orange'>nullify</span>:void</span>; <span class='color_blue'>return = EXN _t$0<span class='color_orange'>update:541</span>:void</span>; <span class='color_blue'>$irvar1 = 0<span class='color_orange'>nullify</span>:void</span>; <span class='color_blue'>$irvar2 = 0<span class='color_orange'>nullify</span>:void</span>; <span class='color_blue'>this = 0<span class='color_orange'>nullify</span>:org.junit.tests.running.classes.ParameterizedTestTest*( sub )</span>; <span class='color_blue'>old_this = @f$1<span class='color_orange'>formal</span>:org.junit.tests.running.classes.ParameterizedTestTest*( sub )</span> ;
    <span class='color_blue'>_t$0|->{}<span class='color_orange'>alloc</span>:java.lang.AssertionError</span>; <span class='color_blue'>@f$0|->{}<span class='color_orange'>rearrange:(z)543</span>:java.lang.StringBuilder( sub )</span>
    [footprint
       <span class='color_blue'>$RET_java.lang.StringBuilder.toString():java.lang.String|abducedRetvar = @f$3<span class='color_orange'>none</span>:java.lang.String*( sub )</span>; <span class='color_blue'>$RET_java.lang.StringBuilder.<init>()|abducedRetvar = @f$2<span class='color_orange'>none</span>:void( sub )</span>; <span class='color_blue'>this = @f$1<span class='color_orange'>formal</span>:org.junit.tests.running.classes.ParameterizedTestTest*( sub )</span>; <span class='color_blue'>$RET_java.lang.StringBuilder.append(java.lang.String):java.lang.StringBuilder|abducedRetvar = @f$0<span class='color_orange'>none</span>:java.lang.StringBuilder*( sub )</span> ;
       <span class='color_blue'>@f$0|->{}<span class='color_orange'>rearrange:(z)543</span>:java.lang.StringBuilder( sub )</span>  ]</span>
    
    .... After Symbolic Execution ....
    PROP 1 of 1:
    <span class='color_blue'><span class='color_blue'>MEMne &lt; void ParameterizedTestTest.assertTestCreatesSingleFailureWithMessage(Class,String):541 &gt; <span class='color_orange'>{vpath: }</span>(_t$0)</span>; <span class='color_blue'>UND &lt; StringBuilder.<init>() &gt; :541(@f$2)</span>; <span class='color_blue'>UND &lt; StringBuilder StringBuilder.append(String) &gt; :543(@f$0)</span>; <span class='color_blue'>UND &lt; String StringBuilder.toString() &gt; :543(@f$3)</span> ;
    <span class='color_blue'>$irvar3 = 0<span class='color_orange'>nullify</span>:void</span>; <span class='color_blue'>$irvar4 = 0<span class='color_orange'>nullify</span>:void</span>; <span class='color_blue'>$irvar0 = 0<span class='color_orange'>nullify</span>:void</span>; <span class='color_blue'>return = EXN _t$0<span class='color_orange'>update:541</span>:void</span>; <span class='color_blue'>$irvar1 = 0<span class='color_orange'>nullify</span>:void</span>; <span class='color_blue'>$irvar2 = 0<span class='color_orange'>nullify</span>:void</span>; <span class='color_blue'>this = 0<span class='color_orange'>nullify</span>:org.junit.tests.running.classes.ParameterizedTestTest*( sub )</span>; <span class='color_blue'>old_this = @f$1<span class='color_orange'>formal</span>:org.junit.tests.running.classes.ParameterizedTestTest*( sub )</span> ;
    <span class='color_blue'>_t$0|->{}<span class='color_orange'>alloc</span>:java.lang.AssertionError</span>; <span class='color_blue'>@f$0|->{}<span class='color_orange'>rearrange:(z)543</span>:java.lang.StringBuilder( sub )</span>
    [footprint
       <span class='color_blue'>$RET_java.lang.StringBuilder.toString():java.lang.String|abducedRetvar = @f$3<span class='color_orange'>none</span>:java.lang.String*( sub )</span>; <span class='color_blue'>$RET_java.lang.StringBuilder.<init>()|abducedRetvar = @f$2<span class='color_orange'>none</span>:void( sub )</span>; <span class='color_blue'>this = @f$1<span class='color_orange'>formal</span>:org.junit.tests.running.classes.ParameterizedTestTest*( sub )</span>; <span class='color_blue'>$RET_java.lang.StringBuilder.append(java.lang.String):java.lang.StringBuilder|abducedRetvar = @f$0<span class='color_orange'>none</span>:java.lang.StringBuilder*( sub )</span> ;
       <span class='color_blue'>@f$0|->{}<span class='color_orange'>rearrange:(z)543</span>:java.lang.StringBuilder( sub )</span>  ]</span>
    
    
    
  </LISTING>
<hr width="100%">
<a name="session53" href="./../nodes/org.junit.tests.running.classes.ParameterizedTestTest.meaningfulFailureWhenParametersNotPublic%28%29%3Avoi.7f609169ab55f359543a10f51fc778d6_node3.html#session53">node3#session53</a>(<a href="./../../ParameterizedTestTest.java.88da44e98279dfa32c0c7e5c52f053d0.html#LINE544">544</a>) biabduction
<LISTING class='color_black'>**** [RE:Pending] void ParameterizedTestTest.meaningfulFailureWhenParametersNotPublic() Node: 3, Procedure: void ParameterizedTestTest.meaningfulFailureWhenParametersNotPublic(), Todo: 1 ****
  PROP 1 of 1:
  <span class='color_blue'><span class='color_red'>MEMne &lt; new:541 &gt; <span class='color_orange'>{vpath: }</span>(_t$1)</span>; <span class='color_red'>MEMne &lt; void ParameterizedTestTest.assertTestCreatesSingleFailureWithMessage(Class,String):541 &gt; <span class='color_orange'>{vpath: }</span>(_t$0)</span>; <span class='color_red'>UND &lt; StringBuilder.<init>() &gt; :541($RET_java.lang.StringBuilder.<init>()|abducedRetvar)</span>; <span class='color_red'>UND &lt; StringBuilder StringBuilder.append(String) &gt; :543($RET_java.lang.StringBuilder.append(java.lang.String):java.lang.StringBuilder|abducedRetvar)</span>; <span class='color_red'>UND &lt; String StringBuilder.toString() &gt; :543($RET_java.lang.StringBuilder.toString():java.lang.String|abducedRetvar)</span>; <span class='color_red'>RET &lt; String Class.getName() &gt; ("org.junit.tests.running.classes.ParameterizedTestTest$ProtectedParametersTest")</span> ;
  <span class='color_red'>$RET_java.lang.StringBuilder.toString():java.lang.String|abducedRetvar = val$4<span class='color_orange'>formal</span>:java.lang.String*( sub )</span>; <span class='color_red'>$irvar3 = 0<span class='color_orange'>nullify</span>:void</span>; <span class='color_red'>$RET_java.lang.StringBuilder.<init>()|abducedRetvar = val$3<span class='color_orange'>formal</span>:void( sub )</span>; <span class='color_red'>$irvar4 = 0<span class='color_orange'>nullify</span>:void</span>; <span class='color_red'>$irvar0 = 0<span class='color_orange'>nullify</span>:void</span>; <span class='color_red'>return = EXN _t$0<span class='color_orange'>update:541</span>:void</span>; <span class='color_red'>$irvar1 = 0<span class='color_orange'>nullify</span>:void</span>; <span class='color_red'>$irvar2 = 0<span class='color_orange'>nullify</span>:void</span>; <span class='color_red'>this = 0<span class='color_orange'>nullify</span>:org.junit.tests.running.classes.ParameterizedTestTest*( sub )</span>; <span class='color_red'>old_this = val$2<span class='color_orange'>formal</span>:org.junit.tests.running.classes.ParameterizedTestTest*( sub )</span>; <span class='color_red'>$RET_java.lang.StringBuilder.append(java.lang.String):java.lang.StringBuilder|abducedRetvar = val$1<span class='color_orange'>formal</span>:java.lang.StringBuilder*( sub )</span> ;
  <span class='color_red'>_t$0|->{}<span class='color_orange'>alloc</span>:java.lang.AssertionError</span>; <span class='color_red'>$RET_java.lang.StringBuilder.append(java.lang.String):java.lang.StringBuilder|abducedRetvar|->{}<span class='color_orange'>formal(z)</span>:java.lang.StringBuilder( sub )</span></span>
  .... Instructions: ....
  <span class='color_green'>NULLIFY(&amp;$irvar3); [line 544];
  NULLIFY(&amp;$irvar4); [line 544];
  NULLIFY(&amp;$irvar0); [line 544];
  NULLIFY(&amp;$irvar1); [line 544];
  NULLIFY(&amp;$irvar2); [line 544];
  EXIT_SCOPE($irvar3,$irvar4,$irvar0,$irvar1,$irvar2); [line 544];
  APPLY_ABSTRACTION; [line 544];
  </span>
  
  Processing prop 1/1
    Instruction <span class='color_green'>NULLIFY(&amp;$irvar3); [line 544]</span>
    in vpath_find exp:_t$1
    vpath_find: cannot find _t$1
    in vpath_find exp:_t$0
    vpath_find: cannot find _t$0
    Instruction Returns
    PROP 1 of 1:
    <span class='color_blue'><span class='color_blue'>MEMne &lt; new:541 &gt; <span class='color_orange'>{vpath: }</span>(_t$1)</span>; <span class='color_blue'>MEMne &lt; void ParameterizedTestTest.assertTestCreatesSingleFailureWithMessage(Class,String):541 &gt; <span class='color_orange'>{vpath: }</span>(_t$0)</span>; <span class='color_blue'>UND &lt; StringBuilder.<init>() &gt; :541($RET_java.lang.StringBuilder.<init>()|abducedRetvar)</span>; <span class='color_blue'>UND &lt; StringBuilder StringBuilder.append(String) &gt; :543($RET_java.lang.StringBuilder.append(java.lang.String):java.lang.StringBuilder|abducedRetvar)</span>; <span class='color_blue'>UND &lt; String StringBuilder.toString() &gt; :543($RET_java.lang.StringBuilder.toString():java.lang.String|abducedRetvar)</span>; <span class='color_blue'>RET &lt; String Class.getName() &gt; ("org.junit.tests.running.classes.ParameterizedTestTest$ProtectedParametersTest")</span> ;
    <span class='color_blue'>$RET_java.lang.StringBuilder.toString():java.lang.String|abducedRetvar = val$4<span class='color_orange'>formal</span>:java.lang.String*( sub )</span>; <span class='color_blue'>$irvar3 = 0<span class='color_orange'>nullify</span>:void</span>; <span class='color_blue'>$RET_java.lang.StringBuilder.<init>()|abducedRetvar = val$3<span class='color_orange'>formal</span>:void( sub )</span>; <span class='color_blue'>$irvar4 = 0<span class='color_orange'>nullify</span>:void</span>; <span class='color_blue'>$irvar0 = 0<span class='color_orange'>nullify</span>:void</span>; <span class='color_blue'>return = EXN _t$0<span class='color_orange'>update:541</span>:void</span>; <span class='color_blue'>$irvar1 = 0<span class='color_orange'>nullify</span>:void</span>; <span class='color_blue'>$irvar2 = 0<span class='color_orange'>nullify</span>:void</span>; <span class='color_blue'>this = 0<span class='color_orange'>nullify</span>:org.junit.tests.running.classes.ParameterizedTestTest*( sub )</span>; <span class='color_blue'>old_this = val$2<span class='color_orange'>formal</span>:org.junit.tests.running.classes.ParameterizedTestTest*( sub )</span>; <span class='color_blue'>$RET_java.lang.StringBuilder.append(java.lang.String):java.lang.StringBuilder|abducedRetvar = val$1<span class='color_orange'>formal</span>:java.lang.StringBuilder*( sub )</span> ;
    <span class='color_blue'>_t$0|->{}<span class='color_orange'>alloc</span>:java.lang.AssertionError</span>; <span class='color_blue'>$RET_java.lang.StringBuilder.append(java.lang.String):java.lang.StringBuilder|abducedRetvar|->{}<span class='color_orange'>formal(z)</span>:java.lang.StringBuilder( sub )</span></span>
    
    Instruction <span class='color_green'>NULLIFY(&amp;$irvar4); [line 544]</span>
    in vpath_find exp:_t$1
    vpath_find: cannot find _t$1
    in vpath_find exp:_t$0
    vpath_find: cannot find _t$0
    Instruction Returns
    PROP 1 of 1:
    <span class='color_blue'><span class='color_blue'>MEMne &lt; new:541 &gt; <span class='color_orange'>{vpath: }</span>(_t$1)</span>; <span class='color_blue'>MEMne &lt; void ParameterizedTestTest.assertTestCreatesSingleFailureWithMessage(Class,String):541 &gt; <span class='color_orange'>{vpath: }</span>(_t$0)</span>; <span class='color_blue'>UND &lt; StringBuilder.<init>() &gt; :541($RET_java.lang.StringBuilder.<init>()|abducedRetvar)</span>; <span class='color_blue'>UND &lt; StringBuilder StringBuilder.append(String) &gt; :543($RET_java.lang.StringBuilder.append(java.lang.String):java.lang.StringBuilder|abducedRetvar)</span>; <span class='color_blue'>UND &lt; String StringBuilder.toString() &gt; :543($RET_java.lang.StringBuilder.toString():java.lang.String|abducedRetvar)</span>; <span class='color_blue'>RET &lt; String Class.getName() &gt; ("org.junit.tests.running.classes.ParameterizedTestTest$ProtectedParametersTest")</span> ;
    <span class='color_blue'>$RET_java.lang.StringBuilder.toString():java.lang.String|abducedRetvar = val$4<span class='color_orange'>formal</span>:java.lang.String*( sub )</span>; <span class='color_blue'>$irvar3 = 0<span class='color_orange'>nullify</span>:void</span>; <span class='color_blue'>$RET_java.lang.StringBuilder.<init>()|abducedRetvar = val$3<span class='color_orange'>formal</span>:void( sub )</span>; <span class='color_blue'>$irvar4 = 0<span class='color_orange'>nullify</span>:void</span>; <span class='color_blue'>$irvar0 = 0<span class='color_orange'>nullify</span>:void</span>; <span class='color_blue'>return = EXN _t$0<span class='color_orange'>update:541</span>:void</span>; <span class='color_blue'>$irvar1 = 0<span class='color_orange'>nullify</span>:void</span>; <span class='color_blue'>$irvar2 = 0<span class='color_orange'>nullify</span>:void</span>; <span class='color_blue'>this = 0<span class='color_orange'>nullify</span>:org.junit.tests.running.classes.ParameterizedTestTest*( sub )</span>; <span class='color_blue'>old_this = val$2<span class='color_orange'>formal</span>:org.junit.tests.running.classes.ParameterizedTestTest*( sub )</span>; <span class='color_blue'>$RET_java.lang.StringBuilder.append(java.lang.String):java.lang.StringBuilder|abducedRetvar = val$1<span class='color_orange'>formal</span>:java.lang.StringBuilder*( sub )</span> ;
    <span class='color_blue'>_t$0|->{}<span class='color_orange'>alloc</span>:java.lang.AssertionError</span>; <span class='color_blue'>$RET_java.lang.StringBuilder.append(java.lang.String):java.lang.StringBuilder|abducedRetvar|->{}<span class='color_orange'>formal(z)</span>:java.lang.StringBuilder( sub )</span></span>
    
    Instruction <span class='color_green'>NULLIFY(&amp;$irvar0); [line 544]</span>
    in vpath_find exp:_t$1
    vpath_find: cannot find _t$1
    in vpath_find exp:_t$0
    vpath_find: cannot find _t$0
    Instruction Returns
    PROP 1 of 1:
    <span class='color_blue'><span class='color_blue'>MEMne &lt; new:541 &gt; <span class='color_orange'>{vpath: }</span>(_t$1)</span>; <span class='color_blue'>MEMne &lt; void ParameterizedTestTest.assertTestCreatesSingleFailureWithMessage(Class,String):541 &gt; <span class='color_orange'>{vpath: }</span>(_t$0)</span>; <span class='color_blue'>UND &lt; StringBuilder.<init>() &gt; :541($RET_java.lang.StringBuilder.<init>()|abducedRetvar)</span>; <span class='color_blue'>UND &lt; StringBuilder StringBuilder.append(String) &gt; :543($RET_java.lang.StringBuilder.append(java.lang.String):java.lang.StringBuilder|abducedRetvar)</span>; <span class='color_blue'>UND &lt; String StringBuilder.toString() &gt; :543($RET_java.lang.StringBuilder.toString():java.lang.String|abducedRetvar)</span>; <span class='color_blue'>RET &lt; String Class.getName() &gt; ("org.junit.tests.running.classes.ParameterizedTestTest$ProtectedParametersTest")</span> ;
    <span class='color_blue'>$RET_java.lang.StringBuilder.toString():java.lang.String|abducedRetvar = val$4<span class='color_orange'>formal</span>:java.lang.String*( sub )</span>; <span class='color_blue'>$irvar3 = 0<span class='color_orange'>nullify</span>:void</span>; <span class='color_blue'>$RET_java.lang.StringBuilder.<init>()|abducedRetvar = val$3<span class='color_orange'>formal</span>:void( sub )</span>; <span class='color_blue'>$irvar4 = 0<span class='color_orange'>nullify</span>:void</span>; <span class='color_blue'>$irvar0 = 0<span class='color_orange'>nullify</span>:void</span>; <span class='color_blue'>return = EXN _t$0<span class='color_orange'>update:541</span>:void</span>; <span class='color_blue'>$irvar1 = 0<span class='color_orange'>nullify</span>:void</span>; <span class='color_blue'>$irvar2 = 0<span class='color_orange'>nullify</span>:void</span>; <span class='color_blue'>this = 0<span class='color_orange'>nullify</span>:org.junit.tests.running.classes.ParameterizedTestTest*( sub )</span>; <span class='color_blue'>old_this = val$2<span class='color_orange'>formal</span>:org.junit.tests.running.classes.ParameterizedTestTest*( sub )</span>; <span class='color_blue'>$RET_java.lang.StringBuilder.append(java.lang.String):java.lang.StringBuilder|abducedRetvar = val$1<span class='color_orange'>formal</span>:java.lang.StringBuilder*( sub )</span> ;
    <span class='color_blue'>_t$0|->{}<span class='color_orange'>alloc</span>:java.lang.AssertionError</span>; <span class='color_blue'>$RET_java.lang.StringBuilder.append(java.lang.String):java.lang.StringBuilder|abducedRetvar|->{}<span class='color_orange'>formal(z)</span>:java.lang.StringBuilder( sub )</span></span>
    
    Instruction <span class='color_green'>NULLIFY(&amp;$irvar1); [line 544]</span>
    in vpath_find exp:_t$1
    vpath_find: cannot find _t$1
    in vpath_find exp:_t$0
    vpath_find: cannot find _t$0
    Instruction Returns
    PROP 1 of 1:
    <span class='color_blue'><span class='color_blue'>MEMne &lt; new:541 &gt; <span class='color_orange'>{vpath: }</span>(_t$1)</span>; <span class='color_blue'>MEMne &lt; void ParameterizedTestTest.assertTestCreatesSingleFailureWithMessage(Class,String):541 &gt; <span class='color_orange'>{vpath: }</span>(_t$0)</span>; <span class='color_blue'>UND &lt; StringBuilder.<init>() &gt; :541($RET_java.lang.StringBuilder.<init>()|abducedRetvar)</span>; <span class='color_blue'>UND &lt; StringBuilder StringBuilder.append(String) &gt; :543($RET_java.lang.StringBuilder.append(java.lang.String):java.lang.StringBuilder|abducedRetvar)</span>; <span class='color_blue'>UND &lt; String StringBuilder.toString() &gt; :543($RET_java.lang.StringBuilder.toString():java.lang.String|abducedRetvar)</span>; <span class='color_blue'>RET &lt; String Class.getName() &gt; ("org.junit.tests.running.classes.ParameterizedTestTest$ProtectedParametersTest")</span> ;
    <span class='color_blue'>$RET_java.lang.StringBuilder.toString():java.lang.String|abducedRetvar = val$4<span class='color_orange'>formal</span>:java.lang.String*( sub )</span>; <span class='color_blue'>$irvar3 = 0<span class='color_orange'>nullify</span>:void</span>; <span class='color_blue'>$RET_java.lang.StringBuilder.<init>()|abducedRetvar = val$3<span class='color_orange'>formal</span>:void( sub )</span>; <span class='color_blue'>$irvar4 = 0<span class='color_orange'>nullify</span>:void</span>; <span class='color_blue'>$irvar0 = 0<span class='color_orange'>nullify</span>:void</span>; <span class='color_blue'>return = EXN _t$0<span class='color_orange'>update:541</span>:void</span>; <span class='color_blue'>$irvar1 = 0<span class='color_orange'>nullify</span>:void</span>; <span class='color_blue'>$irvar2 = 0<span class='color_orange'>nullify</span>:void</span>; <span class='color_blue'>this = 0<span class='color_orange'>nullify</span>:org.junit.tests.running.classes.ParameterizedTestTest*( sub )</span>; <span class='color_blue'>old_this = val$2<span class='color_orange'>formal</span>:org.junit.tests.running.classes.ParameterizedTestTest*( sub )</span>; <span class='color_blue'>$RET_java.lang.StringBuilder.append(java.lang.String):java.lang.StringBuilder|abducedRetvar = val$1<span class='color_orange'>formal</span>:java.lang.StringBuilder*( sub )</span> ;
    <span class='color_blue'>_t$0|->{}<span class='color_orange'>alloc</span>:java.lang.AssertionError</span>; <span class='color_blue'>$RET_java.lang.StringBuilder.append(java.lang.String):java.lang.StringBuilder|abducedRetvar|->{}<span class='color_orange'>formal(z)</span>:java.lang.StringBuilder( sub )</span></span>
    
    Instruction <span class='color_green'>NULLIFY(&amp;$irvar2); [line 544]</span>
    in vpath_find exp:_t$1
    vpath_find: cannot find _t$1
    in vpath_find exp:_t$0
    vpath_find: cannot find _t$0
    Instruction Returns
    PROP 1 of 1:
    <span class='color_blue'><span class='color_blue'>MEMne &lt; new:541 &gt; <span class='color_orange'>{vpath: }</span>(_t$1)</span>; <span class='color_blue'>MEMne &lt; void ParameterizedTestTest.assertTestCreatesSingleFailureWithMessage(Class,String):541 &gt; <span class='color_orange'>{vpath: }</span>(_t$0)</span>; <span class='color_blue'>UND &lt; StringBuilder.<init>() &gt; :541($RET_java.lang.StringBuilder.<init>()|abducedRetvar)</span>; <span class='color_blue'>UND &lt; StringBuilder StringBuilder.append(String) &gt; :543($RET_java.lang.StringBuilder.append(java.lang.String):java.lang.StringBuilder|abducedRetvar)</span>; <span class='color_blue'>UND &lt; String StringBuilder.toString() &gt; :543($RET_java.lang.StringBuilder.toString():java.lang.String|abducedRetvar)</span>; <span class='color_blue'>RET &lt; String Class.getName() &gt; ("org.junit.tests.running.classes.ParameterizedTestTest$ProtectedParametersTest")</span> ;
    <span class='color_blue'>$RET_java.lang.StringBuilder.toString():java.lang.String|abducedRetvar = val$4<span class='color_orange'>formal</span>:java.lang.String*( sub )</span>; <span class='color_blue'>$irvar3 = 0<span class='color_orange'>nullify</span>:void</span>; <span class='color_blue'>$RET_java.lang.StringBuilder.<init>()|abducedRetvar = val$3<span class='color_orange'>formal</span>:void( sub )</span>; <span class='color_blue'>$irvar4 = 0<span class='color_orange'>nullify</span>:void</span>; <span class='color_blue'>$irvar0 = 0<span class='color_orange'>nullify</span>:void</span>; <span class='color_blue'>return = EXN _t$0<span class='color_orange'>update:541</span>:void</span>; <span class='color_blue'>$irvar1 = 0<span class='color_orange'>nullify</span>:void</span>; <span class='color_blue'>$irvar2 = 0<span class='color_orange'>nullify</span>:void</span>; <span class='color_blue'>this = 0<span class='color_orange'>nullify</span>:org.junit.tests.running.classes.ParameterizedTestTest*( sub )</span>; <span class='color_blue'>old_this = val$2<span class='color_orange'>formal</span>:org.junit.tests.running.classes.ParameterizedTestTest*( sub )</span>; <span class='color_blue'>$RET_java.lang.StringBuilder.append(java.lang.String):java.lang.StringBuilder|abducedRetvar = val$1<span class='color_orange'>formal</span>:java.lang.StringBuilder*( sub )</span> ;
    <span class='color_blue'>_t$0|->{}<span class='color_orange'>alloc</span>:java.lang.AssertionError</span>; <span class='color_blue'>$RET_java.lang.StringBuilder.append(java.lang.String):java.lang.StringBuilder|abducedRetvar|->{}<span class='color_orange'>formal(z)</span>:java.lang.StringBuilder( sub )</span></span>
    
    Instruction <span class='color_green'>EXIT_SCOPE($irvar3,$irvar4,$irvar0,$irvar1,$irvar2); [line 544]</span>
    in vpath_find exp:_t$1
    vpath_find: cannot find _t$1
    in vpath_find exp:_t$0
    vpath_find: cannot find _t$0
    Instruction Returns
    PROP 1 of 1:
    <span class='color_blue'><span class='color_blue'>MEMne &lt; new:541 &gt; <span class='color_orange'>{vpath: }</span>(_t$1)</span>; <span class='color_blue'>MEMne &lt; void ParameterizedTestTest.assertTestCreatesSingleFailureWithMessage(Class,String):541 &gt; <span class='color_orange'>{vpath: }</span>(_t$0)</span>; <span class='color_blue'>UND &lt; StringBuilder.<init>() &gt; :541($RET_java.lang.StringBuilder.<init>()|abducedRetvar)</span>; <span class='color_blue'>UND &lt; StringBuilder StringBuilder.append(String) &gt; :543($RET_java.lang.StringBuilder.append(java.lang.String):java.lang.StringBuilder|abducedRetvar)</span>; <span class='color_blue'>UND &lt; String StringBuilder.toString() &gt; :543($RET_java.lang.StringBuilder.toString():java.lang.String|abducedRetvar)</span>; <span class='color_blue'>RET &lt; String Class.getName() &gt; ("org.junit.tests.running.classes.ParameterizedTestTest$ProtectedParametersTest")</span> ;
    <span class='color_blue'>$RET_java.lang.StringBuilder.toString():java.lang.String|abducedRetvar = val$4<span class='color_orange'>formal</span>:java.lang.String*( sub )</span>; <span class='color_blue'>$irvar3 = 0<span class='color_orange'>nullify</span>:void</span>; <span class='color_blue'>$RET_java.lang.StringBuilder.<init>()|abducedRetvar = val$3<span class='color_orange'>formal</span>:void( sub )</span>; <span class='color_blue'>$irvar4 = 0<span class='color_orange'>nullify</span>:void</span>; <span class='color_blue'>$irvar0 = 0<span class='color_orange'>nullify</span>:void</span>; <span class='color_blue'>return = EXN _t$0<span class='color_orange'>update:541</span>:void</span>; <span class='color_blue'>$irvar1 = 0<span class='color_orange'>nullify</span>:void</span>; <span class='color_blue'>$irvar2 = 0<span class='color_orange'>nullify</span>:void</span>; <span class='color_blue'>this = 0<span class='color_orange'>nullify</span>:org.junit.tests.running.classes.ParameterizedTestTest*( sub )</span>; <span class='color_blue'>old_this = val$2<span class='color_orange'>formal</span>:org.junit.tests.running.classes.ParameterizedTestTest*( sub )</span>; <span class='color_blue'>$RET_java.lang.StringBuilder.append(java.lang.String):java.lang.StringBuilder|abducedRetvar = val$1<span class='color_orange'>formal</span>:java.lang.StringBuilder*( sub )</span> ;
    <span class='color_blue'>_t$0|->{}<span class='color_orange'>alloc</span>:java.lang.AssertionError</span>; <span class='color_blue'>$RET_java.lang.StringBuilder.append(java.lang.String):java.lang.StringBuilder|abducedRetvar|->{}<span class='color_orange'>formal(z)</span>:java.lang.StringBuilder( sub )</span></span>
    
    Instruction <span class='color_green'>APPLY_ABSTRACTION; [line 544]</span>
    in vpath_find exp:_t$1
    vpath_find: cannot find _t$1
    in vpath_find exp:_t$0
    vpath_find: cannot find _t$0
    Prover.check_inconsistency_base: inconsistency reason [None]
    Prover.check_inconsistency_base: inconsistency reason [None]
    <span class='color_blue'>MEMne &lt; void ParameterizedTestTest.assertTestCreatesSingleFailureWithMessage(Class,String):541 &gt; <span class='color_orange'>{vpath: }</span>(_t$0); UND &lt; StringBuilder.<init>() &gt; :541($RET_java.lang.StringBuilder.<init>()|abducedRetvar); UND &lt; StringBuilder StringBuilder.append(String) &gt; :543($RET_java.lang.StringBuilder.append(java.lang.String):java.lang.StringBuilder|abducedRetvar); UND &lt; String StringBuilder.toString() &gt; :543($RET_java.lang.StringBuilder.toString():java.lang.String|abducedRetvar) ;
    $RET_java.lang.StringBuilder.toString():java.lang.String|abducedRetvar = val$4<span class='color_orange'>formal</span>:java.lang.String*( sub ); $irvar3 = 0<span class='color_orange'>nullify</span>:void; $RET_java.lang.StringBuilder.<init>()|abducedRetvar = val$3<span class='color_orange'>formal</span>:void( sub ); $irvar4 = 0<span class='color_orange'>nullify</span>:void; $irvar0 = 0<span class='color_orange'>nullify</span>:void; return = EXN _t$0<span class='color_orange'>update:541</span>:void; $irvar1 = 0<span class='color_orange'>nullify</span>:void; $irvar2 = 0<span class='color_orange'>nullify</span>:void; this = 0<span class='color_orange'>nullify</span>:org.junit.tests.running.classes.ParameterizedTestTest*( sub ); old_this = val$2<span class='color_orange'>formal</span>:org.junit.tests.running.classes.ParameterizedTestTest*( sub ); $RET_java.lang.StringBuilder.append(java.lang.String):java.lang.StringBuilder|abducedRetvar = val$1<span class='color_orange'>formal</span>:java.lang.StringBuilder*( sub ) ;
    _t$0|->{}<span class='color_orange'>alloc</span>:java.lang.AssertionError; $RET_java.lang.StringBuilder.append(java.lang.String):java.lang.StringBuilder|abducedRetvar|->{}<span class='color_orange'>formal(z)</span>:java.lang.StringBuilder( sub )</span>
    Instruction Returns
    PROP 1 of 1:
    <span class='color_blue'><span class='color_blue'>MEMne &lt; void ParameterizedTestTest.assertTestCreatesSingleFailureWithMessage(Class,String):541 &gt; <span class='color_orange'>{vpath: }</span>(_t$0)</span>; <span class='color_blue'>UND &lt; StringBuilder.<init>() &gt; :541($RET_java.lang.StringBuilder.<init>()|abducedRetvar)</span>; <span class='color_blue'>UND &lt; StringBuilder StringBuilder.append(String) &gt; :543($RET_java.lang.StringBuilder.append(java.lang.String):java.lang.StringBuilder|abducedRetvar)</span>; <span class='color_blue'>UND &lt; String StringBuilder.toString() &gt; :543($RET_java.lang.StringBuilder.toString():java.lang.String|abducedRetvar)</span> ;
    <span class='color_blue'>$RET_java.lang.StringBuilder.toString():java.lang.String|abducedRetvar = val$4<span class='color_orange'>formal</span>:java.lang.String*( sub )</span>; <span class='color_blue'>$irvar3 = 0<span class='color_orange'>nullify</span>:void</span>; <span class='color_blue'>$RET_java.lang.StringBuilder.<init>()|abducedRetvar = val$3<span class='color_orange'>formal</span>:void( sub )</span>; <span class='color_blue'>$irvar4 = 0<span class='color_orange'>nullify</span>:void</span>; <span class='color_blue'>$irvar0 = 0<span class='color_orange'>nullify</span>:void</span>; <span class='color_blue'>return = EXN _t$0<span class='color_orange'>update:541</span>:void</span>; <span class='color_blue'>$irvar1 = 0<span class='color_orange'>nullify</span>:void</span>; <span class='color_blue'>$irvar2 = 0<span class='color_orange'>nullify</span>:void</span>; <span class='color_blue'>this = 0<span class='color_orange'>nullify</span>:org.junit.tests.running.classes.ParameterizedTestTest*( sub )</span>; <span class='color_blue'>old_this = val$2<span class='color_orange'>formal</span>:org.junit.tests.running.classes.ParameterizedTestTest*( sub )</span>; <span class='color_blue'>$RET_java.lang.StringBuilder.append(java.lang.String):java.lang.StringBuilder|abducedRetvar = val$1<span class='color_orange'>formal</span>:java.lang.StringBuilder*( sub )</span> ;
    <span class='color_blue'>_t$0|->{}<span class='color_orange'>alloc</span>:java.lang.AssertionError</span>; <span class='color_blue'>$RET_java.lang.StringBuilder.append(java.lang.String):java.lang.StringBuilder|abducedRetvar|->{}<span class='color_orange'>formal(z)</span>:java.lang.StringBuilder( sub )</span></span>
    
    .... After Symbolic Execution ....
    PROP 1 of 1:
    <span class='color_blue'><span class='color_blue'>MEMne &lt; void ParameterizedTestTest.assertTestCreatesSingleFailureWithMessage(Class,String):541 &gt; <span class='color_orange'>{vpath: }</span>(_t$0)</span>; <span class='color_blue'>UND &lt; StringBuilder.<init>() &gt; :541($RET_java.lang.StringBuilder.<init>()|abducedRetvar)</span>; <span class='color_blue'>UND &lt; StringBuilder StringBuilder.append(String) &gt; :543($RET_java.lang.StringBuilder.append(java.lang.String):java.lang.StringBuilder|abducedRetvar)</span>; <span class='color_blue'>UND &lt; String StringBuilder.toString() &gt; :543($RET_java.lang.StringBuilder.toString():java.lang.String|abducedRetvar)</span> ;
    <span class='color_blue'>$RET_java.lang.StringBuilder.toString():java.lang.String|abducedRetvar = val$4<span class='color_orange'>formal</span>:java.lang.String*( sub )</span>; <span class='color_blue'>$irvar3 = 0<span class='color_orange'>nullify</span>:void</span>; <span class='color_blue'>$RET_java.lang.StringBuilder.<init>()|abducedRetvar = val$3<span class='color_orange'>formal</span>:void( sub )</span>; <span class='color_blue'>$irvar4 = 0<span class='color_orange'>nullify</span>:void</span>; <span class='color_blue'>$irvar0 = 0<span class='color_orange'>nullify</span>:void</span>; <span class='color_blue'>return = EXN _t$0<span class='color_orange'>update:541</span>:void</span>; <span class='color_blue'>$irvar1 = 0<span class='color_orange'>nullify</span>:void</span>; <span class='color_blue'>$irvar2 = 0<span class='color_orange'>nullify</span>:void</span>; <span class='color_blue'>this = 0<span class='color_orange'>nullify</span>:org.junit.tests.running.classes.ParameterizedTestTest*( sub )</span>; <span class='color_blue'>old_this = val$2<span class='color_orange'>formal</span>:org.junit.tests.running.classes.ParameterizedTestTest*( sub )</span>; <span class='color_blue'>$RET_java.lang.StringBuilder.append(java.lang.String):java.lang.StringBuilder|abducedRetvar = val$1<span class='color_orange'>formal</span>:java.lang.StringBuilder*( sub )</span> ;
    <span class='color_blue'>_t$0|->{}<span class='color_orange'>alloc</span>:java.lang.AssertionError</span>; <span class='color_blue'>$RET_java.lang.StringBuilder.append(java.lang.String):java.lang.StringBuilder|abducedRetvar|->{}<span class='color_orange'>formal(z)</span>:java.lang.StringBuilder( sub )</span></span>
    
    
    
  </LISTING>