<!DOCTYPE HTML PUBLIC "-//W3C//DTD HTML 4.01 Transitional//EN">
<html>
<head>
<title>org.junit.tests.running.classes.ParameterizedTestTest$SingleArgumentTestWithIterable.data():java.lan.dda7f50b5fd4dbd9154c72b33afa7430_node3</title>
<meta http-equiv="Content-Type" content="text/html; charset=utf-8">
<style type="text/css">
body { background-color:#fff; color:#000; font-family:Helvetica, sans-serif; font-size:10pt }
h1 { font-size:14pt }
.code { border-collapse:collapse; width:100%; font-family: "Andale Mono", monospace; font-size:10pt; line-height: 1.2em }
.color_black { color: black }
.color_blue { color: blue }
.color_green { color: green }
.color_orange { color: orange }
.color_red { color: red }
.line { border-left: 3px solid #ccc; padding-left: 1ex; white-space: pre; }
.msg { background-color:#fff8b4; color:#000; float:left; font-family:Helvetica, sans-serif; font-size: smaller; font-weight: bold; margin-bottom:10px; margin-top:10px; max-width:60em; padding:0.5em 1ex 0.5em 1ex; -webkit-border-radius:5px; -webkit-box-shadow:1px 1px 7px #000; white-space: pre-wrap; word-wrap: break-word; }
.num { background-color:#eee; color:#444; font-size: smaller; padding-right:2ex; text-align:right; width:2.5em; }
.dangling { background-color:white; color: gray; }
.visited { background-color:LemonChiffon; color: darkmagenta; }
.tooltip { display: none; background-color:#FFF0F0; border: 2px solid #F00; font-weight: normal; left:10em; padding: 2px; position: absolute; top: -1em; -webkit-border-radius:5px; -webkit-box-shadow:1px 1px 7px #000; z-index: 1}
.with_tooltip { position: relative; }
.with_tooltip:hover .tooltip, .visited:hover .tooltip { display: block; }
</style>
</head>
<body>
<center><h1>Cfg Node <a href="./../../ParameterizedTestTest.java.88da44e98279dfa32c0c7e5c52f053d0.html#LINE645">3</a></h1></center>PROC: <a href="./../org.junit.tests.running.classes.ParameterizedTestTest%24SingleArgumentTestWithIterable.data%28%29%3Ajava.lan.dda7f50b5fd4dbd9154c72b33afa7430.html">Iterable ParameterizedTestTest$SingleArgumentTestWithIterable.data()</a> LINE: <a href="./../../ParameterizedTestTest.java.88da44e98279dfa32c0c7e5c52f053d0.html#LINE645">645</a>
<br>PREDS:
<br>SUCCS:
<a href="./../nodes/org.junit.tests.running.classes.ParameterizedTestTest%24SingleArgumentTestWithIterable.data%28%29%3Ajava.lan.dda7f50b5fd4dbd9154c72b33afa7430_node2.html"><span class='visited with_tooltip'>N_2<span class='tooltip'>node2 preds:13 3 succs: exn: </span></span></a><br>EXN:
<a href="./../nodes/org.junit.tests.running.classes.ParameterizedTestTest%24SingleArgumentTestWithIterable.data%28%29%3Ajava.lan.dda7f50b5fd4dbd9154c72b33afa7430_node2.html"><span class='visited with_tooltip'>N_2<span class='tooltip'>node2 preds:13 3 succs: exn: </span></span></a><br>
<LISTING class='color_green'></LISTING>
<hr width="100%">
<a name="session2" href="./../nodes/org.junit.tests.running.classes.ParameterizedTestTest%24SingleArgumentTestWithIterable.data%28%29%3Ajava.lan.dda7f50b5fd4dbd9154c72b33afa7430_node3.html#session2">node3#session2</a>(<a href="./../../ParameterizedTestTest.java.88da44e98279dfa32c0c7e5c52f053d0.html#LINE645">645</a>) [compute pre] liveness 3
<LISTING class='color_black'></LISTING>
<hr width="100%">
<a name="session3" href="./../nodes/org.junit.tests.running.classes.ParameterizedTestTest%24SingleArgumentTestWithIterable.data%28%29%3Ajava.lan.dda7f50b5fd4dbd9154c72b33afa7430_node3.html#session3">node3#session3</a>(<a href="./../../ParameterizedTestTest.java.88da44e98279dfa32c0c7e5c52f053d0.html#LINE645">645</a>) [exec] liveness 3
<LISTING class='color_black'>PRE STATE:
normal:{ }, exn:{ }

INSTR=  SKIP; 

STATE UNCHANGED

</LISTING>
<hr width="100%">
<a name="session47" href="./../nodes/org.junit.tests.running.classes.ParameterizedTestTest%24SingleArgumentTestWithIterable.data%28%29%3Ajava.lan.dda7f50b5fd4dbd9154c72b33afa7430_node3.html#session47">node3#session47</a>(<a href="./../../ParameterizedTestTest.java.88da44e98279dfa32c0c7e5c52f053d0.html#LINE645">645</a>) [compute pre] nullify
<LISTING class='color_black'>JOIN

LEFT:   (normal:{ $irvar0 }, exn:{ },
normal:{ _,
         n$0,
         n$2,
         classes.ParameterizedTestTest$SingleArgumentTestWithIterable },
exn:{ })
RIGHT:  (normal:{ }, exn:{ },
normal:{ n$3, $irvar0 }, exn:{ })
RESULT: (normal:{ $irvar0 }, exn:{ },
normal:{ _,
         n$0,
         n$2,
         n$3,
         classes.ParameterizedTestTest$SingleArgumentTestWithIterable,
         $irvar0 },
exn:{ })

JOIN

LEFT:   (normal:{ $irvar0 }, exn:{ },
normal:{ _,
         n$0,
         n$2,
         n$3,
         classes.ParameterizedTestTest$SingleArgumentTestWithIterable,
         $irvar0 },
exn:{ })
RIGHT:  (normal:{ }, exn:{ },
normal:{ n$3, $irvar0 }, exn:{ })
RESULT: (normal:{ $irvar0 }, exn:{ },
normal:{ _,
         n$0,
         n$2,
         n$3,
         classes.ParameterizedTestTest$SingleArgumentTestWithIterable,
         $irvar0 },
exn:{ })

JOIN

LEFT:   (normal:{ $irvar0 }, exn:{ },
normal:{ _,
         n$0,
         n$2,
         n$3,
         classes.ParameterizedTestTest$SingleArgumentTestWithIterable,
         $irvar0 },
exn:{ })
RIGHT:  (normal:{ }, exn:{ },
normal:{ n$4 }, exn:{ })
RESULT: (normal:{ $irvar0 }, exn:{ },
normal:{ _,
         n$0,
         n$2,
         n$3,
         n$4,
         classes.ParameterizedTestTest$SingleArgumentTestWithIterable,
         $irvar0 },
exn:{ })

JOIN

LEFT:   (normal:{ $irvar0 }, exn:{ },
normal:{ _,
         n$0,
         n$2,
         n$3,
         n$4,
         classes.ParameterizedTestTest$SingleArgumentTestWithIterable,
         $irvar0 },
exn:{ })
RIGHT:  (normal:{ $irvar1 }, exn:{ },
normal:{ n$5 }, exn:{ })
RESULT: (normal:{ $irvar0, $irvar1 }, exn:{ },
normal:{ _,
         n$0,
         n$2,
         n$3,
         n$4,
         n$5,
         classes.ParameterizedTestTest$SingleArgumentTestWithIterable,
         $irvar0 },
exn:{ })

JOIN

LEFT:   (normal:{ $irvar0, $irvar1 }, exn:{ },
normal:{ _,
         n$0,
         n$2,
         n$3,
         n$4,
         n$5,
         classes.ParameterizedTestTest$SingleArgumentTestWithIterable,
         $irvar0 },
exn:{ })
RIGHT:  (normal:{ $irvar1 }, exn:{ },
normal:{ n$6 }, exn:{ })
RESULT: (normal:{ $irvar0, $irvar1 }, exn:{ },
normal:{ _,
         n$0,
         n$2,
         n$3,
         n$4,
         n$5,
         n$6,
         classes.ParameterizedTestTest$SingleArgumentTestWithIterable,
         $irvar0 },
exn:{ })

JOIN

LEFT:   (normal:{ $irvar0, $irvar1 }, exn:{ },
normal:{ _,
         n$0,
         n$2,
         n$3,
         n$4,
         n$5,
         n$6,
         classes.ParameterizedTestTest$SingleArgumentTestWithIterable,
         $irvar0 },
exn:{ })
RIGHT:  (normal:{ $irvar1 }, exn:{ },
normal:{ n$7 }, exn:{ })
RESULT: (normal:{ $irvar0, $irvar1 }, exn:{ },
normal:{ _,
         n$0,
         n$2,
         n$3,
         n$4,
         n$5,
         n$6,
         n$7,
         classes.ParameterizedTestTest$SingleArgumentTestWithIterable,
         $irvar0 },
exn:{ })

JOIN

LEFT:   (normal:{ $irvar0, $irvar1 }, exn:{ },
normal:{ _,
         n$0,
         n$2,
         n$3,
         n$4,
         n$5,
         n$6,
         n$7,
         classes.ParameterizedTestTest$SingleArgumentTestWithIterable,
         $irvar0 },
exn:{ })
RIGHT:  (normal:{ $irvar2 }, exn:{ },
normal:{ n$8, n$9, $irvar1 }, exn:{ })
RESULT: (normal:{ $irvar0, $irvar1, $irvar2 }, exn:{ },
normal:{ _,
         n$0,
         n$2,
         n$3,
         n$4,
         n$5,
         n$6,
         n$7,
         n$8,
         n$9,
         classes.ParameterizedTestTest$SingleArgumentTestWithIterable,
         $irvar0,
         $irvar1 },
exn:{ })

JOIN

LEFT:   (normal:{ $irvar0, $irvar1, $irvar2 }, exn:{ },
normal:{ _,
         n$0,
         n$2,
         n$3,
         n$4,
         n$5,
         n$6,
         n$7,
         n$8,
         n$9,
         classes.ParameterizedTestTest$SingleArgumentTestWithIterable,
         $irvar0,
         $irvar1 },
exn:{ })
RIGHT:  (normal:{ $irvar3 }, exn:{ },
normal:{ n$10, n$11, n$12, $irvar2 }, exn:{ })
RESULT: (normal:{ $irvar3, $irvar0, $irvar1, $irvar2 }, exn:{ },
normal:{ _,
         n$0,
         n$2,
         n$3,
         n$4,
         n$5,
         n$6,
         n$7,
         n$8,
         n$9,
         n$10,
         n$11,
         n$12,
         classes.ParameterizedTestTest$SingleArgumentTestWithIterable,
         $irvar0,
         $irvar1,
         $irvar2 },
exn:{ })

JOIN

LEFT:   (normal:{ $irvar3, $irvar0, $irvar1, $irvar2 }, exn:{ },
normal:{ _,
         n$0,
         n$2,
         n$3,
         n$4,
         n$5,
         n$6,
         n$7,
         n$8,
         n$9,
         n$10,
         n$11,
         n$12,
         classes.ParameterizedTestTest$SingleArgumentTestWithIterable,
         $irvar0,
         $irvar1,
         $irvar2 },
exn:{ })
RIGHT:  (normal:{ }, exn:{ },
normal:{ n$13, $irvar3, return }, exn:{ })
RESULT: (normal:{ $irvar3, $irvar0, $irvar1, $irvar2 }, exn:{ },
normal:{ _,
         n$0,
         n$2,
         n$3,
         n$4,
         n$5,
         n$6,
         n$7,
         n$8,
         n$9,
         n$10,
         n$11,
         n$12,
         n$13,
         $irvar3,
         classes.ParameterizedTestTest$SingleArgumentTestWithIterable,
         $irvar0,
         return,
         $irvar1,
         $irvar2 },
exn:{ })

</LISTING>
<hr width="100%">
<a name="session48" href="./../nodes/org.junit.tests.running.classes.ParameterizedTestTest%24SingleArgumentTestWithIterable.data%28%29%3Ajava.lan.dda7f50b5fd4dbd9154c72b33afa7430_node3.html#session48">node3#session48</a>(<a href="./../../ParameterizedTestTest.java.88da44e98279dfa32c0c7e5c52f053d0.html#LINE645">645</a>) [exec] nullify
<LISTING class='color_black'>PRE STATE:
(normal:{ $irvar3, $irvar0, $irvar1, $irvar2 }, exn:{ },
normal:{ _,
         n$0,
         n$2,
         n$3,
         n$4,
         n$5,
         n$6,
         n$7,
         n$8,
         n$9,
         n$10,
         n$11,
         n$12,
         n$13,
         $irvar3,
         classes.ParameterizedTestTest$SingleArgumentTestWithIterable,
         $irvar0,
         return,
         $irvar1,
         $irvar2 },
exn:{ })

INSTR=  SKIP; 

STATE:
(normal:{ }, exn:{ },normal:{ $irvar3, $irvar0, $irvar1, $irvar2 }, exn:{ })

</LISTING>
<hr width="100%">
<a name="session116" href="./../nodes/org.junit.tests.running.classes.ParameterizedTestTest%24SingleArgumentTestWithIterable.data%28%29%3Ajava.lan.dda7f50b5fd4dbd9154c72b33afa7430_node3.html#session116">node3#session116</a>(<a href="./../../ParameterizedTestTest.java.88da44e98279dfa32c0c7e5c52f053d0.html#LINE645">645</a>) [exec] devirtualizer
<LISTING class='color_black'></LISTING>
<hr width="100%">
<a name="session117" href="./../nodes/org.junit.tests.running.classes.ParameterizedTestTest%24SingleArgumentTestWithIterable.data%28%29%3Ajava.lan.dda7f50b5fd4dbd9154c72b33afa7430_node3.html#session117">node3#session117</a>(<a href="./../../ParameterizedTestTest.java.88da44e98279dfa32c0c7e5c52f053d0.html#LINE645">645</a>) [exec] devirtualizer
<LISTING class='color_black'></LISTING>
<hr width="100%">
<a name="session118" href="./../nodes/org.junit.tests.running.classes.ParameterizedTestTest%24SingleArgumentTestWithIterable.data%28%29%3Ajava.lan.dda7f50b5fd4dbd9154c72b33afa7430_node3.html#session118">node3#session118</a>(<a href="./../../ParameterizedTestTest.java.88da44e98279dfa32c0c7e5c52f053d0.html#LINE645">645</a>) [exec] devirtualizer
<LISTING class='color_black'></LISTING>
<hr width="100%">
<a name="session119" href="./../nodes/org.junit.tests.running.classes.ParameterizedTestTest%24SingleArgumentTestWithIterable.data%28%29%3Ajava.lan.dda7f50b5fd4dbd9154c72b33afa7430_node3.html#session119">node3#session119</a>(<a href="./../../ParameterizedTestTest.java.88da44e98279dfa32c0c7e5c52f053d0.html#LINE645">645</a>) [exec] devirtualizer
<LISTING class='color_black'></LISTING>
<hr width="100%">
<a name="session120" href="./../nodes/org.junit.tests.running.classes.ParameterizedTestTest%24SingleArgumentTestWithIterable.data%28%29%3Ajava.lan.dda7f50b5fd4dbd9154c72b33afa7430_node3.html#session120">node3#session120</a>(<a href="./../../ParameterizedTestTest.java.88da44e98279dfa32c0c7e5c52f053d0.html#LINE645">645</a>) [exec] devirtualizer
<LISTING class='color_black'></LISTING>
<hr width="100%">
<a name="session121" href="./../nodes/org.junit.tests.running.classes.ParameterizedTestTest%24SingleArgumentTestWithIterable.data%28%29%3Ajava.lan.dda7f50b5fd4dbd9154c72b33afa7430_node3.html#session121">node3#session121</a>(<a href="./../../ParameterizedTestTest.java.88da44e98279dfa32c0c7e5c52f053d0.html#LINE645">645</a>) [exec] devirtualizer
<LISTING class='color_black'></LISTING>
<hr width="100%">
<a name="session58" href="./../nodes/org.junit.tests.running.classes.ParameterizedTestTest%24SingleArgumentTestWithIterable.data%28%29%3Ajava.lan.dda7f50b5fd4dbd9154c72b33afa7430_node3.html#session58">node3#session58</a>(<a href="./../../ParameterizedTestTest.java.88da44e98279dfa32c0c7e5c52f053d0.html#LINE645">645</a>) biabduction
<LISTING class='color_black'>**** [FP:Pending] Iterable ParameterizedTestTest$SingleArgumentTestWithIterable.data() Node: 3, Procedure: Iterable ParameterizedTestTest$SingleArgumentTestWithIterable.data(), Todo: 1 ****
  PROP 1 of 1:
  <span class='color_blue'><span class='color_red'>MEMne &lt; void Assert.fail(String):643 &gt; <span class='color_orange'>{vpath: }</span>(_t$0)</span> ;
  <span class='color_red'>$irvar3 = _t$1<span class='color_orange'>initial</span>:void</span>; <span class='color_red'>#GB<>$org.junit.tests.running.classes.ParameterizedTestTest$SingleArgumentTestWithIterable = {dataCalled:@f$0<span class='color_orange'>rearrange:642</span>}<span class='color_orange'>rearrange:642</span>:org.junit.tests.running.classes.ParameterizedTestTest$SingleArgumentTestWithIterable( sub )</span>; <span class='color_red'>$irvar0 = 0<span class='color_orange'>nullify</span>:void</span>; <span class='color_red'>return = EXN _t$0<span class='color_orange'>update:643</span>:java.lang.Iterable*</span>; <span class='color_red'>$irvar1 = _t$2<span class='color_orange'>initial</span>:void</span>; <span class='color_red'>$irvar2 = _t$3<span class='color_orange'>initial</span>:void</span> ;
  <span class='color_red'>_t$0|->{}<span class='color_orange'>alloc</span>:java.lang.AssertionError</span>; <span class='color_red'>@f$0|->{}<span class='color_orange'>rearrange:(z)642</span>:java.util.concurrent.atomic.AtomicBoolean( sub )</span>
  [footprint
     <span class='color_red'>#GB<>$org.junit.tests.running.classes.ParameterizedTestTest$SingleArgumentTestWithIterable = {dataCalled:@f$0<span class='color_orange'>rearrange:642</span>}<span class='color_orange'>rearrange:642</span>:org.junit.tests.running.classes.ParameterizedTestTest$SingleArgumentTestWithIterable( sub )</span>; <span class='color_red'>$RET_java.util.concurrent.atomic.AtomicBoolean.compareAndSet(boolean,boolean):boolean|abducedRetvar = 0<span class='color_orange'>none</span>:_Bool( sub )</span> ;
     <span class='color_red'>@f$0|->{}<span class='color_orange'>rearrange:(z)642</span>:java.util.concurrent.atomic.AtomicBoolean( sub )</span>  ]</span>
  .... Instructions: ....
  <span class='color_green'>NULLIFY(&amp;$irvar3); [line 645];
  NULLIFY(&amp;$irvar0); [line 645];
  NULLIFY(&amp;$irvar1); [line 645];
  NULLIFY(&amp;$irvar2); [line 645];
  EXIT_SCOPE($irvar3,$irvar0,$irvar1,$irvar2); [line 645];
  APPLY_ABSTRACTION; [line 645];
  </span>
  
  Processing prop 1/1
    Instruction <span class='color_green'>NULLIFY(&amp;$irvar3); [line 645]</span>
    in vpath_find exp:_t$0
    vpath_find: cannot find _t$0
    Instruction Returns
    PROP 1 of 1:
    <span class='color_blue'><span class='color_blue'>MEMne &lt; void Assert.fail(String):643 &gt; <span class='color_orange'>{vpath: }</span>(_t$0)</span> ;
    <span class='color_blue'>$irvar3 = <span class='color_red'>0<span class='color_orange'>nullify</span></span>:void</span>; <span class='color_blue'>#GB<>$org.junit.tests.running.classes.ParameterizedTestTest$SingleArgumentTestWithIterable = {dataCalled:@f$0<span class='color_orange'>rearrange:642</span>}<span class='color_orange'>rearrange:642</span>:org.junit.tests.running.classes.ParameterizedTestTest$SingleArgumentTestWithIterable( sub )</span>; <span class='color_blue'>$irvar0 = 0<span class='color_orange'>nullify</span>:void</span>; <span class='color_blue'>return = EXN _t$0<span class='color_orange'>update:643</span>:java.lang.Iterable*</span>; <span class='color_blue'>$irvar1 = <span class='color_red'>_t$1<span class='color_orange'>initial</span></span>:void</span>; <span class='color_blue'>$irvar2 = <span class='color_red'>_t$2<span class='color_orange'>initial</span></span>:void</span> ;
    <span class='color_blue'>_t$0|->{}<span class='color_orange'>alloc</span>:java.lang.AssertionError</span>; <span class='color_blue'>@f$0|->{}<span class='color_orange'>rearrange:(z)642</span>:java.util.concurrent.atomic.AtomicBoolean( sub )</span>
    [footprint
       <span class='color_blue'>#GB<>$org.junit.tests.running.classes.ParameterizedTestTest$SingleArgumentTestWithIterable = {dataCalled:@f$0<span class='color_orange'>rearrange:642</span>}<span class='color_orange'>rearrange:642</span>:org.junit.tests.running.classes.ParameterizedTestTest$SingleArgumentTestWithIterable( sub )</span>; <span class='color_blue'>$RET_java.util.concurrent.atomic.AtomicBoolean.compareAndSet(boolean,boolean):boolean|abducedRetvar = 0<span class='color_orange'>none</span>:_Bool( sub )</span> ;
       <span class='color_blue'>@f$0|->{}<span class='color_orange'>rearrange:(z)642</span>:java.util.concurrent.atomic.AtomicBoolean( sub )</span>  ]</span>
    
    Instruction <span class='color_green'>NULLIFY(&amp;$irvar0); [line 645]</span>
    in vpath_find exp:_t$0
    vpath_find: cannot find _t$0
    Instruction Returns
    PROP 1 of 1:
    <span class='color_blue'><span class='color_blue'>MEMne &lt; void Assert.fail(String):643 &gt; <span class='color_orange'>{vpath: }</span>(_t$0)</span> ;
    <span class='color_blue'>$irvar3 = 0<span class='color_orange'>nullify</span>:void</span>; <span class='color_blue'>#GB<>$org.junit.tests.running.classes.ParameterizedTestTest$SingleArgumentTestWithIterable = {dataCalled:@f$0<span class='color_orange'>rearrange:642</span>}<span class='color_orange'>rearrange:642</span>:org.junit.tests.running.classes.ParameterizedTestTest$SingleArgumentTestWithIterable( sub )</span>; <span class='color_blue'>$irvar0 = 0<span class='color_orange'>nullify</span>:void</span>; <span class='color_blue'>return = EXN _t$0<span class='color_orange'>update:643</span>:java.lang.Iterable*</span>; <span class='color_blue'>$irvar1 = _t$1<span class='color_orange'>initial</span>:void</span>; <span class='color_blue'>$irvar2 = _t$2<span class='color_orange'>initial</span>:void</span> ;
    <span class='color_blue'>_t$0|->{}<span class='color_orange'>alloc</span>:java.lang.AssertionError</span>; <span class='color_blue'>@f$0|->{}<span class='color_orange'>rearrange:(z)642</span>:java.util.concurrent.atomic.AtomicBoolean( sub )</span>
    [footprint
       <span class='color_blue'>#GB<>$org.junit.tests.running.classes.ParameterizedTestTest$SingleArgumentTestWithIterable = {dataCalled:@f$0<span class='color_orange'>rearrange:642</span>}<span class='color_orange'>rearrange:642</span>:org.junit.tests.running.classes.ParameterizedTestTest$SingleArgumentTestWithIterable( sub )</span>; <span class='color_blue'>$RET_java.util.concurrent.atomic.AtomicBoolean.compareAndSet(boolean,boolean):boolean|abducedRetvar = 0<span class='color_orange'>none</span>:_Bool( sub )</span> ;
       <span class='color_blue'>@f$0|->{}<span class='color_orange'>rearrange:(z)642</span>:java.util.concurrent.atomic.AtomicBoolean( sub )</span>  ]</span>
    
    Instruction <span class='color_green'>NULLIFY(&amp;$irvar1); [line 645]</span>
    in vpath_find exp:_t$0
    vpath_find: cannot find _t$0
    Instruction Returns
    PROP 1 of 1:
    <span class='color_blue'><span class='color_blue'>MEMne &lt; void Assert.fail(String):643 &gt; <span class='color_orange'>{vpath: }</span>(_t$0)</span> ;
    <span class='color_blue'>$irvar3 = 0<span class='color_orange'>nullify</span>:void</span>; <span class='color_blue'>#GB<>$org.junit.tests.running.classes.ParameterizedTestTest$SingleArgumentTestWithIterable = {dataCalled:@f$0<span class='color_orange'>rearrange:642</span>}<span class='color_orange'>rearrange:642</span>:org.junit.tests.running.classes.ParameterizedTestTest$SingleArgumentTestWithIterable( sub )</span>; <span class='color_blue'>$irvar0 = 0<span class='color_orange'>nullify</span>:void</span>; <span class='color_blue'>return = EXN _t$0<span class='color_orange'>update:643</span>:java.lang.Iterable*</span>; <span class='color_blue'>$irvar1 = <span class='color_red'>0<span class='color_orange'>nullify</span></span>:void</span>; <span class='color_blue'>$irvar2 = <span class='color_red'>_t$1<span class='color_orange'>initial</span></span>:void</span> ;
    <span class='color_blue'>_t$0|->{}<span class='color_orange'>alloc</span>:java.lang.AssertionError</span>; <span class='color_blue'>@f$0|->{}<span class='color_orange'>rearrange:(z)642</span>:java.util.concurrent.atomic.AtomicBoolean( sub )</span>
    [footprint
       <span class='color_blue'>#GB<>$org.junit.tests.running.classes.ParameterizedTestTest$SingleArgumentTestWithIterable = {dataCalled:@f$0<span class='color_orange'>rearrange:642</span>}<span class='color_orange'>rearrange:642</span>:org.junit.tests.running.classes.ParameterizedTestTest$SingleArgumentTestWithIterable( sub )</span>; <span class='color_blue'>$RET_java.util.concurrent.atomic.AtomicBoolean.compareAndSet(boolean,boolean):boolean|abducedRetvar = 0<span class='color_orange'>none</span>:_Bool( sub )</span> ;
       <span class='color_blue'>@f$0|->{}<span class='color_orange'>rearrange:(z)642</span>:java.util.concurrent.atomic.AtomicBoolean( sub )</span>  ]</span>
    
    Instruction <span class='color_green'>NULLIFY(&amp;$irvar2); [line 645]</span>
    in vpath_find exp:_t$0
    vpath_find: cannot find _t$0
    Instruction Returns
    PROP 1 of 1:
    <span class='color_blue'><span class='color_blue'>MEMne &lt; void Assert.fail(String):643 &gt; <span class='color_orange'>{vpath: }</span>(_t$0)</span> ;
    <span class='color_blue'>$irvar3 = 0<span class='color_orange'>nullify</span>:void</span>; <span class='color_blue'>#GB<>$org.junit.tests.running.classes.ParameterizedTestTest$SingleArgumentTestWithIterable = {dataCalled:@f$0<span class='color_orange'>rearrange:642</span>}<span class='color_orange'>rearrange:642</span>:org.junit.tests.running.classes.ParameterizedTestTest$SingleArgumentTestWithIterable( sub )</span>; <span class='color_blue'>$irvar0 = 0<span class='color_orange'>nullify</span>:void</span>; <span class='color_blue'>return = EXN _t$0<span class='color_orange'>update:643</span>:java.lang.Iterable*</span>; <span class='color_blue'>$irvar1 = 0<span class='color_orange'>nullify</span>:void</span>; <span class='color_blue'>$irvar2 = <span class='color_red'>0<span class='color_orange'>nullify</span></span>:void</span> ;
    <span class='color_blue'>_t$0|->{}<span class='color_orange'>alloc</span>:java.lang.AssertionError</span>; <span class='color_blue'>@f$0|->{}<span class='color_orange'>rearrange:(z)642</span>:java.util.concurrent.atomic.AtomicBoolean( sub )</span>
    [footprint
       <span class='color_blue'>#GB<>$org.junit.tests.running.classes.ParameterizedTestTest$SingleArgumentTestWithIterable = {dataCalled:@f$0<span class='color_orange'>rearrange:642</span>}<span class='color_orange'>rearrange:642</span>:org.junit.tests.running.classes.ParameterizedTestTest$SingleArgumentTestWithIterable( sub )</span>; <span class='color_blue'>$RET_java.util.concurrent.atomic.AtomicBoolean.compareAndSet(boolean,boolean):boolean|abducedRetvar = 0<span class='color_orange'>none</span>:_Bool( sub )</span> ;
       <span class='color_blue'>@f$0|->{}<span class='color_orange'>rearrange:(z)642</span>:java.util.concurrent.atomic.AtomicBoolean( sub )</span>  ]</span>
    
    Instruction <span class='color_green'>EXIT_SCOPE($irvar3,$irvar0,$irvar1,$irvar2); [line 645]</span>
    in vpath_find exp:_t$0
    vpath_find: cannot find _t$0
    Instruction Returns
    PROP 1 of 1:
    <span class='color_blue'><span class='color_blue'>MEMne &lt; void Assert.fail(String):643 &gt; <span class='color_orange'>{vpath: }</span>(_t$0)</span> ;
    <span class='color_blue'>$irvar3 = 0<span class='color_orange'>nullify</span>:void</span>; <span class='color_blue'>#GB<>$org.junit.tests.running.classes.ParameterizedTestTest$SingleArgumentTestWithIterable = {dataCalled:@f$0<span class='color_orange'>rearrange:642</span>}<span class='color_orange'>rearrange:642</span>:org.junit.tests.running.classes.ParameterizedTestTest$SingleArgumentTestWithIterable( sub )</span>; <span class='color_blue'>$irvar0 = 0<span class='color_orange'>nullify</span>:void</span>; <span class='color_blue'>return = EXN _t$0<span class='color_orange'>update:643</span>:java.lang.Iterable*</span>; <span class='color_blue'>$irvar1 = 0<span class='color_orange'>nullify</span>:void</span>; <span class='color_blue'>$irvar2 = 0<span class='color_orange'>nullify</span>:void</span> ;
    <span class='color_blue'>_t$0|->{}<span class='color_orange'>alloc</span>:java.lang.AssertionError</span>; <span class='color_blue'>@f$0|->{}<span class='color_orange'>rearrange:(z)642</span>:java.util.concurrent.atomic.AtomicBoolean( sub )</span>
    [footprint
       <span class='color_blue'>#GB<>$org.junit.tests.running.classes.ParameterizedTestTest$SingleArgumentTestWithIterable = {dataCalled:@f$0<span class='color_orange'>rearrange:642</span>}<span class='color_orange'>rearrange:642</span>:org.junit.tests.running.classes.ParameterizedTestTest$SingleArgumentTestWithIterable( sub )</span>; <span class='color_blue'>$RET_java.util.concurrent.atomic.AtomicBoolean.compareAndSet(boolean,boolean):boolean|abducedRetvar = 0<span class='color_orange'>none</span>:_Bool( sub )</span> ;
       <span class='color_blue'>@f$0|->{}<span class='color_orange'>rearrange:(z)642</span>:java.util.concurrent.atomic.AtomicBoolean( sub )</span>  ]</span>
    
    Instruction <span class='color_green'>APPLY_ABSTRACTION; [line 645]</span>
    in vpath_find exp:_t$0
    vpath_find: cannot find _t$0
    Prover.check_inconsistency_base: inconsistency reason [None]
    Prover.check_inconsistency_base: inconsistency reason [None]
    Can't find field dataCalled in StrexpMatch.find
    Can't find field dataCalled in StrexpMatch.find
    <span class='color_blue'>MEMne &lt; void Assert.fail(String):643 &gt; <span class='color_orange'>{vpath: }</span>(_t$0) ;
    $irvar3 = 0<span class='color_orange'>nullify</span>:void; #GB<>$org.junit.tests.running.classes.ParameterizedTestTest$SingleArgumentTestWithIterable = {dataCalled:@f$0<span class='color_orange'>rearrange:642</span>}<span class='color_orange'>rearrange:642</span>:org.junit.tests.running.classes.ParameterizedTestTest$SingleArgumentTestWithIterable( sub ); $irvar0 = 0<span class='color_orange'>nullify</span>:void; return = EXN _t$0<span class='color_orange'>update:643</span>:java.lang.Iterable*; $irvar1 = 0<span class='color_orange'>nullify</span>:void; $irvar2 = 0<span class='color_orange'>nullify</span>:void ;
    _t$0|->{}<span class='color_orange'>alloc</span>:java.lang.AssertionError; @f$0|->{}<span class='color_orange'>rearrange:(z)642</span>:java.util.concurrent.atomic.AtomicBoolean( sub )
    [footprint
       #GB<>$org.junit.tests.running.classes.ParameterizedTestTest$SingleArgumentTestWithIterable = {dataCalled:@f$0<span class='color_orange'>rearrange:642</span>}<span class='color_orange'>rearrange:642</span>:org.junit.tests.running.classes.ParameterizedTestTest$SingleArgumentTestWithIterable( sub ); $RET_java.util.concurrent.atomic.AtomicBoolean.compareAndSet(boolean,boolean):boolean|abducedRetvar = 0<span class='color_orange'>none</span>:_Bool( sub ) ;
       @f$0|->{}<span class='color_orange'>rearrange:(z)642</span>:java.util.concurrent.atomic.AtomicBoolean( sub )  ]</span>
    Instruction Returns
    PROP 1 of 1:
    <span class='color_blue'><span class='color_blue'>MEMne &lt; void Assert.fail(String):643 &gt; <span class='color_orange'>{vpath: }</span>(_t$0)</span> ;
    <span class='color_blue'>$irvar3 = 0<span class='color_orange'>nullify</span>:void</span>; <span class='color_blue'>#GB<>$org.junit.tests.running.classes.ParameterizedTestTest$SingleArgumentTestWithIterable = {dataCalled:@f$0<span class='color_orange'>rearrange:642</span>}<span class='color_orange'>rearrange:642</span>:org.junit.tests.running.classes.ParameterizedTestTest$SingleArgumentTestWithIterable( sub )</span>; <span class='color_blue'>$irvar0 = 0<span class='color_orange'>nullify</span>:void</span>; <span class='color_blue'>return = EXN _t$0<span class='color_orange'>update:643</span>:java.lang.Iterable*</span>; <span class='color_blue'>$irvar1 = 0<span class='color_orange'>nullify</span>:void</span>; <span class='color_blue'>$irvar2 = 0<span class='color_orange'>nullify</span>:void</span> ;
    <span class='color_blue'>_t$0|->{}<span class='color_orange'>alloc</span>:java.lang.AssertionError</span>; <span class='color_blue'>@f$0|->{}<span class='color_orange'>rearrange:(z)642</span>:java.util.concurrent.atomic.AtomicBoolean( sub )</span>
    [footprint
       <span class='color_blue'>#GB<>$org.junit.tests.running.classes.ParameterizedTestTest$SingleArgumentTestWithIterable = {dataCalled:@f$0<span class='color_orange'>rearrange:642</span>}<span class='color_orange'>rearrange:642</span>:org.junit.tests.running.classes.ParameterizedTestTest$SingleArgumentTestWithIterable( sub )</span>; <span class='color_blue'>$RET_java.util.concurrent.atomic.AtomicBoolean.compareAndSet(boolean,boolean):boolean|abducedRetvar = 0<span class='color_orange'>none</span>:_Bool( sub )</span> ;
       <span class='color_blue'>@f$0|->{}<span class='color_orange'>rearrange:(z)642</span>:java.util.concurrent.atomic.AtomicBoolean( sub )</span>  ]</span>
    
    .... After Symbolic Execution ....
    PROP 1 of 1:
    <span class='color_blue'><span class='color_blue'>MEMne &lt; void Assert.fail(String):643 &gt; <span class='color_orange'>{vpath: }</span>(_t$0)</span> ;
    <span class='color_blue'>$irvar3 = <span class='color_red'>0<span class='color_orange'>nullify</span></span>:void</span>; <span class='color_blue'>#GB<>$org.junit.tests.running.classes.ParameterizedTestTest$SingleArgumentTestWithIterable = {dataCalled:@f$0<span class='color_orange'>rearrange:642</span>}<span class='color_orange'>rearrange:642</span>:org.junit.tests.running.classes.ParameterizedTestTest$SingleArgumentTestWithIterable( sub )</span>; <span class='color_blue'>$irvar0 = 0<span class='color_orange'>nullify</span>:void</span>; <span class='color_blue'>return = EXN _t$0<span class='color_orange'>update:643</span>:java.lang.Iterable*</span>; <span class='color_blue'>$irvar1 = <span class='color_red'>0<span class='color_orange'>nullify</span></span>:void</span>; <span class='color_blue'>$irvar2 = <span class='color_red'>0<span class='color_orange'>nullify</span></span>:void</span> ;
    <span class='color_blue'>_t$0|->{}<span class='color_orange'>alloc</span>:java.lang.AssertionError</span>; <span class='color_blue'>@f$0|->{}<span class='color_orange'>rearrange:(z)642</span>:java.util.concurrent.atomic.AtomicBoolean( sub )</span>
    [footprint
       <span class='color_blue'>#GB<>$org.junit.tests.running.classes.ParameterizedTestTest$SingleArgumentTestWithIterable = {dataCalled:@f$0<span class='color_orange'>rearrange:642</span>}<span class='color_orange'>rearrange:642</span>:org.junit.tests.running.classes.ParameterizedTestTest$SingleArgumentTestWithIterable( sub )</span>; <span class='color_blue'>$RET_java.util.concurrent.atomic.AtomicBoolean.compareAndSet(boolean,boolean):boolean|abducedRetvar = 0<span class='color_orange'>none</span>:_Bool( sub )</span> ;
       <span class='color_blue'>@f$0|->{}<span class='color_orange'>rearrange:(z)642</span>:java.util.concurrent.atomic.AtomicBoolean( sub )</span>  ]</span>
    
    
    
  </LISTING>
<hr width="100%">
<a name="session80" href="./../nodes/org.junit.tests.running.classes.ParameterizedTestTest%24SingleArgumentTestWithIterable.data%28%29%3Ajava.lan.dda7f50b5fd4dbd9154c72b33afa7430_node3.html#session80">node3#session80</a>(<a href="./../../ParameterizedTestTest.java.88da44e98279dfa32c0c7e5c52f053d0.html#LINE645">645</a>) biabduction
<LISTING class='color_black'>**** [RE:Pending] Iterable ParameterizedTestTest$SingleArgumentTestWithIterable.data() Node: 3, Procedure: Iterable ParameterizedTestTest$SingleArgumentTestWithIterable.data(), Todo: 1 ****
  PROP 1 of 1:
  <span class='color_blue'><span class='color_red'>MEMne &lt; void Assert.fail(String):643 &gt; <span class='color_orange'>{vpath: }</span>(_t$0)</span> ;
  <span class='color_red'>$irvar3 = _t$1<span class='color_orange'>initial</span>:void</span>; <span class='color_red'>#GB<>$org.junit.tests.running.classes.ParameterizedTestTest$SingleArgumentTestWithIterable = {dataCalled:val$1<span class='color_orange'>formal</span>}<span class='color_orange'>formal</span>:org.junit.tests.running.classes.ParameterizedTestTest$SingleArgumentTestWithIterable( sub )</span>; <span class='color_red'>old_org.junit.tests.running.classes.ParameterizedTestTest$SingleArgumentTestWithIterable = {dataCalled:val$1<span class='color_orange'>formal</span>}<span class='color_orange'>formal</span>:org.junit.tests.running.classes.ParameterizedTestTest$SingleArgumentTestWithIterable( sub )</span>; <span class='color_red'>$RET_java.util.concurrent.atomic.AtomicBoolean.compareAndSet(boolean,boolean):boolean|abducedRetvar = 0<span class='color_orange'>formal</span>:_Bool( sub )</span>; <span class='color_red'>$irvar0 = 0<span class='color_orange'>nullify</span>:void</span>; <span class='color_red'>return = EXN _t$0<span class='color_orange'>update:643</span>:java.lang.Iterable*</span>; <span class='color_red'>$irvar1 = _t$2<span class='color_orange'>initial</span>:void</span>; <span class='color_red'>$irvar2 = _t$3<span class='color_orange'>initial</span>:void</span> ;
  <span class='color_red'>_t$0|->{}<span class='color_orange'>alloc</span>:java.lang.AssertionError</span>; <span class='color_red'>val$1|->{}<span class='color_orange'>formal(z)</span>:java.util.concurrent.atomic.AtomicBoolean( sub )</span></span>
  .... Instructions: ....
  <span class='color_green'>NULLIFY(&amp;$irvar3); [line 645];
  NULLIFY(&amp;$irvar0); [line 645];
  NULLIFY(&amp;$irvar1); [line 645];
  NULLIFY(&amp;$irvar2); [line 645];
  EXIT_SCOPE($irvar3,$irvar0,$irvar1,$irvar2); [line 645];
  APPLY_ABSTRACTION; [line 645];
  </span>
  
  Processing prop 1/1
    Instruction <span class='color_green'>NULLIFY(&amp;$irvar3); [line 645]</span>
    in vpath_find exp:_t$0
    vpath_find: cannot find _t$0
    Instruction Returns
    PROP 1 of 1:
    <span class='color_blue'><span class='color_blue'>MEMne &lt; void Assert.fail(String):643 &gt; <span class='color_orange'>{vpath: }</span>(_t$0)</span> ;
    <span class='color_blue'>$irvar3 = <span class='color_red'>0<span class='color_orange'>nullify</span></span>:void</span>; <span class='color_blue'>#GB<>$org.junit.tests.running.classes.ParameterizedTestTest$SingleArgumentTestWithIterable = {dataCalled:val$1<span class='color_orange'>formal</span>}<span class='color_orange'>formal</span>:org.junit.tests.running.classes.ParameterizedTestTest$SingleArgumentTestWithIterable( sub )</span>; <span class='color_blue'>old_org.junit.tests.running.classes.ParameterizedTestTest$SingleArgumentTestWithIterable = {dataCalled:val$1<span class='color_orange'>formal</span>}<span class='color_orange'>formal</span>:org.junit.tests.running.classes.ParameterizedTestTest$SingleArgumentTestWithIterable( sub )</span>; <span class='color_blue'>$RET_java.util.concurrent.atomic.AtomicBoolean.compareAndSet(boolean,boolean):boolean|abducedRetvar = 0<span class='color_orange'>formal</span>:_Bool( sub )</span>; <span class='color_blue'>$irvar0 = 0<span class='color_orange'>nullify</span>:void</span>; <span class='color_blue'>return = EXN _t$0<span class='color_orange'>update:643</span>:java.lang.Iterable*</span>; <span class='color_blue'>$irvar1 = <span class='color_red'>_t$1<span class='color_orange'>initial</span></span>:void</span>; <span class='color_blue'>$irvar2 = <span class='color_red'>_t$2<span class='color_orange'>initial</span></span>:void</span> ;
    <span class='color_blue'>_t$0|->{}<span class='color_orange'>alloc</span>:java.lang.AssertionError</span>; <span class='color_blue'>val$1|->{}<span class='color_orange'>formal(z)</span>:java.util.concurrent.atomic.AtomicBoolean( sub )</span></span>
    
    Instruction <span class='color_green'>NULLIFY(&amp;$irvar0); [line 645]</span>
    in vpath_find exp:_t$0
    vpath_find: cannot find _t$0
    Instruction Returns
    PROP 1 of 1:
    <span class='color_blue'><span class='color_blue'>MEMne &lt; void Assert.fail(String):643 &gt; <span class='color_orange'>{vpath: }</span>(_t$0)</span> ;
    <span class='color_blue'>$irvar3 = 0<span class='color_orange'>nullify</span>:void</span>; <span class='color_blue'>#GB<>$org.junit.tests.running.classes.ParameterizedTestTest$SingleArgumentTestWithIterable = {dataCalled:val$1<span class='color_orange'>formal</span>}<span class='color_orange'>formal</span>:org.junit.tests.running.classes.ParameterizedTestTest$SingleArgumentTestWithIterable( sub )</span>; <span class='color_blue'>old_org.junit.tests.running.classes.ParameterizedTestTest$SingleArgumentTestWithIterable = {dataCalled:val$1<span class='color_orange'>formal</span>}<span class='color_orange'>formal</span>:org.junit.tests.running.classes.ParameterizedTestTest$SingleArgumentTestWithIterable( sub )</span>; <span class='color_blue'>$RET_java.util.concurrent.atomic.AtomicBoolean.compareAndSet(boolean,boolean):boolean|abducedRetvar = 0<span class='color_orange'>formal</span>:_Bool( sub )</span>; <span class='color_blue'>$irvar0 = 0<span class='color_orange'>nullify</span>:void</span>; <span class='color_blue'>return = EXN _t$0<span class='color_orange'>update:643</span>:java.lang.Iterable*</span>; <span class='color_blue'>$irvar1 = _t$1<span class='color_orange'>initial</span>:void</span>; <span class='color_blue'>$irvar2 = _t$2<span class='color_orange'>initial</span>:void</span> ;
    <span class='color_blue'>_t$0|->{}<span class='color_orange'>alloc</span>:java.lang.AssertionError</span>; <span class='color_blue'>val$1|->{}<span class='color_orange'>formal(z)</span>:java.util.concurrent.atomic.AtomicBoolean( sub )</span></span>
    
    Instruction <span class='color_green'>NULLIFY(&amp;$irvar1); [line 645]</span>
    in vpath_find exp:_t$0
    vpath_find: cannot find _t$0
    Instruction Returns
    PROP 1 of 1:
    <span class='color_blue'><span class='color_blue'>MEMne &lt; void Assert.fail(String):643 &gt; <span class='color_orange'>{vpath: }</span>(_t$0)</span> ;
    <span class='color_blue'>$irvar3 = 0<span class='color_orange'>nullify</span>:void</span>; <span class='color_blue'>#GB<>$org.junit.tests.running.classes.ParameterizedTestTest$SingleArgumentTestWithIterable = {dataCalled:val$1<span class='color_orange'>formal</span>}<span class='color_orange'>formal</span>:org.junit.tests.running.classes.ParameterizedTestTest$SingleArgumentTestWithIterable( sub )</span>; <span class='color_blue'>old_org.junit.tests.running.classes.ParameterizedTestTest$SingleArgumentTestWithIterable = {dataCalled:val$1<span class='color_orange'>formal</span>}<span class='color_orange'>formal</span>:org.junit.tests.running.classes.ParameterizedTestTest$SingleArgumentTestWithIterable( sub )</span>; <span class='color_blue'>$RET_java.util.concurrent.atomic.AtomicBoolean.compareAndSet(boolean,boolean):boolean|abducedRetvar = 0<span class='color_orange'>formal</span>:_Bool( sub )</span>; <span class='color_blue'>$irvar0 = 0<span class='color_orange'>nullify</span>:void</span>; <span class='color_blue'>return = EXN _t$0<span class='color_orange'>update:643</span>:java.lang.Iterable*</span>; <span class='color_blue'>$irvar1 = <span class='color_red'>0<span class='color_orange'>nullify</span></span>:void</span>; <span class='color_blue'>$irvar2 = <span class='color_red'>_t$1<span class='color_orange'>initial</span></span>:void</span> ;
    <span class='color_blue'>_t$0|->{}<span class='color_orange'>alloc</span>:java.lang.AssertionError</span>; <span class='color_blue'>val$1|->{}<span class='color_orange'>formal(z)</span>:java.util.concurrent.atomic.AtomicBoolean( sub )</span></span>
    
    Instruction <span class='color_green'>NULLIFY(&amp;$irvar2); [line 645]</span>
    in vpath_find exp:_t$0
    vpath_find: cannot find _t$0
    Instruction Returns
    PROP 1 of 1:
    <span class='color_blue'><span class='color_blue'>MEMne &lt; void Assert.fail(String):643 &gt; <span class='color_orange'>{vpath: }</span>(_t$0)</span> ;
    <span class='color_blue'>$irvar3 = 0<span class='color_orange'>nullify</span>:void</span>; <span class='color_blue'>#GB<>$org.junit.tests.running.classes.ParameterizedTestTest$SingleArgumentTestWithIterable = {dataCalled:val$1<span class='color_orange'>formal</span>}<span class='color_orange'>formal</span>:org.junit.tests.running.classes.ParameterizedTestTest$SingleArgumentTestWithIterable( sub )</span>; <span class='color_blue'>old_org.junit.tests.running.classes.ParameterizedTestTest$SingleArgumentTestWithIterable = {dataCalled:val$1<span class='color_orange'>formal</span>}<span class='color_orange'>formal</span>:org.junit.tests.running.classes.ParameterizedTestTest$SingleArgumentTestWithIterable( sub )</span>; <span class='color_blue'>$RET_java.util.concurrent.atomic.AtomicBoolean.compareAndSet(boolean,boolean):boolean|abducedRetvar = 0<span class='color_orange'>formal</span>:_Bool( sub )</span>; <span class='color_blue'>$irvar0 = 0<span class='color_orange'>nullify</span>:void</span>; <span class='color_blue'>return = EXN _t$0<span class='color_orange'>update:643</span>:java.lang.Iterable*</span>; <span class='color_blue'>$irvar1 = 0<span class='color_orange'>nullify</span>:void</span>; <span class='color_blue'>$irvar2 = <span class='color_red'>0<span class='color_orange'>nullify</span></span>:void</span> ;
    <span class='color_blue'>_t$0|->{}<span class='color_orange'>alloc</span>:java.lang.AssertionError</span>; <span class='color_blue'>val$1|->{}<span class='color_orange'>formal(z)</span>:java.util.concurrent.atomic.AtomicBoolean( sub )</span></span>
    
    Instruction <span class='color_green'>EXIT_SCOPE($irvar3,$irvar0,$irvar1,$irvar2); [line 645]</span>
    in vpath_find exp:_t$0
    vpath_find: cannot find _t$0
    Instruction Returns
    PROP 1 of 1:
    <span class='color_blue'><span class='color_blue'>MEMne &lt; void Assert.fail(String):643 &gt; <span class='color_orange'>{vpath: }</span>(_t$0)</span> ;
    <span class='color_blue'>$irvar3 = 0<span class='color_orange'>nullify</span>:void</span>; <span class='color_blue'>#GB<>$org.junit.tests.running.classes.ParameterizedTestTest$SingleArgumentTestWithIterable = {dataCalled:val$1<span class='color_orange'>formal</span>}<span class='color_orange'>formal</span>:org.junit.tests.running.classes.ParameterizedTestTest$SingleArgumentTestWithIterable( sub )</span>; <span class='color_blue'>old_org.junit.tests.running.classes.ParameterizedTestTest$SingleArgumentTestWithIterable = {dataCalled:val$1<span class='color_orange'>formal</span>}<span class='color_orange'>formal</span>:org.junit.tests.running.classes.ParameterizedTestTest$SingleArgumentTestWithIterable( sub )</span>; <span class='color_blue'>$RET_java.util.concurrent.atomic.AtomicBoolean.compareAndSet(boolean,boolean):boolean|abducedRetvar = 0<span class='color_orange'>formal</span>:_Bool( sub )</span>; <span class='color_blue'>$irvar0 = 0<span class='color_orange'>nullify</span>:void</span>; <span class='color_blue'>return = EXN _t$0<span class='color_orange'>update:643</span>:java.lang.Iterable*</span>; <span class='color_blue'>$irvar1 = 0<span class='color_orange'>nullify</span>:void</span>; <span class='color_blue'>$irvar2 = 0<span class='color_orange'>nullify</span>:void</span> ;
    <span class='color_blue'>_t$0|->{}<span class='color_orange'>alloc</span>:java.lang.AssertionError</span>; <span class='color_blue'>val$1|->{}<span class='color_orange'>formal(z)</span>:java.util.concurrent.atomic.AtomicBoolean( sub )</span></span>
    
    Instruction <span class='color_green'>APPLY_ABSTRACTION; [line 645]</span>
    in vpath_find exp:_t$0
    vpath_find: cannot find _t$0
    Prover.check_inconsistency_base: inconsistency reason [None]
    Prover.check_inconsistency_base: inconsistency reason [None]
    Can't find field dataCalled in StrexpMatch.find
    Can't find field dataCalled in StrexpMatch.find
    <span class='color_blue'>MEMne &lt; void Assert.fail(String):643 &gt; <span class='color_orange'>{vpath: }</span>(_t$0) ;
    $irvar3 = 0<span class='color_orange'>nullify</span>:void; #GB<>$org.junit.tests.running.classes.ParameterizedTestTest$SingleArgumentTestWithIterable = {dataCalled:val$1<span class='color_orange'>formal</span>}<span class='color_orange'>formal</span>:org.junit.tests.running.classes.ParameterizedTestTest$SingleArgumentTestWithIterable( sub ); old_org.junit.tests.running.classes.ParameterizedTestTest$SingleArgumentTestWithIterable = {dataCalled:val$1<span class='color_orange'>formal</span>}<span class='color_orange'>formal</span>:org.junit.tests.running.classes.ParameterizedTestTest$SingleArgumentTestWithIterable( sub ); $RET_java.util.concurrent.atomic.AtomicBoolean.compareAndSet(boolean,boolean):boolean|abducedRetvar = 0<span class='color_orange'>formal</span>:_Bool( sub ); $irvar0 = 0<span class='color_orange'>nullify</span>:void; return = EXN _t$0<span class='color_orange'>update:643</span>:java.lang.Iterable*; $irvar1 = 0<span class='color_orange'>nullify</span>:void; $irvar2 = 0<span class='color_orange'>nullify</span>:void ;
    _t$0|->{}<span class='color_orange'>alloc</span>:java.lang.AssertionError; val$1|->{}<span class='color_orange'>formal(z)</span>:java.util.concurrent.atomic.AtomicBoolean( sub )</span>
    Instruction Returns
    PROP 1 of 1:
    <span class='color_blue'><span class='color_blue'>MEMne &lt; void Assert.fail(String):643 &gt; <span class='color_orange'>{vpath: }</span>(_t$0)</span> ;
    <span class='color_blue'>$irvar3 = 0<span class='color_orange'>nullify</span>:void</span>; <span class='color_blue'>#GB<>$org.junit.tests.running.classes.ParameterizedTestTest$SingleArgumentTestWithIterable = {dataCalled:val$1<span class='color_orange'>formal</span>}<span class='color_orange'>formal</span>:org.junit.tests.running.classes.ParameterizedTestTest$SingleArgumentTestWithIterable( sub )</span>; <span class='color_blue'>old_org.junit.tests.running.classes.ParameterizedTestTest$SingleArgumentTestWithIterable = {dataCalled:val$1<span class='color_orange'>formal</span>}<span class='color_orange'>formal</span>:org.junit.tests.running.classes.ParameterizedTestTest$SingleArgumentTestWithIterable( sub )</span>; <span class='color_blue'>$RET_java.util.concurrent.atomic.AtomicBoolean.compareAndSet(boolean,boolean):boolean|abducedRetvar = 0<span class='color_orange'>formal</span>:_Bool( sub )</span>; <span class='color_blue'>$irvar0 = 0<span class='color_orange'>nullify</span>:void</span>; <span class='color_blue'>return = EXN _t$0<span class='color_orange'>update:643</span>:java.lang.Iterable*</span>; <span class='color_blue'>$irvar1 = 0<span class='color_orange'>nullify</span>:void</span>; <span class='color_blue'>$irvar2 = 0<span class='color_orange'>nullify</span>:void</span> ;
    <span class='color_blue'>_t$0|->{}<span class='color_orange'>alloc</span>:java.lang.AssertionError</span>; <span class='color_blue'>val$1|->{}<span class='color_orange'>formal(z)</span>:java.util.concurrent.atomic.AtomicBoolean( sub )</span></span>
    
    .... After Symbolic Execution ....
    PROP 1 of 1:
    <span class='color_blue'><span class='color_blue'>MEMne &lt; void Assert.fail(String):643 &gt; <span class='color_orange'>{vpath: }</span>(_t$0)</span> ;
    <span class='color_blue'>$irvar3 = <span class='color_red'>0<span class='color_orange'>nullify</span></span>:void</span>; <span class='color_blue'>#GB<>$org.junit.tests.running.classes.ParameterizedTestTest$SingleArgumentTestWithIterable = {dataCalled:val$1<span class='color_orange'>formal</span>}<span class='color_orange'>formal</span>:org.junit.tests.running.classes.ParameterizedTestTest$SingleArgumentTestWithIterable( sub )</span>; <span class='color_blue'>old_org.junit.tests.running.classes.ParameterizedTestTest$SingleArgumentTestWithIterable = {dataCalled:val$1<span class='color_orange'>formal</span>}<span class='color_orange'>formal</span>:org.junit.tests.running.classes.ParameterizedTestTest$SingleArgumentTestWithIterable( sub )</span>; <span class='color_blue'>$RET_java.util.concurrent.atomic.AtomicBoolean.compareAndSet(boolean,boolean):boolean|abducedRetvar = 0<span class='color_orange'>formal</span>:_Bool( sub )</span>; <span class='color_blue'>$irvar0 = 0<span class='color_orange'>nullify</span>:void</span>; <span class='color_blue'>return = EXN _t$0<span class='color_orange'>update:643</span>:java.lang.Iterable*</span>; <span class='color_blue'>$irvar1 = <span class='color_red'>0<span class='color_orange'>nullify</span></span>:void</span>; <span class='color_blue'>$irvar2 = <span class='color_red'>0<span class='color_orange'>nullify</span></span>:void</span> ;
    <span class='color_blue'>_t$0|->{}<span class='color_orange'>alloc</span>:java.lang.AssertionError</span>; <span class='color_blue'>val$1|->{}<span class='color_orange'>formal(z)</span>:java.util.concurrent.atomic.AtomicBoolean( sub )</span></span>
    
    
    
  </LISTING>