<!DOCTYPE HTML PUBLIC "-//W3C//DTD HTML 4.01 Transitional//EN">
<html>
<head>
<title>org.junit.tests.running.classes.ParameterizedTestTest.meaningfulFailureWhenParametersNotPublic():voi.7f609169ab55f359543a10f51fc778d6_node9</title>
<meta http-equiv="Content-Type" content="text/html; charset=utf-8">
<style type="text/css">
body { background-color:#fff; color:#000; font-family:Helvetica, sans-serif; font-size:10pt }
h1 { font-size:14pt }
.code { border-collapse:collapse; width:100%; font-family: "Andale Mono", monospace; font-size:10pt; line-height: 1.2em }
.color_black { color: black }
.color_blue { color: blue }
.color_green { color: green }
.color_orange { color: orange }
.color_red { color: red }
.line { border-left: 3px solid #ccc; padding-left: 1ex; white-space: pre; }
.msg { background-color:#fff8b4; color:#000; float:left; font-family:Helvetica, sans-serif; font-size: smaller; font-weight: bold; margin-bottom:10px; margin-top:10px; max-width:60em; padding:0.5em 1ex 0.5em 1ex; -webkit-border-radius:5px; -webkit-box-shadow:1px 1px 7px #000; white-space: pre-wrap; word-wrap: break-word; }
.num { background-color:#eee; color:#444; font-size: smaller; padding-right:2ex; text-align:right; width:2.5em; }
.dangling { background-color:white; color: gray; }
.visited { background-color:LemonChiffon; color: darkmagenta; }
.tooltip { display: none; background-color:#FFF0F0; border: 2px solid #F00; font-weight: normal; left:10em; padding: 2px; position: absolute; top: -1em; -webkit-border-radius:5px; -webkit-box-shadow:1px 1px 7px #000; z-index: 1}
.with_tooltip { position: relative; }
.with_tooltip:hover .tooltip, .visited:hover .tooltip { display: block; }
</style>
</head>
<body>
<center><h1>Cfg Node <a href="./../../ParameterizedTestTest.java.88da44e98279dfa32c0c7e5c52f053d0.html#LINE541">9</a></h1></center>PROC: <a href="./../org.junit.tests.running.classes.ParameterizedTestTest.meaningfulFailureWhenParametersNotPublic%28%29%3Avoi.7f609169ab55f359543a10f51fc778d6.html">void ParameterizedTestTest.meaningfulFailureWhenParametersNotPublic()</a> LINE: <a href="./../../ParameterizedTestTest.java.88da44e98279dfa32c0c7e5c52f053d0.html#LINE541">541</a>
<br>PREDS:
<a href="./../nodes/org.junit.tests.running.classes.ParameterizedTestTest.meaningfulFailureWhenParametersNotPublic%28%29%3Avoi.7f609169ab55f359543a10f51fc778d6_node8.html"><span class='visited with_tooltip'>N_8<span class='tooltip'>node8 preds:7 succs:9 exn:3 </span></span></a><br>SUCCS:
<a href="./../nodes/org.junit.tests.running.classes.ParameterizedTestTest.meaningfulFailureWhenParametersNotPublic%28%29%3Avoi.7f609169ab55f359543a10f51fc778d6_node10.html"><span class='visited with_tooltip'>N_10<span class='tooltip'>node10 preds:9 succs:2 exn:3 </span></span></a><br>EXN:
<a href="./../nodes/org.junit.tests.running.classes.ParameterizedTestTest.meaningfulFailureWhenParametersNotPublic%28%29%3Avoi.7f609169ab55f359543a10f51fc778d6_node3.html"><span class='visited with_tooltip'>N_3<span class='tooltip'>node3 preds: succs:2 exn:2 </span></span></a><br>
<LISTING class='color_green'>n$13=*&amp;this:org.junit.tests.running.classes.ParameterizedTestTest* [line 541];
n$14=*&amp;$irvar4:java.lang.String* [line 541];
n$15=_fun_void ParameterizedTestTest.assertTestCreatesSingleFailureWithMessage(Class,String)(n$13:org.junit.tests.running.classes.ParameterizedTestTest*,org.junit.tests.running.classes.ParameterizedTestTest$ProtectedParametersTest:java.lang.Object*,n$14:java.lang.String*) [line 541];
</LISTING>
<hr width="100%">
<a name="session6" href="./../nodes/org.junit.tests.running.classes.ParameterizedTestTest.meaningfulFailureWhenParametersNotPublic%28%29%3Avoi.7f609169ab55f359543a10f51fc778d6_node9.html#session6">node9#session6</a>(<a href="./../../ParameterizedTestTest.java.88da44e98279dfa32c0c7e5c52f053d0.html#LINE541">541</a>) [compute pre] liveness 9
<LISTING class='color_black'>JOIN

LEFT:   normal:{ }, exn:{ }
RIGHT:  normal:{ }, exn:{ }
RESULT: normal:{ }, exn:{ }

</LISTING>
<hr width="100%">
<a name="session7" href="./../nodes/org.junit.tests.running.classes.ParameterizedTestTest.meaningfulFailureWhenParametersNotPublic%28%29%3Avoi.7f609169ab55f359543a10f51fc778d6_node9.html#session7">node9#session7</a>(<a href="./../../ParameterizedTestTest.java.88da44e98279dfa32c0c7e5c52f053d0.html#LINE541">541</a>) [exec] liveness 9
<LISTING class='color_black'>PRE STATE:
normal:{ }, exn:{ }

INSTR=  n$15=_fun_void ParameterizedTestTest.assertTestCreatesSingleFailureWithMessage(Class,String)(n$13:org.junit.tests.running.classes.ParameterizedTestTest*,org.junit.tests.running.classes.ParameterizedTestTest$ProtectedParametersTest:java.lang.Object*,n$14:java.lang.String*) [line 541]; 

STATE:
normal:{ n$13, n$14 }, exn:{ }

INSTR=  n$14=*&amp;$irvar4:java.lang.String* [line 541]; 

STATE:
normal:{ n$13, $irvar4 }, exn:{ }

INSTR=  n$13=*&amp;this:org.junit.tests.running.classes.ParameterizedTestTest* [line 541]; 

STATE:
normal:{ $irvar4, this }, exn:{ }

</LISTING>
<hr width="100%">
<a name="session31" href="./../nodes/org.junit.tests.running.classes.ParameterizedTestTest.meaningfulFailureWhenParametersNotPublic%28%29%3Avoi.7f609169ab55f359543a10f51fc778d6_node9.html#session31">node9#session31</a>(<a href="./../../ParameterizedTestTest.java.88da44e98279dfa32c0c7e5c52f053d0.html#LINE541">541</a>) [compute pre] nullify
<LISTING class='color_black'></LISTING>
<hr width="100%">
<a name="session32" href="./../nodes/org.junit.tests.running.classes.ParameterizedTestTest.meaningfulFailureWhenParametersNotPublic%28%29%3Avoi.7f609169ab55f359543a10f51fc778d6_node9.html#session32">node9#session32</a>(<a href="./../../ParameterizedTestTest.java.88da44e98279dfa32c0c7e5c52f053d0.html#LINE541">541</a>) [exec] nullify
<LISTING class='color_black'>PRE STATE:
(normal:{ $irvar4 }, exn:{ },normal:{ _, n$10, n$12, $irvar3 }, exn:{ })

INSTR=  n$13=*&amp;this:org.junit.tests.running.classes.ParameterizedTestTest* [line 541]; 

STATE:
(normal:{ n$13, $irvar4 }, exn:{ },
normal:{ _, n$10, n$12, $irvar3 }, exn:{ })

INSTR=  n$14=*&amp;$irvar4:java.lang.String* [line 541]; 

STATE:
(normal:{ n$13, n$14, $irvar4 }, exn:{ },
normal:{ _, n$10, n$12, $irvar3 }, exn:{ })

INSTR=  n$15=_fun_void ParameterizedTestTest.assertTestCreatesSingleFailureWithMessage(Class,String)(n$13:org.junit.tests.running.classes.ParameterizedTestTest*,org.junit.tests.running.classes.ParameterizedTestTest$ProtectedParametersTest:java.lang.Object*,n$14:java.lang.String*) [line 541]; 

STATE:
(normal:{ }, exn:{ },normal:{ n$13, n$14, n$15, $irvar4, this }, exn:{ })

</LISTING>
<hr width="100%">
<a name="session50" href="./../nodes/org.junit.tests.running.classes.ParameterizedTestTest.meaningfulFailureWhenParametersNotPublic%28%29%3Avoi.7f609169ab55f359543a10f51fc778d6_node9.html#session50">node9#session50</a>(<a href="./../../ParameterizedTestTest.java.88da44e98279dfa32c0c7e5c52f053d0.html#LINE541">541</a>) [compute pre] devirtualizer analysis 9
<LISTING class='color_black'></LISTING>
<hr width="100%">
<a name="session51" href="./../nodes/org.junit.tests.running.classes.ParameterizedTestTest.meaningfulFailureWhenParametersNotPublic%28%29%3Avoi.7f609169ab55f359543a10f51fc778d6_node9.html#session51">node9#session51</a>(<a href="./../../ParameterizedTestTest.java.88da44e98279dfa32c0c7e5c52f053d0.html#LINE541">541</a>) [exec] devirtualizer analysis 9
<LISTING class='color_black'>PRE STATE:
{ n$0 -&gt; java.lang.StringBuilder,
  n$2 -&gt; java.lang.StringBuilder,
  $irvar0 -&gt; java.lang.StringBuilder }

INSTR=  n$13=*&amp;this:org.junit.tests.running.classes.ParameterizedTestTest* [line 541]; 

STATE UNCHANGED

INSTR=  n$14=*&amp;$irvar4:java.lang.String* [line 541]; 

STATE UNCHANGED

INSTR=  n$15=_fun_void ParameterizedTestTest.assertTestCreatesSingleFailureWithMessage(Class,String)(n$13:org.junit.tests.running.classes.ParameterizedTestTest*,org.junit.tests.running.classes.ParameterizedTestTest$ProtectedParametersTest:java.lang.Object*,n$14:java.lang.String*) [line 541]; 

STATE UNCHANGED

INSTR=  NULLIFY(&amp;$irvar4); [line 541]; 

STATE UNCHANGED

INSTR=  NULLIFY(&amp;this); [line 541]; 

STATE UNCHANGED

INSTR=  EXIT_SCOPE(n$13,n$14,n$15,$irvar4,this); [line 541]; 

STATE UNCHANGED

</LISTING>
<hr width="100%">
<a name="session57" href="./../nodes/org.junit.tests.running.classes.ParameterizedTestTest.meaningfulFailureWhenParametersNotPublic%28%29%3Avoi.7f609169ab55f359543a10f51fc778d6_node9.html#session57">node9#session57</a>(<a href="./../../ParameterizedTestTest.java.88da44e98279dfa32c0c7e5c52f053d0.html#LINE541">541</a>) [exec] devirtualizer
<LISTING class='color_black'></LISTING>
<hr width="100%">
<a name="session58" href="./../nodes/org.junit.tests.running.classes.ParameterizedTestTest.meaningfulFailureWhenParametersNotPublic%28%29%3Avoi.7f609169ab55f359543a10f51fc778d6_node9.html#session58">node9#session58</a>(<a href="./../../ParameterizedTestTest.java.88da44e98279dfa32c0c7e5c52f053d0.html#LINE541">541</a>) [exec] devirtualizer
<LISTING class='color_black'></LISTING>
<hr width="100%">
<a name="session59" href="./../nodes/org.junit.tests.running.classes.ParameterizedTestTest.meaningfulFailureWhenParametersNotPublic%28%29%3Avoi.7f609169ab55f359543a10f51fc778d6_node9.html#session59">node9#session59</a>(<a href="./../../ParameterizedTestTest.java.88da44e98279dfa32c0c7e5c52f053d0.html#LINE541">541</a>) [exec] devirtualizer
<LISTING class='color_black'></LISTING>
<hr width="100%">
<a name="session60" href="./../nodes/org.junit.tests.running.classes.ParameterizedTestTest.meaningfulFailureWhenParametersNotPublic%28%29%3Avoi.7f609169ab55f359543a10f51fc778d6_node9.html#session60">node9#session60</a>(<a href="./../../ParameterizedTestTest.java.88da44e98279dfa32c0c7e5c52f053d0.html#LINE541">541</a>) [exec] devirtualizer
<LISTING class='color_black'></LISTING>
<hr width="100%">
<a name="session61" href="./../nodes/org.junit.tests.running.classes.ParameterizedTestTest.meaningfulFailureWhenParametersNotPublic%28%29%3Avoi.7f609169ab55f359543a10f51fc778d6_node9.html#session61">node9#session61</a>(<a href="./../../ParameterizedTestTest.java.88da44e98279dfa32c0c7e5c52f053d0.html#LINE541">541</a>) [exec] devirtualizer
<LISTING class='color_black'></LISTING>
<hr width="100%">
<a name="session62" href="./../nodes/org.junit.tests.running.classes.ParameterizedTestTest.meaningfulFailureWhenParametersNotPublic%28%29%3Avoi.7f609169ab55f359543a10f51fc778d6_node9.html#session62">node9#session62</a>(<a href="./../../ParameterizedTestTest.java.88da44e98279dfa32c0c7e5c52f053d0.html#LINE541">541</a>) [exec] devirtualizer
<LISTING class='color_black'></LISTING>
<hr width="100%">
<a name="session12" href="./../nodes/org.junit.tests.running.classes.ParameterizedTestTest.meaningfulFailureWhenParametersNotPublic%28%29%3Avoi.7f609169ab55f359543a10f51fc778d6_node9.html#session12">node9#session12</a>(<a href="./../../ParameterizedTestTest.java.88da44e98279dfa32c0c7e5c52f053d0.html#LINE541">541</a>) [compute pre] starvation
<LISTING class='color_black'></LISTING>
<hr width="100%">
<a name="session13" href="./../nodes/org.junit.tests.running.classes.ParameterizedTestTest.meaningfulFailureWhenParametersNotPublic%28%29%3Avoi.7f609169ab55f359543a10f51fc778d6_node9.html#session13">node9#session13</a>(<a href="./../../ParameterizedTestTest.java.88da44e98279dfa32c0c7e5c52f053d0.html#LINE541">541</a>) [exec] starvation
<LISTING class='color_black'>PRE STATE:
{guard_map= { }; lock_state= {map= { }; acquisitions= { }};
 critical_pairs= { }; attributes= { }; thread= UnknownThread;
 scheduled_work= { }; var_state= { }}

INSTR=  n$13=*&amp;this:org.junit.tests.running.classes.ParameterizedTestTest* [line 541]; 

STATE:
{guard_map= { }; lock_state= {map= { }; acquisitions= { }};
 critical_pairs= { }; attributes= { }; thread= UnknownThread;
 scheduled_work= { }; var_state= { n$13 -&gt; this }}

INSTR=  n$14=*&amp;$irvar4:java.lang.String* [line 541]; 

STATE:
{guard_map= { }; lock_state= {map= { }; acquisitions= { }};
 critical_pairs= { }; attributes= { }; thread= UnknownThread;
 scheduled_work= { }; var_state= { n$13 -&gt; this, n$14 -&gt; $irvar4 }}

INSTR=  n$15=_fun_void ParameterizedTestTest.assertTestCreatesSingleFailureWithMessage(Class,String)(n$13:org.junit.tests.running.classes.ParameterizedTestTest*,org.junit.tests.running.classes.ParameterizedTestTest$ProtectedParametersTest:java.lang.Object*,n$14:java.lang.String*) [line 541]; 

STATE:
{guard_map= { }; lock_state= {map= { }; acquisitions= { }};
 critical_pairs= { }; attributes= { }; thread= UnknownThread;
 scheduled_work= { }; var_state= { n$13 -&gt; this, n$14 -&gt; $irvar4 }}

INSTR=  NULLIFY(&amp;$irvar4); [line 541]; 

STATE UNCHANGED

INSTR=  NULLIFY(&amp;this); [line 541]; 

STATE UNCHANGED

INSTR=  EXIT_SCOPE(n$13,n$14,n$15,$irvar4,this); [line 541]; 

STATE:
{guard_map= { }; lock_state= {map= { }; acquisitions= { }};
 critical_pairs= { }; attributes= { }; thread= UnknownThread;
 scheduled_work= { }; var_state= { }}

</LISTING>
<hr width="100%">
<a name="session29" href="./../nodes/org.junit.tests.running.classes.ParameterizedTestTest.meaningfulFailureWhenParametersNotPublic%28%29%3Avoi.7f609169ab55f359543a10f51fc778d6_node9.html#session29">node9#session29</a>(<a href="./../../ParameterizedTestTest.java.88da44e98279dfa32c0c7e5c52f053d0.html#LINE541">541</a>) [compute pre] racerd
<LISTING class='color_black'></LISTING>
<hr width="100%">
<a name="session30" href="./../nodes/org.junit.tests.running.classes.ParameterizedTestTest.meaningfulFailureWhenParametersNotPublic%28%29%3Avoi.7f609169ab55f359543a10f51fc778d6_node9.html#session30">node9#session30</a>(<a href="./../../ParameterizedTestTest.java.88da44e98279dfa32c0c7e5c52f053d0.html#LINE541">541</a>) [exec] racerd
<LISTING class='color_black'>PRE STATE:
Threads: NoThread, Locks: 0 
Accesses { } 
Ownership: { n$0 -&gt; Owned,
             n$1 -&gt; Owned,
             n$4 -&gt; Owned,
             n$5 -&gt; Owned,
             n$9 -&gt; Owned,
             n$12 -&gt; Owned,
             this -&gt; OwnedIf{ 0 } } 
Attributes: { } 




INSTR=  n$15 := void ParameterizedTestTest.assertTestCreatesSingleFailureWithMessage(Class,String)({ this,
                                                                    org.junit.tests.running.classes.ParameterizedTestTest$ProtectedParametersTest,
                                                                    n$12 }) [line 541]; 

STATE:
Threads: NoThread, Locks: 0 
Accesses { {elem= Access: Read of model.TestClass.FIELD_COMPARATOR Thread: NoThread Lock: false Pre: Unowned;
            loc= line 78;
            trace= { void ParameterizedTestTest.assertTestCreatesSingleFailureWithMessage(Class,String) at line 541,
                     Result JUnitCore.runClasses(Class[]) at line 735,
                     Result JUnitCore.runClasses(Computer,Class[]) at line 53,
                     Result JUnitCore.run(Computer,Class[]) at line 66,
                     Request Request.classes(Computer,Class[]) at line 109,
                     Runner Computer.getSuite(RunnerBuilder,Class[]) at line 77,
                     Computer$2.&lt;init&gt;(Computer,RunnerBuilder,Class[]) at line 28,
                     Suite.&lt;init&gt;(RunnerBuilder,Class[]) at line 33,
                     Suite.&lt;init&gt;(Class,List) at line 81,
                     ParentRunner.&lt;init&gt;(Class) at line 112,
                     TestClass ParentRunner.createTestClass(Class) at line 91,
                     TestClass.&lt;init&gt;(Class) at line 111,
                     void TestClass.scanAnnotatedMembers(Map,Map) at line 57,
                     Field[] TestClass.getSortedDeclaredFields(Class) at line 70 }},
           {elem= Access: Read of lang.Void.TYPE Thread: NoThread Lock: false Pre: Unowned;
            loc= line 107;
            trace= { void ParameterizedTestTest.assertTestCreatesSingleFailureWithMessage(Class,String) at line 541,
                     Result JUnitCore.runClasses(Class[]) at line 735,
                     Result JUnitCore.runClasses(Computer,Class[]) at line 53,
                     Result JUnitCore.run(Computer,Class[]) at line 66,
                     Request Request.classes(Computer,Class[]) at line 109,
                     Runner Computer.getSuite(RunnerBuilder,Class[]) at line 77,
                     Computer$2.&lt;init&gt;(Computer,RunnerBuilder,Class[]) at line 28,
                     Suite.&lt;init&gt;(RunnerBuilder,Class[]) at line 33,
                     Suite.&lt;init&gt;(Class,List) at line 81,
                     ParentRunner.&lt;init&gt;(Class) at line 112,
                     void ParentRunner.validate() at line 92,
                     void ParentRunner.collectInitializationErrors(List) at line 523,
                     void ParentRunner.validatePublicVoidNoArgMethods(Class,boolean,List) at line 148,
                     void FrameworkMethod.validatePublicVoidNoArg(boolean,List) at line 178,
                     void FrameworkMethod.validatePublicVoid(boolean,List) at line 83 }},
           {elem= Access: Read of runners.ParentRunner.VALIDATORS Thread: NoThread Lock: false Pre: Unowned;
            loc= line 156;
            trace= { void ParameterizedTestTest.assertTestCreatesSingleFailureWithMessage(Class,String) at line 541,
                     Result JUnitCore.runClasses(Class[]) at line 735,
                     Result JUnitCore.runClasses(Computer,Class[]) at line 53,
                     Result JUnitCore.run(Computer,Class[]) at line 66,
                     Request Request.classes(Computer,Class[]) at line 109,
                     Runner Computer.getSuite(RunnerBuilder,Class[]) at line 77,
                     Computer$2.&lt;init&gt;(Computer,RunnerBuilder,Class[]) at line 28,
                     Suite.&lt;init&gt;(RunnerBuilder,Class[]) at line 33,
                     Suite.&lt;init&gt;(Class,List) at line 81,
                     ParentRunner.&lt;init&gt;(Class) at line 112,
                     void ParentRunner.validate() at line 92,
                     void ParentRunner.collectInitializationErrors(List) at line 523,
                     void ParentRunner.applyValidators(List) at line 151 }},
           {elem= Access: Read of internal.MethodSorter.DEFAULT Thread: NoThread Lock: false Pre: Unowned;
            loc= line 67;
            trace= { void ParameterizedTestTest.assertTestCreatesSingleFailureWithMessage(Class,String) at line 541,
                     Result JUnitCore.runClasses(Class[]) at line 735,
                     Result JUnitCore.runClasses(Computer,Class[]) at line 53,
                     Result JUnitCore.run(Computer,Class[]) at line 66,
                     Request Request.classes(Computer,Class[]) at line 109,
                     Runner Computer.getSuite(RunnerBuilder,Class[]) at line 77,
                     Computer$2.&lt;init&gt;(Computer,RunnerBuilder,Class[]) at line 28,
                     Suite.&lt;init&gt;(RunnerBuilder,Class[]) at line 33,
                     Suite.&lt;init&gt;(Class,List) at line 81,
                     ParentRunner.&lt;init&gt;(Class) at line 112,
                     TestClass ParentRunner.createTestClass(Class) at line 91,
                     TestClass.&lt;init&gt;(Class) at line 111,
                     void TestClass.scanAnnotatedMembers(Map,Map) at line 57,
                     Method[] MethodSorter.getDeclaredMethods(Class) at line 65,
                     Comparator MethodSorter.getSorter(FixMethodOrder) at line 52 }},
           {elem= Access: Read of rules.RuleMemberValidator.CLASS_RULE_METHOD_VALIDATOR Thread: NoThread Lock: false Pre: Unowned;
            loc= line 184;
            trace= { void ParameterizedTestTest.assertTestCreatesSingleFailureWithMessage(Class,String) at line 541,
                     Result JUnitCore.runClasses(Class[]) at line 735,
                     Result JUnitCore.runClasses(Computer,Class[]) at line 53,
                     Result JUnitCore.run(Computer,Class[]) at line 66,
                     Request Request.classes(Computer,Class[]) at line 109,
                     Runner Computer.getSuite(RunnerBuilder,Class[]) at line 77,
                     Computer$2.&lt;init&gt;(Computer,RunnerBuilder,Class[]) at line 28,
                     Suite.&lt;init&gt;(RunnerBuilder,Class[]) at line 33,
                     Suite.&lt;init&gt;(Class,List) at line 81,
                     ParentRunner.&lt;init&gt;(Class) at line 112,
                     void ParentRunner.validate() at line 92,
                     void ParentRunner.collectInitializationErrors(List) at line 523,
                     void ParentRunner.validateClassRules(List) at line 150 }},
           {elem= Access: Read of rules.RuleMemberValidator.CLASS_RULE_VALIDATOR Thread: NoThread Lock: false Pre: Unowned;
            loc= line 183;
            trace= { void ParameterizedTestTest.assertTestCreatesSingleFailureWithMessage(Class,String) at line 541,
                     Result JUnitCore.runClasses(Class[]) at line 735,
                     Result JUnitCore.runClasses(Computer,Class[]) at line 53,
                     Result JUnitCore.run(Computer,Class[]) at line 66,
                     Request Request.classes(Computer,Class[]) at line 109,
                     Runner Computer.getSuite(RunnerBuilder,Class[]) at line 77,
                     Computer$2.&lt;init&gt;(Computer,RunnerBuilder,Class[]) at line 28,
                     Suite.&lt;init&gt;(RunnerBuilder,Class[]) at line 33,
                     Suite.&lt;init&gt;(Class,List) at line 81,
                     ParentRunner.&lt;init&gt;(Class) at line 112,
                     void ParentRunner.validate() at line 92,
                     void ParentRunner.collectInitializationErrors(List) at line 523,
                     void ParentRunner.validateClassRules(List) at line 150 }},
           {elem= Access: Read of rules.RuleMemberValidator.CLASS_RULE_METHOD_VALIDATOR-&gt;annotation Thread: NoThread Lock: false Pre: Unowned;
            loc= line 89;
            trace= { void ParameterizedTestTest.assertTestCreatesSingleFailureWithMessage(Class,String) at line 541,
                     Result JUnitCore.runClasses(Class[]) at line 735,
                     Result JUnitCore.runClasses(Computer,Class[]) at line 53,
                     Result JUnitCore.run(Computer,Class[]) at line 66,
                     Request Request.classes(Computer,Class[]) at line 109,
                     Runner Computer.getSuite(RunnerBuilder,Class[]) at line 77,
                     Computer$2.&lt;init&gt;(Computer,RunnerBuilder,Class[]) at line 28,
                     Suite.&lt;init&gt;(RunnerBuilder,Class[]) at line 33,
                     Suite.&lt;init&gt;(Class,List) at line 81,
                     ParentRunner.&lt;init&gt;(Class) at line 112,
                     void ParentRunner.validate() at line 92,
                     void ParentRunner.collectInitializationErrors(List) at line 523,
                     void ParentRunner.validateClassRules(List) at line 150,
                     void RuleMemberValidator.validate(TestClass,List) at line 184 }},
           {elem= Access: Read of rules.RuleMemberValidator.CLASS_RULE_METHOD_VALIDATOR-&gt;methods Thread: NoThread Lock: false Pre: Unowned;
            loc= line 89;
            trace= { void ParameterizedTestTest.assertTestCreatesSingleFailureWithMessage(Class,String) at line 541,
                     Result JUnitCore.runClasses(Class[]) at line 735,
                     Result JUnitCore.runClasses(Computer,Class[]) at line 53,
                     Result JUnitCore.run(Computer,Class[]) at line 66,
                     Request Request.classes(Computer,Class[]) at line 109,
                     Runner Computer.getSuite(RunnerBuilder,Class[]) at line 77,
                     Computer$2.&lt;init&gt;(Computer,RunnerBuilder,Class[]) at line 28,
                     Suite.&lt;init&gt;(RunnerBuilder,Class[]) at line 33,
                     Suite.&lt;init&gt;(Class,List) at line 81,
                     ParentRunner.&lt;init&gt;(Class) at line 112,
                     void ParentRunner.validate() at line 92,
                     void ParentRunner.collectInitializationErrors(List) at line 523,
                     void ParentRunner.validateClassRules(List) at line 150,
                     void RuleMemberValidator.validate(TestClass,List) at line 184 }},
           {elem= Access: Read of rules.RuleMemberValidator.CLASS_RULE_METHOD_VALIDATOR-&gt;validatorStrategies Thread: NoThread Lock: false Pre: Unowned;
            loc= line 98;
            trace= { void ParameterizedTestTest.assertTestCreatesSingleFailureWithMessage(Class,String) at line 541,
                     Result JUnitCore.runClasses(Class[]) at line 735,
                     Result JUnitCore.runClasses(Computer,Class[]) at line 53,
                     Result JUnitCore.run(Computer,Class[]) at line 66,
                     Request Request.classes(Computer,Class[]) at line 109,
                     Runner Computer.getSuite(RunnerBuilder,Class[]) at line 77,
                     Computer$2.&lt;init&gt;(Computer,RunnerBuilder,Class[]) at line 28,
                     Suite.&lt;init&gt;(RunnerBuilder,Class[]) at line 33,
                     Suite.&lt;init&gt;(Class,List) at line 81,
                     ParentRunner.&lt;init&gt;(Class) at line 112,
                     void ParentRunner.validate() at line 92,
                     void ParentRunner.collectInitializationErrors(List) at line 523,
                     void ParentRunner.validateClassRules(List) at line 150,
                     void RuleMemberValidator.validate(TestClass,List) at line 184,
                     void RuleMemberValidator.validateMember(FrameworkMember,List) at line 93 }},
           {elem= Access: Read of rules.RuleMemberValidator.CLASS_RULE_VALIDATOR-&gt;annotation Thread: NoThread Lock: false Pre: Unowned;
            loc= line 89;
            trace= { void ParameterizedTestTest.assertTestCreatesSingleFailureWithMessage(Class,String) at line 541,
                     Result JUnitCore.runClasses(Class[]) at line 735,
                     Result JUnitCore.runClasses(Computer,Class[]) at line 53,
                     Result JUnitCore.run(Computer,Class[]) at line 66,
                     Request Request.classes(Computer,Class[]) at line 109,
                     Runner Computer.getSuite(RunnerBuilder,Class[]) at line 77,
                     Computer$2.&lt;init&gt;(Computer,RunnerBuilder,Class[]) at line 28,
                     Suite.&lt;init&gt;(RunnerBuilder,Class[]) at line 33,
                     Suite.&lt;init&gt;(Class,List) at line 81,
                     ParentRunner.&lt;init&gt;(Class) at line 112,
                     void ParentRunner.validate() at line 92,
                     void ParentRunner.collectInitializationErrors(List) at line 523,
                     void ParentRunner.validateClassRules(List) at line 150,
                     void RuleMemberValidator.validate(TestClass,List) at line 183 }},
           {elem= Access: Read of rules.RuleMemberValidator.CLASS_RULE_VALIDATOR-&gt;methods Thread: NoThread Lock: false Pre: Unowned;
            loc= line 89;
            trace= { void ParameterizedTestTest.assertTestCreatesSingleFailureWithMessage(Class,String) at line 541,
                     Result JUnitCore.runClasses(Class[]) at line 735,
                     Result JUnitCore.runClasses(Computer,Class[]) at line 53,
                     Result JUnitCore.run(Computer,Class[]) at line 66,
                     Request Request.classes(Computer,Class[]) at line 109,
                     Runner Computer.getSuite(RunnerBuilder,Class[]) at line 77,
                     Computer$2.&lt;init&gt;(Computer,RunnerBuilder,Class[]) at line 28,
                     Suite.&lt;init&gt;(RunnerBuilder,Class[]) at line 33,
                     Suite.&lt;init&gt;(Class,List) at line 81,
                     ParentRunner.&lt;init&gt;(Class) at line 112,
                     void ParentRunner.validate() at line 92,
                     void ParentRunner.collectInitializationErrors(List) at line 523,
                     void ParentRunner.validateClassRules(List) at line 150,
                     void RuleMemberValidator.validate(TestClass,List) at line 183 }},
           {elem= Access: Read of rules.RuleMemberValidator.CLASS_RULE_VALIDATOR-&gt;validatorStrategies Thread: NoThread Lock: false Pre: Unowned;
            loc= line 98;
            trace= { void ParameterizedTestTest.assertTestCreatesSingleFailureWithMessage(Class,String) at line 541,
                     Result JUnitCore.runClasses(Class[]) at line 735,
                     Result JUnitCore.runClasses(Computer,Class[]) at line 53,
                     Result JUnitCore.run(Computer,Class[]) at line 66,
                     Request Request.classes(Computer,Class[]) at line 109,
                     Runner Computer.getSuite(RunnerBuilder,Class[]) at line 77,
                     Computer$2.&lt;init&gt;(Computer,RunnerBuilder,Class[]) at line 28,
                     Suite.&lt;init&gt;(RunnerBuilder,Class[]) at line 33,
                     Suite.&lt;init&gt;(Class,List) at line 81,
                     ParentRunner.&lt;init&gt;(Class) at line 112,
                     void ParentRunner.validate() at line 92,
                     void ParentRunner.collectInitializationErrors(List) at line 523,
                     void ParentRunner.validateClassRules(List) at line 150,
                     void RuleMemberValidator.validate(TestClass,List) at line 183,
                     void RuleMemberValidator.validateMember(FrameworkMember,List) at line 93 }} } 
Ownership: { n$0 -&gt; Owned,
             n$1 -&gt; Owned,
             n$4 -&gt; Owned,
             n$5 -&gt; Owned,
             n$9 -&gt; Owned,
             n$12 -&gt; Owned,
             n$15 -&gt; Unowned,
             this -&gt; OwnedIf{ 0 } } 
Attributes: { } 


INSTR=  NULLIFY(&amp;$irvar4); [line 541]; 

STATE UNCHANGED

INSTR=  NULLIFY(&amp;this); [line 541]; 

STATE UNCHANGED

INSTR=  EXIT_SCOPE(n$15,this); [line 541]; 

STATE:
Threads: NoThread, Locks: 0 
Accesses { {elem= Access: Read of model.TestClass.FIELD_COMPARATOR Thread: NoThread Lock: false Pre: Unowned;
            loc= line 78;
            trace= { void ParameterizedTestTest.assertTestCreatesSingleFailureWithMessage(Class,String) at line 541,
                     Result JUnitCore.runClasses(Class[]) at line 735,
                     Result JUnitCore.runClasses(Computer,Class[]) at line 53,
                     Result JUnitCore.run(Computer,Class[]) at line 66,
                     Request Request.classes(Computer,Class[]) at line 109,
                     Runner Computer.getSuite(RunnerBuilder,Class[]) at line 77,
                     Computer$2.&lt;init&gt;(Computer,RunnerBuilder,Class[]) at line 28,
                     Suite.&lt;init&gt;(RunnerBuilder,Class[]) at line 33,
                     Suite.&lt;init&gt;(Class,List) at line 81,
                     ParentRunner.&lt;init&gt;(Class) at line 112,
                     TestClass ParentRunner.createTestClass(Class) at line 91,
                     TestClass.&lt;init&gt;(Class) at line 111,
                     void TestClass.scanAnnotatedMembers(Map,Map) at line 57,
                     Field[] TestClass.getSortedDeclaredFields(Class) at line 70 }},
           {elem= Access: Read of lang.Void.TYPE Thread: NoThread Lock: false Pre: Unowned;
            loc= line 107;
            trace= { void ParameterizedTestTest.assertTestCreatesSingleFailureWithMessage(Class,String) at line 541,
                     Result JUnitCore.runClasses(Class[]) at line 735,
                     Result JUnitCore.runClasses(Computer,Class[]) at line 53,
                     Result JUnitCore.run(Computer,Class[]) at line 66,
                     Request Request.classes(Computer,Class[]) at line 109,
                     Runner Computer.getSuite(RunnerBuilder,Class[]) at line 77,
                     Computer$2.&lt;init&gt;(Computer,RunnerBuilder,Class[]) at line 28,
                     Suite.&lt;init&gt;(RunnerBuilder,Class[]) at line 33,
                     Suite.&lt;init&gt;(Class,List) at line 81,
                     ParentRunner.&lt;init&gt;(Class) at line 112,
                     void ParentRunner.validate() at line 92,
                     void ParentRunner.collectInitializationErrors(List) at line 523,
                     void ParentRunner.validatePublicVoidNoArgMethods(Class,boolean,List) at line 148,
                     void FrameworkMethod.validatePublicVoidNoArg(boolean,List) at line 178,
                     void FrameworkMethod.validatePublicVoid(boolean,List) at line 83 }},
           {elem= Access: Read of runners.ParentRunner.VALIDATORS Thread: NoThread Lock: false Pre: Unowned;
            loc= line 156;
            trace= { void ParameterizedTestTest.assertTestCreatesSingleFailureWithMessage(Class,String) at line 541,
                     Result JUnitCore.runClasses(Class[]) at line 735,
                     Result JUnitCore.runClasses(Computer,Class[]) at line 53,
                     Result JUnitCore.run(Computer,Class[]) at line 66,
                     Request Request.classes(Computer,Class[]) at line 109,
                     Runner Computer.getSuite(RunnerBuilder,Class[]) at line 77,
                     Computer$2.&lt;init&gt;(Computer,RunnerBuilder,Class[]) at line 28,
                     Suite.&lt;init&gt;(RunnerBuilder,Class[]) at line 33,
                     Suite.&lt;init&gt;(Class,List) at line 81,
                     ParentRunner.&lt;init&gt;(Class) at line 112,
                     void ParentRunner.validate() at line 92,
                     void ParentRunner.collectInitializationErrors(List) at line 523,
                     void ParentRunner.applyValidators(List) at line 151 }},
           {elem= Access: Read of internal.MethodSorter.DEFAULT Thread: NoThread Lock: false Pre: Unowned;
            loc= line 67;
            trace= { void ParameterizedTestTest.assertTestCreatesSingleFailureWithMessage(Class,String) at line 541,
                     Result JUnitCore.runClasses(Class[]) at line 735,
                     Result JUnitCore.runClasses(Computer,Class[]) at line 53,
                     Result JUnitCore.run(Computer,Class[]) at line 66,
                     Request Request.classes(Computer,Class[]) at line 109,
                     Runner Computer.getSuite(RunnerBuilder,Class[]) at line 77,
                     Computer$2.&lt;init&gt;(Computer,RunnerBuilder,Class[]) at line 28,
                     Suite.&lt;init&gt;(RunnerBuilder,Class[]) at line 33,
                     Suite.&lt;init&gt;(Class,List) at line 81,
                     ParentRunner.&lt;init&gt;(Class) at line 112,
                     TestClass ParentRunner.createTestClass(Class) at line 91,
                     TestClass.&lt;init&gt;(Class) at line 111,
                     void TestClass.scanAnnotatedMembers(Map,Map) at line 57,
                     Method[] MethodSorter.getDeclaredMethods(Class) at line 65,
                     Comparator MethodSorter.getSorter(FixMethodOrder) at line 52 }},
           {elem= Access: Read of rules.RuleMemberValidator.CLASS_RULE_METHOD_VALIDATOR Thread: NoThread Lock: false Pre: Unowned;
            loc= line 184;
            trace= { void ParameterizedTestTest.assertTestCreatesSingleFailureWithMessage(Class,String) at line 541,
                     Result JUnitCore.runClasses(Class[]) at line 735,
                     Result JUnitCore.runClasses(Computer,Class[]) at line 53,
                     Result JUnitCore.run(Computer,Class[]) at line 66,
                     Request Request.classes(Computer,Class[]) at line 109,
                     Runner Computer.getSuite(RunnerBuilder,Class[]) at line 77,
                     Computer$2.&lt;init&gt;(Computer,RunnerBuilder,Class[]) at line 28,
                     Suite.&lt;init&gt;(RunnerBuilder,Class[]) at line 33,
                     Suite.&lt;init&gt;(Class,List) at line 81,
                     ParentRunner.&lt;init&gt;(Class) at line 112,
                     void ParentRunner.validate() at line 92,
                     void ParentRunner.collectInitializationErrors(List) at line 523,
                     void ParentRunner.validateClassRules(List) at line 150 }},
           {elem= Access: Read of rules.RuleMemberValidator.CLASS_RULE_VALIDATOR Thread: NoThread Lock: false Pre: Unowned;
            loc= line 183;
            trace= { void ParameterizedTestTest.assertTestCreatesSingleFailureWithMessage(Class,String) at line 541,
                     Result JUnitCore.runClasses(Class[]) at line 735,
                     Result JUnitCore.runClasses(Computer,Class[]) at line 53,
                     Result JUnitCore.run(Computer,Class[]) at line 66,
                     Request Request.classes(Computer,Class[]) at line 109,
                     Runner Computer.getSuite(RunnerBuilder,Class[]) at line 77,
                     Computer$2.&lt;init&gt;(Computer,RunnerBuilder,Class[]) at line 28,
                     Suite.&lt;init&gt;(RunnerBuilder,Class[]) at line 33,
                     Suite.&lt;init&gt;(Class,List) at line 81,
                     ParentRunner.&lt;init&gt;(Class) at line 112,
                     void ParentRunner.validate() at line 92,
                     void ParentRunner.collectInitializationErrors(List) at line 523,
                     void ParentRunner.validateClassRules(List) at line 150 }},
           {elem= Access: Read of rules.RuleMemberValidator.CLASS_RULE_METHOD_VALIDATOR-&gt;annotation Thread: NoThread Lock: false Pre: Unowned;
            loc= line 89;
            trace= { void ParameterizedTestTest.assertTestCreatesSingleFailureWithMessage(Class,String) at line 541,
                     Result JUnitCore.runClasses(Class[]) at line 735,
                     Result JUnitCore.runClasses(Computer,Class[]) at line 53,
                     Result JUnitCore.run(Computer,Class[]) at line 66,
                     Request Request.classes(Computer,Class[]) at line 109,
                     Runner Computer.getSuite(RunnerBuilder,Class[]) at line 77,
                     Computer$2.&lt;init&gt;(Computer,RunnerBuilder,Class[]) at line 28,
                     Suite.&lt;init&gt;(RunnerBuilder,Class[]) at line 33,
                     Suite.&lt;init&gt;(Class,List) at line 81,
                     ParentRunner.&lt;init&gt;(Class) at line 112,
                     void ParentRunner.validate() at line 92,
                     void ParentRunner.collectInitializationErrors(List) at line 523,
                     void ParentRunner.validateClassRules(List) at line 150,
                     void RuleMemberValidator.validate(TestClass,List) at line 184 }},
           {elem= Access: Read of rules.RuleMemberValidator.CLASS_RULE_METHOD_VALIDATOR-&gt;methods Thread: NoThread Lock: false Pre: Unowned;
            loc= line 89;
            trace= { void ParameterizedTestTest.assertTestCreatesSingleFailureWithMessage(Class,String) at line 541,
                     Result JUnitCore.runClasses(Class[]) at line 735,
                     Result JUnitCore.runClasses(Computer,Class[]) at line 53,
                     Result JUnitCore.run(Computer,Class[]) at line 66,
                     Request Request.classes(Computer,Class[]) at line 109,
                     Runner Computer.getSuite(RunnerBuilder,Class[]) at line 77,
                     Computer$2.&lt;init&gt;(Computer,RunnerBuilder,Class[]) at line 28,
                     Suite.&lt;init&gt;(RunnerBuilder,Class[]) at line 33,
                     Suite.&lt;init&gt;(Class,List) at line 81,
                     ParentRunner.&lt;init&gt;(Class) at line 112,
                     void ParentRunner.validate() at line 92,
                     void ParentRunner.collectInitializationErrors(List) at line 523,
                     void ParentRunner.validateClassRules(List) at line 150,
                     void RuleMemberValidator.validate(TestClass,List) at line 184 }},
           {elem= Access: Read of rules.RuleMemberValidator.CLASS_RULE_METHOD_VALIDATOR-&gt;validatorStrategies Thread: NoThread Lock: false Pre: Unowned;
            loc= line 98;
            trace= { void ParameterizedTestTest.assertTestCreatesSingleFailureWithMessage(Class,String) at line 541,
                     Result JUnitCore.runClasses(Class[]) at line 735,
                     Result JUnitCore.runClasses(Computer,Class[]) at line 53,
                     Result JUnitCore.run(Computer,Class[]) at line 66,
                     Request Request.classes(Computer,Class[]) at line 109,
                     Runner Computer.getSuite(RunnerBuilder,Class[]) at line 77,
                     Computer$2.&lt;init&gt;(Computer,RunnerBuilder,Class[]) at line 28,
                     Suite.&lt;init&gt;(RunnerBuilder,Class[]) at line 33,
                     Suite.&lt;init&gt;(Class,List) at line 81,
                     ParentRunner.&lt;init&gt;(Class) at line 112,
                     void ParentRunner.validate() at line 92,
                     void ParentRunner.collectInitializationErrors(List) at line 523,
                     void ParentRunner.validateClassRules(List) at line 150,
                     void RuleMemberValidator.validate(TestClass,List) at line 184,
                     void RuleMemberValidator.validateMember(FrameworkMember,List) at line 93 }},
           {elem= Access: Read of rules.RuleMemberValidator.CLASS_RULE_VALIDATOR-&gt;annotation Thread: NoThread Lock: false Pre: Unowned;
            loc= line 89;
            trace= { void ParameterizedTestTest.assertTestCreatesSingleFailureWithMessage(Class,String) at line 541,
                     Result JUnitCore.runClasses(Class[]) at line 735,
                     Result JUnitCore.runClasses(Computer,Class[]) at line 53,
                     Result JUnitCore.run(Computer,Class[]) at line 66,
                     Request Request.classes(Computer,Class[]) at line 109,
                     Runner Computer.getSuite(RunnerBuilder,Class[]) at line 77,
                     Computer$2.&lt;init&gt;(Computer,RunnerBuilder,Class[]) at line 28,
                     Suite.&lt;init&gt;(RunnerBuilder,Class[]) at line 33,
                     Suite.&lt;init&gt;(Class,List) at line 81,
                     ParentRunner.&lt;init&gt;(Class) at line 112,
                     void ParentRunner.validate() at line 92,
                     void ParentRunner.collectInitializationErrors(List) at line 523,
                     void ParentRunner.validateClassRules(List) at line 150,
                     void RuleMemberValidator.validate(TestClass,List) at line 183 }},
           {elem= Access: Read of rules.RuleMemberValidator.CLASS_RULE_VALIDATOR-&gt;methods Thread: NoThread Lock: false Pre: Unowned;
            loc= line 89;
            trace= { void ParameterizedTestTest.assertTestCreatesSingleFailureWithMessage(Class,String) at line 541,
                     Result JUnitCore.runClasses(Class[]) at line 735,
                     Result JUnitCore.runClasses(Computer,Class[]) at line 53,
                     Result JUnitCore.run(Computer,Class[]) at line 66,
                     Request Request.classes(Computer,Class[]) at line 109,
                     Runner Computer.getSuite(RunnerBuilder,Class[]) at line 77,
                     Computer$2.&lt;init&gt;(Computer,RunnerBuilder,Class[]) at line 28,
                     Suite.&lt;init&gt;(RunnerBuilder,Class[]) at line 33,
                     Suite.&lt;init&gt;(Class,List) at line 81,
                     ParentRunner.&lt;init&gt;(Class) at line 112,
                     void ParentRunner.validate() at line 92,
                     void ParentRunner.collectInitializationErrors(List) at line 523,
                     void ParentRunner.validateClassRules(List) at line 150,
                     void RuleMemberValidator.validate(TestClass,List) at line 183 }},
           {elem= Access: Read of rules.RuleMemberValidator.CLASS_RULE_VALIDATOR-&gt;validatorStrategies Thread: NoThread Lock: false Pre: Unowned;
            loc= line 98;
            trace= { void ParameterizedTestTest.assertTestCreatesSingleFailureWithMessage(Class,String) at line 541,
                     Result JUnitCore.runClasses(Class[]) at line 735,
                     Result JUnitCore.runClasses(Computer,Class[]) at line 53,
                     Result JUnitCore.run(Computer,Class[]) at line 66,
                     Request Request.classes(Computer,Class[]) at line 109,
                     Runner Computer.getSuite(RunnerBuilder,Class[]) at line 77,
                     Computer$2.&lt;init&gt;(Computer,RunnerBuilder,Class[]) at line 28,
                     Suite.&lt;init&gt;(RunnerBuilder,Class[]) at line 33,
                     Suite.&lt;init&gt;(Class,List) at line 81,
                     ParentRunner.&lt;init&gt;(Class) at line 112,
                     void ParentRunner.validate() at line 92,
                     void ParentRunner.collectInitializationErrors(List) at line 523,
                     void ParentRunner.validateClassRules(List) at line 150,
                     void RuleMemberValidator.validate(TestClass,List) at line 183,
                     void RuleMemberValidator.validateMember(FrameworkMember,List) at line 93 }} } 
Ownership: { n$0 -&gt; Owned,
             n$1 -&gt; Owned,
             n$4 -&gt; Owned,
             n$5 -&gt; Owned,
             n$9 -&gt; Owned,
             n$12 -&gt; Owned,
             n$15 -&gt; Unowned,
             this -&gt; OwnedIf{ 0 } } 
Attributes: { } 


</LISTING>
<hr width="100%">
<a name="session41" href="./../nodes/org.junit.tests.running.classes.ParameterizedTestTest.meaningfulFailureWhenParametersNotPublic%28%29%3Avoi.7f609169ab55f359543a10f51fc778d6_node9.html#session41">node9#session41</a>(<a href="./../../ParameterizedTestTest.java.88da44e98279dfa32c0c7e5c52f053d0.html#LINE541">541</a>) biabduction
<LISTING class='color_black'>**** [FP:Pending] void ParameterizedTestTest.meaningfulFailureWhenParametersNotPublic() Node: 9, Procedure: void ParameterizedTestTest.meaningfulFailureWhenParametersNotPublic(), Todo: 1 ****
  PROP 1 of 1:
  <span class='color_blue'><span class='color_red'>MEMne &lt; new:541 &gt; <span class='color_orange'>{vpath: }</span>(_t$1)</span>; <span class='color_red'>UND &lt; StringBuilder.<init>() &gt; :541(@f$3)</span>; <span class='color_red'>UND &lt; StringBuilder StringBuilder.append(String) &gt; :543(@f$0)</span>; <span class='color_red'>UND &lt; String StringBuilder.toString() &gt; :543($irvar4)</span>; <span class='color_red'>RET &lt; String Class.getName() &gt; ("org.junit.tests.running.classes.ParameterizedTestTest$ProtectedParametersTest")</span> ;
  <span class='color_red'>$irvar3 = 0<span class='color_orange'>nullify</span>:void</span>; <span class='color_red'>$irvar4 = @f$1<span class='color_orange'>update:543</span>:void</span>; <span class='color_red'>$irvar0 = 0<span class='color_orange'>nullify</span>:void</span>; <span class='color_red'>return = _t$0<span class='color_orange'>initial</span>:void</span>; <span class='color_red'>$irvar1 = 0<span class='color_orange'>nullify</span>:void</span>; <span class='color_red'>$irvar2 = 0<span class='color_orange'>nullify</span>:void</span>; <span class='color_red'>this = @f$2<span class='color_orange'>formal</span>:org.junit.tests.running.classes.ParameterizedTestTest*( sub )</span>; <span class='color_red'>old_this = @f$2<span class='color_orange'>formal</span>:org.junit.tests.running.classes.ParameterizedTestTest*( sub )</span> ;
  <span class='color_red'>@f$0|->{}<span class='color_orange'>rearrange:(z)543</span>:java.lang.StringBuilder( sub )</span>
  [footprint
     <span class='color_red'>$RET_java.lang.StringBuilder.toString():java.lang.String|abducedRetvar = @f$1<span class='color_orange'>none</span>:java.lang.String*( sub )</span>; <span class='color_red'>$RET_java.lang.StringBuilder.<init>()|abducedRetvar = @f$3<span class='color_orange'>none</span>:void( sub )</span>; <span class='color_red'>this = @f$2<span class='color_orange'>formal</span>:org.junit.tests.running.classes.ParameterizedTestTest*( sub )</span>; <span class='color_red'>$RET_java.lang.StringBuilder.append(java.lang.String):java.lang.StringBuilder|abducedRetvar = @f$0<span class='color_orange'>none</span>:java.lang.StringBuilder*( sub )</span> ;
     <span class='color_red'>@f$0|->{}<span class='color_orange'>rearrange:(z)543</span>:java.lang.StringBuilder( sub )</span>  ]</span>
  .... Instructions: ....
  <span class='color_green'>n$13=*&amp;this:org.junit.tests.running.classes.ParameterizedTestTest* [line 541];
  n$14=*&amp;$irvar4:java.lang.String* [line 541];
  n$15=_fun_void ParameterizedTestTest.assertTestCreatesSingleFailureWithMessage(Class,String)(n$13:org.junit.tests.running.classes.ParameterizedTestTest*,org.junit.tests.running.classes.ParameterizedTestTest$ProtectedParametersTest:java.lang.Object*,n$14:java.lang.String*) [line 541];
  NULLIFY(&amp;$irvar4); [line 541];
  NULLIFY(&amp;this); [line 541];
  EXIT_SCOPE(n$13,n$14,n$15,$irvar4,this); [line 541];
  </span>
  
  Processing prop 1/1
    Instruction <span class='color_green'>n$13=*&amp;this:org.junit.tests.running.classes.ParameterizedTestTest* [line 541]</span>
    in vpath_find exp:n$84
    vpath_find: cannot find n$84
    .... Rearrangement Start ....
    Exp: &amp;this
    Prop:
    <span class='color_blue'>MEMne &lt; new:541 &gt; <span class='color_orange'>{vpath: }</span>(n$84); UND &lt; StringBuilder.<init>() &gt; :541(@f$3); UND &lt; StringBuilder StringBuilder.append(String) &gt; :543(@f$0); UND &lt; String StringBuilder.toString() &gt; :543($irvar4); RET &lt; String Class.getName() &gt; ("org.junit.tests.running.classes.ParameterizedTestTest$ProtectedParametersTest") ;
    $irvar3 = 0<span class='color_orange'>nullify</span>:void; $irvar4 = @f$1<span class='color_orange'>update:543</span>:void; $irvar0 = 0<span class='color_orange'>nullify</span>:void; return = n$83<span class='color_orange'>initial</span>:void; $irvar1 = 0<span class='color_orange'>nullify</span>:void; $irvar2 = 0<span class='color_orange'>nullify</span>:void; this = @f$2<span class='color_orange'>formal</span>:org.junit.tests.running.classes.ParameterizedTestTest*( sub ); old_this = @f$2<span class='color_orange'>formal</span>:org.junit.tests.running.classes.ParameterizedTestTest*( sub ) ;
    @f$0|->{}<span class='color_orange'>rearrange:(z)543</span>:java.lang.StringBuilder( sub )
    [footprint
       $RET_java.lang.StringBuilder.toString():java.lang.String|abducedRetvar = @f$1<span class='color_orange'>none</span>:java.lang.String*( sub ); $RET_java.lang.StringBuilder.<init>()|abducedRetvar = @f$3<span class='color_orange'>none</span>:void( sub ); this = @f$2<span class='color_orange'>formal</span>:org.junit.tests.running.classes.ParameterizedTestTest*( sub ); $RET_java.lang.StringBuilder.append(java.lang.String):java.lang.StringBuilder|abducedRetvar = @f$0<span class='color_orange'>none</span>:java.lang.StringBuilder*( sub ) ;
       @f$0|->{}<span class='color_orange'>rearrange:(z)543</span>:java.lang.StringBuilder( sub )  ]</span>
    
    in prop_iter_extend_ptsto lexp: &amp;this
    prop before:
    <span class='color_blue'>MEMne &lt; new:541 &gt; <span class='color_orange'>{vpath: }</span>(n$84); UND &lt; StringBuilder.<init>() &gt; :541(@f$3); UND &lt; StringBuilder StringBuilder.append(String) &gt; :543(@f$0); UND &lt; String StringBuilder.toString() &gt; :543($irvar4); RET &lt; String Class.getName() &gt; ("org.junit.tests.running.classes.ParameterizedTestTest$ProtectedParametersTest") ;
    $irvar3 = 0<span class='color_orange'>nullify</span>:void; $irvar4 = @f$1<span class='color_orange'>update:543</span>:void; $irvar0 = 0<span class='color_orange'>nullify</span>:void; return = n$83<span class='color_orange'>initial</span>:void; $irvar1 = 0<span class='color_orange'>nullify</span>:void; $irvar2 = 0<span class='color_orange'>nullify</span>:void; this = @f$2<span class='color_orange'>formal</span>:org.junit.tests.running.classes.ParameterizedTestTest*( sub ); old_this = @f$2<span class='color_orange'>formal</span>:org.junit.tests.running.classes.ParameterizedTestTest*( sub ) ;
    @f$0|->{}<span class='color_orange'>rearrange:(z)543</span>:java.lang.StringBuilder( sub )
    [footprint
       $RET_java.lang.StringBuilder.toString():java.lang.String|abducedRetvar = @f$1<span class='color_orange'>none</span>:java.lang.String*( sub ); $RET_java.lang.StringBuilder.<init>()|abducedRetvar = @f$3<span class='color_orange'>none</span>:void( sub ); this = @f$2<span class='color_orange'>formal</span>:org.junit.tests.running.classes.ParameterizedTestTest*( sub ); $RET_java.lang.StringBuilder.append(java.lang.String):java.lang.StringBuilder|abducedRetvar = @f$0<span class='color_orange'>none</span>:java.lang.StringBuilder*( sub ) ;
       @f$0|->{}<span class='color_orange'>rearrange:(z)543</span>:java.lang.StringBuilder( sub )  ]</span>
    
    
    prop list after:
    PROP 1 of 1:
    <span class='color_blue'><span class='color_blue'>MEMne &lt; new:541 &gt; <span class='color_orange'>{vpath: }</span>(n$84)</span>; <span class='color_blue'>UND &lt; StringBuilder.<init>() &gt; :541(@f$3)</span>; <span class='color_blue'>UND &lt; StringBuilder StringBuilder.append(String) &gt; :543(@f$0)</span>; <span class='color_blue'>UND &lt; String StringBuilder.toString() &gt; :543($irvar4)</span>; <span class='color_blue'>RET &lt; String Class.getName() &gt; ("org.junit.tests.running.classes.ParameterizedTestTest$ProtectedParametersTest")</span> ;
    <span class='color_blue'>$irvar3 = 0<span class='color_orange'>nullify</span>:void</span>; <span class='color_blue'>$irvar4 = @f$1<span class='color_orange'>update:543</span>:void</span>; <span class='color_blue'>$irvar0 = 0<span class='color_orange'>nullify</span>:void</span>; <span class='color_blue'>return = n$83<span class='color_orange'>initial</span>:void</span>; <span class='color_blue'>$irvar1 = 0<span class='color_orange'>nullify</span>:void</span>; <span class='color_blue'>$irvar2 = 0<span class='color_orange'>nullify</span>:void</span>; <span class='color_blue'>this = @f$2<span class='color_orange'>formal</span>:org.junit.tests.running.classes.ParameterizedTestTest*( sub )</span>; <span class='color_blue'>old_this = @f$2<span class='color_orange'>formal</span>:org.junit.tests.running.classes.ParameterizedTestTest*( sub )</span> ;
    <span class='color_blue'>@f$0|->{}<span class='color_orange'>rearrange:(z)543</span>:java.lang.StringBuilder( sub )</span>
    [footprint
       <span class='color_blue'>$RET_java.lang.StringBuilder.toString():java.lang.String|abducedRetvar = @f$1<span class='color_orange'>none</span>:java.lang.String*( sub )</span>; <span class='color_blue'>$RET_java.lang.StringBuilder.<init>()|abducedRetvar = @f$3<span class='color_orange'>none</span>:void( sub )</span>; <span class='color_blue'>this = @f$2<span class='color_orange'>formal</span>:org.junit.tests.running.classes.ParameterizedTestTest*( sub )</span>; <span class='color_blue'>$RET_java.lang.StringBuilder.append(java.lang.String):java.lang.StringBuilder|abducedRetvar = @f$0<span class='color_orange'>none</span>:java.lang.StringBuilder*( sub )</span> ;
       <span class='color_blue'>@f$0|->{}<span class='color_orange'>rearrange:(z)543</span>:java.lang.StringBuilder( sub )</span>  ]</span>
    
    
    
    Instruction Returns
    PROP 1 of 1:
    <span class='color_blue'><span class='color_red'>n$13 = old_this</span> ;
    <span class='color_blue'>MEMne &lt; new:541 &gt; <span class='color_orange'>{vpath: }</span>(_t$1)</span>; <span class='color_blue'>UND &lt; StringBuilder.<init>() &gt; :541(@f$3)</span>; <span class='color_blue'>UND &lt; StringBuilder StringBuilder.append(String) &gt; :543(@f$0)</span>; <span class='color_blue'>UND &lt; String StringBuilder.toString() &gt; :543($irvar4)</span>; <span class='color_blue'>RET &lt; String Class.getName() &gt; ("org.junit.tests.running.classes.ParameterizedTestTest$ProtectedParametersTest")</span> ;
    <span class='color_blue'>$irvar3 = 0<span class='color_orange'>nullify</span>:void</span>; <span class='color_blue'>$irvar4 = @f$1<span class='color_orange'>update:543</span>:void</span>; <span class='color_blue'>$irvar0 = 0<span class='color_orange'>nullify</span>:void</span>; <span class='color_blue'>return = _t$0<span class='color_orange'>initial</span>:void</span>; <span class='color_blue'>$irvar1 = 0<span class='color_orange'>nullify</span>:void</span>; <span class='color_blue'>$irvar2 = 0<span class='color_orange'>nullify</span>:void</span>; <span class='color_blue'>this = @f$2<span class='color_orange'>formal</span>:org.junit.tests.running.classes.ParameterizedTestTest*( sub )</span>; <span class='color_blue'>old_this = @f$2<span class='color_orange'>formal</span>:org.junit.tests.running.classes.ParameterizedTestTest*( sub )</span> ;
    <span class='color_blue'>@f$0|->{}<span class='color_orange'>rearrange:(z)543</span>:java.lang.StringBuilder( sub )</span>
    [footprint
       <span class='color_blue'>$RET_java.lang.StringBuilder.toString():java.lang.String|abducedRetvar = @f$1<span class='color_orange'>none</span>:java.lang.String*( sub )</span>; <span class='color_blue'>$RET_java.lang.StringBuilder.<init>()|abducedRetvar = @f$3<span class='color_orange'>none</span>:void( sub )</span>; <span class='color_blue'>this = @f$2<span class='color_orange'>formal</span>:org.junit.tests.running.classes.ParameterizedTestTest*( sub )</span>; <span class='color_blue'>$RET_java.lang.StringBuilder.append(java.lang.String):java.lang.StringBuilder|abducedRetvar = @f$0<span class='color_orange'>none</span>:java.lang.StringBuilder*( sub )</span> ;
       <span class='color_blue'>@f$0|->{}<span class='color_orange'>rearrange:(z)543</span>:java.lang.StringBuilder( sub )</span>  ]</span>
    
    Instruction <span class='color_green'>n$14=*&amp;$irvar4:java.lang.String* [line 541]</span>
    in vpath_find exp:n$86
    vpath_find: cannot find n$86
    .... Rearrangement Start ....
    Exp: &amp;$irvar4
    Prop:
    <span class='color_blue'>n$13 = old_this ;
    MEMne &lt; new:541 &gt; <span class='color_orange'>{vpath: }</span>(n$86); UND &lt; StringBuilder.<init>() &gt; :541(@f$3); UND &lt; StringBuilder StringBuilder.append(String) &gt; :543(@f$0); UND &lt; String StringBuilder.toString() &gt; :543($irvar4); RET &lt; String Class.getName() &gt; ("org.junit.tests.running.classes.ParameterizedTestTest$ProtectedParametersTest") ;
    $irvar3 = 0<span class='color_orange'>nullify</span>:void; $irvar4 = @f$1<span class='color_orange'>update:543</span>:void; $irvar0 = 0<span class='color_orange'>nullify</span>:void; return = n$85<span class='color_orange'>initial</span>:void; $irvar1 = 0<span class='color_orange'>nullify</span>:void; $irvar2 = 0<span class='color_orange'>nullify</span>:void; this = @f$2<span class='color_orange'>formal</span>:org.junit.tests.running.classes.ParameterizedTestTest*( sub ); old_this = @f$2<span class='color_orange'>formal</span>:org.junit.tests.running.classes.ParameterizedTestTest*( sub ) ;
    @f$0|->{}<span class='color_orange'>rearrange:(z)543</span>:java.lang.StringBuilder( sub )
    [footprint
       $RET_java.lang.StringBuilder.toString():java.lang.String|abducedRetvar = @f$1<span class='color_orange'>none</span>:java.lang.String*( sub ); $RET_java.lang.StringBuilder.<init>()|abducedRetvar = @f$3<span class='color_orange'>none</span>:void( sub ); this = @f$2<span class='color_orange'>formal</span>:org.junit.tests.running.classes.ParameterizedTestTest*( sub ); $RET_java.lang.StringBuilder.append(java.lang.String):java.lang.StringBuilder|abducedRetvar = @f$0<span class='color_orange'>none</span>:java.lang.StringBuilder*( sub ) ;
       @f$0|->{}<span class='color_orange'>rearrange:(z)543</span>:java.lang.StringBuilder( sub )  ]</span>
    
    in prop_iter_extend_ptsto lexp: &amp;$irvar4
    prop before:
    <span class='color_blue'>n$13 = old_this ;
    MEMne &lt; new:541 &gt; <span class='color_orange'>{vpath: }</span>(n$86); UND &lt; StringBuilder.<init>() &gt; :541(@f$3); UND &lt; StringBuilder StringBuilder.append(String) &gt; :543(@f$0); UND &lt; String StringBuilder.toString() &gt; :543($irvar4); RET &lt; String Class.getName() &gt; ("org.junit.tests.running.classes.ParameterizedTestTest$ProtectedParametersTest") ;
    $irvar3 = 0<span class='color_orange'>nullify</span>:void; $irvar4 = @f$1<span class='color_orange'>update:543</span>:void; $irvar0 = 0<span class='color_orange'>nullify</span>:void; return = n$85<span class='color_orange'>initial</span>:void; $irvar1 = 0<span class='color_orange'>nullify</span>:void; $irvar2 = 0<span class='color_orange'>nullify</span>:void; this = @f$2<span class='color_orange'>formal</span>:org.junit.tests.running.classes.ParameterizedTestTest*( sub ); old_this = @f$2<span class='color_orange'>formal</span>:org.junit.tests.running.classes.ParameterizedTestTest*( sub ) ;
    @f$0|->{}<span class='color_orange'>rearrange:(z)543</span>:java.lang.StringBuilder( sub )
    [footprint
       $RET_java.lang.StringBuilder.toString():java.lang.String|abducedRetvar = @f$1<span class='color_orange'>none</span>:java.lang.String*( sub ); $RET_java.lang.StringBuilder.<init>()|abducedRetvar = @f$3<span class='color_orange'>none</span>:void( sub ); this = @f$2<span class='color_orange'>formal</span>:org.junit.tests.running.classes.ParameterizedTestTest*( sub ); $RET_java.lang.StringBuilder.append(java.lang.String):java.lang.StringBuilder|abducedRetvar = @f$0<span class='color_orange'>none</span>:java.lang.StringBuilder*( sub ) ;
       @f$0|->{}<span class='color_orange'>rearrange:(z)543</span>:java.lang.StringBuilder( sub )  ]</span>
    
    
    prop list after:
    PROP 1 of 1:
    <span class='color_blue'><span class='color_blue'>n$13 = old_this</span> ;
    <span class='color_blue'>MEMne &lt; new:541 &gt; <span class='color_orange'>{vpath: }</span>(n$86)</span>; <span class='color_blue'>UND &lt; StringBuilder.<init>() &gt; :541(@f$3)</span>; <span class='color_blue'>UND &lt; StringBuilder StringBuilder.append(String) &gt; :543(@f$0)</span>; <span class='color_blue'>UND &lt; String StringBuilder.toString() &gt; :543($irvar4)</span>; <span class='color_blue'>RET &lt; String Class.getName() &gt; ("org.junit.tests.running.classes.ParameterizedTestTest$ProtectedParametersTest")</span> ;
    <span class='color_blue'>$irvar3 = 0<span class='color_orange'>nullify</span>:void</span>; <span class='color_blue'>$irvar4 = @f$1<span class='color_orange'>update:543</span>:void</span>; <span class='color_blue'>$irvar0 = 0<span class='color_orange'>nullify</span>:void</span>; <span class='color_blue'>return = n$85<span class='color_orange'>initial</span>:void</span>; <span class='color_blue'>$irvar1 = 0<span class='color_orange'>nullify</span>:void</span>; <span class='color_blue'>$irvar2 = 0<span class='color_orange'>nullify</span>:void</span>; <span class='color_blue'>this = @f$2<span class='color_orange'>formal</span>:org.junit.tests.running.classes.ParameterizedTestTest*( sub )</span>; <span class='color_blue'>old_this = @f$2<span class='color_orange'>formal</span>:org.junit.tests.running.classes.ParameterizedTestTest*( sub )</span> ;
    <span class='color_blue'>@f$0|->{}<span class='color_orange'>rearrange:(z)543</span>:java.lang.StringBuilder( sub )</span>
    [footprint
       <span class='color_blue'>$RET_java.lang.StringBuilder.toString():java.lang.String|abducedRetvar = @f$1<span class='color_orange'>none</span>:java.lang.String*( sub )</span>; <span class='color_blue'>$RET_java.lang.StringBuilder.<init>()|abducedRetvar = @f$3<span class='color_orange'>none</span>:void( sub )</span>; <span class='color_blue'>this = @f$2<span class='color_orange'>formal</span>:org.junit.tests.running.classes.ParameterizedTestTest*( sub )</span>; <span class='color_blue'>$RET_java.lang.StringBuilder.append(java.lang.String):java.lang.StringBuilder|abducedRetvar = @f$0<span class='color_orange'>none</span>:java.lang.StringBuilder*( sub )</span> ;
       <span class='color_blue'>@f$0|->{}<span class='color_orange'>rearrange:(z)543</span>:java.lang.StringBuilder( sub )</span>  ]</span>
    
    
    
    Instruction Returns
    PROP 1 of 1:
    <span class='color_blue'><span class='color_blue'>n$13 = old_this</span>; <span class='color_red'>n$14 = $irvar4</span> ;
    <span class='color_blue'>MEMne &lt; new:541 &gt; <span class='color_orange'>{vpath: }</span>(_t$1)</span>; <span class='color_blue'>UND &lt; StringBuilder.<init>() &gt; :541(@f$3)</span>; <span class='color_blue'>UND &lt; StringBuilder StringBuilder.append(String) &gt; :543(@f$0)</span>; <span class='color_blue'>UND &lt; String StringBuilder.toString() &gt; :543($irvar4)</span>; <span class='color_blue'>RET &lt; String Class.getName() &gt; ("org.junit.tests.running.classes.ParameterizedTestTest$ProtectedParametersTest")</span> ;
    <span class='color_blue'>$irvar3 = 0<span class='color_orange'>nullify</span>:void</span>; <span class='color_blue'>$irvar4 = @f$1<span class='color_orange'>update:543</span>:void</span>; <span class='color_blue'>$irvar0 = 0<span class='color_orange'>nullify</span>:void</span>; <span class='color_blue'>return = _t$0<span class='color_orange'>initial</span>:void</span>; <span class='color_blue'>$irvar1 = 0<span class='color_orange'>nullify</span>:void</span>; <span class='color_blue'>$irvar2 = 0<span class='color_orange'>nullify</span>:void</span>; <span class='color_blue'>this = @f$2<span class='color_orange'>formal</span>:org.junit.tests.running.classes.ParameterizedTestTest*( sub )</span>; <span class='color_blue'>old_this = @f$2<span class='color_orange'>formal</span>:org.junit.tests.running.classes.ParameterizedTestTest*( sub )</span> ;
    <span class='color_blue'>@f$0|->{}<span class='color_orange'>rearrange:(z)543</span>:java.lang.StringBuilder( sub )</span>
    [footprint
       <span class='color_blue'>$RET_java.lang.StringBuilder.toString():java.lang.String|abducedRetvar = @f$1<span class='color_orange'>none</span>:java.lang.String*( sub )</span>; <span class='color_blue'>$RET_java.lang.StringBuilder.<init>()|abducedRetvar = @f$3<span class='color_orange'>none</span>:void( sub )</span>; <span class='color_blue'>this = @f$2<span class='color_orange'>formal</span>:org.junit.tests.running.classes.ParameterizedTestTest*( sub )</span>; <span class='color_blue'>$RET_java.lang.StringBuilder.append(java.lang.String):java.lang.StringBuilder|abducedRetvar = @f$0<span class='color_orange'>none</span>:java.lang.StringBuilder*( sub )</span> ;
       <span class='color_blue'>@f$0|->{}<span class='color_orange'>rearrange:(z)543</span>:java.lang.StringBuilder( sub )</span>  ]</span>
    
    Instruction <span class='color_green'>n$15=_fun_void ParameterizedTestTest.assertTestCreatesSingleFailureWithMessage(Class,String)(n$13:org.junit.tests.running.classes.ParameterizedTestTest*,org.junit.tests.running.classes.ParameterizedTestTest$ProtectedParametersTest:java.lang.Object*,n$14:java.lang.String*) [line 541]</span>
    in vpath_find exp:n$88
    vpath_find: cannot find n$88
    Found 1 specs for function org.junit.tests.running.classes.ParameterizedTestTest.assertTestCreatesSingleFailureWithMessage(java.lang.Class,java.lang.String):void
    START EXECUTING SPECS FOR org.junit.tests.running.classes.ParameterizedTestTest.assertTestCreatesSingleFailureWithMessage(java.lang.Class,java.lang.String):void from state
    <span class='color_blue'>n$13 = old_this; n$14 = $irvar4 ;
    MEMne &lt; new:541 &gt; <span class='color_orange'>{vpath: }</span>(n$88); UND &lt; StringBuilder.<init>() &gt; :541(@f$3); UND &lt; StringBuilder StringBuilder.append(String) &gt; :543(@f$0); UND &lt; String StringBuilder.toString() &gt; :543($irvar4); RET &lt; String Class.getName() &gt; ("org.junit.tests.running.classes.ParameterizedTestTest$ProtectedParametersTest") ;
    $irvar3 = 0<span class='color_orange'>nullify</span>:void; $irvar4 = @f$1<span class='color_orange'>update:543</span>:void; $irvar0 = 0<span class='color_orange'>nullify</span>:void; return = n$87<span class='color_orange'>initial</span>:void; $irvar1 = 0<span class='color_orange'>nullify</span>:void; $irvar2 = 0<span class='color_orange'>nullify</span>:void; this = @f$2<span class='color_orange'>formal</span>:org.junit.tests.running.classes.ParameterizedTestTest*( sub ); old_this = @f$2<span class='color_orange'>formal</span>:org.junit.tests.running.classes.ParameterizedTestTest*( sub ) ;
    @f$0|->{}<span class='color_orange'>rearrange:(z)543</span>:java.lang.StringBuilder( sub )
    [footprint
       $RET_java.lang.StringBuilder.toString():java.lang.String|abducedRetvar = @f$1<span class='color_orange'>none</span>:java.lang.String*( sub ); $RET_java.lang.StringBuilder.<init>()|abducedRetvar = @f$3<span class='color_orange'>none</span>:void( sub ); this = @f$2<span class='color_orange'>formal</span>:org.junit.tests.running.classes.ParameterizedTestTest*( sub ); $RET_java.lang.StringBuilder.append(java.lang.String):java.lang.StringBuilder|abducedRetvar = @f$0<span class='color_orange'>none</span>:java.lang.StringBuilder*( sub ) ;
       @f$0|->{}<span class='color_orange'>rearrange:(z)543</span>:java.lang.StringBuilder( sub )  ]</span>
    EXECUTING SPEC 1/1
    ACTUAL PRECONDITION =
      <span class='color_blue'>n$13 = old_this; n$14 = message|callee ;
      MEMne &lt; new:541 &gt; <span class='color_orange'>{vpath: }</span>(n$88); UND &lt; StringBuilder.<init>() &gt; :541(@f$3); UND &lt; StringBuilder StringBuilder.append(String) &gt; :543(@f$0); UND &lt; String StringBuilder.toString() &gt; :543(message|callee); RET &lt; String Class.getName() &gt; ("org.junit.tests.running.classes.ParameterizedTestTest$ProtectedParametersTest") ;
      $irvar3 = 0<span class='color_orange'>nullify</span>:void; $irvar4 = @f$1<span class='color_orange'>update:543</span>:void; test|callee = org.junit.tests.running.classes.ParameterizedTestTest$ProtectedParametersTest<span class='color_orange'>actual_precondition</span>:java.lang.Object*; message|callee = @f$1<span class='color_orange'>actual_precondition</span>:java.lang.String*; $irvar0 = 0<span class='color_orange'>nullify</span>:void; return = n$87<span class='color_orange'>initial</span>:void; $irvar1 = 0<span class='color_orange'>nullify</span>:void; $irvar2 = 0<span class='color_orange'>nullify</span>:void; this = @f$2<span class='color_orange'>formal</span>:org.junit.tests.running.classes.ParameterizedTestTest*( sub ); this|callee = @f$2<span class='color_orange'>actual_precondition</span>:org.junit.tests.running.classes.ParameterizedTestTest*; old_this = @f$2<span class='color_orange'>formal</span>:org.junit.tests.running.classes.ParameterizedTestTest*( sub ) ;
      @f$0|->{}<span class='color_orange'>rearrange:(z)543</span>:java.lang.StringBuilder( sub )
      [footprint
         $RET_java.lang.StringBuilder.toString():java.lang.String|abducedRetvar = @f$1<span class='color_orange'>none</span>:java.lang.String*( sub ); $RET_java.lang.StringBuilder.<init>()|abducedRetvar = @f$3<span class='color_orange'>none</span>:void( sub ); this = @f$2<span class='color_orange'>formal</span>:org.junit.tests.running.classes.ParameterizedTestTest*( sub ); $RET_java.lang.StringBuilder.append(java.lang.String):java.lang.StringBuilder|abducedRetvar = @f$0<span class='color_orange'>none</span>:java.lang.StringBuilder*( sub ) ;
         @f$0|->{}<span class='color_orange'>rearrange:(z)543</span>:java.lang.StringBuilder( sub )  ]</span>
    SPEC =
      --------------------------- ---------- ---------------------------
      PRE:
      <span class='color_blue'><span class='color_blue'>test|callee = _t$117<span class='color_orange'>formal</span>:java.lang.Class*( sub ); message|callee = _t$118<span class='color_orange'>formal</span>:java.lang.String*( sub ); this|callee = _t$119<span class='color_orange'>formal</span>:org.junit.tests.running.classes.ParameterizedTestTest*( sub )</span></span>
      POST 1 of 1:
      <span class='color_blue'><span class='color_red'>MEMne &lt; void Assert.assertEquals(long,long):736 &gt; <span class='color_orange'>{vpath: }</span>(_t$120)</span> ;
      <span class='color_red'>return|callee = EXN _t$120<span class='color_orange'>update:736</span>:void</span> ;
      <span class='color_red'>_t$120|->{}<span class='color_orange'>alloc</span>:java.lang.AssertionError</span></span>
      ----------------------------------------------------------------
    pre_check_pure_implication
    pi1:
      n$13 = @f$2; n$14 = @f$1; MEMne &lt; new:541 &gt; <span class='color_orange'>{vpath: }</span>(n$88); UND &lt; StringBuilder.<init>() &gt; :541(@f$3); UND &lt; StringBuilder StringBuilder.append(String) &gt; :543(@f$0); UND &lt; String StringBuilder.toString() &gt; :543(@f$1); RET &lt; String Class.getName() &gt; ("org.junit.tests.running.classes.ParameterizedTestTest$ProtectedParametersTest")
    pi2:
      
    returns
    sub1:
      n$13 = @f$2; n$14 = @f$1
    sub2:
      
    Current Implication
    SUB:
      n$13 = @f$2; n$14 = @f$1
    <span class='color_blue'>MEMne &lt; new:541 &gt; <span class='color_orange'>{vpath: }</span>(n$88); UND &lt; StringBuilder.<init>() &gt; :541(@f$3); UND &lt; StringBuilder StringBuilder.append(String) &gt; :543(@f$0); UND &lt; String StringBuilder.toString() &gt; :543(message|callee); RET &lt; String Class.getName() &gt; ("org.junit.tests.running.classes.ParameterizedTestTest$ProtectedParametersTest"); old_this = old_this; message|callee = message|callee ;
    $irvar3 = 0<span class='color_orange'>nullify</span>:void; $irvar4 = @f$1<span class='color_orange'>update:543</span>:void; test|callee = org.junit.tests.running.classes.ParameterizedTestTest$ProtectedParametersTest<span class='color_orange'>actual_precondition</span>:java.lang.Object*; message|callee = @f$1<span class='color_orange'>actual_precondition</span>:java.lang.String*; $irvar0 = 0<span class='color_orange'>nullify</span>:void; return = n$87<span class='color_orange'>initial</span>:void; $irvar1 = 0<span class='color_orange'>nullify</span>:void; $irvar2 = 0<span class='color_orange'>nullify</span>:void; this = @f$2<span class='color_orange'>formal</span>:org.junit.tests.running.classes.ParameterizedTestTest*( sub ); this|callee = @f$2<span class='color_orange'>actual_precondition</span>:org.junit.tests.running.classes.ParameterizedTestTest*; old_this = @f$2<span class='color_orange'>formal</span>:org.junit.tests.running.classes.ParameterizedTestTest*( sub ) ;
    @f$0|->{}<span class='color_orange'>rearrange:(z)543</span>:java.lang.StringBuilder( sub )
    [footprint
       $RET_java.lang.StringBuilder.toString():java.lang.String|abducedRetvar = @f$1<span class='color_orange'>none</span>:java.lang.String*( sub ); $RET_java.lang.StringBuilder.<init>()|abducedRetvar = @f$3<span class='color_orange'>none</span>:void( sub ); this = @f$2<span class='color_orange'>formal</span>:org.junit.tests.running.classes.ParameterizedTestTest*( sub ); $RET_java.lang.StringBuilder.append(java.lang.String):java.lang.StringBuilder|abducedRetvar = @f$0<span class='color_orange'>none</span>:java.lang.StringBuilder*( sub ) ;
       @f$0|->{}<span class='color_orange'>rearrange:(z)543</span>:java.lang.StringBuilder( sub )  ]</span>
    |-
    <span class='color_blue'>test|callee = _t$117<span class='color_orange'>formal</span>:java.lang.Class*( sub ); message|callee = _t$118<span class='color_orange'>formal</span>:java.lang.String*( sub ); this|callee = _t$119<span class='color_orange'>formal</span>:org.junit.tests.running.classes.ParameterizedTestTest*( sub )</span>
    
      do_imply org.junit.tests.running.classes.ParameterizedTestTest$ProtectedParametersTest _t$117
        Current Implication
        SUB:
          n$13 = @f$2; n$14 = @f$1
        <span class='color_blue'>MEMne &lt; new:541 &gt; <span class='color_orange'>{vpath: }</span>(n$88); UND &lt; StringBuilder.<init>() &gt; :541(@f$3); UND &lt; StringBuilder StringBuilder.append(String) &gt; :543(@f$0); UND &lt; String StringBuilder.toString() &gt; :543(message|callee); RET &lt; String Class.getName() &gt; ("org.junit.tests.running.classes.ParameterizedTestTest$ProtectedParametersTest"); old_this = old_this; message|callee = message|callee ;
        $irvar3 = 0<span class='color_orange'>nullify</span>:void; $irvar4 = @f$1<span class='color_orange'>update:543</span>:void; message|callee = @f$1<span class='color_orange'>actual_precondition</span>:java.lang.String*; $irvar0 = 0<span class='color_orange'>nullify</span>:void; return = n$87<span class='color_orange'>initial</span>:void; $irvar1 = 0<span class='color_orange'>nullify</span>:void; $irvar2 = 0<span class='color_orange'>nullify</span>:void; this = @f$2<span class='color_orange'>formal</span>:org.junit.tests.running.classes.ParameterizedTestTest*( sub ); this|callee = @f$2<span class='color_orange'>actual_precondition</span>:org.junit.tests.running.classes.ParameterizedTestTest*; old_this = @f$2<span class='color_orange'>formal</span>:org.junit.tests.running.classes.ParameterizedTestTest*( sub ) ;
        @f$0|->{}<span class='color_orange'>rearrange:(z)543</span>:java.lang.StringBuilder( sub )
        [footprint
           $RET_java.lang.StringBuilder.toString():java.lang.String|abducedRetvar = @f$1<span class='color_orange'>none</span>:java.lang.String*( sub ); $RET_java.lang.StringBuilder.<init>()|abducedRetvar = @f$3<span class='color_orange'>none</span>:void( sub ); this = @f$2<span class='color_orange'>formal</span>:org.junit.tests.running.classes.ParameterizedTestTest*( sub ); $RET_java.lang.StringBuilder.append(java.lang.String):java.lang.StringBuilder|abducedRetvar = @f$0<span class='color_orange'>none</span>:java.lang.StringBuilder*( sub ) ;
           @f$0|->{}<span class='color_orange'>rearrange:(z)543</span>:java.lang.StringBuilder( sub )  ]</span>
        [SUB: 
          _t$117 = org.junit.tests.running.classes.ParameterizedTestTest$ProtectedParametersTest]
        |-
        <span class='color_blue'>message|callee = _t$118<span class='color_orange'>formal</span>:java.lang.String*( sub ); this|callee = _t$119<span class='color_orange'>formal</span>:org.junit.tests.running.classes.ParameterizedTestTest*( sub )</span>
        
          do_imply @f$1 _t$118
            Current Implication
            SUB:
              n$13 = @f$2; n$14 = @f$1
            <span class='color_blue'>MEMne &lt; new:541 &gt; <span class='color_orange'>{vpath: }</span>(n$88); UND &lt; StringBuilder.<init>() &gt; :541(@f$3); UND &lt; StringBuilder StringBuilder.append(String) &gt; :543(@f$0); UND &lt; String StringBuilder.toString() &gt; :543($irvar4); RET &lt; String Class.getName() &gt; ("org.junit.tests.running.classes.ParameterizedTestTest$ProtectedParametersTest"); old_this = old_this; $irvar4 = $irvar4 ;
            $irvar3 = 0<span class='color_orange'>nullify</span>:void; $irvar4 = @f$1<span class='color_orange'>update:543</span>:void; $irvar0 = 0<span class='color_orange'>nullify</span>:void; return = n$87<span class='color_orange'>initial</span>:void; $irvar1 = 0<span class='color_orange'>nullify</span>:void; $irvar2 = 0<span class='color_orange'>nullify</span>:void; this = @f$2<span class='color_orange'>formal</span>:org.junit.tests.running.classes.ParameterizedTestTest*( sub ); this|callee = @f$2<span class='color_orange'>actual_precondition</span>:org.junit.tests.running.classes.ParameterizedTestTest*; old_this = @f$2<span class='color_orange'>formal</span>:org.junit.tests.running.classes.ParameterizedTestTest*( sub ) ;
            @f$0|->{}<span class='color_orange'>rearrange:(z)543</span>:java.lang.StringBuilder( sub )
            [footprint
               $RET_java.lang.StringBuilder.toString():java.lang.String|abducedRetvar = @f$1<span class='color_orange'>none</span>:java.lang.String*( sub ); $RET_java.lang.StringBuilder.<init>()|abducedRetvar = @f$3<span class='color_orange'>none</span>:void( sub ); this = @f$2<span class='color_orange'>formal</span>:org.junit.tests.running.classes.ParameterizedTestTest*( sub ); $RET_java.lang.StringBuilder.append(java.lang.String):java.lang.StringBuilder|abducedRetvar = @f$0<span class='color_orange'>none</span>:java.lang.StringBuilder*( sub ) ;
               @f$0|->{}<span class='color_orange'>rearrange:(z)543</span>:java.lang.StringBuilder( sub )  ]</span>
            [SUB: 
              _t$117 = org.junit.tests.running.classes.ParameterizedTestTest$ProtectedParametersTest; _t$118 = @f$1]
            |-
            <span class='color_blue'>this|callee = _t$119<span class='color_orange'>formal</span>:org.junit.tests.running.classes.ParameterizedTestTest*( sub )</span>
            
              do_imply @f$2 _t$119
                Final Implication
                SUB:
                  n$13 = @f$2; n$14 = @f$1
                <span class='color_blue'>MEMne &lt; new:541 &gt; <span class='color_orange'>{vpath: }</span>(n$88); UND &lt; StringBuilder.<init>() &gt; :541(@f$3); UND &lt; StringBuilder StringBuilder.append(String) &gt; :543(@f$0); UND &lt; String StringBuilder.toString() &gt; :543($irvar4); RET &lt; String Class.getName() &gt; ("org.junit.tests.running.classes.ParameterizedTestTest$ProtectedParametersTest"); old_this = old_this; $irvar4 = $irvar4 ;
                $irvar3 = 0<span class='color_orange'>nullify</span>:void; $irvar4 = @f$1<span class='color_orange'>update:543</span>:void; $irvar0 = 0<span class='color_orange'>nullify</span>:void; return = n$87<span class='color_orange'>initial</span>:void; $irvar1 = 0<span class='color_orange'>nullify</span>:void; $irvar2 = 0<span class='color_orange'>nullify</span>:void; this = @f$2<span class='color_orange'>formal</span>:org.junit.tests.running.classes.ParameterizedTestTest*( sub ); old_this = @f$2<span class='color_orange'>formal</span>:org.junit.tests.running.classes.ParameterizedTestTest*( sub ) ;
                @f$0|->{}<span class='color_orange'>rearrange:(z)543</span>:java.lang.StringBuilder( sub )
                [footprint
                   $RET_java.lang.StringBuilder.toString():java.lang.String|abducedRetvar = @f$1<span class='color_orange'>none</span>:java.lang.String*( sub ); $RET_java.lang.StringBuilder.<init>()|abducedRetvar = @f$3<span class='color_orange'>none</span>:void( sub ); this = @f$2<span class='color_orange'>formal</span>:org.junit.tests.running.classes.ParameterizedTestTest*( sub ); $RET_java.lang.StringBuilder.append(java.lang.String):java.lang.StringBuilder|abducedRetvar = @f$0<span class='color_orange'>none</span>:java.lang.StringBuilder*( sub ) ;
                   @f$0|->{}<span class='color_orange'>rearrange:(z)543</span>:java.lang.StringBuilder( sub )  ]</span>
                [SUB: 
                  _t$117 = org.junit.tests.running.classes.ParameterizedTestTest$ProtectedParametersTest; _t$118 = @f$1; _t$119 = @f$2]
                |-
                <span class='color_blue'></span>
    Result of Abduction
      SUB:
        n$13 = @f$2; n$14 = @f$1
      <span class='color_blue'>MEMne &lt; new:541 &gt; <span class='color_orange'>{vpath: }</span>(n$88); UND &lt; StringBuilder.<init>() &gt; :541(@f$3); UND &lt; StringBuilder StringBuilder.append(String) &gt; :543(@f$0); UND &lt; String StringBuilder.toString() &gt; :543(message|callee); RET &lt; String Class.getName() &gt; ("org.junit.tests.running.classes.ParameterizedTestTest$ProtectedParametersTest"); old_this = old_this; message|callee = message|callee ;
      $irvar3 = 0<span class='color_orange'>nullify</span>:void; $irvar4 = @f$1<span class='color_orange'>update:543</span>:void; test|callee = org.junit.tests.running.classes.ParameterizedTestTest$ProtectedParametersTest<span class='color_orange'>actual_precondition</span>:java.lang.Object*; message|callee = @f$1<span class='color_orange'>actual_precondition</span>:java.lang.String*; $irvar0 = 0<span class='color_orange'>nullify</span>:void; return = n$87<span class='color_orange'>initial</span>:void; $irvar1 = 0<span class='color_orange'>nullify</span>:void; $irvar2 = 0<span class='color_orange'>nullify</span>:void; this = @f$2<span class='color_orange'>formal</span>:org.junit.tests.running.classes.ParameterizedTestTest*( sub ); this|callee = @f$2<span class='color_orange'>actual_precondition</span>:org.junit.tests.running.classes.ParameterizedTestTest*; old_this = @f$2<span class='color_orange'>formal</span>:org.junit.tests.running.classes.ParameterizedTestTest*( sub ) ;
      @f$0|->{}<span class='color_orange'>rearrange:(z)543</span>:java.lang.StringBuilder( sub )
      [footprint
         $RET_java.lang.StringBuilder.toString():java.lang.String|abducedRetvar = @f$1<span class='color_orange'>none</span>:java.lang.String*( sub ); $RET_java.lang.StringBuilder.<init>()|abducedRetvar = @f$3<span class='color_orange'>none</span>:void( sub ); this = @f$2<span class='color_orange'>formal</span>:org.junit.tests.running.classes.ParameterizedTestTest*( sub ); $RET_java.lang.StringBuilder.append(java.lang.String):java.lang.StringBuilder|abducedRetvar = @f$0<span class='color_orange'>none</span>:java.lang.StringBuilder*( sub ) ;
         @f$0|->{}<span class='color_orange'>rearrange:(z)543</span>:java.lang.StringBuilder( sub )  ]</span>
      [SUB: 
        _t$117 = org.junit.tests.running.classes.ParameterizedTestTest$ProtectedParametersTest; _t$118 = @f$1; _t$119 = @f$2]
      |-
      <span class='color_blue'>test|callee = org.junit.tests.running.classes.ParameterizedTestTest$ProtectedParametersTest<span class='color_orange'>formal</span>:java.lang.Class*( sub ); message|callee = @f$1<span class='color_orange'>formal</span>:java.lang.String*( sub ); this|callee = @f$2<span class='color_orange'>formal</span>:org.junit.tests.running.classes.ParameterizedTestTest*( sub )</span>
    returning TRUE
    in vpath_find exp:_t$120
    vpath_find: cannot find _t$120
      New footprint:
      
      Frame fld:
      
      Missing fld:
      
      Instantiated frame:
      @f$0|->{}<span class='color_orange'>rearrange:(z)543</span>:java.lang.StringBuilder( sub ); &amp;$irvar3|->0<span class='color_orange'>nullify</span>:void; &amp;$irvar4|->@f$1<span class='color_orange'>update:543</span>:void; &amp;$irvar0|->0<span class='color_orange'>nullify</span>:void; &amp;return|->n$87<span class='color_orange'>initial</span>:void; &amp;$irvar1|->0<span class='color_orange'>nullify</span>:void; &amp;$irvar2|->0<span class='color_orange'>nullify</span>:void; &amp;this|->@f$2<span class='color_orange'>formal</span>:org.junit.tests.running.classes.ParameterizedTestTest*( sub ); &amp;old_this|->@f$2<span class='color_orange'>formal</span>:org.junit.tests.running.classes.ParameterizedTestTest*( sub )
      Instantiated post:
      PROP 1 of 1:
      <span class='color_blue'><span class='color_red'>MEMne &lt; void ParameterizedTestTest.assertTestCreatesSingleFailureWithMessage(Class,String):541 &gt; <span class='color_orange'>{vpath: }</span>(_t$120)</span> ;
      <span class='color_red'>return|callee = EXN _t$120<span class='color_orange'>update:541</span>:void</span> ;
      <span class='color_red'>_t$120|->{}<span class='color_orange'>alloc</span>:java.lang.AssertionError</span></span>
      
    ***** RESULTS FUNCTION CALL *******
    PROP 1 of 1:
    <span class='color_blue'><span class='color_blue'>n$13 = old_this</span>; <span class='color_blue'>n$14 = $irvar4</span> ;
    <span class='color_red'>MEMne &lt; void ParameterizedTestTest.assertTestCreatesSingleFailureWithMessage(Class,String):541 &gt; <span class='color_orange'>{vpath: }</span>(_t$0)</span>; <span class='color_blue'>MEMne &lt; new:541 &gt; <span class='color_orange'>{vpath: }</span>(n$88)</span>; <span class='color_blue'>UND &lt; StringBuilder.<init>() &gt; :541(@f$3)</span>; <span class='color_blue'>UND &lt; StringBuilder StringBuilder.append(String) &gt; :543(@f$0)</span>; <span class='color_blue'>UND &lt; String StringBuilder.toString() &gt; :543($irvar4)</span>; <span class='color_blue'>RET &lt; String Class.getName() &gt; ("org.junit.tests.running.classes.ParameterizedTestTest$ProtectedParametersTest")</span> ;
    <span class='color_blue'>$irvar3 = 0<span class='color_orange'>nullify</span>:void</span>; <span class='color_blue'>$irvar4 = @f$1<span class='color_orange'>update:543</span>:void</span>; <span class='color_blue'>$irvar0 = 0<span class='color_orange'>nullify</span>:void</span>; <span class='color_blue'>return = <span class='color_red'>EXN _t$0<span class='color_orange'>update:541</span></span>:void</span>; <span class='color_blue'>$irvar1 = 0<span class='color_orange'>nullify</span>:void</span>; <span class='color_blue'>$irvar2 = 0<span class='color_orange'>nullify</span>:void</span>; <span class='color_blue'>this = @f$2<span class='color_orange'>formal</span>:org.junit.tests.running.classes.ParameterizedTestTest*( sub )</span>; <span class='color_blue'>old_this = @f$2<span class='color_orange'>formal</span>:org.junit.tests.running.classes.ParameterizedTestTest*( sub )</span> ;
    <span class='color_red'>_t$0|->{}<span class='color_orange'>alloc</span>:java.lang.AssertionError</span>; <span class='color_blue'>@f$0|->{}<span class='color_orange'>rearrange:(z)543</span>:java.lang.StringBuilder( sub )</span>
    [footprint
       <span class='color_blue'>$RET_java.lang.StringBuilder.toString():java.lang.String|abducedRetvar = @f$1<span class='color_orange'>none</span>:java.lang.String*( sub )</span>; <span class='color_blue'>$RET_java.lang.StringBuilder.<init>()|abducedRetvar = @f$3<span class='color_orange'>none</span>:void( sub )</span>; <span class='color_blue'>this = @f$2<span class='color_orange'>formal</span>:org.junit.tests.running.classes.ParameterizedTestTest*( sub )</span>; <span class='color_blue'>$RET_java.lang.StringBuilder.append(java.lang.String):java.lang.StringBuilder|abducedRetvar = @f$0<span class='color_orange'>none</span>:java.lang.StringBuilder*( sub )</span> ;
       <span class='color_blue'>@f$0|->{}<span class='color_orange'>rearrange:(z)543</span>:java.lang.StringBuilder( sub )</span>  ]</span>
    ***** END RESULTS FUNCTION CALL *******
    explain_dereference_as_caller_expression @f$0: cannot explain None
    <span class='color_red'>found error in dereference</span>
    spec_pre:
    <span class='color_blue'>n$13 = old_this; n$14 = $irvar4 ;
    MEMne &lt; void ParameterizedTestTest.assertTestCreatesSingleFailureWithMessage(Class,String):541 &gt; <span class='color_orange'>{vpath: }</span>(_t$120); MEMne &lt; new:541 &gt; <span class='color_orange'>{vpath: }</span>(n$88); UND &lt; StringBuilder.<init>() &gt; :541(@f$3); UND &lt; StringBuilder StringBuilder.append(String) &gt; :543(@f$0); UND &lt; String StringBuilder.toString() &gt; :543($irvar4); RET &lt; String Class.getName() &gt; ("org.junit.tests.running.classes.ParameterizedTestTest$ProtectedParametersTest") ;
    $irvar3 = 0<span class='color_orange'>nullify</span>:void; $irvar4 = @f$1<span class='color_orange'>update:543</span>:void; $irvar0 = 0<span class='color_orange'>nullify</span>:void; return = EXN _t$120<span class='color_orange'>update:541</span>:void; $irvar1 = 0<span class='color_orange'>nullify</span>:void; $irvar2 = 0<span class='color_orange'>nullify</span>:void; this = @f$2<span class='color_orange'>formal</span>:org.junit.tests.running.classes.ParameterizedTestTest*( sub ); old_this = @f$2<span class='color_orange'>formal</span>:org.junit.tests.running.classes.ParameterizedTestTest*( sub ) ;
    _t$120|->{}<span class='color_orange'>alloc</span>:java.lang.AssertionError; @f$0|->{}<span class='color_orange'>rearrange:(z)543</span>:java.lang.StringBuilder( sub )
    [footprint
       $RET_java.lang.StringBuilder.toString():java.lang.String|abducedRetvar = @f$1<span class='color_orange'>none</span>:java.lang.String*( sub ); $RET_java.lang.StringBuilder.<init>()|abducedRetvar = @f$3<span class='color_orange'>none</span>:void( sub ); this = @f$2<span class='color_orange'>formal</span>:org.junit.tests.running.classes.ParameterizedTestTest*( sub ); $RET_java.lang.StringBuilder.append(java.lang.String):java.lang.StringBuilder|abducedRetvar = @f$0<span class='color_orange'>none</span>:java.lang.StringBuilder*( sub ) ;
       @f$0|->{}<span class='color_orange'>rearrange:(z)543</span>:java.lang.StringBuilder( sub )  ]</span>
    exp @f$0 desc: 
    Prover.check_inconsistency_base: inconsistency reason [None]
    Prover.check_inconsistency_base: inconsistency reason [None]
    Prover.check_inconsistency_base: inconsistency reason [None]
    Prover.check_inconsistency_base: inconsistency reason [None]
    Instruction Returns
    PROP 1 of 1:
    <span class='color_blue'><span class='color_blue'>n$13 = old_this</span>; <span class='color_blue'>n$14 = $irvar4</span> ;
    <span class='color_blue'>MEMne &lt; new:541 &gt; <span class='color_orange'>{vpath: }</span>(_t$1)</span>; <span class='color_red'>MEMne &lt; void ParameterizedTestTest.assertTestCreatesSingleFailureWithMessage(Class,String):541 &gt; <span class='color_orange'>{vpath: }</span>(_t$0)</span>; <span class='color_blue'>UND &lt; StringBuilder.<init>() &gt; :541(@f$3)</span>; <span class='color_blue'>UND &lt; StringBuilder StringBuilder.append(String) &gt; :543(@f$0)</span>; <span class='color_blue'>UND &lt; String StringBuilder.toString() &gt; :543($irvar4)</span>; <span class='color_blue'>RET &lt; String Class.getName() &gt; ("org.junit.tests.running.classes.ParameterizedTestTest$ProtectedParametersTest")</span> ;
    <span class='color_blue'>$irvar3 = 0<span class='color_orange'>nullify</span>:void</span>; <span class='color_blue'>$irvar4 = @f$1<span class='color_orange'>update:543</span>:void</span>; <span class='color_blue'>$irvar0 = 0<span class='color_orange'>nullify</span>:void</span>; <span class='color_blue'>return = <span class='color_red'>EXN _t$0<span class='color_orange'>update:541</span></span>:void</span>; <span class='color_blue'>$irvar1 = 0<span class='color_orange'>nullify</span>:void</span>; <span class='color_blue'>$irvar2 = 0<span class='color_orange'>nullify</span>:void</span>; <span class='color_blue'>this = @f$2<span class='color_orange'>formal</span>:org.junit.tests.running.classes.ParameterizedTestTest*( sub )</span>; <span class='color_blue'>old_this = @f$2<span class='color_orange'>formal</span>:org.junit.tests.running.classes.ParameterizedTestTest*( sub )</span> ;
    <span class='color_red'>_t$0|->{}<span class='color_orange'>alloc</span>:java.lang.AssertionError</span>; <span class='color_blue'>@f$0|->{}<span class='color_orange'>rearrange:(z)543</span>:java.lang.StringBuilder( sub )</span>
    [footprint
       <span class='color_blue'>$RET_java.lang.StringBuilder.toString():java.lang.String|abducedRetvar = @f$1<span class='color_orange'>none</span>:java.lang.String*( sub )</span>; <span class='color_blue'>$RET_java.lang.StringBuilder.<init>()|abducedRetvar = @f$3<span class='color_orange'>none</span>:void( sub )</span>; <span class='color_blue'>this = @f$2<span class='color_orange'>formal</span>:org.junit.tests.running.classes.ParameterizedTestTest*( sub )</span>; <span class='color_blue'>$RET_java.lang.StringBuilder.append(java.lang.String):java.lang.StringBuilder|abducedRetvar = @f$0<span class='color_orange'>none</span>:java.lang.StringBuilder*( sub )</span> ;
       <span class='color_blue'>@f$0|->{}<span class='color_orange'>rearrange:(z)543</span>:java.lang.StringBuilder( sub )</span>  ]</span>
    
    Instruction <span class='color_green'>NULLIFY(&amp;$irvar4); [line 541]</span>
    in vpath_find exp:_t$1
    vpath_find: cannot find _t$1
    in vpath_find exp:_t$0
    vpath_find: cannot find _t$0
    Instruction Returns
    PROP 1 of 1:
    <span class='color_blue'><span class='color_blue'>n$13 = <span class='color_red'>old_this</span></span>; <span class='color_blue'>n$14 = <span class='color_red'>@f$3</span></span> ;
    <span class='color_blue'>MEMne &lt; new:541 &gt; <span class='color_orange'>{vpath: }</span>(_t$1)</span>; <span class='color_blue'>MEMne &lt; void ParameterizedTestTest.assertTestCreatesSingleFailureWithMessage(Class,String):541 &gt; <span class='color_orange'>{vpath: }</span>(_t$0)</span>; <span class='color_red'>UND &lt; StringBuilder.<init>() &gt; :541(@f$2)</span>; <span class='color_blue'>UND &lt; StringBuilder StringBuilder.append(String) &gt; :543(@f$0)</span>; <span class='color_blue'>UND &lt; String StringBuilder.toString() &gt; :543(@f$3)</span>; <span class='color_blue'>RET &lt; String Class.getName() &gt; ("org.junit.tests.running.classes.ParameterizedTestTest$ProtectedParametersTest")</span> ;
    <span class='color_blue'>$irvar3 = 0<span class='color_orange'>nullify</span>:void</span>; <span class='color_blue'>$irvar4 = <span class='color_red'>0<span class='color_orange'>nullify</span></span>:void</span>; <span class='color_blue'>$irvar0 = 0<span class='color_orange'>nullify</span>:void</span>; <span class='color_blue'>return = EXN _t$0<span class='color_orange'>update:541</span>:void</span>; <span class='color_blue'>$irvar1 = 0<span class='color_orange'>nullify</span>:void</span>; <span class='color_blue'>$irvar2 = 0<span class='color_orange'>nullify</span>:void</span>; <span class='color_blue'>this = <span class='color_red'>@f$1<span class='color_orange'>formal</span></span>:org.junit.tests.running.classes.ParameterizedTestTest*( sub )</span>; <span class='color_blue'>old_this = <span class='color_red'>@f$1<span class='color_orange'>formal</span></span>:org.junit.tests.running.classes.ParameterizedTestTest*( sub )</span> ;
    <span class='color_blue'>_t$0|->{}<span class='color_orange'>alloc</span>:java.lang.AssertionError</span>; <span class='color_blue'>@f$0|->{}<span class='color_orange'>rearrange:(z)543</span>:java.lang.StringBuilder( sub )</span>
    [footprint
       <span class='color_blue'>$RET_java.lang.StringBuilder.toString():java.lang.String|abducedRetvar = <span class='color_red'>@f$3<span class='color_orange'>none</span></span>:java.lang.String*( sub )</span>; <span class='color_blue'>$RET_java.lang.StringBuilder.<init>()|abducedRetvar = <span class='color_red'>@f$2<span class='color_orange'>none</span></span>:void( sub )</span>; <span class='color_blue'>this = <span class='color_red'>@f$1<span class='color_orange'>formal</span></span>:org.junit.tests.running.classes.ParameterizedTestTest*( sub )</span>; <span class='color_blue'>$RET_java.lang.StringBuilder.append(java.lang.String):java.lang.StringBuilder|abducedRetvar = @f$0<span class='color_orange'>none</span>:java.lang.StringBuilder*( sub )</span> ;
       <span class='color_blue'>@f$0|->{}<span class='color_orange'>rearrange:(z)543</span>:java.lang.StringBuilder( sub )</span>  ]</span>
    
    Instruction <span class='color_green'>NULLIFY(&amp;this); [line 541]</span>
    in vpath_find exp:_t$1
    vpath_find: cannot find _t$1
    in vpath_find exp:_t$0
    vpath_find: cannot find _t$0
    Instruction Returns
    PROP 1 of 1:
    <span class='color_blue'><span class='color_blue'>n$13 = old_this</span>; <span class='color_blue'>n$14 = @f$3</span> ;
    <span class='color_blue'>MEMne &lt; new:541 &gt; <span class='color_orange'>{vpath: }</span>(_t$1)</span>; <span class='color_blue'>MEMne &lt; void ParameterizedTestTest.assertTestCreatesSingleFailureWithMessage(Class,String):541 &gt; <span class='color_orange'>{vpath: }</span>(_t$0)</span>; <span class='color_blue'>UND &lt; StringBuilder.<init>() &gt; :541(@f$2)</span>; <span class='color_blue'>UND &lt; StringBuilder StringBuilder.append(String) &gt; :543(@f$0)</span>; <span class='color_blue'>UND &lt; String StringBuilder.toString() &gt; :543(@f$3)</span>; <span class='color_blue'>RET &lt; String Class.getName() &gt; ("org.junit.tests.running.classes.ParameterizedTestTest$ProtectedParametersTest")</span> ;
    <span class='color_blue'>$irvar3 = 0<span class='color_orange'>nullify</span>:void</span>; <span class='color_blue'>$irvar4 = 0<span class='color_orange'>nullify</span>:void</span>; <span class='color_blue'>$irvar0 = 0<span class='color_orange'>nullify</span>:void</span>; <span class='color_blue'>return = EXN _t$0<span class='color_orange'>update:541</span>:void</span>; <span class='color_blue'>$irvar1 = 0<span class='color_orange'>nullify</span>:void</span>; <span class='color_blue'>$irvar2 = 0<span class='color_orange'>nullify</span>:void</span>; <span class='color_blue'>this = <span class='color_red'>0<span class='color_orange'>nullify</span></span>:org.junit.tests.running.classes.ParameterizedTestTest*( sub )</span>; <span class='color_blue'>old_this = @f$1<span class='color_orange'>formal</span>:org.junit.tests.running.classes.ParameterizedTestTest*( sub )</span> ;
    <span class='color_blue'>_t$0|->{}<span class='color_orange'>alloc</span>:java.lang.AssertionError</span>; <span class='color_blue'>@f$0|->{}<span class='color_orange'>rearrange:(z)543</span>:java.lang.StringBuilder( sub )</span>
    [footprint
       <span class='color_blue'>$RET_java.lang.StringBuilder.toString():java.lang.String|abducedRetvar = @f$3<span class='color_orange'>none</span>:java.lang.String*( sub )</span>; <span class='color_blue'>$RET_java.lang.StringBuilder.<init>()|abducedRetvar = @f$2<span class='color_orange'>none</span>:void( sub )</span>; <span class='color_blue'>this = @f$1<span class='color_orange'>formal</span>:org.junit.tests.running.classes.ParameterizedTestTest*( sub )</span>; <span class='color_blue'>$RET_java.lang.StringBuilder.append(java.lang.String):java.lang.StringBuilder|abducedRetvar = @f$0<span class='color_orange'>none</span>:java.lang.StringBuilder*( sub )</span> ;
       <span class='color_blue'>@f$0|->{}<span class='color_orange'>rearrange:(z)543</span>:java.lang.StringBuilder( sub )</span>  ]</span>
    
    Instruction <span class='color_green'>EXIT_SCOPE(n$13,n$14,n$15,$irvar4,this); [line 541]</span>
    in vpath_find exp:_t$1
    vpath_find: cannot find _t$1
    in vpath_find exp:_t$0
    vpath_find: cannot find _t$0
    Instruction Returns
    PROP 1 of 1:
    <span class='color_blue'><span class='color_blue'>MEMne &lt; new:541 &gt; <span class='color_orange'>{vpath: }</span>(_t$1)</span>; <span class='color_blue'>MEMne &lt; void ParameterizedTestTest.assertTestCreatesSingleFailureWithMessage(Class,String):541 &gt; <span class='color_orange'>{vpath: }</span>(_t$0)</span>; <span class='color_blue'>UND &lt; StringBuilder.<init>() &gt; :541(@f$2)</span>; <span class='color_blue'>UND &lt; StringBuilder StringBuilder.append(String) &gt; :543(@f$0)</span>; <span class='color_blue'>UND &lt; String StringBuilder.toString() &gt; :543(@f$3)</span>; <span class='color_blue'>RET &lt; String Class.getName() &gt; ("org.junit.tests.running.classes.ParameterizedTestTest$ProtectedParametersTest")</span> ;
    <span class='color_blue'>$irvar3 = 0<span class='color_orange'>nullify</span>:void</span>; <span class='color_blue'>$irvar4 = 0<span class='color_orange'>nullify</span>:void</span>; <span class='color_blue'>$irvar0 = 0<span class='color_orange'>nullify</span>:void</span>; <span class='color_blue'>return = EXN _t$0<span class='color_orange'>update:541</span>:void</span>; <span class='color_blue'>$irvar1 = 0<span class='color_orange'>nullify</span>:void</span>; <span class='color_blue'>$irvar2 = 0<span class='color_orange'>nullify</span>:void</span>; <span class='color_blue'>this = 0<span class='color_orange'>nullify</span>:org.junit.tests.running.classes.ParameterizedTestTest*( sub )</span>; <span class='color_blue'>old_this = @f$1<span class='color_orange'>formal</span>:org.junit.tests.running.classes.ParameterizedTestTest*( sub )</span> ;
    <span class='color_blue'>_t$0|->{}<span class='color_orange'>alloc</span>:java.lang.AssertionError</span>; <span class='color_blue'>@f$0|->{}<span class='color_orange'>rearrange:(z)543</span>:java.lang.StringBuilder( sub )</span>
    [footprint
       <span class='color_blue'>$RET_java.lang.StringBuilder.toString():java.lang.String|abducedRetvar = @f$3<span class='color_orange'>none</span>:java.lang.String*( sub )</span>; <span class='color_blue'>$RET_java.lang.StringBuilder.<init>()|abducedRetvar = @f$2<span class='color_orange'>none</span>:void( sub )</span>; <span class='color_blue'>this = @f$1<span class='color_orange'>formal</span>:org.junit.tests.running.classes.ParameterizedTestTest*( sub )</span>; <span class='color_blue'>$RET_java.lang.StringBuilder.append(java.lang.String):java.lang.StringBuilder|abducedRetvar = @f$0<span class='color_orange'>none</span>:java.lang.StringBuilder*( sub )</span> ;
       <span class='color_blue'>@f$0|->{}<span class='color_orange'>rearrange:(z)543</span>:java.lang.StringBuilder( sub )</span>  ]</span>
    
    .... After Symbolic Execution ....
    PROP 1 of 1:
    <span class='color_blue'><span class='color_blue'>MEMne &lt; new:541 &gt; <span class='color_orange'>{vpath: }</span>(_t$1)</span>; <span class='color_red'>MEMne &lt; void ParameterizedTestTest.assertTestCreatesSingleFailureWithMessage(Class,String):541 &gt; <span class='color_orange'>{vpath: }</span>(_t$0)</span>; <span class='color_red'>UND &lt; StringBuilder.<init>() &gt; :541(@f$2)</span>; <span class='color_blue'>UND &lt; StringBuilder StringBuilder.append(String) &gt; :543(@f$0)</span>; <span class='color_blue'>UND &lt; String StringBuilder.toString() &gt; :543(@f$3)</span>; <span class='color_blue'>RET &lt; String Class.getName() &gt; ("org.junit.tests.running.classes.ParameterizedTestTest$ProtectedParametersTest")</span> ;
    <span class='color_blue'>$irvar3 = 0<span class='color_orange'>nullify</span>:void</span>; <span class='color_blue'>$irvar4 = <span class='color_red'>0<span class='color_orange'>nullify</span></span>:void</span>; <span class='color_blue'>$irvar0 = 0<span class='color_orange'>nullify</span>:void</span>; <span class='color_blue'>return = <span class='color_red'>EXN _t$0<span class='color_orange'>update:541</span></span>:void</span>; <span class='color_blue'>$irvar1 = 0<span class='color_orange'>nullify</span>:void</span>; <span class='color_blue'>$irvar2 = 0<span class='color_orange'>nullify</span>:void</span>; <span class='color_blue'>this = <span class='color_red'>0<span class='color_orange'>nullify</span></span>:org.junit.tests.running.classes.ParameterizedTestTest*( sub )</span>; <span class='color_blue'>old_this = <span class='color_red'>@f$1<span class='color_orange'>formal</span></span>:org.junit.tests.running.classes.ParameterizedTestTest*( sub )</span> ;
    <span class='color_red'>_t$0|->{}<span class='color_orange'>alloc</span>:java.lang.AssertionError</span>; <span class='color_blue'>@f$0|->{}<span class='color_orange'>rearrange:(z)543</span>:java.lang.StringBuilder( sub )</span>
    [footprint
       <span class='color_blue'>$RET_java.lang.StringBuilder.toString():java.lang.String|abducedRetvar = <span class='color_red'>@f$3<span class='color_orange'>none</span></span>:java.lang.String*( sub )</span>; <span class='color_blue'>$RET_java.lang.StringBuilder.<init>()|abducedRetvar = <span class='color_red'>@f$2<span class='color_orange'>none</span></span>:void( sub )</span>; <span class='color_blue'>this = <span class='color_red'>@f$1<span class='color_orange'>formal</span></span>:org.junit.tests.running.classes.ParameterizedTestTest*( sub )</span>; <span class='color_blue'>$RET_java.lang.StringBuilder.append(java.lang.String):java.lang.StringBuilder|abducedRetvar = @f$0<span class='color_orange'>none</span>:java.lang.StringBuilder*( sub )</span> ;
       <span class='color_blue'>@f$0|->{}<span class='color_orange'>rearrange:(z)543</span>:java.lang.StringBuilder( sub )</span>  ]</span>
    
    
    
  </LISTING>
<hr width="100%">
<a name="session52" href="./../nodes/org.junit.tests.running.classes.ParameterizedTestTest.meaningfulFailureWhenParametersNotPublic%28%29%3Avoi.7f609169ab55f359543a10f51fc778d6_node9.html#session52">node9#session52</a>(<a href="./../../ParameterizedTestTest.java.88da44e98279dfa32c0c7e5c52f053d0.html#LINE541">541</a>) biabduction
<LISTING class='color_black'>**** [RE:Pending] void ParameterizedTestTest.meaningfulFailureWhenParametersNotPublic() Node: 9, Procedure: void ParameterizedTestTest.meaningfulFailureWhenParametersNotPublic(), Todo: 1 ****
  PROP 1 of 1:
  <span class='color_blue'><span class='color_red'>MEMne &lt; new:541 &gt; <span class='color_orange'>{vpath: }</span>(_t$1)</span>; <span class='color_red'>UND &lt; StringBuilder.<init>() &gt; :541($RET_java.lang.StringBuilder.<init>()|abducedRetvar)</span>; <span class='color_red'>UND &lt; StringBuilder StringBuilder.append(String) &gt; :543($RET_java.lang.StringBuilder.append(java.lang.String):java.lang.StringBuilder|abducedRetvar)</span>; <span class='color_red'>UND &lt; String StringBuilder.toString() &gt; :543($irvar4)</span>; <span class='color_red'>RET &lt; String Class.getName() &gt; ("org.junit.tests.running.classes.ParameterizedTestTest$ProtectedParametersTest")</span> ;
  <span class='color_red'>$RET_java.lang.StringBuilder.toString():java.lang.String|abducedRetvar = val$4<span class='color_orange'>formal</span>:java.lang.String*( sub )</span>; <span class='color_red'>$irvar3 = 0<span class='color_orange'>nullify</span>:void</span>; <span class='color_red'>$RET_java.lang.StringBuilder.<init>()|abducedRetvar = val$3<span class='color_orange'>formal</span>:void( sub )</span>; <span class='color_red'>$irvar4 = val$4<span class='color_orange'>update:543</span>:void</span>; <span class='color_red'>$irvar0 = 0<span class='color_orange'>nullify</span>:void</span>; <span class='color_red'>return = _t$0<span class='color_orange'>initial</span>:void</span>; <span class='color_red'>$irvar1 = 0<span class='color_orange'>nullify</span>:void</span>; <span class='color_red'>$irvar2 = 0<span class='color_orange'>nullify</span>:void</span>; <span class='color_red'>this = val$2<span class='color_orange'>formal</span>:org.junit.tests.running.classes.ParameterizedTestTest*( sub )</span>; <span class='color_red'>old_this = val$2<span class='color_orange'>formal</span>:org.junit.tests.running.classes.ParameterizedTestTest*( sub )</span>; <span class='color_red'>$RET_java.lang.StringBuilder.append(java.lang.String):java.lang.StringBuilder|abducedRetvar = val$1<span class='color_orange'>formal</span>:java.lang.StringBuilder*( sub )</span> ;
  <span class='color_red'>$RET_java.lang.StringBuilder.append(java.lang.String):java.lang.StringBuilder|abducedRetvar|->{}<span class='color_orange'>formal(z)</span>:java.lang.StringBuilder( sub )</span></span>
  .... Instructions: ....
  <span class='color_green'>n$13=*&amp;this:org.junit.tests.running.classes.ParameterizedTestTest* [line 541];
  n$14=*&amp;$irvar4:java.lang.String* [line 541];
  n$15=_fun_void ParameterizedTestTest.assertTestCreatesSingleFailureWithMessage(Class,String)(n$13:org.junit.tests.running.classes.ParameterizedTestTest*,org.junit.tests.running.classes.ParameterizedTestTest$ProtectedParametersTest:java.lang.Object*,n$14:java.lang.String*) [line 541];
  NULLIFY(&amp;$irvar4); [line 541];
  NULLIFY(&amp;this); [line 541];
  EXIT_SCOPE(n$13,n$14,n$15,$irvar4,this); [line 541];
  </span>
  
  Processing prop 1/1
    Instruction <span class='color_green'>n$13=*&amp;this:org.junit.tests.running.classes.ParameterizedTestTest* [line 541]</span>
    in vpath_find exp:n$84
    vpath_find: cannot find n$84
    .... Rearrangement Start ....
    Exp: &amp;this
    Prop:
    <span class='color_blue'>MEMne &lt; new:541 &gt; <span class='color_orange'>{vpath: }</span>(n$84); UND &lt; StringBuilder.<init>() &gt; :541($RET_java.lang.StringBuilder.<init>()|abducedRetvar); UND &lt; StringBuilder StringBuilder.append(String) &gt; :543($RET_java.lang.StringBuilder.append(java.lang.String):java.lang.StringBuilder|abducedRetvar); UND &lt; String StringBuilder.toString() &gt; :543($irvar4); RET &lt; String Class.getName() &gt; ("org.junit.tests.running.classes.ParameterizedTestTest$ProtectedParametersTest") ;
    $RET_java.lang.StringBuilder.toString():java.lang.String|abducedRetvar = val$4<span class='color_orange'>formal</span>:java.lang.String*( sub ); $irvar3 = 0<span class='color_orange'>nullify</span>:void; $RET_java.lang.StringBuilder.<init>()|abducedRetvar = val$3<span class='color_orange'>formal</span>:void( sub ); $irvar4 = val$4<span class='color_orange'>update:543</span>:void; $irvar0 = 0<span class='color_orange'>nullify</span>:void; return = n$83<span class='color_orange'>initial</span>:void; $irvar1 = 0<span class='color_orange'>nullify</span>:void; $irvar2 = 0<span class='color_orange'>nullify</span>:void; this = val$2<span class='color_orange'>formal</span>:org.junit.tests.running.classes.ParameterizedTestTest*( sub ); old_this = val$2<span class='color_orange'>formal</span>:org.junit.tests.running.classes.ParameterizedTestTest*( sub ); $RET_java.lang.StringBuilder.append(java.lang.String):java.lang.StringBuilder|abducedRetvar = val$1<span class='color_orange'>formal</span>:java.lang.StringBuilder*( sub ) ;
    $RET_java.lang.StringBuilder.append(java.lang.String):java.lang.StringBuilder|abducedRetvar|->{}<span class='color_orange'>formal(z)</span>:java.lang.StringBuilder( sub )</span>
    
    Prover.check_inconsistency_base: inconsistency reason [None]
    Prover.check_inconsistency_base: inconsistency reason [None]
    Instruction Returns
    PROP 1 of 1:
    <span class='color_blue'><span class='color_red'>val$2 = old_this</span> ;
    <span class='color_blue'>MEMne &lt; new:541 &gt; <span class='color_orange'>{vpath: }</span>(_t$1)</span>; <span class='color_blue'>UND &lt; StringBuilder.<init>() &gt; :541($RET_java.lang.StringBuilder.<init>()|abducedRetvar)</span>; <span class='color_blue'>UND &lt; StringBuilder StringBuilder.append(String) &gt; :543($RET_java.lang.StringBuilder.append(java.lang.String):java.lang.StringBuilder|abducedRetvar)</span>; <span class='color_blue'>UND &lt; String StringBuilder.toString() &gt; :543($irvar4)</span>; <span class='color_blue'>RET &lt; String Class.getName() &gt; ("org.junit.tests.running.classes.ParameterizedTestTest$ProtectedParametersTest")</span> ;
    <span class='color_blue'>$RET_java.lang.StringBuilder.toString():java.lang.String|abducedRetvar = val$4<span class='color_orange'>formal</span>:java.lang.String*( sub )</span>; <span class='color_blue'>$irvar3 = 0<span class='color_orange'>nullify</span>:void</span>; <span class='color_blue'>$RET_java.lang.StringBuilder.<init>()|abducedRetvar = val$3<span class='color_orange'>formal</span>:void( sub )</span>; <span class='color_blue'>$irvar4 = val$4<span class='color_orange'>update:543</span>:void</span>; <span class='color_blue'>$irvar0 = 0<span class='color_orange'>nullify</span>:void</span>; <span class='color_blue'>return = _t$0<span class='color_orange'>initial</span>:void</span>; <span class='color_blue'>$irvar1 = 0<span class='color_orange'>nullify</span>:void</span>; <span class='color_blue'>$irvar2 = 0<span class='color_orange'>nullify</span>:void</span>; <span class='color_blue'>this = <span class='color_red'>n$13<span class='color_orange'>formal</span></span>:org.junit.tests.running.classes.ParameterizedTestTest*( sub )</span>; <span class='color_blue'>old_this = <span class='color_red'>n$13<span class='color_orange'>formal</span></span>:org.junit.tests.running.classes.ParameterizedTestTest*( sub )</span>; <span class='color_blue'>$RET_java.lang.StringBuilder.append(java.lang.String):java.lang.StringBuilder|abducedRetvar = val$1<span class='color_orange'>formal</span>:java.lang.StringBuilder*( sub )</span> ;
    <span class='color_blue'>$RET_java.lang.StringBuilder.append(java.lang.String):java.lang.StringBuilder|abducedRetvar|->{}<span class='color_orange'>formal(z)</span>:java.lang.StringBuilder( sub )</span></span>
    
    Instruction <span class='color_green'>n$14=*&amp;$irvar4:java.lang.String* [line 541]</span>
    in vpath_find exp:n$86
    vpath_find: cannot find n$86
    .... Rearrangement Start ....
    Exp: &amp;$irvar4
    Prop:
    <span class='color_blue'>val$2 = old_this ;
    MEMne &lt; new:541 &gt; <span class='color_orange'>{vpath: }</span>(n$86); UND &lt; StringBuilder.<init>() &gt; :541($RET_java.lang.StringBuilder.<init>()|abducedRetvar); UND &lt; StringBuilder StringBuilder.append(String) &gt; :543($RET_java.lang.StringBuilder.append(java.lang.String):java.lang.StringBuilder|abducedRetvar); UND &lt; String StringBuilder.toString() &gt; :543($irvar4); RET &lt; String Class.getName() &gt; ("org.junit.tests.running.classes.ParameterizedTestTest$ProtectedParametersTest") ;
    $RET_java.lang.StringBuilder.toString():java.lang.String|abducedRetvar = val$4<span class='color_orange'>formal</span>:java.lang.String*( sub ); $irvar3 = 0<span class='color_orange'>nullify</span>:void; $RET_java.lang.StringBuilder.<init>()|abducedRetvar = val$3<span class='color_orange'>formal</span>:void( sub ); $irvar4 = val$4<span class='color_orange'>update:543</span>:void; $irvar0 = 0<span class='color_orange'>nullify</span>:void; return = n$85<span class='color_orange'>initial</span>:void; $irvar1 = 0<span class='color_orange'>nullify</span>:void; $irvar2 = 0<span class='color_orange'>nullify</span>:void; this = n$13<span class='color_orange'>formal</span>:org.junit.tests.running.classes.ParameterizedTestTest*( sub ); old_this = n$13<span class='color_orange'>formal</span>:org.junit.tests.running.classes.ParameterizedTestTest*( sub ); $RET_java.lang.StringBuilder.append(java.lang.String):java.lang.StringBuilder|abducedRetvar = val$1<span class='color_orange'>formal</span>:java.lang.StringBuilder*( sub ) ;
    $RET_java.lang.StringBuilder.append(java.lang.String):java.lang.StringBuilder|abducedRetvar|->{}<span class='color_orange'>formal(z)</span>:java.lang.StringBuilder( sub )</span>
    
    Prover.check_inconsistency_base: inconsistency reason [None]
    Prover.check_inconsistency_base: inconsistency reason [None]
    Instruction Returns
    PROP 1 of 1:
    <span class='color_blue'><span class='color_blue'>val$2 = old_this</span>; <span class='color_blue'>val$4 = $irvar4</span> ;
    <span class='color_blue'>MEMne &lt; new:541 &gt; <span class='color_orange'>{vpath: }</span>(_t$1)</span>; <span class='color_blue'>UND &lt; StringBuilder.<init>() &gt; :541($RET_java.lang.StringBuilder.<init>()|abducedRetvar)</span>; <span class='color_blue'>UND &lt; StringBuilder StringBuilder.append(String) &gt; :543($RET_java.lang.StringBuilder.append(java.lang.String):java.lang.StringBuilder|abducedRetvar)</span>; <span class='color_red'>UND &lt; String StringBuilder.toString() &gt; :543($irvar4)</span>; <span class='color_blue'>RET &lt; String Class.getName() &gt; ("org.junit.tests.running.classes.ParameterizedTestTest$ProtectedParametersTest")</span> ;
    <span class='color_blue'>$RET_java.lang.StringBuilder.toString():java.lang.String|abducedRetvar = <span class='color_red'>n$14<span class='color_orange'>formal</span></span>:java.lang.String*( sub )</span>; <span class='color_blue'>$irvar3 = 0<span class='color_orange'>nullify</span>:void</span>; <span class='color_blue'>$RET_java.lang.StringBuilder.<init>()|abducedRetvar = val$3<span class='color_orange'>formal</span>:void( sub )</span>; <span class='color_blue'>$irvar4 = <span class='color_red'>n$14<span class='color_orange'>update:543</span></span>:void</span>; <span class='color_blue'>$irvar0 = 0<span class='color_orange'>nullify</span>:void</span>; <span class='color_blue'>return = _t$0<span class='color_orange'>initial</span>:void</span>; <span class='color_blue'>$irvar1 = 0<span class='color_orange'>nullify</span>:void</span>; <span class='color_blue'>$irvar2 = 0<span class='color_orange'>nullify</span>:void</span>; <span class='color_blue'>this = n$13<span class='color_orange'>formal</span>:org.junit.tests.running.classes.ParameterizedTestTest*( sub )</span>; <span class='color_blue'>old_this = n$13<span class='color_orange'>formal</span>:org.junit.tests.running.classes.ParameterizedTestTest*( sub )</span>; <span class='color_blue'>$RET_java.lang.StringBuilder.append(java.lang.String):java.lang.StringBuilder|abducedRetvar = val$1<span class='color_orange'>formal</span>:java.lang.StringBuilder*( sub )</span> ;
    <span class='color_blue'>$RET_java.lang.StringBuilder.append(java.lang.String):java.lang.StringBuilder|abducedRetvar|->{}<span class='color_orange'>formal(z)</span>:java.lang.StringBuilder( sub )</span></span>
    
    Instruction <span class='color_green'>n$15=_fun_void ParameterizedTestTest.assertTestCreatesSingleFailureWithMessage(Class,String)(n$13:org.junit.tests.running.classes.ParameterizedTestTest*,org.junit.tests.running.classes.ParameterizedTestTest$ProtectedParametersTest:java.lang.Object*,n$14:java.lang.String*) [line 541]</span>
    in vpath_find exp:n$88
    vpath_find: cannot find n$88
    Found 1 specs for function org.junit.tests.running.classes.ParameterizedTestTest.assertTestCreatesSingleFailureWithMessage(java.lang.Class,java.lang.String):void
    START EXECUTING SPECS FOR org.junit.tests.running.classes.ParameterizedTestTest.assertTestCreatesSingleFailureWithMessage(java.lang.Class,java.lang.String):void from state
    <span class='color_blue'>val$2 = old_this; val$4 = $irvar4 ;
    MEMne &lt; new:541 &gt; <span class='color_orange'>{vpath: }</span>(n$88); UND &lt; StringBuilder.<init>() &gt; :541($RET_java.lang.StringBuilder.<init>()|abducedRetvar); UND &lt; StringBuilder StringBuilder.append(String) &gt; :543($RET_java.lang.StringBuilder.append(java.lang.String):java.lang.StringBuilder|abducedRetvar); UND &lt; String StringBuilder.toString() &gt; :543($irvar4); RET &lt; String Class.getName() &gt; ("org.junit.tests.running.classes.ParameterizedTestTest$ProtectedParametersTest") ;
    $RET_java.lang.StringBuilder.toString():java.lang.String|abducedRetvar = n$14<span class='color_orange'>formal</span>:java.lang.String*( sub ); $irvar3 = 0<span class='color_orange'>nullify</span>:void; $RET_java.lang.StringBuilder.<init>()|abducedRetvar = val$3<span class='color_orange'>formal</span>:void( sub ); $irvar4 = n$14<span class='color_orange'>update:543</span>:void; $irvar0 = 0<span class='color_orange'>nullify</span>:void; return = n$87<span class='color_orange'>initial</span>:void; $irvar1 = 0<span class='color_orange'>nullify</span>:void; $irvar2 = 0<span class='color_orange'>nullify</span>:void; this = n$13<span class='color_orange'>formal</span>:org.junit.tests.running.classes.ParameterizedTestTest*( sub ); old_this = n$13<span class='color_orange'>formal</span>:org.junit.tests.running.classes.ParameterizedTestTest*( sub ); $RET_java.lang.StringBuilder.append(java.lang.String):java.lang.StringBuilder|abducedRetvar = val$1<span class='color_orange'>formal</span>:java.lang.StringBuilder*( sub ) ;
    $RET_java.lang.StringBuilder.append(java.lang.String):java.lang.StringBuilder|abducedRetvar|->{}<span class='color_orange'>formal(z)</span>:java.lang.StringBuilder( sub )</span>
    EXECUTING SPEC 1/1
    ACTUAL PRECONDITION =
      <span class='color_blue'>val$2 = old_this; val$4 = message|callee ;
      MEMne &lt; new:541 &gt; <span class='color_orange'>{vpath: }</span>(n$88); UND &lt; StringBuilder.<init>() &gt; :541($RET_java.lang.StringBuilder.<init>()|abducedRetvar); UND &lt; StringBuilder StringBuilder.append(String) &gt; :543($RET_java.lang.StringBuilder.append(java.lang.String):java.lang.StringBuilder|abducedRetvar); UND &lt; String StringBuilder.toString() &gt; :543(message|callee); RET &lt; String Class.getName() &gt; ("org.junit.tests.running.classes.ParameterizedTestTest$ProtectedParametersTest") ;
      $RET_java.lang.StringBuilder.toString():java.lang.String|abducedRetvar = n$14<span class='color_orange'>formal</span>:java.lang.String*( sub ); $irvar3 = 0<span class='color_orange'>nullify</span>:void; $RET_java.lang.StringBuilder.<init>()|abducedRetvar = val$3<span class='color_orange'>formal</span>:void( sub ); $irvar4 = n$14<span class='color_orange'>update:543</span>:void; test|callee = org.junit.tests.running.classes.ParameterizedTestTest$ProtectedParametersTest<span class='color_orange'>actual_precondition</span>:java.lang.Object*; message|callee = n$14<span class='color_orange'>actual_precondition</span>:java.lang.String*; $irvar0 = 0<span class='color_orange'>nullify</span>:void; return = n$87<span class='color_orange'>initial</span>:void; $irvar1 = 0<span class='color_orange'>nullify</span>:void; $irvar2 = 0<span class='color_orange'>nullify</span>:void; this = n$13<span class='color_orange'>formal</span>:org.junit.tests.running.classes.ParameterizedTestTest*( sub ); this|callee = n$13<span class='color_orange'>actual_precondition</span>:org.junit.tests.running.classes.ParameterizedTestTest*; old_this = n$13<span class='color_orange'>formal</span>:org.junit.tests.running.classes.ParameterizedTestTest*( sub ); $RET_java.lang.StringBuilder.append(java.lang.String):java.lang.StringBuilder|abducedRetvar = val$1<span class='color_orange'>formal</span>:java.lang.StringBuilder*( sub ) ;
      $RET_java.lang.StringBuilder.append(java.lang.String):java.lang.StringBuilder|abducedRetvar|->{}<span class='color_orange'>formal(z)</span>:java.lang.StringBuilder( sub )</span>
    SPEC =
      --------------------------- ---------- ---------------------------
      PRE:
      <span class='color_blue'><span class='color_blue'>test|callee = _t$117<span class='color_orange'>formal</span>:java.lang.Class*( sub ); message|callee = _t$118<span class='color_orange'>formal</span>:java.lang.String*( sub ); this|callee = _t$119<span class='color_orange'>formal</span>:org.junit.tests.running.classes.ParameterizedTestTest*( sub )</span></span>
      POST 1 of 1:
      <span class='color_blue'><span class='color_red'>MEMne &lt; void Assert.assertEquals(long,long):736 &gt; <span class='color_orange'>{vpath: }</span>(_t$120)</span> ;
      <span class='color_red'>return|callee = EXN _t$120<span class='color_orange'>update:736</span>:void</span> ;
      <span class='color_red'>_t$120|->{}<span class='color_orange'>alloc</span>:java.lang.AssertionError</span></span>
      ----------------------------------------------------------------
    pre_check_pure_implication
    pi1:
      val$2 = n$13; val$4 = n$14; MEMne &lt; new:541 &gt; <span class='color_orange'>{vpath: }</span>(n$88); UND &lt; StringBuilder.<init>() &gt; :541(val$3); UND &lt; StringBuilder StringBuilder.append(String) &gt; :543(val$1); UND &lt; String StringBuilder.toString() &gt; :543(n$14); RET &lt; String Class.getName() &gt; ("org.junit.tests.running.classes.ParameterizedTestTest$ProtectedParametersTest")
    pi2:
      
    returns
    sub1:
      val$2 = n$13; val$4 = n$14
    sub2:
      val$2 = n$13; val$4 = n$14
    Current Implication
    SUB:
      val$2 = n$13; val$4 = n$14
    <span class='color_blue'>MEMne &lt; new:541 &gt; <span class='color_orange'>{vpath: }</span>(n$88); UND &lt; StringBuilder.<init>() &gt; :541($RET_java.lang.StringBuilder.<init>()|abducedRetvar); UND &lt; StringBuilder StringBuilder.append(String) &gt; :543($RET_java.lang.StringBuilder.append(java.lang.String):java.lang.StringBuilder|abducedRetvar); UND &lt; String StringBuilder.toString() &gt; :543(message|callee); RET &lt; String Class.getName() &gt; ("org.junit.tests.running.classes.ParameterizedTestTest$ProtectedParametersTest"); old_this = old_this; message|callee = message|callee ;
    $RET_java.lang.StringBuilder.toString():java.lang.String|abducedRetvar = n$14<span class='color_orange'>formal</span>:java.lang.String*( sub ); $irvar3 = 0<span class='color_orange'>nullify</span>:void; $RET_java.lang.StringBuilder.<init>()|abducedRetvar = val$3<span class='color_orange'>formal</span>:void( sub ); $irvar4 = n$14<span class='color_orange'>update:543</span>:void; test|callee = org.junit.tests.running.classes.ParameterizedTestTest$ProtectedParametersTest<span class='color_orange'>actual_precondition</span>:java.lang.Object*; message|callee = n$14<span class='color_orange'>actual_precondition</span>:java.lang.String*; $irvar0 = 0<span class='color_orange'>nullify</span>:void; return = n$87<span class='color_orange'>initial</span>:void; $irvar1 = 0<span class='color_orange'>nullify</span>:void; $irvar2 = 0<span class='color_orange'>nullify</span>:void; this = n$13<span class='color_orange'>formal</span>:org.junit.tests.running.classes.ParameterizedTestTest*( sub ); this|callee = n$13<span class='color_orange'>actual_precondition</span>:org.junit.tests.running.classes.ParameterizedTestTest*; old_this = n$13<span class='color_orange'>formal</span>:org.junit.tests.running.classes.ParameterizedTestTest*( sub ); $RET_java.lang.StringBuilder.append(java.lang.String):java.lang.StringBuilder|abducedRetvar = val$1<span class='color_orange'>formal</span>:java.lang.StringBuilder*( sub ) ;
    $RET_java.lang.StringBuilder.append(java.lang.String):java.lang.StringBuilder|abducedRetvar|->{}<span class='color_orange'>formal(z)</span>:java.lang.StringBuilder( sub )</span>
    [SUB: 
      val$2 = n$13; val$4 = n$14]
    |-
    <span class='color_blue'>test|callee = _t$117<span class='color_orange'>formal</span>:java.lang.Class*( sub ); message|callee = _t$118<span class='color_orange'>formal</span>:java.lang.String*( sub ); this|callee = _t$119<span class='color_orange'>formal</span>:org.junit.tests.running.classes.ParameterizedTestTest*( sub )</span>
    
      do_imply org.junit.tests.running.classes.ParameterizedTestTest$ProtectedParametersTest _t$117
        Current Implication
        SUB:
          val$2 = n$13; val$4 = n$14
        <span class='color_blue'>MEMne &lt; new:541 &gt; <span class='color_orange'>{vpath: }</span>(n$88); UND &lt; StringBuilder.<init>() &gt; :541($RET_java.lang.StringBuilder.<init>()|abducedRetvar); UND &lt; StringBuilder StringBuilder.append(String) &gt; :543($RET_java.lang.StringBuilder.append(java.lang.String):java.lang.StringBuilder|abducedRetvar); UND &lt; String StringBuilder.toString() &gt; :543(message|callee); RET &lt; String Class.getName() &gt; ("org.junit.tests.running.classes.ParameterizedTestTest$ProtectedParametersTest"); old_this = old_this; message|callee = message|callee ;
        $RET_java.lang.StringBuilder.toString():java.lang.String|abducedRetvar = n$14<span class='color_orange'>formal</span>:java.lang.String*( sub ); $irvar3 = 0<span class='color_orange'>nullify</span>:void; $RET_java.lang.StringBuilder.<init>()|abducedRetvar = val$3<span class='color_orange'>formal</span>:void( sub ); $irvar4 = n$14<span class='color_orange'>update:543</span>:void; message|callee = n$14<span class='color_orange'>actual_precondition</span>:java.lang.String*; $irvar0 = 0<span class='color_orange'>nullify</span>:void; return = n$87<span class='color_orange'>initial</span>:void; $irvar1 = 0<span class='color_orange'>nullify</span>:void; $irvar2 = 0<span class='color_orange'>nullify</span>:void; this = n$13<span class='color_orange'>formal</span>:org.junit.tests.running.classes.ParameterizedTestTest*( sub ); this|callee = n$13<span class='color_orange'>actual_precondition</span>:org.junit.tests.running.classes.ParameterizedTestTest*; old_this = n$13<span class='color_orange'>formal</span>:org.junit.tests.running.classes.ParameterizedTestTest*( sub ); $RET_java.lang.StringBuilder.append(java.lang.String):java.lang.StringBuilder|abducedRetvar = val$1<span class='color_orange'>formal</span>:java.lang.StringBuilder*( sub ) ;
        $RET_java.lang.StringBuilder.append(java.lang.String):java.lang.StringBuilder|abducedRetvar|->{}<span class='color_orange'>formal(z)</span>:java.lang.StringBuilder( sub )</span>
        [SUB: 
          val$2 = n$13; val$4 = n$14; _t$117 = org.junit.tests.running.classes.ParameterizedTestTest$ProtectedParametersTest]
        |-
        <span class='color_blue'>message|callee = _t$118<span class='color_orange'>formal</span>:java.lang.String*( sub ); this|callee = _t$119<span class='color_orange'>formal</span>:org.junit.tests.running.classes.ParameterizedTestTest*( sub )</span>
        
          do_imply n$14 _t$118
            Current Implication
            SUB:
              val$2 = n$13; val$4 = n$14
            <span class='color_blue'>MEMne &lt; new:541 &gt; <span class='color_orange'>{vpath: }</span>(n$88); UND &lt; StringBuilder.<init>() &gt; :541($RET_java.lang.StringBuilder.<init>()|abducedRetvar); UND &lt; StringBuilder StringBuilder.append(String) &gt; :543($RET_java.lang.StringBuilder.append(java.lang.String):java.lang.StringBuilder|abducedRetvar); UND &lt; String StringBuilder.toString() &gt; :543($irvar4); RET &lt; String Class.getName() &gt; ("org.junit.tests.running.classes.ParameterizedTestTest$ProtectedParametersTest"); old_this = old_this; $irvar4 = $irvar4 ;
            $RET_java.lang.StringBuilder.toString():java.lang.String|abducedRetvar = n$14<span class='color_orange'>formal</span>:java.lang.String*( sub ); $irvar3 = 0<span class='color_orange'>nullify</span>:void; $RET_java.lang.StringBuilder.<init>()|abducedRetvar = val$3<span class='color_orange'>formal</span>:void( sub ); $irvar4 = n$14<span class='color_orange'>update:543</span>:void; $irvar0 = 0<span class='color_orange'>nullify</span>:void; return = n$87<span class='color_orange'>initial</span>:void; $irvar1 = 0<span class='color_orange'>nullify</span>:void; $irvar2 = 0<span class='color_orange'>nullify</span>:void; this = n$13<span class='color_orange'>formal</span>:org.junit.tests.running.classes.ParameterizedTestTest*( sub ); this|callee = n$13<span class='color_orange'>actual_precondition</span>:org.junit.tests.running.classes.ParameterizedTestTest*; old_this = n$13<span class='color_orange'>formal</span>:org.junit.tests.running.classes.ParameterizedTestTest*( sub ); $RET_java.lang.StringBuilder.append(java.lang.String):java.lang.StringBuilder|abducedRetvar = val$1<span class='color_orange'>formal</span>:java.lang.StringBuilder*( sub ) ;
            $RET_java.lang.StringBuilder.append(java.lang.String):java.lang.StringBuilder|abducedRetvar|->{}<span class='color_orange'>formal(z)</span>:java.lang.StringBuilder( sub )</span>
            [SUB: 
              val$2 = n$13; val$4 = n$14; _t$117 = org.junit.tests.running.classes.ParameterizedTestTest$ProtectedParametersTest; _t$118 = n$14]
            |-
            <span class='color_blue'>this|callee = _t$119<span class='color_orange'>formal</span>:org.junit.tests.running.classes.ParameterizedTestTest*( sub )</span>
            
              do_imply n$13 _t$119
                Final Implication
                SUB:
                  val$2 = n$13; val$4 = n$14
                <span class='color_blue'>MEMne &lt; new:541 &gt; <span class='color_orange'>{vpath: }</span>(n$88); UND &lt; StringBuilder.<init>() &gt; :541($RET_java.lang.StringBuilder.<init>()|abducedRetvar); UND &lt; StringBuilder StringBuilder.append(String) &gt; :543($RET_java.lang.StringBuilder.append(java.lang.String):java.lang.StringBuilder|abducedRetvar); UND &lt; String StringBuilder.toString() &gt; :543($irvar4); RET &lt; String Class.getName() &gt; ("org.junit.tests.running.classes.ParameterizedTestTest$ProtectedParametersTest"); old_this = old_this; $irvar4 = $irvar4 ;
                $RET_java.lang.StringBuilder.toString():java.lang.String|abducedRetvar = n$14<span class='color_orange'>formal</span>:java.lang.String*( sub ); $irvar3 = 0<span class='color_orange'>nullify</span>:void; $RET_java.lang.StringBuilder.<init>()|abducedRetvar = val$3<span class='color_orange'>formal</span>:void( sub ); $irvar4 = n$14<span class='color_orange'>update:543</span>:void; $irvar0 = 0<span class='color_orange'>nullify</span>:void; return = n$87<span class='color_orange'>initial</span>:void; $irvar1 = 0<span class='color_orange'>nullify</span>:void; $irvar2 = 0<span class='color_orange'>nullify</span>:void; this = n$13<span class='color_orange'>formal</span>:org.junit.tests.running.classes.ParameterizedTestTest*( sub ); old_this = n$13<span class='color_orange'>formal</span>:org.junit.tests.running.classes.ParameterizedTestTest*( sub ); $RET_java.lang.StringBuilder.append(java.lang.String):java.lang.StringBuilder|abducedRetvar = val$1<span class='color_orange'>formal</span>:java.lang.StringBuilder*( sub ) ;
                $RET_java.lang.StringBuilder.append(java.lang.String):java.lang.StringBuilder|abducedRetvar|->{}<span class='color_orange'>formal(z)</span>:java.lang.StringBuilder( sub )</span>
                [SUB: 
                  val$2 = n$13; val$4 = n$14; _t$117 = org.junit.tests.running.classes.ParameterizedTestTest$ProtectedParametersTest; _t$118 = n$14; _t$119 = n$13]
                |-
                <span class='color_blue'></span>
    Result of Abduction
      SUB:
        val$2 = n$13; val$4 = n$14
      <span class='color_blue'>MEMne &lt; new:541 &gt; <span class='color_orange'>{vpath: }</span>(n$88); UND &lt; StringBuilder.<init>() &gt; :541($RET_java.lang.StringBuilder.<init>()|abducedRetvar); UND &lt; StringBuilder StringBuilder.append(String) &gt; :543($RET_java.lang.StringBuilder.append(java.lang.String):java.lang.StringBuilder|abducedRetvar); UND &lt; String StringBuilder.toString() &gt; :543(message|callee); RET &lt; String Class.getName() &gt; ("org.junit.tests.running.classes.ParameterizedTestTest$ProtectedParametersTest"); old_this = old_this; message|callee = message|callee ;
      $RET_java.lang.StringBuilder.toString():java.lang.String|abducedRetvar = n$14<span class='color_orange'>formal</span>:java.lang.String*( sub ); $irvar3 = 0<span class='color_orange'>nullify</span>:void; $RET_java.lang.StringBuilder.<init>()|abducedRetvar = val$3<span class='color_orange'>formal</span>:void( sub ); $irvar4 = n$14<span class='color_orange'>update:543</span>:void; test|callee = org.junit.tests.running.classes.ParameterizedTestTest$ProtectedParametersTest<span class='color_orange'>actual_precondition</span>:java.lang.Object*; message|callee = n$14<span class='color_orange'>actual_precondition</span>:java.lang.String*; $irvar0 = 0<span class='color_orange'>nullify</span>:void; return = n$87<span class='color_orange'>initial</span>:void; $irvar1 = 0<span class='color_orange'>nullify</span>:void; $irvar2 = 0<span class='color_orange'>nullify</span>:void; this = n$13<span class='color_orange'>formal</span>:org.junit.tests.running.classes.ParameterizedTestTest*( sub ); this|callee = n$13<span class='color_orange'>actual_precondition</span>:org.junit.tests.running.classes.ParameterizedTestTest*; old_this = n$13<span class='color_orange'>formal</span>:org.junit.tests.running.classes.ParameterizedTestTest*( sub ); $RET_java.lang.StringBuilder.append(java.lang.String):java.lang.StringBuilder|abducedRetvar = val$1<span class='color_orange'>formal</span>:java.lang.StringBuilder*( sub ) ;
      $RET_java.lang.StringBuilder.append(java.lang.String):java.lang.StringBuilder|abducedRetvar|->{}<span class='color_orange'>formal(z)</span>:java.lang.StringBuilder( sub )</span>
      [SUB: 
        val$2 = n$13; val$4 = n$14; _t$117 = org.junit.tests.running.classes.ParameterizedTestTest$ProtectedParametersTest; _t$118 = n$14; _t$119 = n$13]
      |-
      <span class='color_blue'>test|callee = org.junit.tests.running.classes.ParameterizedTestTest$ProtectedParametersTest<span class='color_orange'>formal</span>:java.lang.Class*( sub ); message|callee = n$14<span class='color_orange'>formal</span>:java.lang.String*( sub ); this|callee = n$13<span class='color_orange'>formal</span>:org.junit.tests.running.classes.ParameterizedTestTest*( sub )</span>
    returning TRUE
    in vpath_find exp:_t$120
    vpath_find: cannot find _t$120
      New footprint:
      
      Frame fld:
      
      Missing fld:
      
      Instantiated frame:
      val$1|->{}<span class='color_orange'>formal(z)</span>:java.lang.StringBuilder( sub ); &amp;$RET_java.lang.StringBuilder.toString():java.lang.String|abducedRetvar|->n$14<span class='color_orange'>formal</span>:java.lang.String*( sub ); &amp;$irvar3|->0<span class='color_orange'>nullify</span>:void; &amp;$RET_java.lang.StringBuilder.<init>()|abducedRetvar|->val$3<span class='color_orange'>formal</span>:void( sub ); &amp;$irvar4|->n$14<span class='color_orange'>update:543</span>:void; &amp;$irvar0|->0<span class='color_orange'>nullify</span>:void; &amp;return|->n$87<span class='color_orange'>initial</span>:void; &amp;$irvar1|->0<span class='color_orange'>nullify</span>:void; &amp;$irvar2|->0<span class='color_orange'>nullify</span>:void; &amp;this|->n$13<span class='color_orange'>formal</span>:org.junit.tests.running.classes.ParameterizedTestTest*( sub ); &amp;old_this|->n$13<span class='color_orange'>formal</span>:org.junit.tests.running.classes.ParameterizedTestTest*( sub ); &amp;$RET_java.lang.StringBuilder.append(java.lang.String):java.lang.StringBuilder|abducedRetvar|->val$1<span class='color_orange'>formal</span>:java.lang.StringBuilder*( sub )
      Instantiated post:
      PROP 1 of 1:
      <span class='color_blue'><span class='color_red'>MEMne &lt; void ParameterizedTestTest.assertTestCreatesSingleFailureWithMessage(Class,String):541 &gt; <span class='color_orange'>{vpath: }</span>(_t$120)</span> ;
      <span class='color_red'>return|callee = EXN _t$120<span class='color_orange'>update:541</span>:void</span> ;
      <span class='color_red'>_t$120|->{}<span class='color_orange'>alloc</span>:java.lang.AssertionError</span></span>
      
    ***** RESULTS FUNCTION CALL *******
    PROP 1 of 1:
    <span class='color_blue'><span class='color_blue'>val$2 = old_this</span>; <span class='color_blue'>val$4 = $irvar4</span> ;
    <span class='color_red'>MEMne &lt; void ParameterizedTestTest.assertTestCreatesSingleFailureWithMessage(Class,String):541 &gt; <span class='color_orange'>{vpath: }</span>(_t$0)</span>; <span class='color_blue'>MEMne &lt; new:541 &gt; <span class='color_orange'>{vpath: }</span>(n$88)</span>; <span class='color_blue'>UND &lt; StringBuilder.<init>() &gt; :541($RET_java.lang.StringBuilder.<init>()|abducedRetvar)</span>; <span class='color_blue'>UND &lt; StringBuilder StringBuilder.append(String) &gt; :543($RET_java.lang.StringBuilder.append(java.lang.String):java.lang.StringBuilder|abducedRetvar)</span>; <span class='color_blue'>UND &lt; String StringBuilder.toString() &gt; :543($irvar4)</span>; <span class='color_blue'>RET &lt; String Class.getName() &gt; ("org.junit.tests.running.classes.ParameterizedTestTest$ProtectedParametersTest")</span> ;
    <span class='color_blue'>$RET_java.lang.StringBuilder.toString():java.lang.String|abducedRetvar = n$14<span class='color_orange'>formal</span>:java.lang.String*( sub )</span>; <span class='color_blue'>$irvar3 = 0<span class='color_orange'>nullify</span>:void</span>; <span class='color_blue'>$RET_java.lang.StringBuilder.<init>()|abducedRetvar = val$3<span class='color_orange'>formal</span>:void( sub )</span>; <span class='color_blue'>$irvar4 = n$14<span class='color_orange'>update:543</span>:void</span>; <span class='color_blue'>$irvar0 = 0<span class='color_orange'>nullify</span>:void</span>; <span class='color_blue'>return = <span class='color_red'>EXN _t$0<span class='color_orange'>update:541</span></span>:void</span>; <span class='color_blue'>$irvar1 = 0<span class='color_orange'>nullify</span>:void</span>; <span class='color_blue'>$irvar2 = 0<span class='color_orange'>nullify</span>:void</span>; <span class='color_blue'>this = n$13<span class='color_orange'>formal</span>:org.junit.tests.running.classes.ParameterizedTestTest*( sub )</span>; <span class='color_blue'>old_this = n$13<span class='color_orange'>formal</span>:org.junit.tests.running.classes.ParameterizedTestTest*( sub )</span>; <span class='color_blue'>$RET_java.lang.StringBuilder.append(java.lang.String):java.lang.StringBuilder|abducedRetvar = val$1<span class='color_orange'>formal</span>:java.lang.StringBuilder*( sub )</span> ;
    <span class='color_red'>_t$0|->{}<span class='color_orange'>alloc</span>:java.lang.AssertionError</span>; <span class='color_blue'>$RET_java.lang.StringBuilder.append(java.lang.String):java.lang.StringBuilder|abducedRetvar|->{}<span class='color_orange'>formal(z)</span>:java.lang.StringBuilder( sub )</span></span>
    ***** END RESULTS FUNCTION CALL *******
    explain_dereference_as_caller_expression val$1: cannot explain None
    <span class='color_red'>found error in dereference</span>
    spec_pre:
    <span class='color_blue'>val$2 = old_this; val$4 = $irvar4 ;
    MEMne &lt; void ParameterizedTestTest.assertTestCreatesSingleFailureWithMessage(Class,String):541 &gt; <span class='color_orange'>{vpath: }</span>(_t$120); MEMne &lt; new:541 &gt; <span class='color_orange'>{vpath: }</span>(n$88); UND &lt; StringBuilder.<init>() &gt; :541($RET_java.lang.StringBuilder.<init>()|abducedRetvar); UND &lt; StringBuilder StringBuilder.append(String) &gt; :543($RET_java.lang.StringBuilder.append(java.lang.String):java.lang.StringBuilder|abducedRetvar); UND &lt; String StringBuilder.toString() &gt; :543($irvar4); RET &lt; String Class.getName() &gt; ("org.junit.tests.running.classes.ParameterizedTestTest$ProtectedParametersTest") ;
    $RET_java.lang.StringBuilder.toString():java.lang.String|abducedRetvar = n$14<span class='color_orange'>formal</span>:java.lang.String*( sub ); $irvar3 = 0<span class='color_orange'>nullify</span>:void; $RET_java.lang.StringBuilder.<init>()|abducedRetvar = val$3<span class='color_orange'>formal</span>:void( sub ); $irvar4 = n$14<span class='color_orange'>update:543</span>:void; $irvar0 = 0<span class='color_orange'>nullify</span>:void; return = EXN _t$120<span class='color_orange'>update:541</span>:void; $irvar1 = 0<span class='color_orange'>nullify</span>:void; $irvar2 = 0<span class='color_orange'>nullify</span>:void; this = n$13<span class='color_orange'>formal</span>:org.junit.tests.running.classes.ParameterizedTestTest*( sub ); old_this = n$13<span class='color_orange'>formal</span>:org.junit.tests.running.classes.ParameterizedTestTest*( sub ); $RET_java.lang.StringBuilder.append(java.lang.String):java.lang.StringBuilder|abducedRetvar = val$1<span class='color_orange'>formal</span>:java.lang.StringBuilder*( sub ) ;
    _t$120|->{}<span class='color_orange'>alloc</span>:java.lang.AssertionError; $RET_java.lang.StringBuilder.append(java.lang.String):java.lang.StringBuilder|abducedRetvar|->{}<span class='color_orange'>formal(z)</span>:java.lang.StringBuilder( sub )</span>
    exp val$1 desc: 
    Prover.check_inconsistency_base: inconsistency reason [None]
    Prover.check_inconsistency_base: inconsistency reason [None]
    Prover.check_inconsistency_base: inconsistency reason [None]
    Prover.check_inconsistency_base: inconsistency reason [None]
    Instruction Returns
    PROP 1 of 1:
    <span class='color_blue'><span class='color_blue'>val$2 = old_this</span>; <span class='color_blue'>val$4 = $irvar4</span> ;
    <span class='color_blue'>MEMne &lt; new:541 &gt; <span class='color_orange'>{vpath: }</span>(_t$1)</span>; <span class='color_red'>MEMne &lt; void ParameterizedTestTest.assertTestCreatesSingleFailureWithMessage(Class,String):541 &gt; <span class='color_orange'>{vpath: }</span>(_t$0)</span>; <span class='color_blue'>UND &lt; StringBuilder.<init>() &gt; :541($RET_java.lang.StringBuilder.<init>()|abducedRetvar)</span>; <span class='color_blue'>UND &lt; StringBuilder StringBuilder.append(String) &gt; :543($RET_java.lang.StringBuilder.append(java.lang.String):java.lang.StringBuilder|abducedRetvar)</span>; <span class='color_blue'>UND &lt; String StringBuilder.toString() &gt; :543($irvar4)</span>; <span class='color_blue'>RET &lt; String Class.getName() &gt; ("org.junit.tests.running.classes.ParameterizedTestTest$ProtectedParametersTest")</span> ;
    <span class='color_blue'>$RET_java.lang.StringBuilder.toString():java.lang.String|abducedRetvar = n$14<span class='color_orange'>formal</span>:java.lang.String*( sub )</span>; <span class='color_blue'>$irvar3 = 0<span class='color_orange'>nullify</span>:void</span>; <span class='color_blue'>$RET_java.lang.StringBuilder.<init>()|abducedRetvar = val$3<span class='color_orange'>formal</span>:void( sub )</span>; <span class='color_blue'>$irvar4 = n$14<span class='color_orange'>update:543</span>:void</span>; <span class='color_blue'>$irvar0 = 0<span class='color_orange'>nullify</span>:void</span>; <span class='color_blue'>return = <span class='color_red'>EXN _t$0<span class='color_orange'>update:541</span></span>:void</span>; <span class='color_blue'>$irvar1 = 0<span class='color_orange'>nullify</span>:void</span>; <span class='color_blue'>$irvar2 = 0<span class='color_orange'>nullify</span>:void</span>; <span class='color_blue'>this = n$13<span class='color_orange'>formal</span>:org.junit.tests.running.classes.ParameterizedTestTest*( sub )</span>; <span class='color_blue'>old_this = n$13<span class='color_orange'>formal</span>:org.junit.tests.running.classes.ParameterizedTestTest*( sub )</span>; <span class='color_blue'>$RET_java.lang.StringBuilder.append(java.lang.String):java.lang.StringBuilder|abducedRetvar = val$1<span class='color_orange'>formal</span>:java.lang.StringBuilder*( sub )</span> ;
    <span class='color_red'>_t$0|->{}<span class='color_orange'>alloc</span>:java.lang.AssertionError</span>; <span class='color_blue'>$RET_java.lang.StringBuilder.append(java.lang.String):java.lang.StringBuilder|abducedRetvar|->{}<span class='color_orange'>formal(z)</span>:java.lang.StringBuilder( sub )</span></span>
    
    Instruction <span class='color_green'>NULLIFY(&amp;$irvar4); [line 541]</span>
    in vpath_find exp:_t$1
    vpath_find: cannot find _t$1
    in vpath_find exp:_t$0
    vpath_find: cannot find _t$0
    Instruction Returns
    PROP 1 of 1:
    <span class='color_blue'><span class='color_blue'>val$2 = old_this</span>; <span class='color_blue'>val$4 = $RET_java.lang.StringBuilder.toString():java.lang.String|abducedRetvar</span> ;
    <span class='color_blue'>MEMne &lt; new:541 &gt; <span class='color_orange'>{vpath: }</span>(_t$1)</span>; <span class='color_blue'>MEMne &lt; void ParameterizedTestTest.assertTestCreatesSingleFailureWithMessage(Class,String):541 &gt; <span class='color_orange'>{vpath: }</span>(_t$0)</span>; <span class='color_blue'>UND &lt; StringBuilder.<init>() &gt; :541($RET_java.lang.StringBuilder.<init>()|abducedRetvar)</span>; <span class='color_blue'>UND &lt; StringBuilder StringBuilder.append(String) &gt; :543($RET_java.lang.StringBuilder.append(java.lang.String):java.lang.StringBuilder|abducedRetvar)</span>; <span class='color_blue'>UND &lt; String StringBuilder.toString() &gt; :543($RET_java.lang.StringBuilder.toString():java.lang.String|abducedRetvar)</span>; <span class='color_blue'>RET &lt; String Class.getName() &gt; ("org.junit.tests.running.classes.ParameterizedTestTest$ProtectedParametersTest")</span> ;
    <span class='color_blue'>$RET_java.lang.StringBuilder.toString():java.lang.String|abducedRetvar = n$14<span class='color_orange'>formal</span>:java.lang.String*( sub )</span>; <span class='color_blue'>$irvar3 = 0<span class='color_orange'>nullify</span>:void</span>; <span class='color_blue'>$RET_java.lang.StringBuilder.<init>()|abducedRetvar = val$3<span class='color_orange'>formal</span>:void( sub )</span>; <span class='color_blue'>$irvar4 = <span class='color_red'>0<span class='color_orange'>nullify</span></span>:void</span>; <span class='color_blue'>$irvar0 = 0<span class='color_orange'>nullify</span>:void</span>; <span class='color_blue'>return = EXN _t$0<span class='color_orange'>update:541</span>:void</span>; <span class='color_blue'>$irvar1 = 0<span class='color_orange'>nullify</span>:void</span>; <span class='color_blue'>$irvar2 = 0<span class='color_orange'>nullify</span>:void</span>; <span class='color_blue'>this = n$13<span class='color_orange'>formal</span>:org.junit.tests.running.classes.ParameterizedTestTest*( sub )</span>; <span class='color_blue'>old_this = n$13<span class='color_orange'>formal</span>:org.junit.tests.running.classes.ParameterizedTestTest*( sub )</span>; <span class='color_blue'>$RET_java.lang.StringBuilder.append(java.lang.String):java.lang.StringBuilder|abducedRetvar = val$1<span class='color_orange'>formal</span>:java.lang.StringBuilder*( sub )</span> ;
    <span class='color_blue'>_t$0|->{}<span class='color_orange'>alloc</span>:java.lang.AssertionError</span>; <span class='color_blue'>$RET_java.lang.StringBuilder.append(java.lang.String):java.lang.StringBuilder|abducedRetvar|->{}<span class='color_orange'>formal(z)</span>:java.lang.StringBuilder( sub )</span></span>
    
    Instruction <span class='color_green'>NULLIFY(&amp;this); [line 541]</span>
    in vpath_find exp:_t$1
    vpath_find: cannot find _t$1
    in vpath_find exp:_t$0
    vpath_find: cannot find _t$0
    Instruction Returns
    PROP 1 of 1:
    <span class='color_blue'><span class='color_blue'>val$2 = old_this</span>; <span class='color_blue'>val$4 = $RET_java.lang.StringBuilder.toString():java.lang.String|abducedRetvar</span> ;
    <span class='color_blue'>MEMne &lt; new:541 &gt; <span class='color_orange'>{vpath: }</span>(_t$1)</span>; <span class='color_blue'>MEMne &lt; void ParameterizedTestTest.assertTestCreatesSingleFailureWithMessage(Class,String):541 &gt; <span class='color_orange'>{vpath: }</span>(_t$0)</span>; <span class='color_blue'>UND &lt; StringBuilder.<init>() &gt; :541($RET_java.lang.StringBuilder.<init>()|abducedRetvar)</span>; <span class='color_blue'>UND &lt; StringBuilder StringBuilder.append(String) &gt; :543($RET_java.lang.StringBuilder.append(java.lang.String):java.lang.StringBuilder|abducedRetvar)</span>; <span class='color_blue'>UND &lt; String StringBuilder.toString() &gt; :543($RET_java.lang.StringBuilder.toString():java.lang.String|abducedRetvar)</span>; <span class='color_blue'>RET &lt; String Class.getName() &gt; ("org.junit.tests.running.classes.ParameterizedTestTest$ProtectedParametersTest")</span> ;
    <span class='color_blue'>$RET_java.lang.StringBuilder.toString():java.lang.String|abducedRetvar = n$14<span class='color_orange'>formal</span>:java.lang.String*( sub )</span>; <span class='color_blue'>$irvar3 = 0<span class='color_orange'>nullify</span>:void</span>; <span class='color_blue'>$RET_java.lang.StringBuilder.<init>()|abducedRetvar = val$3<span class='color_orange'>formal</span>:void( sub )</span>; <span class='color_blue'>$irvar4 = 0<span class='color_orange'>nullify</span>:void</span>; <span class='color_blue'>$irvar0 = 0<span class='color_orange'>nullify</span>:void</span>; <span class='color_blue'>return = EXN _t$0<span class='color_orange'>update:541</span>:void</span>; <span class='color_blue'>$irvar1 = 0<span class='color_orange'>nullify</span>:void</span>; <span class='color_blue'>$irvar2 = 0<span class='color_orange'>nullify</span>:void</span>; <span class='color_blue'>this = <span class='color_red'>0<span class='color_orange'>nullify</span></span>:org.junit.tests.running.classes.ParameterizedTestTest*( sub )</span>; <span class='color_blue'>old_this = n$13<span class='color_orange'>formal</span>:org.junit.tests.running.classes.ParameterizedTestTest*( sub )</span>; <span class='color_blue'>$RET_java.lang.StringBuilder.append(java.lang.String):java.lang.StringBuilder|abducedRetvar = val$1<span class='color_orange'>formal</span>:java.lang.StringBuilder*( sub )</span> ;
    <span class='color_blue'>_t$0|->{}<span class='color_orange'>alloc</span>:java.lang.AssertionError</span>; <span class='color_blue'>$RET_java.lang.StringBuilder.append(java.lang.String):java.lang.StringBuilder|abducedRetvar|->{}<span class='color_orange'>formal(z)</span>:java.lang.StringBuilder( sub )</span></span>
    
    Instruction <span class='color_green'>EXIT_SCOPE(n$13,n$14,n$15,$irvar4,this); [line 541]</span>
    in vpath_find exp:_t$1
    vpath_find: cannot find _t$1
    in vpath_find exp:_t$0
    vpath_find: cannot find _t$0
    Instruction Returns
    PROP 1 of 1:
    <span class='color_blue'><span class='color_blue'>MEMne &lt; new:541 &gt; <span class='color_orange'>{vpath: }</span>(_t$1)</span>; <span class='color_blue'>MEMne &lt; void ParameterizedTestTest.assertTestCreatesSingleFailureWithMessage(Class,String):541 &gt; <span class='color_orange'>{vpath: }</span>(_t$0)</span>; <span class='color_blue'>UND &lt; StringBuilder.<init>() &gt; :541($RET_java.lang.StringBuilder.<init>()|abducedRetvar)</span>; <span class='color_blue'>UND &lt; StringBuilder StringBuilder.append(String) &gt; :543($RET_java.lang.StringBuilder.append(java.lang.String):java.lang.StringBuilder|abducedRetvar)</span>; <span class='color_blue'>UND &lt; String StringBuilder.toString() &gt; :543($RET_java.lang.StringBuilder.toString():java.lang.String|abducedRetvar)</span>; <span class='color_blue'>RET &lt; String Class.getName() &gt; ("org.junit.tests.running.classes.ParameterizedTestTest$ProtectedParametersTest")</span> ;
    <span class='color_blue'>$RET_java.lang.StringBuilder.toString():java.lang.String|abducedRetvar = <span class='color_red'>val$4<span class='color_orange'>formal</span></span>:java.lang.String*( sub )</span>; <span class='color_blue'>$irvar3 = 0<span class='color_orange'>nullify</span>:void</span>; <span class='color_blue'>$RET_java.lang.StringBuilder.<init>()|abducedRetvar = val$3<span class='color_orange'>formal</span>:void( sub )</span>; <span class='color_blue'>$irvar4 = 0<span class='color_orange'>nullify</span>:void</span>; <span class='color_blue'>$irvar0 = 0<span class='color_orange'>nullify</span>:void</span>; <span class='color_blue'>return = EXN _t$0<span class='color_orange'>update:541</span>:void</span>; <span class='color_blue'>$irvar1 = 0<span class='color_orange'>nullify</span>:void</span>; <span class='color_blue'>$irvar2 = 0<span class='color_orange'>nullify</span>:void</span>; <span class='color_blue'>this = 0<span class='color_orange'>nullify</span>:org.junit.tests.running.classes.ParameterizedTestTest*( sub )</span>; <span class='color_blue'>old_this = <span class='color_red'>val$2<span class='color_orange'>formal</span></span>:org.junit.tests.running.classes.ParameterizedTestTest*( sub )</span>; <span class='color_blue'>$RET_java.lang.StringBuilder.append(java.lang.String):java.lang.StringBuilder|abducedRetvar = val$1<span class='color_orange'>formal</span>:java.lang.StringBuilder*( sub )</span> ;
    <span class='color_blue'>_t$0|->{}<span class='color_orange'>alloc</span>:java.lang.AssertionError</span>; <span class='color_blue'>$RET_java.lang.StringBuilder.append(java.lang.String):java.lang.StringBuilder|abducedRetvar|->{}<span class='color_orange'>formal(z)</span>:java.lang.StringBuilder( sub )</span></span>
    
    .... After Symbolic Execution ....
    PROP 1 of 1:
    <span class='color_blue'><span class='color_blue'>MEMne &lt; new:541 &gt; <span class='color_orange'>{vpath: }</span>(_t$1)</span>; <span class='color_red'>MEMne &lt; void ParameterizedTestTest.assertTestCreatesSingleFailureWithMessage(Class,String):541 &gt; <span class='color_orange'>{vpath: }</span>(_t$0)</span>; <span class='color_blue'>UND &lt; StringBuilder.<init>() &gt; :541($RET_java.lang.StringBuilder.<init>()|abducedRetvar)</span>; <span class='color_blue'>UND &lt; StringBuilder StringBuilder.append(String) &gt; :543($RET_java.lang.StringBuilder.append(java.lang.String):java.lang.StringBuilder|abducedRetvar)</span>; <span class='color_blue'>UND &lt; String StringBuilder.toString() &gt; :543($RET_java.lang.StringBuilder.toString():java.lang.String|abducedRetvar)</span>; <span class='color_blue'>RET &lt; String Class.getName() &gt; ("org.junit.tests.running.classes.ParameterizedTestTest$ProtectedParametersTest")</span> ;
    <span class='color_blue'>$RET_java.lang.StringBuilder.toString():java.lang.String|abducedRetvar = val$4<span class='color_orange'>formal</span>:java.lang.String*( sub )</span>; <span class='color_blue'>$irvar3 = 0<span class='color_orange'>nullify</span>:void</span>; <span class='color_blue'>$RET_java.lang.StringBuilder.<init>()|abducedRetvar = val$3<span class='color_orange'>formal</span>:void( sub )</span>; <span class='color_blue'>$irvar4 = <span class='color_red'>0<span class='color_orange'>nullify</span></span>:void</span>; <span class='color_blue'>$irvar0 = 0<span class='color_orange'>nullify</span>:void</span>; <span class='color_blue'>return = <span class='color_red'>EXN _t$0<span class='color_orange'>update:541</span></span>:void</span>; <span class='color_blue'>$irvar1 = 0<span class='color_orange'>nullify</span>:void</span>; <span class='color_blue'>$irvar2 = 0<span class='color_orange'>nullify</span>:void</span>; <span class='color_blue'>this = <span class='color_red'>0<span class='color_orange'>nullify</span></span>:org.junit.tests.running.classes.ParameterizedTestTest*( sub )</span>; <span class='color_blue'>old_this = val$2<span class='color_orange'>formal</span>:org.junit.tests.running.classes.ParameterizedTestTest*( sub )</span>; <span class='color_blue'>$RET_java.lang.StringBuilder.append(java.lang.String):java.lang.StringBuilder|abducedRetvar = val$1<span class='color_orange'>formal</span>:java.lang.StringBuilder*( sub )</span> ;
    <span class='color_red'>_t$0|->{}<span class='color_orange'>alloc</span>:java.lang.AssertionError</span>; <span class='color_blue'>$RET_java.lang.StringBuilder.append(java.lang.String):java.lang.StringBuilder|abducedRetvar|->{}<span class='color_orange'>formal(z)</span>:java.lang.StringBuilder( sub )</span></span>
    
    
    
  </LISTING>