<!DOCTYPE HTML PUBLIC "-//W3C//DTD HTML 4.01 Transitional//EN">
<html>
<head>
<title>org.junit.tests.running.classes.ParameterizedTestTest.testsAreExecutedWhenAssumptionInParametersMeth.e80d33c7e0641b1f893e84e59c8230b0_node3</title>
<meta http-equiv="Content-Type" content="text/html; charset=utf-8">
<style type="text/css">
body { background-color:#fff; color:#000; font-family:Helvetica, sans-serif; font-size:10pt }
h1 { font-size:14pt }
.code { border-collapse:collapse; width:100%; font-family: "Andale Mono", monospace; font-size:10pt; line-height: 1.2em }
.color_black { color: black }
.color_blue { color: blue }
.color_green { color: green }
.color_orange { color: orange }
.color_red { color: red }
.line { border-left: 3px solid #ccc; padding-left: 1ex; white-space: pre; }
.msg { background-color:#fff8b4; color:#000; float:left; font-family:Helvetica, sans-serif; font-size: smaller; font-weight: bold; margin-bottom:10px; margin-top:10px; max-width:60em; padding:0.5em 1ex 0.5em 1ex; -webkit-border-radius:5px; -webkit-box-shadow:1px 1px 7px #000; white-space: pre-wrap; word-wrap: break-word; }
.num { background-color:#eee; color:#444; font-size: smaller; padding-right:2ex; text-align:right; width:2.5em; }
.dangling { background-color:white; color: gray; }
.visited { background-color:LemonChiffon; color: darkmagenta; }
.tooltip { display: none; background-color:#FFF0F0; border: 2px solid #F00; font-weight: normal; left:10em; padding: 2px; position: absolute; top: -1em; -webkit-border-radius:5px; -webkit-box-shadow:1px 1px 7px #000; z-index: 1}
.with_tooltip { position: relative; }
.with_tooltip:hover .tooltip, .visited:hover .tooltip { display: block; }
</style>
</head>
<body>
<center><h1>Cfg Node <a href="./../../ParameterizedTestTest.java.88da44e98279dfa32c0c7e5c52f053d0.html#LINE798">3</a></h1></center>PROC: <a href="./../org.junit.tests.running.classes.ParameterizedTestTest.testsAreExecutedWhenAssumptionInParametersMeth.e80d33c7e0641b1f893e84e59c8230b0.html">void ParameterizedTestTest.testsAreExecutedWhenAssumptionInParametersMethodDoesNotFail()</a> LINE: <a href="./../../ParameterizedTestTest.java.88da44e98279dfa32c0c7e5c52f053d0.html#LINE798">798</a>
<br>PREDS:
<br>SUCCS:
<a href="./../nodes/org.junit.tests.running.classes.ParameterizedTestTest.testsAreExecutedWhenAssumptionInParametersMeth.e80d33c7e0641b1f893e84e59c8230b0_node2.html"><span class='visited with_tooltip'>N_2<span class='tooltip'>node2 preds:16 3 succs: exn: </span></span></a><br>EXN:
<a href="./../nodes/org.junit.tests.running.classes.ParameterizedTestTest.testsAreExecutedWhenAssumptionInParametersMeth.e80d33c7e0641b1f893e84e59c8230b0_node2.html"><span class='visited with_tooltip'>N_2<span class='tooltip'>node2 preds:16 3 succs: exn: </span></span></a><br>
<LISTING class='color_green'></LISTING>
<hr width="100%">
<a name="session2" href="./../nodes/org.junit.tests.running.classes.ParameterizedTestTest.testsAreExecutedWhenAssumptionInParametersMeth.e80d33c7e0641b1f893e84e59c8230b0_node3.html#session2">node3#session2</a>(<a href="./../../ParameterizedTestTest.java.88da44e98279dfa32c0c7e5c52f053d0.html#LINE798">798</a>) [compute pre] liveness 3
<LISTING class='color_black'></LISTING>
<hr width="100%">
<a name="session3" href="./../nodes/org.junit.tests.running.classes.ParameterizedTestTest.testsAreExecutedWhenAssumptionInParametersMeth.e80d33c7e0641b1f893e84e59c8230b0_node3.html#session3">node3#session3</a>(<a href="./../../ParameterizedTestTest.java.88da44e98279dfa32c0c7e5c52f053d0.html#LINE798">798</a>) [exec] liveness 3
<LISTING class='color_black'>PRE STATE:
normal:{ }, exn:{ }

INSTR=  SKIP; 

STATE UNCHANGED

</LISTING>
<hr width="100%">
<a name="session59" href="./../nodes/org.junit.tests.running.classes.ParameterizedTestTest.testsAreExecutedWhenAssumptionInParametersMeth.e80d33c7e0641b1f893e84e59c8230b0_node3.html#session59">node3#session59</a>(<a href="./../../ParameterizedTestTest.java.88da44e98279dfa32c0c7e5c52f053d0.html#LINE798">798</a>) [compute pre] nullify
<LISTING class='color_black'>JOIN

LEFT:   (normal:{ }, exn:{ },
normal:{ classes.ParameterizedTestTest$AssumptionInParametersMethod },
exn:{ })
RIGHT:  (normal:{ $irvar0 }, exn:{ },
normal:{ n$0 }, exn:{ })
RESULT: (normal:{ $irvar0 }, exn:{ },
normal:{ n$0, classes.ParameterizedTestTest$AssumptionInParametersMethod },
exn:{ })

JOIN

LEFT:   (normal:{ $irvar0 }, exn:{ },
normal:{ n$0, classes.ParameterizedTestTest$AssumptionInParametersMethod },
exn:{ })
RIGHT:  (normal:{ $irvar0 }, exn:{ },
normal:{ n$1 }, exn:{ })
RESULT: (normal:{ $irvar0 }, exn:{ },
normal:{ n$0,
         n$1,
         classes.ParameterizedTestTest$AssumptionInParametersMethod },
exn:{ })

JOIN

LEFT:   (normal:{ $irvar0 }, exn:{ },
normal:{ n$0,
         n$1,
         classes.ParameterizedTestTest$AssumptionInParametersMethod },
exn:{ })
RIGHT:  (normal:{ result }, exn:{ },
normal:{ n$2, n$3, $irvar0 }, exn:{ })
RESULT: (normal:{ result, $irvar0 }, exn:{ },
normal:{ n$0,
         n$1,
         n$2,
         n$3,
         classes.ParameterizedTestTest$AssumptionInParametersMethod,
         $irvar0 },
exn:{ })

JOIN

LEFT:   (normal:{ result, $irvar0 }, exn:{ },
normal:{ n$0,
         n$1,
         n$2,
         n$3,
         classes.ParameterizedTestTest$AssumptionInParametersMethod,
         $irvar0 },
exn:{ })
RIGHT:  (normal:{ result, $irvar1 }, exn:{ },
normal:{ _, n$4, n$6 }, exn:{ })
RESULT: (normal:{ result, $irvar0, $irvar1 }, exn:{ },
normal:{ _,
         n$0,
         n$1,
         n$2,
         n$3,
         n$4,
         n$6,
         classes.ParameterizedTestTest$AssumptionInParametersMethod,
         $irvar0 },
exn:{ })

JOIN

LEFT:   (normal:{ result, $irvar0, $irvar1 }, exn:{ },
normal:{ _,
         n$0,
         n$1,
         n$2,
         n$3,
         n$4,
         n$6,
         classes.ParameterizedTestTest$AssumptionInParametersMethod,
         $irvar0 },
exn:{ })
RIGHT:  (normal:{ result }, exn:{ },
normal:{ n$7, n$8, $irvar1 }, exn:{ })
RESULT: (normal:{ result, $irvar0, $irvar1 }, exn:{ },
normal:{ _,
         n$0,
         n$1,
         n$2,
         n$3,
         n$4,
         n$6,
         n$7,
         n$8,
         classes.ParameterizedTestTest$AssumptionInParametersMethod,
         $irvar0,
         $irvar1 },
exn:{ })

JOIN

LEFT:   (normal:{ result, $irvar0, $irvar1 }, exn:{ },
normal:{ _,
         n$0,
         n$1,
         n$2,
         n$3,
         n$4,
         n$6,
         n$7,
         n$8,
         classes.ParameterizedTestTest$AssumptionInParametersMethod,
         $irvar0,
         $irvar1 },
exn:{ })
RIGHT:  (normal:{ result, $irvar2 }, exn:{ },
normal:{ _, n$9, n$11 }, exn:{ })
RESULT: (normal:{ result, $irvar0, $irvar1, $irvar2 }, exn:{ },
normal:{ _,
         _,
         n$0,
         n$1,
         n$2,
         n$3,
         n$4,
         n$6,
         n$7,
         n$8,
         n$9,
         n$11,
         classes.ParameterizedTestTest$AssumptionInParametersMethod,
         $irvar0,
         $irvar1 },
exn:{ })

JOIN

LEFT:   (normal:{ result, $irvar0, $irvar1, $irvar2 }, exn:{ },
normal:{ _,
         _,
         n$0,
         n$1,
         n$2,
         n$3,
         n$4,
         n$6,
         n$7,
         n$8,
         n$9,
         n$11,
         classes.ParameterizedTestTest$AssumptionInParametersMethod,
         $irvar0,
         $irvar1 },
exn:{ })
RIGHT:  (normal:{ result }, exn:{ },
normal:{ n$12, n$13, $irvar2 }, exn:{ })
RESULT: (normal:{ result, $irvar0, $irvar1, $irvar2 }, exn:{ },
normal:{ _,
         _,
         n$0,
         n$1,
         n$2,
         n$3,
         n$4,
         n$6,
         n$7,
         n$8,
         n$9,
         n$11,
         n$12,
         n$13,
         classes.ParameterizedTestTest$AssumptionInParametersMethod,
         $irvar0,
         $irvar1,
         $irvar2 },
exn:{ })

JOIN

LEFT:   (normal:{ result, $irvar0, $irvar1, $irvar2 }, exn:{ },
normal:{ _,
         _,
         n$0,
         n$1,
         n$2,
         n$3,
         n$4,
         n$6,
         n$7,
         n$8,
         n$9,
         n$11,
         n$12,
         n$13,
         classes.ParameterizedTestTest$AssumptionInParametersMethod,
         $irvar0,
         $irvar1,
         $irvar2 },
exn:{ })
RIGHT:  (normal:{ result, $irvar3 }, exn:{ },
normal:{ _, n$14, n$16 }, exn:{ })
RESULT: (normal:{ result, $irvar3, $irvar0, $irvar1, $irvar2 }, exn:{ },
normal:{ _,
         _,
         _,
         n$0,
         n$1,
         n$2,
         n$3,
         n$4,
         n$6,
         n$7,
         n$8,
         n$9,
         n$11,
         n$12,
         n$13,
         n$14,
         n$16,
         classes.ParameterizedTestTest$AssumptionInParametersMethod,
         $irvar0,
         $irvar1,
         $irvar2 },
exn:{ })

JOIN

LEFT:   (normal:{ result, $irvar3, $irvar0, $irvar1, $irvar2 }, exn:{ },
normal:{ _,
         _,
         _,
         n$0,
         n$1,
         n$2,
         n$3,
         n$4,
         n$6,
         n$7,
         n$8,
         n$9,
         n$11,
         n$12,
         n$13,
         n$14,
         n$16,
         classes.ParameterizedTestTest$AssumptionInParametersMethod,
         $irvar0,
         $irvar1,
         $irvar2 },
exn:{ })
RIGHT:  (normal:{ result }, exn:{ },
normal:{ n$17, n$18, $irvar3 }, exn:{ })
RESULT: (normal:{ result, $irvar3, $irvar0, $irvar1, $irvar2 }, exn:{ },
normal:{ _,
         _,
         _,
         n$0,
         n$1,
         n$2,
         n$3,
         n$4,
         n$6,
         n$7,
         n$8,
         n$9,
         n$11,
         n$12,
         n$13,
         n$14,
         n$16,
         n$17,
         n$18,
         $irvar3,
         classes.ParameterizedTestTest$AssumptionInParametersMethod,
         $irvar0,
         $irvar1,
         $irvar2 },
exn:{ })

JOIN

LEFT:   (normal:{ result, $irvar3, $irvar0, $irvar1, $irvar2 }, exn:{ },
normal:{ _,
         _,
         _,
         n$0,
         n$1,
         n$2,
         n$3,
         n$4,
         n$6,
         n$7,
         n$8,
         n$9,
         n$11,
         n$12,
         n$13,
         n$14,
         n$16,
         n$17,
         n$18,
         $irvar3,
         classes.ParameterizedTestTest$AssumptionInParametersMethod,
         $irvar0,
         $irvar1,
         $irvar2 },
exn:{ })
RIGHT:  (normal:{ $irvar4 }, exn:{ },
normal:{ _, n$19, n$21, result }, exn:{ })
RESULT: (normal:{ result, $irvar3, $irvar4, $irvar0, $irvar1, $irvar2 },
         exn:{ },
normal:{ _,
         _,
         _,
         _,
         n$0,
         n$1,
         n$2,
         n$3,
         n$4,
         n$6,
         n$7,
         n$8,
         n$9,
         n$11,
         n$12,
         n$13,
         n$14,
         n$16,
         n$17,
         n$18,
         n$19,
         n$21,
         result,
         $irvar3,
         classes.ParameterizedTestTest$AssumptionInParametersMethod,
         $irvar0,
         $irvar1,
         $irvar2 },
exn:{ })

JOIN

LEFT:   (normal:{ result, $irvar3, $irvar4, $irvar0, $irvar1, $irvar2 },
         exn:{ },
normal:{ _,
         _,
         _,
         _,
         n$0,
         n$1,
         n$2,
         n$3,
         n$4,
         n$6,
         n$7,
         n$8,
         n$9,
         n$11,
         n$12,
         n$13,
         n$14,
         n$16,
         n$17,
         n$18,
         n$19,
         n$21,
         result,
         $irvar3,
         classes.ParameterizedTestTest$AssumptionInParametersMethod,
         $irvar0,
         $irvar1,
         $irvar2 },
exn:{ })
RIGHT:  (normal:{ }, exn:{ },
normal:{ n$22, n$23, $irvar4 }, exn:{ })
RESULT: (normal:{ result, $irvar3, $irvar4, $irvar0, $irvar1, $irvar2 },
         exn:{ },
normal:{ _,
         _,
         _,
         _,
         n$0,
         n$1,
         n$2,
         n$3,
         n$4,
         n$6,
         n$7,
         n$8,
         n$9,
         n$11,
         n$12,
         n$13,
         n$14,
         n$16,
         n$17,
         n$18,
         n$19,
         n$21,
         n$22,
         n$23,
         result,
         $irvar3,
         classes.ParameterizedTestTest$AssumptionInParametersMethod,
         $irvar4,
         $irvar0,
         $irvar1,
         $irvar2 },
exn:{ })

JOIN

LEFT:   (normal:{ result, $irvar3, $irvar4, $irvar0, $irvar1, $irvar2 },
         exn:{ },
normal:{ _,
         _,
         _,
         _,
         n$0,
         n$1,
         n$2,
         n$3,
         n$4,
         n$6,
         n$7,
         n$8,
         n$9,
         n$11,
         n$12,
         n$13,
         n$14,
         n$16,
         n$17,
         n$18,
         n$19,
         n$21,
         n$22,
         n$23,
         result,
         $irvar3,
         classes.ParameterizedTestTest$AssumptionInParametersMethod,
         $irvar4,
         $irvar0,
         $irvar1,
         $irvar2 },
exn:{ })
RIGHT:  (normal:{ }, exn:{ },
normal:{ }, exn:{ })
RESULT: (normal:{ result, $irvar3, $irvar4, $irvar0, $irvar1, $irvar2 },
         exn:{ },
normal:{ _,
         _,
         _,
         _,
         n$0,
         n$1,
         n$2,
         n$3,
         n$4,
         n$6,
         n$7,
         n$8,
         n$9,
         n$11,
         n$12,
         n$13,
         n$14,
         n$16,
         n$17,
         n$18,
         n$19,
         n$21,
         n$22,
         n$23,
         result,
         $irvar3,
         classes.ParameterizedTestTest$AssumptionInParametersMethod,
         $irvar4,
         $irvar0,
         $irvar1,
         $irvar2 },
exn:{ })

</LISTING>
<hr width="100%">
<a name="session60" href="./../nodes/org.junit.tests.running.classes.ParameterizedTestTest.testsAreExecutedWhenAssumptionInParametersMeth.e80d33c7e0641b1f893e84e59c8230b0_node3.html#session60">node3#session60</a>(<a href="./../../ParameterizedTestTest.java.88da44e98279dfa32c0c7e5c52f053d0.html#LINE798">798</a>) [exec] nullify
<LISTING class='color_black'>PRE STATE:
(normal:{ result, $irvar3, $irvar4, $irvar0, $irvar1, $irvar2 }, exn:{ },
normal:{ _,
         _,
         _,
         _,
         n$0,
         n$1,
         n$2,
         n$3,
         n$4,
         n$6,
         n$7,
         n$8,
         n$9,
         n$11,
         n$12,
         n$13,
         n$14,
         n$16,
         n$17,
         n$18,
         n$19,
         n$21,
         n$22,
         n$23,
         result,
         $irvar3,
         classes.ParameterizedTestTest$AssumptionInParametersMethod,
         $irvar4,
         $irvar0,
         $irvar1,
         $irvar2 },
exn:{ })

INSTR=  SKIP; 

STATE:
(normal:{ }, exn:{ },
normal:{ result, $irvar3, $irvar4, $irvar0, $irvar1, $irvar2 }, exn:{ })

</LISTING>
<hr width="100%">
<a name="session142" href="./../nodes/org.junit.tests.running.classes.ParameterizedTestTest.testsAreExecutedWhenAssumptionInParametersMeth.e80d33c7e0641b1f893e84e59c8230b0_node3.html#session142">node3#session142</a>(<a href="./../../ParameterizedTestTest.java.88da44e98279dfa32c0c7e5c52f053d0.html#LINE798">798</a>) [exec] devirtualizer
<LISTING class='color_black'></LISTING>
<hr width="100%">
<a name="session143" href="./../nodes/org.junit.tests.running.classes.ParameterizedTestTest.testsAreExecutedWhenAssumptionInParametersMeth.e80d33c7e0641b1f893e84e59c8230b0_node3.html#session143">node3#session143</a>(<a href="./../../ParameterizedTestTest.java.88da44e98279dfa32c0c7e5c52f053d0.html#LINE798">798</a>) [exec] devirtualizer
<LISTING class='color_black'></LISTING>
<hr width="100%">
<a name="session144" href="./../nodes/org.junit.tests.running.classes.ParameterizedTestTest.testsAreExecutedWhenAssumptionInParametersMeth.e80d33c7e0641b1f893e84e59c8230b0_node3.html#session144">node3#session144</a>(<a href="./../../ParameterizedTestTest.java.88da44e98279dfa32c0c7e5c52f053d0.html#LINE798">798</a>) [exec] devirtualizer
<LISTING class='color_black'></LISTING>
<hr width="100%">
<a name="session145" href="./../nodes/org.junit.tests.running.classes.ParameterizedTestTest.testsAreExecutedWhenAssumptionInParametersMeth.e80d33c7e0641b1f893e84e59c8230b0_node3.html#session145">node3#session145</a>(<a href="./../../ParameterizedTestTest.java.88da44e98279dfa32c0c7e5c52f053d0.html#LINE798">798</a>) [exec] devirtualizer
<LISTING class='color_black'></LISTING>
<hr width="100%">
<a name="session146" href="./../nodes/org.junit.tests.running.classes.ParameterizedTestTest.testsAreExecutedWhenAssumptionInParametersMeth.e80d33c7e0641b1f893e84e59c8230b0_node3.html#session146">node3#session146</a>(<a href="./../../ParameterizedTestTest.java.88da44e98279dfa32c0c7e5c52f053d0.html#LINE798">798</a>) [exec] devirtualizer
<LISTING class='color_black'></LISTING>
<hr width="100%">
<a name="session147" href="./../nodes/org.junit.tests.running.classes.ParameterizedTestTest.testsAreExecutedWhenAssumptionInParametersMeth.e80d33c7e0641b1f893e84e59c8230b0_node3.html#session147">node3#session147</a>(<a href="./../../ParameterizedTestTest.java.88da44e98279dfa32c0c7e5c52f053d0.html#LINE798">798</a>) [exec] devirtualizer
<LISTING class='color_black'></LISTING>
<hr width="100%">
<a name="session148" href="./../nodes/org.junit.tests.running.classes.ParameterizedTestTest.testsAreExecutedWhenAssumptionInParametersMeth.e80d33c7e0641b1f893e84e59c8230b0_node3.html#session148">node3#session148</a>(<a href="./../../ParameterizedTestTest.java.88da44e98279dfa32c0c7e5c52f053d0.html#LINE798">798</a>) [exec] devirtualizer
<LISTING class='color_black'></LISTING>
<hr width="100%">
<a name="session149" href="./../nodes/org.junit.tests.running.classes.ParameterizedTestTest.testsAreExecutedWhenAssumptionInParametersMeth.e80d33c7e0641b1f893e84e59c8230b0_node3.html#session149">node3#session149</a>(<a href="./../../ParameterizedTestTest.java.88da44e98279dfa32c0c7e5c52f053d0.html#LINE798">798</a>) [exec] devirtualizer
<LISTING class='color_black'></LISTING>
<hr width="100%">
<a name="session68" href="./../nodes/org.junit.tests.running.classes.ParameterizedTestTest.testsAreExecutedWhenAssumptionInParametersMeth.e80d33c7e0641b1f893e84e59c8230b0_node3.html#session68">node3#session68</a>(<a href="./../../ParameterizedTestTest.java.88da44e98279dfa32c0c7e5c52f053d0.html#LINE798">798</a>) biabduction
<LISTING class='color_black'>**** [FP:Pending] void ParameterizedTestTest.testsAreExecutedWhenAssumptionInParametersMethodDoesNotFail() Node: 3, Procedure: void ParameterizedTestTest.testsAreExecutedWhenAssumptionInParametersMethodDoesNotFail(), Todo: 3 ****
  PROP 1 of 3:
  <span class='color_blue'><span class='color_red'>_t$4 != 0</span>; <span class='color_red'>@f$0 != null</span>; <span class='color_red'>0 != 1</span>; <span class='color_red'>MEMne &lt; void Assert.assertEquals(long,long):795 &gt; <span class='color_orange'>{vpath: }</span>(_t$0)</span>; <span class='color_red'>MEMna &lt; new[]:793 &gt; <span class='color_orange'>{vpath: }</span>(_t$5)</span>; <span class='color_red'>UND &lt; int AtomicInteger.get() &gt; :103(_t$4)</span>; <span class='color_red'>UND &lt; Result JUnitCore.runClasses(Computer,Class[]) &gt; :53(result)</span>; <span class='color_red'>RET &lt; int Result.getAssumptionFailureCount() &gt; (_t$4)</span>; <span class='color_red'>RET &lt; boolean Result.wasSuccessful() &gt; (1)</span> ;
  <span class='color_red'>result = _t$1<span class='color_orange'>update:793</span>:org.junit.runner.Result*</span>; <span class='color_red'>$irvar3 = _t$2<span class='color_orange'>initial</span>:void</span>; <span class='color_red'>#GB<>$org.junit.tests.running.classes.ParameterizedTestTest$AssumptionInParametersMethod = {assumptionFails:0<span class='color_orange'>update:792</span>}<span class='color_orange'>rearrange:792</span>:org.junit.tests.running.classes.ParameterizedTestTest$AssumptionInParametersMethod( sub )</span>; <span class='color_red'>$irvar4 = _t$3<span class='color_orange'>initial</span>:void</span>; <span class='color_red'>$irvar0 = 0<span class='color_orange'>nullify</span>:void</span>; <span class='color_red'>return = EXN _t$0<span class='color_orange'>update:795</span>:void</span>; <span class='color_red'>$irvar1 = 0<span class='color_orange'>nullify</span>:void</span>; <span class='color_red'>$irvar2 = 0<span class='color_orange'>nullify</span>:void</span>; <span class='color_red'>this = @f$2<span class='color_orange'>formal</span>:org.junit.tests.running.classes.ParameterizedTestTest*( sub )</span>; <span class='color_red'>old_this = @f$2<span class='color_orange'>formal</span>:org.junit.tests.running.classes.ParameterizedTestTest*( sub )</span> ;
  <span class='color_red'>result|->{assumptionFailureCount:@f$0<span class='color_orange'>formal(z)</span>, failures:@f$1<span class='color_orange'>formal(z)</span>}<span class='color_orange'>formal(z)</span>:org.junit.runner.Result( sub )</span>; <span class='color_red'>_t$0|->{}<span class='color_orange'>alloc</span>:java.lang.AssertionError</span>; <span class='color_red'>@f$1|->{}<span class='color_orange'>formal(z)</span>:java.util.concurrent.CopyOnWriteArrayList( sub )</span>; <span class='color_red'>@f$0|->{}<span class='color_orange'>formal</span>:java.util.concurrent.atomic.AtomicInteger( sub )</span>
  [footprint
     <span class='color_red'>@f$0 != null</span>; <span class='color_red'>0 != 1</span> *
     <span class='color_red'>#GB<>$org.junit.tests.running.classes.ParameterizedTestTest$AssumptionInParametersMethod = {assumptionFails:@f$3<span class='color_orange'>rearrange:792</span>}<span class='color_orange'>rearrange:792</span>:org.junit.tests.running.classes.ParameterizedTestTest$AssumptionInParametersMethod( sub )</span>; <span class='color_red'>this = @f$2<span class='color_orange'>formal</span>:org.junit.tests.running.classes.ParameterizedTestTest*( sub )</span>  ]</span>
  PROP 2 of 3:
  <span class='color_blue'><span class='color_red'>@f$3 = null</span> ;
  <span class='color_red'>0 != 1</span>; <span class='color_red'>MEMne &lt; int Result.getAssumptionFailureCount():795 &gt; <span class='color_orange'>{vpath: }</span>(_t$0)</span>; <span class='color_red'>MEMna &lt; new[]:793 &gt; <span class='color_orange'>{vpath: }</span>(_t$5)</span>; <span class='color_red'>UND &lt; Result JUnitCore.runClasses(Computer,Class[]) &gt; :53(result)</span>; <span class='color_red'>RET &lt; int Result.getAssumptionFailureCount() &gt; (_t$6)</span>; <span class='color_red'>RET &lt; boolean Result.wasSuccessful() &gt; (1)</span> ;
  <span class='color_red'>result = _t$1<span class='color_orange'>update:793</span>:org.junit.runner.Result*</span>; <span class='color_red'>$irvar3 = _t$2<span class='color_orange'>initial</span>:void</span>; <span class='color_red'>#GB<>$org.junit.tests.running.classes.ParameterizedTestTest$AssumptionInParametersMethod = {assumptionFails:0<span class='color_orange'>update:792</span>}<span class='color_orange'>rearrange:792</span>:org.junit.tests.running.classes.ParameterizedTestTest$AssumptionInParametersMethod( sub )</span>; <span class='color_red'>$irvar4 = _t$3<span class='color_orange'>initial</span>:void</span>; <span class='color_red'>$irvar0 = 0<span class='color_orange'>nullify</span>:void</span>; <span class='color_red'>return = EXN _t$0<span class='color_orange'>update:795</span>:void</span>; <span class='color_red'>$irvar1 = 0<span class='color_orange'>nullify</span>:void</span>; <span class='color_red'>$irvar2 = _t$4<span class='color_orange'>initial</span>:void</span>; <span class='color_red'>this = @f$1<span class='color_orange'>formal</span>:org.junit.tests.running.classes.ParameterizedTestTest*( sub )</span>; <span class='color_red'>old_this = @f$1<span class='color_orange'>formal</span>:org.junit.tests.running.classes.ParameterizedTestTest*( sub )</span> ;
  <span class='color_red'>result|->{assumptionFailureCount:null<span class='color_orange'>formal(z)</span>, failures:@f$0<span class='color_orange'>formal(z)</span>}<span class='color_orange'>formal(z)</span>:org.junit.runner.Result( sub )</span>; <span class='color_red'>_t$0|->{}<span class='color_orange'>alloc</span>:java.lang.UnsupportedOperationException</span>; <span class='color_red'>@f$0|->{}<span class='color_orange'>formal(z)</span>:java.util.concurrent.CopyOnWriteArrayList( sub )</span>
  [footprint
     <span class='color_red'>@f$3 = null</span>; <span class='color_red'>0 != 1</span> *
     <span class='color_red'>#GB<>$org.junit.tests.running.classes.ParameterizedTestTest$AssumptionInParametersMethod = {assumptionFails:@f$2<span class='color_orange'>rearrange:792</span>}<span class='color_orange'>rearrange:792</span>:org.junit.tests.running.classes.ParameterizedTestTest$AssumptionInParametersMethod( sub )</span>; <span class='color_red'>this = @f$1<span class='color_orange'>formal</span>:org.junit.tests.running.classes.ParameterizedTestTest*( sub )</span>  ]</span>
  PROP 3 of 3:
  <span class='color_blue'><span class='color_red'>MEMne &lt; void Assert.assertTrue(boolean):794 &gt; <span class='color_orange'>{vpath: }</span>(_t$0)</span>; <span class='color_red'>MEMna &lt; new[]:793 &gt; <span class='color_orange'>{vpath: }</span>(_t$5)</span>; <span class='color_red'>UND &lt; Result JUnitCore.runClasses(Computer,Class[]) &gt; :53(result)</span>; <span class='color_red'>RET &lt; boolean Result.wasSuccessful() &gt; (0)</span> ;
  <span class='color_red'>result = _t$1<span class='color_orange'>update:793</span>:org.junit.runner.Result*</span>; <span class='color_red'>$irvar3 = _t$2<span class='color_orange'>initial</span>:void</span>; <span class='color_red'>#GB<>$org.junit.tests.running.classes.ParameterizedTestTest$AssumptionInParametersMethod = {assumptionFails:0<span class='color_orange'>update:792</span>}<span class='color_orange'>rearrange:792</span>:org.junit.tests.running.classes.ParameterizedTestTest$AssumptionInParametersMethod( sub )</span>; <span class='color_red'>$irvar4 = _t$3<span class='color_orange'>initial</span>:void</span>; <span class='color_red'>$irvar0 = 0<span class='color_orange'>nullify</span>:void</span>; <span class='color_red'>return = EXN _t$0<span class='color_orange'>update:794</span>:void</span>; <span class='color_red'>$irvar1 = 0<span class='color_orange'>nullify</span>:void</span>; <span class='color_red'>$irvar2 = _t$4<span class='color_orange'>initial</span>:void</span>; <span class='color_red'>this = @f$1<span class='color_orange'>formal</span>:org.junit.tests.running.classes.ParameterizedTestTest*( sub )</span>; <span class='color_red'>old_this = @f$1<span class='color_orange'>formal</span>:org.junit.tests.running.classes.ParameterizedTestTest*( sub )</span> ;
  <span class='color_red'>result|->{failures:@f$0<span class='color_orange'>formal(z)</span>}<span class='color_orange'>formal(z)</span>:org.junit.runner.Result( sub )</span>; <span class='color_red'>_t$0|->{}<span class='color_orange'>alloc</span>:java.lang.AssertionError</span>; <span class='color_red'>@f$0|->{}<span class='color_orange'>formal(z)</span>:java.util.concurrent.CopyOnWriteArrayList( sub )</span>
  [footprint
     <span class='color_red'>#GB<>$org.junit.tests.running.classes.ParameterizedTestTest$AssumptionInParametersMethod = {assumptionFails:@f$2<span class='color_orange'>rearrange:792</span>}<span class='color_orange'>rearrange:792</span>:org.junit.tests.running.classes.ParameterizedTestTest$AssumptionInParametersMethod( sub )</span>; <span class='color_red'>this = @f$1<span class='color_orange'>formal</span>:org.junit.tests.running.classes.ParameterizedTestTest*( sub )</span>  ]</span>
  .... Instructions: ....
  <span class='color_green'>NULLIFY(&amp;result); [line 798];
  NULLIFY(&amp;$irvar3); [line 798];
  NULLIFY(&amp;$irvar4); [line 798];
  NULLIFY(&amp;$irvar0); [line 798];
  NULLIFY(&amp;$irvar1); [line 798];
  NULLIFY(&amp;$irvar2); [line 798];
  EXIT_SCOPE(result,$irvar3,$irvar4,$irvar0,$irvar1,$irvar2); [line 798];
  APPLY_ABSTRACTION; [line 798];
  </span>
  
  Processing prop 1/3
    Instruction <span class='color_green'>NULLIFY(&amp;result); [line 798]</span>
    in vpath_find exp:_t$0
    vpath_find: cannot find _t$0
    in vpath_find exp:_t$5
    vpath_find: cannot find _t$5
    .... Prop with garbage in normal part ....
      PROP:
      <span class='color_blue'>_t$4 != 0; @f$0 != null; 0 != 1; MEMne &lt; void Assert.assertEquals(long,long):795 &gt; <span class='color_orange'>{vpath: }</span>(_t$0); MEMna &lt; new[]:793 &gt; <span class='color_orange'>{vpath: }</span>(_t$5); UND &lt; int AtomicInteger.get() &gt; :103(_t$4); UND &lt; Result JUnitCore.runClasses(Computer,Class[]) &gt; :53(_t$1); RET &lt; int Result.getAssumptionFailureCount() &gt; (_t$4); RET &lt; boolean Result.wasSuccessful() &gt; (1) ;
      result = 0<span class='color_orange'>nullify</span>:org.junit.runner.Result*; $irvar3 = _t$2<span class='color_orange'>initial</span>:void; #GB<>$org.junit.tests.running.classes.ParameterizedTestTest$AssumptionInParametersMethod = {assumptionFails:0<span class='color_orange'>update:792</span>}<span class='color_orange'>rearrange:792</span>:org.junit.tests.running.classes.ParameterizedTestTest$AssumptionInParametersMethod( sub ); $irvar4 = _t$3<span class='color_orange'>initial</span>:void; $irvar0 = 0<span class='color_orange'>nullify</span>:void; return = EXN _t$0<span class='color_orange'>update:795</span>:void; $irvar1 = 0<span class='color_orange'>nullify</span>:void; $irvar2 = 0<span class='color_orange'>nullify</span>:void; this = @f$2<span class='color_orange'>formal</span>:org.junit.tests.running.classes.ParameterizedTestTest*( sub ); old_this = @f$2<span class='color_orange'>formal</span>:org.junit.tests.running.classes.ParameterizedTestTest*( sub ) ;
      _t$1|->{assumptionFailureCount:@f$0<span class='color_orange'>formal(z)</span>, failures:@f$1<span class='color_orange'>formal(z)</span>}<span class='color_orange'>formal(z)</span>:org.junit.runner.Result( sub ); _t$0|->{}<span class='color_orange'>alloc</span>:java.lang.AssertionError; @f$1|->{}<span class='color_orange'>formal(z)</span>:java.util.concurrent.CopyOnWriteArrayList( sub ); @f$0|->{}<span class='color_orange'>formal</span>:java.util.concurrent.atomic.AtomicInteger( sub )
      [footprint
         @f$0 != null; 0 != 1 *
         #GB<>$org.junit.tests.running.classes.ParameterizedTestTest$AssumptionInParametersMethod = {assumptionFails:@f$3<span class='color_orange'>rearrange:792</span>}<span class='color_orange'>rearrange:792</span>:org.junit.tests.running.classes.ParameterizedTestTest$AssumptionInParametersMethod( sub ); this = @f$2<span class='color_orange'>formal</span>:org.junit.tests.running.classes.ParameterizedTestTest*( sub )  ]</span>
      PREDICATE:
      _t$1|->{assumptionFailureCount:@f$0<span class='color_orange'>formal(z)</span>, failures:@f$1<span class='color_orange'>formal(z)</span>}<span class='color_orange'>formal(z)</span>:org.junit.runner.Result( sub )
      UNDEF
      explain_leak: current instruction is Nullify for pvar &amp;result
    exp_lv_dexp: program var &amp;result
    .... Prop with garbage in normal part ....
      PROP:
      <span class='color_blue'>_t$4 != 0; @f$0 != null; 0 != 1; MEMne &lt; void Assert.assertEquals(long,long):795 &gt; <span class='color_orange'>{vpath: }</span>(_t$0); MEMna &lt; new[]:793 &gt; <span class='color_orange'>{vpath: }</span>(_t$5); UND &lt; int AtomicInteger.get() &gt; :103(_t$4); UND &lt; Result JUnitCore.runClasses(Computer,Class[]) &gt; :53(_t$1); RET &lt; int Result.getAssumptionFailureCount() &gt; (_t$4); RET &lt; boolean Result.wasSuccessful() &gt; (1) ;
      result = 0<span class='color_orange'>nullify</span>:org.junit.runner.Result*; $irvar3 = _t$2<span class='color_orange'>initial</span>:void; #GB<>$org.junit.tests.running.classes.ParameterizedTestTest$AssumptionInParametersMethod = {assumptionFails:0<span class='color_orange'>update:792</span>}<span class='color_orange'>rearrange:792</span>:org.junit.tests.running.classes.ParameterizedTestTest$AssumptionInParametersMethod( sub ); $irvar4 = _t$3<span class='color_orange'>initial</span>:void; $irvar0 = 0<span class='color_orange'>nullify</span>:void; return = EXN _t$0<span class='color_orange'>update:795</span>:void; $irvar1 = 0<span class='color_orange'>nullify</span>:void; $irvar2 = 0<span class='color_orange'>nullify</span>:void; this = @f$2<span class='color_orange'>formal</span>:org.junit.tests.running.classes.ParameterizedTestTest*( sub ); old_this = @f$2<span class='color_orange'>formal</span>:org.junit.tests.running.classes.ParameterizedTestTest*( sub ) ;
      _t$1|->{assumptionFailureCount:@f$0<span class='color_orange'>formal(z)</span>, failures:@f$1<span class='color_orange'>formal(z)</span>}<span class='color_orange'>formal(z)</span>:org.junit.runner.Result( sub ); _t$0|->{}<span class='color_orange'>alloc</span>:java.lang.AssertionError; @f$1|->{}<span class='color_orange'>formal(z)</span>:java.util.concurrent.CopyOnWriteArrayList( sub ); @f$0|->{}<span class='color_orange'>formal</span>:java.util.concurrent.atomic.AtomicInteger( sub )
      [footprint
         @f$0 != null; 0 != 1 *
         #GB<>$org.junit.tests.running.classes.ParameterizedTestTest$AssumptionInParametersMethod = {assumptionFails:@f$3<span class='color_orange'>rearrange:792</span>}<span class='color_orange'>rearrange:792</span>:org.junit.tests.running.classes.ParameterizedTestTest$AssumptionInParametersMethod( sub ); this = @f$2<span class='color_orange'>formal</span>:org.junit.tests.running.classes.ParameterizedTestTest*( sub )  ]</span>
      PREDICATE:
      @f$1|->{}<span class='color_orange'>formal(z)</span>:java.util.concurrent.CopyOnWriteArrayList( sub )
      explain_leak: case not matched in instr <span class='color_green'>NULLIFY(&amp;result); [line 798]</span>
    .... Prop with garbage in normal part ....
      PROP:
      <span class='color_blue'>_t$4 != 0; @f$0 != null; 0 != 1; MEMne &lt; void Assert.assertEquals(long,long):795 &gt; <span class='color_orange'>{vpath: }</span>(_t$0); MEMna &lt; new[]:793 &gt; <span class='color_orange'>{vpath: }</span>(_t$5); UND &lt; int AtomicInteger.get() &gt; :103(_t$4); UND &lt; Result JUnitCore.runClasses(Computer,Class[]) &gt; :53(_t$1); RET &lt; int Result.getAssumptionFailureCount() &gt; (_t$4); RET &lt; boolean Result.wasSuccessful() &gt; (1) ;
      result = 0<span class='color_orange'>nullify</span>:org.junit.runner.Result*; $irvar3 = _t$2<span class='color_orange'>initial</span>:void; #GB<>$org.junit.tests.running.classes.ParameterizedTestTest$AssumptionInParametersMethod = {assumptionFails:0<span class='color_orange'>update:792</span>}<span class='color_orange'>rearrange:792</span>:org.junit.tests.running.classes.ParameterizedTestTest$AssumptionInParametersMethod( sub ); $irvar4 = _t$3<span class='color_orange'>initial</span>:void; $irvar0 = 0<span class='color_orange'>nullify</span>:void; return = EXN _t$0<span class='color_orange'>update:795</span>:void; $irvar1 = 0<span class='color_orange'>nullify</span>:void; $irvar2 = 0<span class='color_orange'>nullify</span>:void; this = @f$2<span class='color_orange'>formal</span>:org.junit.tests.running.classes.ParameterizedTestTest*( sub ); old_this = @f$2<span class='color_orange'>formal</span>:org.junit.tests.running.classes.ParameterizedTestTest*( sub ) ;
      _t$1|->{assumptionFailureCount:@f$0<span class='color_orange'>formal(z)</span>, failures:@f$1<span class='color_orange'>formal(z)</span>}<span class='color_orange'>formal(z)</span>:org.junit.runner.Result( sub ); _t$0|->{}<span class='color_orange'>alloc</span>:java.lang.AssertionError; @f$1|->{}<span class='color_orange'>formal(z)</span>:java.util.concurrent.CopyOnWriteArrayList( sub ); @f$0|->{}<span class='color_orange'>formal</span>:java.util.concurrent.atomic.AtomicInteger( sub )
      [footprint
         @f$0 != null; 0 != 1 *
         #GB<>$org.junit.tests.running.classes.ParameterizedTestTest$AssumptionInParametersMethod = {assumptionFails:@f$3<span class='color_orange'>rearrange:792</span>}<span class='color_orange'>rearrange:792</span>:org.junit.tests.running.classes.ParameterizedTestTest$AssumptionInParametersMethod( sub ); this = @f$2<span class='color_orange'>formal</span>:org.junit.tests.running.classes.ParameterizedTestTest*( sub )  ]</span>
      PREDICATE:
      @f$0|->{}<span class='color_orange'>formal</span>:java.util.concurrent.atomic.AtomicInteger( sub )
      explain_leak: case not matched in instr <span class='color_green'>NULLIFY(&amp;result); [line 798]</span>
    Instruction Returns
    PROP 1 of 1:
    <span class='color_blue'><span class='color_red'>_t$3 != 0</span>; <span class='color_red'>@f$2 != null</span>; <span class='color_blue'>0 != 1</span>; <span class='color_blue'>MEMne &lt; void Assert.assertEquals(long,long):795 &gt; <span class='color_orange'>{vpath: }</span>(_t$0)</span>; <span class='color_blue'>MEMna &lt; new[]:793 &gt; <span class='color_orange'>{vpath: }</span>(_t$4)</span>; <span class='color_red'>UND &lt; int AtomicInteger.get() &gt; :103(_t$3)</span>; <span class='color_blue'>UND &lt; Result JUnitCore.runClasses(Computer,Class[]) &gt; :53(_t$5)</span>; <span class='color_red'>RET &lt; int Result.getAssumptionFailureCount() &gt; (_t$3)</span>; <span class='color_blue'>RET &lt; boolean Result.wasSuccessful() &gt; (1)</span> ;
    <span class='color_blue'>result = <span class='color_red'>0<span class='color_orange'>nullify</span></span>:org.junit.runner.Result*</span>; <span class='color_blue'>$irvar3 = <span class='color_red'>_t$1<span class='color_orange'>initial</span></span>:void</span>; <span class='color_blue'>#GB<>$org.junit.tests.running.classes.ParameterizedTestTest$AssumptionInParametersMethod = {assumptionFails:0<span class='color_orange'>update:792</span>}<span class='color_orange'>rearrange:792</span>:org.junit.tests.running.classes.ParameterizedTestTest$AssumptionInParametersMethod( sub )</span>; <span class='color_blue'>$irvar4 = <span class='color_red'>_t$2<span class='color_orange'>initial</span></span>:void</span>; <span class='color_blue'>$irvar0 = 0<span class='color_orange'>nullify</span>:void</span>; <span class='color_blue'>return = EXN _t$0<span class='color_orange'>update:795</span>:void</span>; <span class='color_blue'>$irvar1 = 0<span class='color_orange'>nullify</span>:void</span>; <span class='color_blue'>$irvar2 = 0<span class='color_orange'>nullify</span>:void</span>; <span class='color_blue'>this = <span class='color_red'>@f$0<span class='color_orange'>formal</span></span>:org.junit.tests.running.classes.ParameterizedTestTest*( sub )</span>; <span class='color_blue'>old_this = <span class='color_red'>@f$0<span class='color_orange'>formal</span></span>:org.junit.tests.running.classes.ParameterizedTestTest*( sub )</span> ;
    <span class='color_blue'>_t$0|->{}<span class='color_orange'>alloc</span>:java.lang.AssertionError</span>
    [footprint
       <span class='color_red'>@f$2 != null</span>; <span class='color_blue'>0 != 1</span> *
       <span class='color_blue'>#GB<>$org.junit.tests.running.classes.ParameterizedTestTest$AssumptionInParametersMethod = {assumptionFails:<span class='color_red'>@f$1<span class='color_orange'>rearrange:792</span></span>}<span class='color_orange'>rearrange:792</span>:org.junit.tests.running.classes.ParameterizedTestTest$AssumptionInParametersMethod( sub )</span>; <span class='color_blue'>this = <span class='color_red'>@f$0<span class='color_orange'>formal</span></span>:org.junit.tests.running.classes.ParameterizedTestTest*( sub )</span>  ]</span>
    
    Instruction <span class='color_green'>NULLIFY(&amp;$irvar3); [line 798]</span>
    in vpath_find exp:_t$0
    vpath_find: cannot find _t$0
    in vpath_find exp:_t$4
    vpath_find: cannot find _t$4
    Instruction Returns
    PROP 1 of 1:
    <span class='color_blue'><span class='color_red'>_t$2 != 0</span>; <span class='color_blue'>@f$2 != null</span>; <span class='color_blue'>0 != 1</span>; <span class='color_blue'>MEMne &lt; void Assert.assertEquals(long,long):795 &gt; <span class='color_orange'>{vpath: }</span>(_t$0)</span>; <span class='color_blue'>MEMna &lt; new[]:793 &gt; <span class='color_orange'>{vpath: }</span>(_t$3)</span>; <span class='color_red'>UND &lt; int AtomicInteger.get() &gt; :103(_t$2)</span>; <span class='color_blue'>UND &lt; Result JUnitCore.runClasses(Computer,Class[]) &gt; :53(_t$4)</span>; <span class='color_red'>RET &lt; int Result.getAssumptionFailureCount() &gt; (_t$2)</span>; <span class='color_blue'>RET &lt; boolean Result.wasSuccessful() &gt; (1)</span> ;
    <span class='color_blue'>result = 0<span class='color_orange'>nullify</span>:org.junit.runner.Result*</span>; <span class='color_blue'>$irvar3 = <span class='color_red'>0<span class='color_orange'>nullify</span></span>:void</span>; <span class='color_blue'>#GB<>$org.junit.tests.running.classes.ParameterizedTestTest$AssumptionInParametersMethod = {assumptionFails:0<span class='color_orange'>update:792</span>}<span class='color_orange'>rearrange:792</span>:org.junit.tests.running.classes.ParameterizedTestTest$AssumptionInParametersMethod( sub )</span>; <span class='color_blue'>$irvar4 = <span class='color_red'>_t$1<span class='color_orange'>initial</span></span>:void</span>; <span class='color_blue'>$irvar0 = 0<span class='color_orange'>nullify</span>:void</span>; <span class='color_blue'>return = EXN _t$0<span class='color_orange'>update:795</span>:void</span>; <span class='color_blue'>$irvar1 = 0<span class='color_orange'>nullify</span>:void</span>; <span class='color_blue'>$irvar2 = 0<span class='color_orange'>nullify</span>:void</span>; <span class='color_blue'>this = @f$0<span class='color_orange'>formal</span>:org.junit.tests.running.classes.ParameterizedTestTest*( sub )</span>; <span class='color_blue'>old_this = @f$0<span class='color_orange'>formal</span>:org.junit.tests.running.classes.ParameterizedTestTest*( sub )</span> ;
    <span class='color_blue'>_t$0|->{}<span class='color_orange'>alloc</span>:java.lang.AssertionError</span>
    [footprint
       <span class='color_blue'>@f$2 != null</span>; <span class='color_blue'>0 != 1</span> *
       <span class='color_blue'>#GB<>$org.junit.tests.running.classes.ParameterizedTestTest$AssumptionInParametersMethod = {assumptionFails:@f$1<span class='color_orange'>rearrange:792</span>}<span class='color_orange'>rearrange:792</span>:org.junit.tests.running.classes.ParameterizedTestTest$AssumptionInParametersMethod( sub )</span>; <span class='color_blue'>this = @f$0<span class='color_orange'>formal</span>:org.junit.tests.running.classes.ParameterizedTestTest*( sub )</span>  ]</span>
    
    Instruction <span class='color_green'>NULLIFY(&amp;$irvar4); [line 798]</span>
    in vpath_find exp:_t$0
    vpath_find: cannot find _t$0
    in vpath_find exp:_t$3
    vpath_find: cannot find _t$3
    Instruction Returns
    PROP 1 of 1:
    <span class='color_blue'><span class='color_red'>_t$1 != 0</span>; <span class='color_blue'>@f$2 != null</span>; <span class='color_blue'>0 != 1</span>; <span class='color_blue'>MEMne &lt; void Assert.assertEquals(long,long):795 &gt; <span class='color_orange'>{vpath: }</span>(_t$0)</span>; <span class='color_blue'>MEMna &lt; new[]:793 &gt; <span class='color_orange'>{vpath: }</span>(_t$2)</span>; <span class='color_red'>UND &lt; int AtomicInteger.get() &gt; :103(_t$1)</span>; <span class='color_blue'>UND &lt; Result JUnitCore.runClasses(Computer,Class[]) &gt; :53(_t$3)</span>; <span class='color_red'>RET &lt; int Result.getAssumptionFailureCount() &gt; (_t$1)</span>; <span class='color_blue'>RET &lt; boolean Result.wasSuccessful() &gt; (1)</span> ;
    <span class='color_blue'>result = 0<span class='color_orange'>nullify</span>:org.junit.runner.Result*</span>; <span class='color_blue'>$irvar3 = 0<span class='color_orange'>nullify</span>:void</span>; <span class='color_blue'>#GB<>$org.junit.tests.running.classes.ParameterizedTestTest$AssumptionInParametersMethod = {assumptionFails:0<span class='color_orange'>update:792</span>}<span class='color_orange'>rearrange:792</span>:org.junit.tests.running.classes.ParameterizedTestTest$AssumptionInParametersMethod( sub )</span>; <span class='color_blue'>$irvar4 = <span class='color_red'>0<span class='color_orange'>nullify</span></span>:void</span>; <span class='color_blue'>$irvar0 = 0<span class='color_orange'>nullify</span>:void</span>; <span class='color_blue'>return = EXN _t$0<span class='color_orange'>update:795</span>:void</span>; <span class='color_blue'>$irvar1 = 0<span class='color_orange'>nullify</span>:void</span>; <span class='color_blue'>$irvar2 = 0<span class='color_orange'>nullify</span>:void</span>; <span class='color_blue'>this = @f$0<span class='color_orange'>formal</span>:org.junit.tests.running.classes.ParameterizedTestTest*( sub )</span>; <span class='color_blue'>old_this = @f$0<span class='color_orange'>formal</span>:org.junit.tests.running.classes.ParameterizedTestTest*( sub )</span> ;
    <span class='color_blue'>_t$0|->{}<span class='color_orange'>alloc</span>:java.lang.AssertionError</span>
    [footprint
       <span class='color_blue'>@f$2 != null</span>; <span class='color_blue'>0 != 1</span> *
       <span class='color_blue'>#GB<>$org.junit.tests.running.classes.ParameterizedTestTest$AssumptionInParametersMethod = {assumptionFails:@f$1<span class='color_orange'>rearrange:792</span>}<span class='color_orange'>rearrange:792</span>:org.junit.tests.running.classes.ParameterizedTestTest$AssumptionInParametersMethod( sub )</span>; <span class='color_blue'>this = @f$0<span class='color_orange'>formal</span>:org.junit.tests.running.classes.ParameterizedTestTest*( sub )</span>  ]</span>
    
    Instruction <span class='color_green'>NULLIFY(&amp;$irvar0); [line 798]</span>
    in vpath_find exp:_t$0
    vpath_find: cannot find _t$0
    in vpath_find exp:_t$2
    vpath_find: cannot find _t$2
    Instruction Returns
    PROP 1 of 1:
    <span class='color_blue'><span class='color_blue'>_t$1 != 0</span>; <span class='color_blue'>@f$2 != null</span>; <span class='color_blue'>0 != 1</span>; <span class='color_blue'>MEMne &lt; void Assert.assertEquals(long,long):795 &gt; <span class='color_orange'>{vpath: }</span>(_t$0)</span>; <span class='color_blue'>MEMna &lt; new[]:793 &gt; <span class='color_orange'>{vpath: }</span>(_t$2)</span>; <span class='color_blue'>UND &lt; int AtomicInteger.get() &gt; :103(_t$1)</span>; <span class='color_blue'>UND &lt; Result JUnitCore.runClasses(Computer,Class[]) &gt; :53(_t$3)</span>; <span class='color_blue'>RET &lt; int Result.getAssumptionFailureCount() &gt; (_t$1)</span>; <span class='color_blue'>RET &lt; boolean Result.wasSuccessful() &gt; (1)</span> ;
    <span class='color_blue'>result = 0<span class='color_orange'>nullify</span>:org.junit.runner.Result*</span>; <span class='color_blue'>$irvar3 = 0<span class='color_orange'>nullify</span>:void</span>; <span class='color_blue'>#GB<>$org.junit.tests.running.classes.ParameterizedTestTest$AssumptionInParametersMethod = {assumptionFails:0<span class='color_orange'>update:792</span>}<span class='color_orange'>rearrange:792</span>:org.junit.tests.running.classes.ParameterizedTestTest$AssumptionInParametersMethod( sub )</span>; <span class='color_blue'>$irvar4 = 0<span class='color_orange'>nullify</span>:void</span>; <span class='color_blue'>$irvar0 = 0<span class='color_orange'>nullify</span>:void</span>; <span class='color_blue'>return = EXN _t$0<span class='color_orange'>update:795</span>:void</span>; <span class='color_blue'>$irvar1 = 0<span class='color_orange'>nullify</span>:void</span>; <span class='color_blue'>$irvar2 = 0<span class='color_orange'>nullify</span>:void</span>; <span class='color_blue'>this = @f$0<span class='color_orange'>formal</span>:org.junit.tests.running.classes.ParameterizedTestTest*( sub )</span>; <span class='color_blue'>old_this = @f$0<span class='color_orange'>formal</span>:org.junit.tests.running.classes.ParameterizedTestTest*( sub )</span> ;
    <span class='color_blue'>_t$0|->{}<span class='color_orange'>alloc</span>:java.lang.AssertionError</span>
    [footprint
       <span class='color_blue'>@f$2 != null</span>; <span class='color_blue'>0 != 1</span> *
       <span class='color_blue'>#GB<>$org.junit.tests.running.classes.ParameterizedTestTest$AssumptionInParametersMethod = {assumptionFails:@f$1<span class='color_orange'>rearrange:792</span>}<span class='color_orange'>rearrange:792</span>:org.junit.tests.running.classes.ParameterizedTestTest$AssumptionInParametersMethod( sub )</span>; <span class='color_blue'>this = @f$0<span class='color_orange'>formal</span>:org.junit.tests.running.classes.ParameterizedTestTest*( sub )</span>  ]</span>
    
    Instruction <span class='color_green'>NULLIFY(&amp;$irvar1); [line 798]</span>
    in vpath_find exp:_t$0
    vpath_find: cannot find _t$0
    in vpath_find exp:_t$2
    vpath_find: cannot find _t$2
    Instruction Returns
    PROP 1 of 1:
    <span class='color_blue'><span class='color_blue'>_t$1 != 0</span>; <span class='color_blue'>@f$2 != null</span>; <span class='color_blue'>0 != 1</span>; <span class='color_blue'>MEMne &lt; void Assert.assertEquals(long,long):795 &gt; <span class='color_orange'>{vpath: }</span>(_t$0)</span>; <span class='color_blue'>MEMna &lt; new[]:793 &gt; <span class='color_orange'>{vpath: }</span>(_t$2)</span>; <span class='color_blue'>UND &lt; int AtomicInteger.get() &gt; :103(_t$1)</span>; <span class='color_blue'>UND &lt; Result JUnitCore.runClasses(Computer,Class[]) &gt; :53(_t$3)</span>; <span class='color_blue'>RET &lt; int Result.getAssumptionFailureCount() &gt; (_t$1)</span>; <span class='color_blue'>RET &lt; boolean Result.wasSuccessful() &gt; (1)</span> ;
    <span class='color_blue'>result = 0<span class='color_orange'>nullify</span>:org.junit.runner.Result*</span>; <span class='color_blue'>$irvar3 = 0<span class='color_orange'>nullify</span>:void</span>; <span class='color_blue'>#GB<>$org.junit.tests.running.classes.ParameterizedTestTest$AssumptionInParametersMethod = {assumptionFails:0<span class='color_orange'>update:792</span>}<span class='color_orange'>rearrange:792</span>:org.junit.tests.running.classes.ParameterizedTestTest$AssumptionInParametersMethod( sub )</span>; <span class='color_blue'>$irvar4 = 0<span class='color_orange'>nullify</span>:void</span>; <span class='color_blue'>$irvar0 = 0<span class='color_orange'>nullify</span>:void</span>; <span class='color_blue'>return = EXN _t$0<span class='color_orange'>update:795</span>:void</span>; <span class='color_blue'>$irvar1 = 0<span class='color_orange'>nullify</span>:void</span>; <span class='color_blue'>$irvar2 = 0<span class='color_orange'>nullify</span>:void</span>; <span class='color_blue'>this = @f$0<span class='color_orange'>formal</span>:org.junit.tests.running.classes.ParameterizedTestTest*( sub )</span>; <span class='color_blue'>old_this = @f$0<span class='color_orange'>formal</span>:org.junit.tests.running.classes.ParameterizedTestTest*( sub )</span> ;
    <span class='color_blue'>_t$0|->{}<span class='color_orange'>alloc</span>:java.lang.AssertionError</span>
    [footprint
       <span class='color_blue'>@f$2 != null</span>; <span class='color_blue'>0 != 1</span> *
       <span class='color_blue'>#GB<>$org.junit.tests.running.classes.ParameterizedTestTest$AssumptionInParametersMethod = {assumptionFails:@f$1<span class='color_orange'>rearrange:792</span>}<span class='color_orange'>rearrange:792</span>:org.junit.tests.running.classes.ParameterizedTestTest$AssumptionInParametersMethod( sub )</span>; <span class='color_blue'>this = @f$0<span class='color_orange'>formal</span>:org.junit.tests.running.classes.ParameterizedTestTest*( sub )</span>  ]</span>
    
    Instruction <span class='color_green'>NULLIFY(&amp;$irvar2); [line 798]</span>
    in vpath_find exp:_t$0
    vpath_find: cannot find _t$0
    in vpath_find exp:_t$2
    vpath_find: cannot find _t$2
    Instruction Returns
    PROP 1 of 1:
    <span class='color_blue'><span class='color_blue'>_t$1 != 0</span>; <span class='color_blue'>@f$2 != null</span>; <span class='color_blue'>0 != 1</span>; <span class='color_blue'>MEMne &lt; void Assert.assertEquals(long,long):795 &gt; <span class='color_orange'>{vpath: }</span>(_t$0)</span>; <span class='color_blue'>MEMna &lt; new[]:793 &gt; <span class='color_orange'>{vpath: }</span>(_t$2)</span>; <span class='color_blue'>UND &lt; int AtomicInteger.get() &gt; :103(_t$1)</span>; <span class='color_blue'>UND &lt; Result JUnitCore.runClasses(Computer,Class[]) &gt; :53(_t$3)</span>; <span class='color_blue'>RET &lt; int Result.getAssumptionFailureCount() &gt; (_t$1)</span>; <span class='color_blue'>RET &lt; boolean Result.wasSuccessful() &gt; (1)</span> ;
    <span class='color_blue'>result = 0<span class='color_orange'>nullify</span>:org.junit.runner.Result*</span>; <span class='color_blue'>$irvar3 = 0<span class='color_orange'>nullify</span>:void</span>; <span class='color_blue'>#GB<>$org.junit.tests.running.classes.ParameterizedTestTest$AssumptionInParametersMethod = {assumptionFails:0<span class='color_orange'>update:792</span>}<span class='color_orange'>rearrange:792</span>:org.junit.tests.running.classes.ParameterizedTestTest$AssumptionInParametersMethod( sub )</span>; <span class='color_blue'>$irvar4 = 0<span class='color_orange'>nullify</span>:void</span>; <span class='color_blue'>$irvar0 = 0<span class='color_orange'>nullify</span>:void</span>; <span class='color_blue'>return = EXN _t$0<span class='color_orange'>update:795</span>:void</span>; <span class='color_blue'>$irvar1 = 0<span class='color_orange'>nullify</span>:void</span>; <span class='color_blue'>$irvar2 = 0<span class='color_orange'>nullify</span>:void</span>; <span class='color_blue'>this = @f$0<span class='color_orange'>formal</span>:org.junit.tests.running.classes.ParameterizedTestTest*( sub )</span>; <span class='color_blue'>old_this = @f$0<span class='color_orange'>formal</span>:org.junit.tests.running.classes.ParameterizedTestTest*( sub )</span> ;
    <span class='color_blue'>_t$0|->{}<span class='color_orange'>alloc</span>:java.lang.AssertionError</span>
    [footprint
       <span class='color_blue'>@f$2 != null</span>; <span class='color_blue'>0 != 1</span> *
       <span class='color_blue'>#GB<>$org.junit.tests.running.classes.ParameterizedTestTest$AssumptionInParametersMethod = {assumptionFails:@f$1<span class='color_orange'>rearrange:792</span>}<span class='color_orange'>rearrange:792</span>:org.junit.tests.running.classes.ParameterizedTestTest$AssumptionInParametersMethod( sub )</span>; <span class='color_blue'>this = @f$0<span class='color_orange'>formal</span>:org.junit.tests.running.classes.ParameterizedTestTest*( sub )</span>  ]</span>
    
    Instruction <span class='color_green'>EXIT_SCOPE(result,$irvar3,$irvar4,$irvar0,$irvar1,$irvar2); [line 798]</span>
    in vpath_find exp:_t$0
    vpath_find: cannot find _t$0
    in vpath_find exp:_t$2
    vpath_find: cannot find _t$2
    Instruction Returns
    PROP 1 of 1:
    <span class='color_blue'><span class='color_blue'>_t$1 != 0</span>; <span class='color_blue'>@f$2 != null</span>; <span class='color_blue'>0 != 1</span>; <span class='color_blue'>MEMne &lt; void Assert.assertEquals(long,long):795 &gt; <span class='color_orange'>{vpath: }</span>(_t$0)</span>; <span class='color_blue'>MEMna &lt; new[]:793 &gt; <span class='color_orange'>{vpath: }</span>(_t$2)</span>; <span class='color_blue'>UND &lt; int AtomicInteger.get() &gt; :103(_t$1)</span>; <span class='color_blue'>UND &lt; Result JUnitCore.runClasses(Computer,Class[]) &gt; :53(_t$3)</span>; <span class='color_blue'>RET &lt; int Result.getAssumptionFailureCount() &gt; (_t$1)</span>; <span class='color_blue'>RET &lt; boolean Result.wasSuccessful() &gt; (1)</span> ;
    <span class='color_blue'>result = 0<span class='color_orange'>nullify</span>:org.junit.runner.Result*</span>; <span class='color_blue'>$irvar3 = 0<span class='color_orange'>nullify</span>:void</span>; <span class='color_blue'>#GB<>$org.junit.tests.running.classes.ParameterizedTestTest$AssumptionInParametersMethod = {assumptionFails:0<span class='color_orange'>update:792</span>}<span class='color_orange'>rearrange:792</span>:org.junit.tests.running.classes.ParameterizedTestTest$AssumptionInParametersMethod( sub )</span>; <span class='color_blue'>$irvar4 = 0<span class='color_orange'>nullify</span>:void</span>; <span class='color_blue'>$irvar0 = 0<span class='color_orange'>nullify</span>:void</span>; <span class='color_blue'>return = EXN _t$0<span class='color_orange'>update:795</span>:void</span>; <span class='color_blue'>$irvar1 = 0<span class='color_orange'>nullify</span>:void</span>; <span class='color_blue'>$irvar2 = 0<span class='color_orange'>nullify</span>:void</span>; <span class='color_blue'>this = @f$0<span class='color_orange'>formal</span>:org.junit.tests.running.classes.ParameterizedTestTest*( sub )</span>; <span class='color_blue'>old_this = @f$0<span class='color_orange'>formal</span>:org.junit.tests.running.classes.ParameterizedTestTest*( sub )</span> ;
    <span class='color_blue'>_t$0|->{}<span class='color_orange'>alloc</span>:java.lang.AssertionError</span>
    [footprint
       <span class='color_blue'>@f$2 != null</span>; <span class='color_blue'>0 != 1</span> *
       <span class='color_blue'>#GB<>$org.junit.tests.running.classes.ParameterizedTestTest$AssumptionInParametersMethod = {assumptionFails:@f$1<span class='color_orange'>rearrange:792</span>}<span class='color_orange'>rearrange:792</span>:org.junit.tests.running.classes.ParameterizedTestTest$AssumptionInParametersMethod( sub )</span>; <span class='color_blue'>this = @f$0<span class='color_orange'>formal</span>:org.junit.tests.running.classes.ParameterizedTestTest*( sub )</span>  ]</span>
    
    Instruction <span class='color_green'>APPLY_ABSTRACTION; [line 798]</span>
    in vpath_find exp:_t$0
    vpath_find: cannot find _t$0
    in vpath_find exp:_t$2
    vpath_find: cannot find _t$2
    Prover.check_inconsistency_base: inconsistency reason [None]
    Prover.check_inconsistency_base: inconsistency reason [None]
    Can't find field assumptionFails in StrexpMatch.find
    Can't find field assumptionFails in StrexpMatch.find
    <span class='color_blue'>MEMne &lt; void Assert.assertEquals(long,long):795 &gt; <span class='color_orange'>{vpath: }</span>(_t$0) ;
    result = 0<span class='color_orange'>nullify</span>:org.junit.runner.Result*; $irvar3 = 0<span class='color_orange'>nullify</span>:void; #GB<>$org.junit.tests.running.classes.ParameterizedTestTest$AssumptionInParametersMethod = {assumptionFails:0<span class='color_orange'>update:792</span>}<span class='color_orange'>rearrange:792</span>:org.junit.tests.running.classes.ParameterizedTestTest$AssumptionInParametersMethod( sub ); $irvar4 = 0<span class='color_orange'>nullify</span>:void; $irvar0 = 0<span class='color_orange'>nullify</span>:void; return = EXN _t$0<span class='color_orange'>update:795</span>:void; $irvar1 = 0<span class='color_orange'>nullify</span>:void; $irvar2 = 0<span class='color_orange'>nullify</span>:void; this = @f$0<span class='color_orange'>formal</span>:org.junit.tests.running.classes.ParameterizedTestTest*( sub ); old_this = @f$0<span class='color_orange'>formal</span>:org.junit.tests.running.classes.ParameterizedTestTest*( sub ) ;
    _t$0|->{}<span class='color_orange'>alloc</span>:java.lang.AssertionError
    [footprint
       #GB<>$org.junit.tests.running.classes.ParameterizedTestTest$AssumptionInParametersMethod = {assumptionFails:@f$1<span class='color_orange'>rearrange:792</span>}<span class='color_orange'>rearrange:792</span>:org.junit.tests.running.classes.ParameterizedTestTest$AssumptionInParametersMethod( sub ); this = @f$0<span class='color_orange'>formal</span>:org.junit.tests.running.classes.ParameterizedTestTest*( sub )  ]</span>
    Instruction Returns
    PROP 1 of 1:
    <span class='color_blue'><span class='color_blue'>MEMne &lt; void Assert.assertEquals(long,long):795 &gt; <span class='color_orange'>{vpath: }</span>(_t$0)</span> ;
    <span class='color_blue'>result = 0<span class='color_orange'>nullify</span>:org.junit.runner.Result*</span>; <span class='color_blue'>$irvar3 = 0<span class='color_orange'>nullify</span>:void</span>; <span class='color_blue'>#GB<>$org.junit.tests.running.classes.ParameterizedTestTest$AssumptionInParametersMethod = {assumptionFails:0<span class='color_orange'>update:792</span>}<span class='color_orange'>rearrange:792</span>:org.junit.tests.running.classes.ParameterizedTestTest$AssumptionInParametersMethod( sub )</span>; <span class='color_blue'>$irvar4 = 0<span class='color_orange'>nullify</span>:void</span>; <span class='color_blue'>$irvar0 = 0<span class='color_orange'>nullify</span>:void</span>; <span class='color_blue'>return = EXN _t$0<span class='color_orange'>update:795</span>:void</span>; <span class='color_blue'>$irvar1 = 0<span class='color_orange'>nullify</span>:void</span>; <span class='color_blue'>$irvar2 = 0<span class='color_orange'>nullify</span>:void</span>; <span class='color_blue'>this = @f$0<span class='color_orange'>formal</span>:org.junit.tests.running.classes.ParameterizedTestTest*( sub )</span>; <span class='color_blue'>old_this = @f$0<span class='color_orange'>formal</span>:org.junit.tests.running.classes.ParameterizedTestTest*( sub )</span> ;
    <span class='color_blue'>_t$0|->{}<span class='color_orange'>alloc</span>:java.lang.AssertionError</span>
    [footprint
       <span class='color_blue'>#GB<>$org.junit.tests.running.classes.ParameterizedTestTest$AssumptionInParametersMethod = {assumptionFails:@f$1<span class='color_orange'>rearrange:792</span>}<span class='color_orange'>rearrange:792</span>:org.junit.tests.running.classes.ParameterizedTestTest$AssumptionInParametersMethod( sub )</span>; <span class='color_blue'>this = @f$0<span class='color_orange'>formal</span>:org.junit.tests.running.classes.ParameterizedTestTest*( sub )</span>  ]</span>
    
    .... After Symbolic Execution ....
    PROP 1 of 1:
    <span class='color_blue'><span class='color_blue'>MEMne &lt; void Assert.assertEquals(long,long):795 &gt; <span class='color_orange'>{vpath: }</span>(_t$0)</span> ;
    <span class='color_blue'>result = <span class='color_red'>0<span class='color_orange'>nullify</span></span>:org.junit.runner.Result*</span>; <span class='color_blue'>$irvar3 = <span class='color_red'>0<span class='color_orange'>nullify</span></span>:void</span>; <span class='color_blue'>#GB<>$org.junit.tests.running.classes.ParameterizedTestTest$AssumptionInParametersMethod = {assumptionFails:0<span class='color_orange'>update:792</span>}<span class='color_orange'>rearrange:792</span>:org.junit.tests.running.classes.ParameterizedTestTest$AssumptionInParametersMethod( sub )</span>; <span class='color_blue'>$irvar4 = <span class='color_red'>0<span class='color_orange'>nullify</span></span>:void</span>; <span class='color_blue'>$irvar0 = 0<span class='color_orange'>nullify</span>:void</span>; <span class='color_blue'>return = EXN _t$0<span class='color_orange'>update:795</span>:void</span>; <span class='color_blue'>$irvar1 = 0<span class='color_orange'>nullify</span>:void</span>; <span class='color_blue'>$irvar2 = 0<span class='color_orange'>nullify</span>:void</span>; <span class='color_blue'>this = <span class='color_red'>@f$0<span class='color_orange'>formal</span></span>:org.junit.tests.running.classes.ParameterizedTestTest*( sub )</span>; <span class='color_blue'>old_this = <span class='color_red'>@f$0<span class='color_orange'>formal</span></span>:org.junit.tests.running.classes.ParameterizedTestTest*( sub )</span> ;
    <span class='color_blue'>_t$0|->{}<span class='color_orange'>alloc</span>:java.lang.AssertionError</span>
    [footprint
       <span class='color_blue'>#GB<>$org.junit.tests.running.classes.ParameterizedTestTest$AssumptionInParametersMethod = {assumptionFails:<span class='color_red'>@f$1<span class='color_orange'>rearrange:792</span></span>}<span class='color_orange'>rearrange:792</span>:org.junit.tests.running.classes.ParameterizedTestTest$AssumptionInParametersMethod( sub )</span>; <span class='color_blue'>this = <span class='color_red'>@f$0<span class='color_orange'>formal</span></span>:org.junit.tests.running.classes.ParameterizedTestTest*( sub )</span>  ]</span>
    
    
    
  Processing prop 2/3
    Instruction <span class='color_green'>NULLIFY(&amp;result); [line 798]</span>
    in vpath_find exp:_t$0
    vpath_find: cannot find _t$0
    in vpath_find exp:_t$5
    vpath_find: cannot find _t$5
    .... Prop with garbage in normal part ....
      PROP:
      <span class='color_blue'>@f$3 = null ;
      0 != 1; MEMne &lt; int Result.getAssumptionFailureCount():795 &gt; <span class='color_orange'>{vpath: }</span>(_t$0); MEMna &lt; new[]:793 &gt; <span class='color_orange'>{vpath: }</span>(_t$5); UND &lt; Result JUnitCore.runClasses(Computer,Class[]) &gt; :53(_t$1); RET &lt; int Result.getAssumptionFailureCount() &gt; (_t$6); RET &lt; boolean Result.wasSuccessful() &gt; (1) ;
      result = 0<span class='color_orange'>nullify</span>:org.junit.runner.Result*; $irvar3 = _t$2<span class='color_orange'>initial</span>:void; #GB<>$org.junit.tests.running.classes.ParameterizedTestTest$AssumptionInParametersMethod = {assumptionFails:0<span class='color_orange'>update:792</span>}<span class='color_orange'>rearrange:792</span>:org.junit.tests.running.classes.ParameterizedTestTest$AssumptionInParametersMethod( sub ); $irvar4 = _t$3<span class='color_orange'>initial</span>:void; $irvar0 = 0<span class='color_orange'>nullify</span>:void; return = EXN _t$0<span class='color_orange'>update:795</span>:void; $irvar1 = 0<span class='color_orange'>nullify</span>:void; $irvar2 = _t$4<span class='color_orange'>initial</span>:void; this = @f$1<span class='color_orange'>formal</span>:org.junit.tests.running.classes.ParameterizedTestTest*( sub ); old_this = @f$1<span class='color_orange'>formal</span>:org.junit.tests.running.classes.ParameterizedTestTest*( sub ) ;
      _t$1|->{assumptionFailureCount:null<span class='color_orange'>formal(z)</span>, failures:@f$0<span class='color_orange'>formal(z)</span>}<span class='color_orange'>formal(z)</span>:org.junit.runner.Result( sub ); _t$0|->{}<span class='color_orange'>alloc</span>:java.lang.UnsupportedOperationException; @f$0|->{}<span class='color_orange'>formal(z)</span>:java.util.concurrent.CopyOnWriteArrayList( sub )
      [footprint
         @f$3 = null; 0 != 1 *
         #GB<>$org.junit.tests.running.classes.ParameterizedTestTest$AssumptionInParametersMethod = {assumptionFails:@f$2<span class='color_orange'>rearrange:792</span>}<span class='color_orange'>rearrange:792</span>:org.junit.tests.running.classes.ParameterizedTestTest$AssumptionInParametersMethod( sub ); this = @f$1<span class='color_orange'>formal</span>:org.junit.tests.running.classes.ParameterizedTestTest*( sub )  ]</span>
      PREDICATE:
      _t$1|->{assumptionFailureCount:null<span class='color_orange'>formal(z)</span>, failures:@f$0<span class='color_orange'>formal(z)</span>}<span class='color_orange'>formal(z)</span>:org.junit.runner.Result( sub )
      UNDEF
      explain_leak: current instruction is Nullify for pvar &amp;result
    exp_lv_dexp: program var &amp;result
    .... Prop with garbage in normal part ....
      PROP:
      <span class='color_blue'>@f$3 = null ;
      0 != 1; MEMne &lt; int Result.getAssumptionFailureCount():795 &gt; <span class='color_orange'>{vpath: }</span>(_t$0); MEMna &lt; new[]:793 &gt; <span class='color_orange'>{vpath: }</span>(_t$5); UND &lt; Result JUnitCore.runClasses(Computer,Class[]) &gt; :53(_t$1); RET &lt; int Result.getAssumptionFailureCount() &gt; (_t$6); RET &lt; boolean Result.wasSuccessful() &gt; (1) ;
      result = 0<span class='color_orange'>nullify</span>:org.junit.runner.Result*; $irvar3 = _t$2<span class='color_orange'>initial</span>:void; #GB<>$org.junit.tests.running.classes.ParameterizedTestTest$AssumptionInParametersMethod = {assumptionFails:0<span class='color_orange'>update:792</span>}<span class='color_orange'>rearrange:792</span>:org.junit.tests.running.classes.ParameterizedTestTest$AssumptionInParametersMethod( sub ); $irvar4 = _t$3<span class='color_orange'>initial</span>:void; $irvar0 = 0<span class='color_orange'>nullify</span>:void; return = EXN _t$0<span class='color_orange'>update:795</span>:void; $irvar1 = 0<span class='color_orange'>nullify</span>:void; $irvar2 = _t$4<span class='color_orange'>initial</span>:void; this = @f$1<span class='color_orange'>formal</span>:org.junit.tests.running.classes.ParameterizedTestTest*( sub ); old_this = @f$1<span class='color_orange'>formal</span>:org.junit.tests.running.classes.ParameterizedTestTest*( sub ) ;
      _t$1|->{assumptionFailureCount:null<span class='color_orange'>formal(z)</span>, failures:@f$0<span class='color_orange'>formal(z)</span>}<span class='color_orange'>formal(z)</span>:org.junit.runner.Result( sub ); _t$0|->{}<span class='color_orange'>alloc</span>:java.lang.UnsupportedOperationException; @f$0|->{}<span class='color_orange'>formal(z)</span>:java.util.concurrent.CopyOnWriteArrayList( sub )
      [footprint
         @f$3 = null; 0 != 1 *
         #GB<>$org.junit.tests.running.classes.ParameterizedTestTest$AssumptionInParametersMethod = {assumptionFails:@f$2<span class='color_orange'>rearrange:792</span>}<span class='color_orange'>rearrange:792</span>:org.junit.tests.running.classes.ParameterizedTestTest$AssumptionInParametersMethod( sub ); this = @f$1<span class='color_orange'>formal</span>:org.junit.tests.running.classes.ParameterizedTestTest*( sub )  ]</span>
      PREDICATE:
      @f$0|->{}<span class='color_orange'>formal(z)</span>:java.util.concurrent.CopyOnWriteArrayList( sub )
      explain_leak: case not matched in instr <span class='color_green'>NULLIFY(&amp;result); [line 798]</span>
    Instruction Returns
    PROP 1 of 1:
    <span class='color_blue'><span class='color_red'>@f$2 = null</span> ;
    <span class='color_blue'>0 != 1</span>; <span class='color_blue'>MEMne &lt; int Result.getAssumptionFailureCount():795 &gt; <span class='color_orange'>{vpath: }</span>(_t$0)</span>; <span class='color_red'>MEMna &lt; new[]:793 &gt; <span class='color_orange'>{vpath: }</span>(_t$4)</span>; <span class='color_blue'>UND &lt; Result JUnitCore.runClasses(Computer,Class[]) &gt; :53(_t$5)</span>; <span class='color_blue'>RET &lt; int Result.getAssumptionFailureCount() &gt; (_t$6)</span>; <span class='color_blue'>RET &lt; boolean Result.wasSuccessful() &gt; (1)</span> ;
    <span class='color_blue'>result = <span class='color_red'>0<span class='color_orange'>nullify</span></span>:org.junit.runner.Result*</span>; <span class='color_blue'>$irvar3 = <span class='color_red'>_t$1<span class='color_orange'>initial</span></span>:void</span>; <span class='color_blue'>#GB<>$org.junit.tests.running.classes.ParameterizedTestTest$AssumptionInParametersMethod = {assumptionFails:0<span class='color_orange'>update:792</span>}<span class='color_orange'>rearrange:792</span>:org.junit.tests.running.classes.ParameterizedTestTest$AssumptionInParametersMethod( sub )</span>; <span class='color_blue'>$irvar4 = <span class='color_red'>_t$2<span class='color_orange'>initial</span></span>:void</span>; <span class='color_blue'>$irvar0 = 0<span class='color_orange'>nullify</span>:void</span>; <span class='color_blue'>return = EXN _t$0<span class='color_orange'>update:795</span>:void</span>; <span class='color_blue'>$irvar1 = 0<span class='color_orange'>nullify</span>:void</span>; <span class='color_blue'>$irvar2 = <span class='color_red'>_t$3<span class='color_orange'>initial</span></span>:void</span>; <span class='color_blue'>this = <span class='color_red'>@f$0<span class='color_orange'>formal</span></span>:org.junit.tests.running.classes.ParameterizedTestTest*( sub )</span>; <span class='color_blue'>old_this = <span class='color_red'>@f$0<span class='color_orange'>formal</span></span>:org.junit.tests.running.classes.ParameterizedTestTest*( sub )</span> ;
    <span class='color_blue'>_t$0|->{}<span class='color_orange'>alloc</span>:java.lang.UnsupportedOperationException</span>
    [footprint
       <span class='color_red'>@f$2 = null</span>; <span class='color_blue'>0 != 1</span> *
       <span class='color_blue'>#GB<>$org.junit.tests.running.classes.ParameterizedTestTest$AssumptionInParametersMethod = {assumptionFails:<span class='color_red'>@f$1<span class='color_orange'>rearrange:792</span></span>}<span class='color_orange'>rearrange:792</span>:org.junit.tests.running.classes.ParameterizedTestTest$AssumptionInParametersMethod( sub )</span>; <span class='color_blue'>this = <span class='color_red'>@f$0<span class='color_orange'>formal</span></span>:org.junit.tests.running.classes.ParameterizedTestTest*( sub )</span>  ]</span>
    
    Instruction <span class='color_green'>NULLIFY(&amp;$irvar3); [line 798]</span>
    in vpath_find exp:_t$0
    vpath_find: cannot find _t$0
    in vpath_find exp:_t$4
    vpath_find: cannot find _t$4
    Instruction Returns
    PROP 1 of 1:
    <span class='color_blue'><span class='color_blue'>@f$2 = null</span> ;
    <span class='color_blue'>0 != 1</span>; <span class='color_blue'>MEMne &lt; int Result.getAssumptionFailureCount():795 &gt; <span class='color_orange'>{vpath: }</span>(_t$0)</span>; <span class='color_red'>MEMna &lt; new[]:793 &gt; <span class='color_orange'>{vpath: }</span>(_t$3)</span>; <span class='color_blue'>UND &lt; Result JUnitCore.runClasses(Computer,Class[]) &gt; :53(_t$4)</span>; <span class='color_blue'>RET &lt; int Result.getAssumptionFailureCount() &gt; (_t$5)</span>; <span class='color_blue'>RET &lt; boolean Result.wasSuccessful() &gt; (1)</span> ;
    <span class='color_blue'>result = 0<span class='color_orange'>nullify</span>:org.junit.runner.Result*</span>; <span class='color_blue'>$irvar3 = <span class='color_red'>0<span class='color_orange'>nullify</span></span>:void</span>; <span class='color_blue'>#GB<>$org.junit.tests.running.classes.ParameterizedTestTest$AssumptionInParametersMethod = {assumptionFails:0<span class='color_orange'>update:792</span>}<span class='color_orange'>rearrange:792</span>:org.junit.tests.running.classes.ParameterizedTestTest$AssumptionInParametersMethod( sub )</span>; <span class='color_blue'>$irvar4 = <span class='color_red'>_t$1<span class='color_orange'>initial</span></span>:void</span>; <span class='color_blue'>$irvar0 = 0<span class='color_orange'>nullify</span>:void</span>; <span class='color_blue'>return = EXN _t$0<span class='color_orange'>update:795</span>:void</span>; <span class='color_blue'>$irvar1 = 0<span class='color_orange'>nullify</span>:void</span>; <span class='color_blue'>$irvar2 = <span class='color_red'>_t$2<span class='color_orange'>initial</span></span>:void</span>; <span class='color_blue'>this = @f$0<span class='color_orange'>formal</span>:org.junit.tests.running.classes.ParameterizedTestTest*( sub )</span>; <span class='color_blue'>old_this = @f$0<span class='color_orange'>formal</span>:org.junit.tests.running.classes.ParameterizedTestTest*( sub )</span> ;
    <span class='color_blue'>_t$0|->{}<span class='color_orange'>alloc</span>:java.lang.UnsupportedOperationException</span>
    [footprint
       <span class='color_blue'>@f$2 = null</span>; <span class='color_blue'>0 != 1</span> *
       <span class='color_blue'>#GB<>$org.junit.tests.running.classes.ParameterizedTestTest$AssumptionInParametersMethod = {assumptionFails:@f$1<span class='color_orange'>rearrange:792</span>}<span class='color_orange'>rearrange:792</span>:org.junit.tests.running.classes.ParameterizedTestTest$AssumptionInParametersMethod( sub )</span>; <span class='color_blue'>this = @f$0<span class='color_orange'>formal</span>:org.junit.tests.running.classes.ParameterizedTestTest*( sub )</span>  ]</span>
    
    Instruction <span class='color_green'>NULLIFY(&amp;$irvar4); [line 798]</span>
    in vpath_find exp:_t$0
    vpath_find: cannot find _t$0
    in vpath_find exp:_t$3
    vpath_find: cannot find _t$3
    Instruction Returns
    PROP 1 of 1:
    <span class='color_blue'><span class='color_blue'>@f$2 = null</span> ;
    <span class='color_blue'>0 != 1</span>; <span class='color_blue'>MEMne &lt; int Result.getAssumptionFailureCount():795 &gt; <span class='color_orange'>{vpath: }</span>(_t$0)</span>; <span class='color_red'>MEMna &lt; new[]:793 &gt; <span class='color_orange'>{vpath: }</span>(_t$2)</span>; <span class='color_blue'>UND &lt; Result JUnitCore.runClasses(Computer,Class[]) &gt; :53(_t$3)</span>; <span class='color_blue'>RET &lt; int Result.getAssumptionFailureCount() &gt; (_t$4)</span>; <span class='color_blue'>RET &lt; boolean Result.wasSuccessful() &gt; (1)</span> ;
    <span class='color_blue'>result = 0<span class='color_orange'>nullify</span>:org.junit.runner.Result*</span>; <span class='color_blue'>$irvar3 = 0<span class='color_orange'>nullify</span>:void</span>; <span class='color_blue'>#GB<>$org.junit.tests.running.classes.ParameterizedTestTest$AssumptionInParametersMethod = {assumptionFails:0<span class='color_orange'>update:792</span>}<span class='color_orange'>rearrange:792</span>:org.junit.tests.running.classes.ParameterizedTestTest$AssumptionInParametersMethod( sub )</span>; <span class='color_blue'>$irvar4 = <span class='color_red'>0<span class='color_orange'>nullify</span></span>:void</span>; <span class='color_blue'>$irvar0 = 0<span class='color_orange'>nullify</span>:void</span>; <span class='color_blue'>return = EXN _t$0<span class='color_orange'>update:795</span>:void</span>; <span class='color_blue'>$irvar1 = 0<span class='color_orange'>nullify</span>:void</span>; <span class='color_blue'>$irvar2 = <span class='color_red'>_t$1<span class='color_orange'>initial</span></span>:void</span>; <span class='color_blue'>this = @f$0<span class='color_orange'>formal</span>:org.junit.tests.running.classes.ParameterizedTestTest*( sub )</span>; <span class='color_blue'>old_this = @f$0<span class='color_orange'>formal</span>:org.junit.tests.running.classes.ParameterizedTestTest*( sub )</span> ;
    <span class='color_blue'>_t$0|->{}<span class='color_orange'>alloc</span>:java.lang.UnsupportedOperationException</span>
    [footprint
       <span class='color_blue'>@f$2 = null</span>; <span class='color_blue'>0 != 1</span> *
       <span class='color_blue'>#GB<>$org.junit.tests.running.classes.ParameterizedTestTest$AssumptionInParametersMethod = {assumptionFails:@f$1<span class='color_orange'>rearrange:792</span>}<span class='color_orange'>rearrange:792</span>:org.junit.tests.running.classes.ParameterizedTestTest$AssumptionInParametersMethod( sub )</span>; <span class='color_blue'>this = @f$0<span class='color_orange'>formal</span>:org.junit.tests.running.classes.ParameterizedTestTest*( sub )</span>  ]</span>
    
    Instruction <span class='color_green'>NULLIFY(&amp;$irvar0); [line 798]</span>
    in vpath_find exp:_t$0
    vpath_find: cannot find _t$0
    in vpath_find exp:_t$2
    vpath_find: cannot find _t$2
    Instruction Returns
    PROP 1 of 1:
    <span class='color_blue'><span class='color_blue'>@f$2 = null</span> ;
    <span class='color_blue'>0 != 1</span>; <span class='color_blue'>MEMne &lt; int Result.getAssumptionFailureCount():795 &gt; <span class='color_orange'>{vpath: }</span>(_t$0)</span>; <span class='color_blue'>MEMna &lt; new[]:793 &gt; <span class='color_orange'>{vpath: }</span>(_t$2)</span>; <span class='color_blue'>UND &lt; Result JUnitCore.runClasses(Computer,Class[]) &gt; :53(_t$3)</span>; <span class='color_blue'>RET &lt; int Result.getAssumptionFailureCount() &gt; (_t$4)</span>; <span class='color_blue'>RET &lt; boolean Result.wasSuccessful() &gt; (1)</span> ;
    <span class='color_blue'>result = 0<span class='color_orange'>nullify</span>:org.junit.runner.Result*</span>; <span class='color_blue'>$irvar3 = 0<span class='color_orange'>nullify</span>:void</span>; <span class='color_blue'>#GB<>$org.junit.tests.running.classes.ParameterizedTestTest$AssumptionInParametersMethod = {assumptionFails:0<span class='color_orange'>update:792</span>}<span class='color_orange'>rearrange:792</span>:org.junit.tests.running.classes.ParameterizedTestTest$AssumptionInParametersMethod( sub )</span>; <span class='color_blue'>$irvar4 = 0<span class='color_orange'>nullify</span>:void</span>; <span class='color_blue'>$irvar0 = 0<span class='color_orange'>nullify</span>:void</span>; <span class='color_blue'>return = EXN _t$0<span class='color_orange'>update:795</span>:void</span>; <span class='color_blue'>$irvar1 = 0<span class='color_orange'>nullify</span>:void</span>; <span class='color_blue'>$irvar2 = _t$1<span class='color_orange'>initial</span>:void</span>; <span class='color_blue'>this = @f$0<span class='color_orange'>formal</span>:org.junit.tests.running.classes.ParameterizedTestTest*( sub )</span>; <span class='color_blue'>old_this = @f$0<span class='color_orange'>formal</span>:org.junit.tests.running.classes.ParameterizedTestTest*( sub )</span> ;
    <span class='color_blue'>_t$0|->{}<span class='color_orange'>alloc</span>:java.lang.UnsupportedOperationException</span>
    [footprint
       <span class='color_blue'>@f$2 = null</span>; <span class='color_blue'>0 != 1</span> *
       <span class='color_blue'>#GB<>$org.junit.tests.running.classes.ParameterizedTestTest$AssumptionInParametersMethod = {assumptionFails:@f$1<span class='color_orange'>rearrange:792</span>}<span class='color_orange'>rearrange:792</span>:org.junit.tests.running.classes.ParameterizedTestTest$AssumptionInParametersMethod( sub )</span>; <span class='color_blue'>this = @f$0<span class='color_orange'>formal</span>:org.junit.tests.running.classes.ParameterizedTestTest*( sub )</span>  ]</span>
    
    Instruction <span class='color_green'>NULLIFY(&amp;$irvar1); [line 798]</span>
    in vpath_find exp:_t$0
    vpath_find: cannot find _t$0
    in vpath_find exp:_t$2
    vpath_find: cannot find _t$2
    Instruction Returns
    PROP 1 of 1:
    <span class='color_blue'><span class='color_blue'>@f$2 = null</span> ;
    <span class='color_blue'>0 != 1</span>; <span class='color_blue'>MEMne &lt; int Result.getAssumptionFailureCount():795 &gt; <span class='color_orange'>{vpath: }</span>(_t$0)</span>; <span class='color_blue'>MEMna &lt; new[]:793 &gt; <span class='color_orange'>{vpath: }</span>(_t$2)</span>; <span class='color_blue'>UND &lt; Result JUnitCore.runClasses(Computer,Class[]) &gt; :53(_t$3)</span>; <span class='color_blue'>RET &lt; int Result.getAssumptionFailureCount() &gt; (_t$4)</span>; <span class='color_blue'>RET &lt; boolean Result.wasSuccessful() &gt; (1)</span> ;
    <span class='color_blue'>result = 0<span class='color_orange'>nullify</span>:org.junit.runner.Result*</span>; <span class='color_blue'>$irvar3 = 0<span class='color_orange'>nullify</span>:void</span>; <span class='color_blue'>#GB<>$org.junit.tests.running.classes.ParameterizedTestTest$AssumptionInParametersMethod = {assumptionFails:0<span class='color_orange'>update:792</span>}<span class='color_orange'>rearrange:792</span>:org.junit.tests.running.classes.ParameterizedTestTest$AssumptionInParametersMethod( sub )</span>; <span class='color_blue'>$irvar4 = 0<span class='color_orange'>nullify</span>:void</span>; <span class='color_blue'>$irvar0 = 0<span class='color_orange'>nullify</span>:void</span>; <span class='color_blue'>return = EXN _t$0<span class='color_orange'>update:795</span>:void</span>; <span class='color_blue'>$irvar1 = 0<span class='color_orange'>nullify</span>:void</span>; <span class='color_blue'>$irvar2 = _t$1<span class='color_orange'>initial</span>:void</span>; <span class='color_blue'>this = @f$0<span class='color_orange'>formal</span>:org.junit.tests.running.classes.ParameterizedTestTest*( sub )</span>; <span class='color_blue'>old_this = @f$0<span class='color_orange'>formal</span>:org.junit.tests.running.classes.ParameterizedTestTest*( sub )</span> ;
    <span class='color_blue'>_t$0|->{}<span class='color_orange'>alloc</span>:java.lang.UnsupportedOperationException</span>
    [footprint
       <span class='color_blue'>@f$2 = null</span>; <span class='color_blue'>0 != 1</span> *
       <span class='color_blue'>#GB<>$org.junit.tests.running.classes.ParameterizedTestTest$AssumptionInParametersMethod = {assumptionFails:@f$1<span class='color_orange'>rearrange:792</span>}<span class='color_orange'>rearrange:792</span>:org.junit.tests.running.classes.ParameterizedTestTest$AssumptionInParametersMethod( sub )</span>; <span class='color_blue'>this = @f$0<span class='color_orange'>formal</span>:org.junit.tests.running.classes.ParameterizedTestTest*( sub )</span>  ]</span>
    
    Instruction <span class='color_green'>NULLIFY(&amp;$irvar2); [line 798]</span>
    in vpath_find exp:_t$0
    vpath_find: cannot find _t$0
    in vpath_find exp:_t$2
    vpath_find: cannot find _t$2
    Instruction Returns
    PROP 1 of 1:
    <span class='color_blue'><span class='color_blue'>@f$2 = null</span> ;
    <span class='color_blue'>0 != 1</span>; <span class='color_blue'>MEMne &lt; int Result.getAssumptionFailureCount():795 &gt; <span class='color_orange'>{vpath: }</span>(_t$0)</span>; <span class='color_red'>MEMna &lt; new[]:793 &gt; <span class='color_orange'>{vpath: }</span>(_t$1)</span>; <span class='color_blue'>UND &lt; Result JUnitCore.runClasses(Computer,Class[]) &gt; :53(_t$2)</span>; <span class='color_blue'>RET &lt; int Result.getAssumptionFailureCount() &gt; (_t$3)</span>; <span class='color_blue'>RET &lt; boolean Result.wasSuccessful() &gt; (1)</span> ;
    <span class='color_blue'>result = 0<span class='color_orange'>nullify</span>:org.junit.runner.Result*</span>; <span class='color_blue'>$irvar3 = 0<span class='color_orange'>nullify</span>:void</span>; <span class='color_blue'>#GB<>$org.junit.tests.running.classes.ParameterizedTestTest$AssumptionInParametersMethod = {assumptionFails:0<span class='color_orange'>update:792</span>}<span class='color_orange'>rearrange:792</span>:org.junit.tests.running.classes.ParameterizedTestTest$AssumptionInParametersMethod( sub )</span>; <span class='color_blue'>$irvar4 = 0<span class='color_orange'>nullify</span>:void</span>; <span class='color_blue'>$irvar0 = 0<span class='color_orange'>nullify</span>:void</span>; <span class='color_blue'>return = EXN _t$0<span class='color_orange'>update:795</span>:void</span>; <span class='color_blue'>$irvar1 = 0<span class='color_orange'>nullify</span>:void</span>; <span class='color_blue'>$irvar2 = <span class='color_red'>0<span class='color_orange'>nullify</span></span>:void</span>; <span class='color_blue'>this = @f$0<span class='color_orange'>formal</span>:org.junit.tests.running.classes.ParameterizedTestTest*( sub )</span>; <span class='color_blue'>old_this = @f$0<span class='color_orange'>formal</span>:org.junit.tests.running.classes.ParameterizedTestTest*( sub )</span> ;
    <span class='color_blue'>_t$0|->{}<span class='color_orange'>alloc</span>:java.lang.UnsupportedOperationException</span>
    [footprint
       <span class='color_blue'>@f$2 = null</span>; <span class='color_blue'>0 != 1</span> *
       <span class='color_blue'>#GB<>$org.junit.tests.running.classes.ParameterizedTestTest$AssumptionInParametersMethod = {assumptionFails:@f$1<span class='color_orange'>rearrange:792</span>}<span class='color_orange'>rearrange:792</span>:org.junit.tests.running.classes.ParameterizedTestTest$AssumptionInParametersMethod( sub )</span>; <span class='color_blue'>this = @f$0<span class='color_orange'>formal</span>:org.junit.tests.running.classes.ParameterizedTestTest*( sub )</span>  ]</span>
    
    Instruction <span class='color_green'>EXIT_SCOPE(result,$irvar3,$irvar4,$irvar0,$irvar1,$irvar2); [line 798]</span>
    in vpath_find exp:_t$0
    vpath_find: cannot find _t$0
    in vpath_find exp:_t$1
    vpath_find: cannot find _t$1
    Instruction Returns
    PROP 1 of 1:
    <span class='color_blue'><span class='color_blue'>@f$2 = null</span> ;
    <span class='color_blue'>0 != 1</span>; <span class='color_blue'>MEMne &lt; int Result.getAssumptionFailureCount():795 &gt; <span class='color_orange'>{vpath: }</span>(_t$0)</span>; <span class='color_blue'>MEMna &lt; new[]:793 &gt; <span class='color_orange'>{vpath: }</span>(_t$1)</span>; <span class='color_blue'>UND &lt; Result JUnitCore.runClasses(Computer,Class[]) &gt; :53(_t$2)</span>; <span class='color_blue'>RET &lt; int Result.getAssumptionFailureCount() &gt; (_t$3)</span>; <span class='color_blue'>RET &lt; boolean Result.wasSuccessful() &gt; (1)</span> ;
    <span class='color_blue'>result = 0<span class='color_orange'>nullify</span>:org.junit.runner.Result*</span>; <span class='color_blue'>$irvar3 = 0<span class='color_orange'>nullify</span>:void</span>; <span class='color_blue'>#GB<>$org.junit.tests.running.classes.ParameterizedTestTest$AssumptionInParametersMethod = {assumptionFails:0<span class='color_orange'>update:792</span>}<span class='color_orange'>rearrange:792</span>:org.junit.tests.running.classes.ParameterizedTestTest$AssumptionInParametersMethod( sub )</span>; <span class='color_blue'>$irvar4 = 0<span class='color_orange'>nullify</span>:void</span>; <span class='color_blue'>$irvar0 = 0<span class='color_orange'>nullify</span>:void</span>; <span class='color_blue'>return = EXN _t$0<span class='color_orange'>update:795</span>:void</span>; <span class='color_blue'>$irvar1 = 0<span class='color_orange'>nullify</span>:void</span>; <span class='color_blue'>$irvar2 = 0<span class='color_orange'>nullify</span>:void</span>; <span class='color_blue'>this = @f$0<span class='color_orange'>formal</span>:org.junit.tests.running.classes.ParameterizedTestTest*( sub )</span>; <span class='color_blue'>old_this = @f$0<span class='color_orange'>formal</span>:org.junit.tests.running.classes.ParameterizedTestTest*( sub )</span> ;
    <span class='color_blue'>_t$0|->{}<span class='color_orange'>alloc</span>:java.lang.UnsupportedOperationException</span>
    [footprint
       <span class='color_blue'>@f$2 = null</span>; <span class='color_blue'>0 != 1</span> *
       <span class='color_blue'>#GB<>$org.junit.tests.running.classes.ParameterizedTestTest$AssumptionInParametersMethod = {assumptionFails:@f$1<span class='color_orange'>rearrange:792</span>}<span class='color_orange'>rearrange:792</span>:org.junit.tests.running.classes.ParameterizedTestTest$AssumptionInParametersMethod( sub )</span>; <span class='color_blue'>this = @f$0<span class='color_orange'>formal</span>:org.junit.tests.running.classes.ParameterizedTestTest*( sub )</span>  ]</span>
    
    Instruction <span class='color_green'>APPLY_ABSTRACTION; [line 798]</span>
    in vpath_find exp:_t$0
    vpath_find: cannot find _t$0
    in vpath_find exp:_t$1
    vpath_find: cannot find _t$1
    Prover.check_inconsistency_base: inconsistency reason [None]
    Prover.check_inconsistency_base: inconsistency reason [None]
    Can't find field assumptionFails in StrexpMatch.find
    Can't find field assumptionFails in StrexpMatch.find
    <span class='color_blue'>MEMne &lt; int Result.getAssumptionFailureCount():795 &gt; <span class='color_orange'>{vpath: }</span>(_t$0) ;
    result = 0<span class='color_orange'>nullify</span>:org.junit.runner.Result*; $irvar3 = 0<span class='color_orange'>nullify</span>:void; #GB<>$org.junit.tests.running.classes.ParameterizedTestTest$AssumptionInParametersMethod = {assumptionFails:0<span class='color_orange'>update:792</span>}<span class='color_orange'>rearrange:792</span>:org.junit.tests.running.classes.ParameterizedTestTest$AssumptionInParametersMethod( sub ); $irvar4 = 0<span class='color_orange'>nullify</span>:void; $irvar0 = 0<span class='color_orange'>nullify</span>:void; return = EXN _t$0<span class='color_orange'>update:795</span>:void; $irvar1 = 0<span class='color_orange'>nullify</span>:void; $irvar2 = 0<span class='color_orange'>nullify</span>:void; this = @f$0<span class='color_orange'>formal</span>:org.junit.tests.running.classes.ParameterizedTestTest*( sub ); old_this = @f$0<span class='color_orange'>formal</span>:org.junit.tests.running.classes.ParameterizedTestTest*( sub ) ;
    _t$0|->{}<span class='color_orange'>alloc</span>:java.lang.UnsupportedOperationException
    [footprint
       #GB<>$org.junit.tests.running.classes.ParameterizedTestTest$AssumptionInParametersMethod = {assumptionFails:@f$1<span class='color_orange'>rearrange:792</span>}<span class='color_orange'>rearrange:792</span>:org.junit.tests.running.classes.ParameterizedTestTest$AssumptionInParametersMethod( sub ); this = @f$0<span class='color_orange'>formal</span>:org.junit.tests.running.classes.ParameterizedTestTest*( sub )  ]</span>
    Instruction Returns
    PROP 1 of 1:
    <span class='color_blue'><span class='color_blue'>MEMne &lt; int Result.getAssumptionFailureCount():795 &gt; <span class='color_orange'>{vpath: }</span>(_t$0)</span> ;
    <span class='color_blue'>result = 0<span class='color_orange'>nullify</span>:org.junit.runner.Result*</span>; <span class='color_blue'>$irvar3 = 0<span class='color_orange'>nullify</span>:void</span>; <span class='color_blue'>#GB<>$org.junit.tests.running.classes.ParameterizedTestTest$AssumptionInParametersMethod = {assumptionFails:0<span class='color_orange'>update:792</span>}<span class='color_orange'>rearrange:792</span>:org.junit.tests.running.classes.ParameterizedTestTest$AssumptionInParametersMethod( sub )</span>; <span class='color_blue'>$irvar4 = 0<span class='color_orange'>nullify</span>:void</span>; <span class='color_blue'>$irvar0 = 0<span class='color_orange'>nullify</span>:void</span>; <span class='color_blue'>return = EXN _t$0<span class='color_orange'>update:795</span>:void</span>; <span class='color_blue'>$irvar1 = 0<span class='color_orange'>nullify</span>:void</span>; <span class='color_blue'>$irvar2 = 0<span class='color_orange'>nullify</span>:void</span>; <span class='color_blue'>this = @f$0<span class='color_orange'>formal</span>:org.junit.tests.running.classes.ParameterizedTestTest*( sub )</span>; <span class='color_blue'>old_this = @f$0<span class='color_orange'>formal</span>:org.junit.tests.running.classes.ParameterizedTestTest*( sub )</span> ;
    <span class='color_blue'>_t$0|->{}<span class='color_orange'>alloc</span>:java.lang.UnsupportedOperationException</span>
    [footprint
       <span class='color_blue'>#GB<>$org.junit.tests.running.classes.ParameterizedTestTest$AssumptionInParametersMethod = {assumptionFails:@f$1<span class='color_orange'>rearrange:792</span>}<span class='color_orange'>rearrange:792</span>:org.junit.tests.running.classes.ParameterizedTestTest$AssumptionInParametersMethod( sub )</span>; <span class='color_blue'>this = @f$0<span class='color_orange'>formal</span>:org.junit.tests.running.classes.ParameterizedTestTest*( sub )</span>  ]</span>
    
    .... After Symbolic Execution ....
    PROP 1 of 1:
    <span class='color_blue'><span class='color_blue'>MEMne &lt; int Result.getAssumptionFailureCount():795 &gt; <span class='color_orange'>{vpath: }</span>(_t$0)</span> ;
    <span class='color_blue'>result = <span class='color_red'>0<span class='color_orange'>nullify</span></span>:org.junit.runner.Result*</span>; <span class='color_blue'>$irvar3 = <span class='color_red'>0<span class='color_orange'>nullify</span></span>:void</span>; <span class='color_blue'>#GB<>$org.junit.tests.running.classes.ParameterizedTestTest$AssumptionInParametersMethod = {assumptionFails:0<span class='color_orange'>update:792</span>}<span class='color_orange'>rearrange:792</span>:org.junit.tests.running.classes.ParameterizedTestTest$AssumptionInParametersMethod( sub )</span>; <span class='color_blue'>$irvar4 = <span class='color_red'>0<span class='color_orange'>nullify</span></span>:void</span>; <span class='color_blue'>$irvar0 = 0<span class='color_orange'>nullify</span>:void</span>; <span class='color_blue'>return = EXN _t$0<span class='color_orange'>update:795</span>:void</span>; <span class='color_blue'>$irvar1 = 0<span class='color_orange'>nullify</span>:void</span>; <span class='color_blue'>$irvar2 = <span class='color_red'>0<span class='color_orange'>nullify</span></span>:void</span>; <span class='color_blue'>this = <span class='color_red'>@f$0<span class='color_orange'>formal</span></span>:org.junit.tests.running.classes.ParameterizedTestTest*( sub )</span>; <span class='color_blue'>old_this = <span class='color_red'>@f$0<span class='color_orange'>formal</span></span>:org.junit.tests.running.classes.ParameterizedTestTest*( sub )</span> ;
    <span class='color_blue'>_t$0|->{}<span class='color_orange'>alloc</span>:java.lang.UnsupportedOperationException</span>
    [footprint
       <span class='color_blue'>#GB<>$org.junit.tests.running.classes.ParameterizedTestTest$AssumptionInParametersMethod = {assumptionFails:<span class='color_red'>@f$1<span class='color_orange'>rearrange:792</span></span>}<span class='color_orange'>rearrange:792</span>:org.junit.tests.running.classes.ParameterizedTestTest$AssumptionInParametersMethod( sub )</span>; <span class='color_blue'>this = <span class='color_red'>@f$0<span class='color_orange'>formal</span></span>:org.junit.tests.running.classes.ParameterizedTestTest*( sub )</span>  ]</span>
    
    
    
  Processing prop 3/3
    Instruction <span class='color_green'>NULLIFY(&amp;result); [line 798]</span>
    in vpath_find exp:_t$0
    vpath_find: cannot find _t$0
    in vpath_find exp:_t$5
    vpath_find: cannot find _t$5
    .... Prop with garbage in normal part ....
      PROP:
      <span class='color_blue'>MEMne &lt; void Assert.assertTrue(boolean):794 &gt; <span class='color_orange'>{vpath: }</span>(_t$0); MEMna &lt; new[]:793 &gt; <span class='color_orange'>{vpath: }</span>(_t$5); UND &lt; Result JUnitCore.runClasses(Computer,Class[]) &gt; :53(_t$1); RET &lt; boolean Result.wasSuccessful() &gt; (0) ;
      result = 0<span class='color_orange'>nullify</span>:org.junit.runner.Result*; $irvar3 = _t$2<span class='color_orange'>initial</span>:void; #GB<>$org.junit.tests.running.classes.ParameterizedTestTest$AssumptionInParametersMethod = {assumptionFails:0<span class='color_orange'>update:792</span>}<span class='color_orange'>rearrange:792</span>:org.junit.tests.running.classes.ParameterizedTestTest$AssumptionInParametersMethod( sub ); $irvar4 = _t$3<span class='color_orange'>initial</span>:void; $irvar0 = 0<span class='color_orange'>nullify</span>:void; return = EXN _t$0<span class='color_orange'>update:794</span>:void; $irvar1 = 0<span class='color_orange'>nullify</span>:void; $irvar2 = _t$4<span class='color_orange'>initial</span>:void; this = @f$1<span class='color_orange'>formal</span>:org.junit.tests.running.classes.ParameterizedTestTest*( sub ); old_this = @f$1<span class='color_orange'>formal</span>:org.junit.tests.running.classes.ParameterizedTestTest*( sub ) ;
      _t$1|->{failures:@f$0<span class='color_orange'>formal(z)</span>}<span class='color_orange'>formal(z)</span>:org.junit.runner.Result( sub ); _t$0|->{}<span class='color_orange'>alloc</span>:java.lang.AssertionError; @f$0|->{}<span class='color_orange'>formal(z)</span>:java.util.concurrent.CopyOnWriteArrayList( sub )
      [footprint
         #GB<>$org.junit.tests.running.classes.ParameterizedTestTest$AssumptionInParametersMethod = {assumptionFails:@f$2<span class='color_orange'>rearrange:792</span>}<span class='color_orange'>rearrange:792</span>:org.junit.tests.running.classes.ParameterizedTestTest$AssumptionInParametersMethod( sub ); this = @f$1<span class='color_orange'>formal</span>:org.junit.tests.running.classes.ParameterizedTestTest*( sub )  ]</span>
      PREDICATE:
      _t$1|->{failures:@f$0<span class='color_orange'>formal(z)</span>}<span class='color_orange'>formal(z)</span>:org.junit.runner.Result( sub )
      UNDEF
      explain_leak: current instruction is Nullify for pvar &amp;result
    exp_lv_dexp: program var &amp;result
    .... Prop with garbage in normal part ....
      PROP:
      <span class='color_blue'>MEMne &lt; void Assert.assertTrue(boolean):794 &gt; <span class='color_orange'>{vpath: }</span>(_t$0); MEMna &lt; new[]:793 &gt; <span class='color_orange'>{vpath: }</span>(_t$5); UND &lt; Result JUnitCore.runClasses(Computer,Class[]) &gt; :53(_t$1); RET &lt; boolean Result.wasSuccessful() &gt; (0) ;
      result = 0<span class='color_orange'>nullify</span>:org.junit.runner.Result*; $irvar3 = _t$2<span class='color_orange'>initial</span>:void; #GB<>$org.junit.tests.running.classes.ParameterizedTestTest$AssumptionInParametersMethod = {assumptionFails:0<span class='color_orange'>update:792</span>}<span class='color_orange'>rearrange:792</span>:org.junit.tests.running.classes.ParameterizedTestTest$AssumptionInParametersMethod( sub ); $irvar4 = _t$3<span class='color_orange'>initial</span>:void; $irvar0 = 0<span class='color_orange'>nullify</span>:void; return = EXN _t$0<span class='color_orange'>update:794</span>:void; $irvar1 = 0<span class='color_orange'>nullify</span>:void; $irvar2 = _t$4<span class='color_orange'>initial</span>:void; this = @f$1<span class='color_orange'>formal</span>:org.junit.tests.running.classes.ParameterizedTestTest*( sub ); old_this = @f$1<span class='color_orange'>formal</span>:org.junit.tests.running.classes.ParameterizedTestTest*( sub ) ;
      _t$1|->{failures:@f$0<span class='color_orange'>formal(z)</span>}<span class='color_orange'>formal(z)</span>:org.junit.runner.Result( sub ); _t$0|->{}<span class='color_orange'>alloc</span>:java.lang.AssertionError; @f$0|->{}<span class='color_orange'>formal(z)</span>:java.util.concurrent.CopyOnWriteArrayList( sub )
      [footprint
         #GB<>$org.junit.tests.running.classes.ParameterizedTestTest$AssumptionInParametersMethod = {assumptionFails:@f$2<span class='color_orange'>rearrange:792</span>}<span class='color_orange'>rearrange:792</span>:org.junit.tests.running.classes.ParameterizedTestTest$AssumptionInParametersMethod( sub ); this = @f$1<span class='color_orange'>formal</span>:org.junit.tests.running.classes.ParameterizedTestTest*( sub )  ]</span>
      PREDICATE:
      @f$0|->{}<span class='color_orange'>formal(z)</span>:java.util.concurrent.CopyOnWriteArrayList( sub )
      explain_leak: case not matched in instr <span class='color_green'>NULLIFY(&amp;result); [line 798]</span>
    Instruction Returns
    PROP 1 of 1:
    <span class='color_blue'><span class='color_blue'>MEMne &lt; void Assert.assertTrue(boolean):794 &gt; <span class='color_orange'>{vpath: }</span>(_t$0)</span>; <span class='color_red'>MEMna &lt; new[]:793 &gt; <span class='color_orange'>{vpath: }</span>(_t$4)</span>; <span class='color_blue'>UND &lt; Result JUnitCore.runClasses(Computer,Class[]) &gt; :53(_t$5)</span>; <span class='color_blue'>RET &lt; boolean Result.wasSuccessful() &gt; (0)</span> ;
    <span class='color_blue'>result = <span class='color_red'>0<span class='color_orange'>nullify</span></span>:org.junit.runner.Result*</span>; <span class='color_blue'>$irvar3 = <span class='color_red'>_t$1<span class='color_orange'>initial</span></span>:void</span>; <span class='color_blue'>#GB<>$org.junit.tests.running.classes.ParameterizedTestTest$AssumptionInParametersMethod = {assumptionFails:0<span class='color_orange'>update:792</span>}<span class='color_orange'>rearrange:792</span>:org.junit.tests.running.classes.ParameterizedTestTest$AssumptionInParametersMethod( sub )</span>; <span class='color_blue'>$irvar4 = <span class='color_red'>_t$2<span class='color_orange'>initial</span></span>:void</span>; <span class='color_blue'>$irvar0 = 0<span class='color_orange'>nullify</span>:void</span>; <span class='color_blue'>return = EXN _t$0<span class='color_orange'>update:794</span>:void</span>; <span class='color_blue'>$irvar1 = 0<span class='color_orange'>nullify</span>:void</span>; <span class='color_blue'>$irvar2 = <span class='color_red'>_t$3<span class='color_orange'>initial</span></span>:void</span>; <span class='color_blue'>this = <span class='color_red'>@f$0<span class='color_orange'>formal</span></span>:org.junit.tests.running.classes.ParameterizedTestTest*( sub )</span>; <span class='color_blue'>old_this = <span class='color_red'>@f$0<span class='color_orange'>formal</span></span>:org.junit.tests.running.classes.ParameterizedTestTest*( sub )</span> ;
    <span class='color_blue'>_t$0|->{}<span class='color_orange'>alloc</span>:java.lang.AssertionError</span>
    [footprint
       <span class='color_blue'>#GB<>$org.junit.tests.running.classes.ParameterizedTestTest$AssumptionInParametersMethod = {assumptionFails:<span class='color_red'>@f$1<span class='color_orange'>rearrange:792</span></span>}<span class='color_orange'>rearrange:792</span>:org.junit.tests.running.classes.ParameterizedTestTest$AssumptionInParametersMethod( sub )</span>; <span class='color_blue'>this = <span class='color_red'>@f$0<span class='color_orange'>formal</span></span>:org.junit.tests.running.classes.ParameterizedTestTest*( sub )</span>  ]</span>
    
    Instruction <span class='color_green'>NULLIFY(&amp;$irvar3); [line 798]</span>
    in vpath_find exp:_t$0
    vpath_find: cannot find _t$0
    in vpath_find exp:_t$4
    vpath_find: cannot find _t$4
    Instruction Returns
    PROP 1 of 1:
    <span class='color_blue'><span class='color_blue'>MEMne &lt; void Assert.assertTrue(boolean):794 &gt; <span class='color_orange'>{vpath: }</span>(_t$0)</span>; <span class='color_red'>MEMna &lt; new[]:793 &gt; <span class='color_orange'>{vpath: }</span>(_t$3)</span>; <span class='color_blue'>UND &lt; Result JUnitCore.runClasses(Computer,Class[]) &gt; :53(_t$4)</span>; <span class='color_blue'>RET &lt; boolean Result.wasSuccessful() &gt; (0)</span> ;
    <span class='color_blue'>result = 0<span class='color_orange'>nullify</span>:org.junit.runner.Result*</span>; <span class='color_blue'>$irvar3 = <span class='color_red'>0<span class='color_orange'>nullify</span></span>:void</span>; <span class='color_blue'>#GB<>$org.junit.tests.running.classes.ParameterizedTestTest$AssumptionInParametersMethod = {assumptionFails:0<span class='color_orange'>update:792</span>}<span class='color_orange'>rearrange:792</span>:org.junit.tests.running.classes.ParameterizedTestTest$AssumptionInParametersMethod( sub )</span>; <span class='color_blue'>$irvar4 = <span class='color_red'>_t$1<span class='color_orange'>initial</span></span>:void</span>; <span class='color_blue'>$irvar0 = 0<span class='color_orange'>nullify</span>:void</span>; <span class='color_blue'>return = EXN _t$0<span class='color_orange'>update:794</span>:void</span>; <span class='color_blue'>$irvar1 = 0<span class='color_orange'>nullify</span>:void</span>; <span class='color_blue'>$irvar2 = <span class='color_red'>_t$2<span class='color_orange'>initial</span></span>:void</span>; <span class='color_blue'>this = @f$0<span class='color_orange'>formal</span>:org.junit.tests.running.classes.ParameterizedTestTest*( sub )</span>; <span class='color_blue'>old_this = @f$0<span class='color_orange'>formal</span>:org.junit.tests.running.classes.ParameterizedTestTest*( sub )</span> ;
    <span class='color_blue'>_t$0|->{}<span class='color_orange'>alloc</span>:java.lang.AssertionError</span>
    [footprint
       <span class='color_blue'>#GB<>$org.junit.tests.running.classes.ParameterizedTestTest$AssumptionInParametersMethod = {assumptionFails:@f$1<span class='color_orange'>rearrange:792</span>}<span class='color_orange'>rearrange:792</span>:org.junit.tests.running.classes.ParameterizedTestTest$AssumptionInParametersMethod( sub )</span>; <span class='color_blue'>this = @f$0<span class='color_orange'>formal</span>:org.junit.tests.running.classes.ParameterizedTestTest*( sub )</span>  ]</span>
    
    Instruction <span class='color_green'>NULLIFY(&amp;$irvar4); [line 798]</span>
    in vpath_find exp:_t$0
    vpath_find: cannot find _t$0
    in vpath_find exp:_t$3
    vpath_find: cannot find _t$3
    Instruction Returns
    PROP 1 of 1:
    <span class='color_blue'><span class='color_blue'>MEMne &lt; void Assert.assertTrue(boolean):794 &gt; <span class='color_orange'>{vpath: }</span>(_t$0)</span>; <span class='color_red'>MEMna &lt; new[]:793 &gt; <span class='color_orange'>{vpath: }</span>(_t$2)</span>; <span class='color_blue'>UND &lt; Result JUnitCore.runClasses(Computer,Class[]) &gt; :53(_t$3)</span>; <span class='color_blue'>RET &lt; boolean Result.wasSuccessful() &gt; (0)</span> ;
    <span class='color_blue'>result = 0<span class='color_orange'>nullify</span>:org.junit.runner.Result*</span>; <span class='color_blue'>$irvar3 = 0<span class='color_orange'>nullify</span>:void</span>; <span class='color_blue'>#GB<>$org.junit.tests.running.classes.ParameterizedTestTest$AssumptionInParametersMethod = {assumptionFails:0<span class='color_orange'>update:792</span>}<span class='color_orange'>rearrange:792</span>:org.junit.tests.running.classes.ParameterizedTestTest$AssumptionInParametersMethod( sub )</span>; <span class='color_blue'>$irvar4 = <span class='color_red'>0<span class='color_orange'>nullify</span></span>:void</span>; <span class='color_blue'>$irvar0 = 0<span class='color_orange'>nullify</span>:void</span>; <span class='color_blue'>return = EXN _t$0<span class='color_orange'>update:794</span>:void</span>; <span class='color_blue'>$irvar1 = 0<span class='color_orange'>nullify</span>:void</span>; <span class='color_blue'>$irvar2 = <span class='color_red'>_t$1<span class='color_orange'>initial</span></span>:void</span>; <span class='color_blue'>this = @f$0<span class='color_orange'>formal</span>:org.junit.tests.running.classes.ParameterizedTestTest*( sub )</span>; <span class='color_blue'>old_this = @f$0<span class='color_orange'>formal</span>:org.junit.tests.running.classes.ParameterizedTestTest*( sub )</span> ;
    <span class='color_blue'>_t$0|->{}<span class='color_orange'>alloc</span>:java.lang.AssertionError</span>
    [footprint
       <span class='color_blue'>#GB<>$org.junit.tests.running.classes.ParameterizedTestTest$AssumptionInParametersMethod = {assumptionFails:@f$1<span class='color_orange'>rearrange:792</span>}<span class='color_orange'>rearrange:792</span>:org.junit.tests.running.classes.ParameterizedTestTest$AssumptionInParametersMethod( sub )</span>; <span class='color_blue'>this = @f$0<span class='color_orange'>formal</span>:org.junit.tests.running.classes.ParameterizedTestTest*( sub )</span>  ]</span>
    
    Instruction <span class='color_green'>NULLIFY(&amp;$irvar0); [line 798]</span>
    in vpath_find exp:_t$0
    vpath_find: cannot find _t$0
    in vpath_find exp:_t$2
    vpath_find: cannot find _t$2
    Instruction Returns
    PROP 1 of 1:
    <span class='color_blue'><span class='color_blue'>MEMne &lt; void Assert.assertTrue(boolean):794 &gt; <span class='color_orange'>{vpath: }</span>(_t$0)</span>; <span class='color_blue'>MEMna &lt; new[]:793 &gt; <span class='color_orange'>{vpath: }</span>(_t$2)</span>; <span class='color_blue'>UND &lt; Result JUnitCore.runClasses(Computer,Class[]) &gt; :53(_t$3)</span>; <span class='color_blue'>RET &lt; boolean Result.wasSuccessful() &gt; (0)</span> ;
    <span class='color_blue'>result = 0<span class='color_orange'>nullify</span>:org.junit.runner.Result*</span>; <span class='color_blue'>$irvar3 = 0<span class='color_orange'>nullify</span>:void</span>; <span class='color_blue'>#GB<>$org.junit.tests.running.classes.ParameterizedTestTest$AssumptionInParametersMethod = {assumptionFails:0<span class='color_orange'>update:792</span>}<span class='color_orange'>rearrange:792</span>:org.junit.tests.running.classes.ParameterizedTestTest$AssumptionInParametersMethod( sub )</span>; <span class='color_blue'>$irvar4 = 0<span class='color_orange'>nullify</span>:void</span>; <span class='color_blue'>$irvar0 = 0<span class='color_orange'>nullify</span>:void</span>; <span class='color_blue'>return = EXN _t$0<span class='color_orange'>update:794</span>:void</span>; <span class='color_blue'>$irvar1 = 0<span class='color_orange'>nullify</span>:void</span>; <span class='color_blue'>$irvar2 = _t$1<span class='color_orange'>initial</span>:void</span>; <span class='color_blue'>this = @f$0<span class='color_orange'>formal</span>:org.junit.tests.running.classes.ParameterizedTestTest*( sub )</span>; <span class='color_blue'>old_this = @f$0<span class='color_orange'>formal</span>:org.junit.tests.running.classes.ParameterizedTestTest*( sub )</span> ;
    <span class='color_blue'>_t$0|->{}<span class='color_orange'>alloc</span>:java.lang.AssertionError</span>
    [footprint
       <span class='color_blue'>#GB<>$org.junit.tests.running.classes.ParameterizedTestTest$AssumptionInParametersMethod = {assumptionFails:@f$1<span class='color_orange'>rearrange:792</span>}<span class='color_orange'>rearrange:792</span>:org.junit.tests.running.classes.ParameterizedTestTest$AssumptionInParametersMethod( sub )</span>; <span class='color_blue'>this = @f$0<span class='color_orange'>formal</span>:org.junit.tests.running.classes.ParameterizedTestTest*( sub )</span>  ]</span>
    
    Instruction <span class='color_green'>NULLIFY(&amp;$irvar1); [line 798]</span>
    in vpath_find exp:_t$0
    vpath_find: cannot find _t$0
    in vpath_find exp:_t$2
    vpath_find: cannot find _t$2
    Instruction Returns
    PROP 1 of 1:
    <span class='color_blue'><span class='color_blue'>MEMne &lt; void Assert.assertTrue(boolean):794 &gt; <span class='color_orange'>{vpath: }</span>(_t$0)</span>; <span class='color_blue'>MEMna &lt; new[]:793 &gt; <span class='color_orange'>{vpath: }</span>(_t$2)</span>; <span class='color_blue'>UND &lt; Result JUnitCore.runClasses(Computer,Class[]) &gt; :53(_t$3)</span>; <span class='color_blue'>RET &lt; boolean Result.wasSuccessful() &gt; (0)</span> ;
    <span class='color_blue'>result = 0<span class='color_orange'>nullify</span>:org.junit.runner.Result*</span>; <span class='color_blue'>$irvar3 = 0<span class='color_orange'>nullify</span>:void</span>; <span class='color_blue'>#GB<>$org.junit.tests.running.classes.ParameterizedTestTest$AssumptionInParametersMethod = {assumptionFails:0<span class='color_orange'>update:792</span>}<span class='color_orange'>rearrange:792</span>:org.junit.tests.running.classes.ParameterizedTestTest$AssumptionInParametersMethod( sub )</span>; <span class='color_blue'>$irvar4 = 0<span class='color_orange'>nullify</span>:void</span>; <span class='color_blue'>$irvar0 = 0<span class='color_orange'>nullify</span>:void</span>; <span class='color_blue'>return = EXN _t$0<span class='color_orange'>update:794</span>:void</span>; <span class='color_blue'>$irvar1 = 0<span class='color_orange'>nullify</span>:void</span>; <span class='color_blue'>$irvar2 = _t$1<span class='color_orange'>initial</span>:void</span>; <span class='color_blue'>this = @f$0<span class='color_orange'>formal</span>:org.junit.tests.running.classes.ParameterizedTestTest*( sub )</span>; <span class='color_blue'>old_this = @f$0<span class='color_orange'>formal</span>:org.junit.tests.running.classes.ParameterizedTestTest*( sub )</span> ;
    <span class='color_blue'>_t$0|->{}<span class='color_orange'>alloc</span>:java.lang.AssertionError</span>
    [footprint
       <span class='color_blue'>#GB<>$org.junit.tests.running.classes.ParameterizedTestTest$AssumptionInParametersMethod = {assumptionFails:@f$1<span class='color_orange'>rearrange:792</span>}<span class='color_orange'>rearrange:792</span>:org.junit.tests.running.classes.ParameterizedTestTest$AssumptionInParametersMethod( sub )</span>; <span class='color_blue'>this = @f$0<span class='color_orange'>formal</span>:org.junit.tests.running.classes.ParameterizedTestTest*( sub )</span>  ]</span>
    
    Instruction <span class='color_green'>NULLIFY(&amp;$irvar2); [line 798]</span>
    in vpath_find exp:_t$0
    vpath_find: cannot find _t$0
    in vpath_find exp:_t$2
    vpath_find: cannot find _t$2
    Instruction Returns
    PROP 1 of 1:
    <span class='color_blue'><span class='color_blue'>MEMne &lt; void Assert.assertTrue(boolean):794 &gt; <span class='color_orange'>{vpath: }</span>(_t$0)</span>; <span class='color_red'>MEMna &lt; new[]:793 &gt; <span class='color_orange'>{vpath: }</span>(_t$1)</span>; <span class='color_blue'>UND &lt; Result JUnitCore.runClasses(Computer,Class[]) &gt; :53(_t$2)</span>; <span class='color_blue'>RET &lt; boolean Result.wasSuccessful() &gt; (0)</span> ;
    <span class='color_blue'>result = 0<span class='color_orange'>nullify</span>:org.junit.runner.Result*</span>; <span class='color_blue'>$irvar3 = 0<span class='color_orange'>nullify</span>:void</span>; <span class='color_blue'>#GB<>$org.junit.tests.running.classes.ParameterizedTestTest$AssumptionInParametersMethod = {assumptionFails:0<span class='color_orange'>update:792</span>}<span class='color_orange'>rearrange:792</span>:org.junit.tests.running.classes.ParameterizedTestTest$AssumptionInParametersMethod( sub )</span>; <span class='color_blue'>$irvar4 = 0<span class='color_orange'>nullify</span>:void</span>; <span class='color_blue'>$irvar0 = 0<span class='color_orange'>nullify</span>:void</span>; <span class='color_blue'>return = EXN _t$0<span class='color_orange'>update:794</span>:void</span>; <span class='color_blue'>$irvar1 = 0<span class='color_orange'>nullify</span>:void</span>; <span class='color_blue'>$irvar2 = <span class='color_red'>0<span class='color_orange'>nullify</span></span>:void</span>; <span class='color_blue'>this = @f$0<span class='color_orange'>formal</span>:org.junit.tests.running.classes.ParameterizedTestTest*( sub )</span>; <span class='color_blue'>old_this = @f$0<span class='color_orange'>formal</span>:org.junit.tests.running.classes.ParameterizedTestTest*( sub )</span> ;
    <span class='color_blue'>_t$0|->{}<span class='color_orange'>alloc</span>:java.lang.AssertionError</span>
    [footprint
       <span class='color_blue'>#GB<>$org.junit.tests.running.classes.ParameterizedTestTest$AssumptionInParametersMethod = {assumptionFails:@f$1<span class='color_orange'>rearrange:792</span>}<span class='color_orange'>rearrange:792</span>:org.junit.tests.running.classes.ParameterizedTestTest$AssumptionInParametersMethod( sub )</span>; <span class='color_blue'>this = @f$0<span class='color_orange'>formal</span>:org.junit.tests.running.classes.ParameterizedTestTest*( sub )</span>  ]</span>
    
    Instruction <span class='color_green'>EXIT_SCOPE(result,$irvar3,$irvar4,$irvar0,$irvar1,$irvar2); [line 798]</span>
    in vpath_find exp:_t$0
    vpath_find: cannot find _t$0
    in vpath_find exp:_t$1
    vpath_find: cannot find _t$1
    Instruction Returns
    PROP 1 of 1:
    <span class='color_blue'><span class='color_blue'>MEMne &lt; void Assert.assertTrue(boolean):794 &gt; <span class='color_orange'>{vpath: }</span>(_t$0)</span>; <span class='color_blue'>MEMna &lt; new[]:793 &gt; <span class='color_orange'>{vpath: }</span>(_t$1)</span>; <span class='color_blue'>UND &lt; Result JUnitCore.runClasses(Computer,Class[]) &gt; :53(_t$2)</span>; <span class='color_blue'>RET &lt; boolean Result.wasSuccessful() &gt; (0)</span> ;
    <span class='color_blue'>result = 0<span class='color_orange'>nullify</span>:org.junit.runner.Result*</span>; <span class='color_blue'>$irvar3 = 0<span class='color_orange'>nullify</span>:void</span>; <span class='color_blue'>#GB<>$org.junit.tests.running.classes.ParameterizedTestTest$AssumptionInParametersMethod = {assumptionFails:0<span class='color_orange'>update:792</span>}<span class='color_orange'>rearrange:792</span>:org.junit.tests.running.classes.ParameterizedTestTest$AssumptionInParametersMethod( sub )</span>; <span class='color_blue'>$irvar4 = 0<span class='color_orange'>nullify</span>:void</span>; <span class='color_blue'>$irvar0 = 0<span class='color_orange'>nullify</span>:void</span>; <span class='color_blue'>return = EXN _t$0<span class='color_orange'>update:794</span>:void</span>; <span class='color_blue'>$irvar1 = 0<span class='color_orange'>nullify</span>:void</span>; <span class='color_blue'>$irvar2 = 0<span class='color_orange'>nullify</span>:void</span>; <span class='color_blue'>this = @f$0<span class='color_orange'>formal</span>:org.junit.tests.running.classes.ParameterizedTestTest*( sub )</span>; <span class='color_blue'>old_this = @f$0<span class='color_orange'>formal</span>:org.junit.tests.running.classes.ParameterizedTestTest*( sub )</span> ;
    <span class='color_blue'>_t$0|->{}<span class='color_orange'>alloc</span>:java.lang.AssertionError</span>
    [footprint
       <span class='color_blue'>#GB<>$org.junit.tests.running.classes.ParameterizedTestTest$AssumptionInParametersMethod = {assumptionFails:@f$1<span class='color_orange'>rearrange:792</span>}<span class='color_orange'>rearrange:792</span>:org.junit.tests.running.classes.ParameterizedTestTest$AssumptionInParametersMethod( sub )</span>; <span class='color_blue'>this = @f$0<span class='color_orange'>formal</span>:org.junit.tests.running.classes.ParameterizedTestTest*( sub )</span>  ]</span>
    
    Instruction <span class='color_green'>APPLY_ABSTRACTION; [line 798]</span>
    in vpath_find exp:_t$0
    vpath_find: cannot find _t$0
    in vpath_find exp:_t$1
    vpath_find: cannot find _t$1
    Prover.check_inconsistency_base: inconsistency reason [None]
    Prover.check_inconsistency_base: inconsistency reason [None]
    Can't find field assumptionFails in StrexpMatch.find
    Can't find field assumptionFails in StrexpMatch.find
    <span class='color_blue'>MEMne &lt; void Assert.assertTrue(boolean):794 &gt; <span class='color_orange'>{vpath: }</span>(_t$0) ;
    result = 0<span class='color_orange'>nullify</span>:org.junit.runner.Result*; $irvar3 = 0<span class='color_orange'>nullify</span>:void; #GB<>$org.junit.tests.running.classes.ParameterizedTestTest$AssumptionInParametersMethod = {assumptionFails:0<span class='color_orange'>update:792</span>}<span class='color_orange'>rearrange:792</span>:org.junit.tests.running.classes.ParameterizedTestTest$AssumptionInParametersMethod( sub ); $irvar4 = 0<span class='color_orange'>nullify</span>:void; $irvar0 = 0<span class='color_orange'>nullify</span>:void; return = EXN _t$0<span class='color_orange'>update:794</span>:void; $irvar1 = 0<span class='color_orange'>nullify</span>:void; $irvar2 = 0<span class='color_orange'>nullify</span>:void; this = @f$0<span class='color_orange'>formal</span>:org.junit.tests.running.classes.ParameterizedTestTest*( sub ); old_this = @f$0<span class='color_orange'>formal</span>:org.junit.tests.running.classes.ParameterizedTestTest*( sub ) ;
    _t$0|->{}<span class='color_orange'>alloc</span>:java.lang.AssertionError
    [footprint
       #GB<>$org.junit.tests.running.classes.ParameterizedTestTest$AssumptionInParametersMethod = {assumptionFails:@f$1<span class='color_orange'>rearrange:792</span>}<span class='color_orange'>rearrange:792</span>:org.junit.tests.running.classes.ParameterizedTestTest$AssumptionInParametersMethod( sub ); this = @f$0<span class='color_orange'>formal</span>:org.junit.tests.running.classes.ParameterizedTestTest*( sub )  ]</span>
    Instruction Returns
    PROP 1 of 1:
    <span class='color_blue'><span class='color_blue'>MEMne &lt; void Assert.assertTrue(boolean):794 &gt; <span class='color_orange'>{vpath: }</span>(_t$0)</span> ;
    <span class='color_blue'>result = 0<span class='color_orange'>nullify</span>:org.junit.runner.Result*</span>; <span class='color_blue'>$irvar3 = 0<span class='color_orange'>nullify</span>:void</span>; <span class='color_blue'>#GB<>$org.junit.tests.running.classes.ParameterizedTestTest$AssumptionInParametersMethod = {assumptionFails:0<span class='color_orange'>update:792</span>}<span class='color_orange'>rearrange:792</span>:org.junit.tests.running.classes.ParameterizedTestTest$AssumptionInParametersMethod( sub )</span>; <span class='color_blue'>$irvar4 = 0<span class='color_orange'>nullify</span>:void</span>; <span class='color_blue'>$irvar0 = 0<span class='color_orange'>nullify</span>:void</span>; <span class='color_blue'>return = EXN _t$0<span class='color_orange'>update:794</span>:void</span>; <span class='color_blue'>$irvar1 = 0<span class='color_orange'>nullify</span>:void</span>; <span class='color_blue'>$irvar2 = 0<span class='color_orange'>nullify</span>:void</span>; <span class='color_blue'>this = @f$0<span class='color_orange'>formal</span>:org.junit.tests.running.classes.ParameterizedTestTest*( sub )</span>; <span class='color_blue'>old_this = @f$0<span class='color_orange'>formal</span>:org.junit.tests.running.classes.ParameterizedTestTest*( sub )</span> ;
    <span class='color_blue'>_t$0|->{}<span class='color_orange'>alloc</span>:java.lang.AssertionError</span>
    [footprint
       <span class='color_blue'>#GB<>$org.junit.tests.running.classes.ParameterizedTestTest$AssumptionInParametersMethod = {assumptionFails:@f$1<span class='color_orange'>rearrange:792</span>}<span class='color_orange'>rearrange:792</span>:org.junit.tests.running.classes.ParameterizedTestTest$AssumptionInParametersMethod( sub )</span>; <span class='color_blue'>this = @f$0<span class='color_orange'>formal</span>:org.junit.tests.running.classes.ParameterizedTestTest*( sub )</span>  ]</span>
    
    .... After Symbolic Execution ....
    PROP 1 of 1:
    <span class='color_blue'><span class='color_blue'>MEMne &lt; void Assert.assertTrue(boolean):794 &gt; <span class='color_orange'>{vpath: }</span>(_t$0)</span> ;
    <span class='color_blue'>result = <span class='color_red'>0<span class='color_orange'>nullify</span></span>:org.junit.runner.Result*</span>; <span class='color_blue'>$irvar3 = <span class='color_red'>0<span class='color_orange'>nullify</span></span>:void</span>; <span class='color_blue'>#GB<>$org.junit.tests.running.classes.ParameterizedTestTest$AssumptionInParametersMethod = {assumptionFails:0<span class='color_orange'>update:792</span>}<span class='color_orange'>rearrange:792</span>:org.junit.tests.running.classes.ParameterizedTestTest$AssumptionInParametersMethod( sub )</span>; <span class='color_blue'>$irvar4 = <span class='color_red'>0<span class='color_orange'>nullify</span></span>:void</span>; <span class='color_blue'>$irvar0 = 0<span class='color_orange'>nullify</span>:void</span>; <span class='color_blue'>return = EXN _t$0<span class='color_orange'>update:794</span>:void</span>; <span class='color_blue'>$irvar1 = 0<span class='color_orange'>nullify</span>:void</span>; <span class='color_blue'>$irvar2 = <span class='color_red'>0<span class='color_orange'>nullify</span></span>:void</span>; <span class='color_blue'>this = <span class='color_red'>@f$0<span class='color_orange'>formal</span></span>:org.junit.tests.running.classes.ParameterizedTestTest*( sub )</span>; <span class='color_blue'>old_this = <span class='color_red'>@f$0<span class='color_orange'>formal</span></span>:org.junit.tests.running.classes.ParameterizedTestTest*( sub )</span> ;
    <span class='color_blue'>_t$0|->{}<span class='color_orange'>alloc</span>:java.lang.AssertionError</span>
    [footprint
       <span class='color_blue'>#GB<>$org.junit.tests.running.classes.ParameterizedTestTest$AssumptionInParametersMethod = {assumptionFails:<span class='color_red'>@f$1<span class='color_orange'>rearrange:792</span></span>}<span class='color_orange'>rearrange:792</span>:org.junit.tests.running.classes.ParameterizedTestTest$AssumptionInParametersMethod( sub )</span>; <span class='color_blue'>this = <span class='color_red'>@f$0<span class='color_orange'>formal</span></span>:org.junit.tests.running.classes.ParameterizedTestTest*( sub )</span>  ]</span>
    
    
    
  </LISTING>