<!DOCTYPE HTML PUBLIC "-//W3C//DTD HTML 4.01 Transitional//EN">
<html>
<head>
<title>org.junit.tests.running.classes.ParameterizedTestTest.failureOnInitialization():void.787a9606de8f715d36fe0aceeb30c685_node8</title>
<meta http-equiv="Content-Type" content="text/html; charset=utf-8">
<style type="text/css">
body { background-color:#fff; color:#000; font-family:Helvetica, sans-serif; font-size:10pt }
h1 { font-size:14pt }
.code { border-collapse:collapse; width:100%; font-family: "Andale Mono", monospace; font-size:10pt; line-height: 1.2em }
.color_black { color: black }
.color_blue { color: blue }
.color_green { color: green }
.color_orange { color: orange }
.color_red { color: red }
.line { border-left: 3px solid #ccc; padding-left: 1ex; white-space: pre; }
.msg { background-color:#fff8b4; color:#000; float:left; font-family:Helvetica, sans-serif; font-size: smaller; font-weight: bold; margin-bottom:10px; margin-top:10px; max-width:60em; padding:0.5em 1ex 0.5em 1ex; -webkit-border-radius:5px; -webkit-box-shadow:1px 1px 7px #000; white-space: pre-wrap; word-wrap: break-word; }
.num { background-color:#eee; color:#444; font-size: smaller; padding-right:2ex; text-align:right; width:2.5em; }
.dangling { background-color:white; color: gray; }
.visited { background-color:LemonChiffon; color: darkmagenta; }
.tooltip { display: none; background-color:#FFF0F0; border: 2px solid #F00; font-weight: normal; left:10em; padding: 2px; position: absolute; top: -1em; -webkit-border-radius:5px; -webkit-box-shadow:1px 1px 7px #000; z-index: 1}
.with_tooltip { position: relative; }
.with_tooltip:hover .tooltip, .visited:hover .tooltip { display: block; }
</style>
</head>
<body>
<center><h1>Cfg Node <a href="./../../ParameterizedTestTest.java.88da44e98279dfa32c0c7e5c52f053d0.html#LINE195">8</a></h1></center>PROC: <a href="./../org.junit.tests.running.classes.ParameterizedTestTest.failureOnInitialization%28%29%3Avoid.787a9606de8f715d36fe0aceeb30c685.html">void ParameterizedTestTest.failureOnInitialization()</a> LINE: <a href="./../../ParameterizedTestTest.java.88da44e98279dfa32c0c7e5c52f053d0.html#LINE195">195</a>
<br>PREDS:
<a href="./../nodes/org.junit.tests.running.classes.ParameterizedTestTest.failureOnInitialization%28%29%3Avoid.787a9606de8f715d36fe0aceeb30c685_node7.html"><span class='visited with_tooltip'>N_7<span class='tooltip'>node7 preds:6 succs:8 exn:3 </span></span></a><br>SUCCS:
<a href="./../nodes/org.junit.tests.running.classes.ParameterizedTestTest.failureOnInitialization%28%29%3Avoid.787a9606de8f715d36fe0aceeb30c685_node9.html"><span class='visited with_tooltip'>N_9<span class='tooltip'>node9 preds:8 succs:10 exn:3 </span></span></a><br>EXN:
<a href="./../nodes/org.junit.tests.running.classes.ParameterizedTestTest.failureOnInitialization%28%29%3Avoid.787a9606de8f715d36fe0aceeb30c685_node3.html"><span class='visited with_tooltip'>N_3<span class='tooltip'>node3 preds: succs:2 exn:2 </span></span></a><br>
<LISTING class='color_green'>n$7=*&amp;$irvar1:int [line 195];
n$8=_fun_void Assert.assertEquals(long,long)(1:long,(long)n$7:long) [line 195];
</LISTING>
<hr width="100%">
<a name="session22" href="./../nodes/org.junit.tests.running.classes.ParameterizedTestTest.failureOnInitialization%28%29%3Avoid.787a9606de8f715d36fe0aceeb30c685_node8.html#session22">node8#session22</a>(<a href="./../../ParameterizedTestTest.java.88da44e98279dfa32c0c7e5c52f053d0.html#LINE195">195</a>) [compute pre] liveness 8
<LISTING class='color_black'>JOIN

LEFT:   normal:{ result }, exn:{ }
RIGHT:  normal:{ }, exn:{ }
RESULT: normal:{ result }, exn:{ }

</LISTING>
<hr width="100%">
<a name="session23" href="./../nodes/org.junit.tests.running.classes.ParameterizedTestTest.failureOnInitialization%28%29%3Avoid.787a9606de8f715d36fe0aceeb30c685_node8.html#session23">node8#session23</a>(<a href="./../../ParameterizedTestTest.java.88da44e98279dfa32c0c7e5c52f053d0.html#LINE195">195</a>) [exec] liveness 8
<LISTING class='color_black'>PRE STATE:
normal:{ result }, exn:{ }

INSTR=  n$8=_fun_void Assert.assertEquals(long,long)(1:long,(long)n$7:long) [line 195]; 

STATE:
normal:{ n$7, result }, exn:{ }

INSTR=  n$7=*&amp;$irvar1:int [line 195]; 

STATE:
normal:{ result, $irvar1 }, exn:{ }

</LISTING>
<hr width="100%">
<a name="session43" href="./../nodes/org.junit.tests.running.classes.ParameterizedTestTest.failureOnInitialization%28%29%3Avoid.787a9606de8f715d36fe0aceeb30c685_node8.html#session43">node8#session43</a>(<a href="./../../ParameterizedTestTest.java.88da44e98279dfa32c0c7e5c52f053d0.html#LINE195">195</a>) [compute pre] nullify
<LISTING class='color_black'></LISTING>
<hr width="100%">
<a name="session44" href="./../nodes/org.junit.tests.running.classes.ParameterizedTestTest.failureOnInitialization%28%29%3Avoid.787a9606de8f715d36fe0aceeb30c685_node8.html#session44">node8#session44</a>(<a href="./../../ParameterizedTestTest.java.88da44e98279dfa32c0c7e5c52f053d0.html#LINE195">195</a>) [exec] nullify
<LISTING class='color_black'>PRE STATE:
(normal:{ result, $irvar1 }, exn:{ },normal:{ _, n$4, n$6 }, exn:{ })

INSTR=  n$7=*&amp;$irvar1:int [line 195]; 

STATE:
(normal:{ n$7, result, $irvar1 }, exn:{ },normal:{ _, n$4, n$6 }, exn:{ })

INSTR=  n$8=_fun_void Assert.assertEquals(long,long)(1:long,(long)n$7:long) [line 195]; 

STATE:
(normal:{ result }, exn:{ },normal:{ n$7, n$8, $irvar1 }, exn:{ })

</LISTING>
<hr width="100%">
<a name="session76" href="./../nodes/org.junit.tests.running.classes.ParameterizedTestTest.failureOnInitialization%28%29%3Avoid.787a9606de8f715d36fe0aceeb30c685_node8.html#session76">node8#session76</a>(<a href="./../../ParameterizedTestTest.java.88da44e98279dfa32c0c7e5c52f053d0.html#LINE195">195</a>) [compute pre] devirtualizer analysis 8
<LISTING class='color_black'></LISTING>
<hr width="100%">
<a name="session77" href="./../nodes/org.junit.tests.running.classes.ParameterizedTestTest.failureOnInitialization%28%29%3Avoid.787a9606de8f715d36fe0aceeb30c685_node8.html#session77">node8#session77</a>(<a href="./../../ParameterizedTestTest.java.88da44e98279dfa32c0c7e5c52f053d0.html#LINE195">195</a>) [exec] devirtualizer analysis 8
<LISTING class='color_black'>PRE STATE:
{ }

INSTR=  n$7=*&amp;$irvar1:int [line 195]; 

STATE UNCHANGED

INSTR=  n$8=_fun_void Assert.assertEquals(long,long)(1:long,(long)n$7:long) [line 195]; 

STATE UNCHANGED

INSTR=  NULLIFY(&amp;$irvar1); [line 195]; 

STATE UNCHANGED

INSTR=  EXIT_SCOPE(n$7,n$8,$irvar1); [line 195]; 

STATE UNCHANGED

</LISTING>
<hr width="100%">
<a name="session143" href="./../nodes/org.junit.tests.running.classes.ParameterizedTestTest.failureOnInitialization%28%29%3Avoid.787a9606de8f715d36fe0aceeb30c685_node8.html#session143">node8#session143</a>(<a href="./../../ParameterizedTestTest.java.88da44e98279dfa32c0c7e5c52f053d0.html#LINE195">195</a>) [exec] devirtualizer
<LISTING class='color_black'></LISTING>
<hr width="100%">
<a name="session144" href="./../nodes/org.junit.tests.running.classes.ParameterizedTestTest.failureOnInitialization%28%29%3Avoid.787a9606de8f715d36fe0aceeb30c685_node8.html#session144">node8#session144</a>(<a href="./../../ParameterizedTestTest.java.88da44e98279dfa32c0c7e5c52f053d0.html#LINE195">195</a>) [exec] devirtualizer
<LISTING class='color_black'></LISTING>
<hr width="100%">
<a name="session145" href="./../nodes/org.junit.tests.running.classes.ParameterizedTestTest.failureOnInitialization%28%29%3Avoid.787a9606de8f715d36fe0aceeb30c685_node8.html#session145">node8#session145</a>(<a href="./../../ParameterizedTestTest.java.88da44e98279dfa32c0c7e5c52f053d0.html#LINE195">195</a>) [exec] devirtualizer
<LISTING class='color_black'></LISTING>
<hr width="100%">
<a name="session146" href="./../nodes/org.junit.tests.running.classes.ParameterizedTestTest.failureOnInitialization%28%29%3Avoid.787a9606de8f715d36fe0aceeb30c685_node8.html#session146">node8#session146</a>(<a href="./../../ParameterizedTestTest.java.88da44e98279dfa32c0c7e5c52f053d0.html#LINE195">195</a>) [exec] devirtualizer
<LISTING class='color_black'></LISTING>
<hr width="100%">
<a name="session10" href="./../nodes/org.junit.tests.running.classes.ParameterizedTestTest.failureOnInitialization%28%29%3Avoid.787a9606de8f715d36fe0aceeb30c685_node8.html#session10">node8#session10</a>(<a href="./../../ParameterizedTestTest.java.88da44e98279dfa32c0c7e5c52f053d0.html#LINE195">195</a>) [compute pre] starvation
<LISTING class='color_black'></LISTING>
<hr width="100%">
<a name="session11" href="./../nodes/org.junit.tests.running.classes.ParameterizedTestTest.failureOnInitialization%28%29%3Avoid.787a9606de8f715d36fe0aceeb30c685_node8.html#session11">node8#session11</a>(<a href="./../../ParameterizedTestTest.java.88da44e98279dfa32c0c7e5c52f053d0.html#LINE195">195</a>) [exec] starvation
<LISTING class='color_black'>PRE STATE:
{guard_map= { }; lock_state= {map= { }; acquisitions= { }};
 critical_pairs= { }; attributes= { }; thread= UnknownThread;
 scheduled_work= { }; var_state= { }}

INSTR=  n$7=*&amp;$irvar1:int [line 195]; 

STATE:
{guard_map= { }; lock_state= {map= { }; acquisitions= { }};
 critical_pairs= { }; attributes= { }; thread= UnknownThread;
 scheduled_work= { }; var_state= { n$7 -&gt; $irvar1 }}

INSTR=  n$8=_fun_void Assert.assertEquals(long,long)(1:long,(long)n$7:long) [line 195]; 

STATE:
{guard_map= { }; lock_state= {map= { }; acquisitions= { }};
 critical_pairs= { }; attributes= { }; thread= UnknownThread;
 scheduled_work= { }; var_state= { n$7 -&gt; $irvar1 }}

INSTR=  NULLIFY(&amp;$irvar1); [line 195]; 

STATE UNCHANGED

INSTR=  EXIT_SCOPE(n$7,n$8,$irvar1); [line 195]; 

STATE:
{guard_map= { }; lock_state= {map= { }; acquisitions= { }};
 critical_pairs= { }; attributes= { }; thread= UnknownThread;
 scheduled_work= { }; var_state= { }}

</LISTING>
<hr width="100%">
<a name="session41" href="./../nodes/org.junit.tests.running.classes.ParameterizedTestTest.failureOnInitialization%28%29%3Avoid.787a9606de8f715d36fe0aceeb30c685_node8.html#session41">node8#session41</a>(<a href="./../../ParameterizedTestTest.java.88da44e98279dfa32c0c7e5c52f053d0.html#LINE195">195</a>) [compute pre] racerd
<LISTING class='color_black'></LISTING>
<hr width="100%">
<a name="session42" href="./../nodes/org.junit.tests.running.classes.ParameterizedTestTest.failureOnInitialization%28%29%3Avoid.787a9606de8f715d36fe0aceeb30c685_node8.html#session42">node8#session42</a>(<a href="./../../ParameterizedTestTest.java.88da44e98279dfa32c0c7e5c52f053d0.html#LINE195">195</a>) [exec] racerd
<LISTING class='color_black'>PRE STATE:
Threads: NoThread, Locks: 0 
Accesses { {elem= Access: Read of model.TestClass.FIELD_COMPARATOR Thread: NoThread Lock: false Pre: Unowned;
            loc= line 78;
            trace= { Result JUnitCore.runClasses(Class[]) at line 194,
                     Result JUnitCore.runClasses(Computer,Class[]) at line 53,
                     Result JUnitCore.run(Computer,Class[]) at line 66,
                     Request Request.classes(Computer,Class[]) at line 109,
                     Runner Computer.getSuite(RunnerBuilder,Class[]) at line 77,
                     Computer$2.&lt;init&gt;(Computer,RunnerBuilder,Class[]) at line 28,
                     Suite.&lt;init&gt;(RunnerBuilder,Class[]) at line 33,
                     Suite.&lt;init&gt;(Class,List) at line 81,
                     ParentRunner.&lt;init&gt;(Class) at line 112,
                     TestClass ParentRunner.createTestClass(Class) at line 91,
                     TestClass.&lt;init&gt;(Class) at line 111,
                     void TestClass.scanAnnotatedMembers(Map,Map) at line 57,
                     Field[] TestClass.getSortedDeclaredFields(Class) at line 70 }},
           {elem= Access: Read of lang.Void.TYPE Thread: NoThread Lock: false Pre: Unowned;
            loc= line 107;
            trace= { Result JUnitCore.runClasses(Class[]) at line 194,
                     Result JUnitCore.runClasses(Computer,Class[]) at line 53,
                     Result JUnitCore.run(Computer,Class[]) at line 66,
                     Request Request.classes(Computer,Class[]) at line 109,
                     Runner Computer.getSuite(RunnerBuilder,Class[]) at line 77,
                     Computer$2.&lt;init&gt;(Computer,RunnerBuilder,Class[]) at line 28,
                     Suite.&lt;init&gt;(RunnerBuilder,Class[]) at line 33,
                     Suite.&lt;init&gt;(Class,List) at line 81,
                     ParentRunner.&lt;init&gt;(Class) at line 112,
                     void ParentRunner.validate() at line 92,
                     void ParentRunner.collectInitializationErrors(List) at line 523,
                     void ParentRunner.validatePublicVoidNoArgMethods(Class,boolean,List) at line 148,
                     void FrameworkMethod.validatePublicVoidNoArg(boolean,List) at line 178,
                     void FrameworkMethod.validatePublicVoid(boolean,List) at line 83 }},
           {elem= Access: Read of runners.ParentRunner.VALIDATORS Thread: NoThread Lock: false Pre: Unowned;
            loc= line 156;
            trace= { Result JUnitCore.runClasses(Class[]) at line 194,
                     Result JUnitCore.runClasses(Computer,Class[]) at line 53,
                     Result JUnitCore.run(Computer,Class[]) at line 66,
                     Request Request.classes(Computer,Class[]) at line 109,
                     Runner Computer.getSuite(RunnerBuilder,Class[]) at line 77,
                     Computer$2.&lt;init&gt;(Computer,RunnerBuilder,Class[]) at line 28,
                     Suite.&lt;init&gt;(RunnerBuilder,Class[]) at line 33,
                     Suite.&lt;init&gt;(Class,List) at line 81,
                     ParentRunner.&lt;init&gt;(Class) at line 112,
                     void ParentRunner.validate() at line 92,
                     void ParentRunner.collectInitializationErrors(List) at line 523,
                     void ParentRunner.applyValidators(List) at line 151 }},
           {elem= Access: Read of internal.MethodSorter.DEFAULT Thread: NoThread Lock: false Pre: Unowned;
            loc= line 67;
            trace= { Result JUnitCore.runClasses(Class[]) at line 194,
                     Result JUnitCore.runClasses(Computer,Class[]) at line 53,
                     Result JUnitCore.run(Computer,Class[]) at line 66,
                     Request Request.classes(Computer,Class[]) at line 109,
                     Runner Computer.getSuite(RunnerBuilder,Class[]) at line 77,
                     Computer$2.&lt;init&gt;(Computer,RunnerBuilder,Class[]) at line 28,
                     Suite.&lt;init&gt;(RunnerBuilder,Class[]) at line 33,
                     Suite.&lt;init&gt;(Class,List) at line 81,
                     ParentRunner.&lt;init&gt;(Class) at line 112,
                     TestClass ParentRunner.createTestClass(Class) at line 91,
                     TestClass.&lt;init&gt;(Class) at line 111,
                     void TestClass.scanAnnotatedMembers(Map,Map) at line 57,
                     Method[] MethodSorter.getDeclaredMethods(Class) at line 65,
                     Comparator MethodSorter.getSorter(FixMethodOrder) at line 52 }},
           {elem= Access: Read of rules.RuleMemberValidator.CLASS_RULE_METHOD_VALIDATOR Thread: NoThread Lock: false Pre: Unowned;
            loc= line 184;
            trace= { Result JUnitCore.runClasses(Class[]) at line 194,
                     Result JUnitCore.runClasses(Computer,Class[]) at line 53,
                     Result JUnitCore.run(Computer,Class[]) at line 66,
                     Request Request.classes(Computer,Class[]) at line 109,
                     Runner Computer.getSuite(RunnerBuilder,Class[]) at line 77,
                     Computer$2.&lt;init&gt;(Computer,RunnerBuilder,Class[]) at line 28,
                     Suite.&lt;init&gt;(RunnerBuilder,Class[]) at line 33,
                     Suite.&lt;init&gt;(Class,List) at line 81,
                     ParentRunner.&lt;init&gt;(Class) at line 112,
                     void ParentRunner.validate() at line 92,
                     void ParentRunner.collectInitializationErrors(List) at line 523,
                     void ParentRunner.validateClassRules(List) at line 150 }},
           {elem= Access: Read of rules.RuleMemberValidator.CLASS_RULE_VALIDATOR Thread: NoThread Lock: false Pre: Unowned;
            loc= line 183;
            trace= { Result JUnitCore.runClasses(Class[]) at line 194,
                     Result JUnitCore.runClasses(Computer,Class[]) at line 53,
                     Result JUnitCore.run(Computer,Class[]) at line 66,
                     Request Request.classes(Computer,Class[]) at line 109,
                     Runner Computer.getSuite(RunnerBuilder,Class[]) at line 77,
                     Computer$2.&lt;init&gt;(Computer,RunnerBuilder,Class[]) at line 28,
                     Suite.&lt;init&gt;(RunnerBuilder,Class[]) at line 33,
                     Suite.&lt;init&gt;(Class,List) at line 81,
                     ParentRunner.&lt;init&gt;(Class) at line 112,
                     void ParentRunner.validate() at line 92,
                     void ParentRunner.collectInitializationErrors(List) at line 523,
                     void ParentRunner.validateClassRules(List) at line 150 }},
           {elem= Access: Read of rules.RuleMemberValidator.CLASS_RULE_METHOD_VALIDATOR-&gt;annotation Thread: NoThread Lock: false Pre: Unowned;
            loc= line 89;
            trace= { Result JUnitCore.runClasses(Class[]) at line 194,
                     Result JUnitCore.runClasses(Computer,Class[]) at line 53,
                     Result JUnitCore.run(Computer,Class[]) at line 66,
                     Request Request.classes(Computer,Class[]) at line 109,
                     Runner Computer.getSuite(RunnerBuilder,Class[]) at line 77,
                     Computer$2.&lt;init&gt;(Computer,RunnerBuilder,Class[]) at line 28,
                     Suite.&lt;init&gt;(RunnerBuilder,Class[]) at line 33,
                     Suite.&lt;init&gt;(Class,List) at line 81,
                     ParentRunner.&lt;init&gt;(Class) at line 112,
                     void ParentRunner.validate() at line 92,
                     void ParentRunner.collectInitializationErrors(List) at line 523,
                     void ParentRunner.validateClassRules(List) at line 150,
                     void RuleMemberValidator.validate(TestClass,List) at line 184 }},
           {elem= Access: Read of rules.RuleMemberValidator.CLASS_RULE_METHOD_VALIDATOR-&gt;methods Thread: NoThread Lock: false Pre: Unowned;
            loc= line 89;
            trace= { Result JUnitCore.runClasses(Class[]) at line 194,
                     Result JUnitCore.runClasses(Computer,Class[]) at line 53,
                     Result JUnitCore.run(Computer,Class[]) at line 66,
                     Request Request.classes(Computer,Class[]) at line 109,
                     Runner Computer.getSuite(RunnerBuilder,Class[]) at line 77,
                     Computer$2.&lt;init&gt;(Computer,RunnerBuilder,Class[]) at line 28,
                     Suite.&lt;init&gt;(RunnerBuilder,Class[]) at line 33,
                     Suite.&lt;init&gt;(Class,List) at line 81,
                     ParentRunner.&lt;init&gt;(Class) at line 112,
                     void ParentRunner.validate() at line 92,
                     void ParentRunner.collectInitializationErrors(List) at line 523,
                     void ParentRunner.validateClassRules(List) at line 150,
                     void RuleMemberValidator.validate(TestClass,List) at line 184 }},
           {elem= Access: Read of rules.RuleMemberValidator.CLASS_RULE_METHOD_VALIDATOR-&gt;validatorStrategies Thread: NoThread Lock: false Pre: Unowned;
            loc= line 98;
            trace= { Result JUnitCore.runClasses(Class[]) at line 194,
                     Result JUnitCore.runClasses(Computer,Class[]) at line 53,
                     Result JUnitCore.run(Computer,Class[]) at line 66,
                     Request Request.classes(Computer,Class[]) at line 109,
                     Runner Computer.getSuite(RunnerBuilder,Class[]) at line 77,
                     Computer$2.&lt;init&gt;(Computer,RunnerBuilder,Class[]) at line 28,
                     Suite.&lt;init&gt;(RunnerBuilder,Class[]) at line 33,
                     Suite.&lt;init&gt;(Class,List) at line 81,
                     ParentRunner.&lt;init&gt;(Class) at line 112,
                     void ParentRunner.validate() at line 92,
                     void ParentRunner.collectInitializationErrors(List) at line 523,
                     void ParentRunner.validateClassRules(List) at line 150,
                     void RuleMemberValidator.validate(TestClass,List) at line 184,
                     void RuleMemberValidator.validateMember(FrameworkMember,List) at line 93 }},
           {elem= Access: Read of rules.RuleMemberValidator.CLASS_RULE_VALIDATOR-&gt;annotation Thread: NoThread Lock: false Pre: Unowned;
            loc= line 89;
            trace= { Result JUnitCore.runClasses(Class[]) at line 194,
                     Result JUnitCore.runClasses(Computer,Class[]) at line 53,
                     Result JUnitCore.run(Computer,Class[]) at line 66,
                     Request Request.classes(Computer,Class[]) at line 109,
                     Runner Computer.getSuite(RunnerBuilder,Class[]) at line 77,
                     Computer$2.&lt;init&gt;(Computer,RunnerBuilder,Class[]) at line 28,
                     Suite.&lt;init&gt;(RunnerBuilder,Class[]) at line 33,
                     Suite.&lt;init&gt;(Class,List) at line 81,
                     ParentRunner.&lt;init&gt;(Class) at line 112,
                     void ParentRunner.validate() at line 92,
                     void ParentRunner.collectInitializationErrors(List) at line 523,
                     void ParentRunner.validateClassRules(List) at line 150,
                     void RuleMemberValidator.validate(TestClass,List) at line 183 }},
           {elem= Access: Read of rules.RuleMemberValidator.CLASS_RULE_VALIDATOR-&gt;methods Thread: NoThread Lock: false Pre: Unowned;
            loc= line 89;
            trace= { Result JUnitCore.runClasses(Class[]) at line 194,
                     Result JUnitCore.runClasses(Computer,Class[]) at line 53,
                     Result JUnitCore.run(Computer,Class[]) at line 66,
                     Request Request.classes(Computer,Class[]) at line 109,
                     Runner Computer.getSuite(RunnerBuilder,Class[]) at line 77,
                     Computer$2.&lt;init&gt;(Computer,RunnerBuilder,Class[]) at line 28,
                     Suite.&lt;init&gt;(RunnerBuilder,Class[]) at line 33,
                     Suite.&lt;init&gt;(Class,List) at line 81,
                     ParentRunner.&lt;init&gt;(Class) at line 112,
                     void ParentRunner.validate() at line 92,
                     void ParentRunner.collectInitializationErrors(List) at line 523,
                     void ParentRunner.validateClassRules(List) at line 150,
                     void RuleMemberValidator.validate(TestClass,List) at line 183 }},
           {elem= Access: Read of rules.RuleMemberValidator.CLASS_RULE_VALIDATOR-&gt;validatorStrategies Thread: NoThread Lock: false Pre: Unowned;
            loc= line 98;
            trace= { Result JUnitCore.runClasses(Class[]) at line 194,
                     Result JUnitCore.runClasses(Computer,Class[]) at line 53,
                     Result JUnitCore.run(Computer,Class[]) at line 66,
                     Request Request.classes(Computer,Class[]) at line 109,
                     Runner Computer.getSuite(RunnerBuilder,Class[]) at line 77,
                     Computer$2.&lt;init&gt;(Computer,RunnerBuilder,Class[]) at line 28,
                     Suite.&lt;init&gt;(RunnerBuilder,Class[]) at line 33,
                     Suite.&lt;init&gt;(Class,List) at line 81,
                     ParentRunner.&lt;init&gt;(Class) at line 112,
                     void ParentRunner.validate() at line 92,
                     void ParentRunner.collectInitializationErrors(List) at line 523,
                     void ParentRunner.validateClassRules(List) at line 150,
                     void RuleMemberValidator.validate(TestClass,List) at line 183,
                     void RuleMemberValidator.validateMember(FrameworkMember,List) at line 93 }} } 
Ownership: { n$0 -&gt; Owned,
             n$3 -&gt; Owned,
             n$6 -&gt; Owned,
             result -&gt; Owned,
             this -&gt; OwnedIf{ 0 },
             *n$0[_] -&gt; Owned } 
Attributes: { *n$0[_] -&gt; Functional } 



INSTR=  n$8 := void Assert.assertEquals(long,long)({ 1, (long) n$6 }) [line 195]; 

STATE:
Threads: NoThread, Locks: 0 
Accesses { {elem= Access: Read of model.TestClass.FIELD_COMPARATOR Thread: NoThread Lock: false Pre: Unowned;
            loc= line 78;
            trace= { Result JUnitCore.runClasses(Class[]) at line 194,
                     Result JUnitCore.runClasses(Computer,Class[]) at line 53,
                     Result JUnitCore.run(Computer,Class[]) at line 66,
                     Request Request.classes(Computer,Class[]) at line 109,
                     Runner Computer.getSuite(RunnerBuilder,Class[]) at line 77,
                     Computer$2.&lt;init&gt;(Computer,RunnerBuilder,Class[]) at line 28,
                     Suite.&lt;init&gt;(RunnerBuilder,Class[]) at line 33,
                     Suite.&lt;init&gt;(Class,List) at line 81,
                     ParentRunner.&lt;init&gt;(Class) at line 112,
                     TestClass ParentRunner.createTestClass(Class) at line 91,
                     TestClass.&lt;init&gt;(Class) at line 111,
                     void TestClass.scanAnnotatedMembers(Map,Map) at line 57,
                     Field[] TestClass.getSortedDeclaredFields(Class) at line 70 }},
           {elem= Access: Read of lang.Void.TYPE Thread: NoThread Lock: false Pre: Unowned;
            loc= line 107;
            trace= { Result JUnitCore.runClasses(Class[]) at line 194,
                     Result JUnitCore.runClasses(Computer,Class[]) at line 53,
                     Result JUnitCore.run(Computer,Class[]) at line 66,
                     Request Request.classes(Computer,Class[]) at line 109,
                     Runner Computer.getSuite(RunnerBuilder,Class[]) at line 77,
                     Computer$2.&lt;init&gt;(Computer,RunnerBuilder,Class[]) at line 28,
                     Suite.&lt;init&gt;(RunnerBuilder,Class[]) at line 33,
                     Suite.&lt;init&gt;(Class,List) at line 81,
                     ParentRunner.&lt;init&gt;(Class) at line 112,
                     void ParentRunner.validate() at line 92,
                     void ParentRunner.collectInitializationErrors(List) at line 523,
                     void ParentRunner.validatePublicVoidNoArgMethods(Class,boolean,List) at line 148,
                     void FrameworkMethod.validatePublicVoidNoArg(boolean,List) at line 178,
                     void FrameworkMethod.validatePublicVoid(boolean,List) at line 83 }},
           {elem= Access: Read of runners.ParentRunner.VALIDATORS Thread: NoThread Lock: false Pre: Unowned;
            loc= line 156;
            trace= { Result JUnitCore.runClasses(Class[]) at line 194,
                     Result JUnitCore.runClasses(Computer,Class[]) at line 53,
                     Result JUnitCore.run(Computer,Class[]) at line 66,
                     Request Request.classes(Computer,Class[]) at line 109,
                     Runner Computer.getSuite(RunnerBuilder,Class[]) at line 77,
                     Computer$2.&lt;init&gt;(Computer,RunnerBuilder,Class[]) at line 28,
                     Suite.&lt;init&gt;(RunnerBuilder,Class[]) at line 33,
                     Suite.&lt;init&gt;(Class,List) at line 81,
                     ParentRunner.&lt;init&gt;(Class) at line 112,
                     void ParentRunner.validate() at line 92,
                     void ParentRunner.collectInitializationErrors(List) at line 523,
                     void ParentRunner.applyValidators(List) at line 151 }},
           {elem= Access: Read of internal.MethodSorter.DEFAULT Thread: NoThread Lock: false Pre: Unowned;
            loc= line 67;
            trace= { Result JUnitCore.runClasses(Class[]) at line 194,
                     Result JUnitCore.runClasses(Computer,Class[]) at line 53,
                     Result JUnitCore.run(Computer,Class[]) at line 66,
                     Request Request.classes(Computer,Class[]) at line 109,
                     Runner Computer.getSuite(RunnerBuilder,Class[]) at line 77,
                     Computer$2.&lt;init&gt;(Computer,RunnerBuilder,Class[]) at line 28,
                     Suite.&lt;init&gt;(RunnerBuilder,Class[]) at line 33,
                     Suite.&lt;init&gt;(Class,List) at line 81,
                     ParentRunner.&lt;init&gt;(Class) at line 112,
                     TestClass ParentRunner.createTestClass(Class) at line 91,
                     TestClass.&lt;init&gt;(Class) at line 111,
                     void TestClass.scanAnnotatedMembers(Map,Map) at line 57,
                     Method[] MethodSorter.getDeclaredMethods(Class) at line 65,
                     Comparator MethodSorter.getSorter(FixMethodOrder) at line 52 }},
           {elem= Access: Read of rules.RuleMemberValidator.CLASS_RULE_METHOD_VALIDATOR Thread: NoThread Lock: false Pre: Unowned;
            loc= line 184;
            trace= { Result JUnitCore.runClasses(Class[]) at line 194,
                     Result JUnitCore.runClasses(Computer,Class[]) at line 53,
                     Result JUnitCore.run(Computer,Class[]) at line 66,
                     Request Request.classes(Computer,Class[]) at line 109,
                     Runner Computer.getSuite(RunnerBuilder,Class[]) at line 77,
                     Computer$2.&lt;init&gt;(Computer,RunnerBuilder,Class[]) at line 28,
                     Suite.&lt;init&gt;(RunnerBuilder,Class[]) at line 33,
                     Suite.&lt;init&gt;(Class,List) at line 81,
                     ParentRunner.&lt;init&gt;(Class) at line 112,
                     void ParentRunner.validate() at line 92,
                     void ParentRunner.collectInitializationErrors(List) at line 523,
                     void ParentRunner.validateClassRules(List) at line 150 }},
           {elem= Access: Read of rules.RuleMemberValidator.CLASS_RULE_VALIDATOR Thread: NoThread Lock: false Pre: Unowned;
            loc= line 183;
            trace= { Result JUnitCore.runClasses(Class[]) at line 194,
                     Result JUnitCore.runClasses(Computer,Class[]) at line 53,
                     Result JUnitCore.run(Computer,Class[]) at line 66,
                     Request Request.classes(Computer,Class[]) at line 109,
                     Runner Computer.getSuite(RunnerBuilder,Class[]) at line 77,
                     Computer$2.&lt;init&gt;(Computer,RunnerBuilder,Class[]) at line 28,
                     Suite.&lt;init&gt;(RunnerBuilder,Class[]) at line 33,
                     Suite.&lt;init&gt;(Class,List) at line 81,
                     ParentRunner.&lt;init&gt;(Class) at line 112,
                     void ParentRunner.validate() at line 92,
                     void ParentRunner.collectInitializationErrors(List) at line 523,
                     void ParentRunner.validateClassRules(List) at line 150 }},
           {elem= Access: Read of rules.RuleMemberValidator.CLASS_RULE_METHOD_VALIDATOR-&gt;annotation Thread: NoThread Lock: false Pre: Unowned;
            loc= line 89;
            trace= { Result JUnitCore.runClasses(Class[]) at line 194,
                     Result JUnitCore.runClasses(Computer,Class[]) at line 53,
                     Result JUnitCore.run(Computer,Class[]) at line 66,
                     Request Request.classes(Computer,Class[]) at line 109,
                     Runner Computer.getSuite(RunnerBuilder,Class[]) at line 77,
                     Computer$2.&lt;init&gt;(Computer,RunnerBuilder,Class[]) at line 28,
                     Suite.&lt;init&gt;(RunnerBuilder,Class[]) at line 33,
                     Suite.&lt;init&gt;(Class,List) at line 81,
                     ParentRunner.&lt;init&gt;(Class) at line 112,
                     void ParentRunner.validate() at line 92,
                     void ParentRunner.collectInitializationErrors(List) at line 523,
                     void ParentRunner.validateClassRules(List) at line 150,
                     void RuleMemberValidator.validate(TestClass,List) at line 184 }},
           {elem= Access: Read of rules.RuleMemberValidator.CLASS_RULE_METHOD_VALIDATOR-&gt;methods Thread: NoThread Lock: false Pre: Unowned;
            loc= line 89;
            trace= { Result JUnitCore.runClasses(Class[]) at line 194,
                     Result JUnitCore.runClasses(Computer,Class[]) at line 53,
                     Result JUnitCore.run(Computer,Class[]) at line 66,
                     Request Request.classes(Computer,Class[]) at line 109,
                     Runner Computer.getSuite(RunnerBuilder,Class[]) at line 77,
                     Computer$2.&lt;init&gt;(Computer,RunnerBuilder,Class[]) at line 28,
                     Suite.&lt;init&gt;(RunnerBuilder,Class[]) at line 33,
                     Suite.&lt;init&gt;(Class,List) at line 81,
                     ParentRunner.&lt;init&gt;(Class) at line 112,
                     void ParentRunner.validate() at line 92,
                     void ParentRunner.collectInitializationErrors(List) at line 523,
                     void ParentRunner.validateClassRules(List) at line 150,
                     void RuleMemberValidator.validate(TestClass,List) at line 184 }},
           {elem= Access: Read of rules.RuleMemberValidator.CLASS_RULE_METHOD_VALIDATOR-&gt;validatorStrategies Thread: NoThread Lock: false Pre: Unowned;
            loc= line 98;
            trace= { Result JUnitCore.runClasses(Class[]) at line 194,
                     Result JUnitCore.runClasses(Computer,Class[]) at line 53,
                     Result JUnitCore.run(Computer,Class[]) at line 66,
                     Request Request.classes(Computer,Class[]) at line 109,
                     Runner Computer.getSuite(RunnerBuilder,Class[]) at line 77,
                     Computer$2.&lt;init&gt;(Computer,RunnerBuilder,Class[]) at line 28,
                     Suite.&lt;init&gt;(RunnerBuilder,Class[]) at line 33,
                     Suite.&lt;init&gt;(Class,List) at line 81,
                     ParentRunner.&lt;init&gt;(Class) at line 112,
                     void ParentRunner.validate() at line 92,
                     void ParentRunner.collectInitializationErrors(List) at line 523,
                     void ParentRunner.validateClassRules(List) at line 150,
                     void RuleMemberValidator.validate(TestClass,List) at line 184,
                     void RuleMemberValidator.validateMember(FrameworkMember,List) at line 93 }},
           {elem= Access: Read of rules.RuleMemberValidator.CLASS_RULE_VALIDATOR-&gt;annotation Thread: NoThread Lock: false Pre: Unowned;
            loc= line 89;
            trace= { Result JUnitCore.runClasses(Class[]) at line 194,
                     Result JUnitCore.runClasses(Computer,Class[]) at line 53,
                     Result JUnitCore.run(Computer,Class[]) at line 66,
                     Request Request.classes(Computer,Class[]) at line 109,
                     Runner Computer.getSuite(RunnerBuilder,Class[]) at line 77,
                     Computer$2.&lt;init&gt;(Computer,RunnerBuilder,Class[]) at line 28,
                     Suite.&lt;init&gt;(RunnerBuilder,Class[]) at line 33,
                     Suite.&lt;init&gt;(Class,List) at line 81,
                     ParentRunner.&lt;init&gt;(Class) at line 112,
                     void ParentRunner.validate() at line 92,
                     void ParentRunner.collectInitializationErrors(List) at line 523,
                     void ParentRunner.validateClassRules(List) at line 150,
                     void RuleMemberValidator.validate(TestClass,List) at line 183 }},
           {elem= Access: Read of rules.RuleMemberValidator.CLASS_RULE_VALIDATOR-&gt;methods Thread: NoThread Lock: false Pre: Unowned;
            loc= line 89;
            trace= { Result JUnitCore.runClasses(Class[]) at line 194,
                     Result JUnitCore.runClasses(Computer,Class[]) at line 53,
                     Result JUnitCore.run(Computer,Class[]) at line 66,
                     Request Request.classes(Computer,Class[]) at line 109,
                     Runner Computer.getSuite(RunnerBuilder,Class[]) at line 77,
                     Computer$2.&lt;init&gt;(Computer,RunnerBuilder,Class[]) at line 28,
                     Suite.&lt;init&gt;(RunnerBuilder,Class[]) at line 33,
                     Suite.&lt;init&gt;(Class,List) at line 81,
                     ParentRunner.&lt;init&gt;(Class) at line 112,
                     void ParentRunner.validate() at line 92,
                     void ParentRunner.collectInitializationErrors(List) at line 523,
                     void ParentRunner.validateClassRules(List) at line 150,
                     void RuleMemberValidator.validate(TestClass,List) at line 183 }},
           {elem= Access: Read of rules.RuleMemberValidator.CLASS_RULE_VALIDATOR-&gt;validatorStrategies Thread: NoThread Lock: false Pre: Unowned;
            loc= line 98;
            trace= { Result JUnitCore.runClasses(Class[]) at line 194,
                     Result JUnitCore.runClasses(Computer,Class[]) at line 53,
                     Result JUnitCore.run(Computer,Class[]) at line 66,
                     Request Request.classes(Computer,Class[]) at line 109,
                     Runner Computer.getSuite(RunnerBuilder,Class[]) at line 77,
                     Computer$2.&lt;init&gt;(Computer,RunnerBuilder,Class[]) at line 28,
                     Suite.&lt;init&gt;(RunnerBuilder,Class[]) at line 33,
                     Suite.&lt;init&gt;(Class,List) at line 81,
                     ParentRunner.&lt;init&gt;(Class) at line 112,
                     void ParentRunner.validate() at line 92,
                     void ParentRunner.collectInitializationErrors(List) at line 523,
                     void ParentRunner.validateClassRules(List) at line 150,
                     void RuleMemberValidator.validate(TestClass,List) at line 183,
                     void RuleMemberValidator.validateMember(FrameworkMember,List) at line 93 }} } 
Ownership: { n$0 -&gt; Owned,
             n$3 -&gt; Owned,
             n$6 -&gt; Owned,
             n$8 -&gt; Unowned,
             result -&gt; Owned,
             this -&gt; OwnedIf{ 0 },
             *n$0[_] -&gt; Owned } 
Attributes: { *n$0[_] -&gt; Functional } 


INSTR=  NULLIFY(&amp;$irvar1); [line 195]; 

STATE UNCHANGED

INSTR=  EXIT_SCOPE(n$8); [line 195]; 

STATE:
Threads: NoThread, Locks: 0 
Accesses { {elem= Access: Read of model.TestClass.FIELD_COMPARATOR Thread: NoThread Lock: false Pre: Unowned;
            loc= line 78;
            trace= { Result JUnitCore.runClasses(Class[]) at line 194,
                     Result JUnitCore.runClasses(Computer,Class[]) at line 53,
                     Result JUnitCore.run(Computer,Class[]) at line 66,
                     Request Request.classes(Computer,Class[]) at line 109,
                     Runner Computer.getSuite(RunnerBuilder,Class[]) at line 77,
                     Computer$2.&lt;init&gt;(Computer,RunnerBuilder,Class[]) at line 28,
                     Suite.&lt;init&gt;(RunnerBuilder,Class[]) at line 33,
                     Suite.&lt;init&gt;(Class,List) at line 81,
                     ParentRunner.&lt;init&gt;(Class) at line 112,
                     TestClass ParentRunner.createTestClass(Class) at line 91,
                     TestClass.&lt;init&gt;(Class) at line 111,
                     void TestClass.scanAnnotatedMembers(Map,Map) at line 57,
                     Field[] TestClass.getSortedDeclaredFields(Class) at line 70 }},
           {elem= Access: Read of lang.Void.TYPE Thread: NoThread Lock: false Pre: Unowned;
            loc= line 107;
            trace= { Result JUnitCore.runClasses(Class[]) at line 194,
                     Result JUnitCore.runClasses(Computer,Class[]) at line 53,
                     Result JUnitCore.run(Computer,Class[]) at line 66,
                     Request Request.classes(Computer,Class[]) at line 109,
                     Runner Computer.getSuite(RunnerBuilder,Class[]) at line 77,
                     Computer$2.&lt;init&gt;(Computer,RunnerBuilder,Class[]) at line 28,
                     Suite.&lt;init&gt;(RunnerBuilder,Class[]) at line 33,
                     Suite.&lt;init&gt;(Class,List) at line 81,
                     ParentRunner.&lt;init&gt;(Class) at line 112,
                     void ParentRunner.validate() at line 92,
                     void ParentRunner.collectInitializationErrors(List) at line 523,
                     void ParentRunner.validatePublicVoidNoArgMethods(Class,boolean,List) at line 148,
                     void FrameworkMethod.validatePublicVoidNoArg(boolean,List) at line 178,
                     void FrameworkMethod.validatePublicVoid(boolean,List) at line 83 }},
           {elem= Access: Read of runners.ParentRunner.VALIDATORS Thread: NoThread Lock: false Pre: Unowned;
            loc= line 156;
            trace= { Result JUnitCore.runClasses(Class[]) at line 194,
                     Result JUnitCore.runClasses(Computer,Class[]) at line 53,
                     Result JUnitCore.run(Computer,Class[]) at line 66,
                     Request Request.classes(Computer,Class[]) at line 109,
                     Runner Computer.getSuite(RunnerBuilder,Class[]) at line 77,
                     Computer$2.&lt;init&gt;(Computer,RunnerBuilder,Class[]) at line 28,
                     Suite.&lt;init&gt;(RunnerBuilder,Class[]) at line 33,
                     Suite.&lt;init&gt;(Class,List) at line 81,
                     ParentRunner.&lt;init&gt;(Class) at line 112,
                     void ParentRunner.validate() at line 92,
                     void ParentRunner.collectInitializationErrors(List) at line 523,
                     void ParentRunner.applyValidators(List) at line 151 }},
           {elem= Access: Read of internal.MethodSorter.DEFAULT Thread: NoThread Lock: false Pre: Unowned;
            loc= line 67;
            trace= { Result JUnitCore.runClasses(Class[]) at line 194,
                     Result JUnitCore.runClasses(Computer,Class[]) at line 53,
                     Result JUnitCore.run(Computer,Class[]) at line 66,
                     Request Request.classes(Computer,Class[]) at line 109,
                     Runner Computer.getSuite(RunnerBuilder,Class[]) at line 77,
                     Computer$2.&lt;init&gt;(Computer,RunnerBuilder,Class[]) at line 28,
                     Suite.&lt;init&gt;(RunnerBuilder,Class[]) at line 33,
                     Suite.&lt;init&gt;(Class,List) at line 81,
                     ParentRunner.&lt;init&gt;(Class) at line 112,
                     TestClass ParentRunner.createTestClass(Class) at line 91,
                     TestClass.&lt;init&gt;(Class) at line 111,
                     void TestClass.scanAnnotatedMembers(Map,Map) at line 57,
                     Method[] MethodSorter.getDeclaredMethods(Class) at line 65,
                     Comparator MethodSorter.getSorter(FixMethodOrder) at line 52 }},
           {elem= Access: Read of rules.RuleMemberValidator.CLASS_RULE_METHOD_VALIDATOR Thread: NoThread Lock: false Pre: Unowned;
            loc= line 184;
            trace= { Result JUnitCore.runClasses(Class[]) at line 194,
                     Result JUnitCore.runClasses(Computer,Class[]) at line 53,
                     Result JUnitCore.run(Computer,Class[]) at line 66,
                     Request Request.classes(Computer,Class[]) at line 109,
                     Runner Computer.getSuite(RunnerBuilder,Class[]) at line 77,
                     Computer$2.&lt;init&gt;(Computer,RunnerBuilder,Class[]) at line 28,
                     Suite.&lt;init&gt;(RunnerBuilder,Class[]) at line 33,
                     Suite.&lt;init&gt;(Class,List) at line 81,
                     ParentRunner.&lt;init&gt;(Class) at line 112,
                     void ParentRunner.validate() at line 92,
                     void ParentRunner.collectInitializationErrors(List) at line 523,
                     void ParentRunner.validateClassRules(List) at line 150 }},
           {elem= Access: Read of rules.RuleMemberValidator.CLASS_RULE_VALIDATOR Thread: NoThread Lock: false Pre: Unowned;
            loc= line 183;
            trace= { Result JUnitCore.runClasses(Class[]) at line 194,
                     Result JUnitCore.runClasses(Computer,Class[]) at line 53,
                     Result JUnitCore.run(Computer,Class[]) at line 66,
                     Request Request.classes(Computer,Class[]) at line 109,
                     Runner Computer.getSuite(RunnerBuilder,Class[]) at line 77,
                     Computer$2.&lt;init&gt;(Computer,RunnerBuilder,Class[]) at line 28,
                     Suite.&lt;init&gt;(RunnerBuilder,Class[]) at line 33,
                     Suite.&lt;init&gt;(Class,List) at line 81,
                     ParentRunner.&lt;init&gt;(Class) at line 112,
                     void ParentRunner.validate() at line 92,
                     void ParentRunner.collectInitializationErrors(List) at line 523,
                     void ParentRunner.validateClassRules(List) at line 150 }},
           {elem= Access: Read of rules.RuleMemberValidator.CLASS_RULE_METHOD_VALIDATOR-&gt;annotation Thread: NoThread Lock: false Pre: Unowned;
            loc= line 89;
            trace= { Result JUnitCore.runClasses(Class[]) at line 194,
                     Result JUnitCore.runClasses(Computer,Class[]) at line 53,
                     Result JUnitCore.run(Computer,Class[]) at line 66,
                     Request Request.classes(Computer,Class[]) at line 109,
                     Runner Computer.getSuite(RunnerBuilder,Class[]) at line 77,
                     Computer$2.&lt;init&gt;(Computer,RunnerBuilder,Class[]) at line 28,
                     Suite.&lt;init&gt;(RunnerBuilder,Class[]) at line 33,
                     Suite.&lt;init&gt;(Class,List) at line 81,
                     ParentRunner.&lt;init&gt;(Class) at line 112,
                     void ParentRunner.validate() at line 92,
                     void ParentRunner.collectInitializationErrors(List) at line 523,
                     void ParentRunner.validateClassRules(List) at line 150,
                     void RuleMemberValidator.validate(TestClass,List) at line 184 }},
           {elem= Access: Read of rules.RuleMemberValidator.CLASS_RULE_METHOD_VALIDATOR-&gt;methods Thread: NoThread Lock: false Pre: Unowned;
            loc= line 89;
            trace= { Result JUnitCore.runClasses(Class[]) at line 194,
                     Result JUnitCore.runClasses(Computer,Class[]) at line 53,
                     Result JUnitCore.run(Computer,Class[]) at line 66,
                     Request Request.classes(Computer,Class[]) at line 109,
                     Runner Computer.getSuite(RunnerBuilder,Class[]) at line 77,
                     Computer$2.&lt;init&gt;(Computer,RunnerBuilder,Class[]) at line 28,
                     Suite.&lt;init&gt;(RunnerBuilder,Class[]) at line 33,
                     Suite.&lt;init&gt;(Class,List) at line 81,
                     ParentRunner.&lt;init&gt;(Class) at line 112,
                     void ParentRunner.validate() at line 92,
                     void ParentRunner.collectInitializationErrors(List) at line 523,
                     void ParentRunner.validateClassRules(List) at line 150,
                     void RuleMemberValidator.validate(TestClass,List) at line 184 }},
           {elem= Access: Read of rules.RuleMemberValidator.CLASS_RULE_METHOD_VALIDATOR-&gt;validatorStrategies Thread: NoThread Lock: false Pre: Unowned;
            loc= line 98;
            trace= { Result JUnitCore.runClasses(Class[]) at line 194,
                     Result JUnitCore.runClasses(Computer,Class[]) at line 53,
                     Result JUnitCore.run(Computer,Class[]) at line 66,
                     Request Request.classes(Computer,Class[]) at line 109,
                     Runner Computer.getSuite(RunnerBuilder,Class[]) at line 77,
                     Computer$2.&lt;init&gt;(Computer,RunnerBuilder,Class[]) at line 28,
                     Suite.&lt;init&gt;(RunnerBuilder,Class[]) at line 33,
                     Suite.&lt;init&gt;(Class,List) at line 81,
                     ParentRunner.&lt;init&gt;(Class) at line 112,
                     void ParentRunner.validate() at line 92,
                     void ParentRunner.collectInitializationErrors(List) at line 523,
                     void ParentRunner.validateClassRules(List) at line 150,
                     void RuleMemberValidator.validate(TestClass,List) at line 184,
                     void RuleMemberValidator.validateMember(FrameworkMember,List) at line 93 }},
           {elem= Access: Read of rules.RuleMemberValidator.CLASS_RULE_VALIDATOR-&gt;annotation Thread: NoThread Lock: false Pre: Unowned;
            loc= line 89;
            trace= { Result JUnitCore.runClasses(Class[]) at line 194,
                     Result JUnitCore.runClasses(Computer,Class[]) at line 53,
                     Result JUnitCore.run(Computer,Class[]) at line 66,
                     Request Request.classes(Computer,Class[]) at line 109,
                     Runner Computer.getSuite(RunnerBuilder,Class[]) at line 77,
                     Computer$2.&lt;init&gt;(Computer,RunnerBuilder,Class[]) at line 28,
                     Suite.&lt;init&gt;(RunnerBuilder,Class[]) at line 33,
                     Suite.&lt;init&gt;(Class,List) at line 81,
                     ParentRunner.&lt;init&gt;(Class) at line 112,
                     void ParentRunner.validate() at line 92,
                     void ParentRunner.collectInitializationErrors(List) at line 523,
                     void ParentRunner.validateClassRules(List) at line 150,
                     void RuleMemberValidator.validate(TestClass,List) at line 183 }},
           {elem= Access: Read of rules.RuleMemberValidator.CLASS_RULE_VALIDATOR-&gt;methods Thread: NoThread Lock: false Pre: Unowned;
            loc= line 89;
            trace= { Result JUnitCore.runClasses(Class[]) at line 194,
                     Result JUnitCore.runClasses(Computer,Class[]) at line 53,
                     Result JUnitCore.run(Computer,Class[]) at line 66,
                     Request Request.classes(Computer,Class[]) at line 109,
                     Runner Computer.getSuite(RunnerBuilder,Class[]) at line 77,
                     Computer$2.&lt;init&gt;(Computer,RunnerBuilder,Class[]) at line 28,
                     Suite.&lt;init&gt;(RunnerBuilder,Class[]) at line 33,
                     Suite.&lt;init&gt;(Class,List) at line 81,
                     ParentRunner.&lt;init&gt;(Class) at line 112,
                     void ParentRunner.validate() at line 92,
                     void ParentRunner.collectInitializationErrors(List) at line 523,
                     void ParentRunner.validateClassRules(List) at line 150,
                     void RuleMemberValidator.validate(TestClass,List) at line 183 }},
           {elem= Access: Read of rules.RuleMemberValidator.CLASS_RULE_VALIDATOR-&gt;validatorStrategies Thread: NoThread Lock: false Pre: Unowned;
            loc= line 98;
            trace= { Result JUnitCore.runClasses(Class[]) at line 194,
                     Result JUnitCore.runClasses(Computer,Class[]) at line 53,
                     Result JUnitCore.run(Computer,Class[]) at line 66,
                     Request Request.classes(Computer,Class[]) at line 109,
                     Runner Computer.getSuite(RunnerBuilder,Class[]) at line 77,
                     Computer$2.&lt;init&gt;(Computer,RunnerBuilder,Class[]) at line 28,
                     Suite.&lt;init&gt;(RunnerBuilder,Class[]) at line 33,
                     Suite.&lt;init&gt;(Class,List) at line 81,
                     ParentRunner.&lt;init&gt;(Class) at line 112,
                     void ParentRunner.validate() at line 92,
                     void ParentRunner.collectInitializationErrors(List) at line 523,
                     void ParentRunner.validateClassRules(List) at line 150,
                     void RuleMemberValidator.validate(TestClass,List) at line 183,
                     void RuleMemberValidator.validateMember(FrameworkMember,List) at line 93 }} } 
Ownership: { n$0 -&gt; Owned,
             n$3 -&gt; Owned,
             n$6 -&gt; Owned,
             n$8 -&gt; Unowned,
             result -&gt; Owned,
             this -&gt; OwnedIf{ 0 },
             *n$0[_] -&gt; Owned } 
Attributes: { *n$0[_] -&gt; Functional } 


</LISTING>
<hr width="100%">
<a name="session68" href="./../nodes/org.junit.tests.running.classes.ParameterizedTestTest.failureOnInitialization%28%29%3Avoid.787a9606de8f715d36fe0aceeb30c685_node8.html#session68">node8#session68</a>(<a href="./../../ParameterizedTestTest.java.88da44e98279dfa32c0c7e5c52f053d0.html#LINE195">195</a>) biabduction
<LISTING class='color_black'>**** [FP:Pending] void ParameterizedTestTest.failureOnInitialization() Node: 8, Procedure: void ParameterizedTestTest.failureOnInitialization(), Todo: 1 ****
  PROP 1 of 1:
  <span class='color_blue'><span class='color_red'>MEMna &lt; new[]:194 &gt; <span class='color_orange'>{vpath: }</span>(_t$10)</span>; <span class='color_red'>UND &lt; Result JUnitCore.runClasses(Computer,Class[]) &gt; :53(result)</span>; <span class='color_red'>UND &lt; int CopyOnWriteArrayList.size() &gt; :68($irvar1)</span>; <span class='color_red'>RET &lt; int Result.getFailureCount() &gt; ($irvar1)</span> ;
  <span class='color_red'>result = _t$9<span class='color_orange'>update:194</span>:org.junit.runner.Result*</span>; <span class='color_red'>$irvar3 = _t$8<span class='color_orange'>initial</span>:void</span>; <span class='color_red'>failures = _t$7<span class='color_orange'>initial</span>:java.util.List*</span>; <span class='color_red'>$irvar5 = _t$6<span class='color_orange'>initial</span>:void</span>; <span class='color_red'>$irvar4 = _t$5<span class='color_orange'>initial</span>:void</span>; <span class='color_red'>$irvar7 = _t$4<span class='color_orange'>initial</span>:void</span>; <span class='color_red'>$irvar6 = _t$3<span class='color_orange'>initial</span>:void</span>; <span class='color_red'>$irvar0 = 0<span class='color_orange'>nullify</span>:void</span>; <span class='color_red'>return = _t$2<span class='color_orange'>initial</span>:void</span>; <span class='color_red'>$irvar1 = _t$1<span class='color_orange'>update:195</span>:void</span>; <span class='color_red'>$irvar2 = _t$0<span class='color_orange'>initial</span>:void</span>; <span class='color_red'>this = @f$0<span class='color_orange'>formal</span>:org.junit.tests.running.classes.ParameterizedTestTest*( sub )</span>; <span class='color_red'>old_this = @f$0<span class='color_orange'>formal</span>:org.junit.tests.running.classes.ParameterizedTestTest*( sub )</span> ;
  <span class='color_red'>result|->{failures:@f$1<span class='color_orange'>formal(z)</span>}<span class='color_orange'>formal(z)</span>:org.junit.runner.Result( sub )</span>; <span class='color_red'>@f$1|->{}<span class='color_orange'>formal(z)</span>:java.util.concurrent.CopyOnWriteArrayList( sub )</span>
  [footprint
     <span class='color_red'>this = @f$0<span class='color_orange'>formal</span>:org.junit.tests.running.classes.ParameterizedTestTest*( sub )</span>  ]</span>
  .... Instructions: ....
  <span class='color_green'>n$7=*&amp;$irvar1:int [line 195];
  n$8=_fun_void Assert.assertEquals(long,long)(1:long,(long)n$7:long) [line 195];
  NULLIFY(&amp;$irvar1); [line 195];
  EXIT_SCOPE(n$7,n$8,$irvar1); [line 195];
  </span>
  
  Processing prop 1/1
    Instruction <span class='color_green'>n$7=*&amp;$irvar1:int [line 195]</span>
    in vpath_find exp:n$126
    vpath_find: cannot find n$126
    .... Rearrangement Start ....
    Exp: &amp;$irvar1
    Prop:
    <span class='color_blue'>MEMna &lt; new[]:194 &gt; <span class='color_orange'>{vpath: }</span>(n$126); UND &lt; Result JUnitCore.runClasses(Computer,Class[]) &gt; :53(result); UND &lt; int CopyOnWriteArrayList.size() &gt; :68($irvar1); RET &lt; int Result.getFailureCount() &gt; ($irvar1) ;
    result = n$116<span class='color_orange'>update:194</span>:org.junit.runner.Result*; $irvar3 = n$117<span class='color_orange'>initial</span>:void; failures = n$118<span class='color_orange'>initial</span>:java.util.List*; $irvar5 = n$119<span class='color_orange'>initial</span>:void; $irvar4 = n$120<span class='color_orange'>initial</span>:void; $irvar7 = n$121<span class='color_orange'>initial</span>:void; $irvar6 = n$122<span class='color_orange'>initial</span>:void; $irvar0 = 0<span class='color_orange'>nullify</span>:void; return = n$123<span class='color_orange'>initial</span>:void; $irvar1 = n$124<span class='color_orange'>update:195</span>:void; $irvar2 = n$125<span class='color_orange'>initial</span>:void; this = @f$0<span class='color_orange'>formal</span>:org.junit.tests.running.classes.ParameterizedTestTest*( sub ); old_this = @f$0<span class='color_orange'>formal</span>:org.junit.tests.running.classes.ParameterizedTestTest*( sub ) ;
    result|->{failures:@f$1<span class='color_orange'>formal(z)</span>}<span class='color_orange'>formal(z)</span>:org.junit.runner.Result( sub ); @f$1|->{}<span class='color_orange'>formal(z)</span>:java.util.concurrent.CopyOnWriteArrayList( sub )
    [footprint
       this = @f$0<span class='color_orange'>formal</span>:org.junit.tests.running.classes.ParameterizedTestTest*( sub )  ]</span>
    
    in prop_iter_extend_ptsto lexp: &amp;$irvar1
    prop before:
    <span class='color_blue'>MEMna &lt; new[]:194 &gt; <span class='color_orange'>{vpath: }</span>(n$126); UND &lt; Result JUnitCore.runClasses(Computer,Class[]) &gt; :53(result); UND &lt; int CopyOnWriteArrayList.size() &gt; :68($irvar1); RET &lt; int Result.getFailureCount() &gt; ($irvar1) ;
    result = n$116<span class='color_orange'>update:194</span>:org.junit.runner.Result*; $irvar3 = n$117<span class='color_orange'>initial</span>:void; failures = n$118<span class='color_orange'>initial</span>:java.util.List*; $irvar5 = n$119<span class='color_orange'>initial</span>:void; $irvar4 = n$120<span class='color_orange'>initial</span>:void; $irvar7 = n$121<span class='color_orange'>initial</span>:void; $irvar6 = n$122<span class='color_orange'>initial</span>:void; $irvar0 = 0<span class='color_orange'>nullify</span>:void; return = n$123<span class='color_orange'>initial</span>:void; $irvar1 = n$124<span class='color_orange'>update:195</span>:void; $irvar2 = n$125<span class='color_orange'>initial</span>:void; this = @f$0<span class='color_orange'>formal</span>:org.junit.tests.running.classes.ParameterizedTestTest*( sub ); old_this = @f$0<span class='color_orange'>formal</span>:org.junit.tests.running.classes.ParameterizedTestTest*( sub ) ;
    result|->{failures:@f$1<span class='color_orange'>formal(z)</span>}<span class='color_orange'>formal(z)</span>:org.junit.runner.Result( sub ); @f$1|->{}<span class='color_orange'>formal(z)</span>:java.util.concurrent.CopyOnWriteArrayList( sub )
    [footprint
       this = @f$0<span class='color_orange'>formal</span>:org.junit.tests.running.classes.ParameterizedTestTest*( sub )  ]</span>
    
    
    prop list after:
    PROP 1 of 1:
    <span class='color_blue'><span class='color_blue'>MEMna &lt; new[]:194 &gt; <span class='color_orange'>{vpath: }</span>(n$126)</span>; <span class='color_blue'>UND &lt; Result JUnitCore.runClasses(Computer,Class[]) &gt; :53(result)</span>; <span class='color_blue'>UND &lt; int CopyOnWriteArrayList.size() &gt; :68($irvar1)</span>; <span class='color_blue'>RET &lt; int Result.getFailureCount() &gt; ($irvar1)</span> ;
    <span class='color_blue'>result = n$116<span class='color_orange'>update:194</span>:org.junit.runner.Result*</span>; <span class='color_blue'>$irvar3 = n$117<span class='color_orange'>initial</span>:void</span>; <span class='color_blue'>failures = n$118<span class='color_orange'>initial</span>:java.util.List*</span>; <span class='color_blue'>$irvar5 = n$119<span class='color_orange'>initial</span>:void</span>; <span class='color_blue'>$irvar4 = n$120<span class='color_orange'>initial</span>:void</span>; <span class='color_blue'>$irvar7 = n$121<span class='color_orange'>initial</span>:void</span>; <span class='color_blue'>$irvar6 = n$122<span class='color_orange'>initial</span>:void</span>; <span class='color_blue'>$irvar0 = 0<span class='color_orange'>nullify</span>:void</span>; <span class='color_blue'>return = n$123<span class='color_orange'>initial</span>:void</span>; <span class='color_blue'>$irvar1 = n$124<span class='color_orange'>update:195</span>:void</span>; <span class='color_blue'>$irvar2 = n$125<span class='color_orange'>initial</span>:void</span>; <span class='color_blue'>this = @f$0<span class='color_orange'>formal</span>:org.junit.tests.running.classes.ParameterizedTestTest*( sub )</span>; <span class='color_blue'>old_this = @f$0<span class='color_orange'>formal</span>:org.junit.tests.running.classes.ParameterizedTestTest*( sub )</span> ;
    <span class='color_blue'>result|->{failures:@f$1<span class='color_orange'>formal(z)</span>}<span class='color_orange'>formal(z)</span>:org.junit.runner.Result( sub )</span>; <span class='color_blue'>@f$1|->{}<span class='color_orange'>formal(z)</span>:java.util.concurrent.CopyOnWriteArrayList( sub )</span>
    [footprint
       <span class='color_blue'>this = @f$0<span class='color_orange'>formal</span>:org.junit.tests.running.classes.ParameterizedTestTest*( sub )</span>  ]</span>
    
    
    
    Instruction Returns
    PROP 1 of 1:
    <span class='color_blue'><span class='color_blue'>MEMna &lt; new[]:194 &gt; <span class='color_orange'>{vpath: }</span>(_t$9)</span>; <span class='color_red'>UND &lt; Result JUnitCore.runClasses(Computer,Class[]) &gt; :53(result)</span>; <span class='color_red'>UND &lt; int CopyOnWriteArrayList.size() &gt; :68($irvar1)</span>; <span class='color_red'>RET &lt; int Result.getFailureCount() &gt; ($irvar1)</span> ;
    <span class='color_blue'>result = <span class='color_red'>_t$8<span class='color_orange'>update:194</span></span>:org.junit.runner.Result*</span>; <span class='color_blue'>$irvar3 = <span class='color_red'>_t$7<span class='color_orange'>initial</span></span>:void</span>; <span class='color_blue'>failures = <span class='color_red'>_t$6<span class='color_orange'>initial</span></span>:java.util.List*</span>; <span class='color_blue'>$irvar5 = <span class='color_red'>_t$5<span class='color_orange'>initial</span></span>:void</span>; <span class='color_blue'>$irvar4 = <span class='color_red'>_t$4<span class='color_orange'>initial</span></span>:void</span>; <span class='color_blue'>$irvar7 = <span class='color_red'>_t$3<span class='color_orange'>initial</span></span>:void</span>; <span class='color_blue'>$irvar6 = <span class='color_red'>_t$2<span class='color_orange'>initial</span></span>:void</span>; <span class='color_blue'>$irvar0 = 0<span class='color_orange'>nullify</span>:void</span>; <span class='color_blue'>return = <span class='color_red'>_t$1<span class='color_orange'>initial</span></span>:void</span>; <span class='color_blue'>$irvar1 = <span class='color_red'>n$7<span class='color_orange'>update:195</span></span>:void</span>; <span class='color_blue'>$irvar2 = _t$0<span class='color_orange'>initial</span>:void</span>; <span class='color_blue'>this = @f$0<span class='color_orange'>formal</span>:org.junit.tests.running.classes.ParameterizedTestTest*( sub )</span>; <span class='color_blue'>old_this = @f$0<span class='color_orange'>formal</span>:org.junit.tests.running.classes.ParameterizedTestTest*( sub )</span> ;
    <span class='color_red'>result|->{failures:@f$1<span class='color_orange'>formal(z)</span>}<span class='color_orange'>formal(z)</span>:org.junit.runner.Result( sub )</span>; <span class='color_blue'>@f$1|->{}<span class='color_orange'>formal(z)</span>:java.util.concurrent.CopyOnWriteArrayList( sub )</span>
    [footprint
       <span class='color_blue'>this = @f$0<span class='color_orange'>formal</span>:org.junit.tests.running.classes.ParameterizedTestTest*( sub )</span>  ]</span>
    
    Instruction <span class='color_green'>n$8=_fun_void Assert.assertEquals(long,long)(1:long,(long)n$7:long) [line 195]</span>
    in vpath_find exp:n$136
    vpath_find: cannot find n$136
    Found 2 specs for function org.junit.Assert.assertEquals(long,long):void
    START EXECUTING SPECS FOR org.junit.Assert.assertEquals(long,long):void from state
    <span class='color_blue'>MEMna &lt; new[]:194 &gt; <span class='color_orange'>{vpath: }</span>(n$136); UND &lt; Result JUnitCore.runClasses(Computer,Class[]) &gt; :53(result); UND &lt; int CopyOnWriteArrayList.size() &gt; :68($irvar1); RET &lt; int Result.getFailureCount() &gt; ($irvar1) ;
    result = n$127<span class='color_orange'>update:194</span>:org.junit.runner.Result*; $irvar3 = n$128<span class='color_orange'>initial</span>:void; failures = n$129<span class='color_orange'>initial</span>:java.util.List*; $irvar5 = n$130<span class='color_orange'>initial</span>:void; $irvar4 = n$131<span class='color_orange'>initial</span>:void; $irvar7 = n$132<span class='color_orange'>initial</span>:void; $irvar6 = n$133<span class='color_orange'>initial</span>:void; $irvar0 = 0<span class='color_orange'>nullify</span>:void; return = n$134<span class='color_orange'>initial</span>:void; $irvar1 = n$7<span class='color_orange'>update:195</span>:void; $irvar2 = n$135<span class='color_orange'>initial</span>:void; this = @f$0<span class='color_orange'>formal</span>:org.junit.tests.running.classes.ParameterizedTestTest*( sub ); old_this = @f$0<span class='color_orange'>formal</span>:org.junit.tests.running.classes.ParameterizedTestTest*( sub ) ;
    result|->{failures:@f$1<span class='color_orange'>formal(z)</span>}<span class='color_orange'>formal(z)</span>:org.junit.runner.Result( sub ); @f$1|->{}<span class='color_orange'>formal(z)</span>:java.util.concurrent.CopyOnWriteArrayList( sub )
    [footprint
       this = @f$0<span class='color_orange'>formal</span>:org.junit.tests.running.classes.ParameterizedTestTest*( sub )  ]</span>
    EXECUTING SPEC 1/2
    ACTUAL PRECONDITION =
      <span class='color_blue'>MEMna &lt; new[]:194 &gt; <span class='color_orange'>{vpath: }</span>(n$136); UND &lt; Result JUnitCore.runClasses(Computer,Class[]) &gt; :53(result); UND &lt; int CopyOnWriteArrayList.size() &gt; :68($irvar1); RET &lt; int Result.getFailureCount() &gt; ($irvar1) ;
      result = n$127<span class='color_orange'>update:194</span>:org.junit.runner.Result*; actual|callee = n$7<span class='color_orange'>actual_precondition</span>:long; $irvar3 = n$128<span class='color_orange'>initial</span>:void; failures = n$129<span class='color_orange'>initial</span>:java.util.List*; $irvar5 = n$130<span class='color_orange'>initial</span>:void; $irvar4 = n$131<span class='color_orange'>initial</span>:void; $irvar7 = n$132<span class='color_orange'>initial</span>:void; $irvar6 = n$133<span class='color_orange'>initial</span>:void; $irvar0 = 0<span class='color_orange'>nullify</span>:void; return = n$134<span class='color_orange'>initial</span>:void; $irvar1 = n$7<span class='color_orange'>update:195</span>:void; $irvar2 = n$135<span class='color_orange'>initial</span>:void; this = @f$0<span class='color_orange'>formal</span>:org.junit.tests.running.classes.ParameterizedTestTest*( sub ); old_this = @f$0<span class='color_orange'>formal</span>:org.junit.tests.running.classes.ParameterizedTestTest*( sub ); expected|callee = 1<span class='color_orange'>actual_precondition</span>:long ;
      result|->{failures:@f$1<span class='color_orange'>formal(z)</span>}<span class='color_orange'>formal(z)</span>:org.junit.runner.Result( sub ); @f$1|->{}<span class='color_orange'>formal(z)</span>:java.util.concurrent.CopyOnWriteArrayList( sub )
      [footprint
         this = @f$0<span class='color_orange'>formal</span>:org.junit.tests.running.classes.ParameterizedTestTest*( sub )  ]</span>
    SPEC =
      --------------------------- ---------- ---------------------------
      PRE:
      <span class='color_blue'><span class='color_blue'>actual|callee = _t$156<span class='color_orange'>formal</span>:long( sub ); expected|callee = _t$156<span class='color_orange'>formal</span>:long( sub )</span></span>
      POST 1 of 1:
      <span class='color_blue'><span class='color_red'>return|callee = _t$157<span class='color_orange'>initial</span>:void</span></span>
      ----------------------------------------------------------------
    pre_check_pure_implication
    pi1:
      MEMna &lt; new[]:194 &gt; <span class='color_orange'>{vpath: }</span>(n$136); UND &lt; Result JUnitCore.runClasses(Computer,Class[]) &gt; :53(n$127); UND &lt; int CopyOnWriteArrayList.size() &gt; :68(n$7); RET &lt; int Result.getFailureCount() &gt; (n$7)
    pi2:
      
    returns
    sub1:
      
    sub2:
      
    Current Implication
    SUB:
      
    <span class='color_blue'>MEMna &lt; new[]:194 &gt; <span class='color_orange'>{vpath: }</span>(n$136); UND &lt; Result JUnitCore.runClasses(Computer,Class[]) &gt; :53(result); UND &lt; int CopyOnWriteArrayList.size() &gt; :68($irvar1); RET &lt; int Result.getFailureCount() &gt; ($irvar1) ;
    result = n$127<span class='color_orange'>update:194</span>:org.junit.runner.Result*; actual|callee = n$7<span class='color_orange'>actual_precondition</span>:long; $irvar3 = n$128<span class='color_orange'>initial</span>:void; failures = n$129<span class='color_orange'>initial</span>:java.util.List*; $irvar5 = n$130<span class='color_orange'>initial</span>:void; $irvar4 = n$131<span class='color_orange'>initial</span>:void; $irvar7 = n$132<span class='color_orange'>initial</span>:void; $irvar6 = n$133<span class='color_orange'>initial</span>:void; $irvar0 = 0<span class='color_orange'>nullify</span>:void; return = n$134<span class='color_orange'>initial</span>:void; $irvar1 = n$7<span class='color_orange'>update:195</span>:void; $irvar2 = n$135<span class='color_orange'>initial</span>:void; this = @f$0<span class='color_orange'>formal</span>:org.junit.tests.running.classes.ParameterizedTestTest*( sub ); old_this = @f$0<span class='color_orange'>formal</span>:org.junit.tests.running.classes.ParameterizedTestTest*( sub ); expected|callee = 1<span class='color_orange'>actual_precondition</span>:long ;
    result|->{failures:@f$1<span class='color_orange'>formal(z)</span>}<span class='color_orange'>formal(z)</span>:org.junit.runner.Result( sub ); @f$1|->{}<span class='color_orange'>formal(z)</span>:java.util.concurrent.CopyOnWriteArrayList( sub )
    [footprint
       this = @f$0<span class='color_orange'>formal</span>:org.junit.tests.running.classes.ParameterizedTestTest*( sub )  ]</span>
    |-
    <span class='color_blue'>actual|callee = _t$156<span class='color_orange'>formal</span>:long( sub ); expected|callee = _t$156<span class='color_orange'>formal</span>:long( sub )</span>
    
      do_imply n$7 _t$156
        Current Implication
        SUB:
          
        <span class='color_blue'>MEMna &lt; new[]:194 &gt; <span class='color_orange'>{vpath: }</span>(n$136); UND &lt; Result JUnitCore.runClasses(Computer,Class[]) &gt; :53(result); UND &lt; int CopyOnWriteArrayList.size() &gt; :68($irvar1); RET &lt; int Result.getFailureCount() &gt; ($irvar1) ;
        result = n$127<span class='color_orange'>update:194</span>:org.junit.runner.Result*; $irvar3 = n$128<span class='color_orange'>initial</span>:void; failures = n$129<span class='color_orange'>initial</span>:java.util.List*; $irvar5 = n$130<span class='color_orange'>initial</span>:void; $irvar4 = n$131<span class='color_orange'>initial</span>:void; $irvar7 = n$132<span class='color_orange'>initial</span>:void; $irvar6 = n$133<span class='color_orange'>initial</span>:void; $irvar0 = 0<span class='color_orange'>nullify</span>:void; return = n$134<span class='color_orange'>initial</span>:void; $irvar1 = n$7<span class='color_orange'>update:195</span>:void; $irvar2 = n$135<span class='color_orange'>initial</span>:void; this = @f$0<span class='color_orange'>formal</span>:org.junit.tests.running.classes.ParameterizedTestTest*( sub ); old_this = @f$0<span class='color_orange'>formal</span>:org.junit.tests.running.classes.ParameterizedTestTest*( sub ); expected|callee = 1<span class='color_orange'>actual_precondition</span>:long ;
        result|->{failures:@f$1<span class='color_orange'>formal(z)</span>}<span class='color_orange'>formal(z)</span>:org.junit.runner.Result( sub ); @f$1|->{}<span class='color_orange'>formal(z)</span>:java.util.concurrent.CopyOnWriteArrayList( sub )
        [footprint
           this = @f$0<span class='color_orange'>formal</span>:org.junit.tests.running.classes.ParameterizedTestTest*( sub )  ]</span>
        [SUB: 
          _t$156 = n$7]
        |-
        <span class='color_blue'>expected|callee = n$7<span class='color_orange'>formal</span>:long( sub )</span>
        
          do_imply 1 n$7
          WARNING: footprint failed to find MISSING because: expressions not equal
    EXECUTING SPEC 2/2
    ACTUAL PRECONDITION =
      <span class='color_blue'>MEMna &lt; new[]:194 &gt; <span class='color_orange'>{vpath: }</span>(n$136); UND &lt; Result JUnitCore.runClasses(Computer,Class[]) &gt; :53(result); UND &lt; int CopyOnWriteArrayList.size() &gt; :68($irvar1); RET &lt; int Result.getFailureCount() &gt; ($irvar1) ;
      result = n$127<span class='color_orange'>update:194</span>:org.junit.runner.Result*; actual|callee = n$7<span class='color_orange'>actual_precondition</span>:long; $irvar3 = n$128<span class='color_orange'>initial</span>:void; failures = n$129<span class='color_orange'>initial</span>:java.util.List*; $irvar5 = n$130<span class='color_orange'>initial</span>:void; $irvar4 = n$131<span class='color_orange'>initial</span>:void; $irvar7 = n$132<span class='color_orange'>initial</span>:void; $irvar6 = n$133<span class='color_orange'>initial</span>:void; $irvar0 = 0<span class='color_orange'>nullify</span>:void; return = n$134<span class='color_orange'>initial</span>:void; $irvar1 = n$7<span class='color_orange'>update:195</span>:void; $irvar2 = n$135<span class='color_orange'>initial</span>:void; this = @f$0<span class='color_orange'>formal</span>:org.junit.tests.running.classes.ParameterizedTestTest*( sub ); old_this = @f$0<span class='color_orange'>formal</span>:org.junit.tests.running.classes.ParameterizedTestTest*( sub ); expected|callee = 1<span class='color_orange'>actual_precondition</span>:long ;
      result|->{failures:@f$1<span class='color_orange'>formal(z)</span>}<span class='color_orange'>formal(z)</span>:org.junit.runner.Result( sub ); @f$1|->{}<span class='color_orange'>formal(z)</span>:java.util.concurrent.CopyOnWriteArrayList( sub )
      [footprint
         this = @f$0<span class='color_orange'>formal</span>:org.junit.tests.running.classes.ParameterizedTestTest*( sub )  ]</span>
    SPEC =
      --------------------------- ---------- ---------------------------
      PRE:
      <span class='color_blue'><span class='color_blue'>actual|callee != expected|callee ;
      actual|callee = _t$158<span class='color_orange'>formal</span>:long( sub ); expected|callee = _t$159<span class='color_orange'>formal</span>:long( sub )</span></span>
      POST 1 of 1:
      <span class='color_blue'>actual|callee != expected|callee; <span class='color_red'>MEMne &lt; void Assert.assertEquals(String,long,long):633 &gt; <span class='color_orange'>{vpath: }</span>(_t$160)</span> ;
      <span class='color_red'>return|callee = EXN _t$160<span class='color_orange'>update:633</span>:void</span> ;
      <span class='color_red'>_t$160|->{}<span class='color_orange'>alloc</span>:java.lang.AssertionError</span></span>
      ----------------------------------------------------------------
    pre_check_pure_implication
    pi1:
      MEMna &lt; new[]:194 &gt; <span class='color_orange'>{vpath: }</span>(n$136); UND &lt; Result JUnitCore.runClasses(Computer,Class[]) &gt; :53(n$127); UND &lt; int CopyOnWriteArrayList.size() &gt; :68(n$7); RET &lt; int Result.getFailureCount() &gt; (n$7)
    pi2:
      _t$158 != _t$159
    returns
    sub1:
      
    sub2:
      
    Current Implication
    SUB:
      
    <span class='color_blue'>MEMna &lt; new[]:194 &gt; <span class='color_orange'>{vpath: }</span>(n$136); UND &lt; Result JUnitCore.runClasses(Computer,Class[]) &gt; :53(result); UND &lt; int CopyOnWriteArrayList.size() &gt; :68($irvar1); RET &lt; int Result.getFailureCount() &gt; ($irvar1) ;
    result = n$127<span class='color_orange'>update:194</span>:org.junit.runner.Result*; actual|callee = n$7<span class='color_orange'>actual_precondition</span>:long; $irvar3 = n$128<span class='color_orange'>initial</span>:void; failures = n$129<span class='color_orange'>initial</span>:java.util.List*; $irvar5 = n$130<span class='color_orange'>initial</span>:void; $irvar4 = n$131<span class='color_orange'>initial</span>:void; $irvar7 = n$132<span class='color_orange'>initial</span>:void; $irvar6 = n$133<span class='color_orange'>initial</span>:void; $irvar0 = 0<span class='color_orange'>nullify</span>:void; return = n$134<span class='color_orange'>initial</span>:void; $irvar1 = n$7<span class='color_orange'>update:195</span>:void; $irvar2 = n$135<span class='color_orange'>initial</span>:void; this = @f$0<span class='color_orange'>formal</span>:org.junit.tests.running.classes.ParameterizedTestTest*( sub ); old_this = @f$0<span class='color_orange'>formal</span>:org.junit.tests.running.classes.ParameterizedTestTest*( sub ); expected|callee = 1<span class='color_orange'>actual_precondition</span>:long ;
    result|->{failures:@f$1<span class='color_orange'>formal(z)</span>}<span class='color_orange'>formal(z)</span>:org.junit.runner.Result( sub ); @f$1|->{}<span class='color_orange'>formal(z)</span>:java.util.concurrent.CopyOnWriteArrayList( sub )
    [footprint
       this = @f$0<span class='color_orange'>formal</span>:org.junit.tests.running.classes.ParameterizedTestTest*( sub )  ]</span>
    |-
    <span class='color_blue'>actual|callee = _t$158<span class='color_orange'>formal</span>:long( sub ); expected|callee = _t$159<span class='color_orange'>formal</span>:long( sub )</span>
    
      do_imply n$7 _t$158
        Current Implication
        SUB:
          
        <span class='color_blue'>MEMna &lt; new[]:194 &gt; <span class='color_orange'>{vpath: }</span>(n$136); UND &lt; Result JUnitCore.runClasses(Computer,Class[]) &gt; :53(result); UND &lt; int CopyOnWriteArrayList.size() &gt; :68($irvar1); RET &lt; int Result.getFailureCount() &gt; ($irvar1) ;
        result = n$127<span class='color_orange'>update:194</span>:org.junit.runner.Result*; $irvar3 = n$128<span class='color_orange'>initial</span>:void; failures = n$129<span class='color_orange'>initial</span>:java.util.List*; $irvar5 = n$130<span class='color_orange'>initial</span>:void; $irvar4 = n$131<span class='color_orange'>initial</span>:void; $irvar7 = n$132<span class='color_orange'>initial</span>:void; $irvar6 = n$133<span class='color_orange'>initial</span>:void; $irvar0 = 0<span class='color_orange'>nullify</span>:void; return = n$134<span class='color_orange'>initial</span>:void; $irvar1 = n$7<span class='color_orange'>update:195</span>:void; $irvar2 = n$135<span class='color_orange'>initial</span>:void; this = @f$0<span class='color_orange'>formal</span>:org.junit.tests.running.classes.ParameterizedTestTest*( sub ); old_this = @f$0<span class='color_orange'>formal</span>:org.junit.tests.running.classes.ParameterizedTestTest*( sub ); expected|callee = 1<span class='color_orange'>actual_precondition</span>:long ;
        result|->{failures:@f$1<span class='color_orange'>formal(z)</span>}<span class='color_orange'>formal(z)</span>:org.junit.runner.Result( sub ); @f$1|->{}<span class='color_orange'>formal(z)</span>:java.util.concurrent.CopyOnWriteArrayList( sub )
        [footprint
           this = @f$0<span class='color_orange'>formal</span>:org.junit.tests.running.classes.ParameterizedTestTest*( sub )  ]</span>
        [SUB: 
          _t$158 = n$7]
        |-
        <span class='color_blue'>expected|callee = _t$159<span class='color_orange'>formal</span>:long( sub )</span>
        
          do_imply 1 _t$159
            Final Implication
            SUB:
              
            <span class='color_blue'>MEMna &lt; new[]:194 &gt; <span class='color_orange'>{vpath: }</span>(n$136); UND &lt; Result JUnitCore.runClasses(Computer,Class[]) &gt; :53(result); UND &lt; int CopyOnWriteArrayList.size() &gt; :68($irvar1); RET &lt; int Result.getFailureCount() &gt; ($irvar1) ;
            result = n$127<span class='color_orange'>update:194</span>:org.junit.runner.Result*; $irvar3 = n$128<span class='color_orange'>initial</span>:void; failures = n$129<span class='color_orange'>initial</span>:java.util.List*; $irvar5 = n$130<span class='color_orange'>initial</span>:void; $irvar4 = n$131<span class='color_orange'>initial</span>:void; $irvar7 = n$132<span class='color_orange'>initial</span>:void; $irvar6 = n$133<span class='color_orange'>initial</span>:void; $irvar0 = 0<span class='color_orange'>nullify</span>:void; return = n$134<span class='color_orange'>initial</span>:void; $irvar1 = n$7<span class='color_orange'>update:195</span>:void; $irvar2 = n$135<span class='color_orange'>initial</span>:void; this = @f$0<span class='color_orange'>formal</span>:org.junit.tests.running.classes.ParameterizedTestTest*( sub ); old_this = @f$0<span class='color_orange'>formal</span>:org.junit.tests.running.classes.ParameterizedTestTest*( sub ) ;
            result|->{failures:@f$1<span class='color_orange'>formal(z)</span>}<span class='color_orange'>formal(z)</span>:org.junit.runner.Result( sub ); @f$1|->{}<span class='color_orange'>formal(z)</span>:java.util.concurrent.CopyOnWriteArrayList( sub )
            [footprint
               this = @f$0<span class='color_orange'>formal</span>:org.junit.tests.running.classes.ParameterizedTestTest*( sub )  ]</span>
            [SUB: 
              _t$158 = n$7; _t$159 = 1]
            |-
            <span class='color_blue'></span>
    imply_pi: adding missing atom _t$158 != _t$159
    Result of Abduction
      SUB:
        
      <span class='color_blue'>MEMna &lt; new[]:194 &gt; <span class='color_orange'>{vpath: }</span>(n$136); UND &lt; Result JUnitCore.runClasses(Computer,Class[]) &gt; :53(result); UND &lt; int CopyOnWriteArrayList.size() &gt; :68($irvar1); RET &lt; int Result.getFailureCount() &gt; ($irvar1) ;
      result = n$127<span class='color_orange'>update:194</span>:org.junit.runner.Result*; actual|callee = n$7<span class='color_orange'>actual_precondition</span>:long; $irvar3 = n$128<span class='color_orange'>initial</span>:void; failures = n$129<span class='color_orange'>initial</span>:java.util.List*; $irvar5 = n$130<span class='color_orange'>initial</span>:void; $irvar4 = n$131<span class='color_orange'>initial</span>:void; $irvar7 = n$132<span class='color_orange'>initial</span>:void; $irvar6 = n$133<span class='color_orange'>initial</span>:void; $irvar0 = 0<span class='color_orange'>nullify</span>:void; return = n$134<span class='color_orange'>initial</span>:void; $irvar1 = n$7<span class='color_orange'>update:195</span>:void; $irvar2 = n$135<span class='color_orange'>initial</span>:void; this = @f$0<span class='color_orange'>formal</span>:org.junit.tests.running.classes.ParameterizedTestTest*( sub ); old_this = @f$0<span class='color_orange'>formal</span>:org.junit.tests.running.classes.ParameterizedTestTest*( sub ); expected|callee = 1<span class='color_orange'>actual_precondition</span>:long ;
      result|->{failures:@f$1<span class='color_orange'>formal(z)</span>}<span class='color_orange'>formal(z)</span>:org.junit.runner.Result( sub ); @f$1|->{}<span class='color_orange'>formal(z)</span>:java.util.concurrent.CopyOnWriteArrayList( sub )
      [footprint
         this = @f$0<span class='color_orange'>formal</span>:org.junit.tests.running.classes.ParameterizedTestTest*( sub )  ]</span>
      [SUB: 
        _t$158 = n$7; _t$159 = 1
      _t$158 != _t$159]
      |-
      <span class='color_blue'>actual|callee != 1 ;
      actual|callee = n$7<span class='color_orange'>formal</span>:long( sub ); expected|callee = 1<span class='color_orange'>formal</span>:long( sub )</span>
    returning TRUE
    in vpath_find exp:_t$160
    vpath_find: cannot find _t$160
      New footprint:
      n$7 != 1
      Frame fld:
      
      Missing fld:
      
      Instantiated frame:
      n$127|->{failures:@f$1<span class='color_orange'>formal(z)</span>}<span class='color_orange'>formal(z)</span>:org.junit.runner.Result( sub ); @f$1|->{}<span class='color_orange'>formal(z)</span>:java.util.concurrent.CopyOnWriteArrayList( sub ); &amp;result|->n$127<span class='color_orange'>update:194</span>:org.junit.runner.Result*; &amp;$irvar3|->n$128<span class='color_orange'>initial</span>:void; &amp;failures|->n$129<span class='color_orange'>initial</span>:java.util.List*; &amp;$irvar5|->n$130<span class='color_orange'>initial</span>:void; &amp;$irvar4|->n$131<span class='color_orange'>initial</span>:void; &amp;$irvar7|->n$132<span class='color_orange'>initial</span>:void; &amp;$irvar6|->n$133<span class='color_orange'>initial</span>:void; &amp;$irvar0|->0<span class='color_orange'>nullify</span>:void; &amp;return|->n$134<span class='color_orange'>initial</span>:void; &amp;$irvar1|->n$7<span class='color_orange'>update:195</span>:void; &amp;$irvar2|->n$135<span class='color_orange'>initial</span>:void; &amp;this|->@f$0<span class='color_orange'>formal</span>:org.junit.tests.running.classes.ParameterizedTestTest*( sub ); &amp;old_this|->@f$0<span class='color_orange'>formal</span>:org.junit.tests.running.classes.ParameterizedTestTest*( sub )
      Instantiated post:
      PROP 1 of 1:
      <span class='color_blue'><span class='color_red'>n$7 != 1</span>; <span class='color_red'>MEMne &lt; void Assert.assertEquals(long,long):195 &gt; <span class='color_orange'>{vpath: }</span>(_t$160)</span> ;
      <span class='color_red'>return|callee = EXN _t$160<span class='color_orange'>update:195</span>:void</span> ;
      <span class='color_red'>_t$160|->{}<span class='color_orange'>alloc</span>:java.lang.AssertionError</span></span>
      
    <span class='color_orange'>WARNING: dropping atom with non-footprint variable</span>
    n$7 != 1
    ***** RESULTS FUNCTION CALL *******
    PROP 1 of 1:
    <span class='color_blue'><span class='color_blue'>$irvar1 != 1</span>; <span class='color_red'>MEMne &lt; void Assert.assertEquals(long,long):195 &gt; <span class='color_orange'>{vpath: }</span>(_t$0)</span>; <span class='color_blue'>MEMna &lt; new[]:194 &gt; <span class='color_orange'>{vpath: }</span>(n$136)</span>; <span class='color_blue'>UND &lt; Result JUnitCore.runClasses(Computer,Class[]) &gt; :53(result)</span>; <span class='color_blue'>UND &lt; int CopyOnWriteArrayList.size() &gt; :68($irvar1)</span>; <span class='color_blue'>RET &lt; int Result.getFailureCount() &gt; ($irvar1)</span> ;
    <span class='color_blue'>result = n$127<span class='color_orange'>update:194</span>:org.junit.runner.Result*</span>; <span class='color_blue'>$irvar3 = n$128<span class='color_orange'>initial</span>:void</span>; <span class='color_blue'>failures = n$129<span class='color_orange'>initial</span>:java.util.List*</span>; <span class='color_blue'>$irvar5 = n$130<span class='color_orange'>initial</span>:void</span>; <span class='color_blue'>$irvar4 = n$131<span class='color_orange'>initial</span>:void</span>; <span class='color_blue'>$irvar7 = n$132<span class='color_orange'>initial</span>:void</span>; <span class='color_blue'>$irvar6 = n$133<span class='color_orange'>initial</span>:void</span>; <span class='color_blue'>$irvar0 = 0<span class='color_orange'>nullify</span>:void</span>; <span class='color_blue'>return = <span class='color_red'>EXN _t$0<span class='color_orange'>update:195</span></span>:void</span>; <span class='color_blue'>$irvar1 = n$7<span class='color_orange'>update:195</span>:void</span>; <span class='color_blue'>$irvar2 = n$135<span class='color_orange'>initial</span>:void</span>; <span class='color_blue'>this = <span class='color_red'>@f$1<span class='color_orange'>formal</span></span>:org.junit.tests.running.classes.ParameterizedTestTest*( sub )</span>; <span class='color_blue'>old_this = <span class='color_red'>@f$1<span class='color_orange'>formal</span></span>:org.junit.tests.running.classes.ParameterizedTestTest*( sub )</span> ;
    <span class='color_red'>_t$0|->{}<span class='color_orange'>alloc</span>:java.lang.AssertionError</span>; <span class='color_blue'>result|->{failures:<span class='color_red'>@f$0<span class='color_orange'>formal(z)</span></span>}<span class='color_orange'>formal(z)</span>:org.junit.runner.Result( sub )</span>; <span class='color_red'>@f$0|->{}<span class='color_orange'>formal(z)</span>:java.util.concurrent.CopyOnWriteArrayList( sub )</span>
    [footprint
       <span class='color_blue'>this = <span class='color_red'>@f$1<span class='color_orange'>formal</span></span>:org.junit.tests.running.classes.ParameterizedTestTest*( sub )</span>  ]</span>
    ***** END RESULTS FUNCTION CALL *******
    pvar: result
    <span class='color_red'>found error in dereference</span>
    spec_pre:
    <span class='color_blue'>$irvar1 != 1; MEMne &lt; void Assert.assertEquals(long,long):195 &gt; <span class='color_orange'>{vpath: }</span>(_t$160); MEMna &lt; new[]:194 &gt; <span class='color_orange'>{vpath: }</span>(n$136); UND &lt; Result JUnitCore.runClasses(Computer,Class[]) &gt; :53(result); UND &lt; int CopyOnWriteArrayList.size() &gt; :68($irvar1); RET &lt; int Result.getFailureCount() &gt; ($irvar1) ;
    result = n$127<span class='color_orange'>update:194</span>:org.junit.runner.Result*; $irvar3 = n$128<span class='color_orange'>initial</span>:void; failures = n$129<span class='color_orange'>initial</span>:java.util.List*; $irvar5 = n$130<span class='color_orange'>initial</span>:void; $irvar4 = n$131<span class='color_orange'>initial</span>:void; $irvar7 = n$132<span class='color_orange'>initial</span>:void; $irvar6 = n$133<span class='color_orange'>initial</span>:void; $irvar0 = 0<span class='color_orange'>nullify</span>:void; return = EXN _t$160<span class='color_orange'>update:195</span>:void; $irvar1 = n$7<span class='color_orange'>update:195</span>:void; $irvar2 = n$135<span class='color_orange'>initial</span>:void; this = @f$0<span class='color_orange'>formal</span>:org.junit.tests.running.classes.ParameterizedTestTest*( sub ); old_this = @f$0<span class='color_orange'>formal</span>:org.junit.tests.running.classes.ParameterizedTestTest*( sub ) ;
    _t$160|->{}<span class='color_orange'>alloc</span>:java.lang.AssertionError; result|->{failures:@f$1<span class='color_orange'>formal(z)</span>}<span class='color_orange'>formal(z)</span>:org.junit.runner.Result( sub ); @f$1|->{}<span class='color_orange'>formal(z)</span>:java.util.concurrent.CopyOnWriteArrayList( sub )
    [footprint
       this = @f$0<span class='color_orange'>formal</span>:org.junit.tests.running.classes.ParameterizedTestTest*( sub )  ]</span>
    exp n$127 desc: 
    Prover.check_inconsistency_base: inconsistency reason [None]
    Prover.check_inconsistency_base: inconsistency reason [None]
    Prover.check_inconsistency_base: inconsistency reason [None]
    Prover.check_inconsistency_base: inconsistency reason [None]
    Instruction Returns
    PROP 1 of 1:
    <span class='color_blue'><span class='color_blue'>$irvar1 != 1</span>; <span class='color_red'>MEMne &lt; void Assert.assertEquals(long,long):195 &gt; <span class='color_orange'>{vpath: }</span>(_t$0)</span>; <span class='color_blue'>MEMna &lt; new[]:194 &gt; <span class='color_orange'>{vpath: }</span>(_t$9)</span>; <span class='color_red'>UND &lt; Result JUnitCore.runClasses(Computer,Class[]) &gt; :53(result)</span>; <span class='color_blue'>UND &lt; int CopyOnWriteArrayList.size() &gt; :68($irvar1)</span>; <span class='color_blue'>RET &lt; int Result.getFailureCount() &gt; ($irvar1)</span> ;
    <span class='color_blue'>result = <span class='color_red'>_t$1<span class='color_orange'>update:194</span></span>:org.junit.runner.Result*</span>; <span class='color_blue'>$irvar3 = <span class='color_red'>_t$2<span class='color_orange'>initial</span></span>:void</span>; <span class='color_blue'>failures = <span class='color_red'>_t$3<span class='color_orange'>initial</span></span>:java.util.List*</span>; <span class='color_blue'>$irvar5 = <span class='color_red'>_t$4<span class='color_orange'>initial</span></span>:void</span>; <span class='color_blue'>$irvar4 = <span class='color_red'>_t$5<span class='color_orange'>initial</span></span>:void</span>; <span class='color_blue'>$irvar7 = <span class='color_red'>_t$6<span class='color_orange'>initial</span></span>:void</span>; <span class='color_blue'>$irvar6 = <span class='color_red'>_t$7<span class='color_orange'>initial</span></span>:void</span>; <span class='color_blue'>$irvar0 = 0<span class='color_orange'>nullify</span>:void</span>; <span class='color_blue'>return = <span class='color_red'>EXN _t$0<span class='color_orange'>update:195</span></span>:void</span>; <span class='color_blue'>$irvar1 = n$7<span class='color_orange'>update:195</span>:void</span>; <span class='color_blue'>$irvar2 = <span class='color_red'>_t$8<span class='color_orange'>initial</span></span>:void</span>; <span class='color_blue'>this = <span class='color_red'>@f$1<span class='color_orange'>formal</span></span>:org.junit.tests.running.classes.ParameterizedTestTest*( sub )</span>; <span class='color_blue'>old_this = <span class='color_red'>@f$1<span class='color_orange'>formal</span></span>:org.junit.tests.running.classes.ParameterizedTestTest*( sub )</span> ;
    <span class='color_red'>result|->{failures:@f$0<span class='color_orange'>formal(z)</span>}<span class='color_orange'>formal(z)</span>:org.junit.runner.Result( sub )</span>; <span class='color_red'>_t$0|->{}<span class='color_orange'>alloc</span>:java.lang.AssertionError</span>; <span class='color_red'>@f$0|->{}<span class='color_orange'>formal(z)</span>:java.util.concurrent.CopyOnWriteArrayList( sub )</span>
    [footprint
       <span class='color_blue'>this = <span class='color_red'>@f$1<span class='color_orange'>formal</span></span>:org.junit.tests.running.classes.ParameterizedTestTest*( sub )</span>  ]</span>
    
    Instruction <span class='color_green'>NULLIFY(&amp;$irvar1); [line 195]</span>
    in vpath_find exp:_t$0
    vpath_find: cannot find _t$0
    in vpath_find exp:_t$9
    vpath_find: cannot find _t$9
    Instruction Returns
    PROP 1 of 1:
    <span class='color_blue'><span class='color_blue'>n$7 != 1</span>; <span class='color_blue'>MEMne &lt; void Assert.assertEquals(long,long):195 &gt; <span class='color_orange'>{vpath: }</span>(_t$0)</span>; <span class='color_blue'>MEMna &lt; new[]:194 &gt; <span class='color_orange'>{vpath: }</span>(_t$9)</span>; <span class='color_blue'>UND &lt; Result JUnitCore.runClasses(Computer,Class[]) &gt; :53(result)</span>; <span class='color_blue'>UND &lt; int CopyOnWriteArrayList.size() &gt; :68(n$7)</span>; <span class='color_blue'>RET &lt; int Result.getFailureCount() &gt; (n$7)</span> ;
    <span class='color_blue'>result = _t$1<span class='color_orange'>update:194</span>:org.junit.runner.Result*</span>; <span class='color_blue'>$irvar3 = _t$2<span class='color_orange'>initial</span>:void</span>; <span class='color_blue'>failures = _t$3<span class='color_orange'>initial</span>:java.util.List*</span>; <span class='color_blue'>$irvar5 = _t$4<span class='color_orange'>initial</span>:void</span>; <span class='color_blue'>$irvar4 = _t$5<span class='color_orange'>initial</span>:void</span>; <span class='color_blue'>$irvar7 = _t$6<span class='color_orange'>initial</span>:void</span>; <span class='color_blue'>$irvar6 = _t$7<span class='color_orange'>initial</span>:void</span>; <span class='color_blue'>$irvar0 = 0<span class='color_orange'>nullify</span>:void</span>; <span class='color_blue'>return = EXN _t$0<span class='color_orange'>update:195</span>:void</span>; <span class='color_blue'>$irvar1 = <span class='color_red'>0<span class='color_orange'>nullify</span></span>:void</span>; <span class='color_blue'>$irvar2 = _t$8<span class='color_orange'>initial</span>:void</span>; <span class='color_blue'>this = @f$1<span class='color_orange'>formal</span>:org.junit.tests.running.classes.ParameterizedTestTest*( sub )</span>; <span class='color_blue'>old_this = @f$1<span class='color_orange'>formal</span>:org.junit.tests.running.classes.ParameterizedTestTest*( sub )</span> ;
    <span class='color_blue'>result|->{failures:@f$0<span class='color_orange'>formal(z)</span>}<span class='color_orange'>formal(z)</span>:org.junit.runner.Result( sub )</span>; <span class='color_blue'>_t$0|->{}<span class='color_orange'>alloc</span>:java.lang.AssertionError</span>; <span class='color_blue'>@f$0|->{}<span class='color_orange'>formal(z)</span>:java.util.concurrent.CopyOnWriteArrayList( sub )</span>
    [footprint
       <span class='color_blue'>this = @f$1<span class='color_orange'>formal</span>:org.junit.tests.running.classes.ParameterizedTestTest*( sub )</span>  ]</span>
    
    Instruction <span class='color_green'>EXIT_SCOPE(n$7,n$8,$irvar1); [line 195]</span>
    in vpath_find exp:_t$0
    vpath_find: cannot find _t$0
    in vpath_find exp:_t$9
    vpath_find: cannot find _t$9
    Instruction Returns
    PROP 1 of 1:
    <span class='color_blue'><span class='color_blue'>_t$9 != 1</span>; <span class='color_blue'>MEMne &lt; void Assert.assertEquals(long,long):195 &gt; <span class='color_orange'>{vpath: }</span>(_t$0)</span>; <span class='color_red'>MEMna &lt; new[]:194 &gt; <span class='color_orange'>{vpath: }</span>(_t$10)</span>; <span class='color_blue'>UND &lt; Result JUnitCore.runClasses(Computer,Class[]) &gt; :53(result)</span>; <span class='color_blue'>UND &lt; int CopyOnWriteArrayList.size() &gt; :68(_t$9)</span>; <span class='color_blue'>RET &lt; int Result.getFailureCount() &gt; (_t$9)</span> ;
    <span class='color_blue'>result = _t$1<span class='color_orange'>update:194</span>:org.junit.runner.Result*</span>; <span class='color_blue'>$irvar3 = _t$2<span class='color_orange'>initial</span>:void</span>; <span class='color_blue'>failures = _t$3<span class='color_orange'>initial</span>:java.util.List*</span>; <span class='color_blue'>$irvar5 = _t$4<span class='color_orange'>initial</span>:void</span>; <span class='color_blue'>$irvar4 = _t$5<span class='color_orange'>initial</span>:void</span>; <span class='color_blue'>$irvar7 = _t$6<span class='color_orange'>initial</span>:void</span>; <span class='color_blue'>$irvar6 = _t$7<span class='color_orange'>initial</span>:void</span>; <span class='color_blue'>$irvar0 = 0<span class='color_orange'>nullify</span>:void</span>; <span class='color_blue'>return = EXN _t$0<span class='color_orange'>update:195</span>:void</span>; <span class='color_blue'>$irvar1 = 0<span class='color_orange'>nullify</span>:void</span>; <span class='color_blue'>$irvar2 = _t$8<span class='color_orange'>initial</span>:void</span>; <span class='color_blue'>this = @f$1<span class='color_orange'>formal</span>:org.junit.tests.running.classes.ParameterizedTestTest*( sub )</span>; <span class='color_blue'>old_this = @f$1<span class='color_orange'>formal</span>:org.junit.tests.running.classes.ParameterizedTestTest*( sub )</span> ;
    <span class='color_blue'>result|->{failures:@f$0<span class='color_orange'>formal(z)</span>}<span class='color_orange'>formal(z)</span>:org.junit.runner.Result( sub )</span>; <span class='color_blue'>_t$0|->{}<span class='color_orange'>alloc</span>:java.lang.AssertionError</span>; <span class='color_blue'>@f$0|->{}<span class='color_orange'>formal(z)</span>:java.util.concurrent.CopyOnWriteArrayList( sub )</span>
    [footprint
       <span class='color_blue'>this = @f$1<span class='color_orange'>formal</span>:org.junit.tests.running.classes.ParameterizedTestTest*( sub )</span>  ]</span>
    
    .... After Symbolic Execution ....
    PROP 1 of 1:
    <span class='color_blue'><span class='color_blue'>_t$9 != 1</span>; <span class='color_red'>MEMne &lt; void Assert.assertEquals(long,long):195 &gt; <span class='color_orange'>{vpath: }</span>(_t$0)</span>; <span class='color_blue'>MEMna &lt; new[]:194 &gt; <span class='color_orange'>{vpath: }</span>(_t$10)</span>; <span class='color_blue'>UND &lt; Result JUnitCore.runClasses(Computer,Class[]) &gt; :53(result)</span>; <span class='color_blue'>UND &lt; int CopyOnWriteArrayList.size() &gt; :68(_t$9)</span>; <span class='color_blue'>RET &lt; int Result.getFailureCount() &gt; (_t$9)</span> ;
    <span class='color_blue'>result = <span class='color_red'>_t$1<span class='color_orange'>update:194</span></span>:org.junit.runner.Result*</span>; <span class='color_blue'>$irvar3 = <span class='color_red'>_t$2<span class='color_orange'>initial</span></span>:void</span>; <span class='color_blue'>failures = <span class='color_red'>_t$3<span class='color_orange'>initial</span></span>:java.util.List*</span>; <span class='color_blue'>$irvar5 = <span class='color_red'>_t$4<span class='color_orange'>initial</span></span>:void</span>; <span class='color_blue'>$irvar4 = _t$5<span class='color_orange'>initial</span>:void</span>; <span class='color_blue'>$irvar7 = <span class='color_red'>_t$6<span class='color_orange'>initial</span></span>:void</span>; <span class='color_blue'>$irvar6 = <span class='color_red'>_t$7<span class='color_orange'>initial</span></span>:void</span>; <span class='color_blue'>$irvar0 = 0<span class='color_orange'>nullify</span>:void</span>; <span class='color_blue'>return = <span class='color_red'>EXN _t$0<span class='color_orange'>update:195</span></span>:void</span>; <span class='color_blue'>$irvar1 = <span class='color_red'>0<span class='color_orange'>nullify</span></span>:void</span>; <span class='color_blue'>$irvar2 = <span class='color_red'>_t$8<span class='color_orange'>initial</span></span>:void</span>; <span class='color_blue'>this = <span class='color_red'>@f$1<span class='color_orange'>formal</span></span>:org.junit.tests.running.classes.ParameterizedTestTest*( sub )</span>; <span class='color_blue'>old_this = <span class='color_red'>@f$1<span class='color_orange'>formal</span></span>:org.junit.tests.running.classes.ParameterizedTestTest*( sub )</span> ;
    <span class='color_red'>result|->{failures:@f$0<span class='color_orange'>formal(z)</span>}<span class='color_orange'>formal(z)</span>:org.junit.runner.Result( sub )</span>; <span class='color_red'>_t$0|->{}<span class='color_orange'>alloc</span>:java.lang.AssertionError</span>; <span class='color_red'>@f$0|->{}<span class='color_orange'>formal(z)</span>:java.util.concurrent.CopyOnWriteArrayList( sub )</span>
    [footprint
       <span class='color_blue'>this = <span class='color_red'>@f$1<span class='color_orange'>formal</span></span>:org.junit.tests.running.classes.ParameterizedTestTest*( sub )</span>  ]</span>
    
    
    
  </LISTING>
<hr width="100%">
<a name="session78" href="./../nodes/org.junit.tests.running.classes.ParameterizedTestTest.failureOnInitialization%28%29%3Avoid.787a9606de8f715d36fe0aceeb30c685_node8.html#session78">node8#session78</a>(<a href="./../../ParameterizedTestTest.java.88da44e98279dfa32c0c7e5c52f053d0.html#LINE195">195</a>) biabduction
<LISTING class='color_black'>**** [RE:Pending] void ParameterizedTestTest.failureOnInitialization() Node: 8, Procedure: void ParameterizedTestTest.failureOnInitialization(), Todo: 1 ****
  PROP 1 of 1:
  <span class='color_blue'><span class='color_red'>MEMna &lt; new[]:194 &gt; <span class='color_orange'>{vpath: }</span>(_t$11)</span>; <span class='color_red'>UND &lt; Result JUnitCore.runClasses(Computer,Class[]) &gt; :53(result)</span>; <span class='color_red'>UND &lt; int CopyOnWriteArrayList.size() &gt; :68($irvar1)</span>; <span class='color_red'>RET &lt; int Result.getFailureCount() &gt; ($irvar1)</span> ;
  <span class='color_red'>result = _t$9<span class='color_orange'>update:194</span>:org.junit.runner.Result*</span>; <span class='color_red'>$irvar3 = _t$8<span class='color_orange'>initial</span>:void</span>; <span class='color_red'>failures = _t$7<span class='color_orange'>initial</span>:java.util.List*</span>; <span class='color_red'>$irvar5 = _t$6<span class='color_orange'>initial</span>:void</span>; <span class='color_red'>$irvar4 = _t$5<span class='color_orange'>initial</span>:void</span>; <span class='color_red'>$irvar7 = _t$4<span class='color_orange'>initial</span>:void</span>; <span class='color_red'>$irvar6 = _t$3<span class='color_orange'>initial</span>:void</span>; <span class='color_red'>$irvar0 = 0<span class='color_orange'>nullify</span>:void</span>; <span class='color_red'>return = _t$2<span class='color_orange'>initial</span>:void</span>; <span class='color_red'>$irvar1 = _t$1<span class='color_orange'>update:195</span>:void</span>; <span class='color_red'>$irvar2 = _t$0<span class='color_orange'>initial</span>:void</span>; <span class='color_red'>this = val$1<span class='color_orange'>formal</span>:org.junit.tests.running.classes.ParameterizedTestTest*( sub )</span>; <span class='color_red'>old_this = val$1<span class='color_orange'>formal</span>:org.junit.tests.running.classes.ParameterizedTestTest*( sub )</span> ;
  <span class='color_red'>_t$10|->{}<span class='color_orange'>formal(z)</span>:java.util.concurrent.CopyOnWriteArrayList( sub )</span>; <span class='color_red'>result|->{failures:_t$10<span class='color_orange'>formal(z)</span>}<span class='color_orange'>formal(z)</span>:org.junit.runner.Result( sub )</span></span>
  .... Instructions: ....
  <span class='color_green'>n$7=*&amp;$irvar1:int [line 195];
  n$8=_fun_void Assert.assertEquals(long,long)(1:long,(long)n$7:long) [line 195];
  NULLIFY(&amp;$irvar1); [line 195];
  EXIT_SCOPE(n$7,n$8,$irvar1); [line 195];
  </span>
  
  Processing prop 1/1
    Instruction <span class='color_green'>n$7=*&amp;$irvar1:int [line 195]</span>
    in vpath_find exp:n$128
    vpath_find: cannot find n$128
    .... Rearrangement Start ....
    Exp: &amp;$irvar1
    Prop:
    <span class='color_blue'>MEMna &lt; new[]:194 &gt; <span class='color_orange'>{vpath: }</span>(n$128); UND &lt; Result JUnitCore.runClasses(Computer,Class[]) &gt; :53(result); UND &lt; int CopyOnWriteArrayList.size() &gt; :68($irvar1); RET &lt; int Result.getFailureCount() &gt; ($irvar1) ;
    result = n$118<span class='color_orange'>update:194</span>:org.junit.runner.Result*; $irvar3 = n$119<span class='color_orange'>initial</span>:void; failures = n$120<span class='color_orange'>initial</span>:java.util.List*; $irvar5 = n$121<span class='color_orange'>initial</span>:void; $irvar4 = n$122<span class='color_orange'>initial</span>:void; $irvar7 = n$123<span class='color_orange'>initial</span>:void; $irvar6 = n$124<span class='color_orange'>initial</span>:void; $irvar0 = 0<span class='color_orange'>nullify</span>:void; return = n$125<span class='color_orange'>initial</span>:void; $irvar1 = n$126<span class='color_orange'>update:195</span>:void; $irvar2 = n$127<span class='color_orange'>initial</span>:void; this = val$1<span class='color_orange'>formal</span>:org.junit.tests.running.classes.ParameterizedTestTest*( sub ); old_this = val$1<span class='color_orange'>formal</span>:org.junit.tests.running.classes.ParameterizedTestTest*( sub ) ;
    result|->{failures:n$117<span class='color_orange'>formal(z)</span>}<span class='color_orange'>formal(z)</span>:org.junit.runner.Result( sub ); n$117|->{}<span class='color_orange'>formal(z)</span>:java.util.concurrent.CopyOnWriteArrayList( sub )</span>
    
    Prover.check_inconsistency_base: inconsistency reason [None]
    Prover.check_inconsistency_base: inconsistency reason [None]
    Instruction Returns
    PROP 1 of 1:
    <span class='color_blue'><span class='color_red'>MEMna &lt; new[]:194 &gt; <span class='color_orange'>{vpath: }</span>(_t$10)</span>; <span class='color_red'>UND &lt; Result JUnitCore.runClasses(Computer,Class[]) &gt; :53(result)</span>; <span class='color_red'>UND &lt; int CopyOnWriteArrayList.size() &gt; :68($irvar1)</span>; <span class='color_red'>RET &lt; int Result.getFailureCount() &gt; ($irvar1)</span> ;
    <span class='color_blue'>result = <span class='color_red'>_t$8<span class='color_orange'>update:194</span></span>:org.junit.runner.Result*</span>; <span class='color_blue'>$irvar3 = <span class='color_red'>_t$7<span class='color_orange'>initial</span></span>:void</span>; <span class='color_blue'>failures = <span class='color_red'>_t$6<span class='color_orange'>initial</span></span>:java.util.List*</span>; <span class='color_blue'>$irvar5 = <span class='color_red'>_t$5<span class='color_orange'>initial</span></span>:void</span>; <span class='color_blue'>$irvar4 = <span class='color_red'>_t$4<span class='color_orange'>initial</span></span>:void</span>; <span class='color_blue'>$irvar7 = <span class='color_red'>_t$3<span class='color_orange'>initial</span></span>:void</span>; <span class='color_blue'>$irvar6 = <span class='color_red'>_t$2<span class='color_orange'>initial</span></span>:void</span>; <span class='color_blue'>$irvar0 = 0<span class='color_orange'>nullify</span>:void</span>; <span class='color_blue'>return = <span class='color_red'>_t$1<span class='color_orange'>initial</span></span>:void</span>; <span class='color_blue'>$irvar1 = <span class='color_red'>n$7<span class='color_orange'>update:195</span></span>:void</span>; <span class='color_blue'>$irvar2 = _t$0<span class='color_orange'>initial</span>:void</span>; <span class='color_blue'>this = val$1<span class='color_orange'>formal</span>:org.junit.tests.running.classes.ParameterizedTestTest*( sub )</span>; <span class='color_blue'>old_this = val$1<span class='color_orange'>formal</span>:org.junit.tests.running.classes.ParameterizedTestTest*( sub )</span> ;
    <span class='color_blue'>_t$9|->{}<span class='color_orange'>formal(z)</span>:java.util.concurrent.CopyOnWriteArrayList( sub )</span>; <span class='color_red'>result|->{failures:_t$9<span class='color_orange'>formal(z)</span>}<span class='color_orange'>formal(z)</span>:org.junit.runner.Result( sub )</span></span>
    
    Instruction <span class='color_green'>n$8=_fun_void Assert.assertEquals(long,long)(1:long,(long)n$7:long) [line 195]</span>
    in vpath_find exp:n$139
    vpath_find: cannot find n$139
    Found 2 specs for function org.junit.Assert.assertEquals(long,long):void
    START EXECUTING SPECS FOR org.junit.Assert.assertEquals(long,long):void from state
    <span class='color_blue'>MEMna &lt; new[]:194 &gt; <span class='color_orange'>{vpath: }</span>(n$139); UND &lt; Result JUnitCore.runClasses(Computer,Class[]) &gt; :53(result); UND &lt; int CopyOnWriteArrayList.size() &gt; :68($irvar1); RET &lt; int Result.getFailureCount() &gt; ($irvar1) ;
    result = n$130<span class='color_orange'>update:194</span>:org.junit.runner.Result*; $irvar3 = n$131<span class='color_orange'>initial</span>:void; failures = n$132<span class='color_orange'>initial</span>:java.util.List*; $irvar5 = n$133<span class='color_orange'>initial</span>:void; $irvar4 = n$134<span class='color_orange'>initial</span>:void; $irvar7 = n$135<span class='color_orange'>initial</span>:void; $irvar6 = n$136<span class='color_orange'>initial</span>:void; $irvar0 = 0<span class='color_orange'>nullify</span>:void; return = n$137<span class='color_orange'>initial</span>:void; $irvar1 = n$7<span class='color_orange'>update:195</span>:void; $irvar2 = n$138<span class='color_orange'>initial</span>:void; this = val$1<span class='color_orange'>formal</span>:org.junit.tests.running.classes.ParameterizedTestTest*( sub ); old_this = val$1<span class='color_orange'>formal</span>:org.junit.tests.running.classes.ParameterizedTestTest*( sub ) ;
    result|->{failures:n$129<span class='color_orange'>formal(z)</span>}<span class='color_orange'>formal(z)</span>:org.junit.runner.Result( sub ); n$129|->{}<span class='color_orange'>formal(z)</span>:java.util.concurrent.CopyOnWriteArrayList( sub )</span>
    EXECUTING SPEC 1/2
    ACTUAL PRECONDITION =
      <span class='color_blue'>MEMna &lt; new[]:194 &gt; <span class='color_orange'>{vpath: }</span>(n$139); UND &lt; Result JUnitCore.runClasses(Computer,Class[]) &gt; :53(result); UND &lt; int CopyOnWriteArrayList.size() &gt; :68($irvar1); RET &lt; int Result.getFailureCount() &gt; ($irvar1) ;
      result = n$130<span class='color_orange'>update:194</span>:org.junit.runner.Result*; actual|callee = n$7<span class='color_orange'>actual_precondition</span>:long; $irvar3 = n$131<span class='color_orange'>initial</span>:void; failures = n$132<span class='color_orange'>initial</span>:java.util.List*; $irvar5 = n$133<span class='color_orange'>initial</span>:void; $irvar4 = n$134<span class='color_orange'>initial</span>:void; $irvar7 = n$135<span class='color_orange'>initial</span>:void; $irvar6 = n$136<span class='color_orange'>initial</span>:void; $irvar0 = 0<span class='color_orange'>nullify</span>:void; return = n$137<span class='color_orange'>initial</span>:void; $irvar1 = n$7<span class='color_orange'>update:195</span>:void; $irvar2 = n$138<span class='color_orange'>initial</span>:void; this = val$1<span class='color_orange'>formal</span>:org.junit.tests.running.classes.ParameterizedTestTest*( sub ); old_this = val$1<span class='color_orange'>formal</span>:org.junit.tests.running.classes.ParameterizedTestTest*( sub ); expected|callee = 1<span class='color_orange'>actual_precondition</span>:long ;
      result|->{failures:n$129<span class='color_orange'>formal(z)</span>}<span class='color_orange'>formal(z)</span>:org.junit.runner.Result( sub ); n$129|->{}<span class='color_orange'>formal(z)</span>:java.util.concurrent.CopyOnWriteArrayList( sub )</span>
    SPEC =
      --------------------------- ---------- ---------------------------
      PRE:
      <span class='color_blue'><span class='color_blue'>actual|callee = _t$159<span class='color_orange'>formal</span>:long( sub ); expected|callee = _t$159<span class='color_orange'>formal</span>:long( sub )</span></span>
      POST 1 of 1:
      <span class='color_blue'><span class='color_red'>return|callee = _t$160<span class='color_orange'>initial</span>:void</span></span>
      ----------------------------------------------------------------
    pre_check_pure_implication
    pi1:
      MEMna &lt; new[]:194 &gt; <span class='color_orange'>{vpath: }</span>(n$139); UND &lt; Result JUnitCore.runClasses(Computer,Class[]) &gt; :53(n$130); UND &lt; int CopyOnWriteArrayList.size() &gt; :68(n$7); RET &lt; int Result.getFailureCount() &gt; (n$7)
    pi2:
      
    returns
    sub1:
      
    sub2:
      
    Current Implication
    SUB:
      
    <span class='color_blue'>MEMna &lt; new[]:194 &gt; <span class='color_orange'>{vpath: }</span>(n$139); UND &lt; Result JUnitCore.runClasses(Computer,Class[]) &gt; :53(result); UND &lt; int CopyOnWriteArrayList.size() &gt; :68($irvar1); RET &lt; int Result.getFailureCount() &gt; ($irvar1) ;
    result = n$130<span class='color_orange'>update:194</span>:org.junit.runner.Result*; actual|callee = n$7<span class='color_orange'>actual_precondition</span>:long; $irvar3 = n$131<span class='color_orange'>initial</span>:void; failures = n$132<span class='color_orange'>initial</span>:java.util.List*; $irvar5 = n$133<span class='color_orange'>initial</span>:void; $irvar4 = n$134<span class='color_orange'>initial</span>:void; $irvar7 = n$135<span class='color_orange'>initial</span>:void; $irvar6 = n$136<span class='color_orange'>initial</span>:void; $irvar0 = 0<span class='color_orange'>nullify</span>:void; return = n$137<span class='color_orange'>initial</span>:void; $irvar1 = n$7<span class='color_orange'>update:195</span>:void; $irvar2 = n$138<span class='color_orange'>initial</span>:void; this = val$1<span class='color_orange'>formal</span>:org.junit.tests.running.classes.ParameterizedTestTest*( sub ); old_this = val$1<span class='color_orange'>formal</span>:org.junit.tests.running.classes.ParameterizedTestTest*( sub ); expected|callee = 1<span class='color_orange'>actual_precondition</span>:long ;
    result|->{failures:n$129<span class='color_orange'>formal(z)</span>}<span class='color_orange'>formal(z)</span>:org.junit.runner.Result( sub ); n$129|->{}<span class='color_orange'>formal(z)</span>:java.util.concurrent.CopyOnWriteArrayList( sub )</span>
    |-
    <span class='color_blue'>actual|callee = _t$159<span class='color_orange'>formal</span>:long( sub ); expected|callee = _t$159<span class='color_orange'>formal</span>:long( sub )</span>
    
      do_imply n$7 _t$159
        Current Implication
        SUB:
          
        <span class='color_blue'>MEMna &lt; new[]:194 &gt; <span class='color_orange'>{vpath: }</span>(n$139); UND &lt; Result JUnitCore.runClasses(Computer,Class[]) &gt; :53(result); UND &lt; int CopyOnWriteArrayList.size() &gt; :68($irvar1); RET &lt; int Result.getFailureCount() &gt; ($irvar1) ;
        result = n$130<span class='color_orange'>update:194</span>:org.junit.runner.Result*; $irvar3 = n$131<span class='color_orange'>initial</span>:void; failures = n$132<span class='color_orange'>initial</span>:java.util.List*; $irvar5 = n$133<span class='color_orange'>initial</span>:void; $irvar4 = n$134<span class='color_orange'>initial</span>:void; $irvar7 = n$135<span class='color_orange'>initial</span>:void; $irvar6 = n$136<span class='color_orange'>initial</span>:void; $irvar0 = 0<span class='color_orange'>nullify</span>:void; return = n$137<span class='color_orange'>initial</span>:void; $irvar1 = n$7<span class='color_orange'>update:195</span>:void; $irvar2 = n$138<span class='color_orange'>initial</span>:void; this = val$1<span class='color_orange'>formal</span>:org.junit.tests.running.classes.ParameterizedTestTest*( sub ); old_this = val$1<span class='color_orange'>formal</span>:org.junit.tests.running.classes.ParameterizedTestTest*( sub ); expected|callee = 1<span class='color_orange'>actual_precondition</span>:long ;
        result|->{failures:n$129<span class='color_orange'>formal(z)</span>}<span class='color_orange'>formal(z)</span>:org.junit.runner.Result( sub ); n$129|->{}<span class='color_orange'>formal(z)</span>:java.util.concurrent.CopyOnWriteArrayList( sub )</span>
        [SUB: 
          _t$159 = n$7]
        |-
        <span class='color_blue'>expected|callee = n$7<span class='color_orange'>formal</span>:long( sub )</span>
        
          do_imply 1 n$7
          WARNING: footprint failed to find MISSING because: expressions not equal
    EXECUTING SPEC 2/2
    ACTUAL PRECONDITION =
      <span class='color_blue'>MEMna &lt; new[]:194 &gt; <span class='color_orange'>{vpath: }</span>(n$139); UND &lt; Result JUnitCore.runClasses(Computer,Class[]) &gt; :53(result); UND &lt; int CopyOnWriteArrayList.size() &gt; :68($irvar1); RET &lt; int Result.getFailureCount() &gt; ($irvar1) ;
      result = n$130<span class='color_orange'>update:194</span>:org.junit.runner.Result*; actual|callee = n$7<span class='color_orange'>actual_precondition</span>:long; $irvar3 = n$131<span class='color_orange'>initial</span>:void; failures = n$132<span class='color_orange'>initial</span>:java.util.List*; $irvar5 = n$133<span class='color_orange'>initial</span>:void; $irvar4 = n$134<span class='color_orange'>initial</span>:void; $irvar7 = n$135<span class='color_orange'>initial</span>:void; $irvar6 = n$136<span class='color_orange'>initial</span>:void; $irvar0 = 0<span class='color_orange'>nullify</span>:void; return = n$137<span class='color_orange'>initial</span>:void; $irvar1 = n$7<span class='color_orange'>update:195</span>:void; $irvar2 = n$138<span class='color_orange'>initial</span>:void; this = val$1<span class='color_orange'>formal</span>:org.junit.tests.running.classes.ParameterizedTestTest*( sub ); old_this = val$1<span class='color_orange'>formal</span>:org.junit.tests.running.classes.ParameterizedTestTest*( sub ); expected|callee = 1<span class='color_orange'>actual_precondition</span>:long ;
      result|->{failures:n$129<span class='color_orange'>formal(z)</span>}<span class='color_orange'>formal(z)</span>:org.junit.runner.Result( sub ); n$129|->{}<span class='color_orange'>formal(z)</span>:java.util.concurrent.CopyOnWriteArrayList( sub )</span>
    SPEC =
      --------------------------- ---------- ---------------------------
      PRE:
      <span class='color_blue'><span class='color_blue'>actual|callee != expected|callee ;
      actual|callee = _t$161<span class='color_orange'>formal</span>:long( sub ); expected|callee = _t$162<span class='color_orange'>formal</span>:long( sub )</span></span>
      POST 1 of 1:
      <span class='color_blue'>actual|callee != expected|callee; <span class='color_red'>MEMne &lt; void Assert.assertEquals(String,long,long):633 &gt; <span class='color_orange'>{vpath: }</span>(_t$163)</span> ;
      <span class='color_red'>return|callee = EXN _t$163<span class='color_orange'>update:633</span>:void</span> ;
      <span class='color_red'>_t$163|->{}<span class='color_orange'>alloc</span>:java.lang.AssertionError</span></span>
      ----------------------------------------------------------------
    pre_check_pure_implication
    pi1:
      MEMna &lt; new[]:194 &gt; <span class='color_orange'>{vpath: }</span>(n$139); UND &lt; Result JUnitCore.runClasses(Computer,Class[]) &gt; :53(n$130); UND &lt; int CopyOnWriteArrayList.size() &gt; :68(n$7); RET &lt; int Result.getFailureCount() &gt; (n$7)
    pi2:
      _t$161 != _t$162
    returns
    sub1:
      
    sub2:
      
    Current Implication
    SUB:
      
    <span class='color_blue'>MEMna &lt; new[]:194 &gt; <span class='color_orange'>{vpath: }</span>(n$139); UND &lt; Result JUnitCore.runClasses(Computer,Class[]) &gt; :53(result); UND &lt; int CopyOnWriteArrayList.size() &gt; :68($irvar1); RET &lt; int Result.getFailureCount() &gt; ($irvar1) ;
    result = n$130<span class='color_orange'>update:194</span>:org.junit.runner.Result*; actual|callee = n$7<span class='color_orange'>actual_precondition</span>:long; $irvar3 = n$131<span class='color_orange'>initial</span>:void; failures = n$132<span class='color_orange'>initial</span>:java.util.List*; $irvar5 = n$133<span class='color_orange'>initial</span>:void; $irvar4 = n$134<span class='color_orange'>initial</span>:void; $irvar7 = n$135<span class='color_orange'>initial</span>:void; $irvar6 = n$136<span class='color_orange'>initial</span>:void; $irvar0 = 0<span class='color_orange'>nullify</span>:void; return = n$137<span class='color_orange'>initial</span>:void; $irvar1 = n$7<span class='color_orange'>update:195</span>:void; $irvar2 = n$138<span class='color_orange'>initial</span>:void; this = val$1<span class='color_orange'>formal</span>:org.junit.tests.running.classes.ParameterizedTestTest*( sub ); old_this = val$1<span class='color_orange'>formal</span>:org.junit.tests.running.classes.ParameterizedTestTest*( sub ); expected|callee = 1<span class='color_orange'>actual_precondition</span>:long ;
    result|->{failures:n$129<span class='color_orange'>formal(z)</span>}<span class='color_orange'>formal(z)</span>:org.junit.runner.Result( sub ); n$129|->{}<span class='color_orange'>formal(z)</span>:java.util.concurrent.CopyOnWriteArrayList( sub )</span>
    |-
    <span class='color_blue'>actual|callee = _t$161<span class='color_orange'>formal</span>:long( sub ); expected|callee = _t$162<span class='color_orange'>formal</span>:long( sub )</span>
    
      do_imply n$7 _t$161
        Current Implication
        SUB:
          
        <span class='color_blue'>MEMna &lt; new[]:194 &gt; <span class='color_orange'>{vpath: }</span>(n$139); UND &lt; Result JUnitCore.runClasses(Computer,Class[]) &gt; :53(result); UND &lt; int CopyOnWriteArrayList.size() &gt; :68($irvar1); RET &lt; int Result.getFailureCount() &gt; ($irvar1) ;
        result = n$130<span class='color_orange'>update:194</span>:org.junit.runner.Result*; $irvar3 = n$131<span class='color_orange'>initial</span>:void; failures = n$132<span class='color_orange'>initial</span>:java.util.List*; $irvar5 = n$133<span class='color_orange'>initial</span>:void; $irvar4 = n$134<span class='color_orange'>initial</span>:void; $irvar7 = n$135<span class='color_orange'>initial</span>:void; $irvar6 = n$136<span class='color_orange'>initial</span>:void; $irvar0 = 0<span class='color_orange'>nullify</span>:void; return = n$137<span class='color_orange'>initial</span>:void; $irvar1 = n$7<span class='color_orange'>update:195</span>:void; $irvar2 = n$138<span class='color_orange'>initial</span>:void; this = val$1<span class='color_orange'>formal</span>:org.junit.tests.running.classes.ParameterizedTestTest*( sub ); old_this = val$1<span class='color_orange'>formal</span>:org.junit.tests.running.classes.ParameterizedTestTest*( sub ); expected|callee = 1<span class='color_orange'>actual_precondition</span>:long ;
        result|->{failures:n$129<span class='color_orange'>formal(z)</span>}<span class='color_orange'>formal(z)</span>:org.junit.runner.Result( sub ); n$129|->{}<span class='color_orange'>formal(z)</span>:java.util.concurrent.CopyOnWriteArrayList( sub )</span>
        [SUB: 
          _t$161 = n$7]
        |-
        <span class='color_blue'>expected|callee = _t$162<span class='color_orange'>formal</span>:long( sub )</span>
        
          do_imply 1 _t$162
            Final Implication
            SUB:
              
            <span class='color_blue'>MEMna &lt; new[]:194 &gt; <span class='color_orange'>{vpath: }</span>(n$139); UND &lt; Result JUnitCore.runClasses(Computer,Class[]) &gt; :53(result); UND &lt; int CopyOnWriteArrayList.size() &gt; :68($irvar1); RET &lt; int Result.getFailureCount() &gt; ($irvar1) ;
            result = n$130<span class='color_orange'>update:194</span>:org.junit.runner.Result*; $irvar3 = n$131<span class='color_orange'>initial</span>:void; failures = n$132<span class='color_orange'>initial</span>:java.util.List*; $irvar5 = n$133<span class='color_orange'>initial</span>:void; $irvar4 = n$134<span class='color_orange'>initial</span>:void; $irvar7 = n$135<span class='color_orange'>initial</span>:void; $irvar6 = n$136<span class='color_orange'>initial</span>:void; $irvar0 = 0<span class='color_orange'>nullify</span>:void; return = n$137<span class='color_orange'>initial</span>:void; $irvar1 = n$7<span class='color_orange'>update:195</span>:void; $irvar2 = n$138<span class='color_orange'>initial</span>:void; this = val$1<span class='color_orange'>formal</span>:org.junit.tests.running.classes.ParameterizedTestTest*( sub ); old_this = val$1<span class='color_orange'>formal</span>:org.junit.tests.running.classes.ParameterizedTestTest*( sub ) ;
            result|->{failures:n$129<span class='color_orange'>formal(z)</span>}<span class='color_orange'>formal(z)</span>:org.junit.runner.Result( sub ); n$129|->{}<span class='color_orange'>formal(z)</span>:java.util.concurrent.CopyOnWriteArrayList( sub )</span>
            [SUB: 
              _t$161 = n$7; _t$162 = 1]
            |-
            <span class='color_blue'></span>
    imply_pi: adding missing atom _t$161 != _t$162
    Result of Abduction
      SUB:
        
      <span class='color_blue'>MEMna &lt; new[]:194 &gt; <span class='color_orange'>{vpath: }</span>(n$139); UND &lt; Result JUnitCore.runClasses(Computer,Class[]) &gt; :53(result); UND &lt; int CopyOnWriteArrayList.size() &gt; :68($irvar1); RET &lt; int Result.getFailureCount() &gt; ($irvar1) ;
      result = n$130<span class='color_orange'>update:194</span>:org.junit.runner.Result*; actual|callee = n$7<span class='color_orange'>actual_precondition</span>:long; $irvar3 = n$131<span class='color_orange'>initial</span>:void; failures = n$132<span class='color_orange'>initial</span>:java.util.List*; $irvar5 = n$133<span class='color_orange'>initial</span>:void; $irvar4 = n$134<span class='color_orange'>initial</span>:void; $irvar7 = n$135<span class='color_orange'>initial</span>:void; $irvar6 = n$136<span class='color_orange'>initial</span>:void; $irvar0 = 0<span class='color_orange'>nullify</span>:void; return = n$137<span class='color_orange'>initial</span>:void; $irvar1 = n$7<span class='color_orange'>update:195</span>:void; $irvar2 = n$138<span class='color_orange'>initial</span>:void; this = val$1<span class='color_orange'>formal</span>:org.junit.tests.running.classes.ParameterizedTestTest*( sub ); old_this = val$1<span class='color_orange'>formal</span>:org.junit.tests.running.classes.ParameterizedTestTest*( sub ); expected|callee = 1<span class='color_orange'>actual_precondition</span>:long ;
      result|->{failures:n$129<span class='color_orange'>formal(z)</span>}<span class='color_orange'>formal(z)</span>:org.junit.runner.Result( sub ); n$129|->{}<span class='color_orange'>formal(z)</span>:java.util.concurrent.CopyOnWriteArrayList( sub )</span>
      [SUB: 
        _t$161 = n$7; _t$162 = 1
      _t$161 != _t$162]
      |-
      <span class='color_blue'>actual|callee != 1 ;
      actual|callee = n$7<span class='color_orange'>formal</span>:long( sub ); expected|callee = 1<span class='color_orange'>formal</span>:long( sub )</span>
    returning TRUE
    in vpath_find exp:_t$163
    vpath_find: cannot find _t$163
      New footprint:
      n$7 != 1
      Frame fld:
      
      Missing fld:
      
      Instantiated frame:
      n$130|->{failures:n$129<span class='color_orange'>formal(z)</span>}<span class='color_orange'>formal(z)</span>:org.junit.runner.Result( sub ); n$129|->{}<span class='color_orange'>formal(z)</span>:java.util.concurrent.CopyOnWriteArrayList( sub ); &amp;result|->n$130<span class='color_orange'>update:194</span>:org.junit.runner.Result*; &amp;$irvar3|->n$131<span class='color_orange'>initial</span>:void; &amp;failures|->n$132<span class='color_orange'>initial</span>:java.util.List*; &amp;$irvar5|->n$133<span class='color_orange'>initial</span>:void; &amp;$irvar4|->n$134<span class='color_orange'>initial</span>:void; &amp;$irvar7|->n$135<span class='color_orange'>initial</span>:void; &amp;$irvar6|->n$136<span class='color_orange'>initial</span>:void; &amp;$irvar0|->0<span class='color_orange'>nullify</span>:void; &amp;return|->n$137<span class='color_orange'>initial</span>:void; &amp;$irvar1|->n$7<span class='color_orange'>update:195</span>:void; &amp;$irvar2|->n$138<span class='color_orange'>initial</span>:void; &amp;this|->val$1<span class='color_orange'>formal</span>:org.junit.tests.running.classes.ParameterizedTestTest*( sub ); &amp;old_this|->val$1<span class='color_orange'>formal</span>:org.junit.tests.running.classes.ParameterizedTestTest*( sub )
      Instantiated post:
      PROP 1 of 1:
      <span class='color_blue'><span class='color_red'>n$7 != 1</span>; <span class='color_red'>MEMne &lt; void Assert.assertEquals(long,long):195 &gt; <span class='color_orange'>{vpath: }</span>(_t$163)</span> ;
      <span class='color_red'>return|callee = EXN _t$163<span class='color_orange'>update:195</span>:void</span> ;
      <span class='color_red'>_t$163|->{}<span class='color_orange'>alloc</span>:java.lang.AssertionError</span></span>
      
    ***** RESULTS FUNCTION CALL *******
    PROP 1 of 1:
    <span class='color_blue'><span class='color_blue'>$irvar1 != 1</span>; <span class='color_red'>MEMne &lt; void Assert.assertEquals(long,long):195 &gt; <span class='color_orange'>{vpath: }</span>(_t$0)</span>; <span class='color_blue'>MEMna &lt; new[]:194 &gt; <span class='color_orange'>{vpath: }</span>(n$139)</span>; <span class='color_blue'>UND &lt; Result JUnitCore.runClasses(Computer,Class[]) &gt; :53(result)</span>; <span class='color_blue'>UND &lt; int CopyOnWriteArrayList.size() &gt; :68($irvar1)</span>; <span class='color_blue'>RET &lt; int Result.getFailureCount() &gt; ($irvar1)</span> ;
    <span class='color_blue'>result = n$130<span class='color_orange'>update:194</span>:org.junit.runner.Result*</span>; <span class='color_blue'>$irvar3 = n$131<span class='color_orange'>initial</span>:void</span>; <span class='color_blue'>failures = n$132<span class='color_orange'>initial</span>:java.util.List*</span>; <span class='color_blue'>$irvar5 = n$133<span class='color_orange'>initial</span>:void</span>; <span class='color_blue'>$irvar4 = n$134<span class='color_orange'>initial</span>:void</span>; <span class='color_blue'>$irvar7 = n$135<span class='color_orange'>initial</span>:void</span>; <span class='color_blue'>$irvar6 = n$136<span class='color_orange'>initial</span>:void</span>; <span class='color_blue'>$irvar0 = 0<span class='color_orange'>nullify</span>:void</span>; <span class='color_blue'>return = <span class='color_red'>EXN _t$0<span class='color_orange'>update:195</span></span>:void</span>; <span class='color_blue'>$irvar1 = n$7<span class='color_orange'>update:195</span>:void</span>; <span class='color_blue'>$irvar2 = n$138<span class='color_orange'>initial</span>:void</span>; <span class='color_blue'>this = val$1<span class='color_orange'>formal</span>:org.junit.tests.running.classes.ParameterizedTestTest*( sub )</span>; <span class='color_blue'>old_this = val$1<span class='color_orange'>formal</span>:org.junit.tests.running.classes.ParameterizedTestTest*( sub )</span> ;
    <span class='color_red'>_t$0|->{}<span class='color_orange'>alloc</span>:java.lang.AssertionError</span>; <span class='color_blue'>result|->{failures:n$129<span class='color_orange'>formal(z)</span>}<span class='color_orange'>formal(z)</span>:org.junit.runner.Result( sub )</span>; <span class='color_blue'>n$129|->{}<span class='color_orange'>formal(z)</span>:java.util.concurrent.CopyOnWriteArrayList( sub )</span></span>
    ***** END RESULTS FUNCTION CALL *******
    pvar: result
    <span class='color_red'>found error in dereference</span>
    spec_pre:
    <span class='color_blue'>$irvar1 != 1; MEMne &lt; void Assert.assertEquals(long,long):195 &gt; <span class='color_orange'>{vpath: }</span>(_t$163); MEMna &lt; new[]:194 &gt; <span class='color_orange'>{vpath: }</span>(n$139); UND &lt; Result JUnitCore.runClasses(Computer,Class[]) &gt; :53(result); UND &lt; int CopyOnWriteArrayList.size() &gt; :68($irvar1); RET &lt; int Result.getFailureCount() &gt; ($irvar1) ;
    result = n$130<span class='color_orange'>update:194</span>:org.junit.runner.Result*; $irvar3 = n$131<span class='color_orange'>initial</span>:void; failures = n$132<span class='color_orange'>initial</span>:java.util.List*; $irvar5 = n$133<span class='color_orange'>initial</span>:void; $irvar4 = n$134<span class='color_orange'>initial</span>:void; $irvar7 = n$135<span class='color_orange'>initial</span>:void; $irvar6 = n$136<span class='color_orange'>initial</span>:void; $irvar0 = 0<span class='color_orange'>nullify</span>:void; return = EXN _t$163<span class='color_orange'>update:195</span>:void; $irvar1 = n$7<span class='color_orange'>update:195</span>:void; $irvar2 = n$138<span class='color_orange'>initial</span>:void; this = val$1<span class='color_orange'>formal</span>:org.junit.tests.running.classes.ParameterizedTestTest*( sub ); old_this = val$1<span class='color_orange'>formal</span>:org.junit.tests.running.classes.ParameterizedTestTest*( sub ) ;
    _t$163|->{}<span class='color_orange'>alloc</span>:java.lang.AssertionError; result|->{failures:n$129<span class='color_orange'>formal(z)</span>}<span class='color_orange'>formal(z)</span>:org.junit.runner.Result( sub ); n$129|->{}<span class='color_orange'>formal(z)</span>:java.util.concurrent.CopyOnWriteArrayList( sub )</span>
    exp n$130 desc: 
    Prover.check_inconsistency_base: inconsistency reason [None]
    Prover.check_inconsistency_base: inconsistency reason [None]
    Prover.check_inconsistency_base: inconsistency reason [None]
    Prover.check_inconsistency_base: inconsistency reason [None]
    Missing pure facts for the function call:
    pi: n$7 != 1
    Prover.check_inconsistency_base: inconsistency reason [None]
    <span class='color_red'>Failure of symbolic execution: PRECONDITION_NOT_MET in call to `assertEquals(...)` at line 195 src/biabduction/Tabulation.ml:1329:66-73:</span>
    Precondition:
    <span class='color_blue'></span>
    SIL INSTR:
    <span class='color_green'>n$7=*&amp;$irvar1:int [line 195];
    <span class='color_red'>n$8=_fun_void Assert.assertEquals(long,long)(1:long,(long)n$7:long) [line 195]</span>;
    NULLIFY(&amp;$irvar1); [line 195];
    EXIT_SCOPE(n$7,n$8,$irvar1); [line 195];
    </span>
    </LISTING>