<!DOCTYPE HTML PUBLIC "-//W3C//DTD HTML 4.01 Transitional//EN">
<html>
<head>
<title>org.junit.tests.running.classes.ClassLevelMethodsWithIgnoredTestsTest.classRuleShouldNotBeAppliedWhe.00d3471e6fd75cf91eb2c9a3ff16d220_node4</title>
<meta http-equiv="Content-Type" content="text/html; charset=utf-8">
<style type="text/css">
body { background-color:#fff; color:#000; font-family:Helvetica, sans-serif; font-size:10pt }
h1 { font-size:14pt }
.code { border-collapse:collapse; width:100%; font-family: "Andale Mono", monospace; font-size:10pt; line-height: 1.2em }
.color_black { color: black }
.color_blue { color: blue }
.color_green { color: green }
.color_orange { color: orange }
.color_red { color: red }
.line { border-left: 3px solid #ccc; padding-left: 1ex; white-space: pre; }
.msg { background-color:#fff8b4; color:#000; float:left; font-family:Helvetica, sans-serif; font-size: smaller; font-weight: bold; margin-bottom:10px; margin-top:10px; max-width:60em; padding:0.5em 1ex 0.5em 1ex; -webkit-border-radius:5px; -webkit-box-shadow:1px 1px 7px #000; white-space: pre-wrap; word-wrap: break-word; }
.num { background-color:#eee; color:#444; font-size: smaller; padding-right:2ex; text-align:right; width:2.5em; }
.dangling { background-color:white; color: gray; }
.visited { background-color:LemonChiffon; color: darkmagenta; }
.tooltip { display: none; background-color:#FFF0F0; border: 2px solid #F00; font-weight: normal; left:10em; padding: 2px; position: absolute; top: -1em; -webkit-border-radius:5px; -webkit-box-shadow:1px 1px 7px #000; z-index: 1}
.with_tooltip { position: relative; }
.with_tooltip:hover .tooltip, .visited:hover .tooltip { display: block; }
</style>
</head>
<body>
<center><h1>Cfg Node <a href="./../../ClassLevelMethodsWithIgnoredTestsTest.java.3d63a9554dc471facef2cc12db6ffb29.html#LINE141">4</a></h1></center>PROC: <a href="./../org.junit.tests.running.classes.ClassLevelMethodsWithIgnoredTestsTest.classRuleShouldNotBeAppliedWhe.00d3471e6fd75cf91eb2c9a3ff16d220.html">void ClassLevelMethodsWithIgnoredTestsTest.classRuleShouldNotBeAppliedWhenAllTestsAreIgnored()</a> LINE: <a href="./../../ClassLevelMethodsWithIgnoredTestsTest.java.3d63a9554dc471facef2cc12db6ffb29.html#LINE141">141</a>
<br>PREDS:
<a href="./../nodes/org.junit.tests.running.classes.ClassLevelMethodsWithIgnoredTestsTest.classRuleShouldNotBeAppliedWhe.00d3471e6fd75cf91eb2c9a3ff16d220_node1.html"><span class='visited with_tooltip'>N_1<span class='tooltip'>node1 preds: succs:4 exn:2 </span></span></a><br>SUCCS:
<a href="./../nodes/org.junit.tests.running.classes.ClassLevelMethodsWithIgnoredTestsTest.classRuleShouldNotBeAppliedWhe.00d3471e6fd75cf91eb2c9a3ff16d220_node5.html"><span class='visited with_tooltip'>N_5<span class='tooltip'>node5 preds:4 succs:2 exn:3 </span></span></a><br>EXN:
<a href="./../nodes/org.junit.tests.running.classes.ClassLevelMethodsWithIgnoredTestsTest.classRuleShouldNotBeAppliedWhe.00d3471e6fd75cf91eb2c9a3ff16d220_node3.html"><span class='visited with_tooltip'>N_3<span class='tooltip'>node3 preds: succs:2 exn:2 </span></span></a><br>
<LISTING class='color_green'>n$0=*&amp;this:org.junit.tests.running.classes.ClassLevelMethodsWithIgnoredTestsTest* [line 141];
n$1=_fun_void ClassLevelMethodsWithIgnoredTestsTest.runClassAndVerifyNoFailures(Class,String)(n$0:org.junit.tests.running.classes.ClassLevelMethodsWithIgnoredTestsTest*,org.junit.tests.running.classes.ClassLevelMethodsWithIgnoredTestsTest$ClassRuleWithIgnoredTest:java.lang.Object*,"The class rule should have been applied because the test method is ignored!":java.lang.Object*) [line 141];
</LISTING>
<hr width="100%">
<a name="session6" href="./../nodes/org.junit.tests.running.classes.ClassLevelMethodsWithIgnoredTestsTest.classRuleShouldNotBeAppliedWhe.00d3471e6fd75cf91eb2c9a3ff16d220_node4.html#session6">node4#session6</a>(<a href="./../../ClassLevelMethodsWithIgnoredTestsTest.java.3d63a9554dc471facef2cc12db6ffb29.html#LINE141">141</a>) [compute pre] liveness 4
<LISTING class='color_black'>JOIN

LEFT:   normal:{ }, exn:{ }
RIGHT:  normal:{ }, exn:{ }
RESULT: normal:{ }, exn:{ }

</LISTING>
<hr width="100%">
<a name="session7" href="./../nodes/org.junit.tests.running.classes.ClassLevelMethodsWithIgnoredTestsTest.classRuleShouldNotBeAppliedWhe.00d3471e6fd75cf91eb2c9a3ff16d220_node4.html#session7">node4#session7</a>(<a href="./../../ClassLevelMethodsWithIgnoredTestsTest.java.3d63a9554dc471facef2cc12db6ffb29.html#LINE141">141</a>) [exec] liveness 4
<LISTING class='color_black'>PRE STATE:
normal:{ }, exn:{ }

INSTR=  n$1=_fun_void ClassLevelMethodsWithIgnoredTestsTest.runClassAndVerifyNoFailures(Class,String)(n$0:org.junit.tests.running.classes.ClassLevelMethodsWithIgnoredTestsTest*,org.junit.tests.running.classes.ClassLevelMethodsWithIgnoredTestsTest$ClassRuleWithIgnoredTest:java.lang.Object*,&quot;The class rule should have been applied because the test method is ignored!&quot;:java.lang.Object*) [line 141]; 

STATE:
normal:{ n$0 }, exn:{ }

INSTR=  n$0=*&amp;this:org.junit.tests.running.classes.ClassLevelMethodsWithIgnoredTestsTest* [line 141]; 

STATE:
normal:{ this }, exn:{ }

</LISTING>
<hr width="100%">
<a name="session11" href="./../nodes/org.junit.tests.running.classes.ClassLevelMethodsWithIgnoredTestsTest.classRuleShouldNotBeAppliedWhe.00d3471e6fd75cf91eb2c9a3ff16d220_node4.html#session11">node4#session11</a>(<a href="./../../ClassLevelMethodsWithIgnoredTestsTest.java.3d63a9554dc471facef2cc12db6ffb29.html#LINE141">141</a>) [compute pre] nullify
<LISTING class='color_black'></LISTING>
<hr width="100%">
<a name="session12" href="./../nodes/org.junit.tests.running.classes.ClassLevelMethodsWithIgnoredTestsTest.classRuleShouldNotBeAppliedWhe.00d3471e6fd75cf91eb2c9a3ff16d220_node4.html#session12">node4#session12</a>(<a href="./../../ClassLevelMethodsWithIgnoredTestsTest.java.3d63a9554dc471facef2cc12db6ffb29.html#LINE141">141</a>) [exec] nullify
<LISTING class='color_black'>PRE STATE:
(normal:{ }, exn:{ },normal:{ }, exn:{ })

INSTR=  n$0=*&amp;this:org.junit.tests.running.classes.ClassLevelMethodsWithIgnoredTestsTest* [line 141]; 

STATE:
(normal:{ n$0 }, exn:{ },normal:{ }, exn:{ })

INSTR=  n$1=_fun_void ClassLevelMethodsWithIgnoredTestsTest.runClassAndVerifyNoFailures(Class,String)(n$0:org.junit.tests.running.classes.ClassLevelMethodsWithIgnoredTestsTest*,org.junit.tests.running.classes.ClassLevelMethodsWithIgnoredTestsTest$ClassRuleWithIgnoredTest:java.lang.Object*,&quot;The class rule should have been applied because the test method is ignored!&quot;:java.lang.Object*) [line 141]; 

STATE:
(normal:{ }, exn:{ },normal:{ n$0, n$1, this }, exn:{ })

</LISTING>
<hr width="100%">
<a name="session20" href="./../nodes/org.junit.tests.running.classes.ClassLevelMethodsWithIgnoredTestsTest.classRuleShouldNotBeAppliedWhe.00d3471e6fd75cf91eb2c9a3ff16d220_node4.html#session20">node4#session20</a>(<a href="./../../ClassLevelMethodsWithIgnoredTestsTest.java.3d63a9554dc471facef2cc12db6ffb29.html#LINE141">141</a>) [compute pre] devirtualizer analysis 4
<LISTING class='color_black'></LISTING>
<hr width="100%">
<a name="session21" href="./../nodes/org.junit.tests.running.classes.ClassLevelMethodsWithIgnoredTestsTest.classRuleShouldNotBeAppliedWhe.00d3471e6fd75cf91eb2c9a3ff16d220_node4.html#session21">node4#session21</a>(<a href="./../../ClassLevelMethodsWithIgnoredTestsTest.java.3d63a9554dc471facef2cc12db6ffb29.html#LINE141">141</a>) [exec] devirtualizer analysis 4
<LISTING class='color_black'>PRE STATE:
{ }

INSTR=  n$0=*&amp;this:org.junit.tests.running.classes.ClassLevelMethodsWithIgnoredTestsTest* [line 141]; 

STATE UNCHANGED

INSTR=  n$1=_fun_void ClassLevelMethodsWithIgnoredTestsTest.runClassAndVerifyNoFailures(Class,String)(n$0:org.junit.tests.running.classes.ClassLevelMethodsWithIgnoredTestsTest*,org.junit.tests.running.classes.ClassLevelMethodsWithIgnoredTestsTest$ClassRuleWithIgnoredTest:java.lang.Object*,&quot;The class rule should have been applied because the test method is ignored!&quot;:java.lang.Object*) [line 141]; 

STATE UNCHANGED

INSTR=  NULLIFY(&amp;this); [line 141]; 

STATE UNCHANGED

INSTR=  EXIT_SCOPE(n$0,n$1,this); [line 141]; 

STATE UNCHANGED

</LISTING>
<hr width="100%">
<a name="session27" href="./../nodes/org.junit.tests.running.classes.ClassLevelMethodsWithIgnoredTestsTest.classRuleShouldNotBeAppliedWhe.00d3471e6fd75cf91eb2c9a3ff16d220_node4.html#session27">node4#session27</a>(<a href="./../../ClassLevelMethodsWithIgnoredTestsTest.java.3d63a9554dc471facef2cc12db6ffb29.html#LINE141">141</a>) [exec] devirtualizer
<LISTING class='color_black'></LISTING>
<hr width="100%">
<a name="session28" href="./../nodes/org.junit.tests.running.classes.ClassLevelMethodsWithIgnoredTestsTest.classRuleShouldNotBeAppliedWhe.00d3471e6fd75cf91eb2c9a3ff16d220_node4.html#session28">node4#session28</a>(<a href="./../../ClassLevelMethodsWithIgnoredTestsTest.java.3d63a9554dc471facef2cc12db6ffb29.html#LINE141">141</a>) [exec] devirtualizer
<LISTING class='color_black'></LISTING>
<hr width="100%">
<a name="session29" href="./../nodes/org.junit.tests.running.classes.ClassLevelMethodsWithIgnoredTestsTest.classRuleShouldNotBeAppliedWhe.00d3471e6fd75cf91eb2c9a3ff16d220_node4.html#session29">node4#session29</a>(<a href="./../../ClassLevelMethodsWithIgnoredTestsTest.java.3d63a9554dc471facef2cc12db6ffb29.html#LINE141">141</a>) [exec] devirtualizer
<LISTING class='color_black'></LISTING>
<hr width="100%">
<a name="session30" href="./../nodes/org.junit.tests.running.classes.ClassLevelMethodsWithIgnoredTestsTest.classRuleShouldNotBeAppliedWhe.00d3471e6fd75cf91eb2c9a3ff16d220_node4.html#session30">node4#session30</a>(<a href="./../../ClassLevelMethodsWithIgnoredTestsTest.java.3d63a9554dc471facef2cc12db6ffb29.html#LINE141">141</a>) [exec] devirtualizer
<LISTING class='color_black'></LISTING>
<hr width="100%">
<a name="session2" href="./../nodes/org.junit.tests.running.classes.ClassLevelMethodsWithIgnoredTestsTest.classRuleShouldNotBeAppliedWhe.00d3471e6fd75cf91eb2c9a3ff16d220_node4.html#session2">node4#session2</a>(<a href="./../../ClassLevelMethodsWithIgnoredTestsTest.java.3d63a9554dc471facef2cc12db6ffb29.html#LINE141">141</a>) [compute pre] starvation
<LISTING class='color_black'></LISTING>
<hr width="100%">
<a name="session3" href="./../nodes/org.junit.tests.running.classes.ClassLevelMethodsWithIgnoredTestsTest.classRuleShouldNotBeAppliedWhe.00d3471e6fd75cf91eb2c9a3ff16d220_node4.html#session3">node4#session3</a>(<a href="./../../ClassLevelMethodsWithIgnoredTestsTest.java.3d63a9554dc471facef2cc12db6ffb29.html#LINE141">141</a>) [exec] starvation
<LISTING class='color_black'>PRE STATE:
{guard_map= { }; lock_state= {map= { }; acquisitions= { }};
 critical_pairs= { }; attributes= { }; thread= UnknownThread;
 scheduled_work= { }; var_state= { }}

INSTR=  n$0=*&amp;this:org.junit.tests.running.classes.ClassLevelMethodsWithIgnoredTestsTest* [line 141]; 

STATE:
{guard_map= { }; lock_state= {map= { }; acquisitions= { }};
 critical_pairs= { }; attributes= { }; thread= UnknownThread;
 scheduled_work= { }; var_state= { n$0 -&gt; this }}

INSTR=  n$1=_fun_void ClassLevelMethodsWithIgnoredTestsTest.runClassAndVerifyNoFailures(Class,String)(n$0:org.junit.tests.running.classes.ClassLevelMethodsWithIgnoredTestsTest*,org.junit.tests.running.classes.ClassLevelMethodsWithIgnoredTestsTest$ClassRuleWithIgnoredTest:java.lang.Object*,&quot;The class rule should have been applied because the test method is ignored!&quot;:java.lang.Object*) [line 141]; 

STATE:
{guard_map= { }; lock_state= {map= { }; acquisitions= { }};
 critical_pairs= { }; attributes= { }; thread= UnknownThread;
 scheduled_work= { }; var_state= { n$0 -&gt; this }}

INSTR=  NULLIFY(&amp;this); [line 141]; 

STATE UNCHANGED

INSTR=  EXIT_SCOPE(n$0,n$1,this); [line 141]; 

STATE:
{guard_map= { }; lock_state= {map= { }; acquisitions= { }};
 critical_pairs= { }; attributes= { }; thread= UnknownThread;
 scheduled_work= { }; var_state= { }}

</LISTING>
<hr width="100%">
<a name="session9" href="./../nodes/org.junit.tests.running.classes.ClassLevelMethodsWithIgnoredTestsTest.classRuleShouldNotBeAppliedWhe.00d3471e6fd75cf91eb2c9a3ff16d220_node4.html#session9">node4#session9</a>(<a href="./../../ClassLevelMethodsWithIgnoredTestsTest.java.3d63a9554dc471facef2cc12db6ffb29.html#LINE141">141</a>) [compute pre] racerd
<LISTING class='color_black'></LISTING>
<hr width="100%">
<a name="session10" href="./../nodes/org.junit.tests.running.classes.ClassLevelMethodsWithIgnoredTestsTest.classRuleShouldNotBeAppliedWhe.00d3471e6fd75cf91eb2c9a3ff16d220_node4.html#session10">node4#session10</a>(<a href="./../../ClassLevelMethodsWithIgnoredTestsTest.java.3d63a9554dc471facef2cc12db6ffb29.html#LINE141">141</a>) [exec] racerd
<LISTING class='color_black'>PRE STATE:
Threads: NoThread, Locks: 0 
Accesses { } 
Ownership: { this -&gt; OwnedIf{ 0 } } 
Attributes: { } 



INSTR=  n$1 := void ClassLevelMethodsWithIgnoredTestsTest.runClassAndVerifyNoFailures(Class,String)({ this,
                                                                    org.junit.tests.running.classes.ClassLevelMethodsWithIgnoredTestsTest$ClassRuleWithIgnoredTest,
                                                                    &quot;The class rule should have been applied because the test method is ignored!&quot; }) [line 141]; 

STATE:
Threads: NoThread, Locks: 0 
Accesses { {elem= Access: Read of model.TestClass.FIELD_COMPARATOR Thread: NoThread Lock: false Pre: Unowned;
            loc= line 78;
            trace= { void ClassLevelMethodsWithIgnoredTestsTest.runClassAndVerifyNoFailures(Class,String) at line 141,
                     Result JUnitCore.runClasses(Class[]) at line 147,
                     Result JUnitCore.runClasses(Computer,Class[]) at line 53,
                     Result JUnitCore.run(Computer,Class[]) at line 66,
                     Request Request.classes(Computer,Class[]) at line 109,
                     Runner Computer.getSuite(RunnerBuilder,Class[]) at line 77,
                     Computer$2.&lt;init&gt;(Computer,RunnerBuilder,Class[]) at line 28,
                     Suite.&lt;init&gt;(RunnerBuilder,Class[]) at line 33,
                     Suite.&lt;init&gt;(Class,List) at line 81,
                     ParentRunner.&lt;init&gt;(Class) at line 112,
                     TestClass ParentRunner.createTestClass(Class) at line 91,
                     TestClass.&lt;init&gt;(Class) at line 111,
                     void TestClass.scanAnnotatedMembers(Map,Map) at line 57,
                     Field[] TestClass.getSortedDeclaredFields(Class) at line 70 }},
           {elem= Access: Read of lang.Void.TYPE Thread: NoThread Lock: false Pre: Unowned;
            loc= line 107;
            trace= { void ClassLevelMethodsWithIgnoredTestsTest.runClassAndVerifyNoFailures(Class,String) at line 141,
                     Result JUnitCore.runClasses(Class[]) at line 147,
                     Result JUnitCore.runClasses(Computer,Class[]) at line 53,
                     Result JUnitCore.run(Computer,Class[]) at line 66,
                     Request Request.classes(Computer,Class[]) at line 109,
                     Runner Computer.getSuite(RunnerBuilder,Class[]) at line 77,
                     Computer$2.&lt;init&gt;(Computer,RunnerBuilder,Class[]) at line 28,
                     Suite.&lt;init&gt;(RunnerBuilder,Class[]) at line 33,
                     Suite.&lt;init&gt;(Class,List) at line 81,
                     ParentRunner.&lt;init&gt;(Class) at line 112,
                     void ParentRunner.validate() at line 92,
                     void ParentRunner.collectInitializationErrors(List) at line 523,
                     void ParentRunner.validatePublicVoidNoArgMethods(Class,boolean,List) at line 148,
                     void FrameworkMethod.validatePublicVoidNoArg(boolean,List) at line 178,
                     void FrameworkMethod.validatePublicVoid(boolean,List) at line 83 }},
           {elem= Access: Read of runners.ParentRunner.VALIDATORS Thread: NoThread Lock: false Pre: Unowned;
            loc= line 156;
            trace= { void ClassLevelMethodsWithIgnoredTestsTest.runClassAndVerifyNoFailures(Class,String) at line 141,
                     Result JUnitCore.runClasses(Class[]) at line 147,
                     Result JUnitCore.runClasses(Computer,Class[]) at line 53,
                     Result JUnitCore.run(Computer,Class[]) at line 66,
                     Request Request.classes(Computer,Class[]) at line 109,
                     Runner Computer.getSuite(RunnerBuilder,Class[]) at line 77,
                     Computer$2.&lt;init&gt;(Computer,RunnerBuilder,Class[]) at line 28,
                     Suite.&lt;init&gt;(RunnerBuilder,Class[]) at line 33,
                     Suite.&lt;init&gt;(Class,List) at line 81,
                     ParentRunner.&lt;init&gt;(Class) at line 112,
                     void ParentRunner.validate() at line 92,
                     void ParentRunner.collectInitializationErrors(List) at line 523,
                     void ParentRunner.applyValidators(List) at line 151 }},
           {elem= Access: Read of internal.MethodSorter.DEFAULT Thread: NoThread Lock: false Pre: Unowned;
            loc= line 67;
            trace= { void ClassLevelMethodsWithIgnoredTestsTest.runClassAndVerifyNoFailures(Class,String) at line 141,
                     Result JUnitCore.runClasses(Class[]) at line 147,
                     Result JUnitCore.runClasses(Computer,Class[]) at line 53,
                     Result JUnitCore.run(Computer,Class[]) at line 66,
                     Request Request.classes(Computer,Class[]) at line 109,
                     Runner Computer.getSuite(RunnerBuilder,Class[]) at line 77,
                     Computer$2.&lt;init&gt;(Computer,RunnerBuilder,Class[]) at line 28,
                     Suite.&lt;init&gt;(RunnerBuilder,Class[]) at line 33,
                     Suite.&lt;init&gt;(Class,List) at line 81,
                     ParentRunner.&lt;init&gt;(Class) at line 112,
                     TestClass ParentRunner.createTestClass(Class) at line 91,
                     TestClass.&lt;init&gt;(Class) at line 111,
                     void TestClass.scanAnnotatedMembers(Map,Map) at line 57,
                     Method[] MethodSorter.getDeclaredMethods(Class) at line 65,
                     Comparator MethodSorter.getSorter(FixMethodOrder) at line 52 }},
           {elem= Access: Read of rules.RuleMemberValidator.CLASS_RULE_METHOD_VALIDATOR Thread: NoThread Lock: false Pre: Unowned;
            loc= line 184;
            trace= { void ClassLevelMethodsWithIgnoredTestsTest.runClassAndVerifyNoFailures(Class,String) at line 141,
                     Result JUnitCore.runClasses(Class[]) at line 147,
                     Result JUnitCore.runClasses(Computer,Class[]) at line 53,
                     Result JUnitCore.run(Computer,Class[]) at line 66,
                     Request Request.classes(Computer,Class[]) at line 109,
                     Runner Computer.getSuite(RunnerBuilder,Class[]) at line 77,
                     Computer$2.&lt;init&gt;(Computer,RunnerBuilder,Class[]) at line 28,
                     Suite.&lt;init&gt;(RunnerBuilder,Class[]) at line 33,
                     Suite.&lt;init&gt;(Class,List) at line 81,
                     ParentRunner.&lt;init&gt;(Class) at line 112,
                     void ParentRunner.validate() at line 92,
                     void ParentRunner.collectInitializationErrors(List) at line 523,
                     void ParentRunner.validateClassRules(List) at line 150 }},
           {elem= Access: Read of rules.RuleMemberValidator.CLASS_RULE_VALIDATOR Thread: NoThread Lock: false Pre: Unowned;
            loc= line 183;
            trace= { void ClassLevelMethodsWithIgnoredTestsTest.runClassAndVerifyNoFailures(Class,String) at line 141,
                     Result JUnitCore.runClasses(Class[]) at line 147,
                     Result JUnitCore.runClasses(Computer,Class[]) at line 53,
                     Result JUnitCore.run(Computer,Class[]) at line 66,
                     Request Request.classes(Computer,Class[]) at line 109,
                     Runner Computer.getSuite(RunnerBuilder,Class[]) at line 77,
                     Computer$2.&lt;init&gt;(Computer,RunnerBuilder,Class[]) at line 28,
                     Suite.&lt;init&gt;(RunnerBuilder,Class[]) at line 33,
                     Suite.&lt;init&gt;(Class,List) at line 81,
                     ParentRunner.&lt;init&gt;(Class) at line 112,
                     void ParentRunner.validate() at line 92,
                     void ParentRunner.collectInitializationErrors(List) at line 523,
                     void ParentRunner.validateClassRules(List) at line 150 }},
           {elem= Access: Read of rules.RuleMemberValidator.CLASS_RULE_METHOD_VALIDATOR-&gt;annotation Thread: NoThread Lock: false Pre: Unowned;
            loc= line 89;
            trace= { void ClassLevelMethodsWithIgnoredTestsTest.runClassAndVerifyNoFailures(Class,String) at line 141,
                     Result JUnitCore.runClasses(Class[]) at line 147,
                     Result JUnitCore.runClasses(Computer,Class[]) at line 53,
                     Result JUnitCore.run(Computer,Class[]) at line 66,
                     Request Request.classes(Computer,Class[]) at line 109,
                     Runner Computer.getSuite(RunnerBuilder,Class[]) at line 77,
                     Computer$2.&lt;init&gt;(Computer,RunnerBuilder,Class[]) at line 28,
                     Suite.&lt;init&gt;(RunnerBuilder,Class[]) at line 33,
                     Suite.&lt;init&gt;(Class,List) at line 81,
                     ParentRunner.&lt;init&gt;(Class) at line 112,
                     void ParentRunner.validate() at line 92,
                     void ParentRunner.collectInitializationErrors(List) at line 523,
                     void ParentRunner.validateClassRules(List) at line 150,
                     void RuleMemberValidator.validate(TestClass,List) at line 184 }},
           {elem= Access: Read of rules.RuleMemberValidator.CLASS_RULE_METHOD_VALIDATOR-&gt;methods Thread: NoThread Lock: false Pre: Unowned;
            loc= line 89;
            trace= { void ClassLevelMethodsWithIgnoredTestsTest.runClassAndVerifyNoFailures(Class,String) at line 141,
                     Result JUnitCore.runClasses(Class[]) at line 147,
                     Result JUnitCore.runClasses(Computer,Class[]) at line 53,
                     Result JUnitCore.run(Computer,Class[]) at line 66,
                     Request Request.classes(Computer,Class[]) at line 109,
                     Runner Computer.getSuite(RunnerBuilder,Class[]) at line 77,
                     Computer$2.&lt;init&gt;(Computer,RunnerBuilder,Class[]) at line 28,
                     Suite.&lt;init&gt;(RunnerBuilder,Class[]) at line 33,
                     Suite.&lt;init&gt;(Class,List) at line 81,
                     ParentRunner.&lt;init&gt;(Class) at line 112,
                     void ParentRunner.validate() at line 92,
                     void ParentRunner.collectInitializationErrors(List) at line 523,
                     void ParentRunner.validateClassRules(List) at line 150,
                     void RuleMemberValidator.validate(TestClass,List) at line 184 }},
           {elem= Access: Read of rules.RuleMemberValidator.CLASS_RULE_METHOD_VALIDATOR-&gt;validatorStrategies Thread: NoThread Lock: false Pre: Unowned;
            loc= line 98;
            trace= { void ClassLevelMethodsWithIgnoredTestsTest.runClassAndVerifyNoFailures(Class,String) at line 141,
                     Result JUnitCore.runClasses(Class[]) at line 147,
                     Result JUnitCore.runClasses(Computer,Class[]) at line 53,
                     Result JUnitCore.run(Computer,Class[]) at line 66,
                     Request Request.classes(Computer,Class[]) at line 109,
                     Runner Computer.getSuite(RunnerBuilder,Class[]) at line 77,
                     Computer$2.&lt;init&gt;(Computer,RunnerBuilder,Class[]) at line 28,
                     Suite.&lt;init&gt;(RunnerBuilder,Class[]) at line 33,
                     Suite.&lt;init&gt;(Class,List) at line 81,
                     ParentRunner.&lt;init&gt;(Class) at line 112,
                     void ParentRunner.validate() at line 92,
                     void ParentRunner.collectInitializationErrors(List) at line 523,
                     void ParentRunner.validateClassRules(List) at line 150,
                     void RuleMemberValidator.validate(TestClass,List) at line 184,
                     void RuleMemberValidator.validateMember(FrameworkMember,List) at line 93 }},
           {elem= Access: Read of rules.RuleMemberValidator.CLASS_RULE_VALIDATOR-&gt;annotation Thread: NoThread Lock: false Pre: Unowned;
            loc= line 89;
            trace= { void ClassLevelMethodsWithIgnoredTestsTest.runClassAndVerifyNoFailures(Class,String) at line 141,
                     Result JUnitCore.runClasses(Class[]) at line 147,
                     Result JUnitCore.runClasses(Computer,Class[]) at line 53,
                     Result JUnitCore.run(Computer,Class[]) at line 66,
                     Request Request.classes(Computer,Class[]) at line 109,
                     Runner Computer.getSuite(RunnerBuilder,Class[]) at line 77,
                     Computer$2.&lt;init&gt;(Computer,RunnerBuilder,Class[]) at line 28,
                     Suite.&lt;init&gt;(RunnerBuilder,Class[]) at line 33,
                     Suite.&lt;init&gt;(Class,List) at line 81,
                     ParentRunner.&lt;init&gt;(Class) at line 112,
                     void ParentRunner.validate() at line 92,
                     void ParentRunner.collectInitializationErrors(List) at line 523,
                     void ParentRunner.validateClassRules(List) at line 150,
                     void RuleMemberValidator.validate(TestClass,List) at line 183 }},
           {elem= Access: Read of rules.RuleMemberValidator.CLASS_RULE_VALIDATOR-&gt;methods Thread: NoThread Lock: false Pre: Unowned;
            loc= line 89;
            trace= { void ClassLevelMethodsWithIgnoredTestsTest.runClassAndVerifyNoFailures(Class,String) at line 141,
                     Result JUnitCore.runClasses(Class[]) at line 147,
                     Result JUnitCore.runClasses(Computer,Class[]) at line 53,
                     Result JUnitCore.run(Computer,Class[]) at line 66,
                     Request Request.classes(Computer,Class[]) at line 109,
                     Runner Computer.getSuite(RunnerBuilder,Class[]) at line 77,
                     Computer$2.&lt;init&gt;(Computer,RunnerBuilder,Class[]) at line 28,
                     Suite.&lt;init&gt;(RunnerBuilder,Class[]) at line 33,
                     Suite.&lt;init&gt;(Class,List) at line 81,
                     ParentRunner.&lt;init&gt;(Class) at line 112,
                     void ParentRunner.validate() at line 92,
                     void ParentRunner.collectInitializationErrors(List) at line 523,
                     void ParentRunner.validateClassRules(List) at line 150,
                     void RuleMemberValidator.validate(TestClass,List) at line 183 }},
           {elem= Access: Read of rules.RuleMemberValidator.CLASS_RULE_VALIDATOR-&gt;validatorStrategies Thread: NoThread Lock: false Pre: Unowned;
            loc= line 98;
            trace= { void ClassLevelMethodsWithIgnoredTestsTest.runClassAndVerifyNoFailures(Class,String) at line 141,
                     Result JUnitCore.runClasses(Class[]) at line 147,
                     Result JUnitCore.runClasses(Computer,Class[]) at line 53,
                     Result JUnitCore.run(Computer,Class[]) at line 66,
                     Request Request.classes(Computer,Class[]) at line 109,
                     Runner Computer.getSuite(RunnerBuilder,Class[]) at line 77,
                     Computer$2.&lt;init&gt;(Computer,RunnerBuilder,Class[]) at line 28,
                     Suite.&lt;init&gt;(RunnerBuilder,Class[]) at line 33,
                     Suite.&lt;init&gt;(Class,List) at line 81,
                     ParentRunner.&lt;init&gt;(Class) at line 112,
                     void ParentRunner.validate() at line 92,
                     void ParentRunner.collectInitializationErrors(List) at line 523,
                     void ParentRunner.validateClassRules(List) at line 150,
                     void RuleMemberValidator.validate(TestClass,List) at line 183,
                     void RuleMemberValidator.validateMember(FrameworkMember,List) at line 93 }} } 
Ownership: { n$1 -&gt; Unowned, this -&gt; OwnedIf{ 0 } } 
Attributes: { } 


INSTR=  NULLIFY(&amp;this); [line 141]; 

STATE UNCHANGED

INSTR=  EXIT_SCOPE(n$1,this); [line 141]; 

STATE:
Threads: NoThread, Locks: 0 
Accesses { {elem= Access: Read of model.TestClass.FIELD_COMPARATOR Thread: NoThread Lock: false Pre: Unowned;
            loc= line 78;
            trace= { void ClassLevelMethodsWithIgnoredTestsTest.runClassAndVerifyNoFailures(Class,String) at line 141,
                     Result JUnitCore.runClasses(Class[]) at line 147,
                     Result JUnitCore.runClasses(Computer,Class[]) at line 53,
                     Result JUnitCore.run(Computer,Class[]) at line 66,
                     Request Request.classes(Computer,Class[]) at line 109,
                     Runner Computer.getSuite(RunnerBuilder,Class[]) at line 77,
                     Computer$2.&lt;init&gt;(Computer,RunnerBuilder,Class[]) at line 28,
                     Suite.&lt;init&gt;(RunnerBuilder,Class[]) at line 33,
                     Suite.&lt;init&gt;(Class,List) at line 81,
                     ParentRunner.&lt;init&gt;(Class) at line 112,
                     TestClass ParentRunner.createTestClass(Class) at line 91,
                     TestClass.&lt;init&gt;(Class) at line 111,
                     void TestClass.scanAnnotatedMembers(Map,Map) at line 57,
                     Field[] TestClass.getSortedDeclaredFields(Class) at line 70 }},
           {elem= Access: Read of lang.Void.TYPE Thread: NoThread Lock: false Pre: Unowned;
            loc= line 107;
            trace= { void ClassLevelMethodsWithIgnoredTestsTest.runClassAndVerifyNoFailures(Class,String) at line 141,
                     Result JUnitCore.runClasses(Class[]) at line 147,
                     Result JUnitCore.runClasses(Computer,Class[]) at line 53,
                     Result JUnitCore.run(Computer,Class[]) at line 66,
                     Request Request.classes(Computer,Class[]) at line 109,
                     Runner Computer.getSuite(RunnerBuilder,Class[]) at line 77,
                     Computer$2.&lt;init&gt;(Computer,RunnerBuilder,Class[]) at line 28,
                     Suite.&lt;init&gt;(RunnerBuilder,Class[]) at line 33,
                     Suite.&lt;init&gt;(Class,List) at line 81,
                     ParentRunner.&lt;init&gt;(Class) at line 112,
                     void ParentRunner.validate() at line 92,
                     void ParentRunner.collectInitializationErrors(List) at line 523,
                     void ParentRunner.validatePublicVoidNoArgMethods(Class,boolean,List) at line 148,
                     void FrameworkMethod.validatePublicVoidNoArg(boolean,List) at line 178,
                     void FrameworkMethod.validatePublicVoid(boolean,List) at line 83 }},
           {elem= Access: Read of runners.ParentRunner.VALIDATORS Thread: NoThread Lock: false Pre: Unowned;
            loc= line 156;
            trace= { void ClassLevelMethodsWithIgnoredTestsTest.runClassAndVerifyNoFailures(Class,String) at line 141,
                     Result JUnitCore.runClasses(Class[]) at line 147,
                     Result JUnitCore.runClasses(Computer,Class[]) at line 53,
                     Result JUnitCore.run(Computer,Class[]) at line 66,
                     Request Request.classes(Computer,Class[]) at line 109,
                     Runner Computer.getSuite(RunnerBuilder,Class[]) at line 77,
                     Computer$2.&lt;init&gt;(Computer,RunnerBuilder,Class[]) at line 28,
                     Suite.&lt;init&gt;(RunnerBuilder,Class[]) at line 33,
                     Suite.&lt;init&gt;(Class,List) at line 81,
                     ParentRunner.&lt;init&gt;(Class) at line 112,
                     void ParentRunner.validate() at line 92,
                     void ParentRunner.collectInitializationErrors(List) at line 523,
                     void ParentRunner.applyValidators(List) at line 151 }},
           {elem= Access: Read of internal.MethodSorter.DEFAULT Thread: NoThread Lock: false Pre: Unowned;
            loc= line 67;
            trace= { void ClassLevelMethodsWithIgnoredTestsTest.runClassAndVerifyNoFailures(Class,String) at line 141,
                     Result JUnitCore.runClasses(Class[]) at line 147,
                     Result JUnitCore.runClasses(Computer,Class[]) at line 53,
                     Result JUnitCore.run(Computer,Class[]) at line 66,
                     Request Request.classes(Computer,Class[]) at line 109,
                     Runner Computer.getSuite(RunnerBuilder,Class[]) at line 77,
                     Computer$2.&lt;init&gt;(Computer,RunnerBuilder,Class[]) at line 28,
                     Suite.&lt;init&gt;(RunnerBuilder,Class[]) at line 33,
                     Suite.&lt;init&gt;(Class,List) at line 81,
                     ParentRunner.&lt;init&gt;(Class) at line 112,
                     TestClass ParentRunner.createTestClass(Class) at line 91,
                     TestClass.&lt;init&gt;(Class) at line 111,
                     void TestClass.scanAnnotatedMembers(Map,Map) at line 57,
                     Method[] MethodSorter.getDeclaredMethods(Class) at line 65,
                     Comparator MethodSorter.getSorter(FixMethodOrder) at line 52 }},
           {elem= Access: Read of rules.RuleMemberValidator.CLASS_RULE_METHOD_VALIDATOR Thread: NoThread Lock: false Pre: Unowned;
            loc= line 184;
            trace= { void ClassLevelMethodsWithIgnoredTestsTest.runClassAndVerifyNoFailures(Class,String) at line 141,
                     Result JUnitCore.runClasses(Class[]) at line 147,
                     Result JUnitCore.runClasses(Computer,Class[]) at line 53,
                     Result JUnitCore.run(Computer,Class[]) at line 66,
                     Request Request.classes(Computer,Class[]) at line 109,
                     Runner Computer.getSuite(RunnerBuilder,Class[]) at line 77,
                     Computer$2.&lt;init&gt;(Computer,RunnerBuilder,Class[]) at line 28,
                     Suite.&lt;init&gt;(RunnerBuilder,Class[]) at line 33,
                     Suite.&lt;init&gt;(Class,List) at line 81,
                     ParentRunner.&lt;init&gt;(Class) at line 112,
                     void ParentRunner.validate() at line 92,
                     void ParentRunner.collectInitializationErrors(List) at line 523,
                     void ParentRunner.validateClassRules(List) at line 150 }},
           {elem= Access: Read of rules.RuleMemberValidator.CLASS_RULE_VALIDATOR Thread: NoThread Lock: false Pre: Unowned;
            loc= line 183;
            trace= { void ClassLevelMethodsWithIgnoredTestsTest.runClassAndVerifyNoFailures(Class,String) at line 141,
                     Result JUnitCore.runClasses(Class[]) at line 147,
                     Result JUnitCore.runClasses(Computer,Class[]) at line 53,
                     Result JUnitCore.run(Computer,Class[]) at line 66,
                     Request Request.classes(Computer,Class[]) at line 109,
                     Runner Computer.getSuite(RunnerBuilder,Class[]) at line 77,
                     Computer$2.&lt;init&gt;(Computer,RunnerBuilder,Class[]) at line 28,
                     Suite.&lt;init&gt;(RunnerBuilder,Class[]) at line 33,
                     Suite.&lt;init&gt;(Class,List) at line 81,
                     ParentRunner.&lt;init&gt;(Class) at line 112,
                     void ParentRunner.validate() at line 92,
                     void ParentRunner.collectInitializationErrors(List) at line 523,
                     void ParentRunner.validateClassRules(List) at line 150 }},
           {elem= Access: Read of rules.RuleMemberValidator.CLASS_RULE_METHOD_VALIDATOR-&gt;annotation Thread: NoThread Lock: false Pre: Unowned;
            loc= line 89;
            trace= { void ClassLevelMethodsWithIgnoredTestsTest.runClassAndVerifyNoFailures(Class,String) at line 141,
                     Result JUnitCore.runClasses(Class[]) at line 147,
                     Result JUnitCore.runClasses(Computer,Class[]) at line 53,
                     Result JUnitCore.run(Computer,Class[]) at line 66,
                     Request Request.classes(Computer,Class[]) at line 109,
                     Runner Computer.getSuite(RunnerBuilder,Class[]) at line 77,
                     Computer$2.&lt;init&gt;(Computer,RunnerBuilder,Class[]) at line 28,
                     Suite.&lt;init&gt;(RunnerBuilder,Class[]) at line 33,
                     Suite.&lt;init&gt;(Class,List) at line 81,
                     ParentRunner.&lt;init&gt;(Class) at line 112,
                     void ParentRunner.validate() at line 92,
                     void ParentRunner.collectInitializationErrors(List) at line 523,
                     void ParentRunner.validateClassRules(List) at line 150,
                     void RuleMemberValidator.validate(TestClass,List) at line 184 }},
           {elem= Access: Read of rules.RuleMemberValidator.CLASS_RULE_METHOD_VALIDATOR-&gt;methods Thread: NoThread Lock: false Pre: Unowned;
            loc= line 89;
            trace= { void ClassLevelMethodsWithIgnoredTestsTest.runClassAndVerifyNoFailures(Class,String) at line 141,
                     Result JUnitCore.runClasses(Class[]) at line 147,
                     Result JUnitCore.runClasses(Computer,Class[]) at line 53,
                     Result JUnitCore.run(Computer,Class[]) at line 66,
                     Request Request.classes(Computer,Class[]) at line 109,
                     Runner Computer.getSuite(RunnerBuilder,Class[]) at line 77,
                     Computer$2.&lt;init&gt;(Computer,RunnerBuilder,Class[]) at line 28,
                     Suite.&lt;init&gt;(RunnerBuilder,Class[]) at line 33,
                     Suite.&lt;init&gt;(Class,List) at line 81,
                     ParentRunner.&lt;init&gt;(Class) at line 112,
                     void ParentRunner.validate() at line 92,
                     void ParentRunner.collectInitializationErrors(List) at line 523,
                     void ParentRunner.validateClassRules(List) at line 150,
                     void RuleMemberValidator.validate(TestClass,List) at line 184 }},
           {elem= Access: Read of rules.RuleMemberValidator.CLASS_RULE_METHOD_VALIDATOR-&gt;validatorStrategies Thread: NoThread Lock: false Pre: Unowned;
            loc= line 98;
            trace= { void ClassLevelMethodsWithIgnoredTestsTest.runClassAndVerifyNoFailures(Class,String) at line 141,
                     Result JUnitCore.runClasses(Class[]) at line 147,
                     Result JUnitCore.runClasses(Computer,Class[]) at line 53,
                     Result JUnitCore.run(Computer,Class[]) at line 66,
                     Request Request.classes(Computer,Class[]) at line 109,
                     Runner Computer.getSuite(RunnerBuilder,Class[]) at line 77,
                     Computer$2.&lt;init&gt;(Computer,RunnerBuilder,Class[]) at line 28,
                     Suite.&lt;init&gt;(RunnerBuilder,Class[]) at line 33,
                     Suite.&lt;init&gt;(Class,List) at line 81,
                     ParentRunner.&lt;init&gt;(Class) at line 112,
                     void ParentRunner.validate() at line 92,
                     void ParentRunner.collectInitializationErrors(List) at line 523,
                     void ParentRunner.validateClassRules(List) at line 150,
                     void RuleMemberValidator.validate(TestClass,List) at line 184,
                     void RuleMemberValidator.validateMember(FrameworkMember,List) at line 93 }},
           {elem= Access: Read of rules.RuleMemberValidator.CLASS_RULE_VALIDATOR-&gt;annotation Thread: NoThread Lock: false Pre: Unowned;
            loc= line 89;
            trace= { void ClassLevelMethodsWithIgnoredTestsTest.runClassAndVerifyNoFailures(Class,String) at line 141,
                     Result JUnitCore.runClasses(Class[]) at line 147,
                     Result JUnitCore.runClasses(Computer,Class[]) at line 53,
                     Result JUnitCore.run(Computer,Class[]) at line 66,
                     Request Request.classes(Computer,Class[]) at line 109,
                     Runner Computer.getSuite(RunnerBuilder,Class[]) at line 77,
                     Computer$2.&lt;init&gt;(Computer,RunnerBuilder,Class[]) at line 28,
                     Suite.&lt;init&gt;(RunnerBuilder,Class[]) at line 33,
                     Suite.&lt;init&gt;(Class,List) at line 81,
                     ParentRunner.&lt;init&gt;(Class) at line 112,
                     void ParentRunner.validate() at line 92,
                     void ParentRunner.collectInitializationErrors(List) at line 523,
                     void ParentRunner.validateClassRules(List) at line 150,
                     void RuleMemberValidator.validate(TestClass,List) at line 183 }},
           {elem= Access: Read of rules.RuleMemberValidator.CLASS_RULE_VALIDATOR-&gt;methods Thread: NoThread Lock: false Pre: Unowned;
            loc= line 89;
            trace= { void ClassLevelMethodsWithIgnoredTestsTest.runClassAndVerifyNoFailures(Class,String) at line 141,
                     Result JUnitCore.runClasses(Class[]) at line 147,
                     Result JUnitCore.runClasses(Computer,Class[]) at line 53,
                     Result JUnitCore.run(Computer,Class[]) at line 66,
                     Request Request.classes(Computer,Class[]) at line 109,
                     Runner Computer.getSuite(RunnerBuilder,Class[]) at line 77,
                     Computer$2.&lt;init&gt;(Computer,RunnerBuilder,Class[]) at line 28,
                     Suite.&lt;init&gt;(RunnerBuilder,Class[]) at line 33,
                     Suite.&lt;init&gt;(Class,List) at line 81,
                     ParentRunner.&lt;init&gt;(Class) at line 112,
                     void ParentRunner.validate() at line 92,
                     void ParentRunner.collectInitializationErrors(List) at line 523,
                     void ParentRunner.validateClassRules(List) at line 150,
                     void RuleMemberValidator.validate(TestClass,List) at line 183 }},
           {elem= Access: Read of rules.RuleMemberValidator.CLASS_RULE_VALIDATOR-&gt;validatorStrategies Thread: NoThread Lock: false Pre: Unowned;
            loc= line 98;
            trace= { void ClassLevelMethodsWithIgnoredTestsTest.runClassAndVerifyNoFailures(Class,String) at line 141,
                     Result JUnitCore.runClasses(Class[]) at line 147,
                     Result JUnitCore.runClasses(Computer,Class[]) at line 53,
                     Result JUnitCore.run(Computer,Class[]) at line 66,
                     Request Request.classes(Computer,Class[]) at line 109,
                     Runner Computer.getSuite(RunnerBuilder,Class[]) at line 77,
                     Computer$2.&lt;init&gt;(Computer,RunnerBuilder,Class[]) at line 28,
                     Suite.&lt;init&gt;(RunnerBuilder,Class[]) at line 33,
                     Suite.&lt;init&gt;(Class,List) at line 81,
                     ParentRunner.&lt;init&gt;(Class) at line 112,
                     void ParentRunner.validate() at line 92,
                     void ParentRunner.collectInitializationErrors(List) at line 523,
                     void ParentRunner.validateClassRules(List) at line 150,
                     void RuleMemberValidator.validate(TestClass,List) at line 183,
                     void RuleMemberValidator.validateMember(FrameworkMember,List) at line 93 }} } 
Ownership: { n$1 -&gt; Unowned, this -&gt; OwnedIf{ 0 } } 
Attributes: { } 


</LISTING>
<hr width="100%">
<a name="session16" href="./../nodes/org.junit.tests.running.classes.ClassLevelMethodsWithIgnoredTestsTest.classRuleShouldNotBeAppliedWhe.00d3471e6fd75cf91eb2c9a3ff16d220_node4.html#session16">node4#session16</a>(<a href="./../../ClassLevelMethodsWithIgnoredTestsTest.java.3d63a9554dc471facef2cc12db6ffb29.html#LINE141">141</a>) biabduction
<LISTING class='color_black'>**** [FP:Pending] void ClassLevelMethodsWithIgnoredTestsTest.classRuleShouldNotBeAppliedWhenAllTestsAreIgnored() Node: 4, Procedure: void ClassLevelMethodsWithIgnoredTestsTest.classRuleShouldNotBeAppliedWhenAllTestsAreIgnored(), Todo: 1 ****
  PROP 1 of 1:
  <span class='color_blue'><span class='color_red'>return = _t$0<span class='color_orange'>initial</span>:void</span>; <span class='color_red'>this = @f$0<span class='color_orange'>formal</span>:org.junit.tests.running.classes.ClassLevelMethodsWithIgnoredTestsTest*( sub )</span>; <span class='color_red'>old_this = @f$0<span class='color_orange'>formal</span>:org.junit.tests.running.classes.ClassLevelMethodsWithIgnoredTestsTest*( sub )</span>
  [footprint
     <span class='color_red'>this = @f$0<span class='color_orange'>formal</span>:org.junit.tests.running.classes.ClassLevelMethodsWithIgnoredTestsTest*( sub )</span>  ]</span>
  .... Instructions: ....
  <span class='color_green'>n$0=*&amp;this:org.junit.tests.running.classes.ClassLevelMethodsWithIgnoredTestsTest* [line 141];
  n$1=_fun_void ClassLevelMethodsWithIgnoredTestsTest.runClassAndVerifyNoFailures(Class,String)(n$0:org.junit.tests.running.classes.ClassLevelMethodsWithIgnoredTestsTest*,org.junit.tests.running.classes.ClassLevelMethodsWithIgnoredTestsTest$ClassRuleWithIgnoredTest:java.lang.Object*,"The class rule should have been applied because the test method is ignored!":java.lang.Object*) [line 141];
  NULLIFY(&amp;this); [line 141];
  EXIT_SCOPE(n$0,n$1,this); [line 141];
  </span>
  
  Processing prop 1/1
    Instruction <span class='color_green'>n$0=*&amp;this:org.junit.tests.running.classes.ClassLevelMethodsWithIgnoredTestsTest* [line 141]</span>
    .... Rearrangement Start ....
    Exp: &amp;this
    Prop:
    <span class='color_blue'>return = n$2<span class='color_orange'>initial</span>:void; this = @f$0<span class='color_orange'>formal</span>:org.junit.tests.running.classes.ClassLevelMethodsWithIgnoredTestsTest*( sub ); old_this = @f$0<span class='color_orange'>formal</span>:org.junit.tests.running.classes.ClassLevelMethodsWithIgnoredTestsTest*( sub )
    [footprint
       this = @f$0<span class='color_orange'>formal</span>:org.junit.tests.running.classes.ClassLevelMethodsWithIgnoredTestsTest*( sub )  ]</span>
    
    in prop_iter_extend_ptsto lexp: &amp;this
    prop before:
    <span class='color_blue'>return = n$2<span class='color_orange'>initial</span>:void; this = @f$0<span class='color_orange'>formal</span>:org.junit.tests.running.classes.ClassLevelMethodsWithIgnoredTestsTest*( sub ); old_this = @f$0<span class='color_orange'>formal</span>:org.junit.tests.running.classes.ClassLevelMethodsWithIgnoredTestsTest*( sub )
    [footprint
       this = @f$0<span class='color_orange'>formal</span>:org.junit.tests.running.classes.ClassLevelMethodsWithIgnoredTestsTest*( sub )  ]</span>
    
    
    prop list after:
    PROP 1 of 1:
    <span class='color_blue'><span class='color_blue'>return = n$2<span class='color_orange'>initial</span>:void</span>; <span class='color_blue'>this = @f$0<span class='color_orange'>formal</span>:org.junit.tests.running.classes.ClassLevelMethodsWithIgnoredTestsTest*( sub )</span>; <span class='color_blue'>old_this = @f$0<span class='color_orange'>formal</span>:org.junit.tests.running.classes.ClassLevelMethodsWithIgnoredTestsTest*( sub )</span>
    [footprint
       <span class='color_blue'>this = @f$0<span class='color_orange'>formal</span>:org.junit.tests.running.classes.ClassLevelMethodsWithIgnoredTestsTest*( sub )</span>  ]</span>
    
    
    
    Instruction Returns
    PROP 1 of 1:
    <span class='color_blue'><span class='color_red'>n$0 = old_this</span> ;
    <span class='color_blue'>return = _t$0<span class='color_orange'>initial</span>:void</span>; <span class='color_blue'>this = @f$0<span class='color_orange'>formal</span>:org.junit.tests.running.classes.ClassLevelMethodsWithIgnoredTestsTest*( sub )</span>; <span class='color_blue'>old_this = @f$0<span class='color_orange'>formal</span>:org.junit.tests.running.classes.ClassLevelMethodsWithIgnoredTestsTest*( sub )</span>
    [footprint
       <span class='color_blue'>this = @f$0<span class='color_orange'>formal</span>:org.junit.tests.running.classes.ClassLevelMethodsWithIgnoredTestsTest*( sub )</span>  ]</span>
    
    Instruction <span class='color_green'>n$1=_fun_void ClassLevelMethodsWithIgnoredTestsTest.runClassAndVerifyNoFailures(Class,String)(n$0:org.junit.tests.running.classes.ClassLevelMethodsWithIgnoredTestsTest*,org.junit.tests.running.classes.ClassLevelMethodsWithIgnoredTestsTest$ClassRuleWithIgnoredTest:java.lang.Object*,"The class rule should have been applied because the test method is ignored!":java.lang.Object*) [line 141]</span>
    Found 1 specs for function org.junit.tests.running.classes.ClassLevelMethodsWithIgnoredTestsTest.runClassAndVerifyNoFailures(java.lang.Class,java.lang.String):void
    START EXECUTING SPECS FOR org.junit.tests.running.classes.ClassLevelMethodsWithIgnoredTestsTest.runClassAndVerifyNoFailures(java.lang.Class,java.lang.String):void from state
    <span class='color_blue'>n$0 = old_this ;
    return = n$3<span class='color_orange'>initial</span>:void; this = @f$0<span class='color_orange'>formal</span>:org.junit.tests.running.classes.ClassLevelMethodsWithIgnoredTestsTest*( sub ); old_this = @f$0<span class='color_orange'>formal</span>:org.junit.tests.running.classes.ClassLevelMethodsWithIgnoredTestsTest*( sub )
    [footprint
       this = @f$0<span class='color_orange'>formal</span>:org.junit.tests.running.classes.ClassLevelMethodsWithIgnoredTestsTest*( sub )  ]</span>
    EXECUTING SPEC 1/1
    ACTUAL PRECONDITION =
      <span class='color_blue'>n$0 = old_this ;
      klass|callee = org.junit.tests.running.classes.ClassLevelMethodsWithIgnoredTestsTest$ClassRuleWithIgnoredTest<span class='color_orange'>actual_precondition</span>:java.lang.Object*; testFailureDescription|callee = "The class rule should have been applied because the test method is ignored!"<span class='color_orange'>actual_precondition</span>:java.lang.Object*; return = n$3<span class='color_orange'>initial</span>:void; this = @f$0<span class='color_orange'>formal</span>:org.junit.tests.running.classes.ClassLevelMethodsWithIgnoredTestsTest*( sub ); this|callee = @f$0<span class='color_orange'>actual_precondition</span>:org.junit.tests.running.classes.ClassLevelMethodsWithIgnoredTestsTest*; old_this = @f$0<span class='color_orange'>formal</span>:org.junit.tests.running.classes.ClassLevelMethodsWithIgnoredTestsTest*( sub )
      [footprint
         this = @f$0<span class='color_orange'>formal</span>:org.junit.tests.running.classes.ClassLevelMethodsWithIgnoredTestsTest*( sub )  ]</span>
    SPEC =
      --------------------------- ---------- ---------------------------
      PRE:
      <span class='color_blue'><span class='color_blue'>klass|callee = _t$4<span class='color_orange'>formal</span>:java.lang.Class*( sub ); testFailureDescription|callee = _t$5<span class='color_orange'>formal</span>:java.lang.String*( sub ); this|callee = _t$6<span class='color_orange'>formal</span>:org.junit.tests.running.classes.ClassLevelMethodsWithIgnoredTestsTest*( sub )</span></span>
      POST 1 of 2:
      <span class='color_blue'><span class='color_red'>MEMne &lt; void ClassLevelMethodsWithIgnoredTestsTest.analyseResult(Result,String):148 &gt; <span class='color_orange'>{vpath: }</span>(_t$7)</span> ;
      <span class='color_red'>return|callee = EXN _t$7<span class='color_orange'>update:148</span>:void</span> ;
      <span class='color_red'>_t$7|->{}<span class='color_orange'>alloc</span>:java.lang.AssertionError</span></span>
      POST 2 of 2:
      <span class='color_blue'><span class='color_red'>return|callee = _t$7<span class='color_orange'>initial</span>:void</span></span>
      ----------------------------------------------------------------
    pre_check_pure_implication
    pi1:
      n$0 = @f$0
    pi2:
      
    returns
    sub1:
      n$0 = @f$0
    sub2:
      
    Current Implication
    SUB:
      n$0 = @f$0
    <span class='color_blue'>old_this = old_this ;
    klass|callee = org.junit.tests.running.classes.ClassLevelMethodsWithIgnoredTestsTest$ClassRuleWithIgnoredTest<span class='color_orange'>actual_precondition</span>:java.lang.Object*; testFailureDescription|callee = "The class rule should have been applied because the test method is ignored!"<span class='color_orange'>actual_precondition</span>:java.lang.Object*; return = n$3<span class='color_orange'>initial</span>:void; this = @f$0<span class='color_orange'>formal</span>:org.junit.tests.running.classes.ClassLevelMethodsWithIgnoredTestsTest*( sub ); this|callee = @f$0<span class='color_orange'>actual_precondition</span>:org.junit.tests.running.classes.ClassLevelMethodsWithIgnoredTestsTest*; old_this = @f$0<span class='color_orange'>formal</span>:org.junit.tests.running.classes.ClassLevelMethodsWithIgnoredTestsTest*( sub )
    [footprint
       this = @f$0<span class='color_orange'>formal</span>:org.junit.tests.running.classes.ClassLevelMethodsWithIgnoredTestsTest*( sub )  ]</span>
    |-
    <span class='color_blue'>klass|callee = _t$4<span class='color_orange'>formal</span>:java.lang.Class*( sub ); testFailureDescription|callee = _t$5<span class='color_orange'>formal</span>:java.lang.String*( sub ); this|callee = _t$6<span class='color_orange'>formal</span>:org.junit.tests.running.classes.ClassLevelMethodsWithIgnoredTestsTest*( sub )</span>
    
      do_imply org.junit.tests.running.classes.ClassLevelMethodsWithIgnoredTestsTest$ClassRuleWithIgnoredTest _t$4
        Current Implication
        SUB:
          n$0 = @f$0
        <span class='color_blue'>old_this = old_this ;
        testFailureDescription|callee = "The class rule should have been applied because the test method is ignored!"<span class='color_orange'>actual_precondition</span>:java.lang.Object*; return = n$3<span class='color_orange'>initial</span>:void; this = @f$0<span class='color_orange'>formal</span>:org.junit.tests.running.classes.ClassLevelMethodsWithIgnoredTestsTest*( sub ); this|callee = @f$0<span class='color_orange'>actual_precondition</span>:org.junit.tests.running.classes.ClassLevelMethodsWithIgnoredTestsTest*; old_this = @f$0<span class='color_orange'>formal</span>:org.junit.tests.running.classes.ClassLevelMethodsWithIgnoredTestsTest*( sub )
        [footprint
           this = @f$0<span class='color_orange'>formal</span>:org.junit.tests.running.classes.ClassLevelMethodsWithIgnoredTestsTest*( sub )  ]</span>
        [SUB: 
          _t$4 = org.junit.tests.running.classes.ClassLevelMethodsWithIgnoredTestsTest$ClassRuleWithIgnoredTest]
        |-
        <span class='color_blue'>testFailureDescription|callee = _t$5<span class='color_orange'>formal</span>:java.lang.String*( sub ); this|callee = _t$6<span class='color_orange'>formal</span>:org.junit.tests.running.classes.ClassLevelMethodsWithIgnoredTestsTest*( sub )</span>
        
          do_imply "The class rule should have been applied because the test method is ignored!" _t$5
            Current Implication
            SUB:
              n$0 = @f$0
            <span class='color_blue'>old_this = old_this ;
            return = n$3<span class='color_orange'>initial</span>:void; this = @f$0<span class='color_orange'>formal</span>:org.junit.tests.running.classes.ClassLevelMethodsWithIgnoredTestsTest*( sub ); this|callee = @f$0<span class='color_orange'>actual_precondition</span>:org.junit.tests.running.classes.ClassLevelMethodsWithIgnoredTestsTest*; old_this = @f$0<span class='color_orange'>formal</span>:org.junit.tests.running.classes.ClassLevelMethodsWithIgnoredTestsTest*( sub )
            [footprint
               this = @f$0<span class='color_orange'>formal</span>:org.junit.tests.running.classes.ClassLevelMethodsWithIgnoredTestsTest*( sub )  ]</span>
            [SUB: 
              _t$4 = org.junit.tests.running.classes.ClassLevelMethodsWithIgnoredTestsTest$ClassRuleWithIgnoredTest; _t$5 = "The class rule should have been applied because the test method is ignored!"]
            |-
            <span class='color_blue'>this|callee = _t$6<span class='color_orange'>formal</span>:org.junit.tests.running.classes.ClassLevelMethodsWithIgnoredTestsTest*( sub )</span>
            
              do_imply @f$0 _t$6
                Final Implication
                SUB:
                  n$0 = @f$0
                <span class='color_blue'>old_this = old_this ;
                return = n$3<span class='color_orange'>initial</span>:void; this = @f$0<span class='color_orange'>formal</span>:org.junit.tests.running.classes.ClassLevelMethodsWithIgnoredTestsTest*( sub ); old_this = @f$0<span class='color_orange'>formal</span>:org.junit.tests.running.classes.ClassLevelMethodsWithIgnoredTestsTest*( sub )
                [footprint
                   this = @f$0<span class='color_orange'>formal</span>:org.junit.tests.running.classes.ClassLevelMethodsWithIgnoredTestsTest*( sub )  ]</span>
                [SUB: 
                  _t$4 = org.junit.tests.running.classes.ClassLevelMethodsWithIgnoredTestsTest$ClassRuleWithIgnoredTest; _t$5 = "The class rule should have been applied because the test method is ignored!"; _t$6 = @f$0]
                |-
                <span class='color_blue'></span>
    Result of Abduction
      SUB:
        n$0 = @f$0
      <span class='color_blue'>old_this = old_this ;
      klass|callee = org.junit.tests.running.classes.ClassLevelMethodsWithIgnoredTestsTest$ClassRuleWithIgnoredTest<span class='color_orange'>actual_precondition</span>:java.lang.Object*; testFailureDescription|callee = "The class rule should have been applied because the test method is ignored!"<span class='color_orange'>actual_precondition</span>:java.lang.Object*; return = n$3<span class='color_orange'>initial</span>:void; this = @f$0<span class='color_orange'>formal</span>:org.junit.tests.running.classes.ClassLevelMethodsWithIgnoredTestsTest*( sub ); this|callee = @f$0<span class='color_orange'>actual_precondition</span>:org.junit.tests.running.classes.ClassLevelMethodsWithIgnoredTestsTest*; old_this = @f$0<span class='color_orange'>formal</span>:org.junit.tests.running.classes.ClassLevelMethodsWithIgnoredTestsTest*( sub )
      [footprint
         this = @f$0<span class='color_orange'>formal</span>:org.junit.tests.running.classes.ClassLevelMethodsWithIgnoredTestsTest*( sub )  ]</span>
      [SUB: 
        _t$4 = org.junit.tests.running.classes.ClassLevelMethodsWithIgnoredTestsTest$ClassRuleWithIgnoredTest; _t$5 = "The class rule should have been applied because the test method is ignored!"; _t$6 = @f$0]
      |-
      <span class='color_blue'>klass|callee = org.junit.tests.running.classes.ClassLevelMethodsWithIgnoredTestsTest$ClassRuleWithIgnoredTest<span class='color_orange'>formal</span>:java.lang.Class*( sub ); testFailureDescription|callee = "The class rule should have been applied because the test method is ignored!"<span class='color_orange'>formal</span>:java.lang.String*( sub ); this|callee = @f$0<span class='color_orange'>formal</span>:org.junit.tests.running.classes.ClassLevelMethodsWithIgnoredTestsTest*( sub )</span>
    returning TRUE
    in vpath_find exp:_t$7
    vpath_find: cannot find _t$7
      New footprint:
      
      Frame fld:
      
      Missing fld:
      
      Instantiated frame:
      &amp;return|->n$3<span class='color_orange'>initial</span>:void; &amp;this|->@f$0<span class='color_orange'>formal</span>:org.junit.tests.running.classes.ClassLevelMethodsWithIgnoredTestsTest*( sub ); &amp;old_this|->@f$0<span class='color_orange'>formal</span>:org.junit.tests.running.classes.ClassLevelMethodsWithIgnoredTestsTest*( sub )
      Instantiated post:
      PROP 1 of 2:
      <span class='color_blue'><span class='color_red'>MEMne &lt; void ClassLevelMethodsWithIgnoredTestsTest.runClassAndVerifyNoFailures(Class,String):141 &gt; <span class='color_orange'>{vpath: }</span>(_t$7)</span> ;
      <span class='color_red'>return|callee = EXN _t$7<span class='color_orange'>update:141</span>:void</span> ;
      <span class='color_red'>_t$7|->{}<span class='color_orange'>alloc</span>:java.lang.AssertionError</span></span>
      PROP 2 of 2:
      <span class='color_blue'><span class='color_red'>return|callee = _t$7<span class='color_orange'>initial</span>:void</span></span>
      
    ***** RESULTS FUNCTION CALL *******
    PROP 1 of 2:
    <span class='color_blue'><span class='color_blue'>n$0 = old_this</span> ;
    <span class='color_red'>MEMne &lt; void ClassLevelMethodsWithIgnoredTestsTest.runClassAndVerifyNoFailures(Class,String):141 &gt; <span class='color_orange'>{vpath: }</span>(_t$0)</span> ;
    <span class='color_blue'>return = <span class='color_red'>EXN _t$0<span class='color_orange'>update:141</span></span>:void</span>; <span class='color_blue'>this = @f$0<span class='color_orange'>formal</span>:org.junit.tests.running.classes.ClassLevelMethodsWithIgnoredTestsTest*( sub )</span>; <span class='color_blue'>old_this = @f$0<span class='color_orange'>formal</span>:org.junit.tests.running.classes.ClassLevelMethodsWithIgnoredTestsTest*( sub )</span> ;
    <span class='color_red'>_t$0|->{}<span class='color_orange'>alloc</span>:java.lang.AssertionError</span>
    [footprint
       <span class='color_blue'>this = @f$0<span class='color_orange'>formal</span>:org.junit.tests.running.classes.ClassLevelMethodsWithIgnoredTestsTest*( sub )</span>  ]</span>
    PROP 2 of 2:
    <span class='color_blue'><span class='color_blue'>n$0 = old_this</span> ;
    <span class='color_blue'>return = n$3<span class='color_orange'>initial</span>:void</span>; <span class='color_blue'>this = @f$0<span class='color_orange'>formal</span>:org.junit.tests.running.classes.ClassLevelMethodsWithIgnoredTestsTest*( sub )</span>; <span class='color_blue'>old_this = @f$0<span class='color_orange'>formal</span>:org.junit.tests.running.classes.ClassLevelMethodsWithIgnoredTestsTest*( sub )</span>
    [footprint
       <span class='color_blue'>this = @f$0<span class='color_orange'>formal</span>:org.junit.tests.running.classes.ClassLevelMethodsWithIgnoredTestsTest*( sub )</span>  ]</span>
    ***** END RESULTS FUNCTION CALL *******
    Prover.check_inconsistency_base: inconsistency reason [None]
    Prover.check_inconsistency_base: inconsistency reason [None]
    Prover.check_inconsistency_base: inconsistency reason [None]
    Prover.check_inconsistency_base: inconsistency reason [None]
    Prover.check_inconsistency_base: inconsistency reason [None]
    Prover.check_inconsistency_base: inconsistency reason [None]
    Instruction Returns
    PROP 1 of 2:
    <span class='color_blue'><span class='color_blue'>n$0 = old_this</span> ;
    <span class='color_red'>MEMne &lt; void ClassLevelMethodsWithIgnoredTestsTest.runClassAndVerifyNoFailures(Class,String):141 &gt; <span class='color_orange'>{vpath: }</span>(_t$0)</span> ;
    <span class='color_blue'>return = <span class='color_red'>EXN _t$0<span class='color_orange'>update:141</span></span>:void</span>; <span class='color_blue'>this = @f$0<span class='color_orange'>formal</span>:org.junit.tests.running.classes.ClassLevelMethodsWithIgnoredTestsTest*( sub )</span>; <span class='color_blue'>old_this = @f$0<span class='color_orange'>formal</span>:org.junit.tests.running.classes.ClassLevelMethodsWithIgnoredTestsTest*( sub )</span> ;
    <span class='color_red'>_t$0|->{}<span class='color_orange'>alloc</span>:java.lang.AssertionError</span>
    [footprint
       <span class='color_blue'>this = @f$0<span class='color_orange'>formal</span>:org.junit.tests.running.classes.ClassLevelMethodsWithIgnoredTestsTest*( sub )</span>  ]</span>
    PROP 2 of 2:
    <span class='color_blue'><span class='color_blue'>n$0 = old_this</span> ;
    <span class='color_blue'>return = _t$0<span class='color_orange'>initial</span>:void</span>; <span class='color_blue'>this = @f$0<span class='color_orange'>formal</span>:org.junit.tests.running.classes.ClassLevelMethodsWithIgnoredTestsTest*( sub )</span>; <span class='color_blue'>old_this = @f$0<span class='color_orange'>formal</span>:org.junit.tests.running.classes.ClassLevelMethodsWithIgnoredTestsTest*( sub )</span>
    [footprint
       <span class='color_blue'>this = @f$0<span class='color_orange'>formal</span>:org.junit.tests.running.classes.ClassLevelMethodsWithIgnoredTestsTest*( sub )</span>  ]</span>
    
    Instruction <span class='color_green'>NULLIFY(&amp;this); [line 141]</span>
    in vpath_find exp:_t$0
    vpath_find: cannot find _t$0
    Instruction Returns
    PROP 1 of 1:
    <span class='color_blue'><span class='color_blue'>n$0 = old_this</span> ;
    <span class='color_blue'>MEMne &lt; void ClassLevelMethodsWithIgnoredTestsTest.runClassAndVerifyNoFailures(Class,String):141 &gt; <span class='color_orange'>{vpath: }</span>(_t$0)</span> ;
    <span class='color_blue'>return = EXN _t$0<span class='color_orange'>update:141</span>:void</span>; <span class='color_blue'>this = <span class='color_red'>0<span class='color_orange'>nullify</span></span>:org.junit.tests.running.classes.ClassLevelMethodsWithIgnoredTestsTest*( sub )</span>; <span class='color_blue'>old_this = @f$0<span class='color_orange'>formal</span>:org.junit.tests.running.classes.ClassLevelMethodsWithIgnoredTestsTest*( sub )</span> ;
    <span class='color_blue'>_t$0|->{}<span class='color_orange'>alloc</span>:java.lang.AssertionError</span>
    [footprint
       <span class='color_blue'>this = @f$0<span class='color_orange'>formal</span>:org.junit.tests.running.classes.ClassLevelMethodsWithIgnoredTestsTest*( sub )</span>  ]</span>
    
    Instruction <span class='color_green'>NULLIFY(&amp;this); [line 141]</span>
    Instruction Returns
    PROP 1 of 1:
    <span class='color_blue'><span class='color_blue'>n$0 = old_this</span> ;
    <span class='color_blue'>return = _t$0<span class='color_orange'>initial</span>:void</span>; <span class='color_blue'>this = <span class='color_red'>0<span class='color_orange'>nullify</span></span>:org.junit.tests.running.classes.ClassLevelMethodsWithIgnoredTestsTest*( sub )</span>; <span class='color_blue'>old_this = @f$0<span class='color_orange'>formal</span>:org.junit.tests.running.classes.ClassLevelMethodsWithIgnoredTestsTest*( sub )</span>
    [footprint
       <span class='color_blue'>this = @f$0<span class='color_orange'>formal</span>:org.junit.tests.running.classes.ClassLevelMethodsWithIgnoredTestsTest*( sub )</span>  ]</span>
    
    Instruction <span class='color_green'>EXIT_SCOPE(n$0,n$1,this); [line 141]</span>
    in vpath_find exp:_t$0
    vpath_find: cannot find _t$0
    Instruction Returns
    PROP 1 of 1:
    <span class='color_blue'><span class='color_blue'>MEMne &lt; void ClassLevelMethodsWithIgnoredTestsTest.runClassAndVerifyNoFailures(Class,String):141 &gt; <span class='color_orange'>{vpath: }</span>(_t$0)</span> ;
    <span class='color_blue'>return = EXN _t$0<span class='color_orange'>update:141</span>:void</span>; <span class='color_blue'>this = 0<span class='color_orange'>nullify</span>:org.junit.tests.running.classes.ClassLevelMethodsWithIgnoredTestsTest*( sub )</span>; <span class='color_blue'>old_this = @f$0<span class='color_orange'>formal</span>:org.junit.tests.running.classes.ClassLevelMethodsWithIgnoredTestsTest*( sub )</span> ;
    <span class='color_blue'>_t$0|->{}<span class='color_orange'>alloc</span>:java.lang.AssertionError</span>
    [footprint
       <span class='color_blue'>this = @f$0<span class='color_orange'>formal</span>:org.junit.tests.running.classes.ClassLevelMethodsWithIgnoredTestsTest*( sub )</span>  ]</span>
    
    Instruction <span class='color_green'>EXIT_SCOPE(n$0,n$1,this); [line 141]</span>
    Instruction Returns
    PROP 1 of 1:
    <span class='color_blue'><span class='color_blue'>return = _t$0<span class='color_orange'>initial</span>:void</span>; <span class='color_blue'>this = 0<span class='color_orange'>nullify</span>:org.junit.tests.running.classes.ClassLevelMethodsWithIgnoredTestsTest*( sub )</span>; <span class='color_blue'>old_this = @f$0<span class='color_orange'>formal</span>:org.junit.tests.running.classes.ClassLevelMethodsWithIgnoredTestsTest*( sub )</span>
    [footprint
       <span class='color_blue'>this = @f$0<span class='color_orange'>formal</span>:org.junit.tests.running.classes.ClassLevelMethodsWithIgnoredTestsTest*( sub )</span>  ]</span>
    
    .... After Symbolic Execution ....
    PROP 1 of 2:
    <span class='color_blue'><span class='color_red'>MEMne &lt; void ClassLevelMethodsWithIgnoredTestsTest.runClassAndVerifyNoFailures(Class,String):141 &gt; <span class='color_orange'>{vpath: }</span>(_t$0)</span> ;
    <span class='color_blue'>return = <span class='color_red'>EXN _t$0<span class='color_orange'>update:141</span></span>:void</span>; <span class='color_blue'>this = <span class='color_red'>0<span class='color_orange'>nullify</span></span>:org.junit.tests.running.classes.ClassLevelMethodsWithIgnoredTestsTest*( sub )</span>; <span class='color_blue'>old_this = @f$0<span class='color_orange'>formal</span>:org.junit.tests.running.classes.ClassLevelMethodsWithIgnoredTestsTest*( sub )</span> ;
    <span class='color_red'>_t$0|->{}<span class='color_orange'>alloc</span>:java.lang.AssertionError</span>
    [footprint
       <span class='color_blue'>this = @f$0<span class='color_orange'>formal</span>:org.junit.tests.running.classes.ClassLevelMethodsWithIgnoredTestsTest*( sub )</span>  ]</span>
    PROP 2 of 2:
    <span class='color_blue'><span class='color_blue'>return = _t$0<span class='color_orange'>initial</span>:void</span>; <span class='color_blue'>this = <span class='color_red'>0<span class='color_orange'>nullify</span></span>:org.junit.tests.running.classes.ClassLevelMethodsWithIgnoredTestsTest*( sub )</span>; <span class='color_blue'>old_this = @f$0<span class='color_orange'>formal</span>:org.junit.tests.running.classes.ClassLevelMethodsWithIgnoredTestsTest*( sub )</span>
    [footprint
       <span class='color_blue'>this = @f$0<span class='color_orange'>formal</span>:org.junit.tests.running.classes.ClassLevelMethodsWithIgnoredTestsTest*( sub )</span>  ]</span>
    
    
    
  </LISTING>
<hr width="100%">
<a name="session23" href="./../nodes/org.junit.tests.running.classes.ClassLevelMethodsWithIgnoredTestsTest.classRuleShouldNotBeAppliedWhe.00d3471e6fd75cf91eb2c9a3ff16d220_node4.html#session23">node4#session23</a>(<a href="./../../ClassLevelMethodsWithIgnoredTestsTest.java.3d63a9554dc471facef2cc12db6ffb29.html#LINE141">141</a>) biabduction
<LISTING class='color_black'>**** [RE:Pending] void ClassLevelMethodsWithIgnoredTestsTest.classRuleShouldNotBeAppliedWhenAllTestsAreIgnored() Node: 4, Procedure: void ClassLevelMethodsWithIgnoredTestsTest.classRuleShouldNotBeAppliedWhenAllTestsAreIgnored(), Todo: 1 ****
  PROP 1 of 1:
  <span class='color_blue'><span class='color_red'>return = _t$0<span class='color_orange'>initial</span>:void</span>; <span class='color_red'>this = val$1<span class='color_orange'>formal</span>:org.junit.tests.running.classes.ClassLevelMethodsWithIgnoredTestsTest*( sub )</span>; <span class='color_red'>old_this = val$1<span class='color_orange'>formal</span>:org.junit.tests.running.classes.ClassLevelMethodsWithIgnoredTestsTest*( sub )</span></span>
  .... Instructions: ....
  <span class='color_green'>n$0=*&amp;this:org.junit.tests.running.classes.ClassLevelMethodsWithIgnoredTestsTest* [line 141];
  n$1=_fun_void ClassLevelMethodsWithIgnoredTestsTest.runClassAndVerifyNoFailures(Class,String)(n$0:org.junit.tests.running.classes.ClassLevelMethodsWithIgnoredTestsTest*,org.junit.tests.running.classes.ClassLevelMethodsWithIgnoredTestsTest$ClassRuleWithIgnoredTest:java.lang.Object*,"The class rule should have been applied because the test method is ignored!":java.lang.Object*) [line 141];
  NULLIFY(&amp;this); [line 141];
  EXIT_SCOPE(n$0,n$1,this); [line 141];
  </span>
  
  Processing prop 1/1
    Instruction <span class='color_green'>n$0=*&amp;this:org.junit.tests.running.classes.ClassLevelMethodsWithIgnoredTestsTest* [line 141]</span>
    .... Rearrangement Start ....
    Exp: &amp;this
    Prop:
    <span class='color_blue'>return = n$2<span class='color_orange'>initial</span>:void; this = val$1<span class='color_orange'>formal</span>:org.junit.tests.running.classes.ClassLevelMethodsWithIgnoredTestsTest*( sub ); old_this = val$1<span class='color_orange'>formal</span>:org.junit.tests.running.classes.ClassLevelMethodsWithIgnoredTestsTest*( sub )</span>
    
    Prover.check_inconsistency_base: inconsistency reason [None]
    Prover.check_inconsistency_base: inconsistency reason [None]
    Instruction Returns
    PROP 1 of 1:
    <span class='color_blue'><span class='color_red'>val$1 = old_this</span> ;
    <span class='color_blue'>return = <span class='color_red'>_t$0<span class='color_orange'>initial</span></span>:void</span>; <span class='color_blue'>this = <span class='color_red'>n$0<span class='color_orange'>formal</span></span>:org.junit.tests.running.classes.ClassLevelMethodsWithIgnoredTestsTest*( sub )</span>; <span class='color_blue'>old_this = <span class='color_red'>n$0<span class='color_orange'>formal</span></span>:org.junit.tests.running.classes.ClassLevelMethodsWithIgnoredTestsTest*( sub )</span></span>
    
    Instruction <span class='color_green'>n$1=_fun_void ClassLevelMethodsWithIgnoredTestsTest.runClassAndVerifyNoFailures(Class,String)(n$0:org.junit.tests.running.classes.ClassLevelMethodsWithIgnoredTestsTest*,org.junit.tests.running.classes.ClassLevelMethodsWithIgnoredTestsTest$ClassRuleWithIgnoredTest:java.lang.Object*,"The class rule should have been applied because the test method is ignored!":java.lang.Object*) [line 141]</span>
    Found 1 specs for function org.junit.tests.running.classes.ClassLevelMethodsWithIgnoredTestsTest.runClassAndVerifyNoFailures(java.lang.Class,java.lang.String):void
    START EXECUTING SPECS FOR org.junit.tests.running.classes.ClassLevelMethodsWithIgnoredTestsTest.runClassAndVerifyNoFailures(java.lang.Class,java.lang.String):void from state
    <span class='color_blue'>val$1 = old_this ;
    return = n$3<span class='color_orange'>initial</span>:void; this = n$0<span class='color_orange'>formal</span>:org.junit.tests.running.classes.ClassLevelMethodsWithIgnoredTestsTest*( sub ); old_this = n$0<span class='color_orange'>formal</span>:org.junit.tests.running.classes.ClassLevelMethodsWithIgnoredTestsTest*( sub )</span>
    EXECUTING SPEC 1/1
    ACTUAL PRECONDITION =
      <span class='color_blue'>val$1 = old_this ;
      klass|callee = org.junit.tests.running.classes.ClassLevelMethodsWithIgnoredTestsTest$ClassRuleWithIgnoredTest<span class='color_orange'>actual_precondition</span>:java.lang.Object*; testFailureDescription|callee = "The class rule should have been applied because the test method is ignored!"<span class='color_orange'>actual_precondition</span>:java.lang.Object*; return = n$3<span class='color_orange'>initial</span>:void; this = n$0<span class='color_orange'>formal</span>:org.junit.tests.running.classes.ClassLevelMethodsWithIgnoredTestsTest*( sub ); this|callee = n$0<span class='color_orange'>actual_precondition</span>:org.junit.tests.running.classes.ClassLevelMethodsWithIgnoredTestsTest*; old_this = n$0<span class='color_orange'>formal</span>:org.junit.tests.running.classes.ClassLevelMethodsWithIgnoredTestsTest*( sub )</span>
    SPEC =
      --------------------------- ---------- ---------------------------
      PRE:
      <span class='color_blue'><span class='color_blue'>klass|callee = _t$4<span class='color_orange'>formal</span>:java.lang.Class*( sub ); testFailureDescription|callee = _t$5<span class='color_orange'>formal</span>:java.lang.String*( sub ); this|callee = _t$6<span class='color_orange'>formal</span>:org.junit.tests.running.classes.ClassLevelMethodsWithIgnoredTestsTest*( sub )</span></span>
      POST 1 of 2:
      <span class='color_blue'><span class='color_red'>MEMne &lt; void ClassLevelMethodsWithIgnoredTestsTest.analyseResult(Result,String):148 &gt; <span class='color_orange'>{vpath: }</span>(_t$7)</span> ;
      <span class='color_red'>return|callee = EXN _t$7<span class='color_orange'>update:148</span>:void</span> ;
      <span class='color_red'>_t$7|->{}<span class='color_orange'>alloc</span>:java.lang.AssertionError</span></span>
      POST 2 of 2:
      <span class='color_blue'><span class='color_red'>return|callee = _t$7<span class='color_orange'>initial</span>:void</span></span>
      ----------------------------------------------------------------
    pre_check_pure_implication
    pi1:
      val$1 = n$0
    pi2:
      
    returns
    sub1:
      val$1 = n$0
    sub2:
      val$1 = n$0
    Current Implication
    SUB:
      val$1 = n$0
    <span class='color_blue'>old_this = old_this ;
    klass|callee = org.junit.tests.running.classes.ClassLevelMethodsWithIgnoredTestsTest$ClassRuleWithIgnoredTest<span class='color_orange'>actual_precondition</span>:java.lang.Object*; testFailureDescription|callee = "The class rule should have been applied because the test method is ignored!"<span class='color_orange'>actual_precondition</span>:java.lang.Object*; return = n$3<span class='color_orange'>initial</span>:void; this = n$0<span class='color_orange'>formal</span>:org.junit.tests.running.classes.ClassLevelMethodsWithIgnoredTestsTest*( sub ); this|callee = n$0<span class='color_orange'>actual_precondition</span>:org.junit.tests.running.classes.ClassLevelMethodsWithIgnoredTestsTest*; old_this = n$0<span class='color_orange'>formal</span>:org.junit.tests.running.classes.ClassLevelMethodsWithIgnoredTestsTest*( sub )</span>
    [SUB: 
      val$1 = n$0]
    |-
    <span class='color_blue'>klass|callee = _t$4<span class='color_orange'>formal</span>:java.lang.Class*( sub ); testFailureDescription|callee = _t$5<span class='color_orange'>formal</span>:java.lang.String*( sub ); this|callee = _t$6<span class='color_orange'>formal</span>:org.junit.tests.running.classes.ClassLevelMethodsWithIgnoredTestsTest*( sub )</span>
    
      do_imply org.junit.tests.running.classes.ClassLevelMethodsWithIgnoredTestsTest$ClassRuleWithIgnoredTest _t$4
        Current Implication
        SUB:
          val$1 = n$0
        <span class='color_blue'>old_this = old_this ;
        testFailureDescription|callee = "The class rule should have been applied because the test method is ignored!"<span class='color_orange'>actual_precondition</span>:java.lang.Object*; return = n$3<span class='color_orange'>initial</span>:void; this = n$0<span class='color_orange'>formal</span>:org.junit.tests.running.classes.ClassLevelMethodsWithIgnoredTestsTest*( sub ); this|callee = n$0<span class='color_orange'>actual_precondition</span>:org.junit.tests.running.classes.ClassLevelMethodsWithIgnoredTestsTest*; old_this = n$0<span class='color_orange'>formal</span>:org.junit.tests.running.classes.ClassLevelMethodsWithIgnoredTestsTest*( sub )</span>
        [SUB: 
          val$1 = n$0; _t$4 = org.junit.tests.running.classes.ClassLevelMethodsWithIgnoredTestsTest$ClassRuleWithIgnoredTest]
        |-
        <span class='color_blue'>testFailureDescription|callee = _t$5<span class='color_orange'>formal</span>:java.lang.String*( sub ); this|callee = _t$6<span class='color_orange'>formal</span>:org.junit.tests.running.classes.ClassLevelMethodsWithIgnoredTestsTest*( sub )</span>
        
          do_imply "The class rule should have been applied because the test method is ignored!" _t$5
            Current Implication
            SUB:
              val$1 = n$0
            <span class='color_blue'>old_this = old_this ;
            return = n$3<span class='color_orange'>initial</span>:void; this = n$0<span class='color_orange'>formal</span>:org.junit.tests.running.classes.ClassLevelMethodsWithIgnoredTestsTest*( sub ); this|callee = n$0<span class='color_orange'>actual_precondition</span>:org.junit.tests.running.classes.ClassLevelMethodsWithIgnoredTestsTest*; old_this = n$0<span class='color_orange'>formal</span>:org.junit.tests.running.classes.ClassLevelMethodsWithIgnoredTestsTest*( sub )</span>
            [SUB: 
              val$1 = n$0; _t$4 = org.junit.tests.running.classes.ClassLevelMethodsWithIgnoredTestsTest$ClassRuleWithIgnoredTest; _t$5 = "The class rule should have been applied because the test method is ignored!"]
            |-
            <span class='color_blue'>this|callee = _t$6<span class='color_orange'>formal</span>:org.junit.tests.running.classes.ClassLevelMethodsWithIgnoredTestsTest*( sub )</span>
            
              do_imply n$0 _t$6
                Final Implication
                SUB:
                  val$1 = n$0
                <span class='color_blue'>old_this = old_this ;
                return = n$3<span class='color_orange'>initial</span>:void; this = n$0<span class='color_orange'>formal</span>:org.junit.tests.running.classes.ClassLevelMethodsWithIgnoredTestsTest*( sub ); old_this = n$0<span class='color_orange'>formal</span>:org.junit.tests.running.classes.ClassLevelMethodsWithIgnoredTestsTest*( sub )</span>
                [SUB: 
                  val$1 = n$0; _t$4 = org.junit.tests.running.classes.ClassLevelMethodsWithIgnoredTestsTest$ClassRuleWithIgnoredTest; _t$5 = "The class rule should have been applied because the test method is ignored!"; _t$6 = n$0]
                |-
                <span class='color_blue'></span>
    Result of Abduction
      SUB:
        val$1 = n$0
      <span class='color_blue'>old_this = old_this ;
      klass|callee = org.junit.tests.running.classes.ClassLevelMethodsWithIgnoredTestsTest$ClassRuleWithIgnoredTest<span class='color_orange'>actual_precondition</span>:java.lang.Object*; testFailureDescription|callee = "The class rule should have been applied because the test method is ignored!"<span class='color_orange'>actual_precondition</span>:java.lang.Object*; return = n$3<span class='color_orange'>initial</span>:void; this = n$0<span class='color_orange'>formal</span>:org.junit.tests.running.classes.ClassLevelMethodsWithIgnoredTestsTest*( sub ); this|callee = n$0<span class='color_orange'>actual_precondition</span>:org.junit.tests.running.classes.ClassLevelMethodsWithIgnoredTestsTest*; old_this = n$0<span class='color_orange'>formal</span>:org.junit.tests.running.classes.ClassLevelMethodsWithIgnoredTestsTest*( sub )</span>
      [SUB: 
        val$1 = n$0; _t$4 = org.junit.tests.running.classes.ClassLevelMethodsWithIgnoredTestsTest$ClassRuleWithIgnoredTest; _t$5 = "The class rule should have been applied because the test method is ignored!"; _t$6 = n$0]
      |-
      <span class='color_blue'>klass|callee = org.junit.tests.running.classes.ClassLevelMethodsWithIgnoredTestsTest$ClassRuleWithIgnoredTest<span class='color_orange'>formal</span>:java.lang.Class*( sub ); testFailureDescription|callee = "The class rule should have been applied because the test method is ignored!"<span class='color_orange'>formal</span>:java.lang.String*( sub ); this|callee = n$0<span class='color_orange'>formal</span>:org.junit.tests.running.classes.ClassLevelMethodsWithIgnoredTestsTest*( sub )</span>
    returning TRUE
    in vpath_find exp:_t$7
    vpath_find: cannot find _t$7
      New footprint:
      
      Frame fld:
      
      Missing fld:
      
      Instantiated frame:
      &amp;return|->n$3<span class='color_orange'>initial</span>:void; &amp;this|->n$0<span class='color_orange'>formal</span>:org.junit.tests.running.classes.ClassLevelMethodsWithIgnoredTestsTest*( sub ); &amp;old_this|->n$0<span class='color_orange'>formal</span>:org.junit.tests.running.classes.ClassLevelMethodsWithIgnoredTestsTest*( sub )
      Instantiated post:
      PROP 1 of 2:
      <span class='color_blue'><span class='color_red'>MEMne &lt; void ClassLevelMethodsWithIgnoredTestsTest.runClassAndVerifyNoFailures(Class,String):141 &gt; <span class='color_orange'>{vpath: }</span>(_t$7)</span> ;
      <span class='color_red'>return|callee = EXN _t$7<span class='color_orange'>update:141</span>:void</span> ;
      <span class='color_red'>_t$7|->{}<span class='color_orange'>alloc</span>:java.lang.AssertionError</span></span>
      PROP 2 of 2:
      <span class='color_blue'><span class='color_red'>return|callee = _t$7<span class='color_orange'>initial</span>:void</span></span>
      
    ***** RESULTS FUNCTION CALL *******
    PROP 1 of 2:
    <span class='color_blue'><span class='color_blue'>val$1 = old_this</span> ;
    <span class='color_red'>MEMne &lt; void ClassLevelMethodsWithIgnoredTestsTest.runClassAndVerifyNoFailures(Class,String):141 &gt; <span class='color_orange'>{vpath: }</span>(_t$0)</span> ;
    <span class='color_blue'>return = <span class='color_red'>EXN _t$0<span class='color_orange'>update:141</span></span>:void</span>; <span class='color_blue'>this = n$0<span class='color_orange'>formal</span>:org.junit.tests.running.classes.ClassLevelMethodsWithIgnoredTestsTest*( sub )</span>; <span class='color_blue'>old_this = n$0<span class='color_orange'>formal</span>:org.junit.tests.running.classes.ClassLevelMethodsWithIgnoredTestsTest*( sub )</span> ;
    <span class='color_red'>_t$0|->{}<span class='color_orange'>alloc</span>:java.lang.AssertionError</span></span>
    PROP 2 of 2:
    <span class='color_blue'><span class='color_blue'>val$1 = old_this</span> ;
    <span class='color_blue'>return = n$3<span class='color_orange'>initial</span>:void</span>; <span class='color_blue'>this = n$0<span class='color_orange'>formal</span>:org.junit.tests.running.classes.ClassLevelMethodsWithIgnoredTestsTest*( sub )</span>; <span class='color_blue'>old_this = n$0<span class='color_orange'>formal</span>:org.junit.tests.running.classes.ClassLevelMethodsWithIgnoredTestsTest*( sub )</span></span>
    ***** END RESULTS FUNCTION CALL *******
    Prover.check_inconsistency_base: inconsistency reason [None]
    Prover.check_inconsistency_base: inconsistency reason [None]
    Prover.check_inconsistency_base: inconsistency reason [None]
    Prover.check_inconsistency_base: inconsistency reason [None]
    Prover.check_inconsistency_base: inconsistency reason [None]
    Prover.check_inconsistency_base: inconsistency reason [None]
    Instruction Returns
    PROP 1 of 2:
    <span class='color_blue'><span class='color_blue'>val$1 = old_this</span> ;
    <span class='color_red'>MEMne &lt; void ClassLevelMethodsWithIgnoredTestsTest.runClassAndVerifyNoFailures(Class,String):141 &gt; <span class='color_orange'>{vpath: }</span>(_t$0)</span> ;
    <span class='color_blue'>return = <span class='color_red'>EXN _t$0<span class='color_orange'>update:141</span></span>:void</span>; <span class='color_blue'>this = n$0<span class='color_orange'>formal</span>:org.junit.tests.running.classes.ClassLevelMethodsWithIgnoredTestsTest*( sub )</span>; <span class='color_blue'>old_this = n$0<span class='color_orange'>formal</span>:org.junit.tests.running.classes.ClassLevelMethodsWithIgnoredTestsTest*( sub )</span> ;
    <span class='color_red'>_t$0|->{}<span class='color_orange'>alloc</span>:java.lang.AssertionError</span></span>
    PROP 2 of 2:
    <span class='color_blue'><span class='color_blue'>val$1 = old_this</span> ;
    <span class='color_blue'>return = _t$0<span class='color_orange'>initial</span>:void</span>; <span class='color_blue'>this = n$0<span class='color_orange'>formal</span>:org.junit.tests.running.classes.ClassLevelMethodsWithIgnoredTestsTest*( sub )</span>; <span class='color_blue'>old_this = n$0<span class='color_orange'>formal</span>:org.junit.tests.running.classes.ClassLevelMethodsWithIgnoredTestsTest*( sub )</span></span>
    
    Instruction <span class='color_green'>NULLIFY(&amp;this); [line 141]</span>
    in vpath_find exp:_t$0
    vpath_find: cannot find _t$0
    Instruction Returns
    PROP 1 of 1:
    <span class='color_blue'><span class='color_blue'>val$1 = old_this</span> ;
    <span class='color_blue'>MEMne &lt; void ClassLevelMethodsWithIgnoredTestsTest.runClassAndVerifyNoFailures(Class,String):141 &gt; <span class='color_orange'>{vpath: }</span>(_t$0)</span> ;
    <span class='color_blue'>return = EXN _t$0<span class='color_orange'>update:141</span>:void</span>; <span class='color_blue'>this = <span class='color_red'>0<span class='color_orange'>nullify</span></span>:org.junit.tests.running.classes.ClassLevelMethodsWithIgnoredTestsTest*( sub )</span>; <span class='color_blue'>old_this = n$0<span class='color_orange'>formal</span>:org.junit.tests.running.classes.ClassLevelMethodsWithIgnoredTestsTest*( sub )</span> ;
    <span class='color_blue'>_t$0|->{}<span class='color_orange'>alloc</span>:java.lang.AssertionError</span></span>
    
    Instruction <span class='color_green'>NULLIFY(&amp;this); [line 141]</span>
    Instruction Returns
    PROP 1 of 1:
    <span class='color_blue'><span class='color_blue'>val$1 = old_this</span> ;
    <span class='color_blue'>return = _t$0<span class='color_orange'>initial</span>:void</span>; <span class='color_blue'>this = <span class='color_red'>0<span class='color_orange'>nullify</span></span>:org.junit.tests.running.classes.ClassLevelMethodsWithIgnoredTestsTest*( sub )</span>; <span class='color_blue'>old_this = n$0<span class='color_orange'>formal</span>:org.junit.tests.running.classes.ClassLevelMethodsWithIgnoredTestsTest*( sub )</span></span>
    
    Instruction <span class='color_green'>EXIT_SCOPE(n$0,n$1,this); [line 141]</span>
    in vpath_find exp:_t$0
    vpath_find: cannot find _t$0
    Instruction Returns
    PROP 1 of 1:
    <span class='color_blue'><span class='color_blue'>MEMne &lt; void ClassLevelMethodsWithIgnoredTestsTest.runClassAndVerifyNoFailures(Class,String):141 &gt; <span class='color_orange'>{vpath: }</span>(_t$0)</span> ;
    <span class='color_blue'>return = EXN _t$0<span class='color_orange'>update:141</span>:void</span>; <span class='color_blue'>this = 0<span class='color_orange'>nullify</span>:org.junit.tests.running.classes.ClassLevelMethodsWithIgnoredTestsTest*( sub )</span>; <span class='color_blue'>old_this = <span class='color_red'>val$1<span class='color_orange'>formal</span></span>:org.junit.tests.running.classes.ClassLevelMethodsWithIgnoredTestsTest*( sub )</span> ;
    <span class='color_blue'>_t$0|->{}<span class='color_orange'>alloc</span>:java.lang.AssertionError</span></span>
    
    Instruction <span class='color_green'>EXIT_SCOPE(n$0,n$1,this); [line 141]</span>
    Instruction Returns
    PROP 1 of 1:
    <span class='color_blue'><span class='color_blue'>return = _t$0<span class='color_orange'>initial</span>:void</span>; <span class='color_blue'>this = 0<span class='color_orange'>nullify</span>:org.junit.tests.running.classes.ClassLevelMethodsWithIgnoredTestsTest*( sub )</span>; <span class='color_blue'>old_this = <span class='color_red'>val$1<span class='color_orange'>formal</span></span>:org.junit.tests.running.classes.ClassLevelMethodsWithIgnoredTestsTest*( sub )</span></span>
    
    .... After Symbolic Execution ....
    PROP 1 of 2:
    <span class='color_blue'><span class='color_red'>MEMne &lt; void ClassLevelMethodsWithIgnoredTestsTest.runClassAndVerifyNoFailures(Class,String):141 &gt; <span class='color_orange'>{vpath: }</span>(_t$0)</span> ;
    <span class='color_blue'>return = <span class='color_red'>EXN _t$0<span class='color_orange'>update:141</span></span>:void</span>; <span class='color_blue'>this = <span class='color_red'>0<span class='color_orange'>nullify</span></span>:org.junit.tests.running.classes.ClassLevelMethodsWithIgnoredTestsTest*( sub )</span>; <span class='color_blue'>old_this = val$1<span class='color_orange'>formal</span>:org.junit.tests.running.classes.ClassLevelMethodsWithIgnoredTestsTest*( sub )</span> ;
    <span class='color_red'>_t$0|->{}<span class='color_orange'>alloc</span>:java.lang.AssertionError</span></span>
    PROP 2 of 2:
    <span class='color_blue'><span class='color_blue'>return = <span class='color_red'>_t$0<span class='color_orange'>initial</span></span>:void</span>; <span class='color_blue'>this = <span class='color_red'>0<span class='color_orange'>nullify</span></span>:org.junit.tests.running.classes.ClassLevelMethodsWithIgnoredTestsTest*( sub )</span>; <span class='color_blue'>old_this = val$1<span class='color_orange'>formal</span>:org.junit.tests.running.classes.ClassLevelMethodsWithIgnoredTestsTest*( sub )</span></span>
    
    
    
  </LISTING>