<!DOCTYPE HTML PUBLIC "-//W3C//DTD HTML 4.01 Transitional//EN">
<html>
<head>
<title>org.junit.tests.running.classes.ClassLevelMethodsWithIgnoredTestsTest$BeforeClassWithIgnoredClass.te.a93cba3a09bfa8e9d281dccee2e29a24_node4</title>
<meta http-equiv="Content-Type" content="text/html; charset=utf-8">
<style type="text/css">
body { background-color:#fff; color:#000; font-family:Helvetica, sans-serif; font-size:10pt }
h1 { font-size:14pt }
.code { border-collapse:collapse; width:100%; font-family: "Andale Mono", monospace; font-size:10pt; line-height: 1.2em }
.color_black { color: black }
.color_blue { color: blue }
.color_green { color: green }
.color_orange { color: orange }
.color_red { color: red }
.line { border-left: 3px solid #ccc; padding-left: 1ex; white-space: pre; }
.msg { background-color:#fff8b4; color:#000; float:left; font-family:Helvetica, sans-serif; font-size: smaller; font-weight: bold; margin-bottom:10px; margin-top:10px; max-width:60em; padding:0.5em 1ex 0.5em 1ex; -webkit-border-radius:5px; -webkit-box-shadow:1px 1px 7px #000; white-space: pre-wrap; word-wrap: break-word; }
.num { background-color:#eee; color:#444; font-size: smaller; padding-right:2ex; text-align:right; width:2.5em; }
.dangling { background-color:white; color: gray; }
.visited { background-color:LemonChiffon; color: darkmagenta; }
.tooltip { display: none; background-color:#FFF0F0; border: 2px solid #F00; font-weight: normal; left:10em; padding: 2px; position: absolute; top: -1em; -webkit-border-radius:5px; -webkit-box-shadow:1px 1px 7px #000; z-index: 1}
.with_tooltip { position: relative; }
.with_tooltip:hover .tooltip, .visited:hover .tooltip { display: block; }
</style>
</head>
<body>
<center><h1>Cfg Node <a href="./../../ClassLevelMethodsWithIgnoredTestsTest.java.3d63a9554dc471facef2cc12db6ffb29.html#LINE59">4</a></h1></center>PROC: <a href="./../org.junit.tests.running.classes.ClassLevelMethodsWithIgnoredTestsTest%24BeforeClassWithIgnoredClass.te.a93cba3a09bfa8e9d281dccee2e29a24.html">void ClassLevelMethodsWithIgnoredTestsTest$BeforeClassWithIgnoredClass.test()</a> LINE: <a href="./../../ClassLevelMethodsWithIgnoredTestsTest.java.3d63a9554dc471facef2cc12db6ffb29.html#LINE59">59</a>
<br>PREDS:
<a href="./../nodes/org.junit.tests.running.classes.ClassLevelMethodsWithIgnoredTestsTest%24BeforeClassWithIgnoredClass.te.a93cba3a09bfa8e9d281dccee2e29a24_node1.html"><span class='visited with_tooltip'>N_1<span class='tooltip'>node1 preds: succs:4 exn:2 </span></span></a><br>SUCCS:
<a href="./../nodes/org.junit.tests.running.classes.ClassLevelMethodsWithIgnoredTestsTest%24BeforeClassWithIgnoredClass.te.a93cba3a09bfa8e9d281dccee2e29a24_node5.html"><span class='visited with_tooltip'>N_5<span class='tooltip'>node5 preds:4 succs:2 exn:3 </span></span></a><br>EXN:
<a href="./../nodes/org.junit.tests.running.classes.ClassLevelMethodsWithIgnoredTestsTest%24BeforeClassWithIgnoredClass.te.a93cba3a09bfa8e9d281dccee2e29a24_node3.html"><span class='visited with_tooltip'>N_3<span class='tooltip'>node3 preds: succs:2 exn:2 </span></span></a><br>
<LISTING class='color_green'>n$0=_fun_void Assert.fail(String)("test() should not run":java.lang.Object*) [line 59];
</LISTING>
<hr width="100%">
<a name="session6" href="./../nodes/org.junit.tests.running.classes.ClassLevelMethodsWithIgnoredTestsTest%24BeforeClassWithIgnoredClass.te.a93cba3a09bfa8e9d281dccee2e29a24_node4.html#session6">node4#session6</a>(<a href="./../../ClassLevelMethodsWithIgnoredTestsTest.java.3d63a9554dc471facef2cc12db6ffb29.html#LINE59">59</a>) [compute pre] liveness 4
<LISTING class='color_black'>JOIN

LEFT:   normal:{ }, exn:{ }
RIGHT:  normal:{ }, exn:{ }
RESULT: normal:{ }, exn:{ }

</LISTING>
<hr width="100%">
<a name="session7" href="./../nodes/org.junit.tests.running.classes.ClassLevelMethodsWithIgnoredTestsTest%24BeforeClassWithIgnoredClass.te.a93cba3a09bfa8e9d281dccee2e29a24_node4.html#session7">node4#session7</a>(<a href="./../../ClassLevelMethodsWithIgnoredTestsTest.java.3d63a9554dc471facef2cc12db6ffb29.html#LINE59">59</a>) [exec] liveness 4
<LISTING class='color_black'>PRE STATE:
normal:{ }, exn:{ }

INSTR=  n$0=_fun_void Assert.fail(String)(&quot;test() should not run&quot;:java.lang.Object*) [line 59]; 

STATE:
normal:{ }, exn:{ }

</LISTING>
<hr width="100%">
<a name="session11" href="./../nodes/org.junit.tests.running.classes.ClassLevelMethodsWithIgnoredTestsTest%24BeforeClassWithIgnoredClass.te.a93cba3a09bfa8e9d281dccee2e29a24_node4.html#session11">node4#session11</a>(<a href="./../../ClassLevelMethodsWithIgnoredTestsTest.java.3d63a9554dc471facef2cc12db6ffb29.html#LINE59">59</a>) [compute pre] nullify
<LISTING class='color_black'></LISTING>
<hr width="100%">
<a name="session12" href="./../nodes/org.junit.tests.running.classes.ClassLevelMethodsWithIgnoredTestsTest%24BeforeClassWithIgnoredClass.te.a93cba3a09bfa8e9d281dccee2e29a24_node4.html#session12">node4#session12</a>(<a href="./../../ClassLevelMethodsWithIgnoredTestsTest.java.3d63a9554dc471facef2cc12db6ffb29.html#LINE59">59</a>) [exec] nullify
<LISTING class='color_black'>PRE STATE:
(normal:{ }, exn:{ },normal:{ }, exn:{ })

INSTR=  n$0=_fun_void Assert.fail(String)(&quot;test() should not run&quot;:java.lang.Object*) [line 59]; 

STATE:
(normal:{ }, exn:{ },normal:{ n$0 }, exn:{ })

</LISTING>
<hr width="100%">
<a name="session20" href="./../nodes/org.junit.tests.running.classes.ClassLevelMethodsWithIgnoredTestsTest%24BeforeClassWithIgnoredClass.te.a93cba3a09bfa8e9d281dccee2e29a24_node4.html#session20">node4#session20</a>(<a href="./../../ClassLevelMethodsWithIgnoredTestsTest.java.3d63a9554dc471facef2cc12db6ffb29.html#LINE59">59</a>) [compute pre] devirtualizer analysis 4
<LISTING class='color_black'></LISTING>
<hr width="100%">
<a name="session21" href="./../nodes/org.junit.tests.running.classes.ClassLevelMethodsWithIgnoredTestsTest%24BeforeClassWithIgnoredClass.te.a93cba3a09bfa8e9d281dccee2e29a24_node4.html#session21">node4#session21</a>(<a href="./../../ClassLevelMethodsWithIgnoredTestsTest.java.3d63a9554dc471facef2cc12db6ffb29.html#LINE59">59</a>) [exec] devirtualizer analysis 4
<LISTING class='color_black'>PRE STATE:
{ }

INSTR=  n$0=_fun_void Assert.fail(String)(&quot;test() should not run&quot;:java.lang.Object*) [line 59]; 

STATE UNCHANGED

INSTR=  EXIT_SCOPE(n$0); [line 59]; 

STATE UNCHANGED

</LISTING>
<hr width="100%">
<a name="session27" href="./../nodes/org.junit.tests.running.classes.ClassLevelMethodsWithIgnoredTestsTest%24BeforeClassWithIgnoredClass.te.a93cba3a09bfa8e9d281dccee2e29a24_node4.html#session27">node4#session27</a>(<a href="./../../ClassLevelMethodsWithIgnoredTestsTest.java.3d63a9554dc471facef2cc12db6ffb29.html#LINE59">59</a>) [exec] devirtualizer
<LISTING class='color_black'></LISTING>
<hr width="100%">
<a name="session28" href="./../nodes/org.junit.tests.running.classes.ClassLevelMethodsWithIgnoredTestsTest%24BeforeClassWithIgnoredClass.te.a93cba3a09bfa8e9d281dccee2e29a24_node4.html#session28">node4#session28</a>(<a href="./../../ClassLevelMethodsWithIgnoredTestsTest.java.3d63a9554dc471facef2cc12db6ffb29.html#LINE59">59</a>) [exec] devirtualizer
<LISTING class='color_black'></LISTING>
<hr width="100%">
<a name="session2" href="./../nodes/org.junit.tests.running.classes.ClassLevelMethodsWithIgnoredTestsTest%24BeforeClassWithIgnoredClass.te.a93cba3a09bfa8e9d281dccee2e29a24_node4.html#session2">node4#session2</a>(<a href="./../../ClassLevelMethodsWithIgnoredTestsTest.java.3d63a9554dc471facef2cc12db6ffb29.html#LINE59">59</a>) [compute pre] starvation
<LISTING class='color_black'></LISTING>
<hr width="100%">
<a name="session3" href="./../nodes/org.junit.tests.running.classes.ClassLevelMethodsWithIgnoredTestsTest%24BeforeClassWithIgnoredClass.te.a93cba3a09bfa8e9d281dccee2e29a24_node4.html#session3">node4#session3</a>(<a href="./../../ClassLevelMethodsWithIgnoredTestsTest.java.3d63a9554dc471facef2cc12db6ffb29.html#LINE59">59</a>) [exec] starvation
<LISTING class='color_black'>PRE STATE:
{guard_map= { }; lock_state= {map= { }; acquisitions= { }};
 critical_pairs= { }; attributes= { }; thread= UnknownThread;
 scheduled_work= { }; var_state= { }}

INSTR=  n$0=_fun_void Assert.fail(String)(&quot;test() should not run&quot;:java.lang.Object*) [line 59]; 

STATE:
{guard_map= { }; lock_state= {map= { }; acquisitions= { }};
 critical_pairs= { }; attributes= { }; thread= UnknownThread;
 scheduled_work= { }; var_state= { }}

INSTR=  EXIT_SCOPE(n$0); [line 59]; 

STATE:
{guard_map= { }; lock_state= {map= { }; acquisitions= { }};
 critical_pairs= { }; attributes= { }; thread= UnknownThread;
 scheduled_work= { }; var_state= { }}

</LISTING>
<hr width="100%">
<a name="session9" href="./../nodes/org.junit.tests.running.classes.ClassLevelMethodsWithIgnoredTestsTest%24BeforeClassWithIgnoredClass.te.a93cba3a09bfa8e9d281dccee2e29a24_node4.html#session9">node4#session9</a>(<a href="./../../ClassLevelMethodsWithIgnoredTestsTest.java.3d63a9554dc471facef2cc12db6ffb29.html#LINE59">59</a>) [compute pre] racerd
<LISTING class='color_black'></LISTING>
<hr width="100%">
<a name="session10" href="./../nodes/org.junit.tests.running.classes.ClassLevelMethodsWithIgnoredTestsTest%24BeforeClassWithIgnoredClass.te.a93cba3a09bfa8e9d281dccee2e29a24_node4.html#session10">node4#session10</a>(<a href="./../../ClassLevelMethodsWithIgnoredTestsTest.java.3d63a9554dc471facef2cc12db6ffb29.html#LINE59">59</a>) [exec] racerd
<LISTING class='color_black'>PRE STATE:
Threads: NoThread, Locks: 0 
Accesses { } 
Ownership: { this -&gt; OwnedIf{ 0 } } 
Attributes: { } 


INSTR=  n$0 := void Assert.fail(String)({ &quot;test() should not run&quot; }) [line 59]; 

STATE:
Threads: NoThread, Locks: 0 
Accesses { } 
Ownership: { n$0 -&gt; Owned, this -&gt; OwnedIf{ 0 } } 
Attributes: { } 


INSTR=  EXIT_SCOPE(n$0); [line 59]; 

STATE UNCHANGED

</LISTING>
<hr width="100%">
<a name="session16" href="./../nodes/org.junit.tests.running.classes.ClassLevelMethodsWithIgnoredTestsTest%24BeforeClassWithIgnoredClass.te.a93cba3a09bfa8e9d281dccee2e29a24_node4.html#session16">node4#session16</a>(<a href="./../../ClassLevelMethodsWithIgnoredTestsTest.java.3d63a9554dc471facef2cc12db6ffb29.html#LINE59">59</a>) biabduction
<LISTING class='color_black'>**** [FP:Pending] void ClassLevelMethodsWithIgnoredTestsTest$BeforeClassWithIgnoredClass.test() Node: 4, Procedure: void ClassLevelMethodsWithIgnoredTestsTest$BeforeClassWithIgnoredClass.test(), Todo: 1 ****
  PROP 1 of 1:
  <span class='color_blue'><span class='color_red'>return = _t$0<span class='color_orange'>initial</span>:void</span>; <span class='color_red'>this = @f$0<span class='color_orange'>formal</span>:org.junit.tests.running.classes.ClassLevelMethodsWithIgnoredTestsTest$BeforeClassWithIgnoredClass*( sub )</span>; <span class='color_red'>old_this = @f$0<span class='color_orange'>formal</span>:org.junit.tests.running.classes.ClassLevelMethodsWithIgnoredTestsTest$BeforeClassWithIgnoredClass*( sub )</span>
  [footprint
     <span class='color_red'>this = @f$0<span class='color_orange'>formal</span>:org.junit.tests.running.classes.ClassLevelMethodsWithIgnoredTestsTest$BeforeClassWithIgnoredClass*( sub )</span>  ]</span>
  .... Instructions: ....
  <span class='color_green'>n$0=_fun_void Assert.fail(String)("test() should not run":java.lang.Object*) [line 59];
  EXIT_SCOPE(n$0); [line 59];
  </span>
  
  Processing prop 1/1
    Instruction <span class='color_green'>n$0=_fun_void Assert.fail(String)("test() should not run":java.lang.Object*) [line 59]</span>
    Found 2 specs for function org.junit.Assert.fail(java.lang.String):void
    START EXECUTING SPECS FOR org.junit.Assert.fail(java.lang.String):void from state
    <span class='color_blue'>return = n$1<span class='color_orange'>initial</span>:void; this = @f$0<span class='color_orange'>formal</span>:org.junit.tests.running.classes.ClassLevelMethodsWithIgnoredTestsTest$BeforeClassWithIgnoredClass*( sub ); old_this = @f$0<span class='color_orange'>formal</span>:org.junit.tests.running.classes.ClassLevelMethodsWithIgnoredTestsTest$BeforeClassWithIgnoredClass*( sub )
    [footprint
       this = @f$0<span class='color_orange'>formal</span>:org.junit.tests.running.classes.ClassLevelMethodsWithIgnoredTestsTest$BeforeClassWithIgnoredClass*( sub )  ]</span>
    EXECUTING SPEC 1/2
    ACTUAL PRECONDITION =
      <span class='color_blue'>message|callee = "test() should not run"<span class='color_orange'>actual_precondition</span>:java.lang.Object*; return = n$1<span class='color_orange'>initial</span>:void; this = @f$0<span class='color_orange'>formal</span>:org.junit.tests.running.classes.ClassLevelMethodsWithIgnoredTestsTest$BeforeClassWithIgnoredClass*( sub ); old_this = @f$0<span class='color_orange'>formal</span>:org.junit.tests.running.classes.ClassLevelMethodsWithIgnoredTestsTest$BeforeClassWithIgnoredClass*( sub )
      [footprint
         this = @f$0<span class='color_orange'>formal</span>:org.junit.tests.running.classes.ClassLevelMethodsWithIgnoredTestsTest$BeforeClassWithIgnoredClass*( sub )  ]</span>
    SPEC =
      --------------------------- ---------- ---------------------------
      PRE:
      <span class='color_blue'><span class='color_blue'>message|callee = null<span class='color_orange'>formal</span>:java.lang.String*( sub )</span></span>
      POST 1 of 1:
      <span class='color_blue'><span class='color_red'>MEMne &lt; new:87 &gt; <span class='color_orange'>{vpath: }</span>(_t$2)</span> ;
      <span class='color_red'>return|callee = EXN _t$2<span class='color_orange'>update:87</span>:void</span> ;
      <span class='color_red'>_t$2|->{}<span class='color_orange'>alloc</span>:java.lang.AssertionError</span></span>
      ----------------------------------------------------------------
    pre_check_pure_implication
    pi1:
      
    pi2:
      
    returns
    sub1:
      
    sub2:
      
    Current Implication
    SUB:
      
    <span class='color_blue'>message|callee = "test() should not run"<span class='color_orange'>actual_precondition</span>:java.lang.Object*; return = n$1<span class='color_orange'>initial</span>:void; this = @f$0<span class='color_orange'>formal</span>:org.junit.tests.running.classes.ClassLevelMethodsWithIgnoredTestsTest$BeforeClassWithIgnoredClass*( sub ); old_this = @f$0<span class='color_orange'>formal</span>:org.junit.tests.running.classes.ClassLevelMethodsWithIgnoredTestsTest$BeforeClassWithIgnoredClass*( sub )
    [footprint
       this = @f$0<span class='color_orange'>formal</span>:org.junit.tests.running.classes.ClassLevelMethodsWithIgnoredTestsTest$BeforeClassWithIgnoredClass*( sub )  ]</span>
    |-
    <span class='color_blue'>message|callee = null<span class='color_orange'>formal</span>:java.lang.String*( sub )</span>
    
      do_imply "test() should not run" null
      WARNING: footprint failed to find MISSING because: constants not equal
    EXECUTING SPEC 2/2
    ACTUAL PRECONDITION =
      <span class='color_blue'>message|callee = "test() should not run"<span class='color_orange'>actual_precondition</span>:java.lang.Object*; return = n$1<span class='color_orange'>initial</span>:void; this = @f$0<span class='color_orange'>formal</span>:org.junit.tests.running.classes.ClassLevelMethodsWithIgnoredTestsTest$BeforeClassWithIgnoredClass*( sub ); old_this = @f$0<span class='color_orange'>formal</span>:org.junit.tests.running.classes.ClassLevelMethodsWithIgnoredTestsTest$BeforeClassWithIgnoredClass*( sub )
      [footprint
         this = @f$0<span class='color_orange'>formal</span>:org.junit.tests.running.classes.ClassLevelMethodsWithIgnoredTestsTest$BeforeClassWithIgnoredClass*( sub )  ]</span>
    SPEC =
      --------------------------- ---------- ---------------------------
      PRE:
      <span class='color_blue'><span class='color_blue'>message|callee != null ;
      message|callee = _t$3<span class='color_orange'>formal</span>:java.lang.String*( sub )</span></span>
      POST 1 of 1:
      <span class='color_blue'>message|callee != null; <span class='color_red'>MEMne &lt; new:89 &gt; <span class='color_orange'>{vpath: }</span>(_t$4)</span> ;
      <span class='color_red'>return|callee = EXN _t$4<span class='color_orange'>update:89</span>:void</span> ;
      <span class='color_red'>_t$4|->{}<span class='color_orange'>alloc</span>:java.lang.AssertionError</span></span>
      ----------------------------------------------------------------
    pre_check_pure_implication
    pi1:
      
    pi2:
      _t$3 != null
    returns
    sub1:
      
    sub2:
      
    Current Implication
    SUB:
      
    <span class='color_blue'>message|callee = "test() should not run"<span class='color_orange'>actual_precondition</span>:java.lang.Object*; return = n$1<span class='color_orange'>initial</span>:void; this = @f$0<span class='color_orange'>formal</span>:org.junit.tests.running.classes.ClassLevelMethodsWithIgnoredTestsTest$BeforeClassWithIgnoredClass*( sub ); old_this = @f$0<span class='color_orange'>formal</span>:org.junit.tests.running.classes.ClassLevelMethodsWithIgnoredTestsTest$BeforeClassWithIgnoredClass*( sub )
    [footprint
       this = @f$0<span class='color_orange'>formal</span>:org.junit.tests.running.classes.ClassLevelMethodsWithIgnoredTestsTest$BeforeClassWithIgnoredClass*( sub )  ]</span>
    |-
    <span class='color_blue'>message|callee = _t$3<span class='color_orange'>formal</span>:java.lang.String*( sub )</span>
    
      do_imply "test() should not run" _t$3
        Final Implication
        SUB:
          
        <span class='color_blue'>return = n$1<span class='color_orange'>initial</span>:void; this = @f$0<span class='color_orange'>formal</span>:org.junit.tests.running.classes.ClassLevelMethodsWithIgnoredTestsTest$BeforeClassWithIgnoredClass*( sub ); old_this = @f$0<span class='color_orange'>formal</span>:org.junit.tests.running.classes.ClassLevelMethodsWithIgnoredTestsTest$BeforeClassWithIgnoredClass*( sub )
        [footprint
           this = @f$0<span class='color_orange'>formal</span>:org.junit.tests.running.classes.ClassLevelMethodsWithIgnoredTestsTest$BeforeClassWithIgnoredClass*( sub )  ]</span>
        [SUB: 
          _t$3 = "test() should not run"]
        |-
        <span class='color_blue'></span>
    imply_pi: adding missing atom _t$3 != null
    Result of Abduction
      SUB:
        
      <span class='color_blue'>message|callee = "test() should not run"<span class='color_orange'>actual_precondition</span>:java.lang.Object*; return = n$1<span class='color_orange'>initial</span>:void; this = @f$0<span class='color_orange'>formal</span>:org.junit.tests.running.classes.ClassLevelMethodsWithIgnoredTestsTest$BeforeClassWithIgnoredClass*( sub ); old_this = @f$0<span class='color_orange'>formal</span>:org.junit.tests.running.classes.ClassLevelMethodsWithIgnoredTestsTest$BeforeClassWithIgnoredClass*( sub )
      [footprint
         this = @f$0<span class='color_orange'>formal</span>:org.junit.tests.running.classes.ClassLevelMethodsWithIgnoredTestsTest$BeforeClassWithIgnoredClass*( sub )  ]</span>
      [SUB: 
        _t$3 = "test() should not run"
      _t$3 != null]
      |-
      <span class='color_blue'>"test() should not run" != null ;
      message|callee = "test() should not run"<span class='color_orange'>formal</span>:java.lang.String*( sub )</span>
    returning TRUE
    in vpath_find exp:_t$4
    vpath_find: cannot find _t$4
      New footprint:
      "test() should not run" != null
      Frame fld:
      
      Missing fld:
      
      Instantiated frame:
      &amp;return|->n$1<span class='color_orange'>initial</span>:void; &amp;this|->@f$0<span class='color_orange'>formal</span>:org.junit.tests.running.classes.ClassLevelMethodsWithIgnoredTestsTest$BeforeClassWithIgnoredClass*( sub ); &amp;old_this|->@f$0<span class='color_orange'>formal</span>:org.junit.tests.running.classes.ClassLevelMethodsWithIgnoredTestsTest$BeforeClassWithIgnoredClass*( sub )
      Instantiated post:
      PROP 1 of 1:
      <span class='color_blue'><span class='color_red'>"test() should not run" != null</span>; <span class='color_red'>MEMne &lt; void Assert.fail(String):59 &gt; <span class='color_orange'>{vpath: }</span>(_t$4)</span> ;
      <span class='color_red'>return|callee = EXN _t$4<span class='color_orange'>update:59</span>:void</span> ;
      <span class='color_red'>_t$4|->{}<span class='color_orange'>alloc</span>:java.lang.AssertionError</span></span>
      
    ***** RESULTS FUNCTION CALL *******
    PROP 1 of 1:
    <span class='color_blue'><span class='color_red'>null != "test() should not run"</span>; <span class='color_red'>MEMne &lt; void Assert.fail(String):59 &gt; <span class='color_orange'>{vpath: }</span>(_t$0)</span> ;
    <span class='color_blue'>return = <span class='color_red'>EXN _t$0<span class='color_orange'>update:59</span></span>:void</span>; <span class='color_blue'>this = @f$0<span class='color_orange'>formal</span>:org.junit.tests.running.classes.ClassLevelMethodsWithIgnoredTestsTest$BeforeClassWithIgnoredClass*( sub )</span>; <span class='color_blue'>old_this = @f$0<span class='color_orange'>formal</span>:org.junit.tests.running.classes.ClassLevelMethodsWithIgnoredTestsTest$BeforeClassWithIgnoredClass*( sub )</span> ;
    <span class='color_red'>_t$0|->{}<span class='color_orange'>alloc</span>:java.lang.AssertionError</span>
    [footprint
       <span class='color_red'>null != "test() should not run"</span> *
       <span class='color_blue'>this = @f$0<span class='color_orange'>formal</span>:org.junit.tests.running.classes.ClassLevelMethodsWithIgnoredTestsTest$BeforeClassWithIgnoredClass*( sub )</span>  ]</span>
    ***** END RESULTS FUNCTION CALL *******
    Prover.check_inconsistency_base: inconsistency reason [None]
    Prover.check_inconsistency_base: inconsistency reason [None]
    Prover.check_inconsistency_base: inconsistency reason [None]
    Prover.check_inconsistency_base: inconsistency reason [None]
    Instruction Returns
    PROP 1 of 1:
    <span class='color_blue'><span class='color_red'>null != "test() should not run"</span>; <span class='color_red'>MEMne &lt; void Assert.fail(String):59 &gt; <span class='color_orange'>{vpath: }</span>(_t$0)</span> ;
    <span class='color_blue'>return = <span class='color_red'>EXN _t$0<span class='color_orange'>update:59</span></span>:void</span>; <span class='color_blue'>this = @f$0<span class='color_orange'>formal</span>:org.junit.tests.running.classes.ClassLevelMethodsWithIgnoredTestsTest$BeforeClassWithIgnoredClass*( sub )</span>; <span class='color_blue'>old_this = @f$0<span class='color_orange'>formal</span>:org.junit.tests.running.classes.ClassLevelMethodsWithIgnoredTestsTest$BeforeClassWithIgnoredClass*( sub )</span> ;
    <span class='color_red'>_t$0|->{}<span class='color_orange'>alloc</span>:java.lang.AssertionError</span>
    [footprint
       <span class='color_red'>null != "test() should not run"</span> *
       <span class='color_blue'>this = @f$0<span class='color_orange'>formal</span>:org.junit.tests.running.classes.ClassLevelMethodsWithIgnoredTestsTest$BeforeClassWithIgnoredClass*( sub )</span>  ]</span>
    
    Instruction <span class='color_green'>EXIT_SCOPE(n$0); [line 59]</span>
    in vpath_find exp:_t$0
    vpath_find: cannot find _t$0
    Instruction Returns
    PROP 1 of 1:
    <span class='color_blue'><span class='color_blue'>null != "test() should not run"</span>; <span class='color_blue'>MEMne &lt; void Assert.fail(String):59 &gt; <span class='color_orange'>{vpath: }</span>(_t$0)</span> ;
    <span class='color_blue'>return = EXN _t$0<span class='color_orange'>update:59</span>:void</span>; <span class='color_blue'>this = @f$0<span class='color_orange'>formal</span>:org.junit.tests.running.classes.ClassLevelMethodsWithIgnoredTestsTest$BeforeClassWithIgnoredClass*( sub )</span>; <span class='color_blue'>old_this = @f$0<span class='color_orange'>formal</span>:org.junit.tests.running.classes.ClassLevelMethodsWithIgnoredTestsTest$BeforeClassWithIgnoredClass*( sub )</span> ;
    <span class='color_blue'>_t$0|->{}<span class='color_orange'>alloc</span>:java.lang.AssertionError</span>
    [footprint
       <span class='color_blue'>null != "test() should not run"</span> *
       <span class='color_blue'>this = @f$0<span class='color_orange'>formal</span>:org.junit.tests.running.classes.ClassLevelMethodsWithIgnoredTestsTest$BeforeClassWithIgnoredClass*( sub )</span>  ]</span>
    
    .... After Symbolic Execution ....
    PROP 1 of 1:
    <span class='color_blue'><span class='color_red'>null != "test() should not run"</span>; <span class='color_red'>MEMne &lt; void Assert.fail(String):59 &gt; <span class='color_orange'>{vpath: }</span>(_t$0)</span> ;
    <span class='color_blue'>return = <span class='color_red'>EXN _t$0<span class='color_orange'>update:59</span></span>:void</span>; <span class='color_blue'>this = @f$0<span class='color_orange'>formal</span>:org.junit.tests.running.classes.ClassLevelMethodsWithIgnoredTestsTest$BeforeClassWithIgnoredClass*( sub )</span>; <span class='color_blue'>old_this = @f$0<span class='color_orange'>formal</span>:org.junit.tests.running.classes.ClassLevelMethodsWithIgnoredTestsTest$BeforeClassWithIgnoredClass*( sub )</span> ;
    <span class='color_red'>_t$0|->{}<span class='color_orange'>alloc</span>:java.lang.AssertionError</span>
    [footprint
       <span class='color_red'>null != "test() should not run"</span> *
       <span class='color_blue'>this = @f$0<span class='color_orange'>formal</span>:org.junit.tests.running.classes.ClassLevelMethodsWithIgnoredTestsTest$BeforeClassWithIgnoredClass*( sub )</span>  ]</span>
    
    
    
  </LISTING>
<hr width="100%">
<a name="session22" href="./../nodes/org.junit.tests.running.classes.ClassLevelMethodsWithIgnoredTestsTest%24BeforeClassWithIgnoredClass.te.a93cba3a09bfa8e9d281dccee2e29a24_node4.html#session22">node4#session22</a>(<a href="./../../ClassLevelMethodsWithIgnoredTestsTest.java.3d63a9554dc471facef2cc12db6ffb29.html#LINE59">59</a>) biabduction
<LISTING class='color_black'>**** [RE:Pending] void ClassLevelMethodsWithIgnoredTestsTest$BeforeClassWithIgnoredClass.test() Node: 4, Procedure: void ClassLevelMethodsWithIgnoredTestsTest$BeforeClassWithIgnoredClass.test(), Todo: 1 ****
  PROP 1 of 1:
  <span class='color_blue'><span class='color_red'>return = _t$0<span class='color_orange'>initial</span>:void</span>; <span class='color_red'>this = val$1<span class='color_orange'>formal</span>:org.junit.tests.running.classes.ClassLevelMethodsWithIgnoredTestsTest$BeforeClassWithIgnoredClass*( sub )</span>; <span class='color_red'>old_this = val$1<span class='color_orange'>formal</span>:org.junit.tests.running.classes.ClassLevelMethodsWithIgnoredTestsTest$BeforeClassWithIgnoredClass*( sub )</span></span>
  .... Instructions: ....
  <span class='color_green'>n$0=_fun_void Assert.fail(String)("test() should not run":java.lang.Object*) [line 59];
  EXIT_SCOPE(n$0); [line 59];
  </span>
  
  Processing prop 1/1
    Instruction <span class='color_green'>n$0=_fun_void Assert.fail(String)("test() should not run":java.lang.Object*) [line 59]</span>
    Found 2 specs for function org.junit.Assert.fail(java.lang.String):void
    START EXECUTING SPECS FOR org.junit.Assert.fail(java.lang.String):void from state
    <span class='color_blue'>return = n$1<span class='color_orange'>initial</span>:void; this = val$1<span class='color_orange'>formal</span>:org.junit.tests.running.classes.ClassLevelMethodsWithIgnoredTestsTest$BeforeClassWithIgnoredClass*( sub ); old_this = val$1<span class='color_orange'>formal</span>:org.junit.tests.running.classes.ClassLevelMethodsWithIgnoredTestsTest$BeforeClassWithIgnoredClass*( sub )</span>
    EXECUTING SPEC 1/2
    ACTUAL PRECONDITION =
      <span class='color_blue'>message|callee = "test() should not run"<span class='color_orange'>actual_precondition</span>:java.lang.Object*; return = n$1<span class='color_orange'>initial</span>:void; this = val$1<span class='color_orange'>formal</span>:org.junit.tests.running.classes.ClassLevelMethodsWithIgnoredTestsTest$BeforeClassWithIgnoredClass*( sub ); old_this = val$1<span class='color_orange'>formal</span>:org.junit.tests.running.classes.ClassLevelMethodsWithIgnoredTestsTest$BeforeClassWithIgnoredClass*( sub )</span>
    SPEC =
      --------------------------- ---------- ---------------------------
      PRE:
      <span class='color_blue'><span class='color_blue'>message|callee = null<span class='color_orange'>formal</span>:java.lang.String*( sub )</span></span>
      POST 1 of 1:
      <span class='color_blue'><span class='color_red'>MEMne &lt; new:87 &gt; <span class='color_orange'>{vpath: }</span>(_t$2)</span> ;
      <span class='color_red'>return|callee = EXN _t$2<span class='color_orange'>update:87</span>:void</span> ;
      <span class='color_red'>_t$2|->{}<span class='color_orange'>alloc</span>:java.lang.AssertionError</span></span>
      ----------------------------------------------------------------
    pre_check_pure_implication
    pi1:
      
    pi2:
      
    returns
    sub1:
      
    sub2:
      
    Current Implication
    SUB:
      
    <span class='color_blue'>message|callee = "test() should not run"<span class='color_orange'>actual_precondition</span>:java.lang.Object*; return = n$1<span class='color_orange'>initial</span>:void; this = val$1<span class='color_orange'>formal</span>:org.junit.tests.running.classes.ClassLevelMethodsWithIgnoredTestsTest$BeforeClassWithIgnoredClass*( sub ); old_this = val$1<span class='color_orange'>formal</span>:org.junit.tests.running.classes.ClassLevelMethodsWithIgnoredTestsTest$BeforeClassWithIgnoredClass*( sub )</span>
    |-
    <span class='color_blue'>message|callee = null<span class='color_orange'>formal</span>:java.lang.String*( sub )</span>
    
      do_imply "test() should not run" null
      WARNING: footprint failed to find MISSING because: constants not equal
    EXECUTING SPEC 2/2
    ACTUAL PRECONDITION =
      <span class='color_blue'>message|callee = "test() should not run"<span class='color_orange'>actual_precondition</span>:java.lang.Object*; return = n$1<span class='color_orange'>initial</span>:void; this = val$1<span class='color_orange'>formal</span>:org.junit.tests.running.classes.ClassLevelMethodsWithIgnoredTestsTest$BeforeClassWithIgnoredClass*( sub ); old_this = val$1<span class='color_orange'>formal</span>:org.junit.tests.running.classes.ClassLevelMethodsWithIgnoredTestsTest$BeforeClassWithIgnoredClass*( sub )</span>
    SPEC =
      --------------------------- ---------- ---------------------------
      PRE:
      <span class='color_blue'><span class='color_blue'>message|callee != null ;
      message|callee = _t$3<span class='color_orange'>formal</span>:java.lang.String*( sub )</span></span>
      POST 1 of 1:
      <span class='color_blue'>message|callee != null; <span class='color_red'>MEMne &lt; new:89 &gt; <span class='color_orange'>{vpath: }</span>(_t$4)</span> ;
      <span class='color_red'>return|callee = EXN _t$4<span class='color_orange'>update:89</span>:void</span> ;
      <span class='color_red'>_t$4|->{}<span class='color_orange'>alloc</span>:java.lang.AssertionError</span></span>
      ----------------------------------------------------------------
    pre_check_pure_implication
    pi1:
      
    pi2:
      _t$3 != null
    returns
    sub1:
      
    sub2:
      
    Current Implication
    SUB:
      
    <span class='color_blue'>message|callee = "test() should not run"<span class='color_orange'>actual_precondition</span>:java.lang.Object*; return = n$1<span class='color_orange'>initial</span>:void; this = val$1<span class='color_orange'>formal</span>:org.junit.tests.running.classes.ClassLevelMethodsWithIgnoredTestsTest$BeforeClassWithIgnoredClass*( sub ); old_this = val$1<span class='color_orange'>formal</span>:org.junit.tests.running.classes.ClassLevelMethodsWithIgnoredTestsTest$BeforeClassWithIgnoredClass*( sub )</span>
    |-
    <span class='color_blue'>message|callee = _t$3<span class='color_orange'>formal</span>:java.lang.String*( sub )</span>
    
      do_imply "test() should not run" _t$3
        Final Implication
        SUB:
          
        <span class='color_blue'>return = n$1<span class='color_orange'>initial</span>:void; this = val$1<span class='color_orange'>formal</span>:org.junit.tests.running.classes.ClassLevelMethodsWithIgnoredTestsTest$BeforeClassWithIgnoredClass*( sub ); old_this = val$1<span class='color_orange'>formal</span>:org.junit.tests.running.classes.ClassLevelMethodsWithIgnoredTestsTest$BeforeClassWithIgnoredClass*( sub )</span>
        [SUB: 
          _t$3 = "test() should not run"]
        |-
        <span class='color_blue'></span>
    imply_pi: adding missing atom _t$3 != null
    Result of Abduction
      SUB:
        
      <span class='color_blue'>message|callee = "test() should not run"<span class='color_orange'>actual_precondition</span>:java.lang.Object*; return = n$1<span class='color_orange'>initial</span>:void; this = val$1<span class='color_orange'>formal</span>:org.junit.tests.running.classes.ClassLevelMethodsWithIgnoredTestsTest$BeforeClassWithIgnoredClass*( sub ); old_this = val$1<span class='color_orange'>formal</span>:org.junit.tests.running.classes.ClassLevelMethodsWithIgnoredTestsTest$BeforeClassWithIgnoredClass*( sub )</span>
      [SUB: 
        _t$3 = "test() should not run"
      _t$3 != null]
      |-
      <span class='color_blue'>"test() should not run" != null ;
      message|callee = "test() should not run"<span class='color_orange'>formal</span>:java.lang.String*( sub )</span>
    returning TRUE
    in vpath_find exp:_t$4
    vpath_find: cannot find _t$4
      New footprint:
      "test() should not run" != null
      Frame fld:
      
      Missing fld:
      
      Instantiated frame:
      &amp;return|->n$1<span class='color_orange'>initial</span>:void; &amp;this|->val$1<span class='color_orange'>formal</span>:org.junit.tests.running.classes.ClassLevelMethodsWithIgnoredTestsTest$BeforeClassWithIgnoredClass*( sub ); &amp;old_this|->val$1<span class='color_orange'>formal</span>:org.junit.tests.running.classes.ClassLevelMethodsWithIgnoredTestsTest$BeforeClassWithIgnoredClass*( sub )
      Instantiated post:
      PROP 1 of 1:
      <span class='color_blue'><span class='color_red'>"test() should not run" != null</span>; <span class='color_red'>MEMne &lt; void Assert.fail(String):59 &gt; <span class='color_orange'>{vpath: }</span>(_t$4)</span> ;
      <span class='color_red'>return|callee = EXN _t$4<span class='color_orange'>update:59</span>:void</span> ;
      <span class='color_red'>_t$4|->{}<span class='color_orange'>alloc</span>:java.lang.AssertionError</span></span>
      
    ***** RESULTS FUNCTION CALL *******
    PROP 1 of 1:
    <span class='color_blue'><span class='color_red'>null != "test() should not run"</span>; <span class='color_red'>MEMne &lt; void Assert.fail(String):59 &gt; <span class='color_orange'>{vpath: }</span>(_t$0)</span> ;
    <span class='color_blue'>return = <span class='color_red'>EXN _t$0<span class='color_orange'>update:59</span></span>:void</span>; <span class='color_blue'>this = val$1<span class='color_orange'>formal</span>:org.junit.tests.running.classes.ClassLevelMethodsWithIgnoredTestsTest$BeforeClassWithIgnoredClass*( sub )</span>; <span class='color_blue'>old_this = val$1<span class='color_orange'>formal</span>:org.junit.tests.running.classes.ClassLevelMethodsWithIgnoredTestsTest$BeforeClassWithIgnoredClass*( sub )</span> ;
    <span class='color_red'>_t$0|->{}<span class='color_orange'>alloc</span>:java.lang.AssertionError</span></span>
    ***** END RESULTS FUNCTION CALL *******
    Prover.check_inconsistency_base: inconsistency reason [None]
    Prover.check_inconsistency_base: inconsistency reason [None]
    Prover.check_inconsistency_base: inconsistency reason [None]
    Prover.check_inconsistency_base: inconsistency reason [None]
    Missing pure facts for the function call:
    pi: "test() should not run" != null
    Prover.check_inconsistency_base: inconsistency reason [Some 2]
    Found minimum cover
    pi: "test() should not run" != null
    Instruction Returns
    PROP 1 of 1:
    <span class='color_blue'><span class='color_red'>null != "test() should not run"</span>; <span class='color_red'>MEMne &lt; void Assert.fail(String):59 &gt; <span class='color_orange'>{vpath: }</span>(_t$0)</span> ;
    <span class='color_blue'>return = <span class='color_red'>EXN _t$0<span class='color_orange'>update:59</span></span>:void</span>; <span class='color_blue'>this = val$1<span class='color_orange'>formal</span>:org.junit.tests.running.classes.ClassLevelMethodsWithIgnoredTestsTest$BeforeClassWithIgnoredClass*( sub )</span>; <span class='color_blue'>old_this = val$1<span class='color_orange'>formal</span>:org.junit.tests.running.classes.ClassLevelMethodsWithIgnoredTestsTest$BeforeClassWithIgnoredClass*( sub )</span> ;
    <span class='color_red'>_t$0|->{}<span class='color_orange'>alloc</span>:java.lang.AssertionError</span></span>
    
    Instruction <span class='color_green'>EXIT_SCOPE(n$0); [line 59]</span>
    in vpath_find exp:_t$0
    vpath_find: cannot find _t$0
    Instruction Returns
    PROP 1 of 1:
    <span class='color_blue'><span class='color_blue'>null != "test() should not run"</span>; <span class='color_blue'>MEMne &lt; void Assert.fail(String):59 &gt; <span class='color_orange'>{vpath: }</span>(_t$0)</span> ;
    <span class='color_blue'>return = EXN _t$0<span class='color_orange'>update:59</span>:void</span>; <span class='color_blue'>this = val$1<span class='color_orange'>formal</span>:org.junit.tests.running.classes.ClassLevelMethodsWithIgnoredTestsTest$BeforeClassWithIgnoredClass*( sub )</span>; <span class='color_blue'>old_this = val$1<span class='color_orange'>formal</span>:org.junit.tests.running.classes.ClassLevelMethodsWithIgnoredTestsTest$BeforeClassWithIgnoredClass*( sub )</span> ;
    <span class='color_blue'>_t$0|->{}<span class='color_orange'>alloc</span>:java.lang.AssertionError</span></span>
    
    .... After Symbolic Execution ....
    PROP 1 of 1:
    <span class='color_blue'><span class='color_red'>null != "test() should not run"</span>; <span class='color_red'>MEMne &lt; void Assert.fail(String):59 &gt; <span class='color_orange'>{vpath: }</span>(_t$0)</span> ;
    <span class='color_blue'>return = <span class='color_red'>EXN _t$0<span class='color_orange'>update:59</span></span>:void</span>; <span class='color_blue'>this = val$1<span class='color_orange'>formal</span>:org.junit.tests.running.classes.ClassLevelMethodsWithIgnoredTestsTest$BeforeClassWithIgnoredClass*( sub )</span>; <span class='color_blue'>old_this = val$1<span class='color_orange'>formal</span>:org.junit.tests.running.classes.ClassLevelMethodsWithIgnoredTestsTest$BeforeClassWithIgnoredClass*( sub )</span> ;
    <span class='color_red'>_t$0|->{}<span class='color_orange'>alloc</span>:java.lang.AssertionError</span></span>
    
    
    
  </LISTING>