<!DOCTYPE HTML PUBLIC "-//W3C//DTD HTML 4.01 Transitional//EN">
<html>
<head>
<title>org.junit.tests.junit3compatibility.SuiteMethodTest.makeSureSuiteWorksWithJUnit4Classes():void.8491281ee70a0d2dc824d3ef4f207971_node9</title>
<meta http-equiv="Content-Type" content="text/html; charset=utf-8">
<style type="text/css">
body { background-color:#fff; color:#000; font-family:Helvetica, sans-serif; font-size:10pt }
h1 { font-size:14pt }
.code { border-collapse:collapse; width:100%; font-family: "Andale Mono", monospace; font-size:10pt; line-height: 1.2em }
.color_black { color: black }
.color_blue { color: blue }
.color_green { color: green }
.color_orange { color: orange }
.color_red { color: red }
.line { border-left: 3px solid #ccc; padding-left: 1ex; white-space: pre; }
.msg { background-color:#fff8b4; color:#000; float:left; font-family:Helvetica, sans-serif; font-size: smaller; font-weight: bold; margin-bottom:10px; margin-top:10px; max-width:60em; padding:0.5em 1ex 0.5em 1ex; -webkit-border-radius:5px; -webkit-box-shadow:1px 1px 7px #000; white-space: pre-wrap; word-wrap: break-word; }
.num { background-color:#eee; color:#444; font-size: smaller; padding-right:2ex; text-align:right; width:2.5em; }
.dangling { background-color:white; color: gray; }
.visited { background-color:LemonChiffon; color: darkmagenta; }
.tooltip { display: none; background-color:#FFF0F0; border: 2px solid #F00; font-weight: normal; left:10em; padding: 2px; position: absolute; top: -1em; -webkit-border-radius:5px; -webkit-box-shadow:1px 1px 7px #000; z-index: 1}
.with_tooltip { position: relative; }
.with_tooltip:hover .tooltip, .visited:hover .tooltip { display: block; }
</style>
</head>
<body>
<center><h1>Cfg Node <a href="./../../SuiteMethodTest.java.d8ff8fe5558f5f0da04d9e05c7a3307e.html#LINE59">9</a></h1></center>PROC: <a href="./../org.junit.tests.junit3compatibility.SuiteMethodTest.makeSureSuiteWorksWithJUnit4Classes%28%29%3Avoid.8491281ee70a0d2dc824d3ef4f207971.html">void SuiteMethodTest.makeSureSuiteWorksWithJUnit4Classes()</a> LINE: <a href="./../../SuiteMethodTest.java.d8ff8fe5558f5f0da04d9e05c7a3307e.html#LINE59">59</a>
<br>PREDS:
<a href="./../nodes/org.junit.tests.junit3compatibility.SuiteMethodTest.makeSureSuiteWorksWithJUnit4Classes%28%29%3Avoid.8491281ee70a0d2dc824d3ef4f207971_node8.html"><span class='visited with_tooltip'>N_8<span class='tooltip'>node8 preds:7 succs:9 exn:3 </span></span></a><br>SUCCS:
<a href="./../nodes/org.junit.tests.junit3compatibility.SuiteMethodTest.makeSureSuiteWorksWithJUnit4Classes%28%29%3Avoid.8491281ee70a0d2dc824d3ef4f207971_node10.html"><span class='visited with_tooltip'>N_10<span class='tooltip'>node10 preds:9 succs:2 exn:3 </span></span></a><br>EXN:
<a href="./../nodes/org.junit.tests.junit3compatibility.SuiteMethodTest.makeSureSuiteWorksWithJUnit4Classes%28%29%3Avoid.8491281ee70a0d2dc824d3ef4f207971_node3.html"><span class='visited with_tooltip'>N_3<span class='tooltip'>node3 preds: succs:2 exn:2 </span></span></a><br>
<LISTING class='color_green'>n$5=*&amp;$irvar2:_Bool [line 59];
n$6=_fun_void Assert.assertTrue(boolean)(n$5:_Bool) [line 59];
</LISTING>
<hr width="100%">
<a name="session6" href="./../nodes/org.junit.tests.junit3compatibility.SuiteMethodTest.makeSureSuiteWorksWithJUnit4Classes%28%29%3Avoid.8491281ee70a0d2dc824d3ef4f207971_node9.html#session6">node9#session6</a>(<a href="./../../SuiteMethodTest.java.d8ff8fe5558f5f0da04d9e05c7a3307e.html#LINE59">59</a>) [compute pre] liveness 9
<LISTING class='color_black'>JOIN

LEFT:   normal:{ }, exn:{ }
RIGHT:  normal:{ }, exn:{ }
RESULT: normal:{ }, exn:{ }

</LISTING>
<hr width="100%">
<a name="session7" href="./../nodes/org.junit.tests.junit3compatibility.SuiteMethodTest.makeSureSuiteWorksWithJUnit4Classes%28%29%3Avoid.8491281ee70a0d2dc824d3ef4f207971_node9.html#session7">node9#session7</a>(<a href="./../../SuiteMethodTest.java.d8ff8fe5558f5f0da04d9e05c7a3307e.html#LINE59">59</a>) [exec] liveness 9
<LISTING class='color_black'>PRE STATE:
normal:{ }, exn:{ }

INSTR=  n$6=_fun_void Assert.assertTrue(boolean)(n$5:_Bool) [line 59]; 

STATE:
normal:{ n$5 }, exn:{ }

INSTR=  n$5=*&amp;$irvar2:_Bool [line 59]; 

STATE:
normal:{ $irvar2 }, exn:{ }

</LISTING>
<hr width="100%">
<a name="session31" href="./../nodes/org.junit.tests.junit3compatibility.SuiteMethodTest.makeSureSuiteWorksWithJUnit4Classes%28%29%3Avoid.8491281ee70a0d2dc824d3ef4f207971_node9.html#session31">node9#session31</a>(<a href="./../../SuiteMethodTest.java.d8ff8fe5558f5f0da04d9e05c7a3307e.html#LINE59">59</a>) [compute pre] nullify
<LISTING class='color_black'></LISTING>
<hr width="100%">
<a name="session32" href="./../nodes/org.junit.tests.junit3compatibility.SuiteMethodTest.makeSureSuiteWorksWithJUnit4Classes%28%29%3Avoid.8491281ee70a0d2dc824d3ef4f207971_node9.html#session32">node9#session32</a>(<a href="./../../SuiteMethodTest.java.d8ff8fe5558f5f0da04d9e05c7a3307e.html#LINE59">59</a>) [exec] nullify
<LISTING class='color_black'>PRE STATE:
(normal:{ $irvar2 }, exn:{ },
normal:{ n$4, junit3compatibility.SuiteMethodTest }, exn:{ })

INSTR=  n$5=*&amp;$irvar2:_Bool [line 59]; 

STATE:
(normal:{ n$5, $irvar2 }, exn:{ },
normal:{ n$4, junit3compatibility.SuiteMethodTest }, exn:{ })

INSTR=  n$6=_fun_void Assert.assertTrue(boolean)(n$5:_Bool) [line 59]; 

STATE:
(normal:{ }, exn:{ },normal:{ n$5, n$6, $irvar2 }, exn:{ })

</LISTING>
<hr width="100%">
<a name="session50" href="./../nodes/org.junit.tests.junit3compatibility.SuiteMethodTest.makeSureSuiteWorksWithJUnit4Classes%28%29%3Avoid.8491281ee70a0d2dc824d3ef4f207971_node9.html#session50">node9#session50</a>(<a href="./../../SuiteMethodTest.java.d8ff8fe5558f5f0da04d9e05c7a3307e.html#LINE59">59</a>) [compute pre] devirtualizer analysis 9
<LISTING class='color_black'></LISTING>
<hr width="100%">
<a name="session51" href="./../nodes/org.junit.tests.junit3compatibility.SuiteMethodTest.makeSureSuiteWorksWithJUnit4Classes%28%29%3Avoid.8491281ee70a0d2dc824d3ef4f207971_node9.html#session51">node9#session51</a>(<a href="./../../SuiteMethodTest.java.d8ff8fe5558f5f0da04d9e05c7a3307e.html#LINE59">59</a>) [exec] devirtualizer analysis 9
<LISTING class='color_black'>PRE STATE:
{ }

INSTR=  n$5=*&amp;$irvar2:_Bool [line 59]; 

STATE UNCHANGED

INSTR=  n$6=_fun_void Assert.assertTrue(boolean)(n$5:_Bool) [line 59]; 

STATE UNCHANGED

INSTR=  NULLIFY(&amp;$irvar2); [line 59]; 

STATE UNCHANGED

INSTR=  EXIT_SCOPE(n$5,n$6,$irvar2); [line 59]; 

STATE UNCHANGED

</LISTING>
<hr width="100%">
<a name="session57" href="./../nodes/org.junit.tests.junit3compatibility.SuiteMethodTest.makeSureSuiteWorksWithJUnit4Classes%28%29%3Avoid.8491281ee70a0d2dc824d3ef4f207971_node9.html#session57">node9#session57</a>(<a href="./../../SuiteMethodTest.java.d8ff8fe5558f5f0da04d9e05c7a3307e.html#LINE59">59</a>) [exec] devirtualizer
<LISTING class='color_black'></LISTING>
<hr width="100%">
<a name="session58" href="./../nodes/org.junit.tests.junit3compatibility.SuiteMethodTest.makeSureSuiteWorksWithJUnit4Classes%28%29%3Avoid.8491281ee70a0d2dc824d3ef4f207971_node9.html#session58">node9#session58</a>(<a href="./../../SuiteMethodTest.java.d8ff8fe5558f5f0da04d9e05c7a3307e.html#LINE59">59</a>) [exec] devirtualizer
<LISTING class='color_black'></LISTING>
<hr width="100%">
<a name="session59" href="./../nodes/org.junit.tests.junit3compatibility.SuiteMethodTest.makeSureSuiteWorksWithJUnit4Classes%28%29%3Avoid.8491281ee70a0d2dc824d3ef4f207971_node9.html#session59">node9#session59</a>(<a href="./../../SuiteMethodTest.java.d8ff8fe5558f5f0da04d9e05c7a3307e.html#LINE59">59</a>) [exec] devirtualizer
<LISTING class='color_black'></LISTING>
<hr width="100%">
<a name="session60" href="./../nodes/org.junit.tests.junit3compatibility.SuiteMethodTest.makeSureSuiteWorksWithJUnit4Classes%28%29%3Avoid.8491281ee70a0d2dc824d3ef4f207971_node9.html#session60">node9#session60</a>(<a href="./../../SuiteMethodTest.java.d8ff8fe5558f5f0da04d9e05c7a3307e.html#LINE59">59</a>) [exec] devirtualizer
<LISTING class='color_black'></LISTING>
<hr width="100%">
<a name="session12" href="./../nodes/org.junit.tests.junit3compatibility.SuiteMethodTest.makeSureSuiteWorksWithJUnit4Classes%28%29%3Avoid.8491281ee70a0d2dc824d3ef4f207971_node9.html#session12">node9#session12</a>(<a href="./../../SuiteMethodTest.java.d8ff8fe5558f5f0da04d9e05c7a3307e.html#LINE59">59</a>) [compute pre] starvation
<LISTING class='color_black'></LISTING>
<hr width="100%">
<a name="session13" href="./../nodes/org.junit.tests.junit3compatibility.SuiteMethodTest.makeSureSuiteWorksWithJUnit4Classes%28%29%3Avoid.8491281ee70a0d2dc824d3ef4f207971_node9.html#session13">node9#session13</a>(<a href="./../../SuiteMethodTest.java.d8ff8fe5558f5f0da04d9e05c7a3307e.html#LINE59">59</a>) [exec] starvation
<LISTING class='color_black'>PRE STATE:
{guard_map= { }; lock_state= {map= { }; acquisitions= { }};
 critical_pairs= { }; attributes= { }; thread= UnknownThread;
 scheduled_work= { };
 var_state= { $irvar2 -&gt; junit3compatibility.SuiteMethodTest.wasRun }}

INSTR=  n$5=*&amp;$irvar2:_Bool [line 59]; 

STATE:
{guard_map= { }; lock_state= {map= { }; acquisitions= { }};
 critical_pairs= { }; attributes= { }; thread= UnknownThread;
 scheduled_work= { };
 var_state= { n$5 -&gt; junit3compatibility.SuiteMethodTest.wasRun,
              $irvar2 -&gt; junit3compatibility.SuiteMethodTest.wasRun }}

INSTR=  n$6=_fun_void Assert.assertTrue(boolean)(n$5:_Bool) [line 59]; 

STATE:
{guard_map= { }; lock_state= {map= { }; acquisitions= { }};
 critical_pairs= { }; attributes= { }; thread= UnknownThread;
 scheduled_work= { };
 var_state= { n$5 -&gt; junit3compatibility.SuiteMethodTest.wasRun,
              $irvar2 -&gt; junit3compatibility.SuiteMethodTest.wasRun }}

INSTR=  NULLIFY(&amp;$irvar2); [line 59]; 

STATE UNCHANGED

INSTR=  EXIT_SCOPE(n$5,n$6,$irvar2); [line 59]; 

STATE:
{guard_map= { }; lock_state= {map= { }; acquisitions= { }};
 critical_pairs= { }; attributes= { }; thread= UnknownThread;
 scheduled_work= { }; var_state= { }}

</LISTING>
<hr width="100%">
<a name="session29" href="./../nodes/org.junit.tests.junit3compatibility.SuiteMethodTest.makeSureSuiteWorksWithJUnit4Classes%28%29%3Avoid.8491281ee70a0d2dc824d3ef4f207971_node9.html#session29">node9#session29</a>(<a href="./../../SuiteMethodTest.java.d8ff8fe5558f5f0da04d9e05c7a3307e.html#LINE59">59</a>) [compute pre] racerd
<LISTING class='color_black'></LISTING>
<hr width="100%">
<a name="session30" href="./../nodes/org.junit.tests.junit3compatibility.SuiteMethodTest.makeSureSuiteWorksWithJUnit4Classes%28%29%3Avoid.8491281ee70a0d2dc824d3ef4f207971_node9.html#session30">node9#session30</a>(<a href="./../../SuiteMethodTest.java.d8ff8fe5558f5f0da04d9e05c7a3307e.html#LINE59">59</a>) [exec] racerd
<LISTING class='color_black'>PRE STATE:
Threads: NoThread, Locks: 0 
Accesses { {elem= Access: Read of model.TestClass.FIELD_COMPARATOR Thread: NoThread Lock: false Pre: Unowned;
            loc= line 78;
            trace= { Result JUnitCore.runClasses(Class[]) at line 58,
                     Result JUnitCore.runClasses(Computer,Class[]) at line 53,
                     Result JUnitCore.run(Computer,Class[]) at line 66,
                     Request Request.classes(Computer,Class[]) at line 109,
                     Runner Computer.getSuite(RunnerBuilder,Class[]) at line 77,
                     Computer$2.&lt;init&gt;(Computer,RunnerBuilder,Class[]) at line 28,
                     Suite.&lt;init&gt;(RunnerBuilder,Class[]) at line 33,
                     Suite.&lt;init&gt;(Class,List) at line 81,
                     ParentRunner.&lt;init&gt;(Class) at line 112,
                     TestClass ParentRunner.createTestClass(Class) at line 91,
                     TestClass.&lt;init&gt;(Class) at line 111,
                     void TestClass.scanAnnotatedMembers(Map,Map) at line 57,
                     Field[] TestClass.getSortedDeclaredFields(Class) at line 70 }},
           {elem= Access: Read of lang.Void.TYPE Thread: NoThread Lock: false Pre: Unowned;
            loc= line 107;
            trace= { Result JUnitCore.runClasses(Class[]) at line 58,
                     Result JUnitCore.runClasses(Computer,Class[]) at line 53,
                     Result JUnitCore.run(Computer,Class[]) at line 66,
                     Request Request.classes(Computer,Class[]) at line 109,
                     Runner Computer.getSuite(RunnerBuilder,Class[]) at line 77,
                     Computer$2.&lt;init&gt;(Computer,RunnerBuilder,Class[]) at line 28,
                     Suite.&lt;init&gt;(RunnerBuilder,Class[]) at line 33,
                     Suite.&lt;init&gt;(Class,List) at line 81,
                     ParentRunner.&lt;init&gt;(Class) at line 112,
                     void ParentRunner.validate() at line 92,
                     void ParentRunner.collectInitializationErrors(List) at line 523,
                     void ParentRunner.validatePublicVoidNoArgMethods(Class,boolean,List) at line 148,
                     void FrameworkMethod.validatePublicVoidNoArg(boolean,List) at line 178,
                     void FrameworkMethod.validatePublicVoid(boolean,List) at line 83 }},
           {elem= Access: Read of runners.ParentRunner.VALIDATORS Thread: NoThread Lock: false Pre: Unowned;
            loc= line 156;
            trace= { Result JUnitCore.runClasses(Class[]) at line 58,
                     Result JUnitCore.runClasses(Computer,Class[]) at line 53,
                     Result JUnitCore.run(Computer,Class[]) at line 66,
                     Request Request.classes(Computer,Class[]) at line 109,
                     Runner Computer.getSuite(RunnerBuilder,Class[]) at line 77,
                     Computer$2.&lt;init&gt;(Computer,RunnerBuilder,Class[]) at line 28,
                     Suite.&lt;init&gt;(RunnerBuilder,Class[]) at line 33,
                     Suite.&lt;init&gt;(Class,List) at line 81,
                     ParentRunner.&lt;init&gt;(Class) at line 112,
                     void ParentRunner.validate() at line 92,
                     void ParentRunner.collectInitializationErrors(List) at line 523,
                     void ParentRunner.applyValidators(List) at line 151 }},
           {elem= Access: Read of internal.MethodSorter.DEFAULT Thread: NoThread Lock: false Pre: Unowned;
            loc= line 67;
            trace= { Result JUnitCore.runClasses(Class[]) at line 58,
                     Result JUnitCore.runClasses(Computer,Class[]) at line 53,
                     Result JUnitCore.run(Computer,Class[]) at line 66,
                     Request Request.classes(Computer,Class[]) at line 109,
                     Runner Computer.getSuite(RunnerBuilder,Class[]) at line 77,
                     Computer$2.&lt;init&gt;(Computer,RunnerBuilder,Class[]) at line 28,
                     Suite.&lt;init&gt;(RunnerBuilder,Class[]) at line 33,
                     Suite.&lt;init&gt;(Class,List) at line 81,
                     ParentRunner.&lt;init&gt;(Class) at line 112,
                     TestClass ParentRunner.createTestClass(Class) at line 91,
                     TestClass.&lt;init&gt;(Class) at line 111,
                     void TestClass.scanAnnotatedMembers(Map,Map) at line 57,
                     Method[] MethodSorter.getDeclaredMethods(Class) at line 65,
                     Comparator MethodSorter.getSorter(FixMethodOrder) at line 52 }},
           {elem= Access: Read of rules.RuleMemberValidator.CLASS_RULE_METHOD_VALIDATOR Thread: NoThread Lock: false Pre: Unowned;
            loc= line 184;
            trace= { Result JUnitCore.runClasses(Class[]) at line 58,
                     Result JUnitCore.runClasses(Computer,Class[]) at line 53,
                     Result JUnitCore.run(Computer,Class[]) at line 66,
                     Request Request.classes(Computer,Class[]) at line 109,
                     Runner Computer.getSuite(RunnerBuilder,Class[]) at line 77,
                     Computer$2.&lt;init&gt;(Computer,RunnerBuilder,Class[]) at line 28,
                     Suite.&lt;init&gt;(RunnerBuilder,Class[]) at line 33,
                     Suite.&lt;init&gt;(Class,List) at line 81,
                     ParentRunner.&lt;init&gt;(Class) at line 112,
                     void ParentRunner.validate() at line 92,
                     void ParentRunner.collectInitializationErrors(List) at line 523,
                     void ParentRunner.validateClassRules(List) at line 150 }},
           {elem= Access: Read of rules.RuleMemberValidator.CLASS_RULE_VALIDATOR Thread: NoThread Lock: false Pre: Unowned;
            loc= line 183;
            trace= { Result JUnitCore.runClasses(Class[]) at line 58,
                     Result JUnitCore.runClasses(Computer,Class[]) at line 53,
                     Result JUnitCore.run(Computer,Class[]) at line 66,
                     Request Request.classes(Computer,Class[]) at line 109,
                     Runner Computer.getSuite(RunnerBuilder,Class[]) at line 77,
                     Computer$2.&lt;init&gt;(Computer,RunnerBuilder,Class[]) at line 28,
                     Suite.&lt;init&gt;(RunnerBuilder,Class[]) at line 33,
                     Suite.&lt;init&gt;(Class,List) at line 81,
                     ParentRunner.&lt;init&gt;(Class) at line 112,
                     void ParentRunner.validate() at line 92,
                     void ParentRunner.collectInitializationErrors(List) at line 523,
                     void ParentRunner.validateClassRules(List) at line 150 }},
           {elem= Access: Read of rules.RuleMemberValidator.CLASS_RULE_METHOD_VALIDATOR-&gt;annotation Thread: NoThread Lock: false Pre: Unowned;
            loc= line 89;
            trace= { Result JUnitCore.runClasses(Class[]) at line 58,
                     Result JUnitCore.runClasses(Computer,Class[]) at line 53,
                     Result JUnitCore.run(Computer,Class[]) at line 66,
                     Request Request.classes(Computer,Class[]) at line 109,
                     Runner Computer.getSuite(RunnerBuilder,Class[]) at line 77,
                     Computer$2.&lt;init&gt;(Computer,RunnerBuilder,Class[]) at line 28,
                     Suite.&lt;init&gt;(RunnerBuilder,Class[]) at line 33,
                     Suite.&lt;init&gt;(Class,List) at line 81,
                     ParentRunner.&lt;init&gt;(Class) at line 112,
                     void ParentRunner.validate() at line 92,
                     void ParentRunner.collectInitializationErrors(List) at line 523,
                     void ParentRunner.validateClassRules(List) at line 150,
                     void RuleMemberValidator.validate(TestClass,List) at line 184 }},
           {elem= Access: Read of rules.RuleMemberValidator.CLASS_RULE_METHOD_VALIDATOR-&gt;methods Thread: NoThread Lock: false Pre: Unowned;
            loc= line 89;
            trace= { Result JUnitCore.runClasses(Class[]) at line 58,
                     Result JUnitCore.runClasses(Computer,Class[]) at line 53,
                     Result JUnitCore.run(Computer,Class[]) at line 66,
                     Request Request.classes(Computer,Class[]) at line 109,
                     Runner Computer.getSuite(RunnerBuilder,Class[]) at line 77,
                     Computer$2.&lt;init&gt;(Computer,RunnerBuilder,Class[]) at line 28,
                     Suite.&lt;init&gt;(RunnerBuilder,Class[]) at line 33,
                     Suite.&lt;init&gt;(Class,List) at line 81,
                     ParentRunner.&lt;init&gt;(Class) at line 112,
                     void ParentRunner.validate() at line 92,
                     void ParentRunner.collectInitializationErrors(List) at line 523,
                     void ParentRunner.validateClassRules(List) at line 150,
                     void RuleMemberValidator.validate(TestClass,List) at line 184 }},
           {elem= Access: Read of rules.RuleMemberValidator.CLASS_RULE_METHOD_VALIDATOR-&gt;validatorStrategies Thread: NoThread Lock: false Pre: Unowned;
            loc= line 98;
            trace= { Result JUnitCore.runClasses(Class[]) at line 58,
                     Result JUnitCore.runClasses(Computer,Class[]) at line 53,
                     Result JUnitCore.run(Computer,Class[]) at line 66,
                     Request Request.classes(Computer,Class[]) at line 109,
                     Runner Computer.getSuite(RunnerBuilder,Class[]) at line 77,
                     Computer$2.&lt;init&gt;(Computer,RunnerBuilder,Class[]) at line 28,
                     Suite.&lt;init&gt;(RunnerBuilder,Class[]) at line 33,
                     Suite.&lt;init&gt;(Class,List) at line 81,
                     ParentRunner.&lt;init&gt;(Class) at line 112,
                     void ParentRunner.validate() at line 92,
                     void ParentRunner.collectInitializationErrors(List) at line 523,
                     void ParentRunner.validateClassRules(List) at line 150,
                     void RuleMemberValidator.validate(TestClass,List) at line 184,
                     void RuleMemberValidator.validateMember(FrameworkMember,List) at line 93 }},
           {elem= Access: Read of rules.RuleMemberValidator.CLASS_RULE_VALIDATOR-&gt;annotation Thread: NoThread Lock: false Pre: Unowned;
            loc= line 89;
            trace= { Result JUnitCore.runClasses(Class[]) at line 58,
                     Result JUnitCore.runClasses(Computer,Class[]) at line 53,
                     Result JUnitCore.run(Computer,Class[]) at line 66,
                     Request Request.classes(Computer,Class[]) at line 109,
                     Runner Computer.getSuite(RunnerBuilder,Class[]) at line 77,
                     Computer$2.&lt;init&gt;(Computer,RunnerBuilder,Class[]) at line 28,
                     Suite.&lt;init&gt;(RunnerBuilder,Class[]) at line 33,
                     Suite.&lt;init&gt;(Class,List) at line 81,
                     ParentRunner.&lt;init&gt;(Class) at line 112,
                     void ParentRunner.validate() at line 92,
                     void ParentRunner.collectInitializationErrors(List) at line 523,
                     void ParentRunner.validateClassRules(List) at line 150,
                     void RuleMemberValidator.validate(TestClass,List) at line 183 }},
           {elem= Access: Read of rules.RuleMemberValidator.CLASS_RULE_VALIDATOR-&gt;methods Thread: NoThread Lock: false Pre: Unowned;
            loc= line 89;
            trace= { Result JUnitCore.runClasses(Class[]) at line 58,
                     Result JUnitCore.runClasses(Computer,Class[]) at line 53,
                     Result JUnitCore.run(Computer,Class[]) at line 66,
                     Request Request.classes(Computer,Class[]) at line 109,
                     Runner Computer.getSuite(RunnerBuilder,Class[]) at line 77,
                     Computer$2.&lt;init&gt;(Computer,RunnerBuilder,Class[]) at line 28,
                     Suite.&lt;init&gt;(RunnerBuilder,Class[]) at line 33,
                     Suite.&lt;init&gt;(Class,List) at line 81,
                     ParentRunner.&lt;init&gt;(Class) at line 112,
                     void ParentRunner.validate() at line 92,
                     void ParentRunner.collectInitializationErrors(List) at line 523,
                     void ParentRunner.validateClassRules(List) at line 150,
                     void RuleMemberValidator.validate(TestClass,List) at line 183 }},
           {elem= Access: Read of rules.RuleMemberValidator.CLASS_RULE_VALIDATOR-&gt;validatorStrategies Thread: NoThread Lock: false Pre: Unowned;
            loc= line 98;
            trace= { Result JUnitCore.runClasses(Class[]) at line 58,
                     Result JUnitCore.runClasses(Computer,Class[]) at line 53,
                     Result JUnitCore.run(Computer,Class[]) at line 66,
                     Request Request.classes(Computer,Class[]) at line 109,
                     Runner Computer.getSuite(RunnerBuilder,Class[]) at line 77,
                     Computer$2.&lt;init&gt;(Computer,RunnerBuilder,Class[]) at line 28,
                     Suite.&lt;init&gt;(RunnerBuilder,Class[]) at line 33,
                     Suite.&lt;init&gt;(Class,List) at line 81,
                     ParentRunner.&lt;init&gt;(Class) at line 112,
                     void ParentRunner.validate() at line 92,
                     void ParentRunner.collectInitializationErrors(List) at line 523,
                     void ParentRunner.validateClassRules(List) at line 150,
                     void RuleMemberValidator.validate(TestClass,List) at line 183,
                     void RuleMemberValidator.validateMember(FrameworkMember,List) at line 93 }},
           {elem= Access: Write to junit3compatibility.SuiteMethodTest.wasRun Thread: NoThread Lock: false Pre: Unowned;
            loc= line 57; trace= { }} } 
Ownership: { n$0 -&gt; Owned,
             n$3 -&gt; Owned,
             this -&gt; OwnedIf{ 0 },
             *n$0[_] -&gt; Owned } 
Attributes: { junit3compatibility.SuiteMethodTest.wasRun -&gt; Functional,
              *n$0[_] -&gt; Functional } 



INSTR=  n$6 := void Assert.assertTrue(boolean)({ junit3compatibility.SuiteMethodTest.wasRun }) [line 59]; 

STATE:
Threads: NoThread, Locks: 0 
Accesses { {elem= Access: Read of model.TestClass.FIELD_COMPARATOR Thread: NoThread Lock: false Pre: Unowned;
            loc= line 78;
            trace= { Result JUnitCore.runClasses(Class[]) at line 58,
                     Result JUnitCore.runClasses(Computer,Class[]) at line 53,
                     Result JUnitCore.run(Computer,Class[]) at line 66,
                     Request Request.classes(Computer,Class[]) at line 109,
                     Runner Computer.getSuite(RunnerBuilder,Class[]) at line 77,
                     Computer$2.&lt;init&gt;(Computer,RunnerBuilder,Class[]) at line 28,
                     Suite.&lt;init&gt;(RunnerBuilder,Class[]) at line 33,
                     Suite.&lt;init&gt;(Class,List) at line 81,
                     ParentRunner.&lt;init&gt;(Class) at line 112,
                     TestClass ParentRunner.createTestClass(Class) at line 91,
                     TestClass.&lt;init&gt;(Class) at line 111,
                     void TestClass.scanAnnotatedMembers(Map,Map) at line 57,
                     Field[] TestClass.getSortedDeclaredFields(Class) at line 70 }},
           {elem= Access: Read of junit3compatibility.SuiteMethodTest.wasRun Thread: NoThread Lock: false Pre: Unowned;
            loc= line 59; trace= { }},
           {elem= Access: Read of lang.Void.TYPE Thread: NoThread Lock: false Pre: Unowned;
            loc= line 107;
            trace= { Result JUnitCore.runClasses(Class[]) at line 58,
                     Result JUnitCore.runClasses(Computer,Class[]) at line 53,
                     Result JUnitCore.run(Computer,Class[]) at line 66,
                     Request Request.classes(Computer,Class[]) at line 109,
                     Runner Computer.getSuite(RunnerBuilder,Class[]) at line 77,
                     Computer$2.&lt;init&gt;(Computer,RunnerBuilder,Class[]) at line 28,
                     Suite.&lt;init&gt;(RunnerBuilder,Class[]) at line 33,
                     Suite.&lt;init&gt;(Class,List) at line 81,
                     ParentRunner.&lt;init&gt;(Class) at line 112,
                     void ParentRunner.validate() at line 92,
                     void ParentRunner.collectInitializationErrors(List) at line 523,
                     void ParentRunner.validatePublicVoidNoArgMethods(Class,boolean,List) at line 148,
                     void FrameworkMethod.validatePublicVoidNoArg(boolean,List) at line 178,
                     void FrameworkMethod.validatePublicVoid(boolean,List) at line 83 }},
           {elem= Access: Read of runners.ParentRunner.VALIDATORS Thread: NoThread Lock: false Pre: Unowned;
            loc= line 156;
            trace= { Result JUnitCore.runClasses(Class[]) at line 58,
                     Result JUnitCore.runClasses(Computer,Class[]) at line 53,
                     Result JUnitCore.run(Computer,Class[]) at line 66,
                     Request Request.classes(Computer,Class[]) at line 109,
                     Runner Computer.getSuite(RunnerBuilder,Class[]) at line 77,
                     Computer$2.&lt;init&gt;(Computer,RunnerBuilder,Class[]) at line 28,
                     Suite.&lt;init&gt;(RunnerBuilder,Class[]) at line 33,
                     Suite.&lt;init&gt;(Class,List) at line 81,
                     ParentRunner.&lt;init&gt;(Class) at line 112,
                     void ParentRunner.validate() at line 92,
                     void ParentRunner.collectInitializationErrors(List) at line 523,
                     void ParentRunner.applyValidators(List) at line 151 }},
           {elem= Access: Read of internal.MethodSorter.DEFAULT Thread: NoThread Lock: false Pre: Unowned;
            loc= line 67;
            trace= { Result JUnitCore.runClasses(Class[]) at line 58,
                     Result JUnitCore.runClasses(Computer,Class[]) at line 53,
                     Result JUnitCore.run(Computer,Class[]) at line 66,
                     Request Request.classes(Computer,Class[]) at line 109,
                     Runner Computer.getSuite(RunnerBuilder,Class[]) at line 77,
                     Computer$2.&lt;init&gt;(Computer,RunnerBuilder,Class[]) at line 28,
                     Suite.&lt;init&gt;(RunnerBuilder,Class[]) at line 33,
                     Suite.&lt;init&gt;(Class,List) at line 81,
                     ParentRunner.&lt;init&gt;(Class) at line 112,
                     TestClass ParentRunner.createTestClass(Class) at line 91,
                     TestClass.&lt;init&gt;(Class) at line 111,
                     void TestClass.scanAnnotatedMembers(Map,Map) at line 57,
                     Method[] MethodSorter.getDeclaredMethods(Class) at line 65,
                     Comparator MethodSorter.getSorter(FixMethodOrder) at line 52 }},
           {elem= Access: Read of rules.RuleMemberValidator.CLASS_RULE_METHOD_VALIDATOR Thread: NoThread Lock: false Pre: Unowned;
            loc= line 184;
            trace= { Result JUnitCore.runClasses(Class[]) at line 58,
                     Result JUnitCore.runClasses(Computer,Class[]) at line 53,
                     Result JUnitCore.run(Computer,Class[]) at line 66,
                     Request Request.classes(Computer,Class[]) at line 109,
                     Runner Computer.getSuite(RunnerBuilder,Class[]) at line 77,
                     Computer$2.&lt;init&gt;(Computer,RunnerBuilder,Class[]) at line 28,
                     Suite.&lt;init&gt;(RunnerBuilder,Class[]) at line 33,
                     Suite.&lt;init&gt;(Class,List) at line 81,
                     ParentRunner.&lt;init&gt;(Class) at line 112,
                     void ParentRunner.validate() at line 92,
                     void ParentRunner.collectInitializationErrors(List) at line 523,
                     void ParentRunner.validateClassRules(List) at line 150 }},
           {elem= Access: Read of rules.RuleMemberValidator.CLASS_RULE_VALIDATOR Thread: NoThread Lock: false Pre: Unowned;
            loc= line 183;
            trace= { Result JUnitCore.runClasses(Class[]) at line 58,
                     Result JUnitCore.runClasses(Computer,Class[]) at line 53,
                     Result JUnitCore.run(Computer,Class[]) at line 66,
                     Request Request.classes(Computer,Class[]) at line 109,
                     Runner Computer.getSuite(RunnerBuilder,Class[]) at line 77,
                     Computer$2.&lt;init&gt;(Computer,RunnerBuilder,Class[]) at line 28,
                     Suite.&lt;init&gt;(RunnerBuilder,Class[]) at line 33,
                     Suite.&lt;init&gt;(Class,List) at line 81,
                     ParentRunner.&lt;init&gt;(Class) at line 112,
                     void ParentRunner.validate() at line 92,
                     void ParentRunner.collectInitializationErrors(List) at line 523,
                     void ParentRunner.validateClassRules(List) at line 150 }},
           {elem= Access: Read of rules.RuleMemberValidator.CLASS_RULE_METHOD_VALIDATOR-&gt;annotation Thread: NoThread Lock: false Pre: Unowned;
            loc= line 89;
            trace= { Result JUnitCore.runClasses(Class[]) at line 58,
                     Result JUnitCore.runClasses(Computer,Class[]) at line 53,
                     Result JUnitCore.run(Computer,Class[]) at line 66,
                     Request Request.classes(Computer,Class[]) at line 109,
                     Runner Computer.getSuite(RunnerBuilder,Class[]) at line 77,
                     Computer$2.&lt;init&gt;(Computer,RunnerBuilder,Class[]) at line 28,
                     Suite.&lt;init&gt;(RunnerBuilder,Class[]) at line 33,
                     Suite.&lt;init&gt;(Class,List) at line 81,
                     ParentRunner.&lt;init&gt;(Class) at line 112,
                     void ParentRunner.validate() at line 92,
                     void ParentRunner.collectInitializationErrors(List) at line 523,
                     void ParentRunner.validateClassRules(List) at line 150,
                     void RuleMemberValidator.validate(TestClass,List) at line 184 }},
           {elem= Access: Read of rules.RuleMemberValidator.CLASS_RULE_METHOD_VALIDATOR-&gt;methods Thread: NoThread Lock: false Pre: Unowned;
            loc= line 89;
            trace= { Result JUnitCore.runClasses(Class[]) at line 58,
                     Result JUnitCore.runClasses(Computer,Class[]) at line 53,
                     Result JUnitCore.run(Computer,Class[]) at line 66,
                     Request Request.classes(Computer,Class[]) at line 109,
                     Runner Computer.getSuite(RunnerBuilder,Class[]) at line 77,
                     Computer$2.&lt;init&gt;(Computer,RunnerBuilder,Class[]) at line 28,
                     Suite.&lt;init&gt;(RunnerBuilder,Class[]) at line 33,
                     Suite.&lt;init&gt;(Class,List) at line 81,
                     ParentRunner.&lt;init&gt;(Class) at line 112,
                     void ParentRunner.validate() at line 92,
                     void ParentRunner.collectInitializationErrors(List) at line 523,
                     void ParentRunner.validateClassRules(List) at line 150,
                     void RuleMemberValidator.validate(TestClass,List) at line 184 }},
           {elem= Access: Read of rules.RuleMemberValidator.CLASS_RULE_METHOD_VALIDATOR-&gt;validatorStrategies Thread: NoThread Lock: false Pre: Unowned;
            loc= line 98;
            trace= { Result JUnitCore.runClasses(Class[]) at line 58,
                     Result JUnitCore.runClasses(Computer,Class[]) at line 53,
                     Result JUnitCore.run(Computer,Class[]) at line 66,
                     Request Request.classes(Computer,Class[]) at line 109,
                     Runner Computer.getSuite(RunnerBuilder,Class[]) at line 77,
                     Computer$2.&lt;init&gt;(Computer,RunnerBuilder,Class[]) at line 28,
                     Suite.&lt;init&gt;(RunnerBuilder,Class[]) at line 33,
                     Suite.&lt;init&gt;(Class,List) at line 81,
                     ParentRunner.&lt;init&gt;(Class) at line 112,
                     void ParentRunner.validate() at line 92,
                     void ParentRunner.collectInitializationErrors(List) at line 523,
                     void ParentRunner.validateClassRules(List) at line 150,
                     void RuleMemberValidator.validate(TestClass,List) at line 184,
                     void RuleMemberValidator.validateMember(FrameworkMember,List) at line 93 }},
           {elem= Access: Read of rules.RuleMemberValidator.CLASS_RULE_VALIDATOR-&gt;annotation Thread: NoThread Lock: false Pre: Unowned;
            loc= line 89;
            trace= { Result JUnitCore.runClasses(Class[]) at line 58,
                     Result JUnitCore.runClasses(Computer,Class[]) at line 53,
                     Result JUnitCore.run(Computer,Class[]) at line 66,
                     Request Request.classes(Computer,Class[]) at line 109,
                     Runner Computer.getSuite(RunnerBuilder,Class[]) at line 77,
                     Computer$2.&lt;init&gt;(Computer,RunnerBuilder,Class[]) at line 28,
                     Suite.&lt;init&gt;(RunnerBuilder,Class[]) at line 33,
                     Suite.&lt;init&gt;(Class,List) at line 81,
                     ParentRunner.&lt;init&gt;(Class) at line 112,
                     void ParentRunner.validate() at line 92,
                     void ParentRunner.collectInitializationErrors(List) at line 523,
                     void ParentRunner.validateClassRules(List) at line 150,
                     void RuleMemberValidator.validate(TestClass,List) at line 183 }},
           {elem= Access: Read of rules.RuleMemberValidator.CLASS_RULE_VALIDATOR-&gt;methods Thread: NoThread Lock: false Pre: Unowned;
            loc= line 89;
            trace= { Result JUnitCore.runClasses(Class[]) at line 58,
                     Result JUnitCore.runClasses(Computer,Class[]) at line 53,
                     Result JUnitCore.run(Computer,Class[]) at line 66,
                     Request Request.classes(Computer,Class[]) at line 109,
                     Runner Computer.getSuite(RunnerBuilder,Class[]) at line 77,
                     Computer$2.&lt;init&gt;(Computer,RunnerBuilder,Class[]) at line 28,
                     Suite.&lt;init&gt;(RunnerBuilder,Class[]) at line 33,
                     Suite.&lt;init&gt;(Class,List) at line 81,
                     ParentRunner.&lt;init&gt;(Class) at line 112,
                     void ParentRunner.validate() at line 92,
                     void ParentRunner.collectInitializationErrors(List) at line 523,
                     void ParentRunner.validateClassRules(List) at line 150,
                     void RuleMemberValidator.validate(TestClass,List) at line 183 }},
           {elem= Access: Read of rules.RuleMemberValidator.CLASS_RULE_VALIDATOR-&gt;validatorStrategies Thread: NoThread Lock: false Pre: Unowned;
            loc= line 98;
            trace= { Result JUnitCore.runClasses(Class[]) at line 58,
                     Result JUnitCore.runClasses(Computer,Class[]) at line 53,
                     Result JUnitCore.run(Computer,Class[]) at line 66,
                     Request Request.classes(Computer,Class[]) at line 109,
                     Runner Computer.getSuite(RunnerBuilder,Class[]) at line 77,
                     Computer$2.&lt;init&gt;(Computer,RunnerBuilder,Class[]) at line 28,
                     Suite.&lt;init&gt;(RunnerBuilder,Class[]) at line 33,
                     Suite.&lt;init&gt;(Class,List) at line 81,
                     ParentRunner.&lt;init&gt;(Class) at line 112,
                     void ParentRunner.validate() at line 92,
                     void ParentRunner.collectInitializationErrors(List) at line 523,
                     void ParentRunner.validateClassRules(List) at line 150,
                     void RuleMemberValidator.validate(TestClass,List) at line 183,
                     void RuleMemberValidator.validateMember(FrameworkMember,List) at line 93 }},
           {elem= Access: Write to junit3compatibility.SuiteMethodTest.wasRun Thread: NoThread Lock: false Pre: Unowned;
            loc= line 57; trace= { }} } 
Ownership: { n$0 -&gt; Owned,
             n$3 -&gt; Owned,
             n$6 -&gt; Unowned,
             this -&gt; OwnedIf{ 0 },
             *n$0[_] -&gt; Owned } 
Attributes: { junit3compatibility.SuiteMethodTest.wasRun -&gt; Functional,
              *n$0[_] -&gt; Functional } 


INSTR=  NULLIFY(&amp;$irvar2); [line 59]; 

STATE UNCHANGED

INSTR=  EXIT_SCOPE(n$6); [line 59]; 

STATE:
Threads: NoThread, Locks: 0 
Accesses { {elem= Access: Read of model.TestClass.FIELD_COMPARATOR Thread: NoThread Lock: false Pre: Unowned;
            loc= line 78;
            trace= { Result JUnitCore.runClasses(Class[]) at line 58,
                     Result JUnitCore.runClasses(Computer,Class[]) at line 53,
                     Result JUnitCore.run(Computer,Class[]) at line 66,
                     Request Request.classes(Computer,Class[]) at line 109,
                     Runner Computer.getSuite(RunnerBuilder,Class[]) at line 77,
                     Computer$2.&lt;init&gt;(Computer,RunnerBuilder,Class[]) at line 28,
                     Suite.&lt;init&gt;(RunnerBuilder,Class[]) at line 33,
                     Suite.&lt;init&gt;(Class,List) at line 81,
                     ParentRunner.&lt;init&gt;(Class) at line 112,
                     TestClass ParentRunner.createTestClass(Class) at line 91,
                     TestClass.&lt;init&gt;(Class) at line 111,
                     void TestClass.scanAnnotatedMembers(Map,Map) at line 57,
                     Field[] TestClass.getSortedDeclaredFields(Class) at line 70 }},
           {elem= Access: Read of junit3compatibility.SuiteMethodTest.wasRun Thread: NoThread Lock: false Pre: Unowned;
            loc= line 59; trace= { }},
           {elem= Access: Read of lang.Void.TYPE Thread: NoThread Lock: false Pre: Unowned;
            loc= line 107;
            trace= { Result JUnitCore.runClasses(Class[]) at line 58,
                     Result JUnitCore.runClasses(Computer,Class[]) at line 53,
                     Result JUnitCore.run(Computer,Class[]) at line 66,
                     Request Request.classes(Computer,Class[]) at line 109,
                     Runner Computer.getSuite(RunnerBuilder,Class[]) at line 77,
                     Computer$2.&lt;init&gt;(Computer,RunnerBuilder,Class[]) at line 28,
                     Suite.&lt;init&gt;(RunnerBuilder,Class[]) at line 33,
                     Suite.&lt;init&gt;(Class,List) at line 81,
                     ParentRunner.&lt;init&gt;(Class) at line 112,
                     void ParentRunner.validate() at line 92,
                     void ParentRunner.collectInitializationErrors(List) at line 523,
                     void ParentRunner.validatePublicVoidNoArgMethods(Class,boolean,List) at line 148,
                     void FrameworkMethod.validatePublicVoidNoArg(boolean,List) at line 178,
                     void FrameworkMethod.validatePublicVoid(boolean,List) at line 83 }},
           {elem= Access: Read of runners.ParentRunner.VALIDATORS Thread: NoThread Lock: false Pre: Unowned;
            loc= line 156;
            trace= { Result JUnitCore.runClasses(Class[]) at line 58,
                     Result JUnitCore.runClasses(Computer,Class[]) at line 53,
                     Result JUnitCore.run(Computer,Class[]) at line 66,
                     Request Request.classes(Computer,Class[]) at line 109,
                     Runner Computer.getSuite(RunnerBuilder,Class[]) at line 77,
                     Computer$2.&lt;init&gt;(Computer,RunnerBuilder,Class[]) at line 28,
                     Suite.&lt;init&gt;(RunnerBuilder,Class[]) at line 33,
                     Suite.&lt;init&gt;(Class,List) at line 81,
                     ParentRunner.&lt;init&gt;(Class) at line 112,
                     void ParentRunner.validate() at line 92,
                     void ParentRunner.collectInitializationErrors(List) at line 523,
                     void ParentRunner.applyValidators(List) at line 151 }},
           {elem= Access: Read of internal.MethodSorter.DEFAULT Thread: NoThread Lock: false Pre: Unowned;
            loc= line 67;
            trace= { Result JUnitCore.runClasses(Class[]) at line 58,
                     Result JUnitCore.runClasses(Computer,Class[]) at line 53,
                     Result JUnitCore.run(Computer,Class[]) at line 66,
                     Request Request.classes(Computer,Class[]) at line 109,
                     Runner Computer.getSuite(RunnerBuilder,Class[]) at line 77,
                     Computer$2.&lt;init&gt;(Computer,RunnerBuilder,Class[]) at line 28,
                     Suite.&lt;init&gt;(RunnerBuilder,Class[]) at line 33,
                     Suite.&lt;init&gt;(Class,List) at line 81,
                     ParentRunner.&lt;init&gt;(Class) at line 112,
                     TestClass ParentRunner.createTestClass(Class) at line 91,
                     TestClass.&lt;init&gt;(Class) at line 111,
                     void TestClass.scanAnnotatedMembers(Map,Map) at line 57,
                     Method[] MethodSorter.getDeclaredMethods(Class) at line 65,
                     Comparator MethodSorter.getSorter(FixMethodOrder) at line 52 }},
           {elem= Access: Read of rules.RuleMemberValidator.CLASS_RULE_METHOD_VALIDATOR Thread: NoThread Lock: false Pre: Unowned;
            loc= line 184;
            trace= { Result JUnitCore.runClasses(Class[]) at line 58,
                     Result JUnitCore.runClasses(Computer,Class[]) at line 53,
                     Result JUnitCore.run(Computer,Class[]) at line 66,
                     Request Request.classes(Computer,Class[]) at line 109,
                     Runner Computer.getSuite(RunnerBuilder,Class[]) at line 77,
                     Computer$2.&lt;init&gt;(Computer,RunnerBuilder,Class[]) at line 28,
                     Suite.&lt;init&gt;(RunnerBuilder,Class[]) at line 33,
                     Suite.&lt;init&gt;(Class,List) at line 81,
                     ParentRunner.&lt;init&gt;(Class) at line 112,
                     void ParentRunner.validate() at line 92,
                     void ParentRunner.collectInitializationErrors(List) at line 523,
                     void ParentRunner.validateClassRules(List) at line 150 }},
           {elem= Access: Read of rules.RuleMemberValidator.CLASS_RULE_VALIDATOR Thread: NoThread Lock: false Pre: Unowned;
            loc= line 183;
            trace= { Result JUnitCore.runClasses(Class[]) at line 58,
                     Result JUnitCore.runClasses(Computer,Class[]) at line 53,
                     Result JUnitCore.run(Computer,Class[]) at line 66,
                     Request Request.classes(Computer,Class[]) at line 109,
                     Runner Computer.getSuite(RunnerBuilder,Class[]) at line 77,
                     Computer$2.&lt;init&gt;(Computer,RunnerBuilder,Class[]) at line 28,
                     Suite.&lt;init&gt;(RunnerBuilder,Class[]) at line 33,
                     Suite.&lt;init&gt;(Class,List) at line 81,
                     ParentRunner.&lt;init&gt;(Class) at line 112,
                     void ParentRunner.validate() at line 92,
                     void ParentRunner.collectInitializationErrors(List) at line 523,
                     void ParentRunner.validateClassRules(List) at line 150 }},
           {elem= Access: Read of rules.RuleMemberValidator.CLASS_RULE_METHOD_VALIDATOR-&gt;annotation Thread: NoThread Lock: false Pre: Unowned;
            loc= line 89;
            trace= { Result JUnitCore.runClasses(Class[]) at line 58,
                     Result JUnitCore.runClasses(Computer,Class[]) at line 53,
                     Result JUnitCore.run(Computer,Class[]) at line 66,
                     Request Request.classes(Computer,Class[]) at line 109,
                     Runner Computer.getSuite(RunnerBuilder,Class[]) at line 77,
                     Computer$2.&lt;init&gt;(Computer,RunnerBuilder,Class[]) at line 28,
                     Suite.&lt;init&gt;(RunnerBuilder,Class[]) at line 33,
                     Suite.&lt;init&gt;(Class,List) at line 81,
                     ParentRunner.&lt;init&gt;(Class) at line 112,
                     void ParentRunner.validate() at line 92,
                     void ParentRunner.collectInitializationErrors(List) at line 523,
                     void ParentRunner.validateClassRules(List) at line 150,
                     void RuleMemberValidator.validate(TestClass,List) at line 184 }},
           {elem= Access: Read of rules.RuleMemberValidator.CLASS_RULE_METHOD_VALIDATOR-&gt;methods Thread: NoThread Lock: false Pre: Unowned;
            loc= line 89;
            trace= { Result JUnitCore.runClasses(Class[]) at line 58,
                     Result JUnitCore.runClasses(Computer,Class[]) at line 53,
                     Result JUnitCore.run(Computer,Class[]) at line 66,
                     Request Request.classes(Computer,Class[]) at line 109,
                     Runner Computer.getSuite(RunnerBuilder,Class[]) at line 77,
                     Computer$2.&lt;init&gt;(Computer,RunnerBuilder,Class[]) at line 28,
                     Suite.&lt;init&gt;(RunnerBuilder,Class[]) at line 33,
                     Suite.&lt;init&gt;(Class,List) at line 81,
                     ParentRunner.&lt;init&gt;(Class) at line 112,
                     void ParentRunner.validate() at line 92,
                     void ParentRunner.collectInitializationErrors(List) at line 523,
                     void ParentRunner.validateClassRules(List) at line 150,
                     void RuleMemberValidator.validate(TestClass,List) at line 184 }},
           {elem= Access: Read of rules.RuleMemberValidator.CLASS_RULE_METHOD_VALIDATOR-&gt;validatorStrategies Thread: NoThread Lock: false Pre: Unowned;
            loc= line 98;
            trace= { Result JUnitCore.runClasses(Class[]) at line 58,
                     Result JUnitCore.runClasses(Computer,Class[]) at line 53,
                     Result JUnitCore.run(Computer,Class[]) at line 66,
                     Request Request.classes(Computer,Class[]) at line 109,
                     Runner Computer.getSuite(RunnerBuilder,Class[]) at line 77,
                     Computer$2.&lt;init&gt;(Computer,RunnerBuilder,Class[]) at line 28,
                     Suite.&lt;init&gt;(RunnerBuilder,Class[]) at line 33,
                     Suite.&lt;init&gt;(Class,List) at line 81,
                     ParentRunner.&lt;init&gt;(Class) at line 112,
                     void ParentRunner.validate() at line 92,
                     void ParentRunner.collectInitializationErrors(List) at line 523,
                     void ParentRunner.validateClassRules(List) at line 150,
                     void RuleMemberValidator.validate(TestClass,List) at line 184,
                     void RuleMemberValidator.validateMember(FrameworkMember,List) at line 93 }},
           {elem= Access: Read of rules.RuleMemberValidator.CLASS_RULE_VALIDATOR-&gt;annotation Thread: NoThread Lock: false Pre: Unowned;
            loc= line 89;
            trace= { Result JUnitCore.runClasses(Class[]) at line 58,
                     Result JUnitCore.runClasses(Computer,Class[]) at line 53,
                     Result JUnitCore.run(Computer,Class[]) at line 66,
                     Request Request.classes(Computer,Class[]) at line 109,
                     Runner Computer.getSuite(RunnerBuilder,Class[]) at line 77,
                     Computer$2.&lt;init&gt;(Computer,RunnerBuilder,Class[]) at line 28,
                     Suite.&lt;init&gt;(RunnerBuilder,Class[]) at line 33,
                     Suite.&lt;init&gt;(Class,List) at line 81,
                     ParentRunner.&lt;init&gt;(Class) at line 112,
                     void ParentRunner.validate() at line 92,
                     void ParentRunner.collectInitializationErrors(List) at line 523,
                     void ParentRunner.validateClassRules(List) at line 150,
                     void RuleMemberValidator.validate(TestClass,List) at line 183 }},
           {elem= Access: Read of rules.RuleMemberValidator.CLASS_RULE_VALIDATOR-&gt;methods Thread: NoThread Lock: false Pre: Unowned;
            loc= line 89;
            trace= { Result JUnitCore.runClasses(Class[]) at line 58,
                     Result JUnitCore.runClasses(Computer,Class[]) at line 53,
                     Result JUnitCore.run(Computer,Class[]) at line 66,
                     Request Request.classes(Computer,Class[]) at line 109,
                     Runner Computer.getSuite(RunnerBuilder,Class[]) at line 77,
                     Computer$2.&lt;init&gt;(Computer,RunnerBuilder,Class[]) at line 28,
                     Suite.&lt;init&gt;(RunnerBuilder,Class[]) at line 33,
                     Suite.&lt;init&gt;(Class,List) at line 81,
                     ParentRunner.&lt;init&gt;(Class) at line 112,
                     void ParentRunner.validate() at line 92,
                     void ParentRunner.collectInitializationErrors(List) at line 523,
                     void ParentRunner.validateClassRules(List) at line 150,
                     void RuleMemberValidator.validate(TestClass,List) at line 183 }},
           {elem= Access: Read of rules.RuleMemberValidator.CLASS_RULE_VALIDATOR-&gt;validatorStrategies Thread: NoThread Lock: false Pre: Unowned;
            loc= line 98;
            trace= { Result JUnitCore.runClasses(Class[]) at line 58,
                     Result JUnitCore.runClasses(Computer,Class[]) at line 53,
                     Result JUnitCore.run(Computer,Class[]) at line 66,
                     Request Request.classes(Computer,Class[]) at line 109,
                     Runner Computer.getSuite(RunnerBuilder,Class[]) at line 77,
                     Computer$2.&lt;init&gt;(Computer,RunnerBuilder,Class[]) at line 28,
                     Suite.&lt;init&gt;(RunnerBuilder,Class[]) at line 33,
                     Suite.&lt;init&gt;(Class,List) at line 81,
                     ParentRunner.&lt;init&gt;(Class) at line 112,
                     void ParentRunner.validate() at line 92,
                     void ParentRunner.collectInitializationErrors(List) at line 523,
                     void ParentRunner.validateClassRules(List) at line 150,
                     void RuleMemberValidator.validate(TestClass,List) at line 183,
                     void RuleMemberValidator.validateMember(FrameworkMember,List) at line 93 }},
           {elem= Access: Write to junit3compatibility.SuiteMethodTest.wasRun Thread: NoThread Lock: false Pre: Unowned;
            loc= line 57; trace= { }} } 
Ownership: { n$0 -&gt; Owned,
             n$3 -&gt; Owned,
             n$6 -&gt; Unowned,
             this -&gt; OwnedIf{ 0 },
             *n$0[_] -&gt; Owned } 
Attributes: { junit3compatibility.SuiteMethodTest.wasRun -&gt; Functional,
              *n$0[_] -&gt; Functional } 


</LISTING>
<hr width="100%">
<a name="session41" href="./../nodes/org.junit.tests.junit3compatibility.SuiteMethodTest.makeSureSuiteWorksWithJUnit4Classes%28%29%3Avoid.8491281ee70a0d2dc824d3ef4f207971_node9.html#session41">node9#session41</a>(<a href="./../../SuiteMethodTest.java.d8ff8fe5558f5f0da04d9e05c7a3307e.html#LINE59">59</a>) biabduction
<LISTING class='color_black'>**** [FP:Pending] void SuiteMethodTest.makeSureSuiteWorksWithJUnit4Classes() Node: 9, Procedure: void SuiteMethodTest.makeSureSuiteWorksWithJUnit4Classes(), Todo: 1 ****
  PROP 1 of 1:
  <span class='color_blue'><span class='color_red'>MEMna &lt; new[]:58 &gt; <span class='color_orange'>{vpath: }</span>(_t$1)</span>; <span class='color_red'>UND &lt; Result JUnitCore.runClasses(Computer,Class[]) &gt; :53(_t$2)</span> ;
  <span class='color_red'>#GB<>$org.junit.tests.junit3compatibility.SuiteMethodTest = {wasRun:0<span class='color_orange'>update:57</span>}<span class='color_orange'>rearrange:57</span>:org.junit.tests.junit3compatibility.SuiteMethodTest( sub )</span>; <span class='color_red'>$irvar0 = 0<span class='color_orange'>nullify</span>:void</span>; <span class='color_red'>return = _t$0<span class='color_orange'>initial</span>:void</span>; <span class='color_red'>$irvar1 = 0<span class='color_orange'>nullify</span>:void</span>; <span class='color_red'>$irvar2 = 0<span class='color_orange'>update:59</span>:void</span>; <span class='color_red'>this = @f$0<span class='color_orange'>formal</span>:org.junit.tests.junit3compatibility.SuiteMethodTest*( sub )</span>; <span class='color_red'>old_this = @f$0<span class='color_orange'>formal</span>:org.junit.tests.junit3compatibility.SuiteMethodTest*( sub )</span>
  [footprint
     <span class='color_red'>#GB<>$org.junit.tests.junit3compatibility.SuiteMethodTest = {wasRun:@f$1<span class='color_orange'>rearrange:57</span>}<span class='color_orange'>rearrange:57</span>:org.junit.tests.junit3compatibility.SuiteMethodTest( sub )</span>; <span class='color_red'>this = @f$0<span class='color_orange'>formal</span>:org.junit.tests.junit3compatibility.SuiteMethodTest*( sub )</span>  ]</span>
  .... Instructions: ....
  <span class='color_green'>n$5=*&amp;$irvar2:_Bool [line 59];
  n$6=_fun_void Assert.assertTrue(boolean)(n$5:_Bool) [line 59];
  NULLIFY(&amp;$irvar2); [line 59];
  EXIT_SCOPE(n$5,n$6,$irvar2); [line 59];
  </span>
  
  Processing prop 1/1
    Instruction <span class='color_green'>n$5=*&amp;$irvar2:_Bool [line 59]</span>
    in vpath_find exp:n$38
    vpath_find: cannot find n$38
    .... Rearrangement Start ....
    Exp: &amp;$irvar2
    Prop:
    <span class='color_blue'>MEMna &lt; new[]:58 &gt; <span class='color_orange'>{vpath: }</span>(n$38); UND &lt; Result JUnitCore.runClasses(Computer,Class[]) &gt; :53(n$39) ;
    #GB<>$org.junit.tests.junit3compatibility.SuiteMethodTest = {wasRun:0<span class='color_orange'>update:57</span>}<span class='color_orange'>rearrange:57</span>:org.junit.tests.junit3compatibility.SuiteMethodTest( sub ); $irvar0 = 0<span class='color_orange'>nullify</span>:void; return = n$37<span class='color_orange'>initial</span>:void; $irvar1 = 0<span class='color_orange'>nullify</span>:void; $irvar2 = 0<span class='color_orange'>update:59</span>:void; this = @f$0<span class='color_orange'>formal</span>:org.junit.tests.junit3compatibility.SuiteMethodTest*( sub ); old_this = @f$0<span class='color_orange'>formal</span>:org.junit.tests.junit3compatibility.SuiteMethodTest*( sub )
    [footprint
       #GB<>$org.junit.tests.junit3compatibility.SuiteMethodTest = {wasRun:@f$1<span class='color_orange'>rearrange:57</span>}<span class='color_orange'>rearrange:57</span>:org.junit.tests.junit3compatibility.SuiteMethodTest( sub ); this = @f$0<span class='color_orange'>formal</span>:org.junit.tests.junit3compatibility.SuiteMethodTest*( sub )  ]</span>
    
    in prop_iter_extend_ptsto lexp: &amp;$irvar2
    prop before:
    <span class='color_blue'>MEMna &lt; new[]:58 &gt; <span class='color_orange'>{vpath: }</span>(n$38); UND &lt; Result JUnitCore.runClasses(Computer,Class[]) &gt; :53(n$39) ;
    #GB<>$org.junit.tests.junit3compatibility.SuiteMethodTest = {wasRun:0<span class='color_orange'>update:57</span>}<span class='color_orange'>rearrange:57</span>:org.junit.tests.junit3compatibility.SuiteMethodTest( sub ); $irvar0 = 0<span class='color_orange'>nullify</span>:void; return = n$37<span class='color_orange'>initial</span>:void; $irvar1 = 0<span class='color_orange'>nullify</span>:void; $irvar2 = 0<span class='color_orange'>update:59</span>:void; this = @f$0<span class='color_orange'>formal</span>:org.junit.tests.junit3compatibility.SuiteMethodTest*( sub ); old_this = @f$0<span class='color_orange'>formal</span>:org.junit.tests.junit3compatibility.SuiteMethodTest*( sub )
    [footprint
       #GB<>$org.junit.tests.junit3compatibility.SuiteMethodTest = {wasRun:@f$1<span class='color_orange'>rearrange:57</span>}<span class='color_orange'>rearrange:57</span>:org.junit.tests.junit3compatibility.SuiteMethodTest( sub ); this = @f$0<span class='color_orange'>formal</span>:org.junit.tests.junit3compatibility.SuiteMethodTest*( sub )  ]</span>
    
    
    prop list after:
    PROP 1 of 1:
    <span class='color_blue'><span class='color_blue'>MEMna &lt; new[]:58 &gt; <span class='color_orange'>{vpath: }</span>(n$38)</span>; <span class='color_blue'>UND &lt; Result JUnitCore.runClasses(Computer,Class[]) &gt; :53(n$39)</span> ;
    <span class='color_blue'>#GB<>$org.junit.tests.junit3compatibility.SuiteMethodTest = {wasRun:0<span class='color_orange'>update:57</span>}<span class='color_orange'>rearrange:57</span>:org.junit.tests.junit3compatibility.SuiteMethodTest( sub )</span>; <span class='color_blue'>$irvar0 = 0<span class='color_orange'>nullify</span>:void</span>; <span class='color_blue'>return = n$37<span class='color_orange'>initial</span>:void</span>; <span class='color_blue'>$irvar1 = 0<span class='color_orange'>nullify</span>:void</span>; <span class='color_blue'>$irvar2 = 0<span class='color_orange'>update:59</span>:void</span>; <span class='color_blue'>this = @f$0<span class='color_orange'>formal</span>:org.junit.tests.junit3compatibility.SuiteMethodTest*( sub )</span>; <span class='color_blue'>old_this = @f$0<span class='color_orange'>formal</span>:org.junit.tests.junit3compatibility.SuiteMethodTest*( sub )</span>
    [footprint
       <span class='color_blue'>#GB<>$org.junit.tests.junit3compatibility.SuiteMethodTest = {wasRun:@f$1<span class='color_orange'>rearrange:57</span>}<span class='color_orange'>rearrange:57</span>:org.junit.tests.junit3compatibility.SuiteMethodTest( sub )</span>; <span class='color_blue'>this = @f$0<span class='color_orange'>formal</span>:org.junit.tests.junit3compatibility.SuiteMethodTest*( sub )</span>  ]</span>
    
    
    
    Instruction Returns
    PROP 1 of 1:
    <span class='color_blue'><span class='color_red'>n$5 = 0</span> ;
    <span class='color_blue'>MEMna &lt; new[]:58 &gt; <span class='color_orange'>{vpath: }</span>(_t$1)</span>; <span class='color_blue'>UND &lt; Result JUnitCore.runClasses(Computer,Class[]) &gt; :53(_t$2)</span> ;
    <span class='color_blue'>#GB<>$org.junit.tests.junit3compatibility.SuiteMethodTest = {wasRun:0<span class='color_orange'>update:57</span>}<span class='color_orange'>rearrange:57</span>:org.junit.tests.junit3compatibility.SuiteMethodTest( sub )</span>; <span class='color_blue'>$irvar0 = 0<span class='color_orange'>nullify</span>:void</span>; <span class='color_blue'>return = _t$0<span class='color_orange'>initial</span>:void</span>; <span class='color_blue'>$irvar1 = 0<span class='color_orange'>nullify</span>:void</span>; <span class='color_blue'>$irvar2 = 0<span class='color_orange'>update:59</span>:void</span>; <span class='color_blue'>this = @f$0<span class='color_orange'>formal</span>:org.junit.tests.junit3compatibility.SuiteMethodTest*( sub )</span>; <span class='color_blue'>old_this = @f$0<span class='color_orange'>formal</span>:org.junit.tests.junit3compatibility.SuiteMethodTest*( sub )</span>
    [footprint
       <span class='color_blue'>#GB<>$org.junit.tests.junit3compatibility.SuiteMethodTest = {wasRun:@f$1<span class='color_orange'>rearrange:57</span>}<span class='color_orange'>rearrange:57</span>:org.junit.tests.junit3compatibility.SuiteMethodTest( sub )</span>; <span class='color_blue'>this = @f$0<span class='color_orange'>formal</span>:org.junit.tests.junit3compatibility.SuiteMethodTest*( sub )</span>  ]</span>
    
    Instruction <span class='color_green'>n$6=_fun_void Assert.assertTrue(boolean)(n$5:_Bool) [line 59]</span>
    in vpath_find exp:n$41
    vpath_find: cannot find n$41
    Found 2 specs for function org.junit.Assert.assertTrue(boolean):void
    START EXECUTING SPECS FOR org.junit.Assert.assertTrue(boolean):void from state
    <span class='color_blue'>n$5 = 0 ;
    MEMna &lt; new[]:58 &gt; <span class='color_orange'>{vpath: }</span>(n$41); UND &lt; Result JUnitCore.runClasses(Computer,Class[]) &gt; :53(n$42) ;
    #GB<>$org.junit.tests.junit3compatibility.SuiteMethodTest = {wasRun:0<span class='color_orange'>update:57</span>}<span class='color_orange'>rearrange:57</span>:org.junit.tests.junit3compatibility.SuiteMethodTest( sub ); $irvar0 = 0<span class='color_orange'>nullify</span>:void; return = n$40<span class='color_orange'>initial</span>:void; $irvar1 = 0<span class='color_orange'>nullify</span>:void; $irvar2 = 0<span class='color_orange'>update:59</span>:void; this = @f$0<span class='color_orange'>formal</span>:org.junit.tests.junit3compatibility.SuiteMethodTest*( sub ); old_this = @f$0<span class='color_orange'>formal</span>:org.junit.tests.junit3compatibility.SuiteMethodTest*( sub )
    [footprint
       #GB<>$org.junit.tests.junit3compatibility.SuiteMethodTest = {wasRun:@f$1<span class='color_orange'>rearrange:57</span>}<span class='color_orange'>rearrange:57</span>:org.junit.tests.junit3compatibility.SuiteMethodTest( sub ); this = @f$0<span class='color_orange'>formal</span>:org.junit.tests.junit3compatibility.SuiteMethodTest*( sub )  ]</span>
    EXECUTING SPEC 1/2
    ACTUAL PRECONDITION =
      <span class='color_blue'>n$5 = 0 ;
      MEMna &lt; new[]:58 &gt; <span class='color_orange'>{vpath: }</span>(n$41); UND &lt; Result JUnitCore.runClasses(Computer,Class[]) &gt; :53(n$42) ;
      condition|callee = 0<span class='color_orange'>actual_precondition</span>:_Bool; #GB<>$org.junit.tests.junit3compatibility.SuiteMethodTest = {wasRun:0<span class='color_orange'>update:57</span>}<span class='color_orange'>rearrange:57</span>:org.junit.tests.junit3compatibility.SuiteMethodTest( sub ); $irvar0 = 0<span class='color_orange'>nullify</span>:void; return = n$40<span class='color_orange'>initial</span>:void; $irvar1 = 0<span class='color_orange'>nullify</span>:void; $irvar2 = 0<span class='color_orange'>update:59</span>:void; this = @f$0<span class='color_orange'>formal</span>:org.junit.tests.junit3compatibility.SuiteMethodTest*( sub ); old_this = @f$0<span class='color_orange'>formal</span>:org.junit.tests.junit3compatibility.SuiteMethodTest*( sub )
      [footprint
         #GB<>$org.junit.tests.junit3compatibility.SuiteMethodTest = {wasRun:@f$1<span class='color_orange'>rearrange:57</span>}<span class='color_orange'>rearrange:57</span>:org.junit.tests.junit3compatibility.SuiteMethodTest( sub ); this = @f$0<span class='color_orange'>formal</span>:org.junit.tests.junit3compatibility.SuiteMethodTest*( sub )  ]</span>
    SPEC =
      --------------------------- ---------- ---------------------------
      PRE:
      <span class='color_blue'><span class='color_blue'>condition|callee = 0<span class='color_orange'>formal</span>:_Bool( sub )</span></span>
      POST 1 of 1:
      <span class='color_blue'><span class='color_red'>MEMne &lt; void Assert.assertTrue(String,boolean):53 &gt; <span class='color_orange'>{vpath: }</span>(_t$57)</span> ;
      <span class='color_red'>return|callee = EXN _t$57<span class='color_orange'>update:53</span>:void</span> ;
      <span class='color_red'>_t$57|->{}<span class='color_orange'>alloc</span>:java.lang.AssertionError</span></span>
      ----------------------------------------------------------------
    pre_check_pure_implication
    pi1:
      n$5 = 0; MEMna &lt; new[]:58 &gt; <span class='color_orange'>{vpath: }</span>(n$41); UND &lt; Result JUnitCore.runClasses(Computer,Class[]) &gt; :53(n$42)
    pi2:
      
    returns
    sub1:
      n$5 = 0
    sub2:
      n$5 = 0
    Current Implication
    SUB:
      n$5 = 0
    <span class='color_blue'>MEMna &lt; new[]:58 &gt; <span class='color_orange'>{vpath: }</span>(n$41); UND &lt; Result JUnitCore.runClasses(Computer,Class[]) &gt; :53(n$42); 0 = 0 ;
    condition|callee = 0<span class='color_orange'>actual_precondition</span>:_Bool; #GB<>$org.junit.tests.junit3compatibility.SuiteMethodTest = {wasRun:0<span class='color_orange'>update:57</span>}<span class='color_orange'>rearrange:57</span>:org.junit.tests.junit3compatibility.SuiteMethodTest( sub ); $irvar0 = 0<span class='color_orange'>nullify</span>:void; return = n$40<span class='color_orange'>initial</span>:void; $irvar1 = 0<span class='color_orange'>nullify</span>:void; $irvar2 = 0<span class='color_orange'>update:59</span>:void; this = @f$0<span class='color_orange'>formal</span>:org.junit.tests.junit3compatibility.SuiteMethodTest*( sub ); old_this = @f$0<span class='color_orange'>formal</span>:org.junit.tests.junit3compatibility.SuiteMethodTest*( sub )
    [footprint
       #GB<>$org.junit.tests.junit3compatibility.SuiteMethodTest = {wasRun:@f$1<span class='color_orange'>rearrange:57</span>}<span class='color_orange'>rearrange:57</span>:org.junit.tests.junit3compatibility.SuiteMethodTest( sub ); this = @f$0<span class='color_orange'>formal</span>:org.junit.tests.junit3compatibility.SuiteMethodTest*( sub )  ]</span>
    [SUB: 
      n$5 = 0]
    |-
    <span class='color_blue'>condition|callee = 0<span class='color_orange'>formal</span>:_Bool( sub )</span>
    
      do_imply 0 0
        Final Implication
        SUB:
          n$5 = 0
        <span class='color_blue'>MEMna &lt; new[]:58 &gt; <span class='color_orange'>{vpath: }</span>(n$41); UND &lt; Result JUnitCore.runClasses(Computer,Class[]) &gt; :53(n$42); 0 = 0 ;
        #GB<>$org.junit.tests.junit3compatibility.SuiteMethodTest = {wasRun:0<span class='color_orange'>update:57</span>}<span class='color_orange'>rearrange:57</span>:org.junit.tests.junit3compatibility.SuiteMethodTest( sub ); $irvar0 = 0<span class='color_orange'>nullify</span>:void; return = n$40<span class='color_orange'>initial</span>:void; $irvar1 = 0<span class='color_orange'>nullify</span>:void; $irvar2 = 0<span class='color_orange'>update:59</span>:void; this = @f$0<span class='color_orange'>formal</span>:org.junit.tests.junit3compatibility.SuiteMethodTest*( sub ); old_this = @f$0<span class='color_orange'>formal</span>:org.junit.tests.junit3compatibility.SuiteMethodTest*( sub )
        [footprint
           #GB<>$org.junit.tests.junit3compatibility.SuiteMethodTest = {wasRun:@f$1<span class='color_orange'>rearrange:57</span>}<span class='color_orange'>rearrange:57</span>:org.junit.tests.junit3compatibility.SuiteMethodTest( sub ); this = @f$0<span class='color_orange'>formal</span>:org.junit.tests.junit3compatibility.SuiteMethodTest*( sub )  ]</span>
        [SUB: 
          n$5 = 0]
        |-
        <span class='color_blue'></span>
    Result of Abduction
      SUB:
        n$5 = 0
      <span class='color_blue'>MEMna &lt; new[]:58 &gt; <span class='color_orange'>{vpath: }</span>(n$41); UND &lt; Result JUnitCore.runClasses(Computer,Class[]) &gt; :53(n$42); 0 = 0 ;
      condition|callee = 0<span class='color_orange'>actual_precondition</span>:_Bool; #GB<>$org.junit.tests.junit3compatibility.SuiteMethodTest = {wasRun:0<span class='color_orange'>update:57</span>}<span class='color_orange'>rearrange:57</span>:org.junit.tests.junit3compatibility.SuiteMethodTest( sub ); $irvar0 = 0<span class='color_orange'>nullify</span>:void; return = n$40<span class='color_orange'>initial</span>:void; $irvar1 = 0<span class='color_orange'>nullify</span>:void; $irvar2 = 0<span class='color_orange'>update:59</span>:void; this = @f$0<span class='color_orange'>formal</span>:org.junit.tests.junit3compatibility.SuiteMethodTest*( sub ); old_this = @f$0<span class='color_orange'>formal</span>:org.junit.tests.junit3compatibility.SuiteMethodTest*( sub )
      [footprint
         #GB<>$org.junit.tests.junit3compatibility.SuiteMethodTest = {wasRun:@f$1<span class='color_orange'>rearrange:57</span>}<span class='color_orange'>rearrange:57</span>:org.junit.tests.junit3compatibility.SuiteMethodTest( sub ); this = @f$0<span class='color_orange'>formal</span>:org.junit.tests.junit3compatibility.SuiteMethodTest*( sub )  ]</span>
      [SUB: 
        n$5 = 0]
      |-
      <span class='color_blue'>condition|callee = 0<span class='color_orange'>formal</span>:_Bool( sub )</span>
    returning TRUE
    in vpath_find exp:_t$57
    vpath_find: cannot find _t$57
      New footprint:
      
      Frame fld:
      
      Missing fld:
      
      Instantiated frame:
      &amp;#GB<>$org.junit.tests.junit3compatibility.SuiteMethodTest|->{wasRun:0<span class='color_orange'>update:57</span>}<span class='color_orange'>rearrange:57</span>:org.junit.tests.junit3compatibility.SuiteMethodTest( sub ); &amp;$irvar0|->0<span class='color_orange'>nullify</span>:void; &amp;return|->n$40<span class='color_orange'>initial</span>:void; &amp;$irvar1|->0<span class='color_orange'>nullify</span>:void; &amp;$irvar2|->0<span class='color_orange'>update:59</span>:void; &amp;this|->@f$0<span class='color_orange'>formal</span>:org.junit.tests.junit3compatibility.SuiteMethodTest*( sub ); &amp;old_this|->@f$0<span class='color_orange'>formal</span>:org.junit.tests.junit3compatibility.SuiteMethodTest*( sub )
      Instantiated post:
      PROP 1 of 1:
      <span class='color_blue'><span class='color_red'>MEMne &lt; void Assert.assertTrue(boolean):59 &gt; <span class='color_orange'>{vpath: }</span>(_t$57)</span> ;
      <span class='color_red'>return|callee = EXN _t$57<span class='color_orange'>update:59</span>:void</span> ;
      <span class='color_red'>_t$57|->{}<span class='color_orange'>alloc</span>:java.lang.AssertionError</span></span>
      
    ***** RESULTS FUNCTION CALL *******
    PROP 1 of 1:
    <span class='color_blue'><span class='color_blue'>n$5 = 0</span> ;
    <span class='color_red'>MEMne &lt; void Assert.assertTrue(boolean):59 &gt; <span class='color_orange'>{vpath: }</span>(_t$0)</span>; <span class='color_blue'>MEMna &lt; new[]:58 &gt; <span class='color_orange'>{vpath: }</span>(n$41)</span>; <span class='color_blue'>UND &lt; Result JUnitCore.runClasses(Computer,Class[]) &gt; :53(n$42)</span> ;
    <span class='color_blue'>#GB<>$org.junit.tests.junit3compatibility.SuiteMethodTest = {wasRun:0<span class='color_orange'>update:57</span>}<span class='color_orange'>rearrange:57</span>:org.junit.tests.junit3compatibility.SuiteMethodTest( sub )</span>; <span class='color_blue'>$irvar0 = 0<span class='color_orange'>nullify</span>:void</span>; <span class='color_blue'>return = <span class='color_red'>EXN _t$0<span class='color_orange'>update:59</span></span>:void</span>; <span class='color_blue'>$irvar1 = 0<span class='color_orange'>nullify</span>:void</span>; <span class='color_blue'>$irvar2 = 0<span class='color_orange'>update:59</span>:void</span>; <span class='color_blue'>this = @f$0<span class='color_orange'>formal</span>:org.junit.tests.junit3compatibility.SuiteMethodTest*( sub )</span>; <span class='color_blue'>old_this = @f$0<span class='color_orange'>formal</span>:org.junit.tests.junit3compatibility.SuiteMethodTest*( sub )</span> ;
    <span class='color_red'>_t$0|->{}<span class='color_orange'>alloc</span>:java.lang.AssertionError</span>
    [footprint
       <span class='color_blue'>#GB<>$org.junit.tests.junit3compatibility.SuiteMethodTest = {wasRun:@f$1<span class='color_orange'>rearrange:57</span>}<span class='color_orange'>rearrange:57</span>:org.junit.tests.junit3compatibility.SuiteMethodTest( sub )</span>; <span class='color_blue'>this = @f$0<span class='color_orange'>formal</span>:org.junit.tests.junit3compatibility.SuiteMethodTest*( sub )</span>  ]</span>
    ***** END RESULTS FUNCTION CALL *******
    Prover.check_inconsistency_base: inconsistency reason [None]
    Prover.check_inconsistency_base: inconsistency reason [None]
    Prover.check_inconsistency_base: inconsistency reason [None]
    Prover.check_inconsistency_base: inconsistency reason [None]
    EXECUTING SPEC 2/2
    ACTUAL PRECONDITION =
      <span class='color_blue'>n$5 = 0 ;
      MEMna &lt; new[]:58 &gt; <span class='color_orange'>{vpath: }</span>(n$41); UND &lt; Result JUnitCore.runClasses(Computer,Class[]) &gt; :53(n$42) ;
      condition|callee = 0<span class='color_orange'>actual_precondition</span>:_Bool; #GB<>$org.junit.tests.junit3compatibility.SuiteMethodTest = {wasRun:0<span class='color_orange'>update:57</span>}<span class='color_orange'>rearrange:57</span>:org.junit.tests.junit3compatibility.SuiteMethodTest( sub ); $irvar0 = 0<span class='color_orange'>nullify</span>:void; return = n$40<span class='color_orange'>initial</span>:void; $irvar1 = 0<span class='color_orange'>nullify</span>:void; $irvar2 = 0<span class='color_orange'>update:59</span>:void; this = @f$0<span class='color_orange'>formal</span>:org.junit.tests.junit3compatibility.SuiteMethodTest*( sub ); old_this = @f$0<span class='color_orange'>formal</span>:org.junit.tests.junit3compatibility.SuiteMethodTest*( sub )
      [footprint
         #GB<>$org.junit.tests.junit3compatibility.SuiteMethodTest = {wasRun:@f$1<span class='color_orange'>rearrange:57</span>}<span class='color_orange'>rearrange:57</span>:org.junit.tests.junit3compatibility.SuiteMethodTest( sub ); this = @f$0<span class='color_orange'>formal</span>:org.junit.tests.junit3compatibility.SuiteMethodTest*( sub )  ]</span>
    SPEC =
      --------------------------- ---------- ---------------------------
      PRE:
      <span class='color_blue'><span class='color_blue'>condition|callee != 0 ;
      condition|callee = _t$58<span class='color_orange'>formal</span>:_Bool( sub )</span></span>
      POST 1 of 1:
      <span class='color_blue'>condition|callee != 0 ;
      <span class='color_red'>return|callee = _t$59<span class='color_orange'>initial</span>:void</span></span>
      ----------------------------------------------------------------
    pre_check_pure_implication
    pi1:
      n$5 = 0; MEMna &lt; new[]:58 &gt; <span class='color_orange'>{vpath: }</span>(n$41); UND &lt; Result JUnitCore.runClasses(Computer,Class[]) &gt; :53(n$42)
    pi2:
      _t$58 != 0
    returns
    sub1:
      n$5 = 0
    sub2:
      n$5 = 0
    Current Implication
    SUB:
      n$5 = 0
    <span class='color_blue'>MEMna &lt; new[]:58 &gt; <span class='color_orange'>{vpath: }</span>(n$41); UND &lt; Result JUnitCore.runClasses(Computer,Class[]) &gt; :53(n$42); 0 = 0 ;
    condition|callee = 0<span class='color_orange'>actual_precondition</span>:_Bool; #GB<>$org.junit.tests.junit3compatibility.SuiteMethodTest = {wasRun:0<span class='color_orange'>update:57</span>}<span class='color_orange'>rearrange:57</span>:org.junit.tests.junit3compatibility.SuiteMethodTest( sub ); $irvar0 = 0<span class='color_orange'>nullify</span>:void; return = n$40<span class='color_orange'>initial</span>:void; $irvar1 = 0<span class='color_orange'>nullify</span>:void; $irvar2 = 0<span class='color_orange'>update:59</span>:void; this = @f$0<span class='color_orange'>formal</span>:org.junit.tests.junit3compatibility.SuiteMethodTest*( sub ); old_this = @f$0<span class='color_orange'>formal</span>:org.junit.tests.junit3compatibility.SuiteMethodTest*( sub )
    [footprint
       #GB<>$org.junit.tests.junit3compatibility.SuiteMethodTest = {wasRun:@f$1<span class='color_orange'>rearrange:57</span>}<span class='color_orange'>rearrange:57</span>:org.junit.tests.junit3compatibility.SuiteMethodTest( sub ); this = @f$0<span class='color_orange'>formal</span>:org.junit.tests.junit3compatibility.SuiteMethodTest*( sub )  ]</span>
    [SUB: 
      n$5 = 0]
    |-
    <span class='color_blue'>condition|callee = _t$58<span class='color_orange'>formal</span>:_Bool( sub )</span>
    
      do_imply 0 _t$58
        Final Implication
        SUB:
          n$5 = 0
        <span class='color_blue'>MEMna &lt; new[]:58 &gt; <span class='color_orange'>{vpath: }</span>(n$41); UND &lt; Result JUnitCore.runClasses(Computer,Class[]) &gt; :53(n$42); 0 = 0 ;
        #GB<>$org.junit.tests.junit3compatibility.SuiteMethodTest = {wasRun:0<span class='color_orange'>update:57</span>}<span class='color_orange'>rearrange:57</span>:org.junit.tests.junit3compatibility.SuiteMethodTest( sub ); $irvar0 = 0<span class='color_orange'>nullify</span>:void; return = n$40<span class='color_orange'>initial</span>:void; $irvar1 = 0<span class='color_orange'>nullify</span>:void; $irvar2 = 0<span class='color_orange'>update:59</span>:void; this = @f$0<span class='color_orange'>formal</span>:org.junit.tests.junit3compatibility.SuiteMethodTest*( sub ); old_this = @f$0<span class='color_orange'>formal</span>:org.junit.tests.junit3compatibility.SuiteMethodTest*( sub )
        [footprint
           #GB<>$org.junit.tests.junit3compatibility.SuiteMethodTest = {wasRun:@f$1<span class='color_orange'>rearrange:57</span>}<span class='color_orange'>rearrange:57</span>:org.junit.tests.junit3compatibility.SuiteMethodTest( sub ); this = @f$0<span class='color_orange'>formal</span>:org.junit.tests.junit3compatibility.SuiteMethodTest*( sub )  ]</span>
        [SUB: 
          n$5 = 0; _t$58 = 0]
        |-
        <span class='color_blue'></span>
    imply_pi: adding missing atom _t$58 != 0
    Result of Abduction
      SUB:
        n$5 = 0
      <span class='color_blue'>MEMna &lt; new[]:58 &gt; <span class='color_orange'>{vpath: }</span>(n$41); UND &lt; Result JUnitCore.runClasses(Computer,Class[]) &gt; :53(n$42); 0 = 0 ;
      condition|callee = 0<span class='color_orange'>actual_precondition</span>:_Bool; #GB<>$org.junit.tests.junit3compatibility.SuiteMethodTest = {wasRun:0<span class='color_orange'>update:57</span>}<span class='color_orange'>rearrange:57</span>:org.junit.tests.junit3compatibility.SuiteMethodTest( sub ); $irvar0 = 0<span class='color_orange'>nullify</span>:void; return = n$40<span class='color_orange'>initial</span>:void; $irvar1 = 0<span class='color_orange'>nullify</span>:void; $irvar2 = 0<span class='color_orange'>update:59</span>:void; this = @f$0<span class='color_orange'>formal</span>:org.junit.tests.junit3compatibility.SuiteMethodTest*( sub ); old_this = @f$0<span class='color_orange'>formal</span>:org.junit.tests.junit3compatibility.SuiteMethodTest*( sub )
      [footprint
         #GB<>$org.junit.tests.junit3compatibility.SuiteMethodTest = {wasRun:@f$1<span class='color_orange'>rearrange:57</span>}<span class='color_orange'>rearrange:57</span>:org.junit.tests.junit3compatibility.SuiteMethodTest( sub ); this = @f$0<span class='color_orange'>formal</span>:org.junit.tests.junit3compatibility.SuiteMethodTest*( sub )  ]</span>
      [SUB: 
        n$5 = 0; _t$58 = 0
      _t$58 != 0]
      |-
      <span class='color_blue'>0 != 0 ;
      condition|callee = 0<span class='color_orange'>formal</span>:_Bool( sub )</span>
    returning TRUE
      New footprint:
      0 != 0
      Frame fld:
      
      Missing fld:
      
      Instantiated frame:
      &amp;#GB<>$org.junit.tests.junit3compatibility.SuiteMethodTest|->{wasRun:0<span class='color_orange'>update:57</span>}<span class='color_orange'>rearrange:57</span>:org.junit.tests.junit3compatibility.SuiteMethodTest( sub ); &amp;$irvar0|->0<span class='color_orange'>nullify</span>:void; &amp;return|->n$40<span class='color_orange'>initial</span>:void; &amp;$irvar1|->0<span class='color_orange'>nullify</span>:void; &amp;$irvar2|->0<span class='color_orange'>update:59</span>:void; &amp;this|->@f$0<span class='color_orange'>formal</span>:org.junit.tests.junit3compatibility.SuiteMethodTest*( sub ); &amp;old_this|->@f$0<span class='color_orange'>formal</span>:org.junit.tests.junit3compatibility.SuiteMethodTest*( sub )
      Instantiated post:
      PROP 1 of 1:
      <span class='color_blue'><span class='color_red'>0 != 0</span> ;
      <span class='color_red'>return|callee = _t$59<span class='color_orange'>initial</span>:void</span></span>
      
    ***** RESULTS FUNCTION CALL *******
    PROP 1 of 1:
    <span class='color_blue'><span class='color_blue'>n$5 = 0</span> ;
    <span class='color_red'>0 != 0</span>; <span class='color_blue'>MEMna &lt; new[]:58 &gt; <span class='color_orange'>{vpath: }</span>(n$41)</span>; <span class='color_blue'>UND &lt; Result JUnitCore.runClasses(Computer,Class[]) &gt; :53(n$42)</span> ;
    <span class='color_blue'>#GB<>$org.junit.tests.junit3compatibility.SuiteMethodTest = {wasRun:0<span class='color_orange'>update:57</span>}<span class='color_orange'>rearrange:57</span>:org.junit.tests.junit3compatibility.SuiteMethodTest( sub )</span>; <span class='color_blue'>$irvar0 = 0<span class='color_orange'>nullify</span>:void</span>; <span class='color_blue'>return = n$40<span class='color_orange'>initial</span>:void</span>; <span class='color_blue'>$irvar1 = 0<span class='color_orange'>nullify</span>:void</span>; <span class='color_blue'>$irvar2 = 0<span class='color_orange'>update:59</span>:void</span>; <span class='color_blue'>this = @f$0<span class='color_orange'>formal</span>:org.junit.tests.junit3compatibility.SuiteMethodTest*( sub )</span>; <span class='color_blue'>old_this = @f$0<span class='color_orange'>formal</span>:org.junit.tests.junit3compatibility.SuiteMethodTest*( sub )</span>
    [footprint
       <span class='color_red'>0 != 0</span> *
       <span class='color_blue'>#GB<>$org.junit.tests.junit3compatibility.SuiteMethodTest = {wasRun:@f$1<span class='color_orange'>rearrange:57</span>}<span class='color_orange'>rearrange:57</span>:org.junit.tests.junit3compatibility.SuiteMethodTest( sub )</span>; <span class='color_blue'>this = @f$0<span class='color_orange'>formal</span>:org.junit.tests.junit3compatibility.SuiteMethodTest*( sub )</span>  ]</span>
    ***** END RESULTS FUNCTION CALL *******
    Prover.check_inconsistency_base: inconsistency reason [Some 2]
    Prover.check_inconsistency_base: inconsistency reason [Some 2]
    Instruction Returns
    PROP 1 of 1:
    <span class='color_blue'><span class='color_blue'>n$5 = 0</span> ;
    <span class='color_red'>MEMne &lt; void Assert.assertTrue(boolean):59 &gt; <span class='color_orange'>{vpath: }</span>(_t$0)</span>; <span class='color_blue'>MEMna &lt; new[]:58 &gt; <span class='color_orange'>{vpath: }</span>(_t$1)</span>; <span class='color_blue'>UND &lt; Result JUnitCore.runClasses(Computer,Class[]) &gt; :53(_t$2)</span> ;
    <span class='color_blue'>#GB<>$org.junit.tests.junit3compatibility.SuiteMethodTest = {wasRun:0<span class='color_orange'>update:57</span>}<span class='color_orange'>rearrange:57</span>:org.junit.tests.junit3compatibility.SuiteMethodTest( sub )</span>; <span class='color_blue'>$irvar0 = 0<span class='color_orange'>nullify</span>:void</span>; <span class='color_blue'>return = <span class='color_red'>EXN _t$0<span class='color_orange'>update:59</span></span>:void</span>; <span class='color_blue'>$irvar1 = 0<span class='color_orange'>nullify</span>:void</span>; <span class='color_blue'>$irvar2 = 0<span class='color_orange'>update:59</span>:void</span>; <span class='color_blue'>this = @f$0<span class='color_orange'>formal</span>:org.junit.tests.junit3compatibility.SuiteMethodTest*( sub )</span>; <span class='color_blue'>old_this = @f$0<span class='color_orange'>formal</span>:org.junit.tests.junit3compatibility.SuiteMethodTest*( sub )</span> ;
    <span class='color_red'>_t$0|->{}<span class='color_orange'>alloc</span>:java.lang.AssertionError</span>
    [footprint
       <span class='color_blue'>#GB<>$org.junit.tests.junit3compatibility.SuiteMethodTest = {wasRun:@f$1<span class='color_orange'>rearrange:57</span>}<span class='color_orange'>rearrange:57</span>:org.junit.tests.junit3compatibility.SuiteMethodTest( sub )</span>; <span class='color_blue'>this = @f$0<span class='color_orange'>formal</span>:org.junit.tests.junit3compatibility.SuiteMethodTest*( sub )</span>  ]</span>
    
    Instruction <span class='color_green'>NULLIFY(&amp;$irvar2); [line 59]</span>
    in vpath_find exp:_t$0
    vpath_find: cannot find _t$0
    in vpath_find exp:_t$1
    vpath_find: cannot find _t$1
    Instruction Returns
    PROP 1 of 1:
    <span class='color_blue'><span class='color_blue'>n$5 = 0</span> ;
    <span class='color_blue'>MEMne &lt; void Assert.assertTrue(boolean):59 &gt; <span class='color_orange'>{vpath: }</span>(_t$0)</span>; <span class='color_blue'>MEMna &lt; new[]:58 &gt; <span class='color_orange'>{vpath: }</span>(_t$1)</span>; <span class='color_blue'>UND &lt; Result JUnitCore.runClasses(Computer,Class[]) &gt; :53(_t$2)</span> ;
    <span class='color_blue'>#GB<>$org.junit.tests.junit3compatibility.SuiteMethodTest = {wasRun:0<span class='color_orange'>update:57</span>}<span class='color_orange'>rearrange:57</span>:org.junit.tests.junit3compatibility.SuiteMethodTest( sub )</span>; <span class='color_blue'>$irvar0 = 0<span class='color_orange'>nullify</span>:void</span>; <span class='color_blue'>return = EXN _t$0<span class='color_orange'>update:59</span>:void</span>; <span class='color_blue'>$irvar1 = 0<span class='color_orange'>nullify</span>:void</span>; <span class='color_blue'>$irvar2 = 0<span class='color_orange'>nullify</span>:void</span>; <span class='color_blue'>this = @f$0<span class='color_orange'>formal</span>:org.junit.tests.junit3compatibility.SuiteMethodTest*( sub )</span>; <span class='color_blue'>old_this = @f$0<span class='color_orange'>formal</span>:org.junit.tests.junit3compatibility.SuiteMethodTest*( sub )</span> ;
    <span class='color_blue'>_t$0|->{}<span class='color_orange'>alloc</span>:java.lang.AssertionError</span>
    [footprint
       <span class='color_blue'>#GB<>$org.junit.tests.junit3compatibility.SuiteMethodTest = {wasRun:@f$1<span class='color_orange'>rearrange:57</span>}<span class='color_orange'>rearrange:57</span>:org.junit.tests.junit3compatibility.SuiteMethodTest( sub )</span>; <span class='color_blue'>this = @f$0<span class='color_orange'>formal</span>:org.junit.tests.junit3compatibility.SuiteMethodTest*( sub )</span>  ]</span>
    
    Instruction <span class='color_green'>EXIT_SCOPE(n$5,n$6,$irvar2); [line 59]</span>
    in vpath_find exp:_t$0
    vpath_find: cannot find _t$0
    in vpath_find exp:_t$1
    vpath_find: cannot find _t$1
    Instruction Returns
    PROP 1 of 1:
    <span class='color_blue'><span class='color_blue'>MEMne &lt; void Assert.assertTrue(boolean):59 &gt; <span class='color_orange'>{vpath: }</span>(_t$0)</span>; <span class='color_blue'>MEMna &lt; new[]:58 &gt; <span class='color_orange'>{vpath: }</span>(_t$1)</span>; <span class='color_blue'>UND &lt; Result JUnitCore.runClasses(Computer,Class[]) &gt; :53(_t$2)</span> ;
    <span class='color_blue'>#GB<>$org.junit.tests.junit3compatibility.SuiteMethodTest = {wasRun:0<span class='color_orange'>update:57</span>}<span class='color_orange'>rearrange:57</span>:org.junit.tests.junit3compatibility.SuiteMethodTest( sub )</span>; <span class='color_blue'>$irvar0 = 0<span class='color_orange'>nullify</span>:void</span>; <span class='color_blue'>return = EXN _t$0<span class='color_orange'>update:59</span>:void</span>; <span class='color_blue'>$irvar1 = 0<span class='color_orange'>nullify</span>:void</span>; <span class='color_blue'>$irvar2 = 0<span class='color_orange'>nullify</span>:void</span>; <span class='color_blue'>this = @f$0<span class='color_orange'>formal</span>:org.junit.tests.junit3compatibility.SuiteMethodTest*( sub )</span>; <span class='color_blue'>old_this = @f$0<span class='color_orange'>formal</span>:org.junit.tests.junit3compatibility.SuiteMethodTest*( sub )</span> ;
    <span class='color_blue'>_t$0|->{}<span class='color_orange'>alloc</span>:java.lang.AssertionError</span>
    [footprint
       <span class='color_blue'>#GB<>$org.junit.tests.junit3compatibility.SuiteMethodTest = {wasRun:@f$1<span class='color_orange'>rearrange:57</span>}<span class='color_orange'>rearrange:57</span>:org.junit.tests.junit3compatibility.SuiteMethodTest( sub )</span>; <span class='color_blue'>this = @f$0<span class='color_orange'>formal</span>:org.junit.tests.junit3compatibility.SuiteMethodTest*( sub )</span>  ]</span>
    
    .... After Symbolic Execution ....
    PROP 1 of 1:
    <span class='color_blue'><span class='color_red'>MEMne &lt; void Assert.assertTrue(boolean):59 &gt; <span class='color_orange'>{vpath: }</span>(_t$0)</span>; <span class='color_blue'>MEMna &lt; new[]:58 &gt; <span class='color_orange'>{vpath: }</span>(_t$1)</span>; <span class='color_blue'>UND &lt; Result JUnitCore.runClasses(Computer,Class[]) &gt; :53(_t$2)</span> ;
    <span class='color_blue'>#GB<>$org.junit.tests.junit3compatibility.SuiteMethodTest = {wasRun:0<span class='color_orange'>update:57</span>}<span class='color_orange'>rearrange:57</span>:org.junit.tests.junit3compatibility.SuiteMethodTest( sub )</span>; <span class='color_blue'>$irvar0 = 0<span class='color_orange'>nullify</span>:void</span>; <span class='color_blue'>return = <span class='color_red'>EXN _t$0<span class='color_orange'>update:59</span></span>:void</span>; <span class='color_blue'>$irvar1 = 0<span class='color_orange'>nullify</span>:void</span>; <span class='color_blue'>$irvar2 = 0<span class='color_orange'>nullify</span>:void</span>; <span class='color_blue'>this = @f$0<span class='color_orange'>formal</span>:org.junit.tests.junit3compatibility.SuiteMethodTest*( sub )</span>; <span class='color_blue'>old_this = @f$0<span class='color_orange'>formal</span>:org.junit.tests.junit3compatibility.SuiteMethodTest*( sub )</span> ;
    <span class='color_red'>_t$0|->{}<span class='color_orange'>alloc</span>:java.lang.AssertionError</span>
    [footprint
       <span class='color_blue'>#GB<>$org.junit.tests.junit3compatibility.SuiteMethodTest = {wasRun:@f$1<span class='color_orange'>rearrange:57</span>}<span class='color_orange'>rearrange:57</span>:org.junit.tests.junit3compatibility.SuiteMethodTest( sub )</span>; <span class='color_blue'>this = @f$0<span class='color_orange'>formal</span>:org.junit.tests.junit3compatibility.SuiteMethodTest*( sub )</span>  ]</span>
    
    
    
  </LISTING>
<hr width="100%">
<a name="session52" href="./../nodes/org.junit.tests.junit3compatibility.SuiteMethodTest.makeSureSuiteWorksWithJUnit4Classes%28%29%3Avoid.8491281ee70a0d2dc824d3ef4f207971_node9.html#session52">node9#session52</a>(<a href="./../../SuiteMethodTest.java.d8ff8fe5558f5f0da04d9e05c7a3307e.html#LINE59">59</a>) biabduction
<LISTING class='color_black'>**** [RE:Pending] void SuiteMethodTest.makeSureSuiteWorksWithJUnit4Classes() Node: 9, Procedure: void SuiteMethodTest.makeSureSuiteWorksWithJUnit4Classes(), Todo: 1 ****
  PROP 1 of 1:
  <span class='color_blue'><span class='color_red'>MEMna &lt; new[]:58 &gt; <span class='color_orange'>{vpath: }</span>(_t$1)</span>; <span class='color_red'>UND &lt; Result JUnitCore.runClasses(Computer,Class[]) &gt; :53(_t$2)</span> ;
  <span class='color_red'>#GB<>$org.junit.tests.junit3compatibility.SuiteMethodTest = {wasRun:0<span class='color_orange'>update:57</span>}<span class='color_orange'>formal</span>:org.junit.tests.junit3compatibility.SuiteMethodTest( sub )</span>; <span class='color_red'>old_org.junit.tests.junit3compatibility.SuiteMethodTest = {wasRun:val$2<span class='color_orange'>formal</span>}<span class='color_orange'>formal</span>:org.junit.tests.junit3compatibility.SuiteMethodTest( sub )</span>; <span class='color_red'>$irvar0 = 0<span class='color_orange'>nullify</span>:void</span>; <span class='color_red'>return = _t$0<span class='color_orange'>initial</span>:void</span>; <span class='color_red'>$irvar1 = 0<span class='color_orange'>nullify</span>:void</span>; <span class='color_red'>$irvar2 = 0<span class='color_orange'>update:59</span>:void</span>; <span class='color_red'>this = val$1<span class='color_orange'>formal</span>:org.junit.tests.junit3compatibility.SuiteMethodTest*( sub )</span>; <span class='color_red'>old_this = val$1<span class='color_orange'>formal</span>:org.junit.tests.junit3compatibility.SuiteMethodTest*( sub )</span></span>
  .... Instructions: ....
  <span class='color_green'>n$5=*&amp;$irvar2:_Bool [line 59];
  n$6=_fun_void Assert.assertTrue(boolean)(n$5:_Bool) [line 59];
  NULLIFY(&amp;$irvar2); [line 59];
  EXIT_SCOPE(n$5,n$6,$irvar2); [line 59];
  </span>
  
  Processing prop 1/1
    Instruction <span class='color_green'>n$5=*&amp;$irvar2:_Bool [line 59]</span>
    in vpath_find exp:n$38
    vpath_find: cannot find n$38
    .... Rearrangement Start ....
    Exp: &amp;$irvar2
    Prop:
    <span class='color_blue'>MEMna &lt; new[]:58 &gt; <span class='color_orange'>{vpath: }</span>(n$38); UND &lt; Result JUnitCore.runClasses(Computer,Class[]) &gt; :53(n$39) ;
    #GB<>$org.junit.tests.junit3compatibility.SuiteMethodTest = {wasRun:0<span class='color_orange'>update:57</span>}<span class='color_orange'>formal</span>:org.junit.tests.junit3compatibility.SuiteMethodTest( sub ); old_org.junit.tests.junit3compatibility.SuiteMethodTest = {wasRun:val$2<span class='color_orange'>formal</span>}<span class='color_orange'>formal</span>:org.junit.tests.junit3compatibility.SuiteMethodTest( sub ); $irvar0 = 0<span class='color_orange'>nullify</span>:void; return = n$37<span class='color_orange'>initial</span>:void; $irvar1 = 0<span class='color_orange'>nullify</span>:void; $irvar2 = 0<span class='color_orange'>update:59</span>:void; this = val$1<span class='color_orange'>formal</span>:org.junit.tests.junit3compatibility.SuiteMethodTest*( sub ); old_this = val$1<span class='color_orange'>formal</span>:org.junit.tests.junit3compatibility.SuiteMethodTest*( sub )</span>
    
    Prover.check_inconsistency_base: inconsistency reason [None]
    Prover.check_inconsistency_base: inconsistency reason [None]
    Instruction Returns
    PROP 1 of 1:
    <span class='color_blue'><span class='color_red'>n$5 = 0</span> ;
    <span class='color_blue'>MEMna &lt; new[]:58 &gt; <span class='color_orange'>{vpath: }</span>(_t$1)</span>; <span class='color_blue'>UND &lt; Result JUnitCore.runClasses(Computer,Class[]) &gt; :53(_t$2)</span> ;
    <span class='color_blue'>#GB<>$org.junit.tests.junit3compatibility.SuiteMethodTest = {wasRun:0<span class='color_orange'>update:57</span>}<span class='color_orange'>formal</span>:org.junit.tests.junit3compatibility.SuiteMethodTest( sub )</span>; <span class='color_blue'>old_org.junit.tests.junit3compatibility.SuiteMethodTest = {wasRun:val$2<span class='color_orange'>formal</span>}<span class='color_orange'>formal</span>:org.junit.tests.junit3compatibility.SuiteMethodTest( sub )</span>; <span class='color_blue'>$irvar0 = 0<span class='color_orange'>nullify</span>:void</span>; <span class='color_blue'>return = _t$0<span class='color_orange'>initial</span>:void</span>; <span class='color_blue'>$irvar1 = 0<span class='color_orange'>nullify</span>:void</span>; <span class='color_blue'>$irvar2 = 0<span class='color_orange'>update:59</span>:void</span>; <span class='color_blue'>this = val$1<span class='color_orange'>formal</span>:org.junit.tests.junit3compatibility.SuiteMethodTest*( sub )</span>; <span class='color_blue'>old_this = val$1<span class='color_orange'>formal</span>:org.junit.tests.junit3compatibility.SuiteMethodTest*( sub )</span></span>
    
    Instruction <span class='color_green'>n$6=_fun_void Assert.assertTrue(boolean)(n$5:_Bool) [line 59]</span>
    in vpath_find exp:n$41
    vpath_find: cannot find n$41
    Found 2 specs for function org.junit.Assert.assertTrue(boolean):void
    START EXECUTING SPECS FOR org.junit.Assert.assertTrue(boolean):void from state
    <span class='color_blue'>n$5 = 0 ;
    MEMna &lt; new[]:58 &gt; <span class='color_orange'>{vpath: }</span>(n$41); UND &lt; Result JUnitCore.runClasses(Computer,Class[]) &gt; :53(n$42) ;
    #GB<>$org.junit.tests.junit3compatibility.SuiteMethodTest = {wasRun:0<span class='color_orange'>update:57</span>}<span class='color_orange'>formal</span>:org.junit.tests.junit3compatibility.SuiteMethodTest( sub ); old_org.junit.tests.junit3compatibility.SuiteMethodTest = {wasRun:val$2<span class='color_orange'>formal</span>}<span class='color_orange'>formal</span>:org.junit.tests.junit3compatibility.SuiteMethodTest( sub ); $irvar0 = 0<span class='color_orange'>nullify</span>:void; return = n$40<span class='color_orange'>initial</span>:void; $irvar1 = 0<span class='color_orange'>nullify</span>:void; $irvar2 = 0<span class='color_orange'>update:59</span>:void; this = val$1<span class='color_orange'>formal</span>:org.junit.tests.junit3compatibility.SuiteMethodTest*( sub ); old_this = val$1<span class='color_orange'>formal</span>:org.junit.tests.junit3compatibility.SuiteMethodTest*( sub )</span>
    EXECUTING SPEC 1/2
    ACTUAL PRECONDITION =
      <span class='color_blue'>n$5 = 0 ;
      MEMna &lt; new[]:58 &gt; <span class='color_orange'>{vpath: }</span>(n$41); UND &lt; Result JUnitCore.runClasses(Computer,Class[]) &gt; :53(n$42) ;
      condition|callee = 0<span class='color_orange'>actual_precondition</span>:_Bool; #GB<>$org.junit.tests.junit3compatibility.SuiteMethodTest = {wasRun:0<span class='color_orange'>update:57</span>}<span class='color_orange'>formal</span>:org.junit.tests.junit3compatibility.SuiteMethodTest( sub ); old_org.junit.tests.junit3compatibility.SuiteMethodTest = {wasRun:val$2<span class='color_orange'>formal</span>}<span class='color_orange'>formal</span>:org.junit.tests.junit3compatibility.SuiteMethodTest( sub ); $irvar0 = 0<span class='color_orange'>nullify</span>:void; return = n$40<span class='color_orange'>initial</span>:void; $irvar1 = 0<span class='color_orange'>nullify</span>:void; $irvar2 = 0<span class='color_orange'>update:59</span>:void; this = val$1<span class='color_orange'>formal</span>:org.junit.tests.junit3compatibility.SuiteMethodTest*( sub ); old_this = val$1<span class='color_orange'>formal</span>:org.junit.tests.junit3compatibility.SuiteMethodTest*( sub )</span>
    SPEC =
      --------------------------- ---------- ---------------------------
      PRE:
      <span class='color_blue'><span class='color_blue'>condition|callee = 0<span class='color_orange'>formal</span>:_Bool( sub )</span></span>
      POST 1 of 1:
      <span class='color_blue'><span class='color_red'>MEMne &lt; void Assert.assertTrue(String,boolean):53 &gt; <span class='color_orange'>{vpath: }</span>(_t$57)</span> ;
      <span class='color_red'>return|callee = EXN _t$57<span class='color_orange'>update:53</span>:void</span> ;
      <span class='color_red'>_t$57|->{}<span class='color_orange'>alloc</span>:java.lang.AssertionError</span></span>
      ----------------------------------------------------------------
    pre_check_pure_implication
    pi1:
      n$5 = 0; MEMna &lt; new[]:58 &gt; <span class='color_orange'>{vpath: }</span>(n$41); UND &lt; Result JUnitCore.runClasses(Computer,Class[]) &gt; :53(n$42)
    pi2:
      
    returns
    sub1:
      n$5 = 0
    sub2:
      n$5 = 0
    Current Implication
    SUB:
      n$5 = 0
    <span class='color_blue'>MEMna &lt; new[]:58 &gt; <span class='color_orange'>{vpath: }</span>(n$41); UND &lt; Result JUnitCore.runClasses(Computer,Class[]) &gt; :53(n$42); 0 = 0 ;
    condition|callee = 0<span class='color_orange'>actual_precondition</span>:_Bool; #GB<>$org.junit.tests.junit3compatibility.SuiteMethodTest = {wasRun:0<span class='color_orange'>update:57</span>}<span class='color_orange'>formal</span>:org.junit.tests.junit3compatibility.SuiteMethodTest( sub ); old_org.junit.tests.junit3compatibility.SuiteMethodTest = {wasRun:val$2<span class='color_orange'>formal</span>}<span class='color_orange'>formal</span>:org.junit.tests.junit3compatibility.SuiteMethodTest( sub ); $irvar0 = 0<span class='color_orange'>nullify</span>:void; return = n$40<span class='color_orange'>initial</span>:void; $irvar1 = 0<span class='color_orange'>nullify</span>:void; $irvar2 = 0<span class='color_orange'>update:59</span>:void; this = val$1<span class='color_orange'>formal</span>:org.junit.tests.junit3compatibility.SuiteMethodTest*( sub ); old_this = val$1<span class='color_orange'>formal</span>:org.junit.tests.junit3compatibility.SuiteMethodTest*( sub )</span>
    [SUB: 
      n$5 = 0]
    |-
    <span class='color_blue'>condition|callee = 0<span class='color_orange'>formal</span>:_Bool( sub )</span>
    
      do_imply 0 0
        Final Implication
        SUB:
          n$5 = 0
        <span class='color_blue'>MEMna &lt; new[]:58 &gt; <span class='color_orange'>{vpath: }</span>(n$41); UND &lt; Result JUnitCore.runClasses(Computer,Class[]) &gt; :53(n$42); 0 = 0 ;
        #GB<>$org.junit.tests.junit3compatibility.SuiteMethodTest = {wasRun:0<span class='color_orange'>update:57</span>}<span class='color_orange'>formal</span>:org.junit.tests.junit3compatibility.SuiteMethodTest( sub ); old_org.junit.tests.junit3compatibility.SuiteMethodTest = {wasRun:val$2<span class='color_orange'>formal</span>}<span class='color_orange'>formal</span>:org.junit.tests.junit3compatibility.SuiteMethodTest( sub ); $irvar0 = 0<span class='color_orange'>nullify</span>:void; return = n$40<span class='color_orange'>initial</span>:void; $irvar1 = 0<span class='color_orange'>nullify</span>:void; $irvar2 = 0<span class='color_orange'>update:59</span>:void; this = val$1<span class='color_orange'>formal</span>:org.junit.tests.junit3compatibility.SuiteMethodTest*( sub ); old_this = val$1<span class='color_orange'>formal</span>:org.junit.tests.junit3compatibility.SuiteMethodTest*( sub )</span>
        [SUB: 
          n$5 = 0]
        |-
        <span class='color_blue'></span>
    Result of Abduction
      SUB:
        n$5 = 0
      <span class='color_blue'>MEMna &lt; new[]:58 &gt; <span class='color_orange'>{vpath: }</span>(n$41); UND &lt; Result JUnitCore.runClasses(Computer,Class[]) &gt; :53(n$42); 0 = 0 ;
      condition|callee = 0<span class='color_orange'>actual_precondition</span>:_Bool; #GB<>$org.junit.tests.junit3compatibility.SuiteMethodTest = {wasRun:0<span class='color_orange'>update:57</span>}<span class='color_orange'>formal</span>:org.junit.tests.junit3compatibility.SuiteMethodTest( sub ); old_org.junit.tests.junit3compatibility.SuiteMethodTest = {wasRun:val$2<span class='color_orange'>formal</span>}<span class='color_orange'>formal</span>:org.junit.tests.junit3compatibility.SuiteMethodTest( sub ); $irvar0 = 0<span class='color_orange'>nullify</span>:void; return = n$40<span class='color_orange'>initial</span>:void; $irvar1 = 0<span class='color_orange'>nullify</span>:void; $irvar2 = 0<span class='color_orange'>update:59</span>:void; this = val$1<span class='color_orange'>formal</span>:org.junit.tests.junit3compatibility.SuiteMethodTest*( sub ); old_this = val$1<span class='color_orange'>formal</span>:org.junit.tests.junit3compatibility.SuiteMethodTest*( sub )</span>
      [SUB: 
        n$5 = 0]
      |-
      <span class='color_blue'>condition|callee = 0<span class='color_orange'>formal</span>:_Bool( sub )</span>
    returning TRUE
    in vpath_find exp:_t$57
    vpath_find: cannot find _t$57
      New footprint:
      
      Frame fld:
      
      Missing fld:
      
      Instantiated frame:
      &amp;#GB<>$org.junit.tests.junit3compatibility.SuiteMethodTest|->{wasRun:0<span class='color_orange'>update:57</span>}<span class='color_orange'>formal</span>:org.junit.tests.junit3compatibility.SuiteMethodTest( sub ); &amp;old_org.junit.tests.junit3compatibility.SuiteMethodTest|->{wasRun:val$2<span class='color_orange'>formal</span>}<span class='color_orange'>formal</span>:org.junit.tests.junit3compatibility.SuiteMethodTest( sub ); &amp;$irvar0|->0<span class='color_orange'>nullify</span>:void; &amp;return|->n$40<span class='color_orange'>initial</span>:void; &amp;$irvar1|->0<span class='color_orange'>nullify</span>:void; &amp;$irvar2|->0<span class='color_orange'>update:59</span>:void; &amp;this|->val$1<span class='color_orange'>formal</span>:org.junit.tests.junit3compatibility.SuiteMethodTest*( sub ); &amp;old_this|->val$1<span class='color_orange'>formal</span>:org.junit.tests.junit3compatibility.SuiteMethodTest*( sub )
      Instantiated post:
      PROP 1 of 1:
      <span class='color_blue'><span class='color_red'>MEMne &lt; void Assert.assertTrue(boolean):59 &gt; <span class='color_orange'>{vpath: }</span>(_t$57)</span> ;
      <span class='color_red'>return|callee = EXN _t$57<span class='color_orange'>update:59</span>:void</span> ;
      <span class='color_red'>_t$57|->{}<span class='color_orange'>alloc</span>:java.lang.AssertionError</span></span>
      
    ***** RESULTS FUNCTION CALL *******
    PROP 1 of 1:
    <span class='color_blue'><span class='color_blue'>n$5 = 0</span> ;
    <span class='color_red'>MEMne &lt; void Assert.assertTrue(boolean):59 &gt; <span class='color_orange'>{vpath: }</span>(_t$0)</span>; <span class='color_blue'>MEMna &lt; new[]:58 &gt; <span class='color_orange'>{vpath: }</span>(n$41)</span>; <span class='color_blue'>UND &lt; Result JUnitCore.runClasses(Computer,Class[]) &gt; :53(n$42)</span> ;
    <span class='color_blue'>#GB<>$org.junit.tests.junit3compatibility.SuiteMethodTest = {wasRun:0<span class='color_orange'>update:57</span>}<span class='color_orange'>formal</span>:org.junit.tests.junit3compatibility.SuiteMethodTest( sub )</span>; <span class='color_blue'>old_org.junit.tests.junit3compatibility.SuiteMethodTest = {wasRun:val$2<span class='color_orange'>formal</span>}<span class='color_orange'>formal</span>:org.junit.tests.junit3compatibility.SuiteMethodTest( sub )</span>; <span class='color_blue'>$irvar0 = 0<span class='color_orange'>nullify</span>:void</span>; <span class='color_blue'>return = <span class='color_red'>EXN _t$0<span class='color_orange'>update:59</span></span>:void</span>; <span class='color_blue'>$irvar1 = 0<span class='color_orange'>nullify</span>:void</span>; <span class='color_blue'>$irvar2 = 0<span class='color_orange'>update:59</span>:void</span>; <span class='color_blue'>this = val$1<span class='color_orange'>formal</span>:org.junit.tests.junit3compatibility.SuiteMethodTest*( sub )</span>; <span class='color_blue'>old_this = val$1<span class='color_orange'>formal</span>:org.junit.tests.junit3compatibility.SuiteMethodTest*( sub )</span> ;
    <span class='color_red'>_t$0|->{}<span class='color_orange'>alloc</span>:java.lang.AssertionError</span></span>
    ***** END RESULTS FUNCTION CALL *******
    Prover.check_inconsistency_base: inconsistency reason [None]
    Prover.check_inconsistency_base: inconsistency reason [None]
    Prover.check_inconsistency_base: inconsistency reason [None]
    Prover.check_inconsistency_base: inconsistency reason [None]
    EXECUTING SPEC 2/2
    ACTUAL PRECONDITION =
      <span class='color_blue'>n$5 = 0 ;
      MEMna &lt; new[]:58 &gt; <span class='color_orange'>{vpath: }</span>(n$41); UND &lt; Result JUnitCore.runClasses(Computer,Class[]) &gt; :53(n$42) ;
      condition|callee = 0<span class='color_orange'>actual_precondition</span>:_Bool; #GB<>$org.junit.tests.junit3compatibility.SuiteMethodTest = {wasRun:0<span class='color_orange'>update:57</span>}<span class='color_orange'>formal</span>:org.junit.tests.junit3compatibility.SuiteMethodTest( sub ); old_org.junit.tests.junit3compatibility.SuiteMethodTest = {wasRun:val$2<span class='color_orange'>formal</span>}<span class='color_orange'>formal</span>:org.junit.tests.junit3compatibility.SuiteMethodTest( sub ); $irvar0 = 0<span class='color_orange'>nullify</span>:void; return = n$40<span class='color_orange'>initial</span>:void; $irvar1 = 0<span class='color_orange'>nullify</span>:void; $irvar2 = 0<span class='color_orange'>update:59</span>:void; this = val$1<span class='color_orange'>formal</span>:org.junit.tests.junit3compatibility.SuiteMethodTest*( sub ); old_this = val$1<span class='color_orange'>formal</span>:org.junit.tests.junit3compatibility.SuiteMethodTest*( sub )</span>
    SPEC =
      --------------------------- ---------- ---------------------------
      PRE:
      <span class='color_blue'><span class='color_blue'>condition|callee != 0 ;
      condition|callee = _t$58<span class='color_orange'>formal</span>:_Bool( sub )</span></span>
      POST 1 of 1:
      <span class='color_blue'>condition|callee != 0 ;
      <span class='color_red'>return|callee = _t$59<span class='color_orange'>initial</span>:void</span></span>
      ----------------------------------------------------------------
    pre_check_pure_implication
    pi1:
      n$5 = 0; MEMna &lt; new[]:58 &gt; <span class='color_orange'>{vpath: }</span>(n$41); UND &lt; Result JUnitCore.runClasses(Computer,Class[]) &gt; :53(n$42)
    pi2:
      _t$58 != 0
    returns
    sub1:
      n$5 = 0
    sub2:
      n$5 = 0
    Current Implication
    SUB:
      n$5 = 0
    <span class='color_blue'>MEMna &lt; new[]:58 &gt; <span class='color_orange'>{vpath: }</span>(n$41); UND &lt; Result JUnitCore.runClasses(Computer,Class[]) &gt; :53(n$42); 0 = 0 ;
    condition|callee = 0<span class='color_orange'>actual_precondition</span>:_Bool; #GB<>$org.junit.tests.junit3compatibility.SuiteMethodTest = {wasRun:0<span class='color_orange'>update:57</span>}<span class='color_orange'>formal</span>:org.junit.tests.junit3compatibility.SuiteMethodTest( sub ); old_org.junit.tests.junit3compatibility.SuiteMethodTest = {wasRun:val$2<span class='color_orange'>formal</span>}<span class='color_orange'>formal</span>:org.junit.tests.junit3compatibility.SuiteMethodTest( sub ); $irvar0 = 0<span class='color_orange'>nullify</span>:void; return = n$40<span class='color_orange'>initial</span>:void; $irvar1 = 0<span class='color_orange'>nullify</span>:void; $irvar2 = 0<span class='color_orange'>update:59</span>:void; this = val$1<span class='color_orange'>formal</span>:org.junit.tests.junit3compatibility.SuiteMethodTest*( sub ); old_this = val$1<span class='color_orange'>formal</span>:org.junit.tests.junit3compatibility.SuiteMethodTest*( sub )</span>
    [SUB: 
      n$5 = 0]
    |-
    <span class='color_blue'>condition|callee = _t$58<span class='color_orange'>formal</span>:_Bool( sub )</span>
    
      do_imply 0 _t$58
        Final Implication
        SUB:
          n$5 = 0
        <span class='color_blue'>MEMna &lt; new[]:58 &gt; <span class='color_orange'>{vpath: }</span>(n$41); UND &lt; Result JUnitCore.runClasses(Computer,Class[]) &gt; :53(n$42); 0 = 0 ;
        #GB<>$org.junit.tests.junit3compatibility.SuiteMethodTest = {wasRun:0<span class='color_orange'>update:57</span>}<span class='color_orange'>formal</span>:org.junit.tests.junit3compatibility.SuiteMethodTest( sub ); old_org.junit.tests.junit3compatibility.SuiteMethodTest = {wasRun:val$2<span class='color_orange'>formal</span>}<span class='color_orange'>formal</span>:org.junit.tests.junit3compatibility.SuiteMethodTest( sub ); $irvar0 = 0<span class='color_orange'>nullify</span>:void; return = n$40<span class='color_orange'>initial</span>:void; $irvar1 = 0<span class='color_orange'>nullify</span>:void; $irvar2 = 0<span class='color_orange'>update:59</span>:void; this = val$1<span class='color_orange'>formal</span>:org.junit.tests.junit3compatibility.SuiteMethodTest*( sub ); old_this = val$1<span class='color_orange'>formal</span>:org.junit.tests.junit3compatibility.SuiteMethodTest*( sub )</span>
        [SUB: 
          n$5 = 0; _t$58 = 0]
        |-
        <span class='color_blue'></span>
    imply_pi: adding missing atom _t$58 != 0
    Result of Abduction
      SUB:
        n$5 = 0
      <span class='color_blue'>MEMna &lt; new[]:58 &gt; <span class='color_orange'>{vpath: }</span>(n$41); UND &lt; Result JUnitCore.runClasses(Computer,Class[]) &gt; :53(n$42); 0 = 0 ;
      condition|callee = 0<span class='color_orange'>actual_precondition</span>:_Bool; #GB<>$org.junit.tests.junit3compatibility.SuiteMethodTest = {wasRun:0<span class='color_orange'>update:57</span>}<span class='color_orange'>formal</span>:org.junit.tests.junit3compatibility.SuiteMethodTest( sub ); old_org.junit.tests.junit3compatibility.SuiteMethodTest = {wasRun:val$2<span class='color_orange'>formal</span>}<span class='color_orange'>formal</span>:org.junit.tests.junit3compatibility.SuiteMethodTest( sub ); $irvar0 = 0<span class='color_orange'>nullify</span>:void; return = n$40<span class='color_orange'>initial</span>:void; $irvar1 = 0<span class='color_orange'>nullify</span>:void; $irvar2 = 0<span class='color_orange'>update:59</span>:void; this = val$1<span class='color_orange'>formal</span>:org.junit.tests.junit3compatibility.SuiteMethodTest*( sub ); old_this = val$1<span class='color_orange'>formal</span>:org.junit.tests.junit3compatibility.SuiteMethodTest*( sub )</span>
      [SUB: 
        n$5 = 0; _t$58 = 0
      _t$58 != 0]
      |-
      <span class='color_blue'>0 != 0 ;
      condition|callee = 0<span class='color_orange'>formal</span>:_Bool( sub )</span>
    returning TRUE
      New footprint:
      0 != 0
      Frame fld:
      
      Missing fld:
      
      Instantiated frame:
      &amp;#GB<>$org.junit.tests.junit3compatibility.SuiteMethodTest|->{wasRun:0<span class='color_orange'>update:57</span>}<span class='color_orange'>formal</span>:org.junit.tests.junit3compatibility.SuiteMethodTest( sub ); &amp;old_org.junit.tests.junit3compatibility.SuiteMethodTest|->{wasRun:val$2<span class='color_orange'>formal</span>}<span class='color_orange'>formal</span>:org.junit.tests.junit3compatibility.SuiteMethodTest( sub ); &amp;$irvar0|->0<span class='color_orange'>nullify</span>:void; &amp;return|->n$40<span class='color_orange'>initial</span>:void; &amp;$irvar1|->0<span class='color_orange'>nullify</span>:void; &amp;$irvar2|->0<span class='color_orange'>update:59</span>:void; &amp;this|->val$1<span class='color_orange'>formal</span>:org.junit.tests.junit3compatibility.SuiteMethodTest*( sub ); &amp;old_this|->val$1<span class='color_orange'>formal</span>:org.junit.tests.junit3compatibility.SuiteMethodTest*( sub )
      Instantiated post:
      PROP 1 of 1:
      <span class='color_blue'><span class='color_red'>0 != 0</span> ;
      <span class='color_red'>return|callee = _t$59<span class='color_orange'>initial</span>:void</span></span>
      
    ***** RESULTS FUNCTION CALL *******
    PROP 1 of 1:
    <span class='color_blue'><span class='color_blue'>n$5 = 0</span> ;
    <span class='color_red'>0 != 0</span>; <span class='color_blue'>MEMna &lt; new[]:58 &gt; <span class='color_orange'>{vpath: }</span>(n$41)</span>; <span class='color_blue'>UND &lt; Result JUnitCore.runClasses(Computer,Class[]) &gt; :53(n$42)</span> ;
    <span class='color_blue'>#GB<>$org.junit.tests.junit3compatibility.SuiteMethodTest = {wasRun:0<span class='color_orange'>update:57</span>}<span class='color_orange'>formal</span>:org.junit.tests.junit3compatibility.SuiteMethodTest( sub )</span>; <span class='color_blue'>old_org.junit.tests.junit3compatibility.SuiteMethodTest = {wasRun:val$2<span class='color_orange'>formal</span>}<span class='color_orange'>formal</span>:org.junit.tests.junit3compatibility.SuiteMethodTest( sub )</span>; <span class='color_blue'>$irvar0 = 0<span class='color_orange'>nullify</span>:void</span>; <span class='color_blue'>return = n$40<span class='color_orange'>initial</span>:void</span>; <span class='color_blue'>$irvar1 = 0<span class='color_orange'>nullify</span>:void</span>; <span class='color_blue'>$irvar2 = 0<span class='color_orange'>update:59</span>:void</span>; <span class='color_blue'>this = val$1<span class='color_orange'>formal</span>:org.junit.tests.junit3compatibility.SuiteMethodTest*( sub )</span>; <span class='color_blue'>old_this = val$1<span class='color_orange'>formal</span>:org.junit.tests.junit3compatibility.SuiteMethodTest*( sub )</span></span>
    ***** END RESULTS FUNCTION CALL *******
    Prover.check_inconsistency_base: inconsistency reason [Some 2]
    Prover.check_inconsistency_base: inconsistency reason [Some 2]
    Instruction Returns
    PROP 1 of 1:
    <span class='color_blue'><span class='color_blue'>n$5 = 0</span> ;
    <span class='color_red'>MEMne &lt; void Assert.assertTrue(boolean):59 &gt; <span class='color_orange'>{vpath: }</span>(_t$0)</span>; <span class='color_blue'>MEMna &lt; new[]:58 &gt; <span class='color_orange'>{vpath: }</span>(_t$1)</span>; <span class='color_blue'>UND &lt; Result JUnitCore.runClasses(Computer,Class[]) &gt; :53(_t$2)</span> ;
    <span class='color_blue'>#GB<>$org.junit.tests.junit3compatibility.SuiteMethodTest = {wasRun:0<span class='color_orange'>update:57</span>}<span class='color_orange'>formal</span>:org.junit.tests.junit3compatibility.SuiteMethodTest( sub )</span>; <span class='color_blue'>old_org.junit.tests.junit3compatibility.SuiteMethodTest = {wasRun:val$2<span class='color_orange'>formal</span>}<span class='color_orange'>formal</span>:org.junit.tests.junit3compatibility.SuiteMethodTest( sub )</span>; <span class='color_blue'>$irvar0 = 0<span class='color_orange'>nullify</span>:void</span>; <span class='color_blue'>return = <span class='color_red'>EXN _t$0<span class='color_orange'>update:59</span></span>:void</span>; <span class='color_blue'>$irvar1 = 0<span class='color_orange'>nullify</span>:void</span>; <span class='color_blue'>$irvar2 = 0<span class='color_orange'>update:59</span>:void</span>; <span class='color_blue'>this = val$1<span class='color_orange'>formal</span>:org.junit.tests.junit3compatibility.SuiteMethodTest*( sub )</span>; <span class='color_blue'>old_this = val$1<span class='color_orange'>formal</span>:org.junit.tests.junit3compatibility.SuiteMethodTest*( sub )</span> ;
    <span class='color_red'>_t$0|->{}<span class='color_orange'>alloc</span>:java.lang.AssertionError</span></span>
    
    Instruction <span class='color_green'>NULLIFY(&amp;$irvar2); [line 59]</span>
    in vpath_find exp:_t$0
    vpath_find: cannot find _t$0
    in vpath_find exp:_t$1
    vpath_find: cannot find _t$1
    Instruction Returns
    PROP 1 of 1:
    <span class='color_blue'><span class='color_blue'>n$5 = 0</span> ;
    <span class='color_blue'>MEMne &lt; void Assert.assertTrue(boolean):59 &gt; <span class='color_orange'>{vpath: }</span>(_t$0)</span>; <span class='color_blue'>MEMna &lt; new[]:58 &gt; <span class='color_orange'>{vpath: }</span>(_t$1)</span>; <span class='color_blue'>UND &lt; Result JUnitCore.runClasses(Computer,Class[]) &gt; :53(_t$2)</span> ;
    <span class='color_blue'>#GB<>$org.junit.tests.junit3compatibility.SuiteMethodTest = {wasRun:0<span class='color_orange'>update:57</span>}<span class='color_orange'>formal</span>:org.junit.tests.junit3compatibility.SuiteMethodTest( sub )</span>; <span class='color_blue'>old_org.junit.tests.junit3compatibility.SuiteMethodTest = {wasRun:val$2<span class='color_orange'>formal</span>}<span class='color_orange'>formal</span>:org.junit.tests.junit3compatibility.SuiteMethodTest( sub )</span>; <span class='color_blue'>$irvar0 = 0<span class='color_orange'>nullify</span>:void</span>; <span class='color_blue'>return = EXN _t$0<span class='color_orange'>update:59</span>:void</span>; <span class='color_blue'>$irvar1 = 0<span class='color_orange'>nullify</span>:void</span>; <span class='color_blue'>$irvar2 = 0<span class='color_orange'>nullify</span>:void</span>; <span class='color_blue'>this = val$1<span class='color_orange'>formal</span>:org.junit.tests.junit3compatibility.SuiteMethodTest*( sub )</span>; <span class='color_blue'>old_this = val$1<span class='color_orange'>formal</span>:org.junit.tests.junit3compatibility.SuiteMethodTest*( sub )</span> ;
    <span class='color_blue'>_t$0|->{}<span class='color_orange'>alloc</span>:java.lang.AssertionError</span></span>
    
    Instruction <span class='color_green'>EXIT_SCOPE(n$5,n$6,$irvar2); [line 59]</span>
    in vpath_find exp:_t$0
    vpath_find: cannot find _t$0
    in vpath_find exp:_t$1
    vpath_find: cannot find _t$1
    Instruction Returns
    PROP 1 of 1:
    <span class='color_blue'><span class='color_blue'>MEMne &lt; void Assert.assertTrue(boolean):59 &gt; <span class='color_orange'>{vpath: }</span>(_t$0)</span>; <span class='color_blue'>MEMna &lt; new[]:58 &gt; <span class='color_orange'>{vpath: }</span>(_t$1)</span>; <span class='color_blue'>UND &lt; Result JUnitCore.runClasses(Computer,Class[]) &gt; :53(_t$2)</span> ;
    <span class='color_blue'>#GB<>$org.junit.tests.junit3compatibility.SuiteMethodTest = {wasRun:0<span class='color_orange'>update:57</span>}<span class='color_orange'>formal</span>:org.junit.tests.junit3compatibility.SuiteMethodTest( sub )</span>; <span class='color_blue'>old_org.junit.tests.junit3compatibility.SuiteMethodTest = {wasRun:val$2<span class='color_orange'>formal</span>}<span class='color_orange'>formal</span>:org.junit.tests.junit3compatibility.SuiteMethodTest( sub )</span>; <span class='color_blue'>$irvar0 = 0<span class='color_orange'>nullify</span>:void</span>; <span class='color_blue'>return = EXN _t$0<span class='color_orange'>update:59</span>:void</span>; <span class='color_blue'>$irvar1 = 0<span class='color_orange'>nullify</span>:void</span>; <span class='color_blue'>$irvar2 = 0<span class='color_orange'>nullify</span>:void</span>; <span class='color_blue'>this = val$1<span class='color_orange'>formal</span>:org.junit.tests.junit3compatibility.SuiteMethodTest*( sub )</span>; <span class='color_blue'>old_this = val$1<span class='color_orange'>formal</span>:org.junit.tests.junit3compatibility.SuiteMethodTest*( sub )</span> ;
    <span class='color_blue'>_t$0|->{}<span class='color_orange'>alloc</span>:java.lang.AssertionError</span></span>
    
    .... After Symbolic Execution ....
    PROP 1 of 1:
    <span class='color_blue'><span class='color_red'>MEMne &lt; void Assert.assertTrue(boolean):59 &gt; <span class='color_orange'>{vpath: }</span>(_t$0)</span>; <span class='color_blue'>MEMna &lt; new[]:58 &gt; <span class='color_orange'>{vpath: }</span>(_t$1)</span>; <span class='color_blue'>UND &lt; Result JUnitCore.runClasses(Computer,Class[]) &gt; :53(_t$2)</span> ;
    <span class='color_blue'>#GB<>$org.junit.tests.junit3compatibility.SuiteMethodTest = {wasRun:0<span class='color_orange'>update:57</span>}<span class='color_orange'>formal</span>:org.junit.tests.junit3compatibility.SuiteMethodTest( sub )</span>; <span class='color_blue'>old_org.junit.tests.junit3compatibility.SuiteMethodTest = {wasRun:val$2<span class='color_orange'>formal</span>}<span class='color_orange'>formal</span>:org.junit.tests.junit3compatibility.SuiteMethodTest( sub )</span>; <span class='color_blue'>$irvar0 = 0<span class='color_orange'>nullify</span>:void</span>; <span class='color_blue'>return = <span class='color_red'>EXN _t$0<span class='color_orange'>update:59</span></span>:void</span>; <span class='color_blue'>$irvar1 = 0<span class='color_orange'>nullify</span>:void</span>; <span class='color_blue'>$irvar2 = 0<span class='color_orange'>nullify</span>:void</span>; <span class='color_blue'>this = val$1<span class='color_orange'>formal</span>:org.junit.tests.junit3compatibility.SuiteMethodTest*( sub )</span>; <span class='color_blue'>old_this = val$1<span class='color_orange'>formal</span>:org.junit.tests.junit3compatibility.SuiteMethodTest*( sub )</span> ;
    <span class='color_red'>_t$0|->{}<span class='color_orange'>alloc</span>:java.lang.AssertionError</span></span>
    
    
    
  </LISTING>