<!DOCTYPE HTML PUBLIC "-//W3C//DTD HTML 4.01 Transitional//EN">
<html>
<head>
<title>org.junit.tests.experimental.theories.internal.ParameterizedAssertionErrorTest.<clinit>():void.26445afa01c33618c03e420a4e31b0d3</title>
<meta http-equiv="Content-Type" content="text/html; charset=utf-8">
<style type="text/css">
body { background-color:#fff; color:#000; font-family:Helvetica, sans-serif; font-size:10pt }
h1 { font-size:14pt }
.code { border-collapse:collapse; width:100%; font-family: "Andale Mono", monospace; font-size:10pt; line-height: 1.2em }
.color_black { color: black }
.color_blue { color: blue }
.color_green { color: green }
.color_orange { color: orange }
.color_red { color: red }
.line { border-left: 3px solid #ccc; padding-left: 1ex; white-space: pre; }
.msg { background-color:#fff8b4; color:#000; float:left; font-family:Helvetica, sans-serif; font-size: smaller; font-weight: bold; margin-bottom:10px; margin-top:10px; max-width:60em; padding:0.5em 1ex 0.5em 1ex; -webkit-border-radius:5px; -webkit-box-shadow:1px 1px 7px #000; white-space: pre-wrap; word-wrap: break-word; }
.num { background-color:#eee; color:#444; font-size: smaller; padding-right:2ex; text-align:right; width:2.5em; }
.dangling { background-color:white; color: gray; }
.visited { background-color:LemonChiffon; color: darkmagenta; }
.tooltip { display: none; background-color:#FFF0F0; border: 2px solid #F00; font-weight: normal; left:10em; padding: 2px; position: absolute; top: -1em; -webkit-border-radius:5px; -webkit-box-shadow:1px 1px 7px #000; z-index: 1}
.with_tooltip { position: relative; }
.with_tooltip:hover .tooltip, .visited:hover .tooltip { display: block; }
</style>
</head>
<body>
<center><h1>Procedure <a href="./../ParameterizedAssertionErrorTest.java.cdb2860bac90291201e150a2c95f6e60.html#LINE23">void ParameterizedAssertionErrorTest.&lt;clinit&gt;()</a></h1></center>
<a href="./nodes/org.junit.tests.experimental.theories.internal.ParameterizedAssertionErrorTest.<clinit>%28%29%3Avoid.26445afa01c33618c03e420a4e31b0d3_node1.html"><span class='visited with_tooltip'>S_1<span class='tooltip'>node1 preds: succs:4 exn:2 Start
</span></span></a> <a href="./nodes/org.junit.tests.experimental.theories.internal.ParameterizedAssertionErrorTest.<clinit>%28%29%3Avoid.26445afa01c33618c03e420a4e31b0d3_node2.html"><span class='visited with_tooltip'>E_2<span class='tooltip'>node2 preds:17 3 succs: exn: Exit
</span></span></a> <a href="./nodes/org.junit.tests.experimental.theories.internal.ParameterizedAssertionErrorTest.<clinit>%28%29%3Avoid.26445afa01c33618c03e420a4e31b0d3_node3.html"><span class='visited with_tooltip'>I_3<span class='tooltip'>node3 preds: succs:2 exn:2 Instructions
NULLIFY(&amp;$irvar3); [line 37];
NULLIFY(&amp;$irvar5); [line 37];
NULLIFY(&amp;$irvar4); [line 37];
NULLIFY(&amp;$irvar7); [line 37];
NULLIFY(&amp;$irvar6); [line 37];
NULLIFY(&amp;$irvar0); [line 37];
NULLIFY(&amp;$irvar1); [line 37];
NULLIFY(&amp;$irvar2); [line 37];
EXIT_SCOPE($irvar3,$irvar5,$irvar4,$irvar7,$irvar6,$irvar0,$irvar1,$irvar2); [line 37];
APPLY_ABSTRACTION; [line 37];
</span></span></a> <a href="./nodes/org.junit.tests.experimental.theories.internal.ParameterizedAssertionErrorTest.<clinit>%28%29%3Avoid.26445afa01c33618c03e420a4e31b0d3_node4.html"><span class='visited with_tooltip'>I_4<span class='tooltip'>node4 preds:1 succs:5 exn:3 Instructions
n$0=_fun___new(sizeof(t=java.lang.NullPointerException):java.lang.NullPointerException*) [line 23];
n$1=_fun_NullPointerException.&lt;init&gt;()(n$0:java.lang.NullPointerException*) [line 23];
*&amp;$irvar0:java.lang.NullPointerException*=n$0 [line 23];
EXIT_SCOPE(n$0,n$1); [line 23];
</span></span></a> <a href="./nodes/org.junit.tests.experimental.theories.internal.ParameterizedAssertionErrorTest.<clinit>%28%29%3Avoid.26445afa01c33618c03e420a4e31b0d3_node5.html"><span class='visited with_tooltip'>I_5<span class='tooltip'>node5 preds:4 succs:6 exn:3 Instructions
n$2=*&amp;$irvar0:java.lang.NullPointerException* [line 23];
*&amp;#GB<>$org.junit.tests.experimental.theories.internal.ParameterizedAssertionErrorTest.NULL_POINTER_EXCEPTION:org.junit.tests.experimental.theories.internal.ParameterizedAssertionErrorTest(root org.junit.tests.experimental.theories.internal.ParameterizedAssertionErrorTest)=n$2 [line 23];
NULLIFY(&amp;$irvar0); [line 23];
EXIT_SCOPE(n$2,$irvar0); [line 23];
</span></span></a> <a href="./nodes/org.junit.tests.experimental.theories.internal.ParameterizedAssertionErrorTest.<clinit>%28%29%3Avoid.26445afa01c33618c03e420a4e31b0d3_node6.html"><span class='visited with_tooltip'>I_6<span class='tooltip'>node6 preds:5 succs:7 exn:3 Instructions
n$3=_fun___new_array(sizeof(t=java.lang.Object*[_*_];len=[0]):java.lang.Object*[_*_](*)) [line 26];
*&amp;$irvar1:java.lang.Object*[_*_](*)=n$3 [line 26];
EXIT_SCOPE(n$3); [line 26];
</span></span></a> <a href="./nodes/org.junit.tests.experimental.theories.internal.ParameterizedAssertionErrorTest.<clinit>%28%29%3Avoid.26445afa01c33618c03e420a4e31b0d3_node7.html"><span class='visited with_tooltip'>I_7<span class='tooltip'>node7 preds:6 succs:8 exn:3 Instructions
n$4=*&amp;$irvar1:java.lang.Object*[_*_](*) [line 26];
*&amp;#GB<>$org.junit.tests.experimental.theories.internal.ParameterizedAssertionErrorTest.NO_OBJECTS:org.junit.tests.experimental.theories.internal.ParameterizedAssertionErrorTest(root org.junit.tests.experimental.theories.internal.ParameterizedAssertionErrorTest)=n$4 [line 26];
NULLIFY(&amp;$irvar1); [line 26];
EXIT_SCOPE(n$4,$irvar1); [line 26];
</span></span></a> <a href="./nodes/org.junit.tests.experimental.theories.internal.ParameterizedAssertionErrorTest.<clinit>%28%29%3Avoid.26445afa01c33618c03e420a4e31b0d3_node8.html"><span class='visited with_tooltip'>I_8<span class='tooltip'>node8 preds:7 succs:9 exn:3 Instructions
n$5=_fun___new_array(sizeof(t=java.lang.Object*[_*_];len=[0]):java.lang.Object*[_*_](*)) [line 29];
*&amp;$irvar2:java.lang.Object*[_*_](*)=n$5 [line 29];
EXIT_SCOPE(n$5); [line 29];
</span></span></a> <a href="./nodes/org.junit.tests.experimental.theories.internal.ParameterizedAssertionErrorTest.<clinit>%28%29%3Avoid.26445afa01c33618c03e420a4e31b0d3_node9.html"><span class='visited with_tooltip'>I_9<span class='tooltip'>node9 preds:8 succs:10 exn:3 Instructions
n$6=_fun___new(sizeof(t=org.junit.experimental.theories.internal.ParameterizedAssertionError):org.junit.experimental.theories.internal.ParameterizedAssertionError*) [line 29];
n$7=*&amp;#GB<>$org.junit.tests.experimental.theories.internal.ParameterizedAssertionErrorTest.NULL_POINTER_EXCEPTION:java.lang.NullPointerException*(root org.junit.tests.experimental.theories.internal.ParameterizedAssertionErrorTest) [line 29];
n$8=*&amp;$irvar2:java.lang.Object*[_*_](*) [line 29];
n$9=_fun_ParameterizedAssertionError.&lt;init&gt;(Throwable,String,Object[])(n$6:org.junit.experimental.theories.internal.ParameterizedAssertionError*,n$7:java.lang.NullPointerException*,"methodName":java.lang.Object*,n$8:java.lang.Object*[_*_](*)) [line 29];
*&amp;$irvar3:org.junit.experimental.theories.internal.ParameterizedAssertionError*=n$6 [line 29];
NULLIFY(&amp;$irvar2); [line 29];
EXIT_SCOPE(n$6,n$7,n$8,n$9,$irvar2); [line 29];
</span></span></a> <a href="./nodes/org.junit.tests.experimental.theories.internal.ParameterizedAssertionErrorTest.<clinit>%28%29%3Avoid.26445afa01c33618c03e420a4e31b0d3_node10.html"><span class='visited with_tooltip'>I_10<span class='tooltip'>node10 preds:9 succs:11 exn:3 Instructions
n$10=*&amp;$irvar3:org.junit.experimental.theories.internal.ParameterizedAssertionError* [line 29];
*&amp;#GB<>$org.junit.tests.experimental.theories.internal.ParameterizedAssertionErrorTest.A:org.junit.tests.experimental.theories.internal.ParameterizedAssertionErrorTest(root org.junit.tests.experimental.theories.internal.ParameterizedAssertionErrorTest)=n$10 [line 29];
NULLIFY(&amp;$irvar3); [line 29];
EXIT_SCOPE(n$10,$irvar3); [line 29];
</span></span></a> <a href="./nodes/org.junit.tests.experimental.theories.internal.ParameterizedAssertionErrorTest.<clinit>%28%29%3Avoid.26445afa01c33618c03e420a4e31b0d3_node11.html"><span class='visited with_tooltip'>I_11<span class='tooltip'>node11 preds:10 succs:12 exn:3 Instructions
n$11=_fun___new_array(sizeof(t=java.lang.Object*[_*_];len=[0]):java.lang.Object*[_*_](*)) [line 33];
*&amp;$irvar4:java.lang.Object*[_*_](*)=n$11 [line 33];
EXIT_SCOPE(n$11); [line 33];
</span></span></a> <a href="./nodes/org.junit.tests.experimental.theories.internal.ParameterizedAssertionErrorTest.<clinit>%28%29%3Avoid.26445afa01c33618c03e420a4e31b0d3_node12.html"><span class='visited with_tooltip'>I_12<span class='tooltip'>node12 preds:11 succs:13 exn:3 Instructions
n$12=_fun___new(sizeof(t=org.junit.experimental.theories.internal.ParameterizedAssertionError):org.junit.experimental.theories.internal.ParameterizedAssertionError*) [line 33];
n$13=*&amp;#GB<>$org.junit.tests.experimental.theories.internal.ParameterizedAssertionErrorTest.NULL_POINTER_EXCEPTION:java.lang.NullPointerException*(root org.junit.tests.experimental.theories.internal.ParameterizedAssertionErrorTest) [line 33];
n$14=*&amp;$irvar4:java.lang.Object*[_*_](*) [line 33];
n$15=_fun_ParameterizedAssertionError.&lt;init&gt;(Throwable,String,Object[])(n$12:org.junit.experimental.theories.internal.ParameterizedAssertionError*,n$13:java.lang.NullPointerException*,"methodName":java.lang.Object*,n$14:java.lang.Object*[_*_](*)) [line 33];
*&amp;$irvar5:org.junit.experimental.theories.internal.ParameterizedAssertionError*=n$12 [line 33];
NULLIFY(&amp;$irvar4); [line 33];
EXIT_SCOPE(n$12,n$13,n$14,n$15,$irvar4); [line 33];
</span></span></a> <a href="./nodes/org.junit.tests.experimental.theories.internal.ParameterizedAssertionErrorTest.<clinit>%28%29%3Avoid.26445afa01c33618c03e420a4e31b0d3_node13.html"><span class='visited with_tooltip'>I_13<span class='tooltip'>node13 preds:12 succs:14 exn:3 Instructions
n$16=*&amp;$irvar5:org.junit.experimental.theories.internal.ParameterizedAssertionError* [line 33];
*&amp;#GB<>$org.junit.tests.experimental.theories.internal.ParameterizedAssertionErrorTest.B:org.junit.tests.experimental.theories.internal.ParameterizedAssertionErrorTest(root org.junit.tests.experimental.theories.internal.ParameterizedAssertionErrorTest)=n$16 [line 33];
NULLIFY(&amp;$irvar5); [line 33];
EXIT_SCOPE(n$16,$irvar5); [line 33];
</span></span></a> <a href="./nodes/org.junit.tests.experimental.theories.internal.ParameterizedAssertionErrorTest.<clinit>%28%29%3Avoid.26445afa01c33618c03e420a4e31b0d3_node14.html"><span class='visited with_tooltip'>I_14<span class='tooltip'>node14 preds:13 succs:15 exn:3 Instructions
n$17=_fun___new_array(sizeof(t=java.lang.Object*[_*_];len=[0]):java.lang.Object*[_*_](*)) [line 37];
*&amp;$irvar6:java.lang.Object*[_*_](*)=n$17 [line 37];
EXIT_SCOPE(n$17); [line 37];
</span></span></a> <a href="./nodes/org.junit.tests.experimental.theories.internal.ParameterizedAssertionErrorTest.<clinit>%28%29%3Avoid.26445afa01c33618c03e420a4e31b0d3_node15.html"><span class='visited with_tooltip'>I_15<span class='tooltip'>node15 preds:14 succs:16 exn:3 Instructions
n$18=_fun___new(sizeof(t=org.junit.experimental.theories.internal.ParameterizedAssertionError):org.junit.experimental.theories.internal.ParameterizedAssertionError*) [line 37];
n$19=*&amp;#GB<>$org.junit.tests.experimental.theories.internal.ParameterizedAssertionErrorTest.NULL_POINTER_EXCEPTION:java.lang.NullPointerException*(root org.junit.tests.experimental.theories.internal.ParameterizedAssertionErrorTest) [line 37];
n$20=*&amp;$irvar6:java.lang.Object*[_*_](*) [line 37];
n$21=_fun_ParameterizedAssertionError.&lt;init&gt;(Throwable,String,Object[])(n$18:org.junit.experimental.theories.internal.ParameterizedAssertionError*,n$19:java.lang.NullPointerException*,"methodName2":java.lang.Object*,n$20:java.lang.Object*[_*_](*)) [line 37];
*&amp;$irvar7:org.junit.experimental.theories.internal.ParameterizedAssertionError*=n$18 [line 37];
NULLIFY(&amp;$irvar6); [line 37];
EXIT_SCOPE(n$18,n$19,n$20,n$21,$irvar6); [line 37];
</span></span></a> <a href="./nodes/org.junit.tests.experimental.theories.internal.ParameterizedAssertionErrorTest.<clinit>%28%29%3Avoid.26445afa01c33618c03e420a4e31b0d3_node16.html"><span class='visited with_tooltip'>I_16<span class='tooltip'>node16 preds:15 succs:17 exn:3 Instructions
n$22=*&amp;$irvar7:org.junit.experimental.theories.internal.ParameterizedAssertionError* [line 37];
*&amp;#GB<>$org.junit.tests.experimental.theories.internal.ParameterizedAssertionErrorTest.B2:org.junit.tests.experimental.theories.internal.ParameterizedAssertionErrorTest(root org.junit.tests.experimental.theories.internal.ParameterizedAssertionErrorTest)=n$22 [line 37];
NULLIFY(&amp;$irvar7); [line 37];
EXIT_SCOPE(n$22,$irvar7); [line 37];
</span></span></a> <a href="./nodes/org.junit.tests.experimental.theories.internal.ParameterizedAssertionErrorTest.<clinit>%28%29%3Avoid.26445afa01c33618c03e420a4e31b0d3_node17.html"><span class='visited with_tooltip'>I_17<span class='tooltip'>node17 preds:16 succs:2 exn:3 Instructions
APPLY_ABSTRACTION; [line 37];
</span></span></a><br />@

<span class='color_black'>void void ParameterizedAssertionErrorTest.<clinit>()()
Analyzed
</span><br />FAILURE:NONE SYMOPS:128
<br />

<hr width="100%">
LIKE DURING FOOTPRINT

<hr width="100%">
INFO DURING FOOTPRINT

<hr width="100%">
ADVICE DURING FOOTPRINT

<hr width="100%">
WARNING DURING FOOTPRINT

<hr width="100%">
ERROR DURING FOOTPRINT

<hr width="100%">
<LISTING>
Biabduction: phase= RE_EXECUTION
--------------------------- 1 of 1 [nvisited:23 26 29 33 37] ---------------------------
PRE:
<span class='color_blue'><span class='color_blue'>#GB<>$org.junit.tests.experimental.theories.internal.ParameterizedAssertionErrorTest = {A:val$1<span class='color_orange'>rearrange:29</span>, B:val$2<span class='color_orange'>rearrange:33</span>, B2:val$3<span class='color_orange'>rearrange:37</span>, NO_OBJECTS:val$4<span class='color_orange'>rearrange:26</span>, NULL_POINTER_EXCEPTION:val$5<span class='color_orange'>rearrange:23</span>}<span class='color_orange'>rearrange:23</span>:org.junit.tests.experimental.theories.internal.ParameterizedAssertionErrorTest( sub )</span></span>
POST 1 of 1:
<span class='color_blue'><span class='color_red'>MEMne &lt; new:23 &gt; <span class='color_orange'>{vpath: }</span>(val$10)</span>; <span class='color_red'>MEMne &lt; new:37 &gt; <span class='color_orange'>{vpath: }</span>(val$8)</span>; <span class='color_red'>MEMne &lt; new:33 &gt; <span class='color_orange'>{vpath: }</span>(val$7)</span>; <span class='color_red'>MEMne &lt; new:29 &gt; <span class='color_orange'>{vpath: }</span>(val$6)</span>; <span class='color_red'>MEMna &lt; new[]:26 &gt; <span class='color_orange'>{vpath: }</span>(val$9)</span> ;
<span class='color_red'>return = val$11<span class='color_orange'>initial</span>:void</span>; <span class='color_blue'>#GB<>$org.junit.tests.experimental.theories.internal.ParameterizedAssertionErrorTest = {A:<span class='color_red'>val$6<span class='color_orange'>update:29</span></span>, B:<span class='color_red'>val$7<span class='color_orange'>update:33</span></span>, B2:<span class='color_red'>val$8<span class='color_orange'>update:37</span></span>, NO_OBJECTS:<span class='color_red'>val$9<span class='color_orange'>update:26</span></span>, NULL_POINTER_EXCEPTION:<span class='color_red'>val$10<span class='color_orange'>update:23</span></span>}<span class='color_orange'>formal</span>:org.junit.tests.experimental.theories.internal.ParameterizedAssertionErrorTest( sub )</span> ;
<span class='color_red'>val$10|->{}<span class='color_orange'>alloc</span>:java.lang.NullPointerException</span>; <span class='color_red'>val$9|->[0|]<span class='color_orange'>alloc</span>:java.lang.Object*[_*_][0]</span>; <span class='color_red'>val$8|->{}<span class='color_orange'>formal(z)</span>:org.junit.experimental.theories.internal.ParameterizedAssertionError</span>; <span class='color_red'>val$7|->{}<span class='color_orange'>formal(z)</span>:org.junit.experimental.theories.internal.ParameterizedAssertionError</span>; <span class='color_red'>val$6|->{}<span class='color_orange'>formal(z)</span>:org.junit.experimental.theories.internal.ParameterizedAssertionError</span></span>
----------------------------------------------------------------<br>

RacerD: 
Threads: NoThread, Locks: 0 
Accesses { {elem= Access: Read of internal.ParameterizedAssertionErrorTest.NULL_POINTER_EXCEPTION Thread: NoThread Lock: false Pre: Unowned;
            loc= line 29; trace= { }},
           {elem= Access: Write to internal.ParameterizedAssertionErrorTest.A Thread: NoThread Lock: false Pre: Unowned;
            loc= line 29; trace= { }},
           {elem= Access: Write to internal.ParameterizedAssertionErrorTest.B Thread: NoThread Lock: false Pre: Unowned;
            loc= line 33; trace= { }},
           {elem= Access: Write to internal.ParameterizedAssertionErrorTest.B2 Thread: NoThread Lock: false Pre: Unowned;
            loc= line 37; trace= { }},
           {elem= Access: Write to internal.ParameterizedAssertionErrorTest.NO_OBJECTS Thread: NoThread Lock: false Pre: Unowned;
            loc= line 26; trace= { }},
           {elem= Access: Write to internal.ParameterizedAssertionErrorTest.NULL_POINTER_EXCEPTION Thread: NoThread Lock: false Pre: Unowned;
            loc= line 23; trace= { }} } 
Ownership: Unowned 
Return Attribute: Nothing 
Attributes: { } 

Starvation: {thread= UnknownThread; return_attributes= Nothing;
             critical_pairs={ };
             scheduled_work= { };
             attributes= { }}
</LISTING>
<hr />
<pre>
{ proc_name= void ParameterizedAssertionErrorTest.<clinit>()
; translation_unit= src/test/java/org/junit/tests/experimental/theories/internal/ParameterizedAssertionErrorTest.java
; formals= []
; is_defined= true
; loc= src/test/java/org/junit/tests/experimental/theories/internal/ParameterizedAssertionErrorTest.java:23
; locals= [{ name= $irvar7; typ= void; modify_in_block= false; is_declared_unused= false }; 
           { name= $irvar6; typ= void; modify_in_block= false; is_declared_unused= false }; 
           { name= $irvar5; typ= void; modify_in_block= false; is_declared_unused= false }; 
           { name= $irvar4; typ= void; modify_in_block= false; is_declared_unused= false }; 
           { name= $irvar3; typ= void; modify_in_block= false; is_declared_unused= false }; 
           { name= $irvar2; typ= void; modify_in_block= false; is_declared_unused= false }; 
           { name= $irvar1; typ= void; modify_in_block= false; is_declared_unused= false }; 
           { name= $irvar0; typ= void; modify_in_block= false; is_declared_unused= false }]
; ret_type= void 
; proc_id= org.junit.tests.experimental.theories.internal.ParameterizedAssertionErrorTest.<clinit>():void }</pre>
</body>
</html>
