<!DOCTYPE HTML PUBLIC "-//W3C//DTD HTML 4.01 Transitional//EN">
<html>
<head>
<title>org.junit.tests.running.methods.TestMethodTest.dontValidateShadowedMethods():void.245d1fc67867889e0f8a6d93858929ac_node3</title>
<meta http-equiv="Content-Type" content="text/html; charset=utf-8">
<style type="text/css">
body { background-color:#fff; color:#000; font-family:Helvetica, sans-serif; font-size:10pt }
h1 { font-size:14pt }
.code { border-collapse:collapse; width:100%; font-family: "Andale Mono", monospace; font-size:10pt; line-height: 1.2em }
.color_black { color: black }
.color_blue { color: blue }
.color_green { color: green }
.color_orange { color: orange }
.color_red { color: red }
.line { border-left: 3px solid #ccc; padding-left: 1ex; white-space: pre; }
.msg { background-color:#fff8b4; color:#000; float:left; font-family:Helvetica, sans-serif; font-size: smaller; font-weight: bold; margin-bottom:10px; margin-top:10px; max-width:60em; padding:0.5em 1ex 0.5em 1ex; -webkit-border-radius:5px; -webkit-box-shadow:1px 1px 7px #000; white-space: pre-wrap; word-wrap: break-word; }
.num { background-color:#eee; color:#444; font-size: smaller; padding-right:2ex; text-align:right; width:2.5em; }
.dangling { background-color:white; color: gray; }
.visited { background-color:LemonChiffon; color: darkmagenta; }
.tooltip { display: none; background-color:#FFF0F0; border: 2px solid #F00; font-weight: normal; left:10em; padding: 2px; position: absolute; top: -1em; -webkit-border-radius:5px; -webkit-box-shadow:1px 1px 7px #000; z-index: 1}
.with_tooltip { position: relative; }
.with_tooltip:hover .tooltip, .visited:hover .tooltip { display: block; }
</style>
</head>
<body>
<center><h1>Cfg Node <a href="./../../TestMethodTest.java.cd3cd8b636ee5ff567d7c528578264cd.html#LINE171">3</a></h1></center>PROC: <a href="./../org.junit.tests.running.methods.TestMethodTest.dontValidateShadowedMethods%28%29%3Avoid.245d1fc67867889e0f8a6d93858929ac.html">void TestMethodTest.dontValidateShadowedMethods()</a> LINE: <a href="./../../TestMethodTest.java.cd3cd8b636ee5ff567d7c528578264cd.html#LINE171">171</a>
<br>PREDS:
<br>SUCCS:
<a href="./../nodes/org.junit.tests.running.methods.TestMethodTest.dontValidateShadowedMethods%28%29%3Avoid.245d1fc67867889e0f8a6d93858929ac_node2.html"><span class='visited with_tooltip'>N_2<span class='tooltip'>node2 preds:7 3 succs: exn: </span></span></a><br>EXN:
<a href="./../nodes/org.junit.tests.running.methods.TestMethodTest.dontValidateShadowedMethods%28%29%3Avoid.245d1fc67867889e0f8a6d93858929ac_node2.html"><span class='visited with_tooltip'>N_2<span class='tooltip'>node2 preds:7 3 succs: exn: </span></span></a><br>
<LISTING class='color_green'></LISTING>
<hr width="100%">
<a name="session2" href="./../nodes/org.junit.tests.running.methods.TestMethodTest.dontValidateShadowedMethods%28%29%3Avoid.245d1fc67867889e0f8a6d93858929ac_node3.html#session2">node3#session2</a>(<a href="./../../TestMethodTest.java.cd3cd8b636ee5ff567d7c528578264cd.html#LINE171">171</a>) [compute pre] liveness 3
<LISTING class='color_black'></LISTING>
<hr width="100%">
<a name="session3" href="./../nodes/org.junit.tests.running.methods.TestMethodTest.dontValidateShadowedMethods%28%29%3Avoid.245d1fc67867889e0f8a6d93858929ac_node3.html#session3">node3#session3</a>(<a href="./../../TestMethodTest.java.cd3cd8b636ee5ff567d7c528578264cd.html#LINE171">171</a>) [exec] liveness 3
<LISTING class='color_black'>PRE STATE:
normal:{ }, exn:{ }

INSTR=  SKIP; 

STATE UNCHANGED

</LISTING>
<hr width="100%">
<a name="session23" href="./../nodes/org.junit.tests.running.methods.TestMethodTest.dontValidateShadowedMethods%28%29%3Avoid.245d1fc67867889e0f8a6d93858929ac_node3.html#session23">node3#session23</a>(<a href="./../../TestMethodTest.java.cd3cd8b636ee5ff567d7c528578264cd.html#LINE171">171</a>) [compute pre] nullify
<LISTING class='color_black'>JOIN

LEFT:   (normal:{ problems }, exn:{ },
normal:{ n$0, n$1, this }, exn:{ })
RIGHT:  (normal:{ $irvar0 }, exn:{ },
normal:{ _, n$2, n$4, problems }, exn:{ })
RESULT: (normal:{ problems, $irvar0 }, exn:{ },
normal:{ _, n$0, n$1, n$2, n$4, problems, this }, exn:{ })

JOIN

LEFT:   (normal:{ problems, $irvar0 }, exn:{ },
normal:{ _, n$0, n$1, n$2, n$4, problems, this }, exn:{ })
RIGHT:  (normal:{ }, exn:{ },
normal:{ n$5, n$6, $irvar0 }, exn:{ })
RESULT: (normal:{ problems, $irvar0 }, exn:{ },
normal:{ _, n$0, n$1, n$2, n$4, n$5, n$6, problems, $irvar0, this }, exn:{ })

JOIN

LEFT:   (normal:{ problems, $irvar0 }, exn:{ },
normal:{ _, n$0, n$1, n$2, n$4, n$5, n$6, problems, $irvar0, this }, exn:{ })
RIGHT:  (normal:{ }, exn:{ },
normal:{ }, exn:{ })
RESULT: (normal:{ problems, $irvar0 }, exn:{ },
normal:{ _, n$0, n$1, n$2, n$4, n$5, n$6, problems, $irvar0, this }, exn:{ })

</LISTING>
<hr width="100%">
<a name="session24" href="./../nodes/org.junit.tests.running.methods.TestMethodTest.dontValidateShadowedMethods%28%29%3Avoid.245d1fc67867889e0f8a6d93858929ac_node3.html#session24">node3#session24</a>(<a href="./../../TestMethodTest.java.cd3cd8b636ee5ff567d7c528578264cd.html#LINE171">171</a>) [exec] nullify
<LISTING class='color_black'>PRE STATE:
(normal:{ problems, $irvar0 }, exn:{ },
normal:{ _, n$0, n$1, n$2, n$4, n$5, n$6, problems, $irvar0, this }, exn:{ })

INSTR=  SKIP; 

STATE:
(normal:{ }, exn:{ },normal:{ problems, $irvar0 }, exn:{ })

</LISTING>
<hr width="100%">
<a name="session54" href="./../nodes/org.junit.tests.running.methods.TestMethodTest.dontValidateShadowedMethods%28%29%3Avoid.245d1fc67867889e0f8a6d93858929ac_node3.html#session54">node3#session54</a>(<a href="./../../TestMethodTest.java.cd3cd8b636ee5ff567d7c528578264cd.html#LINE171">171</a>) [exec] devirtualizer
<LISTING class='color_black'></LISTING>
<hr width="100%">
<a name="session55" href="./../nodes/org.junit.tests.running.methods.TestMethodTest.dontValidateShadowedMethods%28%29%3Avoid.245d1fc67867889e0f8a6d93858929ac_node3.html#session55">node3#session55</a>(<a href="./../../TestMethodTest.java.cd3cd8b636ee5ff567d7c528578264cd.html#LINE171">171</a>) [exec] devirtualizer
<LISTING class='color_black'></LISTING>
<hr width="100%">
<a name="session56" href="./../nodes/org.junit.tests.running.methods.TestMethodTest.dontValidateShadowedMethods%28%29%3Avoid.245d1fc67867889e0f8a6d93858929ac_node3.html#session56">node3#session56</a>(<a href="./../../TestMethodTest.java.cd3cd8b636ee5ff567d7c528578264cd.html#LINE171">171</a>) [exec] devirtualizer
<LISTING class='color_black'></LISTING>
<hr width="100%">
<a name="session57" href="./../nodes/org.junit.tests.running.methods.TestMethodTest.dontValidateShadowedMethods%28%29%3Avoid.245d1fc67867889e0f8a6d93858929ac_node3.html#session57">node3#session57</a>(<a href="./../../TestMethodTest.java.cd3cd8b636ee5ff567d7c528578264cd.html#LINE171">171</a>) [exec] devirtualizer
<LISTING class='color_black'></LISTING>
<hr width="100%">
<a name="session28" href="./../nodes/org.junit.tests.running.methods.TestMethodTest.dontValidateShadowedMethods%28%29%3Avoid.245d1fc67867889e0f8a6d93858929ac_node3.html#session28">node3#session28</a>(<a href="./../../TestMethodTest.java.cd3cd8b636ee5ff567d7c528578264cd.html#LINE171">171</a>) biabduction
<LISTING class='color_black'>**** [FP:Pending] void TestMethodTest.dontValidateShadowedMethods() Node: 3, Procedure: void TestMethodTest.dontValidateShadowedMethods(), Todo: 3 ****
  PROP 1 of 3:
  <span class='color_blue'><span class='color_red'>(-1  &lt;  @f$1)</span>; <span class='color_red'>@f$1 != 1</span>; <span class='color_red'>null != org.junit.tests.running.methods.TestMethodTest$SubShadows</span>; <span class='color_red'>MEMne &lt; void Assert.assertTrue(boolean):170 &gt; <span class='color_orange'>{vpath: }</span>(_t$0)</span>; <span class='color_red'>UND &lt; List Collections.emptyList() &gt; :179(_t$1)</span>; <span class='color_red'>RET &lt; boolean List.isEmpty() &gt; (0)</span> ;
  <span class='color_red'>problems = 0<span class='color_orange'>nullify</span>:java.util.List*</span>; <span class='color_red'>$irvar0 = 0<span class='color_orange'>nullify</span>:void</span>; <span class='color_red'>return = EXN _t$0<span class='color_orange'>update:170</span>:void</span>; <span class='color_red'>this = 0<span class='color_orange'>nullify</span>:org.junit.tests.running.methods.TestMethodTest*( sub )</span>; <span class='color_red'>old_this = @f$0<span class='color_orange'>formal</span>:org.junit.tests.running.methods.TestMethodTest*( sub )</span> ;
  <span class='color_red'>_t$0|->{}<span class='color_orange'>alloc</span>:java.lang.AssertionError</span>
  [footprint
     <span class='color_red'>(-1  &lt;  @f$1)</span>; <span class='color_red'>@f$1 != 1</span>; <span class='color_red'>null != org.junit.tests.running.methods.TestMethodTest$SubShadows</span> *
     <span class='color_red'>this = @f$0<span class='color_orange'>formal</span>:org.junit.tests.running.methods.TestMethodTest*( sub )</span>  ]</span>
  PROP 2 of 3:
  <span class='color_blue'><span class='color_red'>(@f$1  &lt;=  -1)</span>; <span class='color_red'>null != org.junit.tests.running.methods.TestMethodTest$SubShadows</span>; <span class='color_red'>MEMne &lt; void Assert.assertTrue(boolean):170 &gt; <span class='color_orange'>{vpath: }</span>(_t$0)</span>; <span class='color_red'>UND &lt; List Collections.emptyList() &gt; :179(_t$1)</span>; <span class='color_red'>RET &lt; boolean List.isEmpty() &gt; (0)</span> ;
  <span class='color_red'>problems = 0<span class='color_orange'>nullify</span>:java.util.List*</span>; <span class='color_red'>$irvar0 = 0<span class='color_orange'>nullify</span>:void</span>; <span class='color_red'>return = EXN _t$0<span class='color_orange'>update:170</span>:void</span>; <span class='color_red'>this = 0<span class='color_orange'>nullify</span>:org.junit.tests.running.methods.TestMethodTest*( sub )</span>; <span class='color_red'>old_this = @f$0<span class='color_orange'>formal</span>:org.junit.tests.running.methods.TestMethodTest*( sub )</span> ;
  <span class='color_red'>_t$0|->{}<span class='color_orange'>alloc</span>:java.lang.AssertionError</span>
  [footprint
     <span class='color_red'>(@f$1  &lt;=  -1)</span>; <span class='color_red'>null != org.junit.tests.running.methods.TestMethodTest$SubShadows</span> *
     <span class='color_red'>this = @f$0<span class='color_orange'>formal</span>:org.junit.tests.running.methods.TestMethodTest*( sub )</span>  ]</span>
  PROP 3 of 3:
  <span class='color_blue'><span class='color_red'>_t$0 != 0</span>; <span class='color_red'>null != org.junit.tests.running.methods.TestMethodTest$SubShadows</span>; <span class='color_red'>MEMne &lt; List TestMethodTest.validateAllMethods(Class):169 &gt; <span class='color_orange'>{vpath: }</span>(_t$0)</span> ;
  <span class='color_red'>problems = _t$1<span class='color_orange'>initial</span>:java.util.List*</span>; <span class='color_red'>$irvar0 = _t$2<span class='color_orange'>initial</span>:void</span>; <span class='color_red'>return = EXN _t$0<span class='color_orange'>update:169</span>:void</span>; <span class='color_red'>this = 0<span class='color_orange'>nullify</span>:org.junit.tests.running.methods.TestMethodTest*( sub )</span>; <span class='color_red'>old_this = @f$0<span class='color_orange'>formal</span>:org.junit.tests.running.methods.TestMethodTest*( sub )</span> ;
  <span class='color_red'>_t$0|->{}<span class='color_orange'>alloc</span>:java.lang.IllegalArgumentException</span>
  [footprint
     <span class='color_red'>null != org.junit.tests.running.methods.TestMethodTest$SubShadows</span> *
     <span class='color_red'>this = @f$0<span class='color_orange'>formal</span>:org.junit.tests.running.methods.TestMethodTest*( sub )</span>  ]</span>
  .... Instructions: ....
  <span class='color_green'>NULLIFY(&amp;problems); [line 171];
  NULLIFY(&amp;$irvar0); [line 171];
  EXIT_SCOPE(problems,$irvar0); [line 171];
  APPLY_ABSTRACTION; [line 171];
  </span>
  
  Processing prop 1/3
    Instruction <span class='color_green'>NULLIFY(&amp;problems); [line 171]</span>
    in vpath_find exp:_t$0
    vpath_find: cannot find _t$0
    Instruction Returns
    PROP 1 of 1:
    <span class='color_blue'><span class='color_blue'>(-1  &lt;  @f$1)</span>; <span class='color_blue'>@f$1 != 1</span>; <span class='color_blue'>null != org.junit.tests.running.methods.TestMethodTest$SubShadows</span>; <span class='color_blue'>MEMne &lt; void Assert.assertTrue(boolean):170 &gt; <span class='color_orange'>{vpath: }</span>(_t$0)</span>; <span class='color_blue'>UND &lt; List Collections.emptyList() &gt; :179(_t$1)</span>; <span class='color_blue'>RET &lt; boolean List.isEmpty() &gt; (0)</span> ;
    <span class='color_blue'>problems = 0<span class='color_orange'>nullify</span>:java.util.List*</span>; <span class='color_blue'>$irvar0 = 0<span class='color_orange'>nullify</span>:void</span>; <span class='color_blue'>return = EXN _t$0<span class='color_orange'>update:170</span>:void</span>; <span class='color_blue'>this = 0<span class='color_orange'>nullify</span>:org.junit.tests.running.methods.TestMethodTest*( sub )</span>; <span class='color_blue'>old_this = @f$0<span class='color_orange'>formal</span>:org.junit.tests.running.methods.TestMethodTest*( sub )</span> ;
    <span class='color_blue'>_t$0|->{}<span class='color_orange'>alloc</span>:java.lang.AssertionError</span>
    [footprint
       <span class='color_blue'>(-1  &lt;  @f$1)</span>; <span class='color_blue'>@f$1 != 1</span>; <span class='color_blue'>null != org.junit.tests.running.methods.TestMethodTest$SubShadows</span> *
       <span class='color_blue'>this = @f$0<span class='color_orange'>formal</span>:org.junit.tests.running.methods.TestMethodTest*( sub )</span>  ]</span>
    
    Instruction <span class='color_green'>NULLIFY(&amp;$irvar0); [line 171]</span>
    in vpath_find exp:_t$0
    vpath_find: cannot find _t$0
    Instruction Returns
    PROP 1 of 1:
    <span class='color_blue'><span class='color_blue'>(-1  &lt;  @f$1)</span>; <span class='color_blue'>@f$1 != 1</span>; <span class='color_blue'>null != org.junit.tests.running.methods.TestMethodTest$SubShadows</span>; <span class='color_blue'>MEMne &lt; void Assert.assertTrue(boolean):170 &gt; <span class='color_orange'>{vpath: }</span>(_t$0)</span>; <span class='color_blue'>UND &lt; List Collections.emptyList() &gt; :179(_t$1)</span>; <span class='color_blue'>RET &lt; boolean List.isEmpty() &gt; (0)</span> ;
    <span class='color_blue'>problems = 0<span class='color_orange'>nullify</span>:java.util.List*</span>; <span class='color_blue'>$irvar0 = 0<span class='color_orange'>nullify</span>:void</span>; <span class='color_blue'>return = EXN _t$0<span class='color_orange'>update:170</span>:void</span>; <span class='color_blue'>this = 0<span class='color_orange'>nullify</span>:org.junit.tests.running.methods.TestMethodTest*( sub )</span>; <span class='color_blue'>old_this = @f$0<span class='color_orange'>formal</span>:org.junit.tests.running.methods.TestMethodTest*( sub )</span> ;
    <span class='color_blue'>_t$0|->{}<span class='color_orange'>alloc</span>:java.lang.AssertionError</span>
    [footprint
       <span class='color_blue'>(-1  &lt;  @f$1)</span>; <span class='color_blue'>@f$1 != 1</span>; <span class='color_blue'>null != org.junit.tests.running.methods.TestMethodTest$SubShadows</span> *
       <span class='color_blue'>this = @f$0<span class='color_orange'>formal</span>:org.junit.tests.running.methods.TestMethodTest*( sub )</span>  ]</span>
    
    Instruction <span class='color_green'>EXIT_SCOPE(problems,$irvar0); [line 171]</span>
    in vpath_find exp:_t$0
    vpath_find: cannot find _t$0
    Instruction Returns
    PROP 1 of 1:
    <span class='color_blue'><span class='color_blue'>(-1  &lt;  @f$1)</span>; <span class='color_blue'>@f$1 != 1</span>; <span class='color_blue'>null != org.junit.tests.running.methods.TestMethodTest$SubShadows</span>; <span class='color_blue'>MEMne &lt; void Assert.assertTrue(boolean):170 &gt; <span class='color_orange'>{vpath: }</span>(_t$0)</span>; <span class='color_blue'>UND &lt; List Collections.emptyList() &gt; :179(_t$1)</span>; <span class='color_blue'>RET &lt; boolean List.isEmpty() &gt; (0)</span> ;
    <span class='color_blue'>problems = 0<span class='color_orange'>nullify</span>:java.util.List*</span>; <span class='color_blue'>$irvar0 = 0<span class='color_orange'>nullify</span>:void</span>; <span class='color_blue'>return = EXN _t$0<span class='color_orange'>update:170</span>:void</span>; <span class='color_blue'>this = 0<span class='color_orange'>nullify</span>:org.junit.tests.running.methods.TestMethodTest*( sub )</span>; <span class='color_blue'>old_this = @f$0<span class='color_orange'>formal</span>:org.junit.tests.running.methods.TestMethodTest*( sub )</span> ;
    <span class='color_blue'>_t$0|->{}<span class='color_orange'>alloc</span>:java.lang.AssertionError</span>
    [footprint
       <span class='color_blue'>(-1  &lt;  @f$1)</span>; <span class='color_blue'>@f$1 != 1</span>; <span class='color_blue'>null != org.junit.tests.running.methods.TestMethodTest$SubShadows</span> *
       <span class='color_blue'>this = @f$0<span class='color_orange'>formal</span>:org.junit.tests.running.methods.TestMethodTest*( sub )</span>  ]</span>
    
    Instruction <span class='color_green'>APPLY_ABSTRACTION; [line 171]</span>
    in vpath_find exp:_t$0
    vpath_find: cannot find _t$0
    Prover.check_inconsistency_base: inconsistency reason [None]
    Prover.check_inconsistency_base: inconsistency reason [None]
    <span class='color_blue'>MEMne &lt; void Assert.assertTrue(boolean):170 &gt; <span class='color_orange'>{vpath: }</span>(_t$0) ;
    problems = 0<span class='color_orange'>nullify</span>:java.util.List*; $irvar0 = 0<span class='color_orange'>nullify</span>:void; return = EXN _t$0<span class='color_orange'>update:170</span>:void; this = 0<span class='color_orange'>nullify</span>:org.junit.tests.running.methods.TestMethodTest*( sub ); old_this = @f$0<span class='color_orange'>formal</span>:org.junit.tests.running.methods.TestMethodTest*( sub ) ;
    _t$0|->{}<span class='color_orange'>alloc</span>:java.lang.AssertionError
    [footprint
       this = @f$0<span class='color_orange'>formal</span>:org.junit.tests.running.methods.TestMethodTest*( sub )  ]</span>
    Instruction Returns
    PROP 1 of 1:
    <span class='color_blue'><span class='color_blue'>MEMne &lt; void Assert.assertTrue(boolean):170 &gt; <span class='color_orange'>{vpath: }</span>(_t$0)</span> ;
    <span class='color_blue'>problems = 0<span class='color_orange'>nullify</span>:java.util.List*</span>; <span class='color_blue'>$irvar0 = 0<span class='color_orange'>nullify</span>:void</span>; <span class='color_blue'>return = EXN _t$0<span class='color_orange'>update:170</span>:void</span>; <span class='color_blue'>this = 0<span class='color_orange'>nullify</span>:org.junit.tests.running.methods.TestMethodTest*( sub )</span>; <span class='color_blue'>old_this = @f$0<span class='color_orange'>formal</span>:org.junit.tests.running.methods.TestMethodTest*( sub )</span> ;
    <span class='color_blue'>_t$0|->{}<span class='color_orange'>alloc</span>:java.lang.AssertionError</span>
    [footprint
       <span class='color_blue'>this = @f$0<span class='color_orange'>formal</span>:org.junit.tests.running.methods.TestMethodTest*( sub )</span>  ]</span>
    
    .... After Symbolic Execution ....
    PROP 1 of 1:
    <span class='color_blue'><span class='color_blue'>MEMne &lt; void Assert.assertTrue(boolean):170 &gt; <span class='color_orange'>{vpath: }</span>(_t$0)</span> ;
    <span class='color_blue'>problems = 0<span class='color_orange'>nullify</span>:java.util.List*</span>; <span class='color_blue'>$irvar0 = 0<span class='color_orange'>nullify</span>:void</span>; <span class='color_blue'>return = EXN _t$0<span class='color_orange'>update:170</span>:void</span>; <span class='color_blue'>this = 0<span class='color_orange'>nullify</span>:org.junit.tests.running.methods.TestMethodTest*( sub )</span>; <span class='color_blue'>old_this = @f$0<span class='color_orange'>formal</span>:org.junit.tests.running.methods.TestMethodTest*( sub )</span> ;
    <span class='color_blue'>_t$0|->{}<span class='color_orange'>alloc</span>:java.lang.AssertionError</span>
    [footprint
       <span class='color_blue'>this = @f$0<span class='color_orange'>formal</span>:org.junit.tests.running.methods.TestMethodTest*( sub )</span>  ]</span>
    
    
    
  Processing prop 2/3
    Instruction <span class='color_green'>NULLIFY(&amp;problems); [line 171]</span>
    in vpath_find exp:_t$0
    vpath_find: cannot find _t$0
    Instruction Returns
    PROP 1 of 1:
    <span class='color_blue'><span class='color_blue'>(@f$1  &lt;=  -1)</span>; <span class='color_blue'>null != org.junit.tests.running.methods.TestMethodTest$SubShadows</span>; <span class='color_blue'>MEMne &lt; void Assert.assertTrue(boolean):170 &gt; <span class='color_orange'>{vpath: }</span>(_t$0)</span>; <span class='color_blue'>UND &lt; List Collections.emptyList() &gt; :179(_t$1)</span>; <span class='color_blue'>RET &lt; boolean List.isEmpty() &gt; (0)</span> ;
    <span class='color_blue'>problems = 0<span class='color_orange'>nullify</span>:java.util.List*</span>; <span class='color_blue'>$irvar0 = 0<span class='color_orange'>nullify</span>:void</span>; <span class='color_blue'>return = EXN _t$0<span class='color_orange'>update:170</span>:void</span>; <span class='color_blue'>this = 0<span class='color_orange'>nullify</span>:org.junit.tests.running.methods.TestMethodTest*( sub )</span>; <span class='color_blue'>old_this = @f$0<span class='color_orange'>formal</span>:org.junit.tests.running.methods.TestMethodTest*( sub )</span> ;
    <span class='color_blue'>_t$0|->{}<span class='color_orange'>alloc</span>:java.lang.AssertionError</span>
    [footprint
       <span class='color_blue'>(@f$1  &lt;=  -1)</span>; <span class='color_blue'>null != org.junit.tests.running.methods.TestMethodTest$SubShadows</span> *
       <span class='color_blue'>this = @f$0<span class='color_orange'>formal</span>:org.junit.tests.running.methods.TestMethodTest*( sub )</span>  ]</span>
    
    Instruction <span class='color_green'>NULLIFY(&amp;$irvar0); [line 171]</span>
    in vpath_find exp:_t$0
    vpath_find: cannot find _t$0
    Instruction Returns
    PROP 1 of 1:
    <span class='color_blue'><span class='color_blue'>(@f$1  &lt;=  -1)</span>; <span class='color_blue'>null != org.junit.tests.running.methods.TestMethodTest$SubShadows</span>; <span class='color_blue'>MEMne &lt; void Assert.assertTrue(boolean):170 &gt; <span class='color_orange'>{vpath: }</span>(_t$0)</span>; <span class='color_blue'>UND &lt; List Collections.emptyList() &gt; :179(_t$1)</span>; <span class='color_blue'>RET &lt; boolean List.isEmpty() &gt; (0)</span> ;
    <span class='color_blue'>problems = 0<span class='color_orange'>nullify</span>:java.util.List*</span>; <span class='color_blue'>$irvar0 = 0<span class='color_orange'>nullify</span>:void</span>; <span class='color_blue'>return = EXN _t$0<span class='color_orange'>update:170</span>:void</span>; <span class='color_blue'>this = 0<span class='color_orange'>nullify</span>:org.junit.tests.running.methods.TestMethodTest*( sub )</span>; <span class='color_blue'>old_this = @f$0<span class='color_orange'>formal</span>:org.junit.tests.running.methods.TestMethodTest*( sub )</span> ;
    <span class='color_blue'>_t$0|->{}<span class='color_orange'>alloc</span>:java.lang.AssertionError</span>
    [footprint
       <span class='color_blue'>(@f$1  &lt;=  -1)</span>; <span class='color_blue'>null != org.junit.tests.running.methods.TestMethodTest$SubShadows</span> *
       <span class='color_blue'>this = @f$0<span class='color_orange'>formal</span>:org.junit.tests.running.methods.TestMethodTest*( sub )</span>  ]</span>
    
    Instruction <span class='color_green'>EXIT_SCOPE(problems,$irvar0); [line 171]</span>
    in vpath_find exp:_t$0
    vpath_find: cannot find _t$0
    Instruction Returns
    PROP 1 of 1:
    <span class='color_blue'><span class='color_blue'>(@f$1  &lt;=  -1)</span>; <span class='color_blue'>null != org.junit.tests.running.methods.TestMethodTest$SubShadows</span>; <span class='color_blue'>MEMne &lt; void Assert.assertTrue(boolean):170 &gt; <span class='color_orange'>{vpath: }</span>(_t$0)</span>; <span class='color_blue'>UND &lt; List Collections.emptyList() &gt; :179(_t$1)</span>; <span class='color_blue'>RET &lt; boolean List.isEmpty() &gt; (0)</span> ;
    <span class='color_blue'>problems = 0<span class='color_orange'>nullify</span>:java.util.List*</span>; <span class='color_blue'>$irvar0 = 0<span class='color_orange'>nullify</span>:void</span>; <span class='color_blue'>return = EXN _t$0<span class='color_orange'>update:170</span>:void</span>; <span class='color_blue'>this = 0<span class='color_orange'>nullify</span>:org.junit.tests.running.methods.TestMethodTest*( sub )</span>; <span class='color_blue'>old_this = @f$0<span class='color_orange'>formal</span>:org.junit.tests.running.methods.TestMethodTest*( sub )</span> ;
    <span class='color_blue'>_t$0|->{}<span class='color_orange'>alloc</span>:java.lang.AssertionError</span>
    [footprint
       <span class='color_blue'>(@f$1  &lt;=  -1)</span>; <span class='color_blue'>null != org.junit.tests.running.methods.TestMethodTest$SubShadows</span> *
       <span class='color_blue'>this = @f$0<span class='color_orange'>formal</span>:org.junit.tests.running.methods.TestMethodTest*( sub )</span>  ]</span>
    
    Instruction <span class='color_green'>APPLY_ABSTRACTION; [line 171]</span>
    in vpath_find exp:_t$0
    vpath_find: cannot find _t$0
    Prover.check_inconsistency_base: inconsistency reason [None]
    Prover.check_inconsistency_base: inconsistency reason [None]
    <span class='color_blue'>MEMne &lt; void Assert.assertTrue(boolean):170 &gt; <span class='color_orange'>{vpath: }</span>(_t$0) ;
    problems = 0<span class='color_orange'>nullify</span>:java.util.List*; $irvar0 = 0<span class='color_orange'>nullify</span>:void; return = EXN _t$0<span class='color_orange'>update:170</span>:void; this = 0<span class='color_orange'>nullify</span>:org.junit.tests.running.methods.TestMethodTest*( sub ); old_this = @f$0<span class='color_orange'>formal</span>:org.junit.tests.running.methods.TestMethodTest*( sub ) ;
    _t$0|->{}<span class='color_orange'>alloc</span>:java.lang.AssertionError
    [footprint
       this = @f$0<span class='color_orange'>formal</span>:org.junit.tests.running.methods.TestMethodTest*( sub )  ]</span>
    Instruction Returns
    PROP 1 of 1:
    <span class='color_blue'><span class='color_blue'>MEMne &lt; void Assert.assertTrue(boolean):170 &gt; <span class='color_orange'>{vpath: }</span>(_t$0)</span> ;
    <span class='color_blue'>problems = 0<span class='color_orange'>nullify</span>:java.util.List*</span>; <span class='color_blue'>$irvar0 = 0<span class='color_orange'>nullify</span>:void</span>; <span class='color_blue'>return = EXN _t$0<span class='color_orange'>update:170</span>:void</span>; <span class='color_blue'>this = 0<span class='color_orange'>nullify</span>:org.junit.tests.running.methods.TestMethodTest*( sub )</span>; <span class='color_blue'>old_this = @f$0<span class='color_orange'>formal</span>:org.junit.tests.running.methods.TestMethodTest*( sub )</span> ;
    <span class='color_blue'>_t$0|->{}<span class='color_orange'>alloc</span>:java.lang.AssertionError</span>
    [footprint
       <span class='color_blue'>this = @f$0<span class='color_orange'>formal</span>:org.junit.tests.running.methods.TestMethodTest*( sub )</span>  ]</span>
    
    .... After Symbolic Execution ....
    PROP 1 of 1:
    <span class='color_blue'><span class='color_blue'>MEMne &lt; void Assert.assertTrue(boolean):170 &gt; <span class='color_orange'>{vpath: }</span>(_t$0)</span> ;
    <span class='color_blue'>problems = 0<span class='color_orange'>nullify</span>:java.util.List*</span>; <span class='color_blue'>$irvar0 = 0<span class='color_orange'>nullify</span>:void</span>; <span class='color_blue'>return = EXN _t$0<span class='color_orange'>update:170</span>:void</span>; <span class='color_blue'>this = 0<span class='color_orange'>nullify</span>:org.junit.tests.running.methods.TestMethodTest*( sub )</span>; <span class='color_blue'>old_this = @f$0<span class='color_orange'>formal</span>:org.junit.tests.running.methods.TestMethodTest*( sub )</span> ;
    <span class='color_blue'>_t$0|->{}<span class='color_orange'>alloc</span>:java.lang.AssertionError</span>
    [footprint
       <span class='color_blue'>this = @f$0<span class='color_orange'>formal</span>:org.junit.tests.running.methods.TestMethodTest*( sub )</span>  ]</span>
    
    
    
  Processing prop 3/3
    Instruction <span class='color_green'>NULLIFY(&amp;problems); [line 171]</span>
    in vpath_find exp:_t$0
    vpath_find: cannot find _t$0
    Instruction Returns
    PROP 1 of 1:
    <span class='color_blue'><span class='color_blue'>_t$0 != 0</span>; <span class='color_blue'>null != org.junit.tests.running.methods.TestMethodTest$SubShadows</span>; <span class='color_blue'>MEMne &lt; List TestMethodTest.validateAllMethods(Class):169 &gt; <span class='color_orange'>{vpath: }</span>(_t$0)</span> ;
    <span class='color_blue'>problems = <span class='color_red'>0<span class='color_orange'>nullify</span></span>:java.util.List*</span>; <span class='color_blue'>$irvar0 = <span class='color_red'>_t$1<span class='color_orange'>initial</span></span>:void</span>; <span class='color_blue'>return = EXN _t$0<span class='color_orange'>update:169</span>:void</span>; <span class='color_blue'>this = 0<span class='color_orange'>nullify</span>:org.junit.tests.running.methods.TestMethodTest*( sub )</span>; <span class='color_blue'>old_this = @f$0<span class='color_orange'>formal</span>:org.junit.tests.running.methods.TestMethodTest*( sub )</span> ;
    <span class='color_blue'>_t$0|->{}<span class='color_orange'>alloc</span>:java.lang.IllegalArgumentException</span>
    [footprint
       <span class='color_blue'>null != org.junit.tests.running.methods.TestMethodTest$SubShadows</span> *
       <span class='color_blue'>this = @f$0<span class='color_orange'>formal</span>:org.junit.tests.running.methods.TestMethodTest*( sub )</span>  ]</span>
    
    Instruction <span class='color_green'>NULLIFY(&amp;$irvar0); [line 171]</span>
    in vpath_find exp:_t$0
    vpath_find: cannot find _t$0
    Instruction Returns
    PROP 1 of 1:
    <span class='color_blue'><span class='color_blue'>_t$0 != 0</span>; <span class='color_blue'>null != org.junit.tests.running.methods.TestMethodTest$SubShadows</span>; <span class='color_blue'>MEMne &lt; List TestMethodTest.validateAllMethods(Class):169 &gt; <span class='color_orange'>{vpath: }</span>(_t$0)</span> ;
    <span class='color_blue'>problems = 0<span class='color_orange'>nullify</span>:java.util.List*</span>; <span class='color_blue'>$irvar0 = <span class='color_red'>0<span class='color_orange'>nullify</span></span>:void</span>; <span class='color_blue'>return = EXN _t$0<span class='color_orange'>update:169</span>:void</span>; <span class='color_blue'>this = 0<span class='color_orange'>nullify</span>:org.junit.tests.running.methods.TestMethodTest*( sub )</span>; <span class='color_blue'>old_this = @f$0<span class='color_orange'>formal</span>:org.junit.tests.running.methods.TestMethodTest*( sub )</span> ;
    <span class='color_blue'>_t$0|->{}<span class='color_orange'>alloc</span>:java.lang.IllegalArgumentException</span>
    [footprint
       <span class='color_blue'>null != org.junit.tests.running.methods.TestMethodTest$SubShadows</span> *
       <span class='color_blue'>this = @f$0<span class='color_orange'>formal</span>:org.junit.tests.running.methods.TestMethodTest*( sub )</span>  ]</span>
    
    Instruction <span class='color_green'>EXIT_SCOPE(problems,$irvar0); [line 171]</span>
    in vpath_find exp:_t$0
    vpath_find: cannot find _t$0
    Instruction Returns
    PROP 1 of 1:
    <span class='color_blue'><span class='color_blue'>_t$0 != 0</span>; <span class='color_blue'>null != org.junit.tests.running.methods.TestMethodTest$SubShadows</span>; <span class='color_blue'>MEMne &lt; List TestMethodTest.validateAllMethods(Class):169 &gt; <span class='color_orange'>{vpath: }</span>(_t$0)</span> ;
    <span class='color_blue'>problems = 0<span class='color_orange'>nullify</span>:java.util.List*</span>; <span class='color_blue'>$irvar0 = 0<span class='color_orange'>nullify</span>:void</span>; <span class='color_blue'>return = EXN _t$0<span class='color_orange'>update:169</span>:void</span>; <span class='color_blue'>this = 0<span class='color_orange'>nullify</span>:org.junit.tests.running.methods.TestMethodTest*( sub )</span>; <span class='color_blue'>old_this = @f$0<span class='color_orange'>formal</span>:org.junit.tests.running.methods.TestMethodTest*( sub )</span> ;
    <span class='color_blue'>_t$0|->{}<span class='color_orange'>alloc</span>:java.lang.IllegalArgumentException</span>
    [footprint
       <span class='color_blue'>null != org.junit.tests.running.methods.TestMethodTest$SubShadows</span> *
       <span class='color_blue'>this = @f$0<span class='color_orange'>formal</span>:org.junit.tests.running.methods.TestMethodTest*( sub )</span>  ]</span>
    
    Instruction <span class='color_green'>APPLY_ABSTRACTION; [line 171]</span>
    in vpath_find exp:_t$0
    vpath_find: cannot find _t$0
    Prover.check_inconsistency_base: inconsistency reason [None]
    Prover.check_inconsistency_base: inconsistency reason [None]
    <span class='color_blue'>_t$0 != 0; MEMne &lt; List TestMethodTest.validateAllMethods(Class):169 &gt; <span class='color_orange'>{vpath: }</span>(_t$0) ;
    problems = 0<span class='color_orange'>nullify</span>:java.util.List*; $irvar0 = 0<span class='color_orange'>nullify</span>:void; return = EXN _t$0<span class='color_orange'>update:169</span>:void; this = 0<span class='color_orange'>nullify</span>:org.junit.tests.running.methods.TestMethodTest*( sub ); old_this = @f$0<span class='color_orange'>formal</span>:org.junit.tests.running.methods.TestMethodTest*( sub ) ;
    _t$0|->{}<span class='color_orange'>alloc</span>:java.lang.IllegalArgumentException
    [footprint
       this = @f$0<span class='color_orange'>formal</span>:org.junit.tests.running.methods.TestMethodTest*( sub )  ]</span>
    Instruction Returns
    PROP 1 of 1:
    <span class='color_blue'><span class='color_blue'>_t$0 != 0</span>; <span class='color_blue'>MEMne &lt; List TestMethodTest.validateAllMethods(Class):169 &gt; <span class='color_orange'>{vpath: }</span>(_t$0)</span> ;
    <span class='color_blue'>problems = 0<span class='color_orange'>nullify</span>:java.util.List*</span>; <span class='color_blue'>$irvar0 = 0<span class='color_orange'>nullify</span>:void</span>; <span class='color_blue'>return = EXN _t$0<span class='color_orange'>update:169</span>:void</span>; <span class='color_blue'>this = 0<span class='color_orange'>nullify</span>:org.junit.tests.running.methods.TestMethodTest*( sub )</span>; <span class='color_blue'>old_this = @f$0<span class='color_orange'>formal</span>:org.junit.tests.running.methods.TestMethodTest*( sub )</span> ;
    <span class='color_blue'>_t$0|->{}<span class='color_orange'>alloc</span>:java.lang.IllegalArgumentException</span>
    [footprint
       <span class='color_blue'>this = @f$0<span class='color_orange'>formal</span>:org.junit.tests.running.methods.TestMethodTest*( sub )</span>  ]</span>
    
    .... After Symbolic Execution ....
    PROP 1 of 1:
    <span class='color_blue'><span class='color_blue'>_t$0 != 0</span>; <span class='color_blue'>MEMne &lt; List TestMethodTest.validateAllMethods(Class):169 &gt; <span class='color_orange'>{vpath: }</span>(_t$0)</span> ;
    <span class='color_blue'>problems = <span class='color_red'>0<span class='color_orange'>nullify</span></span>:java.util.List*</span>; <span class='color_blue'>$irvar0 = <span class='color_red'>0<span class='color_orange'>nullify</span></span>:void</span>; <span class='color_blue'>return = EXN _t$0<span class='color_orange'>update:169</span>:void</span>; <span class='color_blue'>this = 0<span class='color_orange'>nullify</span>:org.junit.tests.running.methods.TestMethodTest*( sub )</span>; <span class='color_blue'>old_this = @f$0<span class='color_orange'>formal</span>:org.junit.tests.running.methods.TestMethodTest*( sub )</span> ;
    <span class='color_blue'>_t$0|->{}<span class='color_orange'>alloc</span>:java.lang.IllegalArgumentException</span>
    [footprint
       <span class='color_blue'>this = @f$0<span class='color_orange'>formal</span>:org.junit.tests.running.methods.TestMethodTest*( sub )</span>  ]</span>
    
    
    
  </LISTING>
<hr width="100%">
<a name="session37" href="./../nodes/org.junit.tests.running.methods.TestMethodTest.dontValidateShadowedMethods%28%29%3Avoid.245d1fc67867889e0f8a6d93858929ac_node3.html#session37">node3#session37</a>(<a href="./../../TestMethodTest.java.cd3cd8b636ee5ff567d7c528578264cd.html#LINE171">171</a>) biabduction
<LISTING class='color_black'>**** [RE:Pending] void TestMethodTest.dontValidateShadowedMethods() Node: 3, Procedure: void TestMethodTest.dontValidateShadowedMethods(), Todo: 3 ****
  PROP 1 of 3:
  <span class='color_blue'><span class='color_red'>(-1  &lt;  _t$1)</span>; <span class='color_red'>_t$1 != 1</span>; <span class='color_red'>null != org.junit.tests.running.methods.TestMethodTest$SubShadows</span>; <span class='color_red'>MEMne &lt; void Assert.assertTrue(boolean):170 &gt; <span class='color_orange'>{vpath: }</span>(_t$0)</span>; <span class='color_red'>UND &lt; List Collections.emptyList() &gt; :179(_t$2)</span>; <span class='color_red'>RET &lt; boolean List.isEmpty() &gt; (0)</span> ;
  <span class='color_red'>problems = 0<span class='color_orange'>nullify</span>:java.util.List*</span>; <span class='color_red'>$irvar0 = 0<span class='color_orange'>nullify</span>:void</span>; <span class='color_red'>return = EXN _t$0<span class='color_orange'>update:170</span>:void</span>; <span class='color_red'>this = 0<span class='color_orange'>nullify</span>:org.junit.tests.running.methods.TestMethodTest*( sub )</span>; <span class='color_red'>old_this = val$1<span class='color_orange'>formal</span>:org.junit.tests.running.methods.TestMethodTest*( sub )</span> ;
  <span class='color_red'>_t$0|->{}<span class='color_orange'>alloc</span>:java.lang.AssertionError</span></span>
  PROP 2 of 3:
  <span class='color_blue'><span class='color_red'>(_t$1  &lt;=  -1)</span>; <span class='color_red'>null != org.junit.tests.running.methods.TestMethodTest$SubShadows</span>; <span class='color_red'>MEMne &lt; void Assert.assertTrue(boolean):170 &gt; <span class='color_orange'>{vpath: }</span>(_t$0)</span>; <span class='color_red'>UND &lt; List Collections.emptyList() &gt; :179(_t$2)</span>; <span class='color_red'>RET &lt; boolean List.isEmpty() &gt; (0)</span> ;
  <span class='color_red'>problems = 0<span class='color_orange'>nullify</span>:java.util.List*</span>; <span class='color_red'>$irvar0 = 0<span class='color_orange'>nullify</span>:void</span>; <span class='color_red'>return = EXN _t$0<span class='color_orange'>update:170</span>:void</span>; <span class='color_red'>this = 0<span class='color_orange'>nullify</span>:org.junit.tests.running.methods.TestMethodTest*( sub )</span>; <span class='color_red'>old_this = val$1<span class='color_orange'>formal</span>:org.junit.tests.running.methods.TestMethodTest*( sub )</span> ;
  <span class='color_red'>_t$0|->{}<span class='color_orange'>alloc</span>:java.lang.AssertionError</span></span>
  PROP 3 of 3:
  <span class='color_blue'><span class='color_red'>_t$0 != 0</span>; <span class='color_red'>null != org.junit.tests.running.methods.TestMethodTest$SubShadows</span>; <span class='color_red'>MEMne &lt; List TestMethodTest.validateAllMethods(Class):169 &gt; <span class='color_orange'>{vpath: }</span>(_t$0)</span> ;
  <span class='color_red'>problems = _t$1<span class='color_orange'>initial</span>:java.util.List*</span>; <span class='color_red'>$irvar0 = _t$2<span class='color_orange'>initial</span>:void</span>; <span class='color_red'>return = EXN _t$0<span class='color_orange'>update:169</span>:void</span>; <span class='color_red'>this = 0<span class='color_orange'>nullify</span>:org.junit.tests.running.methods.TestMethodTest*( sub )</span>; <span class='color_red'>old_this = val$1<span class='color_orange'>formal</span>:org.junit.tests.running.methods.TestMethodTest*( sub )</span> ;
  <span class='color_red'>_t$0|->{}<span class='color_orange'>alloc</span>:java.lang.IllegalArgumentException</span></span>
  .... Instructions: ....
  <span class='color_green'>NULLIFY(&amp;problems); [line 171];
  NULLIFY(&amp;$irvar0); [line 171];
  EXIT_SCOPE(problems,$irvar0); [line 171];
  APPLY_ABSTRACTION; [line 171];
  </span>
  
  Processing prop 1/3
    Instruction <span class='color_green'>NULLIFY(&amp;problems); [line 171]</span>
    in vpath_find exp:_t$0
    vpath_find: cannot find _t$0
    Instruction Returns
    PROP 1 of 1:
    <span class='color_blue'><span class='color_blue'>(-1  &lt;  _t$1)</span>; <span class='color_blue'>_t$1 != 1</span>; <span class='color_blue'>null != org.junit.tests.running.methods.TestMethodTest$SubShadows</span>; <span class='color_blue'>MEMne &lt; void Assert.assertTrue(boolean):170 &gt; <span class='color_orange'>{vpath: }</span>(_t$0)</span>; <span class='color_blue'>UND &lt; List Collections.emptyList() &gt; :179(_t$2)</span>; <span class='color_blue'>RET &lt; boolean List.isEmpty() &gt; (0)</span> ;
    <span class='color_blue'>problems = 0<span class='color_orange'>nullify</span>:java.util.List*</span>; <span class='color_blue'>$irvar0 = 0<span class='color_orange'>nullify</span>:void</span>; <span class='color_blue'>return = EXN _t$0<span class='color_orange'>update:170</span>:void</span>; <span class='color_blue'>this = 0<span class='color_orange'>nullify</span>:org.junit.tests.running.methods.TestMethodTest*( sub )</span>; <span class='color_blue'>old_this = val$1<span class='color_orange'>formal</span>:org.junit.tests.running.methods.TestMethodTest*( sub )</span> ;
    <span class='color_blue'>_t$0|->{}<span class='color_orange'>alloc</span>:java.lang.AssertionError</span></span>
    
    Instruction <span class='color_green'>NULLIFY(&amp;$irvar0); [line 171]</span>
    in vpath_find exp:_t$0
    vpath_find: cannot find _t$0
    Instruction Returns
    PROP 1 of 1:
    <span class='color_blue'><span class='color_blue'>(-1  &lt;  _t$1)</span>; <span class='color_blue'>_t$1 != 1</span>; <span class='color_blue'>null != org.junit.tests.running.methods.TestMethodTest$SubShadows</span>; <span class='color_blue'>MEMne &lt; void Assert.assertTrue(boolean):170 &gt; <span class='color_orange'>{vpath: }</span>(_t$0)</span>; <span class='color_blue'>UND &lt; List Collections.emptyList() &gt; :179(_t$2)</span>; <span class='color_blue'>RET &lt; boolean List.isEmpty() &gt; (0)</span> ;
    <span class='color_blue'>problems = 0<span class='color_orange'>nullify</span>:java.util.List*</span>; <span class='color_blue'>$irvar0 = 0<span class='color_orange'>nullify</span>:void</span>; <span class='color_blue'>return = EXN _t$0<span class='color_orange'>update:170</span>:void</span>; <span class='color_blue'>this = 0<span class='color_orange'>nullify</span>:org.junit.tests.running.methods.TestMethodTest*( sub )</span>; <span class='color_blue'>old_this = val$1<span class='color_orange'>formal</span>:org.junit.tests.running.methods.TestMethodTest*( sub )</span> ;
    <span class='color_blue'>_t$0|->{}<span class='color_orange'>alloc</span>:java.lang.AssertionError</span></span>
    
    Instruction <span class='color_green'>EXIT_SCOPE(problems,$irvar0); [line 171]</span>
    in vpath_find exp:_t$0
    vpath_find: cannot find _t$0
    Instruction Returns
    PROP 1 of 1:
    <span class='color_blue'><span class='color_blue'>(-1  &lt;  _t$1)</span>; <span class='color_blue'>_t$1 != 1</span>; <span class='color_blue'>null != org.junit.tests.running.methods.TestMethodTest$SubShadows</span>; <span class='color_blue'>MEMne &lt; void Assert.assertTrue(boolean):170 &gt; <span class='color_orange'>{vpath: }</span>(_t$0)</span>; <span class='color_blue'>UND &lt; List Collections.emptyList() &gt; :179(_t$2)</span>; <span class='color_blue'>RET &lt; boolean List.isEmpty() &gt; (0)</span> ;
    <span class='color_blue'>problems = 0<span class='color_orange'>nullify</span>:java.util.List*</span>; <span class='color_blue'>$irvar0 = 0<span class='color_orange'>nullify</span>:void</span>; <span class='color_blue'>return = EXN _t$0<span class='color_orange'>update:170</span>:void</span>; <span class='color_blue'>this = 0<span class='color_orange'>nullify</span>:org.junit.tests.running.methods.TestMethodTest*( sub )</span>; <span class='color_blue'>old_this = val$1<span class='color_orange'>formal</span>:org.junit.tests.running.methods.TestMethodTest*( sub )</span> ;
    <span class='color_blue'>_t$0|->{}<span class='color_orange'>alloc</span>:java.lang.AssertionError</span></span>
    
    Instruction <span class='color_green'>APPLY_ABSTRACTION; [line 171]</span>
    in vpath_find exp:_t$0
    vpath_find: cannot find _t$0
    Prover.check_inconsistency_base: inconsistency reason [None]
    Prover.check_inconsistency_base: inconsistency reason [None]
    <span class='color_blue'>MEMne &lt; void Assert.assertTrue(boolean):170 &gt; <span class='color_orange'>{vpath: }</span>(_t$0) ;
    problems = 0<span class='color_orange'>nullify</span>:java.util.List*; $irvar0 = 0<span class='color_orange'>nullify</span>:void; return = EXN _t$0<span class='color_orange'>update:170</span>:void; this = 0<span class='color_orange'>nullify</span>:org.junit.tests.running.methods.TestMethodTest*( sub ); old_this = val$1<span class='color_orange'>formal</span>:org.junit.tests.running.methods.TestMethodTest*( sub ) ;
    _t$0|->{}<span class='color_orange'>alloc</span>:java.lang.AssertionError</span>
    Instruction Returns
    PROP 1 of 1:
    <span class='color_blue'><span class='color_blue'>MEMne &lt; void Assert.assertTrue(boolean):170 &gt; <span class='color_orange'>{vpath: }</span>(_t$0)</span> ;
    <span class='color_blue'>problems = 0<span class='color_orange'>nullify</span>:java.util.List*</span>; <span class='color_blue'>$irvar0 = 0<span class='color_orange'>nullify</span>:void</span>; <span class='color_blue'>return = EXN _t$0<span class='color_orange'>update:170</span>:void</span>; <span class='color_blue'>this = 0<span class='color_orange'>nullify</span>:org.junit.tests.running.methods.TestMethodTest*( sub )</span>; <span class='color_blue'>old_this = val$1<span class='color_orange'>formal</span>:org.junit.tests.running.methods.TestMethodTest*( sub )</span> ;
    <span class='color_blue'>_t$0|->{}<span class='color_orange'>alloc</span>:java.lang.AssertionError</span></span>
    
    .... After Symbolic Execution ....
    PROP 1 of 1:
    <span class='color_blue'><span class='color_blue'>MEMne &lt; void Assert.assertTrue(boolean):170 &gt; <span class='color_orange'>{vpath: }</span>(_t$0)</span> ;
    <span class='color_blue'>problems = 0<span class='color_orange'>nullify</span>:java.util.List*</span>; <span class='color_blue'>$irvar0 = 0<span class='color_orange'>nullify</span>:void</span>; <span class='color_blue'>return = EXN _t$0<span class='color_orange'>update:170</span>:void</span>; <span class='color_blue'>this = 0<span class='color_orange'>nullify</span>:org.junit.tests.running.methods.TestMethodTest*( sub )</span>; <span class='color_blue'>old_this = val$1<span class='color_orange'>formal</span>:org.junit.tests.running.methods.TestMethodTest*( sub )</span> ;
    <span class='color_blue'>_t$0|->{}<span class='color_orange'>alloc</span>:java.lang.AssertionError</span></span>
    
    
    
  Processing prop 2/3
    Instruction <span class='color_green'>NULLIFY(&amp;problems); [line 171]</span>
    in vpath_find exp:_t$0
    vpath_find: cannot find _t$0
    Instruction Returns
    PROP 1 of 1:
    <span class='color_blue'><span class='color_blue'>(_t$1  &lt;=  -1)</span>; <span class='color_blue'>null != org.junit.tests.running.methods.TestMethodTest$SubShadows</span>; <span class='color_blue'>MEMne &lt; void Assert.assertTrue(boolean):170 &gt; <span class='color_orange'>{vpath: }</span>(_t$0)</span>; <span class='color_blue'>UND &lt; List Collections.emptyList() &gt; :179(_t$2)</span>; <span class='color_blue'>RET &lt; boolean List.isEmpty() &gt; (0)</span> ;
    <span class='color_blue'>problems = 0<span class='color_orange'>nullify</span>:java.util.List*</span>; <span class='color_blue'>$irvar0 = 0<span class='color_orange'>nullify</span>:void</span>; <span class='color_blue'>return = EXN _t$0<span class='color_orange'>update:170</span>:void</span>; <span class='color_blue'>this = 0<span class='color_orange'>nullify</span>:org.junit.tests.running.methods.TestMethodTest*( sub )</span>; <span class='color_blue'>old_this = val$1<span class='color_orange'>formal</span>:org.junit.tests.running.methods.TestMethodTest*( sub )</span> ;
    <span class='color_blue'>_t$0|->{}<span class='color_orange'>alloc</span>:java.lang.AssertionError</span></span>
    
    Instruction <span class='color_green'>NULLIFY(&amp;$irvar0); [line 171]</span>
    in vpath_find exp:_t$0
    vpath_find: cannot find _t$0
    Instruction Returns
    PROP 1 of 1:
    <span class='color_blue'><span class='color_blue'>(_t$1  &lt;=  -1)</span>; <span class='color_blue'>null != org.junit.tests.running.methods.TestMethodTest$SubShadows</span>; <span class='color_blue'>MEMne &lt; void Assert.assertTrue(boolean):170 &gt; <span class='color_orange'>{vpath: }</span>(_t$0)</span>; <span class='color_blue'>UND &lt; List Collections.emptyList() &gt; :179(_t$2)</span>; <span class='color_blue'>RET &lt; boolean List.isEmpty() &gt; (0)</span> ;
    <span class='color_blue'>problems = 0<span class='color_orange'>nullify</span>:java.util.List*</span>; <span class='color_blue'>$irvar0 = 0<span class='color_orange'>nullify</span>:void</span>; <span class='color_blue'>return = EXN _t$0<span class='color_orange'>update:170</span>:void</span>; <span class='color_blue'>this = 0<span class='color_orange'>nullify</span>:org.junit.tests.running.methods.TestMethodTest*( sub )</span>; <span class='color_blue'>old_this = val$1<span class='color_orange'>formal</span>:org.junit.tests.running.methods.TestMethodTest*( sub )</span> ;
    <span class='color_blue'>_t$0|->{}<span class='color_orange'>alloc</span>:java.lang.AssertionError</span></span>
    
    Instruction <span class='color_green'>EXIT_SCOPE(problems,$irvar0); [line 171]</span>
    in vpath_find exp:_t$0
    vpath_find: cannot find _t$0
    Instruction Returns
    PROP 1 of 1:
    <span class='color_blue'><span class='color_blue'>(_t$1  &lt;=  -1)</span>; <span class='color_blue'>null != org.junit.tests.running.methods.TestMethodTest$SubShadows</span>; <span class='color_blue'>MEMne &lt; void Assert.assertTrue(boolean):170 &gt; <span class='color_orange'>{vpath: }</span>(_t$0)</span>; <span class='color_blue'>UND &lt; List Collections.emptyList() &gt; :179(_t$2)</span>; <span class='color_blue'>RET &lt; boolean List.isEmpty() &gt; (0)</span> ;
    <span class='color_blue'>problems = 0<span class='color_orange'>nullify</span>:java.util.List*</span>; <span class='color_blue'>$irvar0 = 0<span class='color_orange'>nullify</span>:void</span>; <span class='color_blue'>return = EXN _t$0<span class='color_orange'>update:170</span>:void</span>; <span class='color_blue'>this = 0<span class='color_orange'>nullify</span>:org.junit.tests.running.methods.TestMethodTest*( sub )</span>; <span class='color_blue'>old_this = val$1<span class='color_orange'>formal</span>:org.junit.tests.running.methods.TestMethodTest*( sub )</span> ;
    <span class='color_blue'>_t$0|->{}<span class='color_orange'>alloc</span>:java.lang.AssertionError</span></span>
    
    Instruction <span class='color_green'>APPLY_ABSTRACTION; [line 171]</span>
    in vpath_find exp:_t$0
    vpath_find: cannot find _t$0
    Prover.check_inconsistency_base: inconsistency reason [None]
    Prover.check_inconsistency_base: inconsistency reason [None]
    <span class='color_blue'>MEMne &lt; void Assert.assertTrue(boolean):170 &gt; <span class='color_orange'>{vpath: }</span>(_t$0) ;
    problems = 0<span class='color_orange'>nullify</span>:java.util.List*; $irvar0 = 0<span class='color_orange'>nullify</span>:void; return = EXN _t$0<span class='color_orange'>update:170</span>:void; this = 0<span class='color_orange'>nullify</span>:org.junit.tests.running.methods.TestMethodTest*( sub ); old_this = val$1<span class='color_orange'>formal</span>:org.junit.tests.running.methods.TestMethodTest*( sub ) ;
    _t$0|->{}<span class='color_orange'>alloc</span>:java.lang.AssertionError</span>
    Instruction Returns
    PROP 1 of 1:
    <span class='color_blue'><span class='color_blue'>MEMne &lt; void Assert.assertTrue(boolean):170 &gt; <span class='color_orange'>{vpath: }</span>(_t$0)</span> ;
    <span class='color_blue'>problems = 0<span class='color_orange'>nullify</span>:java.util.List*</span>; <span class='color_blue'>$irvar0 = 0<span class='color_orange'>nullify</span>:void</span>; <span class='color_blue'>return = EXN _t$0<span class='color_orange'>update:170</span>:void</span>; <span class='color_blue'>this = 0<span class='color_orange'>nullify</span>:org.junit.tests.running.methods.TestMethodTest*( sub )</span>; <span class='color_blue'>old_this = val$1<span class='color_orange'>formal</span>:org.junit.tests.running.methods.TestMethodTest*( sub )</span> ;
    <span class='color_blue'>_t$0|->{}<span class='color_orange'>alloc</span>:java.lang.AssertionError</span></span>
    
    .... After Symbolic Execution ....
    PROP 1 of 1:
    <span class='color_blue'><span class='color_blue'>MEMne &lt; void Assert.assertTrue(boolean):170 &gt; <span class='color_orange'>{vpath: }</span>(_t$0)</span> ;
    <span class='color_blue'>problems = 0<span class='color_orange'>nullify</span>:java.util.List*</span>; <span class='color_blue'>$irvar0 = 0<span class='color_orange'>nullify</span>:void</span>; <span class='color_blue'>return = EXN _t$0<span class='color_orange'>update:170</span>:void</span>; <span class='color_blue'>this = 0<span class='color_orange'>nullify</span>:org.junit.tests.running.methods.TestMethodTest*( sub )</span>; <span class='color_blue'>old_this = val$1<span class='color_orange'>formal</span>:org.junit.tests.running.methods.TestMethodTest*( sub )</span> ;
    <span class='color_blue'>_t$0|->{}<span class='color_orange'>alloc</span>:java.lang.AssertionError</span></span>
    
    
    
  Processing prop 3/3
    Instruction <span class='color_green'>NULLIFY(&amp;problems); [line 171]</span>
    in vpath_find exp:_t$0
    vpath_find: cannot find _t$0
    Instruction Returns
    PROP 1 of 1:
    <span class='color_blue'><span class='color_blue'>_t$0 != 0</span>; <span class='color_blue'>null != org.junit.tests.running.methods.TestMethodTest$SubShadows</span>; <span class='color_blue'>MEMne &lt; List TestMethodTest.validateAllMethods(Class):169 &gt; <span class='color_orange'>{vpath: }</span>(_t$0)</span> ;
    <span class='color_blue'>problems = <span class='color_red'>0<span class='color_orange'>nullify</span></span>:java.util.List*</span>; <span class='color_blue'>$irvar0 = <span class='color_red'>_t$1<span class='color_orange'>initial</span></span>:void</span>; <span class='color_blue'>return = EXN _t$0<span class='color_orange'>update:169</span>:void</span>; <span class='color_blue'>this = 0<span class='color_orange'>nullify</span>:org.junit.tests.running.methods.TestMethodTest*( sub )</span>; <span class='color_blue'>old_this = val$1<span class='color_orange'>formal</span>:org.junit.tests.running.methods.TestMethodTest*( sub )</span> ;
    <span class='color_blue'>_t$0|->{}<span class='color_orange'>alloc</span>:java.lang.IllegalArgumentException</span></span>
    
    Instruction <span class='color_green'>NULLIFY(&amp;$irvar0); [line 171]</span>
    in vpath_find exp:_t$0
    vpath_find: cannot find _t$0
    Instruction Returns
    PROP 1 of 1:
    <span class='color_blue'><span class='color_blue'>_t$0 != 0</span>; <span class='color_blue'>null != org.junit.tests.running.methods.TestMethodTest$SubShadows</span>; <span class='color_blue'>MEMne &lt; List TestMethodTest.validateAllMethods(Class):169 &gt; <span class='color_orange'>{vpath: }</span>(_t$0)</span> ;
    <span class='color_blue'>problems = 0<span class='color_orange'>nullify</span>:java.util.List*</span>; <span class='color_blue'>$irvar0 = <span class='color_red'>0<span class='color_orange'>nullify</span></span>:void</span>; <span class='color_blue'>return = EXN _t$0<span class='color_orange'>update:169</span>:void</span>; <span class='color_blue'>this = 0<span class='color_orange'>nullify</span>:org.junit.tests.running.methods.TestMethodTest*( sub )</span>; <span class='color_blue'>old_this = val$1<span class='color_orange'>formal</span>:org.junit.tests.running.methods.TestMethodTest*( sub )</span> ;
    <span class='color_blue'>_t$0|->{}<span class='color_orange'>alloc</span>:java.lang.IllegalArgumentException</span></span>
    
    Instruction <span class='color_green'>EXIT_SCOPE(problems,$irvar0); [line 171]</span>
    in vpath_find exp:_t$0
    vpath_find: cannot find _t$0
    Instruction Returns
    PROP 1 of 1:
    <span class='color_blue'><span class='color_blue'>_t$0 != 0</span>; <span class='color_blue'>null != org.junit.tests.running.methods.TestMethodTest$SubShadows</span>; <span class='color_blue'>MEMne &lt; List TestMethodTest.validateAllMethods(Class):169 &gt; <span class='color_orange'>{vpath: }</span>(_t$0)</span> ;
    <span class='color_blue'>problems = 0<span class='color_orange'>nullify</span>:java.util.List*</span>; <span class='color_blue'>$irvar0 = 0<span class='color_orange'>nullify</span>:void</span>; <span class='color_blue'>return = EXN _t$0<span class='color_orange'>update:169</span>:void</span>; <span class='color_blue'>this = 0<span class='color_orange'>nullify</span>:org.junit.tests.running.methods.TestMethodTest*( sub )</span>; <span class='color_blue'>old_this = val$1<span class='color_orange'>formal</span>:org.junit.tests.running.methods.TestMethodTest*( sub )</span> ;
    <span class='color_blue'>_t$0|->{}<span class='color_orange'>alloc</span>:java.lang.IllegalArgumentException</span></span>
    
    Instruction <span class='color_green'>APPLY_ABSTRACTION; [line 171]</span>
    in vpath_find exp:_t$0
    vpath_find: cannot find _t$0
    Prover.check_inconsistency_base: inconsistency reason [None]
    Prover.check_inconsistency_base: inconsistency reason [None]
    <span class='color_blue'>_t$0 != 0; MEMne &lt; List TestMethodTest.validateAllMethods(Class):169 &gt; <span class='color_orange'>{vpath: }</span>(_t$0) ;
    problems = 0<span class='color_orange'>nullify</span>:java.util.List*; $irvar0 = 0<span class='color_orange'>nullify</span>:void; return = EXN _t$0<span class='color_orange'>update:169</span>:void; this = 0<span class='color_orange'>nullify</span>:org.junit.tests.running.methods.TestMethodTest*( sub ); old_this = val$1<span class='color_orange'>formal</span>:org.junit.tests.running.methods.TestMethodTest*( sub ) ;
    _t$0|->{}<span class='color_orange'>alloc</span>:java.lang.IllegalArgumentException</span>
    Instruction Returns
    PROP 1 of 1:
    <span class='color_blue'><span class='color_blue'>_t$0 != 0</span>; <span class='color_blue'>MEMne &lt; List TestMethodTest.validateAllMethods(Class):169 &gt; <span class='color_orange'>{vpath: }</span>(_t$0)</span> ;
    <span class='color_blue'>problems = 0<span class='color_orange'>nullify</span>:java.util.List*</span>; <span class='color_blue'>$irvar0 = 0<span class='color_orange'>nullify</span>:void</span>; <span class='color_blue'>return = EXN _t$0<span class='color_orange'>update:169</span>:void</span>; <span class='color_blue'>this = 0<span class='color_orange'>nullify</span>:org.junit.tests.running.methods.TestMethodTest*( sub )</span>; <span class='color_blue'>old_this = val$1<span class='color_orange'>formal</span>:org.junit.tests.running.methods.TestMethodTest*( sub )</span> ;
    <span class='color_blue'>_t$0|->{}<span class='color_orange'>alloc</span>:java.lang.IllegalArgumentException</span></span>
    
    .... After Symbolic Execution ....
    PROP 1 of 1:
    <span class='color_blue'><span class='color_blue'>_t$0 != 0</span>; <span class='color_blue'>MEMne &lt; List TestMethodTest.validateAllMethods(Class):169 &gt; <span class='color_orange'>{vpath: }</span>(_t$0)</span> ;
    <span class='color_blue'>problems = <span class='color_red'>0<span class='color_orange'>nullify</span></span>:java.util.List*</span>; <span class='color_blue'>$irvar0 = <span class='color_red'>0<span class='color_orange'>nullify</span></span>:void</span>; <span class='color_blue'>return = EXN _t$0<span class='color_orange'>update:169</span>:void</span>; <span class='color_blue'>this = 0<span class='color_orange'>nullify</span>:org.junit.tests.running.methods.TestMethodTest*( sub )</span>; <span class='color_blue'>old_this = val$1<span class='color_orange'>formal</span>:org.junit.tests.running.methods.TestMethodTest*( sub )</span> ;
    <span class='color_blue'>_t$0|->{}<span class='color_orange'>alloc</span>:java.lang.IllegalArgumentException</span></span>
    
    
    
  </LISTING>