<!DOCTYPE HTML PUBLIC "-//W3C//DTD HTML 4.01 Transitional//EN">
<html>
<head>
<title>org.junit.tests.running.methods.TestMethodTest.constructorParameter():void.5c927cca4632d5bafedcb78a9a7a55b3_node3</title>
<meta http-equiv="Content-Type" content="text/html; charset=utf-8">
<style type="text/css">
body { background-color:#fff; color:#000; font-family:Helvetica, sans-serif; font-size:10pt }
h1 { font-size:14pt }
.code { border-collapse:collapse; width:100%; font-family: "Andale Mono", monospace; font-size:10pt; line-height: 1.2em }
.color_black { color: black }
.color_blue { color: blue }
.color_green { color: green }
.color_orange { color: orange }
.color_red { color: red }
.line { border-left: 3px solid #ccc; padding-left: 1ex; white-space: pre; }
.msg { background-color:#fff8b4; color:#000; float:left; font-family:Helvetica, sans-serif; font-size: smaller; font-weight: bold; margin-bottom:10px; margin-top:10px; max-width:60em; padding:0.5em 1ex 0.5em 1ex; -webkit-border-radius:5px; -webkit-box-shadow:1px 1px 7px #000; white-space: pre-wrap; word-wrap: break-word; }
.num { background-color:#eee; color:#444; font-size: smaller; padding-right:2ex; text-align:right; width:2.5em; }
.dangling { background-color:white; color: gray; }
.visited { background-color:LemonChiffon; color: darkmagenta; }
.tooltip { display: none; background-color:#FFF0F0; border: 2px solid #F00; font-weight: normal; left:10em; padding: 2px; position: absolute; top: -1em; -webkit-border-radius:5px; -webkit-box-shadow:1px 1px 7px #000; z-index: 1}
.with_tooltip { position: relative; }
.with_tooltip:hover .tooltip, .visited:hover .tooltip { display: block; }
</style>
</head>
<body>
<center><h1>Cfg Node <a href="./../../TestMethodTest.java.cd3cd8b636ee5ff567d7c528578264cd.html#LINE240">3</a></h1></center>PROC: <a href="./../org.junit.tests.running.methods.TestMethodTest.constructorParameter%28%29%3Avoid.5c927cca4632d5bafedcb78a9a7a55b3.html">void TestMethodTest.constructorParameter()</a> LINE: <a href="./../../TestMethodTest.java.cd3cd8b636ee5ff567d7c528578264cd.html#LINE240">240</a>
<br>PREDS:
<br>SUCCS:
<a href="./../nodes/org.junit.tests.running.methods.TestMethodTest.constructorParameter%28%29%3Avoid.5c927cca4632d5bafedcb78a9a7a55b3_node2.html"><span class='visited with_tooltip'>N_2<span class='tooltip'>node2 preds:5 3 succs: exn: </span></span></a><br>EXN:
<a href="./../nodes/org.junit.tests.running.methods.TestMethodTest.constructorParameter%28%29%3Avoid.5c927cca4632d5bafedcb78a9a7a55b3_node2.html"><span class='visited with_tooltip'>N_2<span class='tooltip'>node2 preds:5 3 succs: exn: </span></span></a><br>
<LISTING class='color_green'></LISTING>
<hr width="100%">
<a name="session2" href="./../nodes/org.junit.tests.running.methods.TestMethodTest.constructorParameter%28%29%3Avoid.5c927cca4632d5bafedcb78a9a7a55b3_node3.html#session2">node3#session2</a>(<a href="./../../TestMethodTest.java.cd3cd8b636ee5ff567d7c528578264cd.html#LINE240">240</a>) [compute pre] liveness 3
<LISTING class='color_black'></LISTING>
<hr width="100%">
<a name="session3" href="./../nodes/org.junit.tests.running.methods.TestMethodTest.constructorParameter%28%29%3Avoid.5c927cca4632d5bafedcb78a9a7a55b3_node3.html#session3">node3#session3</a>(<a href="./../../TestMethodTest.java.cd3cd8b636ee5ff567d7c528578264cd.html#LINE240">240</a>) [exec] liveness 3
<LISTING class='color_black'>PRE STATE:
normal:{ }, exn:{ }

INSTR=  SKIP; 

STATE UNCHANGED

</LISTING>
<hr width="100%">
<a name="session15" href="./../nodes/org.junit.tests.running.methods.TestMethodTest.constructorParameter%28%29%3Avoid.5c927cca4632d5bafedcb78a9a7a55b3_node3.html#session15">node3#session15</a>(<a href="./../../TestMethodTest.java.cd3cd8b636ee5ff567d7c528578264cd.html#LINE240">240</a>) [compute pre] nullify
<LISTING class='color_black'>JOIN

LEFT:   (normal:{ }, exn:{ },
normal:{ n$0, n$1, $irvar0 }, exn:{ })
RIGHT:  (normal:{ }, exn:{ },
normal:{ }, exn:{ })
RESULT: (normal:{ }, exn:{ },
normal:{ n$0, n$1, $irvar0 }, exn:{ })

</LISTING>
<hr width="100%">
<a name="session16" href="./../nodes/org.junit.tests.running.methods.TestMethodTest.constructorParameter%28%29%3Avoid.5c927cca4632d5bafedcb78a9a7a55b3_node3.html#session16">node3#session16</a>(<a href="./../../TestMethodTest.java.cd3cd8b636ee5ff567d7c528578264cd.html#LINE240">240</a>) [exec] nullify
<LISTING class='color_black'>PRE STATE:
(normal:{ }, exn:{ },normal:{ n$0, n$1, $irvar0 }, exn:{ })

INSTR=  SKIP; 

STATE:
(normal:{ }, exn:{ },normal:{ }, exn:{ })

</LISTING>
<hr width="100%">
<a name="session32" href="./../nodes/org.junit.tests.running.methods.TestMethodTest.constructorParameter%28%29%3Avoid.5c927cca4632d5bafedcb78a9a7a55b3_node3.html#session32">node3#session32</a>(<a href="./../../TestMethodTest.java.cd3cd8b636ee5ff567d7c528578264cd.html#LINE240">240</a>) [exec] devirtualizer
<LISTING class='color_black'></LISTING>
<hr width="100%">
<a name="session18" href="./../nodes/org.junit.tests.running.methods.TestMethodTest.constructorParameter%28%29%3Avoid.5c927cca4632d5bafedcb78a9a7a55b3_node3.html#session18">node3#session18</a>(<a href="./../../TestMethodTest.java.cd3cd8b636ee5ff567d7c528578264cd.html#LINE240">240</a>) biabduction
<LISTING class='color_black'>**** [FP:Pending] void TestMethodTest.constructorParameter() Node: 3, Procedure: void TestMethodTest.constructorParameter(), Todo: 1 ****
  PROP 1 of 1:
  <span class='color_blue'><span class='color_red'>null != org.junit.tests.running.methods.TestMethodTest$ConstructorParameter</span>; <span class='color_red'>MEMne &lt; new:239 &gt; <span class='color_orange'>{vpath: }</span>(_t$3)</span>; <span class='color_red'>MEMne &lt; BlockJUnit4ClassRunner.<init>(Class):239 &gt; <span class='color_orange'>{vpath: }</span>(_t$2)</span>; <span class='color_red'>MEMne &lt; BlockJUnit4ClassRunner.<init>(Class):239 &gt; <span class='color_orange'>{vpath: }</span>(_t$1)</span>; <span class='color_red'>MEMne &lt; BlockJUnit4ClassRunner.<init>(Class):239 &gt; <span class='color_orange'>{vpath: }</span>(_t$0)</span> ;
  <span class='color_red'>$irvar0 = 0<span class='color_orange'>nullify</span>:void</span>; <span class='color_red'>return = EXN _t$0<span class='color_orange'>update:239</span>:void</span>; <span class='color_red'>this = @f$0<span class='color_orange'>formal</span>:org.junit.tests.running.methods.TestMethodTest*( sub )</span>; <span class='color_red'>old_this = @f$0<span class='color_orange'>formal</span>:org.junit.tests.running.methods.TestMethodTest*( sub )</span> ;
  <span class='color_red'>_t$0|->{}<span class='color_orange'>alloc</span>:java.lang.IllegalArgumentException</span>
  [footprint
     <span class='color_red'>null != org.junit.tests.running.methods.TestMethodTest$ConstructorParameter</span> *
     <span class='color_red'>this = @f$0<span class='color_orange'>formal</span>:org.junit.tests.running.methods.TestMethodTest*( sub )</span>  ]</span>
  .... Instructions: ....
  <span class='color_green'>APPLY_ABSTRACTION; [line 240];
  </span>
  
  Processing prop 1/1
    Instruction <span class='color_green'>APPLY_ABSTRACTION; [line 240]</span>
    in vpath_find exp:_t$3
    vpath_find: cannot find _t$3
    in vpath_find exp:_t$2
    vpath_find: cannot find _t$2
    in vpath_find exp:_t$1
    vpath_find: cannot find _t$1
    in vpath_find exp:_t$0
    vpath_find: cannot find _t$0
    Prover.check_inconsistency_base: inconsistency reason [None]
    Prover.check_inconsistency_base: inconsistency reason [None]
    <span class='color_blue'>MEMne &lt; BlockJUnit4ClassRunner.<init>(Class):239 &gt; <span class='color_orange'>{vpath: }</span>(_t$0) ;
    $irvar0 = 0<span class='color_orange'>nullify</span>:void; return = EXN _t$0<span class='color_orange'>update:239</span>:void; this = @f$0<span class='color_orange'>formal</span>:org.junit.tests.running.methods.TestMethodTest*( sub ); old_this = @f$0<span class='color_orange'>formal</span>:org.junit.tests.running.methods.TestMethodTest*( sub ) ;
    _t$0|->{}<span class='color_orange'>alloc</span>:java.lang.IllegalArgumentException
    [footprint
       this = @f$0<span class='color_orange'>formal</span>:org.junit.tests.running.methods.TestMethodTest*( sub )  ]</span>
    Instruction Returns
    PROP 1 of 1:
    <span class='color_blue'><span class='color_blue'>MEMne &lt; BlockJUnit4ClassRunner.<init>(Class):239 &gt; <span class='color_orange'>{vpath: }</span>(_t$0)</span> ;
    <span class='color_blue'>$irvar0 = 0<span class='color_orange'>nullify</span>:void</span>; <span class='color_blue'>return = EXN _t$0<span class='color_orange'>update:239</span>:void</span>; <span class='color_blue'>this = @f$0<span class='color_orange'>formal</span>:org.junit.tests.running.methods.TestMethodTest*( sub )</span>; <span class='color_blue'>old_this = @f$0<span class='color_orange'>formal</span>:org.junit.tests.running.methods.TestMethodTest*( sub )</span> ;
    <span class='color_blue'>_t$0|->{}<span class='color_orange'>alloc</span>:java.lang.IllegalArgumentException</span>
    [footprint
       <span class='color_blue'>this = @f$0<span class='color_orange'>formal</span>:org.junit.tests.running.methods.TestMethodTest*( sub )</span>  ]</span>
    
    .... After Symbolic Execution ....
    PROP 1 of 1:
    <span class='color_blue'><span class='color_blue'>MEMne &lt; BlockJUnit4ClassRunner.<init>(Class):239 &gt; <span class='color_orange'>{vpath: }</span>(_t$0)</span> ;
    <span class='color_blue'>$irvar0 = 0<span class='color_orange'>nullify</span>:void</span>; <span class='color_blue'>return = EXN _t$0<span class='color_orange'>update:239</span>:void</span>; <span class='color_blue'>this = @f$0<span class='color_orange'>formal</span>:org.junit.tests.running.methods.TestMethodTest*( sub )</span>; <span class='color_blue'>old_this = @f$0<span class='color_orange'>formal</span>:org.junit.tests.running.methods.TestMethodTest*( sub )</span> ;
    <span class='color_blue'>_t$0|->{}<span class='color_orange'>alloc</span>:java.lang.IllegalArgumentException</span>
    [footprint
       <span class='color_blue'>this = @f$0<span class='color_orange'>formal</span>:org.junit.tests.running.methods.TestMethodTest*( sub )</span>  ]</span>
    
    
    
  </LISTING>
<hr width="100%">
<a name="session25" href="./../nodes/org.junit.tests.running.methods.TestMethodTest.constructorParameter%28%29%3Avoid.5c927cca4632d5bafedcb78a9a7a55b3_node3.html#session25">node3#session25</a>(<a href="./../../TestMethodTest.java.cd3cd8b636ee5ff567d7c528578264cd.html#LINE240">240</a>) biabduction
<LISTING class='color_black'>**** [RE:Pending] void TestMethodTest.constructorParameter() Node: 3, Procedure: void TestMethodTest.constructorParameter(), Todo: 1 ****
  PROP 1 of 1:
  <span class='color_blue'><span class='color_red'>null != org.junit.tests.running.methods.TestMethodTest$ConstructorParameter</span>; <span class='color_red'>MEMne &lt; new:239 &gt; <span class='color_orange'>{vpath: }</span>(_t$3)</span>; <span class='color_red'>MEMne &lt; BlockJUnit4ClassRunner.<init>(Class):239 &gt; <span class='color_orange'>{vpath: }</span>(_t$2)</span>; <span class='color_red'>MEMne &lt; BlockJUnit4ClassRunner.<init>(Class):239 &gt; <span class='color_orange'>{vpath: }</span>(_t$1)</span>; <span class='color_red'>MEMne &lt; BlockJUnit4ClassRunner.<init>(Class):239 &gt; <span class='color_orange'>{vpath: }</span>(_t$0)</span> ;
  <span class='color_red'>$irvar0 = 0<span class='color_orange'>nullify</span>:void</span>; <span class='color_red'>return = EXN _t$0<span class='color_orange'>update:239</span>:void</span>; <span class='color_red'>this = val$1<span class='color_orange'>formal</span>:org.junit.tests.running.methods.TestMethodTest*( sub )</span>; <span class='color_red'>old_this = val$1<span class='color_orange'>formal</span>:org.junit.tests.running.methods.TestMethodTest*( sub )</span> ;
  <span class='color_red'>_t$0|->{}<span class='color_orange'>alloc</span>:java.lang.IllegalArgumentException</span></span>
  .... Instructions: ....
  <span class='color_green'>APPLY_ABSTRACTION; [line 240];
  </span>
  
  Processing prop 1/1
    Instruction <span class='color_green'>APPLY_ABSTRACTION; [line 240]</span>
    in vpath_find exp:_t$3
    vpath_find: cannot find _t$3
    in vpath_find exp:_t$2
    vpath_find: cannot find _t$2
    in vpath_find exp:_t$1
    vpath_find: cannot find _t$1
    in vpath_find exp:_t$0
    vpath_find: cannot find _t$0
    Prover.check_inconsistency_base: inconsistency reason [None]
    Prover.check_inconsistency_base: inconsistency reason [None]
    <span class='color_blue'>MEMne &lt; BlockJUnit4ClassRunner.<init>(Class):239 &gt; <span class='color_orange'>{vpath: }</span>(_t$0) ;
    $irvar0 = 0<span class='color_orange'>nullify</span>:void; return = EXN _t$0<span class='color_orange'>update:239</span>:void; this = val$1<span class='color_orange'>formal</span>:org.junit.tests.running.methods.TestMethodTest*( sub ); old_this = val$1<span class='color_orange'>formal</span>:org.junit.tests.running.methods.TestMethodTest*( sub ) ;
    _t$0|->{}<span class='color_orange'>alloc</span>:java.lang.IllegalArgumentException</span>
    Instruction Returns
    PROP 1 of 1:
    <span class='color_blue'><span class='color_blue'>MEMne &lt; BlockJUnit4ClassRunner.<init>(Class):239 &gt; <span class='color_orange'>{vpath: }</span>(_t$0)</span> ;
    <span class='color_blue'>$irvar0 = 0<span class='color_orange'>nullify</span>:void</span>; <span class='color_blue'>return = EXN _t$0<span class='color_orange'>update:239</span>:void</span>; <span class='color_blue'>this = val$1<span class='color_orange'>formal</span>:org.junit.tests.running.methods.TestMethodTest*( sub )</span>; <span class='color_blue'>old_this = val$1<span class='color_orange'>formal</span>:org.junit.tests.running.methods.TestMethodTest*( sub )</span> ;
    <span class='color_blue'>_t$0|->{}<span class='color_orange'>alloc</span>:java.lang.IllegalArgumentException</span></span>
    
    .... After Symbolic Execution ....
    PROP 1 of 1:
    <span class='color_blue'><span class='color_blue'>MEMne &lt; BlockJUnit4ClassRunner.<init>(Class):239 &gt; <span class='color_orange'>{vpath: }</span>(_t$0)</span> ;
    <span class='color_blue'>$irvar0 = 0<span class='color_orange'>nullify</span>:void</span>; <span class='color_blue'>return = EXN _t$0<span class='color_orange'>update:239</span>:void</span>; <span class='color_blue'>this = val$1<span class='color_orange'>formal</span>:org.junit.tests.running.methods.TestMethodTest*( sub )</span>; <span class='color_blue'>old_this = val$1<span class='color_orange'>formal</span>:org.junit.tests.running.methods.TestMethodTest*( sub )</span> ;
    <span class='color_blue'>_t$0|->{}<span class='color_orange'>alloc</span>:java.lang.IllegalArgumentException</span></span>
    
    
    
  </LISTING>