<!DOCTYPE HTML PUBLIC "-//W3C//DTD HTML 4.01 Transitional//EN">
<html>
<head>
<title>org.junit.tests.running.methods.TestMethodTest.validateInheritedMethods():void.0dcbe4f38ccd7191c49bbb50736a3259_node6</title>
<meta http-equiv="Content-Type" content="text/html; charset=utf-8">
<style type="text/css">
body { background-color:#fff; color:#000; font-family:Helvetica, sans-serif; font-size:10pt }
h1 { font-size:14pt }
.code { border-collapse:collapse; width:100%; font-family: "Andale Mono", monospace; font-size:10pt; line-height: 1.2em }
.color_black { color: black }
.color_blue { color: blue }
.color_green { color: green }
.color_orange { color: orange }
.color_red { color: red }
.line { border-left: 3px solid #ccc; padding-left: 1ex; white-space: pre; }
.msg { background-color:#fff8b4; color:#000; float:left; font-family:Helvetica, sans-serif; font-size: smaller; font-weight: bold; margin-bottom:10px; margin-top:10px; max-width:60em; padding:0.5em 1ex 0.5em 1ex; -webkit-border-radius:5px; -webkit-box-shadow:1px 1px 7px #000; white-space: pre-wrap; word-wrap: break-word; }
.num { background-color:#eee; color:#444; font-size: smaller; padding-right:2ex; text-align:right; width:2.5em; }
.dangling { background-color:white; color: gray; }
.visited { background-color:LemonChiffon; color: darkmagenta; }
.tooltip { display: none; background-color:#FFF0F0; border: 2px solid #F00; font-weight: normal; left:10em; padding: 2px; position: absolute; top: -1em; -webkit-border-radius:5px; -webkit-box-shadow:1px 1px 7px #000; z-index: 1}
.with_tooltip { position: relative; }
.with_tooltip:hover .tooltip, .visited:hover .tooltip { display: block; }
</style>
</head>
<body>
<center><h1>Cfg Node <a href="./../../TestMethodTest.java.cd3cd8b636ee5ff567d7c528578264cd.html#LINE157">6</a></h1></center>PROC: <a href="./../org.junit.tests.running.methods.TestMethodTest.validateInheritedMethods%28%29%3Avoid.0dcbe4f38ccd7191c49bbb50736a3259.html">void TestMethodTest.validateInheritedMethods()</a> LINE: <a href="./../../TestMethodTest.java.cd3cd8b636ee5ff567d7c528578264cd.html#LINE157">157</a>
<br>PREDS:
<a href="./../nodes/org.junit.tests.running.methods.TestMethodTest.validateInheritedMethods%28%29%3Avoid.0dcbe4f38ccd7191c49bbb50736a3259_node5.html"><span class='visited with_tooltip'>N_5<span class='tooltip'>node5 preds:4 succs:6 exn:3 </span></span></a><br>SUCCS:
<a href="./../nodes/org.junit.tests.running.methods.TestMethodTest.validateInheritedMethods%28%29%3Avoid.0dcbe4f38ccd7191c49bbb50736a3259_node7.html"><span class='visited with_tooltip'>N_7<span class='tooltip'>node7 preds:6 succs:2 exn:3 </span></span></a><br>EXN:
<a href="./../nodes/org.junit.tests.running.methods.TestMethodTest.validateInheritedMethods%28%29%3Avoid.0dcbe4f38ccd7191c49bbb50736a3259_node3.html"><span class='visited with_tooltip'>N_3<span class='tooltip'>node3 preds: succs:2 exn:2 </span></span></a><br>
<LISTING class='color_green'>n$5=*&amp;$irvar0:int [line 157];
n$6=_fun_void Assert.assertEquals(long,long)(1:long,(long)n$5:long) [line 157];
</LISTING>
<hr width="100%">
<a name="session6" href="./../nodes/org.junit.tests.running.methods.TestMethodTest.validateInheritedMethods%28%29%3Avoid.0dcbe4f38ccd7191c49bbb50736a3259_node6.html#session6">node6#session6</a>(<a href="./../../TestMethodTest.java.cd3cd8b636ee5ff567d7c528578264cd.html#LINE157">157</a>) [compute pre] liveness 6
<LISTING class='color_black'>JOIN

LEFT:   normal:{ }, exn:{ }
RIGHT:  normal:{ }, exn:{ }
RESULT: normal:{ }, exn:{ }

</LISTING>
<hr width="100%">
<a name="session7" href="./../nodes/org.junit.tests.running.methods.TestMethodTest.validateInheritedMethods%28%29%3Avoid.0dcbe4f38ccd7191c49bbb50736a3259_node6.html#session7">node6#session7</a>(<a href="./../../TestMethodTest.java.cd3cd8b636ee5ff567d7c528578264cd.html#LINE157">157</a>) [exec] liveness 6
<LISTING class='color_black'>PRE STATE:
normal:{ }, exn:{ }

INSTR=  n$6=_fun_void Assert.assertEquals(long,long)(1:long,(long)n$5:long) [line 157]; 

STATE:
normal:{ n$5 }, exn:{ }

INSTR=  n$5=*&amp;$irvar0:int [line 157]; 

STATE:
normal:{ $irvar0 }, exn:{ }

</LISTING>
<hr width="100%">
<a name="session19" href="./../nodes/org.junit.tests.running.methods.TestMethodTest.validateInheritedMethods%28%29%3Avoid.0dcbe4f38ccd7191c49bbb50736a3259_node6.html#session19">node6#session19</a>(<a href="./../../TestMethodTest.java.cd3cd8b636ee5ff567d7c528578264cd.html#LINE157">157</a>) [compute pre] nullify
<LISTING class='color_black'></LISTING>
<hr width="100%">
<a name="session20" href="./../nodes/org.junit.tests.running.methods.TestMethodTest.validateInheritedMethods%28%29%3Avoid.0dcbe4f38ccd7191c49bbb50736a3259_node6.html#session20">node6#session20</a>(<a href="./../../TestMethodTest.java.cd3cd8b636ee5ff567d7c528578264cd.html#LINE157">157</a>) [exec] nullify
<LISTING class='color_black'>PRE STATE:
(normal:{ $irvar0 }, exn:{ },normal:{ _, n$2, n$4, problems }, exn:{ })

INSTR=  n$5=*&amp;$irvar0:int [line 157]; 

STATE:
(normal:{ n$5, $irvar0 }, exn:{ },normal:{ _, n$2, n$4, problems }, exn:{ })

INSTR=  n$6=_fun_void Assert.assertEquals(long,long)(1:long,(long)n$5:long) [line 157]; 

STATE:
(normal:{ }, exn:{ },normal:{ n$5, n$6, $irvar0 }, exn:{ })

</LISTING>
<hr width="100%">
<a name="session32" href="./../nodes/org.junit.tests.running.methods.TestMethodTest.validateInheritedMethods%28%29%3Avoid.0dcbe4f38ccd7191c49bbb50736a3259_node6.html#session32">node6#session32</a>(<a href="./../../TestMethodTest.java.cd3cd8b636ee5ff567d7c528578264cd.html#LINE157">157</a>) [compute pre] devirtualizer analysis 6
<LISTING class='color_black'></LISTING>
<hr width="100%">
<a name="session33" href="./../nodes/org.junit.tests.running.methods.TestMethodTest.validateInheritedMethods%28%29%3Avoid.0dcbe4f38ccd7191c49bbb50736a3259_node6.html#session33">node6#session33</a>(<a href="./../../TestMethodTest.java.cd3cd8b636ee5ff567d7c528578264cd.html#LINE157">157</a>) [exec] devirtualizer analysis 6
<LISTING class='color_black'>PRE STATE:
{ }

INSTR=  n$5=*&amp;$irvar0:int [line 157]; 

STATE UNCHANGED

INSTR=  n$6=_fun_void Assert.assertEquals(long,long)(1:long,(long)n$5:long) [line 157]; 

STATE UNCHANGED

INSTR=  NULLIFY(&amp;$irvar0); [line 157]; 

STATE UNCHANGED

INSTR=  EXIT_SCOPE(n$5,n$6,$irvar0); [line 157]; 

STATE UNCHANGED

</LISTING>
<hr width="100%">
<a name="session39" href="./../nodes/org.junit.tests.running.methods.TestMethodTest.validateInheritedMethods%28%29%3Avoid.0dcbe4f38ccd7191c49bbb50736a3259_node6.html#session39">node6#session39</a>(<a href="./../../TestMethodTest.java.cd3cd8b636ee5ff567d7c528578264cd.html#LINE157">157</a>) [exec] devirtualizer
<LISTING class='color_black'></LISTING>
<hr width="100%">
<a name="session40" href="./../nodes/org.junit.tests.running.methods.TestMethodTest.validateInheritedMethods%28%29%3Avoid.0dcbe4f38ccd7191c49bbb50736a3259_node6.html#session40">node6#session40</a>(<a href="./../../TestMethodTest.java.cd3cd8b636ee5ff567d7c528578264cd.html#LINE157">157</a>) [exec] devirtualizer
<LISTING class='color_black'></LISTING>
<hr width="100%">
<a name="session41" href="./../nodes/org.junit.tests.running.methods.TestMethodTest.validateInheritedMethods%28%29%3Avoid.0dcbe4f38ccd7191c49bbb50736a3259_node6.html#session41">node6#session41</a>(<a href="./../../TestMethodTest.java.cd3cd8b636ee5ff567d7c528578264cd.html#LINE157">157</a>) [exec] devirtualizer
<LISTING class='color_black'></LISTING>
<hr width="100%">
<a name="session42" href="./../nodes/org.junit.tests.running.methods.TestMethodTest.validateInheritedMethods%28%29%3Avoid.0dcbe4f38ccd7191c49bbb50736a3259_node6.html#session42">node6#session42</a>(<a href="./../../TestMethodTest.java.cd3cd8b636ee5ff567d7c528578264cd.html#LINE157">157</a>) [exec] devirtualizer
<LISTING class='color_black'></LISTING>
<hr width="100%">
<a name="session6" href="./../nodes/org.junit.tests.running.methods.TestMethodTest.validateInheritedMethods%28%29%3Avoid.0dcbe4f38ccd7191c49bbb50736a3259_node6.html#session6">node6#session6</a>(<a href="./../../TestMethodTest.java.cd3cd8b636ee5ff567d7c528578264cd.html#LINE157">157</a>) [compute pre] starvation
<LISTING class='color_black'></LISTING>
<hr width="100%">
<a name="session7" href="./../nodes/org.junit.tests.running.methods.TestMethodTest.validateInheritedMethods%28%29%3Avoid.0dcbe4f38ccd7191c49bbb50736a3259_node6.html#session7">node6#session7</a>(<a href="./../../TestMethodTest.java.cd3cd8b636ee5ff567d7c528578264cd.html#LINE157">157</a>) [exec] starvation
<LISTING class='color_black'>PRE STATE:
{guard_map= { }; lock_state= {map= { }; acquisitions= { }};
 critical_pairs= { }; attributes= { }; thread= UnknownThread;
 scheduled_work= { }; var_state= { }}

INSTR=  n$5=*&amp;$irvar0:int [line 157]; 

STATE:
{guard_map= { }; lock_state= {map= { }; acquisitions= { }};
 critical_pairs= { }; attributes= { }; thread= UnknownThread;
 scheduled_work= { }; var_state= { n$5 -&gt; $irvar0 }}

INSTR=  n$6=_fun_void Assert.assertEquals(long,long)(1:long,(long)n$5:long) [line 157]; 

STATE:
{guard_map= { }; lock_state= {map= { }; acquisitions= { }};
 critical_pairs= { }; attributes= { }; thread= UnknownThread;
 scheduled_work= { }; var_state= { n$5 -&gt; $irvar0 }}

INSTR=  NULLIFY(&amp;$irvar0); [line 157]; 

STATE UNCHANGED

INSTR=  EXIT_SCOPE(n$5,n$6,$irvar0); [line 157]; 

STATE:
{guard_map= { }; lock_state= {map= { }; acquisitions= { }};
 critical_pairs= { }; attributes= { }; thread= UnknownThread;
 scheduled_work= { }; var_state= { }}

</LISTING>
<hr width="100%">
<a name="session17" href="./../nodes/org.junit.tests.running.methods.TestMethodTest.validateInheritedMethods%28%29%3Avoid.0dcbe4f38ccd7191c49bbb50736a3259_node6.html#session17">node6#session17</a>(<a href="./../../TestMethodTest.java.cd3cd8b636ee5ff567d7c528578264cd.html#LINE157">157</a>) [compute pre] racerd
<LISTING class='color_black'></LISTING>
<hr width="100%">
<a name="session18" href="./../nodes/org.junit.tests.running.methods.TestMethodTest.validateInheritedMethods%28%29%3Avoid.0dcbe4f38ccd7191c49bbb50736a3259_node6.html#session18">node6#session18</a>(<a href="./../../TestMethodTest.java.cd3cd8b636ee5ff567d7c528578264cd.html#LINE157">157</a>) [exec] racerd
<LISTING class='color_black'>PRE STATE:
Threads: NoThread, Locks: 0 
Accesses { {elem= Access: Read of model.TestClass.FIELD_COMPARATOR Thread: NoThread Lock: false Pre: Unowned;
            loc= line 78;
            trace= { List TestMethodTest.validateAllMethods(Class) at line 156,
                     BlockJUnit4ClassRunner.&lt;init&gt;(Class) at line 175,
                     ParentRunner.&lt;init&gt;(Class) at line 74,
                     TestClass ParentRunner.createTestClass(Class) at line 91,
                     TestClass.&lt;init&gt;(Class) at line 111,
                     void TestClass.scanAnnotatedMembers(Map,Map) at line 57,
                     Field[] TestClass.getSortedDeclaredFields(Class) at line 70 }},
           {elem= Access: Read of lang.Void.TYPE Thread: NoThread Lock: false Pre: Unowned;
            loc= line 107;
            trace= { List TestMethodTest.validateAllMethods(Class) at line 156,
                     BlockJUnit4ClassRunner.&lt;init&gt;(Class) at line 175,
                     ParentRunner.&lt;init&gt;(Class) at line 74,
                     void ParentRunner.validate() at line 92,
                     void ParentRunner.collectInitializationErrors(List) at line 523,
                     void ParentRunner.validatePublicVoidNoArgMethods(Class,boolean,List) at line 148,
                     void FrameworkMethod.validatePublicVoidNoArg(boolean,List) at line 178,
                     void FrameworkMethod.validatePublicVoid(boolean,List) at line 83 }},
           {elem= Access: Read of runners.ParentRunner.VALIDATORS Thread: NoThread Lock: false Pre: Unowned;
            loc= line 156;
            trace= { List TestMethodTest.validateAllMethods(Class) at line 156,
                     BlockJUnit4ClassRunner.&lt;init&gt;(Class) at line 175,
                     ParentRunner.&lt;init&gt;(Class) at line 74,
                     void ParentRunner.validate() at line 92,
                     void ParentRunner.collectInitializationErrors(List) at line 523,
                     void ParentRunner.applyValidators(List) at line 151 }},
           {elem= Access: Read of internal.MethodSorter.DEFAULT Thread: NoThread Lock: false Pre: Unowned;
            loc= line 67;
            trace= { List TestMethodTest.validateAllMethods(Class) at line 156,
                     BlockJUnit4ClassRunner.&lt;init&gt;(Class) at line 175,
                     ParentRunner.&lt;init&gt;(Class) at line 74,
                     TestClass ParentRunner.createTestClass(Class) at line 91,
                     TestClass.&lt;init&gt;(Class) at line 111,
                     void TestClass.scanAnnotatedMembers(Map,Map) at line 57,
                     Method[] MethodSorter.getDeclaredMethods(Class) at line 65,
                     Comparator MethodSorter.getSorter(FixMethodOrder) at line 52 }},
           {elem= Access: Read of rules.RuleMemberValidator.CLASS_RULE_METHOD_VALIDATOR Thread: NoThread Lock: false Pre: Unowned;
            loc= line 184;
            trace= { List TestMethodTest.validateAllMethods(Class) at line 156,
                     BlockJUnit4ClassRunner.&lt;init&gt;(Class) at line 175,
                     ParentRunner.&lt;init&gt;(Class) at line 74,
                     void ParentRunner.validate() at line 92,
                     void ParentRunner.collectInitializationErrors(List) at line 523,
                     void ParentRunner.validateClassRules(List) at line 150 }},
           {elem= Access: Read of rules.RuleMemberValidator.CLASS_RULE_VALIDATOR Thread: NoThread Lock: false Pre: Unowned;
            loc= line 183;
            trace= { List TestMethodTest.validateAllMethods(Class) at line 156,
                     BlockJUnit4ClassRunner.&lt;init&gt;(Class) at line 175,
                     ParentRunner.&lt;init&gt;(Class) at line 74,
                     void ParentRunner.validate() at line 92,
                     void ParentRunner.collectInitializationErrors(List) at line 523,
                     void ParentRunner.validateClassRules(List) at line 150 }},
           {elem= Access: Read of rules.RuleMemberValidator.CLASS_RULE_METHOD_VALIDATOR-&gt;annotation Thread: NoThread Lock: false Pre: Unowned;
            loc= line 89;
            trace= { List TestMethodTest.validateAllMethods(Class) at line 156,
                     BlockJUnit4ClassRunner.&lt;init&gt;(Class) at line 175,
                     ParentRunner.&lt;init&gt;(Class) at line 74,
                     void ParentRunner.validate() at line 92,
                     void ParentRunner.collectInitializationErrors(List) at line 523,
                     void ParentRunner.validateClassRules(List) at line 150,
                     void RuleMemberValidator.validate(TestClass,List) at line 184 }},
           {elem= Access: Read of rules.RuleMemberValidator.CLASS_RULE_METHOD_VALIDATOR-&gt;methods Thread: NoThread Lock: false Pre: Unowned;
            loc= line 89;
            trace= { List TestMethodTest.validateAllMethods(Class) at line 156,
                     BlockJUnit4ClassRunner.&lt;init&gt;(Class) at line 175,
                     ParentRunner.&lt;init&gt;(Class) at line 74,
                     void ParentRunner.validate() at line 92,
                     void ParentRunner.collectInitializationErrors(List) at line 523,
                     void ParentRunner.validateClassRules(List) at line 150,
                     void RuleMemberValidator.validate(TestClass,List) at line 184 }},
           {elem= Access: Read of rules.RuleMemberValidator.CLASS_RULE_METHOD_VALIDATOR-&gt;validatorStrategies Thread: NoThread Lock: false Pre: Unowned;
            loc= line 98;
            trace= { List TestMethodTest.validateAllMethods(Class) at line 156,
                     BlockJUnit4ClassRunner.&lt;init&gt;(Class) at line 175,
                     ParentRunner.&lt;init&gt;(Class) at line 74,
                     void ParentRunner.validate() at line 92,
                     void ParentRunner.collectInitializationErrors(List) at line 523,
                     void ParentRunner.validateClassRules(List) at line 150,
                     void RuleMemberValidator.validate(TestClass,List) at line 184,
                     void RuleMemberValidator.validateMember(FrameworkMember,List) at line 93 }},
           {elem= Access: Read of rules.RuleMemberValidator.CLASS_RULE_VALIDATOR-&gt;annotation Thread: NoThread Lock: false Pre: Unowned;
            loc= line 89;
            trace= { List TestMethodTest.validateAllMethods(Class) at line 156,
                     BlockJUnit4ClassRunner.&lt;init&gt;(Class) at line 175,
                     ParentRunner.&lt;init&gt;(Class) at line 74,
                     void ParentRunner.validate() at line 92,
                     void ParentRunner.collectInitializationErrors(List) at line 523,
                     void ParentRunner.validateClassRules(List) at line 150,
                     void RuleMemberValidator.validate(TestClass,List) at line 183 }},
           {elem= Access: Read of rules.RuleMemberValidator.CLASS_RULE_VALIDATOR-&gt;methods Thread: NoThread Lock: false Pre: Unowned;
            loc= line 89;
            trace= { List TestMethodTest.validateAllMethods(Class) at line 156,
                     BlockJUnit4ClassRunner.&lt;init&gt;(Class) at line 175,
                     ParentRunner.&lt;init&gt;(Class) at line 74,
                     void ParentRunner.validate() at line 92,
                     void ParentRunner.collectInitializationErrors(List) at line 523,
                     void ParentRunner.validateClassRules(List) at line 150,
                     void RuleMemberValidator.validate(TestClass,List) at line 183 }},
           {elem= Access: Read of rules.RuleMemberValidator.CLASS_RULE_VALIDATOR-&gt;validatorStrategies Thread: NoThread Lock: false Pre: Unowned;
            loc= line 98;
            trace= { List TestMethodTest.validateAllMethods(Class) at line 156,
                     BlockJUnit4ClassRunner.&lt;init&gt;(Class) at line 175,
                     ParentRunner.&lt;init&gt;(Class) at line 74,
                     void ParentRunner.validate() at line 92,
                     void ParentRunner.collectInitializationErrors(List) at line 523,
                     void ParentRunner.validateClassRules(List) at line 150,
                     void RuleMemberValidator.validate(TestClass,List) at line 183,
                     void RuleMemberValidator.validateMember(FrameworkMember,List) at line 93 }} } 
Ownership: { n$1 -&gt; Owned,
             n$4 -&gt; Owned,
             problems -&gt; Owned,
             this -&gt; OwnedIf{ 0 } } 
Attributes: { } 



INSTR=  n$6 := void Assert.assertEquals(long,long)({ 1, (long) n$4 }) [line 157]; 

STATE:
Threads: NoThread, Locks: 0 
Accesses { {elem= Access: Read of model.TestClass.FIELD_COMPARATOR Thread: NoThread Lock: false Pre: Unowned;
            loc= line 78;
            trace= { List TestMethodTest.validateAllMethods(Class) at line 156,
                     BlockJUnit4ClassRunner.&lt;init&gt;(Class) at line 175,
                     ParentRunner.&lt;init&gt;(Class) at line 74,
                     TestClass ParentRunner.createTestClass(Class) at line 91,
                     TestClass.&lt;init&gt;(Class) at line 111,
                     void TestClass.scanAnnotatedMembers(Map,Map) at line 57,
                     Field[] TestClass.getSortedDeclaredFields(Class) at line 70 }},
           {elem= Access: Read of lang.Void.TYPE Thread: NoThread Lock: false Pre: Unowned;
            loc= line 107;
            trace= { List TestMethodTest.validateAllMethods(Class) at line 156,
                     BlockJUnit4ClassRunner.&lt;init&gt;(Class) at line 175,
                     ParentRunner.&lt;init&gt;(Class) at line 74,
                     void ParentRunner.validate() at line 92,
                     void ParentRunner.collectInitializationErrors(List) at line 523,
                     void ParentRunner.validatePublicVoidNoArgMethods(Class,boolean,List) at line 148,
                     void FrameworkMethod.validatePublicVoidNoArg(boolean,List) at line 178,
                     void FrameworkMethod.validatePublicVoid(boolean,List) at line 83 }},
           {elem= Access: Read of runners.ParentRunner.VALIDATORS Thread: NoThread Lock: false Pre: Unowned;
            loc= line 156;
            trace= { List TestMethodTest.validateAllMethods(Class) at line 156,
                     BlockJUnit4ClassRunner.&lt;init&gt;(Class) at line 175,
                     ParentRunner.&lt;init&gt;(Class) at line 74,
                     void ParentRunner.validate() at line 92,
                     void ParentRunner.collectInitializationErrors(List) at line 523,
                     void ParentRunner.applyValidators(List) at line 151 }},
           {elem= Access: Read of internal.MethodSorter.DEFAULT Thread: NoThread Lock: false Pre: Unowned;
            loc= line 67;
            trace= { List TestMethodTest.validateAllMethods(Class) at line 156,
                     BlockJUnit4ClassRunner.&lt;init&gt;(Class) at line 175,
                     ParentRunner.&lt;init&gt;(Class) at line 74,
                     TestClass ParentRunner.createTestClass(Class) at line 91,
                     TestClass.&lt;init&gt;(Class) at line 111,
                     void TestClass.scanAnnotatedMembers(Map,Map) at line 57,
                     Method[] MethodSorter.getDeclaredMethods(Class) at line 65,
                     Comparator MethodSorter.getSorter(FixMethodOrder) at line 52 }},
           {elem= Access: Read of rules.RuleMemberValidator.CLASS_RULE_METHOD_VALIDATOR Thread: NoThread Lock: false Pre: Unowned;
            loc= line 184;
            trace= { List TestMethodTest.validateAllMethods(Class) at line 156,
                     BlockJUnit4ClassRunner.&lt;init&gt;(Class) at line 175,
                     ParentRunner.&lt;init&gt;(Class) at line 74,
                     void ParentRunner.validate() at line 92,
                     void ParentRunner.collectInitializationErrors(List) at line 523,
                     void ParentRunner.validateClassRules(List) at line 150 }},
           {elem= Access: Read of rules.RuleMemberValidator.CLASS_RULE_VALIDATOR Thread: NoThread Lock: false Pre: Unowned;
            loc= line 183;
            trace= { List TestMethodTest.validateAllMethods(Class) at line 156,
                     BlockJUnit4ClassRunner.&lt;init&gt;(Class) at line 175,
                     ParentRunner.&lt;init&gt;(Class) at line 74,
                     void ParentRunner.validate() at line 92,
                     void ParentRunner.collectInitializationErrors(List) at line 523,
                     void ParentRunner.validateClassRules(List) at line 150 }},
           {elem= Access: Read of rules.RuleMemberValidator.CLASS_RULE_METHOD_VALIDATOR-&gt;annotation Thread: NoThread Lock: false Pre: Unowned;
            loc= line 89;
            trace= { List TestMethodTest.validateAllMethods(Class) at line 156,
                     BlockJUnit4ClassRunner.&lt;init&gt;(Class) at line 175,
                     ParentRunner.&lt;init&gt;(Class) at line 74,
                     void ParentRunner.validate() at line 92,
                     void ParentRunner.collectInitializationErrors(List) at line 523,
                     void ParentRunner.validateClassRules(List) at line 150,
                     void RuleMemberValidator.validate(TestClass,List) at line 184 }},
           {elem= Access: Read of rules.RuleMemberValidator.CLASS_RULE_METHOD_VALIDATOR-&gt;methods Thread: NoThread Lock: false Pre: Unowned;
            loc= line 89;
            trace= { List TestMethodTest.validateAllMethods(Class) at line 156,
                     BlockJUnit4ClassRunner.&lt;init&gt;(Class) at line 175,
                     ParentRunner.&lt;init&gt;(Class) at line 74,
                     void ParentRunner.validate() at line 92,
                     void ParentRunner.collectInitializationErrors(List) at line 523,
                     void ParentRunner.validateClassRules(List) at line 150,
                     void RuleMemberValidator.validate(TestClass,List) at line 184 }},
           {elem= Access: Read of rules.RuleMemberValidator.CLASS_RULE_METHOD_VALIDATOR-&gt;validatorStrategies Thread: NoThread Lock: false Pre: Unowned;
            loc= line 98;
            trace= { List TestMethodTest.validateAllMethods(Class) at line 156,
                     BlockJUnit4ClassRunner.&lt;init&gt;(Class) at line 175,
                     ParentRunner.&lt;init&gt;(Class) at line 74,
                     void ParentRunner.validate() at line 92,
                     void ParentRunner.collectInitializationErrors(List) at line 523,
                     void ParentRunner.validateClassRules(List) at line 150,
                     void RuleMemberValidator.validate(TestClass,List) at line 184,
                     void RuleMemberValidator.validateMember(FrameworkMember,List) at line 93 }},
           {elem= Access: Read of rules.RuleMemberValidator.CLASS_RULE_VALIDATOR-&gt;annotation Thread: NoThread Lock: false Pre: Unowned;
            loc= line 89;
            trace= { List TestMethodTest.validateAllMethods(Class) at line 156,
                     BlockJUnit4ClassRunner.&lt;init&gt;(Class) at line 175,
                     ParentRunner.&lt;init&gt;(Class) at line 74,
                     void ParentRunner.validate() at line 92,
                     void ParentRunner.collectInitializationErrors(List) at line 523,
                     void ParentRunner.validateClassRules(List) at line 150,
                     void RuleMemberValidator.validate(TestClass,List) at line 183 }},
           {elem= Access: Read of rules.RuleMemberValidator.CLASS_RULE_VALIDATOR-&gt;methods Thread: NoThread Lock: false Pre: Unowned;
            loc= line 89;
            trace= { List TestMethodTest.validateAllMethods(Class) at line 156,
                     BlockJUnit4ClassRunner.&lt;init&gt;(Class) at line 175,
                     ParentRunner.&lt;init&gt;(Class) at line 74,
                     void ParentRunner.validate() at line 92,
                     void ParentRunner.collectInitializationErrors(List) at line 523,
                     void ParentRunner.validateClassRules(List) at line 150,
                     void RuleMemberValidator.validate(TestClass,List) at line 183 }},
           {elem= Access: Read of rules.RuleMemberValidator.CLASS_RULE_VALIDATOR-&gt;validatorStrategies Thread: NoThread Lock: false Pre: Unowned;
            loc= line 98;
            trace= { List TestMethodTest.validateAllMethods(Class) at line 156,
                     BlockJUnit4ClassRunner.&lt;init&gt;(Class) at line 175,
                     ParentRunner.&lt;init&gt;(Class) at line 74,
                     void ParentRunner.validate() at line 92,
                     void ParentRunner.collectInitializationErrors(List) at line 523,
                     void ParentRunner.validateClassRules(List) at line 150,
                     void RuleMemberValidator.validate(TestClass,List) at line 183,
                     void RuleMemberValidator.validateMember(FrameworkMember,List) at line 93 }} } 
Ownership: { n$1 -&gt; Owned,
             n$4 -&gt; Owned,
             n$6 -&gt; Unowned,
             problems -&gt; Owned,
             this -&gt; OwnedIf{ 0 } } 
Attributes: { } 


INSTR=  NULLIFY(&amp;$irvar0); [line 157]; 

STATE UNCHANGED

INSTR=  EXIT_SCOPE(n$6); [line 157]; 

STATE:
Threads: NoThread, Locks: 0 
Accesses { {elem= Access: Read of model.TestClass.FIELD_COMPARATOR Thread: NoThread Lock: false Pre: Unowned;
            loc= line 78;
            trace= { List TestMethodTest.validateAllMethods(Class) at line 156,
                     BlockJUnit4ClassRunner.&lt;init&gt;(Class) at line 175,
                     ParentRunner.&lt;init&gt;(Class) at line 74,
                     TestClass ParentRunner.createTestClass(Class) at line 91,
                     TestClass.&lt;init&gt;(Class) at line 111,
                     void TestClass.scanAnnotatedMembers(Map,Map) at line 57,
                     Field[] TestClass.getSortedDeclaredFields(Class) at line 70 }},
           {elem= Access: Read of lang.Void.TYPE Thread: NoThread Lock: false Pre: Unowned;
            loc= line 107;
            trace= { List TestMethodTest.validateAllMethods(Class) at line 156,
                     BlockJUnit4ClassRunner.&lt;init&gt;(Class) at line 175,
                     ParentRunner.&lt;init&gt;(Class) at line 74,
                     void ParentRunner.validate() at line 92,
                     void ParentRunner.collectInitializationErrors(List) at line 523,
                     void ParentRunner.validatePublicVoidNoArgMethods(Class,boolean,List) at line 148,
                     void FrameworkMethod.validatePublicVoidNoArg(boolean,List) at line 178,
                     void FrameworkMethod.validatePublicVoid(boolean,List) at line 83 }},
           {elem= Access: Read of runners.ParentRunner.VALIDATORS Thread: NoThread Lock: false Pre: Unowned;
            loc= line 156;
            trace= { List TestMethodTest.validateAllMethods(Class) at line 156,
                     BlockJUnit4ClassRunner.&lt;init&gt;(Class) at line 175,
                     ParentRunner.&lt;init&gt;(Class) at line 74,
                     void ParentRunner.validate() at line 92,
                     void ParentRunner.collectInitializationErrors(List) at line 523,
                     void ParentRunner.applyValidators(List) at line 151 }},
           {elem= Access: Read of internal.MethodSorter.DEFAULT Thread: NoThread Lock: false Pre: Unowned;
            loc= line 67;
            trace= { List TestMethodTest.validateAllMethods(Class) at line 156,
                     BlockJUnit4ClassRunner.&lt;init&gt;(Class) at line 175,
                     ParentRunner.&lt;init&gt;(Class) at line 74,
                     TestClass ParentRunner.createTestClass(Class) at line 91,
                     TestClass.&lt;init&gt;(Class) at line 111,
                     void TestClass.scanAnnotatedMembers(Map,Map) at line 57,
                     Method[] MethodSorter.getDeclaredMethods(Class) at line 65,
                     Comparator MethodSorter.getSorter(FixMethodOrder) at line 52 }},
           {elem= Access: Read of rules.RuleMemberValidator.CLASS_RULE_METHOD_VALIDATOR Thread: NoThread Lock: false Pre: Unowned;
            loc= line 184;
            trace= { List TestMethodTest.validateAllMethods(Class) at line 156,
                     BlockJUnit4ClassRunner.&lt;init&gt;(Class) at line 175,
                     ParentRunner.&lt;init&gt;(Class) at line 74,
                     void ParentRunner.validate() at line 92,
                     void ParentRunner.collectInitializationErrors(List) at line 523,
                     void ParentRunner.validateClassRules(List) at line 150 }},
           {elem= Access: Read of rules.RuleMemberValidator.CLASS_RULE_VALIDATOR Thread: NoThread Lock: false Pre: Unowned;
            loc= line 183;
            trace= { List TestMethodTest.validateAllMethods(Class) at line 156,
                     BlockJUnit4ClassRunner.&lt;init&gt;(Class) at line 175,
                     ParentRunner.&lt;init&gt;(Class) at line 74,
                     void ParentRunner.validate() at line 92,
                     void ParentRunner.collectInitializationErrors(List) at line 523,
                     void ParentRunner.validateClassRules(List) at line 150 }},
           {elem= Access: Read of rules.RuleMemberValidator.CLASS_RULE_METHOD_VALIDATOR-&gt;annotation Thread: NoThread Lock: false Pre: Unowned;
            loc= line 89;
            trace= { List TestMethodTest.validateAllMethods(Class) at line 156,
                     BlockJUnit4ClassRunner.&lt;init&gt;(Class) at line 175,
                     ParentRunner.&lt;init&gt;(Class) at line 74,
                     void ParentRunner.validate() at line 92,
                     void ParentRunner.collectInitializationErrors(List) at line 523,
                     void ParentRunner.validateClassRules(List) at line 150,
                     void RuleMemberValidator.validate(TestClass,List) at line 184 }},
           {elem= Access: Read of rules.RuleMemberValidator.CLASS_RULE_METHOD_VALIDATOR-&gt;methods Thread: NoThread Lock: false Pre: Unowned;
            loc= line 89;
            trace= { List TestMethodTest.validateAllMethods(Class) at line 156,
                     BlockJUnit4ClassRunner.&lt;init&gt;(Class) at line 175,
                     ParentRunner.&lt;init&gt;(Class) at line 74,
                     void ParentRunner.validate() at line 92,
                     void ParentRunner.collectInitializationErrors(List) at line 523,
                     void ParentRunner.validateClassRules(List) at line 150,
                     void RuleMemberValidator.validate(TestClass,List) at line 184 }},
           {elem= Access: Read of rules.RuleMemberValidator.CLASS_RULE_METHOD_VALIDATOR-&gt;validatorStrategies Thread: NoThread Lock: false Pre: Unowned;
            loc= line 98;
            trace= { List TestMethodTest.validateAllMethods(Class) at line 156,
                     BlockJUnit4ClassRunner.&lt;init&gt;(Class) at line 175,
                     ParentRunner.&lt;init&gt;(Class) at line 74,
                     void ParentRunner.validate() at line 92,
                     void ParentRunner.collectInitializationErrors(List) at line 523,
                     void ParentRunner.validateClassRules(List) at line 150,
                     void RuleMemberValidator.validate(TestClass,List) at line 184,
                     void RuleMemberValidator.validateMember(FrameworkMember,List) at line 93 }},
           {elem= Access: Read of rules.RuleMemberValidator.CLASS_RULE_VALIDATOR-&gt;annotation Thread: NoThread Lock: false Pre: Unowned;
            loc= line 89;
            trace= { List TestMethodTest.validateAllMethods(Class) at line 156,
                     BlockJUnit4ClassRunner.&lt;init&gt;(Class) at line 175,
                     ParentRunner.&lt;init&gt;(Class) at line 74,
                     void ParentRunner.validate() at line 92,
                     void ParentRunner.collectInitializationErrors(List) at line 523,
                     void ParentRunner.validateClassRules(List) at line 150,
                     void RuleMemberValidator.validate(TestClass,List) at line 183 }},
           {elem= Access: Read of rules.RuleMemberValidator.CLASS_RULE_VALIDATOR-&gt;methods Thread: NoThread Lock: false Pre: Unowned;
            loc= line 89;
            trace= { List TestMethodTest.validateAllMethods(Class) at line 156,
                     BlockJUnit4ClassRunner.&lt;init&gt;(Class) at line 175,
                     ParentRunner.&lt;init&gt;(Class) at line 74,
                     void ParentRunner.validate() at line 92,
                     void ParentRunner.collectInitializationErrors(List) at line 523,
                     void ParentRunner.validateClassRules(List) at line 150,
                     void RuleMemberValidator.validate(TestClass,List) at line 183 }},
           {elem= Access: Read of rules.RuleMemberValidator.CLASS_RULE_VALIDATOR-&gt;validatorStrategies Thread: NoThread Lock: false Pre: Unowned;
            loc= line 98;
            trace= { List TestMethodTest.validateAllMethods(Class) at line 156,
                     BlockJUnit4ClassRunner.&lt;init&gt;(Class) at line 175,
                     ParentRunner.&lt;init&gt;(Class) at line 74,
                     void ParentRunner.validate() at line 92,
                     void ParentRunner.collectInitializationErrors(List) at line 523,
                     void ParentRunner.validateClassRules(List) at line 150,
                     void RuleMemberValidator.validate(TestClass,List) at line 183,
                     void RuleMemberValidator.validateMember(FrameworkMember,List) at line 93 }} } 
Ownership: { n$1 -&gt; Owned,
             n$4 -&gt; Owned,
             n$6 -&gt; Unowned,
             problems -&gt; Owned,
             this -&gt; OwnedIf{ 0 } } 
Attributes: { } 


</LISTING>
<hr width="100%">
<a name="session26" href="./../nodes/org.junit.tests.running.methods.TestMethodTest.validateInheritedMethods%28%29%3Avoid.0dcbe4f38ccd7191c49bbb50736a3259_node6.html#session26">node6#session26</a>(<a href="./../../TestMethodTest.java.cd3cd8b636ee5ff567d7c528578264cd.html#LINE157">157</a>) biabduction
<LISTING class='color_black'>**** [FP:Pending] void TestMethodTest.validateInheritedMethods() Node: 6, Procedure: void TestMethodTest.validateInheritedMethods(), Todo: 1 ****
  PROP 1 of 1:
  <span class='color_blue'><span class='color_red'>null != org.junit.tests.running.methods.TestMethodTest$SubWrong</span>; <span class='color_red'>UND &lt; List Collections.emptyList() &gt; :179(_t$1)</span>; <span class='color_red'>UND &lt; int List.size() &gt; :157($irvar0)</span> ;
  <span class='color_red'>problems = 0<span class='color_orange'>nullify</span>:java.util.List*</span>; <span class='color_red'>$irvar0 = @f$1<span class='color_orange'>update:157</span>:void</span>; <span class='color_red'>return = _t$0<span class='color_orange'>initial</span>:void</span>; <span class='color_red'>this = 0<span class='color_orange'>nullify</span>:org.junit.tests.running.methods.TestMethodTest*( sub )</span>; <span class='color_red'>old_this = @f$0<span class='color_orange'>formal</span>:org.junit.tests.running.methods.TestMethodTest*( sub )</span>
  [footprint
     <span class='color_red'>null != org.junit.tests.running.methods.TestMethodTest$SubWrong</span> *
     <span class='color_red'>$RET_java.util.List.size():int|abducedRetvar = @f$1<span class='color_orange'>none</span>:int( sub )</span>; <span class='color_red'>this = @f$0<span class='color_orange'>formal</span>:org.junit.tests.running.methods.TestMethodTest*( sub )</span>  ]</span>
  .... Instructions: ....
  <span class='color_green'>n$5=*&amp;$irvar0:int [line 157];
  n$6=_fun_void Assert.assertEquals(long,long)(1:long,(long)n$5:long) [line 157];
  NULLIFY(&amp;$irvar0); [line 157];
  EXIT_SCOPE(n$5,n$6,$irvar0); [line 157];
  </span>
  
  Processing prop 1/1
    Instruction <span class='color_green'>n$5=*&amp;$irvar0:int [line 157]</span>
    .... Rearrangement Start ....
    Exp: &amp;$irvar0
    Prop:
    <span class='color_blue'>null != org.junit.tests.running.methods.TestMethodTest$SubWrong; UND &lt; List Collections.emptyList() &gt; :179(n$21); UND &lt; int List.size() &gt; :157($irvar0) ;
    problems = 0<span class='color_orange'>nullify</span>:java.util.List*; $irvar0 = @f$1<span class='color_orange'>update:157</span>:void; return = n$20<span class='color_orange'>initial</span>:void; this = 0<span class='color_orange'>nullify</span>:org.junit.tests.running.methods.TestMethodTest*( sub ); old_this = @f$0<span class='color_orange'>formal</span>:org.junit.tests.running.methods.TestMethodTest*( sub )
    [footprint
       null != org.junit.tests.running.methods.TestMethodTest$SubWrong *
       $RET_java.util.List.size():int|abducedRetvar = @f$1<span class='color_orange'>none</span>:int( sub ); this = @f$0<span class='color_orange'>formal</span>:org.junit.tests.running.methods.TestMethodTest*( sub )  ]</span>
    
    in prop_iter_extend_ptsto lexp: &amp;$irvar0
    prop before:
    <span class='color_blue'>null != org.junit.tests.running.methods.TestMethodTest$SubWrong; UND &lt; List Collections.emptyList() &gt; :179(n$21); UND &lt; int List.size() &gt; :157($irvar0) ;
    problems = 0<span class='color_orange'>nullify</span>:java.util.List*; $irvar0 = @f$1<span class='color_orange'>update:157</span>:void; return = n$20<span class='color_orange'>initial</span>:void; this = 0<span class='color_orange'>nullify</span>:org.junit.tests.running.methods.TestMethodTest*( sub ); old_this = @f$0<span class='color_orange'>formal</span>:org.junit.tests.running.methods.TestMethodTest*( sub )
    [footprint
       null != org.junit.tests.running.methods.TestMethodTest$SubWrong *
       $RET_java.util.List.size():int|abducedRetvar = @f$1<span class='color_orange'>none</span>:int( sub ); this = @f$0<span class='color_orange'>formal</span>:org.junit.tests.running.methods.TestMethodTest*( sub )  ]</span>
    
    
    prop list after:
    PROP 1 of 1:
    <span class='color_blue'><span class='color_blue'>null != org.junit.tests.running.methods.TestMethodTest$SubWrong</span>; <span class='color_blue'>UND &lt; List Collections.emptyList() &gt; :179(n$21)</span>; <span class='color_blue'>UND &lt; int List.size() &gt; :157($irvar0)</span> ;
    <span class='color_blue'>problems = 0<span class='color_orange'>nullify</span>:java.util.List*</span>; <span class='color_blue'>$irvar0 = @f$1<span class='color_orange'>update:157</span>:void</span>; <span class='color_blue'>return = n$20<span class='color_orange'>initial</span>:void</span>; <span class='color_blue'>this = 0<span class='color_orange'>nullify</span>:org.junit.tests.running.methods.TestMethodTest*( sub )</span>; <span class='color_blue'>old_this = @f$0<span class='color_orange'>formal</span>:org.junit.tests.running.methods.TestMethodTest*( sub )</span>
    [footprint
       <span class='color_blue'>null != org.junit.tests.running.methods.TestMethodTest$SubWrong</span> *
       <span class='color_blue'>$RET_java.util.List.size():int|abducedRetvar = @f$1<span class='color_orange'>none</span>:int( sub )</span>; <span class='color_blue'>this = @f$0<span class='color_orange'>formal</span>:org.junit.tests.running.methods.TestMethodTest*( sub )</span>  ]</span>
    
    
    
    Instruction Returns
    PROP 1 of 1:
    <span class='color_blue'><span class='color_red'>n$5 = $irvar0</span> ;
    <span class='color_blue'>null != org.junit.tests.running.methods.TestMethodTest$SubWrong</span>; <span class='color_blue'>UND &lt; List Collections.emptyList() &gt; :179(_t$1)</span>; <span class='color_blue'>UND &lt; int List.size() &gt; :157($irvar0)</span> ;
    <span class='color_blue'>problems = 0<span class='color_orange'>nullify</span>:java.util.List*</span>; <span class='color_blue'>$irvar0 = @f$1<span class='color_orange'>update:157</span>:void</span>; <span class='color_blue'>return = _t$0<span class='color_orange'>initial</span>:void</span>; <span class='color_blue'>this = 0<span class='color_orange'>nullify</span>:org.junit.tests.running.methods.TestMethodTest*( sub )</span>; <span class='color_blue'>old_this = @f$0<span class='color_orange'>formal</span>:org.junit.tests.running.methods.TestMethodTest*( sub )</span>
    [footprint
       <span class='color_blue'>null != org.junit.tests.running.methods.TestMethodTest$SubWrong</span> *
       <span class='color_blue'>$RET_java.util.List.size():int|abducedRetvar = @f$1<span class='color_orange'>none</span>:int( sub )</span>; <span class='color_blue'>this = @f$0<span class='color_orange'>formal</span>:org.junit.tests.running.methods.TestMethodTest*( sub )</span>  ]</span>
    
    Instruction <span class='color_green'>n$6=_fun_void Assert.assertEquals(long,long)(1:long,(long)n$5:long) [line 157]</span>
    Found 2 specs for function org.junit.Assert.assertEquals(long,long):void
    START EXECUTING SPECS FOR org.junit.Assert.assertEquals(long,long):void from state
    <span class='color_blue'>n$5 = $irvar0 ;
    null != org.junit.tests.running.methods.TestMethodTest$SubWrong; UND &lt; List Collections.emptyList() &gt; :179(n$23); UND &lt; int List.size() &gt; :157($irvar0) ;
    problems = 0<span class='color_orange'>nullify</span>:java.util.List*; $irvar0 = @f$1<span class='color_orange'>update:157</span>:void; return = n$22<span class='color_orange'>initial</span>:void; this = 0<span class='color_orange'>nullify</span>:org.junit.tests.running.methods.TestMethodTest*( sub ); old_this = @f$0<span class='color_orange'>formal</span>:org.junit.tests.running.methods.TestMethodTest*( sub )
    [footprint
       null != org.junit.tests.running.methods.TestMethodTest$SubWrong *
       $RET_java.util.List.size():int|abducedRetvar = @f$1<span class='color_orange'>none</span>:int( sub ); this = @f$0<span class='color_orange'>formal</span>:org.junit.tests.running.methods.TestMethodTest*( sub )  ]</span>
    EXECUTING SPEC 1/2
    ACTUAL PRECONDITION =
      <span class='color_blue'>n$5 = $irvar0 ;
      null != org.junit.tests.running.methods.TestMethodTest$SubWrong; UND &lt; List Collections.emptyList() &gt; :179(n$23); UND &lt; int List.size() &gt; :157($irvar0) ;
      actual|callee = @f$1<span class='color_orange'>actual_precondition</span>:long; problems = 0<span class='color_orange'>nullify</span>:java.util.List*; $irvar0 = @f$1<span class='color_orange'>update:157</span>:void; return = n$22<span class='color_orange'>initial</span>:void; this = 0<span class='color_orange'>nullify</span>:org.junit.tests.running.methods.TestMethodTest*( sub ); old_this = @f$0<span class='color_orange'>formal</span>:org.junit.tests.running.methods.TestMethodTest*( sub ); expected|callee = 1<span class='color_orange'>actual_precondition</span>:long
      [footprint
         null != org.junit.tests.running.methods.TestMethodTest$SubWrong *
         $RET_java.util.List.size():int|abducedRetvar = @f$1<span class='color_orange'>none</span>:int( sub ); this = @f$0<span class='color_orange'>formal</span>:org.junit.tests.running.methods.TestMethodTest*( sub )  ]</span>
    SPEC =
      --------------------------- ---------- ---------------------------
      PRE:
      <span class='color_blue'><span class='color_blue'>actual|callee = _t$47<span class='color_orange'>formal</span>:long( sub ); expected|callee = _t$47<span class='color_orange'>formal</span>:long( sub )</span></span>
      POST 1 of 1:
      <span class='color_blue'><span class='color_red'>return|callee = _t$48<span class='color_orange'>initial</span>:void</span></span>
      ----------------------------------------------------------------
    pre_check_pure_implication
    pi1:
      n$5 = @f$1; null != org.junit.tests.running.methods.TestMethodTest$SubWrong; UND &lt; List Collections.emptyList() &gt; :179(n$23); UND &lt; int List.size() &gt; :157(@f$1)
    pi2:
      
    returns
    sub1:
      n$5 = @f$1
    sub2:
      
    Current Implication
    SUB:
      n$5 = @f$1
    <span class='color_blue'>null != org.junit.tests.running.methods.TestMethodTest$SubWrong; UND &lt; List Collections.emptyList() &gt; :179(n$23); UND &lt; int List.size() &gt; :157($irvar0); $irvar0 = $irvar0 ;
    actual|callee = @f$1<span class='color_orange'>actual_precondition</span>:long; problems = 0<span class='color_orange'>nullify</span>:java.util.List*; $irvar0 = @f$1<span class='color_orange'>update:157</span>:void; return = n$22<span class='color_orange'>initial</span>:void; this = 0<span class='color_orange'>nullify</span>:org.junit.tests.running.methods.TestMethodTest*( sub ); old_this = @f$0<span class='color_orange'>formal</span>:org.junit.tests.running.methods.TestMethodTest*( sub ); expected|callee = 1<span class='color_orange'>actual_precondition</span>:long
    [footprint
       null != org.junit.tests.running.methods.TestMethodTest$SubWrong *
       $RET_java.util.List.size():int|abducedRetvar = @f$1<span class='color_orange'>none</span>:int( sub ); this = @f$0<span class='color_orange'>formal</span>:org.junit.tests.running.methods.TestMethodTest*( sub )  ]</span>
    |-
    <span class='color_blue'>actual|callee = _t$47<span class='color_orange'>formal</span>:long( sub ); expected|callee = _t$47<span class='color_orange'>formal</span>:long( sub )</span>
    
      do_imply @f$1 _t$47
        Current Implication
        SUB:
          n$5 = @f$1
        <span class='color_blue'>null != org.junit.tests.running.methods.TestMethodTest$SubWrong; UND &lt; List Collections.emptyList() &gt; :179(n$23); UND &lt; int List.size() &gt; :157($irvar0); $irvar0 = $irvar0 ;
        problems = 0<span class='color_orange'>nullify</span>:java.util.List*; $irvar0 = @f$1<span class='color_orange'>update:157</span>:void; return = n$22<span class='color_orange'>initial</span>:void; this = 0<span class='color_orange'>nullify</span>:org.junit.tests.running.methods.TestMethodTest*( sub ); old_this = @f$0<span class='color_orange'>formal</span>:org.junit.tests.running.methods.TestMethodTest*( sub ); expected|callee = 1<span class='color_orange'>actual_precondition</span>:long
        [footprint
           null != org.junit.tests.running.methods.TestMethodTest$SubWrong *
           $RET_java.util.List.size():int|abducedRetvar = @f$1<span class='color_orange'>none</span>:int( sub ); this = @f$0<span class='color_orange'>formal</span>:org.junit.tests.running.methods.TestMethodTest*( sub )  ]</span>
        [SUB: 
          _t$47 = @f$1]
        |-
        <span class='color_blue'>expected|callee = @f$1<span class='color_orange'>formal</span>:long( sub )</span>
        
          do_imply 1 @f$1
          WARNING: footprint failed to find MISSING because: expressions not equal
    EXECUTING SPEC 2/2
    ACTUAL PRECONDITION =
      <span class='color_blue'>n$5 = $irvar0 ;
      null != org.junit.tests.running.methods.TestMethodTest$SubWrong; UND &lt; List Collections.emptyList() &gt; :179(n$23); UND &lt; int List.size() &gt; :157($irvar0) ;
      actual|callee = @f$1<span class='color_orange'>actual_precondition</span>:long; problems = 0<span class='color_orange'>nullify</span>:java.util.List*; $irvar0 = @f$1<span class='color_orange'>update:157</span>:void; return = n$22<span class='color_orange'>initial</span>:void; this = 0<span class='color_orange'>nullify</span>:org.junit.tests.running.methods.TestMethodTest*( sub ); old_this = @f$0<span class='color_orange'>formal</span>:org.junit.tests.running.methods.TestMethodTest*( sub ); expected|callee = 1<span class='color_orange'>actual_precondition</span>:long
      [footprint
         null != org.junit.tests.running.methods.TestMethodTest$SubWrong *
         $RET_java.util.List.size():int|abducedRetvar = @f$1<span class='color_orange'>none</span>:int( sub ); this = @f$0<span class='color_orange'>formal</span>:org.junit.tests.running.methods.TestMethodTest*( sub )  ]</span>
    SPEC =
      --------------------------- ---------- ---------------------------
      PRE:
      <span class='color_blue'><span class='color_blue'>actual|callee != expected|callee ;
      actual|callee = _t$49<span class='color_orange'>formal</span>:long( sub ); expected|callee = _t$50<span class='color_orange'>formal</span>:long( sub )</span></span>
      POST 1 of 1:
      <span class='color_blue'>actual|callee != expected|callee; <span class='color_red'>MEMne &lt; void Assert.assertEquals(String,long,long):633 &gt; <span class='color_orange'>{vpath: }</span>(_t$51)</span> ;
      <span class='color_red'>return|callee = EXN _t$51<span class='color_orange'>update:633</span>:void</span> ;
      <span class='color_red'>_t$51|->{}<span class='color_orange'>alloc</span>:java.lang.AssertionError</span></span>
      ----------------------------------------------------------------
    pre_check_pure_implication
    pi1:
      n$5 = @f$1; null != org.junit.tests.running.methods.TestMethodTest$SubWrong; UND &lt; List Collections.emptyList() &gt; :179(n$23); UND &lt; int List.size() &gt; :157(@f$1)
    pi2:
      _t$49 != _t$50
    returns
    sub1:
      n$5 = @f$1
    sub2:
      
    Current Implication
    SUB:
      n$5 = @f$1
    <span class='color_blue'>null != org.junit.tests.running.methods.TestMethodTest$SubWrong; UND &lt; List Collections.emptyList() &gt; :179(n$23); UND &lt; int List.size() &gt; :157($irvar0); $irvar0 = $irvar0 ;
    actual|callee = @f$1<span class='color_orange'>actual_precondition</span>:long; problems = 0<span class='color_orange'>nullify</span>:java.util.List*; $irvar0 = @f$1<span class='color_orange'>update:157</span>:void; return = n$22<span class='color_orange'>initial</span>:void; this = 0<span class='color_orange'>nullify</span>:org.junit.tests.running.methods.TestMethodTest*( sub ); old_this = @f$0<span class='color_orange'>formal</span>:org.junit.tests.running.methods.TestMethodTest*( sub ); expected|callee = 1<span class='color_orange'>actual_precondition</span>:long
    [footprint
       null != org.junit.tests.running.methods.TestMethodTest$SubWrong *
       $RET_java.util.List.size():int|abducedRetvar = @f$1<span class='color_orange'>none</span>:int( sub ); this = @f$0<span class='color_orange'>formal</span>:org.junit.tests.running.methods.TestMethodTest*( sub )  ]</span>
    |-
    <span class='color_blue'>actual|callee = _t$49<span class='color_orange'>formal</span>:long( sub ); expected|callee = _t$50<span class='color_orange'>formal</span>:long( sub )</span>
    
      do_imply @f$1 _t$49
        Current Implication
        SUB:
          n$5 = @f$1
        <span class='color_blue'>null != org.junit.tests.running.methods.TestMethodTest$SubWrong; UND &lt; List Collections.emptyList() &gt; :179(n$23); UND &lt; int List.size() &gt; :157($irvar0); $irvar0 = $irvar0 ;
        problems = 0<span class='color_orange'>nullify</span>:java.util.List*; $irvar0 = @f$1<span class='color_orange'>update:157</span>:void; return = n$22<span class='color_orange'>initial</span>:void; this = 0<span class='color_orange'>nullify</span>:org.junit.tests.running.methods.TestMethodTest*( sub ); old_this = @f$0<span class='color_orange'>formal</span>:org.junit.tests.running.methods.TestMethodTest*( sub ); expected|callee = 1<span class='color_orange'>actual_precondition</span>:long
        [footprint
           null != org.junit.tests.running.methods.TestMethodTest$SubWrong *
           $RET_java.util.List.size():int|abducedRetvar = @f$1<span class='color_orange'>none</span>:int( sub ); this = @f$0<span class='color_orange'>formal</span>:org.junit.tests.running.methods.TestMethodTest*( sub )  ]</span>
        [SUB: 
          _t$49 = @f$1]
        |-
        <span class='color_blue'>expected|callee = _t$50<span class='color_orange'>formal</span>:long( sub )</span>
        
          do_imply 1 _t$50
            Final Implication
            SUB:
              n$5 = @f$1
            <span class='color_blue'>null != org.junit.tests.running.methods.TestMethodTest$SubWrong; UND &lt; List Collections.emptyList() &gt; :179(n$23); UND &lt; int List.size() &gt; :157($irvar0); $irvar0 = $irvar0 ;
            problems = 0<span class='color_orange'>nullify</span>:java.util.List*; $irvar0 = @f$1<span class='color_orange'>update:157</span>:void; return = n$22<span class='color_orange'>initial</span>:void; this = 0<span class='color_orange'>nullify</span>:org.junit.tests.running.methods.TestMethodTest*( sub ); old_this = @f$0<span class='color_orange'>formal</span>:org.junit.tests.running.methods.TestMethodTest*( sub )
            [footprint
               null != org.junit.tests.running.methods.TestMethodTest$SubWrong *
               $RET_java.util.List.size():int|abducedRetvar = @f$1<span class='color_orange'>none</span>:int( sub ); this = @f$0<span class='color_orange'>formal</span>:org.junit.tests.running.methods.TestMethodTest*( sub )  ]</span>
            [SUB: 
              _t$49 = @f$1; _t$50 = 1]
            |-
            <span class='color_blue'></span>
    imply_pi: adding missing atom _t$49 != _t$50
    Result of Abduction
      SUB:
        n$5 = @f$1
      <span class='color_blue'>null != org.junit.tests.running.methods.TestMethodTest$SubWrong; UND &lt; List Collections.emptyList() &gt; :179(n$23); UND &lt; int List.size() &gt; :157($irvar0); $irvar0 = $irvar0 ;
      actual|callee = @f$1<span class='color_orange'>actual_precondition</span>:long; problems = 0<span class='color_orange'>nullify</span>:java.util.List*; $irvar0 = @f$1<span class='color_orange'>update:157</span>:void; return = n$22<span class='color_orange'>initial</span>:void; this = 0<span class='color_orange'>nullify</span>:org.junit.tests.running.methods.TestMethodTest*( sub ); old_this = @f$0<span class='color_orange'>formal</span>:org.junit.tests.running.methods.TestMethodTest*( sub ); expected|callee = 1<span class='color_orange'>actual_precondition</span>:long
      [footprint
         null != org.junit.tests.running.methods.TestMethodTest$SubWrong *
         $RET_java.util.List.size():int|abducedRetvar = @f$1<span class='color_orange'>none</span>:int( sub ); this = @f$0<span class='color_orange'>formal</span>:org.junit.tests.running.methods.TestMethodTest*( sub )  ]</span>
      [SUB: 
        _t$49 = @f$1; _t$50 = 1
      _t$49 != _t$50]
      |-
      <span class='color_blue'>actual|callee != 1 ;
      actual|callee = @f$1<span class='color_orange'>formal</span>:long( sub ); expected|callee = 1<span class='color_orange'>formal</span>:long( sub )</span>
    returning TRUE
    in vpath_find exp:_t$51
    vpath_find: cannot find _t$51
      New footprint:
      @f$1 != 1
      Frame fld:
      
      Missing fld:
      
      Instantiated frame:
      &amp;problems|->0<span class='color_orange'>nullify</span>:java.util.List*; &amp;$irvar0|->@f$1<span class='color_orange'>update:157</span>:void; &amp;return|->n$22<span class='color_orange'>initial</span>:void; &amp;this|->0<span class='color_orange'>nullify</span>:org.junit.tests.running.methods.TestMethodTest*( sub ); &amp;old_this|->@f$0<span class='color_orange'>formal</span>:org.junit.tests.running.methods.TestMethodTest*( sub )
      Instantiated post:
      PROP 1 of 1:
      <span class='color_blue'><span class='color_red'>@f$1 != 1</span>; <span class='color_red'>MEMne &lt; void Assert.assertEquals(long,long):157 &gt; <span class='color_orange'>{vpath: }</span>(_t$51)</span> ;
      <span class='color_red'>return|callee = EXN _t$51<span class='color_orange'>update:157</span>:void</span> ;
      <span class='color_red'>_t$51|->{}<span class='color_orange'>alloc</span>:java.lang.AssertionError</span></span>
      
    ***** RESULTS FUNCTION CALL *******
    PROP 1 of 1:
    <span class='color_blue'><span class='color_blue'>n$5 = <span class='color_red'>$irvar0</span></span> ;
    <span class='color_red'>$irvar0 != 1</span>; <span class='color_blue'>null != org.junit.tests.running.methods.TestMethodTest$SubWrong</span>; <span class='color_red'>MEMne &lt; void Assert.assertEquals(long,long):157 &gt; <span class='color_orange'>{vpath: }</span>(_t$0)</span>; <span class='color_blue'>UND &lt; List Collections.emptyList() &gt; :179(n$23)</span>; <span class='color_red'>UND &lt; int List.size() &gt; :157($irvar0)</span> ;
    <span class='color_blue'>problems = 0<span class='color_orange'>nullify</span>:java.util.List*</span>; <span class='color_blue'>$irvar0 = <span class='color_red'>@f$0<span class='color_orange'>update:157</span></span>:void</span>; <span class='color_blue'>return = <span class='color_red'>EXN _t$0<span class='color_orange'>update:157</span></span>:void</span>; <span class='color_blue'>this = 0<span class='color_orange'>nullify</span>:org.junit.tests.running.methods.TestMethodTest*( sub )</span>; <span class='color_blue'>old_this = <span class='color_red'>@f$1<span class='color_orange'>formal</span></span>:org.junit.tests.running.methods.TestMethodTest*( sub )</span> ;
    <span class='color_red'>_t$0|->{}<span class='color_orange'>alloc</span>:java.lang.AssertionError</span>
    [footprint
       <span class='color_red'>$irvar0 != 1</span>; <span class='color_blue'>null != org.junit.tests.running.methods.TestMethodTest$SubWrong</span> *
       <span class='color_blue'>$RET_java.util.List.size():int|abducedRetvar = <span class='color_red'>@f$0<span class='color_orange'>none</span></span>:int( sub )</span>; <span class='color_blue'>this = <span class='color_red'>@f$1<span class='color_orange'>formal</span></span>:org.junit.tests.running.methods.TestMethodTest*( sub )</span>  ]</span>
    ***** END RESULTS FUNCTION CALL *******
    Prover.check_inconsistency_base: inconsistency reason [None]
    Prover.check_inconsistency_base: inconsistency reason [None]
    Prover.check_inconsistency_base: inconsistency reason [None]
    Prover.check_inconsistency_base: inconsistency reason [None]
    Instruction Returns
    PROP 1 of 1:
    <span class='color_blue'><span class='color_blue'>n$5 = <span class='color_red'>$irvar0</span></span> ;
    <span class='color_red'>$irvar0 != 1</span>; <span class='color_blue'>null != org.junit.tests.running.methods.TestMethodTest$SubWrong</span>; <span class='color_red'>MEMne &lt; void Assert.assertEquals(long,long):157 &gt; <span class='color_orange'>{vpath: }</span>(_t$0)</span>; <span class='color_blue'>UND &lt; List Collections.emptyList() &gt; :179(_t$1)</span>; <span class='color_red'>UND &lt; int List.size() &gt; :157($irvar0)</span> ;
    <span class='color_blue'>problems = 0<span class='color_orange'>nullify</span>:java.util.List*</span>; <span class='color_blue'>$irvar0 = <span class='color_red'>@f$0<span class='color_orange'>update:157</span></span>:void</span>; <span class='color_blue'>return = <span class='color_red'>EXN _t$0<span class='color_orange'>update:157</span></span>:void</span>; <span class='color_blue'>this = 0<span class='color_orange'>nullify</span>:org.junit.tests.running.methods.TestMethodTest*( sub )</span>; <span class='color_blue'>old_this = <span class='color_red'>@f$1<span class='color_orange'>formal</span></span>:org.junit.tests.running.methods.TestMethodTest*( sub )</span> ;
    <span class='color_red'>_t$0|->{}<span class='color_orange'>alloc</span>:java.lang.AssertionError</span>
    [footprint
       <span class='color_red'>$irvar0 != 1</span>; <span class='color_blue'>null != org.junit.tests.running.methods.TestMethodTest$SubWrong</span> *
       <span class='color_blue'>$RET_java.util.List.size():int|abducedRetvar = <span class='color_red'>@f$0<span class='color_orange'>none</span></span>:int( sub )</span>; <span class='color_blue'>this = <span class='color_red'>@f$1<span class='color_orange'>formal</span></span>:org.junit.tests.running.methods.TestMethodTest*( sub )</span>  ]</span>
    
    Instruction <span class='color_green'>NULLIFY(&amp;$irvar0); [line 157]</span>
    in vpath_find exp:_t$0
    vpath_find: cannot find _t$0
    Instruction Returns
    PROP 1 of 1:
    <span class='color_blue'><span class='color_blue'>n$5 = <span class='color_red'>@f$1</span></span> ;
    <span class='color_red'>@f$1 != 1</span>; <span class='color_blue'>null != org.junit.tests.running.methods.TestMethodTest$SubWrong</span>; <span class='color_blue'>MEMne &lt; void Assert.assertEquals(long,long):157 &gt; <span class='color_orange'>{vpath: }</span>(_t$0)</span>; <span class='color_blue'>UND &lt; List Collections.emptyList() &gt; :179(_t$1)</span>; <span class='color_red'>UND &lt; int List.size() &gt; :157(@f$1)</span> ;
    <span class='color_blue'>problems = 0<span class='color_orange'>nullify</span>:java.util.List*</span>; <span class='color_blue'>$irvar0 = <span class='color_red'>0<span class='color_orange'>nullify</span></span>:void</span>; <span class='color_blue'>return = EXN _t$0<span class='color_orange'>update:157</span>:void</span>; <span class='color_blue'>this = 0<span class='color_orange'>nullify</span>:org.junit.tests.running.methods.TestMethodTest*( sub )</span>; <span class='color_blue'>old_this = <span class='color_red'>@f$0<span class='color_orange'>formal</span></span>:org.junit.tests.running.methods.TestMethodTest*( sub )</span> ;
    <span class='color_blue'>_t$0|->{}<span class='color_orange'>alloc</span>:java.lang.AssertionError</span>
    [footprint
       <span class='color_red'>@f$1 != 1</span>; <span class='color_blue'>null != org.junit.tests.running.methods.TestMethodTest$SubWrong</span> *
       <span class='color_blue'>$RET_java.util.List.size():int|abducedRetvar = <span class='color_red'>@f$1<span class='color_orange'>none</span></span>:int( sub )</span>; <span class='color_blue'>this = <span class='color_red'>@f$0<span class='color_orange'>formal</span></span>:org.junit.tests.running.methods.TestMethodTest*( sub )</span>  ]</span>
    
    Instruction <span class='color_green'>EXIT_SCOPE(n$5,n$6,$irvar0); [line 157]</span>
    in vpath_find exp:_t$0
    vpath_find: cannot find _t$0
    Instruction Returns
    PROP 1 of 1:
    <span class='color_blue'><span class='color_blue'>@f$1 != 1</span>; <span class='color_blue'>null != org.junit.tests.running.methods.TestMethodTest$SubWrong</span>; <span class='color_blue'>MEMne &lt; void Assert.assertEquals(long,long):157 &gt; <span class='color_orange'>{vpath: }</span>(_t$0)</span>; <span class='color_blue'>UND &lt; List Collections.emptyList() &gt; :179(_t$1)</span>; <span class='color_blue'>UND &lt; int List.size() &gt; :157(@f$1)</span> ;
    <span class='color_blue'>problems = 0<span class='color_orange'>nullify</span>:java.util.List*</span>; <span class='color_blue'>$irvar0 = 0<span class='color_orange'>nullify</span>:void</span>; <span class='color_blue'>return = EXN _t$0<span class='color_orange'>update:157</span>:void</span>; <span class='color_blue'>this = 0<span class='color_orange'>nullify</span>:org.junit.tests.running.methods.TestMethodTest*( sub )</span>; <span class='color_blue'>old_this = @f$0<span class='color_orange'>formal</span>:org.junit.tests.running.methods.TestMethodTest*( sub )</span> ;
    <span class='color_blue'>_t$0|->{}<span class='color_orange'>alloc</span>:java.lang.AssertionError</span>
    [footprint
       <span class='color_blue'>@f$1 != 1</span>; <span class='color_blue'>null != org.junit.tests.running.methods.TestMethodTest$SubWrong</span> *
       <span class='color_blue'>$RET_java.util.List.size():int|abducedRetvar = @f$1<span class='color_orange'>none</span>:int( sub )</span>; <span class='color_blue'>this = @f$0<span class='color_orange'>formal</span>:org.junit.tests.running.methods.TestMethodTest*( sub )</span>  ]</span>
    
    .... After Symbolic Execution ....
    PROP 1 of 1:
    <span class='color_blue'><span class='color_blue'>@f$1 != 1</span>; <span class='color_blue'>null != org.junit.tests.running.methods.TestMethodTest$SubWrong</span>; <span class='color_red'>MEMne &lt; void Assert.assertEquals(long,long):157 &gt; <span class='color_orange'>{vpath: }</span>(_t$0)</span>; <span class='color_blue'>UND &lt; List Collections.emptyList() &gt; :179(_t$1)</span>; <span class='color_blue'>UND &lt; int List.size() &gt; :157(@f$1)</span> ;
    <span class='color_blue'>problems = 0<span class='color_orange'>nullify</span>:java.util.List*</span>; <span class='color_blue'>$irvar0 = <span class='color_red'>0<span class='color_orange'>nullify</span></span>:void</span>; <span class='color_blue'>return = <span class='color_red'>EXN _t$0<span class='color_orange'>update:157</span></span>:void</span>; <span class='color_blue'>this = 0<span class='color_orange'>nullify</span>:org.junit.tests.running.methods.TestMethodTest*( sub )</span>; <span class='color_blue'>old_this = @f$0<span class='color_orange'>formal</span>:org.junit.tests.running.methods.TestMethodTest*( sub )</span> ;
    <span class='color_red'>_t$0|->{}<span class='color_orange'>alloc</span>:java.lang.AssertionError</span>
    [footprint
       <span class='color_red'>@f$1 != 1</span>; <span class='color_blue'>null != org.junit.tests.running.methods.TestMethodTest$SubWrong</span> *
       <span class='color_blue'>$RET_java.util.List.size():int|abducedRetvar = @f$1<span class='color_orange'>none</span>:int( sub )</span>; <span class='color_blue'>this = @f$0<span class='color_orange'>formal</span>:org.junit.tests.running.methods.TestMethodTest*( sub )</span>  ]</span>
    
    
    
  </LISTING>
<hr width="100%">
<a name="session34" href="./../nodes/org.junit.tests.running.methods.TestMethodTest.validateInheritedMethods%28%29%3Avoid.0dcbe4f38ccd7191c49bbb50736a3259_node6.html#session34">node6#session34</a>(<a href="./../../TestMethodTest.java.cd3cd8b636ee5ff567d7c528578264cd.html#LINE157">157</a>) biabduction
<LISTING class='color_black'>**** [RE:Pending] void TestMethodTest.validateInheritedMethods() Node: 6, Procedure: void TestMethodTest.validateInheritedMethods(), Todo: 1 ****
  PROP 1 of 1:
  <span class='color_blue'><span class='color_red'>$irvar0 != 1</span>; <span class='color_red'>null != org.junit.tests.running.methods.TestMethodTest$SubWrong</span>; <span class='color_red'>UND &lt; List Collections.emptyList() &gt; :179(_t$1)</span>; <span class='color_red'>UND &lt; int List.size() &gt; :157($irvar0)</span> ;
  <span class='color_red'>problems = 0<span class='color_orange'>nullify</span>:java.util.List*</span>; <span class='color_red'>$RET_java.util.List.size():int|abducedRetvar = val$2<span class='color_orange'>formal</span>:int( sub )</span>; <span class='color_red'>$irvar0 = val$2<span class='color_orange'>update:157</span>:void</span>; <span class='color_red'>return = _t$0<span class='color_orange'>initial</span>:void</span>; <span class='color_red'>this = 0<span class='color_orange'>nullify</span>:org.junit.tests.running.methods.TestMethodTest*( sub )</span>; <span class='color_red'>old_this = val$1<span class='color_orange'>formal</span>:org.junit.tests.running.methods.TestMethodTest*( sub )</span></span>
  .... Instructions: ....
  <span class='color_green'>n$5=*&amp;$irvar0:int [line 157];
  n$6=_fun_void Assert.assertEquals(long,long)(1:long,(long)n$5:long) [line 157];
  NULLIFY(&amp;$irvar0); [line 157];
  EXIT_SCOPE(n$5,n$6,$irvar0); [line 157];
  </span>
  
  Processing prop 1/1
    Instruction <span class='color_green'>n$5=*&amp;$irvar0:int [line 157]</span>
    .... Rearrangement Start ....
    Exp: &amp;$irvar0
    Prop:
    <span class='color_blue'>$irvar0 != 1; null != org.junit.tests.running.methods.TestMethodTest$SubWrong; UND &lt; List Collections.emptyList() &gt; :179(n$21); UND &lt; int List.size() &gt; :157($irvar0) ;
    problems = 0<span class='color_orange'>nullify</span>:java.util.List*; $RET_java.util.List.size():int|abducedRetvar = val$2<span class='color_orange'>formal</span>:int( sub ); $irvar0 = val$2<span class='color_orange'>update:157</span>:void; return = n$20<span class='color_orange'>initial</span>:void; this = 0<span class='color_orange'>nullify</span>:org.junit.tests.running.methods.TestMethodTest*( sub ); old_this = val$1<span class='color_orange'>formal</span>:org.junit.tests.running.methods.TestMethodTest*( sub )</span>
    
    Prover.check_inconsistency_base: inconsistency reason [None]
    Prover.check_inconsistency_base: inconsistency reason [None]
    Instruction Returns
    PROP 1 of 1:
    <span class='color_blue'><span class='color_blue'>val$2 = $irvar0</span> ;
    <span class='color_red'>$irvar0 != 1</span>; <span class='color_blue'>null != org.junit.tests.running.methods.TestMethodTest$SubWrong</span>; <span class='color_blue'>UND &lt; List Collections.emptyList() &gt; :179(_t$1)</span>; <span class='color_red'>UND &lt; int List.size() &gt; :157($irvar0)</span> ;
    <span class='color_blue'>problems = 0<span class='color_orange'>nullify</span>:java.util.List*</span>; <span class='color_blue'>$RET_java.util.List.size():int|abducedRetvar = <span class='color_red'>n$5<span class='color_orange'>formal</span></span>:int( sub )</span>; <span class='color_blue'>$irvar0 = <span class='color_red'>n$5<span class='color_orange'>update:157</span></span>:void</span>; <span class='color_blue'>return = _t$0<span class='color_orange'>initial</span>:void</span>; <span class='color_blue'>this = 0<span class='color_orange'>nullify</span>:org.junit.tests.running.methods.TestMethodTest*( sub )</span>; <span class='color_blue'>old_this = val$1<span class='color_orange'>formal</span>:org.junit.tests.running.methods.TestMethodTest*( sub )</span></span>
    
    Instruction <span class='color_green'>n$6=_fun_void Assert.assertEquals(long,long)(1:long,(long)n$5:long) [line 157]</span>
    Found 2 specs for function org.junit.Assert.assertEquals(long,long):void
    START EXECUTING SPECS FOR org.junit.Assert.assertEquals(long,long):void from state
    <span class='color_blue'>val$2 = $irvar0 ;
    $irvar0 != 1; null != org.junit.tests.running.methods.TestMethodTest$SubWrong; UND &lt; List Collections.emptyList() &gt; :179(n$23); UND &lt; int List.size() &gt; :157($irvar0) ;
    problems = 0<span class='color_orange'>nullify</span>:java.util.List*; $RET_java.util.List.size():int|abducedRetvar = n$5<span class='color_orange'>formal</span>:int( sub ); $irvar0 = n$5<span class='color_orange'>update:157</span>:void; return = n$22<span class='color_orange'>initial</span>:void; this = 0<span class='color_orange'>nullify</span>:org.junit.tests.running.methods.TestMethodTest*( sub ); old_this = val$1<span class='color_orange'>formal</span>:org.junit.tests.running.methods.TestMethodTest*( sub )</span>
    EXECUTING SPEC 1/2
    ACTUAL PRECONDITION =
      <span class='color_blue'>val$2 = $irvar0 ;
      $irvar0 != 1; null != org.junit.tests.running.methods.TestMethodTest$SubWrong; UND &lt; List Collections.emptyList() &gt; :179(n$23); UND &lt; int List.size() &gt; :157($irvar0) ;
      actual|callee = n$5<span class='color_orange'>actual_precondition</span>:long; problems = 0<span class='color_orange'>nullify</span>:java.util.List*; $RET_java.util.List.size():int|abducedRetvar = n$5<span class='color_orange'>formal</span>:int( sub ); $irvar0 = n$5<span class='color_orange'>update:157</span>:void; return = n$22<span class='color_orange'>initial</span>:void; this = 0<span class='color_orange'>nullify</span>:org.junit.tests.running.methods.TestMethodTest*( sub ); old_this = val$1<span class='color_orange'>formal</span>:org.junit.tests.running.methods.TestMethodTest*( sub ); expected|callee = 1<span class='color_orange'>actual_precondition</span>:long</span>
    SPEC =
      --------------------------- ---------- ---------------------------
      PRE:
      <span class='color_blue'><span class='color_blue'>actual|callee = _t$47<span class='color_orange'>formal</span>:long( sub ); expected|callee = _t$47<span class='color_orange'>formal</span>:long( sub )</span></span>
      POST 1 of 1:
      <span class='color_blue'><span class='color_red'>return|callee = _t$48<span class='color_orange'>initial</span>:void</span></span>
      ----------------------------------------------------------------
    pre_check_pure_implication
    pi1:
      val$2 = n$5; n$5 != 1; null != org.junit.tests.running.methods.TestMethodTest$SubWrong; UND &lt; List Collections.emptyList() &gt; :179(n$23); UND &lt; int List.size() &gt; :157(n$5)
    pi2:
      
    returns
    sub1:
      val$2 = n$5
    sub2:
      val$2 = n$5
    Current Implication
    SUB:
      val$2 = n$5
    <span class='color_blue'>$irvar0 != 1; null != org.junit.tests.running.methods.TestMethodTest$SubWrong; UND &lt; List Collections.emptyList() &gt; :179(n$23); UND &lt; int List.size() &gt; :157($irvar0); $irvar0 = $irvar0 ;
    actual|callee = n$5<span class='color_orange'>actual_precondition</span>:long; problems = 0<span class='color_orange'>nullify</span>:java.util.List*; $RET_java.util.List.size():int|abducedRetvar = n$5<span class='color_orange'>formal</span>:int( sub ); $irvar0 = n$5<span class='color_orange'>update:157</span>:void; return = n$22<span class='color_orange'>initial</span>:void; this = 0<span class='color_orange'>nullify</span>:org.junit.tests.running.methods.TestMethodTest*( sub ); old_this = val$1<span class='color_orange'>formal</span>:org.junit.tests.running.methods.TestMethodTest*( sub ); expected|callee = 1<span class='color_orange'>actual_precondition</span>:long</span>
    [SUB: 
      val$2 = n$5]
    |-
    <span class='color_blue'>actual|callee = _t$47<span class='color_orange'>formal</span>:long( sub ); expected|callee = _t$47<span class='color_orange'>formal</span>:long( sub )</span>
    
      do_imply n$5 _t$47
        Current Implication
        SUB:
          val$2 = n$5
        <span class='color_blue'>$irvar0 != 1; null != org.junit.tests.running.methods.TestMethodTest$SubWrong; UND &lt; List Collections.emptyList() &gt; :179(n$23); UND &lt; int List.size() &gt; :157($irvar0); $irvar0 = $irvar0 ;
        problems = 0<span class='color_orange'>nullify</span>:java.util.List*; $RET_java.util.List.size():int|abducedRetvar = n$5<span class='color_orange'>formal</span>:int( sub ); $irvar0 = n$5<span class='color_orange'>update:157</span>:void; return = n$22<span class='color_orange'>initial</span>:void; this = 0<span class='color_orange'>nullify</span>:org.junit.tests.running.methods.TestMethodTest*( sub ); old_this = val$1<span class='color_orange'>formal</span>:org.junit.tests.running.methods.TestMethodTest*( sub ); expected|callee = 1<span class='color_orange'>actual_precondition</span>:long</span>
        [SUB: 
          val$2 = n$5; _t$47 = n$5]
        |-
        <span class='color_blue'>expected|callee = n$5<span class='color_orange'>formal</span>:long( sub )</span>
        
          do_imply 1 n$5
          WARNING: footprint failed to find MISSING because: expressions not equal
    EXECUTING SPEC 2/2
    ACTUAL PRECONDITION =
      <span class='color_blue'>val$2 = $irvar0 ;
      $irvar0 != 1; null != org.junit.tests.running.methods.TestMethodTest$SubWrong; UND &lt; List Collections.emptyList() &gt; :179(n$23); UND &lt; int List.size() &gt; :157($irvar0) ;
      actual|callee = n$5<span class='color_orange'>actual_precondition</span>:long; problems = 0<span class='color_orange'>nullify</span>:java.util.List*; $RET_java.util.List.size():int|abducedRetvar = n$5<span class='color_orange'>formal</span>:int( sub ); $irvar0 = n$5<span class='color_orange'>update:157</span>:void; return = n$22<span class='color_orange'>initial</span>:void; this = 0<span class='color_orange'>nullify</span>:org.junit.tests.running.methods.TestMethodTest*( sub ); old_this = val$1<span class='color_orange'>formal</span>:org.junit.tests.running.methods.TestMethodTest*( sub ); expected|callee = 1<span class='color_orange'>actual_precondition</span>:long</span>
    SPEC =
      --------------------------- ---------- ---------------------------
      PRE:
      <span class='color_blue'><span class='color_blue'>actual|callee != expected|callee ;
      actual|callee = _t$49<span class='color_orange'>formal</span>:long( sub ); expected|callee = _t$50<span class='color_orange'>formal</span>:long( sub )</span></span>
      POST 1 of 1:
      <span class='color_blue'>actual|callee != expected|callee; <span class='color_red'>MEMne &lt; void Assert.assertEquals(String,long,long):633 &gt; <span class='color_orange'>{vpath: }</span>(_t$51)</span> ;
      <span class='color_red'>return|callee = EXN _t$51<span class='color_orange'>update:633</span>:void</span> ;
      <span class='color_red'>_t$51|->{}<span class='color_orange'>alloc</span>:java.lang.AssertionError</span></span>
      ----------------------------------------------------------------
    pre_check_pure_implication
    pi1:
      val$2 = n$5; n$5 != 1; null != org.junit.tests.running.methods.TestMethodTest$SubWrong; UND &lt; List Collections.emptyList() &gt; :179(n$23); UND &lt; int List.size() &gt; :157(n$5)
    pi2:
      _t$49 != _t$50
    returns
    sub1:
      val$2 = n$5
    sub2:
      val$2 = n$5
    Current Implication
    SUB:
      val$2 = n$5
    <span class='color_blue'>$irvar0 != 1; null != org.junit.tests.running.methods.TestMethodTest$SubWrong; UND &lt; List Collections.emptyList() &gt; :179(n$23); UND &lt; int List.size() &gt; :157($irvar0); $irvar0 = $irvar0 ;
    actual|callee = n$5<span class='color_orange'>actual_precondition</span>:long; problems = 0<span class='color_orange'>nullify</span>:java.util.List*; $RET_java.util.List.size():int|abducedRetvar = n$5<span class='color_orange'>formal</span>:int( sub ); $irvar0 = n$5<span class='color_orange'>update:157</span>:void; return = n$22<span class='color_orange'>initial</span>:void; this = 0<span class='color_orange'>nullify</span>:org.junit.tests.running.methods.TestMethodTest*( sub ); old_this = val$1<span class='color_orange'>formal</span>:org.junit.tests.running.methods.TestMethodTest*( sub ); expected|callee = 1<span class='color_orange'>actual_precondition</span>:long</span>
    [SUB: 
      val$2 = n$5]
    |-
    <span class='color_blue'>actual|callee = _t$49<span class='color_orange'>formal</span>:long( sub ); expected|callee = _t$50<span class='color_orange'>formal</span>:long( sub )</span>
    
      do_imply n$5 _t$49
        Current Implication
        SUB:
          val$2 = n$5
        <span class='color_blue'>$irvar0 != 1; null != org.junit.tests.running.methods.TestMethodTest$SubWrong; UND &lt; List Collections.emptyList() &gt; :179(n$23); UND &lt; int List.size() &gt; :157($irvar0); $irvar0 = $irvar0 ;
        problems = 0<span class='color_orange'>nullify</span>:java.util.List*; $RET_java.util.List.size():int|abducedRetvar = n$5<span class='color_orange'>formal</span>:int( sub ); $irvar0 = n$5<span class='color_orange'>update:157</span>:void; return = n$22<span class='color_orange'>initial</span>:void; this = 0<span class='color_orange'>nullify</span>:org.junit.tests.running.methods.TestMethodTest*( sub ); old_this = val$1<span class='color_orange'>formal</span>:org.junit.tests.running.methods.TestMethodTest*( sub ); expected|callee = 1<span class='color_orange'>actual_precondition</span>:long</span>
        [SUB: 
          val$2 = n$5; _t$49 = n$5]
        |-
        <span class='color_blue'>expected|callee = _t$50<span class='color_orange'>formal</span>:long( sub )</span>
        
          do_imply 1 _t$50
            Final Implication
            SUB:
              val$2 = n$5
            <span class='color_blue'>$irvar0 != 1; null != org.junit.tests.running.methods.TestMethodTest$SubWrong; UND &lt; List Collections.emptyList() &gt; :179(n$23); UND &lt; int List.size() &gt; :157($irvar0); $irvar0 = $irvar0 ;
            problems = 0<span class='color_orange'>nullify</span>:java.util.List*; $RET_java.util.List.size():int|abducedRetvar = n$5<span class='color_orange'>formal</span>:int( sub ); $irvar0 = n$5<span class='color_orange'>update:157</span>:void; return = n$22<span class='color_orange'>initial</span>:void; this = 0<span class='color_orange'>nullify</span>:org.junit.tests.running.methods.TestMethodTest*( sub ); old_this = val$1<span class='color_orange'>formal</span>:org.junit.tests.running.methods.TestMethodTest*( sub )</span>
            [SUB: 
              val$2 = n$5; _t$49 = n$5; _t$50 = 1]
            |-
            <span class='color_blue'></span>
    Result of Abduction
      SUB:
        val$2 = n$5
      <span class='color_blue'>$irvar0 != 1; null != org.junit.tests.running.methods.TestMethodTest$SubWrong; UND &lt; List Collections.emptyList() &gt; :179(n$23); UND &lt; int List.size() &gt; :157($irvar0); $irvar0 = $irvar0 ;
      actual|callee = n$5<span class='color_orange'>actual_precondition</span>:long; problems = 0<span class='color_orange'>nullify</span>:java.util.List*; $RET_java.util.List.size():int|abducedRetvar = n$5<span class='color_orange'>formal</span>:int( sub ); $irvar0 = n$5<span class='color_orange'>update:157</span>:void; return = n$22<span class='color_orange'>initial</span>:void; this = 0<span class='color_orange'>nullify</span>:org.junit.tests.running.methods.TestMethodTest*( sub ); old_this = val$1<span class='color_orange'>formal</span>:org.junit.tests.running.methods.TestMethodTest*( sub ); expected|callee = 1<span class='color_orange'>actual_precondition</span>:long</span>
      [SUB: 
        val$2 = n$5; _t$49 = n$5; _t$50 = 1]
      |-
      <span class='color_blue'>actual|callee != 1 ;
      actual|callee = n$5<span class='color_orange'>formal</span>:long( sub ); expected|callee = 1<span class='color_orange'>formal</span>:long( sub )</span>
    returning TRUE
    in vpath_find exp:_t$51
    vpath_find: cannot find _t$51
      New footprint:
      
      Frame fld:
      
      Missing fld:
      
      Instantiated frame:
      &amp;problems|->0<span class='color_orange'>nullify</span>:java.util.List*; &amp;$RET_java.util.List.size():int|abducedRetvar|->n$5<span class='color_orange'>formal</span>:int( sub ); &amp;$irvar0|->n$5<span class='color_orange'>update:157</span>:void; &amp;return|->n$22<span class='color_orange'>initial</span>:void; &amp;this|->0<span class='color_orange'>nullify</span>:org.junit.tests.running.methods.TestMethodTest*( sub ); &amp;old_this|->val$1<span class='color_orange'>formal</span>:org.junit.tests.running.methods.TestMethodTest*( sub )
      Instantiated post:
      PROP 1 of 1:
      <span class='color_blue'><span class='color_red'>n$5 != 1</span>; <span class='color_red'>MEMne &lt; void Assert.assertEquals(long,long):157 &gt; <span class='color_orange'>{vpath: }</span>(_t$51)</span> ;
      <span class='color_red'>return|callee = EXN _t$51<span class='color_orange'>update:157</span>:void</span> ;
      <span class='color_red'>_t$51|->{}<span class='color_orange'>alloc</span>:java.lang.AssertionError</span></span>
      
    ***** RESULTS FUNCTION CALL *******
    PROP 1 of 1:
    <span class='color_blue'><span class='color_blue'>val$2 = $irvar0</span> ;
    <span class='color_blue'>$irvar0 != 1</span>; <span class='color_blue'>null != org.junit.tests.running.methods.TestMethodTest$SubWrong</span>; <span class='color_red'>MEMne &lt; void Assert.assertEquals(long,long):157 &gt; <span class='color_orange'>{vpath: }</span>(_t$0)</span>; <span class='color_blue'>UND &lt; List Collections.emptyList() &gt; :179(n$23)</span>; <span class='color_blue'>UND &lt; int List.size() &gt; :157($irvar0)</span> ;
    <span class='color_blue'>problems = 0<span class='color_orange'>nullify</span>:java.util.List*</span>; <span class='color_blue'>$RET_java.util.List.size():int|abducedRetvar = n$5<span class='color_orange'>formal</span>:int( sub )</span>; <span class='color_blue'>$irvar0 = n$5<span class='color_orange'>update:157</span>:void</span>; <span class='color_blue'>return = <span class='color_red'>EXN _t$0<span class='color_orange'>update:157</span></span>:void</span>; <span class='color_blue'>this = 0<span class='color_orange'>nullify</span>:org.junit.tests.running.methods.TestMethodTest*( sub )</span>; <span class='color_blue'>old_this = val$1<span class='color_orange'>formal</span>:org.junit.tests.running.methods.TestMethodTest*( sub )</span> ;
    <span class='color_red'>_t$0|->{}<span class='color_orange'>alloc</span>:java.lang.AssertionError</span></span>
    ***** END RESULTS FUNCTION CALL *******
    Prover.check_inconsistency_base: inconsistency reason [None]
    Prover.check_inconsistency_base: inconsistency reason [None]
    Prover.check_inconsistency_base: inconsistency reason [None]
    Prover.check_inconsistency_base: inconsistency reason [None]
    Instruction Returns
    PROP 1 of 1:
    <span class='color_blue'><span class='color_blue'>val$2 = $irvar0</span> ;
    <span class='color_blue'>$irvar0 != 1</span>; <span class='color_blue'>null != org.junit.tests.running.methods.TestMethodTest$SubWrong</span>; <span class='color_red'>MEMne &lt; void Assert.assertEquals(long,long):157 &gt; <span class='color_orange'>{vpath: }</span>(_t$0)</span>; <span class='color_blue'>UND &lt; List Collections.emptyList() &gt; :179(_t$1)</span>; <span class='color_blue'>UND &lt; int List.size() &gt; :157($irvar0)</span> ;
    <span class='color_blue'>problems = 0<span class='color_orange'>nullify</span>:java.util.List*</span>; <span class='color_blue'>$RET_java.util.List.size():int|abducedRetvar = n$5<span class='color_orange'>formal</span>:int( sub )</span>; <span class='color_blue'>$irvar0 = n$5<span class='color_orange'>update:157</span>:void</span>; <span class='color_blue'>return = <span class='color_red'>EXN _t$0<span class='color_orange'>update:157</span></span>:void</span>; <span class='color_blue'>this = 0<span class='color_orange'>nullify</span>:org.junit.tests.running.methods.TestMethodTest*( sub )</span>; <span class='color_blue'>old_this = val$1<span class='color_orange'>formal</span>:org.junit.tests.running.methods.TestMethodTest*( sub )</span> ;
    <span class='color_red'>_t$0|->{}<span class='color_orange'>alloc</span>:java.lang.AssertionError</span></span>
    
    Instruction <span class='color_green'>NULLIFY(&amp;$irvar0); [line 157]</span>
    in vpath_find exp:_t$0
    vpath_find: cannot find _t$0
    Instruction Returns
    PROP 1 of 1:
    <span class='color_blue'><span class='color_blue'>val$2 = $RET_java.util.List.size():int|abducedRetvar</span> ;
    <span class='color_blue'>$RET_java.util.List.size():int|abducedRetvar != 1</span>; <span class='color_blue'>null != org.junit.tests.running.methods.TestMethodTest$SubWrong</span>; <span class='color_blue'>MEMne &lt; void Assert.assertEquals(long,long):157 &gt; <span class='color_orange'>{vpath: }</span>(_t$0)</span>; <span class='color_blue'>UND &lt; List Collections.emptyList() &gt; :179(_t$1)</span>; <span class='color_blue'>UND &lt; int List.size() &gt; :157($RET_java.util.List.size():int|abducedRetvar)</span> ;
    <span class='color_blue'>problems = 0<span class='color_orange'>nullify</span>:java.util.List*</span>; <span class='color_blue'>$RET_java.util.List.size():int|abducedRetvar = n$5<span class='color_orange'>formal</span>:int( sub )</span>; <span class='color_blue'>$irvar0 = <span class='color_red'>0<span class='color_orange'>nullify</span></span>:void</span>; <span class='color_blue'>return = EXN _t$0<span class='color_orange'>update:157</span>:void</span>; <span class='color_blue'>this = 0<span class='color_orange'>nullify</span>:org.junit.tests.running.methods.TestMethodTest*( sub )</span>; <span class='color_blue'>old_this = val$1<span class='color_orange'>formal</span>:org.junit.tests.running.methods.TestMethodTest*( sub )</span> ;
    <span class='color_blue'>_t$0|->{}<span class='color_orange'>alloc</span>:java.lang.AssertionError</span></span>
    
    Instruction <span class='color_green'>EXIT_SCOPE(n$5,n$6,$irvar0); [line 157]</span>
    in vpath_find exp:_t$0
    vpath_find: cannot find _t$0
    Instruction Returns
    PROP 1 of 1:
    <span class='color_blue'><span class='color_blue'>$RET_java.util.List.size():int|abducedRetvar != 1</span>; <span class='color_blue'>null != org.junit.tests.running.methods.TestMethodTest$SubWrong</span>; <span class='color_blue'>MEMne &lt; void Assert.assertEquals(long,long):157 &gt; <span class='color_orange'>{vpath: }</span>(_t$0)</span>; <span class='color_blue'>UND &lt; List Collections.emptyList() &gt; :179(_t$1)</span>; <span class='color_blue'>UND &lt; int List.size() &gt; :157($RET_java.util.List.size():int|abducedRetvar)</span> ;
    <span class='color_blue'>problems = 0<span class='color_orange'>nullify</span>:java.util.List*</span>; <span class='color_blue'>$RET_java.util.List.size():int|abducedRetvar = <span class='color_red'>val$2<span class='color_orange'>formal</span></span>:int( sub )</span>; <span class='color_blue'>$irvar0 = 0<span class='color_orange'>nullify</span>:void</span>; <span class='color_blue'>return = EXN _t$0<span class='color_orange'>update:157</span>:void</span>; <span class='color_blue'>this = 0<span class='color_orange'>nullify</span>:org.junit.tests.running.methods.TestMethodTest*( sub )</span>; <span class='color_blue'>old_this = val$1<span class='color_orange'>formal</span>:org.junit.tests.running.methods.TestMethodTest*( sub )</span> ;
    <span class='color_blue'>_t$0|->{}<span class='color_orange'>alloc</span>:java.lang.AssertionError</span></span>
    
    .... After Symbolic Execution ....
    PROP 1 of 1:
    <span class='color_blue'><span class='color_blue'>$RET_java.util.List.size():int|abducedRetvar != 1</span>; <span class='color_blue'>null != org.junit.tests.running.methods.TestMethodTest$SubWrong</span>; <span class='color_red'>MEMne &lt; void Assert.assertEquals(long,long):157 &gt; <span class='color_orange'>{vpath: }</span>(_t$0)</span>; <span class='color_blue'>UND &lt; List Collections.emptyList() &gt; :179(_t$1)</span>; <span class='color_blue'>UND &lt; int List.size() &gt; :157($RET_java.util.List.size():int|abducedRetvar)</span> ;
    <span class='color_blue'>problems = 0<span class='color_orange'>nullify</span>:java.util.List*</span>; <span class='color_blue'>$RET_java.util.List.size():int|abducedRetvar = val$2<span class='color_orange'>formal</span>:int( sub )</span>; <span class='color_blue'>$irvar0 = <span class='color_red'>0<span class='color_orange'>nullify</span></span>:void</span>; <span class='color_blue'>return = <span class='color_red'>EXN _t$0<span class='color_orange'>update:157</span></span>:void</span>; <span class='color_blue'>this = 0<span class='color_orange'>nullify</span>:org.junit.tests.running.methods.TestMethodTest*( sub )</span>; <span class='color_blue'>old_this = val$1<span class='color_orange'>formal</span>:org.junit.tests.running.methods.TestMethodTest*( sub )</span> ;
    <span class='color_red'>_t$0|->{}<span class='color_orange'>alloc</span>:java.lang.AssertionError</span></span>
    
    
    
  </LISTING>
<hr width="100%">
<a name="session42" href="./../nodes/org.junit.tests.running.methods.TestMethodTest.validateInheritedMethods%28%29%3Avoid.0dcbe4f38ccd7191c49bbb50736a3259_node6.html#session42">node6#session42</a>(<a href="./../../TestMethodTest.java.cd3cd8b636ee5ff567d7c528578264cd.html#LINE157">157</a>) biabduction
<LISTING class='color_black'>**** [RE:Pending] void TestMethodTest.validateInheritedMethods() Node: 6, Procedure: void TestMethodTest.validateInheritedMethods(), Todo: 1 ****
  PROP 1 of 1:
  <span class='color_blue'><span class='color_red'>null != org.junit.tests.running.methods.TestMethodTest$SubWrong</span>; <span class='color_red'>UND &lt; List Collections.emptyList() &gt; :179(_t$2)</span>; <span class='color_red'>UND &lt; int List.size() &gt; :157($irvar0)</span> ;
  <span class='color_red'>problems = 0<span class='color_orange'>nullify</span>:java.util.List*</span>; <span class='color_red'>$irvar0 = _t$1<span class='color_orange'>update:157</span>:void</span>; <span class='color_red'>return = _t$0<span class='color_orange'>initial</span>:void</span>; <span class='color_red'>this = 0<span class='color_orange'>nullify</span>:org.junit.tests.running.methods.TestMethodTest*( sub )</span>; <span class='color_red'>old_this = val$1<span class='color_orange'>formal</span>:org.junit.tests.running.methods.TestMethodTest*( sub )</span></span>
  .... Instructions: ....
  <span class='color_green'>n$5=*&amp;$irvar0:int [line 157];
  n$6=_fun_void Assert.assertEquals(long,long)(1:long,(long)n$5:long) [line 157];
  NULLIFY(&amp;$irvar0); [line 157];
  EXIT_SCOPE(n$5,n$6,$irvar0); [line 157];
  </span>
  
  Processing prop 1/1
    Instruction <span class='color_green'>n$5=*&amp;$irvar0:int [line 157]</span>
    .... Rearrangement Start ....
    Exp: &amp;$irvar0
    Prop:
    <span class='color_blue'>null != org.junit.tests.running.methods.TestMethodTest$SubWrong; UND &lt; List Collections.emptyList() &gt; :179(n$44); UND &lt; int List.size() &gt; :157($irvar0) ;
    problems = 0<span class='color_orange'>nullify</span>:java.util.List*; $irvar0 = n$42<span class='color_orange'>update:157</span>:void; return = n$43<span class='color_orange'>initial</span>:void; this = 0<span class='color_orange'>nullify</span>:org.junit.tests.running.methods.TestMethodTest*( sub ); old_this = val$1<span class='color_orange'>formal</span>:org.junit.tests.running.methods.TestMethodTest*( sub )</span>
    
    Prover.check_inconsistency_base: inconsistency reason [None]
    Prover.check_inconsistency_base: inconsistency reason [None]
    Instruction Returns
    PROP 1 of 1:
    <span class='color_blue'><span class='color_blue'>null != org.junit.tests.running.methods.TestMethodTest$SubWrong</span>; <span class='color_blue'>UND &lt; List Collections.emptyList() &gt; :179(_t$1)</span>; <span class='color_red'>UND &lt; int List.size() &gt; :157($irvar0)</span> ;
    <span class='color_blue'>problems = 0<span class='color_orange'>nullify</span>:java.util.List*</span>; <span class='color_blue'>$irvar0 = <span class='color_red'>n$5<span class='color_orange'>update:157</span></span>:void</span>; <span class='color_blue'>return = _t$0<span class='color_orange'>initial</span>:void</span>; <span class='color_blue'>this = 0<span class='color_orange'>nullify</span>:org.junit.tests.running.methods.TestMethodTest*( sub )</span>; <span class='color_blue'>old_this = val$1<span class='color_orange'>formal</span>:org.junit.tests.running.methods.TestMethodTest*( sub )</span></span>
    
    Instruction <span class='color_green'>n$6=_fun_void Assert.assertEquals(long,long)(1:long,(long)n$5:long) [line 157]</span>
    Found 2 specs for function org.junit.Assert.assertEquals(long,long):void
    START EXECUTING SPECS FOR org.junit.Assert.assertEquals(long,long):void from state
    <span class='color_blue'>null != org.junit.tests.running.methods.TestMethodTest$SubWrong; UND &lt; List Collections.emptyList() &gt; :179(n$46); UND &lt; int List.size() &gt; :157($irvar0) ;
    problems = 0<span class='color_orange'>nullify</span>:java.util.List*; $irvar0 = n$5<span class='color_orange'>update:157</span>:void; return = n$45<span class='color_orange'>initial</span>:void; this = 0<span class='color_orange'>nullify</span>:org.junit.tests.running.methods.TestMethodTest*( sub ); old_this = val$1<span class='color_orange'>formal</span>:org.junit.tests.running.methods.TestMethodTest*( sub )</span>
    EXECUTING SPEC 1/2
    ACTUAL PRECONDITION =
      <span class='color_blue'>null != org.junit.tests.running.methods.TestMethodTest$SubWrong; UND &lt; List Collections.emptyList() &gt; :179(n$46); UND &lt; int List.size() &gt; :157($irvar0) ;
      actual|callee = n$5<span class='color_orange'>actual_precondition</span>:long; problems = 0<span class='color_orange'>nullify</span>:java.util.List*; $irvar0 = n$5<span class='color_orange'>update:157</span>:void; return = n$45<span class='color_orange'>initial</span>:void; this = 0<span class='color_orange'>nullify</span>:org.junit.tests.running.methods.TestMethodTest*( sub ); old_this = val$1<span class='color_orange'>formal</span>:org.junit.tests.running.methods.TestMethodTest*( sub ); expected|callee = 1<span class='color_orange'>actual_precondition</span>:long</span>
    SPEC =
      --------------------------- ---------- ---------------------------
      PRE:
      <span class='color_blue'><span class='color_blue'>actual|callee = _t$112<span class='color_orange'>formal</span>:long( sub ); expected|callee = _t$112<span class='color_orange'>formal</span>:long( sub )</span></span>
      POST 1 of 1:
      <span class='color_blue'><span class='color_red'>return|callee = _t$113<span class='color_orange'>initial</span>:void</span></span>
      ----------------------------------------------------------------
    pre_check_pure_implication
    pi1:
      null != org.junit.tests.running.methods.TestMethodTest$SubWrong; UND &lt; List Collections.emptyList() &gt; :179(n$46); UND &lt; int List.size() &gt; :157(n$5)
    pi2:
      
    returns
    sub1:
      
    sub2:
      
    Current Implication
    SUB:
      
    <span class='color_blue'>null != org.junit.tests.running.methods.TestMethodTest$SubWrong; UND &lt; List Collections.emptyList() &gt; :179(n$46); UND &lt; int List.size() &gt; :157($irvar0) ;
    actual|callee = n$5<span class='color_orange'>actual_precondition</span>:long; problems = 0<span class='color_orange'>nullify</span>:java.util.List*; $irvar0 = n$5<span class='color_orange'>update:157</span>:void; return = n$45<span class='color_orange'>initial</span>:void; this = 0<span class='color_orange'>nullify</span>:org.junit.tests.running.methods.TestMethodTest*( sub ); old_this = val$1<span class='color_orange'>formal</span>:org.junit.tests.running.methods.TestMethodTest*( sub ); expected|callee = 1<span class='color_orange'>actual_precondition</span>:long</span>
    |-
    <span class='color_blue'>actual|callee = _t$112<span class='color_orange'>formal</span>:long( sub ); expected|callee = _t$112<span class='color_orange'>formal</span>:long( sub )</span>
    
      do_imply n$5 _t$112
        Current Implication
        SUB:
          
        <span class='color_blue'>null != org.junit.tests.running.methods.TestMethodTest$SubWrong; UND &lt; List Collections.emptyList() &gt; :179(n$46); UND &lt; int List.size() &gt; :157($irvar0) ;
        problems = 0<span class='color_orange'>nullify</span>:java.util.List*; $irvar0 = n$5<span class='color_orange'>update:157</span>:void; return = n$45<span class='color_orange'>initial</span>:void; this = 0<span class='color_orange'>nullify</span>:org.junit.tests.running.methods.TestMethodTest*( sub ); old_this = val$1<span class='color_orange'>formal</span>:org.junit.tests.running.methods.TestMethodTest*( sub ); expected|callee = 1<span class='color_orange'>actual_precondition</span>:long</span>
        [SUB: 
          _t$112 = n$5]
        |-
        <span class='color_blue'>expected|callee = n$5<span class='color_orange'>formal</span>:long( sub )</span>
        
          do_imply 1 n$5
          WARNING: footprint failed to find MISSING because: expressions not equal
    EXECUTING SPEC 2/2
    ACTUAL PRECONDITION =
      <span class='color_blue'>null != org.junit.tests.running.methods.TestMethodTest$SubWrong; UND &lt; List Collections.emptyList() &gt; :179(n$46); UND &lt; int List.size() &gt; :157($irvar0) ;
      actual|callee = n$5<span class='color_orange'>actual_precondition</span>:long; problems = 0<span class='color_orange'>nullify</span>:java.util.List*; $irvar0 = n$5<span class='color_orange'>update:157</span>:void; return = n$45<span class='color_orange'>initial</span>:void; this = 0<span class='color_orange'>nullify</span>:org.junit.tests.running.methods.TestMethodTest*( sub ); old_this = val$1<span class='color_orange'>formal</span>:org.junit.tests.running.methods.TestMethodTest*( sub ); expected|callee = 1<span class='color_orange'>actual_precondition</span>:long</span>
    SPEC =
      --------------------------- ---------- ---------------------------
      PRE:
      <span class='color_blue'><span class='color_blue'>actual|callee != expected|callee ;
      actual|callee = _t$114<span class='color_orange'>formal</span>:long( sub ); expected|callee = _t$115<span class='color_orange'>formal</span>:long( sub )</span></span>
      POST 1 of 1:
      <span class='color_blue'>actual|callee != expected|callee; <span class='color_red'>MEMne &lt; void Assert.assertEquals(String,long,long):633 &gt; <span class='color_orange'>{vpath: }</span>(_t$116)</span> ;
      <span class='color_red'>return|callee = EXN _t$116<span class='color_orange'>update:633</span>:void</span> ;
      <span class='color_red'>_t$116|->{}<span class='color_orange'>alloc</span>:java.lang.AssertionError</span></span>
      ----------------------------------------------------------------
    pre_check_pure_implication
    pi1:
      null != org.junit.tests.running.methods.TestMethodTest$SubWrong; UND &lt; List Collections.emptyList() &gt; :179(n$46); UND &lt; int List.size() &gt; :157(n$5)
    pi2:
      _t$114 != _t$115
    returns
    sub1:
      
    sub2:
      
    Current Implication
    SUB:
      
    <span class='color_blue'>null != org.junit.tests.running.methods.TestMethodTest$SubWrong; UND &lt; List Collections.emptyList() &gt; :179(n$46); UND &lt; int List.size() &gt; :157($irvar0) ;
    actual|callee = n$5<span class='color_orange'>actual_precondition</span>:long; problems = 0<span class='color_orange'>nullify</span>:java.util.List*; $irvar0 = n$5<span class='color_orange'>update:157</span>:void; return = n$45<span class='color_orange'>initial</span>:void; this = 0<span class='color_orange'>nullify</span>:org.junit.tests.running.methods.TestMethodTest*( sub ); old_this = val$1<span class='color_orange'>formal</span>:org.junit.tests.running.methods.TestMethodTest*( sub ); expected|callee = 1<span class='color_orange'>actual_precondition</span>:long</span>
    |-
    <span class='color_blue'>actual|callee = _t$114<span class='color_orange'>formal</span>:long( sub ); expected|callee = _t$115<span class='color_orange'>formal</span>:long( sub )</span>
    
      do_imply n$5 _t$114
        Current Implication
        SUB:
          
        <span class='color_blue'>null != org.junit.tests.running.methods.TestMethodTest$SubWrong; UND &lt; List Collections.emptyList() &gt; :179(n$46); UND &lt; int List.size() &gt; :157($irvar0) ;
        problems = 0<span class='color_orange'>nullify</span>:java.util.List*; $irvar0 = n$5<span class='color_orange'>update:157</span>:void; return = n$45<span class='color_orange'>initial</span>:void; this = 0<span class='color_orange'>nullify</span>:org.junit.tests.running.methods.TestMethodTest*( sub ); old_this = val$1<span class='color_orange'>formal</span>:org.junit.tests.running.methods.TestMethodTest*( sub ); expected|callee = 1<span class='color_orange'>actual_precondition</span>:long</span>
        [SUB: 
          _t$114 = n$5]
        |-
        <span class='color_blue'>expected|callee = _t$115<span class='color_orange'>formal</span>:long( sub )</span>
        
          do_imply 1 _t$115
            Final Implication
            SUB:
              
            <span class='color_blue'>null != org.junit.tests.running.methods.TestMethodTest$SubWrong; UND &lt; List Collections.emptyList() &gt; :179(n$46); UND &lt; int List.size() &gt; :157($irvar0) ;
            problems = 0<span class='color_orange'>nullify</span>:java.util.List*; $irvar0 = n$5<span class='color_orange'>update:157</span>:void; return = n$45<span class='color_orange'>initial</span>:void; this = 0<span class='color_orange'>nullify</span>:org.junit.tests.running.methods.TestMethodTest*( sub ); old_this = val$1<span class='color_orange'>formal</span>:org.junit.tests.running.methods.TestMethodTest*( sub )</span>
            [SUB: 
              _t$114 = n$5; _t$115 = 1]
            |-
            <span class='color_blue'></span>
    imply_pi: adding missing atom _t$114 != _t$115
    Result of Abduction
      SUB:
        
      <span class='color_blue'>null != org.junit.tests.running.methods.TestMethodTest$SubWrong; UND &lt; List Collections.emptyList() &gt; :179(n$46); UND &lt; int List.size() &gt; :157($irvar0) ;
      actual|callee = n$5<span class='color_orange'>actual_precondition</span>:long; problems = 0<span class='color_orange'>nullify</span>:java.util.List*; $irvar0 = n$5<span class='color_orange'>update:157</span>:void; return = n$45<span class='color_orange'>initial</span>:void; this = 0<span class='color_orange'>nullify</span>:org.junit.tests.running.methods.TestMethodTest*( sub ); old_this = val$1<span class='color_orange'>formal</span>:org.junit.tests.running.methods.TestMethodTest*( sub ); expected|callee = 1<span class='color_orange'>actual_precondition</span>:long</span>
      [SUB: 
        _t$114 = n$5; _t$115 = 1
      _t$114 != _t$115]
      |-
      <span class='color_blue'>actual|callee != 1 ;
      actual|callee = n$5<span class='color_orange'>formal</span>:long( sub ); expected|callee = 1<span class='color_orange'>formal</span>:long( sub )</span>
    returning TRUE
    in vpath_find exp:_t$116
    vpath_find: cannot find _t$116
      New footprint:
      n$5 != 1
      Frame fld:
      
      Missing fld:
      
      Instantiated frame:
      &amp;problems|->0<span class='color_orange'>nullify</span>:java.util.List*; &amp;$irvar0|->n$5<span class='color_orange'>update:157</span>:void; &amp;return|->n$45<span class='color_orange'>initial</span>:void; &amp;this|->0<span class='color_orange'>nullify</span>:org.junit.tests.running.methods.TestMethodTest*( sub ); &amp;old_this|->val$1<span class='color_orange'>formal</span>:org.junit.tests.running.methods.TestMethodTest*( sub )
      Instantiated post:
      PROP 1 of 1:
      <span class='color_blue'><span class='color_red'>n$5 != 1</span>; <span class='color_red'>MEMne &lt; void Assert.assertEquals(long,long):157 &gt; <span class='color_orange'>{vpath: }</span>(_t$116)</span> ;
      <span class='color_red'>return|callee = EXN _t$116<span class='color_orange'>update:157</span>:void</span> ;
      <span class='color_red'>_t$116|->{}<span class='color_orange'>alloc</span>:java.lang.AssertionError</span></span>
      
    ***** RESULTS FUNCTION CALL *******
    PROP 1 of 1:
    <span class='color_blue'><span class='color_blue'>$irvar0 != 1</span>; <span class='color_blue'>null != org.junit.tests.running.methods.TestMethodTest$SubWrong</span>; <span class='color_red'>MEMne &lt; void Assert.assertEquals(long,long):157 &gt; <span class='color_orange'>{vpath: }</span>(_t$0)</span>; <span class='color_blue'>UND &lt; List Collections.emptyList() &gt; :179(n$46)</span>; <span class='color_blue'>UND &lt; int List.size() &gt; :157($irvar0)</span> ;
    <span class='color_blue'>problems = 0<span class='color_orange'>nullify</span>:java.util.List*</span>; <span class='color_blue'>$irvar0 = n$5<span class='color_orange'>update:157</span>:void</span>; <span class='color_blue'>return = <span class='color_red'>EXN _t$0<span class='color_orange'>update:157</span></span>:void</span>; <span class='color_blue'>this = 0<span class='color_orange'>nullify</span>:org.junit.tests.running.methods.TestMethodTest*( sub )</span>; <span class='color_blue'>old_this = val$1<span class='color_orange'>formal</span>:org.junit.tests.running.methods.TestMethodTest*( sub )</span> ;
    <span class='color_red'>_t$0|->{}<span class='color_orange'>alloc</span>:java.lang.AssertionError</span></span>
    ***** END RESULTS FUNCTION CALL *******
    Prover.check_inconsistency_base: inconsistency reason [None]
    Prover.check_inconsistency_base: inconsistency reason [None]
    Prover.check_inconsistency_base: inconsistency reason [None]
    Prover.check_inconsistency_base: inconsistency reason [None]
    Missing pure facts for the function call:
    pi: n$5 != 1
    Prover.check_inconsistency_base: inconsistency reason [None]
    <span class='color_red'>Failure of symbolic execution: PRECONDITION_NOT_MET in call to `assertEquals(...)` at line 157 src/biabduction/Tabulation.ml:1329:66-73:</span>
    Precondition:
    <span class='color_blue'></span>
    SIL INSTR:
    <span class='color_green'>n$5=*&amp;$irvar0:int [line 157];
    <span class='color_red'>n$6=_fun_void Assert.assertEquals(long,long)(1:long,(long)n$5:long) [line 157]</span>;
    NULLIFY(&amp;$irvar0); [line 157];
    EXIT_SCOPE(n$5,n$6,$irvar0); [line 157];
    </span>
    </LISTING>