<!DOCTYPE HTML PUBLIC "-//W3C//DTD HTML 4.01 Transitional//EN">
<html>
<head>
<title>org.junit.tests.running.methods.TestMethodTest.testFailures():void.8992dcf714229f5cdc2a0ed2da5ffa0d_node3</title>
<meta http-equiv="Content-Type" content="text/html; charset=utf-8">
<style type="text/css">
body { background-color:#fff; color:#000; font-family:Helvetica, sans-serif; font-size:10pt }
h1 { font-size:14pt }
.code { border-collapse:collapse; width:100%; font-family: "Andale Mono", monospace; font-size:10pt; line-height: 1.2em }
.color_black { color: black }
.color_blue { color: blue }
.color_green { color: green }
.color_orange { color: orange }
.color_red { color: red }
.line { border-left: 3px solid #ccc; padding-left: 1ex; white-space: pre; }
.msg { background-color:#fff8b4; color:#000; float:left; font-family:Helvetica, sans-serif; font-size: smaller; font-weight: bold; margin-bottom:10px; margin-top:10px; max-width:60em; padding:0.5em 1ex 0.5em 1ex; -webkit-border-radius:5px; -webkit-box-shadow:1px 1px 7px #000; white-space: pre-wrap; word-wrap: break-word; }
.num { background-color:#eee; color:#444; font-size: smaller; padding-right:2ex; text-align:right; width:2.5em; }
.dangling { background-color:white; color: gray; }
.visited { background-color:LemonChiffon; color: darkmagenta; }
.tooltip { display: none; background-color:#FFF0F0; border: 2px solid #F00; font-weight: normal; left:10em; padding: 2px; position: absolute; top: -1em; -webkit-border-radius:5px; -webkit-box-shadow:1px 1px 7px #000; z-index: 1}
.with_tooltip { position: relative; }
.with_tooltip:hover .tooltip, .visited:hover .tooltip { display: block; }
</style>
</head>
<body>
<center><h1>Cfg Node <a href="./../../TestMethodTest.java.cd3cd8b636ee5ff567d7c528578264cd.html#LINE140">3</a></h1></center>PROC: <a href="./../org.junit.tests.running.methods.TestMethodTest.testFailures%28%29%3Avoid.8992dcf714229f5cdc2a0ed2da5ffa0d.html">void TestMethodTest.testFailures()</a> LINE: <a href="./../../TestMethodTest.java.cd3cd8b636ee5ff567d7c528578264cd.html#LINE140">140</a>
<br>PREDS:
<br>SUCCS:
<a href="./../nodes/org.junit.tests.running.methods.TestMethodTest.testFailures%28%29%3Avoid.8992dcf714229f5cdc2a0ed2da5ffa0d_node2.html"><span class='visited with_tooltip'>N_2<span class='tooltip'>node2 preds:8 3 succs: exn: </span></span></a><br>EXN:
<a href="./../nodes/org.junit.tests.running.methods.TestMethodTest.testFailures%28%29%3Avoid.8992dcf714229f5cdc2a0ed2da5ffa0d_node2.html"><span class='visited with_tooltip'>N_2<span class='tooltip'>node2 preds:8 3 succs: exn: </span></span></a><br>
<LISTING class='color_green'></LISTING>
<hr width="100%">
<a name="session2" href="./../nodes/org.junit.tests.running.methods.TestMethodTest.testFailures%28%29%3Avoid.8992dcf714229f5cdc2a0ed2da5ffa0d_node3.html#session2">node3#session2</a>(<a href="./../../TestMethodTest.java.cd3cd8b636ee5ff567d7c528578264cd.html#LINE140">140</a>) [compute pre] liveness 3
<LISTING class='color_black'></LISTING>
<hr width="100%">
<a name="session3" href="./../nodes/org.junit.tests.running.methods.TestMethodTest.testFailures%28%29%3Avoid.8992dcf714229f5cdc2a0ed2da5ffa0d_node3.html#session3">node3#session3</a>(<a href="./../../TestMethodTest.java.cd3cd8b636ee5ff567d7c528578264cd.html#LINE140">140</a>) [exec] liveness 3
<LISTING class='color_black'>PRE STATE:
normal:{ }, exn:{ }

INSTR=  SKIP; 

STATE UNCHANGED

</LISTING>
<hr width="100%">
<a name="session27" href="./../nodes/org.junit.tests.running.methods.TestMethodTest.testFailures%28%29%3Avoid.8992dcf714229f5cdc2a0ed2da5ffa0d_node3.html#session27">node3#session27</a>(<a href="./../../TestMethodTest.java.cd3cd8b636ee5ff567d7c528578264cd.html#LINE140">140</a>) [compute pre] nullify
<LISTING class='color_black'>JOIN

LEFT:   (normal:{ problems }, exn:{ },
normal:{ n$0, n$1, this }, exn:{ })
RIGHT:  (normal:{ errorCount, problems }, exn:{ },
normal:{ }, exn:{ })
RESULT: (normal:{ errorCount, problems }, exn:{ },
normal:{ n$0, n$1, this }, exn:{ })

JOIN

LEFT:   (normal:{ errorCount, problems }, exn:{ },
normal:{ n$0, n$1, this }, exn:{ })
RIGHT:  (normal:{ errorCount, $irvar0 }, exn:{ },
normal:{ _, n$2, n$4, problems }, exn:{ })
RESULT: (normal:{ errorCount, problems, $irvar0 }, exn:{ },
normal:{ _, n$0, n$1, n$2, n$4, problems, this }, exn:{ })

JOIN

LEFT:   (normal:{ errorCount, problems, $irvar0 }, exn:{ },
normal:{ _, n$0, n$1, n$2, n$4, problems, this }, exn:{ })
RIGHT:  (normal:{ }, exn:{ },
normal:{ n$5, n$6, n$7, errorCount, $irvar0 }, exn:{ })
RESULT: (normal:{ errorCount, problems, $irvar0 }, exn:{ },
normal:{ _,
         n$0,
         n$1,
         n$2,
         n$4,
         n$5,
         n$6,
         n$7,
         errorCount,
         problems,
         $irvar0,
         this },
exn:{ })

JOIN

LEFT:   (normal:{ errorCount, problems, $irvar0 }, exn:{ },
normal:{ _,
         n$0,
         n$1,
         n$2,
         n$4,
         n$5,
         n$6,
         n$7,
         errorCount,
         problems,
         $irvar0,
         this },
exn:{ })
RIGHT:  (normal:{ }, exn:{ },
normal:{ }, exn:{ })
RESULT: (normal:{ errorCount, problems, $irvar0 }, exn:{ },
normal:{ _,
         n$0,
         n$1,
         n$2,
         n$4,
         n$5,
         n$6,
         n$7,
         errorCount,
         problems,
         $irvar0,
         this },
exn:{ })

</LISTING>
<hr width="100%">
<a name="session28" href="./../nodes/org.junit.tests.running.methods.TestMethodTest.testFailures%28%29%3Avoid.8992dcf714229f5cdc2a0ed2da5ffa0d_node3.html#session28">node3#session28</a>(<a href="./../../TestMethodTest.java.cd3cd8b636ee5ff567d7c528578264cd.html#LINE140">140</a>) [exec] nullify
<LISTING class='color_black'>PRE STATE:
(normal:{ errorCount, problems, $irvar0 }, exn:{ },
normal:{ _,
         n$0,
         n$1,
         n$2,
         n$4,
         n$5,
         n$6,
         n$7,
         errorCount,
         problems,
         $irvar0,
         this },
exn:{ })

INSTR=  SKIP; 

STATE:
(normal:{ }, exn:{ },normal:{ errorCount, problems, $irvar0 }, exn:{ })

</LISTING>
<hr width="100%">
<a name="session63" href="./../nodes/org.junit.tests.running.methods.TestMethodTest.testFailures%28%29%3Avoid.8992dcf714229f5cdc2a0ed2da5ffa0d_node3.html#session63">node3#session63</a>(<a href="./../../TestMethodTest.java.cd3cd8b636ee5ff567d7c528578264cd.html#LINE140">140</a>) [exec] devirtualizer
<LISTING class='color_black'></LISTING>
<hr width="100%">
<a name="session64" href="./../nodes/org.junit.tests.running.methods.TestMethodTest.testFailures%28%29%3Avoid.8992dcf714229f5cdc2a0ed2da5ffa0d_node3.html#session64">node3#session64</a>(<a href="./../../TestMethodTest.java.cd3cd8b636ee5ff567d7c528578264cd.html#LINE140">140</a>) [exec] devirtualizer
<LISTING class='color_black'></LISTING>
<hr width="100%">
<a name="session65" href="./../nodes/org.junit.tests.running.methods.TestMethodTest.testFailures%28%29%3Avoid.8992dcf714229f5cdc2a0ed2da5ffa0d_node3.html#session65">node3#session65</a>(<a href="./../../TestMethodTest.java.cd3cd8b636ee5ff567d7c528578264cd.html#LINE140">140</a>) [exec] devirtualizer
<LISTING class='color_black'></LISTING>
<hr width="100%">
<a name="session66" href="./../nodes/org.junit.tests.running.methods.TestMethodTest.testFailures%28%29%3Avoid.8992dcf714229f5cdc2a0ed2da5ffa0d_node3.html#session66">node3#session66</a>(<a href="./../../TestMethodTest.java.cd3cd8b636ee5ff567d7c528578264cd.html#LINE140">140</a>) [exec] devirtualizer
<LISTING class='color_black'></LISTING>
<hr width="100%">
<a name="session67" href="./../nodes/org.junit.tests.running.methods.TestMethodTest.testFailures%28%29%3Avoid.8992dcf714229f5cdc2a0ed2da5ffa0d_node3.html#session67">node3#session67</a>(<a href="./../../TestMethodTest.java.cd3cd8b636ee5ff567d7c528578264cd.html#LINE140">140</a>) [exec] devirtualizer
<LISTING class='color_black'></LISTING>
<hr width="100%">
<a name="session32" href="./../nodes/org.junit.tests.running.methods.TestMethodTest.testFailures%28%29%3Avoid.8992dcf714229f5cdc2a0ed2da5ffa0d_node3.html#session32">node3#session32</a>(<a href="./../../TestMethodTest.java.cd3cd8b636ee5ff567d7c528578264cd.html#LINE140">140</a>) biabduction
<LISTING class='color_black'>**** [FP:Pending] void TestMethodTest.testFailures() Node: 3, Procedure: void TestMethodTest.testFailures(), Todo: 2 ****
  PROP 1 of 2:
  <span class='color_blue'><span class='color_red'>@f$1 != 21</span>; <span class='color_red'>null != org.junit.tests.running.methods.TestMethodTest$EverythingWrong</span>; <span class='color_red'>MEMne &lt; void Assert.assertEquals(long,long):139 &gt; <span class='color_orange'>{vpath: }</span>(_t$0)</span>; <span class='color_red'>UND &lt; List Collections.emptyList() &gt; :179(_t$1)</span>; <span class='color_red'>UND &lt; int List.size() &gt; :139(@f$1)</span> ;
  <span class='color_red'>errorCount = 0<span class='color_orange'>nullify</span>:int</span>; <span class='color_red'>problems = 0<span class='color_orange'>nullify</span>:java.util.List*</span>; <span class='color_red'>$irvar0 = 0<span class='color_orange'>nullify</span>:void</span>; <span class='color_red'>return = EXN _t$0<span class='color_orange'>update:139</span>:void</span>; <span class='color_red'>this = 0<span class='color_orange'>nullify</span>:org.junit.tests.running.methods.TestMethodTest*( sub )</span>; <span class='color_red'>old_this = @f$0<span class='color_orange'>formal</span>:org.junit.tests.running.methods.TestMethodTest*( sub )</span> ;
  <span class='color_red'>_t$0|->{}<span class='color_orange'>alloc</span>:java.lang.AssertionError</span>
  [footprint
     <span class='color_red'>@f$1 != 21</span>; <span class='color_red'>null != org.junit.tests.running.methods.TestMethodTest$EverythingWrong</span> *
     <span class='color_red'>$RET_java.util.List.size():int|abducedRetvar = @f$1<span class='color_orange'>none</span>:int( sub )</span>; <span class='color_red'>this = @f$0<span class='color_orange'>formal</span>:org.junit.tests.running.methods.TestMethodTest*( sub )</span>  ]</span>
  PROP 2 of 2:
  <span class='color_blue'><span class='color_red'>_t$0 != 0</span>; <span class='color_red'>null != org.junit.tests.running.methods.TestMethodTest$EverythingWrong</span>; <span class='color_red'>MEMne &lt; List TestMethodTest.validateAllMethods(Class):137 &gt; <span class='color_orange'>{vpath: }</span>(_t$0)</span> ;
  <span class='color_red'>errorCount = _t$1<span class='color_orange'>initial</span>:int</span>; <span class='color_red'>problems = _t$2<span class='color_orange'>initial</span>:java.util.List*</span>; <span class='color_red'>$irvar0 = _t$3<span class='color_orange'>initial</span>:void</span>; <span class='color_red'>return = EXN _t$0<span class='color_orange'>update:137</span>:void</span>; <span class='color_red'>this = 0<span class='color_orange'>nullify</span>:org.junit.tests.running.methods.TestMethodTest*( sub )</span>; <span class='color_red'>old_this = @f$0<span class='color_orange'>formal</span>:org.junit.tests.running.methods.TestMethodTest*( sub )</span> ;
  <span class='color_red'>_t$0|->{}<span class='color_orange'>alloc</span>:java.lang.IllegalArgumentException</span>
  [footprint
     <span class='color_red'>null != org.junit.tests.running.methods.TestMethodTest$EverythingWrong</span> *
     <span class='color_red'>this = @f$0<span class='color_orange'>formal</span>:org.junit.tests.running.methods.TestMethodTest*( sub )</span>  ]</span>
  .... Instructions: ....
  <span class='color_green'>NULLIFY(&amp;errorCount); [line 140];
  NULLIFY(&amp;problems); [line 140];
  NULLIFY(&amp;$irvar0); [line 140];
  EXIT_SCOPE(errorCount,problems,$irvar0); [line 140];
  APPLY_ABSTRACTION; [line 140];
  </span>
  
  Processing prop 1/2
    Instruction <span class='color_green'>NULLIFY(&amp;errorCount); [line 140]</span>
    in vpath_find exp:_t$0
    vpath_find: cannot find _t$0
    Instruction Returns
    PROP 1 of 1:
    <span class='color_blue'><span class='color_blue'>@f$1 != 21</span>; <span class='color_blue'>null != org.junit.tests.running.methods.TestMethodTest$EverythingWrong</span>; <span class='color_blue'>MEMne &lt; void Assert.assertEquals(long,long):139 &gt; <span class='color_orange'>{vpath: }</span>(_t$0)</span>; <span class='color_blue'>UND &lt; List Collections.emptyList() &gt; :179(_t$1)</span>; <span class='color_blue'>UND &lt; int List.size() &gt; :139(@f$1)</span> ;
    <span class='color_blue'>errorCount = 0<span class='color_orange'>nullify</span>:int</span>; <span class='color_blue'>problems = 0<span class='color_orange'>nullify</span>:java.util.List*</span>; <span class='color_blue'>$irvar0 = 0<span class='color_orange'>nullify</span>:void</span>; <span class='color_blue'>return = EXN _t$0<span class='color_orange'>update:139</span>:void</span>; <span class='color_blue'>this = 0<span class='color_orange'>nullify</span>:org.junit.tests.running.methods.TestMethodTest*( sub )</span>; <span class='color_blue'>old_this = @f$0<span class='color_orange'>formal</span>:org.junit.tests.running.methods.TestMethodTest*( sub )</span> ;
    <span class='color_blue'>_t$0|->{}<span class='color_orange'>alloc</span>:java.lang.AssertionError</span>
    [footprint
       <span class='color_blue'>@f$1 != 21</span>; <span class='color_blue'>null != org.junit.tests.running.methods.TestMethodTest$EverythingWrong</span> *
       <span class='color_blue'>$RET_java.util.List.size():int|abducedRetvar = @f$1<span class='color_orange'>none</span>:int( sub )</span>; <span class='color_blue'>this = @f$0<span class='color_orange'>formal</span>:org.junit.tests.running.methods.TestMethodTest*( sub )</span>  ]</span>
    
    Instruction <span class='color_green'>NULLIFY(&amp;problems); [line 140]</span>
    in vpath_find exp:_t$0
    vpath_find: cannot find _t$0
    Instruction Returns
    PROP 1 of 1:
    <span class='color_blue'><span class='color_blue'>@f$1 != 21</span>; <span class='color_blue'>null != org.junit.tests.running.methods.TestMethodTest$EverythingWrong</span>; <span class='color_blue'>MEMne &lt; void Assert.assertEquals(long,long):139 &gt; <span class='color_orange'>{vpath: }</span>(_t$0)</span>; <span class='color_blue'>UND &lt; List Collections.emptyList() &gt; :179(_t$1)</span>; <span class='color_blue'>UND &lt; int List.size() &gt; :139(@f$1)</span> ;
    <span class='color_blue'>errorCount = 0<span class='color_orange'>nullify</span>:int</span>; <span class='color_blue'>problems = 0<span class='color_orange'>nullify</span>:java.util.List*</span>; <span class='color_blue'>$irvar0 = 0<span class='color_orange'>nullify</span>:void</span>; <span class='color_blue'>return = EXN _t$0<span class='color_orange'>update:139</span>:void</span>; <span class='color_blue'>this = 0<span class='color_orange'>nullify</span>:org.junit.tests.running.methods.TestMethodTest*( sub )</span>; <span class='color_blue'>old_this = @f$0<span class='color_orange'>formal</span>:org.junit.tests.running.methods.TestMethodTest*( sub )</span> ;
    <span class='color_blue'>_t$0|->{}<span class='color_orange'>alloc</span>:java.lang.AssertionError</span>
    [footprint
       <span class='color_blue'>@f$1 != 21</span>; <span class='color_blue'>null != org.junit.tests.running.methods.TestMethodTest$EverythingWrong</span> *
       <span class='color_blue'>$RET_java.util.List.size():int|abducedRetvar = @f$1<span class='color_orange'>none</span>:int( sub )</span>; <span class='color_blue'>this = @f$0<span class='color_orange'>formal</span>:org.junit.tests.running.methods.TestMethodTest*( sub )</span>  ]</span>
    
    Instruction <span class='color_green'>NULLIFY(&amp;$irvar0); [line 140]</span>
    in vpath_find exp:_t$0
    vpath_find: cannot find _t$0
    Instruction Returns
    PROP 1 of 1:
    <span class='color_blue'><span class='color_blue'>@f$1 != 21</span>; <span class='color_blue'>null != org.junit.tests.running.methods.TestMethodTest$EverythingWrong</span>; <span class='color_blue'>MEMne &lt; void Assert.assertEquals(long,long):139 &gt; <span class='color_orange'>{vpath: }</span>(_t$0)</span>; <span class='color_blue'>UND &lt; List Collections.emptyList() &gt; :179(_t$1)</span>; <span class='color_blue'>UND &lt; int List.size() &gt; :139(@f$1)</span> ;
    <span class='color_blue'>errorCount = 0<span class='color_orange'>nullify</span>:int</span>; <span class='color_blue'>problems = 0<span class='color_orange'>nullify</span>:java.util.List*</span>; <span class='color_blue'>$irvar0 = 0<span class='color_orange'>nullify</span>:void</span>; <span class='color_blue'>return = EXN _t$0<span class='color_orange'>update:139</span>:void</span>; <span class='color_blue'>this = 0<span class='color_orange'>nullify</span>:org.junit.tests.running.methods.TestMethodTest*( sub )</span>; <span class='color_blue'>old_this = @f$0<span class='color_orange'>formal</span>:org.junit.tests.running.methods.TestMethodTest*( sub )</span> ;
    <span class='color_blue'>_t$0|->{}<span class='color_orange'>alloc</span>:java.lang.AssertionError</span>
    [footprint
       <span class='color_blue'>@f$1 != 21</span>; <span class='color_blue'>null != org.junit.tests.running.methods.TestMethodTest$EverythingWrong</span> *
       <span class='color_blue'>$RET_java.util.List.size():int|abducedRetvar = @f$1<span class='color_orange'>none</span>:int( sub )</span>; <span class='color_blue'>this = @f$0<span class='color_orange'>formal</span>:org.junit.tests.running.methods.TestMethodTest*( sub )</span>  ]</span>
    
    Instruction <span class='color_green'>EXIT_SCOPE(errorCount,problems,$irvar0); [line 140]</span>
    in vpath_find exp:_t$0
    vpath_find: cannot find _t$0
    Instruction Returns
    PROP 1 of 1:
    <span class='color_blue'><span class='color_blue'>@f$1 != 21</span>; <span class='color_blue'>null != org.junit.tests.running.methods.TestMethodTest$EverythingWrong</span>; <span class='color_blue'>MEMne &lt; void Assert.assertEquals(long,long):139 &gt; <span class='color_orange'>{vpath: }</span>(_t$0)</span>; <span class='color_blue'>UND &lt; List Collections.emptyList() &gt; :179(_t$1)</span>; <span class='color_blue'>UND &lt; int List.size() &gt; :139(@f$1)</span> ;
    <span class='color_blue'>errorCount = 0<span class='color_orange'>nullify</span>:int</span>; <span class='color_blue'>problems = 0<span class='color_orange'>nullify</span>:java.util.List*</span>; <span class='color_blue'>$irvar0 = 0<span class='color_orange'>nullify</span>:void</span>; <span class='color_blue'>return = EXN _t$0<span class='color_orange'>update:139</span>:void</span>; <span class='color_blue'>this = 0<span class='color_orange'>nullify</span>:org.junit.tests.running.methods.TestMethodTest*( sub )</span>; <span class='color_blue'>old_this = @f$0<span class='color_orange'>formal</span>:org.junit.tests.running.methods.TestMethodTest*( sub )</span> ;
    <span class='color_blue'>_t$0|->{}<span class='color_orange'>alloc</span>:java.lang.AssertionError</span>
    [footprint
       <span class='color_blue'>@f$1 != 21</span>; <span class='color_blue'>null != org.junit.tests.running.methods.TestMethodTest$EverythingWrong</span> *
       <span class='color_blue'>$RET_java.util.List.size():int|abducedRetvar = @f$1<span class='color_orange'>none</span>:int( sub )</span>; <span class='color_blue'>this = @f$0<span class='color_orange'>formal</span>:org.junit.tests.running.methods.TestMethodTest*( sub )</span>  ]</span>
    
    Instruction <span class='color_green'>APPLY_ABSTRACTION; [line 140]</span>
    in vpath_find exp:_t$0
    vpath_find: cannot find _t$0
    Prover.check_inconsistency_base: inconsistency reason [None]
    Prover.check_inconsistency_base: inconsistency reason [None]
    <span class='color_blue'>@f$1 != 21; MEMne &lt; void Assert.assertEquals(long,long):139 &gt; <span class='color_orange'>{vpath: }</span>(_t$0); UND &lt; int List.size() &gt; :139(@f$1) ;
    errorCount = 0<span class='color_orange'>nullify</span>:int; problems = 0<span class='color_orange'>nullify</span>:java.util.List*; $irvar0 = 0<span class='color_orange'>nullify</span>:void; return = EXN _t$0<span class='color_orange'>update:139</span>:void; this = 0<span class='color_orange'>nullify</span>:org.junit.tests.running.methods.TestMethodTest*( sub ); old_this = @f$0<span class='color_orange'>formal</span>:org.junit.tests.running.methods.TestMethodTest*( sub ) ;
    _t$0|->{}<span class='color_orange'>alloc</span>:java.lang.AssertionError
    [footprint
       @f$1 != 21 *
       $RET_java.util.List.size():int|abducedRetvar = @f$1<span class='color_orange'>none</span>:int( sub ); this = @f$0<span class='color_orange'>formal</span>:org.junit.tests.running.methods.TestMethodTest*( sub )  ]</span>
    Instruction Returns
    PROP 1 of 1:
    <span class='color_blue'><span class='color_blue'>@f$1 != 21</span>; <span class='color_blue'>MEMne &lt; void Assert.assertEquals(long,long):139 &gt; <span class='color_orange'>{vpath: }</span>(_t$0)</span>; <span class='color_blue'>UND &lt; int List.size() &gt; :139(@f$1)</span> ;
    <span class='color_blue'>errorCount = 0<span class='color_orange'>nullify</span>:int</span>; <span class='color_blue'>problems = 0<span class='color_orange'>nullify</span>:java.util.List*</span>; <span class='color_blue'>$irvar0 = 0<span class='color_orange'>nullify</span>:void</span>; <span class='color_blue'>return = EXN _t$0<span class='color_orange'>update:139</span>:void</span>; <span class='color_blue'>this = 0<span class='color_orange'>nullify</span>:org.junit.tests.running.methods.TestMethodTest*( sub )</span>; <span class='color_blue'>old_this = @f$0<span class='color_orange'>formal</span>:org.junit.tests.running.methods.TestMethodTest*( sub )</span> ;
    <span class='color_blue'>_t$0|->{}<span class='color_orange'>alloc</span>:java.lang.AssertionError</span>
    [footprint
       <span class='color_blue'>@f$1 != 21</span> *
       <span class='color_blue'>$RET_java.util.List.size():int|abducedRetvar = @f$1<span class='color_orange'>none</span>:int( sub )</span>; <span class='color_blue'>this = @f$0<span class='color_orange'>formal</span>:org.junit.tests.running.methods.TestMethodTest*( sub )</span>  ]</span>
    
    .... After Symbolic Execution ....
    PROP 1 of 1:
    <span class='color_blue'><span class='color_blue'>@f$1 != 21</span>; <span class='color_blue'>MEMne &lt; void Assert.assertEquals(long,long):139 &gt; <span class='color_orange'>{vpath: }</span>(_t$0)</span>; <span class='color_blue'>UND &lt; int List.size() &gt; :139(@f$1)</span> ;
    <span class='color_blue'>errorCount = 0<span class='color_orange'>nullify</span>:int</span>; <span class='color_blue'>problems = 0<span class='color_orange'>nullify</span>:java.util.List*</span>; <span class='color_blue'>$irvar0 = 0<span class='color_orange'>nullify</span>:void</span>; <span class='color_blue'>return = EXN _t$0<span class='color_orange'>update:139</span>:void</span>; <span class='color_blue'>this = 0<span class='color_orange'>nullify</span>:org.junit.tests.running.methods.TestMethodTest*( sub )</span>; <span class='color_blue'>old_this = @f$0<span class='color_orange'>formal</span>:org.junit.tests.running.methods.TestMethodTest*( sub )</span> ;
    <span class='color_blue'>_t$0|->{}<span class='color_orange'>alloc</span>:java.lang.AssertionError</span>
    [footprint
       <span class='color_blue'>@f$1 != 21</span> *
       <span class='color_blue'>$RET_java.util.List.size():int|abducedRetvar = @f$1<span class='color_orange'>none</span>:int( sub )</span>; <span class='color_blue'>this = @f$0<span class='color_orange'>formal</span>:org.junit.tests.running.methods.TestMethodTest*( sub )</span>  ]</span>
    
    
    
  Processing prop 2/2
    Instruction <span class='color_green'>NULLIFY(&amp;errorCount); [line 140]</span>
    in vpath_find exp:_t$0
    vpath_find: cannot find _t$0
    Instruction Returns
    PROP 1 of 1:
    <span class='color_blue'><span class='color_blue'>_t$0 != 0</span>; <span class='color_blue'>null != org.junit.tests.running.methods.TestMethodTest$EverythingWrong</span>; <span class='color_blue'>MEMne &lt; List TestMethodTest.validateAllMethods(Class):137 &gt; <span class='color_orange'>{vpath: }</span>(_t$0)</span> ;
    <span class='color_blue'>errorCount = <span class='color_red'>0<span class='color_orange'>nullify</span></span>:int</span>; <span class='color_blue'>problems = <span class='color_red'>_t$1<span class='color_orange'>initial</span></span>:java.util.List*</span>; <span class='color_blue'>$irvar0 = <span class='color_red'>_t$2<span class='color_orange'>initial</span></span>:void</span>; <span class='color_blue'>return = EXN _t$0<span class='color_orange'>update:137</span>:void</span>; <span class='color_blue'>this = 0<span class='color_orange'>nullify</span>:org.junit.tests.running.methods.TestMethodTest*( sub )</span>; <span class='color_blue'>old_this = @f$0<span class='color_orange'>formal</span>:org.junit.tests.running.methods.TestMethodTest*( sub )</span> ;
    <span class='color_blue'>_t$0|->{}<span class='color_orange'>alloc</span>:java.lang.IllegalArgumentException</span>
    [footprint
       <span class='color_blue'>null != org.junit.tests.running.methods.TestMethodTest$EverythingWrong</span> *
       <span class='color_blue'>this = @f$0<span class='color_orange'>formal</span>:org.junit.tests.running.methods.TestMethodTest*( sub )</span>  ]</span>
    
    Instruction <span class='color_green'>NULLIFY(&amp;problems); [line 140]</span>
    in vpath_find exp:_t$0
    vpath_find: cannot find _t$0
    Instruction Returns
    PROP 1 of 1:
    <span class='color_blue'><span class='color_blue'>_t$0 != 0</span>; <span class='color_blue'>null != org.junit.tests.running.methods.TestMethodTest$EverythingWrong</span>; <span class='color_blue'>MEMne &lt; List TestMethodTest.validateAllMethods(Class):137 &gt; <span class='color_orange'>{vpath: }</span>(_t$0)</span> ;
    <span class='color_blue'>errorCount = 0<span class='color_orange'>nullify</span>:int</span>; <span class='color_blue'>problems = <span class='color_red'>0<span class='color_orange'>nullify</span></span>:java.util.List*</span>; <span class='color_blue'>$irvar0 = <span class='color_red'>_t$1<span class='color_orange'>initial</span></span>:void</span>; <span class='color_blue'>return = EXN _t$0<span class='color_orange'>update:137</span>:void</span>; <span class='color_blue'>this = 0<span class='color_orange'>nullify</span>:org.junit.tests.running.methods.TestMethodTest*( sub )</span>; <span class='color_blue'>old_this = @f$0<span class='color_orange'>formal</span>:org.junit.tests.running.methods.TestMethodTest*( sub )</span> ;
    <span class='color_blue'>_t$0|->{}<span class='color_orange'>alloc</span>:java.lang.IllegalArgumentException</span>
    [footprint
       <span class='color_blue'>null != org.junit.tests.running.methods.TestMethodTest$EverythingWrong</span> *
       <span class='color_blue'>this = @f$0<span class='color_orange'>formal</span>:org.junit.tests.running.methods.TestMethodTest*( sub )</span>  ]</span>
    
    Instruction <span class='color_green'>NULLIFY(&amp;$irvar0); [line 140]</span>
    in vpath_find exp:_t$0
    vpath_find: cannot find _t$0
    Instruction Returns
    PROP 1 of 1:
    <span class='color_blue'><span class='color_blue'>_t$0 != 0</span>; <span class='color_blue'>null != org.junit.tests.running.methods.TestMethodTest$EverythingWrong</span>; <span class='color_blue'>MEMne &lt; List TestMethodTest.validateAllMethods(Class):137 &gt; <span class='color_orange'>{vpath: }</span>(_t$0)</span> ;
    <span class='color_blue'>errorCount = 0<span class='color_orange'>nullify</span>:int</span>; <span class='color_blue'>problems = 0<span class='color_orange'>nullify</span>:java.util.List*</span>; <span class='color_blue'>$irvar0 = <span class='color_red'>0<span class='color_orange'>nullify</span></span>:void</span>; <span class='color_blue'>return = EXN _t$0<span class='color_orange'>update:137</span>:void</span>; <span class='color_blue'>this = 0<span class='color_orange'>nullify</span>:org.junit.tests.running.methods.TestMethodTest*( sub )</span>; <span class='color_blue'>old_this = @f$0<span class='color_orange'>formal</span>:org.junit.tests.running.methods.TestMethodTest*( sub )</span> ;
    <span class='color_blue'>_t$0|->{}<span class='color_orange'>alloc</span>:java.lang.IllegalArgumentException</span>
    [footprint
       <span class='color_blue'>null != org.junit.tests.running.methods.TestMethodTest$EverythingWrong</span> *
       <span class='color_blue'>this = @f$0<span class='color_orange'>formal</span>:org.junit.tests.running.methods.TestMethodTest*( sub )</span>  ]</span>
    
    Instruction <span class='color_green'>EXIT_SCOPE(errorCount,problems,$irvar0); [line 140]</span>
    in vpath_find exp:_t$0
    vpath_find: cannot find _t$0
    Instruction Returns
    PROP 1 of 1:
    <span class='color_blue'><span class='color_blue'>_t$0 != 0</span>; <span class='color_blue'>null != org.junit.tests.running.methods.TestMethodTest$EverythingWrong</span>; <span class='color_blue'>MEMne &lt; List TestMethodTest.validateAllMethods(Class):137 &gt; <span class='color_orange'>{vpath: }</span>(_t$0)</span> ;
    <span class='color_blue'>errorCount = 0<span class='color_orange'>nullify</span>:int</span>; <span class='color_blue'>problems = 0<span class='color_orange'>nullify</span>:java.util.List*</span>; <span class='color_blue'>$irvar0 = 0<span class='color_orange'>nullify</span>:void</span>; <span class='color_blue'>return = EXN _t$0<span class='color_orange'>update:137</span>:void</span>; <span class='color_blue'>this = 0<span class='color_orange'>nullify</span>:org.junit.tests.running.methods.TestMethodTest*( sub )</span>; <span class='color_blue'>old_this = @f$0<span class='color_orange'>formal</span>:org.junit.tests.running.methods.TestMethodTest*( sub )</span> ;
    <span class='color_blue'>_t$0|->{}<span class='color_orange'>alloc</span>:java.lang.IllegalArgumentException</span>
    [footprint
       <span class='color_blue'>null != org.junit.tests.running.methods.TestMethodTest$EverythingWrong</span> *
       <span class='color_blue'>this = @f$0<span class='color_orange'>formal</span>:org.junit.tests.running.methods.TestMethodTest*( sub )</span>  ]</span>
    
    Instruction <span class='color_green'>APPLY_ABSTRACTION; [line 140]</span>
    in vpath_find exp:_t$0
    vpath_find: cannot find _t$0
    Prover.check_inconsistency_base: inconsistency reason [None]
    Prover.check_inconsistency_base: inconsistency reason [None]
    <span class='color_blue'>_t$0 != 0; MEMne &lt; List TestMethodTest.validateAllMethods(Class):137 &gt; <span class='color_orange'>{vpath: }</span>(_t$0) ;
    errorCount = 0<span class='color_orange'>nullify</span>:int; problems = 0<span class='color_orange'>nullify</span>:java.util.List*; $irvar0 = 0<span class='color_orange'>nullify</span>:void; return = EXN _t$0<span class='color_orange'>update:137</span>:void; this = 0<span class='color_orange'>nullify</span>:org.junit.tests.running.methods.TestMethodTest*( sub ); old_this = @f$0<span class='color_orange'>formal</span>:org.junit.tests.running.methods.TestMethodTest*( sub ) ;
    _t$0|->{}<span class='color_orange'>alloc</span>:java.lang.IllegalArgumentException
    [footprint
       this = @f$0<span class='color_orange'>formal</span>:org.junit.tests.running.methods.TestMethodTest*( sub )  ]</span>
    Instruction Returns
    PROP 1 of 1:
    <span class='color_blue'><span class='color_blue'>_t$0 != 0</span>; <span class='color_blue'>MEMne &lt; List TestMethodTest.validateAllMethods(Class):137 &gt; <span class='color_orange'>{vpath: }</span>(_t$0)</span> ;
    <span class='color_blue'>errorCount = 0<span class='color_orange'>nullify</span>:int</span>; <span class='color_blue'>problems = 0<span class='color_orange'>nullify</span>:java.util.List*</span>; <span class='color_blue'>$irvar0 = 0<span class='color_orange'>nullify</span>:void</span>; <span class='color_blue'>return = EXN _t$0<span class='color_orange'>update:137</span>:void</span>; <span class='color_blue'>this = 0<span class='color_orange'>nullify</span>:org.junit.tests.running.methods.TestMethodTest*( sub )</span>; <span class='color_blue'>old_this = @f$0<span class='color_orange'>formal</span>:org.junit.tests.running.methods.TestMethodTest*( sub )</span> ;
    <span class='color_blue'>_t$0|->{}<span class='color_orange'>alloc</span>:java.lang.IllegalArgumentException</span>
    [footprint
       <span class='color_blue'>this = @f$0<span class='color_orange'>formal</span>:org.junit.tests.running.methods.TestMethodTest*( sub )</span>  ]</span>
    
    .... After Symbolic Execution ....
    PROP 1 of 1:
    <span class='color_blue'><span class='color_blue'>_t$0 != 0</span>; <span class='color_blue'>MEMne &lt; List TestMethodTest.validateAllMethods(Class):137 &gt; <span class='color_orange'>{vpath: }</span>(_t$0)</span> ;
    <span class='color_blue'>errorCount = <span class='color_red'>0<span class='color_orange'>nullify</span></span>:int</span>; <span class='color_blue'>problems = <span class='color_red'>0<span class='color_orange'>nullify</span></span>:java.util.List*</span>; <span class='color_blue'>$irvar0 = <span class='color_red'>0<span class='color_orange'>nullify</span></span>:void</span>; <span class='color_blue'>return = EXN _t$0<span class='color_orange'>update:137</span>:void</span>; <span class='color_blue'>this = 0<span class='color_orange'>nullify</span>:org.junit.tests.running.methods.TestMethodTest*( sub )</span>; <span class='color_blue'>old_this = @f$0<span class='color_orange'>formal</span>:org.junit.tests.running.methods.TestMethodTest*( sub )</span> ;
    <span class='color_blue'>_t$0|->{}<span class='color_orange'>alloc</span>:java.lang.IllegalArgumentException</span>
    [footprint
       <span class='color_blue'>this = @f$0<span class='color_orange'>formal</span>:org.junit.tests.running.methods.TestMethodTest*( sub )</span>  ]</span>
    
    
    
  </LISTING>
<hr width="100%">
<a name="session41" href="./../nodes/org.junit.tests.running.methods.TestMethodTest.testFailures%28%29%3Avoid.8992dcf714229f5cdc2a0ed2da5ffa0d_node3.html#session41">node3#session41</a>(<a href="./../../TestMethodTest.java.cd3cd8b636ee5ff567d7c528578264cd.html#LINE140">140</a>) biabduction
<LISTING class='color_black'>**** [RE:Pending] void TestMethodTest.testFailures() Node: 3, Procedure: void TestMethodTest.testFailures(), Todo: 2 ****
  PROP 1 of 2:
  <span class='color_blue'><span class='color_red'>$RET_java.util.List.size():int|abducedRetvar != 21</span>; <span class='color_red'>null != org.junit.tests.running.methods.TestMethodTest$EverythingWrong</span>; <span class='color_red'>MEMne &lt; void Assert.assertEquals(long,long):139 &gt; <span class='color_orange'>{vpath: }</span>(_t$0)</span>; <span class='color_red'>UND &lt; List Collections.emptyList() &gt; :179(_t$1)</span>; <span class='color_red'>UND &lt; int List.size() &gt; :139($RET_java.util.List.size():int|abducedRetvar)</span> ;
  <span class='color_red'>errorCount = 0<span class='color_orange'>nullify</span>:int</span>; <span class='color_red'>problems = 0<span class='color_orange'>nullify</span>:java.util.List*</span>; <span class='color_red'>$RET_java.util.List.size():int|abducedRetvar = val$2<span class='color_orange'>formal</span>:int( sub )</span>; <span class='color_red'>$irvar0 = 0<span class='color_orange'>nullify</span>:void</span>; <span class='color_red'>return = EXN _t$0<span class='color_orange'>update:139</span>:void</span>; <span class='color_red'>this = 0<span class='color_orange'>nullify</span>:org.junit.tests.running.methods.TestMethodTest*( sub )</span>; <span class='color_red'>old_this = val$1<span class='color_orange'>formal</span>:org.junit.tests.running.methods.TestMethodTest*( sub )</span> ;
  <span class='color_red'>_t$0|->{}<span class='color_orange'>alloc</span>:java.lang.AssertionError</span></span>
  PROP 2 of 2:
  <span class='color_blue'><span class='color_red'>_t$0 != 0</span>; <span class='color_red'>$RET_java.util.List.size():int|abducedRetvar != 21</span>; <span class='color_red'>null != org.junit.tests.running.methods.TestMethodTest$EverythingWrong</span>; <span class='color_red'>MEMne &lt; List TestMethodTest.validateAllMethods(Class):137 &gt; <span class='color_orange'>{vpath: }</span>(_t$0)</span> ;
  <span class='color_red'>errorCount = _t$1<span class='color_orange'>initial</span>:int</span>; <span class='color_red'>problems = _t$2<span class='color_orange'>initial</span>:java.util.List*</span>; <span class='color_red'>$RET_java.util.List.size():int|abducedRetvar = val$2<span class='color_orange'>formal</span>:int( sub )</span>; <span class='color_red'>$irvar0 = _t$3<span class='color_orange'>initial</span>:void</span>; <span class='color_red'>return = EXN _t$0<span class='color_orange'>update:137</span>:void</span>; <span class='color_red'>this = 0<span class='color_orange'>nullify</span>:org.junit.tests.running.methods.TestMethodTest*( sub )</span>; <span class='color_red'>old_this = val$1<span class='color_orange'>formal</span>:org.junit.tests.running.methods.TestMethodTest*( sub )</span> ;
  <span class='color_red'>_t$0|->{}<span class='color_orange'>alloc</span>:java.lang.IllegalArgumentException</span></span>
  .... Instructions: ....
  <span class='color_green'>NULLIFY(&amp;errorCount); [line 140];
  NULLIFY(&amp;problems); [line 140];
  NULLIFY(&amp;$irvar0); [line 140];
  EXIT_SCOPE(errorCount,problems,$irvar0); [line 140];
  APPLY_ABSTRACTION; [line 140];
  </span>
  
  Processing prop 1/2
    Instruction <span class='color_green'>NULLIFY(&amp;errorCount); [line 140]</span>
    in vpath_find exp:_t$0
    vpath_find: cannot find _t$0
    Instruction Returns
    PROP 1 of 1:
    <span class='color_blue'><span class='color_blue'>$RET_java.util.List.size():int|abducedRetvar != 21</span>; <span class='color_blue'>null != org.junit.tests.running.methods.TestMethodTest$EverythingWrong</span>; <span class='color_blue'>MEMne &lt; void Assert.assertEquals(long,long):139 &gt; <span class='color_orange'>{vpath: }</span>(_t$0)</span>; <span class='color_blue'>UND &lt; List Collections.emptyList() &gt; :179(_t$1)</span>; <span class='color_blue'>UND &lt; int List.size() &gt; :139($RET_java.util.List.size():int|abducedRetvar)</span> ;
    <span class='color_blue'>errorCount = 0<span class='color_orange'>nullify</span>:int</span>; <span class='color_blue'>problems = 0<span class='color_orange'>nullify</span>:java.util.List*</span>; <span class='color_blue'>$RET_java.util.List.size():int|abducedRetvar = val$2<span class='color_orange'>formal</span>:int( sub )</span>; <span class='color_blue'>$irvar0 = 0<span class='color_orange'>nullify</span>:void</span>; <span class='color_blue'>return = EXN _t$0<span class='color_orange'>update:139</span>:void</span>; <span class='color_blue'>this = 0<span class='color_orange'>nullify</span>:org.junit.tests.running.methods.TestMethodTest*( sub )</span>; <span class='color_blue'>old_this = val$1<span class='color_orange'>formal</span>:org.junit.tests.running.methods.TestMethodTest*( sub )</span> ;
    <span class='color_blue'>_t$0|->{}<span class='color_orange'>alloc</span>:java.lang.AssertionError</span></span>
    
    Instruction <span class='color_green'>NULLIFY(&amp;problems); [line 140]</span>
    in vpath_find exp:_t$0
    vpath_find: cannot find _t$0
    Instruction Returns
    PROP 1 of 1:
    <span class='color_blue'><span class='color_blue'>$RET_java.util.List.size():int|abducedRetvar != 21</span>; <span class='color_blue'>null != org.junit.tests.running.methods.TestMethodTest$EverythingWrong</span>; <span class='color_blue'>MEMne &lt; void Assert.assertEquals(long,long):139 &gt; <span class='color_orange'>{vpath: }</span>(_t$0)</span>; <span class='color_blue'>UND &lt; List Collections.emptyList() &gt; :179(_t$1)</span>; <span class='color_blue'>UND &lt; int List.size() &gt; :139($RET_java.util.List.size():int|abducedRetvar)</span> ;
    <span class='color_blue'>errorCount = 0<span class='color_orange'>nullify</span>:int</span>; <span class='color_blue'>problems = 0<span class='color_orange'>nullify</span>:java.util.List*</span>; <span class='color_blue'>$RET_java.util.List.size():int|abducedRetvar = val$2<span class='color_orange'>formal</span>:int( sub )</span>; <span class='color_blue'>$irvar0 = 0<span class='color_orange'>nullify</span>:void</span>; <span class='color_blue'>return = EXN _t$0<span class='color_orange'>update:139</span>:void</span>; <span class='color_blue'>this = 0<span class='color_orange'>nullify</span>:org.junit.tests.running.methods.TestMethodTest*( sub )</span>; <span class='color_blue'>old_this = val$1<span class='color_orange'>formal</span>:org.junit.tests.running.methods.TestMethodTest*( sub )</span> ;
    <span class='color_blue'>_t$0|->{}<span class='color_orange'>alloc</span>:java.lang.AssertionError</span></span>
    
    Instruction <span class='color_green'>NULLIFY(&amp;$irvar0); [line 140]</span>
    in vpath_find exp:_t$0
    vpath_find: cannot find _t$0
    Instruction Returns
    PROP 1 of 1:
    <span class='color_blue'><span class='color_blue'>$RET_java.util.List.size():int|abducedRetvar != 21</span>; <span class='color_blue'>null != org.junit.tests.running.methods.TestMethodTest$EverythingWrong</span>; <span class='color_blue'>MEMne &lt; void Assert.assertEquals(long,long):139 &gt; <span class='color_orange'>{vpath: }</span>(_t$0)</span>; <span class='color_blue'>UND &lt; List Collections.emptyList() &gt; :179(_t$1)</span>; <span class='color_blue'>UND &lt; int List.size() &gt; :139($RET_java.util.List.size():int|abducedRetvar)</span> ;
    <span class='color_blue'>errorCount = 0<span class='color_orange'>nullify</span>:int</span>; <span class='color_blue'>problems = 0<span class='color_orange'>nullify</span>:java.util.List*</span>; <span class='color_blue'>$RET_java.util.List.size():int|abducedRetvar = val$2<span class='color_orange'>formal</span>:int( sub )</span>; <span class='color_blue'>$irvar0 = 0<span class='color_orange'>nullify</span>:void</span>; <span class='color_blue'>return = EXN _t$0<span class='color_orange'>update:139</span>:void</span>; <span class='color_blue'>this = 0<span class='color_orange'>nullify</span>:org.junit.tests.running.methods.TestMethodTest*( sub )</span>; <span class='color_blue'>old_this = val$1<span class='color_orange'>formal</span>:org.junit.tests.running.methods.TestMethodTest*( sub )</span> ;
    <span class='color_blue'>_t$0|->{}<span class='color_orange'>alloc</span>:java.lang.AssertionError</span></span>
    
    Instruction <span class='color_green'>EXIT_SCOPE(errorCount,problems,$irvar0); [line 140]</span>
    in vpath_find exp:_t$0
    vpath_find: cannot find _t$0
    Instruction Returns
    PROP 1 of 1:
    <span class='color_blue'><span class='color_blue'>$RET_java.util.List.size():int|abducedRetvar != 21</span>; <span class='color_blue'>null != org.junit.tests.running.methods.TestMethodTest$EverythingWrong</span>; <span class='color_blue'>MEMne &lt; void Assert.assertEquals(long,long):139 &gt; <span class='color_orange'>{vpath: }</span>(_t$0)</span>; <span class='color_blue'>UND &lt; List Collections.emptyList() &gt; :179(_t$1)</span>; <span class='color_blue'>UND &lt; int List.size() &gt; :139($RET_java.util.List.size():int|abducedRetvar)</span> ;
    <span class='color_blue'>errorCount = 0<span class='color_orange'>nullify</span>:int</span>; <span class='color_blue'>problems = 0<span class='color_orange'>nullify</span>:java.util.List*</span>; <span class='color_blue'>$RET_java.util.List.size():int|abducedRetvar = val$2<span class='color_orange'>formal</span>:int( sub )</span>; <span class='color_blue'>$irvar0 = 0<span class='color_orange'>nullify</span>:void</span>; <span class='color_blue'>return = EXN _t$0<span class='color_orange'>update:139</span>:void</span>; <span class='color_blue'>this = 0<span class='color_orange'>nullify</span>:org.junit.tests.running.methods.TestMethodTest*( sub )</span>; <span class='color_blue'>old_this = val$1<span class='color_orange'>formal</span>:org.junit.tests.running.methods.TestMethodTest*( sub )</span> ;
    <span class='color_blue'>_t$0|->{}<span class='color_orange'>alloc</span>:java.lang.AssertionError</span></span>
    
    Instruction <span class='color_green'>APPLY_ABSTRACTION; [line 140]</span>
    in vpath_find exp:_t$0
    vpath_find: cannot find _t$0
    Prover.check_inconsistency_base: inconsistency reason [None]
    Prover.check_inconsistency_base: inconsistency reason [None]
    <span class='color_blue'>$RET_java.util.List.size():int|abducedRetvar != 21; MEMne &lt; void Assert.assertEquals(long,long):139 &gt; <span class='color_orange'>{vpath: }</span>(_t$0); UND &lt; int List.size() &gt; :139($RET_java.util.List.size():int|abducedRetvar) ;
    errorCount = 0<span class='color_orange'>nullify</span>:int; problems = 0<span class='color_orange'>nullify</span>:java.util.List*; $RET_java.util.List.size():int|abducedRetvar = val$2<span class='color_orange'>formal</span>:int( sub ); $irvar0 = 0<span class='color_orange'>nullify</span>:void; return = EXN _t$0<span class='color_orange'>update:139</span>:void; this = 0<span class='color_orange'>nullify</span>:org.junit.tests.running.methods.TestMethodTest*( sub ); old_this = val$1<span class='color_orange'>formal</span>:org.junit.tests.running.methods.TestMethodTest*( sub ) ;
    _t$0|->{}<span class='color_orange'>alloc</span>:java.lang.AssertionError</span>
    Instruction Returns
    PROP 1 of 1:
    <span class='color_blue'><span class='color_blue'>$RET_java.util.List.size():int|abducedRetvar != 21</span>; <span class='color_blue'>MEMne &lt; void Assert.assertEquals(long,long):139 &gt; <span class='color_orange'>{vpath: }</span>(_t$0)</span>; <span class='color_blue'>UND &lt; int List.size() &gt; :139($RET_java.util.List.size():int|abducedRetvar)</span> ;
    <span class='color_blue'>errorCount = 0<span class='color_orange'>nullify</span>:int</span>; <span class='color_blue'>problems = 0<span class='color_orange'>nullify</span>:java.util.List*</span>; <span class='color_blue'>$RET_java.util.List.size():int|abducedRetvar = val$2<span class='color_orange'>formal</span>:int( sub )</span>; <span class='color_blue'>$irvar0 = 0<span class='color_orange'>nullify</span>:void</span>; <span class='color_blue'>return = EXN _t$0<span class='color_orange'>update:139</span>:void</span>; <span class='color_blue'>this = 0<span class='color_orange'>nullify</span>:org.junit.tests.running.methods.TestMethodTest*( sub )</span>; <span class='color_blue'>old_this = val$1<span class='color_orange'>formal</span>:org.junit.tests.running.methods.TestMethodTest*( sub )</span> ;
    <span class='color_blue'>_t$0|->{}<span class='color_orange'>alloc</span>:java.lang.AssertionError</span></span>
    
    .... After Symbolic Execution ....
    PROP 1 of 1:
    <span class='color_blue'><span class='color_blue'>$RET_java.util.List.size():int|abducedRetvar != 21</span>; <span class='color_blue'>MEMne &lt; void Assert.assertEquals(long,long):139 &gt; <span class='color_orange'>{vpath: }</span>(_t$0)</span>; <span class='color_blue'>UND &lt; int List.size() &gt; :139($RET_java.util.List.size():int|abducedRetvar)</span> ;
    <span class='color_blue'>errorCount = 0<span class='color_orange'>nullify</span>:int</span>; <span class='color_blue'>problems = 0<span class='color_orange'>nullify</span>:java.util.List*</span>; <span class='color_blue'>$RET_java.util.List.size():int|abducedRetvar = val$2<span class='color_orange'>formal</span>:int( sub )</span>; <span class='color_blue'>$irvar0 = 0<span class='color_orange'>nullify</span>:void</span>; <span class='color_blue'>return = EXN _t$0<span class='color_orange'>update:139</span>:void</span>; <span class='color_blue'>this = 0<span class='color_orange'>nullify</span>:org.junit.tests.running.methods.TestMethodTest*( sub )</span>; <span class='color_blue'>old_this = val$1<span class='color_orange'>formal</span>:org.junit.tests.running.methods.TestMethodTest*( sub )</span> ;
    <span class='color_blue'>_t$0|->{}<span class='color_orange'>alloc</span>:java.lang.AssertionError</span></span>
    
    
    
  Processing prop 2/2
    Instruction <span class='color_green'>NULLIFY(&amp;errorCount); [line 140]</span>
    in vpath_find exp:_t$0
    vpath_find: cannot find _t$0
    Instruction Returns
    PROP 1 of 1:
    <span class='color_blue'><span class='color_blue'>_t$0 != 0</span>; <span class='color_blue'>$RET_java.util.List.size():int|abducedRetvar != 21</span>; <span class='color_blue'>null != org.junit.tests.running.methods.TestMethodTest$EverythingWrong</span>; <span class='color_blue'>MEMne &lt; List TestMethodTest.validateAllMethods(Class):137 &gt; <span class='color_orange'>{vpath: }</span>(_t$0)</span> ;
    <span class='color_blue'>errorCount = <span class='color_red'>0<span class='color_orange'>nullify</span></span>:int</span>; <span class='color_blue'>problems = <span class='color_red'>_t$1<span class='color_orange'>initial</span></span>:java.util.List*</span>; <span class='color_blue'>$RET_java.util.List.size():int|abducedRetvar = val$2<span class='color_orange'>formal</span>:int( sub )</span>; <span class='color_blue'>$irvar0 = <span class='color_red'>_t$2<span class='color_orange'>initial</span></span>:void</span>; <span class='color_blue'>return = EXN _t$0<span class='color_orange'>update:137</span>:void</span>; <span class='color_blue'>this = 0<span class='color_orange'>nullify</span>:org.junit.tests.running.methods.TestMethodTest*( sub )</span>; <span class='color_blue'>old_this = val$1<span class='color_orange'>formal</span>:org.junit.tests.running.methods.TestMethodTest*( sub )</span> ;
    <span class='color_blue'>_t$0|->{}<span class='color_orange'>alloc</span>:java.lang.IllegalArgumentException</span></span>
    
    Instruction <span class='color_green'>NULLIFY(&amp;problems); [line 140]</span>
    in vpath_find exp:_t$0
    vpath_find: cannot find _t$0
    Instruction Returns
    PROP 1 of 1:
    <span class='color_blue'><span class='color_blue'>_t$0 != 0</span>; <span class='color_blue'>$RET_java.util.List.size():int|abducedRetvar != 21</span>; <span class='color_blue'>null != org.junit.tests.running.methods.TestMethodTest$EverythingWrong</span>; <span class='color_blue'>MEMne &lt; List TestMethodTest.validateAllMethods(Class):137 &gt; <span class='color_orange'>{vpath: }</span>(_t$0)</span> ;
    <span class='color_blue'>errorCount = 0<span class='color_orange'>nullify</span>:int</span>; <span class='color_blue'>problems = <span class='color_red'>0<span class='color_orange'>nullify</span></span>:java.util.List*</span>; <span class='color_blue'>$RET_java.util.List.size():int|abducedRetvar = val$2<span class='color_orange'>formal</span>:int( sub )</span>; <span class='color_blue'>$irvar0 = <span class='color_red'>_t$1<span class='color_orange'>initial</span></span>:void</span>; <span class='color_blue'>return = EXN _t$0<span class='color_orange'>update:137</span>:void</span>; <span class='color_blue'>this = 0<span class='color_orange'>nullify</span>:org.junit.tests.running.methods.TestMethodTest*( sub )</span>; <span class='color_blue'>old_this = val$1<span class='color_orange'>formal</span>:org.junit.tests.running.methods.TestMethodTest*( sub )</span> ;
    <span class='color_blue'>_t$0|->{}<span class='color_orange'>alloc</span>:java.lang.IllegalArgumentException</span></span>
    
    Instruction <span class='color_green'>NULLIFY(&amp;$irvar0); [line 140]</span>
    in vpath_find exp:_t$0
    vpath_find: cannot find _t$0
    Instruction Returns
    PROP 1 of 1:
    <span class='color_blue'><span class='color_blue'>_t$0 != 0</span>; <span class='color_blue'>$RET_java.util.List.size():int|abducedRetvar != 21</span>; <span class='color_blue'>null != org.junit.tests.running.methods.TestMethodTest$EverythingWrong</span>; <span class='color_blue'>MEMne &lt; List TestMethodTest.validateAllMethods(Class):137 &gt; <span class='color_orange'>{vpath: }</span>(_t$0)</span> ;
    <span class='color_blue'>errorCount = 0<span class='color_orange'>nullify</span>:int</span>; <span class='color_blue'>problems = 0<span class='color_orange'>nullify</span>:java.util.List*</span>; <span class='color_blue'>$RET_java.util.List.size():int|abducedRetvar = val$2<span class='color_orange'>formal</span>:int( sub )</span>; <span class='color_blue'>$irvar0 = <span class='color_red'>0<span class='color_orange'>nullify</span></span>:void</span>; <span class='color_blue'>return = EXN _t$0<span class='color_orange'>update:137</span>:void</span>; <span class='color_blue'>this = 0<span class='color_orange'>nullify</span>:org.junit.tests.running.methods.TestMethodTest*( sub )</span>; <span class='color_blue'>old_this = val$1<span class='color_orange'>formal</span>:org.junit.tests.running.methods.TestMethodTest*( sub )</span> ;
    <span class='color_blue'>_t$0|->{}<span class='color_orange'>alloc</span>:java.lang.IllegalArgumentException</span></span>
    
    Instruction <span class='color_green'>EXIT_SCOPE(errorCount,problems,$irvar0); [line 140]</span>
    in vpath_find exp:_t$0
    vpath_find: cannot find _t$0
    Instruction Returns
    PROP 1 of 1:
    <span class='color_blue'><span class='color_blue'>_t$0 != 0</span>; <span class='color_blue'>$RET_java.util.List.size():int|abducedRetvar != 21</span>; <span class='color_blue'>null != org.junit.tests.running.methods.TestMethodTest$EverythingWrong</span>; <span class='color_blue'>MEMne &lt; List TestMethodTest.validateAllMethods(Class):137 &gt; <span class='color_orange'>{vpath: }</span>(_t$0)</span> ;
    <span class='color_blue'>errorCount = 0<span class='color_orange'>nullify</span>:int</span>; <span class='color_blue'>problems = 0<span class='color_orange'>nullify</span>:java.util.List*</span>; <span class='color_blue'>$RET_java.util.List.size():int|abducedRetvar = val$2<span class='color_orange'>formal</span>:int( sub )</span>; <span class='color_blue'>$irvar0 = 0<span class='color_orange'>nullify</span>:void</span>; <span class='color_blue'>return = EXN _t$0<span class='color_orange'>update:137</span>:void</span>; <span class='color_blue'>this = 0<span class='color_orange'>nullify</span>:org.junit.tests.running.methods.TestMethodTest*( sub )</span>; <span class='color_blue'>old_this = val$1<span class='color_orange'>formal</span>:org.junit.tests.running.methods.TestMethodTest*( sub )</span> ;
    <span class='color_blue'>_t$0|->{}<span class='color_orange'>alloc</span>:java.lang.IllegalArgumentException</span></span>
    
    Instruction <span class='color_green'>APPLY_ABSTRACTION; [line 140]</span>
    in vpath_find exp:_t$0
    vpath_find: cannot find _t$0
    Prover.check_inconsistency_base: inconsistency reason [None]
    Prover.check_inconsistency_base: inconsistency reason [None]
    <span class='color_blue'>_t$0 != 0; $RET_java.util.List.size():int|abducedRetvar != 21; MEMne &lt; List TestMethodTest.validateAllMethods(Class):137 &gt; <span class='color_orange'>{vpath: }</span>(_t$0) ;
    errorCount = 0<span class='color_orange'>nullify</span>:int; problems = 0<span class='color_orange'>nullify</span>:java.util.List*; $RET_java.util.List.size():int|abducedRetvar = val$2<span class='color_orange'>formal</span>:int( sub ); $irvar0 = 0<span class='color_orange'>nullify</span>:void; return = EXN _t$0<span class='color_orange'>update:137</span>:void; this = 0<span class='color_orange'>nullify</span>:org.junit.tests.running.methods.TestMethodTest*( sub ); old_this = val$1<span class='color_orange'>formal</span>:org.junit.tests.running.methods.TestMethodTest*( sub ) ;
    _t$0|->{}<span class='color_orange'>alloc</span>:java.lang.IllegalArgumentException</span>
    Instruction Returns
    PROP 1 of 1:
    <span class='color_blue'><span class='color_blue'>_t$0 != 0</span>; <span class='color_blue'>$RET_java.util.List.size():int|abducedRetvar != 21</span>; <span class='color_blue'>MEMne &lt; List TestMethodTest.validateAllMethods(Class):137 &gt; <span class='color_orange'>{vpath: }</span>(_t$0)</span> ;
    <span class='color_blue'>errorCount = 0<span class='color_orange'>nullify</span>:int</span>; <span class='color_blue'>problems = 0<span class='color_orange'>nullify</span>:java.util.List*</span>; <span class='color_blue'>$RET_java.util.List.size():int|abducedRetvar = val$2<span class='color_orange'>formal</span>:int( sub )</span>; <span class='color_blue'>$irvar0 = 0<span class='color_orange'>nullify</span>:void</span>; <span class='color_blue'>return = EXN _t$0<span class='color_orange'>update:137</span>:void</span>; <span class='color_blue'>this = 0<span class='color_orange'>nullify</span>:org.junit.tests.running.methods.TestMethodTest*( sub )</span>; <span class='color_blue'>old_this = val$1<span class='color_orange'>formal</span>:org.junit.tests.running.methods.TestMethodTest*( sub )</span> ;
    <span class='color_blue'>_t$0|->{}<span class='color_orange'>alloc</span>:java.lang.IllegalArgumentException</span></span>
    
    .... After Symbolic Execution ....
    PROP 1 of 1:
    <span class='color_blue'><span class='color_blue'>_t$0 != 0</span>; <span class='color_blue'>$RET_java.util.List.size():int|abducedRetvar != 21</span>; <span class='color_blue'>MEMne &lt; List TestMethodTest.validateAllMethods(Class):137 &gt; <span class='color_orange'>{vpath: }</span>(_t$0)</span> ;
    <span class='color_blue'>errorCount = <span class='color_red'>0<span class='color_orange'>nullify</span></span>:int</span>; <span class='color_blue'>problems = <span class='color_red'>0<span class='color_orange'>nullify</span></span>:java.util.List*</span>; <span class='color_blue'>$RET_java.util.List.size():int|abducedRetvar = val$2<span class='color_orange'>formal</span>:int( sub )</span>; <span class='color_blue'>$irvar0 = <span class='color_red'>0<span class='color_orange'>nullify</span></span>:void</span>; <span class='color_blue'>return = EXN _t$0<span class='color_orange'>update:137</span>:void</span>; <span class='color_blue'>this = 0<span class='color_orange'>nullify</span>:org.junit.tests.running.methods.TestMethodTest*( sub )</span>; <span class='color_blue'>old_this = val$1<span class='color_orange'>formal</span>:org.junit.tests.running.methods.TestMethodTest*( sub )</span> ;
    <span class='color_blue'>_t$0|->{}<span class='color_orange'>alloc</span>:java.lang.IllegalArgumentException</span></span>
    
    
    
  </LISTING>