<!DOCTYPE HTML PUBLIC "-//W3C//DTD HTML 4.01 Transitional//EN">
<html>
<head>
<title>org.junit.tests.running.methods.TestMethodTest.dontValidateShadowedMethods():void.245d1fc67867889e0f8a6d93858929ac_node6</title>
<meta http-equiv="Content-Type" content="text/html; charset=utf-8">
<style type="text/css">
body { background-color:#fff; color:#000; font-family:Helvetica, sans-serif; font-size:10pt }
h1 { font-size:14pt }
.code { border-collapse:collapse; width:100%; font-family: "Andale Mono", monospace; font-size:10pt; line-height: 1.2em }
.color_black { color: black }
.color_blue { color: blue }
.color_green { color: green }
.color_orange { color: orange }
.color_red { color: red }
.line { border-left: 3px solid #ccc; padding-left: 1ex; white-space: pre; }
.msg { background-color:#fff8b4; color:#000; float:left; font-family:Helvetica, sans-serif; font-size: smaller; font-weight: bold; margin-bottom:10px; margin-top:10px; max-width:60em; padding:0.5em 1ex 0.5em 1ex; -webkit-border-radius:5px; -webkit-box-shadow:1px 1px 7px #000; white-space: pre-wrap; word-wrap: break-word; }
.num { background-color:#eee; color:#444; font-size: smaller; padding-right:2ex; text-align:right; width:2.5em; }
.dangling { background-color:white; color: gray; }
.visited { background-color:LemonChiffon; color: darkmagenta; }
.tooltip { display: none; background-color:#FFF0F0; border: 2px solid #F00; font-weight: normal; left:10em; padding: 2px; position: absolute; top: -1em; -webkit-border-radius:5px; -webkit-box-shadow:1px 1px 7px #000; z-index: 1}
.with_tooltip { position: relative; }
.with_tooltip:hover .tooltip, .visited:hover .tooltip { display: block; }
</style>
</head>
<body>
<center><h1>Cfg Node <a href="./../../TestMethodTest.java.cd3cd8b636ee5ff567d7c528578264cd.html#LINE170">6</a></h1></center>PROC: <a href="./../org.junit.tests.running.methods.TestMethodTest.dontValidateShadowedMethods%28%29%3Avoid.245d1fc67867889e0f8a6d93858929ac.html">void TestMethodTest.dontValidateShadowedMethods()</a> LINE: <a href="./../../TestMethodTest.java.cd3cd8b636ee5ff567d7c528578264cd.html#LINE170">170</a>
<br>PREDS:
<a href="./../nodes/org.junit.tests.running.methods.TestMethodTest.dontValidateShadowedMethods%28%29%3Avoid.245d1fc67867889e0f8a6d93858929ac_node5.html"><span class='visited with_tooltip'>N_5<span class='tooltip'>node5 preds:4 succs:6 exn:3 </span></span></a><br>SUCCS:
<a href="./../nodes/org.junit.tests.running.methods.TestMethodTest.dontValidateShadowedMethods%28%29%3Avoid.245d1fc67867889e0f8a6d93858929ac_node7.html"><span class='visited with_tooltip'>N_7<span class='tooltip'>node7 preds:6 succs:2 exn:3 </span></span></a><br>EXN:
<a href="./../nodes/org.junit.tests.running.methods.TestMethodTest.dontValidateShadowedMethods%28%29%3Avoid.245d1fc67867889e0f8a6d93858929ac_node3.html"><span class='visited with_tooltip'>N_3<span class='tooltip'>node3 preds: succs:2 exn:2 </span></span></a><br>
<LISTING class='color_green'>n$5=*&amp;$irvar0:_Bool [line 170];
n$6=_fun_void Assert.assertTrue(boolean)(n$5:_Bool) [line 170];
</LISTING>
<hr width="100%">
<a name="session6" href="./../nodes/org.junit.tests.running.methods.TestMethodTest.dontValidateShadowedMethods%28%29%3Avoid.245d1fc67867889e0f8a6d93858929ac_node6.html#session6">node6#session6</a>(<a href="./../../TestMethodTest.java.cd3cd8b636ee5ff567d7c528578264cd.html#LINE170">170</a>) [compute pre] liveness 6
<LISTING class='color_black'>JOIN

LEFT:   normal:{ }, exn:{ }
RIGHT:  normal:{ }, exn:{ }
RESULT: normal:{ }, exn:{ }

</LISTING>
<hr width="100%">
<a name="session7" href="./../nodes/org.junit.tests.running.methods.TestMethodTest.dontValidateShadowedMethods%28%29%3Avoid.245d1fc67867889e0f8a6d93858929ac_node6.html#session7">node6#session7</a>(<a href="./../../TestMethodTest.java.cd3cd8b636ee5ff567d7c528578264cd.html#LINE170">170</a>) [exec] liveness 6
<LISTING class='color_black'>PRE STATE:
normal:{ }, exn:{ }

INSTR=  n$6=_fun_void Assert.assertTrue(boolean)(n$5:_Bool) [line 170]; 

STATE:
normal:{ n$5 }, exn:{ }

INSTR=  n$5=*&amp;$irvar0:_Bool [line 170]; 

STATE:
normal:{ $irvar0 }, exn:{ }

</LISTING>
<hr width="100%">
<a name="session19" href="./../nodes/org.junit.tests.running.methods.TestMethodTest.dontValidateShadowedMethods%28%29%3Avoid.245d1fc67867889e0f8a6d93858929ac_node6.html#session19">node6#session19</a>(<a href="./../../TestMethodTest.java.cd3cd8b636ee5ff567d7c528578264cd.html#LINE170">170</a>) [compute pre] nullify
<LISTING class='color_black'></LISTING>
<hr width="100%">
<a name="session20" href="./../nodes/org.junit.tests.running.methods.TestMethodTest.dontValidateShadowedMethods%28%29%3Avoid.245d1fc67867889e0f8a6d93858929ac_node6.html#session20">node6#session20</a>(<a href="./../../TestMethodTest.java.cd3cd8b636ee5ff567d7c528578264cd.html#LINE170">170</a>) [exec] nullify
<LISTING class='color_black'>PRE STATE:
(normal:{ $irvar0 }, exn:{ },normal:{ _, n$2, n$4, problems }, exn:{ })

INSTR=  n$5=*&amp;$irvar0:_Bool [line 170]; 

STATE:
(normal:{ n$5, $irvar0 }, exn:{ },normal:{ _, n$2, n$4, problems }, exn:{ })

INSTR=  n$6=_fun_void Assert.assertTrue(boolean)(n$5:_Bool) [line 170]; 

STATE:
(normal:{ }, exn:{ },normal:{ n$5, n$6, $irvar0 }, exn:{ })

</LISTING>
<hr width="100%">
<a name="session32" href="./../nodes/org.junit.tests.running.methods.TestMethodTest.dontValidateShadowedMethods%28%29%3Avoid.245d1fc67867889e0f8a6d93858929ac_node6.html#session32">node6#session32</a>(<a href="./../../TestMethodTest.java.cd3cd8b636ee5ff567d7c528578264cd.html#LINE170">170</a>) [compute pre] devirtualizer analysis 6
<LISTING class='color_black'></LISTING>
<hr width="100%">
<a name="session33" href="./../nodes/org.junit.tests.running.methods.TestMethodTest.dontValidateShadowedMethods%28%29%3Avoid.245d1fc67867889e0f8a6d93858929ac_node6.html#session33">node6#session33</a>(<a href="./../../TestMethodTest.java.cd3cd8b636ee5ff567d7c528578264cd.html#LINE170">170</a>) [exec] devirtualizer analysis 6
<LISTING class='color_black'>PRE STATE:
{ }

INSTR=  n$5=*&amp;$irvar0:_Bool [line 170]; 

STATE UNCHANGED

INSTR=  n$6=_fun_void Assert.assertTrue(boolean)(n$5:_Bool) [line 170]; 

STATE UNCHANGED

INSTR=  NULLIFY(&amp;$irvar0); [line 170]; 

STATE UNCHANGED

INSTR=  EXIT_SCOPE(n$5,n$6,$irvar0); [line 170]; 

STATE UNCHANGED

</LISTING>
<hr width="100%">
<a name="session39" href="./../nodes/org.junit.tests.running.methods.TestMethodTest.dontValidateShadowedMethods%28%29%3Avoid.245d1fc67867889e0f8a6d93858929ac_node6.html#session39">node6#session39</a>(<a href="./../../TestMethodTest.java.cd3cd8b636ee5ff567d7c528578264cd.html#LINE170">170</a>) [exec] devirtualizer
<LISTING class='color_black'></LISTING>
<hr width="100%">
<a name="session40" href="./../nodes/org.junit.tests.running.methods.TestMethodTest.dontValidateShadowedMethods%28%29%3Avoid.245d1fc67867889e0f8a6d93858929ac_node6.html#session40">node6#session40</a>(<a href="./../../TestMethodTest.java.cd3cd8b636ee5ff567d7c528578264cd.html#LINE170">170</a>) [exec] devirtualizer
<LISTING class='color_black'></LISTING>
<hr width="100%">
<a name="session41" href="./../nodes/org.junit.tests.running.methods.TestMethodTest.dontValidateShadowedMethods%28%29%3Avoid.245d1fc67867889e0f8a6d93858929ac_node6.html#session41">node6#session41</a>(<a href="./../../TestMethodTest.java.cd3cd8b636ee5ff567d7c528578264cd.html#LINE170">170</a>) [exec] devirtualizer
<LISTING class='color_black'></LISTING>
<hr width="100%">
<a name="session42" href="./../nodes/org.junit.tests.running.methods.TestMethodTest.dontValidateShadowedMethods%28%29%3Avoid.245d1fc67867889e0f8a6d93858929ac_node6.html#session42">node6#session42</a>(<a href="./../../TestMethodTest.java.cd3cd8b636ee5ff567d7c528578264cd.html#LINE170">170</a>) [exec] devirtualizer
<LISTING class='color_black'></LISTING>
<hr width="100%">
<a name="session6" href="./../nodes/org.junit.tests.running.methods.TestMethodTest.dontValidateShadowedMethods%28%29%3Avoid.245d1fc67867889e0f8a6d93858929ac_node6.html#session6">node6#session6</a>(<a href="./../../TestMethodTest.java.cd3cd8b636ee5ff567d7c528578264cd.html#LINE170">170</a>) [compute pre] starvation
<LISTING class='color_black'></LISTING>
<hr width="100%">
<a name="session7" href="./../nodes/org.junit.tests.running.methods.TestMethodTest.dontValidateShadowedMethods%28%29%3Avoid.245d1fc67867889e0f8a6d93858929ac_node6.html#session7">node6#session7</a>(<a href="./../../TestMethodTest.java.cd3cd8b636ee5ff567d7c528578264cd.html#LINE170">170</a>) [exec] starvation
<LISTING class='color_black'>PRE STATE:
{guard_map= { }; lock_state= {map= { }; acquisitions= { }};
 critical_pairs= { }; attributes= { }; thread= UnknownThread;
 scheduled_work= { }; var_state= { }}

INSTR=  n$5=*&amp;$irvar0:_Bool [line 170]; 

STATE:
{guard_map= { }; lock_state= {map= { }; acquisitions= { }};
 critical_pairs= { }; attributes= { }; thread= UnknownThread;
 scheduled_work= { }; var_state= { n$5 -&gt; $irvar0 }}

INSTR=  n$6=_fun_void Assert.assertTrue(boolean)(n$5:_Bool) [line 170]; 

STATE:
{guard_map= { }; lock_state= {map= { }; acquisitions= { }};
 critical_pairs= { }; attributes= { }; thread= UnknownThread;
 scheduled_work= { }; var_state= { n$5 -&gt; $irvar0 }}

INSTR=  NULLIFY(&amp;$irvar0); [line 170]; 

STATE UNCHANGED

INSTR=  EXIT_SCOPE(n$5,n$6,$irvar0); [line 170]; 

STATE:
{guard_map= { }; lock_state= {map= { }; acquisitions= { }};
 critical_pairs= { }; attributes= { }; thread= UnknownThread;
 scheduled_work= { }; var_state= { }}

</LISTING>
<hr width="100%">
<a name="session17" href="./../nodes/org.junit.tests.running.methods.TestMethodTest.dontValidateShadowedMethods%28%29%3Avoid.245d1fc67867889e0f8a6d93858929ac_node6.html#session17">node6#session17</a>(<a href="./../../TestMethodTest.java.cd3cd8b636ee5ff567d7c528578264cd.html#LINE170">170</a>) [compute pre] racerd
<LISTING class='color_black'></LISTING>
<hr width="100%">
<a name="session18" href="./../nodes/org.junit.tests.running.methods.TestMethodTest.dontValidateShadowedMethods%28%29%3Avoid.245d1fc67867889e0f8a6d93858929ac_node6.html#session18">node6#session18</a>(<a href="./../../TestMethodTest.java.cd3cd8b636ee5ff567d7c528578264cd.html#LINE170">170</a>) [exec] racerd
<LISTING class='color_black'>PRE STATE:
Threads: NoThread, Locks: 0 
Accesses { {elem= Access: Read of model.TestClass.FIELD_COMPARATOR Thread: NoThread Lock: false Pre: Unowned;
            loc= line 78;
            trace= { List TestMethodTest.validateAllMethods(Class) at line 169,
                     BlockJUnit4ClassRunner.&lt;init&gt;(Class) at line 175,
                     ParentRunner.&lt;init&gt;(Class) at line 74,
                     TestClass ParentRunner.createTestClass(Class) at line 91,
                     TestClass.&lt;init&gt;(Class) at line 111,
                     void TestClass.scanAnnotatedMembers(Map,Map) at line 57,
                     Field[] TestClass.getSortedDeclaredFields(Class) at line 70 }},
           {elem= Access: Read of lang.Void.TYPE Thread: NoThread Lock: false Pre: Unowned;
            loc= line 107;
            trace= { List TestMethodTest.validateAllMethods(Class) at line 169,
                     BlockJUnit4ClassRunner.&lt;init&gt;(Class) at line 175,
                     ParentRunner.&lt;init&gt;(Class) at line 74,
                     void ParentRunner.validate() at line 92,
                     void ParentRunner.collectInitializationErrors(List) at line 523,
                     void ParentRunner.validatePublicVoidNoArgMethods(Class,boolean,List) at line 148,
                     void FrameworkMethod.validatePublicVoidNoArg(boolean,List) at line 178,
                     void FrameworkMethod.validatePublicVoid(boolean,List) at line 83 }},
           {elem= Access: Read of runners.ParentRunner.VALIDATORS Thread: NoThread Lock: false Pre: Unowned;
            loc= line 156;
            trace= { List TestMethodTest.validateAllMethods(Class) at line 169,
                     BlockJUnit4ClassRunner.&lt;init&gt;(Class) at line 175,
                     ParentRunner.&lt;init&gt;(Class) at line 74,
                     void ParentRunner.validate() at line 92,
                     void ParentRunner.collectInitializationErrors(List) at line 523,
                     void ParentRunner.applyValidators(List) at line 151 }},
           {elem= Access: Read of internal.MethodSorter.DEFAULT Thread: NoThread Lock: false Pre: Unowned;
            loc= line 67;
            trace= { List TestMethodTest.validateAllMethods(Class) at line 169,
                     BlockJUnit4ClassRunner.&lt;init&gt;(Class) at line 175,
                     ParentRunner.&lt;init&gt;(Class) at line 74,
                     TestClass ParentRunner.createTestClass(Class) at line 91,
                     TestClass.&lt;init&gt;(Class) at line 111,
                     void TestClass.scanAnnotatedMembers(Map,Map) at line 57,
                     Method[] MethodSorter.getDeclaredMethods(Class) at line 65,
                     Comparator MethodSorter.getSorter(FixMethodOrder) at line 52 }},
           {elem= Access: Read of rules.RuleMemberValidator.CLASS_RULE_METHOD_VALIDATOR Thread: NoThread Lock: false Pre: Unowned;
            loc= line 184;
            trace= { List TestMethodTest.validateAllMethods(Class) at line 169,
                     BlockJUnit4ClassRunner.&lt;init&gt;(Class) at line 175,
                     ParentRunner.&lt;init&gt;(Class) at line 74,
                     void ParentRunner.validate() at line 92,
                     void ParentRunner.collectInitializationErrors(List) at line 523,
                     void ParentRunner.validateClassRules(List) at line 150 }},
           {elem= Access: Read of rules.RuleMemberValidator.CLASS_RULE_VALIDATOR Thread: NoThread Lock: false Pre: Unowned;
            loc= line 183;
            trace= { List TestMethodTest.validateAllMethods(Class) at line 169,
                     BlockJUnit4ClassRunner.&lt;init&gt;(Class) at line 175,
                     ParentRunner.&lt;init&gt;(Class) at line 74,
                     void ParentRunner.validate() at line 92,
                     void ParentRunner.collectInitializationErrors(List) at line 523,
                     void ParentRunner.validateClassRules(List) at line 150 }},
           {elem= Access: Read of rules.RuleMemberValidator.CLASS_RULE_METHOD_VALIDATOR-&gt;annotation Thread: NoThread Lock: false Pre: Unowned;
            loc= line 89;
            trace= { List TestMethodTest.validateAllMethods(Class) at line 169,
                     BlockJUnit4ClassRunner.&lt;init&gt;(Class) at line 175,
                     ParentRunner.&lt;init&gt;(Class) at line 74,
                     void ParentRunner.validate() at line 92,
                     void ParentRunner.collectInitializationErrors(List) at line 523,
                     void ParentRunner.validateClassRules(List) at line 150,
                     void RuleMemberValidator.validate(TestClass,List) at line 184 }},
           {elem= Access: Read of rules.RuleMemberValidator.CLASS_RULE_METHOD_VALIDATOR-&gt;methods Thread: NoThread Lock: false Pre: Unowned;
            loc= line 89;
            trace= { List TestMethodTest.validateAllMethods(Class) at line 169,
                     BlockJUnit4ClassRunner.&lt;init&gt;(Class) at line 175,
                     ParentRunner.&lt;init&gt;(Class) at line 74,
                     void ParentRunner.validate() at line 92,
                     void ParentRunner.collectInitializationErrors(List) at line 523,
                     void ParentRunner.validateClassRules(List) at line 150,
                     void RuleMemberValidator.validate(TestClass,List) at line 184 }},
           {elem= Access: Read of rules.RuleMemberValidator.CLASS_RULE_METHOD_VALIDATOR-&gt;validatorStrategies Thread: NoThread Lock: false Pre: Unowned;
            loc= line 98;
            trace= { List TestMethodTest.validateAllMethods(Class) at line 169,
                     BlockJUnit4ClassRunner.&lt;init&gt;(Class) at line 175,
                     ParentRunner.&lt;init&gt;(Class) at line 74,
                     void ParentRunner.validate() at line 92,
                     void ParentRunner.collectInitializationErrors(List) at line 523,
                     void ParentRunner.validateClassRules(List) at line 150,
                     void RuleMemberValidator.validate(TestClass,List) at line 184,
                     void RuleMemberValidator.validateMember(FrameworkMember,List) at line 93 }},
           {elem= Access: Read of rules.RuleMemberValidator.CLASS_RULE_VALIDATOR-&gt;annotation Thread: NoThread Lock: false Pre: Unowned;
            loc= line 89;
            trace= { List TestMethodTest.validateAllMethods(Class) at line 169,
                     BlockJUnit4ClassRunner.&lt;init&gt;(Class) at line 175,
                     ParentRunner.&lt;init&gt;(Class) at line 74,
                     void ParentRunner.validate() at line 92,
                     void ParentRunner.collectInitializationErrors(List) at line 523,
                     void ParentRunner.validateClassRules(List) at line 150,
                     void RuleMemberValidator.validate(TestClass,List) at line 183 }},
           {elem= Access: Read of rules.RuleMemberValidator.CLASS_RULE_VALIDATOR-&gt;methods Thread: NoThread Lock: false Pre: Unowned;
            loc= line 89;
            trace= { List TestMethodTest.validateAllMethods(Class) at line 169,
                     BlockJUnit4ClassRunner.&lt;init&gt;(Class) at line 175,
                     ParentRunner.&lt;init&gt;(Class) at line 74,
                     void ParentRunner.validate() at line 92,
                     void ParentRunner.collectInitializationErrors(List) at line 523,
                     void ParentRunner.validateClassRules(List) at line 150,
                     void RuleMemberValidator.validate(TestClass,List) at line 183 }},
           {elem= Access: Read of rules.RuleMemberValidator.CLASS_RULE_VALIDATOR-&gt;validatorStrategies Thread: NoThread Lock: false Pre: Unowned;
            loc= line 98;
            trace= { List TestMethodTest.validateAllMethods(Class) at line 169,
                     BlockJUnit4ClassRunner.&lt;init&gt;(Class) at line 175,
                     ParentRunner.&lt;init&gt;(Class) at line 74,
                     void ParentRunner.validate() at line 92,
                     void ParentRunner.collectInitializationErrors(List) at line 523,
                     void ParentRunner.validateClassRules(List) at line 150,
                     void RuleMemberValidator.validate(TestClass,List) at line 183,
                     void RuleMemberValidator.validateMember(FrameworkMember,List) at line 93 }} } 
Ownership: { n$1 -&gt; Owned,
             n$4 -&gt; Owned,
             problems -&gt; Owned,
             this -&gt; OwnedIf{ 0 } } 
Attributes: { } 



INSTR=  n$6 := void Assert.assertTrue(boolean)({ n$4 }) [line 170]; 

STATE:
Threads: NoThread, Locks: 0 
Accesses { {elem= Access: Read of model.TestClass.FIELD_COMPARATOR Thread: NoThread Lock: false Pre: Unowned;
            loc= line 78;
            trace= { List TestMethodTest.validateAllMethods(Class) at line 169,
                     BlockJUnit4ClassRunner.&lt;init&gt;(Class) at line 175,
                     ParentRunner.&lt;init&gt;(Class) at line 74,
                     TestClass ParentRunner.createTestClass(Class) at line 91,
                     TestClass.&lt;init&gt;(Class) at line 111,
                     void TestClass.scanAnnotatedMembers(Map,Map) at line 57,
                     Field[] TestClass.getSortedDeclaredFields(Class) at line 70 }},
           {elem= Access: Read of lang.Void.TYPE Thread: NoThread Lock: false Pre: Unowned;
            loc= line 107;
            trace= { List TestMethodTest.validateAllMethods(Class) at line 169,
                     BlockJUnit4ClassRunner.&lt;init&gt;(Class) at line 175,
                     ParentRunner.&lt;init&gt;(Class) at line 74,
                     void ParentRunner.validate() at line 92,
                     void ParentRunner.collectInitializationErrors(List) at line 523,
                     void ParentRunner.validatePublicVoidNoArgMethods(Class,boolean,List) at line 148,
                     void FrameworkMethod.validatePublicVoidNoArg(boolean,List) at line 178,
                     void FrameworkMethod.validatePublicVoid(boolean,List) at line 83 }},
           {elem= Access: Read of runners.ParentRunner.VALIDATORS Thread: NoThread Lock: false Pre: Unowned;
            loc= line 156;
            trace= { List TestMethodTest.validateAllMethods(Class) at line 169,
                     BlockJUnit4ClassRunner.&lt;init&gt;(Class) at line 175,
                     ParentRunner.&lt;init&gt;(Class) at line 74,
                     void ParentRunner.validate() at line 92,
                     void ParentRunner.collectInitializationErrors(List) at line 523,
                     void ParentRunner.applyValidators(List) at line 151 }},
           {elem= Access: Read of internal.MethodSorter.DEFAULT Thread: NoThread Lock: false Pre: Unowned;
            loc= line 67;
            trace= { List TestMethodTest.validateAllMethods(Class) at line 169,
                     BlockJUnit4ClassRunner.&lt;init&gt;(Class) at line 175,
                     ParentRunner.&lt;init&gt;(Class) at line 74,
                     TestClass ParentRunner.createTestClass(Class) at line 91,
                     TestClass.&lt;init&gt;(Class) at line 111,
                     void TestClass.scanAnnotatedMembers(Map,Map) at line 57,
                     Method[] MethodSorter.getDeclaredMethods(Class) at line 65,
                     Comparator MethodSorter.getSorter(FixMethodOrder) at line 52 }},
           {elem= Access: Read of rules.RuleMemberValidator.CLASS_RULE_METHOD_VALIDATOR Thread: NoThread Lock: false Pre: Unowned;
            loc= line 184;
            trace= { List TestMethodTest.validateAllMethods(Class) at line 169,
                     BlockJUnit4ClassRunner.&lt;init&gt;(Class) at line 175,
                     ParentRunner.&lt;init&gt;(Class) at line 74,
                     void ParentRunner.validate() at line 92,
                     void ParentRunner.collectInitializationErrors(List) at line 523,
                     void ParentRunner.validateClassRules(List) at line 150 }},
           {elem= Access: Read of rules.RuleMemberValidator.CLASS_RULE_VALIDATOR Thread: NoThread Lock: false Pre: Unowned;
            loc= line 183;
            trace= { List TestMethodTest.validateAllMethods(Class) at line 169,
                     BlockJUnit4ClassRunner.&lt;init&gt;(Class) at line 175,
                     ParentRunner.&lt;init&gt;(Class) at line 74,
                     void ParentRunner.validate() at line 92,
                     void ParentRunner.collectInitializationErrors(List) at line 523,
                     void ParentRunner.validateClassRules(List) at line 150 }},
           {elem= Access: Read of rules.RuleMemberValidator.CLASS_RULE_METHOD_VALIDATOR-&gt;annotation Thread: NoThread Lock: false Pre: Unowned;
            loc= line 89;
            trace= { List TestMethodTest.validateAllMethods(Class) at line 169,
                     BlockJUnit4ClassRunner.&lt;init&gt;(Class) at line 175,
                     ParentRunner.&lt;init&gt;(Class) at line 74,
                     void ParentRunner.validate() at line 92,
                     void ParentRunner.collectInitializationErrors(List) at line 523,
                     void ParentRunner.validateClassRules(List) at line 150,
                     void RuleMemberValidator.validate(TestClass,List) at line 184 }},
           {elem= Access: Read of rules.RuleMemberValidator.CLASS_RULE_METHOD_VALIDATOR-&gt;methods Thread: NoThread Lock: false Pre: Unowned;
            loc= line 89;
            trace= { List TestMethodTest.validateAllMethods(Class) at line 169,
                     BlockJUnit4ClassRunner.&lt;init&gt;(Class) at line 175,
                     ParentRunner.&lt;init&gt;(Class) at line 74,
                     void ParentRunner.validate() at line 92,
                     void ParentRunner.collectInitializationErrors(List) at line 523,
                     void ParentRunner.validateClassRules(List) at line 150,
                     void RuleMemberValidator.validate(TestClass,List) at line 184 }},
           {elem= Access: Read of rules.RuleMemberValidator.CLASS_RULE_METHOD_VALIDATOR-&gt;validatorStrategies Thread: NoThread Lock: false Pre: Unowned;
            loc= line 98;
            trace= { List TestMethodTest.validateAllMethods(Class) at line 169,
                     BlockJUnit4ClassRunner.&lt;init&gt;(Class) at line 175,
                     ParentRunner.&lt;init&gt;(Class) at line 74,
                     void ParentRunner.validate() at line 92,
                     void ParentRunner.collectInitializationErrors(List) at line 523,
                     void ParentRunner.validateClassRules(List) at line 150,
                     void RuleMemberValidator.validate(TestClass,List) at line 184,
                     void RuleMemberValidator.validateMember(FrameworkMember,List) at line 93 }},
           {elem= Access: Read of rules.RuleMemberValidator.CLASS_RULE_VALIDATOR-&gt;annotation Thread: NoThread Lock: false Pre: Unowned;
            loc= line 89;
            trace= { List TestMethodTest.validateAllMethods(Class) at line 169,
                     BlockJUnit4ClassRunner.&lt;init&gt;(Class) at line 175,
                     ParentRunner.&lt;init&gt;(Class) at line 74,
                     void ParentRunner.validate() at line 92,
                     void ParentRunner.collectInitializationErrors(List) at line 523,
                     void ParentRunner.validateClassRules(List) at line 150,
                     void RuleMemberValidator.validate(TestClass,List) at line 183 }},
           {elem= Access: Read of rules.RuleMemberValidator.CLASS_RULE_VALIDATOR-&gt;methods Thread: NoThread Lock: false Pre: Unowned;
            loc= line 89;
            trace= { List TestMethodTest.validateAllMethods(Class) at line 169,
                     BlockJUnit4ClassRunner.&lt;init&gt;(Class) at line 175,
                     ParentRunner.&lt;init&gt;(Class) at line 74,
                     void ParentRunner.validate() at line 92,
                     void ParentRunner.collectInitializationErrors(List) at line 523,
                     void ParentRunner.validateClassRules(List) at line 150,
                     void RuleMemberValidator.validate(TestClass,List) at line 183 }},
           {elem= Access: Read of rules.RuleMemberValidator.CLASS_RULE_VALIDATOR-&gt;validatorStrategies Thread: NoThread Lock: false Pre: Unowned;
            loc= line 98;
            trace= { List TestMethodTest.validateAllMethods(Class) at line 169,
                     BlockJUnit4ClassRunner.&lt;init&gt;(Class) at line 175,
                     ParentRunner.&lt;init&gt;(Class) at line 74,
                     void ParentRunner.validate() at line 92,
                     void ParentRunner.collectInitializationErrors(List) at line 523,
                     void ParentRunner.validateClassRules(List) at line 150,
                     void RuleMemberValidator.validate(TestClass,List) at line 183,
                     void RuleMemberValidator.validateMember(FrameworkMember,List) at line 93 }} } 
Ownership: { n$1 -&gt; Owned,
             n$4 -&gt; Owned,
             n$6 -&gt; Unowned,
             problems -&gt; Owned,
             this -&gt; OwnedIf{ 0 } } 
Attributes: { } 


INSTR=  NULLIFY(&amp;$irvar0); [line 170]; 

STATE UNCHANGED

INSTR=  EXIT_SCOPE(n$6); [line 170]; 

STATE:
Threads: NoThread, Locks: 0 
Accesses { {elem= Access: Read of model.TestClass.FIELD_COMPARATOR Thread: NoThread Lock: false Pre: Unowned;
            loc= line 78;
            trace= { List TestMethodTest.validateAllMethods(Class) at line 169,
                     BlockJUnit4ClassRunner.&lt;init&gt;(Class) at line 175,
                     ParentRunner.&lt;init&gt;(Class) at line 74,
                     TestClass ParentRunner.createTestClass(Class) at line 91,
                     TestClass.&lt;init&gt;(Class) at line 111,
                     void TestClass.scanAnnotatedMembers(Map,Map) at line 57,
                     Field[] TestClass.getSortedDeclaredFields(Class) at line 70 }},
           {elem= Access: Read of lang.Void.TYPE Thread: NoThread Lock: false Pre: Unowned;
            loc= line 107;
            trace= { List TestMethodTest.validateAllMethods(Class) at line 169,
                     BlockJUnit4ClassRunner.&lt;init&gt;(Class) at line 175,
                     ParentRunner.&lt;init&gt;(Class) at line 74,
                     void ParentRunner.validate() at line 92,
                     void ParentRunner.collectInitializationErrors(List) at line 523,
                     void ParentRunner.validatePublicVoidNoArgMethods(Class,boolean,List) at line 148,
                     void FrameworkMethod.validatePublicVoidNoArg(boolean,List) at line 178,
                     void FrameworkMethod.validatePublicVoid(boolean,List) at line 83 }},
           {elem= Access: Read of runners.ParentRunner.VALIDATORS Thread: NoThread Lock: false Pre: Unowned;
            loc= line 156;
            trace= { List TestMethodTest.validateAllMethods(Class) at line 169,
                     BlockJUnit4ClassRunner.&lt;init&gt;(Class) at line 175,
                     ParentRunner.&lt;init&gt;(Class) at line 74,
                     void ParentRunner.validate() at line 92,
                     void ParentRunner.collectInitializationErrors(List) at line 523,
                     void ParentRunner.applyValidators(List) at line 151 }},
           {elem= Access: Read of internal.MethodSorter.DEFAULT Thread: NoThread Lock: false Pre: Unowned;
            loc= line 67;
            trace= { List TestMethodTest.validateAllMethods(Class) at line 169,
                     BlockJUnit4ClassRunner.&lt;init&gt;(Class) at line 175,
                     ParentRunner.&lt;init&gt;(Class) at line 74,
                     TestClass ParentRunner.createTestClass(Class) at line 91,
                     TestClass.&lt;init&gt;(Class) at line 111,
                     void TestClass.scanAnnotatedMembers(Map,Map) at line 57,
                     Method[] MethodSorter.getDeclaredMethods(Class) at line 65,
                     Comparator MethodSorter.getSorter(FixMethodOrder) at line 52 }},
           {elem= Access: Read of rules.RuleMemberValidator.CLASS_RULE_METHOD_VALIDATOR Thread: NoThread Lock: false Pre: Unowned;
            loc= line 184;
            trace= { List TestMethodTest.validateAllMethods(Class) at line 169,
                     BlockJUnit4ClassRunner.&lt;init&gt;(Class) at line 175,
                     ParentRunner.&lt;init&gt;(Class) at line 74,
                     void ParentRunner.validate() at line 92,
                     void ParentRunner.collectInitializationErrors(List) at line 523,
                     void ParentRunner.validateClassRules(List) at line 150 }},
           {elem= Access: Read of rules.RuleMemberValidator.CLASS_RULE_VALIDATOR Thread: NoThread Lock: false Pre: Unowned;
            loc= line 183;
            trace= { List TestMethodTest.validateAllMethods(Class) at line 169,
                     BlockJUnit4ClassRunner.&lt;init&gt;(Class) at line 175,
                     ParentRunner.&lt;init&gt;(Class) at line 74,
                     void ParentRunner.validate() at line 92,
                     void ParentRunner.collectInitializationErrors(List) at line 523,
                     void ParentRunner.validateClassRules(List) at line 150 }},
           {elem= Access: Read of rules.RuleMemberValidator.CLASS_RULE_METHOD_VALIDATOR-&gt;annotation Thread: NoThread Lock: false Pre: Unowned;
            loc= line 89;
            trace= { List TestMethodTest.validateAllMethods(Class) at line 169,
                     BlockJUnit4ClassRunner.&lt;init&gt;(Class) at line 175,
                     ParentRunner.&lt;init&gt;(Class) at line 74,
                     void ParentRunner.validate() at line 92,
                     void ParentRunner.collectInitializationErrors(List) at line 523,
                     void ParentRunner.validateClassRules(List) at line 150,
                     void RuleMemberValidator.validate(TestClass,List) at line 184 }},
           {elem= Access: Read of rules.RuleMemberValidator.CLASS_RULE_METHOD_VALIDATOR-&gt;methods Thread: NoThread Lock: false Pre: Unowned;
            loc= line 89;
            trace= { List TestMethodTest.validateAllMethods(Class) at line 169,
                     BlockJUnit4ClassRunner.&lt;init&gt;(Class) at line 175,
                     ParentRunner.&lt;init&gt;(Class) at line 74,
                     void ParentRunner.validate() at line 92,
                     void ParentRunner.collectInitializationErrors(List) at line 523,
                     void ParentRunner.validateClassRules(List) at line 150,
                     void RuleMemberValidator.validate(TestClass,List) at line 184 }},
           {elem= Access: Read of rules.RuleMemberValidator.CLASS_RULE_METHOD_VALIDATOR-&gt;validatorStrategies Thread: NoThread Lock: false Pre: Unowned;
            loc= line 98;
            trace= { List TestMethodTest.validateAllMethods(Class) at line 169,
                     BlockJUnit4ClassRunner.&lt;init&gt;(Class) at line 175,
                     ParentRunner.&lt;init&gt;(Class) at line 74,
                     void ParentRunner.validate() at line 92,
                     void ParentRunner.collectInitializationErrors(List) at line 523,
                     void ParentRunner.validateClassRules(List) at line 150,
                     void RuleMemberValidator.validate(TestClass,List) at line 184,
                     void RuleMemberValidator.validateMember(FrameworkMember,List) at line 93 }},
           {elem= Access: Read of rules.RuleMemberValidator.CLASS_RULE_VALIDATOR-&gt;annotation Thread: NoThread Lock: false Pre: Unowned;
            loc= line 89;
            trace= { List TestMethodTest.validateAllMethods(Class) at line 169,
                     BlockJUnit4ClassRunner.&lt;init&gt;(Class) at line 175,
                     ParentRunner.&lt;init&gt;(Class) at line 74,
                     void ParentRunner.validate() at line 92,
                     void ParentRunner.collectInitializationErrors(List) at line 523,
                     void ParentRunner.validateClassRules(List) at line 150,
                     void RuleMemberValidator.validate(TestClass,List) at line 183 }},
           {elem= Access: Read of rules.RuleMemberValidator.CLASS_RULE_VALIDATOR-&gt;methods Thread: NoThread Lock: false Pre: Unowned;
            loc= line 89;
            trace= { List TestMethodTest.validateAllMethods(Class) at line 169,
                     BlockJUnit4ClassRunner.&lt;init&gt;(Class) at line 175,
                     ParentRunner.&lt;init&gt;(Class) at line 74,
                     void ParentRunner.validate() at line 92,
                     void ParentRunner.collectInitializationErrors(List) at line 523,
                     void ParentRunner.validateClassRules(List) at line 150,
                     void RuleMemberValidator.validate(TestClass,List) at line 183 }},
           {elem= Access: Read of rules.RuleMemberValidator.CLASS_RULE_VALIDATOR-&gt;validatorStrategies Thread: NoThread Lock: false Pre: Unowned;
            loc= line 98;
            trace= { List TestMethodTest.validateAllMethods(Class) at line 169,
                     BlockJUnit4ClassRunner.&lt;init&gt;(Class) at line 175,
                     ParentRunner.&lt;init&gt;(Class) at line 74,
                     void ParentRunner.validate() at line 92,
                     void ParentRunner.collectInitializationErrors(List) at line 523,
                     void ParentRunner.validateClassRules(List) at line 150,
                     void RuleMemberValidator.validate(TestClass,List) at line 183,
                     void RuleMemberValidator.validateMember(FrameworkMember,List) at line 93 }} } 
Ownership: { n$1 -&gt; Owned,
             n$4 -&gt; Owned,
             n$6 -&gt; Unowned,
             problems -&gt; Owned,
             this -&gt; OwnedIf{ 0 } } 
Attributes: { } 


</LISTING>
<hr width="100%">
<a name="session26" href="./../nodes/org.junit.tests.running.methods.TestMethodTest.dontValidateShadowedMethods%28%29%3Avoid.245d1fc67867889e0f8a6d93858929ac_node6.html#session26">node6#session26</a>(<a href="./../../TestMethodTest.java.cd3cd8b636ee5ff567d7c528578264cd.html#LINE170">170</a>) biabduction
<LISTING class='color_black'>**** [FP:Pending] void TestMethodTest.dontValidateShadowedMethods() Node: 6, Procedure: void TestMethodTest.dontValidateShadowedMethods(), Todo: 4 ****
  PROP 1 of 4:
  <span class='color_blue'><span class='color_red'>(-1  &lt;  @f$1)</span>; <span class='color_red'>@f$1 != 1</span>; <span class='color_red'>null != org.junit.tests.running.methods.TestMethodTest$SubShadows</span>; <span class='color_red'>UND &lt; List Collections.emptyList() &gt; :179(_t$1)</span>; <span class='color_red'>RET &lt; boolean List.isEmpty() &gt; (0)</span> ;
  <span class='color_red'>problems = 0<span class='color_orange'>nullify</span>:java.util.List*</span>; <span class='color_red'>$irvar0 = 0<span class='color_orange'>update:170</span>:void</span>; <span class='color_red'>return = _t$0<span class='color_orange'>initial</span>:void</span>; <span class='color_red'>this = 0<span class='color_orange'>nullify</span>:org.junit.tests.running.methods.TestMethodTest*( sub )</span>; <span class='color_red'>old_this = @f$0<span class='color_orange'>formal</span>:org.junit.tests.running.methods.TestMethodTest*( sub )</span>
  [footprint
     <span class='color_red'>(-1  &lt;  @f$1)</span>; <span class='color_red'>@f$1 != 1</span>; <span class='color_red'>null != org.junit.tests.running.methods.TestMethodTest$SubShadows</span> *
     <span class='color_red'>this = @f$0<span class='color_orange'>formal</span>:org.junit.tests.running.methods.TestMethodTest*( sub )</span>  ]</span>
  PROP 2 of 4:
  <span class='color_blue'><span class='color_red'>(@f$1  &lt;=  -1)</span>; <span class='color_red'>null != org.junit.tests.running.methods.TestMethodTest$SubShadows</span>; <span class='color_red'>UND &lt; List Collections.emptyList() &gt; :179(_t$1)</span>; <span class='color_red'>RET &lt; boolean List.isEmpty() &gt; (0)</span> ;
  <span class='color_red'>problems = 0<span class='color_orange'>nullify</span>:java.util.List*</span>; <span class='color_red'>$irvar0 = 0<span class='color_orange'>update:170</span>:void</span>; <span class='color_red'>return = _t$0<span class='color_orange'>initial</span>:void</span>; <span class='color_red'>this = 0<span class='color_orange'>nullify</span>:org.junit.tests.running.methods.TestMethodTest*( sub )</span>; <span class='color_red'>old_this = @f$0<span class='color_orange'>formal</span>:org.junit.tests.running.methods.TestMethodTest*( sub )</span>
  [footprint
     <span class='color_red'>(@f$1  &lt;=  -1)</span>; <span class='color_red'>null != org.junit.tests.running.methods.TestMethodTest$SubShadows</span> *
     <span class='color_red'>this = @f$0<span class='color_orange'>formal</span>:org.junit.tests.running.methods.TestMethodTest*( sub )</span>  ]</span>
  PROP 3 of 4:
  <span class='color_blue'><span class='color_red'>(@f$1  &lt;=  -1)</span>; <span class='color_red'>null != org.junit.tests.running.methods.TestMethodTest$SubShadows</span>; <span class='color_red'>UND &lt; List Collections.emptyList() &gt; :179(_t$1)</span>; <span class='color_red'>RET &lt; boolean List.isEmpty() &gt; (1)</span> ;
  <span class='color_red'>problems = 0<span class='color_orange'>nullify</span>:java.util.List*</span>; <span class='color_red'>$irvar0 = 1<span class='color_orange'>update:170</span>:void</span>; <span class='color_red'>return = _t$0<span class='color_orange'>initial</span>:void</span>; <span class='color_red'>this = 0<span class='color_orange'>nullify</span>:org.junit.tests.running.methods.TestMethodTest*( sub )</span>; <span class='color_red'>old_this = @f$0<span class='color_orange'>formal</span>:org.junit.tests.running.methods.TestMethodTest*( sub )</span>
  [footprint
     <span class='color_red'>(@f$1  &lt;=  -1)</span>; <span class='color_red'>null != org.junit.tests.running.methods.TestMethodTest$SubShadows</span> *
     <span class='color_red'>this = @f$0<span class='color_orange'>formal</span>:org.junit.tests.running.methods.TestMethodTest*( sub )</span>  ]</span>
  PROP 4 of 4:
  <span class='color_blue'><span class='color_red'>@f$1 = 1</span> ;
  <span class='color_red'>null != org.junit.tests.running.methods.TestMethodTest$SubShadows</span>; <span class='color_red'>UND &lt; List Collections.emptyList() &gt; :179(_t$1)</span>; <span class='color_red'>RET &lt; boolean List.isEmpty() &gt; (1)</span> ;
  <span class='color_red'>problems = 0<span class='color_orange'>nullify</span>:java.util.List*</span>; <span class='color_red'>$irvar0 = 1<span class='color_orange'>update:170</span>:void</span>; <span class='color_red'>return = _t$0<span class='color_orange'>initial</span>:void</span>; <span class='color_red'>this = 0<span class='color_orange'>nullify</span>:org.junit.tests.running.methods.TestMethodTest*( sub )</span>; <span class='color_red'>old_this = @f$0<span class='color_orange'>formal</span>:org.junit.tests.running.methods.TestMethodTest*( sub )</span>
  [footprint
     <span class='color_red'>@f$1 = 1</span>; <span class='color_red'>null != org.junit.tests.running.methods.TestMethodTest$SubShadows</span> *
     <span class='color_red'>this = @f$0<span class='color_orange'>formal</span>:org.junit.tests.running.methods.TestMethodTest*( sub )</span>  ]</span>
  .... Instructions: ....
  <span class='color_green'>n$5=*&amp;$irvar0:_Bool [line 170];
  n$6=_fun_void Assert.assertTrue(boolean)(n$5:_Bool) [line 170];
  NULLIFY(&amp;$irvar0); [line 170];
  EXIT_SCOPE(n$5,n$6,$irvar0); [line 170];
  </span>
  
  Processing prop 1/4
    Instruction <span class='color_green'>n$5=*&amp;$irvar0:_Bool [line 170]</span>
    .... Rearrangement Start ....
    Exp: &amp;$irvar0
    Prop:
    <span class='color_blue'>(-1  &lt;  @f$1); @f$1 != 1; null != org.junit.tests.running.methods.TestMethodTest$SubShadows; UND &lt; List Collections.emptyList() &gt; :179(n$27); RET &lt; boolean List.isEmpty() &gt; (0) ;
    problems = 0<span class='color_orange'>nullify</span>:java.util.List*; $irvar0 = 0<span class='color_orange'>update:170</span>:void; return = n$26<span class='color_orange'>initial</span>:void; this = 0<span class='color_orange'>nullify</span>:org.junit.tests.running.methods.TestMethodTest*( sub ); old_this = @f$0<span class='color_orange'>formal</span>:org.junit.tests.running.methods.TestMethodTest*( sub )
    [footprint
       (-1  &lt;  @f$1); @f$1 != 1; null != org.junit.tests.running.methods.TestMethodTest$SubShadows *
       this = @f$0<span class='color_orange'>formal</span>:org.junit.tests.running.methods.TestMethodTest*( sub )  ]</span>
    
    in prop_iter_extend_ptsto lexp: &amp;$irvar0
    prop before:
    <span class='color_blue'>(-1  &lt;  @f$1); @f$1 != 1; null != org.junit.tests.running.methods.TestMethodTest$SubShadows; UND &lt; List Collections.emptyList() &gt; :179(n$27); RET &lt; boolean List.isEmpty() &gt; (0) ;
    problems = 0<span class='color_orange'>nullify</span>:java.util.List*; $irvar0 = 0<span class='color_orange'>update:170</span>:void; return = n$26<span class='color_orange'>initial</span>:void; this = 0<span class='color_orange'>nullify</span>:org.junit.tests.running.methods.TestMethodTest*( sub ); old_this = @f$0<span class='color_orange'>formal</span>:org.junit.tests.running.methods.TestMethodTest*( sub )
    [footprint
       (-1  &lt;  @f$1); @f$1 != 1; null != org.junit.tests.running.methods.TestMethodTest$SubShadows *
       this = @f$0<span class='color_orange'>formal</span>:org.junit.tests.running.methods.TestMethodTest*( sub )  ]</span>
    
    
    prop list after:
    PROP 1 of 1:
    <span class='color_blue'><span class='color_blue'>(-1  &lt;  @f$1)</span>; <span class='color_blue'>@f$1 != 1</span>; <span class='color_blue'>null != org.junit.tests.running.methods.TestMethodTest$SubShadows</span>; <span class='color_blue'>UND &lt; List Collections.emptyList() &gt; :179(n$27)</span>; <span class='color_blue'>RET &lt; boolean List.isEmpty() &gt; (0)</span> ;
    <span class='color_blue'>problems = 0<span class='color_orange'>nullify</span>:java.util.List*</span>; <span class='color_blue'>$irvar0 = 0<span class='color_orange'>update:170</span>:void</span>; <span class='color_blue'>return = n$26<span class='color_orange'>initial</span>:void</span>; <span class='color_blue'>this = 0<span class='color_orange'>nullify</span>:org.junit.tests.running.methods.TestMethodTest*( sub )</span>; <span class='color_blue'>old_this = @f$0<span class='color_orange'>formal</span>:org.junit.tests.running.methods.TestMethodTest*( sub )</span>
    [footprint
       <span class='color_blue'>(-1  &lt;  @f$1)</span>; <span class='color_blue'>@f$1 != 1</span>; <span class='color_blue'>null != org.junit.tests.running.methods.TestMethodTest$SubShadows</span> *
       <span class='color_blue'>this = @f$0<span class='color_orange'>formal</span>:org.junit.tests.running.methods.TestMethodTest*( sub )</span>  ]</span>
    
    
    
    Instruction Returns
    PROP 1 of 1:
    <span class='color_blue'><span class='color_red'>n$5 = 0</span> ;
    <span class='color_blue'>(-1  &lt;  @f$1)</span>; <span class='color_blue'>@f$1 != 1</span>; <span class='color_blue'>null != org.junit.tests.running.methods.TestMethodTest$SubShadows</span>; <span class='color_blue'>UND &lt; List Collections.emptyList() &gt; :179(_t$1)</span>; <span class='color_blue'>RET &lt; boolean List.isEmpty() &gt; (0)</span> ;
    <span class='color_blue'>problems = 0<span class='color_orange'>nullify</span>:java.util.List*</span>; <span class='color_blue'>$irvar0 = 0<span class='color_orange'>update:170</span>:void</span>; <span class='color_blue'>return = _t$0<span class='color_orange'>initial</span>:void</span>; <span class='color_blue'>this = 0<span class='color_orange'>nullify</span>:org.junit.tests.running.methods.TestMethodTest*( sub )</span>; <span class='color_blue'>old_this = @f$0<span class='color_orange'>formal</span>:org.junit.tests.running.methods.TestMethodTest*( sub )</span>
    [footprint
       <span class='color_blue'>(-1  &lt;  @f$1)</span>; <span class='color_blue'>@f$1 != 1</span>; <span class='color_blue'>null != org.junit.tests.running.methods.TestMethodTest$SubShadows</span> *
       <span class='color_blue'>this = @f$0<span class='color_orange'>formal</span>:org.junit.tests.running.methods.TestMethodTest*( sub )</span>  ]</span>
    
    Instruction <span class='color_green'>n$6=_fun_void Assert.assertTrue(boolean)(n$5:_Bool) [line 170]</span>
    Found 2 specs for function org.junit.Assert.assertTrue(boolean):void
    START EXECUTING SPECS FOR org.junit.Assert.assertTrue(boolean):void from state
    <span class='color_blue'>n$5 = 0 ;
    (-1  &lt;  @f$1); @f$1 != 1; null != org.junit.tests.running.methods.TestMethodTest$SubShadows; UND &lt; List Collections.emptyList() &gt; :179(n$29); RET &lt; boolean List.isEmpty() &gt; (0) ;
    problems = 0<span class='color_orange'>nullify</span>:java.util.List*; $irvar0 = 0<span class='color_orange'>update:170</span>:void; return = n$28<span class='color_orange'>initial</span>:void; this = 0<span class='color_orange'>nullify</span>:org.junit.tests.running.methods.TestMethodTest*( sub ); old_this = @f$0<span class='color_orange'>formal</span>:org.junit.tests.running.methods.TestMethodTest*( sub )
    [footprint
       (-1  &lt;  @f$1); @f$1 != 1; null != org.junit.tests.running.methods.TestMethodTest$SubShadows *
       this = @f$0<span class='color_orange'>formal</span>:org.junit.tests.running.methods.TestMethodTest*( sub )  ]</span>
    EXECUTING SPEC 1/2
    ACTUAL PRECONDITION =
      <span class='color_blue'>n$5 = 0 ;
      (-1  &lt;  @f$1); @f$1 != 1; null != org.junit.tests.running.methods.TestMethodTest$SubShadows; UND &lt; List Collections.emptyList() &gt; :179(n$29); RET &lt; boolean List.isEmpty() &gt; (0) ;
      condition|callee = 0<span class='color_orange'>actual_precondition</span>:_Bool; problems = 0<span class='color_orange'>nullify</span>:java.util.List*; $irvar0 = 0<span class='color_orange'>update:170</span>:void; return = n$28<span class='color_orange'>initial</span>:void; this = 0<span class='color_orange'>nullify</span>:org.junit.tests.running.methods.TestMethodTest*( sub ); old_this = @f$0<span class='color_orange'>formal</span>:org.junit.tests.running.methods.TestMethodTest*( sub )
      [footprint
         (-1  &lt;  @f$1); @f$1 != 1; null != org.junit.tests.running.methods.TestMethodTest$SubShadows *
         this = @f$0<span class='color_orange'>formal</span>:org.junit.tests.running.methods.TestMethodTest*( sub )  ]</span>
    SPEC =
      --------------------------- ---------- ---------------------------
      PRE:
      <span class='color_blue'><span class='color_blue'>condition|callee = 0<span class='color_orange'>formal</span>:_Bool( sub )</span></span>
      POST 1 of 1:
      <span class='color_blue'><span class='color_red'>MEMne &lt; void Assert.assertTrue(String,boolean):53 &gt; <span class='color_orange'>{vpath: }</span>(_t$73)</span> ;
      <span class='color_red'>return|callee = EXN _t$73<span class='color_orange'>update:53</span>:void</span> ;
      <span class='color_red'>_t$73|->{}<span class='color_orange'>alloc</span>:java.lang.AssertionError</span></span>
      ----------------------------------------------------------------
    pre_check_pure_implication
    pi1:
      n$5 = 0; (-1  &lt;  @f$1); @f$1 != 1; null != org.junit.tests.running.methods.TestMethodTest$SubShadows; UND &lt; List Collections.emptyList() &gt; :179(n$29); RET &lt; boolean List.isEmpty() &gt; (0)
    pi2:
      
    returns
    sub1:
      n$5 = 0
    sub2:
      n$5 = 0
    Current Implication
    SUB:
      n$5 = 0
    <span class='color_blue'>(-1  &lt;  @f$1); @f$1 != 1; null != org.junit.tests.running.methods.TestMethodTest$SubShadows; UND &lt; List Collections.emptyList() &gt; :179(n$29); RET &lt; boolean List.isEmpty() &gt; (0); 0 = 0 ;
    condition|callee = 0<span class='color_orange'>actual_precondition</span>:_Bool; problems = 0<span class='color_orange'>nullify</span>:java.util.List*; $irvar0 = 0<span class='color_orange'>update:170</span>:void; return = n$28<span class='color_orange'>initial</span>:void; this = 0<span class='color_orange'>nullify</span>:org.junit.tests.running.methods.TestMethodTest*( sub ); old_this = @f$0<span class='color_orange'>formal</span>:org.junit.tests.running.methods.TestMethodTest*( sub )
    [footprint
       (-1  &lt;  @f$1); @f$1 != 1; null != org.junit.tests.running.methods.TestMethodTest$SubShadows *
       this = @f$0<span class='color_orange'>formal</span>:org.junit.tests.running.methods.TestMethodTest*( sub )  ]</span>
    [SUB: 
      n$5 = 0]
    |-
    <span class='color_blue'>condition|callee = 0<span class='color_orange'>formal</span>:_Bool( sub )</span>
    
      do_imply 0 0
        Final Implication
        SUB:
          n$5 = 0
        <span class='color_blue'>(-1  &lt;  @f$1); @f$1 != 1; null != org.junit.tests.running.methods.TestMethodTest$SubShadows; UND &lt; List Collections.emptyList() &gt; :179(n$29); RET &lt; boolean List.isEmpty() &gt; (0); 0 = 0 ;
        problems = 0<span class='color_orange'>nullify</span>:java.util.List*; $irvar0 = 0<span class='color_orange'>update:170</span>:void; return = n$28<span class='color_orange'>initial</span>:void; this = 0<span class='color_orange'>nullify</span>:org.junit.tests.running.methods.TestMethodTest*( sub ); old_this = @f$0<span class='color_orange'>formal</span>:org.junit.tests.running.methods.TestMethodTest*( sub )
        [footprint
           (-1  &lt;  @f$1); @f$1 != 1; null != org.junit.tests.running.methods.TestMethodTest$SubShadows *
           this = @f$0<span class='color_orange'>formal</span>:org.junit.tests.running.methods.TestMethodTest*( sub )  ]</span>
        [SUB: 
          n$5 = 0]
        |-
        <span class='color_blue'></span>
    Result of Abduction
      SUB:
        n$5 = 0
      <span class='color_blue'>(-1  &lt;  @f$1); @f$1 != 1; null != org.junit.tests.running.methods.TestMethodTest$SubShadows; UND &lt; List Collections.emptyList() &gt; :179(n$29); RET &lt; boolean List.isEmpty() &gt; (0); 0 = 0 ;
      condition|callee = 0<span class='color_orange'>actual_precondition</span>:_Bool; problems = 0<span class='color_orange'>nullify</span>:java.util.List*; $irvar0 = 0<span class='color_orange'>update:170</span>:void; return = n$28<span class='color_orange'>initial</span>:void; this = 0<span class='color_orange'>nullify</span>:org.junit.tests.running.methods.TestMethodTest*( sub ); old_this = @f$0<span class='color_orange'>formal</span>:org.junit.tests.running.methods.TestMethodTest*( sub )
      [footprint
         (-1  &lt;  @f$1); @f$1 != 1; null != org.junit.tests.running.methods.TestMethodTest$SubShadows *
         this = @f$0<span class='color_orange'>formal</span>:org.junit.tests.running.methods.TestMethodTest*( sub )  ]</span>
      [SUB: 
        n$5 = 0]
      |-
      <span class='color_blue'>condition|callee = 0<span class='color_orange'>formal</span>:_Bool( sub )</span>
    returning TRUE
    in vpath_find exp:_t$73
    vpath_find: cannot find _t$73
      New footprint:
      
      Frame fld:
      
      Missing fld:
      
      Instantiated frame:
      &amp;problems|->0<span class='color_orange'>nullify</span>:java.util.List*; &amp;$irvar0|->0<span class='color_orange'>update:170</span>:void; &amp;return|->n$28<span class='color_orange'>initial</span>:void; &amp;this|->0<span class='color_orange'>nullify</span>:org.junit.tests.running.methods.TestMethodTest*( sub ); &amp;old_this|->@f$0<span class='color_orange'>formal</span>:org.junit.tests.running.methods.TestMethodTest*( sub )
      Instantiated post:
      PROP 1 of 1:
      <span class='color_blue'><span class='color_red'>MEMne &lt; void Assert.assertTrue(boolean):170 &gt; <span class='color_orange'>{vpath: }</span>(_t$73)</span> ;
      <span class='color_red'>return|callee = EXN _t$73<span class='color_orange'>update:170</span>:void</span> ;
      <span class='color_red'>_t$73|->{}<span class='color_orange'>alloc</span>:java.lang.AssertionError</span></span>
      
    ***** RESULTS FUNCTION CALL *******
    PROP 1 of 1:
    <span class='color_blue'><span class='color_blue'>n$5 = 0</span> ;
    <span class='color_blue'>(-1  &lt;  @f$1)</span>; <span class='color_blue'>@f$1 != 1</span>; <span class='color_blue'>null != org.junit.tests.running.methods.TestMethodTest$SubShadows</span>; <span class='color_red'>MEMne &lt; void Assert.assertTrue(boolean):170 &gt; <span class='color_orange'>{vpath: }</span>(_t$0)</span>; <span class='color_blue'>UND &lt; List Collections.emptyList() &gt; :179(n$29)</span>; <span class='color_blue'>RET &lt; boolean List.isEmpty() &gt; (0)</span> ;
    <span class='color_blue'>problems = 0<span class='color_orange'>nullify</span>:java.util.List*</span>; <span class='color_blue'>$irvar0 = 0<span class='color_orange'>update:170</span>:void</span>; <span class='color_blue'>return = <span class='color_red'>EXN _t$0<span class='color_orange'>update:170</span></span>:void</span>; <span class='color_blue'>this = 0<span class='color_orange'>nullify</span>:org.junit.tests.running.methods.TestMethodTest*( sub )</span>; <span class='color_blue'>old_this = @f$0<span class='color_orange'>formal</span>:org.junit.tests.running.methods.TestMethodTest*( sub )</span> ;
    <span class='color_red'>_t$0|->{}<span class='color_orange'>alloc</span>:java.lang.AssertionError</span>
    [footprint
       <span class='color_blue'>(-1  &lt;  @f$1)</span>; <span class='color_blue'>@f$1 != 1</span>; <span class='color_blue'>null != org.junit.tests.running.methods.TestMethodTest$SubShadows</span> *
       <span class='color_blue'>this = @f$0<span class='color_orange'>formal</span>:org.junit.tests.running.methods.TestMethodTest*( sub )</span>  ]</span>
    ***** END RESULTS FUNCTION CALL *******
    Prover.check_inconsistency_base: inconsistency reason [None]
    Prover.check_inconsistency_base: inconsistency reason [None]
    Prover.check_inconsistency_base: inconsistency reason [None]
    Prover.check_inconsistency_base: inconsistency reason [None]
    EXECUTING SPEC 2/2
    ACTUAL PRECONDITION =
      <span class='color_blue'>n$5 = 0 ;
      (-1  &lt;  @f$1); @f$1 != 1; null != org.junit.tests.running.methods.TestMethodTest$SubShadows; UND &lt; List Collections.emptyList() &gt; :179(n$29); RET &lt; boolean List.isEmpty() &gt; (0) ;
      condition|callee = 0<span class='color_orange'>actual_precondition</span>:_Bool; problems = 0<span class='color_orange'>nullify</span>:java.util.List*; $irvar0 = 0<span class='color_orange'>update:170</span>:void; return = n$28<span class='color_orange'>initial</span>:void; this = 0<span class='color_orange'>nullify</span>:org.junit.tests.running.methods.TestMethodTest*( sub ); old_this = @f$0<span class='color_orange'>formal</span>:org.junit.tests.running.methods.TestMethodTest*( sub )
      [footprint
         (-1  &lt;  @f$1); @f$1 != 1; null != org.junit.tests.running.methods.TestMethodTest$SubShadows *
         this = @f$0<span class='color_orange'>formal</span>:org.junit.tests.running.methods.TestMethodTest*( sub )  ]</span>
    SPEC =
      --------------------------- ---------- ---------------------------
      PRE:
      <span class='color_blue'><span class='color_blue'>condition|callee != 0 ;
      condition|callee = _t$74<span class='color_orange'>formal</span>:_Bool( sub )</span></span>
      POST 1 of 1:
      <span class='color_blue'>condition|callee != 0 ;
      <span class='color_red'>return|callee = _t$75<span class='color_orange'>initial</span>:void</span></span>
      ----------------------------------------------------------------
    pre_check_pure_implication
    pi1:
      n$5 = 0; (-1  &lt;  @f$1); @f$1 != 1; null != org.junit.tests.running.methods.TestMethodTest$SubShadows; UND &lt; List Collections.emptyList() &gt; :179(n$29); RET &lt; boolean List.isEmpty() &gt; (0)
    pi2:
      _t$74 != 0
    returns
    sub1:
      n$5 = 0
    sub2:
      n$5 = 0
    Current Implication
    SUB:
      n$5 = 0
    <span class='color_blue'>(-1  &lt;  @f$1); @f$1 != 1; null != org.junit.tests.running.methods.TestMethodTest$SubShadows; UND &lt; List Collections.emptyList() &gt; :179(n$29); RET &lt; boolean List.isEmpty() &gt; (0); 0 = 0 ;
    condition|callee = 0<span class='color_orange'>actual_precondition</span>:_Bool; problems = 0<span class='color_orange'>nullify</span>:java.util.List*; $irvar0 = 0<span class='color_orange'>update:170</span>:void; return = n$28<span class='color_orange'>initial</span>:void; this = 0<span class='color_orange'>nullify</span>:org.junit.tests.running.methods.TestMethodTest*( sub ); old_this = @f$0<span class='color_orange'>formal</span>:org.junit.tests.running.methods.TestMethodTest*( sub )
    [footprint
       (-1  &lt;  @f$1); @f$1 != 1; null != org.junit.tests.running.methods.TestMethodTest$SubShadows *
       this = @f$0<span class='color_orange'>formal</span>:org.junit.tests.running.methods.TestMethodTest*( sub )  ]</span>
    [SUB: 
      n$5 = 0]
    |-
    <span class='color_blue'>condition|callee = _t$74<span class='color_orange'>formal</span>:_Bool( sub )</span>
    
      do_imply 0 _t$74
        Final Implication
        SUB:
          n$5 = 0
        <span class='color_blue'>(-1  &lt;  @f$1); @f$1 != 1; null != org.junit.tests.running.methods.TestMethodTest$SubShadows; UND &lt; List Collections.emptyList() &gt; :179(n$29); RET &lt; boolean List.isEmpty() &gt; (0); 0 = 0 ;
        problems = 0<span class='color_orange'>nullify</span>:java.util.List*; $irvar0 = 0<span class='color_orange'>update:170</span>:void; return = n$28<span class='color_orange'>initial</span>:void; this = 0<span class='color_orange'>nullify</span>:org.junit.tests.running.methods.TestMethodTest*( sub ); old_this = @f$0<span class='color_orange'>formal</span>:org.junit.tests.running.methods.TestMethodTest*( sub )
        [footprint
           (-1  &lt;  @f$1); @f$1 != 1; null != org.junit.tests.running.methods.TestMethodTest$SubShadows *
           this = @f$0<span class='color_orange'>formal</span>:org.junit.tests.running.methods.TestMethodTest*( sub )  ]</span>
        [SUB: 
          n$5 = 0; _t$74 = 0]
        |-
        <span class='color_blue'></span>
    imply_pi: adding missing atom _t$74 != 0
    Result of Abduction
      SUB:
        n$5 = 0
      <span class='color_blue'>(-1  &lt;  @f$1); @f$1 != 1; null != org.junit.tests.running.methods.TestMethodTest$SubShadows; UND &lt; List Collections.emptyList() &gt; :179(n$29); RET &lt; boolean List.isEmpty() &gt; (0); 0 = 0 ;
      condition|callee = 0<span class='color_orange'>actual_precondition</span>:_Bool; problems = 0<span class='color_orange'>nullify</span>:java.util.List*; $irvar0 = 0<span class='color_orange'>update:170</span>:void; return = n$28<span class='color_orange'>initial</span>:void; this = 0<span class='color_orange'>nullify</span>:org.junit.tests.running.methods.TestMethodTest*( sub ); old_this = @f$0<span class='color_orange'>formal</span>:org.junit.tests.running.methods.TestMethodTest*( sub )
      [footprint
         (-1  &lt;  @f$1); @f$1 != 1; null != org.junit.tests.running.methods.TestMethodTest$SubShadows *
         this = @f$0<span class='color_orange'>formal</span>:org.junit.tests.running.methods.TestMethodTest*( sub )  ]</span>
      [SUB: 
        n$5 = 0; _t$74 = 0
      _t$74 != 0]
      |-
      <span class='color_blue'>0 != 0 ;
      condition|callee = 0<span class='color_orange'>formal</span>:_Bool( sub )</span>
    returning TRUE
      New footprint:
      0 != 0
      Frame fld:
      
      Missing fld:
      
      Instantiated frame:
      &amp;problems|->0<span class='color_orange'>nullify</span>:java.util.List*; &amp;$irvar0|->0<span class='color_orange'>update:170</span>:void; &amp;return|->n$28<span class='color_orange'>initial</span>:void; &amp;this|->0<span class='color_orange'>nullify</span>:org.junit.tests.running.methods.TestMethodTest*( sub ); &amp;old_this|->@f$0<span class='color_orange'>formal</span>:org.junit.tests.running.methods.TestMethodTest*( sub )
      Instantiated post:
      PROP 1 of 1:
      <span class='color_blue'><span class='color_red'>0 != 0</span> ;
      <span class='color_red'>return|callee = _t$75<span class='color_orange'>initial</span>:void</span></span>
      
    ***** RESULTS FUNCTION CALL *******
    PROP 1 of 1:
    <span class='color_blue'><span class='color_blue'>n$5 = 0</span> ;
    <span class='color_blue'>(-1  &lt;  @f$1)</span>; <span class='color_blue'>@f$1 != 1</span>; <span class='color_blue'>0 != <span class='color_red'>0</span></span>; <span class='color_blue'>null != org.junit.tests.running.methods.TestMethodTest$SubShadows</span>; <span class='color_blue'>UND &lt; List Collections.emptyList() &gt; :179(n$29)</span>; <span class='color_blue'>RET &lt; boolean List.isEmpty() &gt; (0)</span> ;
    <span class='color_blue'>problems = 0<span class='color_orange'>nullify</span>:java.util.List*</span>; <span class='color_blue'>$irvar0 = 0<span class='color_orange'>update:170</span>:void</span>; <span class='color_blue'>return = n$28<span class='color_orange'>initial</span>:void</span>; <span class='color_blue'>this = 0<span class='color_orange'>nullify</span>:org.junit.tests.running.methods.TestMethodTest*( sub )</span>; <span class='color_blue'>old_this = @f$0<span class='color_orange'>formal</span>:org.junit.tests.running.methods.TestMethodTest*( sub )</span>
    [footprint
       <span class='color_blue'>(-1  &lt;  @f$1)</span>; <span class='color_blue'>@f$1 != 1</span>; <span class='color_blue'>0 != <span class='color_red'>0</span></span>; <span class='color_blue'>null != org.junit.tests.running.methods.TestMethodTest$SubShadows</span> *
       <span class='color_blue'>this = @f$0<span class='color_orange'>formal</span>:org.junit.tests.running.methods.TestMethodTest*( sub )</span>  ]</span>
    ***** END RESULTS FUNCTION CALL *******
    Prover.check_inconsistency_base: inconsistency reason [Some 2]
    Prover.check_inconsistency_base: inconsistency reason [Some 2]
    Instruction Returns
    PROP 1 of 1:
    <span class='color_blue'><span class='color_blue'>n$5 = 0</span> ;
    <span class='color_blue'>(-1  &lt;  @f$1)</span>; <span class='color_blue'>@f$1 != 1</span>; <span class='color_blue'>null != org.junit.tests.running.methods.TestMethodTest$SubShadows</span>; <span class='color_red'>MEMne &lt; void Assert.assertTrue(boolean):170 &gt; <span class='color_orange'>{vpath: }</span>(_t$0)</span>; <span class='color_blue'>UND &lt; List Collections.emptyList() &gt; :179(_t$1)</span>; <span class='color_blue'>RET &lt; boolean List.isEmpty() &gt; (0)</span> ;
    <span class='color_blue'>problems = 0<span class='color_orange'>nullify</span>:java.util.List*</span>; <span class='color_blue'>$irvar0 = 0<span class='color_orange'>update:170</span>:void</span>; <span class='color_blue'>return = <span class='color_red'>EXN _t$0<span class='color_orange'>update:170</span></span>:void</span>; <span class='color_blue'>this = 0<span class='color_orange'>nullify</span>:org.junit.tests.running.methods.TestMethodTest*( sub )</span>; <span class='color_blue'>old_this = @f$0<span class='color_orange'>formal</span>:org.junit.tests.running.methods.TestMethodTest*( sub )</span> ;
    <span class='color_red'>_t$0|->{}<span class='color_orange'>alloc</span>:java.lang.AssertionError</span>
    [footprint
       <span class='color_blue'>(-1  &lt;  @f$1)</span>; <span class='color_blue'>@f$1 != 1</span>; <span class='color_blue'>null != org.junit.tests.running.methods.TestMethodTest$SubShadows</span> *
       <span class='color_blue'>this = @f$0<span class='color_orange'>formal</span>:org.junit.tests.running.methods.TestMethodTest*( sub )</span>  ]</span>
    
    Instruction <span class='color_green'>NULLIFY(&amp;$irvar0); [line 170]</span>
    in vpath_find exp:_t$0
    vpath_find: cannot find _t$0
    Instruction Returns
    PROP 1 of 1:
    <span class='color_blue'><span class='color_blue'>n$5 = 0</span> ;
    <span class='color_blue'>(-1  &lt;  @f$1)</span>; <span class='color_blue'>@f$1 != 1</span>; <span class='color_blue'>null != org.junit.tests.running.methods.TestMethodTest$SubShadows</span>; <span class='color_blue'>MEMne &lt; void Assert.assertTrue(boolean):170 &gt; <span class='color_orange'>{vpath: }</span>(_t$0)</span>; <span class='color_blue'>UND &lt; List Collections.emptyList() &gt; :179(_t$1)</span>; <span class='color_blue'>RET &lt; boolean List.isEmpty() &gt; (0)</span> ;
    <span class='color_blue'>problems = 0<span class='color_orange'>nullify</span>:java.util.List*</span>; <span class='color_blue'>$irvar0 = 0<span class='color_orange'>nullify</span>:void</span>; <span class='color_blue'>return = EXN _t$0<span class='color_orange'>update:170</span>:void</span>; <span class='color_blue'>this = 0<span class='color_orange'>nullify</span>:org.junit.tests.running.methods.TestMethodTest*( sub )</span>; <span class='color_blue'>old_this = @f$0<span class='color_orange'>formal</span>:org.junit.tests.running.methods.TestMethodTest*( sub )</span> ;
    <span class='color_blue'>_t$0|->{}<span class='color_orange'>alloc</span>:java.lang.AssertionError</span>
    [footprint
       <span class='color_blue'>(-1  &lt;  @f$1)</span>; <span class='color_blue'>@f$1 != 1</span>; <span class='color_blue'>null != org.junit.tests.running.methods.TestMethodTest$SubShadows</span> *
       <span class='color_blue'>this = @f$0<span class='color_orange'>formal</span>:org.junit.tests.running.methods.TestMethodTest*( sub )</span>  ]</span>
    
    Instruction <span class='color_green'>EXIT_SCOPE(n$5,n$6,$irvar0); [line 170]</span>
    in vpath_find exp:_t$0
    vpath_find: cannot find _t$0
    Instruction Returns
    PROP 1 of 1:
    <span class='color_blue'><span class='color_blue'>(-1  &lt;  @f$1)</span>; <span class='color_blue'>@f$1 != 1</span>; <span class='color_blue'>null != org.junit.tests.running.methods.TestMethodTest$SubShadows</span>; <span class='color_blue'>MEMne &lt; void Assert.assertTrue(boolean):170 &gt; <span class='color_orange'>{vpath: }</span>(_t$0)</span>; <span class='color_blue'>UND &lt; List Collections.emptyList() &gt; :179(_t$1)</span>; <span class='color_blue'>RET &lt; boolean List.isEmpty() &gt; (0)</span> ;
    <span class='color_blue'>problems = 0<span class='color_orange'>nullify</span>:java.util.List*</span>; <span class='color_blue'>$irvar0 = 0<span class='color_orange'>nullify</span>:void</span>; <span class='color_blue'>return = EXN _t$0<span class='color_orange'>update:170</span>:void</span>; <span class='color_blue'>this = 0<span class='color_orange'>nullify</span>:org.junit.tests.running.methods.TestMethodTest*( sub )</span>; <span class='color_blue'>old_this = @f$0<span class='color_orange'>formal</span>:org.junit.tests.running.methods.TestMethodTest*( sub )</span> ;
    <span class='color_blue'>_t$0|->{}<span class='color_orange'>alloc</span>:java.lang.AssertionError</span>
    [footprint
       <span class='color_blue'>(-1  &lt;  @f$1)</span>; <span class='color_blue'>@f$1 != 1</span>; <span class='color_blue'>null != org.junit.tests.running.methods.TestMethodTest$SubShadows</span> *
       <span class='color_blue'>this = @f$0<span class='color_orange'>formal</span>:org.junit.tests.running.methods.TestMethodTest*( sub )</span>  ]</span>
    
    .... After Symbolic Execution ....
    PROP 1 of 1:
    <span class='color_blue'><span class='color_blue'>(-1  &lt;  @f$1)</span>; <span class='color_blue'>@f$1 != 1</span>; <span class='color_blue'>null != org.junit.tests.running.methods.TestMethodTest$SubShadows</span>; <span class='color_red'>MEMne &lt; void Assert.assertTrue(boolean):170 &gt; <span class='color_orange'>{vpath: }</span>(_t$0)</span>; <span class='color_blue'>UND &lt; List Collections.emptyList() &gt; :179(_t$1)</span>; <span class='color_blue'>RET &lt; boolean List.isEmpty() &gt; (0)</span> ;
    <span class='color_blue'>problems = 0<span class='color_orange'>nullify</span>:java.util.List*</span>; <span class='color_blue'>$irvar0 = 0<span class='color_orange'>nullify</span>:void</span>; <span class='color_blue'>return = <span class='color_red'>EXN _t$0<span class='color_orange'>update:170</span></span>:void</span>; <span class='color_blue'>this = 0<span class='color_orange'>nullify</span>:org.junit.tests.running.methods.TestMethodTest*( sub )</span>; <span class='color_blue'>old_this = @f$0<span class='color_orange'>formal</span>:org.junit.tests.running.methods.TestMethodTest*( sub )</span> ;
    <span class='color_red'>_t$0|->{}<span class='color_orange'>alloc</span>:java.lang.AssertionError</span>
    [footprint
       <span class='color_blue'>(-1  &lt;  @f$1)</span>; <span class='color_blue'>@f$1 != 1</span>; <span class='color_blue'>null != org.junit.tests.running.methods.TestMethodTest$SubShadows</span> *
       <span class='color_blue'>this = @f$0<span class='color_orange'>formal</span>:org.junit.tests.running.methods.TestMethodTest*( sub )</span>  ]</span>
    
    
    
  Processing prop 2/4
    Instruction <span class='color_green'>n$5=*&amp;$irvar0:_Bool [line 170]</span>
    .... Rearrangement Start ....
    Exp: &amp;$irvar0
    Prop:
    <span class='color_blue'>(@f$1  &lt;=  -1); null != org.junit.tests.running.methods.TestMethodTest$SubShadows; UND &lt; List Collections.emptyList() &gt; :179(n$31); RET &lt; boolean List.isEmpty() &gt; (0) ;
    problems = 0<span class='color_orange'>nullify</span>:java.util.List*; $irvar0 = 0<span class='color_orange'>update:170</span>:void; return = n$30<span class='color_orange'>initial</span>:void; this = 0<span class='color_orange'>nullify</span>:org.junit.tests.running.methods.TestMethodTest*( sub ); old_this = @f$0<span class='color_orange'>formal</span>:org.junit.tests.running.methods.TestMethodTest*( sub )
    [footprint
       (@f$1  &lt;=  -1); null != org.junit.tests.running.methods.TestMethodTest$SubShadows *
       this = @f$0<span class='color_orange'>formal</span>:org.junit.tests.running.methods.TestMethodTest*( sub )  ]</span>
    
    in prop_iter_extend_ptsto lexp: &amp;$irvar0
    prop before:
    <span class='color_blue'>(@f$1  &lt;=  -1); null != org.junit.tests.running.methods.TestMethodTest$SubShadows; UND &lt; List Collections.emptyList() &gt; :179(n$31); RET &lt; boolean List.isEmpty() &gt; (0) ;
    problems = 0<span class='color_orange'>nullify</span>:java.util.List*; $irvar0 = 0<span class='color_orange'>update:170</span>:void; return = n$30<span class='color_orange'>initial</span>:void; this = 0<span class='color_orange'>nullify</span>:org.junit.tests.running.methods.TestMethodTest*( sub ); old_this = @f$0<span class='color_orange'>formal</span>:org.junit.tests.running.methods.TestMethodTest*( sub )
    [footprint
       (@f$1  &lt;=  -1); null != org.junit.tests.running.methods.TestMethodTest$SubShadows *
       this = @f$0<span class='color_orange'>formal</span>:org.junit.tests.running.methods.TestMethodTest*( sub )  ]</span>
    
    
    prop list after:
    PROP 1 of 1:
    <span class='color_blue'><span class='color_blue'>(@f$1  &lt;=  -1)</span>; <span class='color_blue'>null != org.junit.tests.running.methods.TestMethodTest$SubShadows</span>; <span class='color_blue'>UND &lt; List Collections.emptyList() &gt; :179(n$31)</span>; <span class='color_blue'>RET &lt; boolean List.isEmpty() &gt; (0)</span> ;
    <span class='color_blue'>problems = 0<span class='color_orange'>nullify</span>:java.util.List*</span>; <span class='color_blue'>$irvar0 = 0<span class='color_orange'>update:170</span>:void</span>; <span class='color_blue'>return = n$30<span class='color_orange'>initial</span>:void</span>; <span class='color_blue'>this = 0<span class='color_orange'>nullify</span>:org.junit.tests.running.methods.TestMethodTest*( sub )</span>; <span class='color_blue'>old_this = @f$0<span class='color_orange'>formal</span>:org.junit.tests.running.methods.TestMethodTest*( sub )</span>
    [footprint
       <span class='color_blue'>(@f$1  &lt;=  -1)</span>; <span class='color_blue'>null != org.junit.tests.running.methods.TestMethodTest$SubShadows</span> *
       <span class='color_blue'>this = @f$0<span class='color_orange'>formal</span>:org.junit.tests.running.methods.TestMethodTest*( sub )</span>  ]</span>
    
    
    
    Instruction Returns
    PROP 1 of 1:
    <span class='color_blue'><span class='color_red'>n$5 = 0</span> ;
    <span class='color_blue'>(@f$1  &lt;=  -1)</span>; <span class='color_blue'>null != org.junit.tests.running.methods.TestMethodTest$SubShadows</span>; <span class='color_blue'>UND &lt; List Collections.emptyList() &gt; :179(_t$1)</span>; <span class='color_blue'>RET &lt; boolean List.isEmpty() &gt; (0)</span> ;
    <span class='color_blue'>problems = 0<span class='color_orange'>nullify</span>:java.util.List*</span>; <span class='color_blue'>$irvar0 = 0<span class='color_orange'>update:170</span>:void</span>; <span class='color_blue'>return = _t$0<span class='color_orange'>initial</span>:void</span>; <span class='color_blue'>this = 0<span class='color_orange'>nullify</span>:org.junit.tests.running.methods.TestMethodTest*( sub )</span>; <span class='color_blue'>old_this = @f$0<span class='color_orange'>formal</span>:org.junit.tests.running.methods.TestMethodTest*( sub )</span>
    [footprint
       <span class='color_blue'>(@f$1  &lt;=  -1)</span>; <span class='color_blue'>null != org.junit.tests.running.methods.TestMethodTest$SubShadows</span> *
       <span class='color_blue'>this = @f$0<span class='color_orange'>formal</span>:org.junit.tests.running.methods.TestMethodTest*( sub )</span>  ]</span>
    
    Instruction <span class='color_green'>n$6=_fun_void Assert.assertTrue(boolean)(n$5:_Bool) [line 170]</span>
    Found 2 specs for function org.junit.Assert.assertTrue(boolean):void
    START EXECUTING SPECS FOR org.junit.Assert.assertTrue(boolean):void from state
    <span class='color_blue'>n$5 = 0 ;
    (@f$1  &lt;=  -1); null != org.junit.tests.running.methods.TestMethodTest$SubShadows; UND &lt; List Collections.emptyList() &gt; :179(n$33); RET &lt; boolean List.isEmpty() &gt; (0) ;
    problems = 0<span class='color_orange'>nullify</span>:java.util.List*; $irvar0 = 0<span class='color_orange'>update:170</span>:void; return = n$32<span class='color_orange'>initial</span>:void; this = 0<span class='color_orange'>nullify</span>:org.junit.tests.running.methods.TestMethodTest*( sub ); old_this = @f$0<span class='color_orange'>formal</span>:org.junit.tests.running.methods.TestMethodTest*( sub )
    [footprint
       (@f$1  &lt;=  -1); null != org.junit.tests.running.methods.TestMethodTest$SubShadows *
       this = @f$0<span class='color_orange'>formal</span>:org.junit.tests.running.methods.TestMethodTest*( sub )  ]</span>
    EXECUTING SPEC 1/2
    ACTUAL PRECONDITION =
      <span class='color_blue'>n$5 = 0 ;
      (@f$1  &lt;=  -1); null != org.junit.tests.running.methods.TestMethodTest$SubShadows; UND &lt; List Collections.emptyList() &gt; :179(n$33); RET &lt; boolean List.isEmpty() &gt; (0) ;
      condition|callee = 0<span class='color_orange'>actual_precondition</span>:_Bool; problems = 0<span class='color_orange'>nullify</span>:java.util.List*; $irvar0 = 0<span class='color_orange'>update:170</span>:void; return = n$32<span class='color_orange'>initial</span>:void; this = 0<span class='color_orange'>nullify</span>:org.junit.tests.running.methods.TestMethodTest*( sub ); old_this = @f$0<span class='color_orange'>formal</span>:org.junit.tests.running.methods.TestMethodTest*( sub )
      [footprint
         (@f$1  &lt;=  -1); null != org.junit.tests.running.methods.TestMethodTest$SubShadows *
         this = @f$0<span class='color_orange'>formal</span>:org.junit.tests.running.methods.TestMethodTest*( sub )  ]</span>
    SPEC =
      --------------------------- ---------- ---------------------------
      PRE:
      <span class='color_blue'><span class='color_blue'>condition|callee = 0<span class='color_orange'>formal</span>:_Bool( sub )</span></span>
      POST 1 of 1:
      <span class='color_blue'><span class='color_red'>MEMne &lt; void Assert.assertTrue(String,boolean):53 &gt; <span class='color_orange'>{vpath: }</span>(_t$83)</span> ;
      <span class='color_red'>return|callee = EXN _t$83<span class='color_orange'>update:53</span>:void</span> ;
      <span class='color_red'>_t$83|->{}<span class='color_orange'>alloc</span>:java.lang.AssertionError</span></span>
      ----------------------------------------------------------------
    pre_check_pure_implication
    pi1:
      n$5 = 0; (@f$1  &lt;=  -1); null != org.junit.tests.running.methods.TestMethodTest$SubShadows; UND &lt; List Collections.emptyList() &gt; :179(n$33); RET &lt; boolean List.isEmpty() &gt; (0)
    pi2:
      
    returns
    sub1:
      n$5 = 0
    sub2:
      n$5 = 0
    Current Implication
    SUB:
      n$5 = 0
    <span class='color_blue'>(@f$1  &lt;=  -1); null != org.junit.tests.running.methods.TestMethodTest$SubShadows; UND &lt; List Collections.emptyList() &gt; :179(n$33); RET &lt; boolean List.isEmpty() &gt; (0); 0 = 0 ;
    condition|callee = 0<span class='color_orange'>actual_precondition</span>:_Bool; problems = 0<span class='color_orange'>nullify</span>:java.util.List*; $irvar0 = 0<span class='color_orange'>update:170</span>:void; return = n$32<span class='color_orange'>initial</span>:void; this = 0<span class='color_orange'>nullify</span>:org.junit.tests.running.methods.TestMethodTest*( sub ); old_this = @f$0<span class='color_orange'>formal</span>:org.junit.tests.running.methods.TestMethodTest*( sub )
    [footprint
       (@f$1  &lt;=  -1); null != org.junit.tests.running.methods.TestMethodTest$SubShadows *
       this = @f$0<span class='color_orange'>formal</span>:org.junit.tests.running.methods.TestMethodTest*( sub )  ]</span>
    [SUB: 
      n$5 = 0]
    |-
    <span class='color_blue'>condition|callee = 0<span class='color_orange'>formal</span>:_Bool( sub )</span>
    
      do_imply 0 0
        Final Implication
        SUB:
          n$5 = 0
        <span class='color_blue'>(@f$1  &lt;=  -1); null != org.junit.tests.running.methods.TestMethodTest$SubShadows; UND &lt; List Collections.emptyList() &gt; :179(n$33); RET &lt; boolean List.isEmpty() &gt; (0); 0 = 0 ;
        problems = 0<span class='color_orange'>nullify</span>:java.util.List*; $irvar0 = 0<span class='color_orange'>update:170</span>:void; return = n$32<span class='color_orange'>initial</span>:void; this = 0<span class='color_orange'>nullify</span>:org.junit.tests.running.methods.TestMethodTest*( sub ); old_this = @f$0<span class='color_orange'>formal</span>:org.junit.tests.running.methods.TestMethodTest*( sub )
        [footprint
           (@f$1  &lt;=  -1); null != org.junit.tests.running.methods.TestMethodTest$SubShadows *
           this = @f$0<span class='color_orange'>formal</span>:org.junit.tests.running.methods.TestMethodTest*( sub )  ]</span>
        [SUB: 
          n$5 = 0]
        |-
        <span class='color_blue'></span>
    Result of Abduction
      SUB:
        n$5 = 0
      <span class='color_blue'>(@f$1  &lt;=  -1); null != org.junit.tests.running.methods.TestMethodTest$SubShadows; UND &lt; List Collections.emptyList() &gt; :179(n$33); RET &lt; boolean List.isEmpty() &gt; (0); 0 = 0 ;
      condition|callee = 0<span class='color_orange'>actual_precondition</span>:_Bool; problems = 0<span class='color_orange'>nullify</span>:java.util.List*; $irvar0 = 0<span class='color_orange'>update:170</span>:void; return = n$32<span class='color_orange'>initial</span>:void; this = 0<span class='color_orange'>nullify</span>:org.junit.tests.running.methods.TestMethodTest*( sub ); old_this = @f$0<span class='color_orange'>formal</span>:org.junit.tests.running.methods.TestMethodTest*( sub )
      [footprint
         (@f$1  &lt;=  -1); null != org.junit.tests.running.methods.TestMethodTest$SubShadows *
         this = @f$0<span class='color_orange'>formal</span>:org.junit.tests.running.methods.TestMethodTest*( sub )  ]</span>
      [SUB: 
        n$5 = 0]
      |-
      <span class='color_blue'>condition|callee = 0<span class='color_orange'>formal</span>:_Bool( sub )</span>
    returning TRUE
    in vpath_find exp:_t$83
    vpath_find: cannot find _t$83
      New footprint:
      
      Frame fld:
      
      Missing fld:
      
      Instantiated frame:
      &amp;problems|->0<span class='color_orange'>nullify</span>:java.util.List*; &amp;$irvar0|->0<span class='color_orange'>update:170</span>:void; &amp;return|->n$32<span class='color_orange'>initial</span>:void; &amp;this|->0<span class='color_orange'>nullify</span>:org.junit.tests.running.methods.TestMethodTest*( sub ); &amp;old_this|->@f$0<span class='color_orange'>formal</span>:org.junit.tests.running.methods.TestMethodTest*( sub )
      Instantiated post:
      PROP 1 of 1:
      <span class='color_blue'><span class='color_red'>MEMne &lt; void Assert.assertTrue(boolean):170 &gt; <span class='color_orange'>{vpath: }</span>(_t$83)</span> ;
      <span class='color_red'>return|callee = EXN _t$83<span class='color_orange'>update:170</span>:void</span> ;
      <span class='color_red'>_t$83|->{}<span class='color_orange'>alloc</span>:java.lang.AssertionError</span></span>
      
    ***** RESULTS FUNCTION CALL *******
    PROP 1 of 1:
    <span class='color_blue'><span class='color_blue'>n$5 = 0</span> ;
    <span class='color_blue'>(@f$1  &lt;=  -1)</span>; <span class='color_blue'>null != org.junit.tests.running.methods.TestMethodTest$SubShadows</span>; <span class='color_red'>MEMne &lt; void Assert.assertTrue(boolean):170 &gt; <span class='color_orange'>{vpath: }</span>(_t$0)</span>; <span class='color_blue'>UND &lt; List Collections.emptyList() &gt; :179(n$33)</span>; <span class='color_blue'>RET &lt; boolean List.isEmpty() &gt; (0)</span> ;
    <span class='color_blue'>problems = 0<span class='color_orange'>nullify</span>:java.util.List*</span>; <span class='color_blue'>$irvar0 = 0<span class='color_orange'>update:170</span>:void</span>; <span class='color_blue'>return = <span class='color_red'>EXN _t$0<span class='color_orange'>update:170</span></span>:void</span>; <span class='color_blue'>this = 0<span class='color_orange'>nullify</span>:org.junit.tests.running.methods.TestMethodTest*( sub )</span>; <span class='color_blue'>old_this = @f$0<span class='color_orange'>formal</span>:org.junit.tests.running.methods.TestMethodTest*( sub )</span> ;
    <span class='color_red'>_t$0|->{}<span class='color_orange'>alloc</span>:java.lang.AssertionError</span>
    [footprint
       <span class='color_blue'>(@f$1  &lt;=  -1)</span>; <span class='color_blue'>null != org.junit.tests.running.methods.TestMethodTest$SubShadows</span> *
       <span class='color_blue'>this = @f$0<span class='color_orange'>formal</span>:org.junit.tests.running.methods.TestMethodTest*( sub )</span>  ]</span>
    ***** END RESULTS FUNCTION CALL *******
    Prover.check_inconsistency_base: inconsistency reason [None]
    Prover.check_inconsistency_base: inconsistency reason [None]
    Prover.check_inconsistency_base: inconsistency reason [None]
    Prover.check_inconsistency_base: inconsistency reason [None]
    EXECUTING SPEC 2/2
    ACTUAL PRECONDITION =
      <span class='color_blue'>n$5 = 0 ;
      (@f$1  &lt;=  -1); null != org.junit.tests.running.methods.TestMethodTest$SubShadows; UND &lt; List Collections.emptyList() &gt; :179(n$33); RET &lt; boolean List.isEmpty() &gt; (0) ;
      condition|callee = 0<span class='color_orange'>actual_precondition</span>:_Bool; problems = 0<span class='color_orange'>nullify</span>:java.util.List*; $irvar0 = 0<span class='color_orange'>update:170</span>:void; return = n$32<span class='color_orange'>initial</span>:void; this = 0<span class='color_orange'>nullify</span>:org.junit.tests.running.methods.TestMethodTest*( sub ); old_this = @f$0<span class='color_orange'>formal</span>:org.junit.tests.running.methods.TestMethodTest*( sub )
      [footprint
         (@f$1  &lt;=  -1); null != org.junit.tests.running.methods.TestMethodTest$SubShadows *
         this = @f$0<span class='color_orange'>formal</span>:org.junit.tests.running.methods.TestMethodTest*( sub )  ]</span>
    SPEC =
      --------------------------- ---------- ---------------------------
      PRE:
      <span class='color_blue'><span class='color_blue'>condition|callee != 0 ;
      condition|callee = _t$84<span class='color_orange'>formal</span>:_Bool( sub )</span></span>
      POST 1 of 1:
      <span class='color_blue'>condition|callee != 0 ;
      <span class='color_red'>return|callee = _t$85<span class='color_orange'>initial</span>:void</span></span>
      ----------------------------------------------------------------
    pre_check_pure_implication
    pi1:
      n$5 = 0; (@f$1  &lt;=  -1); null != org.junit.tests.running.methods.TestMethodTest$SubShadows; UND &lt; List Collections.emptyList() &gt; :179(n$33); RET &lt; boolean List.isEmpty() &gt; (0)
    pi2:
      _t$84 != 0
    returns
    sub1:
      n$5 = 0
    sub2:
      n$5 = 0
    Current Implication
    SUB:
      n$5 = 0
    <span class='color_blue'>(@f$1  &lt;=  -1); null != org.junit.tests.running.methods.TestMethodTest$SubShadows; UND &lt; List Collections.emptyList() &gt; :179(n$33); RET &lt; boolean List.isEmpty() &gt; (0); 0 = 0 ;
    condition|callee = 0<span class='color_orange'>actual_precondition</span>:_Bool; problems = 0<span class='color_orange'>nullify</span>:java.util.List*; $irvar0 = 0<span class='color_orange'>update:170</span>:void; return = n$32<span class='color_orange'>initial</span>:void; this = 0<span class='color_orange'>nullify</span>:org.junit.tests.running.methods.TestMethodTest*( sub ); old_this = @f$0<span class='color_orange'>formal</span>:org.junit.tests.running.methods.TestMethodTest*( sub )
    [footprint
       (@f$1  &lt;=  -1); null != org.junit.tests.running.methods.TestMethodTest$SubShadows *
       this = @f$0<span class='color_orange'>formal</span>:org.junit.tests.running.methods.TestMethodTest*( sub )  ]</span>
    [SUB: 
      n$5 = 0]
    |-
    <span class='color_blue'>condition|callee = _t$84<span class='color_orange'>formal</span>:_Bool( sub )</span>
    
      do_imply 0 _t$84
        Final Implication
        SUB:
          n$5 = 0
        <span class='color_blue'>(@f$1  &lt;=  -1); null != org.junit.tests.running.methods.TestMethodTest$SubShadows; UND &lt; List Collections.emptyList() &gt; :179(n$33); RET &lt; boolean List.isEmpty() &gt; (0); 0 = 0 ;
        problems = 0<span class='color_orange'>nullify</span>:java.util.List*; $irvar0 = 0<span class='color_orange'>update:170</span>:void; return = n$32<span class='color_orange'>initial</span>:void; this = 0<span class='color_orange'>nullify</span>:org.junit.tests.running.methods.TestMethodTest*( sub ); old_this = @f$0<span class='color_orange'>formal</span>:org.junit.tests.running.methods.TestMethodTest*( sub )
        [footprint
           (@f$1  &lt;=  -1); null != org.junit.tests.running.methods.TestMethodTest$SubShadows *
           this = @f$0<span class='color_orange'>formal</span>:org.junit.tests.running.methods.TestMethodTest*( sub )  ]</span>
        [SUB: 
          n$5 = 0; _t$84 = 0]
        |-
        <span class='color_blue'></span>
    imply_pi: adding missing atom _t$84 != 0
    Result of Abduction
      SUB:
        n$5 = 0
      <span class='color_blue'>(@f$1  &lt;=  -1); null != org.junit.tests.running.methods.TestMethodTest$SubShadows; UND &lt; List Collections.emptyList() &gt; :179(n$33); RET &lt; boolean List.isEmpty() &gt; (0); 0 = 0 ;
      condition|callee = 0<span class='color_orange'>actual_precondition</span>:_Bool; problems = 0<span class='color_orange'>nullify</span>:java.util.List*; $irvar0 = 0<span class='color_orange'>update:170</span>:void; return = n$32<span class='color_orange'>initial</span>:void; this = 0<span class='color_orange'>nullify</span>:org.junit.tests.running.methods.TestMethodTest*( sub ); old_this = @f$0<span class='color_orange'>formal</span>:org.junit.tests.running.methods.TestMethodTest*( sub )
      [footprint
         (@f$1  &lt;=  -1); null != org.junit.tests.running.methods.TestMethodTest$SubShadows *
         this = @f$0<span class='color_orange'>formal</span>:org.junit.tests.running.methods.TestMethodTest*( sub )  ]</span>
      [SUB: 
        n$5 = 0; _t$84 = 0
      _t$84 != 0]
      |-
      <span class='color_blue'>0 != 0 ;
      condition|callee = 0<span class='color_orange'>formal</span>:_Bool( sub )</span>
    returning TRUE
      New footprint:
      0 != 0
      Frame fld:
      
      Missing fld:
      
      Instantiated frame:
      &amp;problems|->0<span class='color_orange'>nullify</span>:java.util.List*; &amp;$irvar0|->0<span class='color_orange'>update:170</span>:void; &amp;return|->n$32<span class='color_orange'>initial</span>:void; &amp;this|->0<span class='color_orange'>nullify</span>:org.junit.tests.running.methods.TestMethodTest*( sub ); &amp;old_this|->@f$0<span class='color_orange'>formal</span>:org.junit.tests.running.methods.TestMethodTest*( sub )
      Instantiated post:
      PROP 1 of 1:
      <span class='color_blue'><span class='color_red'>0 != 0</span> ;
      <span class='color_red'>return|callee = _t$85<span class='color_orange'>initial</span>:void</span></span>
      
    ***** RESULTS FUNCTION CALL *******
    PROP 1 of 1:
    <span class='color_blue'><span class='color_blue'>n$5 = 0</span> ;
    <span class='color_blue'>(@f$1  &lt;=  -1)</span>; <span class='color_blue'>0 != <span class='color_red'>0</span></span>; <span class='color_blue'>null != org.junit.tests.running.methods.TestMethodTest$SubShadows</span>; <span class='color_blue'>UND &lt; List Collections.emptyList() &gt; :179(n$33)</span>; <span class='color_blue'>RET &lt; boolean List.isEmpty() &gt; (0)</span> ;
    <span class='color_blue'>problems = 0<span class='color_orange'>nullify</span>:java.util.List*</span>; <span class='color_blue'>$irvar0 = 0<span class='color_orange'>update:170</span>:void</span>; <span class='color_blue'>return = n$32<span class='color_orange'>initial</span>:void</span>; <span class='color_blue'>this = 0<span class='color_orange'>nullify</span>:org.junit.tests.running.methods.TestMethodTest*( sub )</span>; <span class='color_blue'>old_this = @f$0<span class='color_orange'>formal</span>:org.junit.tests.running.methods.TestMethodTest*( sub )</span>
    [footprint
       <span class='color_blue'>(@f$1  &lt;=  -1)</span>; <span class='color_blue'>0 != <span class='color_red'>0</span></span>; <span class='color_blue'>null != org.junit.tests.running.methods.TestMethodTest$SubShadows</span> *
       <span class='color_blue'>this = @f$0<span class='color_orange'>formal</span>:org.junit.tests.running.methods.TestMethodTest*( sub )</span>  ]</span>
    ***** END RESULTS FUNCTION CALL *******
    Prover.check_inconsistency_base: inconsistency reason [Some 2]
    Prover.check_inconsistency_base: inconsistency reason [Some 2]
    Instruction Returns
    PROP 1 of 1:
    <span class='color_blue'><span class='color_blue'>n$5 = 0</span> ;
    <span class='color_blue'>(@f$1  &lt;=  -1)</span>; <span class='color_blue'>null != org.junit.tests.running.methods.TestMethodTest$SubShadows</span>; <span class='color_red'>MEMne &lt; void Assert.assertTrue(boolean):170 &gt; <span class='color_orange'>{vpath: }</span>(_t$0)</span>; <span class='color_blue'>UND &lt; List Collections.emptyList() &gt; :179(_t$1)</span>; <span class='color_blue'>RET &lt; boolean List.isEmpty() &gt; (0)</span> ;
    <span class='color_blue'>problems = 0<span class='color_orange'>nullify</span>:java.util.List*</span>; <span class='color_blue'>$irvar0 = 0<span class='color_orange'>update:170</span>:void</span>; <span class='color_blue'>return = <span class='color_red'>EXN _t$0<span class='color_orange'>update:170</span></span>:void</span>; <span class='color_blue'>this = 0<span class='color_orange'>nullify</span>:org.junit.tests.running.methods.TestMethodTest*( sub )</span>; <span class='color_blue'>old_this = @f$0<span class='color_orange'>formal</span>:org.junit.tests.running.methods.TestMethodTest*( sub )</span> ;
    <span class='color_red'>_t$0|->{}<span class='color_orange'>alloc</span>:java.lang.AssertionError</span>
    [footprint
       <span class='color_blue'>(@f$1  &lt;=  -1)</span>; <span class='color_blue'>null != org.junit.tests.running.methods.TestMethodTest$SubShadows</span> *
       <span class='color_blue'>this = @f$0<span class='color_orange'>formal</span>:org.junit.tests.running.methods.TestMethodTest*( sub )</span>  ]</span>
    
    Instruction <span class='color_green'>NULLIFY(&amp;$irvar0); [line 170]</span>
    in vpath_find exp:_t$0
    vpath_find: cannot find _t$0
    Instruction Returns
    PROP 1 of 1:
    <span class='color_blue'><span class='color_blue'>n$5 = 0</span> ;
    <span class='color_blue'>(@f$1  &lt;=  -1)</span>; <span class='color_blue'>null != org.junit.tests.running.methods.TestMethodTest$SubShadows</span>; <span class='color_blue'>MEMne &lt; void Assert.assertTrue(boolean):170 &gt; <span class='color_orange'>{vpath: }</span>(_t$0)</span>; <span class='color_blue'>UND &lt; List Collections.emptyList() &gt; :179(_t$1)</span>; <span class='color_blue'>RET &lt; boolean List.isEmpty() &gt; (0)</span> ;
    <span class='color_blue'>problems = 0<span class='color_orange'>nullify</span>:java.util.List*</span>; <span class='color_blue'>$irvar0 = 0<span class='color_orange'>nullify</span>:void</span>; <span class='color_blue'>return = EXN _t$0<span class='color_orange'>update:170</span>:void</span>; <span class='color_blue'>this = 0<span class='color_orange'>nullify</span>:org.junit.tests.running.methods.TestMethodTest*( sub )</span>; <span class='color_blue'>old_this = @f$0<span class='color_orange'>formal</span>:org.junit.tests.running.methods.TestMethodTest*( sub )</span> ;
    <span class='color_blue'>_t$0|->{}<span class='color_orange'>alloc</span>:java.lang.AssertionError</span>
    [footprint
       <span class='color_blue'>(@f$1  &lt;=  -1)</span>; <span class='color_blue'>null != org.junit.tests.running.methods.TestMethodTest$SubShadows</span> *
       <span class='color_blue'>this = @f$0<span class='color_orange'>formal</span>:org.junit.tests.running.methods.TestMethodTest*( sub )</span>  ]</span>
    
    Instruction <span class='color_green'>EXIT_SCOPE(n$5,n$6,$irvar0); [line 170]</span>
    in vpath_find exp:_t$0
    vpath_find: cannot find _t$0
    Instruction Returns
    PROP 1 of 1:
    <span class='color_blue'><span class='color_blue'>(@f$1  &lt;=  -1)</span>; <span class='color_blue'>null != org.junit.tests.running.methods.TestMethodTest$SubShadows</span>; <span class='color_blue'>MEMne &lt; void Assert.assertTrue(boolean):170 &gt; <span class='color_orange'>{vpath: }</span>(_t$0)</span>; <span class='color_blue'>UND &lt; List Collections.emptyList() &gt; :179(_t$1)</span>; <span class='color_blue'>RET &lt; boolean List.isEmpty() &gt; (0)</span> ;
    <span class='color_blue'>problems = 0<span class='color_orange'>nullify</span>:java.util.List*</span>; <span class='color_blue'>$irvar0 = 0<span class='color_orange'>nullify</span>:void</span>; <span class='color_blue'>return = EXN _t$0<span class='color_orange'>update:170</span>:void</span>; <span class='color_blue'>this = 0<span class='color_orange'>nullify</span>:org.junit.tests.running.methods.TestMethodTest*( sub )</span>; <span class='color_blue'>old_this = @f$0<span class='color_orange'>formal</span>:org.junit.tests.running.methods.TestMethodTest*( sub )</span> ;
    <span class='color_blue'>_t$0|->{}<span class='color_orange'>alloc</span>:java.lang.AssertionError</span>
    [footprint
       <span class='color_blue'>(@f$1  &lt;=  -1)</span>; <span class='color_blue'>null != org.junit.tests.running.methods.TestMethodTest$SubShadows</span> *
       <span class='color_blue'>this = @f$0<span class='color_orange'>formal</span>:org.junit.tests.running.methods.TestMethodTest*( sub )</span>  ]</span>
    
    .... After Symbolic Execution ....
    PROP 1 of 1:
    <span class='color_blue'><span class='color_blue'>(@f$1  &lt;=  -1)</span>; <span class='color_blue'>null != org.junit.tests.running.methods.TestMethodTest$SubShadows</span>; <span class='color_red'>MEMne &lt; void Assert.assertTrue(boolean):170 &gt; <span class='color_orange'>{vpath: }</span>(_t$0)</span>; <span class='color_blue'>UND &lt; List Collections.emptyList() &gt; :179(_t$1)</span>; <span class='color_blue'>RET &lt; boolean List.isEmpty() &gt; (0)</span> ;
    <span class='color_blue'>problems = 0<span class='color_orange'>nullify</span>:java.util.List*</span>; <span class='color_blue'>$irvar0 = 0<span class='color_orange'>nullify</span>:void</span>; <span class='color_blue'>return = <span class='color_red'>EXN _t$0<span class='color_orange'>update:170</span></span>:void</span>; <span class='color_blue'>this = 0<span class='color_orange'>nullify</span>:org.junit.tests.running.methods.TestMethodTest*( sub )</span>; <span class='color_blue'>old_this = @f$0<span class='color_orange'>formal</span>:org.junit.tests.running.methods.TestMethodTest*( sub )</span> ;
    <span class='color_red'>_t$0|->{}<span class='color_orange'>alloc</span>:java.lang.AssertionError</span>
    [footprint
       <span class='color_blue'>(@f$1  &lt;=  -1)</span>; <span class='color_blue'>null != org.junit.tests.running.methods.TestMethodTest$SubShadows</span> *
       <span class='color_blue'>this = @f$0<span class='color_orange'>formal</span>:org.junit.tests.running.methods.TestMethodTest*( sub )</span>  ]</span>
    
    
    
  Processing prop 3/4
    Instruction <span class='color_green'>n$5=*&amp;$irvar0:_Bool [line 170]</span>
    .... Rearrangement Start ....
    Exp: &amp;$irvar0
    Prop:
    <span class='color_blue'>(@f$1  &lt;=  -1); null != org.junit.tests.running.methods.TestMethodTest$SubShadows; UND &lt; List Collections.emptyList() &gt; :179(n$35); RET &lt; boolean List.isEmpty() &gt; (1) ;
    problems = 0<span class='color_orange'>nullify</span>:java.util.List*; $irvar0 = 1<span class='color_orange'>update:170</span>:void; return = n$34<span class='color_orange'>initial</span>:void; this = 0<span class='color_orange'>nullify</span>:org.junit.tests.running.methods.TestMethodTest*( sub ); old_this = @f$0<span class='color_orange'>formal</span>:org.junit.tests.running.methods.TestMethodTest*( sub )
    [footprint
       (@f$1  &lt;=  -1); null != org.junit.tests.running.methods.TestMethodTest$SubShadows *
       this = @f$0<span class='color_orange'>formal</span>:org.junit.tests.running.methods.TestMethodTest*( sub )  ]</span>
    
    in prop_iter_extend_ptsto lexp: &amp;$irvar0
    prop before:
    <span class='color_blue'>(@f$1  &lt;=  -1); null != org.junit.tests.running.methods.TestMethodTest$SubShadows; UND &lt; List Collections.emptyList() &gt; :179(n$35); RET &lt; boolean List.isEmpty() &gt; (1) ;
    problems = 0<span class='color_orange'>nullify</span>:java.util.List*; $irvar0 = 1<span class='color_orange'>update:170</span>:void; return = n$34<span class='color_orange'>initial</span>:void; this = 0<span class='color_orange'>nullify</span>:org.junit.tests.running.methods.TestMethodTest*( sub ); old_this = @f$0<span class='color_orange'>formal</span>:org.junit.tests.running.methods.TestMethodTest*( sub )
    [footprint
       (@f$1  &lt;=  -1); null != org.junit.tests.running.methods.TestMethodTest$SubShadows *
       this = @f$0<span class='color_orange'>formal</span>:org.junit.tests.running.methods.TestMethodTest*( sub )  ]</span>
    
    
    prop list after:
    PROP 1 of 1:
    <span class='color_blue'><span class='color_blue'>(@f$1  &lt;=  -1)</span>; <span class='color_blue'>null != org.junit.tests.running.methods.TestMethodTest$SubShadows</span>; <span class='color_blue'>UND &lt; List Collections.emptyList() &gt; :179(n$35)</span>; <span class='color_blue'>RET &lt; boolean List.isEmpty() &gt; (1)</span> ;
    <span class='color_blue'>problems = 0<span class='color_orange'>nullify</span>:java.util.List*</span>; <span class='color_blue'>$irvar0 = 1<span class='color_orange'>update:170</span>:void</span>; <span class='color_blue'>return = n$34<span class='color_orange'>initial</span>:void</span>; <span class='color_blue'>this = 0<span class='color_orange'>nullify</span>:org.junit.tests.running.methods.TestMethodTest*( sub )</span>; <span class='color_blue'>old_this = @f$0<span class='color_orange'>formal</span>:org.junit.tests.running.methods.TestMethodTest*( sub )</span>
    [footprint
       <span class='color_blue'>(@f$1  &lt;=  -1)</span>; <span class='color_blue'>null != org.junit.tests.running.methods.TestMethodTest$SubShadows</span> *
       <span class='color_blue'>this = @f$0<span class='color_orange'>formal</span>:org.junit.tests.running.methods.TestMethodTest*( sub )</span>  ]</span>
    
    
    
    Instruction Returns
    PROP 1 of 1:
    <span class='color_blue'><span class='color_red'>n$5 = 1</span> ;
    <span class='color_blue'>(@f$1  &lt;=  -1)</span>; <span class='color_blue'>null != org.junit.tests.running.methods.TestMethodTest$SubShadows</span>; <span class='color_blue'>UND &lt; List Collections.emptyList() &gt; :179(_t$1)</span>; <span class='color_blue'>RET &lt; boolean List.isEmpty() &gt; (1)</span> ;
    <span class='color_blue'>problems = 0<span class='color_orange'>nullify</span>:java.util.List*</span>; <span class='color_blue'>$irvar0 = 1<span class='color_orange'>update:170</span>:void</span>; <span class='color_blue'>return = _t$0<span class='color_orange'>initial</span>:void</span>; <span class='color_blue'>this = 0<span class='color_orange'>nullify</span>:org.junit.tests.running.methods.TestMethodTest*( sub )</span>; <span class='color_blue'>old_this = @f$0<span class='color_orange'>formal</span>:org.junit.tests.running.methods.TestMethodTest*( sub )</span>
    [footprint
       <span class='color_blue'>(@f$1  &lt;=  -1)</span>; <span class='color_blue'>null != org.junit.tests.running.methods.TestMethodTest$SubShadows</span> *
       <span class='color_blue'>this = @f$0<span class='color_orange'>formal</span>:org.junit.tests.running.methods.TestMethodTest*( sub )</span>  ]</span>
    
    Instruction <span class='color_green'>n$6=_fun_void Assert.assertTrue(boolean)(n$5:_Bool) [line 170]</span>
    Found 2 specs for function org.junit.Assert.assertTrue(boolean):void
    START EXECUTING SPECS FOR org.junit.Assert.assertTrue(boolean):void from state
    <span class='color_blue'>n$5 = 1 ;
    (@f$1  &lt;=  -1); null != org.junit.tests.running.methods.TestMethodTest$SubShadows; UND &lt; List Collections.emptyList() &gt; :179(n$37); RET &lt; boolean List.isEmpty() &gt; (1) ;
    problems = 0<span class='color_orange'>nullify</span>:java.util.List*; $irvar0 = 1<span class='color_orange'>update:170</span>:void; return = n$36<span class='color_orange'>initial</span>:void; this = 0<span class='color_orange'>nullify</span>:org.junit.tests.running.methods.TestMethodTest*( sub ); old_this = @f$0<span class='color_orange'>formal</span>:org.junit.tests.running.methods.TestMethodTest*( sub )
    [footprint
       (@f$1  &lt;=  -1); null != org.junit.tests.running.methods.TestMethodTest$SubShadows *
       this = @f$0<span class='color_orange'>formal</span>:org.junit.tests.running.methods.TestMethodTest*( sub )  ]</span>
    EXECUTING SPEC 1/2
    ACTUAL PRECONDITION =
      <span class='color_blue'>n$5 = 1 ;
      (@f$1  &lt;=  -1); null != org.junit.tests.running.methods.TestMethodTest$SubShadows; UND &lt; List Collections.emptyList() &gt; :179(n$37); RET &lt; boolean List.isEmpty() &gt; (1) ;
      condition|callee = 1<span class='color_orange'>actual_precondition</span>:_Bool; problems = 0<span class='color_orange'>nullify</span>:java.util.List*; $irvar0 = 1<span class='color_orange'>update:170</span>:void; return = n$36<span class='color_orange'>initial</span>:void; this = 0<span class='color_orange'>nullify</span>:org.junit.tests.running.methods.TestMethodTest*( sub ); old_this = @f$0<span class='color_orange'>formal</span>:org.junit.tests.running.methods.TestMethodTest*( sub )
      [footprint
         (@f$1  &lt;=  -1); null != org.junit.tests.running.methods.TestMethodTest$SubShadows *
         this = @f$0<span class='color_orange'>formal</span>:org.junit.tests.running.methods.TestMethodTest*( sub )  ]</span>
    SPEC =
      --------------------------- ---------- ---------------------------
      PRE:
      <span class='color_blue'><span class='color_blue'>condition|callee = 0<span class='color_orange'>formal</span>:_Bool( sub )</span></span>
      POST 1 of 1:
      <span class='color_blue'><span class='color_red'>MEMne &lt; void Assert.assertTrue(String,boolean):53 &gt; <span class='color_orange'>{vpath: }</span>(_t$93)</span> ;
      <span class='color_red'>return|callee = EXN _t$93<span class='color_orange'>update:53</span>:void</span> ;
      <span class='color_red'>_t$93|->{}<span class='color_orange'>alloc</span>:java.lang.AssertionError</span></span>
      ----------------------------------------------------------------
    pre_check_pure_implication
    pi1:
      n$5 = 1; (@f$1  &lt;=  -1); null != org.junit.tests.running.methods.TestMethodTest$SubShadows; UND &lt; List Collections.emptyList() &gt; :179(n$37); RET &lt; boolean List.isEmpty() &gt; (1)
    pi2:
      
    returns
    sub1:
      n$5 = 1
    sub2:
      n$5 = 1
    Current Implication
    SUB:
      n$5 = 1
    <span class='color_blue'>(@f$1  &lt;=  -1); null != org.junit.tests.running.methods.TestMethodTest$SubShadows; UND &lt; List Collections.emptyList() &gt; :179(n$37); RET &lt; boolean List.isEmpty() &gt; (1); 1 = 1 ;
    condition|callee = 1<span class='color_orange'>actual_precondition</span>:_Bool; problems = 0<span class='color_orange'>nullify</span>:java.util.List*; $irvar0 = 1<span class='color_orange'>update:170</span>:void; return = n$36<span class='color_orange'>initial</span>:void; this = 0<span class='color_orange'>nullify</span>:org.junit.tests.running.methods.TestMethodTest*( sub ); old_this = @f$0<span class='color_orange'>formal</span>:org.junit.tests.running.methods.TestMethodTest*( sub )
    [footprint
       (@f$1  &lt;=  -1); null != org.junit.tests.running.methods.TestMethodTest$SubShadows *
       this = @f$0<span class='color_orange'>formal</span>:org.junit.tests.running.methods.TestMethodTest*( sub )  ]</span>
    [SUB: 
      n$5 = 1]
    |-
    <span class='color_blue'>condition|callee = 0<span class='color_orange'>formal</span>:_Bool( sub )</span>
    
      do_imply 1 0
      WARNING: footprint failed to find MISSING because: constants not equal
    EXECUTING SPEC 2/2
    ACTUAL PRECONDITION =
      <span class='color_blue'>n$5 = 1 ;
      (@f$1  &lt;=  -1); null != org.junit.tests.running.methods.TestMethodTest$SubShadows; UND &lt; List Collections.emptyList() &gt; :179(n$37); RET &lt; boolean List.isEmpty() &gt; (1) ;
      condition|callee = 1<span class='color_orange'>actual_precondition</span>:_Bool; problems = 0<span class='color_orange'>nullify</span>:java.util.List*; $irvar0 = 1<span class='color_orange'>update:170</span>:void; return = n$36<span class='color_orange'>initial</span>:void; this = 0<span class='color_orange'>nullify</span>:org.junit.tests.running.methods.TestMethodTest*( sub ); old_this = @f$0<span class='color_orange'>formal</span>:org.junit.tests.running.methods.TestMethodTest*( sub )
      [footprint
         (@f$1  &lt;=  -1); null != org.junit.tests.running.methods.TestMethodTest$SubShadows *
         this = @f$0<span class='color_orange'>formal</span>:org.junit.tests.running.methods.TestMethodTest*( sub )  ]</span>
    SPEC =
      --------------------------- ---------- ---------------------------
      PRE:
      <span class='color_blue'><span class='color_blue'>condition|callee != 0 ;
      condition|callee = _t$94<span class='color_orange'>formal</span>:_Bool( sub )</span></span>
      POST 1 of 1:
      <span class='color_blue'>condition|callee != 0 ;
      <span class='color_red'>return|callee = _t$95<span class='color_orange'>initial</span>:void</span></span>
      ----------------------------------------------------------------
    pre_check_pure_implication
    pi1:
      n$5 = 1; (@f$1  &lt;=  -1); null != org.junit.tests.running.methods.TestMethodTest$SubShadows; UND &lt; List Collections.emptyList() &gt; :179(n$37); RET &lt; boolean List.isEmpty() &gt; (1)
    pi2:
      _t$94 != 0
    returns
    sub1:
      n$5 = 1
    sub2:
      n$5 = 1
    Current Implication
    SUB:
      n$5 = 1
    <span class='color_blue'>(@f$1  &lt;=  -1); null != org.junit.tests.running.methods.TestMethodTest$SubShadows; UND &lt; List Collections.emptyList() &gt; :179(n$37); RET &lt; boolean List.isEmpty() &gt; (1); 1 = 1 ;
    condition|callee = 1<span class='color_orange'>actual_precondition</span>:_Bool; problems = 0<span class='color_orange'>nullify</span>:java.util.List*; $irvar0 = 1<span class='color_orange'>update:170</span>:void; return = n$36<span class='color_orange'>initial</span>:void; this = 0<span class='color_orange'>nullify</span>:org.junit.tests.running.methods.TestMethodTest*( sub ); old_this = @f$0<span class='color_orange'>formal</span>:org.junit.tests.running.methods.TestMethodTest*( sub )
    [footprint
       (@f$1  &lt;=  -1); null != org.junit.tests.running.methods.TestMethodTest$SubShadows *
       this = @f$0<span class='color_orange'>formal</span>:org.junit.tests.running.methods.TestMethodTest*( sub )  ]</span>
    [SUB: 
      n$5 = 1]
    |-
    <span class='color_blue'>condition|callee = _t$94<span class='color_orange'>formal</span>:_Bool( sub )</span>
    
      do_imply 1 _t$94
        Final Implication
        SUB:
          n$5 = 1
        <span class='color_blue'>(@f$1  &lt;=  -1); null != org.junit.tests.running.methods.TestMethodTest$SubShadows; UND &lt; List Collections.emptyList() &gt; :179(n$37); RET &lt; boolean List.isEmpty() &gt; (1); 1 = 1 ;
        problems = 0<span class='color_orange'>nullify</span>:java.util.List*; $irvar0 = 1<span class='color_orange'>update:170</span>:void; return = n$36<span class='color_orange'>initial</span>:void; this = 0<span class='color_orange'>nullify</span>:org.junit.tests.running.methods.TestMethodTest*( sub ); old_this = @f$0<span class='color_orange'>formal</span>:org.junit.tests.running.methods.TestMethodTest*( sub )
        [footprint
           (@f$1  &lt;=  -1); null != org.junit.tests.running.methods.TestMethodTest$SubShadows *
           this = @f$0<span class='color_orange'>formal</span>:org.junit.tests.running.methods.TestMethodTest*( sub )  ]</span>
        [SUB: 
          n$5 = 1; _t$94 = 1]
        |-
        <span class='color_blue'></span>
    Result of Abduction
      SUB:
        n$5 = 1
      <span class='color_blue'>(@f$1  &lt;=  -1); null != org.junit.tests.running.methods.TestMethodTest$SubShadows; UND &lt; List Collections.emptyList() &gt; :179(n$37); RET &lt; boolean List.isEmpty() &gt; (1); 1 = 1 ;
      condition|callee = 1<span class='color_orange'>actual_precondition</span>:_Bool; problems = 0<span class='color_orange'>nullify</span>:java.util.List*; $irvar0 = 1<span class='color_orange'>update:170</span>:void; return = n$36<span class='color_orange'>initial</span>:void; this = 0<span class='color_orange'>nullify</span>:org.junit.tests.running.methods.TestMethodTest*( sub ); old_this = @f$0<span class='color_orange'>formal</span>:org.junit.tests.running.methods.TestMethodTest*( sub )
      [footprint
         (@f$1  &lt;=  -1); null != org.junit.tests.running.methods.TestMethodTest$SubShadows *
         this = @f$0<span class='color_orange'>formal</span>:org.junit.tests.running.methods.TestMethodTest*( sub )  ]</span>
      [SUB: 
        n$5 = 1; _t$94 = 1]
      |-
      <span class='color_blue'>1 != 0 ;
      condition|callee = 1<span class='color_orange'>formal</span>:_Bool( sub )</span>
    returning TRUE
      New footprint:
      
      Frame fld:
      
      Missing fld:
      
      Instantiated frame:
      &amp;problems|->0<span class='color_orange'>nullify</span>:java.util.List*; &amp;$irvar0|->1<span class='color_orange'>update:170</span>:void; &amp;return|->n$36<span class='color_orange'>initial</span>:void; &amp;this|->0<span class='color_orange'>nullify</span>:org.junit.tests.running.methods.TestMethodTest*( sub ); &amp;old_this|->@f$0<span class='color_orange'>formal</span>:org.junit.tests.running.methods.TestMethodTest*( sub )
      Instantiated post:
      PROP 1 of 1:
      <span class='color_blue'><span class='color_red'>1 != 0</span> ;
      <span class='color_red'>return|callee = _t$95<span class='color_orange'>initial</span>:void</span></span>
      
    ***** RESULTS FUNCTION CALL *******
    PROP 1 of 1:
    <span class='color_blue'><span class='color_blue'>n$5 = <span class='color_red'>1</span></span> ;
    <span class='color_blue'>(@f$1  &lt;=  -1)</span>; <span class='color_blue'>0 != <span class='color_red'>1</span></span>; <span class='color_blue'>null != org.junit.tests.running.methods.TestMethodTest$SubShadows</span>; <span class='color_blue'>UND &lt; List Collections.emptyList() &gt; :179(n$37)</span>; <span class='color_blue'>RET &lt; boolean List.isEmpty() &gt; (<span class='color_red'>1</span>)</span> ;
    <span class='color_blue'>problems = 0<span class='color_orange'>nullify</span>:java.util.List*</span>; <span class='color_blue'>$irvar0 = <span class='color_red'>1</span><span class='color_orange'>update:170</span>:void</span>; <span class='color_blue'>return = n$36<span class='color_orange'>initial</span>:void</span>; <span class='color_blue'>this = 0<span class='color_orange'>nullify</span>:org.junit.tests.running.methods.TestMethodTest*( sub )</span>; <span class='color_blue'>old_this = @f$0<span class='color_orange'>formal</span>:org.junit.tests.running.methods.TestMethodTest*( sub )</span>
    [footprint
       <span class='color_blue'>(@f$1  &lt;=  -1)</span>; <span class='color_blue'>null != org.junit.tests.running.methods.TestMethodTest$SubShadows</span> *
       <span class='color_blue'>this = @f$0<span class='color_orange'>formal</span>:org.junit.tests.running.methods.TestMethodTest*( sub )</span>  ]</span>
    ***** END RESULTS FUNCTION CALL *******
    Prover.check_inconsistency_base: inconsistency reason [None]
    Prover.check_inconsistency_base: inconsistency reason [None]
    Prover.check_inconsistency_base: inconsistency reason [None]
    Prover.check_inconsistency_base: inconsistency reason [None]
    Instruction Returns
    PROP 1 of 1:
    <span class='color_blue'><span class='color_blue'>n$5 = <span class='color_red'>1</span></span> ;
    <span class='color_blue'>(@f$1  &lt;=  -1)</span>; <span class='color_blue'>0 != <span class='color_red'>1</span></span>; <span class='color_blue'>null != org.junit.tests.running.methods.TestMethodTest$SubShadows</span>; <span class='color_blue'>UND &lt; List Collections.emptyList() &gt; :179(_t$1)</span>; <span class='color_blue'>RET &lt; boolean List.isEmpty() &gt; (<span class='color_red'>1</span>)</span> ;
    <span class='color_blue'>problems = 0<span class='color_orange'>nullify</span>:java.util.List*</span>; <span class='color_blue'>$irvar0 = <span class='color_red'>1</span><span class='color_orange'>update:170</span>:void</span>; <span class='color_blue'>return = _t$0<span class='color_orange'>initial</span>:void</span>; <span class='color_blue'>this = 0<span class='color_orange'>nullify</span>:org.junit.tests.running.methods.TestMethodTest*( sub )</span>; <span class='color_blue'>old_this = @f$0<span class='color_orange'>formal</span>:org.junit.tests.running.methods.TestMethodTest*( sub )</span>
    [footprint
       <span class='color_blue'>(@f$1  &lt;=  -1)</span>; <span class='color_blue'>0 != <span class='color_red'>1</span></span>; <span class='color_blue'>null != org.junit.tests.running.methods.TestMethodTest$SubShadows</span> *
       <span class='color_blue'>this = @f$0<span class='color_orange'>formal</span>:org.junit.tests.running.methods.TestMethodTest*( sub )</span>  ]</span>
    
    Instruction <span class='color_green'>NULLIFY(&amp;$irvar0); [line 170]</span>
    Instruction Returns
    PROP 1 of 1:
    <span class='color_blue'><span class='color_blue'>n$5 = 1</span> ;
    <span class='color_blue'>(@f$1  &lt;=  -1)</span>; <span class='color_blue'>0 != 1</span>; <span class='color_blue'>null != org.junit.tests.running.methods.TestMethodTest$SubShadows</span>; <span class='color_blue'>UND &lt; List Collections.emptyList() &gt; :179(_t$1)</span>; <span class='color_blue'>RET &lt; boolean List.isEmpty() &gt; (1)</span> ;
    <span class='color_blue'>problems = 0<span class='color_orange'>nullify</span>:java.util.List*</span>; <span class='color_blue'>$irvar0 = <span class='color_red'>0<span class='color_orange'>nullify</span></span>:void</span>; <span class='color_blue'>return = _t$0<span class='color_orange'>initial</span>:void</span>; <span class='color_blue'>this = 0<span class='color_orange'>nullify</span>:org.junit.tests.running.methods.TestMethodTest*( sub )</span>; <span class='color_blue'>old_this = @f$0<span class='color_orange'>formal</span>:org.junit.tests.running.methods.TestMethodTest*( sub )</span>
    [footprint
       <span class='color_blue'>(@f$1  &lt;=  -1)</span>; <span class='color_blue'>0 != 1</span>; <span class='color_blue'>null != org.junit.tests.running.methods.TestMethodTest$SubShadows</span> *
       <span class='color_blue'>this = @f$0<span class='color_orange'>formal</span>:org.junit.tests.running.methods.TestMethodTest*( sub )</span>  ]</span>
    
    Instruction <span class='color_green'>EXIT_SCOPE(n$5,n$6,$irvar0); [line 170]</span>
    Instruction Returns
    PROP 1 of 1:
    <span class='color_blue'><span class='color_blue'>(@f$1  &lt;=  -1)</span>; <span class='color_blue'>0 != 1</span>; <span class='color_blue'>null != org.junit.tests.running.methods.TestMethodTest$SubShadows</span>; <span class='color_blue'>UND &lt; List Collections.emptyList() &gt; :179(_t$1)</span>; <span class='color_blue'>RET &lt; boolean List.isEmpty() &gt; (1)</span> ;
    <span class='color_blue'>problems = 0<span class='color_orange'>nullify</span>:java.util.List*</span>; <span class='color_blue'>$irvar0 = 0<span class='color_orange'>nullify</span>:void</span>; <span class='color_blue'>return = _t$0<span class='color_orange'>initial</span>:void</span>; <span class='color_blue'>this = 0<span class='color_orange'>nullify</span>:org.junit.tests.running.methods.TestMethodTest*( sub )</span>; <span class='color_blue'>old_this = @f$0<span class='color_orange'>formal</span>:org.junit.tests.running.methods.TestMethodTest*( sub )</span>
    [footprint
       <span class='color_blue'>(@f$1  &lt;=  -1)</span>; <span class='color_blue'>0 != 1</span>; <span class='color_blue'>null != org.junit.tests.running.methods.TestMethodTest$SubShadows</span> *
       <span class='color_blue'>this = @f$0<span class='color_orange'>formal</span>:org.junit.tests.running.methods.TestMethodTest*( sub )</span>  ]</span>
    
    .... After Symbolic Execution ....
    PROP 1 of 1:
    <span class='color_blue'><span class='color_blue'>(@f$1  &lt;=  -1)</span>; <span class='color_blue'>0 != <span class='color_red'>1</span></span>; <span class='color_blue'>null != org.junit.tests.running.methods.TestMethodTest$SubShadows</span>; <span class='color_blue'>UND &lt; List Collections.emptyList() &gt; :179(_t$1)</span>; <span class='color_blue'>RET &lt; boolean List.isEmpty() &gt; (<span class='color_red'>1</span>)</span> ;
    <span class='color_blue'>problems = 0<span class='color_orange'>nullify</span>:java.util.List*</span>; <span class='color_blue'>$irvar0 = <span class='color_red'>0<span class='color_orange'>nullify</span></span>:void</span>; <span class='color_blue'>return = _t$0<span class='color_orange'>initial</span>:void</span>; <span class='color_blue'>this = 0<span class='color_orange'>nullify</span>:org.junit.tests.running.methods.TestMethodTest*( sub )</span>; <span class='color_blue'>old_this = @f$0<span class='color_orange'>formal</span>:org.junit.tests.running.methods.TestMethodTest*( sub )</span>
    [footprint
       <span class='color_blue'>(@f$1  &lt;=  -1)</span>; <span class='color_blue'>0 != <span class='color_red'>1</span></span>; <span class='color_blue'>null != org.junit.tests.running.methods.TestMethodTest$SubShadows</span> *
       <span class='color_blue'>this = @f$0<span class='color_orange'>formal</span>:org.junit.tests.running.methods.TestMethodTest*( sub )</span>  ]</span>
    
    
    
  Processing prop 4/4
    Instruction <span class='color_green'>n$5=*&amp;$irvar0:_Bool [line 170]</span>
    .... Rearrangement Start ....
    Exp: &amp;$irvar0
    Prop:
    <span class='color_blue'>@f$1 = 1 ;
    null != org.junit.tests.running.methods.TestMethodTest$SubShadows; UND &lt; List Collections.emptyList() &gt; :179(n$39); RET &lt; boolean List.isEmpty() &gt; (1) ;
    problems = 0<span class='color_orange'>nullify</span>:java.util.List*; $irvar0 = 1<span class='color_orange'>update:170</span>:void; return = n$38<span class='color_orange'>initial</span>:void; this = 0<span class='color_orange'>nullify</span>:org.junit.tests.running.methods.TestMethodTest*( sub ); old_this = @f$0<span class='color_orange'>formal</span>:org.junit.tests.running.methods.TestMethodTest*( sub )
    [footprint
       @f$1 = 1; null != org.junit.tests.running.methods.TestMethodTest$SubShadows *
       this = @f$0<span class='color_orange'>formal</span>:org.junit.tests.running.methods.TestMethodTest*( sub )  ]</span>
    
    in prop_iter_extend_ptsto lexp: &amp;$irvar0
    prop before:
    <span class='color_blue'>@f$1 = 1 ;
    null != org.junit.tests.running.methods.TestMethodTest$SubShadows; UND &lt; List Collections.emptyList() &gt; :179(n$39); RET &lt; boolean List.isEmpty() &gt; (1) ;
    problems = 0<span class='color_orange'>nullify</span>:java.util.List*; $irvar0 = 1<span class='color_orange'>update:170</span>:void; return = n$38<span class='color_orange'>initial</span>:void; this = 0<span class='color_orange'>nullify</span>:org.junit.tests.running.methods.TestMethodTest*( sub ); old_this = @f$0<span class='color_orange'>formal</span>:org.junit.tests.running.methods.TestMethodTest*( sub )
    [footprint
       @f$1 = 1; null != org.junit.tests.running.methods.TestMethodTest$SubShadows *
       this = @f$0<span class='color_orange'>formal</span>:org.junit.tests.running.methods.TestMethodTest*( sub )  ]</span>
    
    
    prop list after:
    PROP 1 of 1:
    <span class='color_blue'><span class='color_blue'>@f$1 = 1</span> ;
    <span class='color_blue'>null != org.junit.tests.running.methods.TestMethodTest$SubShadows</span>; <span class='color_blue'>UND &lt; List Collections.emptyList() &gt; :179(n$39)</span>; <span class='color_blue'>RET &lt; boolean List.isEmpty() &gt; (1)</span> ;
    <span class='color_blue'>problems = 0<span class='color_orange'>nullify</span>:java.util.List*</span>; <span class='color_blue'>$irvar0 = 1<span class='color_orange'>update:170</span>:void</span>; <span class='color_blue'>return = n$38<span class='color_orange'>initial</span>:void</span>; <span class='color_blue'>this = 0<span class='color_orange'>nullify</span>:org.junit.tests.running.methods.TestMethodTest*( sub )</span>; <span class='color_blue'>old_this = @f$0<span class='color_orange'>formal</span>:org.junit.tests.running.methods.TestMethodTest*( sub )</span>
    [footprint
       <span class='color_blue'>@f$1 = 1</span>; <span class='color_blue'>null != org.junit.tests.running.methods.TestMethodTest$SubShadows</span> *
       <span class='color_blue'>this = @f$0<span class='color_orange'>formal</span>:org.junit.tests.running.methods.TestMethodTest*( sub )</span>  ]</span>
    
    
    
    Instruction Returns
    PROP 1 of 1:
    <span class='color_blue'><span class='color_blue'>@f$1 = 1</span>; <span class='color_red'>n$5 = 1</span> ;
    <span class='color_blue'>null != org.junit.tests.running.methods.TestMethodTest$SubShadows</span>; <span class='color_blue'>UND &lt; List Collections.emptyList() &gt; :179(_t$1)</span>; <span class='color_blue'>RET &lt; boolean List.isEmpty() &gt; (1)</span> ;
    <span class='color_blue'>problems = 0<span class='color_orange'>nullify</span>:java.util.List*</span>; <span class='color_blue'>$irvar0 = 1<span class='color_orange'>update:170</span>:void</span>; <span class='color_blue'>return = _t$0<span class='color_orange'>initial</span>:void</span>; <span class='color_blue'>this = 0<span class='color_orange'>nullify</span>:org.junit.tests.running.methods.TestMethodTest*( sub )</span>; <span class='color_blue'>old_this = @f$0<span class='color_orange'>formal</span>:org.junit.tests.running.methods.TestMethodTest*( sub )</span>
    [footprint
       <span class='color_blue'>@f$1 = 1</span>; <span class='color_blue'>null != org.junit.tests.running.methods.TestMethodTest$SubShadows</span> *
       <span class='color_blue'>this = @f$0<span class='color_orange'>formal</span>:org.junit.tests.running.methods.TestMethodTest*( sub )</span>  ]</span>
    
    Instruction <span class='color_green'>n$6=_fun_void Assert.assertTrue(boolean)(n$5:_Bool) [line 170]</span>
    Found 2 specs for function org.junit.Assert.assertTrue(boolean):void
    START EXECUTING SPECS FOR org.junit.Assert.assertTrue(boolean):void from state
    <span class='color_blue'>@f$1 = 1; n$5 = 1 ;
    null != org.junit.tests.running.methods.TestMethodTest$SubShadows; UND &lt; List Collections.emptyList() &gt; :179(n$41); RET &lt; boolean List.isEmpty() &gt; (1) ;
    problems = 0<span class='color_orange'>nullify</span>:java.util.List*; $irvar0 = 1<span class='color_orange'>update:170</span>:void; return = n$40<span class='color_orange'>initial</span>:void; this = 0<span class='color_orange'>nullify</span>:org.junit.tests.running.methods.TestMethodTest*( sub ); old_this = @f$0<span class='color_orange'>formal</span>:org.junit.tests.running.methods.TestMethodTest*( sub )
    [footprint
       @f$1 = 1; null != org.junit.tests.running.methods.TestMethodTest$SubShadows *
       this = @f$0<span class='color_orange'>formal</span>:org.junit.tests.running.methods.TestMethodTest*( sub )  ]</span>
    EXECUTING SPEC 1/2
    ACTUAL PRECONDITION =
      <span class='color_blue'>@f$1 = 1; n$5 = 1 ;
      null != org.junit.tests.running.methods.TestMethodTest$SubShadows; UND &lt; List Collections.emptyList() &gt; :179(n$41); RET &lt; boolean List.isEmpty() &gt; (1) ;
      condition|callee = 1<span class='color_orange'>actual_precondition</span>:_Bool; problems = 0<span class='color_orange'>nullify</span>:java.util.List*; $irvar0 = 1<span class='color_orange'>update:170</span>:void; return = n$40<span class='color_orange'>initial</span>:void; this = 0<span class='color_orange'>nullify</span>:org.junit.tests.running.methods.TestMethodTest*( sub ); old_this = @f$0<span class='color_orange'>formal</span>:org.junit.tests.running.methods.TestMethodTest*( sub )
      [footprint
         @f$1 = 1; null != org.junit.tests.running.methods.TestMethodTest$SubShadows *
         this = @f$0<span class='color_orange'>formal</span>:org.junit.tests.running.methods.TestMethodTest*( sub )  ]</span>
    SPEC =
      --------------------------- ---------- ---------------------------
      PRE:
      <span class='color_blue'><span class='color_blue'>condition|callee = 0<span class='color_orange'>formal</span>:_Bool( sub )</span></span>
      POST 1 of 1:
      <span class='color_blue'><span class='color_red'>MEMne &lt; void Assert.assertTrue(String,boolean):53 &gt; <span class='color_orange'>{vpath: }</span>(_t$103)</span> ;
      <span class='color_red'>return|callee = EXN _t$103<span class='color_orange'>update:53</span>:void</span> ;
      <span class='color_red'>_t$103|->{}<span class='color_orange'>alloc</span>:java.lang.AssertionError</span></span>
      ----------------------------------------------------------------
    pre_check_pure_implication
    pi1:
      @f$1 = 1; n$5 = 1; null != org.junit.tests.running.methods.TestMethodTest$SubShadows; UND &lt; List Collections.emptyList() &gt; :179(n$41); RET &lt; boolean List.isEmpty() &gt; (1)
    pi2:
      
    returns
    sub1:
      @f$1 = 1; n$5 = 1
    sub2:
      n$5 = 1
    Current Implication
    SUB:
      @f$1 = 1; n$5 = 1
    <span class='color_blue'>null != org.junit.tests.running.methods.TestMethodTest$SubShadows; UND &lt; List Collections.emptyList() &gt; :179(n$41); RET &lt; boolean List.isEmpty() &gt; (1); 1 = 1; 1 = 1 ;
    condition|callee = 1<span class='color_orange'>actual_precondition</span>:_Bool; problems = 0<span class='color_orange'>nullify</span>:java.util.List*; $irvar0 = 1<span class='color_orange'>update:170</span>:void; return = n$40<span class='color_orange'>initial</span>:void; this = 0<span class='color_orange'>nullify</span>:org.junit.tests.running.methods.TestMethodTest*( sub ); old_this = @f$0<span class='color_orange'>formal</span>:org.junit.tests.running.methods.TestMethodTest*( sub )
    [footprint
       1 = 1; null != org.junit.tests.running.methods.TestMethodTest$SubShadows *
       this = @f$0<span class='color_orange'>formal</span>:org.junit.tests.running.methods.TestMethodTest*( sub )  ]</span>
    [SUB: 
      n$5 = 1]
    |-
    <span class='color_blue'>condition|callee = 0<span class='color_orange'>formal</span>:_Bool( sub )</span>
    
      do_imply 1 0
      WARNING: footprint failed to find MISSING because: constants not equal
    EXECUTING SPEC 2/2
    ACTUAL PRECONDITION =
      <span class='color_blue'>@f$1 = 1; n$5 = 1 ;
      null != org.junit.tests.running.methods.TestMethodTest$SubShadows; UND &lt; List Collections.emptyList() &gt; :179(n$41); RET &lt; boolean List.isEmpty() &gt; (1) ;
      condition|callee = 1<span class='color_orange'>actual_precondition</span>:_Bool; problems = 0<span class='color_orange'>nullify</span>:java.util.List*; $irvar0 = 1<span class='color_orange'>update:170</span>:void; return = n$40<span class='color_orange'>initial</span>:void; this = 0<span class='color_orange'>nullify</span>:org.junit.tests.running.methods.TestMethodTest*( sub ); old_this = @f$0<span class='color_orange'>formal</span>:org.junit.tests.running.methods.TestMethodTest*( sub )
      [footprint
         @f$1 = 1; null != org.junit.tests.running.methods.TestMethodTest$SubShadows *
         this = @f$0<span class='color_orange'>formal</span>:org.junit.tests.running.methods.TestMethodTest*( sub )  ]</span>
    SPEC =
      --------------------------- ---------- ---------------------------
      PRE:
      <span class='color_blue'><span class='color_blue'>condition|callee != 0 ;
      condition|callee = _t$104<span class='color_orange'>formal</span>:_Bool( sub )</span></span>
      POST 1 of 1:
      <span class='color_blue'>condition|callee != 0 ;
      <span class='color_red'>return|callee = _t$105<span class='color_orange'>initial</span>:void</span></span>
      ----------------------------------------------------------------
    pre_check_pure_implication
    pi1:
      @f$1 = 1; n$5 = 1; null != org.junit.tests.running.methods.TestMethodTest$SubShadows; UND &lt; List Collections.emptyList() &gt; :179(n$41); RET &lt; boolean List.isEmpty() &gt; (1)
    pi2:
      _t$104 != 0
    returns
    sub1:
      @f$1 = 1; n$5 = 1
    sub2:
      n$5 = 1
    Current Implication
    SUB:
      @f$1 = 1; n$5 = 1
    <span class='color_blue'>null != org.junit.tests.running.methods.TestMethodTest$SubShadows; UND &lt; List Collections.emptyList() &gt; :179(n$41); RET &lt; boolean List.isEmpty() &gt; (1); 1 = 1; 1 = 1 ;
    condition|callee = 1<span class='color_orange'>actual_precondition</span>:_Bool; problems = 0<span class='color_orange'>nullify</span>:java.util.List*; $irvar0 = 1<span class='color_orange'>update:170</span>:void; return = n$40<span class='color_orange'>initial</span>:void; this = 0<span class='color_orange'>nullify</span>:org.junit.tests.running.methods.TestMethodTest*( sub ); old_this = @f$0<span class='color_orange'>formal</span>:org.junit.tests.running.methods.TestMethodTest*( sub )
    [footprint
       1 = 1; null != org.junit.tests.running.methods.TestMethodTest$SubShadows *
       this = @f$0<span class='color_orange'>formal</span>:org.junit.tests.running.methods.TestMethodTest*( sub )  ]</span>
    [SUB: 
      n$5 = 1]
    |-
    <span class='color_blue'>condition|callee = _t$104<span class='color_orange'>formal</span>:_Bool( sub )</span>
    
      do_imply 1 _t$104
        Final Implication
        SUB:
          @f$1 = 1; n$5 = 1
        <span class='color_blue'>null != org.junit.tests.running.methods.TestMethodTest$SubShadows; UND &lt; List Collections.emptyList() &gt; :179(n$41); RET &lt; boolean List.isEmpty() &gt; (1); 1 = 1; 1 = 1 ;
        problems = 0<span class='color_orange'>nullify</span>:java.util.List*; $irvar0 = 1<span class='color_orange'>update:170</span>:void; return = n$40<span class='color_orange'>initial</span>:void; this = 0<span class='color_orange'>nullify</span>:org.junit.tests.running.methods.TestMethodTest*( sub ); old_this = @f$0<span class='color_orange'>formal</span>:org.junit.tests.running.methods.TestMethodTest*( sub )
        [footprint
           1 = 1; null != org.junit.tests.running.methods.TestMethodTest$SubShadows *
           this = @f$0<span class='color_orange'>formal</span>:org.junit.tests.running.methods.TestMethodTest*( sub )  ]</span>
        [SUB: 
          n$5 = 1; _t$104 = 1]
        |-
        <span class='color_blue'></span>
    Result of Abduction
      SUB:
        @f$1 = 1; n$5 = 1
      <span class='color_blue'>null != org.junit.tests.running.methods.TestMethodTest$SubShadows; UND &lt; List Collections.emptyList() &gt; :179(n$41); RET &lt; boolean List.isEmpty() &gt; (1); 1 = 1; 1 = 1 ;
      condition|callee = 1<span class='color_orange'>actual_precondition</span>:_Bool; problems = 0<span class='color_orange'>nullify</span>:java.util.List*; $irvar0 = 1<span class='color_orange'>update:170</span>:void; return = n$40<span class='color_orange'>initial</span>:void; this = 0<span class='color_orange'>nullify</span>:org.junit.tests.running.methods.TestMethodTest*( sub ); old_this = @f$0<span class='color_orange'>formal</span>:org.junit.tests.running.methods.TestMethodTest*( sub )
      [footprint
         1 = 1; null != org.junit.tests.running.methods.TestMethodTest$SubShadows *
         this = @f$0<span class='color_orange'>formal</span>:org.junit.tests.running.methods.TestMethodTest*( sub )  ]</span>
      [SUB: 
        n$5 = 1; _t$104 = 1]
      |-
      <span class='color_blue'>1 != 0 ;
      condition|callee = 1<span class='color_orange'>formal</span>:_Bool( sub )</span>
    returning TRUE
      New footprint:
      
      Frame fld:
      
      Missing fld:
      
      Instantiated frame:
      &amp;problems|->0<span class='color_orange'>nullify</span>:java.util.List*; &amp;$irvar0|->1<span class='color_orange'>update:170</span>:void; &amp;return|->n$40<span class='color_orange'>initial</span>:void; &amp;this|->0<span class='color_orange'>nullify</span>:org.junit.tests.running.methods.TestMethodTest*( sub ); &amp;old_this|->@f$0<span class='color_orange'>formal</span>:org.junit.tests.running.methods.TestMethodTest*( sub )
      Instantiated post:
      PROP 1 of 1:
      <span class='color_blue'><span class='color_red'>1 != 0</span> ;
      <span class='color_red'>return|callee = _t$105<span class='color_orange'>initial</span>:void</span></span>
      
    ***** RESULTS FUNCTION CALL *******
    PROP 1 of 1:
    <span class='color_blue'><span class='color_blue'>@f$1 = <span class='color_red'>1</span></span>; <span class='color_blue'>n$5 = <span class='color_red'>1</span></span> ;
    <span class='color_blue'>0 != <span class='color_red'>1</span></span>; <span class='color_blue'>null != org.junit.tests.running.methods.TestMethodTest$SubShadows</span>; <span class='color_blue'>UND &lt; List Collections.emptyList() &gt; :179(n$41)</span>; <span class='color_blue'>RET &lt; boolean List.isEmpty() &gt; (<span class='color_red'>1</span>)</span> ;
    <span class='color_blue'>problems = 0<span class='color_orange'>nullify</span>:java.util.List*</span>; <span class='color_blue'>$irvar0 = <span class='color_red'>1</span><span class='color_orange'>update:170</span>:void</span>; <span class='color_blue'>return = n$40<span class='color_orange'>initial</span>:void</span>; <span class='color_blue'>this = 0<span class='color_orange'>nullify</span>:org.junit.tests.running.methods.TestMethodTest*( sub )</span>; <span class='color_blue'>old_this = @f$0<span class='color_orange'>formal</span>:org.junit.tests.running.methods.TestMethodTest*( sub )</span>
    [footprint
       <span class='color_blue'>@f$1 = 1</span>; <span class='color_blue'>null != org.junit.tests.running.methods.TestMethodTest$SubShadows</span> *
       <span class='color_blue'>this = @f$0<span class='color_orange'>formal</span>:org.junit.tests.running.methods.TestMethodTest*( sub )</span>  ]</span>
    ***** END RESULTS FUNCTION CALL *******
    Prover.check_inconsistency_base: inconsistency reason [None]
    Prover.check_inconsistency_base: inconsistency reason [None]
    Prover.check_inconsistency_base: inconsistency reason [None]
    Prover.check_inconsistency_base: inconsistency reason [None]
    Instruction Returns
    PROP 1 of 1:
    <span class='color_blue'><span class='color_blue'>@f$1 = <span class='color_red'>1</span></span>; <span class='color_blue'>n$5 = <span class='color_red'>1</span></span> ;
    <span class='color_blue'>0 != <span class='color_red'>1</span></span>; <span class='color_blue'>null != org.junit.tests.running.methods.TestMethodTest$SubShadows</span>; <span class='color_blue'>UND &lt; List Collections.emptyList() &gt; :179(_t$1)</span>; <span class='color_blue'>RET &lt; boolean List.isEmpty() &gt; (<span class='color_red'>1</span>)</span> ;
    <span class='color_blue'>problems = 0<span class='color_orange'>nullify</span>:java.util.List*</span>; <span class='color_blue'>$irvar0 = <span class='color_red'>1</span><span class='color_orange'>update:170</span>:void</span>; <span class='color_blue'>return = _t$0<span class='color_orange'>initial</span>:void</span>; <span class='color_blue'>this = 0<span class='color_orange'>nullify</span>:org.junit.tests.running.methods.TestMethodTest*( sub )</span>; <span class='color_blue'>old_this = @f$0<span class='color_orange'>formal</span>:org.junit.tests.running.methods.TestMethodTest*( sub )</span>
    [footprint
       <span class='color_blue'>@f$1 = <span class='color_red'>1</span></span>; <span class='color_blue'>0 != <span class='color_red'>1</span></span>; <span class='color_blue'>null != org.junit.tests.running.methods.TestMethodTest$SubShadows</span> *
       <span class='color_blue'>this = @f$0<span class='color_orange'>formal</span>:org.junit.tests.running.methods.TestMethodTest*( sub )</span>  ]</span>
    
    Instruction <span class='color_green'>NULLIFY(&amp;$irvar0); [line 170]</span>
    Instruction Returns
    PROP 1 of 1:
    <span class='color_blue'><span class='color_blue'>@f$1 = 1</span>; <span class='color_blue'>n$5 = 1</span> ;
    <span class='color_blue'>0 != 1</span>; <span class='color_blue'>null != org.junit.tests.running.methods.TestMethodTest$SubShadows</span>; <span class='color_blue'>UND &lt; List Collections.emptyList() &gt; :179(_t$1)</span>; <span class='color_blue'>RET &lt; boolean List.isEmpty() &gt; (1)</span> ;
    <span class='color_blue'>problems = 0<span class='color_orange'>nullify</span>:java.util.List*</span>; <span class='color_blue'>$irvar0 = <span class='color_red'>0<span class='color_orange'>nullify</span></span>:void</span>; <span class='color_blue'>return = _t$0<span class='color_orange'>initial</span>:void</span>; <span class='color_blue'>this = 0<span class='color_orange'>nullify</span>:org.junit.tests.running.methods.TestMethodTest*( sub )</span>; <span class='color_blue'>old_this = @f$0<span class='color_orange'>formal</span>:org.junit.tests.running.methods.TestMethodTest*( sub )</span>
    [footprint
       <span class='color_blue'>@f$1 = 1</span>; <span class='color_blue'>0 != 1</span>; <span class='color_blue'>null != org.junit.tests.running.methods.TestMethodTest$SubShadows</span> *
       <span class='color_blue'>this = @f$0<span class='color_orange'>formal</span>:org.junit.tests.running.methods.TestMethodTest*( sub )</span>  ]</span>
    
    Instruction <span class='color_green'>EXIT_SCOPE(n$5,n$6,$irvar0); [line 170]</span>
    Instruction Returns
    PROP 1 of 1:
    <span class='color_blue'><span class='color_blue'>@f$1 = 1</span> ;
    <span class='color_blue'>0 != 1</span>; <span class='color_blue'>null != org.junit.tests.running.methods.TestMethodTest$SubShadows</span>; <span class='color_blue'>UND &lt; List Collections.emptyList() &gt; :179(_t$1)</span>; <span class='color_blue'>RET &lt; boolean List.isEmpty() &gt; (1)</span> ;
    <span class='color_blue'>problems = 0<span class='color_orange'>nullify</span>:java.util.List*</span>; <span class='color_blue'>$irvar0 = 0<span class='color_orange'>nullify</span>:void</span>; <span class='color_blue'>return = _t$0<span class='color_orange'>initial</span>:void</span>; <span class='color_blue'>this = 0<span class='color_orange'>nullify</span>:org.junit.tests.running.methods.TestMethodTest*( sub )</span>; <span class='color_blue'>old_this = @f$0<span class='color_orange'>formal</span>:org.junit.tests.running.methods.TestMethodTest*( sub )</span>
    [footprint
       <span class='color_blue'>@f$1 = 1</span>; <span class='color_blue'>0 != 1</span>; <span class='color_blue'>null != org.junit.tests.running.methods.TestMethodTest$SubShadows</span> *
       <span class='color_blue'>this = @f$0<span class='color_orange'>formal</span>:org.junit.tests.running.methods.TestMethodTest*( sub )</span>  ]</span>
    
    .... After Symbolic Execution ....
    PROP 1 of 1:
    <span class='color_blue'><span class='color_blue'>@f$1 = <span class='color_red'>1</span></span> ;
    <span class='color_blue'>0 != <span class='color_red'>1</span></span>; <span class='color_blue'>null != org.junit.tests.running.methods.TestMethodTest$SubShadows</span>; <span class='color_blue'>UND &lt; List Collections.emptyList() &gt; :179(_t$1)</span>; <span class='color_blue'>RET &lt; boolean List.isEmpty() &gt; (<span class='color_red'>1</span>)</span> ;
    <span class='color_blue'>problems = 0<span class='color_orange'>nullify</span>:java.util.List*</span>; <span class='color_blue'>$irvar0 = <span class='color_red'>0<span class='color_orange'>nullify</span></span>:void</span>; <span class='color_blue'>return = _t$0<span class='color_orange'>initial</span>:void</span>; <span class='color_blue'>this = 0<span class='color_orange'>nullify</span>:org.junit.tests.running.methods.TestMethodTest*( sub )</span>; <span class='color_blue'>old_this = @f$0<span class='color_orange'>formal</span>:org.junit.tests.running.methods.TestMethodTest*( sub )</span>
    [footprint
       <span class='color_blue'>@f$1 = <span class='color_red'>1</span></span>; <span class='color_blue'>0 != <span class='color_red'>1</span></span>; <span class='color_blue'>null != org.junit.tests.running.methods.TestMethodTest$SubShadows</span> *
       <span class='color_blue'>this = @f$0<span class='color_orange'>formal</span>:org.junit.tests.running.methods.TestMethodTest*( sub )</span>  ]</span>
    
    
    
  </LISTING>
<hr width="100%">
<a name="session35" href="./../nodes/org.junit.tests.running.methods.TestMethodTest.dontValidateShadowedMethods%28%29%3Avoid.245d1fc67867889e0f8a6d93858929ac_node6.html#session35">node6#session35</a>(<a href="./../../TestMethodTest.java.cd3cd8b636ee5ff567d7c528578264cd.html#LINE170">170</a>) biabduction
<LISTING class='color_black'>**** [RE:Pending] void TestMethodTest.dontValidateShadowedMethods() Node: 6, Procedure: void TestMethodTest.dontValidateShadowedMethods(), Todo: 4 ****
  PROP 1 of 4:
  <span class='color_blue'><span class='color_red'>(-1  &lt;  _t$1)</span>; <span class='color_red'>_t$1 != 1</span>; <span class='color_red'>null != org.junit.tests.running.methods.TestMethodTest$SubShadows</span>; <span class='color_red'>UND &lt; List Collections.emptyList() &gt; :179(_t$2)</span>; <span class='color_red'>RET &lt; boolean List.isEmpty() &gt; (0)</span> ;
  <span class='color_red'>problems = 0<span class='color_orange'>nullify</span>:java.util.List*</span>; <span class='color_red'>$irvar0 = 0<span class='color_orange'>update:170</span>:void</span>; <span class='color_red'>return = _t$0<span class='color_orange'>initial</span>:void</span>; <span class='color_red'>this = 0<span class='color_orange'>nullify</span>:org.junit.tests.running.methods.TestMethodTest*( sub )</span>; <span class='color_red'>old_this = val$1<span class='color_orange'>formal</span>:org.junit.tests.running.methods.TestMethodTest*( sub )</span></span>
  PROP 2 of 4:
  <span class='color_blue'><span class='color_red'>(_t$1  &lt;=  -1)</span>; <span class='color_red'>null != org.junit.tests.running.methods.TestMethodTest$SubShadows</span>; <span class='color_red'>UND &lt; List Collections.emptyList() &gt; :179(_t$2)</span>; <span class='color_red'>RET &lt; boolean List.isEmpty() &gt; (0)</span> ;
  <span class='color_red'>problems = 0<span class='color_orange'>nullify</span>:java.util.List*</span>; <span class='color_red'>$irvar0 = 0<span class='color_orange'>update:170</span>:void</span>; <span class='color_red'>return = _t$0<span class='color_orange'>initial</span>:void</span>; <span class='color_red'>this = 0<span class='color_orange'>nullify</span>:org.junit.tests.running.methods.TestMethodTest*( sub )</span>; <span class='color_red'>old_this = val$1<span class='color_orange'>formal</span>:org.junit.tests.running.methods.TestMethodTest*( sub )</span></span>
  PROP 3 of 4:
  <span class='color_blue'><span class='color_red'>(_t$1  &lt;=  -1)</span>; <span class='color_red'>null != org.junit.tests.running.methods.TestMethodTest$SubShadows</span>; <span class='color_red'>UND &lt; List Collections.emptyList() &gt; :179(_t$2)</span>; <span class='color_red'>RET &lt; boolean List.isEmpty() &gt; (1)</span> ;
  <span class='color_red'>problems = 0<span class='color_orange'>nullify</span>:java.util.List*</span>; <span class='color_red'>$irvar0 = 1<span class='color_orange'>update:170</span>:void</span>; <span class='color_red'>return = _t$0<span class='color_orange'>initial</span>:void</span>; <span class='color_red'>this = 0<span class='color_orange'>nullify</span>:org.junit.tests.running.methods.TestMethodTest*( sub )</span>; <span class='color_red'>old_this = val$1<span class='color_orange'>formal</span>:org.junit.tests.running.methods.TestMethodTest*( sub )</span></span>
  PROP 4 of 4:
  <span class='color_blue'><span class='color_red'>null != org.junit.tests.running.methods.TestMethodTest$SubShadows</span>; <span class='color_red'>UND &lt; List Collections.emptyList() &gt; :179(_t$1)</span>; <span class='color_red'>RET &lt; boolean List.isEmpty() &gt; (1)</span> ;
  <span class='color_red'>problems = 0<span class='color_orange'>nullify</span>:java.util.List*</span>; <span class='color_red'>$irvar0 = 1<span class='color_orange'>update:170</span>:void</span>; <span class='color_red'>return = _t$0<span class='color_orange'>initial</span>:void</span>; <span class='color_red'>this = 0<span class='color_orange'>nullify</span>:org.junit.tests.running.methods.TestMethodTest*( sub )</span>; <span class='color_red'>old_this = val$1<span class='color_orange'>formal</span>:org.junit.tests.running.methods.TestMethodTest*( sub )</span></span>
  .... Instructions: ....
  <span class='color_green'>n$5=*&amp;$irvar0:_Bool [line 170];
  n$6=_fun_void Assert.assertTrue(boolean)(n$5:_Bool) [line 170];
  NULLIFY(&amp;$irvar0); [line 170];
  EXIT_SCOPE(n$5,n$6,$irvar0); [line 170];
  </span>
  
  Processing prop 1/4
    Instruction <span class='color_green'>n$5=*&amp;$irvar0:_Bool [line 170]</span>
    .... Rearrangement Start ....
    Exp: &amp;$irvar0
    Prop:
    <span class='color_blue'>(-1  &lt;  n$30); n$30 != 1; null != org.junit.tests.running.methods.TestMethodTest$SubShadows; UND &lt; List Collections.emptyList() &gt; :179(n$31); RET &lt; boolean List.isEmpty() &gt; (0) ;
    problems = 0<span class='color_orange'>nullify</span>:java.util.List*; $irvar0 = 0<span class='color_orange'>update:170</span>:void; return = n$29<span class='color_orange'>initial</span>:void; this = 0<span class='color_orange'>nullify</span>:org.junit.tests.running.methods.TestMethodTest*( sub ); old_this = val$1<span class='color_orange'>formal</span>:org.junit.tests.running.methods.TestMethodTest*( sub )</span>
    
    Prover.check_inconsistency_base: inconsistency reason [None]
    Prover.check_inconsistency_base: inconsistency reason [None]
    Instruction Returns
    PROP 1 of 1:
    <span class='color_blue'><span class='color_red'>n$5 = 0</span> ;
    <span class='color_blue'>(-1  &lt;  _t$1)</span>; <span class='color_blue'>_t$1 != 1</span>; <span class='color_blue'>null != org.junit.tests.running.methods.TestMethodTest$SubShadows</span>; <span class='color_blue'>UND &lt; List Collections.emptyList() &gt; :179(_t$2)</span>; <span class='color_blue'>RET &lt; boolean List.isEmpty() &gt; (0)</span> ;
    <span class='color_blue'>problems = 0<span class='color_orange'>nullify</span>:java.util.List*</span>; <span class='color_blue'>$irvar0 = 0<span class='color_orange'>update:170</span>:void</span>; <span class='color_blue'>return = _t$0<span class='color_orange'>initial</span>:void</span>; <span class='color_blue'>this = 0<span class='color_orange'>nullify</span>:org.junit.tests.running.methods.TestMethodTest*( sub )</span>; <span class='color_blue'>old_this = val$1<span class='color_orange'>formal</span>:org.junit.tests.running.methods.TestMethodTest*( sub )</span></span>
    
    Instruction <span class='color_green'>n$6=_fun_void Assert.assertTrue(boolean)(n$5:_Bool) [line 170]</span>
    Found 2 specs for function org.junit.Assert.assertTrue(boolean):void
    START EXECUTING SPECS FOR org.junit.Assert.assertTrue(boolean):void from state
    <span class='color_blue'>n$5 = 0 ;
    (-1  &lt;  n$33); n$33 != 1; null != org.junit.tests.running.methods.TestMethodTest$SubShadows; UND &lt; List Collections.emptyList() &gt; :179(n$34); RET &lt; boolean List.isEmpty() &gt; (0) ;
    problems = 0<span class='color_orange'>nullify</span>:java.util.List*; $irvar0 = 0<span class='color_orange'>update:170</span>:void; return = n$32<span class='color_orange'>initial</span>:void; this = 0<span class='color_orange'>nullify</span>:org.junit.tests.running.methods.TestMethodTest*( sub ); old_this = val$1<span class='color_orange'>formal</span>:org.junit.tests.running.methods.TestMethodTest*( sub )</span>
    EXECUTING SPEC 1/2
    ACTUAL PRECONDITION =
      <span class='color_blue'>n$5 = 0 ;
      (-1  &lt;  n$33); n$33 != 1; null != org.junit.tests.running.methods.TestMethodTest$SubShadows; UND &lt; List Collections.emptyList() &gt; :179(n$34); RET &lt; boolean List.isEmpty() &gt; (0) ;
      condition|callee = 0<span class='color_orange'>actual_precondition</span>:_Bool; problems = 0<span class='color_orange'>nullify</span>:java.util.List*; $irvar0 = 0<span class='color_orange'>update:170</span>:void; return = n$32<span class='color_orange'>initial</span>:void; this = 0<span class='color_orange'>nullify</span>:org.junit.tests.running.methods.TestMethodTest*( sub ); old_this = val$1<span class='color_orange'>formal</span>:org.junit.tests.running.methods.TestMethodTest*( sub )</span>
    SPEC =
      --------------------------- ---------- ---------------------------
      PRE:
      <span class='color_blue'><span class='color_blue'>condition|callee = 0<span class='color_orange'>formal</span>:_Bool( sub )</span></span>
      POST 1 of 1:
      <span class='color_blue'><span class='color_red'>MEMne &lt; void Assert.assertTrue(String,boolean):53 &gt; <span class='color_orange'>{vpath: }</span>(_t$81)</span> ;
      <span class='color_red'>return|callee = EXN _t$81<span class='color_orange'>update:53</span>:void</span> ;
      <span class='color_red'>_t$81|->{}<span class='color_orange'>alloc</span>:java.lang.AssertionError</span></span>
      ----------------------------------------------------------------
    pre_check_pure_implication
    pi1:
      n$5 = 0; (-1  &lt;  n$33); n$33 != 1; null != org.junit.tests.running.methods.TestMethodTest$SubShadows; UND &lt; List Collections.emptyList() &gt; :179(n$34); RET &lt; boolean List.isEmpty() &gt; (0)
    pi2:
      
    returns
    sub1:
      n$5 = 0
    sub2:
      n$5 = 0
    Current Implication
    SUB:
      n$5 = 0
    <span class='color_blue'>(-1  &lt;  n$33); n$33 != 1; null != org.junit.tests.running.methods.TestMethodTest$SubShadows; UND &lt; List Collections.emptyList() &gt; :179(n$34); RET &lt; boolean List.isEmpty() &gt; (0); 0 = 0 ;
    condition|callee = 0<span class='color_orange'>actual_precondition</span>:_Bool; problems = 0<span class='color_orange'>nullify</span>:java.util.List*; $irvar0 = 0<span class='color_orange'>update:170</span>:void; return = n$32<span class='color_orange'>initial</span>:void; this = 0<span class='color_orange'>nullify</span>:org.junit.tests.running.methods.TestMethodTest*( sub ); old_this = val$1<span class='color_orange'>formal</span>:org.junit.tests.running.methods.TestMethodTest*( sub )</span>
    [SUB: 
      n$5 = 0]
    |-
    <span class='color_blue'>condition|callee = 0<span class='color_orange'>formal</span>:_Bool( sub )</span>
    
      do_imply 0 0
        Final Implication
        SUB:
          n$5 = 0
        <span class='color_blue'>(-1  &lt;  n$33); n$33 != 1; null != org.junit.tests.running.methods.TestMethodTest$SubShadows; UND &lt; List Collections.emptyList() &gt; :179(n$34); RET &lt; boolean List.isEmpty() &gt; (0); 0 = 0 ;
        problems = 0<span class='color_orange'>nullify</span>:java.util.List*; $irvar0 = 0<span class='color_orange'>update:170</span>:void; return = n$32<span class='color_orange'>initial</span>:void; this = 0<span class='color_orange'>nullify</span>:org.junit.tests.running.methods.TestMethodTest*( sub ); old_this = val$1<span class='color_orange'>formal</span>:org.junit.tests.running.methods.TestMethodTest*( sub )</span>
        [SUB: 
          n$5 = 0]
        |-
        <span class='color_blue'></span>
    Result of Abduction
      SUB:
        n$5 = 0
      <span class='color_blue'>(-1  &lt;  n$33); n$33 != 1; null != org.junit.tests.running.methods.TestMethodTest$SubShadows; UND &lt; List Collections.emptyList() &gt; :179(n$34); RET &lt; boolean List.isEmpty() &gt; (0); 0 = 0 ;
      condition|callee = 0<span class='color_orange'>actual_precondition</span>:_Bool; problems = 0<span class='color_orange'>nullify</span>:java.util.List*; $irvar0 = 0<span class='color_orange'>update:170</span>:void; return = n$32<span class='color_orange'>initial</span>:void; this = 0<span class='color_orange'>nullify</span>:org.junit.tests.running.methods.TestMethodTest*( sub ); old_this = val$1<span class='color_orange'>formal</span>:org.junit.tests.running.methods.TestMethodTest*( sub )</span>
      [SUB: 
        n$5 = 0]
      |-
      <span class='color_blue'>condition|callee = 0<span class='color_orange'>formal</span>:_Bool( sub )</span>
    returning TRUE
    in vpath_find exp:_t$81
    vpath_find: cannot find _t$81
      New footprint:
      
      Frame fld:
      
      Missing fld:
      
      Instantiated frame:
      &amp;problems|->0<span class='color_orange'>nullify</span>:java.util.List*; &amp;$irvar0|->0<span class='color_orange'>update:170</span>:void; &amp;return|->n$32<span class='color_orange'>initial</span>:void; &amp;this|->0<span class='color_orange'>nullify</span>:org.junit.tests.running.methods.TestMethodTest*( sub ); &amp;old_this|->val$1<span class='color_orange'>formal</span>:org.junit.tests.running.methods.TestMethodTest*( sub )
      Instantiated post:
      PROP 1 of 1:
      <span class='color_blue'><span class='color_red'>MEMne &lt; void Assert.assertTrue(boolean):170 &gt; <span class='color_orange'>{vpath: }</span>(_t$81)</span> ;
      <span class='color_red'>return|callee = EXN _t$81<span class='color_orange'>update:170</span>:void</span> ;
      <span class='color_red'>_t$81|->{}<span class='color_orange'>alloc</span>:java.lang.AssertionError</span></span>
      
    ***** RESULTS FUNCTION CALL *******
    PROP 1 of 1:
    <span class='color_blue'><span class='color_blue'>n$5 = 0</span> ;
    <span class='color_blue'>(-1  &lt;  n$33)</span>; <span class='color_blue'>n$33 != 1</span>; <span class='color_blue'>null != org.junit.tests.running.methods.TestMethodTest$SubShadows</span>; <span class='color_red'>MEMne &lt; void Assert.assertTrue(boolean):170 &gt; <span class='color_orange'>{vpath: }</span>(_t$0)</span>; <span class='color_blue'>UND &lt; List Collections.emptyList() &gt; :179(n$34)</span>; <span class='color_blue'>RET &lt; boolean List.isEmpty() &gt; (0)</span> ;
    <span class='color_blue'>problems = 0<span class='color_orange'>nullify</span>:java.util.List*</span>; <span class='color_blue'>$irvar0 = 0<span class='color_orange'>update:170</span>:void</span>; <span class='color_blue'>return = <span class='color_red'>EXN _t$0<span class='color_orange'>update:170</span></span>:void</span>; <span class='color_blue'>this = 0<span class='color_orange'>nullify</span>:org.junit.tests.running.methods.TestMethodTest*( sub )</span>; <span class='color_blue'>old_this = val$1<span class='color_orange'>formal</span>:org.junit.tests.running.methods.TestMethodTest*( sub )</span> ;
    <span class='color_red'>_t$0|->{}<span class='color_orange'>alloc</span>:java.lang.AssertionError</span></span>
    ***** END RESULTS FUNCTION CALL *******
    Prover.check_inconsistency_base: inconsistency reason [None]
    Prover.check_inconsistency_base: inconsistency reason [None]
    Prover.check_inconsistency_base: inconsistency reason [None]
    Prover.check_inconsistency_base: inconsistency reason [None]
    EXECUTING SPEC 2/2
    ACTUAL PRECONDITION =
      <span class='color_blue'>n$5 = 0 ;
      (-1  &lt;  n$33); n$33 != 1; null != org.junit.tests.running.methods.TestMethodTest$SubShadows; UND &lt; List Collections.emptyList() &gt; :179(n$34); RET &lt; boolean List.isEmpty() &gt; (0) ;
      condition|callee = 0<span class='color_orange'>actual_precondition</span>:_Bool; problems = 0<span class='color_orange'>nullify</span>:java.util.List*; $irvar0 = 0<span class='color_orange'>update:170</span>:void; return = n$32<span class='color_orange'>initial</span>:void; this = 0<span class='color_orange'>nullify</span>:org.junit.tests.running.methods.TestMethodTest*( sub ); old_this = val$1<span class='color_orange'>formal</span>:org.junit.tests.running.methods.TestMethodTest*( sub )</span>
    SPEC =
      --------------------------- ---------- ---------------------------
      PRE:
      <span class='color_blue'><span class='color_blue'>condition|callee != 0 ;
      condition|callee = _t$82<span class='color_orange'>formal</span>:_Bool( sub )</span></span>
      POST 1 of 1:
      <span class='color_blue'>condition|callee != 0 ;
      <span class='color_red'>return|callee = _t$83<span class='color_orange'>initial</span>:void</span></span>
      ----------------------------------------------------------------
    pre_check_pure_implication
    pi1:
      n$5 = 0; (-1  &lt;  n$33); n$33 != 1; null != org.junit.tests.running.methods.TestMethodTest$SubShadows; UND &lt; List Collections.emptyList() &gt; :179(n$34); RET &lt; boolean List.isEmpty() &gt; (0)
    pi2:
      _t$82 != 0
    returns
    sub1:
      n$5 = 0
    sub2:
      n$5 = 0
    Current Implication
    SUB:
      n$5 = 0
    <span class='color_blue'>(-1  &lt;  n$33); n$33 != 1; null != org.junit.tests.running.methods.TestMethodTest$SubShadows; UND &lt; List Collections.emptyList() &gt; :179(n$34); RET &lt; boolean List.isEmpty() &gt; (0); 0 = 0 ;
    condition|callee = 0<span class='color_orange'>actual_precondition</span>:_Bool; problems = 0<span class='color_orange'>nullify</span>:java.util.List*; $irvar0 = 0<span class='color_orange'>update:170</span>:void; return = n$32<span class='color_orange'>initial</span>:void; this = 0<span class='color_orange'>nullify</span>:org.junit.tests.running.methods.TestMethodTest*( sub ); old_this = val$1<span class='color_orange'>formal</span>:org.junit.tests.running.methods.TestMethodTest*( sub )</span>
    [SUB: 
      n$5 = 0]
    |-
    <span class='color_blue'>condition|callee = _t$82<span class='color_orange'>formal</span>:_Bool( sub )</span>
    
      do_imply 0 _t$82
        Final Implication
        SUB:
          n$5 = 0
        <span class='color_blue'>(-1  &lt;  n$33); n$33 != 1; null != org.junit.tests.running.methods.TestMethodTest$SubShadows; UND &lt; List Collections.emptyList() &gt; :179(n$34); RET &lt; boolean List.isEmpty() &gt; (0); 0 = 0 ;
        problems = 0<span class='color_orange'>nullify</span>:java.util.List*; $irvar0 = 0<span class='color_orange'>update:170</span>:void; return = n$32<span class='color_orange'>initial</span>:void; this = 0<span class='color_orange'>nullify</span>:org.junit.tests.running.methods.TestMethodTest*( sub ); old_this = val$1<span class='color_orange'>formal</span>:org.junit.tests.running.methods.TestMethodTest*( sub )</span>
        [SUB: 
          n$5 = 0; _t$82 = 0]
        |-
        <span class='color_blue'></span>
    imply_pi: adding missing atom _t$82 != 0
    Result of Abduction
      SUB:
        n$5 = 0
      <span class='color_blue'>(-1  &lt;  n$33); n$33 != 1; null != org.junit.tests.running.methods.TestMethodTest$SubShadows; UND &lt; List Collections.emptyList() &gt; :179(n$34); RET &lt; boolean List.isEmpty() &gt; (0); 0 = 0 ;
      condition|callee = 0<span class='color_orange'>actual_precondition</span>:_Bool; problems = 0<span class='color_orange'>nullify</span>:java.util.List*; $irvar0 = 0<span class='color_orange'>update:170</span>:void; return = n$32<span class='color_orange'>initial</span>:void; this = 0<span class='color_orange'>nullify</span>:org.junit.tests.running.methods.TestMethodTest*( sub ); old_this = val$1<span class='color_orange'>formal</span>:org.junit.tests.running.methods.TestMethodTest*( sub )</span>
      [SUB: 
        n$5 = 0; _t$82 = 0
      _t$82 != 0]
      |-
      <span class='color_blue'>0 != 0 ;
      condition|callee = 0<span class='color_orange'>formal</span>:_Bool( sub )</span>
    returning TRUE
      New footprint:
      0 != 0
      Frame fld:
      
      Missing fld:
      
      Instantiated frame:
      &amp;problems|->0<span class='color_orange'>nullify</span>:java.util.List*; &amp;$irvar0|->0<span class='color_orange'>update:170</span>:void; &amp;return|->n$32<span class='color_orange'>initial</span>:void; &amp;this|->0<span class='color_orange'>nullify</span>:org.junit.tests.running.methods.TestMethodTest*( sub ); &amp;old_this|->val$1<span class='color_orange'>formal</span>:org.junit.tests.running.methods.TestMethodTest*( sub )
      Instantiated post:
      PROP 1 of 1:
      <span class='color_blue'><span class='color_red'>0 != 0</span> ;
      <span class='color_red'>return|callee = _t$83<span class='color_orange'>initial</span>:void</span></span>
      
    ***** RESULTS FUNCTION CALL *******
    PROP 1 of 1:
    <span class='color_blue'><span class='color_blue'>n$5 = 0</span> ;
    <span class='color_blue'>(-1  &lt;  n$33)</span>; <span class='color_blue'>n$33 != 1</span>; <span class='color_blue'>0 != <span class='color_red'>0</span></span>; <span class='color_blue'>null != org.junit.tests.running.methods.TestMethodTest$SubShadows</span>; <span class='color_blue'>UND &lt; List Collections.emptyList() &gt; :179(n$34)</span>; <span class='color_blue'>RET &lt; boolean List.isEmpty() &gt; (0)</span> ;
    <span class='color_blue'>problems = 0<span class='color_orange'>nullify</span>:java.util.List*</span>; <span class='color_blue'>$irvar0 = 0<span class='color_orange'>update:170</span>:void</span>; <span class='color_blue'>return = n$32<span class='color_orange'>initial</span>:void</span>; <span class='color_blue'>this = 0<span class='color_orange'>nullify</span>:org.junit.tests.running.methods.TestMethodTest*( sub )</span>; <span class='color_blue'>old_this = val$1<span class='color_orange'>formal</span>:org.junit.tests.running.methods.TestMethodTest*( sub )</span></span>
    ***** END RESULTS FUNCTION CALL *******
    Prover.check_inconsistency_base: inconsistency reason [Some 2]
    Prover.check_inconsistency_base: inconsistency reason [Some 2]
    Instruction Returns
    PROP 1 of 1:
    <span class='color_blue'><span class='color_blue'>n$5 = 0</span> ;
    <span class='color_blue'>(-1  &lt;  _t$1)</span>; <span class='color_blue'>_t$1 != 1</span>; <span class='color_blue'>null != org.junit.tests.running.methods.TestMethodTest$SubShadows</span>; <span class='color_red'>MEMne &lt; void Assert.assertTrue(boolean):170 &gt; <span class='color_orange'>{vpath: }</span>(_t$0)</span>; <span class='color_blue'>UND &lt; List Collections.emptyList() &gt; :179(_t$2)</span>; <span class='color_blue'>RET &lt; boolean List.isEmpty() &gt; (0)</span> ;
    <span class='color_blue'>problems = 0<span class='color_orange'>nullify</span>:java.util.List*</span>; <span class='color_blue'>$irvar0 = 0<span class='color_orange'>update:170</span>:void</span>; <span class='color_blue'>return = <span class='color_red'>EXN _t$0<span class='color_orange'>update:170</span></span>:void</span>; <span class='color_blue'>this = 0<span class='color_orange'>nullify</span>:org.junit.tests.running.methods.TestMethodTest*( sub )</span>; <span class='color_blue'>old_this = val$1<span class='color_orange'>formal</span>:org.junit.tests.running.methods.TestMethodTest*( sub )</span> ;
    <span class='color_red'>_t$0|->{}<span class='color_orange'>alloc</span>:java.lang.AssertionError</span></span>
    
    Instruction <span class='color_green'>NULLIFY(&amp;$irvar0); [line 170]</span>
    in vpath_find exp:_t$0
    vpath_find: cannot find _t$0
    Instruction Returns
    PROP 1 of 1:
    <span class='color_blue'><span class='color_blue'>n$5 = 0</span> ;
    <span class='color_blue'>(-1  &lt;  _t$1)</span>; <span class='color_blue'>_t$1 != 1</span>; <span class='color_blue'>null != org.junit.tests.running.methods.TestMethodTest$SubShadows</span>; <span class='color_blue'>MEMne &lt; void Assert.assertTrue(boolean):170 &gt; <span class='color_orange'>{vpath: }</span>(_t$0)</span>; <span class='color_blue'>UND &lt; List Collections.emptyList() &gt; :179(_t$2)</span>; <span class='color_blue'>RET &lt; boolean List.isEmpty() &gt; (0)</span> ;
    <span class='color_blue'>problems = 0<span class='color_orange'>nullify</span>:java.util.List*</span>; <span class='color_blue'>$irvar0 = 0<span class='color_orange'>nullify</span>:void</span>; <span class='color_blue'>return = EXN _t$0<span class='color_orange'>update:170</span>:void</span>; <span class='color_blue'>this = 0<span class='color_orange'>nullify</span>:org.junit.tests.running.methods.TestMethodTest*( sub )</span>; <span class='color_blue'>old_this = val$1<span class='color_orange'>formal</span>:org.junit.tests.running.methods.TestMethodTest*( sub )</span> ;
    <span class='color_blue'>_t$0|->{}<span class='color_orange'>alloc</span>:java.lang.AssertionError</span></span>
    
    Instruction <span class='color_green'>EXIT_SCOPE(n$5,n$6,$irvar0); [line 170]</span>
    in vpath_find exp:_t$0
    vpath_find: cannot find _t$0
    Instruction Returns
    PROP 1 of 1:
    <span class='color_blue'><span class='color_blue'>(-1  &lt;  _t$1)</span>; <span class='color_blue'>_t$1 != 1</span>; <span class='color_blue'>null != org.junit.tests.running.methods.TestMethodTest$SubShadows</span>; <span class='color_blue'>MEMne &lt; void Assert.assertTrue(boolean):170 &gt; <span class='color_orange'>{vpath: }</span>(_t$0)</span>; <span class='color_blue'>UND &lt; List Collections.emptyList() &gt; :179(_t$2)</span>; <span class='color_blue'>RET &lt; boolean List.isEmpty() &gt; (0)</span> ;
    <span class='color_blue'>problems = 0<span class='color_orange'>nullify</span>:java.util.List*</span>; <span class='color_blue'>$irvar0 = 0<span class='color_orange'>nullify</span>:void</span>; <span class='color_blue'>return = EXN _t$0<span class='color_orange'>update:170</span>:void</span>; <span class='color_blue'>this = 0<span class='color_orange'>nullify</span>:org.junit.tests.running.methods.TestMethodTest*( sub )</span>; <span class='color_blue'>old_this = val$1<span class='color_orange'>formal</span>:org.junit.tests.running.methods.TestMethodTest*( sub )</span> ;
    <span class='color_blue'>_t$0|->{}<span class='color_orange'>alloc</span>:java.lang.AssertionError</span></span>
    
    .... After Symbolic Execution ....
    PROP 1 of 1:
    <span class='color_blue'><span class='color_blue'>(-1  &lt;  _t$1)</span>; <span class='color_blue'>_t$1 != 1</span>; <span class='color_blue'>null != org.junit.tests.running.methods.TestMethodTest$SubShadows</span>; <span class='color_red'>MEMne &lt; void Assert.assertTrue(boolean):170 &gt; <span class='color_orange'>{vpath: }</span>(_t$0)</span>; <span class='color_blue'>UND &lt; List Collections.emptyList() &gt; :179(_t$2)</span>; <span class='color_blue'>RET &lt; boolean List.isEmpty() &gt; (0)</span> ;
    <span class='color_blue'>problems = 0<span class='color_orange'>nullify</span>:java.util.List*</span>; <span class='color_blue'>$irvar0 = 0<span class='color_orange'>nullify</span>:void</span>; <span class='color_blue'>return = <span class='color_red'>EXN _t$0<span class='color_orange'>update:170</span></span>:void</span>; <span class='color_blue'>this = 0<span class='color_orange'>nullify</span>:org.junit.tests.running.methods.TestMethodTest*( sub )</span>; <span class='color_blue'>old_this = val$1<span class='color_orange'>formal</span>:org.junit.tests.running.methods.TestMethodTest*( sub )</span> ;
    <span class='color_red'>_t$0|->{}<span class='color_orange'>alloc</span>:java.lang.AssertionError</span></span>
    
    
    
  Processing prop 2/4
    Instruction <span class='color_green'>n$5=*&amp;$irvar0:_Bool [line 170]</span>
    .... Rearrangement Start ....
    Exp: &amp;$irvar0
    Prop:
    <span class='color_blue'>(n$36  &lt;=  -1); null != org.junit.tests.running.methods.TestMethodTest$SubShadows; UND &lt; List Collections.emptyList() &gt; :179(n$37); RET &lt; boolean List.isEmpty() &gt; (0) ;
    problems = 0<span class='color_orange'>nullify</span>:java.util.List*; $irvar0 = 0<span class='color_orange'>update:170</span>:void; return = n$35<span class='color_orange'>initial</span>:void; this = 0<span class='color_orange'>nullify</span>:org.junit.tests.running.methods.TestMethodTest*( sub ); old_this = val$1<span class='color_orange'>formal</span>:org.junit.tests.running.methods.TestMethodTest*( sub )</span>
    
    Prover.check_inconsistency_base: inconsistency reason [None]
    Prover.check_inconsistency_base: inconsistency reason [None]
    Instruction Returns
    PROP 1 of 1:
    <span class='color_blue'><span class='color_red'>n$5 = 0</span> ;
    <span class='color_blue'>(_t$1  &lt;=  -1)</span>; <span class='color_blue'>null != org.junit.tests.running.methods.TestMethodTest$SubShadows</span>; <span class='color_blue'>UND &lt; List Collections.emptyList() &gt; :179(_t$2)</span>; <span class='color_blue'>RET &lt; boolean List.isEmpty() &gt; (0)</span> ;
    <span class='color_blue'>problems = 0<span class='color_orange'>nullify</span>:java.util.List*</span>; <span class='color_blue'>$irvar0 = 0<span class='color_orange'>update:170</span>:void</span>; <span class='color_blue'>return = _t$0<span class='color_orange'>initial</span>:void</span>; <span class='color_blue'>this = 0<span class='color_orange'>nullify</span>:org.junit.tests.running.methods.TestMethodTest*( sub )</span>; <span class='color_blue'>old_this = val$1<span class='color_orange'>formal</span>:org.junit.tests.running.methods.TestMethodTest*( sub )</span></span>
    
    Instruction <span class='color_green'>n$6=_fun_void Assert.assertTrue(boolean)(n$5:_Bool) [line 170]</span>
    Found 2 specs for function org.junit.Assert.assertTrue(boolean):void
    START EXECUTING SPECS FOR org.junit.Assert.assertTrue(boolean):void from state
    <span class='color_blue'>n$5 = 0 ;
    (n$39  &lt;=  -1); null != org.junit.tests.running.methods.TestMethodTest$SubShadows; UND &lt; List Collections.emptyList() &gt; :179(n$40); RET &lt; boolean List.isEmpty() &gt; (0) ;
    problems = 0<span class='color_orange'>nullify</span>:java.util.List*; $irvar0 = 0<span class='color_orange'>update:170</span>:void; return = n$38<span class='color_orange'>initial</span>:void; this = 0<span class='color_orange'>nullify</span>:org.junit.tests.running.methods.TestMethodTest*( sub ); old_this = val$1<span class='color_orange'>formal</span>:org.junit.tests.running.methods.TestMethodTest*( sub )</span>
    EXECUTING SPEC 1/2
    ACTUAL PRECONDITION =
      <span class='color_blue'>n$5 = 0 ;
      (n$39  &lt;=  -1); null != org.junit.tests.running.methods.TestMethodTest$SubShadows; UND &lt; List Collections.emptyList() &gt; :179(n$40); RET &lt; boolean List.isEmpty() &gt; (0) ;
      condition|callee = 0<span class='color_orange'>actual_precondition</span>:_Bool; problems = 0<span class='color_orange'>nullify</span>:java.util.List*; $irvar0 = 0<span class='color_orange'>update:170</span>:void; return = n$38<span class='color_orange'>initial</span>:void; this = 0<span class='color_orange'>nullify</span>:org.junit.tests.running.methods.TestMethodTest*( sub ); old_this = val$1<span class='color_orange'>formal</span>:org.junit.tests.running.methods.TestMethodTest*( sub )</span>
    SPEC =
      --------------------------- ---------- ---------------------------
      PRE:
      <span class='color_blue'><span class='color_blue'>condition|callee = 0<span class='color_orange'>formal</span>:_Bool( sub )</span></span>
      POST 1 of 1:
      <span class='color_blue'><span class='color_red'>MEMne &lt; void Assert.assertTrue(String,boolean):53 &gt; <span class='color_orange'>{vpath: }</span>(_t$93)</span> ;
      <span class='color_red'>return|callee = EXN _t$93<span class='color_orange'>update:53</span>:void</span> ;
      <span class='color_red'>_t$93|->{}<span class='color_orange'>alloc</span>:java.lang.AssertionError</span></span>
      ----------------------------------------------------------------
    pre_check_pure_implication
    pi1:
      n$5 = 0; (n$39  &lt;=  -1); null != org.junit.tests.running.methods.TestMethodTest$SubShadows; UND &lt; List Collections.emptyList() &gt; :179(n$40); RET &lt; boolean List.isEmpty() &gt; (0)
    pi2:
      
    returns
    sub1:
      n$5 = 0
    sub2:
      n$5 = 0
    Current Implication
    SUB:
      n$5 = 0
    <span class='color_blue'>(n$39  &lt;=  -1); null != org.junit.tests.running.methods.TestMethodTest$SubShadows; UND &lt; List Collections.emptyList() &gt; :179(n$40); RET &lt; boolean List.isEmpty() &gt; (0); 0 = 0 ;
    condition|callee = 0<span class='color_orange'>actual_precondition</span>:_Bool; problems = 0<span class='color_orange'>nullify</span>:java.util.List*; $irvar0 = 0<span class='color_orange'>update:170</span>:void; return = n$38<span class='color_orange'>initial</span>:void; this = 0<span class='color_orange'>nullify</span>:org.junit.tests.running.methods.TestMethodTest*( sub ); old_this = val$1<span class='color_orange'>formal</span>:org.junit.tests.running.methods.TestMethodTest*( sub )</span>
    [SUB: 
      n$5 = 0]
    |-
    <span class='color_blue'>condition|callee = 0<span class='color_orange'>formal</span>:_Bool( sub )</span>
    
      do_imply 0 0
        Final Implication
        SUB:
          n$5 = 0
        <span class='color_blue'>(n$39  &lt;=  -1); null != org.junit.tests.running.methods.TestMethodTest$SubShadows; UND &lt; List Collections.emptyList() &gt; :179(n$40); RET &lt; boolean List.isEmpty() &gt; (0); 0 = 0 ;
        problems = 0<span class='color_orange'>nullify</span>:java.util.List*; $irvar0 = 0<span class='color_orange'>update:170</span>:void; return = n$38<span class='color_orange'>initial</span>:void; this = 0<span class='color_orange'>nullify</span>:org.junit.tests.running.methods.TestMethodTest*( sub ); old_this = val$1<span class='color_orange'>formal</span>:org.junit.tests.running.methods.TestMethodTest*( sub )</span>
        [SUB: 
          n$5 = 0]
        |-
        <span class='color_blue'></span>
    Result of Abduction
      SUB:
        n$5 = 0
      <span class='color_blue'>(n$39  &lt;=  -1); null != org.junit.tests.running.methods.TestMethodTest$SubShadows; UND &lt; List Collections.emptyList() &gt; :179(n$40); RET &lt; boolean List.isEmpty() &gt; (0); 0 = 0 ;
      condition|callee = 0<span class='color_orange'>actual_precondition</span>:_Bool; problems = 0<span class='color_orange'>nullify</span>:java.util.List*; $irvar0 = 0<span class='color_orange'>update:170</span>:void; return = n$38<span class='color_orange'>initial</span>:void; this = 0<span class='color_orange'>nullify</span>:org.junit.tests.running.methods.TestMethodTest*( sub ); old_this = val$1<span class='color_orange'>formal</span>:org.junit.tests.running.methods.TestMethodTest*( sub )</span>
      [SUB: 
        n$5 = 0]
      |-
      <span class='color_blue'>condition|callee = 0<span class='color_orange'>formal</span>:_Bool( sub )</span>
    returning TRUE
    in vpath_find exp:_t$93
    vpath_find: cannot find _t$93
      New footprint:
      
      Frame fld:
      
      Missing fld:
      
      Instantiated frame:
      &amp;problems|->0<span class='color_orange'>nullify</span>:java.util.List*; &amp;$irvar0|->0<span class='color_orange'>update:170</span>:void; &amp;return|->n$38<span class='color_orange'>initial</span>:void; &amp;this|->0<span class='color_orange'>nullify</span>:org.junit.tests.running.methods.TestMethodTest*( sub ); &amp;old_this|->val$1<span class='color_orange'>formal</span>:org.junit.tests.running.methods.TestMethodTest*( sub )
      Instantiated post:
      PROP 1 of 1:
      <span class='color_blue'><span class='color_red'>MEMne &lt; void Assert.assertTrue(boolean):170 &gt; <span class='color_orange'>{vpath: }</span>(_t$93)</span> ;
      <span class='color_red'>return|callee = EXN _t$93<span class='color_orange'>update:170</span>:void</span> ;
      <span class='color_red'>_t$93|->{}<span class='color_orange'>alloc</span>:java.lang.AssertionError</span></span>
      
    ***** RESULTS FUNCTION CALL *******
    PROP 1 of 1:
    <span class='color_blue'><span class='color_blue'>n$5 = 0</span> ;
    <span class='color_blue'>(n$39  &lt;=  -1)</span>; <span class='color_blue'>null != org.junit.tests.running.methods.TestMethodTest$SubShadows</span>; <span class='color_red'>MEMne &lt; void Assert.assertTrue(boolean):170 &gt; <span class='color_orange'>{vpath: }</span>(_t$0)</span>; <span class='color_blue'>UND &lt; List Collections.emptyList() &gt; :179(n$40)</span>; <span class='color_blue'>RET &lt; boolean List.isEmpty() &gt; (0)</span> ;
    <span class='color_blue'>problems = 0<span class='color_orange'>nullify</span>:java.util.List*</span>; <span class='color_blue'>$irvar0 = 0<span class='color_orange'>update:170</span>:void</span>; <span class='color_blue'>return = <span class='color_red'>EXN _t$0<span class='color_orange'>update:170</span></span>:void</span>; <span class='color_blue'>this = 0<span class='color_orange'>nullify</span>:org.junit.tests.running.methods.TestMethodTest*( sub )</span>; <span class='color_blue'>old_this = val$1<span class='color_orange'>formal</span>:org.junit.tests.running.methods.TestMethodTest*( sub )</span> ;
    <span class='color_red'>_t$0|->{}<span class='color_orange'>alloc</span>:java.lang.AssertionError</span></span>
    ***** END RESULTS FUNCTION CALL *******
    Prover.check_inconsistency_base: inconsistency reason [None]
    Prover.check_inconsistency_base: inconsistency reason [None]
    Prover.check_inconsistency_base: inconsistency reason [None]
    Prover.check_inconsistency_base: inconsistency reason [None]
    EXECUTING SPEC 2/2
    ACTUAL PRECONDITION =
      <span class='color_blue'>n$5 = 0 ;
      (n$39  &lt;=  -1); null != org.junit.tests.running.methods.TestMethodTest$SubShadows; UND &lt; List Collections.emptyList() &gt; :179(n$40); RET &lt; boolean List.isEmpty() &gt; (0) ;
      condition|callee = 0<span class='color_orange'>actual_precondition</span>:_Bool; problems = 0<span class='color_orange'>nullify</span>:java.util.List*; $irvar0 = 0<span class='color_orange'>update:170</span>:void; return = n$38<span class='color_orange'>initial</span>:void; this = 0<span class='color_orange'>nullify</span>:org.junit.tests.running.methods.TestMethodTest*( sub ); old_this = val$1<span class='color_orange'>formal</span>:org.junit.tests.running.methods.TestMethodTest*( sub )</span>
    SPEC =
      --------------------------- ---------- ---------------------------
      PRE:
      <span class='color_blue'><span class='color_blue'>condition|callee != 0 ;
      condition|callee = _t$94<span class='color_orange'>formal</span>:_Bool( sub )</span></span>
      POST 1 of 1:
      <span class='color_blue'>condition|callee != 0 ;
      <span class='color_red'>return|callee = _t$95<span class='color_orange'>initial</span>:void</span></span>
      ----------------------------------------------------------------
    pre_check_pure_implication
    pi1:
      n$5 = 0; (n$39  &lt;=  -1); null != org.junit.tests.running.methods.TestMethodTest$SubShadows; UND &lt; List Collections.emptyList() &gt; :179(n$40); RET &lt; boolean List.isEmpty() &gt; (0)
    pi2:
      _t$94 != 0
    returns
    sub1:
      n$5 = 0
    sub2:
      n$5 = 0
    Current Implication
    SUB:
      n$5 = 0
    <span class='color_blue'>(n$39  &lt;=  -1); null != org.junit.tests.running.methods.TestMethodTest$SubShadows; UND &lt; List Collections.emptyList() &gt; :179(n$40); RET &lt; boolean List.isEmpty() &gt; (0); 0 = 0 ;
    condition|callee = 0<span class='color_orange'>actual_precondition</span>:_Bool; problems = 0<span class='color_orange'>nullify</span>:java.util.List*; $irvar0 = 0<span class='color_orange'>update:170</span>:void; return = n$38<span class='color_orange'>initial</span>:void; this = 0<span class='color_orange'>nullify</span>:org.junit.tests.running.methods.TestMethodTest*( sub ); old_this = val$1<span class='color_orange'>formal</span>:org.junit.tests.running.methods.TestMethodTest*( sub )</span>
    [SUB: 
      n$5 = 0]
    |-
    <span class='color_blue'>condition|callee = _t$94<span class='color_orange'>formal</span>:_Bool( sub )</span>
    
      do_imply 0 _t$94
        Final Implication
        SUB:
          n$5 = 0
        <span class='color_blue'>(n$39  &lt;=  -1); null != org.junit.tests.running.methods.TestMethodTest$SubShadows; UND &lt; List Collections.emptyList() &gt; :179(n$40); RET &lt; boolean List.isEmpty() &gt; (0); 0 = 0 ;
        problems = 0<span class='color_orange'>nullify</span>:java.util.List*; $irvar0 = 0<span class='color_orange'>update:170</span>:void; return = n$38<span class='color_orange'>initial</span>:void; this = 0<span class='color_orange'>nullify</span>:org.junit.tests.running.methods.TestMethodTest*( sub ); old_this = val$1<span class='color_orange'>formal</span>:org.junit.tests.running.methods.TestMethodTest*( sub )</span>
        [SUB: 
          n$5 = 0; _t$94 = 0]
        |-
        <span class='color_blue'></span>
    imply_pi: adding missing atom _t$94 != 0
    Result of Abduction
      SUB:
        n$5 = 0
      <span class='color_blue'>(n$39  &lt;=  -1); null != org.junit.tests.running.methods.TestMethodTest$SubShadows; UND &lt; List Collections.emptyList() &gt; :179(n$40); RET &lt; boolean List.isEmpty() &gt; (0); 0 = 0 ;
      condition|callee = 0<span class='color_orange'>actual_precondition</span>:_Bool; problems = 0<span class='color_orange'>nullify</span>:java.util.List*; $irvar0 = 0<span class='color_orange'>update:170</span>:void; return = n$38<span class='color_orange'>initial</span>:void; this = 0<span class='color_orange'>nullify</span>:org.junit.tests.running.methods.TestMethodTest*( sub ); old_this = val$1<span class='color_orange'>formal</span>:org.junit.tests.running.methods.TestMethodTest*( sub )</span>
      [SUB: 
        n$5 = 0; _t$94 = 0
      _t$94 != 0]
      |-
      <span class='color_blue'>0 != 0 ;
      condition|callee = 0<span class='color_orange'>formal</span>:_Bool( sub )</span>
    returning TRUE
      New footprint:
      0 != 0
      Frame fld:
      
      Missing fld:
      
      Instantiated frame:
      &amp;problems|->0<span class='color_orange'>nullify</span>:java.util.List*; &amp;$irvar0|->0<span class='color_orange'>update:170</span>:void; &amp;return|->n$38<span class='color_orange'>initial</span>:void; &amp;this|->0<span class='color_orange'>nullify</span>:org.junit.tests.running.methods.TestMethodTest*( sub ); &amp;old_this|->val$1<span class='color_orange'>formal</span>:org.junit.tests.running.methods.TestMethodTest*( sub )
      Instantiated post:
      PROP 1 of 1:
      <span class='color_blue'><span class='color_red'>0 != 0</span> ;
      <span class='color_red'>return|callee = _t$95<span class='color_orange'>initial</span>:void</span></span>
      
    ***** RESULTS FUNCTION CALL *******
    PROP 1 of 1:
    <span class='color_blue'><span class='color_blue'>n$5 = 0</span> ;
    <span class='color_blue'>(n$39  &lt;=  -1)</span>; <span class='color_blue'>0 != <span class='color_red'>0</span></span>; <span class='color_blue'>null != org.junit.tests.running.methods.TestMethodTest$SubShadows</span>; <span class='color_blue'>UND &lt; List Collections.emptyList() &gt; :179(n$40)</span>; <span class='color_blue'>RET &lt; boolean List.isEmpty() &gt; (0)</span> ;
    <span class='color_blue'>problems = 0<span class='color_orange'>nullify</span>:java.util.List*</span>; <span class='color_blue'>$irvar0 = 0<span class='color_orange'>update:170</span>:void</span>; <span class='color_blue'>return = n$38<span class='color_orange'>initial</span>:void</span>; <span class='color_blue'>this = 0<span class='color_orange'>nullify</span>:org.junit.tests.running.methods.TestMethodTest*( sub )</span>; <span class='color_blue'>old_this = val$1<span class='color_orange'>formal</span>:org.junit.tests.running.methods.TestMethodTest*( sub )</span></span>
    ***** END RESULTS FUNCTION CALL *******
    Prover.check_inconsistency_base: inconsistency reason [Some 2]
    Prover.check_inconsistency_base: inconsistency reason [Some 2]
    Instruction Returns
    PROP 1 of 1:
    <span class='color_blue'><span class='color_blue'>n$5 = 0</span> ;
    <span class='color_blue'>(_t$1  &lt;=  -1)</span>; <span class='color_blue'>null != org.junit.tests.running.methods.TestMethodTest$SubShadows</span>; <span class='color_red'>MEMne &lt; void Assert.assertTrue(boolean):170 &gt; <span class='color_orange'>{vpath: }</span>(_t$0)</span>; <span class='color_blue'>UND &lt; List Collections.emptyList() &gt; :179(_t$2)</span>; <span class='color_blue'>RET &lt; boolean List.isEmpty() &gt; (0)</span> ;
    <span class='color_blue'>problems = 0<span class='color_orange'>nullify</span>:java.util.List*</span>; <span class='color_blue'>$irvar0 = 0<span class='color_orange'>update:170</span>:void</span>; <span class='color_blue'>return = <span class='color_red'>EXN _t$0<span class='color_orange'>update:170</span></span>:void</span>; <span class='color_blue'>this = 0<span class='color_orange'>nullify</span>:org.junit.tests.running.methods.TestMethodTest*( sub )</span>; <span class='color_blue'>old_this = val$1<span class='color_orange'>formal</span>:org.junit.tests.running.methods.TestMethodTest*( sub )</span> ;
    <span class='color_red'>_t$0|->{}<span class='color_orange'>alloc</span>:java.lang.AssertionError</span></span>
    
    Instruction <span class='color_green'>NULLIFY(&amp;$irvar0); [line 170]</span>
    in vpath_find exp:_t$0
    vpath_find: cannot find _t$0
    Instruction Returns
    PROP 1 of 1:
    <span class='color_blue'><span class='color_blue'>n$5 = 0</span> ;
    <span class='color_blue'>(_t$1  &lt;=  -1)</span>; <span class='color_blue'>null != org.junit.tests.running.methods.TestMethodTest$SubShadows</span>; <span class='color_blue'>MEMne &lt; void Assert.assertTrue(boolean):170 &gt; <span class='color_orange'>{vpath: }</span>(_t$0)</span>; <span class='color_blue'>UND &lt; List Collections.emptyList() &gt; :179(_t$2)</span>; <span class='color_blue'>RET &lt; boolean List.isEmpty() &gt; (0)</span> ;
    <span class='color_blue'>problems = 0<span class='color_orange'>nullify</span>:java.util.List*</span>; <span class='color_blue'>$irvar0 = 0<span class='color_orange'>nullify</span>:void</span>; <span class='color_blue'>return = EXN _t$0<span class='color_orange'>update:170</span>:void</span>; <span class='color_blue'>this = 0<span class='color_orange'>nullify</span>:org.junit.tests.running.methods.TestMethodTest*( sub )</span>; <span class='color_blue'>old_this = val$1<span class='color_orange'>formal</span>:org.junit.tests.running.methods.TestMethodTest*( sub )</span> ;
    <span class='color_blue'>_t$0|->{}<span class='color_orange'>alloc</span>:java.lang.AssertionError</span></span>
    
    Instruction <span class='color_green'>EXIT_SCOPE(n$5,n$6,$irvar0); [line 170]</span>
    in vpath_find exp:_t$0
    vpath_find: cannot find _t$0
    Instruction Returns
    PROP 1 of 1:
    <span class='color_blue'><span class='color_blue'>(_t$1  &lt;=  -1)</span>; <span class='color_blue'>null != org.junit.tests.running.methods.TestMethodTest$SubShadows</span>; <span class='color_blue'>MEMne &lt; void Assert.assertTrue(boolean):170 &gt; <span class='color_orange'>{vpath: }</span>(_t$0)</span>; <span class='color_blue'>UND &lt; List Collections.emptyList() &gt; :179(_t$2)</span>; <span class='color_blue'>RET &lt; boolean List.isEmpty() &gt; (0)</span> ;
    <span class='color_blue'>problems = 0<span class='color_orange'>nullify</span>:java.util.List*</span>; <span class='color_blue'>$irvar0 = 0<span class='color_orange'>nullify</span>:void</span>; <span class='color_blue'>return = EXN _t$0<span class='color_orange'>update:170</span>:void</span>; <span class='color_blue'>this = 0<span class='color_orange'>nullify</span>:org.junit.tests.running.methods.TestMethodTest*( sub )</span>; <span class='color_blue'>old_this = val$1<span class='color_orange'>formal</span>:org.junit.tests.running.methods.TestMethodTest*( sub )</span> ;
    <span class='color_blue'>_t$0|->{}<span class='color_orange'>alloc</span>:java.lang.AssertionError</span></span>
    
    .... After Symbolic Execution ....
    PROP 1 of 1:
    <span class='color_blue'><span class='color_blue'>(_t$1  &lt;=  -1)</span>; <span class='color_blue'>null != org.junit.tests.running.methods.TestMethodTest$SubShadows</span>; <span class='color_red'>MEMne &lt; void Assert.assertTrue(boolean):170 &gt; <span class='color_orange'>{vpath: }</span>(_t$0)</span>; <span class='color_blue'>UND &lt; List Collections.emptyList() &gt; :179(_t$2)</span>; <span class='color_blue'>RET &lt; boolean List.isEmpty() &gt; (0)</span> ;
    <span class='color_blue'>problems = 0<span class='color_orange'>nullify</span>:java.util.List*</span>; <span class='color_blue'>$irvar0 = 0<span class='color_orange'>nullify</span>:void</span>; <span class='color_blue'>return = <span class='color_red'>EXN _t$0<span class='color_orange'>update:170</span></span>:void</span>; <span class='color_blue'>this = 0<span class='color_orange'>nullify</span>:org.junit.tests.running.methods.TestMethodTest*( sub )</span>; <span class='color_blue'>old_this = val$1<span class='color_orange'>formal</span>:org.junit.tests.running.methods.TestMethodTest*( sub )</span> ;
    <span class='color_red'>_t$0|->{}<span class='color_orange'>alloc</span>:java.lang.AssertionError</span></span>
    
    
    
  Processing prop 3/4
    Instruction <span class='color_green'>n$5=*&amp;$irvar0:_Bool [line 170]</span>
    .... Rearrangement Start ....
    Exp: &amp;$irvar0
    Prop:
    <span class='color_blue'>(n$42  &lt;=  -1); null != org.junit.tests.running.methods.TestMethodTest$SubShadows; UND &lt; List Collections.emptyList() &gt; :179(n$43); RET &lt; boolean List.isEmpty() &gt; (1) ;
    problems = 0<span class='color_orange'>nullify</span>:java.util.List*; $irvar0 = 1<span class='color_orange'>update:170</span>:void; return = n$41<span class='color_orange'>initial</span>:void; this = 0<span class='color_orange'>nullify</span>:org.junit.tests.running.methods.TestMethodTest*( sub ); old_this = val$1<span class='color_orange'>formal</span>:org.junit.tests.running.methods.TestMethodTest*( sub )</span>
    
    Prover.check_inconsistency_base: inconsistency reason [None]
    Prover.check_inconsistency_base: inconsistency reason [None]
    Instruction Returns
    PROP 1 of 1:
    <span class='color_blue'><span class='color_red'>n$5 = 1</span> ;
    <span class='color_blue'>(_t$1  &lt;=  -1)</span>; <span class='color_blue'>null != org.junit.tests.running.methods.TestMethodTest$SubShadows</span>; <span class='color_blue'>UND &lt; List Collections.emptyList() &gt; :179(_t$2)</span>; <span class='color_blue'>RET &lt; boolean List.isEmpty() &gt; (1)</span> ;
    <span class='color_blue'>problems = 0<span class='color_orange'>nullify</span>:java.util.List*</span>; <span class='color_blue'>$irvar0 = 1<span class='color_orange'>update:170</span>:void</span>; <span class='color_blue'>return = _t$0<span class='color_orange'>initial</span>:void</span>; <span class='color_blue'>this = 0<span class='color_orange'>nullify</span>:org.junit.tests.running.methods.TestMethodTest*( sub )</span>; <span class='color_blue'>old_this = val$1<span class='color_orange'>formal</span>:org.junit.tests.running.methods.TestMethodTest*( sub )</span></span>
    
    Instruction <span class='color_green'>n$6=_fun_void Assert.assertTrue(boolean)(n$5:_Bool) [line 170]</span>
    Found 2 specs for function org.junit.Assert.assertTrue(boolean):void
    START EXECUTING SPECS FOR org.junit.Assert.assertTrue(boolean):void from state
    <span class='color_blue'>n$5 = 1 ;
    (n$45  &lt;=  -1); null != org.junit.tests.running.methods.TestMethodTest$SubShadows; UND &lt; List Collections.emptyList() &gt; :179(n$46); RET &lt; boolean List.isEmpty() &gt; (1) ;
    problems = 0<span class='color_orange'>nullify</span>:java.util.List*; $irvar0 = 1<span class='color_orange'>update:170</span>:void; return = n$44<span class='color_orange'>initial</span>:void; this = 0<span class='color_orange'>nullify</span>:org.junit.tests.running.methods.TestMethodTest*( sub ); old_this = val$1<span class='color_orange'>formal</span>:org.junit.tests.running.methods.TestMethodTest*( sub )</span>
    EXECUTING SPEC 1/2
    ACTUAL PRECONDITION =
      <span class='color_blue'>n$5 = 1 ;
      (n$45  &lt;=  -1); null != org.junit.tests.running.methods.TestMethodTest$SubShadows; UND &lt; List Collections.emptyList() &gt; :179(n$46); RET &lt; boolean List.isEmpty() &gt; (1) ;
      condition|callee = 1<span class='color_orange'>actual_precondition</span>:_Bool; problems = 0<span class='color_orange'>nullify</span>:java.util.List*; $irvar0 = 1<span class='color_orange'>update:170</span>:void; return = n$44<span class='color_orange'>initial</span>:void; this = 0<span class='color_orange'>nullify</span>:org.junit.tests.running.methods.TestMethodTest*( sub ); old_this = val$1<span class='color_orange'>formal</span>:org.junit.tests.running.methods.TestMethodTest*( sub )</span>
    SPEC =
      --------------------------- ---------- ---------------------------
      PRE:
      <span class='color_blue'><span class='color_blue'>condition|callee = 0<span class='color_orange'>formal</span>:_Bool( sub )</span></span>
      POST 1 of 1:
      <span class='color_blue'><span class='color_red'>MEMne &lt; void Assert.assertTrue(String,boolean):53 &gt; <span class='color_orange'>{vpath: }</span>(_t$105)</span> ;
      <span class='color_red'>return|callee = EXN _t$105<span class='color_orange'>update:53</span>:void</span> ;
      <span class='color_red'>_t$105|->{}<span class='color_orange'>alloc</span>:java.lang.AssertionError</span></span>
      ----------------------------------------------------------------
    pre_check_pure_implication
    pi1:
      n$5 = 1; (n$45  &lt;=  -1); null != org.junit.tests.running.methods.TestMethodTest$SubShadows; UND &lt; List Collections.emptyList() &gt; :179(n$46); RET &lt; boolean List.isEmpty() &gt; (1)
    pi2:
      
    returns
    sub1:
      n$5 = 1
    sub2:
      n$5 = 1
    Current Implication
    SUB:
      n$5 = 1
    <span class='color_blue'>(n$45  &lt;=  -1); null != org.junit.tests.running.methods.TestMethodTest$SubShadows; UND &lt; List Collections.emptyList() &gt; :179(n$46); RET &lt; boolean List.isEmpty() &gt; (1); 1 = 1 ;
    condition|callee = 1<span class='color_orange'>actual_precondition</span>:_Bool; problems = 0<span class='color_orange'>nullify</span>:java.util.List*; $irvar0 = 1<span class='color_orange'>update:170</span>:void; return = n$44<span class='color_orange'>initial</span>:void; this = 0<span class='color_orange'>nullify</span>:org.junit.tests.running.methods.TestMethodTest*( sub ); old_this = val$1<span class='color_orange'>formal</span>:org.junit.tests.running.methods.TestMethodTest*( sub )</span>
    [SUB: 
      n$5 = 1]
    |-
    <span class='color_blue'>condition|callee = 0<span class='color_orange'>formal</span>:_Bool( sub )</span>
    
      do_imply 1 0
      WARNING: footprint failed to find MISSING because: constants not equal
    EXECUTING SPEC 2/2
    ACTUAL PRECONDITION =
      <span class='color_blue'>n$5 = 1 ;
      (n$45  &lt;=  -1); null != org.junit.tests.running.methods.TestMethodTest$SubShadows; UND &lt; List Collections.emptyList() &gt; :179(n$46); RET &lt; boolean List.isEmpty() &gt; (1) ;
      condition|callee = 1<span class='color_orange'>actual_precondition</span>:_Bool; problems = 0<span class='color_orange'>nullify</span>:java.util.List*; $irvar0 = 1<span class='color_orange'>update:170</span>:void; return = n$44<span class='color_orange'>initial</span>:void; this = 0<span class='color_orange'>nullify</span>:org.junit.tests.running.methods.TestMethodTest*( sub ); old_this = val$1<span class='color_orange'>formal</span>:org.junit.tests.running.methods.TestMethodTest*( sub )</span>
    SPEC =
      --------------------------- ---------- ---------------------------
      PRE:
      <span class='color_blue'><span class='color_blue'>condition|callee != 0 ;
      condition|callee = _t$106<span class='color_orange'>formal</span>:_Bool( sub )</span></span>
      POST 1 of 1:
      <span class='color_blue'>condition|callee != 0 ;
      <span class='color_red'>return|callee = _t$107<span class='color_orange'>initial</span>:void</span></span>
      ----------------------------------------------------------------
    pre_check_pure_implication
    pi1:
      n$5 = 1; (n$45  &lt;=  -1); null != org.junit.tests.running.methods.TestMethodTest$SubShadows; UND &lt; List Collections.emptyList() &gt; :179(n$46); RET &lt; boolean List.isEmpty() &gt; (1)
    pi2:
      _t$106 != 0
    returns
    sub1:
      n$5 = 1
    sub2:
      n$5 = 1
    Current Implication
    SUB:
      n$5 = 1
    <span class='color_blue'>(n$45  &lt;=  -1); null != org.junit.tests.running.methods.TestMethodTest$SubShadows; UND &lt; List Collections.emptyList() &gt; :179(n$46); RET &lt; boolean List.isEmpty() &gt; (1); 1 = 1 ;
    condition|callee = 1<span class='color_orange'>actual_precondition</span>:_Bool; problems = 0<span class='color_orange'>nullify</span>:java.util.List*; $irvar0 = 1<span class='color_orange'>update:170</span>:void; return = n$44<span class='color_orange'>initial</span>:void; this = 0<span class='color_orange'>nullify</span>:org.junit.tests.running.methods.TestMethodTest*( sub ); old_this = val$1<span class='color_orange'>formal</span>:org.junit.tests.running.methods.TestMethodTest*( sub )</span>
    [SUB: 
      n$5 = 1]
    |-
    <span class='color_blue'>condition|callee = _t$106<span class='color_orange'>formal</span>:_Bool( sub )</span>
    
      do_imply 1 _t$106
        Final Implication
        SUB:
          n$5 = 1
        <span class='color_blue'>(n$45  &lt;=  -1); null != org.junit.tests.running.methods.TestMethodTest$SubShadows; UND &lt; List Collections.emptyList() &gt; :179(n$46); RET &lt; boolean List.isEmpty() &gt; (1); 1 = 1 ;
        problems = 0<span class='color_orange'>nullify</span>:java.util.List*; $irvar0 = 1<span class='color_orange'>update:170</span>:void; return = n$44<span class='color_orange'>initial</span>:void; this = 0<span class='color_orange'>nullify</span>:org.junit.tests.running.methods.TestMethodTest*( sub ); old_this = val$1<span class='color_orange'>formal</span>:org.junit.tests.running.methods.TestMethodTest*( sub )</span>
        [SUB: 
          n$5 = 1; _t$106 = 1]
        |-
        <span class='color_blue'></span>
    Result of Abduction
      SUB:
        n$5 = 1
      <span class='color_blue'>(n$45  &lt;=  -1); null != org.junit.tests.running.methods.TestMethodTest$SubShadows; UND &lt; List Collections.emptyList() &gt; :179(n$46); RET &lt; boolean List.isEmpty() &gt; (1); 1 = 1 ;
      condition|callee = 1<span class='color_orange'>actual_precondition</span>:_Bool; problems = 0<span class='color_orange'>nullify</span>:java.util.List*; $irvar0 = 1<span class='color_orange'>update:170</span>:void; return = n$44<span class='color_orange'>initial</span>:void; this = 0<span class='color_orange'>nullify</span>:org.junit.tests.running.methods.TestMethodTest*( sub ); old_this = val$1<span class='color_orange'>formal</span>:org.junit.tests.running.methods.TestMethodTest*( sub )</span>
      [SUB: 
        n$5 = 1; _t$106 = 1]
      |-
      <span class='color_blue'>1 != 0 ;
      condition|callee = 1<span class='color_orange'>formal</span>:_Bool( sub )</span>
    returning TRUE
      New footprint:
      
      Frame fld:
      
      Missing fld:
      
      Instantiated frame:
      &amp;problems|->0<span class='color_orange'>nullify</span>:java.util.List*; &amp;$irvar0|->1<span class='color_orange'>update:170</span>:void; &amp;return|->n$44<span class='color_orange'>initial</span>:void; &amp;this|->0<span class='color_orange'>nullify</span>:org.junit.tests.running.methods.TestMethodTest*( sub ); &amp;old_this|->val$1<span class='color_orange'>formal</span>:org.junit.tests.running.methods.TestMethodTest*( sub )
      Instantiated post:
      PROP 1 of 1:
      <span class='color_blue'><span class='color_red'>1 != 0</span> ;
      <span class='color_red'>return|callee = _t$107<span class='color_orange'>initial</span>:void</span></span>
      
    ***** RESULTS FUNCTION CALL *******
    PROP 1 of 1:
    <span class='color_blue'><span class='color_blue'>n$5 = <span class='color_red'>1</span></span> ;
    <span class='color_blue'>(n$45  &lt;=  -1)</span>; <span class='color_blue'>0 != <span class='color_red'>1</span></span>; <span class='color_blue'>null != org.junit.tests.running.methods.TestMethodTest$SubShadows</span>; <span class='color_blue'>UND &lt; List Collections.emptyList() &gt; :179(n$46)</span>; <span class='color_blue'>RET &lt; boolean List.isEmpty() &gt; (<span class='color_red'>1</span>)</span> ;
    <span class='color_blue'>problems = 0<span class='color_orange'>nullify</span>:java.util.List*</span>; <span class='color_blue'>$irvar0 = <span class='color_red'>1</span><span class='color_orange'>update:170</span>:void</span>; <span class='color_blue'>return = n$44<span class='color_orange'>initial</span>:void</span>; <span class='color_blue'>this = 0<span class='color_orange'>nullify</span>:org.junit.tests.running.methods.TestMethodTest*( sub )</span>; <span class='color_blue'>old_this = val$1<span class='color_orange'>formal</span>:org.junit.tests.running.methods.TestMethodTest*( sub )</span></span>
    ***** END RESULTS FUNCTION CALL *******
    Prover.check_inconsistency_base: inconsistency reason [None]
    Prover.check_inconsistency_base: inconsistency reason [None]
    Prover.check_inconsistency_base: inconsistency reason [None]
    Prover.check_inconsistency_base: inconsistency reason [None]
    Instruction Returns
    PROP 1 of 1:
    <span class='color_blue'><span class='color_blue'>n$5 = <span class='color_red'>1</span></span> ;
    <span class='color_blue'>(_t$1  &lt;=  -1)</span>; <span class='color_blue'>0 != <span class='color_red'>1</span></span>; <span class='color_blue'>null != org.junit.tests.running.methods.TestMethodTest$SubShadows</span>; <span class='color_blue'>UND &lt; List Collections.emptyList() &gt; :179(_t$2)</span>; <span class='color_blue'>RET &lt; boolean List.isEmpty() &gt; (<span class='color_red'>1</span>)</span> ;
    <span class='color_blue'>problems = 0<span class='color_orange'>nullify</span>:java.util.List*</span>; <span class='color_blue'>$irvar0 = <span class='color_red'>1</span><span class='color_orange'>update:170</span>:void</span>; <span class='color_blue'>return = _t$0<span class='color_orange'>initial</span>:void</span>; <span class='color_blue'>this = 0<span class='color_orange'>nullify</span>:org.junit.tests.running.methods.TestMethodTest*( sub )</span>; <span class='color_blue'>old_this = val$1<span class='color_orange'>formal</span>:org.junit.tests.running.methods.TestMethodTest*( sub )</span></span>
    
    Instruction <span class='color_green'>NULLIFY(&amp;$irvar0); [line 170]</span>
    Instruction Returns
    PROP 1 of 1:
    <span class='color_blue'><span class='color_blue'>n$5 = 1</span> ;
    <span class='color_blue'>(_t$1  &lt;=  -1)</span>; <span class='color_blue'>0 != 1</span>; <span class='color_blue'>null != org.junit.tests.running.methods.TestMethodTest$SubShadows</span>; <span class='color_blue'>UND &lt; List Collections.emptyList() &gt; :179(_t$2)</span>; <span class='color_blue'>RET &lt; boolean List.isEmpty() &gt; (1)</span> ;
    <span class='color_blue'>problems = 0<span class='color_orange'>nullify</span>:java.util.List*</span>; <span class='color_blue'>$irvar0 = <span class='color_red'>0<span class='color_orange'>nullify</span></span>:void</span>; <span class='color_blue'>return = _t$0<span class='color_orange'>initial</span>:void</span>; <span class='color_blue'>this = 0<span class='color_orange'>nullify</span>:org.junit.tests.running.methods.TestMethodTest*( sub )</span>; <span class='color_blue'>old_this = val$1<span class='color_orange'>formal</span>:org.junit.tests.running.methods.TestMethodTest*( sub )</span></span>
    
    Instruction <span class='color_green'>EXIT_SCOPE(n$5,n$6,$irvar0); [line 170]</span>
    Instruction Returns
    PROP 1 of 1:
    <span class='color_blue'><span class='color_blue'>(_t$1  &lt;=  -1)</span>; <span class='color_blue'>0 != 1</span>; <span class='color_blue'>null != org.junit.tests.running.methods.TestMethodTest$SubShadows</span>; <span class='color_blue'>UND &lt; List Collections.emptyList() &gt; :179(_t$2)</span>; <span class='color_blue'>RET &lt; boolean List.isEmpty() &gt; (1)</span> ;
    <span class='color_blue'>problems = 0<span class='color_orange'>nullify</span>:java.util.List*</span>; <span class='color_blue'>$irvar0 = 0<span class='color_orange'>nullify</span>:void</span>; <span class='color_blue'>return = _t$0<span class='color_orange'>initial</span>:void</span>; <span class='color_blue'>this = 0<span class='color_orange'>nullify</span>:org.junit.tests.running.methods.TestMethodTest*( sub )</span>; <span class='color_blue'>old_this = val$1<span class='color_orange'>formal</span>:org.junit.tests.running.methods.TestMethodTest*( sub )</span></span>
    
    .... After Symbolic Execution ....
    PROP 1 of 1:
    <span class='color_blue'><span class='color_blue'>(_t$1  &lt;=  -1)</span>; <span class='color_blue'>0 != <span class='color_red'>1</span></span>; <span class='color_blue'>null != org.junit.tests.running.methods.TestMethodTest$SubShadows</span>; <span class='color_blue'>UND &lt; List Collections.emptyList() &gt; :179(_t$2)</span>; <span class='color_blue'>RET &lt; boolean List.isEmpty() &gt; (<span class='color_red'>1</span>)</span> ;
    <span class='color_blue'>problems = 0<span class='color_orange'>nullify</span>:java.util.List*</span>; <span class='color_blue'>$irvar0 = <span class='color_red'>0<span class='color_orange'>nullify</span></span>:void</span>; <span class='color_blue'>return = _t$0<span class='color_orange'>initial</span>:void</span>; <span class='color_blue'>this = 0<span class='color_orange'>nullify</span>:org.junit.tests.running.methods.TestMethodTest*( sub )</span>; <span class='color_blue'>old_this = val$1<span class='color_orange'>formal</span>:org.junit.tests.running.methods.TestMethodTest*( sub )</span></span>
    
    
    
  Processing prop 4/4
    Instruction <span class='color_green'>n$5=*&amp;$irvar0:_Bool [line 170]</span>
    .... Rearrangement Start ....
    Exp: &amp;$irvar0
    Prop:
    <span class='color_blue'>null != org.junit.tests.running.methods.TestMethodTest$SubShadows; UND &lt; List Collections.emptyList() &gt; :179(n$48); RET &lt; boolean List.isEmpty() &gt; (1) ;
    problems = 0<span class='color_orange'>nullify</span>:java.util.List*; $irvar0 = 1<span class='color_orange'>update:170</span>:void; return = n$47<span class='color_orange'>initial</span>:void; this = 0<span class='color_orange'>nullify</span>:org.junit.tests.running.methods.TestMethodTest*( sub ); old_this = val$1<span class='color_orange'>formal</span>:org.junit.tests.running.methods.TestMethodTest*( sub )</span>
    
    Prover.check_inconsistency_base: inconsistency reason [None]
    Prover.check_inconsistency_base: inconsistency reason [None]
    Instruction Returns
    PROP 1 of 1:
    <span class='color_blue'><span class='color_red'>n$5 = 1</span> ;
    <span class='color_blue'>null != org.junit.tests.running.methods.TestMethodTest$SubShadows</span>; <span class='color_blue'>UND &lt; List Collections.emptyList() &gt; :179(_t$1)</span>; <span class='color_blue'>RET &lt; boolean List.isEmpty() &gt; (1)</span> ;
    <span class='color_blue'>problems = 0<span class='color_orange'>nullify</span>:java.util.List*</span>; <span class='color_blue'>$irvar0 = 1<span class='color_orange'>update:170</span>:void</span>; <span class='color_blue'>return = _t$0<span class='color_orange'>initial</span>:void</span>; <span class='color_blue'>this = 0<span class='color_orange'>nullify</span>:org.junit.tests.running.methods.TestMethodTest*( sub )</span>; <span class='color_blue'>old_this = val$1<span class='color_orange'>formal</span>:org.junit.tests.running.methods.TestMethodTest*( sub )</span></span>
    
    Instruction <span class='color_green'>n$6=_fun_void Assert.assertTrue(boolean)(n$5:_Bool) [line 170]</span>
    Found 2 specs for function org.junit.Assert.assertTrue(boolean):void
    START EXECUTING SPECS FOR org.junit.Assert.assertTrue(boolean):void from state
    <span class='color_blue'>n$5 = 1 ;
    null != org.junit.tests.running.methods.TestMethodTest$SubShadows; UND &lt; List Collections.emptyList() &gt; :179(n$50); RET &lt; boolean List.isEmpty() &gt; (1) ;
    problems = 0<span class='color_orange'>nullify</span>:java.util.List*; $irvar0 = 1<span class='color_orange'>update:170</span>:void; return = n$49<span class='color_orange'>initial</span>:void; this = 0<span class='color_orange'>nullify</span>:org.junit.tests.running.methods.TestMethodTest*( sub ); old_this = val$1<span class='color_orange'>formal</span>:org.junit.tests.running.methods.TestMethodTest*( sub )</span>
    EXECUTING SPEC 1/2
    ACTUAL PRECONDITION =
      <span class='color_blue'>n$5 = 1 ;
      null != org.junit.tests.running.methods.TestMethodTest$SubShadows; UND &lt; List Collections.emptyList() &gt; :179(n$50); RET &lt; boolean List.isEmpty() &gt; (1) ;
      condition|callee = 1<span class='color_orange'>actual_precondition</span>:_Bool; problems = 0<span class='color_orange'>nullify</span>:java.util.List*; $irvar0 = 1<span class='color_orange'>update:170</span>:void; return = n$49<span class='color_orange'>initial</span>:void; this = 0<span class='color_orange'>nullify</span>:org.junit.tests.running.methods.TestMethodTest*( sub ); old_this = val$1<span class='color_orange'>formal</span>:org.junit.tests.running.methods.TestMethodTest*( sub )</span>
    SPEC =
      --------------------------- ---------- ---------------------------
      PRE:
      <span class='color_blue'><span class='color_blue'>condition|callee = 0<span class='color_orange'>formal</span>:_Bool( sub )</span></span>
      POST 1 of 1:
      <span class='color_blue'><span class='color_red'>MEMne &lt; void Assert.assertTrue(String,boolean):53 &gt; <span class='color_orange'>{vpath: }</span>(_t$116)</span> ;
      <span class='color_red'>return|callee = EXN _t$116<span class='color_orange'>update:53</span>:void</span> ;
      <span class='color_red'>_t$116|->{}<span class='color_orange'>alloc</span>:java.lang.AssertionError</span></span>
      ----------------------------------------------------------------
    pre_check_pure_implication
    pi1:
      n$5 = 1; null != org.junit.tests.running.methods.TestMethodTest$SubShadows; UND &lt; List Collections.emptyList() &gt; :179(n$50); RET &lt; boolean List.isEmpty() &gt; (1)
    pi2:
      
    returns
    sub1:
      n$5 = 1
    sub2:
      n$5 = 1
    Current Implication
    SUB:
      n$5 = 1
    <span class='color_blue'>null != org.junit.tests.running.methods.TestMethodTest$SubShadows; UND &lt; List Collections.emptyList() &gt; :179(n$50); RET &lt; boolean List.isEmpty() &gt; (1); 1 = 1 ;
    condition|callee = 1<span class='color_orange'>actual_precondition</span>:_Bool; problems = 0<span class='color_orange'>nullify</span>:java.util.List*; $irvar0 = 1<span class='color_orange'>update:170</span>:void; return = n$49<span class='color_orange'>initial</span>:void; this = 0<span class='color_orange'>nullify</span>:org.junit.tests.running.methods.TestMethodTest*( sub ); old_this = val$1<span class='color_orange'>formal</span>:org.junit.tests.running.methods.TestMethodTest*( sub )</span>
    [SUB: 
      n$5 = 1]
    |-
    <span class='color_blue'>condition|callee = 0<span class='color_orange'>formal</span>:_Bool( sub )</span>
    
      do_imply 1 0
      WARNING: footprint failed to find MISSING because: constants not equal
    EXECUTING SPEC 2/2
    ACTUAL PRECONDITION =
      <span class='color_blue'>n$5 = 1 ;
      null != org.junit.tests.running.methods.TestMethodTest$SubShadows; UND &lt; List Collections.emptyList() &gt; :179(n$50); RET &lt; boolean List.isEmpty() &gt; (1) ;
      condition|callee = 1<span class='color_orange'>actual_precondition</span>:_Bool; problems = 0<span class='color_orange'>nullify</span>:java.util.List*; $irvar0 = 1<span class='color_orange'>update:170</span>:void; return = n$49<span class='color_orange'>initial</span>:void; this = 0<span class='color_orange'>nullify</span>:org.junit.tests.running.methods.TestMethodTest*( sub ); old_this = val$1<span class='color_orange'>formal</span>:org.junit.tests.running.methods.TestMethodTest*( sub )</span>
    SPEC =
      --------------------------- ---------- ---------------------------
      PRE:
      <span class='color_blue'><span class='color_blue'>condition|callee != 0 ;
      condition|callee = _t$117<span class='color_orange'>formal</span>:_Bool( sub )</span></span>
      POST 1 of 1:
      <span class='color_blue'>condition|callee != 0 ;
      <span class='color_red'>return|callee = _t$118<span class='color_orange'>initial</span>:void</span></span>
      ----------------------------------------------------------------
    pre_check_pure_implication
    pi1:
      n$5 = 1; null != org.junit.tests.running.methods.TestMethodTest$SubShadows; UND &lt; List Collections.emptyList() &gt; :179(n$50); RET &lt; boolean List.isEmpty() &gt; (1)
    pi2:
      _t$117 != 0
    returns
    sub1:
      n$5 = 1
    sub2:
      n$5 = 1
    Current Implication
    SUB:
      n$5 = 1
    <span class='color_blue'>null != org.junit.tests.running.methods.TestMethodTest$SubShadows; UND &lt; List Collections.emptyList() &gt; :179(n$50); RET &lt; boolean List.isEmpty() &gt; (1); 1 = 1 ;
    condition|callee = 1<span class='color_orange'>actual_precondition</span>:_Bool; problems = 0<span class='color_orange'>nullify</span>:java.util.List*; $irvar0 = 1<span class='color_orange'>update:170</span>:void; return = n$49<span class='color_orange'>initial</span>:void; this = 0<span class='color_orange'>nullify</span>:org.junit.tests.running.methods.TestMethodTest*( sub ); old_this = val$1<span class='color_orange'>formal</span>:org.junit.tests.running.methods.TestMethodTest*( sub )</span>
    [SUB: 
      n$5 = 1]
    |-
    <span class='color_blue'>condition|callee = _t$117<span class='color_orange'>formal</span>:_Bool( sub )</span>
    
      do_imply 1 _t$117
        Final Implication
        SUB:
          n$5 = 1
        <span class='color_blue'>null != org.junit.tests.running.methods.TestMethodTest$SubShadows; UND &lt; List Collections.emptyList() &gt; :179(n$50); RET &lt; boolean List.isEmpty() &gt; (1); 1 = 1 ;
        problems = 0<span class='color_orange'>nullify</span>:java.util.List*; $irvar0 = 1<span class='color_orange'>update:170</span>:void; return = n$49<span class='color_orange'>initial</span>:void; this = 0<span class='color_orange'>nullify</span>:org.junit.tests.running.methods.TestMethodTest*( sub ); old_this = val$1<span class='color_orange'>formal</span>:org.junit.tests.running.methods.TestMethodTest*( sub )</span>
        [SUB: 
          n$5 = 1; _t$117 = 1]
        |-
        <span class='color_blue'></span>
    Result of Abduction
      SUB:
        n$5 = 1
      <span class='color_blue'>null != org.junit.tests.running.methods.TestMethodTest$SubShadows; UND &lt; List Collections.emptyList() &gt; :179(n$50); RET &lt; boolean List.isEmpty() &gt; (1); 1 = 1 ;
      condition|callee = 1<span class='color_orange'>actual_precondition</span>:_Bool; problems = 0<span class='color_orange'>nullify</span>:java.util.List*; $irvar0 = 1<span class='color_orange'>update:170</span>:void; return = n$49<span class='color_orange'>initial</span>:void; this = 0<span class='color_orange'>nullify</span>:org.junit.tests.running.methods.TestMethodTest*( sub ); old_this = val$1<span class='color_orange'>formal</span>:org.junit.tests.running.methods.TestMethodTest*( sub )</span>
      [SUB: 
        n$5 = 1; _t$117 = 1]
      |-
      <span class='color_blue'>1 != 0 ;
      condition|callee = 1<span class='color_orange'>formal</span>:_Bool( sub )</span>
    returning TRUE
      New footprint:
      
      Frame fld:
      
      Missing fld:
      
      Instantiated frame:
      &amp;problems|->0<span class='color_orange'>nullify</span>:java.util.List*; &amp;$irvar0|->1<span class='color_orange'>update:170</span>:void; &amp;return|->n$49<span class='color_orange'>initial</span>:void; &amp;this|->0<span class='color_orange'>nullify</span>:org.junit.tests.running.methods.TestMethodTest*( sub ); &amp;old_this|->val$1<span class='color_orange'>formal</span>:org.junit.tests.running.methods.TestMethodTest*( sub )
      Instantiated post:
      PROP 1 of 1:
      <span class='color_blue'><span class='color_red'>1 != 0</span> ;
      <span class='color_red'>return|callee = _t$118<span class='color_orange'>initial</span>:void</span></span>
      
    ***** RESULTS FUNCTION CALL *******
    PROP 1 of 1:
    <span class='color_blue'><span class='color_blue'>n$5 = <span class='color_red'>1</span></span> ;
    <span class='color_blue'>0 != <span class='color_red'>1</span></span>; <span class='color_blue'>null != org.junit.tests.running.methods.TestMethodTest$SubShadows</span>; <span class='color_blue'>UND &lt; List Collections.emptyList() &gt; :179(n$50)</span>; <span class='color_blue'>RET &lt; boolean List.isEmpty() &gt; (<span class='color_red'>1</span>)</span> ;
    <span class='color_blue'>problems = 0<span class='color_orange'>nullify</span>:java.util.List*</span>; <span class='color_blue'>$irvar0 = <span class='color_red'>1</span><span class='color_orange'>update:170</span>:void</span>; <span class='color_blue'>return = n$49<span class='color_orange'>initial</span>:void</span>; <span class='color_blue'>this = 0<span class='color_orange'>nullify</span>:org.junit.tests.running.methods.TestMethodTest*( sub )</span>; <span class='color_blue'>old_this = val$1<span class='color_orange'>formal</span>:org.junit.tests.running.methods.TestMethodTest*( sub )</span></span>
    ***** END RESULTS FUNCTION CALL *******
    Prover.check_inconsistency_base: inconsistency reason [None]
    Prover.check_inconsistency_base: inconsistency reason [None]
    Prover.check_inconsistency_base: inconsistency reason [None]
    Prover.check_inconsistency_base: inconsistency reason [None]
    Instruction Returns
    PROP 1 of 1:
    <span class='color_blue'><span class='color_blue'>n$5 = <span class='color_red'>1</span></span> ;
    <span class='color_blue'>0 != <span class='color_red'>1</span></span>; <span class='color_blue'>null != org.junit.tests.running.methods.TestMethodTest$SubShadows</span>; <span class='color_blue'>UND &lt; List Collections.emptyList() &gt; :179(_t$1)</span>; <span class='color_blue'>RET &lt; boolean List.isEmpty() &gt; (<span class='color_red'>1</span>)</span> ;
    <span class='color_blue'>problems = 0<span class='color_orange'>nullify</span>:java.util.List*</span>; <span class='color_blue'>$irvar0 = <span class='color_red'>1</span><span class='color_orange'>update:170</span>:void</span>; <span class='color_blue'>return = _t$0<span class='color_orange'>initial</span>:void</span>; <span class='color_blue'>this = 0<span class='color_orange'>nullify</span>:org.junit.tests.running.methods.TestMethodTest*( sub )</span>; <span class='color_blue'>old_this = val$1<span class='color_orange'>formal</span>:org.junit.tests.running.methods.TestMethodTest*( sub )</span></span>
    
    Instruction <span class='color_green'>NULLIFY(&amp;$irvar0); [line 170]</span>
    Instruction Returns
    PROP 1 of 1:
    <span class='color_blue'><span class='color_blue'>n$5 = 1</span> ;
    <span class='color_blue'>0 != 1</span>; <span class='color_blue'>null != org.junit.tests.running.methods.TestMethodTest$SubShadows</span>; <span class='color_blue'>UND &lt; List Collections.emptyList() &gt; :179(_t$1)</span>; <span class='color_blue'>RET &lt; boolean List.isEmpty() &gt; (1)</span> ;
    <span class='color_blue'>problems = 0<span class='color_orange'>nullify</span>:java.util.List*</span>; <span class='color_blue'>$irvar0 = <span class='color_red'>0<span class='color_orange'>nullify</span></span>:void</span>; <span class='color_blue'>return = _t$0<span class='color_orange'>initial</span>:void</span>; <span class='color_blue'>this = 0<span class='color_orange'>nullify</span>:org.junit.tests.running.methods.TestMethodTest*( sub )</span>; <span class='color_blue'>old_this = val$1<span class='color_orange'>formal</span>:org.junit.tests.running.methods.TestMethodTest*( sub )</span></span>
    
    Instruction <span class='color_green'>EXIT_SCOPE(n$5,n$6,$irvar0); [line 170]</span>
    Instruction Returns
    PROP 1 of 1:
    <span class='color_blue'><span class='color_blue'>0 != 1</span>; <span class='color_blue'>null != org.junit.tests.running.methods.TestMethodTest$SubShadows</span>; <span class='color_blue'>UND &lt; List Collections.emptyList() &gt; :179(_t$1)</span>; <span class='color_blue'>RET &lt; boolean List.isEmpty() &gt; (1)</span> ;
    <span class='color_blue'>problems = 0<span class='color_orange'>nullify</span>:java.util.List*</span>; <span class='color_blue'>$irvar0 = 0<span class='color_orange'>nullify</span>:void</span>; <span class='color_blue'>return = _t$0<span class='color_orange'>initial</span>:void</span>; <span class='color_blue'>this = 0<span class='color_orange'>nullify</span>:org.junit.tests.running.methods.TestMethodTest*( sub )</span>; <span class='color_blue'>old_this = val$1<span class='color_orange'>formal</span>:org.junit.tests.running.methods.TestMethodTest*( sub )</span></span>
    
    .... After Symbolic Execution ....
    PROP 1 of 1:
    <span class='color_blue'><span class='color_blue'>0 != <span class='color_red'>1</span></span>; <span class='color_blue'>null != org.junit.tests.running.methods.TestMethodTest$SubShadows</span>; <span class='color_blue'>UND &lt; List Collections.emptyList() &gt; :179(_t$1)</span>; <span class='color_blue'>RET &lt; boolean List.isEmpty() &gt; (<span class='color_red'>1</span>)</span> ;
    <span class='color_blue'>problems = 0<span class='color_orange'>nullify</span>:java.util.List*</span>; <span class='color_blue'>$irvar0 = <span class='color_red'>0<span class='color_orange'>nullify</span></span>:void</span>; <span class='color_blue'>return = _t$0<span class='color_orange'>initial</span>:void</span>; <span class='color_blue'>this = 0<span class='color_orange'>nullify</span>:org.junit.tests.running.methods.TestMethodTest*( sub )</span>; <span class='color_blue'>old_this = val$1<span class='color_orange'>formal</span>:org.junit.tests.running.methods.TestMethodTest*( sub )</span></span>
    
    
    
  </LISTING>