<!DOCTYPE HTML PUBLIC "-//W3C//DTD HTML 4.01 Transitional//EN">
<html>
<head>
<title>org.junit.tests.running.methods.TestMethodTest.testFailures():void.8992dcf714229f5cdc2a0ed2da5ffa0d_node7</title>
<meta http-equiv="Content-Type" content="text/html; charset=utf-8">
<style type="text/css">
body { background-color:#fff; color:#000; font-family:Helvetica, sans-serif; font-size:10pt }
h1 { font-size:14pt }
.code { border-collapse:collapse; width:100%; font-family: "Andale Mono", monospace; font-size:10pt; line-height: 1.2em }
.color_black { color: black }
.color_blue { color: blue }
.color_green { color: green }
.color_orange { color: orange }
.color_red { color: red }
.line { border-left: 3px solid #ccc; padding-left: 1ex; white-space: pre; }
.msg { background-color:#fff8b4; color:#000; float:left; font-family:Helvetica, sans-serif; font-size: smaller; font-weight: bold; margin-bottom:10px; margin-top:10px; max-width:60em; padding:0.5em 1ex 0.5em 1ex; -webkit-border-radius:5px; -webkit-box-shadow:1px 1px 7px #000; white-space: pre-wrap; word-wrap: break-word; }
.num { background-color:#eee; color:#444; font-size: smaller; padding-right:2ex; text-align:right; width:2.5em; }
.dangling { background-color:white; color: gray; }
.visited { background-color:LemonChiffon; color: darkmagenta; }
.tooltip { display: none; background-color:#FFF0F0; border: 2px solid #F00; font-weight: normal; left:10em; padding: 2px; position: absolute; top: -1em; -webkit-border-radius:5px; -webkit-box-shadow:1px 1px 7px #000; z-index: 1}
.with_tooltip { position: relative; }
.with_tooltip:hover .tooltip, .visited:hover .tooltip { display: block; }
</style>
</head>
<body>
<center><h1>Cfg Node <a href="./../../TestMethodTest.java.cd3cd8b636ee5ff567d7c528578264cd.html#LINE139">7</a></h1></center>PROC: <a href="./../org.junit.tests.running.methods.TestMethodTest.testFailures%28%29%3Avoid.8992dcf714229f5cdc2a0ed2da5ffa0d.html">void TestMethodTest.testFailures()</a> LINE: <a href="./../../TestMethodTest.java.cd3cd8b636ee5ff567d7c528578264cd.html#LINE139">139</a>
<br>PREDS:
<a href="./../nodes/org.junit.tests.running.methods.TestMethodTest.testFailures%28%29%3Avoid.8992dcf714229f5cdc2a0ed2da5ffa0d_node6.html"><span class='visited with_tooltip'>N_6<span class='tooltip'>node6 preds:5 succs:7 exn:3 </span></span></a><br>SUCCS:
<a href="./../nodes/org.junit.tests.running.methods.TestMethodTest.testFailures%28%29%3Avoid.8992dcf714229f5cdc2a0ed2da5ffa0d_node8.html"><span class='visited with_tooltip'>N_8<span class='tooltip'>node8 preds:7 succs:2 exn:3 </span></span></a><br>EXN:
<a href="./../nodes/org.junit.tests.running.methods.TestMethodTest.testFailures%28%29%3Avoid.8992dcf714229f5cdc2a0ed2da5ffa0d_node3.html"><span class='visited with_tooltip'>N_3<span class='tooltip'>node3 preds: succs:2 exn:2 </span></span></a><br>
<LISTING class='color_green'>n$5=*&amp;errorCount:int [line 139];
n$6=*&amp;$irvar0:int [line 139];
n$7=_fun_void Assert.assertEquals(long,long)((long)n$5:long,(long)n$6:long) [line 139];
</LISTING>
<hr width="100%">
<a name="session6" href="./../nodes/org.junit.tests.running.methods.TestMethodTest.testFailures%28%29%3Avoid.8992dcf714229f5cdc2a0ed2da5ffa0d_node7.html#session6">node7#session6</a>(<a href="./../../TestMethodTest.java.cd3cd8b636ee5ff567d7c528578264cd.html#LINE139">139</a>) [compute pre] liveness 7
<LISTING class='color_black'>JOIN

LEFT:   normal:{ }, exn:{ }
RIGHT:  normal:{ }, exn:{ }
RESULT: normal:{ }, exn:{ }

</LISTING>
<hr width="100%">
<a name="session7" href="./../nodes/org.junit.tests.running.methods.TestMethodTest.testFailures%28%29%3Avoid.8992dcf714229f5cdc2a0ed2da5ffa0d_node7.html#session7">node7#session7</a>(<a href="./../../TestMethodTest.java.cd3cd8b636ee5ff567d7c528578264cd.html#LINE139">139</a>) [exec] liveness 7
<LISTING class='color_black'>PRE STATE:
normal:{ }, exn:{ }

INSTR=  n$7=_fun_void Assert.assertEquals(long,long)((long)n$5:long,(long)n$6:long) [line 139]; 

STATE:
normal:{ n$5, n$6 }, exn:{ }

INSTR=  n$6=*&amp;$irvar0:int [line 139]; 

STATE:
normal:{ n$5, $irvar0 }, exn:{ }

INSTR=  n$5=*&amp;errorCount:int [line 139]; 

STATE:
normal:{ errorCount, $irvar0 }, exn:{ }

</LISTING>
<hr width="100%">
<a name="session23" href="./../nodes/org.junit.tests.running.methods.TestMethodTest.testFailures%28%29%3Avoid.8992dcf714229f5cdc2a0ed2da5ffa0d_node7.html#session23">node7#session23</a>(<a href="./../../TestMethodTest.java.cd3cd8b636ee5ff567d7c528578264cd.html#LINE139">139</a>) [compute pre] nullify
<LISTING class='color_black'></LISTING>
<hr width="100%">
<a name="session24" href="./../nodes/org.junit.tests.running.methods.TestMethodTest.testFailures%28%29%3Avoid.8992dcf714229f5cdc2a0ed2da5ffa0d_node7.html#session24">node7#session24</a>(<a href="./../../TestMethodTest.java.cd3cd8b636ee5ff567d7c528578264cd.html#LINE139">139</a>) [exec] nullify
<LISTING class='color_black'>PRE STATE:
(normal:{ errorCount, $irvar0 }, exn:{ },
normal:{ _, n$2, n$4, problems }, exn:{ })

INSTR=  n$5=*&amp;errorCount:int [line 139]; 

STATE:
(normal:{ n$5, errorCount, $irvar0 }, exn:{ },
normal:{ _, n$2, n$4, problems }, exn:{ })

INSTR=  n$6=*&amp;$irvar0:int [line 139]; 

STATE:
(normal:{ n$5, n$6, errorCount, $irvar0 }, exn:{ },
normal:{ _, n$2, n$4, problems }, exn:{ })

INSTR=  n$7=_fun_void Assert.assertEquals(long,long)((long)n$5:long,(long)n$6:long) [line 139]; 

STATE:
(normal:{ }, exn:{ },normal:{ n$5, n$6, n$7, errorCount, $irvar0 }, exn:{ })

</LISTING>
<hr width="100%">
<a name="session38" href="./../nodes/org.junit.tests.running.methods.TestMethodTest.testFailures%28%29%3Avoid.8992dcf714229f5cdc2a0ed2da5ffa0d_node7.html#session38">node7#session38</a>(<a href="./../../TestMethodTest.java.cd3cd8b636ee5ff567d7c528578264cd.html#LINE139">139</a>) [compute pre] devirtualizer analysis 7
<LISTING class='color_black'></LISTING>
<hr width="100%">
<a name="session39" href="./../nodes/org.junit.tests.running.methods.TestMethodTest.testFailures%28%29%3Avoid.8992dcf714229f5cdc2a0ed2da5ffa0d_node7.html#session39">node7#session39</a>(<a href="./../../TestMethodTest.java.cd3cd8b636ee5ff567d7c528578264cd.html#LINE139">139</a>) [exec] devirtualizer analysis 7
<LISTING class='color_black'>PRE STATE:
{ }

INSTR=  n$5=*&amp;errorCount:int [line 139]; 

STATE UNCHANGED

INSTR=  n$6=*&amp;$irvar0:int [line 139]; 

STATE UNCHANGED

INSTR=  n$7=_fun_void Assert.assertEquals(long,long)((long)n$5:long,(long)n$6:long) [line 139]; 

STATE UNCHANGED

INSTR=  NULLIFY(&amp;errorCount); [line 139]; 

STATE UNCHANGED

INSTR=  NULLIFY(&amp;$irvar0); [line 139]; 

STATE UNCHANGED

INSTR=  EXIT_SCOPE(n$5,n$6,n$7,errorCount,$irvar0); [line 139]; 

STATE UNCHANGED

</LISTING>
<hr width="100%">
<a name="session45" href="./../nodes/org.junit.tests.running.methods.TestMethodTest.testFailures%28%29%3Avoid.8992dcf714229f5cdc2a0ed2da5ffa0d_node7.html#session45">node7#session45</a>(<a href="./../../TestMethodTest.java.cd3cd8b636ee5ff567d7c528578264cd.html#LINE139">139</a>) [exec] devirtualizer
<LISTING class='color_black'></LISTING>
<hr width="100%">
<a name="session46" href="./../nodes/org.junit.tests.running.methods.TestMethodTest.testFailures%28%29%3Avoid.8992dcf714229f5cdc2a0ed2da5ffa0d_node7.html#session46">node7#session46</a>(<a href="./../../TestMethodTest.java.cd3cd8b636ee5ff567d7c528578264cd.html#LINE139">139</a>) [exec] devirtualizer
<LISTING class='color_black'></LISTING>
<hr width="100%">
<a name="session47" href="./../nodes/org.junit.tests.running.methods.TestMethodTest.testFailures%28%29%3Avoid.8992dcf714229f5cdc2a0ed2da5ffa0d_node7.html#session47">node7#session47</a>(<a href="./../../TestMethodTest.java.cd3cd8b636ee5ff567d7c528578264cd.html#LINE139">139</a>) [exec] devirtualizer
<LISTING class='color_black'></LISTING>
<hr width="100%">
<a name="session48" href="./../nodes/org.junit.tests.running.methods.TestMethodTest.testFailures%28%29%3Avoid.8992dcf714229f5cdc2a0ed2da5ffa0d_node7.html#session48">node7#session48</a>(<a href="./../../TestMethodTest.java.cd3cd8b636ee5ff567d7c528578264cd.html#LINE139">139</a>) [exec] devirtualizer
<LISTING class='color_black'></LISTING>
<hr width="100%">
<a name="session49" href="./../nodes/org.junit.tests.running.methods.TestMethodTest.testFailures%28%29%3Avoid.8992dcf714229f5cdc2a0ed2da5ffa0d_node7.html#session49">node7#session49</a>(<a href="./../../TestMethodTest.java.cd3cd8b636ee5ff567d7c528578264cd.html#LINE139">139</a>) [exec] devirtualizer
<LISTING class='color_black'></LISTING>
<hr width="100%">
<a name="session50" href="./../nodes/org.junit.tests.running.methods.TestMethodTest.testFailures%28%29%3Avoid.8992dcf714229f5cdc2a0ed2da5ffa0d_node7.html#session50">node7#session50</a>(<a href="./../../TestMethodTest.java.cd3cd8b636ee5ff567d7c528578264cd.html#LINE139">139</a>) [exec] devirtualizer
<LISTING class='color_black'></LISTING>
<hr width="100%">
<a name="session8" href="./../nodes/org.junit.tests.running.methods.TestMethodTest.testFailures%28%29%3Avoid.8992dcf714229f5cdc2a0ed2da5ffa0d_node7.html#session8">node7#session8</a>(<a href="./../../TestMethodTest.java.cd3cd8b636ee5ff567d7c528578264cd.html#LINE139">139</a>) [compute pre] starvation
<LISTING class='color_black'></LISTING>
<hr width="100%">
<a name="session9" href="./../nodes/org.junit.tests.running.methods.TestMethodTest.testFailures%28%29%3Avoid.8992dcf714229f5cdc2a0ed2da5ffa0d_node7.html#session9">node7#session9</a>(<a href="./../../TestMethodTest.java.cd3cd8b636ee5ff567d7c528578264cd.html#LINE139">139</a>) [exec] starvation
<LISTING class='color_black'>PRE STATE:
{guard_map= { }; lock_state= {map= { }; acquisitions= { }};
 critical_pairs= { }; attributes= { }; thread= UnknownThread;
 scheduled_work= { }; var_state= { }}

INSTR=  n$5=*&amp;errorCount:int [line 139]; 

STATE:
{guard_map= { }; lock_state= {map= { }; acquisitions= { }};
 critical_pairs= { }; attributes= { }; thread= UnknownThread;
 scheduled_work= { }; var_state= { n$5 -&gt; errorCount }}

INSTR=  n$6=*&amp;$irvar0:int [line 139]; 

STATE:
{guard_map= { }; lock_state= {map= { }; acquisitions= { }};
 critical_pairs= { }; attributes= { }; thread= UnknownThread;
 scheduled_work= { }; var_state= { n$5 -&gt; errorCount, n$6 -&gt; $irvar0 }}

INSTR=  n$7=_fun_void Assert.assertEquals(long,long)((long)n$5:long,(long)n$6:long) [line 139]; 

STATE:
{guard_map= { }; lock_state= {map= { }; acquisitions= { }};
 critical_pairs= { }; attributes= { }; thread= UnknownThread;
 scheduled_work= { }; var_state= { n$5 -&gt; errorCount, n$6 -&gt; $irvar0 }}

INSTR=  NULLIFY(&amp;errorCount); [line 139]; 

STATE UNCHANGED

INSTR=  NULLIFY(&amp;$irvar0); [line 139]; 

STATE UNCHANGED

INSTR=  EXIT_SCOPE(n$5,n$6,n$7,errorCount,$irvar0); [line 139]; 

STATE:
{guard_map= { }; lock_state= {map= { }; acquisitions= { }};
 critical_pairs= { }; attributes= { }; thread= UnknownThread;
 scheduled_work= { }; var_state= { }}

</LISTING>
<hr width="100%">
<a name="session21" href="./../nodes/org.junit.tests.running.methods.TestMethodTest.testFailures%28%29%3Avoid.8992dcf714229f5cdc2a0ed2da5ffa0d_node7.html#session21">node7#session21</a>(<a href="./../../TestMethodTest.java.cd3cd8b636ee5ff567d7c528578264cd.html#LINE139">139</a>) [compute pre] racerd
<LISTING class='color_black'></LISTING>
<hr width="100%">
<a name="session22" href="./../nodes/org.junit.tests.running.methods.TestMethodTest.testFailures%28%29%3Avoid.8992dcf714229f5cdc2a0ed2da5ffa0d_node7.html#session22">node7#session22</a>(<a href="./../../TestMethodTest.java.cd3cd8b636ee5ff567d7c528578264cd.html#LINE139">139</a>) [exec] racerd
<LISTING class='color_black'>PRE STATE:
Threads: NoThread, Locks: 0 
Accesses { {elem= Access: Read of model.TestClass.FIELD_COMPARATOR Thread: NoThread Lock: false Pre: Unowned;
            loc= line 78;
            trace= { List TestMethodTest.validateAllMethods(Class) at line 137,
                     BlockJUnit4ClassRunner.&lt;init&gt;(Class) at line 175,
                     ParentRunner.&lt;init&gt;(Class) at line 74,
                     TestClass ParentRunner.createTestClass(Class) at line 91,
                     TestClass.&lt;init&gt;(Class) at line 111,
                     void TestClass.scanAnnotatedMembers(Map,Map) at line 57,
                     Field[] TestClass.getSortedDeclaredFields(Class) at line 70 }},
           {elem= Access: Read of lang.Void.TYPE Thread: NoThread Lock: false Pre: Unowned;
            loc= line 107;
            trace= { List TestMethodTest.validateAllMethods(Class) at line 137,
                     BlockJUnit4ClassRunner.&lt;init&gt;(Class) at line 175,
                     ParentRunner.&lt;init&gt;(Class) at line 74,
                     void ParentRunner.validate() at line 92,
                     void ParentRunner.collectInitializationErrors(List) at line 523,
                     void ParentRunner.validatePublicVoidNoArgMethods(Class,boolean,List) at line 148,
                     void FrameworkMethod.validatePublicVoidNoArg(boolean,List) at line 178,
                     void FrameworkMethod.validatePublicVoid(boolean,List) at line 83 }},
           {elem= Access: Read of runners.ParentRunner.VALIDATORS Thread: NoThread Lock: false Pre: Unowned;
            loc= line 156;
            trace= { List TestMethodTest.validateAllMethods(Class) at line 137,
                     BlockJUnit4ClassRunner.&lt;init&gt;(Class) at line 175,
                     ParentRunner.&lt;init&gt;(Class) at line 74,
                     void ParentRunner.validate() at line 92,
                     void ParentRunner.collectInitializationErrors(List) at line 523,
                     void ParentRunner.applyValidators(List) at line 151 }},
           {elem= Access: Read of internal.MethodSorter.DEFAULT Thread: NoThread Lock: false Pre: Unowned;
            loc= line 67;
            trace= { List TestMethodTest.validateAllMethods(Class) at line 137,
                     BlockJUnit4ClassRunner.&lt;init&gt;(Class) at line 175,
                     ParentRunner.&lt;init&gt;(Class) at line 74,
                     TestClass ParentRunner.createTestClass(Class) at line 91,
                     TestClass.&lt;init&gt;(Class) at line 111,
                     void TestClass.scanAnnotatedMembers(Map,Map) at line 57,
                     Method[] MethodSorter.getDeclaredMethods(Class) at line 65,
                     Comparator MethodSorter.getSorter(FixMethodOrder) at line 52 }},
           {elem= Access: Read of rules.RuleMemberValidator.CLASS_RULE_METHOD_VALIDATOR Thread: NoThread Lock: false Pre: Unowned;
            loc= line 184;
            trace= { List TestMethodTest.validateAllMethods(Class) at line 137,
                     BlockJUnit4ClassRunner.&lt;init&gt;(Class) at line 175,
                     ParentRunner.&lt;init&gt;(Class) at line 74,
                     void ParentRunner.validate() at line 92,
                     void ParentRunner.collectInitializationErrors(List) at line 523,
                     void ParentRunner.validateClassRules(List) at line 150 }},
           {elem= Access: Read of rules.RuleMemberValidator.CLASS_RULE_VALIDATOR Thread: NoThread Lock: false Pre: Unowned;
            loc= line 183;
            trace= { List TestMethodTest.validateAllMethods(Class) at line 137,
                     BlockJUnit4ClassRunner.&lt;init&gt;(Class) at line 175,
                     ParentRunner.&lt;init&gt;(Class) at line 74,
                     void ParentRunner.validate() at line 92,
                     void ParentRunner.collectInitializationErrors(List) at line 523,
                     void ParentRunner.validateClassRules(List) at line 150 }},
           {elem= Access: Read of rules.RuleMemberValidator.CLASS_RULE_METHOD_VALIDATOR-&gt;annotation Thread: NoThread Lock: false Pre: Unowned;
            loc= line 89;
            trace= { List TestMethodTest.validateAllMethods(Class) at line 137,
                     BlockJUnit4ClassRunner.&lt;init&gt;(Class) at line 175,
                     ParentRunner.&lt;init&gt;(Class) at line 74,
                     void ParentRunner.validate() at line 92,
                     void ParentRunner.collectInitializationErrors(List) at line 523,
                     void ParentRunner.validateClassRules(List) at line 150,
                     void RuleMemberValidator.validate(TestClass,List) at line 184 }},
           {elem= Access: Read of rules.RuleMemberValidator.CLASS_RULE_METHOD_VALIDATOR-&gt;methods Thread: NoThread Lock: false Pre: Unowned;
            loc= line 89;
            trace= { List TestMethodTest.validateAllMethods(Class) at line 137,
                     BlockJUnit4ClassRunner.&lt;init&gt;(Class) at line 175,
                     ParentRunner.&lt;init&gt;(Class) at line 74,
                     void ParentRunner.validate() at line 92,
                     void ParentRunner.collectInitializationErrors(List) at line 523,
                     void ParentRunner.validateClassRules(List) at line 150,
                     void RuleMemberValidator.validate(TestClass,List) at line 184 }},
           {elem= Access: Read of rules.RuleMemberValidator.CLASS_RULE_METHOD_VALIDATOR-&gt;validatorStrategies Thread: NoThread Lock: false Pre: Unowned;
            loc= line 98;
            trace= { List TestMethodTest.validateAllMethods(Class) at line 137,
                     BlockJUnit4ClassRunner.&lt;init&gt;(Class) at line 175,
                     ParentRunner.&lt;init&gt;(Class) at line 74,
                     void ParentRunner.validate() at line 92,
                     void ParentRunner.collectInitializationErrors(List) at line 523,
                     void ParentRunner.validateClassRules(List) at line 150,
                     void RuleMemberValidator.validate(TestClass,List) at line 184,
                     void RuleMemberValidator.validateMember(FrameworkMember,List) at line 93 }},
           {elem= Access: Read of rules.RuleMemberValidator.CLASS_RULE_VALIDATOR-&gt;annotation Thread: NoThread Lock: false Pre: Unowned;
            loc= line 89;
            trace= { List TestMethodTest.validateAllMethods(Class) at line 137,
                     BlockJUnit4ClassRunner.&lt;init&gt;(Class) at line 175,
                     ParentRunner.&lt;init&gt;(Class) at line 74,
                     void ParentRunner.validate() at line 92,
                     void ParentRunner.collectInitializationErrors(List) at line 523,
                     void ParentRunner.validateClassRules(List) at line 150,
                     void RuleMemberValidator.validate(TestClass,List) at line 183 }},
           {elem= Access: Read of rules.RuleMemberValidator.CLASS_RULE_VALIDATOR-&gt;methods Thread: NoThread Lock: false Pre: Unowned;
            loc= line 89;
            trace= { List TestMethodTest.validateAllMethods(Class) at line 137,
                     BlockJUnit4ClassRunner.&lt;init&gt;(Class) at line 175,
                     ParentRunner.&lt;init&gt;(Class) at line 74,
                     void ParentRunner.validate() at line 92,
                     void ParentRunner.collectInitializationErrors(List) at line 523,
                     void ParentRunner.validateClassRules(List) at line 150,
                     void RuleMemberValidator.validate(TestClass,List) at line 183 }},
           {elem= Access: Read of rules.RuleMemberValidator.CLASS_RULE_VALIDATOR-&gt;validatorStrategies Thread: NoThread Lock: false Pre: Unowned;
            loc= line 98;
            trace= { List TestMethodTest.validateAllMethods(Class) at line 137,
                     BlockJUnit4ClassRunner.&lt;init&gt;(Class) at line 175,
                     ParentRunner.&lt;init&gt;(Class) at line 74,
                     void ParentRunner.validate() at line 92,
                     void ParentRunner.collectInitializationErrors(List) at line 523,
                     void ParentRunner.validateClassRules(List) at line 150,
                     void RuleMemberValidator.validate(TestClass,List) at line 183,
                     void RuleMemberValidator.validateMember(FrameworkMember,List) at line 93 }} } 
Ownership: { n$1 -&gt; Owned,
             n$4 -&gt; Owned,
             errorCount -&gt; Owned,
             problems -&gt; Owned,
             this -&gt; OwnedIf{ 0 } } 
Attributes: { errorCount -&gt; Functional } 




INSTR=  n$7 := void Assert.assertEquals(long,long)({ (long) errorCount,
                                                     (long) n$4 }) [line 139]; 

STATE:
Threads: NoThread, Locks: 0 
Accesses { {elem= Access: Read of model.TestClass.FIELD_COMPARATOR Thread: NoThread Lock: false Pre: Unowned;
            loc= line 78;
            trace= { List TestMethodTest.validateAllMethods(Class) at line 137,
                     BlockJUnit4ClassRunner.&lt;init&gt;(Class) at line 175,
                     ParentRunner.&lt;init&gt;(Class) at line 74,
                     TestClass ParentRunner.createTestClass(Class) at line 91,
                     TestClass.&lt;init&gt;(Class) at line 111,
                     void TestClass.scanAnnotatedMembers(Map,Map) at line 57,
                     Field[] TestClass.getSortedDeclaredFields(Class) at line 70 }},
           {elem= Access: Read of lang.Void.TYPE Thread: NoThread Lock: false Pre: Unowned;
            loc= line 107;
            trace= { List TestMethodTest.validateAllMethods(Class) at line 137,
                     BlockJUnit4ClassRunner.&lt;init&gt;(Class) at line 175,
                     ParentRunner.&lt;init&gt;(Class) at line 74,
                     void ParentRunner.validate() at line 92,
                     void ParentRunner.collectInitializationErrors(List) at line 523,
                     void ParentRunner.validatePublicVoidNoArgMethods(Class,boolean,List) at line 148,
                     void FrameworkMethod.validatePublicVoidNoArg(boolean,List) at line 178,
                     void FrameworkMethod.validatePublicVoid(boolean,List) at line 83 }},
           {elem= Access: Read of runners.ParentRunner.VALIDATORS Thread: NoThread Lock: false Pre: Unowned;
            loc= line 156;
            trace= { List TestMethodTest.validateAllMethods(Class) at line 137,
                     BlockJUnit4ClassRunner.&lt;init&gt;(Class) at line 175,
                     ParentRunner.&lt;init&gt;(Class) at line 74,
                     void ParentRunner.validate() at line 92,
                     void ParentRunner.collectInitializationErrors(List) at line 523,
                     void ParentRunner.applyValidators(List) at line 151 }},
           {elem= Access: Read of internal.MethodSorter.DEFAULT Thread: NoThread Lock: false Pre: Unowned;
            loc= line 67;
            trace= { List TestMethodTest.validateAllMethods(Class) at line 137,
                     BlockJUnit4ClassRunner.&lt;init&gt;(Class) at line 175,
                     ParentRunner.&lt;init&gt;(Class) at line 74,
                     TestClass ParentRunner.createTestClass(Class) at line 91,
                     TestClass.&lt;init&gt;(Class) at line 111,
                     void TestClass.scanAnnotatedMembers(Map,Map) at line 57,
                     Method[] MethodSorter.getDeclaredMethods(Class) at line 65,
                     Comparator MethodSorter.getSorter(FixMethodOrder) at line 52 }},
           {elem= Access: Read of rules.RuleMemberValidator.CLASS_RULE_METHOD_VALIDATOR Thread: NoThread Lock: false Pre: Unowned;
            loc= line 184;
            trace= { List TestMethodTest.validateAllMethods(Class) at line 137,
                     BlockJUnit4ClassRunner.&lt;init&gt;(Class) at line 175,
                     ParentRunner.&lt;init&gt;(Class) at line 74,
                     void ParentRunner.validate() at line 92,
                     void ParentRunner.collectInitializationErrors(List) at line 523,
                     void ParentRunner.validateClassRules(List) at line 150 }},
           {elem= Access: Read of rules.RuleMemberValidator.CLASS_RULE_VALIDATOR Thread: NoThread Lock: false Pre: Unowned;
            loc= line 183;
            trace= { List TestMethodTest.validateAllMethods(Class) at line 137,
                     BlockJUnit4ClassRunner.&lt;init&gt;(Class) at line 175,
                     ParentRunner.&lt;init&gt;(Class) at line 74,
                     void ParentRunner.validate() at line 92,
                     void ParentRunner.collectInitializationErrors(List) at line 523,
                     void ParentRunner.validateClassRules(List) at line 150 }},
           {elem= Access: Read of rules.RuleMemberValidator.CLASS_RULE_METHOD_VALIDATOR-&gt;annotation Thread: NoThread Lock: false Pre: Unowned;
            loc= line 89;
            trace= { List TestMethodTest.validateAllMethods(Class) at line 137,
                     BlockJUnit4ClassRunner.&lt;init&gt;(Class) at line 175,
                     ParentRunner.&lt;init&gt;(Class) at line 74,
                     void ParentRunner.validate() at line 92,
                     void ParentRunner.collectInitializationErrors(List) at line 523,
                     void ParentRunner.validateClassRules(List) at line 150,
                     void RuleMemberValidator.validate(TestClass,List) at line 184 }},
           {elem= Access: Read of rules.RuleMemberValidator.CLASS_RULE_METHOD_VALIDATOR-&gt;methods Thread: NoThread Lock: false Pre: Unowned;
            loc= line 89;
            trace= { List TestMethodTest.validateAllMethods(Class) at line 137,
                     BlockJUnit4ClassRunner.&lt;init&gt;(Class) at line 175,
                     ParentRunner.&lt;init&gt;(Class) at line 74,
                     void ParentRunner.validate() at line 92,
                     void ParentRunner.collectInitializationErrors(List) at line 523,
                     void ParentRunner.validateClassRules(List) at line 150,
                     void RuleMemberValidator.validate(TestClass,List) at line 184 }},
           {elem= Access: Read of rules.RuleMemberValidator.CLASS_RULE_METHOD_VALIDATOR-&gt;validatorStrategies Thread: NoThread Lock: false Pre: Unowned;
            loc= line 98;
            trace= { List TestMethodTest.validateAllMethods(Class) at line 137,
                     BlockJUnit4ClassRunner.&lt;init&gt;(Class) at line 175,
                     ParentRunner.&lt;init&gt;(Class) at line 74,
                     void ParentRunner.validate() at line 92,
                     void ParentRunner.collectInitializationErrors(List) at line 523,
                     void ParentRunner.validateClassRules(List) at line 150,
                     void RuleMemberValidator.validate(TestClass,List) at line 184,
                     void RuleMemberValidator.validateMember(FrameworkMember,List) at line 93 }},
           {elem= Access: Read of rules.RuleMemberValidator.CLASS_RULE_VALIDATOR-&gt;annotation Thread: NoThread Lock: false Pre: Unowned;
            loc= line 89;
            trace= { List TestMethodTest.validateAllMethods(Class) at line 137,
                     BlockJUnit4ClassRunner.&lt;init&gt;(Class) at line 175,
                     ParentRunner.&lt;init&gt;(Class) at line 74,
                     void ParentRunner.validate() at line 92,
                     void ParentRunner.collectInitializationErrors(List) at line 523,
                     void ParentRunner.validateClassRules(List) at line 150,
                     void RuleMemberValidator.validate(TestClass,List) at line 183 }},
           {elem= Access: Read of rules.RuleMemberValidator.CLASS_RULE_VALIDATOR-&gt;methods Thread: NoThread Lock: false Pre: Unowned;
            loc= line 89;
            trace= { List TestMethodTest.validateAllMethods(Class) at line 137,
                     BlockJUnit4ClassRunner.&lt;init&gt;(Class) at line 175,
                     ParentRunner.&lt;init&gt;(Class) at line 74,
                     void ParentRunner.validate() at line 92,
                     void ParentRunner.collectInitializationErrors(List) at line 523,
                     void ParentRunner.validateClassRules(List) at line 150,
                     void RuleMemberValidator.validate(TestClass,List) at line 183 }},
           {elem= Access: Read of rules.RuleMemberValidator.CLASS_RULE_VALIDATOR-&gt;validatorStrategies Thread: NoThread Lock: false Pre: Unowned;
            loc= line 98;
            trace= { List TestMethodTest.validateAllMethods(Class) at line 137,
                     BlockJUnit4ClassRunner.&lt;init&gt;(Class) at line 175,
                     ParentRunner.&lt;init&gt;(Class) at line 74,
                     void ParentRunner.validate() at line 92,
                     void ParentRunner.collectInitializationErrors(List) at line 523,
                     void ParentRunner.validateClassRules(List) at line 150,
                     void RuleMemberValidator.validate(TestClass,List) at line 183,
                     void RuleMemberValidator.validateMember(FrameworkMember,List) at line 93 }} } 
Ownership: { n$1 -&gt; Owned,
             n$4 -&gt; Owned,
             n$7 -&gt; Unowned,
             errorCount -&gt; Owned,
             problems -&gt; Owned,
             this -&gt; OwnedIf{ 0 } } 
Attributes: { errorCount -&gt; Functional } 


INSTR=  NULLIFY(&amp;errorCount); [line 139]; 

STATE UNCHANGED

INSTR=  NULLIFY(&amp;$irvar0); [line 139]; 

STATE UNCHANGED

INSTR=  EXIT_SCOPE(n$7,errorCount); [line 139]; 

STATE:
Threads: NoThread, Locks: 0 
Accesses { {elem= Access: Read of model.TestClass.FIELD_COMPARATOR Thread: NoThread Lock: false Pre: Unowned;
            loc= line 78;
            trace= { List TestMethodTest.validateAllMethods(Class) at line 137,
                     BlockJUnit4ClassRunner.&lt;init&gt;(Class) at line 175,
                     ParentRunner.&lt;init&gt;(Class) at line 74,
                     TestClass ParentRunner.createTestClass(Class) at line 91,
                     TestClass.&lt;init&gt;(Class) at line 111,
                     void TestClass.scanAnnotatedMembers(Map,Map) at line 57,
                     Field[] TestClass.getSortedDeclaredFields(Class) at line 70 }},
           {elem= Access: Read of lang.Void.TYPE Thread: NoThread Lock: false Pre: Unowned;
            loc= line 107;
            trace= { List TestMethodTest.validateAllMethods(Class) at line 137,
                     BlockJUnit4ClassRunner.&lt;init&gt;(Class) at line 175,
                     ParentRunner.&lt;init&gt;(Class) at line 74,
                     void ParentRunner.validate() at line 92,
                     void ParentRunner.collectInitializationErrors(List) at line 523,
                     void ParentRunner.validatePublicVoidNoArgMethods(Class,boolean,List) at line 148,
                     void FrameworkMethod.validatePublicVoidNoArg(boolean,List) at line 178,
                     void FrameworkMethod.validatePublicVoid(boolean,List) at line 83 }},
           {elem= Access: Read of runners.ParentRunner.VALIDATORS Thread: NoThread Lock: false Pre: Unowned;
            loc= line 156;
            trace= { List TestMethodTest.validateAllMethods(Class) at line 137,
                     BlockJUnit4ClassRunner.&lt;init&gt;(Class) at line 175,
                     ParentRunner.&lt;init&gt;(Class) at line 74,
                     void ParentRunner.validate() at line 92,
                     void ParentRunner.collectInitializationErrors(List) at line 523,
                     void ParentRunner.applyValidators(List) at line 151 }},
           {elem= Access: Read of internal.MethodSorter.DEFAULT Thread: NoThread Lock: false Pre: Unowned;
            loc= line 67;
            trace= { List TestMethodTest.validateAllMethods(Class) at line 137,
                     BlockJUnit4ClassRunner.&lt;init&gt;(Class) at line 175,
                     ParentRunner.&lt;init&gt;(Class) at line 74,
                     TestClass ParentRunner.createTestClass(Class) at line 91,
                     TestClass.&lt;init&gt;(Class) at line 111,
                     void TestClass.scanAnnotatedMembers(Map,Map) at line 57,
                     Method[] MethodSorter.getDeclaredMethods(Class) at line 65,
                     Comparator MethodSorter.getSorter(FixMethodOrder) at line 52 }},
           {elem= Access: Read of rules.RuleMemberValidator.CLASS_RULE_METHOD_VALIDATOR Thread: NoThread Lock: false Pre: Unowned;
            loc= line 184;
            trace= { List TestMethodTest.validateAllMethods(Class) at line 137,
                     BlockJUnit4ClassRunner.&lt;init&gt;(Class) at line 175,
                     ParentRunner.&lt;init&gt;(Class) at line 74,
                     void ParentRunner.validate() at line 92,
                     void ParentRunner.collectInitializationErrors(List) at line 523,
                     void ParentRunner.validateClassRules(List) at line 150 }},
           {elem= Access: Read of rules.RuleMemberValidator.CLASS_RULE_VALIDATOR Thread: NoThread Lock: false Pre: Unowned;
            loc= line 183;
            trace= { List TestMethodTest.validateAllMethods(Class) at line 137,
                     BlockJUnit4ClassRunner.&lt;init&gt;(Class) at line 175,
                     ParentRunner.&lt;init&gt;(Class) at line 74,
                     void ParentRunner.validate() at line 92,
                     void ParentRunner.collectInitializationErrors(List) at line 523,
                     void ParentRunner.validateClassRules(List) at line 150 }},
           {elem= Access: Read of rules.RuleMemberValidator.CLASS_RULE_METHOD_VALIDATOR-&gt;annotation Thread: NoThread Lock: false Pre: Unowned;
            loc= line 89;
            trace= { List TestMethodTest.validateAllMethods(Class) at line 137,
                     BlockJUnit4ClassRunner.&lt;init&gt;(Class) at line 175,
                     ParentRunner.&lt;init&gt;(Class) at line 74,
                     void ParentRunner.validate() at line 92,
                     void ParentRunner.collectInitializationErrors(List) at line 523,
                     void ParentRunner.validateClassRules(List) at line 150,
                     void RuleMemberValidator.validate(TestClass,List) at line 184 }},
           {elem= Access: Read of rules.RuleMemberValidator.CLASS_RULE_METHOD_VALIDATOR-&gt;methods Thread: NoThread Lock: false Pre: Unowned;
            loc= line 89;
            trace= { List TestMethodTest.validateAllMethods(Class) at line 137,
                     BlockJUnit4ClassRunner.&lt;init&gt;(Class) at line 175,
                     ParentRunner.&lt;init&gt;(Class) at line 74,
                     void ParentRunner.validate() at line 92,
                     void ParentRunner.collectInitializationErrors(List) at line 523,
                     void ParentRunner.validateClassRules(List) at line 150,
                     void RuleMemberValidator.validate(TestClass,List) at line 184 }},
           {elem= Access: Read of rules.RuleMemberValidator.CLASS_RULE_METHOD_VALIDATOR-&gt;validatorStrategies Thread: NoThread Lock: false Pre: Unowned;
            loc= line 98;
            trace= { List TestMethodTest.validateAllMethods(Class) at line 137,
                     BlockJUnit4ClassRunner.&lt;init&gt;(Class) at line 175,
                     ParentRunner.&lt;init&gt;(Class) at line 74,
                     void ParentRunner.validate() at line 92,
                     void ParentRunner.collectInitializationErrors(List) at line 523,
                     void ParentRunner.validateClassRules(List) at line 150,
                     void RuleMemberValidator.validate(TestClass,List) at line 184,
                     void RuleMemberValidator.validateMember(FrameworkMember,List) at line 93 }},
           {elem= Access: Read of rules.RuleMemberValidator.CLASS_RULE_VALIDATOR-&gt;annotation Thread: NoThread Lock: false Pre: Unowned;
            loc= line 89;
            trace= { List TestMethodTest.validateAllMethods(Class) at line 137,
                     BlockJUnit4ClassRunner.&lt;init&gt;(Class) at line 175,
                     ParentRunner.&lt;init&gt;(Class) at line 74,
                     void ParentRunner.validate() at line 92,
                     void ParentRunner.collectInitializationErrors(List) at line 523,
                     void ParentRunner.validateClassRules(List) at line 150,
                     void RuleMemberValidator.validate(TestClass,List) at line 183 }},
           {elem= Access: Read of rules.RuleMemberValidator.CLASS_RULE_VALIDATOR-&gt;methods Thread: NoThread Lock: false Pre: Unowned;
            loc= line 89;
            trace= { List TestMethodTest.validateAllMethods(Class) at line 137,
                     BlockJUnit4ClassRunner.&lt;init&gt;(Class) at line 175,
                     ParentRunner.&lt;init&gt;(Class) at line 74,
                     void ParentRunner.validate() at line 92,
                     void ParentRunner.collectInitializationErrors(List) at line 523,
                     void ParentRunner.validateClassRules(List) at line 150,
                     void RuleMemberValidator.validate(TestClass,List) at line 183 }},
           {elem= Access: Read of rules.RuleMemberValidator.CLASS_RULE_VALIDATOR-&gt;validatorStrategies Thread: NoThread Lock: false Pre: Unowned;
            loc= line 98;
            trace= { List TestMethodTest.validateAllMethods(Class) at line 137,
                     BlockJUnit4ClassRunner.&lt;init&gt;(Class) at line 175,
                     ParentRunner.&lt;init&gt;(Class) at line 74,
                     void ParentRunner.validate() at line 92,
                     void ParentRunner.collectInitializationErrors(List) at line 523,
                     void ParentRunner.validateClassRules(List) at line 150,
                     void RuleMemberValidator.validate(TestClass,List) at line 183,
                     void RuleMemberValidator.validateMember(FrameworkMember,List) at line 93 }} } 
Ownership: { n$1 -&gt; Owned,
             n$4 -&gt; Owned,
             n$7 -&gt; Unowned,
             errorCount -&gt; Owned,
             problems -&gt; Owned,
             this -&gt; OwnedIf{ 0 } } 
Attributes: { errorCount -&gt; Functional } 


</LISTING>
<hr width="100%">
<a name="session31" href="./../nodes/org.junit.tests.running.methods.TestMethodTest.testFailures%28%29%3Avoid.8992dcf714229f5cdc2a0ed2da5ffa0d_node7.html#session31">node7#session31</a>(<a href="./../../TestMethodTest.java.cd3cd8b636ee5ff567d7c528578264cd.html#LINE139">139</a>) biabduction
<LISTING class='color_black'>**** [FP:Pending] void TestMethodTest.testFailures() Node: 7, Procedure: void TestMethodTest.testFailures(), Todo: 1 ****
  PROP 1 of 1:
  <span class='color_blue'><span class='color_red'>null != org.junit.tests.running.methods.TestMethodTest$EverythingWrong</span>; <span class='color_red'>UND &lt; List Collections.emptyList() &gt; :179(_t$1)</span>; <span class='color_red'>UND &lt; int List.size() &gt; :139($irvar0)</span> ;
  <span class='color_red'>errorCount = 21<span class='color_orange'>update:138</span>:int</span>; <span class='color_red'>problems = 0<span class='color_orange'>nullify</span>:java.util.List*</span>; <span class='color_red'>$irvar0 = @f$1<span class='color_orange'>update:139</span>:void</span>; <span class='color_red'>return = _t$0<span class='color_orange'>initial</span>:void</span>; <span class='color_red'>this = 0<span class='color_orange'>nullify</span>:org.junit.tests.running.methods.TestMethodTest*( sub )</span>; <span class='color_red'>old_this = @f$0<span class='color_orange'>formal</span>:org.junit.tests.running.methods.TestMethodTest*( sub )</span>
  [footprint
     <span class='color_red'>null != org.junit.tests.running.methods.TestMethodTest$EverythingWrong</span> *
     <span class='color_red'>$RET_java.util.List.size():int|abducedRetvar = @f$1<span class='color_orange'>none</span>:int( sub )</span>; <span class='color_red'>this = @f$0<span class='color_orange'>formal</span>:org.junit.tests.running.methods.TestMethodTest*( sub )</span>  ]</span>
  .... Instructions: ....
  <span class='color_green'>n$5=*&amp;errorCount:int [line 139];
  n$6=*&amp;$irvar0:int [line 139];
  n$7=_fun_void Assert.assertEquals(long,long)((long)n$5:long,(long)n$6:long) [line 139];
  NULLIFY(&amp;errorCount); [line 139];
  NULLIFY(&amp;$irvar0); [line 139];
  EXIT_SCOPE(n$5,n$6,n$7,errorCount,$irvar0); [line 139];
  </span>
  
  Processing prop 1/1
    Instruction <span class='color_green'>n$5=*&amp;errorCount:int [line 139]</span>
    .... Rearrangement Start ....
    Exp: &amp;errorCount
    Prop:
    <span class='color_blue'>null != org.junit.tests.running.methods.TestMethodTest$EverythingWrong; UND &lt; List Collections.emptyList() &gt; :179(n$28); UND &lt; int List.size() &gt; :139($irvar0) ;
    errorCount = 21<span class='color_orange'>update:138</span>:int; problems = 0<span class='color_orange'>nullify</span>:java.util.List*; $irvar0 = @f$1<span class='color_orange'>update:139</span>:void; return = n$27<span class='color_orange'>initial</span>:void; this = 0<span class='color_orange'>nullify</span>:org.junit.tests.running.methods.TestMethodTest*( sub ); old_this = @f$0<span class='color_orange'>formal</span>:org.junit.tests.running.methods.TestMethodTest*( sub )
    [footprint
       null != org.junit.tests.running.methods.TestMethodTest$EverythingWrong *
       $RET_java.util.List.size():int|abducedRetvar = @f$1<span class='color_orange'>none</span>:int( sub ); this = @f$0<span class='color_orange'>formal</span>:org.junit.tests.running.methods.TestMethodTest*( sub )  ]</span>
    
    in prop_iter_extend_ptsto lexp: &amp;errorCount
    prop before:
    <span class='color_blue'>null != org.junit.tests.running.methods.TestMethodTest$EverythingWrong; UND &lt; List Collections.emptyList() &gt; :179(n$28); UND &lt; int List.size() &gt; :139($irvar0) ;
    errorCount = 21<span class='color_orange'>update:138</span>:int; problems = 0<span class='color_orange'>nullify</span>:java.util.List*; $irvar0 = @f$1<span class='color_orange'>update:139</span>:void; return = n$27<span class='color_orange'>initial</span>:void; this = 0<span class='color_orange'>nullify</span>:org.junit.tests.running.methods.TestMethodTest*( sub ); old_this = @f$0<span class='color_orange'>formal</span>:org.junit.tests.running.methods.TestMethodTest*( sub )
    [footprint
       null != org.junit.tests.running.methods.TestMethodTest$EverythingWrong *
       $RET_java.util.List.size():int|abducedRetvar = @f$1<span class='color_orange'>none</span>:int( sub ); this = @f$0<span class='color_orange'>formal</span>:org.junit.tests.running.methods.TestMethodTest*( sub )  ]</span>
    
    
    prop list after:
    PROP 1 of 1:
    <span class='color_blue'><span class='color_blue'>null != org.junit.tests.running.methods.TestMethodTest$EverythingWrong</span>; <span class='color_blue'>UND &lt; List Collections.emptyList() &gt; :179(n$28)</span>; <span class='color_blue'>UND &lt; int List.size() &gt; :139($irvar0)</span> ;
    <span class='color_blue'>errorCount = 21<span class='color_orange'>update:138</span>:int</span>; <span class='color_blue'>problems = 0<span class='color_orange'>nullify</span>:java.util.List*</span>; <span class='color_blue'>$irvar0 = @f$1<span class='color_orange'>update:139</span>:void</span>; <span class='color_blue'>return = n$27<span class='color_orange'>initial</span>:void</span>; <span class='color_blue'>this = 0<span class='color_orange'>nullify</span>:org.junit.tests.running.methods.TestMethodTest*( sub )</span>; <span class='color_blue'>old_this = @f$0<span class='color_orange'>formal</span>:org.junit.tests.running.methods.TestMethodTest*( sub )</span>
    [footprint
       <span class='color_blue'>null != org.junit.tests.running.methods.TestMethodTest$EverythingWrong</span> *
       <span class='color_blue'>$RET_java.util.List.size():int|abducedRetvar = @f$1<span class='color_orange'>none</span>:int( sub )</span>; <span class='color_blue'>this = @f$0<span class='color_orange'>formal</span>:org.junit.tests.running.methods.TestMethodTest*( sub )</span>  ]</span>
    
    
    
    Instruction Returns
    PROP 1 of 1:
    <span class='color_blue'><span class='color_red'>n$5 = 21</span> ;
    <span class='color_blue'>null != org.junit.tests.running.methods.TestMethodTest$EverythingWrong</span>; <span class='color_blue'>UND &lt; List Collections.emptyList() &gt; :179(_t$1)</span>; <span class='color_blue'>UND &lt; int List.size() &gt; :139($irvar0)</span> ;
    <span class='color_blue'>errorCount = 21<span class='color_orange'>update:138</span>:int</span>; <span class='color_blue'>problems = 0<span class='color_orange'>nullify</span>:java.util.List*</span>; <span class='color_blue'>$irvar0 = @f$1<span class='color_orange'>update:139</span>:void</span>; <span class='color_blue'>return = _t$0<span class='color_orange'>initial</span>:void</span>; <span class='color_blue'>this = 0<span class='color_orange'>nullify</span>:org.junit.tests.running.methods.TestMethodTest*( sub )</span>; <span class='color_blue'>old_this = @f$0<span class='color_orange'>formal</span>:org.junit.tests.running.methods.TestMethodTest*( sub )</span>
    [footprint
       <span class='color_blue'>null != org.junit.tests.running.methods.TestMethodTest$EverythingWrong</span> *
       <span class='color_blue'>$RET_java.util.List.size():int|abducedRetvar = @f$1<span class='color_orange'>none</span>:int( sub )</span>; <span class='color_blue'>this = @f$0<span class='color_orange'>formal</span>:org.junit.tests.running.methods.TestMethodTest*( sub )</span>  ]</span>
    
    Instruction <span class='color_green'>n$6=*&amp;$irvar0:int [line 139]</span>
    .... Rearrangement Start ....
    Exp: &amp;$irvar0
    Prop:
    <span class='color_blue'>n$5 = 21 ;
    null != org.junit.tests.running.methods.TestMethodTest$EverythingWrong; UND &lt; List Collections.emptyList() &gt; :179(n$30); UND &lt; int List.size() &gt; :139($irvar0) ;
    errorCount = 21<span class='color_orange'>update:138</span>:int; problems = 0<span class='color_orange'>nullify</span>:java.util.List*; $irvar0 = @f$1<span class='color_orange'>update:139</span>:void; return = n$29<span class='color_orange'>initial</span>:void; this = 0<span class='color_orange'>nullify</span>:org.junit.tests.running.methods.TestMethodTest*( sub ); old_this = @f$0<span class='color_orange'>formal</span>:org.junit.tests.running.methods.TestMethodTest*( sub )
    [footprint
       null != org.junit.tests.running.methods.TestMethodTest$EverythingWrong *
       $RET_java.util.List.size():int|abducedRetvar = @f$1<span class='color_orange'>none</span>:int( sub ); this = @f$0<span class='color_orange'>formal</span>:org.junit.tests.running.methods.TestMethodTest*( sub )  ]</span>
    
    in prop_iter_extend_ptsto lexp: &amp;$irvar0
    prop before:
    <span class='color_blue'>n$5 = 21 ;
    null != org.junit.tests.running.methods.TestMethodTest$EverythingWrong; UND &lt; List Collections.emptyList() &gt; :179(n$30); UND &lt; int List.size() &gt; :139($irvar0) ;
    errorCount = 21<span class='color_orange'>update:138</span>:int; problems = 0<span class='color_orange'>nullify</span>:java.util.List*; $irvar0 = @f$1<span class='color_orange'>update:139</span>:void; return = n$29<span class='color_orange'>initial</span>:void; this = 0<span class='color_orange'>nullify</span>:org.junit.tests.running.methods.TestMethodTest*( sub ); old_this = @f$0<span class='color_orange'>formal</span>:org.junit.tests.running.methods.TestMethodTest*( sub )
    [footprint
       null != org.junit.tests.running.methods.TestMethodTest$EverythingWrong *
       $RET_java.util.List.size():int|abducedRetvar = @f$1<span class='color_orange'>none</span>:int( sub ); this = @f$0<span class='color_orange'>formal</span>:org.junit.tests.running.methods.TestMethodTest*( sub )  ]</span>
    
    
    prop list after:
    PROP 1 of 1:
    <span class='color_blue'><span class='color_blue'>n$5 = 21</span> ;
    <span class='color_blue'>null != org.junit.tests.running.methods.TestMethodTest$EverythingWrong</span>; <span class='color_blue'>UND &lt; List Collections.emptyList() &gt; :179(n$30)</span>; <span class='color_blue'>UND &lt; int List.size() &gt; :139($irvar0)</span> ;
    <span class='color_blue'>errorCount = 21<span class='color_orange'>update:138</span>:int</span>; <span class='color_blue'>problems = 0<span class='color_orange'>nullify</span>:java.util.List*</span>; <span class='color_blue'>$irvar0 = @f$1<span class='color_orange'>update:139</span>:void</span>; <span class='color_blue'>return = n$29<span class='color_orange'>initial</span>:void</span>; <span class='color_blue'>this = 0<span class='color_orange'>nullify</span>:org.junit.tests.running.methods.TestMethodTest*( sub )</span>; <span class='color_blue'>old_this = @f$0<span class='color_orange'>formal</span>:org.junit.tests.running.methods.TestMethodTest*( sub )</span>
    [footprint
       <span class='color_blue'>null != org.junit.tests.running.methods.TestMethodTest$EverythingWrong</span> *
       <span class='color_blue'>$RET_java.util.List.size():int|abducedRetvar = @f$1<span class='color_orange'>none</span>:int( sub )</span>; <span class='color_blue'>this = @f$0<span class='color_orange'>formal</span>:org.junit.tests.running.methods.TestMethodTest*( sub )</span>  ]</span>
    
    
    
    Instruction Returns
    PROP 1 of 1:
    <span class='color_blue'><span class='color_blue'>n$5 = 21</span>; <span class='color_red'>n$6 = $irvar0</span> ;
    <span class='color_blue'>null != org.junit.tests.running.methods.TestMethodTest$EverythingWrong</span>; <span class='color_blue'>UND &lt; List Collections.emptyList() &gt; :179(_t$1)</span>; <span class='color_blue'>UND &lt; int List.size() &gt; :139($irvar0)</span> ;
    <span class='color_blue'>errorCount = 21<span class='color_orange'>update:138</span>:int</span>; <span class='color_blue'>problems = 0<span class='color_orange'>nullify</span>:java.util.List*</span>; <span class='color_blue'>$irvar0 = @f$1<span class='color_orange'>update:139</span>:void</span>; <span class='color_blue'>return = _t$0<span class='color_orange'>initial</span>:void</span>; <span class='color_blue'>this = 0<span class='color_orange'>nullify</span>:org.junit.tests.running.methods.TestMethodTest*( sub )</span>; <span class='color_blue'>old_this = @f$0<span class='color_orange'>formal</span>:org.junit.tests.running.methods.TestMethodTest*( sub )</span>
    [footprint
       <span class='color_blue'>null != org.junit.tests.running.methods.TestMethodTest$EverythingWrong</span> *
       <span class='color_blue'>$RET_java.util.List.size():int|abducedRetvar = @f$1<span class='color_orange'>none</span>:int( sub )</span>; <span class='color_blue'>this = @f$0<span class='color_orange'>formal</span>:org.junit.tests.running.methods.TestMethodTest*( sub )</span>  ]</span>
    
    Instruction <span class='color_green'>n$7=_fun_void Assert.assertEquals(long,long)((long)n$5:long,(long)n$6:long) [line 139]</span>
    Found 2 specs for function org.junit.Assert.assertEquals(long,long):void
    START EXECUTING SPECS FOR org.junit.Assert.assertEquals(long,long):void from state
    <span class='color_blue'>n$5 = 21; n$6 = $irvar0 ;
    null != org.junit.tests.running.methods.TestMethodTest$EverythingWrong; UND &lt; List Collections.emptyList() &gt; :179(n$32); UND &lt; int List.size() &gt; :139($irvar0) ;
    errorCount = 21<span class='color_orange'>update:138</span>:int; problems = 0<span class='color_orange'>nullify</span>:java.util.List*; $irvar0 = @f$1<span class='color_orange'>update:139</span>:void; return = n$31<span class='color_orange'>initial</span>:void; this = 0<span class='color_orange'>nullify</span>:org.junit.tests.running.methods.TestMethodTest*( sub ); old_this = @f$0<span class='color_orange'>formal</span>:org.junit.tests.running.methods.TestMethodTest*( sub )
    [footprint
       null != org.junit.tests.running.methods.TestMethodTest$EverythingWrong *
       $RET_java.util.List.size():int|abducedRetvar = @f$1<span class='color_orange'>none</span>:int( sub ); this = @f$0<span class='color_orange'>formal</span>:org.junit.tests.running.methods.TestMethodTest*( sub )  ]</span>
    EXECUTING SPEC 1/2
    ACTUAL PRECONDITION =
      <span class='color_blue'>n$5 = 21; n$6 = $irvar0 ;
      null != org.junit.tests.running.methods.TestMethodTest$EverythingWrong; UND &lt; List Collections.emptyList() &gt; :179(n$32); UND &lt; int List.size() &gt; :139($irvar0) ;
      actual|callee = @f$1<span class='color_orange'>actual_precondition</span>:long; errorCount = 21<span class='color_orange'>update:138</span>:int; problems = 0<span class='color_orange'>nullify</span>:java.util.List*; $irvar0 = @f$1<span class='color_orange'>update:139</span>:void; return = n$31<span class='color_orange'>initial</span>:void; this = 0<span class='color_orange'>nullify</span>:org.junit.tests.running.methods.TestMethodTest*( sub ); old_this = @f$0<span class='color_orange'>formal</span>:org.junit.tests.running.methods.TestMethodTest*( sub ); expected|callee = 21<span class='color_orange'>actual_precondition</span>:long
      [footprint
         null != org.junit.tests.running.methods.TestMethodTest$EverythingWrong *
         $RET_java.util.List.size():int|abducedRetvar = @f$1<span class='color_orange'>none</span>:int( sub ); this = @f$0<span class='color_orange'>formal</span>:org.junit.tests.running.methods.TestMethodTest*( sub )  ]</span>
    SPEC =
      --------------------------- ---------- ---------------------------
      PRE:
      <span class='color_blue'><span class='color_blue'>actual|callee = _t$60<span class='color_orange'>formal</span>:long( sub ); expected|callee = _t$60<span class='color_orange'>formal</span>:long( sub )</span></span>
      POST 1 of 1:
      <span class='color_blue'><span class='color_red'>return|callee = _t$61<span class='color_orange'>initial</span>:void</span></span>
      ----------------------------------------------------------------
    pre_check_pure_implication
    pi1:
      n$5 = 21; n$6 = @f$1; null != org.junit.tests.running.methods.TestMethodTest$EverythingWrong; UND &lt; List Collections.emptyList() &gt; :179(n$32); UND &lt; int List.size() &gt; :139(@f$1)
    pi2:
      
    returns
    sub1:
      n$5 = 21; n$6 = @f$1
    sub2:
      n$5 = 21
    Current Implication
    SUB:
      n$5 = 21; n$6 = @f$1
    <span class='color_blue'>null != org.junit.tests.running.methods.TestMethodTest$EverythingWrong; UND &lt; List Collections.emptyList() &gt; :179(n$32); UND &lt; int List.size() &gt; :139($irvar0); 21 = 21; $irvar0 = $irvar0 ;
    actual|callee = @f$1<span class='color_orange'>actual_precondition</span>:long; errorCount = 21<span class='color_orange'>update:138</span>:int; problems = 0<span class='color_orange'>nullify</span>:java.util.List*; $irvar0 = @f$1<span class='color_orange'>update:139</span>:void; return = n$31<span class='color_orange'>initial</span>:void; this = 0<span class='color_orange'>nullify</span>:org.junit.tests.running.methods.TestMethodTest*( sub ); old_this = @f$0<span class='color_orange'>formal</span>:org.junit.tests.running.methods.TestMethodTest*( sub ); expected|callee = 21<span class='color_orange'>actual_precondition</span>:long
    [footprint
       null != org.junit.tests.running.methods.TestMethodTest$EverythingWrong *
       $RET_java.util.List.size():int|abducedRetvar = @f$1<span class='color_orange'>none</span>:int( sub ); this = @f$0<span class='color_orange'>formal</span>:org.junit.tests.running.methods.TestMethodTest*( sub )  ]</span>
    [SUB: 
      n$5 = 21]
    |-
    <span class='color_blue'>actual|callee = _t$60<span class='color_orange'>formal</span>:long( sub ); expected|callee = _t$60<span class='color_orange'>formal</span>:long( sub )</span>
    
      do_imply @f$1 _t$60
        Current Implication
        SUB:
          n$5 = 21; n$6 = @f$1
        <span class='color_blue'>null != org.junit.tests.running.methods.TestMethodTest$EverythingWrong; UND &lt; List Collections.emptyList() &gt; :179(n$32); UND &lt; int List.size() &gt; :139($irvar0); 21 = 21; $irvar0 = $irvar0 ;
        errorCount = 21<span class='color_orange'>update:138</span>:int; problems = 0<span class='color_orange'>nullify</span>:java.util.List*; $irvar0 = @f$1<span class='color_orange'>update:139</span>:void; return = n$31<span class='color_orange'>initial</span>:void; this = 0<span class='color_orange'>nullify</span>:org.junit.tests.running.methods.TestMethodTest*( sub ); old_this = @f$0<span class='color_orange'>formal</span>:org.junit.tests.running.methods.TestMethodTest*( sub ); expected|callee = 21<span class='color_orange'>actual_precondition</span>:long
        [footprint
           null != org.junit.tests.running.methods.TestMethodTest$EverythingWrong *
           $RET_java.util.List.size():int|abducedRetvar = @f$1<span class='color_orange'>none</span>:int( sub ); this = @f$0<span class='color_orange'>formal</span>:org.junit.tests.running.methods.TestMethodTest*( sub )  ]</span>
        [SUB: 
          n$5 = 21; _t$60 = @f$1]
        |-
        <span class='color_blue'>expected|callee = @f$1<span class='color_orange'>formal</span>:long( sub )</span>
        
          do_imply 21 @f$1
          WARNING: footprint failed to find MISSING because: expressions not equal
    EXECUTING SPEC 2/2
    ACTUAL PRECONDITION =
      <span class='color_blue'>n$5 = 21; n$6 = $irvar0 ;
      null != org.junit.tests.running.methods.TestMethodTest$EverythingWrong; UND &lt; List Collections.emptyList() &gt; :179(n$32); UND &lt; int List.size() &gt; :139($irvar0) ;
      actual|callee = @f$1<span class='color_orange'>actual_precondition</span>:long; errorCount = 21<span class='color_orange'>update:138</span>:int; problems = 0<span class='color_orange'>nullify</span>:java.util.List*; $irvar0 = @f$1<span class='color_orange'>update:139</span>:void; return = n$31<span class='color_orange'>initial</span>:void; this = 0<span class='color_orange'>nullify</span>:org.junit.tests.running.methods.TestMethodTest*( sub ); old_this = @f$0<span class='color_orange'>formal</span>:org.junit.tests.running.methods.TestMethodTest*( sub ); expected|callee = 21<span class='color_orange'>actual_precondition</span>:long
      [footprint
         null != org.junit.tests.running.methods.TestMethodTest$EverythingWrong *
         $RET_java.util.List.size():int|abducedRetvar = @f$1<span class='color_orange'>none</span>:int( sub ); this = @f$0<span class='color_orange'>formal</span>:org.junit.tests.running.methods.TestMethodTest*( sub )  ]</span>
    SPEC =
      --------------------------- ---------- ---------------------------
      PRE:
      <span class='color_blue'><span class='color_blue'>actual|callee != expected|callee ;
      actual|callee = _t$62<span class='color_orange'>formal</span>:long( sub ); expected|callee = _t$63<span class='color_orange'>formal</span>:long( sub )</span></span>
      POST 1 of 1:
      <span class='color_blue'>actual|callee != expected|callee; <span class='color_red'>MEMne &lt; void Assert.assertEquals(String,long,long):633 &gt; <span class='color_orange'>{vpath: }</span>(_t$64)</span> ;
      <span class='color_red'>return|callee = EXN _t$64<span class='color_orange'>update:633</span>:void</span> ;
      <span class='color_red'>_t$64|->{}<span class='color_orange'>alloc</span>:java.lang.AssertionError</span></span>
      ----------------------------------------------------------------
    pre_check_pure_implication
    pi1:
      n$5 = 21; n$6 = @f$1; null != org.junit.tests.running.methods.TestMethodTest$EverythingWrong; UND &lt; List Collections.emptyList() &gt; :179(n$32); UND &lt; int List.size() &gt; :139(@f$1)
    pi2:
      _t$62 != _t$63
    returns
    sub1:
      n$5 = 21; n$6 = @f$1
    sub2:
      n$5 = 21
    Current Implication
    SUB:
      n$5 = 21; n$6 = @f$1
    <span class='color_blue'>null != org.junit.tests.running.methods.TestMethodTest$EverythingWrong; UND &lt; List Collections.emptyList() &gt; :179(n$32); UND &lt; int List.size() &gt; :139($irvar0); 21 = 21; $irvar0 = $irvar0 ;
    actual|callee = @f$1<span class='color_orange'>actual_precondition</span>:long; errorCount = 21<span class='color_orange'>update:138</span>:int; problems = 0<span class='color_orange'>nullify</span>:java.util.List*; $irvar0 = @f$1<span class='color_orange'>update:139</span>:void; return = n$31<span class='color_orange'>initial</span>:void; this = 0<span class='color_orange'>nullify</span>:org.junit.tests.running.methods.TestMethodTest*( sub ); old_this = @f$0<span class='color_orange'>formal</span>:org.junit.tests.running.methods.TestMethodTest*( sub ); expected|callee = 21<span class='color_orange'>actual_precondition</span>:long
    [footprint
       null != org.junit.tests.running.methods.TestMethodTest$EverythingWrong *
       $RET_java.util.List.size():int|abducedRetvar = @f$1<span class='color_orange'>none</span>:int( sub ); this = @f$0<span class='color_orange'>formal</span>:org.junit.tests.running.methods.TestMethodTest*( sub )  ]</span>
    [SUB: 
      n$5 = 21]
    |-
    <span class='color_blue'>actual|callee = _t$62<span class='color_orange'>formal</span>:long( sub ); expected|callee = _t$63<span class='color_orange'>formal</span>:long( sub )</span>
    
      do_imply @f$1 _t$62
        Current Implication
        SUB:
          n$5 = 21; n$6 = @f$1
        <span class='color_blue'>null != org.junit.tests.running.methods.TestMethodTest$EverythingWrong; UND &lt; List Collections.emptyList() &gt; :179(n$32); UND &lt; int List.size() &gt; :139($irvar0); 21 = 21; $irvar0 = $irvar0 ;
        errorCount = 21<span class='color_orange'>update:138</span>:int; problems = 0<span class='color_orange'>nullify</span>:java.util.List*; $irvar0 = @f$1<span class='color_orange'>update:139</span>:void; return = n$31<span class='color_orange'>initial</span>:void; this = 0<span class='color_orange'>nullify</span>:org.junit.tests.running.methods.TestMethodTest*( sub ); old_this = @f$0<span class='color_orange'>formal</span>:org.junit.tests.running.methods.TestMethodTest*( sub ); expected|callee = 21<span class='color_orange'>actual_precondition</span>:long
        [footprint
           null != org.junit.tests.running.methods.TestMethodTest$EverythingWrong *
           $RET_java.util.List.size():int|abducedRetvar = @f$1<span class='color_orange'>none</span>:int( sub ); this = @f$0<span class='color_orange'>formal</span>:org.junit.tests.running.methods.TestMethodTest*( sub )  ]</span>
        [SUB: 
          n$5 = 21; _t$62 = @f$1]
        |-
        <span class='color_blue'>expected|callee = _t$63<span class='color_orange'>formal</span>:long( sub )</span>
        
          do_imply 21 _t$63
            Final Implication
            SUB:
              n$5 = 21; n$6 = @f$1
            <span class='color_blue'>null != org.junit.tests.running.methods.TestMethodTest$EverythingWrong; UND &lt; List Collections.emptyList() &gt; :179(n$32); UND &lt; int List.size() &gt; :139($irvar0); 21 = 21; $irvar0 = $irvar0 ;
            errorCount = 21<span class='color_orange'>update:138</span>:int; problems = 0<span class='color_orange'>nullify</span>:java.util.List*; $irvar0 = @f$1<span class='color_orange'>update:139</span>:void; return = n$31<span class='color_orange'>initial</span>:void; this = 0<span class='color_orange'>nullify</span>:org.junit.tests.running.methods.TestMethodTest*( sub ); old_this = @f$0<span class='color_orange'>formal</span>:org.junit.tests.running.methods.TestMethodTest*( sub )
            [footprint
               null != org.junit.tests.running.methods.TestMethodTest$EverythingWrong *
               $RET_java.util.List.size():int|abducedRetvar = @f$1<span class='color_orange'>none</span>:int( sub ); this = @f$0<span class='color_orange'>formal</span>:org.junit.tests.running.methods.TestMethodTest*( sub )  ]</span>
            [SUB: 
              n$5 = 21; _t$62 = @f$1; _t$63 = 21]
            |-
            <span class='color_blue'></span>
    imply_pi: adding missing atom _t$62 != _t$63
    Result of Abduction
      SUB:
        n$5 = 21; n$6 = @f$1
      <span class='color_blue'>null != org.junit.tests.running.methods.TestMethodTest$EverythingWrong; UND &lt; List Collections.emptyList() &gt; :179(n$32); UND &lt; int List.size() &gt; :139($irvar0); 21 = 21; $irvar0 = $irvar0 ;
      actual|callee = @f$1<span class='color_orange'>actual_precondition</span>:long; errorCount = 21<span class='color_orange'>update:138</span>:int; problems = 0<span class='color_orange'>nullify</span>:java.util.List*; $irvar0 = @f$1<span class='color_orange'>update:139</span>:void; return = n$31<span class='color_orange'>initial</span>:void; this = 0<span class='color_orange'>nullify</span>:org.junit.tests.running.methods.TestMethodTest*( sub ); old_this = @f$0<span class='color_orange'>formal</span>:org.junit.tests.running.methods.TestMethodTest*( sub ); expected|callee = 21<span class='color_orange'>actual_precondition</span>:long
      [footprint
         null != org.junit.tests.running.methods.TestMethodTest$EverythingWrong *
         $RET_java.util.List.size():int|abducedRetvar = @f$1<span class='color_orange'>none</span>:int( sub ); this = @f$0<span class='color_orange'>formal</span>:org.junit.tests.running.methods.TestMethodTest*( sub )  ]</span>
      [SUB: 
        n$5 = 21; _t$62 = @f$1; _t$63 = 21
      _t$62 != _t$63]
      |-
      <span class='color_blue'>actual|callee != 21 ;
      actual|callee = @f$1<span class='color_orange'>formal</span>:long( sub ); expected|callee = 21<span class='color_orange'>formal</span>:long( sub )</span>
    returning TRUE
    in vpath_find exp:_t$64
    vpath_find: cannot find _t$64
      New footprint:
      @f$1 != 21
      Frame fld:
      
      Missing fld:
      
      Instantiated frame:
      &amp;errorCount|->21<span class='color_orange'>update:138</span>:int; &amp;problems|->0<span class='color_orange'>nullify</span>:java.util.List*; &amp;$irvar0|->@f$1<span class='color_orange'>update:139</span>:void; &amp;return|->n$31<span class='color_orange'>initial</span>:void; &amp;this|->0<span class='color_orange'>nullify</span>:org.junit.tests.running.methods.TestMethodTest*( sub ); &amp;old_this|->@f$0<span class='color_orange'>formal</span>:org.junit.tests.running.methods.TestMethodTest*( sub )
      Instantiated post:
      PROP 1 of 1:
      <span class='color_blue'><span class='color_red'>@f$1 != 21</span>; <span class='color_red'>MEMne &lt; void Assert.assertEquals(long,long):139 &gt; <span class='color_orange'>{vpath: }</span>(_t$64)</span> ;
      <span class='color_red'>return|callee = EXN _t$64<span class='color_orange'>update:139</span>:void</span> ;
      <span class='color_red'>_t$64|->{}<span class='color_orange'>alloc</span>:java.lang.AssertionError</span></span>
      
    ***** RESULTS FUNCTION CALL *******
    PROP 1 of 1:
    <span class='color_blue'><span class='color_blue'>n$5 = 21</span>; <span class='color_blue'>n$6 = <span class='color_red'>$irvar0</span></span> ;
    <span class='color_red'>$irvar0 != 21</span>; <span class='color_blue'>null != org.junit.tests.running.methods.TestMethodTest$EverythingWrong</span>; <span class='color_red'>MEMne &lt; void Assert.assertEquals(long,long):139 &gt; <span class='color_orange'>{vpath: }</span>(_t$0)</span>; <span class='color_blue'>UND &lt; List Collections.emptyList() &gt; :179(n$32)</span>; <span class='color_red'>UND &lt; int List.size() &gt; :139($irvar0)</span> ;
    <span class='color_blue'>errorCount = 21<span class='color_orange'>update:138</span>:int</span>; <span class='color_blue'>problems = 0<span class='color_orange'>nullify</span>:java.util.List*</span>; <span class='color_blue'>$irvar0 = <span class='color_red'>@f$0<span class='color_orange'>update:139</span></span>:void</span>; <span class='color_blue'>return = <span class='color_red'>EXN _t$0<span class='color_orange'>update:139</span></span>:void</span>; <span class='color_blue'>this = 0<span class='color_orange'>nullify</span>:org.junit.tests.running.methods.TestMethodTest*( sub )</span>; <span class='color_blue'>old_this = <span class='color_red'>@f$1<span class='color_orange'>formal</span></span>:org.junit.tests.running.methods.TestMethodTest*( sub )</span> ;
    <span class='color_red'>_t$0|->{}<span class='color_orange'>alloc</span>:java.lang.AssertionError</span>
    [footprint
       <span class='color_red'>$irvar0 != 21</span>; <span class='color_blue'>null != org.junit.tests.running.methods.TestMethodTest$EverythingWrong</span> *
       <span class='color_blue'>$RET_java.util.List.size():int|abducedRetvar = <span class='color_red'>@f$0<span class='color_orange'>none</span></span>:int( sub )</span>; <span class='color_blue'>this = <span class='color_red'>@f$1<span class='color_orange'>formal</span></span>:org.junit.tests.running.methods.TestMethodTest*( sub )</span>  ]</span>
    ***** END RESULTS FUNCTION CALL *******
    Prover.check_inconsistency_base: inconsistency reason [None]
    Prover.check_inconsistency_base: inconsistency reason [None]
    Prover.check_inconsistency_base: inconsistency reason [None]
    Prover.check_inconsistency_base: inconsistency reason [None]
    Instruction Returns
    PROP 1 of 1:
    <span class='color_blue'><span class='color_blue'>n$5 = 21</span>; <span class='color_blue'>n$6 = <span class='color_red'>$irvar0</span></span> ;
    <span class='color_red'>$irvar0 != 21</span>; <span class='color_blue'>null != org.junit.tests.running.methods.TestMethodTest$EverythingWrong</span>; <span class='color_red'>MEMne &lt; void Assert.assertEquals(long,long):139 &gt; <span class='color_orange'>{vpath: }</span>(_t$0)</span>; <span class='color_blue'>UND &lt; List Collections.emptyList() &gt; :179(_t$1)</span>; <span class='color_red'>UND &lt; int List.size() &gt; :139($irvar0)</span> ;
    <span class='color_blue'>errorCount = 21<span class='color_orange'>update:138</span>:int</span>; <span class='color_blue'>problems = 0<span class='color_orange'>nullify</span>:java.util.List*</span>; <span class='color_blue'>$irvar0 = <span class='color_red'>@f$0<span class='color_orange'>update:139</span></span>:void</span>; <span class='color_blue'>return = <span class='color_red'>EXN _t$0<span class='color_orange'>update:139</span></span>:void</span>; <span class='color_blue'>this = 0<span class='color_orange'>nullify</span>:org.junit.tests.running.methods.TestMethodTest*( sub )</span>; <span class='color_blue'>old_this = <span class='color_red'>@f$1<span class='color_orange'>formal</span></span>:org.junit.tests.running.methods.TestMethodTest*( sub )</span> ;
    <span class='color_red'>_t$0|->{}<span class='color_orange'>alloc</span>:java.lang.AssertionError</span>
    [footprint
       <span class='color_red'>$irvar0 != 21</span>; <span class='color_blue'>null != org.junit.tests.running.methods.TestMethodTest$EverythingWrong</span> *
       <span class='color_blue'>$RET_java.util.List.size():int|abducedRetvar = <span class='color_red'>@f$0<span class='color_orange'>none</span></span>:int( sub )</span>; <span class='color_blue'>this = <span class='color_red'>@f$1<span class='color_orange'>formal</span></span>:org.junit.tests.running.methods.TestMethodTest*( sub )</span>  ]</span>
    
    Instruction <span class='color_green'>NULLIFY(&amp;errorCount); [line 139]</span>
    in vpath_find exp:_t$0
    vpath_find: cannot find _t$0
    Instruction Returns
    PROP 1 of 1:
    <span class='color_blue'><span class='color_blue'>n$5 = 21</span>; <span class='color_blue'>n$6 = $irvar0</span> ;
    <span class='color_blue'>$irvar0 != 21</span>; <span class='color_blue'>null != org.junit.tests.running.methods.TestMethodTest$EverythingWrong</span>; <span class='color_blue'>MEMne &lt; void Assert.assertEquals(long,long):139 &gt; <span class='color_orange'>{vpath: }</span>(_t$0)</span>; <span class='color_blue'>UND &lt; List Collections.emptyList() &gt; :179(_t$1)</span>; <span class='color_blue'>UND &lt; int List.size() &gt; :139($irvar0)</span> ;
    <span class='color_blue'>errorCount = <span class='color_red'>0<span class='color_orange'>nullify</span></span>:int</span>; <span class='color_blue'>problems = 0<span class='color_orange'>nullify</span>:java.util.List*</span>; <span class='color_blue'>$irvar0 = @f$0<span class='color_orange'>update:139</span>:void</span>; <span class='color_blue'>return = EXN _t$0<span class='color_orange'>update:139</span>:void</span>; <span class='color_blue'>this = 0<span class='color_orange'>nullify</span>:org.junit.tests.running.methods.TestMethodTest*( sub )</span>; <span class='color_blue'>old_this = @f$1<span class='color_orange'>formal</span>:org.junit.tests.running.methods.TestMethodTest*( sub )</span> ;
    <span class='color_blue'>_t$0|->{}<span class='color_orange'>alloc</span>:java.lang.AssertionError</span>
    [footprint
       <span class='color_blue'>$irvar0 != 21</span>; <span class='color_blue'>null != org.junit.tests.running.methods.TestMethodTest$EverythingWrong</span> *
       <span class='color_blue'>$RET_java.util.List.size():int|abducedRetvar = @f$0<span class='color_orange'>none</span>:int( sub )</span>; <span class='color_blue'>this = @f$1<span class='color_orange'>formal</span>:org.junit.tests.running.methods.TestMethodTest*( sub )</span>  ]</span>
    
    Instruction <span class='color_green'>NULLIFY(&amp;$irvar0); [line 139]</span>
    in vpath_find exp:_t$0
    vpath_find: cannot find _t$0
    Instruction Returns
    PROP 1 of 1:
    <span class='color_blue'><span class='color_blue'>n$5 = 21</span>; <span class='color_blue'>n$6 = <span class='color_red'>@f$1</span></span> ;
    <span class='color_red'>@f$1 != 21</span>; <span class='color_blue'>null != org.junit.tests.running.methods.TestMethodTest$EverythingWrong</span>; <span class='color_blue'>MEMne &lt; void Assert.assertEquals(long,long):139 &gt; <span class='color_orange'>{vpath: }</span>(_t$0)</span>; <span class='color_blue'>UND &lt; List Collections.emptyList() &gt; :179(_t$1)</span>; <span class='color_red'>UND &lt; int List.size() &gt; :139(@f$1)</span> ;
    <span class='color_blue'>errorCount = 0<span class='color_orange'>nullify</span>:int</span>; <span class='color_blue'>problems = 0<span class='color_orange'>nullify</span>:java.util.List*</span>; <span class='color_blue'>$irvar0 = <span class='color_red'>0<span class='color_orange'>nullify</span></span>:void</span>; <span class='color_blue'>return = EXN _t$0<span class='color_orange'>update:139</span>:void</span>; <span class='color_blue'>this = 0<span class='color_orange'>nullify</span>:org.junit.tests.running.methods.TestMethodTest*( sub )</span>; <span class='color_blue'>old_this = <span class='color_red'>@f$0<span class='color_orange'>formal</span></span>:org.junit.tests.running.methods.TestMethodTest*( sub )</span> ;
    <span class='color_blue'>_t$0|->{}<span class='color_orange'>alloc</span>:java.lang.AssertionError</span>
    [footprint
       <span class='color_red'>@f$1 != 21</span>; <span class='color_blue'>null != org.junit.tests.running.methods.TestMethodTest$EverythingWrong</span> *
       <span class='color_blue'>$RET_java.util.List.size():int|abducedRetvar = <span class='color_red'>@f$1<span class='color_orange'>none</span></span>:int( sub )</span>; <span class='color_blue'>this = <span class='color_red'>@f$0<span class='color_orange'>formal</span></span>:org.junit.tests.running.methods.TestMethodTest*( sub )</span>  ]</span>
    
    Instruction <span class='color_green'>EXIT_SCOPE(n$5,n$6,n$7,errorCount,$irvar0); [line 139]</span>
    in vpath_find exp:_t$0
    vpath_find: cannot find _t$0
    Instruction Returns
    PROP 1 of 1:
    <span class='color_blue'><span class='color_blue'>@f$1 != 21</span>; <span class='color_blue'>null != org.junit.tests.running.methods.TestMethodTest$EverythingWrong</span>; <span class='color_blue'>MEMne &lt; void Assert.assertEquals(long,long):139 &gt; <span class='color_orange'>{vpath: }</span>(_t$0)</span>; <span class='color_blue'>UND &lt; List Collections.emptyList() &gt; :179(_t$1)</span>; <span class='color_blue'>UND &lt; int List.size() &gt; :139(@f$1)</span> ;
    <span class='color_blue'>errorCount = 0<span class='color_orange'>nullify</span>:int</span>; <span class='color_blue'>problems = 0<span class='color_orange'>nullify</span>:java.util.List*</span>; <span class='color_blue'>$irvar0 = 0<span class='color_orange'>nullify</span>:void</span>; <span class='color_blue'>return = EXN _t$0<span class='color_orange'>update:139</span>:void</span>; <span class='color_blue'>this = 0<span class='color_orange'>nullify</span>:org.junit.tests.running.methods.TestMethodTest*( sub )</span>; <span class='color_blue'>old_this = @f$0<span class='color_orange'>formal</span>:org.junit.tests.running.methods.TestMethodTest*( sub )</span> ;
    <span class='color_blue'>_t$0|->{}<span class='color_orange'>alloc</span>:java.lang.AssertionError</span>
    [footprint
       <span class='color_blue'>@f$1 != 21</span>; <span class='color_blue'>null != org.junit.tests.running.methods.TestMethodTest$EverythingWrong</span> *
       <span class='color_blue'>$RET_java.util.List.size():int|abducedRetvar = @f$1<span class='color_orange'>none</span>:int( sub )</span>; <span class='color_blue'>this = @f$0<span class='color_orange'>formal</span>:org.junit.tests.running.methods.TestMethodTest*( sub )</span>  ]</span>
    
    .... After Symbolic Execution ....
    PROP 1 of 1:
    <span class='color_blue'><span class='color_blue'>@f$1 != 21</span>; <span class='color_blue'>null != org.junit.tests.running.methods.TestMethodTest$EverythingWrong</span>; <span class='color_red'>MEMne &lt; void Assert.assertEquals(long,long):139 &gt; <span class='color_orange'>{vpath: }</span>(_t$0)</span>; <span class='color_blue'>UND &lt; List Collections.emptyList() &gt; :179(_t$1)</span>; <span class='color_blue'>UND &lt; int List.size() &gt; :139(@f$1)</span> ;
    <span class='color_blue'>errorCount = <span class='color_red'>0<span class='color_orange'>nullify</span></span>:int</span>; <span class='color_blue'>problems = 0<span class='color_orange'>nullify</span>:java.util.List*</span>; <span class='color_blue'>$irvar0 = <span class='color_red'>0<span class='color_orange'>nullify</span></span>:void</span>; <span class='color_blue'>return = <span class='color_red'>EXN _t$0<span class='color_orange'>update:139</span></span>:void</span>; <span class='color_blue'>this = 0<span class='color_orange'>nullify</span>:org.junit.tests.running.methods.TestMethodTest*( sub )</span>; <span class='color_blue'>old_this = @f$0<span class='color_orange'>formal</span>:org.junit.tests.running.methods.TestMethodTest*( sub )</span> ;
    <span class='color_red'>_t$0|->{}<span class='color_orange'>alloc</span>:java.lang.AssertionError</span>
    [footprint
       <span class='color_red'>@f$1 != 21</span>; <span class='color_blue'>null != org.junit.tests.running.methods.TestMethodTest$EverythingWrong</span> *
       <span class='color_blue'>$RET_java.util.List.size():int|abducedRetvar = @f$1<span class='color_orange'>none</span>:int( sub )</span>; <span class='color_blue'>this = @f$0<span class='color_orange'>formal</span>:org.junit.tests.running.methods.TestMethodTest*( sub )</span>  ]</span>
    
    
    
  </LISTING>
<hr width="100%">
<a name="session40" href="./../nodes/org.junit.tests.running.methods.TestMethodTest.testFailures%28%29%3Avoid.8992dcf714229f5cdc2a0ed2da5ffa0d_node7.html#session40">node7#session40</a>(<a href="./../../TestMethodTest.java.cd3cd8b636ee5ff567d7c528578264cd.html#LINE139">139</a>) biabduction
<LISTING class='color_black'>**** [RE:Pending] void TestMethodTest.testFailures() Node: 7, Procedure: void TestMethodTest.testFailures(), Todo: 1 ****
  PROP 1 of 1:
  <span class='color_blue'><span class='color_red'>$irvar0 != 21</span>; <span class='color_red'>null != org.junit.tests.running.methods.TestMethodTest$EverythingWrong</span>; <span class='color_red'>UND &lt; List Collections.emptyList() &gt; :179(_t$1)</span>; <span class='color_red'>UND &lt; int List.size() &gt; :139($irvar0)</span> ;
  <span class='color_red'>errorCount = 21<span class='color_orange'>update:138</span>:int</span>; <span class='color_red'>problems = 0<span class='color_orange'>nullify</span>:java.util.List*</span>; <span class='color_red'>$RET_java.util.List.size():int|abducedRetvar = val$2<span class='color_orange'>formal</span>:int( sub )</span>; <span class='color_red'>$irvar0 = val$2<span class='color_orange'>update:139</span>:void</span>; <span class='color_red'>return = _t$0<span class='color_orange'>initial</span>:void</span>; <span class='color_red'>this = 0<span class='color_orange'>nullify</span>:org.junit.tests.running.methods.TestMethodTest*( sub )</span>; <span class='color_red'>old_this = val$1<span class='color_orange'>formal</span>:org.junit.tests.running.methods.TestMethodTest*( sub )</span></span>
  .... Instructions: ....
  <span class='color_green'>n$5=*&amp;errorCount:int [line 139];
  n$6=*&amp;$irvar0:int [line 139];
  n$7=_fun_void Assert.assertEquals(long,long)((long)n$5:long,(long)n$6:long) [line 139];
  NULLIFY(&amp;errorCount); [line 139];
  NULLIFY(&amp;$irvar0); [line 139];
  EXIT_SCOPE(n$5,n$6,n$7,errorCount,$irvar0); [line 139];
  </span>
  
  Processing prop 1/1
    Instruction <span class='color_green'>n$5=*&amp;errorCount:int [line 139]</span>
    .... Rearrangement Start ....
    Exp: &amp;errorCount
    Prop:
    <span class='color_blue'>$irvar0 != 21; null != org.junit.tests.running.methods.TestMethodTest$EverythingWrong; UND &lt; List Collections.emptyList() &gt; :179(n$28); UND &lt; int List.size() &gt; :139($irvar0) ;
    errorCount = 21<span class='color_orange'>update:138</span>:int; problems = 0<span class='color_orange'>nullify</span>:java.util.List*; $RET_java.util.List.size():int|abducedRetvar = val$2<span class='color_orange'>formal</span>:int( sub ); $irvar0 = val$2<span class='color_orange'>update:139</span>:void; return = n$27<span class='color_orange'>initial</span>:void; this = 0<span class='color_orange'>nullify</span>:org.junit.tests.running.methods.TestMethodTest*( sub ); old_this = val$1<span class='color_orange'>formal</span>:org.junit.tests.running.methods.TestMethodTest*( sub )</span>
    
    Prover.check_inconsistency_base: inconsistency reason [None]
    Prover.check_inconsistency_base: inconsistency reason [None]
    Instruction Returns
    PROP 1 of 1:
    <span class='color_blue'><span class='color_red'>n$5 = 21</span> ;
    <span class='color_blue'>$irvar0 != 21</span>; <span class='color_blue'>null != org.junit.tests.running.methods.TestMethodTest$EverythingWrong</span>; <span class='color_blue'>UND &lt; List Collections.emptyList() &gt; :179(_t$1)</span>; <span class='color_blue'>UND &lt; int List.size() &gt; :139($irvar0)</span> ;
    <span class='color_blue'>errorCount = 21<span class='color_orange'>update:138</span>:int</span>; <span class='color_blue'>problems = 0<span class='color_orange'>nullify</span>:java.util.List*</span>; <span class='color_blue'>$RET_java.util.List.size():int|abducedRetvar = val$2<span class='color_orange'>formal</span>:int( sub )</span>; <span class='color_blue'>$irvar0 = val$2<span class='color_orange'>update:139</span>:void</span>; <span class='color_blue'>return = _t$0<span class='color_orange'>initial</span>:void</span>; <span class='color_blue'>this = 0<span class='color_orange'>nullify</span>:org.junit.tests.running.methods.TestMethodTest*( sub )</span>; <span class='color_blue'>old_this = val$1<span class='color_orange'>formal</span>:org.junit.tests.running.methods.TestMethodTest*( sub )</span></span>
    
    Instruction <span class='color_green'>n$6=*&amp;$irvar0:int [line 139]</span>
    .... Rearrangement Start ....
    Exp: &amp;$irvar0
    Prop:
    <span class='color_blue'>n$5 = 21 ;
    $irvar0 != 21; null != org.junit.tests.running.methods.TestMethodTest$EverythingWrong; UND &lt; List Collections.emptyList() &gt; :179(n$30); UND &lt; int List.size() &gt; :139($irvar0) ;
    errorCount = 21<span class='color_orange'>update:138</span>:int; problems = 0<span class='color_orange'>nullify</span>:java.util.List*; $RET_java.util.List.size():int|abducedRetvar = val$2<span class='color_orange'>formal</span>:int( sub ); $irvar0 = val$2<span class='color_orange'>update:139</span>:void; return = n$29<span class='color_orange'>initial</span>:void; this = 0<span class='color_orange'>nullify</span>:org.junit.tests.running.methods.TestMethodTest*( sub ); old_this = val$1<span class='color_orange'>formal</span>:org.junit.tests.running.methods.TestMethodTest*( sub )</span>
    
    Prover.check_inconsistency_base: inconsistency reason [None]
    Prover.check_inconsistency_base: inconsistency reason [None]
    Instruction Returns
    PROP 1 of 1:
    <span class='color_blue'><span class='color_blue'>n$5 = 21</span>; <span class='color_blue'>val$2 = $irvar0</span> ;
    <span class='color_red'>$irvar0 != 21</span>; <span class='color_blue'>null != org.junit.tests.running.methods.TestMethodTest$EverythingWrong</span>; <span class='color_blue'>UND &lt; List Collections.emptyList() &gt; :179(_t$1)</span>; <span class='color_red'>UND &lt; int List.size() &gt; :139($irvar0)</span> ;
    <span class='color_blue'>errorCount = 21<span class='color_orange'>update:138</span>:int</span>; <span class='color_blue'>problems = 0<span class='color_orange'>nullify</span>:java.util.List*</span>; <span class='color_blue'>$RET_java.util.List.size():int|abducedRetvar = <span class='color_red'>n$6<span class='color_orange'>formal</span></span>:int( sub )</span>; <span class='color_blue'>$irvar0 = <span class='color_red'>n$6<span class='color_orange'>update:139</span></span>:void</span>; <span class='color_blue'>return = _t$0<span class='color_orange'>initial</span>:void</span>; <span class='color_blue'>this = 0<span class='color_orange'>nullify</span>:org.junit.tests.running.methods.TestMethodTest*( sub )</span>; <span class='color_blue'>old_this = val$1<span class='color_orange'>formal</span>:org.junit.tests.running.methods.TestMethodTest*( sub )</span></span>
    
    Instruction <span class='color_green'>n$7=_fun_void Assert.assertEquals(long,long)((long)n$5:long,(long)n$6:long) [line 139]</span>
    Found 2 specs for function org.junit.Assert.assertEquals(long,long):void
    START EXECUTING SPECS FOR org.junit.Assert.assertEquals(long,long):void from state
    <span class='color_blue'>n$5 = 21; val$2 = $irvar0 ;
    $irvar0 != 21; null != org.junit.tests.running.methods.TestMethodTest$EverythingWrong; UND &lt; List Collections.emptyList() &gt; :179(n$32); UND &lt; int List.size() &gt; :139($irvar0) ;
    errorCount = 21<span class='color_orange'>update:138</span>:int; problems = 0<span class='color_orange'>nullify</span>:java.util.List*; $RET_java.util.List.size():int|abducedRetvar = n$6<span class='color_orange'>formal</span>:int( sub ); $irvar0 = n$6<span class='color_orange'>update:139</span>:void; return = n$31<span class='color_orange'>initial</span>:void; this = 0<span class='color_orange'>nullify</span>:org.junit.tests.running.methods.TestMethodTest*( sub ); old_this = val$1<span class='color_orange'>formal</span>:org.junit.tests.running.methods.TestMethodTest*( sub )</span>
    EXECUTING SPEC 1/2
    ACTUAL PRECONDITION =
      <span class='color_blue'>n$5 = 21; val$2 = $irvar0 ;
      $irvar0 != 21; null != org.junit.tests.running.methods.TestMethodTest$EverythingWrong; UND &lt; List Collections.emptyList() &gt; :179(n$32); UND &lt; int List.size() &gt; :139($irvar0) ;
      actual|callee = n$6<span class='color_orange'>actual_precondition</span>:long; errorCount = 21<span class='color_orange'>update:138</span>:int; problems = 0<span class='color_orange'>nullify</span>:java.util.List*; $RET_java.util.List.size():int|abducedRetvar = n$6<span class='color_orange'>formal</span>:int( sub ); $irvar0 = n$6<span class='color_orange'>update:139</span>:void; return = n$31<span class='color_orange'>initial</span>:void; this = 0<span class='color_orange'>nullify</span>:org.junit.tests.running.methods.TestMethodTest*( sub ); old_this = val$1<span class='color_orange'>formal</span>:org.junit.tests.running.methods.TestMethodTest*( sub ); expected|callee = 21<span class='color_orange'>actual_precondition</span>:long</span>
    SPEC =
      --------------------------- ---------- ---------------------------
      PRE:
      <span class='color_blue'><span class='color_blue'>actual|callee = _t$60<span class='color_orange'>formal</span>:long( sub ); expected|callee = _t$60<span class='color_orange'>formal</span>:long( sub )</span></span>
      POST 1 of 1:
      <span class='color_blue'><span class='color_red'>return|callee = _t$61<span class='color_orange'>initial</span>:void</span></span>
      ----------------------------------------------------------------
    pre_check_pure_implication
    pi1:
      n$5 = 21; val$2 = n$6; n$6 != 21; null != org.junit.tests.running.methods.TestMethodTest$EverythingWrong; UND &lt; List Collections.emptyList() &gt; :179(n$32); UND &lt; int List.size() &gt; :139(n$6)
    pi2:
      
    returns
    sub1:
      n$5 = 21; val$2 = n$6
    sub2:
      n$5 = 21; val$2 = n$6
    Current Implication
    SUB:
      n$5 = 21; val$2 = n$6
    <span class='color_blue'>$irvar0 != 21; null != org.junit.tests.running.methods.TestMethodTest$EverythingWrong; UND &lt; List Collections.emptyList() &gt; :179(n$32); UND &lt; int List.size() &gt; :139($irvar0); 21 = 21; $irvar0 = $irvar0 ;
    actual|callee = n$6<span class='color_orange'>actual_precondition</span>:long; errorCount = 21<span class='color_orange'>update:138</span>:int; problems = 0<span class='color_orange'>nullify</span>:java.util.List*; $RET_java.util.List.size():int|abducedRetvar = n$6<span class='color_orange'>formal</span>:int( sub ); $irvar0 = n$6<span class='color_orange'>update:139</span>:void; return = n$31<span class='color_orange'>initial</span>:void; this = 0<span class='color_orange'>nullify</span>:org.junit.tests.running.methods.TestMethodTest*( sub ); old_this = val$1<span class='color_orange'>formal</span>:org.junit.tests.running.methods.TestMethodTest*( sub ); expected|callee = 21<span class='color_orange'>actual_precondition</span>:long</span>
    [SUB: 
      n$5 = 21; val$2 = n$6]
    |-
    <span class='color_blue'>actual|callee = _t$60<span class='color_orange'>formal</span>:long( sub ); expected|callee = _t$60<span class='color_orange'>formal</span>:long( sub )</span>
    
      do_imply n$6 _t$60
        Current Implication
        SUB:
          n$5 = 21; val$2 = n$6
        <span class='color_blue'>$irvar0 != 21; null != org.junit.tests.running.methods.TestMethodTest$EverythingWrong; UND &lt; List Collections.emptyList() &gt; :179(n$32); UND &lt; int List.size() &gt; :139($irvar0); 21 = 21; $irvar0 = $irvar0 ;
        errorCount = 21<span class='color_orange'>update:138</span>:int; problems = 0<span class='color_orange'>nullify</span>:java.util.List*; $RET_java.util.List.size():int|abducedRetvar = n$6<span class='color_orange'>formal</span>:int( sub ); $irvar0 = n$6<span class='color_orange'>update:139</span>:void; return = n$31<span class='color_orange'>initial</span>:void; this = 0<span class='color_orange'>nullify</span>:org.junit.tests.running.methods.TestMethodTest*( sub ); old_this = val$1<span class='color_orange'>formal</span>:org.junit.tests.running.methods.TestMethodTest*( sub ); expected|callee = 21<span class='color_orange'>actual_precondition</span>:long</span>
        [SUB: 
          n$5 = 21; val$2 = n$6; _t$60 = n$6]
        |-
        <span class='color_blue'>expected|callee = n$6<span class='color_orange'>formal</span>:long( sub )</span>
        
          do_imply 21 n$6
          WARNING: footprint failed to find MISSING because: expressions not equal
    EXECUTING SPEC 2/2
    ACTUAL PRECONDITION =
      <span class='color_blue'>n$5 = 21; val$2 = $irvar0 ;
      $irvar0 != 21; null != org.junit.tests.running.methods.TestMethodTest$EverythingWrong; UND &lt; List Collections.emptyList() &gt; :179(n$32); UND &lt; int List.size() &gt; :139($irvar0) ;
      actual|callee = n$6<span class='color_orange'>actual_precondition</span>:long; errorCount = 21<span class='color_orange'>update:138</span>:int; problems = 0<span class='color_orange'>nullify</span>:java.util.List*; $RET_java.util.List.size():int|abducedRetvar = n$6<span class='color_orange'>formal</span>:int( sub ); $irvar0 = n$6<span class='color_orange'>update:139</span>:void; return = n$31<span class='color_orange'>initial</span>:void; this = 0<span class='color_orange'>nullify</span>:org.junit.tests.running.methods.TestMethodTest*( sub ); old_this = val$1<span class='color_orange'>formal</span>:org.junit.tests.running.methods.TestMethodTest*( sub ); expected|callee = 21<span class='color_orange'>actual_precondition</span>:long</span>
    SPEC =
      --------------------------- ---------- ---------------------------
      PRE:
      <span class='color_blue'><span class='color_blue'>actual|callee != expected|callee ;
      actual|callee = _t$62<span class='color_orange'>formal</span>:long( sub ); expected|callee = _t$63<span class='color_orange'>formal</span>:long( sub )</span></span>
      POST 1 of 1:
      <span class='color_blue'>actual|callee != expected|callee; <span class='color_red'>MEMne &lt; void Assert.assertEquals(String,long,long):633 &gt; <span class='color_orange'>{vpath: }</span>(_t$64)</span> ;
      <span class='color_red'>return|callee = EXN _t$64<span class='color_orange'>update:633</span>:void</span> ;
      <span class='color_red'>_t$64|->{}<span class='color_orange'>alloc</span>:java.lang.AssertionError</span></span>
      ----------------------------------------------------------------
    pre_check_pure_implication
    pi1:
      n$5 = 21; val$2 = n$6; n$6 != 21; null != org.junit.tests.running.methods.TestMethodTest$EverythingWrong; UND &lt; List Collections.emptyList() &gt; :179(n$32); UND &lt; int List.size() &gt; :139(n$6)
    pi2:
      _t$62 != _t$63
    returns
    sub1:
      n$5 = 21; val$2 = n$6
    sub2:
      n$5 = 21; val$2 = n$6
    Current Implication
    SUB:
      n$5 = 21; val$2 = n$6
    <span class='color_blue'>$irvar0 != 21; null != org.junit.tests.running.methods.TestMethodTest$EverythingWrong; UND &lt; List Collections.emptyList() &gt; :179(n$32); UND &lt; int List.size() &gt; :139($irvar0); 21 = 21; $irvar0 = $irvar0 ;
    actual|callee = n$6<span class='color_orange'>actual_precondition</span>:long; errorCount = 21<span class='color_orange'>update:138</span>:int; problems = 0<span class='color_orange'>nullify</span>:java.util.List*; $RET_java.util.List.size():int|abducedRetvar = n$6<span class='color_orange'>formal</span>:int( sub ); $irvar0 = n$6<span class='color_orange'>update:139</span>:void; return = n$31<span class='color_orange'>initial</span>:void; this = 0<span class='color_orange'>nullify</span>:org.junit.tests.running.methods.TestMethodTest*( sub ); old_this = val$1<span class='color_orange'>formal</span>:org.junit.tests.running.methods.TestMethodTest*( sub ); expected|callee = 21<span class='color_orange'>actual_precondition</span>:long</span>
    [SUB: 
      n$5 = 21; val$2 = n$6]
    |-
    <span class='color_blue'>actual|callee = _t$62<span class='color_orange'>formal</span>:long( sub ); expected|callee = _t$63<span class='color_orange'>formal</span>:long( sub )</span>
    
      do_imply n$6 _t$62
        Current Implication
        SUB:
          n$5 = 21; val$2 = n$6
        <span class='color_blue'>$irvar0 != 21; null != org.junit.tests.running.methods.TestMethodTest$EverythingWrong; UND &lt; List Collections.emptyList() &gt; :179(n$32); UND &lt; int List.size() &gt; :139($irvar0); 21 = 21; $irvar0 = $irvar0 ;
        errorCount = 21<span class='color_orange'>update:138</span>:int; problems = 0<span class='color_orange'>nullify</span>:java.util.List*; $RET_java.util.List.size():int|abducedRetvar = n$6<span class='color_orange'>formal</span>:int( sub ); $irvar0 = n$6<span class='color_orange'>update:139</span>:void; return = n$31<span class='color_orange'>initial</span>:void; this = 0<span class='color_orange'>nullify</span>:org.junit.tests.running.methods.TestMethodTest*( sub ); old_this = val$1<span class='color_orange'>formal</span>:org.junit.tests.running.methods.TestMethodTest*( sub ); expected|callee = 21<span class='color_orange'>actual_precondition</span>:long</span>
        [SUB: 
          n$5 = 21; val$2 = n$6; _t$62 = n$6]
        |-
        <span class='color_blue'>expected|callee = _t$63<span class='color_orange'>formal</span>:long( sub )</span>
        
          do_imply 21 _t$63
            Final Implication
            SUB:
              n$5 = 21; val$2 = n$6
            <span class='color_blue'>$irvar0 != 21; null != org.junit.tests.running.methods.TestMethodTest$EverythingWrong; UND &lt; List Collections.emptyList() &gt; :179(n$32); UND &lt; int List.size() &gt; :139($irvar0); 21 = 21; $irvar0 = $irvar0 ;
            errorCount = 21<span class='color_orange'>update:138</span>:int; problems = 0<span class='color_orange'>nullify</span>:java.util.List*; $RET_java.util.List.size():int|abducedRetvar = n$6<span class='color_orange'>formal</span>:int( sub ); $irvar0 = n$6<span class='color_orange'>update:139</span>:void; return = n$31<span class='color_orange'>initial</span>:void; this = 0<span class='color_orange'>nullify</span>:org.junit.tests.running.methods.TestMethodTest*( sub ); old_this = val$1<span class='color_orange'>formal</span>:org.junit.tests.running.methods.TestMethodTest*( sub )</span>
            [SUB: 
              n$5 = 21; val$2 = n$6; _t$62 = n$6; _t$63 = 21]
            |-
            <span class='color_blue'></span>
    Result of Abduction
      SUB:
        n$5 = 21; val$2 = n$6
      <span class='color_blue'>$irvar0 != 21; null != org.junit.tests.running.methods.TestMethodTest$EverythingWrong; UND &lt; List Collections.emptyList() &gt; :179(n$32); UND &lt; int List.size() &gt; :139($irvar0); 21 = 21; $irvar0 = $irvar0 ;
      actual|callee = n$6<span class='color_orange'>actual_precondition</span>:long; errorCount = 21<span class='color_orange'>update:138</span>:int; problems = 0<span class='color_orange'>nullify</span>:java.util.List*; $RET_java.util.List.size():int|abducedRetvar = n$6<span class='color_orange'>formal</span>:int( sub ); $irvar0 = n$6<span class='color_orange'>update:139</span>:void; return = n$31<span class='color_orange'>initial</span>:void; this = 0<span class='color_orange'>nullify</span>:org.junit.tests.running.methods.TestMethodTest*( sub ); old_this = val$1<span class='color_orange'>formal</span>:org.junit.tests.running.methods.TestMethodTest*( sub ); expected|callee = 21<span class='color_orange'>actual_precondition</span>:long</span>
      [SUB: 
        n$5 = 21; val$2 = n$6; _t$62 = n$6; _t$63 = 21]
      |-
      <span class='color_blue'>actual|callee != 21 ;
      actual|callee = n$6<span class='color_orange'>formal</span>:long( sub ); expected|callee = 21<span class='color_orange'>formal</span>:long( sub )</span>
    returning TRUE
    in vpath_find exp:_t$64
    vpath_find: cannot find _t$64
      New footprint:
      
      Frame fld:
      
      Missing fld:
      
      Instantiated frame:
      &amp;errorCount|->21<span class='color_orange'>update:138</span>:int; &amp;problems|->0<span class='color_orange'>nullify</span>:java.util.List*; &amp;$RET_java.util.List.size():int|abducedRetvar|->n$6<span class='color_orange'>formal</span>:int( sub ); &amp;$irvar0|->n$6<span class='color_orange'>update:139</span>:void; &amp;return|->n$31<span class='color_orange'>initial</span>:void; &amp;this|->0<span class='color_orange'>nullify</span>:org.junit.tests.running.methods.TestMethodTest*( sub ); &amp;old_this|->val$1<span class='color_orange'>formal</span>:org.junit.tests.running.methods.TestMethodTest*( sub )
      Instantiated post:
      PROP 1 of 1:
      <span class='color_blue'><span class='color_red'>n$6 != 21</span>; <span class='color_red'>MEMne &lt; void Assert.assertEquals(long,long):139 &gt; <span class='color_orange'>{vpath: }</span>(_t$64)</span> ;
      <span class='color_red'>return|callee = EXN _t$64<span class='color_orange'>update:139</span>:void</span> ;
      <span class='color_red'>_t$64|->{}<span class='color_orange'>alloc</span>:java.lang.AssertionError</span></span>
      
    ***** RESULTS FUNCTION CALL *******
    PROP 1 of 1:
    <span class='color_blue'><span class='color_blue'>n$5 = 21</span>; <span class='color_blue'>val$2 = $irvar0</span> ;
    <span class='color_blue'>$irvar0 != 21</span>; <span class='color_blue'>null != org.junit.tests.running.methods.TestMethodTest$EverythingWrong</span>; <span class='color_red'>MEMne &lt; void Assert.assertEquals(long,long):139 &gt; <span class='color_orange'>{vpath: }</span>(_t$0)</span>; <span class='color_blue'>UND &lt; List Collections.emptyList() &gt; :179(n$32)</span>; <span class='color_blue'>UND &lt; int List.size() &gt; :139($irvar0)</span> ;
    <span class='color_blue'>errorCount = 21<span class='color_orange'>update:138</span>:int</span>; <span class='color_blue'>problems = 0<span class='color_orange'>nullify</span>:java.util.List*</span>; <span class='color_blue'>$RET_java.util.List.size():int|abducedRetvar = n$6<span class='color_orange'>formal</span>:int( sub )</span>; <span class='color_blue'>$irvar0 = n$6<span class='color_orange'>update:139</span>:void</span>; <span class='color_blue'>return = <span class='color_red'>EXN _t$0<span class='color_orange'>update:139</span></span>:void</span>; <span class='color_blue'>this = 0<span class='color_orange'>nullify</span>:org.junit.tests.running.methods.TestMethodTest*( sub )</span>; <span class='color_blue'>old_this = val$1<span class='color_orange'>formal</span>:org.junit.tests.running.methods.TestMethodTest*( sub )</span> ;
    <span class='color_red'>_t$0|->{}<span class='color_orange'>alloc</span>:java.lang.AssertionError</span></span>
    ***** END RESULTS FUNCTION CALL *******
    Prover.check_inconsistency_base: inconsistency reason [None]
    Prover.check_inconsistency_base: inconsistency reason [None]
    Prover.check_inconsistency_base: inconsistency reason [None]
    Prover.check_inconsistency_base: inconsistency reason [None]
    Instruction Returns
    PROP 1 of 1:
    <span class='color_blue'><span class='color_blue'>n$5 = 21</span>; <span class='color_blue'>val$2 = $irvar0</span> ;
    <span class='color_blue'>$irvar0 != 21</span>; <span class='color_blue'>null != org.junit.tests.running.methods.TestMethodTest$EverythingWrong</span>; <span class='color_red'>MEMne &lt; void Assert.assertEquals(long,long):139 &gt; <span class='color_orange'>{vpath: }</span>(_t$0)</span>; <span class='color_blue'>UND &lt; List Collections.emptyList() &gt; :179(_t$1)</span>; <span class='color_blue'>UND &lt; int List.size() &gt; :139($irvar0)</span> ;
    <span class='color_blue'>errorCount = 21<span class='color_orange'>update:138</span>:int</span>; <span class='color_blue'>problems = 0<span class='color_orange'>nullify</span>:java.util.List*</span>; <span class='color_blue'>$RET_java.util.List.size():int|abducedRetvar = n$6<span class='color_orange'>formal</span>:int( sub )</span>; <span class='color_blue'>$irvar0 = n$6<span class='color_orange'>update:139</span>:void</span>; <span class='color_blue'>return = <span class='color_red'>EXN _t$0<span class='color_orange'>update:139</span></span>:void</span>; <span class='color_blue'>this = 0<span class='color_orange'>nullify</span>:org.junit.tests.running.methods.TestMethodTest*( sub )</span>; <span class='color_blue'>old_this = val$1<span class='color_orange'>formal</span>:org.junit.tests.running.methods.TestMethodTest*( sub )</span> ;
    <span class='color_red'>_t$0|->{}<span class='color_orange'>alloc</span>:java.lang.AssertionError</span></span>
    
    Instruction <span class='color_green'>NULLIFY(&amp;errorCount); [line 139]</span>
    in vpath_find exp:_t$0
    vpath_find: cannot find _t$0
    Instruction Returns
    PROP 1 of 1:
    <span class='color_blue'><span class='color_blue'>n$5 = 21</span>; <span class='color_blue'>val$2 = $irvar0</span> ;
    <span class='color_blue'>$irvar0 != 21</span>; <span class='color_blue'>null != org.junit.tests.running.methods.TestMethodTest$EverythingWrong</span>; <span class='color_blue'>MEMne &lt; void Assert.assertEquals(long,long):139 &gt; <span class='color_orange'>{vpath: }</span>(_t$0)</span>; <span class='color_blue'>UND &lt; List Collections.emptyList() &gt; :179(_t$1)</span>; <span class='color_blue'>UND &lt; int List.size() &gt; :139($irvar0)</span> ;
    <span class='color_blue'>errorCount = <span class='color_red'>0<span class='color_orange'>nullify</span></span>:int</span>; <span class='color_blue'>problems = 0<span class='color_orange'>nullify</span>:java.util.List*</span>; <span class='color_blue'>$RET_java.util.List.size():int|abducedRetvar = n$6<span class='color_orange'>formal</span>:int( sub )</span>; <span class='color_blue'>$irvar0 = n$6<span class='color_orange'>update:139</span>:void</span>; <span class='color_blue'>return = EXN _t$0<span class='color_orange'>update:139</span>:void</span>; <span class='color_blue'>this = 0<span class='color_orange'>nullify</span>:org.junit.tests.running.methods.TestMethodTest*( sub )</span>; <span class='color_blue'>old_this = val$1<span class='color_orange'>formal</span>:org.junit.tests.running.methods.TestMethodTest*( sub )</span> ;
    <span class='color_blue'>_t$0|->{}<span class='color_orange'>alloc</span>:java.lang.AssertionError</span></span>
    
    Instruction <span class='color_green'>NULLIFY(&amp;$irvar0); [line 139]</span>
    in vpath_find exp:_t$0
    vpath_find: cannot find _t$0
    Instruction Returns
    PROP 1 of 1:
    <span class='color_blue'><span class='color_blue'>n$5 = 21</span>; <span class='color_blue'>val$2 = $RET_java.util.List.size():int|abducedRetvar</span> ;
    <span class='color_blue'>$RET_java.util.List.size():int|abducedRetvar != 21</span>; <span class='color_blue'>null != org.junit.tests.running.methods.TestMethodTest$EverythingWrong</span>; <span class='color_blue'>MEMne &lt; void Assert.assertEquals(long,long):139 &gt; <span class='color_orange'>{vpath: }</span>(_t$0)</span>; <span class='color_blue'>UND &lt; List Collections.emptyList() &gt; :179(_t$1)</span>; <span class='color_blue'>UND &lt; int List.size() &gt; :139($RET_java.util.List.size():int|abducedRetvar)</span> ;
    <span class='color_blue'>errorCount = 0<span class='color_orange'>nullify</span>:int</span>; <span class='color_blue'>problems = 0<span class='color_orange'>nullify</span>:java.util.List*</span>; <span class='color_blue'>$RET_java.util.List.size():int|abducedRetvar = n$6<span class='color_orange'>formal</span>:int( sub )</span>; <span class='color_blue'>$irvar0 = <span class='color_red'>0<span class='color_orange'>nullify</span></span>:void</span>; <span class='color_blue'>return = EXN _t$0<span class='color_orange'>update:139</span>:void</span>; <span class='color_blue'>this = 0<span class='color_orange'>nullify</span>:org.junit.tests.running.methods.TestMethodTest*( sub )</span>; <span class='color_blue'>old_this = val$1<span class='color_orange'>formal</span>:org.junit.tests.running.methods.TestMethodTest*( sub )</span> ;
    <span class='color_blue'>_t$0|->{}<span class='color_orange'>alloc</span>:java.lang.AssertionError</span></span>
    
    Instruction <span class='color_green'>EXIT_SCOPE(n$5,n$6,n$7,errorCount,$irvar0); [line 139]</span>
    in vpath_find exp:_t$0
    vpath_find: cannot find _t$0
    Instruction Returns
    PROP 1 of 1:
    <span class='color_blue'><span class='color_blue'>$RET_java.util.List.size():int|abducedRetvar != 21</span>; <span class='color_blue'>null != org.junit.tests.running.methods.TestMethodTest$EverythingWrong</span>; <span class='color_blue'>MEMne &lt; void Assert.assertEquals(long,long):139 &gt; <span class='color_orange'>{vpath: }</span>(_t$0)</span>; <span class='color_blue'>UND &lt; List Collections.emptyList() &gt; :179(_t$1)</span>; <span class='color_blue'>UND &lt; int List.size() &gt; :139($RET_java.util.List.size():int|abducedRetvar)</span> ;
    <span class='color_blue'>errorCount = 0<span class='color_orange'>nullify</span>:int</span>; <span class='color_blue'>problems = 0<span class='color_orange'>nullify</span>:java.util.List*</span>; <span class='color_blue'>$RET_java.util.List.size():int|abducedRetvar = <span class='color_red'>val$2<span class='color_orange'>formal</span></span>:int( sub )</span>; <span class='color_blue'>$irvar0 = 0<span class='color_orange'>nullify</span>:void</span>; <span class='color_blue'>return = EXN _t$0<span class='color_orange'>update:139</span>:void</span>; <span class='color_blue'>this = 0<span class='color_orange'>nullify</span>:org.junit.tests.running.methods.TestMethodTest*( sub )</span>; <span class='color_blue'>old_this = val$1<span class='color_orange'>formal</span>:org.junit.tests.running.methods.TestMethodTest*( sub )</span> ;
    <span class='color_blue'>_t$0|->{}<span class='color_orange'>alloc</span>:java.lang.AssertionError</span></span>
    
    .... After Symbolic Execution ....
    PROP 1 of 1:
    <span class='color_blue'><span class='color_blue'>$RET_java.util.List.size():int|abducedRetvar != 21</span>; <span class='color_blue'>null != org.junit.tests.running.methods.TestMethodTest$EverythingWrong</span>; <span class='color_red'>MEMne &lt; void Assert.assertEquals(long,long):139 &gt; <span class='color_orange'>{vpath: }</span>(_t$0)</span>; <span class='color_blue'>UND &lt; List Collections.emptyList() &gt; :179(_t$1)</span>; <span class='color_blue'>UND &lt; int List.size() &gt; :139($RET_java.util.List.size():int|abducedRetvar)</span> ;
    <span class='color_blue'>errorCount = <span class='color_red'>0<span class='color_orange'>nullify</span></span>:int</span>; <span class='color_blue'>problems = 0<span class='color_orange'>nullify</span>:java.util.List*</span>; <span class='color_blue'>$RET_java.util.List.size():int|abducedRetvar = val$2<span class='color_orange'>formal</span>:int( sub )</span>; <span class='color_blue'>$irvar0 = <span class='color_red'>0<span class='color_orange'>nullify</span></span>:void</span>; <span class='color_blue'>return = <span class='color_red'>EXN _t$0<span class='color_orange'>update:139</span></span>:void</span>; <span class='color_blue'>this = 0<span class='color_orange'>nullify</span>:org.junit.tests.running.methods.TestMethodTest*( sub )</span>; <span class='color_blue'>old_this = val$1<span class='color_orange'>formal</span>:org.junit.tests.running.methods.TestMethodTest*( sub )</span> ;
    <span class='color_red'>_t$0|->{}<span class='color_orange'>alloc</span>:java.lang.AssertionError</span></span>
    
    
    
  </LISTING>
<hr width="100%">
<a name="session49" href="./../nodes/org.junit.tests.running.methods.TestMethodTest.testFailures%28%29%3Avoid.8992dcf714229f5cdc2a0ed2da5ffa0d_node7.html#session49">node7#session49</a>(<a href="./../../TestMethodTest.java.cd3cd8b636ee5ff567d7c528578264cd.html#LINE139">139</a>) biabduction
<LISTING class='color_black'>**** [RE:Pending] void TestMethodTest.testFailures() Node: 7, Procedure: void TestMethodTest.testFailures(), Todo: 1 ****
  PROP 1 of 1:
  <span class='color_blue'><span class='color_red'>null != org.junit.tests.running.methods.TestMethodTest$EverythingWrong</span>; <span class='color_red'>UND &lt; List Collections.emptyList() &gt; :179(_t$2)</span>; <span class='color_red'>UND &lt; int List.size() &gt; :139($irvar0)</span> ;
  <span class='color_red'>errorCount = 21<span class='color_orange'>update:138</span>:int</span>; <span class='color_red'>problems = 0<span class='color_orange'>nullify</span>:java.util.List*</span>; <span class='color_red'>$irvar0 = _t$1<span class='color_orange'>update:139</span>:void</span>; <span class='color_red'>return = _t$0<span class='color_orange'>initial</span>:void</span>; <span class='color_red'>this = 0<span class='color_orange'>nullify</span>:org.junit.tests.running.methods.TestMethodTest*( sub )</span>; <span class='color_red'>old_this = val$1<span class='color_orange'>formal</span>:org.junit.tests.running.methods.TestMethodTest*( sub )</span></span>
  .... Instructions: ....
  <span class='color_green'>n$5=*&amp;errorCount:int [line 139];
  n$6=*&amp;$irvar0:int [line 139];
  n$7=_fun_void Assert.assertEquals(long,long)((long)n$5:long,(long)n$6:long) [line 139];
  NULLIFY(&amp;errorCount); [line 139];
  NULLIFY(&amp;$irvar0); [line 139];
  EXIT_SCOPE(n$5,n$6,n$7,errorCount,$irvar0); [line 139];
  </span>
  
  Processing prop 1/1
    Instruction <span class='color_green'>n$5=*&amp;errorCount:int [line 139]</span>
    .... Rearrangement Start ....
    Exp: &amp;errorCount
    Prop:
    <span class='color_blue'>null != org.junit.tests.running.methods.TestMethodTest$EverythingWrong; UND &lt; List Collections.emptyList() &gt; :179(n$60); UND &lt; int List.size() &gt; :139($irvar0) ;
    errorCount = 21<span class='color_orange'>update:138</span>:int; problems = 0<span class='color_orange'>nullify</span>:java.util.List*; $irvar0 = n$58<span class='color_orange'>update:139</span>:void; return = n$59<span class='color_orange'>initial</span>:void; this = 0<span class='color_orange'>nullify</span>:org.junit.tests.running.methods.TestMethodTest*( sub ); old_this = val$1<span class='color_orange'>formal</span>:org.junit.tests.running.methods.TestMethodTest*( sub )</span>
    
    Prover.check_inconsistency_base: inconsistency reason [None]
    Prover.check_inconsistency_base: inconsistency reason [None]
    Instruction Returns
    PROP 1 of 1:
    <span class='color_blue'><span class='color_red'>n$5 = 21</span> ;
    <span class='color_blue'>null != org.junit.tests.running.methods.TestMethodTest$EverythingWrong</span>; <span class='color_blue'>UND &lt; List Collections.emptyList() &gt; :179(_t$2)</span>; <span class='color_blue'>UND &lt; int List.size() &gt; :139($irvar0)</span> ;
    <span class='color_blue'>errorCount = 21<span class='color_orange'>update:138</span>:int</span>; <span class='color_blue'>problems = 0<span class='color_orange'>nullify</span>:java.util.List*</span>; <span class='color_blue'>$irvar0 = _t$1<span class='color_orange'>update:139</span>:void</span>; <span class='color_blue'>return = _t$0<span class='color_orange'>initial</span>:void</span>; <span class='color_blue'>this = 0<span class='color_orange'>nullify</span>:org.junit.tests.running.methods.TestMethodTest*( sub )</span>; <span class='color_blue'>old_this = val$1<span class='color_orange'>formal</span>:org.junit.tests.running.methods.TestMethodTest*( sub )</span></span>
    
    Instruction <span class='color_green'>n$6=*&amp;$irvar0:int [line 139]</span>
    .... Rearrangement Start ....
    Exp: &amp;$irvar0
    Prop:
    <span class='color_blue'>n$5 = 21 ;
    null != org.junit.tests.running.methods.TestMethodTest$EverythingWrong; UND &lt; List Collections.emptyList() &gt; :179(n$63); UND &lt; int List.size() &gt; :139($irvar0) ;
    errorCount = 21<span class='color_orange'>update:138</span>:int; problems = 0<span class='color_orange'>nullify</span>:java.util.List*; $irvar0 = n$61<span class='color_orange'>update:139</span>:void; return = n$62<span class='color_orange'>initial</span>:void; this = 0<span class='color_orange'>nullify</span>:org.junit.tests.running.methods.TestMethodTest*( sub ); old_this = val$1<span class='color_orange'>formal</span>:org.junit.tests.running.methods.TestMethodTest*( sub )</span>
    
    Prover.check_inconsistency_base: inconsistency reason [None]
    Prover.check_inconsistency_base: inconsistency reason [None]
    Instruction Returns
    PROP 1 of 1:
    <span class='color_blue'><span class='color_blue'>n$5 = 21</span> ;
    <span class='color_blue'>null != org.junit.tests.running.methods.TestMethodTest$EverythingWrong</span>; <span class='color_blue'>UND &lt; List Collections.emptyList() &gt; :179(_t$1)</span>; <span class='color_red'>UND &lt; int List.size() &gt; :139($irvar0)</span> ;
    <span class='color_blue'>errorCount = 21<span class='color_orange'>update:138</span>:int</span>; <span class='color_blue'>problems = 0<span class='color_orange'>nullify</span>:java.util.List*</span>; <span class='color_blue'>$irvar0 = <span class='color_red'>n$6<span class='color_orange'>update:139</span></span>:void</span>; <span class='color_blue'>return = _t$0<span class='color_orange'>initial</span>:void</span>; <span class='color_blue'>this = 0<span class='color_orange'>nullify</span>:org.junit.tests.running.methods.TestMethodTest*( sub )</span>; <span class='color_blue'>old_this = val$1<span class='color_orange'>formal</span>:org.junit.tests.running.methods.TestMethodTest*( sub )</span></span>
    
    Instruction <span class='color_green'>n$7=_fun_void Assert.assertEquals(long,long)((long)n$5:long,(long)n$6:long) [line 139]</span>
    Found 2 specs for function org.junit.Assert.assertEquals(long,long):void
    START EXECUTING SPECS FOR org.junit.Assert.assertEquals(long,long):void from state
    <span class='color_blue'>n$5 = 21 ;
    null != org.junit.tests.running.methods.TestMethodTest$EverythingWrong; UND &lt; List Collections.emptyList() &gt; :179(n$65); UND &lt; int List.size() &gt; :139($irvar0) ;
    errorCount = 21<span class='color_orange'>update:138</span>:int; problems = 0<span class='color_orange'>nullify</span>:java.util.List*; $irvar0 = n$6<span class='color_orange'>update:139</span>:void; return = n$64<span class='color_orange'>initial</span>:void; this = 0<span class='color_orange'>nullify</span>:org.junit.tests.running.methods.TestMethodTest*( sub ); old_this = val$1<span class='color_orange'>formal</span>:org.junit.tests.running.methods.TestMethodTest*( sub )</span>
    EXECUTING SPEC 1/2
    ACTUAL PRECONDITION =
      <span class='color_blue'>n$5 = 21 ;
      null != org.junit.tests.running.methods.TestMethodTest$EverythingWrong; UND &lt; List Collections.emptyList() &gt; :179(n$65); UND &lt; int List.size() &gt; :139($irvar0) ;
      actual|callee = n$6<span class='color_orange'>actual_precondition</span>:long; errorCount = 21<span class='color_orange'>update:138</span>:int; problems = 0<span class='color_orange'>nullify</span>:java.util.List*; $irvar0 = n$6<span class='color_orange'>update:139</span>:void; return = n$64<span class='color_orange'>initial</span>:void; this = 0<span class='color_orange'>nullify</span>:org.junit.tests.running.methods.TestMethodTest*( sub ); old_this = val$1<span class='color_orange'>formal</span>:org.junit.tests.running.methods.TestMethodTest*( sub ); expected|callee = 21<span class='color_orange'>actual_precondition</span>:long</span>
    SPEC =
      --------------------------- ---------- ---------------------------
      PRE:
      <span class='color_blue'><span class='color_blue'>actual|callee = _t$142<span class='color_orange'>formal</span>:long( sub ); expected|callee = _t$142<span class='color_orange'>formal</span>:long( sub )</span></span>
      POST 1 of 1:
      <span class='color_blue'><span class='color_red'>return|callee = _t$143<span class='color_orange'>initial</span>:void</span></span>
      ----------------------------------------------------------------
    pre_check_pure_implication
    pi1:
      n$5 = 21; null != org.junit.tests.running.methods.TestMethodTest$EverythingWrong; UND &lt; List Collections.emptyList() &gt; :179(n$65); UND &lt; int List.size() &gt; :139(n$6)
    pi2:
      
    returns
    sub1:
      n$5 = 21
    sub2:
      n$5 = 21
    Current Implication
    SUB:
      n$5 = 21
    <span class='color_blue'>null != org.junit.tests.running.methods.TestMethodTest$EverythingWrong; UND &lt; List Collections.emptyList() &gt; :179(n$65); UND &lt; int List.size() &gt; :139($irvar0); 21 = 21 ;
    actual|callee = n$6<span class='color_orange'>actual_precondition</span>:long; errorCount = 21<span class='color_orange'>update:138</span>:int; problems = 0<span class='color_orange'>nullify</span>:java.util.List*; $irvar0 = n$6<span class='color_orange'>update:139</span>:void; return = n$64<span class='color_orange'>initial</span>:void; this = 0<span class='color_orange'>nullify</span>:org.junit.tests.running.methods.TestMethodTest*( sub ); old_this = val$1<span class='color_orange'>formal</span>:org.junit.tests.running.methods.TestMethodTest*( sub ); expected|callee = 21<span class='color_orange'>actual_precondition</span>:long</span>
    [SUB: 
      n$5 = 21]
    |-
    <span class='color_blue'>actual|callee = _t$142<span class='color_orange'>formal</span>:long( sub ); expected|callee = _t$142<span class='color_orange'>formal</span>:long( sub )</span>
    
      do_imply n$6 _t$142
        Current Implication
        SUB:
          n$5 = 21
        <span class='color_blue'>null != org.junit.tests.running.methods.TestMethodTest$EverythingWrong; UND &lt; List Collections.emptyList() &gt; :179(n$65); UND &lt; int List.size() &gt; :139($irvar0); 21 = 21 ;
        errorCount = 21<span class='color_orange'>update:138</span>:int; problems = 0<span class='color_orange'>nullify</span>:java.util.List*; $irvar0 = n$6<span class='color_orange'>update:139</span>:void; return = n$64<span class='color_orange'>initial</span>:void; this = 0<span class='color_orange'>nullify</span>:org.junit.tests.running.methods.TestMethodTest*( sub ); old_this = val$1<span class='color_orange'>formal</span>:org.junit.tests.running.methods.TestMethodTest*( sub ); expected|callee = 21<span class='color_orange'>actual_precondition</span>:long</span>
        [SUB: 
          n$5 = 21; _t$142 = n$6]
        |-
        <span class='color_blue'>expected|callee = n$6<span class='color_orange'>formal</span>:long( sub )</span>
        
          do_imply 21 n$6
          WARNING: footprint failed to find MISSING because: expressions not equal
    EXECUTING SPEC 2/2
    ACTUAL PRECONDITION =
      <span class='color_blue'>n$5 = 21 ;
      null != org.junit.tests.running.methods.TestMethodTest$EverythingWrong; UND &lt; List Collections.emptyList() &gt; :179(n$65); UND &lt; int List.size() &gt; :139($irvar0) ;
      actual|callee = n$6<span class='color_orange'>actual_precondition</span>:long; errorCount = 21<span class='color_orange'>update:138</span>:int; problems = 0<span class='color_orange'>nullify</span>:java.util.List*; $irvar0 = n$6<span class='color_orange'>update:139</span>:void; return = n$64<span class='color_orange'>initial</span>:void; this = 0<span class='color_orange'>nullify</span>:org.junit.tests.running.methods.TestMethodTest*( sub ); old_this = val$1<span class='color_orange'>formal</span>:org.junit.tests.running.methods.TestMethodTest*( sub ); expected|callee = 21<span class='color_orange'>actual_precondition</span>:long</span>
    SPEC =
      --------------------------- ---------- ---------------------------
      PRE:
      <span class='color_blue'><span class='color_blue'>actual|callee != expected|callee ;
      actual|callee = _t$144<span class='color_orange'>formal</span>:long( sub ); expected|callee = _t$145<span class='color_orange'>formal</span>:long( sub )</span></span>
      POST 1 of 1:
      <span class='color_blue'>actual|callee != expected|callee; <span class='color_red'>MEMne &lt; void Assert.assertEquals(String,long,long):633 &gt; <span class='color_orange'>{vpath: }</span>(_t$146)</span> ;
      <span class='color_red'>return|callee = EXN _t$146<span class='color_orange'>update:633</span>:void</span> ;
      <span class='color_red'>_t$146|->{}<span class='color_orange'>alloc</span>:java.lang.AssertionError</span></span>
      ----------------------------------------------------------------
    pre_check_pure_implication
    pi1:
      n$5 = 21; null != org.junit.tests.running.methods.TestMethodTest$EverythingWrong; UND &lt; List Collections.emptyList() &gt; :179(n$65); UND &lt; int List.size() &gt; :139(n$6)
    pi2:
      _t$144 != _t$145
    returns
    sub1:
      n$5 = 21
    sub2:
      n$5 = 21
    Current Implication
    SUB:
      n$5 = 21
    <span class='color_blue'>null != org.junit.tests.running.methods.TestMethodTest$EverythingWrong; UND &lt; List Collections.emptyList() &gt; :179(n$65); UND &lt; int List.size() &gt; :139($irvar0); 21 = 21 ;
    actual|callee = n$6<span class='color_orange'>actual_precondition</span>:long; errorCount = 21<span class='color_orange'>update:138</span>:int; problems = 0<span class='color_orange'>nullify</span>:java.util.List*; $irvar0 = n$6<span class='color_orange'>update:139</span>:void; return = n$64<span class='color_orange'>initial</span>:void; this = 0<span class='color_orange'>nullify</span>:org.junit.tests.running.methods.TestMethodTest*( sub ); old_this = val$1<span class='color_orange'>formal</span>:org.junit.tests.running.methods.TestMethodTest*( sub ); expected|callee = 21<span class='color_orange'>actual_precondition</span>:long</span>
    [SUB: 
      n$5 = 21]
    |-
    <span class='color_blue'>actual|callee = _t$144<span class='color_orange'>formal</span>:long( sub ); expected|callee = _t$145<span class='color_orange'>formal</span>:long( sub )</span>
    
      do_imply n$6 _t$144
        Current Implication
        SUB:
          n$5 = 21
        <span class='color_blue'>null != org.junit.tests.running.methods.TestMethodTest$EverythingWrong; UND &lt; List Collections.emptyList() &gt; :179(n$65); UND &lt; int List.size() &gt; :139($irvar0); 21 = 21 ;
        errorCount = 21<span class='color_orange'>update:138</span>:int; problems = 0<span class='color_orange'>nullify</span>:java.util.List*; $irvar0 = n$6<span class='color_orange'>update:139</span>:void; return = n$64<span class='color_orange'>initial</span>:void; this = 0<span class='color_orange'>nullify</span>:org.junit.tests.running.methods.TestMethodTest*( sub ); old_this = val$1<span class='color_orange'>formal</span>:org.junit.tests.running.methods.TestMethodTest*( sub ); expected|callee = 21<span class='color_orange'>actual_precondition</span>:long</span>
        [SUB: 
          n$5 = 21; _t$144 = n$6]
        |-
        <span class='color_blue'>expected|callee = _t$145<span class='color_orange'>formal</span>:long( sub )</span>
        
          do_imply 21 _t$145
            Final Implication
            SUB:
              n$5 = 21
            <span class='color_blue'>null != org.junit.tests.running.methods.TestMethodTest$EverythingWrong; UND &lt; List Collections.emptyList() &gt; :179(n$65); UND &lt; int List.size() &gt; :139($irvar0); 21 = 21 ;
            errorCount = 21<span class='color_orange'>update:138</span>:int; problems = 0<span class='color_orange'>nullify</span>:java.util.List*; $irvar0 = n$6<span class='color_orange'>update:139</span>:void; return = n$64<span class='color_orange'>initial</span>:void; this = 0<span class='color_orange'>nullify</span>:org.junit.tests.running.methods.TestMethodTest*( sub ); old_this = val$1<span class='color_orange'>formal</span>:org.junit.tests.running.methods.TestMethodTest*( sub )</span>
            [SUB: 
              n$5 = 21; _t$144 = n$6; _t$145 = 21]
            |-
            <span class='color_blue'></span>
    imply_pi: adding missing atom _t$144 != _t$145
    Result of Abduction
      SUB:
        n$5 = 21
      <span class='color_blue'>null != org.junit.tests.running.methods.TestMethodTest$EverythingWrong; UND &lt; List Collections.emptyList() &gt; :179(n$65); UND &lt; int List.size() &gt; :139($irvar0); 21 = 21 ;
      actual|callee = n$6<span class='color_orange'>actual_precondition</span>:long; errorCount = 21<span class='color_orange'>update:138</span>:int; problems = 0<span class='color_orange'>nullify</span>:java.util.List*; $irvar0 = n$6<span class='color_orange'>update:139</span>:void; return = n$64<span class='color_orange'>initial</span>:void; this = 0<span class='color_orange'>nullify</span>:org.junit.tests.running.methods.TestMethodTest*( sub ); old_this = val$1<span class='color_orange'>formal</span>:org.junit.tests.running.methods.TestMethodTest*( sub ); expected|callee = 21<span class='color_orange'>actual_precondition</span>:long</span>
      [SUB: 
        n$5 = 21; _t$144 = n$6; _t$145 = 21
      _t$144 != _t$145]
      |-
      <span class='color_blue'>actual|callee != 21 ;
      actual|callee = n$6<span class='color_orange'>formal</span>:long( sub ); expected|callee = 21<span class='color_orange'>formal</span>:long( sub )</span>
    returning TRUE
    in vpath_find exp:_t$146
    vpath_find: cannot find _t$146
      New footprint:
      n$6 != 21
      Frame fld:
      
      Missing fld:
      
      Instantiated frame:
      &amp;errorCount|->21<span class='color_orange'>update:138</span>:int; &amp;problems|->0<span class='color_orange'>nullify</span>:java.util.List*; &amp;$irvar0|->n$6<span class='color_orange'>update:139</span>:void; &amp;return|->n$64<span class='color_orange'>initial</span>:void; &amp;this|->0<span class='color_orange'>nullify</span>:org.junit.tests.running.methods.TestMethodTest*( sub ); &amp;old_this|->val$1<span class='color_orange'>formal</span>:org.junit.tests.running.methods.TestMethodTest*( sub )
      Instantiated post:
      PROP 1 of 1:
      <span class='color_blue'><span class='color_red'>n$6 != 21</span>; <span class='color_red'>MEMne &lt; void Assert.assertEquals(long,long):139 &gt; <span class='color_orange'>{vpath: }</span>(_t$146)</span> ;
      <span class='color_red'>return|callee = EXN _t$146<span class='color_orange'>update:139</span>:void</span> ;
      <span class='color_red'>_t$146|->{}<span class='color_orange'>alloc</span>:java.lang.AssertionError</span></span>
      
    ***** RESULTS FUNCTION CALL *******
    PROP 1 of 1:
    <span class='color_blue'><span class='color_blue'>n$5 = 21</span> ;
    <span class='color_blue'>$irvar0 != 21</span>; <span class='color_blue'>null != org.junit.tests.running.methods.TestMethodTest$EverythingWrong</span>; <span class='color_red'>MEMne &lt; void Assert.assertEquals(long,long):139 &gt; <span class='color_orange'>{vpath: }</span>(_t$0)</span>; <span class='color_blue'>UND &lt; List Collections.emptyList() &gt; :179(n$65)</span>; <span class='color_blue'>UND &lt; int List.size() &gt; :139($irvar0)</span> ;
    <span class='color_blue'>errorCount = 21<span class='color_orange'>update:138</span>:int</span>; <span class='color_blue'>problems = 0<span class='color_orange'>nullify</span>:java.util.List*</span>; <span class='color_blue'>$irvar0 = n$6<span class='color_orange'>update:139</span>:void</span>; <span class='color_blue'>return = <span class='color_red'>EXN _t$0<span class='color_orange'>update:139</span></span>:void</span>; <span class='color_blue'>this = 0<span class='color_orange'>nullify</span>:org.junit.tests.running.methods.TestMethodTest*( sub )</span>; <span class='color_blue'>old_this = val$1<span class='color_orange'>formal</span>:org.junit.tests.running.methods.TestMethodTest*( sub )</span> ;
    <span class='color_red'>_t$0|->{}<span class='color_orange'>alloc</span>:java.lang.AssertionError</span></span>
    ***** END RESULTS FUNCTION CALL *******
    Prover.check_inconsistency_base: inconsistency reason [None]
    Prover.check_inconsistency_base: inconsistency reason [None]
    Prover.check_inconsistency_base: inconsistency reason [None]
    Prover.check_inconsistency_base: inconsistency reason [None]
    Missing pure facts for the function call:
    pi: n$6 != 21
    Prover.check_inconsistency_base: inconsistency reason [None]
    <span class='color_red'>Failure of symbolic execution: PRECONDITION_NOT_MET in call to `assertEquals(...)` at line 139 src/biabduction/Tabulation.ml:1329:66-73:</span>
    Precondition:
    <span class='color_blue'></span>
    SIL INSTR:
    <span class='color_green'>n$5=*&amp;errorCount:int [line 139];
    n$6=*&amp;$irvar0:int [line 139];
    <span class='color_red'>n$7=_fun_void Assert.assertEquals(long,long)((long)n$5:long,(long)n$6:long) [line 139]</span>;
    NULLIFY(&amp;errorCount); [line 139];
    NULLIFY(&amp;$irvar0); [line 139];
    EXIT_SCOPE(n$5,n$6,n$7,errorCount,$irvar0); [line 139];
    </span>
    </LISTING>