<!DOCTYPE HTML PUBLIC "-//W3C//DTD HTML 4.01 Transitional//EN">
<html>
<head>
<title>org.junit.tests.running.methods.TestMethodTest.dontValidateShadowedMethods():void.245d1fc67867889e0f8a6d93858929ac_node4</title>
<meta http-equiv="Content-Type" content="text/html; charset=utf-8">
<style type="text/css">
body { background-color:#fff; color:#000; font-family:Helvetica, sans-serif; font-size:10pt }
h1 { font-size:14pt }
.code { border-collapse:collapse; width:100%; font-family: "Andale Mono", monospace; font-size:10pt; line-height: 1.2em }
.color_black { color: black }
.color_blue { color: blue }
.color_green { color: green }
.color_orange { color: orange }
.color_red { color: red }
.line { border-left: 3px solid #ccc; padding-left: 1ex; white-space: pre; }
.msg { background-color:#fff8b4; color:#000; float:left; font-family:Helvetica, sans-serif; font-size: smaller; font-weight: bold; margin-bottom:10px; margin-top:10px; max-width:60em; padding:0.5em 1ex 0.5em 1ex; -webkit-border-radius:5px; -webkit-box-shadow:1px 1px 7px #000; white-space: pre-wrap; word-wrap: break-word; }
.num { background-color:#eee; color:#444; font-size: smaller; padding-right:2ex; text-align:right; width:2.5em; }
.dangling { background-color:white; color: gray; }
.visited { background-color:LemonChiffon; color: darkmagenta; }
.tooltip { display: none; background-color:#FFF0F0; border: 2px solid #F00; font-weight: normal; left:10em; padding: 2px; position: absolute; top: -1em; -webkit-border-radius:5px; -webkit-box-shadow:1px 1px 7px #000; z-index: 1}
.with_tooltip { position: relative; }
.with_tooltip:hover .tooltip, .visited:hover .tooltip { display: block; }
</style>
</head>
<body>
<center><h1>Cfg Node <a href="./../../TestMethodTest.java.cd3cd8b636ee5ff567d7c528578264cd.html#LINE169">4</a></h1></center>PROC: <a href="./../org.junit.tests.running.methods.TestMethodTest.dontValidateShadowedMethods%28%29%3Avoid.245d1fc67867889e0f8a6d93858929ac.html">void TestMethodTest.dontValidateShadowedMethods()</a> LINE: <a href="./../../TestMethodTest.java.cd3cd8b636ee5ff567d7c528578264cd.html#LINE169">169</a>
<br>PREDS:
<a href="./../nodes/org.junit.tests.running.methods.TestMethodTest.dontValidateShadowedMethods%28%29%3Avoid.245d1fc67867889e0f8a6d93858929ac_node1.html"><span class='visited with_tooltip'>N_1<span class='tooltip'>node1 preds: succs:4 exn:2 </span></span></a><br>SUCCS:
<a href="./../nodes/org.junit.tests.running.methods.TestMethodTest.dontValidateShadowedMethods%28%29%3Avoid.245d1fc67867889e0f8a6d93858929ac_node5.html"><span class='visited with_tooltip'>N_5<span class='tooltip'>node5 preds:4 succs:6 exn:3 </span></span></a><br>EXN:
<a href="./../nodes/org.junit.tests.running.methods.TestMethodTest.dontValidateShadowedMethods%28%29%3Avoid.245d1fc67867889e0f8a6d93858929ac_node3.html"><span class='visited with_tooltip'>N_3<span class='tooltip'>node3 preds: succs:2 exn:2 </span></span></a><br>
<LISTING class='color_green'>n$0=*&amp;this:org.junit.tests.running.methods.TestMethodTest* [line 169];
n$1=_fun_List TestMethodTest.validateAllMethods(Class)(n$0:org.junit.tests.running.methods.TestMethodTest*,org.junit.tests.running.methods.TestMethodTest$SubShadows:java.lang.Object*) [line 169];
*&amp;problems:java.util.List*=n$1 [line 169];
</LISTING>
<hr width="100%">
<a name="session10" href="./../nodes/org.junit.tests.running.methods.TestMethodTest.dontValidateShadowedMethods%28%29%3Avoid.245d1fc67867889e0f8a6d93858929ac_node4.html#session10">node4#session10</a>(<a href="./../../TestMethodTest.java.cd3cd8b636ee5ff567d7c528578264cd.html#LINE169">169</a>) [compute pre] liveness 4
<LISTING class='color_black'>JOIN

LEFT:   normal:{ problems }, exn:{ }
RIGHT:  normal:{ }, exn:{ }
RESULT: normal:{ problems }, exn:{ }

</LISTING>
<hr width="100%">
<a name="session11" href="./../nodes/org.junit.tests.running.methods.TestMethodTest.dontValidateShadowedMethods%28%29%3Avoid.245d1fc67867889e0f8a6d93858929ac_node4.html#session11">node4#session11</a>(<a href="./../../TestMethodTest.java.cd3cd8b636ee5ff567d7c528578264cd.html#LINE169">169</a>) [exec] liveness 4
<LISTING class='color_black'>PRE STATE:
normal:{ problems }, exn:{ }

INSTR=  *&amp;problems:java.util.List*=n$1 [line 169]; 

STATE:
normal:{ n$1 }, exn:{ }

INSTR=  n$1=_fun_List TestMethodTest.validateAllMethods(Class)(n$0:org.junit.tests.running.methods.TestMethodTest*,org.junit.tests.running.methods.TestMethodTest$SubShadows:java.lang.Object*) [line 169]; 

STATE:
normal:{ n$0 }, exn:{ }

INSTR=  n$0=*&amp;this:org.junit.tests.running.methods.TestMethodTest* [line 169]; 

STATE:
normal:{ this }, exn:{ }

</LISTING>
<hr width="100%">
<a name="session15" href="./../nodes/org.junit.tests.running.methods.TestMethodTest.dontValidateShadowedMethods%28%29%3Avoid.245d1fc67867889e0f8a6d93858929ac_node4.html#session15">node4#session15</a>(<a href="./../../TestMethodTest.java.cd3cd8b636ee5ff567d7c528578264cd.html#LINE169">169</a>) [compute pre] nullify
<LISTING class='color_black'></LISTING>
<hr width="100%">
<a name="session16" href="./../nodes/org.junit.tests.running.methods.TestMethodTest.dontValidateShadowedMethods%28%29%3Avoid.245d1fc67867889e0f8a6d93858929ac_node4.html#session16">node4#session16</a>(<a href="./../../TestMethodTest.java.cd3cd8b636ee5ff567d7c528578264cd.html#LINE169">169</a>) [exec] nullify
<LISTING class='color_black'>PRE STATE:
(normal:{ }, exn:{ },normal:{ }, exn:{ })

INSTR=  n$0=*&amp;this:org.junit.tests.running.methods.TestMethodTest* [line 169]; 

STATE:
(normal:{ n$0 }, exn:{ },normal:{ }, exn:{ })

INSTR=  n$1=_fun_List TestMethodTest.validateAllMethods(Class)(n$0:org.junit.tests.running.methods.TestMethodTest*,org.junit.tests.running.methods.TestMethodTest$SubShadows:java.lang.Object*) [line 169]; 

STATE:
(normal:{ n$0, n$1 }, exn:{ },normal:{ }, exn:{ })

INSTR=  *&amp;problems:java.util.List*=n$1 [line 169]; 

STATE:
(normal:{ problems }, exn:{ },normal:{ n$0, n$1, this }, exn:{ })

</LISTING>
<hr width="100%">
<a name="session28" href="./../nodes/org.junit.tests.running.methods.TestMethodTest.dontValidateShadowedMethods%28%29%3Avoid.245d1fc67867889e0f8a6d93858929ac_node4.html#session28">node4#session28</a>(<a href="./../../TestMethodTest.java.cd3cd8b636ee5ff567d7c528578264cd.html#LINE169">169</a>) [compute pre] devirtualizer analysis 4
<LISTING class='color_black'></LISTING>
<hr width="100%">
<a name="session29" href="./../nodes/org.junit.tests.running.methods.TestMethodTest.dontValidateShadowedMethods%28%29%3Avoid.245d1fc67867889e0f8a6d93858929ac_node4.html#session29">node4#session29</a>(<a href="./../../TestMethodTest.java.cd3cd8b636ee5ff567d7c528578264cd.html#LINE169">169</a>) [exec] devirtualizer analysis 4
<LISTING class='color_black'>PRE STATE:
{ }

INSTR=  n$0=*&amp;this:org.junit.tests.running.methods.TestMethodTest* [line 169]; 

STATE UNCHANGED

INSTR=  n$1=_fun_List TestMethodTest.validateAllMethods(Class)(n$0:org.junit.tests.running.methods.TestMethodTest*,org.junit.tests.running.methods.TestMethodTest$SubShadows:java.lang.Object*) [line 169]; 

STATE UNCHANGED

INSTR=  *&amp;problems:java.util.List*=n$1 [line 169]; 

STATE UNCHANGED

INSTR=  NULLIFY(&amp;this); [line 169]; 

STATE UNCHANGED

INSTR=  EXIT_SCOPE(n$0,n$1,this); [line 169]; 

STATE UNCHANGED

</LISTING>
<hr width="100%">
<a name="session49" href="./../nodes/org.junit.tests.running.methods.TestMethodTest.dontValidateShadowedMethods%28%29%3Avoid.245d1fc67867889e0f8a6d93858929ac_node4.html#session49">node4#session49</a>(<a href="./../../TestMethodTest.java.cd3cd8b636ee5ff567d7c528578264cd.html#LINE169">169</a>) [exec] devirtualizer
<LISTING class='color_black'></LISTING>
<hr width="100%">
<a name="session50" href="./../nodes/org.junit.tests.running.methods.TestMethodTest.dontValidateShadowedMethods%28%29%3Avoid.245d1fc67867889e0f8a6d93858929ac_node4.html#session50">node4#session50</a>(<a href="./../../TestMethodTest.java.cd3cd8b636ee5ff567d7c528578264cd.html#LINE169">169</a>) [exec] devirtualizer
<LISTING class='color_black'></LISTING>
<hr width="100%">
<a name="session51" href="./../nodes/org.junit.tests.running.methods.TestMethodTest.dontValidateShadowedMethods%28%29%3Avoid.245d1fc67867889e0f8a6d93858929ac_node4.html#session51">node4#session51</a>(<a href="./../../TestMethodTest.java.cd3cd8b636ee5ff567d7c528578264cd.html#LINE169">169</a>) [exec] devirtualizer
<LISTING class='color_black'></LISTING>
<hr width="100%">
<a name="session52" href="./../nodes/org.junit.tests.running.methods.TestMethodTest.dontValidateShadowedMethods%28%29%3Avoid.245d1fc67867889e0f8a6d93858929ac_node4.html#session52">node4#session52</a>(<a href="./../../TestMethodTest.java.cd3cd8b636ee5ff567d7c528578264cd.html#LINE169">169</a>) [exec] devirtualizer
<LISTING class='color_black'></LISTING>
<hr width="100%">
<a name="session53" href="./../nodes/org.junit.tests.running.methods.TestMethodTest.dontValidateShadowedMethods%28%29%3Avoid.245d1fc67867889e0f8a6d93858929ac_node4.html#session53">node4#session53</a>(<a href="./../../TestMethodTest.java.cd3cd8b636ee5ff567d7c528578264cd.html#LINE169">169</a>) [exec] devirtualizer
<LISTING class='color_black'></LISTING>
<hr width="100%">
<a name="session2" href="./../nodes/org.junit.tests.running.methods.TestMethodTest.dontValidateShadowedMethods%28%29%3Avoid.245d1fc67867889e0f8a6d93858929ac_node4.html#session2">node4#session2</a>(<a href="./../../TestMethodTest.java.cd3cd8b636ee5ff567d7c528578264cd.html#LINE169">169</a>) [compute pre] starvation
<LISTING class='color_black'></LISTING>
<hr width="100%">
<a name="session3" href="./../nodes/org.junit.tests.running.methods.TestMethodTest.dontValidateShadowedMethods%28%29%3Avoid.245d1fc67867889e0f8a6d93858929ac_node4.html#session3">node4#session3</a>(<a href="./../../TestMethodTest.java.cd3cd8b636ee5ff567d7c528578264cd.html#LINE169">169</a>) [exec] starvation
<LISTING class='color_black'>PRE STATE:
{guard_map= { }; lock_state= {map= { }; acquisitions= { }};
 critical_pairs= { }; attributes= { }; thread= UnknownThread;
 scheduled_work= { }; var_state= { }}

INSTR=  n$0=*&amp;this:org.junit.tests.running.methods.TestMethodTest* [line 169]; 

STATE:
{guard_map= { }; lock_state= {map= { }; acquisitions= { }};
 critical_pairs= { }; attributes= { }; thread= UnknownThread;
 scheduled_work= { }; var_state= { n$0 -&gt; this }}

INSTR=  n$1=_fun_List TestMethodTest.validateAllMethods(Class)(n$0:org.junit.tests.running.methods.TestMethodTest*,org.junit.tests.running.methods.TestMethodTest$SubShadows:java.lang.Object*) [line 169]; 

STATE:
{guard_map= { }; lock_state= {map= { }; acquisitions= { }};
 critical_pairs= { }; attributes= { }; thread= UnknownThread;
 scheduled_work= { }; var_state= { n$0 -&gt; this }}

INSTR=  *&amp;problems:java.util.List*=n$1 [line 169]; 

STATE UNCHANGED

INSTR=  NULLIFY(&amp;this); [line 169]; 

STATE UNCHANGED

INSTR=  EXIT_SCOPE(n$0,n$1,this); [line 169]; 

STATE:
{guard_map= { }; lock_state= {map= { }; acquisitions= { }};
 critical_pairs= { }; attributes= { }; thread= UnknownThread;
 scheduled_work= { }; var_state= { }}

</LISTING>
<hr width="100%">
<a name="session13" href="./../nodes/org.junit.tests.running.methods.TestMethodTest.dontValidateShadowedMethods%28%29%3Avoid.245d1fc67867889e0f8a6d93858929ac_node4.html#session13">node4#session13</a>(<a href="./../../TestMethodTest.java.cd3cd8b636ee5ff567d7c528578264cd.html#LINE169">169</a>) [compute pre] racerd
<LISTING class='color_black'></LISTING>
<hr width="100%">
<a name="session14" href="./../nodes/org.junit.tests.running.methods.TestMethodTest.dontValidateShadowedMethods%28%29%3Avoid.245d1fc67867889e0f8a6d93858929ac_node4.html#session14">node4#session14</a>(<a href="./../../TestMethodTest.java.cd3cd8b636ee5ff567d7c528578264cd.html#LINE169">169</a>) [exec] racerd
<LISTING class='color_black'>PRE STATE:
Threads: NoThread, Locks: 0 
Accesses { } 
Ownership: { this -&gt; OwnedIf{ 0 } } 
Attributes: { } 



INSTR=  n$1 := List TestMethodTest.validateAllMethods(Class)({ this,
                                                               org.junit.tests.running.methods.TestMethodTest$SubShadows }) [line 169]; 

STATE:
Threads: NoThread, Locks: 0 
Accesses { {elem= Access: Read of model.TestClass.FIELD_COMPARATOR Thread: NoThread Lock: false Pre: Unowned;
            loc= line 78;
            trace= { List TestMethodTest.validateAllMethods(Class) at line 169,
                     BlockJUnit4ClassRunner.&lt;init&gt;(Class) at line 175,
                     ParentRunner.&lt;init&gt;(Class) at line 74,
                     TestClass ParentRunner.createTestClass(Class) at line 91,
                     TestClass.&lt;init&gt;(Class) at line 111,
                     void TestClass.scanAnnotatedMembers(Map,Map) at line 57,
                     Field[] TestClass.getSortedDeclaredFields(Class) at line 70 }},
           {elem= Access: Read of lang.Void.TYPE Thread: NoThread Lock: false Pre: Unowned;
            loc= line 107;
            trace= { List TestMethodTest.validateAllMethods(Class) at line 169,
                     BlockJUnit4ClassRunner.&lt;init&gt;(Class) at line 175,
                     ParentRunner.&lt;init&gt;(Class) at line 74,
                     void ParentRunner.validate() at line 92,
                     void ParentRunner.collectInitializationErrors(List) at line 523,
                     void ParentRunner.validatePublicVoidNoArgMethods(Class,boolean,List) at line 148,
                     void FrameworkMethod.validatePublicVoidNoArg(boolean,List) at line 178,
                     void FrameworkMethod.validatePublicVoid(boolean,List) at line 83 }},
           {elem= Access: Read of runners.ParentRunner.VALIDATORS Thread: NoThread Lock: false Pre: Unowned;
            loc= line 156;
            trace= { List TestMethodTest.validateAllMethods(Class) at line 169,
                     BlockJUnit4ClassRunner.&lt;init&gt;(Class) at line 175,
                     ParentRunner.&lt;init&gt;(Class) at line 74,
                     void ParentRunner.validate() at line 92,
                     void ParentRunner.collectInitializationErrors(List) at line 523,
                     void ParentRunner.applyValidators(List) at line 151 }},
           {elem= Access: Read of internal.MethodSorter.DEFAULT Thread: NoThread Lock: false Pre: Unowned;
            loc= line 67;
            trace= { List TestMethodTest.validateAllMethods(Class) at line 169,
                     BlockJUnit4ClassRunner.&lt;init&gt;(Class) at line 175,
                     ParentRunner.&lt;init&gt;(Class) at line 74,
                     TestClass ParentRunner.createTestClass(Class) at line 91,
                     TestClass.&lt;init&gt;(Class) at line 111,
                     void TestClass.scanAnnotatedMembers(Map,Map) at line 57,
                     Method[] MethodSorter.getDeclaredMethods(Class) at line 65,
                     Comparator MethodSorter.getSorter(FixMethodOrder) at line 52 }},
           {elem= Access: Read of rules.RuleMemberValidator.CLASS_RULE_METHOD_VALIDATOR Thread: NoThread Lock: false Pre: Unowned;
            loc= line 184;
            trace= { List TestMethodTest.validateAllMethods(Class) at line 169,
                     BlockJUnit4ClassRunner.&lt;init&gt;(Class) at line 175,
                     ParentRunner.&lt;init&gt;(Class) at line 74,
                     void ParentRunner.validate() at line 92,
                     void ParentRunner.collectInitializationErrors(List) at line 523,
                     void ParentRunner.validateClassRules(List) at line 150 }},
           {elem= Access: Read of rules.RuleMemberValidator.CLASS_RULE_VALIDATOR Thread: NoThread Lock: false Pre: Unowned;
            loc= line 183;
            trace= { List TestMethodTest.validateAllMethods(Class) at line 169,
                     BlockJUnit4ClassRunner.&lt;init&gt;(Class) at line 175,
                     ParentRunner.&lt;init&gt;(Class) at line 74,
                     void ParentRunner.validate() at line 92,
                     void ParentRunner.collectInitializationErrors(List) at line 523,
                     void ParentRunner.validateClassRules(List) at line 150 }},
           {elem= Access: Read of rules.RuleMemberValidator.CLASS_RULE_METHOD_VALIDATOR-&gt;annotation Thread: NoThread Lock: false Pre: Unowned;
            loc= line 89;
            trace= { List TestMethodTest.validateAllMethods(Class) at line 169,
                     BlockJUnit4ClassRunner.&lt;init&gt;(Class) at line 175,
                     ParentRunner.&lt;init&gt;(Class) at line 74,
                     void ParentRunner.validate() at line 92,
                     void ParentRunner.collectInitializationErrors(List) at line 523,
                     void ParentRunner.validateClassRules(List) at line 150,
                     void RuleMemberValidator.validate(TestClass,List) at line 184 }},
           {elem= Access: Read of rules.RuleMemberValidator.CLASS_RULE_METHOD_VALIDATOR-&gt;methods Thread: NoThread Lock: false Pre: Unowned;
            loc= line 89;
            trace= { List TestMethodTest.validateAllMethods(Class) at line 169,
                     BlockJUnit4ClassRunner.&lt;init&gt;(Class) at line 175,
                     ParentRunner.&lt;init&gt;(Class) at line 74,
                     void ParentRunner.validate() at line 92,
                     void ParentRunner.collectInitializationErrors(List) at line 523,
                     void ParentRunner.validateClassRules(List) at line 150,
                     void RuleMemberValidator.validate(TestClass,List) at line 184 }},
           {elem= Access: Read of rules.RuleMemberValidator.CLASS_RULE_METHOD_VALIDATOR-&gt;validatorStrategies Thread: NoThread Lock: false Pre: Unowned;
            loc= line 98;
            trace= { List TestMethodTest.validateAllMethods(Class) at line 169,
                     BlockJUnit4ClassRunner.&lt;init&gt;(Class) at line 175,
                     ParentRunner.&lt;init&gt;(Class) at line 74,
                     void ParentRunner.validate() at line 92,
                     void ParentRunner.collectInitializationErrors(List) at line 523,
                     void ParentRunner.validateClassRules(List) at line 150,
                     void RuleMemberValidator.validate(TestClass,List) at line 184,
                     void RuleMemberValidator.validateMember(FrameworkMember,List) at line 93 }},
           {elem= Access: Read of rules.RuleMemberValidator.CLASS_RULE_VALIDATOR-&gt;annotation Thread: NoThread Lock: false Pre: Unowned;
            loc= line 89;
            trace= { List TestMethodTest.validateAllMethods(Class) at line 169,
                     BlockJUnit4ClassRunner.&lt;init&gt;(Class) at line 175,
                     ParentRunner.&lt;init&gt;(Class) at line 74,
                     void ParentRunner.validate() at line 92,
                     void ParentRunner.collectInitializationErrors(List) at line 523,
                     void ParentRunner.validateClassRules(List) at line 150,
                     void RuleMemberValidator.validate(TestClass,List) at line 183 }},
           {elem= Access: Read of rules.RuleMemberValidator.CLASS_RULE_VALIDATOR-&gt;methods Thread: NoThread Lock: false Pre: Unowned;
            loc= line 89;
            trace= { List TestMethodTest.validateAllMethods(Class) at line 169,
                     BlockJUnit4ClassRunner.&lt;init&gt;(Class) at line 175,
                     ParentRunner.&lt;init&gt;(Class) at line 74,
                     void ParentRunner.validate() at line 92,
                     void ParentRunner.collectInitializationErrors(List) at line 523,
                     void ParentRunner.validateClassRules(List) at line 150,
                     void RuleMemberValidator.validate(TestClass,List) at line 183 }},
           {elem= Access: Read of rules.RuleMemberValidator.CLASS_RULE_VALIDATOR-&gt;validatorStrategies Thread: NoThread Lock: false Pre: Unowned;
            loc= line 98;
            trace= { List TestMethodTest.validateAllMethods(Class) at line 169,
                     BlockJUnit4ClassRunner.&lt;init&gt;(Class) at line 175,
                     ParentRunner.&lt;init&gt;(Class) at line 74,
                     void ParentRunner.validate() at line 92,
                     void ParentRunner.collectInitializationErrors(List) at line 523,
                     void ParentRunner.validateClassRules(List) at line 150,
                     void RuleMemberValidator.validate(TestClass,List) at line 183,
                     void RuleMemberValidator.validateMember(FrameworkMember,List) at line 93 }} } 
Ownership: { n$1 -&gt; Owned, this -&gt; OwnedIf{ 0 } } 
Attributes: { } 


INSTR=  problems := n$1 [line 169]; 

STATE:
Threads: NoThread, Locks: 0 
Accesses { {elem= Access: Read of model.TestClass.FIELD_COMPARATOR Thread: NoThread Lock: false Pre: Unowned;
            loc= line 78;
            trace= { List TestMethodTest.validateAllMethods(Class) at line 169,
                     BlockJUnit4ClassRunner.&lt;init&gt;(Class) at line 175,
                     ParentRunner.&lt;init&gt;(Class) at line 74,
                     TestClass ParentRunner.createTestClass(Class) at line 91,
                     TestClass.&lt;init&gt;(Class) at line 111,
                     void TestClass.scanAnnotatedMembers(Map,Map) at line 57,
                     Field[] TestClass.getSortedDeclaredFields(Class) at line 70 }},
           {elem= Access: Read of lang.Void.TYPE Thread: NoThread Lock: false Pre: Unowned;
            loc= line 107;
            trace= { List TestMethodTest.validateAllMethods(Class) at line 169,
                     BlockJUnit4ClassRunner.&lt;init&gt;(Class) at line 175,
                     ParentRunner.&lt;init&gt;(Class) at line 74,
                     void ParentRunner.validate() at line 92,
                     void ParentRunner.collectInitializationErrors(List) at line 523,
                     void ParentRunner.validatePublicVoidNoArgMethods(Class,boolean,List) at line 148,
                     void FrameworkMethod.validatePublicVoidNoArg(boolean,List) at line 178,
                     void FrameworkMethod.validatePublicVoid(boolean,List) at line 83 }},
           {elem= Access: Read of runners.ParentRunner.VALIDATORS Thread: NoThread Lock: false Pre: Unowned;
            loc= line 156;
            trace= { List TestMethodTest.validateAllMethods(Class) at line 169,
                     BlockJUnit4ClassRunner.&lt;init&gt;(Class) at line 175,
                     ParentRunner.&lt;init&gt;(Class) at line 74,
                     void ParentRunner.validate() at line 92,
                     void ParentRunner.collectInitializationErrors(List) at line 523,
                     void ParentRunner.applyValidators(List) at line 151 }},
           {elem= Access: Read of internal.MethodSorter.DEFAULT Thread: NoThread Lock: false Pre: Unowned;
            loc= line 67;
            trace= { List TestMethodTest.validateAllMethods(Class) at line 169,
                     BlockJUnit4ClassRunner.&lt;init&gt;(Class) at line 175,
                     ParentRunner.&lt;init&gt;(Class) at line 74,
                     TestClass ParentRunner.createTestClass(Class) at line 91,
                     TestClass.&lt;init&gt;(Class) at line 111,
                     void TestClass.scanAnnotatedMembers(Map,Map) at line 57,
                     Method[] MethodSorter.getDeclaredMethods(Class) at line 65,
                     Comparator MethodSorter.getSorter(FixMethodOrder) at line 52 }},
           {elem= Access: Read of rules.RuleMemberValidator.CLASS_RULE_METHOD_VALIDATOR Thread: NoThread Lock: false Pre: Unowned;
            loc= line 184;
            trace= { List TestMethodTest.validateAllMethods(Class) at line 169,
                     BlockJUnit4ClassRunner.&lt;init&gt;(Class) at line 175,
                     ParentRunner.&lt;init&gt;(Class) at line 74,
                     void ParentRunner.validate() at line 92,
                     void ParentRunner.collectInitializationErrors(List) at line 523,
                     void ParentRunner.validateClassRules(List) at line 150 }},
           {elem= Access: Read of rules.RuleMemberValidator.CLASS_RULE_VALIDATOR Thread: NoThread Lock: false Pre: Unowned;
            loc= line 183;
            trace= { List TestMethodTest.validateAllMethods(Class) at line 169,
                     BlockJUnit4ClassRunner.&lt;init&gt;(Class) at line 175,
                     ParentRunner.&lt;init&gt;(Class) at line 74,
                     void ParentRunner.validate() at line 92,
                     void ParentRunner.collectInitializationErrors(List) at line 523,
                     void ParentRunner.validateClassRules(List) at line 150 }},
           {elem= Access: Read of rules.RuleMemberValidator.CLASS_RULE_METHOD_VALIDATOR-&gt;annotation Thread: NoThread Lock: false Pre: Unowned;
            loc= line 89;
            trace= { List TestMethodTest.validateAllMethods(Class) at line 169,
                     BlockJUnit4ClassRunner.&lt;init&gt;(Class) at line 175,
                     ParentRunner.&lt;init&gt;(Class) at line 74,
                     void ParentRunner.validate() at line 92,
                     void ParentRunner.collectInitializationErrors(List) at line 523,
                     void ParentRunner.validateClassRules(List) at line 150,
                     void RuleMemberValidator.validate(TestClass,List) at line 184 }},
           {elem= Access: Read of rules.RuleMemberValidator.CLASS_RULE_METHOD_VALIDATOR-&gt;methods Thread: NoThread Lock: false Pre: Unowned;
            loc= line 89;
            trace= { List TestMethodTest.validateAllMethods(Class) at line 169,
                     BlockJUnit4ClassRunner.&lt;init&gt;(Class) at line 175,
                     ParentRunner.&lt;init&gt;(Class) at line 74,
                     void ParentRunner.validate() at line 92,
                     void ParentRunner.collectInitializationErrors(List) at line 523,
                     void ParentRunner.validateClassRules(List) at line 150,
                     void RuleMemberValidator.validate(TestClass,List) at line 184 }},
           {elem= Access: Read of rules.RuleMemberValidator.CLASS_RULE_METHOD_VALIDATOR-&gt;validatorStrategies Thread: NoThread Lock: false Pre: Unowned;
            loc= line 98;
            trace= { List TestMethodTest.validateAllMethods(Class) at line 169,
                     BlockJUnit4ClassRunner.&lt;init&gt;(Class) at line 175,
                     ParentRunner.&lt;init&gt;(Class) at line 74,
                     void ParentRunner.validate() at line 92,
                     void ParentRunner.collectInitializationErrors(List) at line 523,
                     void ParentRunner.validateClassRules(List) at line 150,
                     void RuleMemberValidator.validate(TestClass,List) at line 184,
                     void RuleMemberValidator.validateMember(FrameworkMember,List) at line 93 }},
           {elem= Access: Read of rules.RuleMemberValidator.CLASS_RULE_VALIDATOR-&gt;annotation Thread: NoThread Lock: false Pre: Unowned;
            loc= line 89;
            trace= { List TestMethodTest.validateAllMethods(Class) at line 169,
                     BlockJUnit4ClassRunner.&lt;init&gt;(Class) at line 175,
                     ParentRunner.&lt;init&gt;(Class) at line 74,
                     void ParentRunner.validate() at line 92,
                     void ParentRunner.collectInitializationErrors(List) at line 523,
                     void ParentRunner.validateClassRules(List) at line 150,
                     void RuleMemberValidator.validate(TestClass,List) at line 183 }},
           {elem= Access: Read of rules.RuleMemberValidator.CLASS_RULE_VALIDATOR-&gt;methods Thread: NoThread Lock: false Pre: Unowned;
            loc= line 89;
            trace= { List TestMethodTest.validateAllMethods(Class) at line 169,
                     BlockJUnit4ClassRunner.&lt;init&gt;(Class) at line 175,
                     ParentRunner.&lt;init&gt;(Class) at line 74,
                     void ParentRunner.validate() at line 92,
                     void ParentRunner.collectInitializationErrors(List) at line 523,
                     void ParentRunner.validateClassRules(List) at line 150,
                     void RuleMemberValidator.validate(TestClass,List) at line 183 }},
           {elem= Access: Read of rules.RuleMemberValidator.CLASS_RULE_VALIDATOR-&gt;validatorStrategies Thread: NoThread Lock: false Pre: Unowned;
            loc= line 98;
            trace= { List TestMethodTest.validateAllMethods(Class) at line 169,
                     BlockJUnit4ClassRunner.&lt;init&gt;(Class) at line 175,
                     ParentRunner.&lt;init&gt;(Class) at line 74,
                     void ParentRunner.validate() at line 92,
                     void ParentRunner.collectInitializationErrors(List) at line 523,
                     void ParentRunner.validateClassRules(List) at line 150,
                     void RuleMemberValidator.validate(TestClass,List) at line 183,
                     void RuleMemberValidator.validateMember(FrameworkMember,List) at line 93 }} } 
Ownership: { n$1 -&gt; Owned, problems -&gt; Owned, this -&gt; OwnedIf{ 0 } } 
Attributes: { } 


INSTR=  NULLIFY(&amp;this); [line 169]; 

STATE UNCHANGED

INSTR=  EXIT_SCOPE(n$1,this); [line 169]; 

STATE:
Threads: NoThread, Locks: 0 
Accesses { {elem= Access: Read of model.TestClass.FIELD_COMPARATOR Thread: NoThread Lock: false Pre: Unowned;
            loc= line 78;
            trace= { List TestMethodTest.validateAllMethods(Class) at line 169,
                     BlockJUnit4ClassRunner.&lt;init&gt;(Class) at line 175,
                     ParentRunner.&lt;init&gt;(Class) at line 74,
                     TestClass ParentRunner.createTestClass(Class) at line 91,
                     TestClass.&lt;init&gt;(Class) at line 111,
                     void TestClass.scanAnnotatedMembers(Map,Map) at line 57,
                     Field[] TestClass.getSortedDeclaredFields(Class) at line 70 }},
           {elem= Access: Read of lang.Void.TYPE Thread: NoThread Lock: false Pre: Unowned;
            loc= line 107;
            trace= { List TestMethodTest.validateAllMethods(Class) at line 169,
                     BlockJUnit4ClassRunner.&lt;init&gt;(Class) at line 175,
                     ParentRunner.&lt;init&gt;(Class) at line 74,
                     void ParentRunner.validate() at line 92,
                     void ParentRunner.collectInitializationErrors(List) at line 523,
                     void ParentRunner.validatePublicVoidNoArgMethods(Class,boolean,List) at line 148,
                     void FrameworkMethod.validatePublicVoidNoArg(boolean,List) at line 178,
                     void FrameworkMethod.validatePublicVoid(boolean,List) at line 83 }},
           {elem= Access: Read of runners.ParentRunner.VALIDATORS Thread: NoThread Lock: false Pre: Unowned;
            loc= line 156;
            trace= { List TestMethodTest.validateAllMethods(Class) at line 169,
                     BlockJUnit4ClassRunner.&lt;init&gt;(Class) at line 175,
                     ParentRunner.&lt;init&gt;(Class) at line 74,
                     void ParentRunner.validate() at line 92,
                     void ParentRunner.collectInitializationErrors(List) at line 523,
                     void ParentRunner.applyValidators(List) at line 151 }},
           {elem= Access: Read of internal.MethodSorter.DEFAULT Thread: NoThread Lock: false Pre: Unowned;
            loc= line 67;
            trace= { List TestMethodTest.validateAllMethods(Class) at line 169,
                     BlockJUnit4ClassRunner.&lt;init&gt;(Class) at line 175,
                     ParentRunner.&lt;init&gt;(Class) at line 74,
                     TestClass ParentRunner.createTestClass(Class) at line 91,
                     TestClass.&lt;init&gt;(Class) at line 111,
                     void TestClass.scanAnnotatedMembers(Map,Map) at line 57,
                     Method[] MethodSorter.getDeclaredMethods(Class) at line 65,
                     Comparator MethodSorter.getSorter(FixMethodOrder) at line 52 }},
           {elem= Access: Read of rules.RuleMemberValidator.CLASS_RULE_METHOD_VALIDATOR Thread: NoThread Lock: false Pre: Unowned;
            loc= line 184;
            trace= { List TestMethodTest.validateAllMethods(Class) at line 169,
                     BlockJUnit4ClassRunner.&lt;init&gt;(Class) at line 175,
                     ParentRunner.&lt;init&gt;(Class) at line 74,
                     void ParentRunner.validate() at line 92,
                     void ParentRunner.collectInitializationErrors(List) at line 523,
                     void ParentRunner.validateClassRules(List) at line 150 }},
           {elem= Access: Read of rules.RuleMemberValidator.CLASS_RULE_VALIDATOR Thread: NoThread Lock: false Pre: Unowned;
            loc= line 183;
            trace= { List TestMethodTest.validateAllMethods(Class) at line 169,
                     BlockJUnit4ClassRunner.&lt;init&gt;(Class) at line 175,
                     ParentRunner.&lt;init&gt;(Class) at line 74,
                     void ParentRunner.validate() at line 92,
                     void ParentRunner.collectInitializationErrors(List) at line 523,
                     void ParentRunner.validateClassRules(List) at line 150 }},
           {elem= Access: Read of rules.RuleMemberValidator.CLASS_RULE_METHOD_VALIDATOR-&gt;annotation Thread: NoThread Lock: false Pre: Unowned;
            loc= line 89;
            trace= { List TestMethodTest.validateAllMethods(Class) at line 169,
                     BlockJUnit4ClassRunner.&lt;init&gt;(Class) at line 175,
                     ParentRunner.&lt;init&gt;(Class) at line 74,
                     void ParentRunner.validate() at line 92,
                     void ParentRunner.collectInitializationErrors(List) at line 523,
                     void ParentRunner.validateClassRules(List) at line 150,
                     void RuleMemberValidator.validate(TestClass,List) at line 184 }},
           {elem= Access: Read of rules.RuleMemberValidator.CLASS_RULE_METHOD_VALIDATOR-&gt;methods Thread: NoThread Lock: false Pre: Unowned;
            loc= line 89;
            trace= { List TestMethodTest.validateAllMethods(Class) at line 169,
                     BlockJUnit4ClassRunner.&lt;init&gt;(Class) at line 175,
                     ParentRunner.&lt;init&gt;(Class) at line 74,
                     void ParentRunner.validate() at line 92,
                     void ParentRunner.collectInitializationErrors(List) at line 523,
                     void ParentRunner.validateClassRules(List) at line 150,
                     void RuleMemberValidator.validate(TestClass,List) at line 184 }},
           {elem= Access: Read of rules.RuleMemberValidator.CLASS_RULE_METHOD_VALIDATOR-&gt;validatorStrategies Thread: NoThread Lock: false Pre: Unowned;
            loc= line 98;
            trace= { List TestMethodTest.validateAllMethods(Class) at line 169,
                     BlockJUnit4ClassRunner.&lt;init&gt;(Class) at line 175,
                     ParentRunner.&lt;init&gt;(Class) at line 74,
                     void ParentRunner.validate() at line 92,
                     void ParentRunner.collectInitializationErrors(List) at line 523,
                     void ParentRunner.validateClassRules(List) at line 150,
                     void RuleMemberValidator.validate(TestClass,List) at line 184,
                     void RuleMemberValidator.validateMember(FrameworkMember,List) at line 93 }},
           {elem= Access: Read of rules.RuleMemberValidator.CLASS_RULE_VALIDATOR-&gt;annotation Thread: NoThread Lock: false Pre: Unowned;
            loc= line 89;
            trace= { List TestMethodTest.validateAllMethods(Class) at line 169,
                     BlockJUnit4ClassRunner.&lt;init&gt;(Class) at line 175,
                     ParentRunner.&lt;init&gt;(Class) at line 74,
                     void ParentRunner.validate() at line 92,
                     void ParentRunner.collectInitializationErrors(List) at line 523,
                     void ParentRunner.validateClassRules(List) at line 150,
                     void RuleMemberValidator.validate(TestClass,List) at line 183 }},
           {elem= Access: Read of rules.RuleMemberValidator.CLASS_RULE_VALIDATOR-&gt;methods Thread: NoThread Lock: false Pre: Unowned;
            loc= line 89;
            trace= { List TestMethodTest.validateAllMethods(Class) at line 169,
                     BlockJUnit4ClassRunner.&lt;init&gt;(Class) at line 175,
                     ParentRunner.&lt;init&gt;(Class) at line 74,
                     void ParentRunner.validate() at line 92,
                     void ParentRunner.collectInitializationErrors(List) at line 523,
                     void ParentRunner.validateClassRules(List) at line 150,
                     void RuleMemberValidator.validate(TestClass,List) at line 183 }},
           {elem= Access: Read of rules.RuleMemberValidator.CLASS_RULE_VALIDATOR-&gt;validatorStrategies Thread: NoThread Lock: false Pre: Unowned;
            loc= line 98;
            trace= { List TestMethodTest.validateAllMethods(Class) at line 169,
                     BlockJUnit4ClassRunner.&lt;init&gt;(Class) at line 175,
                     ParentRunner.&lt;init&gt;(Class) at line 74,
                     void ParentRunner.validate() at line 92,
                     void ParentRunner.collectInitializationErrors(List) at line 523,
                     void ParentRunner.validateClassRules(List) at line 150,
                     void RuleMemberValidator.validate(TestClass,List) at line 183,
                     void RuleMemberValidator.validateMember(FrameworkMember,List) at line 93 }} } 
Ownership: { n$1 -&gt; Owned, problems -&gt; Owned, this -&gt; OwnedIf{ 0 } } 
Attributes: { } 


</LISTING>
<hr width="100%">
<a name="session24" href="./../nodes/org.junit.tests.running.methods.TestMethodTest.dontValidateShadowedMethods%28%29%3Avoid.245d1fc67867889e0f8a6d93858929ac_node4.html#session24">node4#session24</a>(<a href="./../../TestMethodTest.java.cd3cd8b636ee5ff567d7c528578264cd.html#LINE169">169</a>) biabduction
<LISTING class='color_black'>**** [FP:Pending] void TestMethodTest.dontValidateShadowedMethods() Node: 4, Procedure: void TestMethodTest.dontValidateShadowedMethods(), Todo: 1 ****
  PROP 1 of 1:
  <span class='color_blue'><span class='color_red'>problems = _t$2<span class='color_orange'>initial</span>:java.util.List*</span>; <span class='color_red'>$irvar0 = _t$1<span class='color_orange'>initial</span>:void</span>; <span class='color_red'>return = _t$0<span class='color_orange'>initial</span>:void</span>; <span class='color_red'>this = @f$0<span class='color_orange'>formal</span>:org.junit.tests.running.methods.TestMethodTest*( sub )</span>; <span class='color_red'>old_this = @f$0<span class='color_orange'>formal</span>:org.junit.tests.running.methods.TestMethodTest*( sub )</span>
  [footprint
     <span class='color_red'>this = @f$0<span class='color_orange'>formal</span>:org.junit.tests.running.methods.TestMethodTest*( sub )</span>  ]</span>
  .... Instructions: ....
  <span class='color_green'>n$0=*&amp;this:org.junit.tests.running.methods.TestMethodTest* [line 169];
  n$1=_fun_List TestMethodTest.validateAllMethods(Class)(n$0:org.junit.tests.running.methods.TestMethodTest*,org.junit.tests.running.methods.TestMethodTest$SubShadows:java.lang.Object*) [line 169];
  *&amp;problems:java.util.List*=n$1 [line 169];
  NULLIFY(&amp;this); [line 169];
  EXIT_SCOPE(n$0,n$1,this); [line 169];
  </span>
  
  Processing prop 1/1
    Instruction <span class='color_green'>n$0=*&amp;this:org.junit.tests.running.methods.TestMethodTest* [line 169]</span>
    .... Rearrangement Start ....
    Exp: &amp;this
    Prop:
    <span class='color_blue'>problems = n$2<span class='color_orange'>initial</span>:java.util.List*; $irvar0 = n$3<span class='color_orange'>initial</span>:void; return = n$4<span class='color_orange'>initial</span>:void; this = @f$0<span class='color_orange'>formal</span>:org.junit.tests.running.methods.TestMethodTest*( sub ); old_this = @f$0<span class='color_orange'>formal</span>:org.junit.tests.running.methods.TestMethodTest*( sub )
    [footprint
       this = @f$0<span class='color_orange'>formal</span>:org.junit.tests.running.methods.TestMethodTest*( sub )  ]</span>
    
    in prop_iter_extend_ptsto lexp: &amp;this
    prop before:
    <span class='color_blue'>problems = n$2<span class='color_orange'>initial</span>:java.util.List*; $irvar0 = n$3<span class='color_orange'>initial</span>:void; return = n$4<span class='color_orange'>initial</span>:void; this = @f$0<span class='color_orange'>formal</span>:org.junit.tests.running.methods.TestMethodTest*( sub ); old_this = @f$0<span class='color_orange'>formal</span>:org.junit.tests.running.methods.TestMethodTest*( sub )
    [footprint
       this = @f$0<span class='color_orange'>formal</span>:org.junit.tests.running.methods.TestMethodTest*( sub )  ]</span>
    
    
    prop list after:
    PROP 1 of 1:
    <span class='color_blue'><span class='color_blue'>problems = n$2<span class='color_orange'>initial</span>:java.util.List*</span>; <span class='color_blue'>$irvar0 = n$3<span class='color_orange'>initial</span>:void</span>; <span class='color_blue'>return = n$4<span class='color_orange'>initial</span>:void</span>; <span class='color_blue'>this = @f$0<span class='color_orange'>formal</span>:org.junit.tests.running.methods.TestMethodTest*( sub )</span>; <span class='color_blue'>old_this = @f$0<span class='color_orange'>formal</span>:org.junit.tests.running.methods.TestMethodTest*( sub )</span>
    [footprint
       <span class='color_blue'>this = @f$0<span class='color_orange'>formal</span>:org.junit.tests.running.methods.TestMethodTest*( sub )</span>  ]</span>
    
    
    
    Instruction Returns
    PROP 1 of 1:
    <span class='color_blue'><span class='color_red'>n$0 = old_this</span> ;
    <span class='color_blue'>problems = _t$2<span class='color_orange'>initial</span>:java.util.List*</span>; <span class='color_blue'>$irvar0 = _t$1<span class='color_orange'>initial</span>:void</span>; <span class='color_blue'>return = _t$0<span class='color_orange'>initial</span>:void</span>; <span class='color_blue'>this = @f$0<span class='color_orange'>formal</span>:org.junit.tests.running.methods.TestMethodTest*( sub )</span>; <span class='color_blue'>old_this = @f$0<span class='color_orange'>formal</span>:org.junit.tests.running.methods.TestMethodTest*( sub )</span>
    [footprint
       <span class='color_blue'>this = @f$0<span class='color_orange'>formal</span>:org.junit.tests.running.methods.TestMethodTest*( sub )</span>  ]</span>
    
    Instruction <span class='color_green'>n$1=_fun_List TestMethodTest.validateAllMethods(Class)(n$0:org.junit.tests.running.methods.TestMethodTest*,org.junit.tests.running.methods.TestMethodTest$SubShadows:java.lang.Object*) [line 169]</span>
    Found 2 specs for function org.junit.tests.running.methods.TestMethodTest.validateAllMethods(java.lang.Class):java.util.List
    START EXECUTING SPECS FOR org.junit.tests.running.methods.TestMethodTest.validateAllMethods(java.lang.Class):java.util.List from state
    <span class='color_blue'>n$0 = old_this ;
    problems = n$5<span class='color_orange'>initial</span>:java.util.List*; $irvar0 = n$6<span class='color_orange'>initial</span>:void; return = n$7<span class='color_orange'>initial</span>:void; this = @f$0<span class='color_orange'>formal</span>:org.junit.tests.running.methods.TestMethodTest*( sub ); old_this = @f$0<span class='color_orange'>formal</span>:org.junit.tests.running.methods.TestMethodTest*( sub )
    [footprint
       this = @f$0<span class='color_orange'>formal</span>:org.junit.tests.running.methods.TestMethodTest*( sub )  ]</span>
    EXECUTING SPEC 1/2
    ACTUAL PRECONDITION =
      <span class='color_blue'>n$0 = old_this ;
      problems = n$5<span class='color_orange'>initial</span>:java.util.List*; $irvar0 = n$6<span class='color_orange'>initial</span>:void; clazz|callee = org.junit.tests.running.methods.TestMethodTest$SubShadows<span class='color_orange'>actual_precondition</span>:java.lang.Object*; return = n$7<span class='color_orange'>initial</span>:void; this = @f$0<span class='color_orange'>formal</span>:org.junit.tests.running.methods.TestMethodTest*( sub ); this|callee = @f$0<span class='color_orange'>actual_precondition</span>:org.junit.tests.running.methods.TestMethodTest*; old_this = @f$0<span class='color_orange'>formal</span>:org.junit.tests.running.methods.TestMethodTest*( sub )
      [footprint
         this = @f$0<span class='color_orange'>formal</span>:org.junit.tests.running.methods.TestMethodTest*( sub )  ]</span>
    SPEC =
      --------------------------- ---------- ---------------------------
      PRE:
      <span class='color_blue'><span class='color_blue'>clazz|callee = null<span class='color_orange'>formal</span>:java.lang.Class*( sub ); this|callee = _t$8<span class='color_orange'>formal</span>:org.junit.tests.running.methods.TestMethodTest*( sub )</span></span>
      POST 1 of 1:
      <span class='color_blue'><span class='color_red'>UND &lt; List Collections.emptyList() &gt; :179(return|callee)</span> ;
      <span class='color_red'>return|callee = _t$9<span class='color_orange'>update:179</span>:java.util.List*</span></span>
      ----------------------------------------------------------------
    pre_check_pure_implication
    pi1:
      n$0 = @f$0
    pi2:
      
    returns
    sub1:
      n$0 = @f$0
    sub2:
      
    Current Implication
    SUB:
      n$0 = @f$0
    <span class='color_blue'>old_this = old_this ;
    problems = n$5<span class='color_orange'>initial</span>:java.util.List*; $irvar0 = n$6<span class='color_orange'>initial</span>:void; clazz|callee = org.junit.tests.running.methods.TestMethodTest$SubShadows<span class='color_orange'>actual_precondition</span>:java.lang.Object*; return = n$7<span class='color_orange'>initial</span>:void; this = @f$0<span class='color_orange'>formal</span>:org.junit.tests.running.methods.TestMethodTest*( sub ); this|callee = @f$0<span class='color_orange'>actual_precondition</span>:org.junit.tests.running.methods.TestMethodTest*; old_this = @f$0<span class='color_orange'>formal</span>:org.junit.tests.running.methods.TestMethodTest*( sub )
    [footprint
       this = @f$0<span class='color_orange'>formal</span>:org.junit.tests.running.methods.TestMethodTest*( sub )  ]</span>
    |-
    <span class='color_blue'>clazz|callee = null<span class='color_orange'>formal</span>:java.lang.Class*( sub ); this|callee = _t$8<span class='color_orange'>formal</span>:org.junit.tests.running.methods.TestMethodTest*( sub )</span>
    
      do_imply org.junit.tests.running.methods.TestMethodTest$SubShadows null
      WARNING: footprint failed to find MISSING because: constants not equal
    EXECUTING SPEC 2/2
    ACTUAL PRECONDITION =
      <span class='color_blue'>n$0 = old_this ;
      problems = n$5<span class='color_orange'>initial</span>:java.util.List*; $irvar0 = n$6<span class='color_orange'>initial</span>:void; clazz|callee = org.junit.tests.running.methods.TestMethodTest$SubShadows<span class='color_orange'>actual_precondition</span>:java.lang.Object*; return = n$7<span class='color_orange'>initial</span>:void; this = @f$0<span class='color_orange'>formal</span>:org.junit.tests.running.methods.TestMethodTest*( sub ); this|callee = @f$0<span class='color_orange'>actual_precondition</span>:org.junit.tests.running.methods.TestMethodTest*; old_this = @f$0<span class='color_orange'>formal</span>:org.junit.tests.running.methods.TestMethodTest*( sub )
      [footprint
         this = @f$0<span class='color_orange'>formal</span>:org.junit.tests.running.methods.TestMethodTest*( sub )  ]</span>
    SPEC =
      --------------------------- ---------- ---------------------------
      PRE:
      <span class='color_blue'><span class='color_blue'>clazz|callee != null ;
      clazz|callee = _t$10<span class='color_orange'>formal</span>:java.lang.Class*( sub ); this|callee = _t$11<span class='color_orange'>formal</span>:org.junit.tests.running.methods.TestMethodTest*( sub ) ;
      clazz|callee|->{}<span class='color_orange'>rearrange:47</span>:java.lang.Class( sub )</span></span>
      POST 1 of 3:
      <span class='color_blue'><span class='color_red'>_t$12 != 0</span>; clazz|callee != null; <span class='color_red'>MEMne &lt; BlockJUnit4ClassRunner.<init>(Class):175 &gt; <span class='color_orange'>{vpath: }</span>(_t$12)</span> ;
      <span class='color_red'>return|callee = EXN _t$12<span class='color_orange'>update:176</span>:java.util.List*</span> ;
      <span class='color_red'>_t$12|->{}<span class='color_orange'>alloc</span>:java.lang.IllegalArgumentException</span>; clazz|callee|->{}<span class='color_orange'>formal</span>:java.lang.Class( sub )</span>
      POST 2 of 3:
      <span class='color_blue'><span class='color_red'>_t$13 != 0</span>; clazz|callee != null; <span class='color_red'>MEMne &lt; BlockJUnit4ClassRunner.<init>(Class):175 &gt; <span class='color_orange'>{vpath: }</span>(_t$13)</span> ;
      <span class='color_red'>return|callee = EXN _t$13<span class='color_orange'>update:176</span>:java.util.List*</span> ;
      <span class='color_red'>_t$13|->{}<span class='color_orange'>alloc</span>:java.lang.IllegalArgumentException</span>; clazz|callee|->{}<span class='color_orange'>formal</span>:java.lang.Class( sub )</span>
      POST 3 of 3:
      <span class='color_blue'>clazz|callee != null; <span class='color_red'>UND &lt; List Collections.emptyList() &gt; :179(return|callee)</span> ;
      <span class='color_red'>return|callee = _t$13<span class='color_orange'>update:179</span>:java.util.List*</span> ;
      clazz|callee|->{}<span class='color_orange'>formal</span>:java.lang.Class( sub )</span>
      ----------------------------------------------------------------
    pre_check_pure_implication
    pi1:
      n$0 = @f$0
    pi2:
      _t$10 != null
    returns
    sub1:
      n$0 = @f$0
    sub2:
      
    Current Implication
    SUB:
      n$0 = @f$0
    <span class='color_blue'>old_this = old_this ;
    problems = n$5<span class='color_orange'>initial</span>:java.util.List*; $irvar0 = n$6<span class='color_orange'>initial</span>:void; clazz|callee = org.junit.tests.running.methods.TestMethodTest$SubShadows<span class='color_orange'>actual_precondition</span>:java.lang.Object*; return = n$7<span class='color_orange'>initial</span>:void; this = @f$0<span class='color_orange'>formal</span>:org.junit.tests.running.methods.TestMethodTest*( sub ); this|callee = @f$0<span class='color_orange'>actual_precondition</span>:org.junit.tests.running.methods.TestMethodTest*; old_this = @f$0<span class='color_orange'>formal</span>:org.junit.tests.running.methods.TestMethodTest*( sub )
    [footprint
       this = @f$0<span class='color_orange'>formal</span>:org.junit.tests.running.methods.TestMethodTest*( sub )  ]</span>
    |-
    <span class='color_blue'>clazz|callee = _t$10<span class='color_orange'>formal</span>:java.lang.Class*( sub ); this|callee = _t$11<span class='color_orange'>formal</span>:org.junit.tests.running.methods.TestMethodTest*( sub ) ;
    clazz|callee|->{}<span class='color_orange'>rearrange:47</span>:java.lang.Class( sub )</span>
    
      do_imply org.junit.tests.running.methods.TestMethodTest$SubShadows _t$10
        Current Implication
        SUB:
          n$0 = @f$0
        <span class='color_blue'>old_this = old_this ;
        problems = n$5<span class='color_orange'>initial</span>:java.util.List*; $irvar0 = n$6<span class='color_orange'>initial</span>:void; return = n$7<span class='color_orange'>initial</span>:void; this = @f$0<span class='color_orange'>formal</span>:org.junit.tests.running.methods.TestMethodTest*( sub ); this|callee = @f$0<span class='color_orange'>actual_precondition</span>:org.junit.tests.running.methods.TestMethodTest*; old_this = @f$0<span class='color_orange'>formal</span>:org.junit.tests.running.methods.TestMethodTest*( sub )
        [footprint
           this = @f$0<span class='color_orange'>formal</span>:org.junit.tests.running.methods.TestMethodTest*( sub )  ]</span>
        [SUB: 
          _t$10 = org.junit.tests.running.methods.TestMethodTest$SubShadows]
        |-
        <span class='color_blue'>this|callee = _t$11<span class='color_orange'>formal</span>:org.junit.tests.running.methods.TestMethodTest*( sub ) ;
        org.junit.tests.running.methods.TestMethodTest$SubShadows|->{}<span class='color_orange'>rearrange:47</span>:java.lang.Class( sub )</span>
        
          do_imply @f$0 _t$11
            Current Implication
            SUB:
              n$0 = @f$0
            <span class='color_blue'>old_this = old_this ;
            problems = n$5<span class='color_orange'>initial</span>:java.util.List*; $irvar0 = n$6<span class='color_orange'>initial</span>:void; return = n$7<span class='color_orange'>initial</span>:void; this = @f$0<span class='color_orange'>formal</span>:org.junit.tests.running.methods.TestMethodTest*( sub ); old_this = @f$0<span class='color_orange'>formal</span>:org.junit.tests.running.methods.TestMethodTest*( sub )
            [footprint
               this = @f$0<span class='color_orange'>formal</span>:org.junit.tests.running.methods.TestMethodTest*( sub )  ]</span>
            [SUB: 
              _t$10 = org.junit.tests.running.methods.TestMethodTest$SubShadows; _t$11 = @f$0]
            |-
            <span class='color_blue'>org.junit.tests.running.methods.TestMethodTest$SubShadows|->{}<span class='color_orange'>rearrange:47</span>:java.lang.Class( sub )</span>
            
                Final Implication
                SUB:
                  n$0 = @f$0
                <span class='color_blue'>old_this = old_this ;
                problems = n$5<span class='color_orange'>initial</span>:java.util.List*; $irvar0 = n$6<span class='color_orange'>initial</span>:void; return = n$7<span class='color_orange'>initial</span>:void; this = @f$0<span class='color_orange'>formal</span>:org.junit.tests.running.methods.TestMethodTest*( sub ); old_this = @f$0<span class='color_orange'>formal</span>:org.junit.tests.running.methods.TestMethodTest*( sub )
                [footprint
                   this = @f$0<span class='color_orange'>formal</span>:org.junit.tests.running.methods.TestMethodTest*( sub )  ]</span>
                [SUB: 
                  _t$10 = org.junit.tests.running.methods.TestMethodTest$SubShadows; _t$11 = @f$0]
                |-
                <span class='color_blue'></span>
                [FRAME FLD:
                  org.junit.tests.running.methods.TestMethodTest$SubShadows|->{name:"org.junit.tests.running.methods.TestMethodTest$SubShadows"<span class='color_orange'>none</span>}<span class='color_orange'>none</span>:java.lang.Class]
                [FRAME TYPING:
                  org.junit.tests.running.methods.TestMethodTest$SubShadows: java.lang.Class ]
    imply_pi: adding missing atom _t$10 != null
    Result of Abduction
      SUB:
        n$0 = @f$0
      <span class='color_blue'>old_this = old_this ;
      problems = n$5<span class='color_orange'>initial</span>:java.util.List*; $irvar0 = n$6<span class='color_orange'>initial</span>:void; clazz|callee = org.junit.tests.running.methods.TestMethodTest$SubShadows<span class='color_orange'>actual_precondition</span>:java.lang.Object*; return = n$7<span class='color_orange'>initial</span>:void; this = @f$0<span class='color_orange'>formal</span>:org.junit.tests.running.methods.TestMethodTest*( sub ); this|callee = @f$0<span class='color_orange'>actual_precondition</span>:org.junit.tests.running.methods.TestMethodTest*; old_this = @f$0<span class='color_orange'>formal</span>:org.junit.tests.running.methods.TestMethodTest*( sub )
      [footprint
         this = @f$0<span class='color_orange'>formal</span>:org.junit.tests.running.methods.TestMethodTest*( sub )  ]</span>
      [SUB: 
        _t$10 = org.junit.tests.running.methods.TestMethodTest$SubShadows; _t$11 = @f$0
      _t$10 != null]
      |-
      <span class='color_blue'>org.junit.tests.running.methods.TestMethodTest$SubShadows != null ;
      clazz|callee = org.junit.tests.running.methods.TestMethodTest$SubShadows<span class='color_orange'>formal</span>:java.lang.Class*( sub ); this|callee = @f$0<span class='color_orange'>formal</span>:org.junit.tests.running.methods.TestMethodTest*( sub ) ;
      org.junit.tests.running.methods.TestMethodTest$SubShadows|->{}<span class='color_orange'>rearrange:47</span>:java.lang.Class( sub )</span>
      [FRAME FLD:
        org.junit.tests.running.methods.TestMethodTest$SubShadows|->{name:"org.junit.tests.running.methods.TestMethodTest$SubShadows"<span class='color_orange'>none</span>}<span class='color_orange'>none</span>:java.lang.Class]
      [FRAME TYPING:
        org.junit.tests.running.methods.TestMethodTest$SubShadows: java.lang.Class ]
    returning TRUE
    in vpath_find exp:_t$12
    vpath_find: cannot find _t$12
    in vpath_find exp:_t$13
    vpath_find: cannot find _t$13
      New footprint:
      org.junit.tests.running.methods.TestMethodTest$SubShadows != null
      Frame fld:
      org.junit.tests.running.methods.TestMethodTest$SubShadows|->{name:"org.junit.tests.running.methods.TestMethodTest$SubShadows"<span class='color_orange'>none</span>}<span class='color_orange'>none</span>:java.lang.Class
      Frame typ:
      org.junit.tests.running.methods.TestMethodTest$SubShadows: java.lang.Class 
      Missing fld:
      
      Instantiated frame:
      &amp;problems|->n$5<span class='color_orange'>initial</span>:java.util.List*; &amp;$irvar0|->n$6<span class='color_orange'>initial</span>:void; &amp;return|->n$7<span class='color_orange'>initial</span>:void; &amp;this|->@f$0<span class='color_orange'>formal</span>:org.junit.tests.running.methods.TestMethodTest*( sub ); &amp;old_this|->@f$0<span class='color_orange'>formal</span>:org.junit.tests.running.methods.TestMethodTest*( sub )
      Instantiated post:
      PROP 1 of 3:
      <span class='color_blue'><span class='color_red'>_t$12 != 0</span>; <span class='color_red'>org.junit.tests.running.methods.TestMethodTest$SubShadows != null</span>; <span class='color_red'>MEMne &lt; List TestMethodTest.validateAllMethods(Class):169 &gt; <span class='color_orange'>{vpath: }</span>(_t$12)</span> ;
      <span class='color_red'>return|callee = EXN _t$12<span class='color_orange'>update:169</span>:java.util.List*</span> ;
      <span class='color_red'>_t$12|->{}<span class='color_orange'>alloc</span>:java.lang.IllegalArgumentException</span>; <span class='color_red'>org.junit.tests.running.methods.TestMethodTest$SubShadows|->{}<span class='color_orange'>formal</span>:java.lang.Class( sub )</span></span>
      PROP 2 of 3:
      <span class='color_blue'><span class='color_red'>_t$13 != 0</span>; <span class='color_red'>org.junit.tests.running.methods.TestMethodTest$SubShadows != null</span>; <span class='color_red'>MEMne &lt; List TestMethodTest.validateAllMethods(Class):169 &gt; <span class='color_orange'>{vpath: }</span>(_t$13)</span> ;
      <span class='color_red'>return|callee = EXN _t$13<span class='color_orange'>update:169</span>:java.util.List*</span> ;
      <span class='color_red'>_t$13|->{}<span class='color_orange'>alloc</span>:java.lang.IllegalArgumentException</span>; <span class='color_red'>org.junit.tests.running.methods.TestMethodTest$SubShadows|->{}<span class='color_orange'>formal</span>:java.lang.Class( sub )</span></span>
      PROP 3 of 3:
      <span class='color_blue'><span class='color_red'>org.junit.tests.running.methods.TestMethodTest$SubShadows != null</span>; <span class='color_red'>UND &lt; List Collections.emptyList() &gt; :179(return|callee)</span> ;
      <span class='color_red'>return|callee = _t$13<span class='color_orange'>update:169</span>:java.util.List*</span> ;
      <span class='color_red'>org.junit.tests.running.methods.TestMethodTest$SubShadows|->{}<span class='color_orange'>formal</span>:java.lang.Class( sub )</span></span>
      
    ***** RESULTS FUNCTION CALL *******
    PROP 1 of 2:
    <span class='color_blue'><span class='color_blue'>n$0 = old_this</span> ;
    <span class='color_red'>_t$0 != 0</span>; <span class='color_red'>null != org.junit.tests.running.methods.TestMethodTest$SubShadows</span>; <span class='color_red'>MEMne &lt; List TestMethodTest.validateAllMethods(Class):169 &gt; <span class='color_orange'>{vpath: }</span>(_t$0)</span> ;
    <span class='color_blue'>problems = n$5<span class='color_orange'>initial</span>:java.util.List*</span>; <span class='color_blue'>$irvar0 = n$6<span class='color_orange'>initial</span>:void</span>; <span class='color_blue'>return = <span class='color_red'>EXN _t$0<span class='color_orange'>update:169</span></span>:void</span>; <span class='color_blue'>this = @f$0<span class='color_orange'>formal</span>:org.junit.tests.running.methods.TestMethodTest*( sub )</span>; <span class='color_blue'>old_this = @f$0<span class='color_orange'>formal</span>:org.junit.tests.running.methods.TestMethodTest*( sub )</span> ;
    <span class='color_red'>_t$0|->{}<span class='color_orange'>alloc</span>:java.lang.IllegalArgumentException</span>; <span class='color_red'>org.junit.tests.running.methods.TestMethodTest$SubShadows|->{name:"org.junit.tests.running.methods.TestMethodTest$SubShadows"<span class='color_orange'>none</span>}<span class='color_orange'>none</span>:java.lang.Class</span>
    [footprint
       <span class='color_red'>null != org.junit.tests.running.methods.TestMethodTest$SubShadows</span> *
       <span class='color_blue'>this = @f$0<span class='color_orange'>formal</span>:org.junit.tests.running.methods.TestMethodTest*( sub )</span>  ]</span>
    PROP 2 of 2:
    <span class='color_blue'><span class='color_blue'>n$0 = old_this</span> ;
    <span class='color_red'>null != org.junit.tests.running.methods.TestMethodTest$SubShadows</span>; <span class='color_red'>UND &lt; List Collections.emptyList() &gt; :179(n$1)</span> ;
    <span class='color_blue'>problems = n$5<span class='color_orange'>initial</span>:java.util.List*</span>; <span class='color_blue'>$irvar0 = n$6<span class='color_orange'>initial</span>:void</span>; <span class='color_blue'>return = n$7<span class='color_orange'>initial</span>:void</span>; <span class='color_blue'>this = @f$0<span class='color_orange'>formal</span>:org.junit.tests.running.methods.TestMethodTest*( sub )</span>; <span class='color_blue'>old_this = @f$0<span class='color_orange'>formal</span>:org.junit.tests.running.methods.TestMethodTest*( sub )</span> ;
    <span class='color_red'>org.junit.tests.running.methods.TestMethodTest$SubShadows|->{name:"org.junit.tests.running.methods.TestMethodTest$SubShadows"<span class='color_orange'>none</span>}<span class='color_orange'>none</span>:java.lang.Class</span>
    [footprint
       <span class='color_red'>null != org.junit.tests.running.methods.TestMethodTest$SubShadows</span> *
       <span class='color_blue'>this = @f$0<span class='color_orange'>formal</span>:org.junit.tests.running.methods.TestMethodTest*( sub )</span>  ]</span>
    ***** END RESULTS FUNCTION CALL *******
    Prover.check_inconsistency_base: inconsistency reason [None]
    Prover.check_inconsistency_base: inconsistency reason [None]
    Prover.check_inconsistency_base: inconsistency reason [None]
    Prover.check_inconsistency_base: inconsistency reason [None]
    Prover.check_inconsistency_base: inconsistency reason [None]
    Prover.check_inconsistency_base: inconsistency reason [None]
    Prover.check_inconsistency_base: inconsistency reason [None]
    Prover.check_inconsistency_base: inconsistency reason [None]
    Instruction Returns
    PROP 1 of 3:
    <span class='color_blue'><span class='color_blue'>n$0 = old_this</span> ;
    <span class='color_red'>_t$0 != 0</span>; <span class='color_red'>null != org.junit.tests.running.methods.TestMethodTest$SubShadows</span>; <span class='color_red'>MEMne &lt; List TestMethodTest.validateAllMethods(Class):169 &gt; <span class='color_orange'>{vpath: }</span>(_t$0)</span> ;
    <span class='color_blue'>problems = <span class='color_red'>_t$1<span class='color_orange'>initial</span></span>:java.util.List*</span>; <span class='color_blue'>$irvar0 = <span class='color_red'>_t$2<span class='color_orange'>initial</span></span>:void</span>; <span class='color_blue'>return = <span class='color_red'>EXN _t$0<span class='color_orange'>update:169</span></span>:void</span>; <span class='color_blue'>this = @f$0<span class='color_orange'>formal</span>:org.junit.tests.running.methods.TestMethodTest*( sub )</span>; <span class='color_blue'>old_this = @f$0<span class='color_orange'>formal</span>:org.junit.tests.running.methods.TestMethodTest*( sub )</span> ;
    <span class='color_red'>_t$0|->{}<span class='color_orange'>alloc</span>:java.lang.IllegalArgumentException</span>
    [footprint
       <span class='color_red'>null != org.junit.tests.running.methods.TestMethodTest$SubShadows</span> *
       <span class='color_blue'>this = @f$0<span class='color_orange'>formal</span>:org.junit.tests.running.methods.TestMethodTest*( sub )</span>  ]</span>
    PROP 2 of 3:
    <span class='color_blue'><span class='color_blue'>n$0 = old_this</span> ;
    <span class='color_red'>_t$0 != 0</span>; <span class='color_red'>null != org.junit.tests.running.methods.TestMethodTest$SubShadows</span>; <span class='color_red'>MEMne &lt; List TestMethodTest.validateAllMethods(Class):169 &gt; <span class='color_orange'>{vpath: }</span>(_t$0)</span> ;
    <span class='color_blue'>problems = <span class='color_red'>_t$1<span class='color_orange'>initial</span></span>:java.util.List*</span>; <span class='color_blue'>$irvar0 = <span class='color_red'>_t$2<span class='color_orange'>initial</span></span>:void</span>; <span class='color_blue'>return = <span class='color_red'>EXN _t$0<span class='color_orange'>update:169</span></span>:void</span>; <span class='color_blue'>this = @f$0<span class='color_orange'>formal</span>:org.junit.tests.running.methods.TestMethodTest*( sub )</span>; <span class='color_blue'>old_this = @f$0<span class='color_orange'>formal</span>:org.junit.tests.running.methods.TestMethodTest*( sub )</span> ;
    <span class='color_red'>_t$0|->{}<span class='color_orange'>alloc</span>:java.lang.IllegalArgumentException</span>
    [footprint
       <span class='color_red'>null != org.junit.tests.running.methods.TestMethodTest$SubShadows</span> *
       <span class='color_blue'>this = @f$0<span class='color_orange'>formal</span>:org.junit.tests.running.methods.TestMethodTest*( sub )</span>  ]</span>
    PROP 3 of 3:
    <span class='color_blue'><span class='color_blue'>n$0 = old_this</span> ;
    <span class='color_red'>null != org.junit.tests.running.methods.TestMethodTest$SubShadows</span>; <span class='color_red'>UND &lt; List Collections.emptyList() &gt; :179(n$1)</span> ;
    <span class='color_blue'>problems = _t$2<span class='color_orange'>initial</span>:java.util.List*</span>; <span class='color_blue'>$irvar0 = _t$1<span class='color_orange'>initial</span>:void</span>; <span class='color_blue'>return = _t$0<span class='color_orange'>initial</span>:void</span>; <span class='color_blue'>this = @f$0<span class='color_orange'>formal</span>:org.junit.tests.running.methods.TestMethodTest*( sub )</span>; <span class='color_blue'>old_this = @f$0<span class='color_orange'>formal</span>:org.junit.tests.running.methods.TestMethodTest*( sub )</span>
    [footprint
       <span class='color_red'>null != org.junit.tests.running.methods.TestMethodTest$SubShadows</span> *
       <span class='color_blue'>this = @f$0<span class='color_orange'>formal</span>:org.junit.tests.running.methods.TestMethodTest*( sub )</span>  ]</span>
    
    Skipping instr <span class='color_green'>*&amp;problems:java.util.List*=n$1 [line 169]</span> due to exception
    Instruction <span class='color_green'>*&amp;problems:java.util.List*=n$1 [line 169]</span>
    .... Rearrangement Start ....
    Exp: &amp;problems
    Prop:
    <span class='color_blue'>n$0 = old_this ;
    null != org.junit.tests.running.methods.TestMethodTest$SubShadows; UND &lt; List Collections.emptyList() &gt; :179(n$1) ;
    problems = n$8<span class='color_orange'>initial</span>:java.util.List*; $irvar0 = n$9<span class='color_orange'>initial</span>:void; return = n$10<span class='color_orange'>initial</span>:void; this = @f$0<span class='color_orange'>formal</span>:org.junit.tests.running.methods.TestMethodTest*( sub ); old_this = @f$0<span class='color_orange'>formal</span>:org.junit.tests.running.methods.TestMethodTest*( sub )
    [footprint
       null != org.junit.tests.running.methods.TestMethodTest$SubShadows *
       this = @f$0<span class='color_orange'>formal</span>:org.junit.tests.running.methods.TestMethodTest*( sub )  ]</span>
    
    in prop_iter_extend_ptsto lexp: &amp;problems
    prop before:
    <span class='color_blue'>n$0 = old_this ;
    null != org.junit.tests.running.methods.TestMethodTest$SubShadows; UND &lt; List Collections.emptyList() &gt; :179(n$1) ;
    problems = n$8<span class='color_orange'>initial</span>:java.util.List*; $irvar0 = n$9<span class='color_orange'>initial</span>:void; return = n$10<span class='color_orange'>initial</span>:void; this = @f$0<span class='color_orange'>formal</span>:org.junit.tests.running.methods.TestMethodTest*( sub ); old_this = @f$0<span class='color_orange'>formal</span>:org.junit.tests.running.methods.TestMethodTest*( sub )
    [footprint
       null != org.junit.tests.running.methods.TestMethodTest$SubShadows *
       this = @f$0<span class='color_orange'>formal</span>:org.junit.tests.running.methods.TestMethodTest*( sub )  ]</span>
    
    
    prop list after:
    PROP 1 of 1:
    <span class='color_blue'><span class='color_blue'>n$0 = old_this</span> ;
    <span class='color_blue'>null != org.junit.tests.running.methods.TestMethodTest$SubShadows</span>; <span class='color_blue'>UND &lt; List Collections.emptyList() &gt; :179(n$1)</span> ;
    <span class='color_blue'>problems = n$8<span class='color_orange'>initial</span>:java.util.List*</span>; <span class='color_blue'>$irvar0 = n$9<span class='color_orange'>initial</span>:void</span>; <span class='color_blue'>return = n$10<span class='color_orange'>initial</span>:void</span>; <span class='color_blue'>this = @f$0<span class='color_orange'>formal</span>:org.junit.tests.running.methods.TestMethodTest*( sub )</span>; <span class='color_blue'>old_this = @f$0<span class='color_orange'>formal</span>:org.junit.tests.running.methods.TestMethodTest*( sub )</span>
    [footprint
       <span class='color_blue'>null != org.junit.tests.running.methods.TestMethodTest$SubShadows</span> *
       <span class='color_blue'>this = @f$0<span class='color_orange'>formal</span>:org.junit.tests.running.methods.TestMethodTest*( sub )</span>  ]</span>
    
    
    
    Instruction Returns
    PROP 1 of 1:
    <span class='color_blue'><span class='color_blue'>n$0 = old_this</span> ;
    <span class='color_blue'>null != org.junit.tests.running.methods.TestMethodTest$SubShadows</span>; <span class='color_blue'>UND &lt; List Collections.emptyList() &gt; :179(problems)</span> ;
    <span class='color_blue'>problems = <span class='color_red'>n$1<span class='color_orange'>update:169</span></span>:java.util.List*</span>; <span class='color_blue'>$irvar0 = _t$1<span class='color_orange'>initial</span>:void</span>; <span class='color_blue'>return = _t$0<span class='color_orange'>initial</span>:void</span>; <span class='color_blue'>this = @f$0<span class='color_orange'>formal</span>:org.junit.tests.running.methods.TestMethodTest*( sub )</span>; <span class='color_blue'>old_this = @f$0<span class='color_orange'>formal</span>:org.junit.tests.running.methods.TestMethodTest*( sub )</span>
    [footprint
       <span class='color_blue'>null != org.junit.tests.running.methods.TestMethodTest$SubShadows</span> *
       <span class='color_blue'>this = @f$0<span class='color_orange'>formal</span>:org.junit.tests.running.methods.TestMethodTest*( sub )</span>  ]</span>
    
    Instruction <span class='color_green'>NULLIFY(&amp;this); [line 169]</span>
    in vpath_find exp:_t$0
    vpath_find: cannot find _t$0
    Instruction Returns
    PROP 1 of 1:
    <span class='color_blue'><span class='color_blue'>n$0 = old_this</span> ;
    <span class='color_blue'>_t$0 != 0</span>; <span class='color_blue'>null != org.junit.tests.running.methods.TestMethodTest$SubShadows</span>; <span class='color_blue'>MEMne &lt; List TestMethodTest.validateAllMethods(Class):169 &gt; <span class='color_orange'>{vpath: }</span>(_t$0)</span> ;
    <span class='color_blue'>problems = _t$1<span class='color_orange'>initial</span>:java.util.List*</span>; <span class='color_blue'>$irvar0 = _t$2<span class='color_orange'>initial</span>:void</span>; <span class='color_blue'>return = EXN _t$0<span class='color_orange'>update:169</span>:void</span>; <span class='color_blue'>this = <span class='color_red'>0<span class='color_orange'>nullify</span></span>:org.junit.tests.running.methods.TestMethodTest*( sub )</span>; <span class='color_blue'>old_this = @f$0<span class='color_orange'>formal</span>:org.junit.tests.running.methods.TestMethodTest*( sub )</span> ;
    <span class='color_blue'>_t$0|->{}<span class='color_orange'>alloc</span>:java.lang.IllegalArgumentException</span>
    [footprint
       <span class='color_blue'>null != org.junit.tests.running.methods.TestMethodTest$SubShadows</span> *
       <span class='color_blue'>this = @f$0<span class='color_orange'>formal</span>:org.junit.tests.running.methods.TestMethodTest*( sub )</span>  ]</span>
    
    Instruction <span class='color_green'>NULLIFY(&amp;this); [line 169]</span>
    Instruction Returns
    PROP 1 of 1:
    <span class='color_blue'><span class='color_blue'>n$0 = old_this</span> ;
    <span class='color_blue'>null != org.junit.tests.running.methods.TestMethodTest$SubShadows</span>; <span class='color_blue'>UND &lt; List Collections.emptyList() &gt; :179(problems)</span> ;
    <span class='color_blue'>problems = n$1<span class='color_orange'>update:169</span>:java.util.List*</span>; <span class='color_blue'>$irvar0 = _t$1<span class='color_orange'>initial</span>:void</span>; <span class='color_blue'>return = _t$0<span class='color_orange'>initial</span>:void</span>; <span class='color_blue'>this = <span class='color_red'>0<span class='color_orange'>nullify</span></span>:org.junit.tests.running.methods.TestMethodTest*( sub )</span>; <span class='color_blue'>old_this = @f$0<span class='color_orange'>formal</span>:org.junit.tests.running.methods.TestMethodTest*( sub )</span>
    [footprint
       <span class='color_blue'>null != org.junit.tests.running.methods.TestMethodTest$SubShadows</span> *
       <span class='color_blue'>this = @f$0<span class='color_orange'>formal</span>:org.junit.tests.running.methods.TestMethodTest*( sub )</span>  ]</span>
    
    Instruction <span class='color_green'>EXIT_SCOPE(n$0,n$1,this); [line 169]</span>
    in vpath_find exp:_t$0
    vpath_find: cannot find _t$0
    Instruction Returns
    PROP 1 of 1:
    <span class='color_blue'><span class='color_blue'>_t$0 != 0</span>; <span class='color_blue'>null != org.junit.tests.running.methods.TestMethodTest$SubShadows</span>; <span class='color_blue'>MEMne &lt; List TestMethodTest.validateAllMethods(Class):169 &gt; <span class='color_orange'>{vpath: }</span>(_t$0)</span> ;
    <span class='color_blue'>problems = _t$1<span class='color_orange'>initial</span>:java.util.List*</span>; <span class='color_blue'>$irvar0 = _t$2<span class='color_orange'>initial</span>:void</span>; <span class='color_blue'>return = EXN _t$0<span class='color_orange'>update:169</span>:void</span>; <span class='color_blue'>this = 0<span class='color_orange'>nullify</span>:org.junit.tests.running.methods.TestMethodTest*( sub )</span>; <span class='color_blue'>old_this = @f$0<span class='color_orange'>formal</span>:org.junit.tests.running.methods.TestMethodTest*( sub )</span> ;
    <span class='color_blue'>_t$0|->{}<span class='color_orange'>alloc</span>:java.lang.IllegalArgumentException</span>
    [footprint
       <span class='color_blue'>null != org.junit.tests.running.methods.TestMethodTest$SubShadows</span> *
       <span class='color_blue'>this = @f$0<span class='color_orange'>formal</span>:org.junit.tests.running.methods.TestMethodTest*( sub )</span>  ]</span>
    
    Instruction <span class='color_green'>EXIT_SCOPE(n$0,n$1,this); [line 169]</span>
    Instruction Returns
    PROP 1 of 1:
    <span class='color_blue'><span class='color_blue'>null != org.junit.tests.running.methods.TestMethodTest$SubShadows</span>; <span class='color_red'>UND &lt; List Collections.emptyList() &gt; :179(problems)</span> ;
    <span class='color_blue'>problems = <span class='color_red'>_t$2<span class='color_orange'>update:169</span></span>:java.util.List*</span>; <span class='color_blue'>$irvar0 = _t$1<span class='color_orange'>initial</span>:void</span>; <span class='color_blue'>return = _t$0<span class='color_orange'>initial</span>:void</span>; <span class='color_blue'>this = 0<span class='color_orange'>nullify</span>:org.junit.tests.running.methods.TestMethodTest*( sub )</span>; <span class='color_blue'>old_this = @f$0<span class='color_orange'>formal</span>:org.junit.tests.running.methods.TestMethodTest*( sub )</span>
    [footprint
       <span class='color_blue'>null != org.junit.tests.running.methods.TestMethodTest$SubShadows</span> *
       <span class='color_blue'>this = @f$0<span class='color_orange'>formal</span>:org.junit.tests.running.methods.TestMethodTest*( sub )</span>  ]</span>
    
    .... After Symbolic Execution ....
    PROP 1 of 2:
    <span class='color_blue'><span class='color_red'>_t$0 != 0</span>; <span class='color_red'>null != org.junit.tests.running.methods.TestMethodTest$SubShadows</span>; <span class='color_red'>MEMne &lt; List TestMethodTest.validateAllMethods(Class):169 &gt; <span class='color_orange'>{vpath: }</span>(_t$0)</span> ;
    <span class='color_blue'>problems = <span class='color_red'>_t$1<span class='color_orange'>initial</span></span>:java.util.List*</span>; <span class='color_blue'>$irvar0 = <span class='color_red'>_t$2<span class='color_orange'>initial</span></span>:void</span>; <span class='color_blue'>return = <span class='color_red'>EXN _t$0<span class='color_orange'>update:169</span></span>:void</span>; <span class='color_blue'>this = <span class='color_red'>0<span class='color_orange'>nullify</span></span>:org.junit.tests.running.methods.TestMethodTest*( sub )</span>; <span class='color_blue'>old_this = @f$0<span class='color_orange'>formal</span>:org.junit.tests.running.methods.TestMethodTest*( sub )</span> ;
    <span class='color_red'>_t$0|->{}<span class='color_orange'>alloc</span>:java.lang.IllegalArgumentException</span>
    [footprint
       <span class='color_red'>null != org.junit.tests.running.methods.TestMethodTest$SubShadows</span> *
       <span class='color_blue'>this = @f$0<span class='color_orange'>formal</span>:org.junit.tests.running.methods.TestMethodTest*( sub )</span>  ]</span>
    PROP 2 of 2:
    <span class='color_blue'><span class='color_red'>null != org.junit.tests.running.methods.TestMethodTest$SubShadows</span>; <span class='color_red'>UND &lt; List Collections.emptyList() &gt; :179(problems)</span> ;
    <span class='color_blue'>problems = _t$2<span class='color_orange'>update:169</span>:java.util.List*</span>; <span class='color_blue'>$irvar0 = _t$1<span class='color_orange'>initial</span>:void</span>; <span class='color_blue'>return = _t$0<span class='color_orange'>initial</span>:void</span>; <span class='color_blue'>this = <span class='color_red'>0<span class='color_orange'>nullify</span></span>:org.junit.tests.running.methods.TestMethodTest*( sub )</span>; <span class='color_blue'>old_this = @f$0<span class='color_orange'>formal</span>:org.junit.tests.running.methods.TestMethodTest*( sub )</span>
    [footprint
       <span class='color_red'>null != org.junit.tests.running.methods.TestMethodTest$SubShadows</span> *
       <span class='color_blue'>this = @f$0<span class='color_orange'>formal</span>:org.junit.tests.running.methods.TestMethodTest*( sub )</span>  ]</span>
    
    
    
  </LISTING>
<hr width="100%">
<a name="session33" href="./../nodes/org.junit.tests.running.methods.TestMethodTest.dontValidateShadowedMethods%28%29%3Avoid.245d1fc67867889e0f8a6d93858929ac_node4.html#session33">node4#session33</a>(<a href="./../../TestMethodTest.java.cd3cd8b636ee5ff567d7c528578264cd.html#LINE169">169</a>) biabduction
<LISTING class='color_black'>**** [RE:Pending] void TestMethodTest.dontValidateShadowedMethods() Node: 4, Procedure: void TestMethodTest.dontValidateShadowedMethods(), Todo: 1 ****
  PROP 1 of 1:
  <span class='color_blue'><span class='color_red'>problems = _t$2<span class='color_orange'>initial</span>:java.util.List*</span>; <span class='color_red'>$irvar0 = _t$1<span class='color_orange'>initial</span>:void</span>; <span class='color_red'>return = _t$0<span class='color_orange'>initial</span>:void</span>; <span class='color_red'>this = val$1<span class='color_orange'>formal</span>:org.junit.tests.running.methods.TestMethodTest*( sub )</span>; <span class='color_red'>old_this = val$1<span class='color_orange'>formal</span>:org.junit.tests.running.methods.TestMethodTest*( sub )</span></span>
  .... Instructions: ....
  <span class='color_green'>n$0=*&amp;this:org.junit.tests.running.methods.TestMethodTest* [line 169];
  n$1=_fun_List TestMethodTest.validateAllMethods(Class)(n$0:org.junit.tests.running.methods.TestMethodTest*,org.junit.tests.running.methods.TestMethodTest$SubShadows:java.lang.Object*) [line 169];
  *&amp;problems:java.util.List*=n$1 [line 169];
  NULLIFY(&amp;this); [line 169];
  EXIT_SCOPE(n$0,n$1,this); [line 169];
  </span>
  
  Processing prop 1/1
    Instruction <span class='color_green'>n$0=*&amp;this:org.junit.tests.running.methods.TestMethodTest* [line 169]</span>
    .... Rearrangement Start ....
    Exp: &amp;this
    Prop:
    <span class='color_blue'>problems = n$2<span class='color_orange'>initial</span>:java.util.List*; $irvar0 = n$3<span class='color_orange'>initial</span>:void; return = n$4<span class='color_orange'>initial</span>:void; this = val$1<span class='color_orange'>formal</span>:org.junit.tests.running.methods.TestMethodTest*( sub ); old_this = val$1<span class='color_orange'>formal</span>:org.junit.tests.running.methods.TestMethodTest*( sub )</span>
    
    Prover.check_inconsistency_base: inconsistency reason [None]
    Prover.check_inconsistency_base: inconsistency reason [None]
    Instruction Returns
    PROP 1 of 1:
    <span class='color_blue'><span class='color_red'>val$1 = old_this</span> ;
    <span class='color_blue'>problems = <span class='color_red'>_t$2<span class='color_orange'>initial</span></span>:java.util.List*</span>; <span class='color_blue'>$irvar0 = <span class='color_red'>_t$1<span class='color_orange'>initial</span></span>:void</span>; <span class='color_blue'>return = <span class='color_red'>_t$0<span class='color_orange'>initial</span></span>:void</span>; <span class='color_blue'>this = <span class='color_red'>n$0<span class='color_orange'>formal</span></span>:org.junit.tests.running.methods.TestMethodTest*( sub )</span>; <span class='color_blue'>old_this = <span class='color_red'>n$0<span class='color_orange'>formal</span></span>:org.junit.tests.running.methods.TestMethodTest*( sub )</span></span>
    
    Instruction <span class='color_green'>n$1=_fun_List TestMethodTest.validateAllMethods(Class)(n$0:org.junit.tests.running.methods.TestMethodTest*,org.junit.tests.running.methods.TestMethodTest$SubShadows:java.lang.Object*) [line 169]</span>
    Found 2 specs for function org.junit.tests.running.methods.TestMethodTest.validateAllMethods(java.lang.Class):java.util.List
    START EXECUTING SPECS FOR org.junit.tests.running.methods.TestMethodTest.validateAllMethods(java.lang.Class):java.util.List from state
    <span class='color_blue'>val$1 = old_this ;
    problems = n$5<span class='color_orange'>initial</span>:java.util.List*; $irvar0 = n$6<span class='color_orange'>initial</span>:void; return = n$7<span class='color_orange'>initial</span>:void; this = n$0<span class='color_orange'>formal</span>:org.junit.tests.running.methods.TestMethodTest*( sub ); old_this = n$0<span class='color_orange'>formal</span>:org.junit.tests.running.methods.TestMethodTest*( sub )</span>
    EXECUTING SPEC 1/2
    ACTUAL PRECONDITION =
      <span class='color_blue'>val$1 = old_this ;
      problems = n$5<span class='color_orange'>initial</span>:java.util.List*; $irvar0 = n$6<span class='color_orange'>initial</span>:void; clazz|callee = org.junit.tests.running.methods.TestMethodTest$SubShadows<span class='color_orange'>actual_precondition</span>:java.lang.Object*; return = n$7<span class='color_orange'>initial</span>:void; this = n$0<span class='color_orange'>formal</span>:org.junit.tests.running.methods.TestMethodTest*( sub ); this|callee = n$0<span class='color_orange'>actual_precondition</span>:org.junit.tests.running.methods.TestMethodTest*; old_this = n$0<span class='color_orange'>formal</span>:org.junit.tests.running.methods.TestMethodTest*( sub )</span>
    SPEC =
      --------------------------- ---------- ---------------------------
      PRE:
      <span class='color_blue'><span class='color_blue'>clazz|callee = null<span class='color_orange'>formal</span>:java.lang.Class*( sub ); this|callee = _t$8<span class='color_orange'>formal</span>:org.junit.tests.running.methods.TestMethodTest*( sub )</span></span>
      POST 1 of 1:
      <span class='color_blue'><span class='color_red'>UND &lt; List Collections.emptyList() &gt; :179(return|callee)</span> ;
      <span class='color_red'>return|callee = _t$9<span class='color_orange'>update:179</span>:java.util.List*</span></span>
      ----------------------------------------------------------------
    pre_check_pure_implication
    pi1:
      val$1 = n$0
    pi2:
      
    returns
    sub1:
      val$1 = n$0
    sub2:
      val$1 = n$0
    Current Implication
    SUB:
      val$1 = n$0
    <span class='color_blue'>old_this = old_this ;
    problems = n$5<span class='color_orange'>initial</span>:java.util.List*; $irvar0 = n$6<span class='color_orange'>initial</span>:void; clazz|callee = org.junit.tests.running.methods.TestMethodTest$SubShadows<span class='color_orange'>actual_precondition</span>:java.lang.Object*; return = n$7<span class='color_orange'>initial</span>:void; this = n$0<span class='color_orange'>formal</span>:org.junit.tests.running.methods.TestMethodTest*( sub ); this|callee = n$0<span class='color_orange'>actual_precondition</span>:org.junit.tests.running.methods.TestMethodTest*; old_this = n$0<span class='color_orange'>formal</span>:org.junit.tests.running.methods.TestMethodTest*( sub )</span>
    [SUB: 
      val$1 = n$0]
    |-
    <span class='color_blue'>clazz|callee = null<span class='color_orange'>formal</span>:java.lang.Class*( sub ); this|callee = _t$8<span class='color_orange'>formal</span>:org.junit.tests.running.methods.TestMethodTest*( sub )</span>
    
      do_imply org.junit.tests.running.methods.TestMethodTest$SubShadows null
      WARNING: footprint failed to find MISSING because: constants not equal
    EXECUTING SPEC 2/2
    ACTUAL PRECONDITION =
      <span class='color_blue'>val$1 = old_this ;
      problems = n$5<span class='color_orange'>initial</span>:java.util.List*; $irvar0 = n$6<span class='color_orange'>initial</span>:void; clazz|callee = org.junit.tests.running.methods.TestMethodTest$SubShadows<span class='color_orange'>actual_precondition</span>:java.lang.Object*; return = n$7<span class='color_orange'>initial</span>:void; this = n$0<span class='color_orange'>formal</span>:org.junit.tests.running.methods.TestMethodTest*( sub ); this|callee = n$0<span class='color_orange'>actual_precondition</span>:org.junit.tests.running.methods.TestMethodTest*; old_this = n$0<span class='color_orange'>formal</span>:org.junit.tests.running.methods.TestMethodTest*( sub )</span>
    SPEC =
      --------------------------- ---------- ---------------------------
      PRE:
      <span class='color_blue'><span class='color_blue'>clazz|callee != null ;
      clazz|callee = _t$10<span class='color_orange'>formal</span>:java.lang.Class*( sub ); this|callee = _t$11<span class='color_orange'>formal</span>:org.junit.tests.running.methods.TestMethodTest*( sub ) ;
      clazz|callee|->{}<span class='color_orange'>rearrange:47</span>:java.lang.Class( sub )</span></span>
      POST 1 of 3:
      <span class='color_blue'><span class='color_red'>_t$12 != 0</span>; clazz|callee != null; <span class='color_red'>MEMne &lt; BlockJUnit4ClassRunner.<init>(Class):175 &gt; <span class='color_orange'>{vpath: }</span>(_t$12)</span> ;
      <span class='color_red'>return|callee = EXN _t$12<span class='color_orange'>update:176</span>:java.util.List*</span> ;
      <span class='color_red'>_t$12|->{}<span class='color_orange'>alloc</span>:java.lang.IllegalArgumentException</span>; clazz|callee|->{}<span class='color_orange'>formal</span>:java.lang.Class( sub )</span>
      POST 2 of 3:
      <span class='color_blue'><span class='color_red'>_t$13 != 0</span>; clazz|callee != null; <span class='color_red'>MEMne &lt; BlockJUnit4ClassRunner.<init>(Class):175 &gt; <span class='color_orange'>{vpath: }</span>(_t$13)</span> ;
      <span class='color_red'>return|callee = EXN _t$13<span class='color_orange'>update:176</span>:java.util.List*</span> ;
      <span class='color_red'>_t$13|->{}<span class='color_orange'>alloc</span>:java.lang.IllegalArgumentException</span>; clazz|callee|->{}<span class='color_orange'>formal</span>:java.lang.Class( sub )</span>
      POST 3 of 3:
      <span class='color_blue'>clazz|callee != null; <span class='color_red'>UND &lt; List Collections.emptyList() &gt; :179(return|callee)</span> ;
      <span class='color_red'>return|callee = _t$13<span class='color_orange'>update:179</span>:java.util.List*</span> ;
      clazz|callee|->{}<span class='color_orange'>formal</span>:java.lang.Class( sub )</span>
      ----------------------------------------------------------------
    pre_check_pure_implication
    pi1:
      val$1 = n$0
    pi2:
      _t$10 != null
    returns
    sub1:
      val$1 = n$0
    sub2:
      val$1 = n$0
    Current Implication
    SUB:
      val$1 = n$0
    <span class='color_blue'>old_this = old_this ;
    problems = n$5<span class='color_orange'>initial</span>:java.util.List*; $irvar0 = n$6<span class='color_orange'>initial</span>:void; clazz|callee = org.junit.tests.running.methods.TestMethodTest$SubShadows<span class='color_orange'>actual_precondition</span>:java.lang.Object*; return = n$7<span class='color_orange'>initial</span>:void; this = n$0<span class='color_orange'>formal</span>:org.junit.tests.running.methods.TestMethodTest*( sub ); this|callee = n$0<span class='color_orange'>actual_precondition</span>:org.junit.tests.running.methods.TestMethodTest*; old_this = n$0<span class='color_orange'>formal</span>:org.junit.tests.running.methods.TestMethodTest*( sub )</span>
    [SUB: 
      val$1 = n$0]
    |-
    <span class='color_blue'>clazz|callee = _t$10<span class='color_orange'>formal</span>:java.lang.Class*( sub ); this|callee = _t$11<span class='color_orange'>formal</span>:org.junit.tests.running.methods.TestMethodTest*( sub ) ;
    clazz|callee|->{}<span class='color_orange'>rearrange:47</span>:java.lang.Class( sub )</span>
    
      do_imply org.junit.tests.running.methods.TestMethodTest$SubShadows _t$10
        Current Implication
        SUB:
          val$1 = n$0
        <span class='color_blue'>old_this = old_this ;
        problems = n$5<span class='color_orange'>initial</span>:java.util.List*; $irvar0 = n$6<span class='color_orange'>initial</span>:void; return = n$7<span class='color_orange'>initial</span>:void; this = n$0<span class='color_orange'>formal</span>:org.junit.tests.running.methods.TestMethodTest*( sub ); this|callee = n$0<span class='color_orange'>actual_precondition</span>:org.junit.tests.running.methods.TestMethodTest*; old_this = n$0<span class='color_orange'>formal</span>:org.junit.tests.running.methods.TestMethodTest*( sub )</span>
        [SUB: 
          val$1 = n$0; _t$10 = org.junit.tests.running.methods.TestMethodTest$SubShadows]
        |-
        <span class='color_blue'>this|callee = _t$11<span class='color_orange'>formal</span>:org.junit.tests.running.methods.TestMethodTest*( sub ) ;
        org.junit.tests.running.methods.TestMethodTest$SubShadows|->{}<span class='color_orange'>rearrange:47</span>:java.lang.Class( sub )</span>
        
          do_imply n$0 _t$11
            Current Implication
            SUB:
              val$1 = n$0
            <span class='color_blue'>old_this = old_this ;
            problems = n$5<span class='color_orange'>initial</span>:java.util.List*; $irvar0 = n$6<span class='color_orange'>initial</span>:void; return = n$7<span class='color_orange'>initial</span>:void; this = n$0<span class='color_orange'>formal</span>:org.junit.tests.running.methods.TestMethodTest*( sub ); old_this = n$0<span class='color_orange'>formal</span>:org.junit.tests.running.methods.TestMethodTest*( sub )</span>
            [SUB: 
              val$1 = n$0; _t$10 = org.junit.tests.running.methods.TestMethodTest$SubShadows; _t$11 = n$0]
            |-
            <span class='color_blue'>org.junit.tests.running.methods.TestMethodTest$SubShadows|->{}<span class='color_orange'>rearrange:47</span>:java.lang.Class( sub )</span>
            
                Final Implication
                SUB:
                  val$1 = n$0
                <span class='color_blue'>old_this = old_this ;
                problems = n$5<span class='color_orange'>initial</span>:java.util.List*; $irvar0 = n$6<span class='color_orange'>initial</span>:void; return = n$7<span class='color_orange'>initial</span>:void; this = n$0<span class='color_orange'>formal</span>:org.junit.tests.running.methods.TestMethodTest*( sub ); old_this = n$0<span class='color_orange'>formal</span>:org.junit.tests.running.methods.TestMethodTest*( sub )</span>
                [SUB: 
                  val$1 = n$0; _t$10 = org.junit.tests.running.methods.TestMethodTest$SubShadows; _t$11 = n$0]
                |-
                <span class='color_blue'></span>
                [FRAME FLD:
                  org.junit.tests.running.methods.TestMethodTest$SubShadows|->{name:"org.junit.tests.running.methods.TestMethodTest$SubShadows"<span class='color_orange'>none</span>}<span class='color_orange'>none</span>:java.lang.Class]
                [FRAME TYPING:
                  org.junit.tests.running.methods.TestMethodTest$SubShadows: java.lang.Class ]
    imply_pi: adding missing atom _t$10 != null
    Result of Abduction
      SUB:
        val$1 = n$0
      <span class='color_blue'>old_this = old_this ;
      problems = n$5<span class='color_orange'>initial</span>:java.util.List*; $irvar0 = n$6<span class='color_orange'>initial</span>:void; clazz|callee = org.junit.tests.running.methods.TestMethodTest$SubShadows<span class='color_orange'>actual_precondition</span>:java.lang.Object*; return = n$7<span class='color_orange'>initial</span>:void; this = n$0<span class='color_orange'>formal</span>:org.junit.tests.running.methods.TestMethodTest*( sub ); this|callee = n$0<span class='color_orange'>actual_precondition</span>:org.junit.tests.running.methods.TestMethodTest*; old_this = n$0<span class='color_orange'>formal</span>:org.junit.tests.running.methods.TestMethodTest*( sub )</span>
      [SUB: 
        val$1 = n$0; _t$10 = org.junit.tests.running.methods.TestMethodTest$SubShadows; _t$11 = n$0
      _t$10 != null]
      |-
      <span class='color_blue'>org.junit.tests.running.methods.TestMethodTest$SubShadows != null ;
      clazz|callee = org.junit.tests.running.methods.TestMethodTest$SubShadows<span class='color_orange'>formal</span>:java.lang.Class*( sub ); this|callee = n$0<span class='color_orange'>formal</span>:org.junit.tests.running.methods.TestMethodTest*( sub ) ;
      org.junit.tests.running.methods.TestMethodTest$SubShadows|->{}<span class='color_orange'>rearrange:47</span>:java.lang.Class( sub )</span>
      [FRAME FLD:
        org.junit.tests.running.methods.TestMethodTest$SubShadows|->{name:"org.junit.tests.running.methods.TestMethodTest$SubShadows"<span class='color_orange'>none</span>}<span class='color_orange'>none</span>:java.lang.Class]
      [FRAME TYPING:
        org.junit.tests.running.methods.TestMethodTest$SubShadows: java.lang.Class ]
    returning TRUE
    in vpath_find exp:_t$12
    vpath_find: cannot find _t$12
    in vpath_find exp:_t$13
    vpath_find: cannot find _t$13
      New footprint:
      org.junit.tests.running.methods.TestMethodTest$SubShadows != null
      Frame fld:
      org.junit.tests.running.methods.TestMethodTest$SubShadows|->{name:"org.junit.tests.running.methods.TestMethodTest$SubShadows"<span class='color_orange'>none</span>}<span class='color_orange'>none</span>:java.lang.Class
      Frame typ:
      org.junit.tests.running.methods.TestMethodTest$SubShadows: java.lang.Class 
      Missing fld:
      
      Instantiated frame:
      &amp;problems|->n$5<span class='color_orange'>initial</span>:java.util.List*; &amp;$irvar0|->n$6<span class='color_orange'>initial</span>:void; &amp;return|->n$7<span class='color_orange'>initial</span>:void; &amp;this|->n$0<span class='color_orange'>formal</span>:org.junit.tests.running.methods.TestMethodTest*( sub ); &amp;old_this|->n$0<span class='color_orange'>formal</span>:org.junit.tests.running.methods.TestMethodTest*( sub )
      Instantiated post:
      PROP 1 of 3:
      <span class='color_blue'><span class='color_red'>_t$12 != 0</span>; <span class='color_red'>org.junit.tests.running.methods.TestMethodTest$SubShadows != null</span>; <span class='color_red'>MEMne &lt; List TestMethodTest.validateAllMethods(Class):169 &gt; <span class='color_orange'>{vpath: }</span>(_t$12)</span> ;
      <span class='color_red'>return|callee = EXN _t$12<span class='color_orange'>update:169</span>:java.util.List*</span> ;
      <span class='color_red'>_t$12|->{}<span class='color_orange'>alloc</span>:java.lang.IllegalArgumentException</span>; <span class='color_red'>org.junit.tests.running.methods.TestMethodTest$SubShadows|->{}<span class='color_orange'>formal</span>:java.lang.Class( sub )</span></span>
      PROP 2 of 3:
      <span class='color_blue'><span class='color_red'>_t$13 != 0</span>; <span class='color_red'>org.junit.tests.running.methods.TestMethodTest$SubShadows != null</span>; <span class='color_red'>MEMne &lt; List TestMethodTest.validateAllMethods(Class):169 &gt; <span class='color_orange'>{vpath: }</span>(_t$13)</span> ;
      <span class='color_red'>return|callee = EXN _t$13<span class='color_orange'>update:169</span>:java.util.List*</span> ;
      <span class='color_red'>_t$13|->{}<span class='color_orange'>alloc</span>:java.lang.IllegalArgumentException</span>; <span class='color_red'>org.junit.tests.running.methods.TestMethodTest$SubShadows|->{}<span class='color_orange'>formal</span>:java.lang.Class( sub )</span></span>
      PROP 3 of 3:
      <span class='color_blue'><span class='color_red'>org.junit.tests.running.methods.TestMethodTest$SubShadows != null</span>; <span class='color_red'>UND &lt; List Collections.emptyList() &gt; :179(return|callee)</span> ;
      <span class='color_red'>return|callee = _t$13<span class='color_orange'>update:169</span>:java.util.List*</span> ;
      <span class='color_red'>org.junit.tests.running.methods.TestMethodTest$SubShadows|->{}<span class='color_orange'>formal</span>:java.lang.Class( sub )</span></span>
      
    ***** RESULTS FUNCTION CALL *******
    PROP 1 of 2:
    <span class='color_blue'><span class='color_blue'>val$1 = old_this</span> ;
    <span class='color_red'>_t$0 != 0</span>; <span class='color_red'>null != org.junit.tests.running.methods.TestMethodTest$SubShadows</span>; <span class='color_red'>MEMne &lt; List TestMethodTest.validateAllMethods(Class):169 &gt; <span class='color_orange'>{vpath: }</span>(_t$0)</span> ;
    <span class='color_blue'>problems = n$5<span class='color_orange'>initial</span>:java.util.List*</span>; <span class='color_blue'>$irvar0 = n$6<span class='color_orange'>initial</span>:void</span>; <span class='color_blue'>return = <span class='color_red'>EXN _t$0<span class='color_orange'>update:169</span></span>:void</span>; <span class='color_blue'>this = n$0<span class='color_orange'>formal</span>:org.junit.tests.running.methods.TestMethodTest*( sub )</span>; <span class='color_blue'>old_this = n$0<span class='color_orange'>formal</span>:org.junit.tests.running.methods.TestMethodTest*( sub )</span> ;
    <span class='color_red'>_t$0|->{}<span class='color_orange'>alloc</span>:java.lang.IllegalArgumentException</span>; <span class='color_red'>org.junit.tests.running.methods.TestMethodTest$SubShadows|->{name:"org.junit.tests.running.methods.TestMethodTest$SubShadows"<span class='color_orange'>none</span>}<span class='color_orange'>none</span>:java.lang.Class</span></span>
    PROP 2 of 2:
    <span class='color_blue'><span class='color_blue'>val$1 = old_this</span> ;
    <span class='color_red'>null != org.junit.tests.running.methods.TestMethodTest$SubShadows</span>; <span class='color_red'>UND &lt; List Collections.emptyList() &gt; :179(n$1)</span> ;
    <span class='color_blue'>problems = n$5<span class='color_orange'>initial</span>:java.util.List*</span>; <span class='color_blue'>$irvar0 = n$6<span class='color_orange'>initial</span>:void</span>; <span class='color_blue'>return = n$7<span class='color_orange'>initial</span>:void</span>; <span class='color_blue'>this = n$0<span class='color_orange'>formal</span>:org.junit.tests.running.methods.TestMethodTest*( sub )</span>; <span class='color_blue'>old_this = n$0<span class='color_orange'>formal</span>:org.junit.tests.running.methods.TestMethodTest*( sub )</span> ;
    <span class='color_red'>org.junit.tests.running.methods.TestMethodTest$SubShadows|->{name:"org.junit.tests.running.methods.TestMethodTest$SubShadows"<span class='color_orange'>none</span>}<span class='color_orange'>none</span>:java.lang.Class</span></span>
    ***** END RESULTS FUNCTION CALL *******
    Prover.check_inconsistency_base: inconsistency reason [None]
    Prover.check_inconsistency_base: inconsistency reason [None]
    Prover.check_inconsistency_base: inconsistency reason [None]
    Prover.check_inconsistency_base: inconsistency reason [None]
    Prover.check_inconsistency_base: inconsistency reason [None]
    Prover.check_inconsistency_base: inconsistency reason [None]
    Prover.check_inconsistency_base: inconsistency reason [None]
    Prover.check_inconsistency_base: inconsistency reason [None]
    Missing pure facts for the function call:
    pi: org.junit.tests.running.methods.TestMethodTest$SubShadows != null
    Prover.check_inconsistency_base: inconsistency reason [Some 2]
    Found minimum cover
    pi: org.junit.tests.running.methods.TestMethodTest$SubShadows != null
    Instruction Returns
    PROP 1 of 3:
    <span class='color_blue'><span class='color_blue'>val$1 = old_this</span> ;
    <span class='color_red'>_t$0 != 0</span>; <span class='color_red'>null != org.junit.tests.running.methods.TestMethodTest$SubShadows</span>; <span class='color_red'>MEMne &lt; List TestMethodTest.validateAllMethods(Class):169 &gt; <span class='color_orange'>{vpath: }</span>(_t$0)</span> ;
    <span class='color_blue'>problems = <span class='color_red'>_t$1<span class='color_orange'>initial</span></span>:java.util.List*</span>; <span class='color_blue'>$irvar0 = <span class='color_red'>_t$2<span class='color_orange'>initial</span></span>:void</span>; <span class='color_blue'>return = <span class='color_red'>EXN _t$0<span class='color_orange'>update:169</span></span>:void</span>; <span class='color_blue'>this = n$0<span class='color_orange'>formal</span>:org.junit.tests.running.methods.TestMethodTest*( sub )</span>; <span class='color_blue'>old_this = n$0<span class='color_orange'>formal</span>:org.junit.tests.running.methods.TestMethodTest*( sub )</span> ;
    <span class='color_red'>_t$0|->{}<span class='color_orange'>alloc</span>:java.lang.IllegalArgumentException</span></span>
    PROP 2 of 3:
    <span class='color_blue'><span class='color_blue'>val$1 = old_this</span> ;
    <span class='color_red'>_t$0 != 0</span>; <span class='color_red'>null != org.junit.tests.running.methods.TestMethodTest$SubShadows</span>; <span class='color_red'>MEMne &lt; List TestMethodTest.validateAllMethods(Class):169 &gt; <span class='color_orange'>{vpath: }</span>(_t$0)</span> ;
    <span class='color_blue'>problems = <span class='color_red'>_t$1<span class='color_orange'>initial</span></span>:java.util.List*</span>; <span class='color_blue'>$irvar0 = <span class='color_red'>_t$2<span class='color_orange'>initial</span></span>:void</span>; <span class='color_blue'>return = <span class='color_red'>EXN _t$0<span class='color_orange'>update:169</span></span>:void</span>; <span class='color_blue'>this = n$0<span class='color_orange'>formal</span>:org.junit.tests.running.methods.TestMethodTest*( sub )</span>; <span class='color_blue'>old_this = n$0<span class='color_orange'>formal</span>:org.junit.tests.running.methods.TestMethodTest*( sub )</span> ;
    <span class='color_red'>_t$0|->{}<span class='color_orange'>alloc</span>:java.lang.IllegalArgumentException</span></span>
    PROP 3 of 3:
    <span class='color_blue'><span class='color_blue'>val$1 = old_this</span> ;
    <span class='color_red'>null != org.junit.tests.running.methods.TestMethodTest$SubShadows</span>; <span class='color_red'>UND &lt; List Collections.emptyList() &gt; :179(n$1)</span> ;
    <span class='color_blue'>problems = _t$2<span class='color_orange'>initial</span>:java.util.List*</span>; <span class='color_blue'>$irvar0 = _t$1<span class='color_orange'>initial</span>:void</span>; <span class='color_blue'>return = _t$0<span class='color_orange'>initial</span>:void</span>; <span class='color_blue'>this = n$0<span class='color_orange'>formal</span>:org.junit.tests.running.methods.TestMethodTest*( sub )</span>; <span class='color_blue'>old_this = n$0<span class='color_orange'>formal</span>:org.junit.tests.running.methods.TestMethodTest*( sub )</span></span>
    
    Skipping instr <span class='color_green'>*&amp;problems:java.util.List*=n$1 [line 169]</span> due to exception
    Instruction <span class='color_green'>*&amp;problems:java.util.List*=n$1 [line 169]</span>
    .... Rearrangement Start ....
    Exp: &amp;problems
    Prop:
    <span class='color_blue'>val$1 = old_this ;
    null != org.junit.tests.running.methods.TestMethodTest$SubShadows; UND &lt; List Collections.emptyList() &gt; :179(n$1) ;
    problems = n$8<span class='color_orange'>initial</span>:java.util.List*; $irvar0 = n$9<span class='color_orange'>initial</span>:void; return = n$10<span class='color_orange'>initial</span>:void; this = n$0<span class='color_orange'>formal</span>:org.junit.tests.running.methods.TestMethodTest*( sub ); old_this = n$0<span class='color_orange'>formal</span>:org.junit.tests.running.methods.TestMethodTest*( sub )</span>
    
    Prover.check_inconsistency_base: inconsistency reason [None]
    Prover.check_inconsistency_base: inconsistency reason [None]
    Instruction Returns
    PROP 1 of 1:
    <span class='color_blue'><span class='color_blue'>val$1 = old_this</span> ;
    <span class='color_blue'>null != org.junit.tests.running.methods.TestMethodTest$SubShadows</span>; <span class='color_blue'>UND &lt; List Collections.emptyList() &gt; :179(problems)</span> ;
    <span class='color_blue'>problems = <span class='color_red'>n$1<span class='color_orange'>update:169</span></span>:java.util.List*</span>; <span class='color_blue'>$irvar0 = _t$1<span class='color_orange'>initial</span>:void</span>; <span class='color_blue'>return = _t$0<span class='color_orange'>initial</span>:void</span>; <span class='color_blue'>this = n$0<span class='color_orange'>formal</span>:org.junit.tests.running.methods.TestMethodTest*( sub )</span>; <span class='color_blue'>old_this = n$0<span class='color_orange'>formal</span>:org.junit.tests.running.methods.TestMethodTest*( sub )</span></span>
    
    Instruction <span class='color_green'>NULLIFY(&amp;this); [line 169]</span>
    in vpath_find exp:_t$0
    vpath_find: cannot find _t$0
    Instruction Returns
    PROP 1 of 1:
    <span class='color_blue'><span class='color_blue'>val$1 = old_this</span> ;
    <span class='color_blue'>_t$0 != 0</span>; <span class='color_blue'>null != org.junit.tests.running.methods.TestMethodTest$SubShadows</span>; <span class='color_blue'>MEMne &lt; List TestMethodTest.validateAllMethods(Class):169 &gt; <span class='color_orange'>{vpath: }</span>(_t$0)</span> ;
    <span class='color_blue'>problems = _t$1<span class='color_orange'>initial</span>:java.util.List*</span>; <span class='color_blue'>$irvar0 = _t$2<span class='color_orange'>initial</span>:void</span>; <span class='color_blue'>return = EXN _t$0<span class='color_orange'>update:169</span>:void</span>; <span class='color_blue'>this = <span class='color_red'>0<span class='color_orange'>nullify</span></span>:org.junit.tests.running.methods.TestMethodTest*( sub )</span>; <span class='color_blue'>old_this = n$0<span class='color_orange'>formal</span>:org.junit.tests.running.methods.TestMethodTest*( sub )</span> ;
    <span class='color_blue'>_t$0|->{}<span class='color_orange'>alloc</span>:java.lang.IllegalArgumentException</span></span>
    
    Instruction <span class='color_green'>NULLIFY(&amp;this); [line 169]</span>
    Instruction Returns
    PROP 1 of 1:
    <span class='color_blue'><span class='color_blue'>val$1 = old_this</span> ;
    <span class='color_blue'>null != org.junit.tests.running.methods.TestMethodTest$SubShadows</span>; <span class='color_blue'>UND &lt; List Collections.emptyList() &gt; :179(problems)</span> ;
    <span class='color_blue'>problems = n$1<span class='color_orange'>update:169</span>:java.util.List*</span>; <span class='color_blue'>$irvar0 = _t$1<span class='color_orange'>initial</span>:void</span>; <span class='color_blue'>return = _t$0<span class='color_orange'>initial</span>:void</span>; <span class='color_blue'>this = <span class='color_red'>0<span class='color_orange'>nullify</span></span>:org.junit.tests.running.methods.TestMethodTest*( sub )</span>; <span class='color_blue'>old_this = n$0<span class='color_orange'>formal</span>:org.junit.tests.running.methods.TestMethodTest*( sub )</span></span>
    
    Instruction <span class='color_green'>EXIT_SCOPE(n$0,n$1,this); [line 169]</span>
    in vpath_find exp:_t$0
    vpath_find: cannot find _t$0
    Instruction Returns
    PROP 1 of 1:
    <span class='color_blue'><span class='color_blue'>_t$0 != 0</span>; <span class='color_blue'>null != org.junit.tests.running.methods.TestMethodTest$SubShadows</span>; <span class='color_blue'>MEMne &lt; List TestMethodTest.validateAllMethods(Class):169 &gt; <span class='color_orange'>{vpath: }</span>(_t$0)</span> ;
    <span class='color_blue'>problems = _t$1<span class='color_orange'>initial</span>:java.util.List*</span>; <span class='color_blue'>$irvar0 = _t$2<span class='color_orange'>initial</span>:void</span>; <span class='color_blue'>return = EXN _t$0<span class='color_orange'>update:169</span>:void</span>; <span class='color_blue'>this = 0<span class='color_orange'>nullify</span>:org.junit.tests.running.methods.TestMethodTest*( sub )</span>; <span class='color_blue'>old_this = <span class='color_red'>val$1<span class='color_orange'>formal</span></span>:org.junit.tests.running.methods.TestMethodTest*( sub )</span> ;
    <span class='color_blue'>_t$0|->{}<span class='color_orange'>alloc</span>:java.lang.IllegalArgumentException</span></span>
    
    Instruction <span class='color_green'>EXIT_SCOPE(n$0,n$1,this); [line 169]</span>
    Instruction Returns
    PROP 1 of 1:
    <span class='color_blue'><span class='color_blue'>null != org.junit.tests.running.methods.TestMethodTest$SubShadows</span>; <span class='color_red'>UND &lt; List Collections.emptyList() &gt; :179(problems)</span> ;
    <span class='color_blue'>problems = <span class='color_red'>_t$2<span class='color_orange'>update:169</span></span>:java.util.List*</span>; <span class='color_blue'>$irvar0 = _t$1<span class='color_orange'>initial</span>:void</span>; <span class='color_blue'>return = _t$0<span class='color_orange'>initial</span>:void</span>; <span class='color_blue'>this = 0<span class='color_orange'>nullify</span>:org.junit.tests.running.methods.TestMethodTest*( sub )</span>; <span class='color_blue'>old_this = <span class='color_red'>val$1<span class='color_orange'>formal</span></span>:org.junit.tests.running.methods.TestMethodTest*( sub )</span></span>
    
    .... After Symbolic Execution ....
    PROP 1 of 2:
    <span class='color_blue'><span class='color_red'>_t$0 != 0</span>; <span class='color_red'>null != org.junit.tests.running.methods.TestMethodTest$SubShadows</span>; <span class='color_red'>MEMne &lt; List TestMethodTest.validateAllMethods(Class):169 &gt; <span class='color_orange'>{vpath: }</span>(_t$0)</span> ;
    <span class='color_blue'>problems = <span class='color_red'>_t$1<span class='color_orange'>initial</span></span>:java.util.List*</span>; <span class='color_blue'>$irvar0 = _t$2<span class='color_orange'>initial</span>:void</span>; <span class='color_blue'>return = <span class='color_red'>EXN _t$0<span class='color_orange'>update:169</span></span>:void</span>; <span class='color_blue'>this = <span class='color_red'>0<span class='color_orange'>nullify</span></span>:org.junit.tests.running.methods.TestMethodTest*( sub )</span>; <span class='color_blue'>old_this = val$1<span class='color_orange'>formal</span>:org.junit.tests.running.methods.TestMethodTest*( sub )</span> ;
    <span class='color_red'>_t$0|->{}<span class='color_orange'>alloc</span>:java.lang.IllegalArgumentException</span></span>
    PROP 2 of 2:
    <span class='color_blue'><span class='color_red'>null != org.junit.tests.running.methods.TestMethodTest$SubShadows</span>; <span class='color_red'>UND &lt; List Collections.emptyList() &gt; :179(problems)</span> ;
    <span class='color_blue'>problems = <span class='color_red'>_t$2<span class='color_orange'>update:169</span></span>:java.util.List*</span>; <span class='color_blue'>$irvar0 = <span class='color_red'>_t$1<span class='color_orange'>initial</span></span>:void</span>; <span class='color_blue'>return = <span class='color_red'>_t$0<span class='color_orange'>initial</span></span>:void</span>; <span class='color_blue'>this = <span class='color_red'>0<span class='color_orange'>nullify</span></span>:org.junit.tests.running.methods.TestMethodTest*( sub )</span>; <span class='color_blue'>old_this = val$1<span class='color_orange'>formal</span>:org.junit.tests.running.methods.TestMethodTest*( sub )</span></span>
    
    
    
  </LISTING>