<!DOCTYPE HTML PUBLIC "-//W3C//DTD HTML 4.01 Transitional//EN">
<html>
<head>
<title>junit.tests.framework.FloatAssertTest.testAssertNaNEqualsFails():void.a9fd9b02d6d6478a47bf3adf6ebe83cf_node3</title>
<meta http-equiv="Content-Type" content="text/html; charset=utf-8">
<style type="text/css">
body { background-color:#fff; color:#000; font-family:Helvetica, sans-serif; font-size:10pt }
h1 { font-size:14pt }
.code { border-collapse:collapse; width:100%; font-family: "Andale Mono", monospace; font-size:10pt; line-height: 1.2em }
.color_black { color: black }
.color_blue { color: blue }
.color_green { color: green }
.color_orange { color: orange }
.color_red { color: red }
.line { border-left: 3px solid #ccc; padding-left: 1ex; white-space: pre; }
.msg { background-color:#fff8b4; color:#000; float:left; font-family:Helvetica, sans-serif; font-size: smaller; font-weight: bold; margin-bottom:10px; margin-top:10px; max-width:60em; padding:0.5em 1ex 0.5em 1ex; -webkit-border-radius:5px; -webkit-box-shadow:1px 1px 7px #000; white-space: pre-wrap; word-wrap: break-word; }
.num { background-color:#eee; color:#444; font-size: smaller; padding-right:2ex; text-align:right; width:2.5em; }
.dangling { background-color:white; color: gray; }
.visited { background-color:LemonChiffon; color: darkmagenta; }
.tooltip { display: none; background-color:#FFF0F0; border: 2px solid #F00; font-weight: normal; left:10em; padding: 2px; position: absolute; top: -1em; -webkit-border-radius:5px; -webkit-box-shadow:1px 1px 7px #000; z-index: 1}
.with_tooltip { position: relative; }
.with_tooltip:hover .tooltip, .visited:hover .tooltip { display: block; }
</style>
</head>
<body>
<center><h1>Cfg Node <a href="./../../FloatAssertTest.java.9308ec20f812123d550a17790b34e550.html#LINE27">3</a></h1></center>PROC: <a href="./../junit.tests.framework.FloatAssertTest.testAssertNaNEqualsFails%28%29%3Avoid.a9fd9b02d6d6478a47bf3adf6ebe83cf.html">void FloatAssertTest.testAssertNaNEqualsFails()</a> LINE: <a href="./../../FloatAssertTest.java.9308ec20f812123d550a17790b34e550.html#LINE27">27</a>
<br>PREDS:
<a href="./../nodes/junit.tests.framework.FloatAssertTest.testAssertNaNEqualsFails%28%29%3Avoid.a9fd9b02d6d6478a47bf3adf6ebe83cf_node10.html"><span class='visited with_tooltip'>N_10<span class='tooltip'>node10 preds:11 succs:3 exn:3 </span></span></a><br>SUCCS:
<a href="./../nodes/junit.tests.framework.FloatAssertTest.testAssertNaNEqualsFails%28%29%3Avoid.a9fd9b02d6d6478a47bf3adf6ebe83cf_node2.html"><span class='visited with_tooltip'>N_2<span class='tooltip'>node2 preds:8 6 3 succs: exn: </span></span></a><br>EXN:
<a href="./../nodes/junit.tests.framework.FloatAssertTest.testAssertNaNEqualsFails%28%29%3Avoid.a9fd9b02d6d6478a47bf3adf6ebe83cf_node2.html"><span class='visited with_tooltip'>N_2<span class='tooltip'>node2 preds:8 6 3 succs: exn: </span></span></a><br>
<LISTING class='color_green'></LISTING>
<hr width="100%">
<a name="session2" href="./../nodes/junit.tests.framework.FloatAssertTest.testAssertNaNEqualsFails%28%29%3Avoid.a9fd9b02d6d6478a47bf3adf6ebe83cf_node3.html#session2">node3#session2</a>(<a href="./../../FloatAssertTest.java.9308ec20f812123d550a17790b34e550.html#LINE27">27</a>) [compute pre] liveness 3
<LISTING class='color_black'></LISTING>
<hr width="100%">
<a name="session3" href="./../nodes/junit.tests.framework.FloatAssertTest.testAssertNaNEqualsFails%28%29%3Avoid.a9fd9b02d6d6478a47bf3adf6ebe83cf_node3.html#session3">node3#session3</a>(<a href="./../../FloatAssertTest.java.9308ec20f812123d550a17790b34e550.html#LINE27">27</a>) [exec] liveness 3
<LISTING class='color_black'>PRE STATE:
normal:{ }, exn:{ }

INSTR=  SKIP; 

STATE UNCHANGED

</LISTING>
<hr width="100%">
<a name="session39" href="./../nodes/junit.tests.framework.FloatAssertTest.testAssertNaNEqualsFails%28%29%3Avoid.a9fd9b02d6d6478a47bf3adf6ebe83cf_node3.html#session39">node3#session39</a>(<a href="./../../FloatAssertTest.java.9308ec20f812123d550a17790b34e550.html#LINE27">27</a>) [compute pre] nullify
<LISTING class='color_black'>JOIN

LEFT:   (normal:{ }, exn:{ },
normal:{ n$4, n$5, return }, exn:{ })
RIGHT:  (normal:{ }, exn:{ },
normal:{ n$1, CatchVar13, e }, exn:{ })
RESULT: (normal:{ }, exn:{ },
normal:{ n$1, n$4, n$5, CatchVar13, return, e }, exn:{ })

JOIN

LEFT:   (normal:{ }, exn:{ },
normal:{ n$1, n$4, n$5, CatchVar13, return, e }, exn:{ })
RIGHT:  (normal:{ }, exn:{ },
normal:{ }, exn:{ })
RESULT: (normal:{ }, exn:{ },
normal:{ n$1, n$4, n$5, CatchVar13, return, e }, exn:{ })

JOIN

LEFT:   (normal:{ }, exn:{ },
normal:{ n$1, n$4, n$5, CatchVar13, return, e }, exn:{ })
RIGHT:  (normal:{ }, exn:{ },
normal:{ n$2 }, exn:{ })
RESULT: (normal:{ }, exn:{ },
normal:{ n$1, n$2, n$4, n$5, CatchVar13, return, e }, exn:{ })

JOIN

LEFT:   (normal:{ }, exn:{ },
normal:{ n$1, n$2, n$4, n$5, CatchVar13, return, e }, exn:{ })
RIGHT:  (normal:{ }, exn:{ },
normal:{ }, exn:{ })
RESULT: (normal:{ }, exn:{ },
normal:{ n$1, n$2, n$4, n$5, CatchVar13, return, e }, exn:{ })

JOIN

LEFT:   (normal:{ }, exn:{ },
normal:{ n$1, n$2, n$4, n$5, CatchVar13, return, e }, exn:{ })
RIGHT:  (normal:{ CatchVar13 }, exn:{ },
normal:{ n$4, n$5 }, exn:{ })
RESULT: (normal:{ CatchVar13 }, exn:{ },
normal:{ n$1, n$2, n$4, n$5, CatchVar13, return, e }, exn:{ })

JOIN

LEFT:   (normal:{ CatchVar13 }, exn:{ },
normal:{ n$1, n$2, n$4, n$5, CatchVar13, return, e }, exn:{ })
RIGHT:  (normal:{ n$4 }, exn:{ },
normal:{ n$3, return }, exn:{ })
RESULT: (normal:{ n$4, CatchVar13 }, exn:{ },
normal:{ n$1, n$2, n$3, n$4, n$5, CatchVar13, return, e }, exn:{ })

</LISTING>
<hr width="100%">
<a name="session40" href="./../nodes/junit.tests.framework.FloatAssertTest.testAssertNaNEqualsFails%28%29%3Avoid.a9fd9b02d6d6478a47bf3adf6ebe83cf_node3.html#session40">node3#session40</a>(<a href="./../../FloatAssertTest.java.9308ec20f812123d550a17790b34e550.html#LINE27">27</a>) [exec] nullify
<LISTING class='color_black'>PRE STATE:
(normal:{ n$4, CatchVar13 }, exn:{ },
normal:{ n$1, n$2, n$3, n$4, n$5, CatchVar13, return, e }, exn:{ })

INSTR=  SKIP; 

STATE:
(normal:{ }, exn:{ },normal:{ n$4, CatchVar13 }, exn:{ })

</LISTING>
<hr width="100%">
<a name="session75" href="./../nodes/junit.tests.framework.FloatAssertTest.testAssertNaNEqualsFails%28%29%3Avoid.a9fd9b02d6d6478a47bf3adf6ebe83cf_node3.html#session75">node3#session75</a>(<a href="./../../FloatAssertTest.java.9308ec20f812123d550a17790b34e550.html#LINE27">27</a>) [exec] devirtualizer
<LISTING class='color_black'></LISTING>
<hr width="100%">
<a name="session76" href="./../nodes/junit.tests.framework.FloatAssertTest.testAssertNaNEqualsFails%28%29%3Avoid.a9fd9b02d6d6478a47bf3adf6ebe83cf_node3.html#session76">node3#session76</a>(<a href="./../../FloatAssertTest.java.9308ec20f812123d550a17790b34e550.html#LINE27">27</a>) [exec] devirtualizer
<LISTING class='color_black'></LISTING>
<hr width="100%">
<a name="session77" href="./../nodes/junit.tests.framework.FloatAssertTest.testAssertNaNEqualsFails%28%29%3Avoid.a9fd9b02d6d6478a47bf3adf6ebe83cf_node3.html#session77">node3#session77</a>(<a href="./../../FloatAssertTest.java.9308ec20f812123d550a17790b34e550.html#LINE27">27</a>) [exec] devirtualizer
<LISTING class='color_black'></LISTING>
<hr width="100%">
<a name="session22" href="./../nodes/junit.tests.framework.FloatAssertTest.testAssertNaNEqualsFails%28%29%3Avoid.a9fd9b02d6d6478a47bf3adf6ebe83cf_node3.html#session22">node3#session22</a>(<a href="./../../FloatAssertTest.java.9308ec20f812123d550a17790b34e550.html#LINE27">27</a>) biabduction
<LISTING class='color_black'>**** [FP:Pending] void FloatAssertTest.testAssertNaNEqualsFails() Node: 3, Procedure: void FloatAssertTest.testAssertNaNEqualsFails(), Todo: 1 ****
  PROP 1 of 1:
  <span class='color_blue'><span class='color_red'>MEMne &lt; void TestCase.fail():26 &gt; <span class='color_orange'>{vpath: }</span>(_t$0)</span>; <span class='color_red'>RET &lt; void TestCase.fail() &gt; (_t$3)</span> ;
  <span class='color_red'>CatchVar13 = _t$1<span class='color_orange'>initial</span>:void</span>; <span class='color_red'>return = EXN _t$0<span class='color_orange'>update:26</span>:void</span>; <span class='color_red'>this = @f$0<span class='color_orange'>formal</span>:junit.tests.framework.FloatAssertTest*( sub )</span>; <span class='color_red'>old_this = @f$0<span class='color_orange'>formal</span>:junit.tests.framework.FloatAssertTest*( sub )</span>; <span class='color_red'>e = _t$2<span class='color_orange'>initial</span>:junit.framework.AssertionFailedError*</span> ;
  <span class='color_red'>_t$0|->{}<span class='color_orange'>alloc</span>:junit.framework.AssertionFailedError</span>
  [footprint
     <span class='color_red'>this = @f$0<span class='color_orange'>formal</span>:junit.tests.framework.FloatAssertTest*( sub )</span>  ]</span>
  .... Instructions: ....
  <span class='color_green'>NULLIFY(&amp;CatchVar13); [line 27];
  EXIT_SCOPE(n$4,CatchVar13); [line 27];
  APPLY_ABSTRACTION; [line 27];
  </span>
  
  Processing prop 1/1
    Instruction <span class='color_green'>NULLIFY(&amp;CatchVar13); [line 27]</span>
    in vpath_find exp:_t$0
    vpath_find: cannot find _t$0
    Instruction Returns
    PROP 1 of 1:
    <span class='color_blue'><span class='color_blue'>MEMne &lt; void TestCase.fail():26 &gt; <span class='color_orange'>{vpath: }</span>(_t$0)</span>; <span class='color_red'>RET &lt; void TestCase.fail() &gt; (_t$2)</span> ;
    <span class='color_blue'>CatchVar13 = <span class='color_red'>0<span class='color_orange'>nullify</span></span>:void</span>; <span class='color_blue'>return = EXN _t$0<span class='color_orange'>update:26</span>:void</span>; <span class='color_blue'>this = @f$0<span class='color_orange'>formal</span>:junit.tests.framework.FloatAssertTest*( sub )</span>; <span class='color_blue'>old_this = @f$0<span class='color_orange'>formal</span>:junit.tests.framework.FloatAssertTest*( sub )</span>; <span class='color_blue'>e = <span class='color_red'>_t$1<span class='color_orange'>initial</span></span>:junit.framework.AssertionFailedError*</span> ;
    <span class='color_blue'>_t$0|->{}<span class='color_orange'>alloc</span>:junit.framework.AssertionFailedError</span>
    [footprint
       <span class='color_blue'>this = @f$0<span class='color_orange'>formal</span>:junit.tests.framework.FloatAssertTest*( sub )</span>  ]</span>
    
    Instruction <span class='color_green'>EXIT_SCOPE(n$4,CatchVar13); [line 27]</span>
    in vpath_find exp:_t$0
    vpath_find: cannot find _t$0
    Instruction Returns
    PROP 1 of 1:
    <span class='color_blue'><span class='color_blue'>MEMne &lt; void TestCase.fail():26 &gt; <span class='color_orange'>{vpath: }</span>(_t$0)</span>; <span class='color_blue'>RET &lt; void TestCase.fail() &gt; (_t$2)</span> ;
    <span class='color_blue'>CatchVar13 = 0<span class='color_orange'>nullify</span>:void</span>; <span class='color_blue'>return = EXN _t$0<span class='color_orange'>update:26</span>:void</span>; <span class='color_blue'>this = @f$0<span class='color_orange'>formal</span>:junit.tests.framework.FloatAssertTest*( sub )</span>; <span class='color_blue'>old_this = @f$0<span class='color_orange'>formal</span>:junit.tests.framework.FloatAssertTest*( sub )</span>; <span class='color_blue'>e = _t$1<span class='color_orange'>initial</span>:junit.framework.AssertionFailedError*</span> ;
    <span class='color_blue'>_t$0|->{}<span class='color_orange'>alloc</span>:junit.framework.AssertionFailedError</span>
    [footprint
       <span class='color_blue'>this = @f$0<span class='color_orange'>formal</span>:junit.tests.framework.FloatAssertTest*( sub )</span>  ]</span>
    
    Instruction <span class='color_green'>APPLY_ABSTRACTION; [line 27]</span>
    in vpath_find exp:_t$0
    vpath_find: cannot find _t$0
    Prover.check_inconsistency_base: inconsistency reason [None]
    Prover.check_inconsistency_base: inconsistency reason [None]
    <span class='color_blue'>MEMne &lt; void TestCase.fail():26 &gt; <span class='color_orange'>{vpath: }</span>(_t$0) ;
    CatchVar13 = 0<span class='color_orange'>nullify</span>:void; return = EXN _t$0<span class='color_orange'>update:26</span>:void; this = @f$0<span class='color_orange'>formal</span>:junit.tests.framework.FloatAssertTest*( sub ); old_this = @f$0<span class='color_orange'>formal</span>:junit.tests.framework.FloatAssertTest*( sub ); e = _t$1<span class='color_orange'>initial</span>:junit.framework.AssertionFailedError* ;
    _t$0|->{}<span class='color_orange'>alloc</span>:junit.framework.AssertionFailedError
    [footprint
       this = @f$0<span class='color_orange'>formal</span>:junit.tests.framework.FloatAssertTest*( sub )  ]</span>
    Instruction Returns
    PROP 1 of 1:
    <span class='color_blue'><span class='color_blue'>MEMne &lt; void TestCase.fail():26 &gt; <span class='color_orange'>{vpath: }</span>(_t$0)</span> ;
    <span class='color_blue'>CatchVar13 = 0<span class='color_orange'>nullify</span>:void</span>; <span class='color_blue'>return = EXN _t$0<span class='color_orange'>update:26</span>:void</span>; <span class='color_blue'>this = @f$0<span class='color_orange'>formal</span>:junit.tests.framework.FloatAssertTest*( sub )</span>; <span class='color_blue'>old_this = @f$0<span class='color_orange'>formal</span>:junit.tests.framework.FloatAssertTest*( sub )</span>; <span class='color_blue'>e = _t$1<span class='color_orange'>initial</span>:junit.framework.AssertionFailedError*</span> ;
    <span class='color_blue'>_t$0|->{}<span class='color_orange'>alloc</span>:junit.framework.AssertionFailedError</span>
    [footprint
       <span class='color_blue'>this = @f$0<span class='color_orange'>formal</span>:junit.tests.framework.FloatAssertTest*( sub )</span>  ]</span>
    
    .... After Symbolic Execution ....
    PROP 1 of 1:
    <span class='color_blue'><span class='color_blue'>MEMne &lt; void TestCase.fail():26 &gt; <span class='color_orange'>{vpath: }</span>(_t$0)</span> ;
    <span class='color_blue'>CatchVar13 = <span class='color_red'>0<span class='color_orange'>nullify</span></span>:void</span>; <span class='color_blue'>return = EXN _t$0<span class='color_orange'>update:26</span>:void</span>; <span class='color_blue'>this = @f$0<span class='color_orange'>formal</span>:junit.tests.framework.FloatAssertTest*( sub )</span>; <span class='color_blue'>old_this = @f$0<span class='color_orange'>formal</span>:junit.tests.framework.FloatAssertTest*( sub )</span>; <span class='color_blue'>e = <span class='color_red'>_t$1<span class='color_orange'>initial</span></span>:junit.framework.AssertionFailedError*</span> ;
    <span class='color_blue'>_t$0|->{}<span class='color_orange'>alloc</span>:junit.framework.AssertionFailedError</span>
    [footprint
       <span class='color_blue'>this = @f$0<span class='color_orange'>formal</span>:junit.tests.framework.FloatAssertTest*( sub )</span>  ]</span>
    
    
    
  </LISTING>
<hr width="100%">
<a name="session29" href="./../nodes/junit.tests.framework.FloatAssertTest.testAssertNaNEqualsFails%28%29%3Avoid.a9fd9b02d6d6478a47bf3adf6ebe83cf_node3.html#session29">node3#session29</a>(<a href="./../../FloatAssertTest.java.9308ec20f812123d550a17790b34e550.html#LINE27">27</a>) biabduction
<LISTING class='color_black'>**** [RE:Pending] void FloatAssertTest.testAssertNaNEqualsFails() Node: 3, Procedure: void FloatAssertTest.testAssertNaNEqualsFails(), Todo: 1 ****
  PROP 1 of 1:
  <span class='color_blue'><span class='color_red'>MEMne &lt; void TestCase.fail():26 &gt; <span class='color_orange'>{vpath: }</span>(_t$0)</span>; <span class='color_red'>RET &lt; void TestCase.fail() &gt; (_t$3)</span> ;
  <span class='color_red'>CatchVar13 = _t$1<span class='color_orange'>initial</span>:void</span>; <span class='color_red'>return = EXN _t$0<span class='color_orange'>update:26</span>:void</span>; <span class='color_red'>this = val$1<span class='color_orange'>formal</span>:junit.tests.framework.FloatAssertTest*( sub )</span>; <span class='color_red'>old_this = val$1<span class='color_orange'>formal</span>:junit.tests.framework.FloatAssertTest*( sub )</span>; <span class='color_red'>e = _t$2<span class='color_orange'>initial</span>:junit.framework.AssertionFailedError*</span> ;
  <span class='color_red'>_t$0|->{}<span class='color_orange'>alloc</span>:junit.framework.AssertionFailedError</span></span>
  .... Instructions: ....
  <span class='color_green'>NULLIFY(&amp;CatchVar13); [line 27];
  EXIT_SCOPE(n$4,CatchVar13); [line 27];
  APPLY_ABSTRACTION; [line 27];
  </span>
  
  Processing prop 1/1
    Instruction <span class='color_green'>NULLIFY(&amp;CatchVar13); [line 27]</span>
    in vpath_find exp:_t$0
    vpath_find: cannot find _t$0
    Instruction Returns
    PROP 1 of 1:
    <span class='color_blue'><span class='color_blue'>MEMne &lt; void TestCase.fail():26 &gt; <span class='color_orange'>{vpath: }</span>(_t$0)</span>; <span class='color_red'>RET &lt; void TestCase.fail() &gt; (_t$2)</span> ;
    <span class='color_blue'>CatchVar13 = <span class='color_red'>0<span class='color_orange'>nullify</span></span>:void</span>; <span class='color_blue'>return = EXN _t$0<span class='color_orange'>update:26</span>:void</span>; <span class='color_blue'>this = val$1<span class='color_orange'>formal</span>:junit.tests.framework.FloatAssertTest*( sub )</span>; <span class='color_blue'>old_this = val$1<span class='color_orange'>formal</span>:junit.tests.framework.FloatAssertTest*( sub )</span>; <span class='color_blue'>e = <span class='color_red'>_t$1<span class='color_orange'>initial</span></span>:junit.framework.AssertionFailedError*</span> ;
    <span class='color_blue'>_t$0|->{}<span class='color_orange'>alloc</span>:junit.framework.AssertionFailedError</span></span>
    
    Instruction <span class='color_green'>EXIT_SCOPE(n$4,CatchVar13); [line 27]</span>
    in vpath_find exp:_t$0
    vpath_find: cannot find _t$0
    Instruction Returns
    PROP 1 of 1:
    <span class='color_blue'><span class='color_blue'>MEMne &lt; void TestCase.fail():26 &gt; <span class='color_orange'>{vpath: }</span>(_t$0)</span>; <span class='color_blue'>RET &lt; void TestCase.fail() &gt; (_t$2)</span> ;
    <span class='color_blue'>CatchVar13 = 0<span class='color_orange'>nullify</span>:void</span>; <span class='color_blue'>return = EXN _t$0<span class='color_orange'>update:26</span>:void</span>; <span class='color_blue'>this = val$1<span class='color_orange'>formal</span>:junit.tests.framework.FloatAssertTest*( sub )</span>; <span class='color_blue'>old_this = val$1<span class='color_orange'>formal</span>:junit.tests.framework.FloatAssertTest*( sub )</span>; <span class='color_blue'>e = _t$1<span class='color_orange'>initial</span>:junit.framework.AssertionFailedError*</span> ;
    <span class='color_blue'>_t$0|->{}<span class='color_orange'>alloc</span>:junit.framework.AssertionFailedError</span></span>
    
    Instruction <span class='color_green'>APPLY_ABSTRACTION; [line 27]</span>
    in vpath_find exp:_t$0
    vpath_find: cannot find _t$0
    Prover.check_inconsistency_base: inconsistency reason [None]
    Prover.check_inconsistency_base: inconsistency reason [None]
    <span class='color_blue'>MEMne &lt; void TestCase.fail():26 &gt; <span class='color_orange'>{vpath: }</span>(_t$0) ;
    CatchVar13 = 0<span class='color_orange'>nullify</span>:void; return = EXN _t$0<span class='color_orange'>update:26</span>:void; this = val$1<span class='color_orange'>formal</span>:junit.tests.framework.FloatAssertTest*( sub ); old_this = val$1<span class='color_orange'>formal</span>:junit.tests.framework.FloatAssertTest*( sub ); e = _t$1<span class='color_orange'>initial</span>:junit.framework.AssertionFailedError* ;
    _t$0|->{}<span class='color_orange'>alloc</span>:junit.framework.AssertionFailedError</span>
    Instruction Returns
    PROP 1 of 1:
    <span class='color_blue'><span class='color_blue'>MEMne &lt; void TestCase.fail():26 &gt; <span class='color_orange'>{vpath: }</span>(_t$0)</span> ;
    <span class='color_blue'>CatchVar13 = 0<span class='color_orange'>nullify</span>:void</span>; <span class='color_blue'>return = EXN _t$0<span class='color_orange'>update:26</span>:void</span>; <span class='color_blue'>this = val$1<span class='color_orange'>formal</span>:junit.tests.framework.FloatAssertTest*( sub )</span>; <span class='color_blue'>old_this = val$1<span class='color_orange'>formal</span>:junit.tests.framework.FloatAssertTest*( sub )</span>; <span class='color_blue'>e = _t$1<span class='color_orange'>initial</span>:junit.framework.AssertionFailedError*</span> ;
    <span class='color_blue'>_t$0|->{}<span class='color_orange'>alloc</span>:junit.framework.AssertionFailedError</span></span>
    
    .... After Symbolic Execution ....
    PROP 1 of 1:
    <span class='color_blue'><span class='color_blue'>MEMne &lt; void TestCase.fail():26 &gt; <span class='color_orange'>{vpath: }</span>(_t$0)</span> ;
    <span class='color_blue'>CatchVar13 = <span class='color_red'>0<span class='color_orange'>nullify</span></span>:void</span>; <span class='color_blue'>return = EXN _t$0<span class='color_orange'>update:26</span>:void</span>; <span class='color_blue'>this = val$1<span class='color_orange'>formal</span>:junit.tests.framework.FloatAssertTest*( sub )</span>; <span class='color_blue'>old_this = val$1<span class='color_orange'>formal</span>:junit.tests.framework.FloatAssertTest*( sub )</span>; <span class='color_blue'>e = <span class='color_red'>_t$1<span class='color_orange'>initial</span></span>:junit.framework.AssertionFailedError*</span> ;
    <span class='color_blue'>_t$0|->{}<span class='color_orange'>alloc</span>:junit.framework.AssertionFailedError</span></span>
    
    
    
  </LISTING>