<!DOCTYPE HTML PUBLIC "-//W3C//DTD HTML 4.01 Transitional//EN">
<html>
<head>
<title>org.junit.tests.running.classes.ParameterizedTestTest.failuresNamedCorrectly():void.c174189e07e42c6bcec473fab2221f83</title>
<meta http-equiv="Content-Type" content="text/html; charset=utf-8">
<style type="text/css">
body { background-color:#fff; color:#000; font-family:Helvetica, sans-serif; font-size:10pt }
h1 { font-size:14pt }
.code { border-collapse:collapse; width:100%; font-family: "Andale Mono", monospace; font-size:10pt; line-height: 1.2em }
.color_black { color: black }
.color_blue { color: blue }
.color_green { color: green }
.color_orange { color: orange }
.color_red { color: red }
.line { border-left: 3px solid #ccc; padding-left: 1ex; white-space: pre; }
.msg { background-color:#fff8b4; color:#000; float:left; font-family:Helvetica, sans-serif; font-size: smaller; font-weight: bold; margin-bottom:10px; margin-top:10px; max-width:60em; padding:0.5em 1ex 0.5em 1ex; -webkit-border-radius:5px; -webkit-box-shadow:1px 1px 7px #000; white-space: pre-wrap; word-wrap: break-word; }
.num { background-color:#eee; color:#444; font-size: smaller; padding-right:2ex; text-align:right; width:2.5em; }
.dangling { background-color:white; color: gray; }
.visited { background-color:LemonChiffon; color: darkmagenta; }
.tooltip { display: none; background-color:#FFF0F0; border: 2px solid #F00; font-weight: normal; left:10em; padding: 2px; position: absolute; top: -1em; -webkit-border-radius:5px; -webkit-box-shadow:1px 1px 7px #000; z-index: 1}
.with_tooltip { position: relative; }
.with_tooltip:hover .tooltip, .visited:hover .tooltip { display: block; }
</style>
</head>
<body>
<center><h1>Procedure <a href="./../ParameterizedTestTest.java.88da44e98279dfa32c0c7e5c52f053d0.html#LINE110">void ParameterizedTestTest.failuresNamedCorrectly()</a></h1></center>
<a href="./nodes/org.junit.tests.running.classes.ParameterizedTestTest.failuresNamedCorrectly%28%29%3Avoid.c174189e07e42c6bcec473fab2221f83_node1.html"><span class='visited with_tooltip'>S_1<span class='tooltip'>node1 preds: succs:4 exn:2 Start
</span></span></a> <a href="./nodes/org.junit.tests.running.classes.ParameterizedTestTest.failuresNamedCorrectly%28%29%3Avoid.c174189e07e42c6bcec473fab2221f83_node2.html"><span class='visited with_tooltip'>E_2<span class='tooltip'>node2 preds:17 3 succs: exn: Exit
</span></span></a> <a href="./nodes/org.junit.tests.running.classes.ParameterizedTestTest.failuresNamedCorrectly%28%29%3Avoid.c174189e07e42c6bcec473fab2221f83_node3.html"><span class='visited with_tooltip'>I_3<span class='tooltip'>node3 preds: succs:2 exn:2 Instructions
NULLIFY(&amp;result); [line 115];
NULLIFY(&amp;$irvar3); [line 115];
NULLIFY(&amp;$irvar9); [line 115];
NULLIFY(&amp;$irvar5); [line 115];
NULLIFY(&amp;$irvar4); [line 115];
NULLIFY(&amp;$irvar7); [line 115];
NULLIFY(&amp;$irvar6); [line 115];
NULLIFY(&amp;$irvar0); [line 115];
NULLIFY(&amp;$irvar8); [line 115];
NULLIFY(&amp;$irvar1); [line 115];
NULLIFY(&amp;$irvar2); [line 115];
EXIT_SCOPE(result,$irvar3,$irvar9,$irvar5,$irvar4,$irvar7,$irvar6,$irvar0,$irvar8,$irvar1,$irvar2); [line 115];
APPLY_ABSTRACTION; [line 115];
</span></span></a> <a href="./nodes/org.junit.tests.running.classes.ParameterizedTestTest.failuresNamedCorrectly%28%29%3Avoid.c174189e07e42c6bcec473fab2221f83_node4.html"><span class='visited with_tooltip'>I_4<span class='tooltip'>node4 preds:1 succs:5 exn:3 Instructions
n$0=_fun___new_array(sizeof(t=java.lang.Class*[_*_];len=[1]):java.lang.Class*[_*_](*)) [line 111];
*&amp;$irvar0:java.lang.Class*[_*_](*)=n$0 [line 111];
EXIT_SCOPE(n$0); [line 111];
</span></span></a> <a href="./nodes/org.junit.tests.running.classes.ParameterizedTestTest.failuresNamedCorrectly%28%29%3Avoid.c174189e07e42c6bcec473fab2221f83_node5.html"><span class='visited with_tooltip'>I_5<span class='tooltip'>node5 preds:4 succs:6 exn:3 Instructions
n$1=*&amp;$irvar0:java.lang.Class*[_*_](*) [line 111];
*n$1[0]:java.lang.Object*=org.junit.tests.running.classes.ParameterizedTestTest$ThreeFailures [line 111];
EXIT_SCOPE(n$1); [line 111];
</span></span></a> <a href="./nodes/org.junit.tests.running.classes.ParameterizedTestTest.failuresNamedCorrectly%28%29%3Avoid.c174189e07e42c6bcec473fab2221f83_node6.html"><span class='visited with_tooltip'>I_6<span class='tooltip'>node6 preds:5 succs:7 exn:3 Instructions
n$2=*&amp;$irvar0:java.lang.Class*[_*_](*) [line 111];
n$3=_fun_Result JUnitCore.runClasses(Class[])(n$2:java.lang.Class*[_*_](*)) [line 111];
*&amp;result:org.junit.runner.Result*=n$3 [line 111];
NULLIFY(&amp;$irvar0); [line 111];
EXIT_SCOPE(n$2,n$3,$irvar0); [line 111];
</span></span></a> <a href="./nodes/org.junit.tests.running.classes.ParameterizedTestTest.failuresNamedCorrectly%28%29%3Avoid.c174189e07e42c6bcec473fab2221f83_node7.html"><span class='visited with_tooltip'>I_7<span class='tooltip'>node7 preds:6 succs:8 exn:3 Instructions
n$4=_fun___new(sizeof(t=java.lang.StringBuilder):java.lang.StringBuilder*) [line 112];
n$5=_fun_StringBuilder.&lt;init&gt;()(n$4:java.lang.StringBuilder*) [line 112];
*&amp;$irvar1:java.lang.StringBuilder*=n$4 [line 112];
EXIT_SCOPE(n$4,n$5); [line 112];
</span></span></a> <a href="./nodes/org.junit.tests.running.classes.ParameterizedTestTest.failuresNamedCorrectly%28%29%3Avoid.c174189e07e42c6bcec473fab2221f83_node8.html"><span class='visited with_tooltip'>I_8<span class='tooltip'>node8 preds:7 succs:9 exn:3 Instructions
n$6=*&amp;$irvar1:java.lang.StringBuilder* [line 112];
_=*n$6:java.lang.StringBuilder*(root java.lang.StringBuilder) [line 112];
n$8=_fun_StringBuilder StringBuilder.append(String)(n$6:java.lang.StringBuilder*,"testSomething[0: x=1](":java.lang.Object*) virtual [line 112];
*&amp;$irvar2:java.lang.StringBuilder*=n$8 [line 112];
NULLIFY(&amp;$irvar1); [line 112];
EXIT_SCOPE(_,n$6,n$8,$irvar1); [line 112];
</span></span></a> <a href="./nodes/org.junit.tests.running.classes.ParameterizedTestTest.failuresNamedCorrectly%28%29%3Avoid.c174189e07e42c6bcec473fab2221f83_node9.html"><span class='visited with_tooltip'>I_9<span class='tooltip'>node9 preds:8 succs:10 exn:3 Instructions
n$9=_fun_String Class.getName()(org.junit.tests.running.classes.ParameterizedTestTest$ThreeFailures:java.lang.Object*) virtual [line 113];
*&amp;$irvar3:java.lang.String*=n$9 [line 113];
EXIT_SCOPE(n$9); [line 113];
</span></span></a> <a href="./nodes/org.junit.tests.running.classes.ParameterizedTestTest.failuresNamedCorrectly%28%29%3Avoid.c174189e07e42c6bcec473fab2221f83_node10.html"><span class='visited with_tooltip'>I_10<span class='tooltip'>node10 preds:9 succs:11 exn:3 Instructions
n$10=*&amp;$irvar2:java.lang.StringBuilder* [line 113];
_=*n$10:java.lang.StringBuilder*(root java.lang.StringBuilder) [line 113];
n$12=*&amp;$irvar3:java.lang.String* [line 113];
n$13=_fun_StringBuilder StringBuilder.append(String)(n$10:java.lang.StringBuilder*,n$12:java.lang.String*) virtual [line 113];
*&amp;$irvar4:java.lang.StringBuilder*=n$13 [line 113];
NULLIFY(&amp;$irvar3); [line 113];
NULLIFY(&amp;$irvar2); [line 113];
EXIT_SCOPE(_,n$10,n$12,n$13,$irvar3,$irvar2); [line 113];
</span></span></a> <a href="./nodes/org.junit.tests.running.classes.ParameterizedTestTest.failuresNamedCorrectly%28%29%3Avoid.c174189e07e42c6bcec473fab2221f83_node11.html"><span class='visited with_tooltip'>I_11<span class='tooltip'>node11 preds:10 succs:12 exn:3 Instructions
n$14=*&amp;$irvar4:java.lang.StringBuilder* [line 113];
_=*n$14:java.lang.StringBuilder*(root java.lang.StringBuilder) [line 113];
n$16=_fun_StringBuilder StringBuilder.append(String)(n$14:java.lang.StringBuilder*,")":java.lang.Object*) virtual [line 113];
*&amp;$irvar5:java.lang.StringBuilder*=n$16 [line 113];
NULLIFY(&amp;$irvar4); [line 113];
EXIT_SCOPE(_,n$14,n$16,$irvar4); [line 113];
</span></span></a> <a href="./nodes/org.junit.tests.running.classes.ParameterizedTestTest.failuresNamedCorrectly%28%29%3Avoid.c174189e07e42c6bcec473fab2221f83_node12.html"><span class='visited with_tooltip'>I_12<span class='tooltip'>node12 preds:11 succs:13 exn:3 Instructions
n$17=*&amp;$irvar5:java.lang.StringBuilder* [line 113];
_=*n$17:java.lang.StringBuilder*(root java.lang.StringBuilder) [line 113];
n$19=_fun_String StringBuilder.toString()(n$17:java.lang.StringBuilder*) virtual [line 113];
*&amp;$irvar6:java.lang.String*=n$19 [line 113];
NULLIFY(&amp;$irvar5); [line 113];
EXIT_SCOPE(_,n$17,n$19,$irvar5); [line 113];
</span></span></a> <a href="./nodes/org.junit.tests.running.classes.ParameterizedTestTest.failuresNamedCorrectly%28%29%3Avoid.c174189e07e42c6bcec473fab2221f83_node13.html"><span class='visited with_tooltip'>I_13<span class='tooltip'>node13 preds:12 succs:14 exn:3 Instructions
n$20=*&amp;result:org.junit.runner.Result* [line 114];
_=*n$20:org.junit.runner.Result*(root org.junit.runner.Result) [line 114];
n$22=_fun_List Result.getFailures()(n$20:org.junit.runner.Result*) virtual [line 114];
*&amp;$irvar7:java.util.List*=n$22 [line 114];
NULLIFY(&amp;result); [line 114];
EXIT_SCOPE(_,n$20,n$22,result); [line 114];
</span></span></a> <a href="./nodes/org.junit.tests.running.classes.ParameterizedTestTest.failuresNamedCorrectly%28%29%3Avoid.c174189e07e42c6bcec473fab2221f83_node14.html"><span class='visited with_tooltip'>I_14<span class='tooltip'>node14 preds:13 succs:15 exn:3 Instructions
n$23=*&amp;$irvar7:java.util.List* [line 114];
_=*n$23:java.util.List*(root java.util.List) [line 114];
n$25=_fun_Object List.get(int)(n$23:java.util.List*,0:int) interface virtual [line 114];
*&amp;$irvar8:java.lang.Object*=n$25 [line 114];
NULLIFY(&amp;$irvar7); [line 114];
EXIT_SCOPE(_,n$23,n$25,$irvar7); [line 114];
</span></span></a> <a href="./nodes/org.junit.tests.running.classes.ParameterizedTestTest.failuresNamedCorrectly%28%29%3Avoid.c174189e07e42c6bcec473fab2221f83_node15.html"><span class='visited with_tooltip'>I_15<span class='tooltip'>node15 preds:14 succs:16 exn:3 Instructions
n$26=*&amp;$irvar8:java.lang.Object* [line 114];
n$27=_fun___cast(n$26:java.lang.Object*,sizeof(t=org.junit.runner.notification.Failure;sub_t=( sub )(cast)):void) [line 114];
_=*n$27:org.junit.runner.notification.Failure*(root org.junit.runner.notification.Failure) [line 114];
n$29=_fun_String Failure.getTestHeader()(n$27:org.junit.runner.notification.Failure*) virtual [line 114];
*&amp;$irvar9:java.lang.String*=n$29 [line 114];
NULLIFY(&amp;$irvar8); [line 114];
EXIT_SCOPE(_,n$26,n$27,n$29,$irvar8); [line 114];
</span></span></a> <a href="./nodes/org.junit.tests.running.classes.ParameterizedTestTest.failuresNamedCorrectly%28%29%3Avoid.c174189e07e42c6bcec473fab2221f83_node16.html"><span class='visited with_tooltip'>I_16<span class='tooltip'>node16 preds:15 succs:17 exn:3 Instructions
n$30=*&amp;$irvar6:java.lang.String* [line 112];
n$31=*&amp;$irvar9:java.lang.String* [line 112];
n$32=_fun_void Assert.assertEquals(Object,Object)(n$30:java.lang.String*,n$31:java.lang.String*) [line 112];
NULLIFY(&amp;$irvar9); [line 112];
NULLIFY(&amp;$irvar6); [line 112];
EXIT_SCOPE(n$30,n$31,n$32,$irvar9,$irvar6); [line 112];
</span></span></a> <a href="./nodes/org.junit.tests.running.classes.ParameterizedTestTest.failuresNamedCorrectly%28%29%3Avoid.c174189e07e42c6bcec473fab2221f83_node17.html"><span class='visited with_tooltip'>I_17<span class='tooltip'>node17 preds:16 succs:2 exn:3 Instructions
APPLY_ABSTRACTION; [line 115];
</span></span></a><br />@

<span class='color_black'>void void ParameterizedTestTest.failuresNamedCorrectly()(org.junit.tests.running.classes.ParameterizedTestTest* this)
Analyzed
</span><br />FAILURE:NONE SYMOPS:401
<br />

<hr width="100%">
LIKE DURING FOOTPRINT

<hr width="100%">
INFO DURING FOOTPRINT

<hr width="100%">
ADVICE DURING FOOTPRINT

<hr width="100%">
WARNING DURING FOOTPRINT

<hr width="100%">
ERROR DURING FOOTPRINT

<hr width="100%">
<LISTING>
Biabduction: phase= RE_EXECUTION
--------------------------- 1 of 2 [nvisited:110 111 112 113 114 115] ---------------------------
PRE:
<span class='color_blue'><span class='color_blue'>this = val$1<span class='color_orange'>formal</span>:org.junit.tests.running.classes.ParameterizedTestTest*( sub )</span></span>
POST 1 of 3:
<span class='color_blue'><span class='color_red'>val$4 != null</span>; <span class='color_red'>val$3 != 0</span>; <span class='color_red'>MEMne &lt; void Assert.assertEquals(String,Object):112 &gt; <span class='color_orange'>{vpath: }</span>(val$2)</span>; <span class='color_red'>UND &lt; String StringBuilder.toString() &gt; :113(val$4)</span>; <span class='color_red'>RET &lt; String Description.getDisplayName() &gt; (val$3)</span>; <span class='color_red'>RET &lt; String Failure.getTestHeader() &gt; (val$3)</span> ;
<span class='color_red'>return = EXN val$2<span class='color_orange'>update:112</span>:void</span>; <span class='color_blue'>this = val$1<span class='color_orange'>formal</span>:org.junit.tests.running.classes.ParameterizedTestTest*( sub )</span> ;
<span class='color_red'>val$4|->{}<span class='color_orange'>formal(z)</span>:java.lang.String( sub )(instof)</span>; <span class='color_red'>val$3|->{}<span class='color_orange'>formal</span>:java.lang.String( sub )(instof)</span>; <span class='color_red'>val$2|->{fActual:val$3<span class='color_orange'>update:112</span>, fExpected:val$4<span class='color_orange'>update:(z)112</span>}<span class='color_orange'>formal(z)</span>:org.junit.ComparisonFailure</span></span>
POST 2 of 3:
<span class='color_blue'><span class='color_red'>MEMne &lt; void Assert.assertEquals(String,Object):112 &gt; <span class='color_orange'>{vpath: }</span>(val$2)</span> ;
<span class='color_red'>return = EXN val$2<span class='color_orange'>update:112</span>:void</span>; <span class='color_blue'>this = val$1<span class='color_orange'>formal</span>:org.junit.tests.running.classes.ParameterizedTestTest*( sub )</span> ;
<span class='color_red'>val$2|->{}<span class='color_orange'>alloc</span>:java.lang.AssertionError</span></span>
POST 3 of 3:
<span class='color_blue'><span class='color_red'>return = val$2<span class='color_orange'>initial</span>:void</span>; <span class='color_blue'>this = val$1<span class='color_orange'>formal</span>:org.junit.tests.running.classes.ParameterizedTestTest*( sub )</span></span>
----------------------------------------------------------------<br>
--------------------------- 2 of 2 [nvisited:110 111 112 113 114 115] ---------------------------
PRE:
<span class='color_blue'><span class='color_blue'>this = val$1<span class='color_orange'>formal</span>:org.junit.tests.running.classes.ParameterizedTestTest*( sub )</span></span>
POST 1 of 2:
<span class='color_blue'><span class='color_red'>MEMne &lt; void Assert.assertEquals(Object,Object):112 &gt; <span class='color_orange'>{vpath: }</span>(val$2)</span> ;
<span class='color_red'>return = EXN val$2<span class='color_orange'>update:112</span>:void</span>; <span class='color_blue'>this = val$1<span class='color_orange'>formal</span>:org.junit.tests.running.classes.ParameterizedTestTest*( sub )</span> ;
<span class='color_red'>val$2|->{}<span class='color_orange'>alloc</span>:java.lang.AssertionError</span></span>
POST 2 of 2:
<span class='color_blue'><span class='color_red'>return = val$2<span class='color_orange'>initial</span>:void</span>; <span class='color_blue'>this = val$1<span class='color_orange'>formal</span>:org.junit.tests.running.classes.ParameterizedTestTest*( sub )</span></span>
----------------------------------------------------------------<br>

RacerD: 
Threads: NoThread, Locks: 0 
Accesses { {elem= Access: Read of model.TestClass.FIELD_COMPARATOR Thread: NoThread Lock: false Pre: Unowned;
            loc= line 78;
            trace= { Result JUnitCore.runClasses(Class[]) at line 111,
                     Result JUnitCore.runClasses(Computer,Class[]) at line 53,
                     Result JUnitCore.run(Computer,Class[]) at line 66,
                     Request Request.classes(Computer,Class[]) at line 109,
                     Runner Computer.getSuite(RunnerBuilder,Class[]) at line 77,
                     Computer$2.<init>(Computer,RunnerBuilder,Class[]) at line 28,
                     Suite.<init>(RunnerBuilder,Class[]) at line 33,
                     Suite.<init>(Class,List) at line 81,
                     ParentRunner.<init>(Class) at line 112,
                     TestClass ParentRunner.createTestClass(Class) at line 91,
                     TestClass.<init>(Class) at line 111,
                     void TestClass.scanAnnotatedMembers(Map,Map) at line 57,
                     Field[] TestClass.getSortedDeclaredFields(Class) at line 70 }},
           {elem= Access: Read of lang.Void.TYPE Thread: NoThread Lock: false Pre: Unowned;
            loc= line 107;
            trace= { Result JUnitCore.runClasses(Class[]) at line 111,
                     Result JUnitCore.runClasses(Computer,Class[]) at line 53,
                     Result JUnitCore.run(Computer,Class[]) at line 66,
                     Request Request.classes(Computer,Class[]) at line 109,
                     Runner Computer.getSuite(RunnerBuilder,Class[]) at line 77,
                     Computer$2.<init>(Computer,RunnerBuilder,Class[]) at line 28,
                     Suite.<init>(RunnerBuilder,Class[]) at line 33,
                     Suite.<init>(Class,List) at line 81,
                     ParentRunner.<init>(Class) at line 112,
                     void ParentRunner.validate() at line 92,
                     void ParentRunner.collectInitializationErrors(List) at line 523,
                     void ParentRunner.validatePublicVoidNoArgMethods(Class,boolean,List) at line 148,
                     void FrameworkMethod.validatePublicVoidNoArg(boolean,List) at line 178,
                     void FrameworkMethod.validatePublicVoid(boolean,List) at line 83 }},
           {elem= Access: Read of runners.ParentRunner.VALIDATORS Thread: NoThread Lock: false Pre: Unowned;
            loc= line 156;
            trace= { Result JUnitCore.runClasses(Class[]) at line 111,
                     Result JUnitCore.runClasses(Computer,Class[]) at line 53,
                     Result JUnitCore.run(Computer,Class[]) at line 66,
                     Request Request.classes(Computer,Class[]) at line 109,
                     Runner Computer.getSuite(RunnerBuilder,Class[]) at line 77,
                     Computer$2.<init>(Computer,RunnerBuilder,Class[]) at line 28,
                     Suite.<init>(RunnerBuilder,Class[]) at line 33,
                     Suite.<init>(Class,List) at line 81,
                     ParentRunner.<init>(Class) at line 112,
                     void ParentRunner.validate() at line 92,
                     void ParentRunner.collectInitializationErrors(List) at line 523,
                     void ParentRunner.applyValidators(List) at line 151 }},
           {elem= Access: Read of internal.MethodSorter.DEFAULT Thread: NoThread Lock: false Pre: Unowned;
            loc= line 67;
            trace= { Result JUnitCore.runClasses(Class[]) at line 111,
                     Result JUnitCore.runClasses(Computer,Class[]) at line 53,
                     Result JUnitCore.run(Computer,Class[]) at line 66,
                     Request Request.classes(Computer,Class[]) at line 109,
                     Runner Computer.getSuite(RunnerBuilder,Class[]) at line 77,
                     Computer$2.<init>(Computer,RunnerBuilder,Class[]) at line 28,
                     Suite.<init>(RunnerBuilder,Class[]) at line 33,
                     Suite.<init>(Class,List) at line 81,
                     ParentRunner.<init>(Class) at line 112,
                     TestClass ParentRunner.createTestClass(Class) at line 91,
                     TestClass.<init>(Class) at line 111,
                     void TestClass.scanAnnotatedMembers(Map,Map) at line 57,
                     Method[] MethodSorter.getDeclaredMethods(Class) at line 65,
                     Comparator MethodSorter.getSorter(FixMethodOrder) at line 52 }},
           {elem= Access: Read of rules.RuleMemberValidator.CLASS_RULE_METHOD_VALIDATOR Thread: NoThread Lock: false Pre: Unowned;
            loc= line 184;
            trace= { Result JUnitCore.runClasses(Class[]) at line 111,
                     Result JUnitCore.runClasses(Computer,Class[]) at line 53,
                     Result JUnitCore.run(Computer,Class[]) at line 66,
                     Request Request.classes(Computer,Class[]) at line 109,
                     Runner Computer.getSuite(RunnerBuilder,Class[]) at line 77,
                     Computer$2.<init>(Computer,RunnerBuilder,Class[]) at line 28,
                     Suite.<init>(RunnerBuilder,Class[]) at line 33,
                     Suite.<init>(Class,List) at line 81,
                     ParentRunner.<init>(Class) at line 112,
                     void ParentRunner.validate() at line 92,
                     void ParentRunner.collectInitializationErrors(List) at line 523,
                     void ParentRunner.validateClassRules(List) at line 150 }},
           {elem= Access: Read of rules.RuleMemberValidator.CLASS_RULE_VALIDATOR Thread: NoThread Lock: false Pre: Unowned;
            loc= line 183;
            trace= { Result JUnitCore.runClasses(Class[]) at line 111,
                     Result JUnitCore.runClasses(Computer,Class[]) at line 53,
                     Result JUnitCore.run(Computer,Class[]) at line 66,
                     Request Request.classes(Computer,Class[]) at line 109,
                     Runner Computer.getSuite(RunnerBuilder,Class[]) at line 77,
                     Computer$2.<init>(Computer,RunnerBuilder,Class[]) at line 28,
                     Suite.<init>(RunnerBuilder,Class[]) at line 33,
                     Suite.<init>(Class,List) at line 81,
                     ParentRunner.<init>(Class) at line 112,
                     void ParentRunner.validate() at line 92,
                     void ParentRunner.collectInitializationErrors(List) at line 523,
                     void ParentRunner.validateClassRules(List) at line 150 }},
           {elem= Access: Read of rules.RuleMemberValidator.CLASS_RULE_METHOD_VALIDATOR->annotation Thread: NoThread Lock: false Pre: Unowned;
            loc= line 89;
            trace= { Result JUnitCore.runClasses(Class[]) at line 111,
                     Result JUnitCore.runClasses(Computer,Class[]) at line 53,
                     Result JUnitCore.run(Computer,Class[]) at line 66,
                     Request Request.classes(Computer,Class[]) at line 109,
                     Runner Computer.getSuite(RunnerBuilder,Class[]) at line 77,
                     Computer$2.<init>(Computer,RunnerBuilder,Class[]) at line 28,
                     Suite.<init>(RunnerBuilder,Class[]) at line 33,
                     Suite.<init>(Class,List) at line 81,
                     ParentRunner.<init>(Class) at line 112,
                     void ParentRunner.validate() at line 92,
                     void ParentRunner.collectInitializationErrors(List) at line 523,
                     void ParentRunner.validateClassRules(List) at line 150,
                     void RuleMemberValidator.validate(TestClass,List) at line 184 }},
           {elem= Access: Read of rules.RuleMemberValidator.CLASS_RULE_METHOD_VALIDATOR->methods Thread: NoThread Lock: false Pre: Unowned;
            loc= line 89;
            trace= { Result JUnitCore.runClasses(Class[]) at line 111,
                     Result JUnitCore.runClasses(Computer,Class[]) at line 53,
                     Result JUnitCore.run(Computer,Class[]) at line 66,
                     Request Request.classes(Computer,Class[]) at line 109,
                     Runner Computer.getSuite(RunnerBuilder,Class[]) at line 77,
                     Computer$2.<init>(Computer,RunnerBuilder,Class[]) at line 28,
                     Suite.<init>(RunnerBuilder,Class[]) at line 33,
                     Suite.<init>(Class,List) at line 81,
                     ParentRunner.<init>(Class) at line 112,
                     void ParentRunner.validate() at line 92,
                     void ParentRunner.collectInitializationErrors(List) at line 523,
                     void ParentRunner.validateClassRules(List) at line 150,
                     void RuleMemberValidator.validate(TestClass,List) at line 184 }},
           {elem= Access: Read of rules.RuleMemberValidator.CLASS_RULE_METHOD_VALIDATOR->validatorStrategies Thread: NoThread Lock: false Pre: Unowned;
            loc= line 98;
            trace= { Result JUnitCore.runClasses(Class[]) at line 111,
                     Result JUnitCore.runClasses(Computer,Class[]) at line 53,
                     Result JUnitCore.run(Computer,Class[]) at line 66,
                     Request Request.classes(Computer,Class[]) at line 109,
                     Runner Computer.getSuite(RunnerBuilder,Class[]) at line 77,
                     Computer$2.<init>(Computer,RunnerBuilder,Class[]) at line 28,
                     Suite.<init>(RunnerBuilder,Class[]) at line 33,
                     Suite.<init>(Class,List) at line 81,
                     ParentRunner.<init>(Class) at line 112,
                     void ParentRunner.validate() at line 92,
                     void ParentRunner.collectInitializationErrors(List) at line 523,
                     void ParentRunner.validateClassRules(List) at line 150,
                     void RuleMemberValidator.validate(TestClass,List) at line 184,
                     void RuleMemberValidator.validateMember(FrameworkMember,List) at line 93 }},
           {elem= Access: Read of rules.RuleMemberValidator.CLASS_RULE_VALIDATOR->annotation Thread: NoThread Lock: false Pre: Unowned;
            loc= line 89;
            trace= { Result JUnitCore.runClasses(Class[]) at line 111,
                     Result JUnitCore.runClasses(Computer,Class[]) at line 53,
                     Result JUnitCore.run(Computer,Class[]) at line 66,
                     Request Request.classes(Computer,Class[]) at line 109,
                     Runner Computer.getSuite(RunnerBuilder,Class[]) at line 77,
                     Computer$2.<init>(Computer,RunnerBuilder,Class[]) at line 28,
                     Suite.<init>(RunnerBuilder,Class[]) at line 33,
                     Suite.<init>(Class,List) at line 81,
                     ParentRunner.<init>(Class) at line 112,
                     void ParentRunner.validate() at line 92,
                     void ParentRunner.collectInitializationErrors(List) at line 523,
                     void ParentRunner.validateClassRules(List) at line 150,
                     void RuleMemberValidator.validate(TestClass,List) at line 183 }},
           {elem= Access: Read of rules.RuleMemberValidator.CLASS_RULE_VALIDATOR->methods Thread: NoThread Lock: false Pre: Unowned;
            loc= line 89;
            trace= { Result JUnitCore.runClasses(Class[]) at line 111,
                     Result JUnitCore.runClasses(Computer,Class[]) at line 53,
                     Result JUnitCore.run(Computer,Class[]) at line 66,
                     Request Request.classes(Computer,Class[]) at line 109,
                     Runner Computer.getSuite(RunnerBuilder,Class[]) at line 77,
                     Computer$2.<init>(Computer,RunnerBuilder,Class[]) at line 28,
                     Suite.<init>(RunnerBuilder,Class[]) at line 33,
                     Suite.<init>(Class,List) at line 81,
                     ParentRunner.<init>(Class) at line 112,
                     void ParentRunner.validate() at line 92,
                     void ParentRunner.collectInitializationErrors(List) at line 523,
                     void ParentRunner.validateClassRules(List) at line 150,
                     void RuleMemberValidator.validate(TestClass,List) at line 183 }},
           {elem= Access: Read of rules.RuleMemberValidator.CLASS_RULE_VALIDATOR->validatorStrategies Thread: NoThread Lock: false Pre: Unowned;
            loc= line 98;
            trace= { Result JUnitCore.runClasses(Class[]) at line 111,
                     Result JUnitCore.runClasses(Computer,Class[]) at line 53,
                     Result JUnitCore.run(Computer,Class[]) at line 66,
                     Request Request.classes(Computer,Class[]) at line 109,
                     Runner Computer.getSuite(RunnerBuilder,Class[]) at line 77,
                     Computer$2.<init>(Computer,RunnerBuilder,Class[]) at line 28,
                     Suite.<init>(RunnerBuilder,Class[]) at line 33,
                     Suite.<init>(Class,List) at line 81,
                     ParentRunner.<init>(Class) at line 112,
                     void ParentRunner.validate() at line 92,
                     void ParentRunner.collectInitializationErrors(List) at line 523,
                     void ParentRunner.validateClassRules(List) at line 150,
                     void RuleMemberValidator.validate(TestClass,List) at line 183,
                     void RuleMemberValidator.validateMember(FrameworkMember,List) at line 93 }} } 
Ownership: Unowned 
Return Attribute: Nothing 
Attributes: { } 

Starvation: {thread= UnknownThread; return_attributes= Nothing;
             critical_pairs={ };
             scheduled_work= { };
             attributes= { }}
</LISTING>
<hr />
<pre>
{ proc_name= void ParameterizedTestTest.failuresNamedCorrectly()
; translation_unit= src/test/java/org/junit/tests/running/classes/ParameterizedTestTest.java
; access= Public
; formals= [(this,org.junit.tests.running.classes.ParameterizedTestTest*)]
; is_defined= true
; loc= src/test/java/org/junit/tests/running/classes/ParameterizedTestTest.java:110
; locals= [{ name= $irvar9; typ= void; modify_in_block= false; is_declared_unused= false }; 
           { name= $irvar8; typ= void; modify_in_block= false; is_declared_unused= false }; 
           { name= $irvar7; typ= void; modify_in_block= false; is_declared_unused= false }; 
           { name= $irvar6; typ= void; modify_in_block= false; is_declared_unused= false }; 
           { name= $irvar5; typ= void; modify_in_block= false; is_declared_unused= false }; 
           { name= $irvar4; typ= void; modify_in_block= false; is_declared_unused= false }; 
           { name= $irvar3; typ= void; modify_in_block= false; is_declared_unused= false }; 
           { name= $irvar2; typ= void; modify_in_block= false; is_declared_unused= false }; 
           { name= $irvar1; typ= void; modify_in_block= false; is_declared_unused= false }; 
           { name= $irvar0; typ= void; modify_in_block= false; is_declared_unused= false }; 
           { name= result; typ= org.junit.runner.Result*; modify_in_block= false; is_declared_unused= false }]
; method_annotation= <_org.junit.Test> ()
; ret_type= void 
; proc_id= org.junit.tests.running.classes.ParameterizedTestTest.failuresNamedCorrectly():void }</pre>
</body>
</html>
