<!DOCTYPE HTML PUBLIC "-//W3C//DTD HTML 4.01 Transitional//EN">
<html>
<head>
<title>org.junit.tests.running.classes.ParameterizedTestTest$AdditionTestWithArray.test():void.8b3a9a0d1d3511e7f51742816036cef7</title>
<meta http-equiv="Content-Type" content="text/html; charset=utf-8">
<style type="text/css">
body { background-color:#fff; color:#000; font-family:Helvetica, sans-serif; font-size:10pt }
h1 { font-size:14pt }
.code { border-collapse:collapse; width:100%; font-family: "Andale Mono", monospace; font-size:10pt; line-height: 1.2em }
.color_black { color: black }
.color_blue { color: blue }
.color_green { color: green }
.color_orange { color: orange }
.color_red { color: red }
.line { border-left: 3px solid #ccc; padding-left: 1ex; white-space: pre; }
.msg { background-color:#fff8b4; color:#000; float:left; font-family:Helvetica, sans-serif; font-size: smaller; font-weight: bold; margin-bottom:10px; margin-top:10px; max-width:60em; padding:0.5em 1ex 0.5em 1ex; -webkit-border-radius:5px; -webkit-box-shadow:1px 1px 7px #000; white-space: pre-wrap; word-wrap: break-word; }
.num { background-color:#eee; color:#444; font-size: smaller; padding-right:2ex; text-align:right; width:2.5em; }
.dangling { background-color:white; color: gray; }
.visited { background-color:LemonChiffon; color: darkmagenta; }
.tooltip { display: none; background-color:#FFF0F0; border: 2px solid #F00; font-weight: normal; left:10em; padding: 2px; position: absolute; top: -1em; -webkit-border-radius:5px; -webkit-box-shadow:1px 1px 7px #000; z-index: 1}
.with_tooltip { position: relative; }
.with_tooltip:hover .tooltip, .visited:hover .tooltip { display: block; }
</style>
</head>
<body>
<center><h1>Procedure <a href="./../ParameterizedTestTest.java.88da44e98279dfa32c0c7e5c52f053d0.html#LINE604">void ParameterizedTestTest$AdditionTestWithArray.test()</a></h1></center>
<a href="./nodes/org.junit.tests.running.classes.ParameterizedTestTest%24AdditionTestWithArray.test%28%29%3Avoid.8b3a9a0d1d3511e7f51742816036cef7_node1.html"><span class='visited with_tooltip'>S_1<span class='tooltip'>node1 preds: succs:4 exn:2 Start
</span></span></a> <a href="./nodes/org.junit.tests.running.classes.ParameterizedTestTest%24AdditionTestWithArray.test%28%29%3Avoid.8b3a9a0d1d3511e7f51742816036cef7_node2.html"><span class='visited with_tooltip'>E_2<span class='tooltip'>node2 preds:7 3 succs: exn: Exit
</span></span></a> <a href="./nodes/org.junit.tests.running.classes.ParameterizedTestTest%24AdditionTestWithArray.test%28%29%3Avoid.8b3a9a0d1d3511e7f51742816036cef7_node3.html"><span class='visited with_tooltip'>I_3<span class='tooltip'>node3 preds: succs:2 exn:2 Instructions
NULLIFY(&amp;$irvar0); [line 606];
NULLIFY(&amp;$irvar1); [line 606];
EXIT_SCOPE($irvar0,$irvar1); [line 606];
APPLY_ABSTRACTION; [line 606];
</span></span></a> <a href="./nodes/org.junit.tests.running.classes.ParameterizedTestTest%24AdditionTestWithArray.test%28%29%3Avoid.8b3a9a0d1d3511e7f51742816036cef7_node4.html"><span class='visited with_tooltip'>I_4<span class='tooltip'>node4 preds:1 succs:5 exn:3 Instructions
n$0=*&amp;this:org.junit.tests.running.classes.ParameterizedTestTest$AdditionTestWithArray* [line 605];
n$1=*n$0.firstSummand:int(root org.junit.tests.running.classes.ParameterizedTestTest$AdditionTestWithArray) [line 605];
n$2=*&amp;this:org.junit.tests.running.classes.ParameterizedTestTest$AdditionTestWithArray* [line 605];
n$3=*n$2.secondSummand:int(root org.junit.tests.running.classes.ParameterizedTestTest$AdditionTestWithArray) [line 605];
*&amp;$irvar1:long=(long)(n$1 + n$3) [line 605];
EXIT_SCOPE(n$0,n$1,n$2,n$3); [line 605];
</span></span></a> <a href="./nodes/org.junit.tests.running.classes.ParameterizedTestTest%24AdditionTestWithArray.test%28%29%3Avoid.8b3a9a0d1d3511e7f51742816036cef7_node5.html"><span class='visited with_tooltip'>I_5<span class='tooltip'>node5 preds:4 succs:6 exn:3 Instructions
n$4=*&amp;this:org.junit.tests.running.classes.ParameterizedTestTest$AdditionTestWithArray* [line 605];
n$5=*n$4.sum:int(root org.junit.tests.running.classes.ParameterizedTestTest$AdditionTestWithArray) [line 605];
*&amp;$irvar0:long=(long)n$5 [line 605];
NULLIFY(&amp;this); [line 605];
EXIT_SCOPE(n$4,n$5,this); [line 605];
</span></span></a> <a href="./nodes/org.junit.tests.running.classes.ParameterizedTestTest%24AdditionTestWithArray.test%28%29%3Avoid.8b3a9a0d1d3511e7f51742816036cef7_node6.html"><span class='visited with_tooltip'>I_6<span class='tooltip'>node6 preds:5 succs:7 exn:3 Instructions
n$6=*&amp;$irvar0:long [line 605];
n$7=*&amp;$irvar1:long [line 605];
n$8=_fun_void Assert.assertEquals(long,long)(n$6:long,n$7:long) [line 605];
NULLIFY(&amp;$irvar0); [line 605];
NULLIFY(&amp;$irvar1); [line 605];
EXIT_SCOPE(n$6,n$7,n$8,$irvar0,$irvar1); [line 605];
</span></span></a> <a href="./nodes/org.junit.tests.running.classes.ParameterizedTestTest%24AdditionTestWithArray.test%28%29%3Avoid.8b3a9a0d1d3511e7f51742816036cef7_node7.html"><span class='visited with_tooltip'>I_7<span class='tooltip'>node7 preds:6 succs:2 exn:3 Instructions
APPLY_ABSTRACTION; [line 606];
</span></span></a><br />@

<span class='color_black'>void void ParameterizedTestTest$AdditionTestWithArray.test()(org.junit.tests.running.classes.ParameterizedTestTest$AdditionTestWithArray* this)
Analyzed
</span><br />FAILURE:NONE SYMOPS:50
<br />

<hr width="100%">
LIKE DURING FOOTPRINT

<hr width="100%">
INFO DURING FOOTPRINT

<hr width="100%">
ADVICE DURING FOOTPRINT

<hr width="100%">
WARNING DURING FOOTPRINT

<hr width="100%">
ERROR DURING FOOTPRINT

<hr width="100%">
<LISTING>
Biabduction: phase= RE_EXECUTION
--------------------------- 1 of 1 [nvisited:604 605 606] ---------------------------
PRE:
<span class='color_blue'><span class='color_blue'>val$4 != (val$2 + val$3) ;
this = val$1<span class='color_orange'>formal</span>:org.junit.tests.running.classes.ParameterizedTestTest$AdditionTestWithArray*( sub ) ;
this|->{firstSummand:val$2<span class='color_orange'>rearrange:(z)605</span>, secondSummand:val$3<span class='color_orange'>rearrange:605</span>, sum:val$4<span class='color_orange'>rearrange:605</span>}<span class='color_orange'>rearrange:(z)605</span>:org.junit.tests.running.classes.ParameterizedTestTest$AdditionTestWithArray( sub )</span></span>
POST 1 of 1:
<span class='color_blue'><span class='color_blue'>val$4 != (val$2 + val$3)</span>; <span class='color_red'>MEMne &lt; void Assert.assertEquals(long,long):605 &gt; <span class='color_orange'>{vpath: }</span>(val$5)</span> ;
<span class='color_red'>return = EXN val$5<span class='color_orange'>update:605</span>:void</span>; <span class='color_blue'>this = val$1<span class='color_orange'>formal</span>:org.junit.tests.running.classes.ParameterizedTestTest$AdditionTestWithArray*( sub )</span> ;
<span class='color_red'>val$5|->{}<span class='color_orange'>alloc</span>:java.lang.AssertionError</span>; <span class='color_blue'>this|->{firstSummand:val$2<span class='color_orange'>formal(z)</span>, secondSummand:val$3<span class='color_orange'>formal</span>, sum:val$4<span class='color_orange'>formal</span>}<span class='color_orange'>formal(z)</span>:org.junit.tests.running.classes.ParameterizedTestTest$AdditionTestWithArray( sub )</span></span>
----------------------------------------------------------------<br>

RacerD: 
Threads: NoThread, Locks: 0 
Accesses { {elem= Access: Read of this->firstSummand Thread: NoThread Lock: false Pre: OwnedIf
            { 0 }; loc= line 605; trace= { }},
           {elem= Access: Read of this->secondSummand Thread: NoThread Lock: false Pre: OwnedIf
            { 0 }; loc= line 605; trace= { }},
           {elem= Access: Read of this->sum Thread: NoThread Lock: false Pre: OwnedIf
            { 0 }; loc= line 605; trace= { }} } 
Ownership: Unowned 
Return Attribute: Nothing 
Attributes: { } 

Starvation: {thread= UnknownThread; return_attributes= Nothing;
             critical_pairs={ };
             scheduled_work= { };
             attributes= { }}
</LISTING>
<hr />
<pre>
{ proc_name= void ParameterizedTestTest$AdditionTestWithArray.test()
; translation_unit= src/test/java/org/junit/tests/running/classes/ParameterizedTestTest.java
; access= Public
; formals= [(this,
            org.junit.tests.running.classes.ParameterizedTestTest$AdditionTestWithArray*)]
; is_defined= true
; loc= src/test/java/org/junit/tests/running/classes/ParameterizedTestTest.java:604
; locals= [{ name= $irvar1; typ= void; modify_in_block= false; is_declared_unused= false }; 
           { name= $irvar0; typ= void; modify_in_block= false; is_declared_unused= false }]
; method_annotation= <_org.junit.Test> ()
; ret_type= void 
; proc_id= org.junit.tests.running.classes.ParameterizedTestTest$AdditionTestWithArray.test():void }</pre>
</body>
</html>
