<!DOCTYPE HTML PUBLIC "-//W3C//DTD HTML 4.01 Transitional//EN">
<html>
<head>
<title>org.junit.tests.running.classes.ParameterizedTestTest.meaningfulFailureWhenParametersNotPublic():voi.7f609169ab55f359543a10f51fc778d6</title>
<meta http-equiv="Content-Type" content="text/html; charset=utf-8">
<style type="text/css">
body { background-color:#fff; color:#000; font-family:Helvetica, sans-serif; font-size:10pt }
h1 { font-size:14pt }
.code { border-collapse:collapse; width:100%; font-family: "Andale Mono", monospace; font-size:10pt; line-height: 1.2em }
.color_black { color: black }
.color_blue { color: blue }
.color_green { color: green }
.color_orange { color: orange }
.color_red { color: red }
.line { border-left: 3px solid #ccc; padding-left: 1ex; white-space: pre; }
.msg { background-color:#fff8b4; color:#000; float:left; font-family:Helvetica, sans-serif; font-size: smaller; font-weight: bold; margin-bottom:10px; margin-top:10px; max-width:60em; padding:0.5em 1ex 0.5em 1ex; -webkit-border-radius:5px; -webkit-box-shadow:1px 1px 7px #000; white-space: pre-wrap; word-wrap: break-word; }
.num { background-color:#eee; color:#444; font-size: smaller; padding-right:2ex; text-align:right; width:2.5em; }
.dangling { background-color:white; color: gray; }
.visited { background-color:LemonChiffon; color: darkmagenta; }
.tooltip { display: none; background-color:#FFF0F0; border: 2px solid #F00; font-weight: normal; left:10em; padding: 2px; position: absolute; top: -1em; -webkit-border-radius:5px; -webkit-box-shadow:1px 1px 7px #000; z-index: 1}
.with_tooltip { position: relative; }
.with_tooltip:hover .tooltip, .visited:hover .tooltip { display: block; }
</style>
</head>
<body>
<center><h1>Procedure <a href="./../ParameterizedTestTest.java.88da44e98279dfa32c0c7e5c52f053d0.html#LINE540">void ParameterizedTestTest.meaningfulFailureWhenParametersNotPublic()</a></h1></center>
<a href="./nodes/org.junit.tests.running.classes.ParameterizedTestTest.meaningfulFailureWhenParametersNotPublic%28%29%3Avoi.7f609169ab55f359543a10f51fc778d6_node1.html"><span class='visited with_tooltip'>S_1<span class='tooltip'>node1 preds: succs:4 exn:2 Start
</span></span></a> <a href="./nodes/org.junit.tests.running.classes.ParameterizedTestTest.meaningfulFailureWhenParametersNotPublic%28%29%3Avoi.7f609169ab55f359543a10f51fc778d6_node2.html"><span class='visited with_tooltip'>E_2<span class='tooltip'>node2 preds:10 3 succs: exn: Exit
</span></span></a> <a href="./nodes/org.junit.tests.running.classes.ParameterizedTestTest.meaningfulFailureWhenParametersNotPublic%28%29%3Avoi.7f609169ab55f359543a10f51fc778d6_node3.html"><span class='visited with_tooltip'>I_3<span class='tooltip'>node3 preds: succs:2 exn:2 Instructions
NULLIFY(&amp;$irvar3); [line 544];
NULLIFY(&amp;$irvar4); [line 544];
NULLIFY(&amp;$irvar0); [line 544];
NULLIFY(&amp;$irvar1); [line 544];
NULLIFY(&amp;$irvar2); [line 544];
EXIT_SCOPE($irvar3,$irvar4,$irvar0,$irvar1,$irvar2); [line 544];
APPLY_ABSTRACTION; [line 544];
</span></span></a> <a href="./nodes/org.junit.tests.running.classes.ParameterizedTestTest.meaningfulFailureWhenParametersNotPublic%28%29%3Avoi.7f609169ab55f359543a10f51fc778d6_node4.html"><span class='visited with_tooltip'>I_4<span class='tooltip'>node4 preds:1 succs:5 exn:3 Instructions
n$0=_fun___new(sizeof(t=java.lang.StringBuilder):java.lang.StringBuilder*) [line 541];
n$1=_fun_StringBuilder.&lt;init&gt;()(n$0:java.lang.StringBuilder*) [line 541];
*&amp;$irvar0:java.lang.StringBuilder*=n$0 [line 541];
EXIT_SCOPE(n$0,n$1); [line 541];
</span></span></a> <a href="./nodes/org.junit.tests.running.classes.ParameterizedTestTest.meaningfulFailureWhenParametersNotPublic%28%29%3Avoi.7f609169ab55f359543a10f51fc778d6_node5.html"><span class='visited with_tooltip'>I_5<span class='tooltip'>node5 preds:4 succs:6 exn:3 Instructions
n$2=*&amp;$irvar0:java.lang.StringBuilder* [line 541];
_=*n$2:java.lang.StringBuilder*(root java.lang.StringBuilder) [line 541];
n$4=_fun_StringBuilder StringBuilder.append(String)(n$2:java.lang.StringBuilder*,"No public static parameters method on class ":java.lang.Object*) virtual [line 541];
*&amp;$irvar1:java.lang.StringBuilder*=n$4 [line 541];
NULLIFY(&amp;$irvar0); [line 541];
EXIT_SCOPE(_,n$2,n$4,$irvar0); [line 541];
</span></span></a> <a href="./nodes/org.junit.tests.running.classes.ParameterizedTestTest.meaningfulFailureWhenParametersNotPublic%28%29%3Avoi.7f609169ab55f359543a10f51fc778d6_node6.html"><span class='visited with_tooltip'>I_6<span class='tooltip'>node6 preds:5 succs:7 exn:3 Instructions
n$5=_fun_String Class.getName()(org.junit.tests.running.classes.ParameterizedTestTest$ProtectedParametersTest:java.lang.Object*) virtual [line 543];
*&amp;$irvar2:java.lang.String*=n$5 [line 543];
EXIT_SCOPE(n$5); [line 543];
</span></span></a> <a href="./nodes/org.junit.tests.running.classes.ParameterizedTestTest.meaningfulFailureWhenParametersNotPublic%28%29%3Avoi.7f609169ab55f359543a10f51fc778d6_node7.html"><span class='visited with_tooltip'>I_7<span class='tooltip'>node7 preds:6 succs:8 exn:3 Instructions
n$6=*&amp;$irvar1:java.lang.StringBuilder* [line 543];
_=*n$6:java.lang.StringBuilder*(root java.lang.StringBuilder) [line 543];
n$8=*&amp;$irvar2:java.lang.String* [line 543];
n$9=_fun_StringBuilder StringBuilder.append(String)(n$6:java.lang.StringBuilder*,n$8:java.lang.String*) virtual [line 543];
*&amp;$irvar3:java.lang.StringBuilder*=n$9 [line 543];
NULLIFY(&amp;$irvar1); [line 543];
NULLIFY(&amp;$irvar2); [line 543];
EXIT_SCOPE(_,n$6,n$8,n$9,$irvar1,$irvar2); [line 543];
</span></span></a> <a href="./nodes/org.junit.tests.running.classes.ParameterizedTestTest.meaningfulFailureWhenParametersNotPublic%28%29%3Avoi.7f609169ab55f359543a10f51fc778d6_node8.html"><span class='visited with_tooltip'>I_8<span class='tooltip'>node8 preds:7 succs:9 exn:3 Instructions
n$10=*&amp;$irvar3:java.lang.StringBuilder* [line 543];
_=*n$10:java.lang.StringBuilder*(root java.lang.StringBuilder) [line 543];
n$12=_fun_String StringBuilder.toString()(n$10:java.lang.StringBuilder*) virtual [line 543];
*&amp;$irvar4:java.lang.String*=n$12 [line 543];
NULLIFY(&amp;$irvar3); [line 543];
EXIT_SCOPE(_,n$10,n$12,$irvar3); [line 543];
</span></span></a> <a href="./nodes/org.junit.tests.running.classes.ParameterizedTestTest.meaningfulFailureWhenParametersNotPublic%28%29%3Avoi.7f609169ab55f359543a10f51fc778d6_node9.html"><span class='visited with_tooltip'>I_9<span class='tooltip'>node9 preds:8 succs:10 exn:3 Instructions
n$13=*&amp;this:org.junit.tests.running.classes.ParameterizedTestTest* [line 541];
n$14=*&amp;$irvar4:java.lang.String* [line 541];
n$15=_fun_void ParameterizedTestTest.assertTestCreatesSingleFailureWithMessage(Class,String)(n$13:org.junit.tests.running.classes.ParameterizedTestTest*,org.junit.tests.running.classes.ParameterizedTestTest$ProtectedParametersTest:java.lang.Object*,n$14:java.lang.String*) [line 541];
NULLIFY(&amp;$irvar4); [line 541];
NULLIFY(&amp;this); [line 541];
EXIT_SCOPE(n$13,n$14,n$15,$irvar4,this); [line 541];
</span></span></a> <a href="./nodes/org.junit.tests.running.classes.ParameterizedTestTest.meaningfulFailureWhenParametersNotPublic%28%29%3Avoi.7f609169ab55f359543a10f51fc778d6_node10.html"><span class='visited with_tooltip'>I_10<span class='tooltip'>node10 preds:9 succs:2 exn:3 Instructions
APPLY_ABSTRACTION; [line 544];
</span></span></a><br />@

<span class='color_black'>void void ParameterizedTestTest.meaningfulFailureWhenParametersNotPublic()(org.junit.tests.running.classes.ParameterizedTestTest* this)
Analyzed
</span><br />FAILURE:NONE SYMOPS:88
<br />

<hr width="100%">
LIKE DURING FOOTPRINT

<hr width="100%">
INFO DURING FOOTPRINT

<hr width="100%">
ADVICE DURING FOOTPRINT

<hr width="100%">
WARNING DURING FOOTPRINT

<hr width="100%">
ERROR DURING FOOTPRINT

<hr width="100%">
<LISTING>
Biabduction: phase= RE_EXECUTION
--------------------------- 1 of 1 [nvisited:540 541 543 544] ---------------------------
PRE:
<span class='color_blue'><span class='color_blue'>this = val$1<span class='color_orange'>formal</span>:org.junit.tests.running.classes.ParameterizedTestTest*( sub )</span></span>
POST 1 of 1:
<span class='color_blue'><span class='color_red'>MEMne &lt; void ParameterizedTestTest.assertTestCreatesSingleFailureWithMessage(Class,String):541 &gt; <span class='color_orange'>{vpath: }</span>(val$2)</span> ;
<span class='color_red'>return = EXN val$2<span class='color_orange'>update:541</span>:void</span>; <span class='color_blue'>this = val$1<span class='color_orange'>formal</span>:org.junit.tests.running.classes.ParameterizedTestTest*( sub )</span> ;
<span class='color_red'>val$2|->{}<span class='color_orange'>alloc</span>:java.lang.AssertionError</span></span>
----------------------------------------------------------------<br>

RacerD: 
Threads: NoThread, Locks: 0 
Accesses { {elem= Access: Read of model.TestClass.FIELD_COMPARATOR Thread: NoThread Lock: false Pre: Unowned;
            loc= line 78;
            trace= { void ParameterizedTestTest.assertTestCreatesSingleFailureWithMessage(Class,String) at line 541,
                     Result JUnitCore.runClasses(Class[]) at line 735,
                     Result JUnitCore.runClasses(Computer,Class[]) at line 53,
                     Result JUnitCore.run(Computer,Class[]) at line 66,
                     Request Request.classes(Computer,Class[]) at line 109,
                     Runner Computer.getSuite(RunnerBuilder,Class[]) at line 77,
                     Computer$2.<init>(Computer,RunnerBuilder,Class[]) at line 28,
                     Suite.<init>(RunnerBuilder,Class[]) at line 33,
                     Suite.<init>(Class,List) at line 81,
                     ParentRunner.<init>(Class) at line 112,
                     TestClass ParentRunner.createTestClass(Class) at line 91,
                     TestClass.<init>(Class) at line 111,
                     void TestClass.scanAnnotatedMembers(Map,Map) at line 57,
                     Field[] TestClass.getSortedDeclaredFields(Class) at line 70 }},
           {elem= Access: Read of lang.Void.TYPE Thread: NoThread Lock: false Pre: Unowned;
            loc= line 107;
            trace= { void ParameterizedTestTest.assertTestCreatesSingleFailureWithMessage(Class,String) at line 541,
                     Result JUnitCore.runClasses(Class[]) at line 735,
                     Result JUnitCore.runClasses(Computer,Class[]) at line 53,
                     Result JUnitCore.run(Computer,Class[]) at line 66,
                     Request Request.classes(Computer,Class[]) at line 109,
                     Runner Computer.getSuite(RunnerBuilder,Class[]) at line 77,
                     Computer$2.<init>(Computer,RunnerBuilder,Class[]) at line 28,
                     Suite.<init>(RunnerBuilder,Class[]) at line 33,
                     Suite.<init>(Class,List) at line 81,
                     ParentRunner.<init>(Class) at line 112,
                     void ParentRunner.validate() at line 92,
                     void ParentRunner.collectInitializationErrors(List) at line 523,
                     void ParentRunner.validatePublicVoidNoArgMethods(Class,boolean,List) at line 148,
                     void FrameworkMethod.validatePublicVoidNoArg(boolean,List) at line 178,
                     void FrameworkMethod.validatePublicVoid(boolean,List) at line 83 }},
           {elem= Access: Read of runners.ParentRunner.VALIDATORS Thread: NoThread Lock: false Pre: Unowned;
            loc= line 156;
            trace= { void ParameterizedTestTest.assertTestCreatesSingleFailureWithMessage(Class,String) at line 541,
                     Result JUnitCore.runClasses(Class[]) at line 735,
                     Result JUnitCore.runClasses(Computer,Class[]) at line 53,
                     Result JUnitCore.run(Computer,Class[]) at line 66,
                     Request Request.classes(Computer,Class[]) at line 109,
                     Runner Computer.getSuite(RunnerBuilder,Class[]) at line 77,
                     Computer$2.<init>(Computer,RunnerBuilder,Class[]) at line 28,
                     Suite.<init>(RunnerBuilder,Class[]) at line 33,
                     Suite.<init>(Class,List) at line 81,
                     ParentRunner.<init>(Class) at line 112,
                     void ParentRunner.validate() at line 92,
                     void ParentRunner.collectInitializationErrors(List) at line 523,
                     void ParentRunner.applyValidators(List) at line 151 }},
           {elem= Access: Read of internal.MethodSorter.DEFAULT Thread: NoThread Lock: false Pre: Unowned;
            loc= line 67;
            trace= { void ParameterizedTestTest.assertTestCreatesSingleFailureWithMessage(Class,String) at line 541,
                     Result JUnitCore.runClasses(Class[]) at line 735,
                     Result JUnitCore.runClasses(Computer,Class[]) at line 53,
                     Result JUnitCore.run(Computer,Class[]) at line 66,
                     Request Request.classes(Computer,Class[]) at line 109,
                     Runner Computer.getSuite(RunnerBuilder,Class[]) at line 77,
                     Computer$2.<init>(Computer,RunnerBuilder,Class[]) at line 28,
                     Suite.<init>(RunnerBuilder,Class[]) at line 33,
                     Suite.<init>(Class,List) at line 81,
                     ParentRunner.<init>(Class) at line 112,
                     TestClass ParentRunner.createTestClass(Class) at line 91,
                     TestClass.<init>(Class) at line 111,
                     void TestClass.scanAnnotatedMembers(Map,Map) at line 57,
                     Method[] MethodSorter.getDeclaredMethods(Class) at line 65,
                     Comparator MethodSorter.getSorter(FixMethodOrder) at line 52 }},
           {elem= Access: Read of rules.RuleMemberValidator.CLASS_RULE_METHOD_VALIDATOR Thread: NoThread Lock: false Pre: Unowned;
            loc= line 184;
            trace= { void ParameterizedTestTest.assertTestCreatesSingleFailureWithMessage(Class,String) at line 541,
                     Result JUnitCore.runClasses(Class[]) at line 735,
                     Result JUnitCore.runClasses(Computer,Class[]) at line 53,
                     Result JUnitCore.run(Computer,Class[]) at line 66,
                     Request Request.classes(Computer,Class[]) at line 109,
                     Runner Computer.getSuite(RunnerBuilder,Class[]) at line 77,
                     Computer$2.<init>(Computer,RunnerBuilder,Class[]) at line 28,
                     Suite.<init>(RunnerBuilder,Class[]) at line 33,
                     Suite.<init>(Class,List) at line 81,
                     ParentRunner.<init>(Class) at line 112,
                     void ParentRunner.validate() at line 92,
                     void ParentRunner.collectInitializationErrors(List) at line 523,
                     void ParentRunner.validateClassRules(List) at line 150 }},
           {elem= Access: Read of rules.RuleMemberValidator.CLASS_RULE_VALIDATOR Thread: NoThread Lock: false Pre: Unowned;
            loc= line 183;
            trace= { void ParameterizedTestTest.assertTestCreatesSingleFailureWithMessage(Class,String) at line 541,
                     Result JUnitCore.runClasses(Class[]) at line 735,
                     Result JUnitCore.runClasses(Computer,Class[]) at line 53,
                     Result JUnitCore.run(Computer,Class[]) at line 66,
                     Request Request.classes(Computer,Class[]) at line 109,
                     Runner Computer.getSuite(RunnerBuilder,Class[]) at line 77,
                     Computer$2.<init>(Computer,RunnerBuilder,Class[]) at line 28,
                     Suite.<init>(RunnerBuilder,Class[]) at line 33,
                     Suite.<init>(Class,List) at line 81,
                     ParentRunner.<init>(Class) at line 112,
                     void ParentRunner.validate() at line 92,
                     void ParentRunner.collectInitializationErrors(List) at line 523,
                     void ParentRunner.validateClassRules(List) at line 150 }},
           {elem= Access: Read of rules.RuleMemberValidator.CLASS_RULE_METHOD_VALIDATOR->annotation Thread: NoThread Lock: false Pre: Unowned;
            loc= line 89;
            trace= { void ParameterizedTestTest.assertTestCreatesSingleFailureWithMessage(Class,String) at line 541,
                     Result JUnitCore.runClasses(Class[]) at line 735,
                     Result JUnitCore.runClasses(Computer,Class[]) at line 53,
                     Result JUnitCore.run(Computer,Class[]) at line 66,
                     Request Request.classes(Computer,Class[]) at line 109,
                     Runner Computer.getSuite(RunnerBuilder,Class[]) at line 77,
                     Computer$2.<init>(Computer,RunnerBuilder,Class[]) at line 28,
                     Suite.<init>(RunnerBuilder,Class[]) at line 33,
                     Suite.<init>(Class,List) at line 81,
                     ParentRunner.<init>(Class) at line 112,
                     void ParentRunner.validate() at line 92,
                     void ParentRunner.collectInitializationErrors(List) at line 523,
                     void ParentRunner.validateClassRules(List) at line 150,
                     void RuleMemberValidator.validate(TestClass,List) at line 184 }},
           {elem= Access: Read of rules.RuleMemberValidator.CLASS_RULE_METHOD_VALIDATOR->methods Thread: NoThread Lock: false Pre: Unowned;
            loc= line 89;
            trace= { void ParameterizedTestTest.assertTestCreatesSingleFailureWithMessage(Class,String) at line 541,
                     Result JUnitCore.runClasses(Class[]) at line 735,
                     Result JUnitCore.runClasses(Computer,Class[]) at line 53,
                     Result JUnitCore.run(Computer,Class[]) at line 66,
                     Request Request.classes(Computer,Class[]) at line 109,
                     Runner Computer.getSuite(RunnerBuilder,Class[]) at line 77,
                     Computer$2.<init>(Computer,RunnerBuilder,Class[]) at line 28,
                     Suite.<init>(RunnerBuilder,Class[]) at line 33,
                     Suite.<init>(Class,List) at line 81,
                     ParentRunner.<init>(Class) at line 112,
                     void ParentRunner.validate() at line 92,
                     void ParentRunner.collectInitializationErrors(List) at line 523,
                     void ParentRunner.validateClassRules(List) at line 150,
                     void RuleMemberValidator.validate(TestClass,List) at line 184 }},
           {elem= Access: Read of rules.RuleMemberValidator.CLASS_RULE_METHOD_VALIDATOR->validatorStrategies Thread: NoThread Lock: false Pre: Unowned;
            loc= line 98;
            trace= { void ParameterizedTestTest.assertTestCreatesSingleFailureWithMessage(Class,String) at line 541,
                     Result JUnitCore.runClasses(Class[]) at line 735,
                     Result JUnitCore.runClasses(Computer,Class[]) at line 53,
                     Result JUnitCore.run(Computer,Class[]) at line 66,
                     Request Request.classes(Computer,Class[]) at line 109,
                     Runner Computer.getSuite(RunnerBuilder,Class[]) at line 77,
                     Computer$2.<init>(Computer,RunnerBuilder,Class[]) at line 28,
                     Suite.<init>(RunnerBuilder,Class[]) at line 33,
                     Suite.<init>(Class,List) at line 81,
                     ParentRunner.<init>(Class) at line 112,
                     void ParentRunner.validate() at line 92,
                     void ParentRunner.collectInitializationErrors(List) at line 523,
                     void ParentRunner.validateClassRules(List) at line 150,
                     void RuleMemberValidator.validate(TestClass,List) at line 184,
                     void RuleMemberValidator.validateMember(FrameworkMember,List) at line 93 }},
           {elem= Access: Read of rules.RuleMemberValidator.CLASS_RULE_VALIDATOR->annotation Thread: NoThread Lock: false Pre: Unowned;
            loc= line 89;
            trace= { void ParameterizedTestTest.assertTestCreatesSingleFailureWithMessage(Class,String) at line 541,
                     Result JUnitCore.runClasses(Class[]) at line 735,
                     Result JUnitCore.runClasses(Computer,Class[]) at line 53,
                     Result JUnitCore.run(Computer,Class[]) at line 66,
                     Request Request.classes(Computer,Class[]) at line 109,
                     Runner Computer.getSuite(RunnerBuilder,Class[]) at line 77,
                     Computer$2.<init>(Computer,RunnerBuilder,Class[]) at line 28,
                     Suite.<init>(RunnerBuilder,Class[]) at line 33,
                     Suite.<init>(Class,List) at line 81,
                     ParentRunner.<init>(Class) at line 112,
                     void ParentRunner.validate() at line 92,
                     void ParentRunner.collectInitializationErrors(List) at line 523,
                     void ParentRunner.validateClassRules(List) at line 150,
                     void RuleMemberValidator.validate(TestClass,List) at line 183 }},
           {elem= Access: Read of rules.RuleMemberValidator.CLASS_RULE_VALIDATOR->methods Thread: NoThread Lock: false Pre: Unowned;
            loc= line 89;
            trace= { void ParameterizedTestTest.assertTestCreatesSingleFailureWithMessage(Class,String) at line 541,
                     Result JUnitCore.runClasses(Class[]) at line 735,
                     Result JUnitCore.runClasses(Computer,Class[]) at line 53,
                     Result JUnitCore.run(Computer,Class[]) at line 66,
                     Request Request.classes(Computer,Class[]) at line 109,
                     Runner Computer.getSuite(RunnerBuilder,Class[]) at line 77,
                     Computer$2.<init>(Computer,RunnerBuilder,Class[]) at line 28,
                     Suite.<init>(RunnerBuilder,Class[]) at line 33,
                     Suite.<init>(Class,List) at line 81,
                     ParentRunner.<init>(Class) at line 112,
                     void ParentRunner.validate() at line 92,
                     void ParentRunner.collectInitializationErrors(List) at line 523,
                     void ParentRunner.validateClassRules(List) at line 150,
                     void RuleMemberValidator.validate(TestClass,List) at line 183 }},
           {elem= Access: Read of rules.RuleMemberValidator.CLASS_RULE_VALIDATOR->validatorStrategies Thread: NoThread Lock: false Pre: Unowned;
            loc= line 98;
            trace= { void ParameterizedTestTest.assertTestCreatesSingleFailureWithMessage(Class,String) at line 541,
                     Result JUnitCore.runClasses(Class[]) at line 735,
                     Result JUnitCore.runClasses(Computer,Class[]) at line 53,
                     Result JUnitCore.run(Computer,Class[]) at line 66,
                     Request Request.classes(Computer,Class[]) at line 109,
                     Runner Computer.getSuite(RunnerBuilder,Class[]) at line 77,
                     Computer$2.<init>(Computer,RunnerBuilder,Class[]) at line 28,
                     Suite.<init>(RunnerBuilder,Class[]) at line 33,
                     Suite.<init>(Class,List) at line 81,
                     ParentRunner.<init>(Class) at line 112,
                     void ParentRunner.validate() at line 92,
                     void ParentRunner.collectInitializationErrors(List) at line 523,
                     void ParentRunner.validateClassRules(List) at line 150,
                     void RuleMemberValidator.validate(TestClass,List) at line 183,
                     void RuleMemberValidator.validateMember(FrameworkMember,List) at line 93 }} } 
Ownership: Unowned 
Return Attribute: Nothing 
Attributes: { } 

Starvation: {thread= UnknownThread; return_attributes= Nothing;
             critical_pairs={ };
             scheduled_work= { };
             attributes= { }}
</LISTING>
<hr />
<pre>
{ proc_name= void ParameterizedTestTest.meaningfulFailureWhenParametersNotPublic()
; translation_unit= src/test/java/org/junit/tests/running/classes/ParameterizedTestTest.java
; access= Public
; formals= [(this,org.junit.tests.running.classes.ParameterizedTestTest*)]
; is_defined= true
; loc= src/test/java/org/junit/tests/running/classes/ParameterizedTestTest.java:540
; locals= [{ name= $irvar4; typ= void; modify_in_block= false; is_declared_unused= false }; 
           { name= $irvar3; typ= void; modify_in_block= false; is_declared_unused= false }; 
           { name= $irvar2; typ= void; modify_in_block= false; is_declared_unused= false }; 
           { name= $irvar1; typ= void; modify_in_block= false; is_declared_unused= false }; 
           { name= $irvar0; typ= void; modify_in_block= false; is_declared_unused= false }]
; method_annotation= <_org.junit.Test> ()
; ret_type= void 
; proc_id= org.junit.tests.running.classes.ParameterizedTestTest.meaningfulFailureWhenParametersNotPublic():void }</pre>
</body>
</html>
