<!DOCTYPE HTML PUBLIC "-//W3C//DTD HTML 4.01 Transitional//EN">
<html>
<head>
<title>org.junit.tests.experimental.theories.internal.ParameterizedAssertionErrorTest.<clinit>():void.26445afa01c33618c03e420a4e31b0d3_node1</title>
<meta http-equiv="Content-Type" content="text/html; charset=utf-8">
<style type="text/css">
body { background-color:#fff; color:#000; font-family:Helvetica, sans-serif; font-size:10pt }
h1 { font-size:14pt }
.code { border-collapse:collapse; width:100%; font-family: "Andale Mono", monospace; font-size:10pt; line-height: 1.2em }
.color_black { color: black }
.color_blue { color: blue }
.color_green { color: green }
.color_orange { color: orange }
.color_red { color: red }
.line { border-left: 3px solid #ccc; padding-left: 1ex; white-space: pre; }
.msg { background-color:#fff8b4; color:#000; float:left; font-family:Helvetica, sans-serif; font-size: smaller; font-weight: bold; margin-bottom:10px; margin-top:10px; max-width:60em; padding:0.5em 1ex 0.5em 1ex; -webkit-border-radius:5px; -webkit-box-shadow:1px 1px 7px #000; white-space: pre-wrap; word-wrap: break-word; }
.num { background-color:#eee; color:#444; font-size: smaller; padding-right:2ex; text-align:right; width:2.5em; }
.dangling { background-color:white; color: gray; }
.visited { background-color:LemonChiffon; color: darkmagenta; }
.tooltip { display: none; background-color:#FFF0F0; border: 2px solid #F00; font-weight: normal; left:10em; padding: 2px; position: absolute; top: -1em; -webkit-border-radius:5px; -webkit-box-shadow:1px 1px 7px #000; z-index: 1}
.with_tooltip { position: relative; }
.with_tooltip:hover .tooltip, .visited:hover .tooltip { display: block; }
</style>
</head>
<body>
<center><h1>Cfg Node <a href="./../../ParameterizedAssertionErrorTest.java.cdb2860bac90291201e150a2c95f6e60.html#LINE23">1</a></h1></center>PROC: <a href="./../org.junit.tests.experimental.theories.internal.ParameterizedAssertionErrorTest.<clinit>%28%29%3Avoid.26445afa01c33618c03e420a4e31b0d3.html">void ParameterizedAssertionErrorTest.&lt;clinit&gt;()</a> LINE: <a href="./../../ParameterizedAssertionErrorTest.java.cdb2860bac90291201e150a2c95f6e60.html#LINE23">23</a>
<br>PREDS:
<br>SUCCS:
<a href="./../nodes/org.junit.tests.experimental.theories.internal.ParameterizedAssertionErrorTest.<clinit>%28%29%3Avoid.26445afa01c33618c03e420a4e31b0d3_node4.html"><span class='visited with_tooltip'>N_4<span class='tooltip'>node4 preds:1 succs:5 exn:3 </span></span></a><br>EXN:
<a href="./../nodes/org.junit.tests.experimental.theories.internal.ParameterizedAssertionErrorTest.<clinit>%28%29%3Avoid.26445afa01c33618c03e420a4e31b0d3_node2.html"><span class='visited with_tooltip'>N_2<span class='tooltip'>node2 preds:17 3 succs: exn: </span></span></a><br>
<LISTING class='color_green'></LISTING>
<hr width="100%">
<a name="session32" href="./../nodes/org.junit.tests.experimental.theories.internal.ParameterizedAssertionErrorTest.<clinit>%28%29%3Avoid.26445afa01c33618c03e420a4e31b0d3_node1.html#session32">node1#session32</a>(<a href="./../../ParameterizedAssertionErrorTest.java.cdb2860bac90291201e150a2c95f6e60.html#LINE23">23</a>) [compute pre] liveness 1
<LISTING class='color_black'>JOIN

LEFT:   normal:{ internal.ParameterizedAssertionErrorTest }, exn:{ }
RIGHT:  normal:{ }, exn:{ }
RESULT: normal:{ internal.ParameterizedAssertionErrorTest }, exn:{ }

</LISTING>
<hr width="100%">
<a name="session33" href="./../nodes/org.junit.tests.experimental.theories.internal.ParameterizedAssertionErrorTest.<clinit>%28%29%3Avoid.26445afa01c33618c03e420a4e31b0d3_node1.html#session33">node1#session33</a>(<a href="./../../ParameterizedAssertionErrorTest.java.cdb2860bac90291201e150a2c95f6e60.html#LINE23">23</a>) [exec] liveness 1
<LISTING class='color_black'>PRE STATE:
normal:{ internal.ParameterizedAssertionErrorTest }, exn:{ }

INSTR=  SKIP; 

STATE UNCHANGED

</LISTING>
<hr width="100%">
<a name="session34" href="./../nodes/org.junit.tests.experimental.theories.internal.ParameterizedAssertionErrorTest.<clinit>%28%29%3Avoid.26445afa01c33618c03e420a4e31b0d3_node1.html#session34">node1#session34</a>(<a href="./../../ParameterizedAssertionErrorTest.java.cdb2860bac90291201e150a2c95f6e60.html#LINE23">23</a>) [exec] nullify
<LISTING class='color_black'>PRE STATE:
(normal:{ }, exn:{ },normal:{ }, exn:{ })

INSTR=  SKIP; 

STATE:
(normal:{ }, exn:{ },normal:{ }, exn:{ })

</LISTING>
<hr width="100%">
<a name="session67" href="./../nodes/org.junit.tests.experimental.theories.internal.ParameterizedAssertionErrorTest.<clinit>%28%29%3Avoid.26445afa01c33618c03e420a4e31b0d3_node1.html#session67">node1#session67</a>(<a href="./../../ParameterizedAssertionErrorTest.java.cdb2860bac90291201e150a2c95f6e60.html#LINE23">23</a>) [exec] devirtualizer analysis 1
<LISTING class='color_black'>PRE STATE:
{ }

INSTR=  SKIP; 

STATE UNCHANGED

</LISTING>
<hr width="100%">
<a name="session1" href="./../nodes/org.junit.tests.experimental.theories.internal.ParameterizedAssertionErrorTest.<clinit>%28%29%3Avoid.26445afa01c33618c03e420a4e31b0d3_node1.html#session1">node1#session1</a>(<a href="./../../ParameterizedAssertionErrorTest.java.cdb2860bac90291201e150a2c95f6e60.html#LINE23">23</a>) [exec] starvation
<LISTING class='color_black'>PRE STATE:
{guard_map= { }; lock_state= {map= { }; acquisitions= { }};
 critical_pairs= { }; attributes= { }; thread= UnknownThread;
 scheduled_work= { }; var_state= { }}

INSTR=  SKIP; 

STATE UNCHANGED

</LISTING>
<hr width="100%">
<a name="session32" href="./../nodes/org.junit.tests.experimental.theories.internal.ParameterizedAssertionErrorTest.<clinit>%28%29%3Avoid.26445afa01c33618c03e420a4e31b0d3_node1.html#session32">node1#session32</a>(<a href="./../../ParameterizedAssertionErrorTest.java.cdb2860bac90291201e150a2c95f6e60.html#LINE23">23</a>) [exec] racerd
<LISTING class='color_black'>PRE STATE:
Threads: NoThread, Locks: 0 
Accesses { } 
Ownership: { } 
Attributes: { } 


INSTR=  SKIP; 

STATE UNCHANGED

</LISTING>
<hr width="100%">
<a name="session63" href="./../nodes/org.junit.tests.experimental.theories.internal.ParameterizedAssertionErrorTest.<clinit>%28%29%3Avoid.26445afa01c33618c03e420a4e31b0d3_node1.html#session63">node1#session63</a>(<a href="./../../ParameterizedAssertionErrorTest.java.cdb2860bac90291201e150a2c95f6e60.html#LINE23">23</a>) biabduction
<LISTING class='color_black'>**** [FP:Pending] void ParameterizedAssertionErrorTest.<clinit>() Node: 1, Procedure: void ParameterizedAssertionErrorTest.<clinit>(), Todo: 1 ****
  PROP 1 of 1:
  <span class='color_blue'><span class='color_red'>$irvar3 = _t$8<span class='color_orange'>initial</span>:void</span>; <span class='color_red'>$irvar5 = _t$7<span class='color_orange'>initial</span>:void</span>; <span class='color_red'>$irvar4 = _t$6<span class='color_orange'>initial</span>:void</span>; <span class='color_red'>$irvar7 = _t$5<span class='color_orange'>initial</span>:void</span>; <span class='color_red'>$irvar6 = _t$4<span class='color_orange'>initial</span>:void</span>; <span class='color_red'>$irvar0 = _t$3<span class='color_orange'>initial</span>:void</span>; <span class='color_red'>return = _t$2<span class='color_orange'>initial</span>:void</span>; <span class='color_red'>$irvar1 = _t$1<span class='color_orange'>initial</span>:void</span>; <span class='color_red'>$irvar2 = _t$0<span class='color_orange'>initial</span>:void</span></span>
  .... Instructions: ....
  <span class='color_green'></span>
  
  Processing prop 1/1
    .... After Symbolic Execution ....
    PROP 1 of 1:
    <span class='color_blue'><span class='color_blue'>$irvar3 = _t$8<span class='color_orange'>initial</span>:void</span>; <span class='color_blue'>$irvar5 = _t$7<span class='color_orange'>initial</span>:void</span>; <span class='color_blue'>$irvar4 = _t$6<span class='color_orange'>initial</span>:void</span>; <span class='color_blue'>$irvar7 = _t$5<span class='color_orange'>initial</span>:void</span>; <span class='color_blue'>$irvar6 = _t$4<span class='color_orange'>initial</span>:void</span>; <span class='color_blue'>$irvar0 = _t$3<span class='color_orange'>initial</span>:void</span>; <span class='color_blue'>return = _t$2<span class='color_orange'>initial</span>:void</span>; <span class='color_blue'>$irvar1 = _t$1<span class='color_orange'>initial</span>:void</span>; <span class='color_blue'>$irvar2 = _t$0<span class='color_orange'>initial</span>:void</span></span>
    
    
    
  </LISTING>
<hr width="100%">
<a name="session79" href="./../nodes/org.junit.tests.experimental.theories.internal.ParameterizedAssertionErrorTest.<clinit>%28%29%3Avoid.26445afa01c33618c03e420a4e31b0d3_node1.html#session79">node1#session79</a>(<a href="./../../ParameterizedAssertionErrorTest.java.cdb2860bac90291201e150a2c95f6e60.html#LINE23">23</a>) biabduction
<LISTING class='color_black'>#### Extracted footprint  ####
  PROP 1 of 1:
  <span class='color_blue'><span class='color_red'>#GB<>$org.junit.tests.experimental.theories.internal.ParameterizedAssertionErrorTest = {A:_t$0<span class='color_orange'>rearrange:29</span>, B:_t$1<span class='color_orange'>rearrange:33</span>, B2:_t$2<span class='color_orange'>rearrange:37</span>, NO_OBJECTS:_t$3<span class='color_orange'>rearrange:26</span>, NULL_POINTER_EXCEPTION:_t$4<span class='color_orange'>rearrange:23</span>}<span class='color_orange'>rearrange:23</span>:org.junit.tests.experimental.theories.internal.ParameterizedAssertionErrorTest( sub )</span></span>
  

Prover.check_inconsistency_base: inconsistency reason [None]
Prover.check_inconsistency_base: inconsistency reason [None]
Can't find field A in StrexpMatch.find
Can't find field B in StrexpMatch.find
Can't find field B2 in StrexpMatch.find
Can't find field NO_OBJECTS in StrexpMatch.find
Can't find field NULL_POINTER_EXCEPTION in StrexpMatch.find
#### Footprint after Meet  ####
  PROP 1 of 1:
  <span class='color_blue'><span class='color_red'>#GB<>$org.junit.tests.experimental.theories.internal.ParameterizedAssertionErrorTest = {A:_t$0<span class='color_orange'>rearrange:29</span>, B:_t$1<span class='color_orange'>rearrange:33</span>, B2:_t$2<span class='color_orange'>rearrange:37</span>, NO_OBJECTS:_t$3<span class='color_orange'>rearrange:26</span>, NULL_POINTER_EXCEPTION:_t$4<span class='color_orange'>rearrange:23</span>}<span class='color_orange'>rearrange:23</span>:org.junit.tests.experimental.theories.internal.ParameterizedAssertionErrorTest( sub )</span></span>
  

  
#### Footprint after Join  ####
  PROP 1:
  <span class='color_blue'>#GB<>$org.junit.tests.experimental.theories.internal.ParameterizedAssertionErrorTest = {A:_t$0<span class='color_orange'>rearrange:29</span>, B:_t$1<span class='color_orange'>rearrange:33</span>, B2:_t$2<span class='color_orange'>rearrange:37</span>, NO_OBJECTS:_t$3<span class='color_orange'>rearrange:26</span>, NULL_POINTER_EXCEPTION:_t$4<span class='color_orange'>rearrange:23</span>}<span class='color_orange'>rearrange:23</span>:org.junit.tests.experimental.theories.internal.ParameterizedAssertionErrorTest( sub )</span>
#### Renamed footprint ####
  PROP 1:
  <span class='color_blue'>#GB<>$org.junit.tests.experimental.theories.internal.ParameterizedAssertionErrorTest = {A:_t$0<span class='color_orange'>rearrange:29</span>, B:_t$1<span class='color_orange'>rearrange:33</span>, B2:_t$2<span class='color_orange'>rearrange:37</span>, NO_OBJECTS:_t$3<span class='color_orange'>rearrange:26</span>, NULL_POINTER_EXCEPTION:_t$4<span class='color_orange'>rearrange:23</span>}<span class='color_orange'>rearrange:23</span>:org.junit.tests.experimental.theories.internal.ParameterizedAssertionErrorTest( sub )</span>
Can't find field A in StrexpMatch.find
Can't find field B in StrexpMatch.find
Can't find field B2 in StrexpMatch.find
Can't find field NO_OBJECTS in StrexpMatch.find
Can't find field NULL_POINTER_EXCEPTION in StrexpMatch.find
#### Abstracted footprint ####
  PROP 1:
  <span class='color_blue'>#GB<>$org.junit.tests.experimental.theories.internal.ParameterizedAssertionErrorTest = {A:n$350<span class='color_orange'>rearrange:29</span>, B:n$351<span class='color_orange'>rearrange:33</span>, B2:n$352<span class='color_orange'>rearrange:37</span>, NO_OBJECTS:n$353<span class='color_orange'>rearrange:26</span>, NULL_POINTER_EXCEPTION:n$354<span class='color_orange'>rearrange:23</span>}<span class='color_orange'>rearrange:23</span>:org.junit.tests.experimental.theories.internal.ParameterizedAssertionErrorTest( sub )</span>
</LISTING>
<hr width="100%">
<a name="session80" href="./../nodes/org.junit.tests.experimental.theories.internal.ParameterizedAssertionErrorTest.<clinit>%28%29%3Avoid.26445afa01c33618c03e420a4e31b0d3_node1.html#session80">node1#session80</a>(<a href="./../../ParameterizedAssertionErrorTest.java.cdb2860bac90291201e150a2c95f6e60.html#LINE23">23</a>) biabduction
<LISTING class='color_black'>#### Start: RE-execution for void ParameterizedAssertionErrorTest.<clinit>() ####
  Precond:
<span class='color_blue'>#GB<>$org.junit.tests.experimental.theories.internal.ParameterizedAssertionErrorTest = {A:val$1<span class='color_orange'>rearrange:29</span>, B:val$2<span class='color_orange'>rearrange:33</span>, B2:val$3<span class='color_orange'>rearrange:37</span>, NO_OBJECTS:val$4<span class='color_orange'>rearrange:26</span>, NULL_POINTER_EXCEPTION:val$5<span class='color_orange'>rearrange:23</span>}<span class='color_orange'>rearrange:23</span>:org.junit.tests.experimental.theories.internal.ParameterizedAssertionErrorTest( sub )</span>

</LISTING>
<hr width="100%">
<a name="session81" href="./../nodes/org.junit.tests.experimental.theories.internal.ParameterizedAssertionErrorTest.<clinit>%28%29%3Avoid.26445afa01c33618c03e420a4e31b0d3_node1.html#session81">node1#session81</a>(<a href="./../../ParameterizedAssertionErrorTest.java.cdb2860bac90291201e150a2c95f6e60.html#LINE23">23</a>) biabduction
<LISTING class='color_black'>**** [RE:Pending] void ParameterizedAssertionErrorTest.<clinit>() Node: 1, Procedure: void ParameterizedAssertionErrorTest.<clinit>(), Todo: 1 ****
  PROP 1 of 1:
  <span class='color_blue'><span class='color_red'>$irvar3 = _t$8<span class='color_orange'>initial</span>:void</span>; <span class='color_red'>$irvar5 = _t$7<span class='color_orange'>initial</span>:void</span>; <span class='color_red'>$irvar4 = _t$6<span class='color_orange'>initial</span>:void</span>; <span class='color_red'>$irvar7 = _t$5<span class='color_orange'>initial</span>:void</span>; <span class='color_red'>$irvar6 = _t$4<span class='color_orange'>initial</span>:void</span>; <span class='color_red'>$irvar0 = _t$3<span class='color_orange'>initial</span>:void</span>; <span class='color_red'>return = _t$2<span class='color_orange'>initial</span>:void</span>; <span class='color_red'>$irvar1 = _t$1<span class='color_orange'>initial</span>:void</span>; <span class='color_red'>#GB<>$org.junit.tests.experimental.theories.internal.ParameterizedAssertionErrorTest = {A:val$1<span class='color_orange'>formal</span>, B:val$2<span class='color_orange'>formal</span>, B2:val$3<span class='color_orange'>formal</span>, NO_OBJECTS:val$4<span class='color_orange'>formal</span>, NULL_POINTER_EXCEPTION:val$5<span class='color_orange'>formal</span>}<span class='color_orange'>formal</span>:org.junit.tests.experimental.theories.internal.ParameterizedAssertionErrorTest( sub )</span>; <span class='color_red'>old_org.junit.tests.experimental.theories.internal.ParameterizedAssertionErrorTest = {A:val$1<span class='color_orange'>formal</span>, B:val$2<span class='color_orange'>formal</span>, B2:val$3<span class='color_orange'>formal</span>, NO_OBJECTS:val$4<span class='color_orange'>formal</span>, NULL_POINTER_EXCEPTION:val$5<span class='color_orange'>formal</span>}<span class='color_orange'>formal</span>:org.junit.tests.experimental.theories.internal.ParameterizedAssertionErrorTest( sub )</span>; <span class='color_red'>$irvar2 = _t$0<span class='color_orange'>initial</span>:void</span></span>
  .... Instructions: ....
  <span class='color_green'></span>
  
  Processing prop 1/1
    .... After Symbolic Execution ....
    PROP 1 of 1:
    <span class='color_blue'><span class='color_blue'>$irvar3 = <span class='color_red'>_t$8<span class='color_orange'>initial</span></span>:void</span>; <span class='color_blue'>$irvar5 = <span class='color_red'>_t$7<span class='color_orange'>initial</span></span>:void</span>; <span class='color_blue'>$irvar4 = <span class='color_red'>_t$6<span class='color_orange'>initial</span></span>:void</span>; <span class='color_blue'>$irvar7 = <span class='color_red'>_t$5<span class='color_orange'>initial</span></span>:void</span>; <span class='color_blue'>$irvar6 = <span class='color_red'>_t$4<span class='color_orange'>initial</span></span>:void</span>; <span class='color_blue'>$irvar0 = <span class='color_red'>_t$3<span class='color_orange'>initial</span></span>:void</span>; <span class='color_blue'>return = <span class='color_red'>_t$2<span class='color_orange'>initial</span></span>:void</span>; <span class='color_blue'>$irvar1 = <span class='color_red'>_t$1<span class='color_orange'>initial</span></span>:void</span>; <span class='color_blue'>#GB<>$org.junit.tests.experimental.theories.internal.ParameterizedAssertionErrorTest = {A:val$1<span class='color_orange'>formal</span>, B:val$2<span class='color_orange'>formal</span>, B2:val$3<span class='color_orange'>formal</span>, NO_OBJECTS:val$4<span class='color_orange'>formal</span>, NULL_POINTER_EXCEPTION:val$5<span class='color_orange'>formal</span>}<span class='color_orange'>formal</span>:org.junit.tests.experimental.theories.internal.ParameterizedAssertionErrorTest( sub )</span>; <span class='color_blue'>old_org.junit.tests.experimental.theories.internal.ParameterizedAssertionErrorTest = {A:val$1<span class='color_orange'>formal</span>, B:val$2<span class='color_orange'>formal</span>, B2:val$3<span class='color_orange'>formal</span>, NO_OBJECTS:val$4<span class='color_orange'>formal</span>, NULL_POINTER_EXCEPTION:val$5<span class='color_orange'>formal</span>}<span class='color_orange'>formal</span>:org.junit.tests.experimental.theories.internal.ParameterizedAssertionErrorTest( sub )</span>; <span class='color_blue'>$irvar2 = <span class='color_red'>_t$0<span class='color_orange'>initial</span></span>:void</span></span>
    
    
    
  </LISTING>
<hr width="100%">
<a name="session97" href="./../nodes/org.junit.tests.experimental.theories.internal.ParameterizedAssertionErrorTest.<clinit>%28%29%3Avoid.26445afa01c33618c03e420a4e31b0d3_node1.html#session97">node1#session97</a>(<a href="./../../ParameterizedAssertionErrorTest.java.cdb2860bac90291201e150a2c95f6e60.html#LINE23">23</a>) biabduction
<LISTING class='color_black'><span class='color_green'>#### Finished: RE-execution for void ParameterizedAssertionErrorTest.<clinit>() ####</span>
  Precond:
  <span class='color_blue'>#GB<>$org.junit.tests.experimental.theories.internal.ParameterizedAssertionErrorTest = {A:val$1<span class='color_orange'>rearrange:29</span>, B:val$2<span class='color_orange'>rearrange:33</span>, B2:val$3<span class='color_orange'>rearrange:37</span>, NO_OBJECTS:val$4<span class='color_orange'>rearrange:26</span>, NULL_POINTER_EXCEPTION:val$5<span class='color_orange'>rearrange:23</span>}<span class='color_orange'>rearrange:23</span>:org.junit.tests.experimental.theories.internal.ParameterizedAssertionErrorTest( sub )</span>
  #### [FUNCTION void ParameterizedAssertionErrorTest.<clinit>()] Analysis result ####
  PROP 1 of 1:
  <span class='color_blue'><span class='color_red'>MEMne &lt; new:23 &gt; <span class='color_orange'>{vpath: }</span>(_t$4)</span>; <span class='color_red'>MEMne &lt; new:37 &gt; <span class='color_orange'>{vpath: }</span>(_t$2)</span>; <span class='color_red'>MEMne &lt; new:33 &gt; <span class='color_orange'>{vpath: }</span>(_t$1)</span>; <span class='color_red'>MEMne &lt; new:29 &gt; <span class='color_orange'>{vpath: }</span>(_t$0)</span>; <span class='color_red'>MEMna &lt; new[]:26 &gt; <span class='color_orange'>{vpath: }</span>(_t$3)</span> ;
  <span class='color_red'>return = _t$5<span class='color_orange'>initial</span>:void</span>; <span class='color_red'>#GB<>$org.junit.tests.experimental.theories.internal.ParameterizedAssertionErrorTest = {A:_t$0<span class='color_orange'>update:29</span>, B:_t$1<span class='color_orange'>update:33</span>, B2:_t$2<span class='color_orange'>update:37</span>, NO_OBJECTS:_t$3<span class='color_orange'>update:26</span>, NULL_POINTER_EXCEPTION:_t$4<span class='color_orange'>update:23</span>}<span class='color_orange'>formal</span>:org.junit.tests.experimental.theories.internal.ParameterizedAssertionErrorTest( sub )</span>; <span class='color_red'>old_org.junit.tests.experimental.theories.internal.ParameterizedAssertionErrorTest = {A:val$1<span class='color_orange'>formal</span>, B:val$2<span class='color_orange'>formal</span>, B2:val$3<span class='color_orange'>formal</span>, NO_OBJECTS:val$4<span class='color_orange'>formal</span>, NULL_POINTER_EXCEPTION:val$5<span class='color_orange'>formal</span>}<span class='color_orange'>formal</span>:org.junit.tests.experimental.theories.internal.ParameterizedAssertionErrorTest( sub )</span> ;
  <span class='color_red'>_t$4|->{}<span class='color_orange'>alloc</span>:java.lang.NullPointerException</span>; <span class='color_red'>_t$3|->[0|]<span class='color_orange'>alloc</span>:java.lang.Object*[_*_][0]</span>; <span class='color_red'>_t$2|->{}<span class='color_orange'>formal(z)</span>:org.junit.experimental.theories.internal.ParameterizedAssertionError</span>; <span class='color_red'>_t$1|->{}<span class='color_orange'>formal(z)</span>:org.junit.experimental.theories.internal.ParameterizedAssertionError</span>; <span class='color_red'>_t$0|->{}<span class='color_orange'>formal(z)</span>:org.junit.experimental.theories.internal.ParameterizedAssertionError</span></span>
  
  Prover.check_inconsistency_base: inconsistency reason [None]
  Prover.check_inconsistency_base: inconsistency reason [None]
  Can't find field A in StrexpMatch.find
  Can't find field B in StrexpMatch.find
  Can't find field B2 in StrexpMatch.find
  Can't find field NO_OBJECTS in StrexpMatch.find
  Can't find field NULL_POINTER_EXCEPTION in StrexpMatch.find
  Can't find field A in StrexpMatch.find
  Can't find field B in StrexpMatch.find
  Can't find field B2 in StrexpMatch.find
  Can't find field NO_OBJECTS in StrexpMatch.find
  Can't find field NULL_POINTER_EXCEPTION in StrexpMatch.find
  #### [FUNCTION void ParameterizedAssertionErrorTest.<clinit>()] Postconditions after join ####
    PROP 1 of 1:
    <span class='color_blue'><span class='color_red'>MEMne &lt; new:23 &gt; <span class='color_orange'>{vpath: }</span>(_t$4)</span>; <span class='color_red'>MEMne &lt; new:37 &gt; <span class='color_orange'>{vpath: }</span>(_t$2)</span>; <span class='color_red'>MEMne &lt; new:33 &gt; <span class='color_orange'>{vpath: }</span>(_t$1)</span>; <span class='color_red'>MEMne &lt; new:29 &gt; <span class='color_orange'>{vpath: }</span>(_t$0)</span>; <span class='color_red'>MEMna &lt; new[]:26 &gt; <span class='color_orange'>{vpath: }</span>(_t$3)</span> ;
    <span class='color_red'>return = _t$5<span class='color_orange'>initial</span>:void</span>; <span class='color_red'>#GB<>$org.junit.tests.experimental.theories.internal.ParameterizedAssertionErrorTest = {A:_t$0<span class='color_orange'>update:29</span>, B:_t$1<span class='color_orange'>update:33</span>, B2:_t$2<span class='color_orange'>update:37</span>, NO_OBJECTS:_t$3<span class='color_orange'>update:26</span>, NULL_POINTER_EXCEPTION:_t$4<span class='color_orange'>update:23</span>}<span class='color_orange'>formal</span>:org.junit.tests.experimental.theories.internal.ParameterizedAssertionErrorTest( sub )</span>; <span class='color_red'>old_org.junit.tests.experimental.theories.internal.ParameterizedAssertionErrorTest = {A:val$1<span class='color_orange'>formal</span>, B:val$2<span class='color_orange'>formal</span>, B2:val$3<span class='color_orange'>formal</span>, NO_OBJECTS:val$4<span class='color_orange'>formal</span>, NULL_POINTER_EXCEPTION:val$5<span class='color_orange'>formal</span>}<span class='color_orange'>formal</span>:org.junit.tests.experimental.theories.internal.ParameterizedAssertionErrorTest( sub )</span> ;
    <span class='color_red'>_t$4|->{}<span class='color_orange'>alloc</span>:java.lang.NullPointerException</span>; <span class='color_red'>_t$3|->[0|]<span class='color_orange'>alloc</span>:java.lang.Object*[_*_][0]</span>; <span class='color_red'>_t$2|->{}<span class='color_orange'>formal(z)</span>:org.junit.experimental.theories.internal.ParameterizedAssertionError</span>; <span class='color_red'>_t$1|->{}<span class='color_orange'>formal(z)</span>:org.junit.experimental.theories.internal.ParameterizedAssertionError</span>; <span class='color_red'>_t$0|->{}<span class='color_orange'>formal(z)</span>:org.junit.experimental.theories.internal.ParameterizedAssertionError</span></span>
    
  </LISTING>