<!DOCTYPE HTML PUBLIC "-//W3C//DTD HTML 4.01 Transitional//EN">
<html>
<head>
<title>org.junit.tests.running.methods.ParameterizedTestMethodTest.testFailures():void.22847719070460f5789eff9af0c4682a_node3</title>
<meta http-equiv="Content-Type" content="text/html; charset=utf-8">
<style type="text/css">
body { background-color:#fff; color:#000; font-family:Helvetica, sans-serif; font-size:10pt }
h1 { font-size:14pt }
.code { border-collapse:collapse; width:100%; font-family: "Andale Mono", monospace; font-size:10pt; line-height: 1.2em }
.color_black { color: black }
.color_blue { color: blue }
.color_green { color: green }
.color_orange { color: orange }
.color_red { color: red }
.line { border-left: 3px solid #ccc; padding-left: 1ex; white-space: pre; }
.msg { background-color:#fff8b4; color:#000; float:left; font-family:Helvetica, sans-serif; font-size: smaller; font-weight: bold; margin-bottom:10px; margin-top:10px; max-width:60em; padding:0.5em 1ex 0.5em 1ex; -webkit-border-radius:5px; -webkit-box-shadow:1px 1px 7px #000; white-space: pre-wrap; word-wrap: break-word; }
.num { background-color:#eee; color:#444; font-size: smaller; padding-right:2ex; text-align:right; width:2.5em; }
.dangling { background-color:white; color: gray; }
.visited { background-color:LemonChiffon; color: darkmagenta; }
.tooltip { display: none; background-color:#FFF0F0; border: 2px solid #F00; font-weight: normal; left:10em; padding: 2px; position: absolute; top: -1em; -webkit-border-radius:5px; -webkit-box-shadow:1px 1px 7px #000; z-index: 1}
.with_tooltip { position: relative; }
.with_tooltip:hover .tooltip, .visited:hover .tooltip { display: block; }
</style>
</head>
<body>
<center><h1>Cfg Node <a href="./../../ParameterizedTestMethodTest.java.6093f52639c445546e7a856279d1dc76.html#LINE183">3</a></h1></center>PROC: <a href="./../org.junit.tests.running.methods.ParameterizedTestMethodTest.testFailures%28%29%3Avoid.22847719070460f5789eff9af0c4682a.html">void ParameterizedTestMethodTest.testFailures()</a> LINE: <a href="./../../ParameterizedTestMethodTest.java.6093f52639c445546e7a856279d1dc76.html#LINE183">183</a>
<br>PREDS:
<br>SUCCS:
<a href="./../nodes/org.junit.tests.running.methods.ParameterizedTestMethodTest.testFailures%28%29%3Avoid.22847719070460f5789eff9af0c4682a_node2.html"><span class='visited with_tooltip'>N_2<span class='tooltip'>node2 preds:8 3 succs: exn: </span></span></a><br>EXN:
<a href="./../nodes/org.junit.tests.running.methods.ParameterizedTestMethodTest.testFailures%28%29%3Avoid.22847719070460f5789eff9af0c4682a_node2.html"><span class='visited with_tooltip'>N_2<span class='tooltip'>node2 preds:8 3 succs: exn: </span></span></a><br>
<LISTING class='color_green'></LISTING>
<hr width="100%">
<a name="session2" href="./../nodes/org.junit.tests.running.methods.ParameterizedTestMethodTest.testFailures%28%29%3Avoid.22847719070460f5789eff9af0c4682a_node3.html#session2">node3#session2</a>(<a href="./../../ParameterizedTestMethodTest.java.6093f52639c445546e7a856279d1dc76.html#LINE183">183</a>) [compute pre] liveness 3
<LISTING class='color_black'></LISTING>
<hr width="100%">
<a name="session3" href="./../nodes/org.junit.tests.running.methods.ParameterizedTestMethodTest.testFailures%28%29%3Avoid.22847719070460f5789eff9af0c4682a_node3.html#session3">node3#session3</a>(<a href="./../../ParameterizedTestMethodTest.java.6093f52639c445546e7a856279d1dc76.html#LINE183">183</a>) [exec] liveness 3
<LISTING class='color_black'>PRE STATE:
normal:{ }, exn:{ }

INSTR=  SKIP; 

STATE UNCHANGED

</LISTING>
<hr width="100%">
<a name="session27" href="./../nodes/org.junit.tests.running.methods.ParameterizedTestMethodTest.testFailures%28%29%3Avoid.22847719070460f5789eff9af0c4682a_node3.html#session27">node3#session27</a>(<a href="./../../ParameterizedTestMethodTest.java.6093f52639c445546e7a856279d1dc76.html#LINE183">183</a>) [compute pre] nullify
<LISTING class='color_black'>JOIN

LEFT:   (normal:{ problems }, exn:{ },
normal:{ n$0, n$1, n$2, n$3 }, exn:{ })
RIGHT:  (normal:{ problems, $irvar1 }, exn:{ },
normal:{ n$4, n$5, this }, exn:{ })
RESULT: (normal:{ problems, $irvar1 }, exn:{ },
normal:{ n$0, n$1, n$2, n$3, n$4, n$5, this }, exn:{ })

JOIN

LEFT:   (normal:{ problems, $irvar1 }, exn:{ },
normal:{ n$0, n$1, n$2, n$3, n$4, n$5, this }, exn:{ })
RIGHT:  (normal:{ $irvar0, $irvar1 }, exn:{ },
normal:{ _, n$6, n$8, problems }, exn:{ })
RESULT: (normal:{ problems, $irvar0, $irvar1 }, exn:{ },
normal:{ _, n$0, n$1, n$2, n$3, n$4, n$5, n$6, n$8, problems, this }, exn:{ })

JOIN

LEFT:   (normal:{ problems, $irvar0, $irvar1 }, exn:{ },
normal:{ _, n$0, n$1, n$2, n$3, n$4, n$5, n$6, n$8, problems, this }, exn:{ })
RIGHT:  (normal:{ }, exn:{ },
normal:{ n$9, n$10, n$11, $irvar0, $irvar1 }, exn:{ })
RESULT: (normal:{ problems, $irvar0, $irvar1 }, exn:{ },
normal:{ _,
         n$0,
         n$1,
         n$2,
         n$3,
         n$4,
         n$5,
         n$6,
         n$8,
         n$9,
         n$10,
         n$11,
         problems,
         $irvar0,
         $irvar1,
         this },
exn:{ })

JOIN

LEFT:   (normal:{ problems, $irvar0, $irvar1 }, exn:{ },
normal:{ _,
         n$0,
         n$1,
         n$2,
         n$3,
         n$4,
         n$5,
         n$6,
         n$8,
         n$9,
         n$10,
         n$11,
         problems,
         $irvar0,
         $irvar1,
         this },
exn:{ })
RIGHT:  (normal:{ }, exn:{ },
normal:{ }, exn:{ })
RESULT: (normal:{ problems, $irvar0, $irvar1 }, exn:{ },
normal:{ _,
         n$0,
         n$1,
         n$2,
         n$3,
         n$4,
         n$5,
         n$6,
         n$8,
         n$9,
         n$10,
         n$11,
         problems,
         $irvar0,
         $irvar1,
         this },
exn:{ })

</LISTING>
<hr width="100%">
<a name="session28" href="./../nodes/org.junit.tests.running.methods.ParameterizedTestMethodTest.testFailures%28%29%3Avoid.22847719070460f5789eff9af0c4682a_node3.html#session28">node3#session28</a>(<a href="./../../ParameterizedTestMethodTest.java.6093f52639c445546e7a856279d1dc76.html#LINE183">183</a>) [exec] nullify
<LISTING class='color_black'>PRE STATE:
(normal:{ problems, $irvar0, $irvar1 }, exn:{ },
normal:{ _,
         n$0,
         n$1,
         n$2,
         n$3,
         n$4,
         n$5,
         n$6,
         n$8,
         n$9,
         n$10,
         n$11,
         problems,
         $irvar0,
         $irvar1,
         this },
exn:{ })

INSTR=  SKIP; 

STATE:
(normal:{ }, exn:{ },normal:{ problems, $irvar0, $irvar1 }, exn:{ })

</LISTING>
<hr width="100%">
<a name="session68" href="./../nodes/org.junit.tests.running.methods.ParameterizedTestMethodTest.testFailures%28%29%3Avoid.22847719070460f5789eff9af0c4682a_node3.html#session68">node3#session68</a>(<a href="./../../ParameterizedTestMethodTest.java.6093f52639c445546e7a856279d1dc76.html#LINE183">183</a>) [exec] devirtualizer
<LISTING class='color_black'></LISTING>
<hr width="100%">
<a name="session69" href="./../nodes/org.junit.tests.running.methods.ParameterizedTestMethodTest.testFailures%28%29%3Avoid.22847719070460f5789eff9af0c4682a_node3.html#session69">node3#session69</a>(<a href="./../../ParameterizedTestMethodTest.java.6093f52639c445546e7a856279d1dc76.html#LINE183">183</a>) [exec] devirtualizer
<LISTING class='color_black'></LISTING>
<hr width="100%">
<a name="session70" href="./../nodes/org.junit.tests.running.methods.ParameterizedTestMethodTest.testFailures%28%29%3Avoid.22847719070460f5789eff9af0c4682a_node3.html#session70">node3#session70</a>(<a href="./../../ParameterizedTestMethodTest.java.6093f52639c445546e7a856279d1dc76.html#LINE183">183</a>) [exec] devirtualizer
<LISTING class='color_black'></LISTING>
<hr width="100%">
<a name="session71" href="./../nodes/org.junit.tests.running.methods.ParameterizedTestMethodTest.testFailures%28%29%3Avoid.22847719070460f5789eff9af0c4682a_node3.html#session71">node3#session71</a>(<a href="./../../ParameterizedTestMethodTest.java.6093f52639c445546e7a856279d1dc76.html#LINE183">183</a>) [exec] devirtualizer
<LISTING class='color_black'></LISTING>
<hr width="100%">
<a name="session72" href="./../nodes/org.junit.tests.running.methods.ParameterizedTestMethodTest.testFailures%28%29%3Avoid.22847719070460f5789eff9af0c4682a_node3.html#session72">node3#session72</a>(<a href="./../../ParameterizedTestMethodTest.java.6093f52639c445546e7a856279d1dc76.html#LINE183">183</a>) [exec] devirtualizer
<LISTING class='color_black'></LISTING>
<hr width="100%">
<a name="session33" href="./../nodes/org.junit.tests.running.methods.ParameterizedTestMethodTest.testFailures%28%29%3Avoid.22847719070460f5789eff9af0c4682a_node3.html#session33">node3#session33</a>(<a href="./../../ParameterizedTestMethodTest.java.6093f52639c445546e7a856279d1dc76.html#LINE183">183</a>) biabduction
<LISTING class='color_black'>**** [FP:Pending] void ParameterizedTestMethodTest.testFailures() Node: 3, Procedure: void ParameterizedTestMethodTest.testFailures(), Todo: 3 ****
  PROP 1 of 3:
  <span class='color_blue'><span class='color_red'>@f$3 != @f$2</span>; <span class='color_red'>@f$0 != null</span>; <span class='color_red'>MEMne &lt; void Assert.assertEquals(long,long):182 &gt; <span class='color_orange'>{vpath: }</span>(_t$0)</span>; <span class='color_red'>UND &lt; List Collections.emptyList() &gt; :176(_t$1)</span>; <span class='color_red'>UND &lt; int List.size() &gt; :182(@f$3)</span> ;
  <span class='color_red'>problems = 0<span class='color_orange'>nullify</span>:java.util.List*</span>; <span class='color_red'>$irvar0 = 0<span class='color_orange'>nullify</span>:void</span>; <span class='color_red'>return = EXN _t$0<span class='color_orange'>update:182</span>:void</span>; <span class='color_red'>$irvar1 = 0<span class='color_orange'>nullify</span>:void</span>; <span class='color_red'>this = 0<span class='color_orange'>nullify</span>:org.junit.tests.running.methods.ParameterizedTestMethodTest*( sub )</span>; <span class='color_red'>old_this = @f$1<span class='color_orange'>formal</span>:org.junit.tests.running.methods.ParameterizedTestMethodTest*( sub )</span> ;
  <span class='color_red'>_t$0|->{}<span class='color_orange'>alloc</span>:java.lang.AssertionError</span>; <span class='color_red'>old_this|->{fClass:@f$0<span class='color_orange'>rearrange:(z)181</span>, fErrorCount:@f$2<span class='color_orange'>rearrange:182</span>}<span class='color_orange'>rearrange:(z)181</span>:org.junit.tests.running.methods.ParameterizedTestMethodTest( sub )</span>; <span class='color_red'>@f$0|->{}<span class='color_orange'>formal</span>:java.lang.Class( sub )</span>
  [footprint
     <span class='color_red'>@f$3 != @f$2</span>; <span class='color_red'>@f$0 != null</span> *
     <span class='color_red'>$RET_java.util.List.size():int|abducedRetvar = @f$3<span class='color_orange'>none</span>:int( sub )</span>; <span class='color_red'>this = @f$1<span class='color_orange'>formal</span>:org.junit.tests.running.methods.ParameterizedTestMethodTest*( sub )</span> ;
     <span class='color_red'>old_this|->{fClass:@f$0<span class='color_orange'>rearrange:(z)181</span>, fErrorCount:@f$2<span class='color_orange'>rearrange:182</span>}<span class='color_orange'>rearrange:(z)181</span>:org.junit.tests.running.methods.ParameterizedTestMethodTest( sub )</span>; <span class='color_red'>@f$0|->{}<span class='color_orange'>rearrange:47</span>:java.lang.Class( sub )</span>  ]</span>
  PROP 2 of 3:
  <span class='color_blue'><span class='color_red'>@f$2 = null</span> ;
  <span class='color_red'>@f$3 != @f$1</span>; <span class='color_red'>MEMne &lt; void Assert.assertEquals(long,long):182 &gt; <span class='color_orange'>{vpath: }</span>(_t$0)</span>; <span class='color_red'>UND &lt; List Collections.emptyList() &gt; :176(_t$1)</span>; <span class='color_red'>UND &lt; int List.size() &gt; :182(@f$3)</span> ;
  <span class='color_red'>problems = 0<span class='color_orange'>nullify</span>:java.util.List*</span>; <span class='color_red'>$irvar0 = 0<span class='color_orange'>nullify</span>:void</span>; <span class='color_red'>return = EXN _t$0<span class='color_orange'>update:182</span>:void</span>; <span class='color_red'>$irvar1 = 0<span class='color_orange'>nullify</span>:void</span>; <span class='color_red'>this = 0<span class='color_orange'>nullify</span>:org.junit.tests.running.methods.ParameterizedTestMethodTest*( sub )</span>; <span class='color_red'>old_this = @f$0<span class='color_orange'>formal</span>:org.junit.tests.running.methods.ParameterizedTestMethodTest*( sub )</span> ;
  <span class='color_red'>_t$0|->{}<span class='color_orange'>alloc</span>:java.lang.AssertionError</span>; <span class='color_red'>old_this|->{fClass:null<span class='color_orange'>rearrange:(z)(ncf)181</span>, fErrorCount:@f$1<span class='color_orange'>rearrange:182</span>}<span class='color_orange'>rearrange:(z)181</span>:org.junit.tests.running.methods.ParameterizedTestMethodTest( sub )</span>
  [footprint
     <span class='color_red'>@f$2 = null</span>; <span class='color_red'>@f$3 != @f$1</span> *
     <span class='color_red'>$RET_java.util.List.size():int|abducedRetvar = @f$3<span class='color_orange'>none</span>:int( sub )</span>; <span class='color_red'>this = @f$0<span class='color_orange'>formal</span>:org.junit.tests.running.methods.ParameterizedTestMethodTest*( sub )</span> ;
     <span class='color_red'>old_this|->{fClass:@f$2<span class='color_orange'>rearrange:(z)181</span>, fErrorCount:@f$1<span class='color_orange'>rearrange:182</span>}<span class='color_orange'>rearrange:(z)181</span>:org.junit.tests.running.methods.ParameterizedTestMethodTest( sub )</span>  ]</span>
  PROP 3 of 3:
  <span class='color_blue'><span class='color_red'>_t$0 != 0</span>; <span class='color_red'>@f$1 != null</span>; <span class='color_red'>MEMne &lt; List ParameterizedTestMethodTest.validateAllMethods(Class):181 &gt; <span class='color_orange'>{vpath: }</span>(_t$0)</span> ;
  <span class='color_red'>problems = _t$1<span class='color_orange'>initial</span>:java.util.List*</span>; <span class='color_red'>$irvar0 = _t$2<span class='color_orange'>initial</span>:void</span>; <span class='color_red'>return = EXN _t$0<span class='color_orange'>update:181</span>:void</span>; <span class='color_red'>$irvar1 = _t$3<span class='color_orange'>initial</span>:void</span>; <span class='color_red'>this = @f$0<span class='color_orange'>formal</span>:org.junit.tests.running.methods.ParameterizedTestMethodTest*( sub )</span>; <span class='color_red'>old_this = @f$0<span class='color_orange'>formal</span>:org.junit.tests.running.methods.ParameterizedTestMethodTest*( sub )</span> ;
  <span class='color_red'>_t$0|->{}<span class='color_orange'>alloc</span>:java.lang.IllegalArgumentException</span>; <span class='color_red'>@f$1|->{}<span class='color_orange'>formal</span>:java.lang.Class( sub )</span>; <span class='color_red'>old_this|->{fClass:@f$1<span class='color_orange'>rearrange:(z)181</span>}<span class='color_orange'>rearrange:(z)181</span>:org.junit.tests.running.methods.ParameterizedTestMethodTest( sub )</span>
  [footprint
     <span class='color_red'>@f$1 != null</span> *
     <span class='color_red'>this = @f$0<span class='color_orange'>formal</span>:org.junit.tests.running.methods.ParameterizedTestMethodTest*( sub )</span> ;
     <span class='color_red'>@f$1|->{}<span class='color_orange'>rearrange:47</span>:java.lang.Class( sub )</span>; <span class='color_red'>old_this|->{fClass:@f$1<span class='color_orange'>rearrange:(z)181</span>}<span class='color_orange'>rearrange:(z)181</span>:org.junit.tests.running.methods.ParameterizedTestMethodTest( sub )</span>  ]</span>
  .... Instructions: ....
  <span class='color_green'>NULLIFY(&amp;problems); [line 183];
  NULLIFY(&amp;$irvar0); [line 183];
  NULLIFY(&amp;$irvar1); [line 183];
  EXIT_SCOPE(problems,$irvar0,$irvar1); [line 183];
  APPLY_ABSTRACTION; [line 183];
  </span>
  
  Processing prop 1/3
    Instruction <span class='color_green'>NULLIFY(&amp;problems); [line 183]</span>
    in vpath_find exp:_t$0
    vpath_find: cannot find _t$0
    Instruction Returns
    PROP 1 of 1:
    <span class='color_blue'><span class='color_blue'>@f$3 != @f$2</span>; <span class='color_blue'>@f$0 != null</span>; <span class='color_blue'>MEMne &lt; void Assert.assertEquals(long,long):182 &gt; <span class='color_orange'>{vpath: }</span>(_t$0)</span>; <span class='color_blue'>UND &lt; List Collections.emptyList() &gt; :176(_t$1)</span>; <span class='color_blue'>UND &lt; int List.size() &gt; :182(@f$3)</span> ;
    <span class='color_blue'>problems = 0<span class='color_orange'>nullify</span>:java.util.List*</span>; <span class='color_blue'>$irvar0 = 0<span class='color_orange'>nullify</span>:void</span>; <span class='color_blue'>return = EXN _t$0<span class='color_orange'>update:182</span>:void</span>; <span class='color_blue'>$irvar1 = 0<span class='color_orange'>nullify</span>:void</span>; <span class='color_blue'>this = 0<span class='color_orange'>nullify</span>:org.junit.tests.running.methods.ParameterizedTestMethodTest*( sub )</span>; <span class='color_blue'>old_this = @f$1<span class='color_orange'>formal</span>:org.junit.tests.running.methods.ParameterizedTestMethodTest*( sub )</span> ;
    <span class='color_blue'>_t$0|->{}<span class='color_orange'>alloc</span>:java.lang.AssertionError</span>; <span class='color_blue'>old_this|->{fClass:@f$0<span class='color_orange'>rearrange:(z)181</span>, fErrorCount:@f$2<span class='color_orange'>rearrange:182</span>}<span class='color_orange'>rearrange:(z)181</span>:org.junit.tests.running.methods.ParameterizedTestMethodTest( sub )</span>; <span class='color_blue'>@f$0|->{}<span class='color_orange'>formal</span>:java.lang.Class( sub )</span>
    [footprint
       <span class='color_blue'>@f$3 != @f$2</span>; <span class='color_blue'>@f$0 != null</span> *
       <span class='color_blue'>$RET_java.util.List.size():int|abducedRetvar = @f$3<span class='color_orange'>none</span>:int( sub )</span>; <span class='color_blue'>this = @f$1<span class='color_orange'>formal</span>:org.junit.tests.running.methods.ParameterizedTestMethodTest*( sub )</span> ;
       <span class='color_blue'>old_this|->{fClass:@f$0<span class='color_orange'>rearrange:(z)181</span>, fErrorCount:@f$2<span class='color_orange'>rearrange:182</span>}<span class='color_orange'>rearrange:(z)181</span>:org.junit.tests.running.methods.ParameterizedTestMethodTest( sub )</span>; <span class='color_blue'>@f$0|->{}<span class='color_orange'>rearrange:47</span>:java.lang.Class( sub )</span>  ]</span>
    
    Instruction <span class='color_green'>NULLIFY(&amp;$irvar0); [line 183]</span>
    in vpath_find exp:_t$0
    vpath_find: cannot find _t$0
    Instruction Returns
    PROP 1 of 1:
    <span class='color_blue'><span class='color_blue'>@f$3 != @f$2</span>; <span class='color_blue'>@f$0 != null</span>; <span class='color_blue'>MEMne &lt; void Assert.assertEquals(long,long):182 &gt; <span class='color_orange'>{vpath: }</span>(_t$0)</span>; <span class='color_blue'>UND &lt; List Collections.emptyList() &gt; :176(_t$1)</span>; <span class='color_blue'>UND &lt; int List.size() &gt; :182(@f$3)</span> ;
    <span class='color_blue'>problems = 0<span class='color_orange'>nullify</span>:java.util.List*</span>; <span class='color_blue'>$irvar0 = 0<span class='color_orange'>nullify</span>:void</span>; <span class='color_blue'>return = EXN _t$0<span class='color_orange'>update:182</span>:void</span>; <span class='color_blue'>$irvar1 = 0<span class='color_orange'>nullify</span>:void</span>; <span class='color_blue'>this = 0<span class='color_orange'>nullify</span>:org.junit.tests.running.methods.ParameterizedTestMethodTest*( sub )</span>; <span class='color_blue'>old_this = @f$1<span class='color_orange'>formal</span>:org.junit.tests.running.methods.ParameterizedTestMethodTest*( sub )</span> ;
    <span class='color_blue'>_t$0|->{}<span class='color_orange'>alloc</span>:java.lang.AssertionError</span>; <span class='color_blue'>old_this|->{fClass:@f$0<span class='color_orange'>rearrange:(z)181</span>, fErrorCount:@f$2<span class='color_orange'>rearrange:182</span>}<span class='color_orange'>rearrange:(z)181</span>:org.junit.tests.running.methods.ParameterizedTestMethodTest( sub )</span>; <span class='color_blue'>@f$0|->{}<span class='color_orange'>formal</span>:java.lang.Class( sub )</span>
    [footprint
       <span class='color_blue'>@f$3 != @f$2</span>; <span class='color_blue'>@f$0 != null</span> *
       <span class='color_blue'>$RET_java.util.List.size():int|abducedRetvar = @f$3<span class='color_orange'>none</span>:int( sub )</span>; <span class='color_blue'>this = @f$1<span class='color_orange'>formal</span>:org.junit.tests.running.methods.ParameterizedTestMethodTest*( sub )</span> ;
       <span class='color_blue'>old_this|->{fClass:@f$0<span class='color_orange'>rearrange:(z)181</span>, fErrorCount:@f$2<span class='color_orange'>rearrange:182</span>}<span class='color_orange'>rearrange:(z)181</span>:org.junit.tests.running.methods.ParameterizedTestMethodTest( sub )</span>; <span class='color_blue'>@f$0|->{}<span class='color_orange'>rearrange:47</span>:java.lang.Class( sub )</span>  ]</span>
    
    Instruction <span class='color_green'>NULLIFY(&amp;$irvar1); [line 183]</span>
    in vpath_find exp:_t$0
    vpath_find: cannot find _t$0
    Instruction Returns
    PROP 1 of 1:
    <span class='color_blue'><span class='color_blue'>@f$3 != @f$2</span>; <span class='color_blue'>@f$0 != null</span>; <span class='color_blue'>MEMne &lt; void Assert.assertEquals(long,long):182 &gt; <span class='color_orange'>{vpath: }</span>(_t$0)</span>; <span class='color_blue'>UND &lt; List Collections.emptyList() &gt; :176(_t$1)</span>; <span class='color_blue'>UND &lt; int List.size() &gt; :182(@f$3)</span> ;
    <span class='color_blue'>problems = 0<span class='color_orange'>nullify</span>:java.util.List*</span>; <span class='color_blue'>$irvar0 = 0<span class='color_orange'>nullify</span>:void</span>; <span class='color_blue'>return = EXN _t$0<span class='color_orange'>update:182</span>:void</span>; <span class='color_blue'>$irvar1 = 0<span class='color_orange'>nullify</span>:void</span>; <span class='color_blue'>this = 0<span class='color_orange'>nullify</span>:org.junit.tests.running.methods.ParameterizedTestMethodTest*( sub )</span>; <span class='color_blue'>old_this = @f$1<span class='color_orange'>formal</span>:org.junit.tests.running.methods.ParameterizedTestMethodTest*( sub )</span> ;
    <span class='color_blue'>_t$0|->{}<span class='color_orange'>alloc</span>:java.lang.AssertionError</span>; <span class='color_blue'>old_this|->{fClass:@f$0<span class='color_orange'>rearrange:(z)181</span>, fErrorCount:@f$2<span class='color_orange'>rearrange:182</span>}<span class='color_orange'>rearrange:(z)181</span>:org.junit.tests.running.methods.ParameterizedTestMethodTest( sub )</span>; <span class='color_blue'>@f$0|->{}<span class='color_orange'>formal</span>:java.lang.Class( sub )</span>
    [footprint
       <span class='color_blue'>@f$3 != @f$2</span>; <span class='color_blue'>@f$0 != null</span> *
       <span class='color_blue'>$RET_java.util.List.size():int|abducedRetvar = @f$3<span class='color_orange'>none</span>:int( sub )</span>; <span class='color_blue'>this = @f$1<span class='color_orange'>formal</span>:org.junit.tests.running.methods.ParameterizedTestMethodTest*( sub )</span> ;
       <span class='color_blue'>old_this|->{fClass:@f$0<span class='color_orange'>rearrange:(z)181</span>, fErrorCount:@f$2<span class='color_orange'>rearrange:182</span>}<span class='color_orange'>rearrange:(z)181</span>:org.junit.tests.running.methods.ParameterizedTestMethodTest( sub )</span>; <span class='color_blue'>@f$0|->{}<span class='color_orange'>rearrange:47</span>:java.lang.Class( sub )</span>  ]</span>
    
    Instruction <span class='color_green'>EXIT_SCOPE(problems,$irvar0,$irvar1); [line 183]</span>
    in vpath_find exp:_t$0
    vpath_find: cannot find _t$0
    Instruction Returns
    PROP 1 of 1:
    <span class='color_blue'><span class='color_blue'>@f$3 != @f$2</span>; <span class='color_blue'>@f$0 != null</span>; <span class='color_blue'>MEMne &lt; void Assert.assertEquals(long,long):182 &gt; <span class='color_orange'>{vpath: }</span>(_t$0)</span>; <span class='color_blue'>UND &lt; List Collections.emptyList() &gt; :176(_t$1)</span>; <span class='color_blue'>UND &lt; int List.size() &gt; :182(@f$3)</span> ;
    <span class='color_blue'>problems = 0<span class='color_orange'>nullify</span>:java.util.List*</span>; <span class='color_blue'>$irvar0 = 0<span class='color_orange'>nullify</span>:void</span>; <span class='color_blue'>return = EXN _t$0<span class='color_orange'>update:182</span>:void</span>; <span class='color_blue'>$irvar1 = 0<span class='color_orange'>nullify</span>:void</span>; <span class='color_blue'>this = 0<span class='color_orange'>nullify</span>:org.junit.tests.running.methods.ParameterizedTestMethodTest*( sub )</span>; <span class='color_blue'>old_this = @f$1<span class='color_orange'>formal</span>:org.junit.tests.running.methods.ParameterizedTestMethodTest*( sub )</span> ;
    <span class='color_blue'>_t$0|->{}<span class='color_orange'>alloc</span>:java.lang.AssertionError</span>; <span class='color_blue'>old_this|->{fClass:@f$0<span class='color_orange'>rearrange:(z)181</span>, fErrorCount:@f$2<span class='color_orange'>rearrange:182</span>}<span class='color_orange'>rearrange:(z)181</span>:org.junit.tests.running.methods.ParameterizedTestMethodTest( sub )</span>; <span class='color_blue'>@f$0|->{}<span class='color_orange'>formal</span>:java.lang.Class( sub )</span>
    [footprint
       <span class='color_blue'>@f$3 != @f$2</span>; <span class='color_blue'>@f$0 != null</span> *
       <span class='color_blue'>$RET_java.util.List.size():int|abducedRetvar = @f$3<span class='color_orange'>none</span>:int( sub )</span>; <span class='color_blue'>this = @f$1<span class='color_orange'>formal</span>:org.junit.tests.running.methods.ParameterizedTestMethodTest*( sub )</span> ;
       <span class='color_blue'>old_this|->{fClass:@f$0<span class='color_orange'>rearrange:(z)181</span>, fErrorCount:@f$2<span class='color_orange'>rearrange:182</span>}<span class='color_orange'>rearrange:(z)181</span>:org.junit.tests.running.methods.ParameterizedTestMethodTest( sub )</span>; <span class='color_blue'>@f$0|->{}<span class='color_orange'>rearrange:47</span>:java.lang.Class( sub )</span>  ]</span>
    
    Instruction <span class='color_green'>APPLY_ABSTRACTION; [line 183]</span>
    in vpath_find exp:_t$0
    vpath_find: cannot find _t$0
    Prover.check_inconsistency_base: inconsistency reason [None]
    Prover.check_inconsistency_base: inconsistency reason [None]
    <span class='color_blue'>@f$3 != @f$2; @f$0 != null; MEMne &lt; void Assert.assertEquals(long,long):182 &gt; <span class='color_orange'>{vpath: }</span>(_t$0); UND &lt; int List.size() &gt; :182(@f$3) ;
    problems = 0<span class='color_orange'>nullify</span>:java.util.List*; $irvar0 = 0<span class='color_orange'>nullify</span>:void; return = EXN _t$0<span class='color_orange'>update:182</span>:void; $irvar1 = 0<span class='color_orange'>nullify</span>:void; this = 0<span class='color_orange'>nullify</span>:org.junit.tests.running.methods.ParameterizedTestMethodTest*( sub ); old_this = @f$1<span class='color_orange'>formal</span>:org.junit.tests.running.methods.ParameterizedTestMethodTest*( sub ) ;
    _t$0|->{}<span class='color_orange'>alloc</span>:java.lang.AssertionError; old_this|->{fClass:@f$0<span class='color_orange'>rearrange:(z)181</span>, fErrorCount:@f$2<span class='color_orange'>rearrange:182</span>}<span class='color_orange'>rearrange:(z)181</span>:org.junit.tests.running.methods.ParameterizedTestMethodTest( sub ); @f$0|->{}<span class='color_orange'>formal</span>:java.lang.Class( sub )
    [footprint
       @f$3 != @f$2; @f$0 != null *
       $RET_java.util.List.size():int|abducedRetvar = @f$3<span class='color_orange'>none</span>:int( sub ); this = @f$1<span class='color_orange'>formal</span>:org.junit.tests.running.methods.ParameterizedTestMethodTest*( sub ) ;
       old_this|->{fClass:@f$0<span class='color_orange'>rearrange:(z)181</span>, fErrorCount:@f$2<span class='color_orange'>rearrange:182</span>}<span class='color_orange'>rearrange:(z)181</span>:org.junit.tests.running.methods.ParameterizedTestMethodTest( sub ); @f$0|->{}<span class='color_orange'>rearrange:47</span>:java.lang.Class( sub )  ]</span>
    Instruction Returns
    PROP 1 of 1:
    <span class='color_blue'><span class='color_blue'>@f$3 != @f$2</span>; <span class='color_blue'>@f$0 != null</span>; <span class='color_blue'>MEMne &lt; void Assert.assertEquals(long,long):182 &gt; <span class='color_orange'>{vpath: }</span>(_t$0)</span>; <span class='color_blue'>UND &lt; int List.size() &gt; :182(@f$3)</span> ;
    <span class='color_blue'>problems = 0<span class='color_orange'>nullify</span>:java.util.List*</span>; <span class='color_blue'>$irvar0 = 0<span class='color_orange'>nullify</span>:void</span>; <span class='color_blue'>return = EXN _t$0<span class='color_orange'>update:182</span>:void</span>; <span class='color_blue'>$irvar1 = 0<span class='color_orange'>nullify</span>:void</span>; <span class='color_blue'>this = 0<span class='color_orange'>nullify</span>:org.junit.tests.running.methods.ParameterizedTestMethodTest*( sub )</span>; <span class='color_blue'>old_this = @f$1<span class='color_orange'>formal</span>:org.junit.tests.running.methods.ParameterizedTestMethodTest*( sub )</span> ;
    <span class='color_blue'>_t$0|->{}<span class='color_orange'>alloc</span>:java.lang.AssertionError</span>; <span class='color_blue'>old_this|->{fClass:@f$0<span class='color_orange'>rearrange:(z)181</span>, fErrorCount:@f$2<span class='color_orange'>rearrange:182</span>}<span class='color_orange'>rearrange:(z)181</span>:org.junit.tests.running.methods.ParameterizedTestMethodTest( sub )</span>; <span class='color_blue'>@f$0|->{}<span class='color_orange'>formal</span>:java.lang.Class( sub )</span>
    [footprint
       <span class='color_blue'>@f$3 != @f$2</span>; <span class='color_blue'>@f$0 != null</span> *
       <span class='color_blue'>$RET_java.util.List.size():int|abducedRetvar = @f$3<span class='color_orange'>none</span>:int( sub )</span>; <span class='color_blue'>this = @f$1<span class='color_orange'>formal</span>:org.junit.tests.running.methods.ParameterizedTestMethodTest*( sub )</span> ;
       <span class='color_blue'>old_this|->{fClass:@f$0<span class='color_orange'>rearrange:(z)181</span>, fErrorCount:@f$2<span class='color_orange'>rearrange:182</span>}<span class='color_orange'>rearrange:(z)181</span>:org.junit.tests.running.methods.ParameterizedTestMethodTest( sub )</span>; <span class='color_blue'>@f$0|->{}<span class='color_orange'>rearrange:47</span>:java.lang.Class( sub )</span>  ]</span>
    
    .... After Symbolic Execution ....
    PROP 1 of 1:
    <span class='color_blue'><span class='color_blue'>@f$3 != @f$2</span>; <span class='color_blue'>@f$0 != null</span>; <span class='color_blue'>MEMne &lt; void Assert.assertEquals(long,long):182 &gt; <span class='color_orange'>{vpath: }</span>(_t$0)</span>; <span class='color_blue'>UND &lt; int List.size() &gt; :182(@f$3)</span> ;
    <span class='color_blue'>problems = 0<span class='color_orange'>nullify</span>:java.util.List*</span>; <span class='color_blue'>$irvar0 = 0<span class='color_orange'>nullify</span>:void</span>; <span class='color_blue'>return = EXN _t$0<span class='color_orange'>update:182</span>:void</span>; <span class='color_blue'>$irvar1 = 0<span class='color_orange'>nullify</span>:void</span>; <span class='color_blue'>this = 0<span class='color_orange'>nullify</span>:org.junit.tests.running.methods.ParameterizedTestMethodTest*( sub )</span>; <span class='color_blue'>old_this = @f$1<span class='color_orange'>formal</span>:org.junit.tests.running.methods.ParameterizedTestMethodTest*( sub )</span> ;
    <span class='color_blue'>_t$0|->{}<span class='color_orange'>alloc</span>:java.lang.AssertionError</span>; <span class='color_blue'>old_this|->{fClass:@f$0<span class='color_orange'>rearrange:(z)181</span>, fErrorCount:@f$2<span class='color_orange'>rearrange:182</span>}<span class='color_orange'>rearrange:(z)181</span>:org.junit.tests.running.methods.ParameterizedTestMethodTest( sub )</span>; <span class='color_blue'>@f$0|->{}<span class='color_orange'>formal</span>:java.lang.Class( sub )</span>
    [footprint
       <span class='color_blue'>@f$3 != @f$2</span>; <span class='color_blue'>@f$0 != null</span> *
       <span class='color_blue'>$RET_java.util.List.size():int|abducedRetvar = @f$3<span class='color_orange'>none</span>:int( sub )</span>; <span class='color_blue'>this = @f$1<span class='color_orange'>formal</span>:org.junit.tests.running.methods.ParameterizedTestMethodTest*( sub )</span> ;
       <span class='color_blue'>old_this|->{fClass:@f$0<span class='color_orange'>rearrange:(z)181</span>, fErrorCount:@f$2<span class='color_orange'>rearrange:182</span>}<span class='color_orange'>rearrange:(z)181</span>:org.junit.tests.running.methods.ParameterizedTestMethodTest( sub )</span>; <span class='color_blue'>@f$0|->{}<span class='color_orange'>rearrange:47</span>:java.lang.Class( sub )</span>  ]</span>
    
    
    
  Processing prop 2/3
    Instruction <span class='color_green'>NULLIFY(&amp;problems); [line 183]</span>
    in vpath_find exp:_t$0
    vpath_find: cannot find _t$0
    Instruction Returns
    PROP 1 of 1:
    <span class='color_blue'><span class='color_blue'>@f$2 = null</span> ;
    <span class='color_blue'>@f$3 != @f$1</span>; <span class='color_blue'>MEMne &lt; void Assert.assertEquals(long,long):182 &gt; <span class='color_orange'>{vpath: }</span>(_t$0)</span>; <span class='color_blue'>UND &lt; List Collections.emptyList() &gt; :176(_t$1)</span>; <span class='color_blue'>UND &lt; int List.size() &gt; :182(@f$3)</span> ;
    <span class='color_blue'>problems = 0<span class='color_orange'>nullify</span>:java.util.List*</span>; <span class='color_blue'>$irvar0 = 0<span class='color_orange'>nullify</span>:void</span>; <span class='color_blue'>return = EXN _t$0<span class='color_orange'>update:182</span>:void</span>; <span class='color_blue'>$irvar1 = 0<span class='color_orange'>nullify</span>:void</span>; <span class='color_blue'>this = 0<span class='color_orange'>nullify</span>:org.junit.tests.running.methods.ParameterizedTestMethodTest*( sub )</span>; <span class='color_blue'>old_this = @f$0<span class='color_orange'>formal</span>:org.junit.tests.running.methods.ParameterizedTestMethodTest*( sub )</span> ;
    <span class='color_blue'>_t$0|->{}<span class='color_orange'>alloc</span>:java.lang.AssertionError</span>; <span class='color_blue'>old_this|->{fClass:null<span class='color_orange'>rearrange:(z)(ncf)181</span>, fErrorCount:@f$1<span class='color_orange'>rearrange:182</span>}<span class='color_orange'>rearrange:(z)181</span>:org.junit.tests.running.methods.ParameterizedTestMethodTest( sub )</span>
    [footprint
       <span class='color_blue'>@f$2 = null</span>; <span class='color_blue'>@f$3 != @f$1</span> *
       <span class='color_blue'>$RET_java.util.List.size():int|abducedRetvar = @f$3<span class='color_orange'>none</span>:int( sub )</span>; <span class='color_blue'>this = @f$0<span class='color_orange'>formal</span>:org.junit.tests.running.methods.ParameterizedTestMethodTest*( sub )</span> ;
       <span class='color_blue'>old_this|->{fClass:@f$2<span class='color_orange'>rearrange:(z)181</span>, fErrorCount:@f$1<span class='color_orange'>rearrange:182</span>}<span class='color_orange'>rearrange:(z)181</span>:org.junit.tests.running.methods.ParameterizedTestMethodTest( sub )</span>  ]</span>
    
    Instruction <span class='color_green'>NULLIFY(&amp;$irvar0); [line 183]</span>
    in vpath_find exp:_t$0
    vpath_find: cannot find _t$0
    Instruction Returns
    PROP 1 of 1:
    <span class='color_blue'><span class='color_blue'>@f$2 = null</span> ;
    <span class='color_blue'>@f$3 != @f$1</span>; <span class='color_blue'>MEMne &lt; void Assert.assertEquals(long,long):182 &gt; <span class='color_orange'>{vpath: }</span>(_t$0)</span>; <span class='color_blue'>UND &lt; List Collections.emptyList() &gt; :176(_t$1)</span>; <span class='color_blue'>UND &lt; int List.size() &gt; :182(@f$3)</span> ;
    <span class='color_blue'>problems = 0<span class='color_orange'>nullify</span>:java.util.List*</span>; <span class='color_blue'>$irvar0 = 0<span class='color_orange'>nullify</span>:void</span>; <span class='color_blue'>return = EXN _t$0<span class='color_orange'>update:182</span>:void</span>; <span class='color_blue'>$irvar1 = 0<span class='color_orange'>nullify</span>:void</span>; <span class='color_blue'>this = 0<span class='color_orange'>nullify</span>:org.junit.tests.running.methods.ParameterizedTestMethodTest*( sub )</span>; <span class='color_blue'>old_this = @f$0<span class='color_orange'>formal</span>:org.junit.tests.running.methods.ParameterizedTestMethodTest*( sub )</span> ;
    <span class='color_blue'>_t$0|->{}<span class='color_orange'>alloc</span>:java.lang.AssertionError</span>; <span class='color_blue'>old_this|->{fClass:null<span class='color_orange'>rearrange:(z)(ncf)181</span>, fErrorCount:@f$1<span class='color_orange'>rearrange:182</span>}<span class='color_orange'>rearrange:(z)181</span>:org.junit.tests.running.methods.ParameterizedTestMethodTest( sub )</span>
    [footprint
       <span class='color_blue'>@f$2 = null</span>; <span class='color_blue'>@f$3 != @f$1</span> *
       <span class='color_blue'>$RET_java.util.List.size():int|abducedRetvar = @f$3<span class='color_orange'>none</span>:int( sub )</span>; <span class='color_blue'>this = @f$0<span class='color_orange'>formal</span>:org.junit.tests.running.methods.ParameterizedTestMethodTest*( sub )</span> ;
       <span class='color_blue'>old_this|->{fClass:@f$2<span class='color_orange'>rearrange:(z)181</span>, fErrorCount:@f$1<span class='color_orange'>rearrange:182</span>}<span class='color_orange'>rearrange:(z)181</span>:org.junit.tests.running.methods.ParameterizedTestMethodTest( sub )</span>  ]</span>
    
    Instruction <span class='color_green'>NULLIFY(&amp;$irvar1); [line 183]</span>
    in vpath_find exp:_t$0
    vpath_find: cannot find _t$0
    Instruction Returns
    PROP 1 of 1:
    <span class='color_blue'><span class='color_blue'>@f$2 = null</span> ;
    <span class='color_blue'>@f$3 != @f$1</span>; <span class='color_blue'>MEMne &lt; void Assert.assertEquals(long,long):182 &gt; <span class='color_orange'>{vpath: }</span>(_t$0)</span>; <span class='color_blue'>UND &lt; List Collections.emptyList() &gt; :176(_t$1)</span>; <span class='color_blue'>UND &lt; int List.size() &gt; :182(@f$3)</span> ;
    <span class='color_blue'>problems = 0<span class='color_orange'>nullify</span>:java.util.List*</span>; <span class='color_blue'>$irvar0 = 0<span class='color_orange'>nullify</span>:void</span>; <span class='color_blue'>return = EXN _t$0<span class='color_orange'>update:182</span>:void</span>; <span class='color_blue'>$irvar1 = 0<span class='color_orange'>nullify</span>:void</span>; <span class='color_blue'>this = 0<span class='color_orange'>nullify</span>:org.junit.tests.running.methods.ParameterizedTestMethodTest*( sub )</span>; <span class='color_blue'>old_this = @f$0<span class='color_orange'>formal</span>:org.junit.tests.running.methods.ParameterizedTestMethodTest*( sub )</span> ;
    <span class='color_blue'>_t$0|->{}<span class='color_orange'>alloc</span>:java.lang.AssertionError</span>; <span class='color_blue'>old_this|->{fClass:null<span class='color_orange'>rearrange:(z)(ncf)181</span>, fErrorCount:@f$1<span class='color_orange'>rearrange:182</span>}<span class='color_orange'>rearrange:(z)181</span>:org.junit.tests.running.methods.ParameterizedTestMethodTest( sub )</span>
    [footprint
       <span class='color_blue'>@f$2 = null</span>; <span class='color_blue'>@f$3 != @f$1</span> *
       <span class='color_blue'>$RET_java.util.List.size():int|abducedRetvar = @f$3<span class='color_orange'>none</span>:int( sub )</span>; <span class='color_blue'>this = @f$0<span class='color_orange'>formal</span>:org.junit.tests.running.methods.ParameterizedTestMethodTest*( sub )</span> ;
       <span class='color_blue'>old_this|->{fClass:@f$2<span class='color_orange'>rearrange:(z)181</span>, fErrorCount:@f$1<span class='color_orange'>rearrange:182</span>}<span class='color_orange'>rearrange:(z)181</span>:org.junit.tests.running.methods.ParameterizedTestMethodTest( sub )</span>  ]</span>
    
    Instruction <span class='color_green'>EXIT_SCOPE(problems,$irvar0,$irvar1); [line 183]</span>
    in vpath_find exp:_t$0
    vpath_find: cannot find _t$0
    Instruction Returns
    PROP 1 of 1:
    <span class='color_blue'><span class='color_blue'>@f$2 = null</span> ;
    <span class='color_blue'>@f$3 != @f$1</span>; <span class='color_blue'>MEMne &lt; void Assert.assertEquals(long,long):182 &gt; <span class='color_orange'>{vpath: }</span>(_t$0)</span>; <span class='color_blue'>UND &lt; List Collections.emptyList() &gt; :176(_t$1)</span>; <span class='color_blue'>UND &lt; int List.size() &gt; :182(@f$3)</span> ;
    <span class='color_blue'>problems = 0<span class='color_orange'>nullify</span>:java.util.List*</span>; <span class='color_blue'>$irvar0 = 0<span class='color_orange'>nullify</span>:void</span>; <span class='color_blue'>return = EXN _t$0<span class='color_orange'>update:182</span>:void</span>; <span class='color_blue'>$irvar1 = 0<span class='color_orange'>nullify</span>:void</span>; <span class='color_blue'>this = 0<span class='color_orange'>nullify</span>:org.junit.tests.running.methods.ParameterizedTestMethodTest*( sub )</span>; <span class='color_blue'>old_this = @f$0<span class='color_orange'>formal</span>:org.junit.tests.running.methods.ParameterizedTestMethodTest*( sub )</span> ;
    <span class='color_blue'>_t$0|->{}<span class='color_orange'>alloc</span>:java.lang.AssertionError</span>; <span class='color_blue'>old_this|->{fClass:null<span class='color_orange'>rearrange:(z)(ncf)181</span>, fErrorCount:@f$1<span class='color_orange'>rearrange:182</span>}<span class='color_orange'>rearrange:(z)181</span>:org.junit.tests.running.methods.ParameterizedTestMethodTest( sub )</span>
    [footprint
       <span class='color_blue'>@f$2 = null</span>; <span class='color_blue'>@f$3 != @f$1</span> *
       <span class='color_blue'>$RET_java.util.List.size():int|abducedRetvar = @f$3<span class='color_orange'>none</span>:int( sub )</span>; <span class='color_blue'>this = @f$0<span class='color_orange'>formal</span>:org.junit.tests.running.methods.ParameterizedTestMethodTest*( sub )</span> ;
       <span class='color_blue'>old_this|->{fClass:@f$2<span class='color_orange'>rearrange:(z)181</span>, fErrorCount:@f$1<span class='color_orange'>rearrange:182</span>}<span class='color_orange'>rearrange:(z)181</span>:org.junit.tests.running.methods.ParameterizedTestMethodTest( sub )</span>  ]</span>
    
    Instruction <span class='color_green'>APPLY_ABSTRACTION; [line 183]</span>
    in vpath_find exp:_t$0
    vpath_find: cannot find _t$0
    Prover.check_inconsistency_base: inconsistency reason [None]
    Prover.check_inconsistency_base: inconsistency reason [None]
    <span class='color_blue'>@f$2 != @f$1; MEMne &lt; void Assert.assertEquals(long,long):182 &gt; <span class='color_orange'>{vpath: }</span>(_t$0); UND &lt; int List.size() &gt; :182(@f$2) ;
    problems = 0<span class='color_orange'>nullify</span>:java.util.List*; $irvar0 = 0<span class='color_orange'>nullify</span>:void; return = EXN _t$0<span class='color_orange'>update:182</span>:void; $irvar1 = 0<span class='color_orange'>nullify</span>:void; this = 0<span class='color_orange'>nullify</span>:org.junit.tests.running.methods.ParameterizedTestMethodTest*( sub ); old_this = @f$0<span class='color_orange'>formal</span>:org.junit.tests.running.methods.ParameterizedTestMethodTest*( sub ) ;
    _t$0|->{}<span class='color_orange'>alloc</span>:java.lang.AssertionError; old_this|->{fClass:null<span class='color_orange'>rearrange:(z)(ncf)181</span>, fErrorCount:@f$1<span class='color_orange'>rearrange:182</span>}<span class='color_orange'>rearrange:(z)181</span>:org.junit.tests.running.methods.ParameterizedTestMethodTest( sub )
    [footprint
       @f$2 != @f$1 *
       $RET_java.util.List.size():int|abducedRetvar = @f$2<span class='color_orange'>none</span>:int( sub ); this = @f$0<span class='color_orange'>formal</span>:org.junit.tests.running.methods.ParameterizedTestMethodTest*( sub ) ;
       old_this|->{fClass:null<span class='color_orange'>rearrange:(z)181</span>, fErrorCount:@f$1<span class='color_orange'>rearrange:182</span>}<span class='color_orange'>rearrange:(z)181</span>:org.junit.tests.running.methods.ParameterizedTestMethodTest( sub )  ]</span>
    Instruction Returns
    PROP 1 of 1:
    <span class='color_blue'><span class='color_blue'>@f$2 != @f$1</span>; <span class='color_blue'>MEMne &lt; void Assert.assertEquals(long,long):182 &gt; <span class='color_orange'>{vpath: }</span>(_t$0)</span>; <span class='color_blue'>UND &lt; int List.size() &gt; :182(@f$2)</span> ;
    <span class='color_blue'>problems = 0<span class='color_orange'>nullify</span>:java.util.List*</span>; <span class='color_blue'>$irvar0 = 0<span class='color_orange'>nullify</span>:void</span>; <span class='color_blue'>return = EXN _t$0<span class='color_orange'>update:182</span>:void</span>; <span class='color_blue'>$irvar1 = 0<span class='color_orange'>nullify</span>:void</span>; <span class='color_blue'>this = 0<span class='color_orange'>nullify</span>:org.junit.tests.running.methods.ParameterizedTestMethodTest*( sub )</span>; <span class='color_blue'>old_this = @f$0<span class='color_orange'>formal</span>:org.junit.tests.running.methods.ParameterizedTestMethodTest*( sub )</span> ;
    <span class='color_blue'>_t$0|->{}<span class='color_orange'>alloc</span>:java.lang.AssertionError</span>; <span class='color_blue'>old_this|->{fClass:null<span class='color_orange'>rearrange:(z)(ncf)181</span>, fErrorCount:@f$1<span class='color_orange'>rearrange:182</span>}<span class='color_orange'>rearrange:(z)181</span>:org.junit.tests.running.methods.ParameterizedTestMethodTest( sub )</span>
    [footprint
       <span class='color_blue'>@f$2 != @f$1</span> *
       <span class='color_blue'>$RET_java.util.List.size():int|abducedRetvar = <span class='color_red'>@f$2<span class='color_orange'>none</span></span>:int( sub )</span>; <span class='color_blue'>this = @f$0<span class='color_orange'>formal</span>:org.junit.tests.running.methods.ParameterizedTestMethodTest*( sub )</span> ;
       <span class='color_blue'>old_this|->{fClass:<span class='color_red'>null<span class='color_orange'>rearrange:(z)181</span></span>, fErrorCount:@f$1<span class='color_orange'>rearrange:182</span>}<span class='color_orange'>rearrange:(z)181</span>:org.junit.tests.running.methods.ParameterizedTestMethodTest( sub )</span>  ]</span>
    
    .... After Symbolic Execution ....
    PROP 1 of 1:
    <span class='color_blue'><span class='color_blue'>@f$2 != @f$1</span>; <span class='color_blue'>MEMne &lt; void Assert.assertEquals(long,long):182 &gt; <span class='color_orange'>{vpath: }</span>(_t$0)</span>; <span class='color_blue'>UND &lt; int List.size() &gt; :182(@f$2)</span> ;
    <span class='color_blue'>problems = 0<span class='color_orange'>nullify</span>:java.util.List*</span>; <span class='color_blue'>$irvar0 = 0<span class='color_orange'>nullify</span>:void</span>; <span class='color_blue'>return = EXN _t$0<span class='color_orange'>update:182</span>:void</span>; <span class='color_blue'>$irvar1 = 0<span class='color_orange'>nullify</span>:void</span>; <span class='color_blue'>this = 0<span class='color_orange'>nullify</span>:org.junit.tests.running.methods.ParameterizedTestMethodTest*( sub )</span>; <span class='color_blue'>old_this = @f$0<span class='color_orange'>formal</span>:org.junit.tests.running.methods.ParameterizedTestMethodTest*( sub )</span> ;
    <span class='color_blue'>_t$0|->{}<span class='color_orange'>alloc</span>:java.lang.AssertionError</span>; <span class='color_blue'>old_this|->{fClass:null<span class='color_orange'>rearrange:(z)(ncf)181</span>, fErrorCount:@f$1<span class='color_orange'>rearrange:182</span>}<span class='color_orange'>rearrange:(z)181</span>:org.junit.tests.running.methods.ParameterizedTestMethodTest( sub )</span>
    [footprint
       <span class='color_blue'>@f$2 != @f$1</span> *
       <span class='color_blue'>$RET_java.util.List.size():int|abducedRetvar = <span class='color_red'>@f$2<span class='color_orange'>none</span></span>:int( sub )</span>; <span class='color_blue'>this = @f$0<span class='color_orange'>formal</span>:org.junit.tests.running.methods.ParameterizedTestMethodTest*( sub )</span> ;
       <span class='color_blue'>old_this|->{fClass:<span class='color_red'>null<span class='color_orange'>rearrange:(z)181</span></span>, fErrorCount:@f$1<span class='color_orange'>rearrange:182</span>}<span class='color_orange'>rearrange:(z)181</span>:org.junit.tests.running.methods.ParameterizedTestMethodTest( sub )</span>  ]</span>
    
    
    
  Processing prop 3/3
    Instruction <span class='color_green'>NULLIFY(&amp;problems); [line 183]</span>
    in vpath_find exp:_t$0
    vpath_find: cannot find _t$0
    Instruction Returns
    PROP 1 of 1:
    <span class='color_blue'><span class='color_blue'>_t$0 != 0</span>; <span class='color_blue'>@f$1 != null</span>; <span class='color_blue'>MEMne &lt; List ParameterizedTestMethodTest.validateAllMethods(Class):181 &gt; <span class='color_orange'>{vpath: }</span>(_t$0)</span> ;
    <span class='color_blue'>problems = <span class='color_red'>0<span class='color_orange'>nullify</span></span>:java.util.List*</span>; <span class='color_blue'>$irvar0 = <span class='color_red'>_t$1<span class='color_orange'>initial</span></span>:void</span>; <span class='color_blue'>return = EXN _t$0<span class='color_orange'>update:181</span>:void</span>; <span class='color_blue'>$irvar1 = <span class='color_red'>_t$2<span class='color_orange'>initial</span></span>:void</span>; <span class='color_blue'>this = @f$0<span class='color_orange'>formal</span>:org.junit.tests.running.methods.ParameterizedTestMethodTest*( sub )</span>; <span class='color_blue'>old_this = @f$0<span class='color_orange'>formal</span>:org.junit.tests.running.methods.ParameterizedTestMethodTest*( sub )</span> ;
    <span class='color_blue'>_t$0|->{}<span class='color_orange'>alloc</span>:java.lang.IllegalArgumentException</span>; <span class='color_blue'>@f$1|->{}<span class='color_orange'>formal</span>:java.lang.Class( sub )</span>; <span class='color_blue'>old_this|->{fClass:@f$1<span class='color_orange'>rearrange:(z)181</span>}<span class='color_orange'>rearrange:(z)181</span>:org.junit.tests.running.methods.ParameterizedTestMethodTest( sub )</span>
    [footprint
       <span class='color_blue'>@f$1 != null</span> *
       <span class='color_blue'>this = @f$0<span class='color_orange'>formal</span>:org.junit.tests.running.methods.ParameterizedTestMethodTest*( sub )</span> ;
       <span class='color_blue'>@f$1|->{}<span class='color_orange'>rearrange:47</span>:java.lang.Class( sub )</span>; <span class='color_blue'>old_this|->{fClass:@f$1<span class='color_orange'>rearrange:(z)181</span>}<span class='color_orange'>rearrange:(z)181</span>:org.junit.tests.running.methods.ParameterizedTestMethodTest( sub )</span>  ]</span>
    
    Instruction <span class='color_green'>NULLIFY(&amp;$irvar0); [line 183]</span>
    in vpath_find exp:_t$0
    vpath_find: cannot find _t$0
    Instruction Returns
    PROP 1 of 1:
    <span class='color_blue'><span class='color_blue'>_t$0 != 0</span>; <span class='color_blue'>@f$1 != null</span>; <span class='color_blue'>MEMne &lt; List ParameterizedTestMethodTest.validateAllMethods(Class):181 &gt; <span class='color_orange'>{vpath: }</span>(_t$0)</span> ;
    <span class='color_blue'>problems = 0<span class='color_orange'>nullify</span>:java.util.List*</span>; <span class='color_blue'>$irvar0 = <span class='color_red'>0<span class='color_orange'>nullify</span></span>:void</span>; <span class='color_blue'>return = EXN _t$0<span class='color_orange'>update:181</span>:void</span>; <span class='color_blue'>$irvar1 = <span class='color_red'>_t$1<span class='color_orange'>initial</span></span>:void</span>; <span class='color_blue'>this = @f$0<span class='color_orange'>formal</span>:org.junit.tests.running.methods.ParameterizedTestMethodTest*( sub )</span>; <span class='color_blue'>old_this = @f$0<span class='color_orange'>formal</span>:org.junit.tests.running.methods.ParameterizedTestMethodTest*( sub )</span> ;
    <span class='color_blue'>_t$0|->{}<span class='color_orange'>alloc</span>:java.lang.IllegalArgumentException</span>; <span class='color_blue'>@f$1|->{}<span class='color_orange'>formal</span>:java.lang.Class( sub )</span>; <span class='color_blue'>old_this|->{fClass:@f$1<span class='color_orange'>rearrange:(z)181</span>}<span class='color_orange'>rearrange:(z)181</span>:org.junit.tests.running.methods.ParameterizedTestMethodTest( sub )</span>
    [footprint
       <span class='color_blue'>@f$1 != null</span> *
       <span class='color_blue'>this = @f$0<span class='color_orange'>formal</span>:org.junit.tests.running.methods.ParameterizedTestMethodTest*( sub )</span> ;
       <span class='color_blue'>@f$1|->{}<span class='color_orange'>rearrange:47</span>:java.lang.Class( sub )</span>; <span class='color_blue'>old_this|->{fClass:@f$1<span class='color_orange'>rearrange:(z)181</span>}<span class='color_orange'>rearrange:(z)181</span>:org.junit.tests.running.methods.ParameterizedTestMethodTest( sub )</span>  ]</span>
    
    Instruction <span class='color_green'>NULLIFY(&amp;$irvar1); [line 183]</span>
    in vpath_find exp:_t$0
    vpath_find: cannot find _t$0
    Instruction Returns
    PROP 1 of 1:
    <span class='color_blue'><span class='color_blue'>_t$0 != 0</span>; <span class='color_blue'>@f$1 != null</span>; <span class='color_blue'>MEMne &lt; List ParameterizedTestMethodTest.validateAllMethods(Class):181 &gt; <span class='color_orange'>{vpath: }</span>(_t$0)</span> ;
    <span class='color_blue'>problems = 0<span class='color_orange'>nullify</span>:java.util.List*</span>; <span class='color_blue'>$irvar0 = 0<span class='color_orange'>nullify</span>:void</span>; <span class='color_blue'>return = EXN _t$0<span class='color_orange'>update:181</span>:void</span>; <span class='color_blue'>$irvar1 = <span class='color_red'>0<span class='color_orange'>nullify</span></span>:void</span>; <span class='color_blue'>this = @f$0<span class='color_orange'>formal</span>:org.junit.tests.running.methods.ParameterizedTestMethodTest*( sub )</span>; <span class='color_blue'>old_this = @f$0<span class='color_orange'>formal</span>:org.junit.tests.running.methods.ParameterizedTestMethodTest*( sub )</span> ;
    <span class='color_blue'>_t$0|->{}<span class='color_orange'>alloc</span>:java.lang.IllegalArgumentException</span>; <span class='color_blue'>@f$1|->{}<span class='color_orange'>formal</span>:java.lang.Class( sub )</span>; <span class='color_blue'>old_this|->{fClass:@f$1<span class='color_orange'>rearrange:(z)181</span>}<span class='color_orange'>rearrange:(z)181</span>:org.junit.tests.running.methods.ParameterizedTestMethodTest( sub )</span>
    [footprint
       <span class='color_blue'>@f$1 != null</span> *
       <span class='color_blue'>this = @f$0<span class='color_orange'>formal</span>:org.junit.tests.running.methods.ParameterizedTestMethodTest*( sub )</span> ;
       <span class='color_blue'>@f$1|->{}<span class='color_orange'>rearrange:47</span>:java.lang.Class( sub )</span>; <span class='color_blue'>old_this|->{fClass:@f$1<span class='color_orange'>rearrange:(z)181</span>}<span class='color_orange'>rearrange:(z)181</span>:org.junit.tests.running.methods.ParameterizedTestMethodTest( sub )</span>  ]</span>
    
    Instruction <span class='color_green'>EXIT_SCOPE(problems,$irvar0,$irvar1); [line 183]</span>
    in vpath_find exp:_t$0
    vpath_find: cannot find _t$0
    Instruction Returns
    PROP 1 of 1:
    <span class='color_blue'><span class='color_blue'>_t$0 != 0</span>; <span class='color_blue'>@f$1 != null</span>; <span class='color_blue'>MEMne &lt; List ParameterizedTestMethodTest.validateAllMethods(Class):181 &gt; <span class='color_orange'>{vpath: }</span>(_t$0)</span> ;
    <span class='color_blue'>problems = 0<span class='color_orange'>nullify</span>:java.util.List*</span>; <span class='color_blue'>$irvar0 = 0<span class='color_orange'>nullify</span>:void</span>; <span class='color_blue'>return = EXN _t$0<span class='color_orange'>update:181</span>:void</span>; <span class='color_blue'>$irvar1 = 0<span class='color_orange'>nullify</span>:void</span>; <span class='color_blue'>this = @f$0<span class='color_orange'>formal</span>:org.junit.tests.running.methods.ParameterizedTestMethodTest*( sub )</span>; <span class='color_blue'>old_this = @f$0<span class='color_orange'>formal</span>:org.junit.tests.running.methods.ParameterizedTestMethodTest*( sub )</span> ;
    <span class='color_blue'>_t$0|->{}<span class='color_orange'>alloc</span>:java.lang.IllegalArgumentException</span>; <span class='color_blue'>@f$1|->{}<span class='color_orange'>formal</span>:java.lang.Class( sub )</span>; <span class='color_blue'>old_this|->{fClass:@f$1<span class='color_orange'>rearrange:(z)181</span>}<span class='color_orange'>rearrange:(z)181</span>:org.junit.tests.running.methods.ParameterizedTestMethodTest( sub )</span>
    [footprint
       <span class='color_blue'>@f$1 != null</span> *
       <span class='color_blue'>this = @f$0<span class='color_orange'>formal</span>:org.junit.tests.running.methods.ParameterizedTestMethodTest*( sub )</span> ;
       <span class='color_blue'>@f$1|->{}<span class='color_orange'>rearrange:47</span>:java.lang.Class( sub )</span>; <span class='color_blue'>old_this|->{fClass:@f$1<span class='color_orange'>rearrange:(z)181</span>}<span class='color_orange'>rearrange:(z)181</span>:org.junit.tests.running.methods.ParameterizedTestMethodTest( sub )</span>  ]</span>
    
    Instruction <span class='color_green'>APPLY_ABSTRACTION; [line 183]</span>
    in vpath_find exp:_t$0
    vpath_find: cannot find _t$0
    Prover.check_inconsistency_base: inconsistency reason [None]
    Prover.check_inconsistency_base: inconsistency reason [None]
    <span class='color_blue'>_t$0 != 0; @f$1 != null; MEMne &lt; List ParameterizedTestMethodTest.validateAllMethods(Class):181 &gt; <span class='color_orange'>{vpath: }</span>(_t$0) ;
    problems = 0<span class='color_orange'>nullify</span>:java.util.List*; $irvar0 = 0<span class='color_orange'>nullify</span>:void; return = EXN _t$0<span class='color_orange'>update:181</span>:void; $irvar1 = 0<span class='color_orange'>nullify</span>:void; this = @f$0<span class='color_orange'>formal</span>:org.junit.tests.running.methods.ParameterizedTestMethodTest*( sub ); old_this = @f$0<span class='color_orange'>formal</span>:org.junit.tests.running.methods.ParameterizedTestMethodTest*( sub ) ;
    _t$0|->{}<span class='color_orange'>alloc</span>:java.lang.IllegalArgumentException; @f$1|->{}<span class='color_orange'>formal</span>:java.lang.Class( sub ); old_this|->{fClass:@f$1<span class='color_orange'>rearrange:(z)181</span>}<span class='color_orange'>rearrange:(z)181</span>:org.junit.tests.running.methods.ParameterizedTestMethodTest( sub )
    [footprint
       @f$1 != null *
       this = @f$0<span class='color_orange'>formal</span>:org.junit.tests.running.methods.ParameterizedTestMethodTest*( sub ) ;
       @f$1|->{}<span class='color_orange'>rearrange:47</span>:java.lang.Class( sub ); old_this|->{fClass:@f$1<span class='color_orange'>rearrange:(z)181</span>}<span class='color_orange'>rearrange:(z)181</span>:org.junit.tests.running.methods.ParameterizedTestMethodTest( sub )  ]</span>
    Instruction Returns
    PROP 1 of 1:
    <span class='color_blue'><span class='color_blue'>_t$0 != 0</span>; <span class='color_blue'>@f$1 != null</span>; <span class='color_blue'>MEMne &lt; List ParameterizedTestMethodTest.validateAllMethods(Class):181 &gt; <span class='color_orange'>{vpath: }</span>(_t$0)</span> ;
    <span class='color_blue'>problems = 0<span class='color_orange'>nullify</span>:java.util.List*</span>; <span class='color_blue'>$irvar0 = 0<span class='color_orange'>nullify</span>:void</span>; <span class='color_blue'>return = EXN _t$0<span class='color_orange'>update:181</span>:void</span>; <span class='color_blue'>$irvar1 = 0<span class='color_orange'>nullify</span>:void</span>; <span class='color_blue'>this = @f$0<span class='color_orange'>formal</span>:org.junit.tests.running.methods.ParameterizedTestMethodTest*( sub )</span>; <span class='color_blue'>old_this = @f$0<span class='color_orange'>formal</span>:org.junit.tests.running.methods.ParameterizedTestMethodTest*( sub )</span> ;
    <span class='color_blue'>_t$0|->{}<span class='color_orange'>alloc</span>:java.lang.IllegalArgumentException</span>; <span class='color_blue'>@f$1|->{}<span class='color_orange'>formal</span>:java.lang.Class( sub )</span>; <span class='color_blue'>old_this|->{fClass:@f$1<span class='color_orange'>rearrange:(z)181</span>}<span class='color_orange'>rearrange:(z)181</span>:org.junit.tests.running.methods.ParameterizedTestMethodTest( sub )</span>
    [footprint
       <span class='color_blue'>@f$1 != null</span> *
       <span class='color_blue'>this = @f$0<span class='color_orange'>formal</span>:org.junit.tests.running.methods.ParameterizedTestMethodTest*( sub )</span> ;
       <span class='color_blue'>@f$1|->{}<span class='color_orange'>rearrange:47</span>:java.lang.Class( sub )</span>; <span class='color_blue'>old_this|->{fClass:@f$1<span class='color_orange'>rearrange:(z)181</span>}<span class='color_orange'>rearrange:(z)181</span>:org.junit.tests.running.methods.ParameterizedTestMethodTest( sub )</span>  ]</span>
    
    .... After Symbolic Execution ....
    PROP 1 of 1:
    <span class='color_blue'><span class='color_blue'>_t$0 != 0</span>; <span class='color_blue'>@f$1 != null</span>; <span class='color_blue'>MEMne &lt; List ParameterizedTestMethodTest.validateAllMethods(Class):181 &gt; <span class='color_orange'>{vpath: }</span>(_t$0)</span> ;
    <span class='color_blue'>problems = <span class='color_red'>0<span class='color_orange'>nullify</span></span>:java.util.List*</span>; <span class='color_blue'>$irvar0 = <span class='color_red'>0<span class='color_orange'>nullify</span></span>:void</span>; <span class='color_blue'>return = EXN _t$0<span class='color_orange'>update:181</span>:void</span>; <span class='color_blue'>$irvar1 = <span class='color_red'>0<span class='color_orange'>nullify</span></span>:void</span>; <span class='color_blue'>this = @f$0<span class='color_orange'>formal</span>:org.junit.tests.running.methods.ParameterizedTestMethodTest*( sub )</span>; <span class='color_blue'>old_this = @f$0<span class='color_orange'>formal</span>:org.junit.tests.running.methods.ParameterizedTestMethodTest*( sub )</span> ;
    <span class='color_blue'>_t$0|->{}<span class='color_orange'>alloc</span>:java.lang.IllegalArgumentException</span>; <span class='color_blue'>@f$1|->{}<span class='color_orange'>formal</span>:java.lang.Class( sub )</span>; <span class='color_blue'>old_this|->{fClass:@f$1<span class='color_orange'>rearrange:(z)181</span>}<span class='color_orange'>rearrange:(z)181</span>:org.junit.tests.running.methods.ParameterizedTestMethodTest( sub )</span>
    [footprint
       <span class='color_blue'>@f$1 != null</span> *
       <span class='color_blue'>this = @f$0<span class='color_orange'>formal</span>:org.junit.tests.running.methods.ParameterizedTestMethodTest*( sub )</span> ;
       <span class='color_blue'>@f$1|->{}<span class='color_orange'>rearrange:47</span>:java.lang.Class( sub )</span>; <span class='color_blue'>old_this|->{fClass:@f$1<span class='color_orange'>rearrange:(z)181</span>}<span class='color_orange'>rearrange:(z)181</span>:org.junit.tests.running.methods.ParameterizedTestMethodTest( sub )</span>  ]</span>
    
    
    
  </LISTING>
<hr width="100%">
<a name="session47" href="./../nodes/org.junit.tests.running.methods.ParameterizedTestMethodTest.testFailures%28%29%3Avoid.22847719070460f5789eff9af0c4682a_node3.html#session47">node3#session47</a>(<a href="./../../ParameterizedTestMethodTest.java.6093f52639c445546e7a856279d1dc76.html#LINE183">183</a>) biabduction
<LISTING class='color_black'>**** [RE:Pending] void ParameterizedTestMethodTest.testFailures() Node: 3, Procedure: void ParameterizedTestMethodTest.testFailures(), Todo: 2 ****
  PROP 1 of 2:
  <span class='color_blue'><span class='color_red'>$RET_java.util.List.size():int|abducedRetvar != val$3</span>; <span class='color_red'>val$2 != null</span>; <span class='color_red'>MEMne &lt; void Assert.assertEquals(long,long):182 &gt; <span class='color_orange'>{vpath: }</span>(_t$0)</span>; <span class='color_red'>UND &lt; List Collections.emptyList() &gt; :176(_t$1)</span>; <span class='color_red'>UND &lt; int List.size() &gt; :182($RET_java.util.List.size():int|abducedRetvar)</span> ;
  <span class='color_red'>problems = 0<span class='color_orange'>nullify</span>:java.util.List*</span>; <span class='color_red'>$RET_java.util.List.size():int|abducedRetvar = val$4<span class='color_orange'>formal</span>:int( sub )</span>; <span class='color_red'>$irvar0 = 0<span class='color_orange'>nullify</span>:void</span>; <span class='color_red'>return = EXN _t$0<span class='color_orange'>update:182</span>:void</span>; <span class='color_red'>$irvar1 = 0<span class='color_orange'>nullify</span>:void</span>; <span class='color_red'>this = 0<span class='color_orange'>nullify</span>:org.junit.tests.running.methods.ParameterizedTestMethodTest*( sub )</span>; <span class='color_red'>old_this = val$1<span class='color_orange'>formal</span>:org.junit.tests.running.methods.ParameterizedTestMethodTest*( sub )</span> ;
  <span class='color_red'>_t$0|->{}<span class='color_orange'>alloc</span>:java.lang.AssertionError</span>; <span class='color_red'>val$2|->{}<span class='color_orange'>formal</span>:java.lang.Class( sub )</span>; <span class='color_red'>old_this|->{fClass:val$2<span class='color_orange'>formal(z)</span>, fErrorCount:val$3<span class='color_orange'>formal</span>}<span class='color_orange'>formal(z)</span>:org.junit.tests.running.methods.ParameterizedTestMethodTest( sub )</span></span>
  PROP 2 of 2:
  <span class='color_blue'><span class='color_red'>_t$0 != 0</span>; <span class='color_red'>$RET_java.util.List.size():int|abducedRetvar != val$3</span>; <span class='color_red'>val$2 != null</span>; <span class='color_red'>MEMne &lt; List ParameterizedTestMethodTest.validateAllMethods(Class):181 &gt; <span class='color_orange'>{vpath: }</span>(_t$0)</span> ;
  <span class='color_red'>problems = _t$1<span class='color_orange'>initial</span>:java.util.List*</span>; <span class='color_red'>$RET_java.util.List.size():int|abducedRetvar = val$4<span class='color_orange'>formal</span>:int( sub )</span>; <span class='color_red'>$irvar0 = _t$2<span class='color_orange'>initial</span>:void</span>; <span class='color_red'>return = EXN _t$0<span class='color_orange'>update:181</span>:void</span>; <span class='color_red'>$irvar1 = _t$3<span class='color_orange'>initial</span>:void</span>; <span class='color_red'>this = val$1<span class='color_orange'>formal</span>:org.junit.tests.running.methods.ParameterizedTestMethodTest*( sub )</span>; <span class='color_red'>old_this = val$1<span class='color_orange'>formal</span>:org.junit.tests.running.methods.ParameterizedTestMethodTest*( sub )</span> ;
  <span class='color_red'>_t$0|->{}<span class='color_orange'>alloc</span>:java.lang.IllegalArgumentException</span>; <span class='color_red'>val$2|->{}<span class='color_orange'>formal</span>:java.lang.Class( sub )</span>; <span class='color_red'>old_this|->{fClass:val$2<span class='color_orange'>formal(z)</span>, fErrorCount:val$3<span class='color_orange'>formal</span>}<span class='color_orange'>formal(z)</span>:org.junit.tests.running.methods.ParameterizedTestMethodTest( sub )</span></span>
  .... Instructions: ....
  <span class='color_green'>NULLIFY(&amp;problems); [line 183];
  NULLIFY(&amp;$irvar0); [line 183];
  NULLIFY(&amp;$irvar1); [line 183];
  EXIT_SCOPE(problems,$irvar0,$irvar1); [line 183];
  APPLY_ABSTRACTION; [line 183];
  </span>
  
  Processing prop 1/2
    Instruction <span class='color_green'>NULLIFY(&amp;problems); [line 183]</span>
    in vpath_find exp:_t$0
    vpath_find: cannot find _t$0
    Instruction Returns
    PROP 1 of 1:
    <span class='color_blue'><span class='color_blue'>$RET_java.util.List.size():int|abducedRetvar != val$3</span>; <span class='color_blue'>val$2 != null</span>; <span class='color_blue'>MEMne &lt; void Assert.assertEquals(long,long):182 &gt; <span class='color_orange'>{vpath: }</span>(_t$0)</span>; <span class='color_blue'>UND &lt; List Collections.emptyList() &gt; :176(_t$1)</span>; <span class='color_blue'>UND &lt; int List.size() &gt; :182($RET_java.util.List.size():int|abducedRetvar)</span> ;
    <span class='color_blue'>problems = 0<span class='color_orange'>nullify</span>:java.util.List*</span>; <span class='color_blue'>$RET_java.util.List.size():int|abducedRetvar = val$4<span class='color_orange'>formal</span>:int( sub )</span>; <span class='color_blue'>$irvar0 = 0<span class='color_orange'>nullify</span>:void</span>; <span class='color_blue'>return = EXN _t$0<span class='color_orange'>update:182</span>:void</span>; <span class='color_blue'>$irvar1 = 0<span class='color_orange'>nullify</span>:void</span>; <span class='color_blue'>this = 0<span class='color_orange'>nullify</span>:org.junit.tests.running.methods.ParameterizedTestMethodTest*( sub )</span>; <span class='color_blue'>old_this = val$1<span class='color_orange'>formal</span>:org.junit.tests.running.methods.ParameterizedTestMethodTest*( sub )</span> ;
    <span class='color_blue'>_t$0|->{}<span class='color_orange'>alloc</span>:java.lang.AssertionError</span>; <span class='color_blue'>val$2|->{}<span class='color_orange'>formal</span>:java.lang.Class( sub )</span>; <span class='color_blue'>old_this|->{fClass:val$2<span class='color_orange'>formal(z)</span>, fErrorCount:val$3<span class='color_orange'>formal</span>}<span class='color_orange'>formal(z)</span>:org.junit.tests.running.methods.ParameterizedTestMethodTest( sub )</span></span>
    
    Instruction <span class='color_green'>NULLIFY(&amp;$irvar0); [line 183]</span>
    in vpath_find exp:_t$0
    vpath_find: cannot find _t$0
    Instruction Returns
    PROP 1 of 1:
    <span class='color_blue'><span class='color_blue'>$RET_java.util.List.size():int|abducedRetvar != val$3</span>; <span class='color_blue'>val$2 != null</span>; <span class='color_blue'>MEMne &lt; void Assert.assertEquals(long,long):182 &gt; <span class='color_orange'>{vpath: }</span>(_t$0)</span>; <span class='color_blue'>UND &lt; List Collections.emptyList() &gt; :176(_t$1)</span>; <span class='color_blue'>UND &lt; int List.size() &gt; :182($RET_java.util.List.size():int|abducedRetvar)</span> ;
    <span class='color_blue'>problems = 0<span class='color_orange'>nullify</span>:java.util.List*</span>; <span class='color_blue'>$RET_java.util.List.size():int|abducedRetvar = val$4<span class='color_orange'>formal</span>:int( sub )</span>; <span class='color_blue'>$irvar0 = 0<span class='color_orange'>nullify</span>:void</span>; <span class='color_blue'>return = EXN _t$0<span class='color_orange'>update:182</span>:void</span>; <span class='color_blue'>$irvar1 = 0<span class='color_orange'>nullify</span>:void</span>; <span class='color_blue'>this = 0<span class='color_orange'>nullify</span>:org.junit.tests.running.methods.ParameterizedTestMethodTest*( sub )</span>; <span class='color_blue'>old_this = val$1<span class='color_orange'>formal</span>:org.junit.tests.running.methods.ParameterizedTestMethodTest*( sub )</span> ;
    <span class='color_blue'>_t$0|->{}<span class='color_orange'>alloc</span>:java.lang.AssertionError</span>; <span class='color_blue'>val$2|->{}<span class='color_orange'>formal</span>:java.lang.Class( sub )</span>; <span class='color_blue'>old_this|->{fClass:val$2<span class='color_orange'>formal(z)</span>, fErrorCount:val$3<span class='color_orange'>formal</span>}<span class='color_orange'>formal(z)</span>:org.junit.tests.running.methods.ParameterizedTestMethodTest( sub )</span></span>
    
    Instruction <span class='color_green'>NULLIFY(&amp;$irvar1); [line 183]</span>
    in vpath_find exp:_t$0
    vpath_find: cannot find _t$0
    Instruction Returns
    PROP 1 of 1:
    <span class='color_blue'><span class='color_blue'>$RET_java.util.List.size():int|abducedRetvar != val$3</span>; <span class='color_blue'>val$2 != null</span>; <span class='color_blue'>MEMne &lt; void Assert.assertEquals(long,long):182 &gt; <span class='color_orange'>{vpath: }</span>(_t$0)</span>; <span class='color_blue'>UND &lt; List Collections.emptyList() &gt; :176(_t$1)</span>; <span class='color_blue'>UND &lt; int List.size() &gt; :182($RET_java.util.List.size():int|abducedRetvar)</span> ;
    <span class='color_blue'>problems = 0<span class='color_orange'>nullify</span>:java.util.List*</span>; <span class='color_blue'>$RET_java.util.List.size():int|abducedRetvar = val$4<span class='color_orange'>formal</span>:int( sub )</span>; <span class='color_blue'>$irvar0 = 0<span class='color_orange'>nullify</span>:void</span>; <span class='color_blue'>return = EXN _t$0<span class='color_orange'>update:182</span>:void</span>; <span class='color_blue'>$irvar1 = 0<span class='color_orange'>nullify</span>:void</span>; <span class='color_blue'>this = 0<span class='color_orange'>nullify</span>:org.junit.tests.running.methods.ParameterizedTestMethodTest*( sub )</span>; <span class='color_blue'>old_this = val$1<span class='color_orange'>formal</span>:org.junit.tests.running.methods.ParameterizedTestMethodTest*( sub )</span> ;
    <span class='color_blue'>_t$0|->{}<span class='color_orange'>alloc</span>:java.lang.AssertionError</span>; <span class='color_blue'>val$2|->{}<span class='color_orange'>formal</span>:java.lang.Class( sub )</span>; <span class='color_blue'>old_this|->{fClass:val$2<span class='color_orange'>formal(z)</span>, fErrorCount:val$3<span class='color_orange'>formal</span>}<span class='color_orange'>formal(z)</span>:org.junit.tests.running.methods.ParameterizedTestMethodTest( sub )</span></span>
    
    Instruction <span class='color_green'>EXIT_SCOPE(problems,$irvar0,$irvar1); [line 183]</span>
    in vpath_find exp:_t$0
    vpath_find: cannot find _t$0
    Instruction Returns
    PROP 1 of 1:
    <span class='color_blue'><span class='color_blue'>$RET_java.util.List.size():int|abducedRetvar != val$3</span>; <span class='color_blue'>val$2 != null</span>; <span class='color_blue'>MEMne &lt; void Assert.assertEquals(long,long):182 &gt; <span class='color_orange'>{vpath: }</span>(_t$0)</span>; <span class='color_blue'>UND &lt; List Collections.emptyList() &gt; :176(_t$1)</span>; <span class='color_blue'>UND &lt; int List.size() &gt; :182($RET_java.util.List.size():int|abducedRetvar)</span> ;
    <span class='color_blue'>problems = 0<span class='color_orange'>nullify</span>:java.util.List*</span>; <span class='color_blue'>$RET_java.util.List.size():int|abducedRetvar = val$4<span class='color_orange'>formal</span>:int( sub )</span>; <span class='color_blue'>$irvar0 = 0<span class='color_orange'>nullify</span>:void</span>; <span class='color_blue'>return = EXN _t$0<span class='color_orange'>update:182</span>:void</span>; <span class='color_blue'>$irvar1 = 0<span class='color_orange'>nullify</span>:void</span>; <span class='color_blue'>this = 0<span class='color_orange'>nullify</span>:org.junit.tests.running.methods.ParameterizedTestMethodTest*( sub )</span>; <span class='color_blue'>old_this = val$1<span class='color_orange'>formal</span>:org.junit.tests.running.methods.ParameterizedTestMethodTest*( sub )</span> ;
    <span class='color_blue'>_t$0|->{}<span class='color_orange'>alloc</span>:java.lang.AssertionError</span>; <span class='color_blue'>val$2|->{}<span class='color_orange'>formal</span>:java.lang.Class( sub )</span>; <span class='color_blue'>old_this|->{fClass:val$2<span class='color_orange'>formal(z)</span>, fErrorCount:val$3<span class='color_orange'>formal</span>}<span class='color_orange'>formal(z)</span>:org.junit.tests.running.methods.ParameterizedTestMethodTest( sub )</span></span>
    
    Instruction <span class='color_green'>APPLY_ABSTRACTION; [line 183]</span>
    in vpath_find exp:_t$0
    vpath_find: cannot find _t$0
    Prover.check_inconsistency_base: inconsistency reason [None]
    Prover.check_inconsistency_base: inconsistency reason [None]
    <span class='color_blue'>$RET_java.util.List.size():int|abducedRetvar != val$3; val$2 != null; MEMne &lt; void Assert.assertEquals(long,long):182 &gt; <span class='color_orange'>{vpath: }</span>(_t$0); UND &lt; int List.size() &gt; :182($RET_java.util.List.size():int|abducedRetvar) ;
    problems = 0<span class='color_orange'>nullify</span>:java.util.List*; $RET_java.util.List.size():int|abducedRetvar = val$4<span class='color_orange'>formal</span>:int( sub ); $irvar0 = 0<span class='color_orange'>nullify</span>:void; return = EXN _t$0<span class='color_orange'>update:182</span>:void; $irvar1 = 0<span class='color_orange'>nullify</span>:void; this = 0<span class='color_orange'>nullify</span>:org.junit.tests.running.methods.ParameterizedTestMethodTest*( sub ); old_this = val$1<span class='color_orange'>formal</span>:org.junit.tests.running.methods.ParameterizedTestMethodTest*( sub ) ;
    _t$0|->{}<span class='color_orange'>alloc</span>:java.lang.AssertionError; val$2|->{}<span class='color_orange'>formal</span>:java.lang.Class( sub ); old_this|->{fClass:val$2<span class='color_orange'>formal(z)</span>, fErrorCount:val$3<span class='color_orange'>formal</span>}<span class='color_orange'>formal(z)</span>:org.junit.tests.running.methods.ParameterizedTestMethodTest( sub )</span>
    Instruction Returns
    PROP 1 of 1:
    <span class='color_blue'><span class='color_blue'>$RET_java.util.List.size():int|abducedRetvar != val$3</span>; <span class='color_blue'>val$2 != null</span>; <span class='color_blue'>MEMne &lt; void Assert.assertEquals(long,long):182 &gt; <span class='color_orange'>{vpath: }</span>(_t$0)</span>; <span class='color_blue'>UND &lt; int List.size() &gt; :182($RET_java.util.List.size():int|abducedRetvar)</span> ;
    <span class='color_blue'>problems = 0<span class='color_orange'>nullify</span>:java.util.List*</span>; <span class='color_blue'>$RET_java.util.List.size():int|abducedRetvar = val$4<span class='color_orange'>formal</span>:int( sub )</span>; <span class='color_blue'>$irvar0 = 0<span class='color_orange'>nullify</span>:void</span>; <span class='color_blue'>return = EXN _t$0<span class='color_orange'>update:182</span>:void</span>; <span class='color_blue'>$irvar1 = 0<span class='color_orange'>nullify</span>:void</span>; <span class='color_blue'>this = 0<span class='color_orange'>nullify</span>:org.junit.tests.running.methods.ParameterizedTestMethodTest*( sub )</span>; <span class='color_blue'>old_this = val$1<span class='color_orange'>formal</span>:org.junit.tests.running.methods.ParameterizedTestMethodTest*( sub )</span> ;
    <span class='color_blue'>_t$0|->{}<span class='color_orange'>alloc</span>:java.lang.AssertionError</span>; <span class='color_blue'>val$2|->{}<span class='color_orange'>formal</span>:java.lang.Class( sub )</span>; <span class='color_blue'>old_this|->{fClass:val$2<span class='color_orange'>formal(z)</span>, fErrorCount:val$3<span class='color_orange'>formal</span>}<span class='color_orange'>formal(z)</span>:org.junit.tests.running.methods.ParameterizedTestMethodTest( sub )</span></span>
    
    .... After Symbolic Execution ....
    PROP 1 of 1:
    <span class='color_blue'><span class='color_blue'>$RET_java.util.List.size():int|abducedRetvar != val$3</span>; <span class='color_blue'>val$2 != null</span>; <span class='color_blue'>MEMne &lt; void Assert.assertEquals(long,long):182 &gt; <span class='color_orange'>{vpath: }</span>(_t$0)</span>; <span class='color_blue'>UND &lt; int List.size() &gt; :182($RET_java.util.List.size():int|abducedRetvar)</span> ;
    <span class='color_blue'>problems = 0<span class='color_orange'>nullify</span>:java.util.List*</span>; <span class='color_blue'>$RET_java.util.List.size():int|abducedRetvar = val$4<span class='color_orange'>formal</span>:int( sub )</span>; <span class='color_blue'>$irvar0 = 0<span class='color_orange'>nullify</span>:void</span>; <span class='color_blue'>return = EXN _t$0<span class='color_orange'>update:182</span>:void</span>; <span class='color_blue'>$irvar1 = 0<span class='color_orange'>nullify</span>:void</span>; <span class='color_blue'>this = 0<span class='color_orange'>nullify</span>:org.junit.tests.running.methods.ParameterizedTestMethodTest*( sub )</span>; <span class='color_blue'>old_this = val$1<span class='color_orange'>formal</span>:org.junit.tests.running.methods.ParameterizedTestMethodTest*( sub )</span> ;
    <span class='color_blue'>_t$0|->{}<span class='color_orange'>alloc</span>:java.lang.AssertionError</span>; <span class='color_blue'>val$2|->{}<span class='color_orange'>formal</span>:java.lang.Class( sub )</span>; <span class='color_blue'>old_this|->{fClass:val$2<span class='color_orange'>formal(z)</span>, fErrorCount:val$3<span class='color_orange'>formal</span>}<span class='color_orange'>formal(z)</span>:org.junit.tests.running.methods.ParameterizedTestMethodTest( sub )</span></span>
    
    
    
  Processing prop 2/2
    Instruction <span class='color_green'>NULLIFY(&amp;problems); [line 183]</span>
    in vpath_find exp:_t$0
    vpath_find: cannot find _t$0
    Instruction Returns
    PROP 1 of 1:
    <span class='color_blue'><span class='color_blue'>_t$0 != 0</span>; <span class='color_blue'>$RET_java.util.List.size():int|abducedRetvar != val$3</span>; <span class='color_blue'>val$2 != null</span>; <span class='color_blue'>MEMne &lt; List ParameterizedTestMethodTest.validateAllMethods(Class):181 &gt; <span class='color_orange'>{vpath: }</span>(_t$0)</span> ;
    <span class='color_blue'>problems = <span class='color_red'>0<span class='color_orange'>nullify</span></span>:java.util.List*</span>; <span class='color_blue'>$RET_java.util.List.size():int|abducedRetvar = val$4<span class='color_orange'>formal</span>:int( sub )</span>; <span class='color_blue'>$irvar0 = <span class='color_red'>_t$1<span class='color_orange'>initial</span></span>:void</span>; <span class='color_blue'>return = EXN _t$0<span class='color_orange'>update:181</span>:void</span>; <span class='color_blue'>$irvar1 = <span class='color_red'>_t$2<span class='color_orange'>initial</span></span>:void</span>; <span class='color_blue'>this = val$1<span class='color_orange'>formal</span>:org.junit.tests.running.methods.ParameterizedTestMethodTest*( sub )</span>; <span class='color_blue'>old_this = val$1<span class='color_orange'>formal</span>:org.junit.tests.running.methods.ParameterizedTestMethodTest*( sub )</span> ;
    <span class='color_blue'>_t$0|->{}<span class='color_orange'>alloc</span>:java.lang.IllegalArgumentException</span>; <span class='color_blue'>val$2|->{}<span class='color_orange'>formal</span>:java.lang.Class( sub )</span>; <span class='color_blue'>old_this|->{fClass:val$2<span class='color_orange'>formal(z)</span>, fErrorCount:val$3<span class='color_orange'>formal</span>}<span class='color_orange'>formal(z)</span>:org.junit.tests.running.methods.ParameterizedTestMethodTest( sub )</span></span>
    
    Instruction <span class='color_green'>NULLIFY(&amp;$irvar0); [line 183]</span>
    in vpath_find exp:_t$0
    vpath_find: cannot find _t$0
    Instruction Returns
    PROP 1 of 1:
    <span class='color_blue'><span class='color_blue'>_t$0 != 0</span>; <span class='color_blue'>$RET_java.util.List.size():int|abducedRetvar != val$3</span>; <span class='color_blue'>val$2 != null</span>; <span class='color_blue'>MEMne &lt; List ParameterizedTestMethodTest.validateAllMethods(Class):181 &gt; <span class='color_orange'>{vpath: }</span>(_t$0)</span> ;
    <span class='color_blue'>problems = 0<span class='color_orange'>nullify</span>:java.util.List*</span>; <span class='color_blue'>$RET_java.util.List.size():int|abducedRetvar = val$4<span class='color_orange'>formal</span>:int( sub )</span>; <span class='color_blue'>$irvar0 = <span class='color_red'>0<span class='color_orange'>nullify</span></span>:void</span>; <span class='color_blue'>return = EXN _t$0<span class='color_orange'>update:181</span>:void</span>; <span class='color_blue'>$irvar1 = <span class='color_red'>_t$1<span class='color_orange'>initial</span></span>:void</span>; <span class='color_blue'>this = val$1<span class='color_orange'>formal</span>:org.junit.tests.running.methods.ParameterizedTestMethodTest*( sub )</span>; <span class='color_blue'>old_this = val$1<span class='color_orange'>formal</span>:org.junit.tests.running.methods.ParameterizedTestMethodTest*( sub )</span> ;
    <span class='color_blue'>_t$0|->{}<span class='color_orange'>alloc</span>:java.lang.IllegalArgumentException</span>; <span class='color_blue'>val$2|->{}<span class='color_orange'>formal</span>:java.lang.Class( sub )</span>; <span class='color_blue'>old_this|->{fClass:val$2<span class='color_orange'>formal(z)</span>, fErrorCount:val$3<span class='color_orange'>formal</span>}<span class='color_orange'>formal(z)</span>:org.junit.tests.running.methods.ParameterizedTestMethodTest( sub )</span></span>
    
    Instruction <span class='color_green'>NULLIFY(&amp;$irvar1); [line 183]</span>
    in vpath_find exp:_t$0
    vpath_find: cannot find _t$0
    Instruction Returns
    PROP 1 of 1:
    <span class='color_blue'><span class='color_blue'>_t$0 != 0</span>; <span class='color_blue'>$RET_java.util.List.size():int|abducedRetvar != val$3</span>; <span class='color_blue'>val$2 != null</span>; <span class='color_blue'>MEMne &lt; List ParameterizedTestMethodTest.validateAllMethods(Class):181 &gt; <span class='color_orange'>{vpath: }</span>(_t$0)</span> ;
    <span class='color_blue'>problems = 0<span class='color_orange'>nullify</span>:java.util.List*</span>; <span class='color_blue'>$RET_java.util.List.size():int|abducedRetvar = val$4<span class='color_orange'>formal</span>:int( sub )</span>; <span class='color_blue'>$irvar0 = 0<span class='color_orange'>nullify</span>:void</span>; <span class='color_blue'>return = EXN _t$0<span class='color_orange'>update:181</span>:void</span>; <span class='color_blue'>$irvar1 = <span class='color_red'>0<span class='color_orange'>nullify</span></span>:void</span>; <span class='color_blue'>this = val$1<span class='color_orange'>formal</span>:org.junit.tests.running.methods.ParameterizedTestMethodTest*( sub )</span>; <span class='color_blue'>old_this = val$1<span class='color_orange'>formal</span>:org.junit.tests.running.methods.ParameterizedTestMethodTest*( sub )</span> ;
    <span class='color_blue'>_t$0|->{}<span class='color_orange'>alloc</span>:java.lang.IllegalArgumentException</span>; <span class='color_blue'>val$2|->{}<span class='color_orange'>formal</span>:java.lang.Class( sub )</span>; <span class='color_blue'>old_this|->{fClass:val$2<span class='color_orange'>formal(z)</span>, fErrorCount:val$3<span class='color_orange'>formal</span>}<span class='color_orange'>formal(z)</span>:org.junit.tests.running.methods.ParameterizedTestMethodTest( sub )</span></span>
    
    Instruction <span class='color_green'>EXIT_SCOPE(problems,$irvar0,$irvar1); [line 183]</span>
    in vpath_find exp:_t$0
    vpath_find: cannot find _t$0
    Instruction Returns
    PROP 1 of 1:
    <span class='color_blue'><span class='color_blue'>_t$0 != 0</span>; <span class='color_blue'>$RET_java.util.List.size():int|abducedRetvar != val$3</span>; <span class='color_blue'>val$2 != null</span>; <span class='color_blue'>MEMne &lt; List ParameterizedTestMethodTest.validateAllMethods(Class):181 &gt; <span class='color_orange'>{vpath: }</span>(_t$0)</span> ;
    <span class='color_blue'>problems = 0<span class='color_orange'>nullify</span>:java.util.List*</span>; <span class='color_blue'>$RET_java.util.List.size():int|abducedRetvar = val$4<span class='color_orange'>formal</span>:int( sub )</span>; <span class='color_blue'>$irvar0 = 0<span class='color_orange'>nullify</span>:void</span>; <span class='color_blue'>return = EXN _t$0<span class='color_orange'>update:181</span>:void</span>; <span class='color_blue'>$irvar1 = 0<span class='color_orange'>nullify</span>:void</span>; <span class='color_blue'>this = val$1<span class='color_orange'>formal</span>:org.junit.tests.running.methods.ParameterizedTestMethodTest*( sub )</span>; <span class='color_blue'>old_this = val$1<span class='color_orange'>formal</span>:org.junit.tests.running.methods.ParameterizedTestMethodTest*( sub )</span> ;
    <span class='color_blue'>_t$0|->{}<span class='color_orange'>alloc</span>:java.lang.IllegalArgumentException</span>; <span class='color_blue'>val$2|->{}<span class='color_orange'>formal</span>:java.lang.Class( sub )</span>; <span class='color_blue'>old_this|->{fClass:val$2<span class='color_orange'>formal(z)</span>, fErrorCount:val$3<span class='color_orange'>formal</span>}<span class='color_orange'>formal(z)</span>:org.junit.tests.running.methods.ParameterizedTestMethodTest( sub )</span></span>
    
    Instruction <span class='color_green'>APPLY_ABSTRACTION; [line 183]</span>
    in vpath_find exp:_t$0
    vpath_find: cannot find _t$0
    Prover.check_inconsistency_base: inconsistency reason [None]
    Prover.check_inconsistency_base: inconsistency reason [None]
    <span class='color_blue'>_t$0 != 0; $RET_java.util.List.size():int|abducedRetvar != val$3; val$2 != null; MEMne &lt; List ParameterizedTestMethodTest.validateAllMethods(Class):181 &gt; <span class='color_orange'>{vpath: }</span>(_t$0) ;
    problems = 0<span class='color_orange'>nullify</span>:java.util.List*; $RET_java.util.List.size():int|abducedRetvar = val$4<span class='color_orange'>formal</span>:int( sub ); $irvar0 = 0<span class='color_orange'>nullify</span>:void; return = EXN _t$0<span class='color_orange'>update:181</span>:void; $irvar1 = 0<span class='color_orange'>nullify</span>:void; this = val$1<span class='color_orange'>formal</span>:org.junit.tests.running.methods.ParameterizedTestMethodTest*( sub ); old_this = val$1<span class='color_orange'>formal</span>:org.junit.tests.running.methods.ParameterizedTestMethodTest*( sub ) ;
    _t$0|->{}<span class='color_orange'>alloc</span>:java.lang.IllegalArgumentException; val$2|->{}<span class='color_orange'>formal</span>:java.lang.Class( sub ); old_this|->{fClass:val$2<span class='color_orange'>formal(z)</span>, fErrorCount:val$3<span class='color_orange'>formal</span>}<span class='color_orange'>formal(z)</span>:org.junit.tests.running.methods.ParameterizedTestMethodTest( sub )</span>
    Instruction Returns
    PROP 1 of 1:
    <span class='color_blue'><span class='color_blue'>_t$0 != 0</span>; <span class='color_blue'>$RET_java.util.List.size():int|abducedRetvar != val$3</span>; <span class='color_blue'>val$2 != null</span>; <span class='color_blue'>MEMne &lt; List ParameterizedTestMethodTest.validateAllMethods(Class):181 &gt; <span class='color_orange'>{vpath: }</span>(_t$0)</span> ;
    <span class='color_blue'>problems = 0<span class='color_orange'>nullify</span>:java.util.List*</span>; <span class='color_blue'>$RET_java.util.List.size():int|abducedRetvar = val$4<span class='color_orange'>formal</span>:int( sub )</span>; <span class='color_blue'>$irvar0 = 0<span class='color_orange'>nullify</span>:void</span>; <span class='color_blue'>return = EXN _t$0<span class='color_orange'>update:181</span>:void</span>; <span class='color_blue'>$irvar1 = 0<span class='color_orange'>nullify</span>:void</span>; <span class='color_blue'>this = val$1<span class='color_orange'>formal</span>:org.junit.tests.running.methods.ParameterizedTestMethodTest*( sub )</span>; <span class='color_blue'>old_this = val$1<span class='color_orange'>formal</span>:org.junit.tests.running.methods.ParameterizedTestMethodTest*( sub )</span> ;
    <span class='color_blue'>_t$0|->{}<span class='color_orange'>alloc</span>:java.lang.IllegalArgumentException</span>; <span class='color_blue'>val$2|->{}<span class='color_orange'>formal</span>:java.lang.Class( sub )</span>; <span class='color_blue'>old_this|->{fClass:val$2<span class='color_orange'>formal(z)</span>, fErrorCount:val$3<span class='color_orange'>formal</span>}<span class='color_orange'>formal(z)</span>:org.junit.tests.running.methods.ParameterizedTestMethodTest( sub )</span></span>
    
    .... After Symbolic Execution ....
    PROP 1 of 1:
    <span class='color_blue'><span class='color_blue'>_t$0 != 0</span>; <span class='color_blue'>$RET_java.util.List.size():int|abducedRetvar != val$3</span>; <span class='color_blue'>val$2 != null</span>; <span class='color_blue'>MEMne &lt; List ParameterizedTestMethodTest.validateAllMethods(Class):181 &gt; <span class='color_orange'>{vpath: }</span>(_t$0)</span> ;
    <span class='color_blue'>problems = <span class='color_red'>0<span class='color_orange'>nullify</span></span>:java.util.List*</span>; <span class='color_blue'>$RET_java.util.List.size():int|abducedRetvar = val$4<span class='color_orange'>formal</span>:int( sub )</span>; <span class='color_blue'>$irvar0 = <span class='color_red'>0<span class='color_orange'>nullify</span></span>:void</span>; <span class='color_blue'>return = EXN _t$0<span class='color_orange'>update:181</span>:void</span>; <span class='color_blue'>$irvar1 = <span class='color_red'>0<span class='color_orange'>nullify</span></span>:void</span>; <span class='color_blue'>this = val$1<span class='color_orange'>formal</span>:org.junit.tests.running.methods.ParameterizedTestMethodTest*( sub )</span>; <span class='color_blue'>old_this = val$1<span class='color_orange'>formal</span>:org.junit.tests.running.methods.ParameterizedTestMethodTest*( sub )</span> ;
    <span class='color_blue'>_t$0|->{}<span class='color_orange'>alloc</span>:java.lang.IllegalArgumentException</span>; <span class='color_blue'>val$2|->{}<span class='color_orange'>formal</span>:java.lang.Class( sub )</span>; <span class='color_blue'>old_this|->{fClass:val$2<span class='color_orange'>formal(z)</span>, fErrorCount:val$3<span class='color_orange'>formal</span>}<span class='color_orange'>formal(z)</span>:org.junit.tests.running.methods.ParameterizedTestMethodTest( sub )</span></span>
    
    
    
  </LISTING>
<hr width="100%">
<a name="session57" href="./../nodes/org.junit.tests.running.methods.ParameterizedTestMethodTest.testFailures%28%29%3Avoid.22847719070460f5789eff9af0c4682a_node3.html#session57">node3#session57</a>(<a href="./../../ParameterizedTestMethodTest.java.6093f52639c445546e7a856279d1dc76.html#LINE183">183</a>) biabduction
<LISTING class='color_black'>**** [RE:Pending] void ParameterizedTestMethodTest.testFailures() Node: 3, Procedure: void ParameterizedTestMethodTest.testFailures(), Todo: 1 ****
  PROP 1 of 1:
  <span class='color_blue'><span class='color_red'>_t$0 != 0</span>; <span class='color_red'>val$2 != null</span>; <span class='color_red'>MEMne &lt; List ParameterizedTestMethodTest.validateAllMethods(Class):181 &gt; <span class='color_orange'>{vpath: }</span>(_t$0)</span> ;
  <span class='color_red'>problems = _t$1<span class='color_orange'>initial</span>:java.util.List*</span>; <span class='color_red'>$RET_java.util.List.size():int|abducedRetvar = val$3<span class='color_orange'>formal</span>:int( sub )</span>; <span class='color_red'>$irvar0 = _t$2<span class='color_orange'>initial</span>:void</span>; <span class='color_red'>return = EXN _t$0<span class='color_orange'>update:181</span>:void</span>; <span class='color_red'>$irvar1 = _t$3<span class='color_orange'>initial</span>:void</span>; <span class='color_red'>this = val$1<span class='color_orange'>formal</span>:org.junit.tests.running.methods.ParameterizedTestMethodTest*( sub )</span>; <span class='color_red'>old_this = val$1<span class='color_orange'>formal</span>:org.junit.tests.running.methods.ParameterizedTestMethodTest*( sub )</span> ;
  <span class='color_red'>_t$0|->{}<span class='color_orange'>alloc</span>:java.lang.IllegalArgumentException</span>; <span class='color_red'>val$2|->{}<span class='color_orange'>formal</span>:java.lang.Class( sub )</span>; <span class='color_red'>old_this|->{fClass:val$2<span class='color_orange'>formal(z)</span>, fErrorCount:$RET_java.util.List.size():int|abducedRetvar<span class='color_orange'>formal</span>}<span class='color_orange'>formal(z)</span>:org.junit.tests.running.methods.ParameterizedTestMethodTest( sub )</span></span>
  .... Instructions: ....
  <span class='color_green'>NULLIFY(&amp;problems); [line 183];
  NULLIFY(&amp;$irvar0); [line 183];
  NULLIFY(&amp;$irvar1); [line 183];
  EXIT_SCOPE(problems,$irvar0,$irvar1); [line 183];
  APPLY_ABSTRACTION; [line 183];
  </span>
  
  Processing prop 1/1
    Instruction <span class='color_green'>NULLIFY(&amp;problems); [line 183]</span>
    in vpath_find exp:_t$0
    vpath_find: cannot find _t$0
    Instruction Returns
    PROP 1 of 1:
    <span class='color_blue'><span class='color_blue'>_t$0 != 0</span>; <span class='color_blue'>val$2 != null</span>; <span class='color_blue'>MEMne &lt; List ParameterizedTestMethodTest.validateAllMethods(Class):181 &gt; <span class='color_orange'>{vpath: }</span>(_t$0)</span> ;
    <span class='color_blue'>problems = <span class='color_red'>0<span class='color_orange'>nullify</span></span>:java.util.List*</span>; <span class='color_blue'>$RET_java.util.List.size():int|abducedRetvar = val$3<span class='color_orange'>formal</span>:int( sub )</span>; <span class='color_blue'>$irvar0 = <span class='color_red'>_t$1<span class='color_orange'>initial</span></span>:void</span>; <span class='color_blue'>return = EXN _t$0<span class='color_orange'>update:181</span>:void</span>; <span class='color_blue'>$irvar1 = <span class='color_red'>_t$2<span class='color_orange'>initial</span></span>:void</span>; <span class='color_blue'>this = val$1<span class='color_orange'>formal</span>:org.junit.tests.running.methods.ParameterizedTestMethodTest*( sub )</span>; <span class='color_blue'>old_this = val$1<span class='color_orange'>formal</span>:org.junit.tests.running.methods.ParameterizedTestMethodTest*( sub )</span> ;
    <span class='color_blue'>_t$0|->{}<span class='color_orange'>alloc</span>:java.lang.IllegalArgumentException</span>; <span class='color_blue'>val$2|->{}<span class='color_orange'>formal</span>:java.lang.Class( sub )</span>; <span class='color_blue'>old_this|->{fClass:val$2<span class='color_orange'>formal(z)</span>, fErrorCount:$RET_java.util.List.size():int|abducedRetvar<span class='color_orange'>formal</span>}<span class='color_orange'>formal(z)</span>:org.junit.tests.running.methods.ParameterizedTestMethodTest( sub )</span></span>
    
    Instruction <span class='color_green'>NULLIFY(&amp;$irvar0); [line 183]</span>
    in vpath_find exp:_t$0
    vpath_find: cannot find _t$0
    Instruction Returns
    PROP 1 of 1:
    <span class='color_blue'><span class='color_blue'>_t$0 != 0</span>; <span class='color_blue'>val$2 != null</span>; <span class='color_blue'>MEMne &lt; List ParameterizedTestMethodTest.validateAllMethods(Class):181 &gt; <span class='color_orange'>{vpath: }</span>(_t$0)</span> ;
    <span class='color_blue'>problems = 0<span class='color_orange'>nullify</span>:java.util.List*</span>; <span class='color_blue'>$RET_java.util.List.size():int|abducedRetvar = val$3<span class='color_orange'>formal</span>:int( sub )</span>; <span class='color_blue'>$irvar0 = <span class='color_red'>0<span class='color_orange'>nullify</span></span>:void</span>; <span class='color_blue'>return = EXN _t$0<span class='color_orange'>update:181</span>:void</span>; <span class='color_blue'>$irvar1 = <span class='color_red'>_t$1<span class='color_orange'>initial</span></span>:void</span>; <span class='color_blue'>this = val$1<span class='color_orange'>formal</span>:org.junit.tests.running.methods.ParameterizedTestMethodTest*( sub )</span>; <span class='color_blue'>old_this = val$1<span class='color_orange'>formal</span>:org.junit.tests.running.methods.ParameterizedTestMethodTest*( sub )</span> ;
    <span class='color_blue'>_t$0|->{}<span class='color_orange'>alloc</span>:java.lang.IllegalArgumentException</span>; <span class='color_blue'>val$2|->{}<span class='color_orange'>formal</span>:java.lang.Class( sub )</span>; <span class='color_blue'>old_this|->{fClass:val$2<span class='color_orange'>formal(z)</span>, fErrorCount:$RET_java.util.List.size():int|abducedRetvar<span class='color_orange'>formal</span>}<span class='color_orange'>formal(z)</span>:org.junit.tests.running.methods.ParameterizedTestMethodTest( sub )</span></span>
    
    Instruction <span class='color_green'>NULLIFY(&amp;$irvar1); [line 183]</span>
    in vpath_find exp:_t$0
    vpath_find: cannot find _t$0
    Instruction Returns
    PROP 1 of 1:
    <span class='color_blue'><span class='color_blue'>_t$0 != 0</span>; <span class='color_blue'>val$2 != null</span>; <span class='color_blue'>MEMne &lt; List ParameterizedTestMethodTest.validateAllMethods(Class):181 &gt; <span class='color_orange'>{vpath: }</span>(_t$0)</span> ;
    <span class='color_blue'>problems = 0<span class='color_orange'>nullify</span>:java.util.List*</span>; <span class='color_blue'>$RET_java.util.List.size():int|abducedRetvar = val$3<span class='color_orange'>formal</span>:int( sub )</span>; <span class='color_blue'>$irvar0 = 0<span class='color_orange'>nullify</span>:void</span>; <span class='color_blue'>return = EXN _t$0<span class='color_orange'>update:181</span>:void</span>; <span class='color_blue'>$irvar1 = <span class='color_red'>0<span class='color_orange'>nullify</span></span>:void</span>; <span class='color_blue'>this = val$1<span class='color_orange'>formal</span>:org.junit.tests.running.methods.ParameterizedTestMethodTest*( sub )</span>; <span class='color_blue'>old_this = val$1<span class='color_orange'>formal</span>:org.junit.tests.running.methods.ParameterizedTestMethodTest*( sub )</span> ;
    <span class='color_blue'>_t$0|->{}<span class='color_orange'>alloc</span>:java.lang.IllegalArgumentException</span>; <span class='color_blue'>val$2|->{}<span class='color_orange'>formal</span>:java.lang.Class( sub )</span>; <span class='color_blue'>old_this|->{fClass:val$2<span class='color_orange'>formal(z)</span>, fErrorCount:$RET_java.util.List.size():int|abducedRetvar<span class='color_orange'>formal</span>}<span class='color_orange'>formal(z)</span>:org.junit.tests.running.methods.ParameterizedTestMethodTest( sub )</span></span>
    
    Instruction <span class='color_green'>EXIT_SCOPE(problems,$irvar0,$irvar1); [line 183]</span>
    in vpath_find exp:_t$0
    vpath_find: cannot find _t$0
    Instruction Returns
    PROP 1 of 1:
    <span class='color_blue'><span class='color_blue'>_t$0 != 0</span>; <span class='color_blue'>val$2 != null</span>; <span class='color_blue'>MEMne &lt; List ParameterizedTestMethodTest.validateAllMethods(Class):181 &gt; <span class='color_orange'>{vpath: }</span>(_t$0)</span> ;
    <span class='color_blue'>problems = 0<span class='color_orange'>nullify</span>:java.util.List*</span>; <span class='color_blue'>$RET_java.util.List.size():int|abducedRetvar = val$3<span class='color_orange'>formal</span>:int( sub )</span>; <span class='color_blue'>$irvar0 = 0<span class='color_orange'>nullify</span>:void</span>; <span class='color_blue'>return = EXN _t$0<span class='color_orange'>update:181</span>:void</span>; <span class='color_blue'>$irvar1 = 0<span class='color_orange'>nullify</span>:void</span>; <span class='color_blue'>this = val$1<span class='color_orange'>formal</span>:org.junit.tests.running.methods.ParameterizedTestMethodTest*( sub )</span>; <span class='color_blue'>old_this = val$1<span class='color_orange'>formal</span>:org.junit.tests.running.methods.ParameterizedTestMethodTest*( sub )</span> ;
    <span class='color_blue'>_t$0|->{}<span class='color_orange'>alloc</span>:java.lang.IllegalArgumentException</span>; <span class='color_blue'>val$2|->{}<span class='color_orange'>formal</span>:java.lang.Class( sub )</span>; <span class='color_blue'>old_this|->{fClass:val$2<span class='color_orange'>formal(z)</span>, fErrorCount:$RET_java.util.List.size():int|abducedRetvar<span class='color_orange'>formal</span>}<span class='color_orange'>formal(z)</span>:org.junit.tests.running.methods.ParameterizedTestMethodTest( sub )</span></span>
    
    Instruction <span class='color_green'>APPLY_ABSTRACTION; [line 183]</span>
    in vpath_find exp:_t$0
    vpath_find: cannot find _t$0
    Prover.check_inconsistency_base: inconsistency reason [None]
    Prover.check_inconsistency_base: inconsistency reason [None]
    <span class='color_blue'>_t$0 != 0; val$2 != null; MEMne &lt; List ParameterizedTestMethodTest.validateAllMethods(Class):181 &gt; <span class='color_orange'>{vpath: }</span>(_t$0) ;
    problems = 0<span class='color_orange'>nullify</span>:java.util.List*; $RET_java.util.List.size():int|abducedRetvar = val$3<span class='color_orange'>formal</span>:int( sub ); $irvar0 = 0<span class='color_orange'>nullify</span>:void; return = EXN _t$0<span class='color_orange'>update:181</span>:void; $irvar1 = 0<span class='color_orange'>nullify</span>:void; this = val$1<span class='color_orange'>formal</span>:org.junit.tests.running.methods.ParameterizedTestMethodTest*( sub ); old_this = val$1<span class='color_orange'>formal</span>:org.junit.tests.running.methods.ParameterizedTestMethodTest*( sub ) ;
    _t$0|->{}<span class='color_orange'>alloc</span>:java.lang.IllegalArgumentException; val$2|->{}<span class='color_orange'>formal</span>:java.lang.Class( sub ); old_this|->{fClass:val$2<span class='color_orange'>formal(z)</span>, fErrorCount:$RET_java.util.List.size():int|abducedRetvar<span class='color_orange'>formal</span>}<span class='color_orange'>formal(z)</span>:org.junit.tests.running.methods.ParameterizedTestMethodTest( sub )</span>
    Instruction Returns
    PROP 1 of 1:
    <span class='color_blue'><span class='color_blue'>_t$0 != 0</span>; <span class='color_blue'>val$2 != null</span>; <span class='color_blue'>MEMne &lt; List ParameterizedTestMethodTest.validateAllMethods(Class):181 &gt; <span class='color_orange'>{vpath: }</span>(_t$0)</span> ;
    <span class='color_blue'>problems = 0<span class='color_orange'>nullify</span>:java.util.List*</span>; <span class='color_blue'>$RET_java.util.List.size():int|abducedRetvar = val$3<span class='color_orange'>formal</span>:int( sub )</span>; <span class='color_blue'>$irvar0 = 0<span class='color_orange'>nullify</span>:void</span>; <span class='color_blue'>return = EXN _t$0<span class='color_orange'>update:181</span>:void</span>; <span class='color_blue'>$irvar1 = 0<span class='color_orange'>nullify</span>:void</span>; <span class='color_blue'>this = val$1<span class='color_orange'>formal</span>:org.junit.tests.running.methods.ParameterizedTestMethodTest*( sub )</span>; <span class='color_blue'>old_this = val$1<span class='color_orange'>formal</span>:org.junit.tests.running.methods.ParameterizedTestMethodTest*( sub )</span> ;
    <span class='color_blue'>_t$0|->{}<span class='color_orange'>alloc</span>:java.lang.IllegalArgumentException</span>; <span class='color_blue'>val$2|->{}<span class='color_orange'>formal</span>:java.lang.Class( sub )</span>; <span class='color_blue'>old_this|->{fClass:val$2<span class='color_orange'>formal(z)</span>, fErrorCount:$RET_java.util.List.size():int|abducedRetvar<span class='color_orange'>formal</span>}<span class='color_orange'>formal(z)</span>:org.junit.tests.running.methods.ParameterizedTestMethodTest( sub )</span></span>
    
    .... After Symbolic Execution ....
    PROP 1 of 1:
    <span class='color_blue'><span class='color_blue'>_t$0 != 0</span>; <span class='color_blue'>val$2 != null</span>; <span class='color_blue'>MEMne &lt; List ParameterizedTestMethodTest.validateAllMethods(Class):181 &gt; <span class='color_orange'>{vpath: }</span>(_t$0)</span> ;
    <span class='color_blue'>problems = <span class='color_red'>0<span class='color_orange'>nullify</span></span>:java.util.List*</span>; <span class='color_blue'>$RET_java.util.List.size():int|abducedRetvar = val$3<span class='color_orange'>formal</span>:int( sub )</span>; <span class='color_blue'>$irvar0 = <span class='color_red'>0<span class='color_orange'>nullify</span></span>:void</span>; <span class='color_blue'>return = EXN _t$0<span class='color_orange'>update:181</span>:void</span>; <span class='color_blue'>$irvar1 = <span class='color_red'>0<span class='color_orange'>nullify</span></span>:void</span>; <span class='color_blue'>this = val$1<span class='color_orange'>formal</span>:org.junit.tests.running.methods.ParameterizedTestMethodTest*( sub )</span>; <span class='color_blue'>old_this = val$1<span class='color_orange'>formal</span>:org.junit.tests.running.methods.ParameterizedTestMethodTest*( sub )</span> ;
    <span class='color_blue'>_t$0|->{}<span class='color_orange'>alloc</span>:java.lang.IllegalArgumentException</span>; <span class='color_blue'>val$2|->{}<span class='color_orange'>formal</span>:java.lang.Class( sub )</span>; <span class='color_blue'>old_this|->{fClass:val$2<span class='color_orange'>formal(z)</span>, fErrorCount:$RET_java.util.List.size():int|abducedRetvar<span class='color_orange'>formal</span>}<span class='color_orange'>formal(z)</span>:org.junit.tests.running.methods.ParameterizedTestMethodTest( sub )</span></span>
    
    
    
  </LISTING>
<hr width="100%">
<a name="session66" href="./../nodes/org.junit.tests.running.methods.ParameterizedTestMethodTest.testFailures%28%29%3Avoid.22847719070460f5789eff9af0c4682a_node3.html#session66">node3#session66</a>(<a href="./../../ParameterizedTestMethodTest.java.6093f52639c445546e7a856279d1dc76.html#LINE183">183</a>) biabduction
<LISTING class='color_black'>**** [RE:Pending] void ParameterizedTestMethodTest.testFailures() Node: 3, Procedure: void ParameterizedTestMethodTest.testFailures(), Todo: 1 ****
  PROP 1 of 1:
  <span class='color_blue'><span class='color_red'>$RET_java.util.List.size():int|abducedRetvar != val$2</span>; <span class='color_red'>MEMne &lt; void Assert.assertEquals(long,long):182 &gt; <span class='color_orange'>{vpath: }</span>(_t$0)</span>; <span class='color_red'>UND &lt; List Collections.emptyList() &gt; :176(_t$1)</span>; <span class='color_red'>UND &lt; int List.size() &gt; :182($RET_java.util.List.size():int|abducedRetvar)</span> ;
  <span class='color_red'>problems = 0<span class='color_orange'>nullify</span>:java.util.List*</span>; <span class='color_red'>$RET_java.util.List.size():int|abducedRetvar = val$3<span class='color_orange'>formal</span>:int( sub )</span>; <span class='color_red'>$irvar0 = 0<span class='color_orange'>nullify</span>:void</span>; <span class='color_red'>return = EXN _t$0<span class='color_orange'>update:182</span>:void</span>; <span class='color_red'>$irvar1 = 0<span class='color_orange'>nullify</span>:void</span>; <span class='color_red'>this = 0<span class='color_orange'>nullify</span>:org.junit.tests.running.methods.ParameterizedTestMethodTest*( sub )</span>; <span class='color_red'>old_this = val$1<span class='color_orange'>formal</span>:org.junit.tests.running.methods.ParameterizedTestMethodTest*( sub )</span> ;
  <span class='color_red'>_t$0|->{}<span class='color_orange'>alloc</span>:java.lang.AssertionError</span>; <span class='color_red'>old_this|->{fClass:null<span class='color_orange'>formal(z)</span>, fErrorCount:val$2<span class='color_orange'>formal</span>}<span class='color_orange'>formal(z)</span>:org.junit.tests.running.methods.ParameterizedTestMethodTest( sub )</span></span>
  .... Instructions: ....
  <span class='color_green'>NULLIFY(&amp;problems); [line 183];
  NULLIFY(&amp;$irvar0); [line 183];
  NULLIFY(&amp;$irvar1); [line 183];
  EXIT_SCOPE(problems,$irvar0,$irvar1); [line 183];
  APPLY_ABSTRACTION; [line 183];
  </span>
  
  Processing prop 1/1
    Instruction <span class='color_green'>NULLIFY(&amp;problems); [line 183]</span>
    in vpath_find exp:_t$0
    vpath_find: cannot find _t$0
    Instruction Returns
    PROP 1 of 1:
    <span class='color_blue'><span class='color_blue'>$RET_java.util.List.size():int|abducedRetvar != val$2</span>; <span class='color_blue'>MEMne &lt; void Assert.assertEquals(long,long):182 &gt; <span class='color_orange'>{vpath: }</span>(_t$0)</span>; <span class='color_blue'>UND &lt; List Collections.emptyList() &gt; :176(_t$1)</span>; <span class='color_blue'>UND &lt; int List.size() &gt; :182($RET_java.util.List.size():int|abducedRetvar)</span> ;
    <span class='color_blue'>problems = 0<span class='color_orange'>nullify</span>:java.util.List*</span>; <span class='color_blue'>$RET_java.util.List.size():int|abducedRetvar = val$3<span class='color_orange'>formal</span>:int( sub )</span>; <span class='color_blue'>$irvar0 = 0<span class='color_orange'>nullify</span>:void</span>; <span class='color_blue'>return = EXN _t$0<span class='color_orange'>update:182</span>:void</span>; <span class='color_blue'>$irvar1 = 0<span class='color_orange'>nullify</span>:void</span>; <span class='color_blue'>this = 0<span class='color_orange'>nullify</span>:org.junit.tests.running.methods.ParameterizedTestMethodTest*( sub )</span>; <span class='color_blue'>old_this = val$1<span class='color_orange'>formal</span>:org.junit.tests.running.methods.ParameterizedTestMethodTest*( sub )</span> ;
    <span class='color_blue'>_t$0|->{}<span class='color_orange'>alloc</span>:java.lang.AssertionError</span>; <span class='color_blue'>old_this|->{fClass:null<span class='color_orange'>formal(z)</span>, fErrorCount:val$2<span class='color_orange'>formal</span>}<span class='color_orange'>formal(z)</span>:org.junit.tests.running.methods.ParameterizedTestMethodTest( sub )</span></span>
    
    Instruction <span class='color_green'>NULLIFY(&amp;$irvar0); [line 183]</span>
    in vpath_find exp:_t$0
    vpath_find: cannot find _t$0
    Instruction Returns
    PROP 1 of 1:
    <span class='color_blue'><span class='color_blue'>$RET_java.util.List.size():int|abducedRetvar != val$2</span>; <span class='color_blue'>MEMne &lt; void Assert.assertEquals(long,long):182 &gt; <span class='color_orange'>{vpath: }</span>(_t$0)</span>; <span class='color_blue'>UND &lt; List Collections.emptyList() &gt; :176(_t$1)</span>; <span class='color_blue'>UND &lt; int List.size() &gt; :182($RET_java.util.List.size():int|abducedRetvar)</span> ;
    <span class='color_blue'>problems = 0<span class='color_orange'>nullify</span>:java.util.List*</span>; <span class='color_blue'>$RET_java.util.List.size():int|abducedRetvar = val$3<span class='color_orange'>formal</span>:int( sub )</span>; <span class='color_blue'>$irvar0 = 0<span class='color_orange'>nullify</span>:void</span>; <span class='color_blue'>return = EXN _t$0<span class='color_orange'>update:182</span>:void</span>; <span class='color_blue'>$irvar1 = 0<span class='color_orange'>nullify</span>:void</span>; <span class='color_blue'>this = 0<span class='color_orange'>nullify</span>:org.junit.tests.running.methods.ParameterizedTestMethodTest*( sub )</span>; <span class='color_blue'>old_this = val$1<span class='color_orange'>formal</span>:org.junit.tests.running.methods.ParameterizedTestMethodTest*( sub )</span> ;
    <span class='color_blue'>_t$0|->{}<span class='color_orange'>alloc</span>:java.lang.AssertionError</span>; <span class='color_blue'>old_this|->{fClass:null<span class='color_orange'>formal(z)</span>, fErrorCount:val$2<span class='color_orange'>formal</span>}<span class='color_orange'>formal(z)</span>:org.junit.tests.running.methods.ParameterizedTestMethodTest( sub )</span></span>
    
    Instruction <span class='color_green'>NULLIFY(&amp;$irvar1); [line 183]</span>
    in vpath_find exp:_t$0
    vpath_find: cannot find _t$0
    Instruction Returns
    PROP 1 of 1:
    <span class='color_blue'><span class='color_blue'>$RET_java.util.List.size():int|abducedRetvar != val$2</span>; <span class='color_blue'>MEMne &lt; void Assert.assertEquals(long,long):182 &gt; <span class='color_orange'>{vpath: }</span>(_t$0)</span>; <span class='color_blue'>UND &lt; List Collections.emptyList() &gt; :176(_t$1)</span>; <span class='color_blue'>UND &lt; int List.size() &gt; :182($RET_java.util.List.size():int|abducedRetvar)</span> ;
    <span class='color_blue'>problems = 0<span class='color_orange'>nullify</span>:java.util.List*</span>; <span class='color_blue'>$RET_java.util.List.size():int|abducedRetvar = val$3<span class='color_orange'>formal</span>:int( sub )</span>; <span class='color_blue'>$irvar0 = 0<span class='color_orange'>nullify</span>:void</span>; <span class='color_blue'>return = EXN _t$0<span class='color_orange'>update:182</span>:void</span>; <span class='color_blue'>$irvar1 = 0<span class='color_orange'>nullify</span>:void</span>; <span class='color_blue'>this = 0<span class='color_orange'>nullify</span>:org.junit.tests.running.methods.ParameterizedTestMethodTest*( sub )</span>; <span class='color_blue'>old_this = val$1<span class='color_orange'>formal</span>:org.junit.tests.running.methods.ParameterizedTestMethodTest*( sub )</span> ;
    <span class='color_blue'>_t$0|->{}<span class='color_orange'>alloc</span>:java.lang.AssertionError</span>; <span class='color_blue'>old_this|->{fClass:null<span class='color_orange'>formal(z)</span>, fErrorCount:val$2<span class='color_orange'>formal</span>}<span class='color_orange'>formal(z)</span>:org.junit.tests.running.methods.ParameterizedTestMethodTest( sub )</span></span>
    
    Instruction <span class='color_green'>EXIT_SCOPE(problems,$irvar0,$irvar1); [line 183]</span>
    in vpath_find exp:_t$0
    vpath_find: cannot find _t$0
    Instruction Returns
    PROP 1 of 1:
    <span class='color_blue'><span class='color_blue'>$RET_java.util.List.size():int|abducedRetvar != val$2</span>; <span class='color_blue'>MEMne &lt; void Assert.assertEquals(long,long):182 &gt; <span class='color_orange'>{vpath: }</span>(_t$0)</span>; <span class='color_blue'>UND &lt; List Collections.emptyList() &gt; :176(_t$1)</span>; <span class='color_blue'>UND &lt; int List.size() &gt; :182($RET_java.util.List.size():int|abducedRetvar)</span> ;
    <span class='color_blue'>problems = 0<span class='color_orange'>nullify</span>:java.util.List*</span>; <span class='color_blue'>$RET_java.util.List.size():int|abducedRetvar = val$3<span class='color_orange'>formal</span>:int( sub )</span>; <span class='color_blue'>$irvar0 = 0<span class='color_orange'>nullify</span>:void</span>; <span class='color_blue'>return = EXN _t$0<span class='color_orange'>update:182</span>:void</span>; <span class='color_blue'>$irvar1 = 0<span class='color_orange'>nullify</span>:void</span>; <span class='color_blue'>this = 0<span class='color_orange'>nullify</span>:org.junit.tests.running.methods.ParameterizedTestMethodTest*( sub )</span>; <span class='color_blue'>old_this = val$1<span class='color_orange'>formal</span>:org.junit.tests.running.methods.ParameterizedTestMethodTest*( sub )</span> ;
    <span class='color_blue'>_t$0|->{}<span class='color_orange'>alloc</span>:java.lang.AssertionError</span>; <span class='color_blue'>old_this|->{fClass:null<span class='color_orange'>formal(z)</span>, fErrorCount:val$2<span class='color_orange'>formal</span>}<span class='color_orange'>formal(z)</span>:org.junit.tests.running.methods.ParameterizedTestMethodTest( sub )</span></span>
    
    Instruction <span class='color_green'>APPLY_ABSTRACTION; [line 183]</span>
    in vpath_find exp:_t$0
    vpath_find: cannot find _t$0
    Prover.check_inconsistency_base: inconsistency reason [None]
    Prover.check_inconsistency_base: inconsistency reason [None]
    <span class='color_blue'>$RET_java.util.List.size():int|abducedRetvar != val$2; MEMne &lt; void Assert.assertEquals(long,long):182 &gt; <span class='color_orange'>{vpath: }</span>(_t$0); UND &lt; int List.size() &gt; :182($RET_java.util.List.size():int|abducedRetvar) ;
    problems = 0<span class='color_orange'>nullify</span>:java.util.List*; $RET_java.util.List.size():int|abducedRetvar = val$3<span class='color_orange'>formal</span>:int( sub ); $irvar0 = 0<span class='color_orange'>nullify</span>:void; return = EXN _t$0<span class='color_orange'>update:182</span>:void; $irvar1 = 0<span class='color_orange'>nullify</span>:void; this = 0<span class='color_orange'>nullify</span>:org.junit.tests.running.methods.ParameterizedTestMethodTest*( sub ); old_this = val$1<span class='color_orange'>formal</span>:org.junit.tests.running.methods.ParameterizedTestMethodTest*( sub ) ;
    _t$0|->{}<span class='color_orange'>alloc</span>:java.lang.AssertionError; old_this|->{fClass:null<span class='color_orange'>formal(z)</span>, fErrorCount:val$2<span class='color_orange'>formal</span>}<span class='color_orange'>formal(z)</span>:org.junit.tests.running.methods.ParameterizedTestMethodTest( sub )</span>
    Instruction Returns
    PROP 1 of 1:
    <span class='color_blue'><span class='color_blue'>$RET_java.util.List.size():int|abducedRetvar != val$2</span>; <span class='color_blue'>MEMne &lt; void Assert.assertEquals(long,long):182 &gt; <span class='color_orange'>{vpath: }</span>(_t$0)</span>; <span class='color_blue'>UND &lt; int List.size() &gt; :182($RET_java.util.List.size():int|abducedRetvar)</span> ;
    <span class='color_blue'>problems = 0<span class='color_orange'>nullify</span>:java.util.List*</span>; <span class='color_blue'>$RET_java.util.List.size():int|abducedRetvar = val$3<span class='color_orange'>formal</span>:int( sub )</span>; <span class='color_blue'>$irvar0 = 0<span class='color_orange'>nullify</span>:void</span>; <span class='color_blue'>return = EXN _t$0<span class='color_orange'>update:182</span>:void</span>; <span class='color_blue'>$irvar1 = 0<span class='color_orange'>nullify</span>:void</span>; <span class='color_blue'>this = 0<span class='color_orange'>nullify</span>:org.junit.tests.running.methods.ParameterizedTestMethodTest*( sub )</span>; <span class='color_blue'>old_this = val$1<span class='color_orange'>formal</span>:org.junit.tests.running.methods.ParameterizedTestMethodTest*( sub )</span> ;
    <span class='color_blue'>_t$0|->{}<span class='color_orange'>alloc</span>:java.lang.AssertionError</span>; <span class='color_blue'>old_this|->{fClass:null<span class='color_orange'>formal(z)</span>, fErrorCount:val$2<span class='color_orange'>formal</span>}<span class='color_orange'>formal(z)</span>:org.junit.tests.running.methods.ParameterizedTestMethodTest( sub )</span></span>
    
    .... After Symbolic Execution ....
    PROP 1 of 1:
    <span class='color_blue'><span class='color_blue'>$RET_java.util.List.size():int|abducedRetvar != val$2</span>; <span class='color_blue'>MEMne &lt; void Assert.assertEquals(long,long):182 &gt; <span class='color_orange'>{vpath: }</span>(_t$0)</span>; <span class='color_blue'>UND &lt; int List.size() &gt; :182($RET_java.util.List.size():int|abducedRetvar)</span> ;
    <span class='color_blue'>problems = 0<span class='color_orange'>nullify</span>:java.util.List*</span>; <span class='color_blue'>$RET_java.util.List.size():int|abducedRetvar = val$3<span class='color_orange'>formal</span>:int( sub )</span>; <span class='color_blue'>$irvar0 = 0<span class='color_orange'>nullify</span>:void</span>; <span class='color_blue'>return = EXN _t$0<span class='color_orange'>update:182</span>:void</span>; <span class='color_blue'>$irvar1 = 0<span class='color_orange'>nullify</span>:void</span>; <span class='color_blue'>this = 0<span class='color_orange'>nullify</span>:org.junit.tests.running.methods.ParameterizedTestMethodTest*( sub )</span>; <span class='color_blue'>old_this = val$1<span class='color_orange'>formal</span>:org.junit.tests.running.methods.ParameterizedTestMethodTest*( sub )</span> ;
    <span class='color_blue'>_t$0|->{}<span class='color_orange'>alloc</span>:java.lang.AssertionError</span>; <span class='color_blue'>old_this|->{fClass:null<span class='color_orange'>formal(z)</span>, fErrorCount:val$2<span class='color_orange'>formal</span>}<span class='color_orange'>formal(z)</span>:org.junit.tests.running.methods.ParameterizedTestMethodTest( sub )</span></span>
    
    
    
  </LISTING>