<!DOCTYPE HTML PUBLIC "-//W3C//DTD HTML 4.01 Transitional//EN">
<html>
<head>
<title>junit.tests.framework.AssertTest.testAssertFalse():void.a369179651c54cd56a8a5296447a2bcb_node5</title>
<meta http-equiv="Content-Type" content="text/html; charset=utf-8">
<style type="text/css">
body { background-color:#fff; color:#000; font-family:Helvetica, sans-serif; font-size:10pt }
h1 { font-size:14pt }
.code { border-collapse:collapse; width:100%; font-family: "Andale Mono", monospace; font-size:10pt; line-height: 1.2em }
.color_black { color: black }
.color_blue { color: blue }
.color_green { color: green }
.color_orange { color: orange }
.color_red { color: red }
.line { border-left: 3px solid #ccc; padding-left: 1ex; white-space: pre; }
.msg { background-color:#fff8b4; color:#000; float:left; font-family:Helvetica, sans-serif; font-size: smaller; font-weight: bold; margin-bottom:10px; margin-top:10px; max-width:60em; padding:0.5em 1ex 0.5em 1ex; -webkit-border-radius:5px; -webkit-box-shadow:1px 1px 7px #000; white-space: pre-wrap; word-wrap: break-word; }
.num { background-color:#eee; color:#444; font-size: smaller; padding-right:2ex; text-align:right; width:2.5em; }
.dangling { background-color:white; color: gray; }
.visited { background-color:LemonChiffon; color: darkmagenta; }
.tooltip { display: none; background-color:#FFF0F0; border: 2px solid #F00; font-weight: normal; left:10em; padding: 2px; position: absolute; top: -1em; -webkit-border-radius:5px; -webkit-box-shadow:1px 1px 7px #000; z-index: 1}
.with_tooltip { position: relative; }
.with_tooltip:hover .tooltip, .visited:hover .tooltip { display: block; }
</style>
</head>
<body>
<center><h1>Cfg Node <a href="./../../AssertTest.java.0333aa2419ec650c6b2f9d0d2a6744cd.html#LINE132">5</a></h1></center>PROC: <a href="./../junit.tests.framework.AssertTest.testAssertFalse%28%29%3Avoid.a369179651c54cd56a8a5296447a2bcb.html">void AssertTest.testAssertFalse()</a> LINE: <a href="./../../AssertTest.java.0333aa2419ec650c6b2f9d0d2a6744cd.html#LINE132">132</a>
<br>PREDS:
<a href="./../nodes/junit.tests.framework.AssertTest.testAssertFalse%28%29%3Avoid.a369179651c54cd56a8a5296447a2bcb_node4.html"><span class='visited with_tooltip'>N_4<span class='tooltip'>node4 preds:1 succs:5 exn:3 </span></span></a><br>SUCCS:
<a href="./../nodes/junit.tests.framework.AssertTest.testAssertFalse%28%29%3Avoid.a369179651c54cd56a8a5296447a2bcb_node8.html"><span class='visited with_tooltip'>N_8<span class='tooltip'>node8 preds:5 succs:9 exn:3 </span></span></a><br>EXN:
<a href="./../nodes/junit.tests.framework.AssertTest.testAssertFalse%28%29%3Avoid.a369179651c54cd56a8a5296447a2bcb_node12.html"><span class='visited with_tooltip'>N_12<span class='tooltip'>node12 preds: succs:10 11 exn:3 </span></span></a><br>
<LISTING class='color_green'>n$1=_fun_void TestCase.assertFalse(boolean)(1:int) [line 132];
</LISTING>
<hr width="100%">
<a name="session18" href="./../nodes/junit.tests.framework.AssertTest.testAssertFalse%28%29%3Avoid.a369179651c54cd56a8a5296447a2bcb_node5.html#session18">node5#session18</a>(<a href="./../../AssertTest.java.0333aa2419ec650c6b2f9d0d2a6744cd.html#LINE132">132</a>) [compute pre] liveness 5
<LISTING class='color_black'>JOIN

LEFT:   normal:{ }, exn:{ }
RIGHT:  normal:{ return }, exn:{ }
RESULT: normal:{ return }, exn:{ }

</LISTING>
<hr width="100%">
<a name="session19" href="./../nodes/junit.tests.framework.AssertTest.testAssertFalse%28%29%3Avoid.a369179651c54cd56a8a5296447a2bcb_node5.html#session19">node5#session19</a>(<a href="./../../AssertTest.java.0333aa2419ec650c6b2f9d0d2a6744cd.html#LINE132">132</a>) [exec] liveness 5
<LISTING class='color_black'>PRE STATE:
normal:{ return }, exn:{ }

INSTR=  n$1=_fun_void TestCase.assertFalse(boolean)(1:int) [line 132]; 

STATE:
normal:{ return }, exn:{ }

</LISTING>
<hr width="100%">
<a name="session27" href="./../nodes/junit.tests.framework.AssertTest.testAssertFalse%28%29%3Avoid.a369179651c54cd56a8a5296447a2bcb_node5.html#session27">node5#session27</a>(<a href="./../../AssertTest.java.0333aa2419ec650c6b2f9d0d2a6744cd.html#LINE132">132</a>) [compute pre] nullify
<LISTING class='color_black'></LISTING>
<hr width="100%">
<a name="session28" href="./../nodes/junit.tests.framework.AssertTest.testAssertFalse%28%29%3Avoid.a369179651c54cd56a8a5296447a2bcb_node5.html#session28">node5#session28</a>(<a href="./../../AssertTest.java.0333aa2419ec650c6b2f9d0d2a6744cd.html#LINE132">132</a>) [exec] nullify
<LISTING class='color_black'>PRE STATE:
(normal:{ }, exn:{ },normal:{ n$0 }, exn:{ })

INSTR=  n$1=_fun_void TestCase.assertFalse(boolean)(1:int) [line 132]; 

STATE:
(normal:{ }, exn:{ },normal:{ n$1 }, exn:{ })

</LISTING>
<hr width="100%">
<a name="session50" href="./../nodes/junit.tests.framework.AssertTest.testAssertFalse%28%29%3Avoid.a369179651c54cd56a8a5296447a2bcb_node5.html#session50">node5#session50</a>(<a href="./../../AssertTest.java.0333aa2419ec650c6b2f9d0d2a6744cd.html#LINE132">132</a>) [compute pre] devirtualizer analysis 5
<LISTING class='color_black'></LISTING>
<hr width="100%">
<a name="session51" href="./../nodes/junit.tests.framework.AssertTest.testAssertFalse%28%29%3Avoid.a369179651c54cd56a8a5296447a2bcb_node5.html#session51">node5#session51</a>(<a href="./../../AssertTest.java.0333aa2419ec650c6b2f9d0d2a6744cd.html#LINE132">132</a>) [exec] devirtualizer analysis 5
<LISTING class='color_black'>PRE STATE:
{ }

INSTR=  n$1=_fun_void TestCase.assertFalse(boolean)(1:int) [line 132]; 

STATE UNCHANGED

INSTR=  EXIT_SCOPE(n$1); [line 132]; 

STATE UNCHANGED

</LISTING>
<hr width="100%">
<a name="session79" href="./../nodes/junit.tests.framework.AssertTest.testAssertFalse%28%29%3Avoid.a369179651c54cd56a8a5296447a2bcb_node5.html#session79">node5#session79</a>(<a href="./../../AssertTest.java.0333aa2419ec650c6b2f9d0d2a6744cd.html#LINE132">132</a>) [exec] devirtualizer
<LISTING class='color_black'></LISTING>
<hr width="100%">
<a name="session80" href="./../nodes/junit.tests.framework.AssertTest.testAssertFalse%28%29%3Avoid.a369179651c54cd56a8a5296447a2bcb_node5.html#session80">node5#session80</a>(<a href="./../../AssertTest.java.0333aa2419ec650c6b2f9d0d2a6744cd.html#LINE132">132</a>) [exec] devirtualizer
<LISTING class='color_black'></LISTING>
<hr width="100%">
<a name="session4" href="./../nodes/junit.tests.framework.AssertTest.testAssertFalse%28%29%3Avoid.a369179651c54cd56a8a5296447a2bcb_node5.html#session4">node5#session4</a>(<a href="./../../AssertTest.java.0333aa2419ec650c6b2f9d0d2a6744cd.html#LINE132">132</a>) [compute pre] starvation
<LISTING class='color_black'></LISTING>
<hr width="100%">
<a name="session5" href="./../nodes/junit.tests.framework.AssertTest.testAssertFalse%28%29%3Avoid.a369179651c54cd56a8a5296447a2bcb_node5.html#session5">node5#session5</a>(<a href="./../../AssertTest.java.0333aa2419ec650c6b2f9d0d2a6744cd.html#LINE132">132</a>) [exec] starvation
<LISTING class='color_black'>PRE STATE:
{guard_map= { }; lock_state= {map= { }; acquisitions= { }};
 critical_pairs= { }; attributes= { }; thread= UnknownThread;
 scheduled_work= { }; var_state= { }}

INSTR=  n$1=_fun_void TestCase.assertFalse(boolean)(1:int) [line 132]; 

STATE:
{guard_map= { }; lock_state= {map= { }; acquisitions= { }};
 critical_pairs= { }; attributes= { }; thread= UnknownThread;
 scheduled_work= { }; var_state= { }}

INSTR=  EXIT_SCOPE(n$1); [line 132]; 

STATE:
{guard_map= { }; lock_state= {map= { }; acquisitions= { }};
 critical_pairs= { }; attributes= { }; thread= UnknownThread;
 scheduled_work= { }; var_state= { }}

</LISTING>
<hr width="100%">
<a name="session15" href="./../nodes/junit.tests.framework.AssertTest.testAssertFalse%28%29%3Avoid.a369179651c54cd56a8a5296447a2bcb_node5.html#session15">node5#session15</a>(<a href="./../../AssertTest.java.0333aa2419ec650c6b2f9d0d2a6744cd.html#LINE132">132</a>) [compute pre] racerd
<LISTING class='color_black'></LISTING>
<hr width="100%">
<a name="session16" href="./../nodes/junit.tests.framework.AssertTest.testAssertFalse%28%29%3Avoid.a369179651c54cd56a8a5296447a2bcb_node5.html#session16">node5#session16</a>(<a href="./../../AssertTest.java.0333aa2419ec650c6b2f9d0d2a6744cd.html#LINE132">132</a>) [exec] racerd
<LISTING class='color_black'>PRE STATE:
Threads: NoThread, Locks: 0 
Accesses { } 
Ownership: { n$0 -&gt; Unowned, this -&gt; OwnedIf{ 0 } } 
Attributes: { } 


INSTR=  n$1 := void TestCase.assertFalse(boolean)({ 1 }) [line 132]; 

STATE:
Threads: NoThread, Locks: 0 
Accesses { } 
Ownership: { n$0 -&gt; Unowned, n$1 -&gt; Unowned, this -&gt; OwnedIf{ 0 } } 
Attributes: { } 


INSTR=  EXIT_SCOPE(n$1); [line 132]; 

STATE UNCHANGED

</LISTING>
<hr width="100%">
<a name="session25" href="./../nodes/junit.tests.framework.AssertTest.testAssertFalse%28%29%3Avoid.a369179651c54cd56a8a5296447a2bcb_node5.html#session25">node5#session25</a>(<a href="./../../AssertTest.java.0333aa2419ec650c6b2f9d0d2a6744cd.html#LINE132">132</a>) biabduction
<LISTING class='color_black'>**** [FP:Pending] void AssertTest.testAssertFalse() Node: 5, Procedure: void AssertTest.testAssertFalse(), Todo: 1 ****
  PROP 1 of 1:
  <span class='color_blue'><span class='color_red'>CatchVar11 = _t$2<span class='color_orange'>initial</span>:void</span>; <span class='color_red'>return = _t$1<span class='color_orange'>initial</span>:void</span>; <span class='color_red'>this = @f$0<span class='color_orange'>formal</span>:junit.tests.framework.AssertTest*( sub )</span>; <span class='color_red'>old_this = @f$0<span class='color_orange'>formal</span>:junit.tests.framework.AssertTest*( sub )</span>; <span class='color_red'>e = _t$0<span class='color_orange'>initial</span>:junit.framework.AssertionFailedError*</span>
  [footprint
     <span class='color_red'>this = @f$0<span class='color_orange'>formal</span>:junit.tests.framework.AssertTest*( sub )</span>  ]</span>
  .... Instructions: ....
  <span class='color_green'>n$1=_fun_void TestCase.assertFalse(boolean)(1:int) [line 132];
  EXIT_SCOPE(n$1); [line 132];
  </span>
  
  Processing prop 1/1
    Instruction <span class='color_green'>n$1=_fun_void TestCase.assertFalse(boolean)(1:int) [line 132]</span>
    Found 2 specs for function junit.framework.TestCase.assertFalse(boolean):void
    START EXECUTING SPECS FOR junit.framework.TestCase.assertFalse(boolean):void from state
    <span class='color_blue'>CatchVar11 = n$4<span class='color_orange'>initial</span>:void; return = n$5<span class='color_orange'>initial</span>:void; this = @f$0<span class='color_orange'>formal</span>:junit.tests.framework.AssertTest*( sub ); old_this = @f$0<span class='color_orange'>formal</span>:junit.tests.framework.AssertTest*( sub ); e = n$6<span class='color_orange'>initial</span>:junit.framework.AssertionFailedError*
    [footprint
       this = @f$0<span class='color_orange'>formal</span>:junit.tests.framework.AssertTest*( sub )  ]</span>
    EXECUTING SPEC 1/2
    ACTUAL PRECONDITION =
      <span class='color_blue'>condition|callee = 1<span class='color_orange'>actual_precondition</span>:int; CatchVar11 = n$4<span class='color_orange'>initial</span>:void; return = n$5<span class='color_orange'>initial</span>:void; this = @f$0<span class='color_orange'>formal</span>:junit.tests.framework.AssertTest*( sub ); old_this = @f$0<span class='color_orange'>formal</span>:junit.tests.framework.AssertTest*( sub ); e = n$6<span class='color_orange'>initial</span>:junit.framework.AssertionFailedError*
      [footprint
         this = @f$0<span class='color_orange'>formal</span>:junit.tests.framework.AssertTest*( sub )  ]</span>
    SPEC =
      --------------------------- ---------- ---------------------------
      PRE:
      <span class='color_blue'><span class='color_blue'>condition|callee = 0<span class='color_orange'>formal</span>:_Bool( sub )</span></span>
      POST 1 of 1:
      <span class='color_blue'><span class='color_red'>return|callee = _t$10<span class='color_orange'>initial</span>:void</span></span>
      ----------------------------------------------------------------
    pre_check_pure_implication
    pi1:
      
    pi2:
      
    returns
    sub1:
      
    sub2:
      
    Current Implication
    SUB:
      
    <span class='color_blue'>condition|callee = 1<span class='color_orange'>actual_precondition</span>:int; CatchVar11 = n$4<span class='color_orange'>initial</span>:void; return = n$5<span class='color_orange'>initial</span>:void; this = @f$0<span class='color_orange'>formal</span>:junit.tests.framework.AssertTest*( sub ); old_this = @f$0<span class='color_orange'>formal</span>:junit.tests.framework.AssertTest*( sub ); e = n$6<span class='color_orange'>initial</span>:junit.framework.AssertionFailedError*
    [footprint
       this = @f$0<span class='color_orange'>formal</span>:junit.tests.framework.AssertTest*( sub )  ]</span>
    |-
    <span class='color_blue'>condition|callee = 0<span class='color_orange'>formal</span>:_Bool( sub )</span>
    
      do_imply 1 0
      WARNING: footprint failed to find MISSING because: constants not equal
    EXECUTING SPEC 2/2
    ACTUAL PRECONDITION =
      <span class='color_blue'>condition|callee = 1<span class='color_orange'>actual_precondition</span>:int; CatchVar11 = n$4<span class='color_orange'>initial</span>:void; return = n$5<span class='color_orange'>initial</span>:void; this = @f$0<span class='color_orange'>formal</span>:junit.tests.framework.AssertTest*( sub ); old_this = @f$0<span class='color_orange'>formal</span>:junit.tests.framework.AssertTest*( sub ); e = n$6<span class='color_orange'>initial</span>:junit.framework.AssertionFailedError*
      [footprint
         this = @f$0<span class='color_orange'>formal</span>:junit.tests.framework.AssertTest*( sub )  ]</span>
    SPEC =
      --------------------------- ---------- ---------------------------
      PRE:
      <span class='color_blue'><span class='color_blue'>condition|callee != 0 ;
      condition|callee = _t$11<span class='color_orange'>formal</span>:_Bool( sub )</span></span>
      ----------------------------------------------------------------
    pre_check_pure_implication
    pi1:
      
    pi2:
      _t$11 != 0
    returns
    sub1:
      
    sub2:
      
    Current Implication
    SUB:
      
    <span class='color_blue'>condition|callee = 1<span class='color_orange'>actual_precondition</span>:int; CatchVar11 = n$4<span class='color_orange'>initial</span>:void; return = n$5<span class='color_orange'>initial</span>:void; this = @f$0<span class='color_orange'>formal</span>:junit.tests.framework.AssertTest*( sub ); old_this = @f$0<span class='color_orange'>formal</span>:junit.tests.framework.AssertTest*( sub ); e = n$6<span class='color_orange'>initial</span>:junit.framework.AssertionFailedError*
    [footprint
       this = @f$0<span class='color_orange'>formal</span>:junit.tests.framework.AssertTest*( sub )  ]</span>
    |-
    <span class='color_blue'>condition|callee = _t$11<span class='color_orange'>formal</span>:_Bool( sub )</span>
    
      do_imply 1 _t$11
        Final Implication
        SUB:
          
        <span class='color_blue'>CatchVar11 = n$4<span class='color_orange'>initial</span>:void; return = n$5<span class='color_orange'>initial</span>:void; this = @f$0<span class='color_orange'>formal</span>:junit.tests.framework.AssertTest*( sub ); old_this = @f$0<span class='color_orange'>formal</span>:junit.tests.framework.AssertTest*( sub ); e = n$6<span class='color_orange'>initial</span>:junit.framework.AssertionFailedError*
        [footprint
           this = @f$0<span class='color_orange'>formal</span>:junit.tests.framework.AssertTest*( sub )  ]</span>
        [SUB: 
          _t$11 = 1]
        |-
        <span class='color_blue'></span>
    Result of Abduction
      SUB:
        
      <span class='color_blue'>condition|callee = 1<span class='color_orange'>actual_precondition</span>:int; CatchVar11 = n$4<span class='color_orange'>initial</span>:void; return = n$5<span class='color_orange'>initial</span>:void; this = @f$0<span class='color_orange'>formal</span>:junit.tests.framework.AssertTest*( sub ); old_this = @f$0<span class='color_orange'>formal</span>:junit.tests.framework.AssertTest*( sub ); e = n$6<span class='color_orange'>initial</span>:junit.framework.AssertionFailedError*
      [footprint
         this = @f$0<span class='color_orange'>formal</span>:junit.tests.framework.AssertTest*( sub )  ]</span>
      [SUB: 
        _t$11 = 1]
      |-
      <span class='color_blue'>1 != 0 ;
      condition|callee = 1<span class='color_orange'>formal</span>:_Bool( sub )</span>
    returning TRUE
      New footprint:
      
      Frame fld:
      
      Missing fld:
      
      Instantiated frame:
      &amp;CatchVar11|->n$4<span class='color_orange'>initial</span>:void; &amp;return|->n$5<span class='color_orange'>initial</span>:void; &amp;this|->@f$0<span class='color_orange'>formal</span>:junit.tests.framework.AssertTest*( sub ); &amp;old_this|->@f$0<span class='color_orange'>formal</span>:junit.tests.framework.AssertTest*( sub ); &amp;e|->n$6<span class='color_orange'>initial</span>:junit.framework.AssertionFailedError*
      Instantiated post:
      PROP 1 of 1:
      <span class='color_blue'><span class='color_red'>0 != 0</span> ;
      </span>
      
    ***** RESULTS FUNCTION CALL *******
    PROP 1 of 1:
    <span class='color_blue'><span class='color_red'>0 != 0</span> ;
    <span class='color_blue'>CatchVar11 = n$4<span class='color_orange'>initial</span>:void</span>; <span class='color_blue'>return = n$5<span class='color_orange'>initial</span>:void</span>; <span class='color_blue'>this = @f$0<span class='color_orange'>formal</span>:junit.tests.framework.AssertTest*( sub )</span>; <span class='color_blue'>old_this = @f$0<span class='color_orange'>formal</span>:junit.tests.framework.AssertTest*( sub )</span>; <span class='color_blue'>e = n$6<span class='color_orange'>initial</span>:junit.framework.AssertionFailedError*</span>
    [footprint
       <span class='color_blue'>this = @f$0<span class='color_orange'>formal</span>:junit.tests.framework.AssertTest*( sub )</span>  ]</span>
    ***** END RESULTS FUNCTION CALL *******
    Prover.check_inconsistency_base: inconsistency reason [Some 2]
    Prover.check_inconsistency_base: inconsistency reason [None]
    Prover.check_inconsistency_base: inconsistency reason [None]
    Instruction Returns
    
    .... After Symbolic Execution ....
    
    
    <span class='color_orange'>Propagating Divergence -- diverging states:</span>
    PROP 1 of 1:
    <span class='color_blue'><span class='color_red'>0 != 0</span> ;
    
    [footprint
       <span class='color_red'>this = @f$0<span class='color_orange'>formal</span>:junit.tests.framework.AssertTest*( sub )</span>  ]</span>
    
    
  </LISTING>
<hr width="100%">
<a name="session31" href="./../nodes/junit.tests.framework.AssertTest.testAssertFalse%28%29%3Avoid.a369179651c54cd56a8a5296447a2bcb_node5.html#session31">node5#session31</a>(<a href="./../../AssertTest.java.0333aa2419ec650c6b2f9d0d2a6744cd.html#LINE132">132</a>) biabduction
<LISTING class='color_black'>**** [RE:Pending] void AssertTest.testAssertFalse() Node: 5, Procedure: void AssertTest.testAssertFalse(), Todo: 1 ****
  PROP 1 of 1:
  <span class='color_blue'><span class='color_red'>CatchVar11 = _t$2<span class='color_orange'>initial</span>:void</span>; <span class='color_red'>return = _t$1<span class='color_orange'>initial</span>:void</span>; <span class='color_red'>this = val$1<span class='color_orange'>formal</span>:junit.tests.framework.AssertTest*( sub )</span>; <span class='color_red'>old_this = val$1<span class='color_orange'>formal</span>:junit.tests.framework.AssertTest*( sub )</span>; <span class='color_red'>e = _t$0<span class='color_orange'>initial</span>:junit.framework.AssertionFailedError*</span></span>
  .... Instructions: ....
  <span class='color_green'>n$1=_fun_void TestCase.assertFalse(boolean)(1:int) [line 132];
  EXIT_SCOPE(n$1); [line 132];
  </span>
  
  Processing prop 1/1
    Instruction <span class='color_green'>n$1=_fun_void TestCase.assertFalse(boolean)(1:int) [line 132]</span>
    Found 2 specs for function junit.framework.TestCase.assertFalse(boolean):void
    START EXECUTING SPECS FOR junit.framework.TestCase.assertFalse(boolean):void from state
    <span class='color_blue'>CatchVar11 = n$4<span class='color_orange'>initial</span>:void; return = n$5<span class='color_orange'>initial</span>:void; this = val$1<span class='color_orange'>formal</span>:junit.tests.framework.AssertTest*( sub ); old_this = val$1<span class='color_orange'>formal</span>:junit.tests.framework.AssertTest*( sub ); e = n$6<span class='color_orange'>initial</span>:junit.framework.AssertionFailedError*</span>
    EXECUTING SPEC 1/2
    ACTUAL PRECONDITION =
      <span class='color_blue'>condition|callee = 1<span class='color_orange'>actual_precondition</span>:int; CatchVar11 = n$4<span class='color_orange'>initial</span>:void; return = n$5<span class='color_orange'>initial</span>:void; this = val$1<span class='color_orange'>formal</span>:junit.tests.framework.AssertTest*( sub ); old_this = val$1<span class='color_orange'>formal</span>:junit.tests.framework.AssertTest*( sub ); e = n$6<span class='color_orange'>initial</span>:junit.framework.AssertionFailedError*</span>
    SPEC =
      --------------------------- ---------- ---------------------------
      PRE:
      <span class='color_blue'><span class='color_blue'>condition|callee = 0<span class='color_orange'>formal</span>:_Bool( sub )</span></span>
      POST 1 of 1:
      <span class='color_blue'><span class='color_red'>return|callee = _t$10<span class='color_orange'>initial</span>:void</span></span>
      ----------------------------------------------------------------
    pre_check_pure_implication
    pi1:
      
    pi2:
      
    returns
    sub1:
      
    sub2:
      
    Current Implication
    SUB:
      
    <span class='color_blue'>condition|callee = 1<span class='color_orange'>actual_precondition</span>:int; CatchVar11 = n$4<span class='color_orange'>initial</span>:void; return = n$5<span class='color_orange'>initial</span>:void; this = val$1<span class='color_orange'>formal</span>:junit.tests.framework.AssertTest*( sub ); old_this = val$1<span class='color_orange'>formal</span>:junit.tests.framework.AssertTest*( sub ); e = n$6<span class='color_orange'>initial</span>:junit.framework.AssertionFailedError*</span>
    |-
    <span class='color_blue'>condition|callee = 0<span class='color_orange'>formal</span>:_Bool( sub )</span>
    
      do_imply 1 0
      WARNING: footprint failed to find MISSING because: constants not equal
    EXECUTING SPEC 2/2
    ACTUAL PRECONDITION =
      <span class='color_blue'>condition|callee = 1<span class='color_orange'>actual_precondition</span>:int; CatchVar11 = n$4<span class='color_orange'>initial</span>:void; return = n$5<span class='color_orange'>initial</span>:void; this = val$1<span class='color_orange'>formal</span>:junit.tests.framework.AssertTest*( sub ); old_this = val$1<span class='color_orange'>formal</span>:junit.tests.framework.AssertTest*( sub ); e = n$6<span class='color_orange'>initial</span>:junit.framework.AssertionFailedError*</span>
    SPEC =
      --------------------------- ---------- ---------------------------
      PRE:
      <span class='color_blue'><span class='color_blue'>condition|callee != 0 ;
      condition|callee = _t$11<span class='color_orange'>formal</span>:_Bool( sub )</span></span>
      ----------------------------------------------------------------
    pre_check_pure_implication
    pi1:
      
    pi2:
      _t$11 != 0
    returns
    sub1:
      
    sub2:
      
    Current Implication
    SUB:
      
    <span class='color_blue'>condition|callee = 1<span class='color_orange'>actual_precondition</span>:int; CatchVar11 = n$4<span class='color_orange'>initial</span>:void; return = n$5<span class='color_orange'>initial</span>:void; this = val$1<span class='color_orange'>formal</span>:junit.tests.framework.AssertTest*( sub ); old_this = val$1<span class='color_orange'>formal</span>:junit.tests.framework.AssertTest*( sub ); e = n$6<span class='color_orange'>initial</span>:junit.framework.AssertionFailedError*</span>
    |-
    <span class='color_blue'>condition|callee = _t$11<span class='color_orange'>formal</span>:_Bool( sub )</span>
    
      do_imply 1 _t$11
        Final Implication
        SUB:
          
        <span class='color_blue'>CatchVar11 = n$4<span class='color_orange'>initial</span>:void; return = n$5<span class='color_orange'>initial</span>:void; this = val$1<span class='color_orange'>formal</span>:junit.tests.framework.AssertTest*( sub ); old_this = val$1<span class='color_orange'>formal</span>:junit.tests.framework.AssertTest*( sub ); e = n$6<span class='color_orange'>initial</span>:junit.framework.AssertionFailedError*</span>
        [SUB: 
          _t$11 = 1]
        |-
        <span class='color_blue'></span>
    Result of Abduction
      SUB:
        
      <span class='color_blue'>condition|callee = 1<span class='color_orange'>actual_precondition</span>:int; CatchVar11 = n$4<span class='color_orange'>initial</span>:void; return = n$5<span class='color_orange'>initial</span>:void; this = val$1<span class='color_orange'>formal</span>:junit.tests.framework.AssertTest*( sub ); old_this = val$1<span class='color_orange'>formal</span>:junit.tests.framework.AssertTest*( sub ); e = n$6<span class='color_orange'>initial</span>:junit.framework.AssertionFailedError*</span>
      [SUB: 
        _t$11 = 1]
      |-
      <span class='color_blue'>1 != 0 ;
      condition|callee = 1<span class='color_orange'>formal</span>:_Bool( sub )</span>
    returning TRUE
      New footprint:
      
      Frame fld:
      
      Missing fld:
      
      Instantiated frame:
      &amp;CatchVar11|->n$4<span class='color_orange'>initial</span>:void; &amp;return|->n$5<span class='color_orange'>initial</span>:void; &amp;this|->val$1<span class='color_orange'>formal</span>:junit.tests.framework.AssertTest*( sub ); &amp;old_this|->val$1<span class='color_orange'>formal</span>:junit.tests.framework.AssertTest*( sub ); &amp;e|->n$6<span class='color_orange'>initial</span>:junit.framework.AssertionFailedError*
      Instantiated post:
      
    ***** RESULTS FUNCTION CALL *******
    ***** END RESULTS FUNCTION CALL *******
    Prover.check_inconsistency_base: inconsistency reason [None]
    Prover.check_inconsistency_base: inconsistency reason [None]
    Instruction Returns
    
    .... After Symbolic Execution ....
    
    
    
  </LISTING>