<!DOCTYPE HTML PUBLIC "-//W3C//DTD HTML 4.01 Transitional//EN">
<html>
<head>
<title>org.junit.tests.running.classes.ParentRunnerTest.assertionErrorAtParentLevelTest():void.89080104ebe1895a5405edb544f8624d</title>
<meta http-equiv="Content-Type" content="text/html; charset=utf-8">
<style type="text/css">
body { background-color:#fff; color:#000; font-family:Helvetica, sans-serif; font-size:10pt }
h1 { font-size:14pt }
.code { border-collapse:collapse; width:100%; font-family: "Andale Mono", monospace; font-size:10pt; line-height: 1.2em }
.color_black { color: black }
.color_blue { color: blue }
.color_green { color: green }
.color_orange { color: orange }
.color_red { color: red }
.line { border-left: 3px solid #ccc; padding-left: 1ex; white-space: pre; }
.msg { background-color:#fff8b4; color:#000; float:left; font-family:Helvetica, sans-serif; font-size: smaller; font-weight: bold; margin-bottom:10px; margin-top:10px; max-width:60em; padding:0.5em 1ex 0.5em 1ex; -webkit-border-radius:5px; -webkit-box-shadow:1px 1px 7px #000; white-space: pre-wrap; word-wrap: break-word; }
.num { background-color:#eee; color:#444; font-size: smaller; padding-right:2ex; text-align:right; width:2.5em; }
.dangling { background-color:white; color: gray; }
.visited { background-color:LemonChiffon; color: darkmagenta; }
.tooltip { display: none; background-color:#FFF0F0; border: 2px solid #F00; font-weight: normal; left:10em; padding: 2px; position: absolute; top: -1em; -webkit-border-radius:5px; -webkit-box-shadow:1px 1px 7px #000; z-index: 1}
.with_tooltip { position: relative; }
.with_tooltip:hover .tooltip, .visited:hover .tooltip { display: block; }
</style>
</head>
<body>
<center><h1>Procedure <a href="./../ParentRunnerTest.java.18a81e438cbfa25b6080ebcc895198c0.html#LINE171">void ParentRunnerTest.assertionErrorAtParentLevelTest()</a></h1></center>
<a href="./nodes/org.junit.tests.running.classes.ParentRunnerTest.assertionErrorAtParentLevelTest%28%29%3Avoid.89080104ebe1895a5405edb544f8624d_node1.html"><span class='visited with_tooltip'>S_1<span class='tooltip'>node1 preds: succs:4 exn:2 Start
</span></span></a> <a href="./nodes/org.junit.tests.running.classes.ParentRunnerTest.assertionErrorAtParentLevelTest%28%29%3Avoid.89080104ebe1895a5405edb544f8624d_node2.html"><span class='visited with_tooltip'>E_2<span class='tooltip'>node2 preds:23 3 succs: exn: Exit
</span></span></a> <a href="./nodes/org.junit.tests.running.classes.ParentRunnerTest.assertionErrorAtParentLevelTest%28%29%3Avoid.89080104ebe1895a5405edb544f8624d_node3.html"><span class='visited with_tooltip'>I_3<span class='tooltip'>node3 preds: succs:2 exn:2 Instructions
NULLIFY(&amp;$irvar3); [line 183];
NULLIFY(&amp;$irvar5); [line 183];
NULLIFY(&amp;countingRunListener); [line 183];
NULLIFY(&amp;$irvar4); [line 183];
NULLIFY(&amp;$irvar7); [line 183];
NULLIFY(&amp;$irvar6); [line 183];
NULLIFY(&amp;$irvar0); [line 183];
NULLIFY(&amp;$irvar8); [line 183];
NULLIFY(&amp;$irvar1); [line 183];
NULLIFY(&amp;$irvar2); [line 183];
EXIT_SCOPE($irvar3,$irvar5,countingRunListener,$irvar4,$irvar7,$irvar6,$irvar0,$irvar8,$irvar1,$irvar2); [line 183];
APPLY_ABSTRACTION; [line 183];
</span></span></a> <a href="./nodes/org.junit.tests.running.classes.ParentRunnerTest.assertionErrorAtParentLevelTest%28%29%3Avoid.89080104ebe1895a5405edb544f8624d_node4.html"><span class='visited with_tooltip'>I_4<span class='tooltip'>node4 preds:1 succs:5 exn:3 Instructions
n$0=*&amp;this:org.junit.tests.running.classes.ParentRunnerTest* [line 172];
n$1=_fun_ParentRunnerTest$CountingRunListener ParentRunnerTest.runTestWithParentRunner(Class)(n$0:org.junit.tests.running.classes.ParentRunnerTest*,org.junit.tests.running.classes.ParentRunnerTest$AssertionErrorAtParentLevelTest:java.lang.Object*) [line 172];
*&amp;countingRunListener:org.junit.tests.running.classes.ParentRunnerTest$CountingRunListener*=n$1 [line 172];
NULLIFY(&amp;this); [line 172];
EXIT_SCOPE(n$0,n$1,this); [line 172];
</span></span></a> <a href="./nodes/org.junit.tests.running.classes.ParentRunnerTest.assertionErrorAtParentLevelTest%28%29%3Avoid.89080104ebe1895a5405edb544f8624d_node5.html"><span class='visited with_tooltip'>I_5<span class='tooltip'>node5 preds:4 succs:6 exn:3 Instructions
n$2=*&amp;countingRunListener:org.junit.tests.running.classes.ParentRunnerTest$CountingRunListener* [line 173];
n$3=*n$2.testSuiteStarted:int(root org.junit.tests.running.classes.ParentRunnerTest$CountingRunListener) [line 173];
*&amp;$irvar0:int=n$3 [line 173];
EXIT_SCOPE(n$2,n$3); [line 173];
</span></span></a> <a href="./nodes/org.junit.tests.running.classes.ParentRunnerTest.assertionErrorAtParentLevelTest%28%29%3Avoid.89080104ebe1895a5405edb544f8624d_node6.html"><span class='visited with_tooltip'>I_6<span class='tooltip'>node6 preds:5 succs:7 exn:3 Instructions
n$4=*&amp;$irvar0:int [line 173];
n$5=_fun_void Assert.assertEquals(long,long)(1:long,(long)n$4:long) [line 173];
NULLIFY(&amp;$irvar0); [line 173];
EXIT_SCOPE(n$4,n$5,$irvar0); [line 173];
</span></span></a> <a href="./nodes/org.junit.tests.running.classes.ParentRunnerTest.assertionErrorAtParentLevelTest%28%29%3Avoid.89080104ebe1895a5405edb544f8624d_node7.html"><span class='visited with_tooltip'>I_7<span class='tooltip'>node7 preds:6 succs:8 exn:3 Instructions
n$6=*&amp;countingRunListener:org.junit.tests.running.classes.ParentRunnerTest$CountingRunListener* [line 174];
n$7=*n$6.testSuiteFinished:int(root org.junit.tests.running.classes.ParentRunnerTest$CountingRunListener) [line 174];
*&amp;$irvar1:int=n$7 [line 174];
EXIT_SCOPE(n$6,n$7); [line 174];
</span></span></a> <a href="./nodes/org.junit.tests.running.classes.ParentRunnerTest.assertionErrorAtParentLevelTest%28%29%3Avoid.89080104ebe1895a5405edb544f8624d_node8.html"><span class='visited with_tooltip'>I_8<span class='tooltip'>node8 preds:7 succs:9 exn:3 Instructions
n$8=*&amp;$irvar1:int [line 174];
n$9=_fun_void Assert.assertEquals(long,long)(1:long,(long)n$8:long) [line 174];
NULLIFY(&amp;$irvar1); [line 174];
EXIT_SCOPE(n$8,n$9,$irvar1); [line 174];
</span></span></a> <a href="./nodes/org.junit.tests.running.classes.ParentRunnerTest.assertionErrorAtParentLevelTest%28%29%3Avoid.89080104ebe1895a5405edb544f8624d_node9.html"><span class='visited with_tooltip'>I_9<span class='tooltip'>node9 preds:8 succs:10 exn:3 Instructions
n$10=*&amp;countingRunListener:org.junit.tests.running.classes.ParentRunnerTest$CountingRunListener* [line 175];
n$11=*n$10.testSuiteFailure:int(root org.junit.tests.running.classes.ParentRunnerTest$CountingRunListener) [line 175];
*&amp;$irvar2:int=n$11 [line 175];
EXIT_SCOPE(n$10,n$11); [line 175];
</span></span></a> <a href="./nodes/org.junit.tests.running.classes.ParentRunnerTest.assertionErrorAtParentLevelTest%28%29%3Avoid.89080104ebe1895a5405edb544f8624d_node10.html"><span class='visited with_tooltip'>I_10<span class='tooltip'>node10 preds:9 succs:11 exn:3 Instructions
n$12=*&amp;$irvar2:int [line 175];
n$13=_fun_void Assert.assertEquals(long,long)(1:long,(long)n$12:long) [line 175];
NULLIFY(&amp;$irvar2); [line 175];
EXIT_SCOPE(n$12,n$13,$irvar2); [line 175];
</span></span></a> <a href="./nodes/org.junit.tests.running.classes.ParentRunnerTest.assertionErrorAtParentLevelTest%28%29%3Avoid.89080104ebe1895a5405edb544f8624d_node11.html"><span class='visited with_tooltip'>I_11<span class='tooltip'>node11 preds:10 succs:12 exn:3 Instructions
n$14=*&amp;countingRunListener:org.junit.tests.running.classes.ParentRunnerTest$CountingRunListener* [line 176];
n$15=*n$14.testSuiteAssumptionFailure:int(root org.junit.tests.running.classes.ParentRunnerTest$CountingRunListener) [line 176];
*&amp;$irvar3:int=n$15 [line 176];
EXIT_SCOPE(n$14,n$15); [line 176];
</span></span></a> <a href="./nodes/org.junit.tests.running.classes.ParentRunnerTest.assertionErrorAtParentLevelTest%28%29%3Avoid.89080104ebe1895a5405edb544f8624d_node12.html"><span class='visited with_tooltip'>I_12<span class='tooltip'>node12 preds:11 succs:13 exn:3 Instructions
n$16=*&amp;$irvar3:int [line 176];
n$17=_fun_void Assert.assertEquals(long,long)(0:long,(long)n$16:long) [line 176];
NULLIFY(&amp;$irvar3); [line 176];
EXIT_SCOPE(n$16,n$17,$irvar3); [line 176];
</span></span></a> <a href="./nodes/org.junit.tests.running.classes.ParentRunnerTest.assertionErrorAtParentLevelTest%28%29%3Avoid.89080104ebe1895a5405edb544f8624d_node13.html"><span class='visited with_tooltip'>I_13<span class='tooltip'>node13 preds:12 succs:14 exn:3 Instructions
n$18=*&amp;countingRunListener:org.junit.tests.running.classes.ParentRunnerTest$CountingRunListener* [line 178];
n$19=*n$18.testStarted:int(root org.junit.tests.running.classes.ParentRunnerTest$CountingRunListener) [line 178];
*&amp;$irvar4:int=n$19 [line 178];
EXIT_SCOPE(n$18,n$19); [line 178];
</span></span></a> <a href="./nodes/org.junit.tests.running.classes.ParentRunnerTest.assertionErrorAtParentLevelTest%28%29%3Avoid.89080104ebe1895a5405edb544f8624d_node14.html"><span class='visited with_tooltip'>I_14<span class='tooltip'>node14 preds:13 succs:15 exn:3 Instructions
n$20=*&amp;$irvar4:int [line 178];
n$21=_fun_void Assert.assertEquals(long,long)(0:long,(long)n$20:long) [line 178];
NULLIFY(&amp;$irvar4); [line 178];
EXIT_SCOPE(n$20,n$21,$irvar4); [line 178];
</span></span></a> <a href="./nodes/org.junit.tests.running.classes.ParentRunnerTest.assertionErrorAtParentLevelTest%28%29%3Avoid.89080104ebe1895a5405edb544f8624d_node15.html"><span class='visited with_tooltip'>I_15<span class='tooltip'>node15 preds:14 succs:16 exn:3 Instructions
n$22=*&amp;countingRunListener:org.junit.tests.running.classes.ParentRunnerTest$CountingRunListener* [line 179];
n$23=*n$22.testFinished:int(root org.junit.tests.running.classes.ParentRunnerTest$CountingRunListener) [line 179];
*&amp;$irvar5:int=n$23 [line 179];
EXIT_SCOPE(n$22,n$23); [line 179];
</span></span></a> <a href="./nodes/org.junit.tests.running.classes.ParentRunnerTest.assertionErrorAtParentLevelTest%28%29%3Avoid.89080104ebe1895a5405edb544f8624d_node16.html"><span class='visited with_tooltip'>I_16<span class='tooltip'>node16 preds:15 succs:17 exn:3 Instructions
n$24=*&amp;$irvar5:int [line 179];
n$25=_fun_void Assert.assertEquals(long,long)(0:long,(long)n$24:long) [line 179];
NULLIFY(&amp;$irvar5); [line 179];
EXIT_SCOPE(n$24,n$25,$irvar5); [line 179];
</span></span></a> <a href="./nodes/org.junit.tests.running.classes.ParentRunnerTest.assertionErrorAtParentLevelTest%28%29%3Avoid.89080104ebe1895a5405edb544f8624d_node17.html"><span class='visited with_tooltip'>I_17<span class='tooltip'>node17 preds:16 succs:18 exn:3 Instructions
n$26=*&amp;countingRunListener:org.junit.tests.running.classes.ParentRunnerTest$CountingRunListener* [line 180];
n$27=*n$26.testFailure:int(root org.junit.tests.running.classes.ParentRunnerTest$CountingRunListener) [line 180];
*&amp;$irvar6:int=n$27 [line 180];
EXIT_SCOPE(n$26,n$27); [line 180];
</span></span></a> <a href="./nodes/org.junit.tests.running.classes.ParentRunnerTest.assertionErrorAtParentLevelTest%28%29%3Avoid.89080104ebe1895a5405edb544f8624d_node18.html"><span class='visited with_tooltip'>I_18<span class='tooltip'>node18 preds:17 succs:19 exn:3 Instructions
n$28=*&amp;$irvar6:int [line 180];
n$29=_fun_void Assert.assertEquals(long,long)(0:long,(long)n$28:long) [line 180];
NULLIFY(&amp;$irvar6); [line 180];
EXIT_SCOPE(n$28,n$29,$irvar6); [line 180];
</span></span></a> <a href="./nodes/org.junit.tests.running.classes.ParentRunnerTest.assertionErrorAtParentLevelTest%28%29%3Avoid.89080104ebe1895a5405edb544f8624d_node19.html"><span class='visited with_tooltip'>I_19<span class='tooltip'>node19 preds:18 succs:20 exn:3 Instructions
n$30=*&amp;countingRunListener:org.junit.tests.running.classes.ParentRunnerTest$CountingRunListener* [line 181];
n$31=*n$30.testAssumptionFailure:int(root org.junit.tests.running.classes.ParentRunnerTest$CountingRunListener) [line 181];
*&amp;$irvar7:int=n$31 [line 181];
EXIT_SCOPE(n$30,n$31); [line 181];
</span></span></a> <a href="./nodes/org.junit.tests.running.classes.ParentRunnerTest.assertionErrorAtParentLevelTest%28%29%3Avoid.89080104ebe1895a5405edb544f8624d_node20.html"><span class='visited with_tooltip'>I_20<span class='tooltip'>node20 preds:19 succs:21 exn:3 Instructions
n$32=*&amp;$irvar7:int [line 181];
n$33=_fun_void Assert.assertEquals(long,long)(0:long,(long)n$32:long) [line 181];
NULLIFY(&amp;$irvar7); [line 181];
EXIT_SCOPE(n$32,n$33,$irvar7); [line 181];
</span></span></a> <a href="./nodes/org.junit.tests.running.classes.ParentRunnerTest.assertionErrorAtParentLevelTest%28%29%3Avoid.89080104ebe1895a5405edb544f8624d_node21.html"><span class='visited with_tooltip'>I_21<span class='tooltip'>node21 preds:20 succs:22 exn:3 Instructions
n$34=*&amp;countingRunListener:org.junit.tests.running.classes.ParentRunnerTest$CountingRunListener* [line 182];
n$35=*n$34.testIgnored:int(root org.junit.tests.running.classes.ParentRunnerTest$CountingRunListener) [line 182];
*&amp;$irvar8:int=n$35 [line 182];
NULLIFY(&amp;countingRunListener); [line 182];
EXIT_SCOPE(n$34,n$35,countingRunListener); [line 182];
</span></span></a> <a href="./nodes/org.junit.tests.running.classes.ParentRunnerTest.assertionErrorAtParentLevelTest%28%29%3Avoid.89080104ebe1895a5405edb544f8624d_node22.html"><span class='visited with_tooltip'>I_22<span class='tooltip'>node22 preds:21 succs:23 exn:3 Instructions
n$36=*&amp;$irvar8:int [line 182];
n$37=_fun_void Assert.assertEquals(long,long)(0:long,(long)n$36:long) [line 182];
NULLIFY(&amp;$irvar8); [line 182];
EXIT_SCOPE(n$36,n$37,$irvar8); [line 182];
</span></span></a> <a href="./nodes/org.junit.tests.running.classes.ParentRunnerTest.assertionErrorAtParentLevelTest%28%29%3Avoid.89080104ebe1895a5405edb544f8624d_node23.html"><span class='visited with_tooltip'>I_23<span class='tooltip'>node23 preds:22 succs:2 exn:3 Instructions
APPLY_ABSTRACTION; [line 183];
</span></span></a><br />@

<span class='color_black'>void void ParentRunnerTest.assertionErrorAtParentLevelTest()(org.junit.tests.running.classes.ParentRunnerTest* this)
Analyzed
</span><br />FAILURE:NONE SYMOPS:58
<br />

<hr width="100%">
LIKE DURING FOOTPRINT

<hr width="100%">
INFO DURING FOOTPRINT

<hr width="100%">
ADVICE DURING FOOTPRINT

<hr width="100%">
WARNING DURING FOOTPRINT

<hr width="100%">
ERROR DURING FOOTPRINT

<hr width="100%">
<LISTING>
Biabduction: phase= RE_EXECUTION
--------------------------- 1 of 1 [nvisited:171 172 173 183] ---------------------------
PRE:
<span class='color_blue'><span class='color_blue'>this = val$1<span class='color_orange'>formal</span>:org.junit.tests.running.classes.ParentRunnerTest*( sub )</span></span>
POST 1 of 1:
<span class='color_blue'><span class='color_red'>MEMne &lt; void Assert.assertEquals(long,long):173 &gt; <span class='color_orange'>{vpath: }</span>(val$2)</span> ;
<span class='color_red'>return = EXN val$2<span class='color_orange'>update:173</span>:void</span>; <span class='color_blue'>this = val$1<span class='color_orange'>formal</span>:org.junit.tests.running.classes.ParentRunnerTest*( sub )</span> ;
<span class='color_red'>val$2|->{}<span class='color_orange'>alloc</span>:java.lang.AssertionError</span></span>
----------------------------------------------------------------<br>

RacerD: 
Threads: NoThread, Locks: 0 
Accesses { {elem= Access: Read of model.TestClass.FIELD_COMPARATOR Thread: NoThread Lock: false Pre: Unowned;
            loc= line 78;
            trace= { ParentRunnerTest$CountingRunListener ParentRunnerTest.runTestWithParentRunner(Class) at line 172,
                     BlockJUnit4ClassRunner.<init>(Class) at line 250,
                     ParentRunner.<init>(Class) at line 74,
                     TestClass ParentRunner.createTestClass(Class) at line 91,
                     TestClass.<init>(Class) at line 111,
                     void TestClass.scanAnnotatedMembers(Map,Map) at line 57,
                     Field[] TestClass.getSortedDeclaredFields(Class) at line 70 }},
           {elem= Access: Read of lang.Void.TYPE Thread: NoThread Lock: false Pre: Unowned;
            loc= line 107;
            trace= { ParentRunnerTest$CountingRunListener ParentRunnerTest.runTestWithParentRunner(Class) at line 172,
                     BlockJUnit4ClassRunner.<init>(Class) at line 250,
                     ParentRunner.<init>(Class) at line 74,
                     void ParentRunner.validate() at line 92,
                     void ParentRunner.collectInitializationErrors(List) at line 523,
                     void ParentRunner.validatePublicVoidNoArgMethods(Class,boolean,List) at line 148,
                     void FrameworkMethod.validatePublicVoidNoArg(boolean,List) at line 178,
                     void FrameworkMethod.validatePublicVoid(boolean,List) at line 83 }},
           {elem= Access: Read of runners.ParentRunner.VALIDATORS Thread: NoThread Lock: false Pre: Unowned;
            loc= line 156;
            trace= { ParentRunnerTest$CountingRunListener ParentRunnerTest.runTestWithParentRunner(Class) at line 172,
                     BlockJUnit4ClassRunner.<init>(Class) at line 250,
                     ParentRunner.<init>(Class) at line 74,
                     void ParentRunner.validate() at line 92,
                     void ParentRunner.collectInitializationErrors(List) at line 523,
                     void ParentRunner.applyValidators(List) at line 151 }},
           {elem= Access: Read of runners.RuleContainer.ENTRY_COMPARATOR Thread: NoThread Lock: false Pre: Unowned;
            loc= line 574;
            trace= { ParentRunnerTest$CountingRunListener ParentRunnerTest.runTestWithParentRunner(Class) at line 172,
                     void ParentRunner.run(RunNotifier) at line 251,
                     Statement ParentRunner.classBlock(RunNotifier) at line 412,
                     Statement ParentRunner.withClassRules(Statement) at line 217,
                     List ParentRunner.classRules() at line 268,
                     List ParentRunner$ClassRuleCollector.getOrderedRules() at line 281 }},
           {elem= Access: Read of internal.MethodSorter.DEFAULT Thread: NoThread Lock: false Pre: Unowned;
            loc= line 67;
            trace= { ParentRunnerTest$CountingRunListener ParentRunnerTest.runTestWithParentRunner(Class) at line 172,
                     BlockJUnit4ClassRunner.<init>(Class) at line 250,
                     ParentRunner.<init>(Class) at line 74,
                     TestClass ParentRunner.createTestClass(Class) at line 91,
                     TestClass.<init>(Class) at line 111,
                     void TestClass.scanAnnotatedMembers(Map,Map) at line 57,
                     Method[] MethodSorter.getDeclaredMethods(Class) at line 65,
                     Comparator MethodSorter.getSorter(FixMethodOrder) at line 52 }},
           {elem= Access: Read of rules.RuleMemberValidator.CLASS_RULE_METHOD_VALIDATOR Thread: NoThread Lock: false Pre: Unowned;
            loc= line 184;
            trace= { ParentRunnerTest$CountingRunListener ParentRunnerTest.runTestWithParentRunner(Class) at line 172,
                     BlockJUnit4ClassRunner.<init>(Class) at line 250,
                     ParentRunner.<init>(Class) at line 74,
                     void ParentRunner.validate() at line 92,
                     void ParentRunner.collectInitializationErrors(List) at line 523,
                     void ParentRunner.validateClassRules(List) at line 150 }},
           {elem= Access: Read of rules.RuleMemberValidator.CLASS_RULE_VALIDATOR Thread: NoThread Lock: false Pre: Unowned;
            loc= line 183;
            trace= { ParentRunnerTest$CountingRunListener ParentRunnerTest.runTestWithParentRunner(Class) at line 172,
                     BlockJUnit4ClassRunner.<init>(Class) at line 250,
                     ParentRunner.<init>(Class) at line 74,
                     void ParentRunner.validate() at line 92,
                     void ParentRunner.collectInitializationErrors(List) at line 523,
                     void ParentRunner.validateClassRules(List) at line 150 }},
           {elem= Access: Read of rules.RuleMemberValidator.CLASS_RULE_METHOD_VALIDATOR->annotation Thread: NoThread Lock: false Pre: Unowned;
            loc= line 89;
            trace= { ParentRunnerTest$CountingRunListener ParentRunnerTest.runTestWithParentRunner(Class) at line 172,
                     BlockJUnit4ClassRunner.<init>(Class) at line 250,
                     ParentRunner.<init>(Class) at line 74,
                     void ParentRunner.validate() at line 92,
                     void ParentRunner.collectInitializationErrors(List) at line 523,
                     void ParentRunner.validateClassRules(List) at line 150,
                     void RuleMemberValidator.validate(TestClass,List) at line 184 }},
           {elem= Access: Read of rules.RuleMemberValidator.CLASS_RULE_METHOD_VALIDATOR->methods Thread: NoThread Lock: false Pre: Unowned;
            loc= line 89;
            trace= { ParentRunnerTest$CountingRunListener ParentRunnerTest.runTestWithParentRunner(Class) at line 172,
                     BlockJUnit4ClassRunner.<init>(Class) at line 250,
                     ParentRunner.<init>(Class) at line 74,
                     void ParentRunner.validate() at line 92,
                     void ParentRunner.collectInitializationErrors(List) at line 523,
                     void ParentRunner.validateClassRules(List) at line 150,
                     void RuleMemberValidator.validate(TestClass,List) at line 184 }},
           {elem= Access: Read of rules.RuleMemberValidator.CLASS_RULE_METHOD_VALIDATOR->validatorStrategies Thread: NoThread Lock: false Pre: Unowned;
            loc= line 98;
            trace= { ParentRunnerTest$CountingRunListener ParentRunnerTest.runTestWithParentRunner(Class) at line 172,
                     BlockJUnit4ClassRunner.<init>(Class) at line 250,
                     ParentRunner.<init>(Class) at line 74,
                     void ParentRunner.validate() at line 92,
                     void ParentRunner.collectInitializationErrors(List) at line 523,
                     void ParentRunner.validateClassRules(List) at line 150,
                     void RuleMemberValidator.validate(TestClass,List) at line 184,
                     void RuleMemberValidator.validateMember(FrameworkMember,List) at line 93 }},
           {elem= Access: Read of rules.RuleMemberValidator.CLASS_RULE_VALIDATOR->annotation Thread: NoThread Lock: false Pre: Unowned;
            loc= line 89;
            trace= { ParentRunnerTest$CountingRunListener ParentRunnerTest.runTestWithParentRunner(Class) at line 172,
                     BlockJUnit4ClassRunner.<init>(Class) at line 250,
                     ParentRunner.<init>(Class) at line 74,
                     void ParentRunner.validate() at line 92,
                     void ParentRunner.collectInitializationErrors(List) at line 523,
                     void ParentRunner.validateClassRules(List) at line 150,
                     void RuleMemberValidator.validate(TestClass,List) at line 183 }},
           {elem= Access: Read of rules.RuleMemberValidator.CLASS_RULE_VALIDATOR->methods Thread: NoThread Lock: false Pre: Unowned;
            loc= line 89;
            trace= { ParentRunnerTest$CountingRunListener ParentRunnerTest.runTestWithParentRunner(Class) at line 172,
                     BlockJUnit4ClassRunner.<init>(Class) at line 250,
                     ParentRunner.<init>(Class) at line 74,
                     void ParentRunner.validate() at line 92,
                     void ParentRunner.collectInitializationErrors(List) at line 523,
                     void ParentRunner.validateClassRules(List) at line 150,
                     void RuleMemberValidator.validate(TestClass,List) at line 183 }},
           {elem= Access: Read of rules.RuleMemberValidator.CLASS_RULE_VALIDATOR->validatorStrategies Thread: NoThread Lock: false Pre: Unowned;
            loc= line 98;
            trace= { ParentRunnerTest$CountingRunListener ParentRunnerTest.runTestWithParentRunner(Class) at line 172,
                     BlockJUnit4ClassRunner.<init>(Class) at line 250,
                     ParentRunner.<init>(Class) at line 74,
                     void ParentRunner.validate() at line 92,
                     void ParentRunner.collectInitializationErrors(List) at line 523,
                     void ParentRunner.validateClassRules(List) at line 150,
                     void RuleMemberValidator.validate(TestClass,List) at line 183,
                     void RuleMemberValidator.validateMember(FrameworkMember,List) at line 93 }} } 
Ownership: Unowned 
Return Attribute: Nothing 
Attributes: { } 

Starvation: {thread= UnknownThread; return_attributes= Nothing;
             critical_pairs={ };
             scheduled_work= { };
             attributes= { }}
</LISTING>
<hr />
<pre>
{ proc_name= void ParentRunnerTest.assertionErrorAtParentLevelTest()
; translation_unit= src/test/java/org/junit/tests/running/classes/ParentRunnerTest.java
; access= Public
; exceptions= [org.junit.runners.model.InitializationError]
; formals= [(this,org.junit.tests.running.classes.ParentRunnerTest*)]
; is_defined= true
; loc= src/test/java/org/junit/tests/running/classes/ParentRunnerTest.java:171
; locals= [{ name= $irvar8; typ= void; modify_in_block= false; is_declared_unused= false }; 
           { name= $irvar7; typ= void; modify_in_block= false; is_declared_unused= false }; 
           { name= $irvar6; typ= void; modify_in_block= false; is_declared_unused= false }; 
           { name= $irvar5; typ= void; modify_in_block= false; is_declared_unused= false }; 
           { name= $irvar4; typ= void; modify_in_block= false; is_declared_unused= false }; 
           { name= $irvar3; typ= void; modify_in_block= false; is_declared_unused= false }; 
           { name= $irvar2; typ= void; modify_in_block= false; is_declared_unused= false }; 
           { name= $irvar1; typ= void; modify_in_block= false; is_declared_unused= false }; 
           { name= $irvar0; typ= void; modify_in_block= false; is_declared_unused= false }; 
           { name= countingRunListener; typ= org.junit.tests.running.classes.ParentRunnerTest$CountingRunListener*; modify_in_block= false; is_declared_unused= false }]
; method_annotation= <_org.junit.Test> ()
; ret_type= void 
; proc_id= org.junit.tests.running.classes.ParentRunnerTest.assertionErrorAtParentLevelTest():void }</pre>
</body>
</html>
