<!DOCTYPE HTML PUBLIC "-//W3C//DTD HTML 4.01 Transitional//EN">
<html>
<head>
<title>org.junit.tests.running.classes.SuiteTest.suiteShouldBeOKwithNonDefaultConstructor():void.94084620e73fdf28e6207ae5b8fba5fc_node8</title>
<meta http-equiv="Content-Type" content="text/html; charset=utf-8">
<style type="text/css">
body { background-color:#fff; color:#000; font-family:Helvetica, sans-serif; font-size:10pt }
h1 { font-size:14pt }
.code { border-collapse:collapse; width:100%; font-family: "Andale Mono", monospace; font-size:10pt; line-height: 1.2em }
.color_black { color: black }
.color_blue { color: blue }
.color_green { color: green }
.color_orange { color: orange }
.color_red { color: red }
.line { border-left: 3px solid #ccc; padding-left: 1ex; white-space: pre; }
.msg { background-color:#fff8b4; color:#000; float:left; font-family:Helvetica, sans-serif; font-size: smaller; font-weight: bold; margin-bottom:10px; margin-top:10px; max-width:60em; padding:0.5em 1ex 0.5em 1ex; -webkit-border-radius:5px; -webkit-box-shadow:1px 1px 7px #000; white-space: pre-wrap; word-wrap: break-word; }
.num { background-color:#eee; color:#444; font-size: smaller; padding-right:2ex; text-align:right; width:2.5em; }
.dangling { background-color:white; color: gray; }
.visited { background-color:LemonChiffon; color: darkmagenta; }
.tooltip { display: none; background-color:#FFF0F0; border: 2px solid #F00; font-weight: normal; left:10em; padding: 2px; position: absolute; top: -1em; -webkit-border-radius:5px; -webkit-box-shadow:1px 1px 7px #000; z-index: 1}
.with_tooltip { position: relative; }
.with_tooltip:hover .tooltip, .visited:hover .tooltip { display: block; }
</style>
</head>
<body>
<center><h1>Cfg Node <a href="./../../SuiteTest.java.167329620be352b2f92add741306929f.html#LINE207">8</a></h1></center>PROC: <a href="./../org.junit.tests.running.classes.SuiteTest.suiteShouldBeOKwithNonDefaultConstructor%28%29%3Avoid.94084620e73fdf28e6207ae5b8fba5fc.html">void SuiteTest.suiteShouldBeOKwithNonDefaultConstructor()</a> LINE: <a href="./../../SuiteTest.java.167329620be352b2f92add741306929f.html#LINE207">207</a>
<br>PREDS:
<a href="./../nodes/org.junit.tests.running.classes.SuiteTest.suiteShouldBeOKwithNonDefaultConstructor%28%29%3Avoid.94084620e73fdf28e6207ae5b8fba5fc_node7.html"><span class='visited with_tooltip'>N_7<span class='tooltip'>node7 preds:6 succs:8 exn:3 </span></span></a><br>SUCCS:
<a href="./../nodes/org.junit.tests.running.classes.SuiteTest.suiteShouldBeOKwithNonDefaultConstructor%28%29%3Avoid.94084620e73fdf28e6207ae5b8fba5fc_node9.html"><span class='visited with_tooltip'>N_9<span class='tooltip'>node9 preds:8 succs:2 exn:3 </span></span></a><br>EXN:
<a href="./../nodes/org.junit.tests.running.classes.SuiteTest.suiteShouldBeOKwithNonDefaultConstructor%28%29%3Avoid.94084620e73fdf28e6207ae5b8fba5fc_node3.html"><span class='visited with_tooltip'>N_3<span class='tooltip'>node3 preds: succs:2 exn:2 </span></span></a><br>
<LISTING class='color_green'>n$7=*&amp;$irvar1:_Bool [line 207];
n$8=_fun_void Assert.assertTrue(boolean)(n$7:_Bool) [line 207];
</LISTING>
<hr width="100%">
<a name="session6" href="./../nodes/org.junit.tests.running.classes.SuiteTest.suiteShouldBeOKwithNonDefaultConstructor%28%29%3Avoid.94084620e73fdf28e6207ae5b8fba5fc_node8.html#session6">node8#session6</a>(<a href="./../../SuiteTest.java.167329620be352b2f92add741306929f.html#LINE207">207</a>) [compute pre] liveness 8
<LISTING class='color_black'>JOIN

LEFT:   normal:{ }, exn:{ }
RIGHT:  normal:{ }, exn:{ }
RESULT: normal:{ }, exn:{ }

</LISTING>
<hr width="100%">
<a name="session7" href="./../nodes/org.junit.tests.running.classes.SuiteTest.suiteShouldBeOKwithNonDefaultConstructor%28%29%3Avoid.94084620e73fdf28e6207ae5b8fba5fc_node8.html#session7">node8#session7</a>(<a href="./../../SuiteTest.java.167329620be352b2f92add741306929f.html#LINE207">207</a>) [exec] liveness 8
<LISTING class='color_black'>PRE STATE:
normal:{ }, exn:{ }

INSTR=  n$8=_fun_void Assert.assertTrue(boolean)(n$7:_Bool) [line 207]; 

STATE:
normal:{ n$7 }, exn:{ }

INSTR=  n$7=*&amp;$irvar1:_Bool [line 207]; 

STATE:
normal:{ $irvar1 }, exn:{ }

</LISTING>
<hr width="100%">
<a name="session27" href="./../nodes/org.junit.tests.running.classes.SuiteTest.suiteShouldBeOKwithNonDefaultConstructor%28%29%3Avoid.94084620e73fdf28e6207ae5b8fba5fc_node8.html#session27">node8#session27</a>(<a href="./../../SuiteTest.java.167329620be352b2f92add741306929f.html#LINE207">207</a>) [compute pre] nullify
<LISTING class='color_black'></LISTING>
<hr width="100%">
<a name="session28" href="./../nodes/org.junit.tests.running.classes.SuiteTest.suiteShouldBeOKwithNonDefaultConstructor%28%29%3Avoid.94084620e73fdf28e6207ae5b8fba5fc_node8.html#session28">node8#session28</a>(<a href="./../../SuiteTest.java.167329620be352b2f92add741306929f.html#LINE207">207</a>) [exec] nullify
<LISTING class='color_black'>PRE STATE:
(normal:{ $irvar1 }, exn:{ },normal:{ _, n$4, n$6, result }, exn:{ })

INSTR=  n$7=*&amp;$irvar1:_Bool [line 207]; 

STATE:
(normal:{ n$7, $irvar1 }, exn:{ },normal:{ _, n$4, n$6, result }, exn:{ })

INSTR=  n$8=_fun_void Assert.assertTrue(boolean)(n$7:_Bool) [line 207]; 

STATE:
(normal:{ }, exn:{ },normal:{ n$7, n$8, $irvar1 }, exn:{ })

</LISTING>
<hr width="100%">
<a name="session44" href="./../nodes/org.junit.tests.running.classes.SuiteTest.suiteShouldBeOKwithNonDefaultConstructor%28%29%3Avoid.94084620e73fdf28e6207ae5b8fba5fc_node8.html#session44">node8#session44</a>(<a href="./../../SuiteTest.java.167329620be352b2f92add741306929f.html#LINE207">207</a>) [compute pre] devirtualizer analysis 8
<LISTING class='color_black'></LISTING>
<hr width="100%">
<a name="session45" href="./../nodes/org.junit.tests.running.classes.SuiteTest.suiteShouldBeOKwithNonDefaultConstructor%28%29%3Avoid.94084620e73fdf28e6207ae5b8fba5fc_node8.html#session45">node8#session45</a>(<a href="./../../SuiteTest.java.167329620be352b2f92add741306929f.html#LINE207">207</a>) [exec] devirtualizer analysis 8
<LISTING class='color_black'>PRE STATE:
{ }

INSTR=  n$7=*&amp;$irvar1:_Bool [line 207]; 

STATE UNCHANGED

INSTR=  n$8=_fun_void Assert.assertTrue(boolean)(n$7:_Bool) [line 207]; 

STATE UNCHANGED

INSTR=  NULLIFY(&amp;$irvar1); [line 207]; 

STATE UNCHANGED

INSTR=  EXIT_SCOPE(n$7,n$8,$irvar1); [line 207]; 

STATE UNCHANGED

</LISTING>
<hr width="100%">
<a name="session51" href="./../nodes/org.junit.tests.running.classes.SuiteTest.suiteShouldBeOKwithNonDefaultConstructor%28%29%3Avoid.94084620e73fdf28e6207ae5b8fba5fc_node8.html#session51">node8#session51</a>(<a href="./../../SuiteTest.java.167329620be352b2f92add741306929f.html#LINE207">207</a>) [exec] devirtualizer
<LISTING class='color_black'></LISTING>
<hr width="100%">
<a name="session52" href="./../nodes/org.junit.tests.running.classes.SuiteTest.suiteShouldBeOKwithNonDefaultConstructor%28%29%3Avoid.94084620e73fdf28e6207ae5b8fba5fc_node8.html#session52">node8#session52</a>(<a href="./../../SuiteTest.java.167329620be352b2f92add741306929f.html#LINE207">207</a>) [exec] devirtualizer
<LISTING class='color_black'></LISTING>
<hr width="100%">
<a name="session53" href="./../nodes/org.junit.tests.running.classes.SuiteTest.suiteShouldBeOKwithNonDefaultConstructor%28%29%3Avoid.94084620e73fdf28e6207ae5b8fba5fc_node8.html#session53">node8#session53</a>(<a href="./../../SuiteTest.java.167329620be352b2f92add741306929f.html#LINE207">207</a>) [exec] devirtualizer
<LISTING class='color_black'></LISTING>
<hr width="100%">
<a name="session54" href="./../nodes/org.junit.tests.running.classes.SuiteTest.suiteShouldBeOKwithNonDefaultConstructor%28%29%3Avoid.94084620e73fdf28e6207ae5b8fba5fc_node8.html#session54">node8#session54</a>(<a href="./../../SuiteTest.java.167329620be352b2f92add741306929f.html#LINE207">207</a>) [exec] devirtualizer
<LISTING class='color_black'></LISTING>
<hr width="100%">
<a name="session10" href="./../nodes/org.junit.tests.running.classes.SuiteTest.suiteShouldBeOKwithNonDefaultConstructor%28%29%3Avoid.94084620e73fdf28e6207ae5b8fba5fc_node8.html#session10">node8#session10</a>(<a href="./../../SuiteTest.java.167329620be352b2f92add741306929f.html#LINE207">207</a>) [compute pre] starvation
<LISTING class='color_black'></LISTING>
<hr width="100%">
<a name="session11" href="./../nodes/org.junit.tests.running.classes.SuiteTest.suiteShouldBeOKwithNonDefaultConstructor%28%29%3Avoid.94084620e73fdf28e6207ae5b8fba5fc_node8.html#session11">node8#session11</a>(<a href="./../../SuiteTest.java.167329620be352b2f92add741306929f.html#LINE207">207</a>) [exec] starvation
<LISTING class='color_black'>PRE STATE:
{guard_map= { }; lock_state= {map= { }; acquisitions= { }};
 critical_pairs= { }; attributes= { }; thread= UnknownThread;
 scheduled_work= { }; var_state= { }}

INSTR=  n$7=*&amp;$irvar1:_Bool [line 207]; 

STATE:
{guard_map= { }; lock_state= {map= { }; acquisitions= { }};
 critical_pairs= { }; attributes= { }; thread= UnknownThread;
 scheduled_work= { }; var_state= { n$7 -&gt; $irvar1 }}

INSTR=  n$8=_fun_void Assert.assertTrue(boolean)(n$7:_Bool) [line 207]; 

STATE:
{guard_map= { }; lock_state= {map= { }; acquisitions= { }};
 critical_pairs= { }; attributes= { }; thread= UnknownThread;
 scheduled_work= { }; var_state= { n$7 -&gt; $irvar1 }}

INSTR=  NULLIFY(&amp;$irvar1); [line 207]; 

STATE UNCHANGED

INSTR=  EXIT_SCOPE(n$7,n$8,$irvar1); [line 207]; 

STATE:
{guard_map= { }; lock_state= {map= { }; acquisitions= { }};
 critical_pairs= { }; attributes= { }; thread= UnknownThread;
 scheduled_work= { }; var_state= { }}

</LISTING>
<hr width="100%">
<a name="session25" href="./../nodes/org.junit.tests.running.classes.SuiteTest.suiteShouldBeOKwithNonDefaultConstructor%28%29%3Avoid.94084620e73fdf28e6207ae5b8fba5fc_node8.html#session25">node8#session25</a>(<a href="./../../SuiteTest.java.167329620be352b2f92add741306929f.html#LINE207">207</a>) [compute pre] racerd
<LISTING class='color_black'></LISTING>
<hr width="100%">
<a name="session26" href="./../nodes/org.junit.tests.running.classes.SuiteTest.suiteShouldBeOKwithNonDefaultConstructor%28%29%3Avoid.94084620e73fdf28e6207ae5b8fba5fc_node8.html#session26">node8#session26</a>(<a href="./../../SuiteTest.java.167329620be352b2f92add741306929f.html#LINE207">207</a>) [exec] racerd
<LISTING class='color_black'>PRE STATE:
Threads: NoThread, Locks: 0 
Accesses { {elem= Access: Read of model.TestClass.FIELD_COMPARATOR Thread: NoThread Lock: false Pre: Unowned;
            loc= line 78;
            trace= { Result JUnitCore.runClasses(Class[]) at line 206,
                     Result JUnitCore.runClasses(Computer,Class[]) at line 53,
                     Result JUnitCore.run(Computer,Class[]) at line 66,
                     Request Request.classes(Computer,Class[]) at line 109,
                     Runner Computer.getSuite(RunnerBuilder,Class[]) at line 77,
                     Computer$2.&lt;init&gt;(Computer,RunnerBuilder,Class[]) at line 28,
                     Suite.&lt;init&gt;(RunnerBuilder,Class[]) at line 33,
                     Suite.&lt;init&gt;(Class,List) at line 81,
                     ParentRunner.&lt;init&gt;(Class) at line 112,
                     TestClass ParentRunner.createTestClass(Class) at line 91,
                     TestClass.&lt;init&gt;(Class) at line 111,
                     void TestClass.scanAnnotatedMembers(Map,Map) at line 57,
                     Field[] TestClass.getSortedDeclaredFields(Class) at line 70 }},
           {elem= Access: Read of lang.Void.TYPE Thread: NoThread Lock: false Pre: Unowned;
            loc= line 107;
            trace= { Result JUnitCore.runClasses(Class[]) at line 206,
                     Result JUnitCore.runClasses(Computer,Class[]) at line 53,
                     Result JUnitCore.run(Computer,Class[]) at line 66,
                     Request Request.classes(Computer,Class[]) at line 109,
                     Runner Computer.getSuite(RunnerBuilder,Class[]) at line 77,
                     Computer$2.&lt;init&gt;(Computer,RunnerBuilder,Class[]) at line 28,
                     Suite.&lt;init&gt;(RunnerBuilder,Class[]) at line 33,
                     Suite.&lt;init&gt;(Class,List) at line 81,
                     ParentRunner.&lt;init&gt;(Class) at line 112,
                     void ParentRunner.validate() at line 92,
                     void ParentRunner.collectInitializationErrors(List) at line 523,
                     void ParentRunner.validatePublicVoidNoArgMethods(Class,boolean,List) at line 148,
                     void FrameworkMethod.validatePublicVoidNoArg(boolean,List) at line 178,
                     void FrameworkMethod.validatePublicVoid(boolean,List) at line 83 }},
           {elem= Access: Read of runners.ParentRunner.VALIDATORS Thread: NoThread Lock: false Pre: Unowned;
            loc= line 156;
            trace= { Result JUnitCore.runClasses(Class[]) at line 206,
                     Result JUnitCore.runClasses(Computer,Class[]) at line 53,
                     Result JUnitCore.run(Computer,Class[]) at line 66,
                     Request Request.classes(Computer,Class[]) at line 109,
                     Runner Computer.getSuite(RunnerBuilder,Class[]) at line 77,
                     Computer$2.&lt;init&gt;(Computer,RunnerBuilder,Class[]) at line 28,
                     Suite.&lt;init&gt;(RunnerBuilder,Class[]) at line 33,
                     Suite.&lt;init&gt;(Class,List) at line 81,
                     ParentRunner.&lt;init&gt;(Class) at line 112,
                     void ParentRunner.validate() at line 92,
                     void ParentRunner.collectInitializationErrors(List) at line 523,
                     void ParentRunner.applyValidators(List) at line 151 }},
           {elem= Access: Read of internal.MethodSorter.DEFAULT Thread: NoThread Lock: false Pre: Unowned;
            loc= line 67;
            trace= { Result JUnitCore.runClasses(Class[]) at line 206,
                     Result JUnitCore.runClasses(Computer,Class[]) at line 53,
                     Result JUnitCore.run(Computer,Class[]) at line 66,
                     Request Request.classes(Computer,Class[]) at line 109,
                     Runner Computer.getSuite(RunnerBuilder,Class[]) at line 77,
                     Computer$2.&lt;init&gt;(Computer,RunnerBuilder,Class[]) at line 28,
                     Suite.&lt;init&gt;(RunnerBuilder,Class[]) at line 33,
                     Suite.&lt;init&gt;(Class,List) at line 81,
                     ParentRunner.&lt;init&gt;(Class) at line 112,
                     TestClass ParentRunner.createTestClass(Class) at line 91,
                     TestClass.&lt;init&gt;(Class) at line 111,
                     void TestClass.scanAnnotatedMembers(Map,Map) at line 57,
                     Method[] MethodSorter.getDeclaredMethods(Class) at line 65,
                     Comparator MethodSorter.getSorter(FixMethodOrder) at line 52 }},
           {elem= Access: Read of rules.RuleMemberValidator.CLASS_RULE_METHOD_VALIDATOR Thread: NoThread Lock: false Pre: Unowned;
            loc= line 184;
            trace= { Result JUnitCore.runClasses(Class[]) at line 206,
                     Result JUnitCore.runClasses(Computer,Class[]) at line 53,
                     Result JUnitCore.run(Computer,Class[]) at line 66,
                     Request Request.classes(Computer,Class[]) at line 109,
                     Runner Computer.getSuite(RunnerBuilder,Class[]) at line 77,
                     Computer$2.&lt;init&gt;(Computer,RunnerBuilder,Class[]) at line 28,
                     Suite.&lt;init&gt;(RunnerBuilder,Class[]) at line 33,
                     Suite.&lt;init&gt;(Class,List) at line 81,
                     ParentRunner.&lt;init&gt;(Class) at line 112,
                     void ParentRunner.validate() at line 92,
                     void ParentRunner.collectInitializationErrors(List) at line 523,
                     void ParentRunner.validateClassRules(List) at line 150 }},
           {elem= Access: Read of rules.RuleMemberValidator.CLASS_RULE_VALIDATOR Thread: NoThread Lock: false Pre: Unowned;
            loc= line 183;
            trace= { Result JUnitCore.runClasses(Class[]) at line 206,
                     Result JUnitCore.runClasses(Computer,Class[]) at line 53,
                     Result JUnitCore.run(Computer,Class[]) at line 66,
                     Request Request.classes(Computer,Class[]) at line 109,
                     Runner Computer.getSuite(RunnerBuilder,Class[]) at line 77,
                     Computer$2.&lt;init&gt;(Computer,RunnerBuilder,Class[]) at line 28,
                     Suite.&lt;init&gt;(RunnerBuilder,Class[]) at line 33,
                     Suite.&lt;init&gt;(Class,List) at line 81,
                     ParentRunner.&lt;init&gt;(Class) at line 112,
                     void ParentRunner.validate() at line 92,
                     void ParentRunner.collectInitializationErrors(List) at line 523,
                     void ParentRunner.validateClassRules(List) at line 150 }},
           {elem= Access: Read of rules.RuleMemberValidator.CLASS_RULE_METHOD_VALIDATOR-&gt;annotation Thread: NoThread Lock: false Pre: Unowned;
            loc= line 89;
            trace= { Result JUnitCore.runClasses(Class[]) at line 206,
                     Result JUnitCore.runClasses(Computer,Class[]) at line 53,
                     Result JUnitCore.run(Computer,Class[]) at line 66,
                     Request Request.classes(Computer,Class[]) at line 109,
                     Runner Computer.getSuite(RunnerBuilder,Class[]) at line 77,
                     Computer$2.&lt;init&gt;(Computer,RunnerBuilder,Class[]) at line 28,
                     Suite.&lt;init&gt;(RunnerBuilder,Class[]) at line 33,
                     Suite.&lt;init&gt;(Class,List) at line 81,
                     ParentRunner.&lt;init&gt;(Class) at line 112,
                     void ParentRunner.validate() at line 92,
                     void ParentRunner.collectInitializationErrors(List) at line 523,
                     void ParentRunner.validateClassRules(List) at line 150,
                     void RuleMemberValidator.validate(TestClass,List) at line 184 }},
           {elem= Access: Read of rules.RuleMemberValidator.CLASS_RULE_METHOD_VALIDATOR-&gt;methods Thread: NoThread Lock: false Pre: Unowned;
            loc= line 89;
            trace= { Result JUnitCore.runClasses(Class[]) at line 206,
                     Result JUnitCore.runClasses(Computer,Class[]) at line 53,
                     Result JUnitCore.run(Computer,Class[]) at line 66,
                     Request Request.classes(Computer,Class[]) at line 109,
                     Runner Computer.getSuite(RunnerBuilder,Class[]) at line 77,
                     Computer$2.&lt;init&gt;(Computer,RunnerBuilder,Class[]) at line 28,
                     Suite.&lt;init&gt;(RunnerBuilder,Class[]) at line 33,
                     Suite.&lt;init&gt;(Class,List) at line 81,
                     ParentRunner.&lt;init&gt;(Class) at line 112,
                     void ParentRunner.validate() at line 92,
                     void ParentRunner.collectInitializationErrors(List) at line 523,
                     void ParentRunner.validateClassRules(List) at line 150,
                     void RuleMemberValidator.validate(TestClass,List) at line 184 }},
           {elem= Access: Read of rules.RuleMemberValidator.CLASS_RULE_METHOD_VALIDATOR-&gt;validatorStrategies Thread: NoThread Lock: false Pre: Unowned;
            loc= line 98;
            trace= { Result JUnitCore.runClasses(Class[]) at line 206,
                     Result JUnitCore.runClasses(Computer,Class[]) at line 53,
                     Result JUnitCore.run(Computer,Class[]) at line 66,
                     Request Request.classes(Computer,Class[]) at line 109,
                     Runner Computer.getSuite(RunnerBuilder,Class[]) at line 77,
                     Computer$2.&lt;init&gt;(Computer,RunnerBuilder,Class[]) at line 28,
                     Suite.&lt;init&gt;(RunnerBuilder,Class[]) at line 33,
                     Suite.&lt;init&gt;(Class,List) at line 81,
                     ParentRunner.&lt;init&gt;(Class) at line 112,
                     void ParentRunner.validate() at line 92,
                     void ParentRunner.collectInitializationErrors(List) at line 523,
                     void ParentRunner.validateClassRules(List) at line 150,
                     void RuleMemberValidator.validate(TestClass,List) at line 184,
                     void RuleMemberValidator.validateMember(FrameworkMember,List) at line 93 }},
           {elem= Access: Read of rules.RuleMemberValidator.CLASS_RULE_VALIDATOR-&gt;annotation Thread: NoThread Lock: false Pre: Unowned;
            loc= line 89;
            trace= { Result JUnitCore.runClasses(Class[]) at line 206,
                     Result JUnitCore.runClasses(Computer,Class[]) at line 53,
                     Result JUnitCore.run(Computer,Class[]) at line 66,
                     Request Request.classes(Computer,Class[]) at line 109,
                     Runner Computer.getSuite(RunnerBuilder,Class[]) at line 77,
                     Computer$2.&lt;init&gt;(Computer,RunnerBuilder,Class[]) at line 28,
                     Suite.&lt;init&gt;(RunnerBuilder,Class[]) at line 33,
                     Suite.&lt;init&gt;(Class,List) at line 81,
                     ParentRunner.&lt;init&gt;(Class) at line 112,
                     void ParentRunner.validate() at line 92,
                     void ParentRunner.collectInitializationErrors(List) at line 523,
                     void ParentRunner.validateClassRules(List) at line 150,
                     void RuleMemberValidator.validate(TestClass,List) at line 183 }},
           {elem= Access: Read of rules.RuleMemberValidator.CLASS_RULE_VALIDATOR-&gt;methods Thread: NoThread Lock: false Pre: Unowned;
            loc= line 89;
            trace= { Result JUnitCore.runClasses(Class[]) at line 206,
                     Result JUnitCore.runClasses(Computer,Class[]) at line 53,
                     Result JUnitCore.run(Computer,Class[]) at line 66,
                     Request Request.classes(Computer,Class[]) at line 109,
                     Runner Computer.getSuite(RunnerBuilder,Class[]) at line 77,
                     Computer$2.&lt;init&gt;(Computer,RunnerBuilder,Class[]) at line 28,
                     Suite.&lt;init&gt;(RunnerBuilder,Class[]) at line 33,
                     Suite.&lt;init&gt;(Class,List) at line 81,
                     ParentRunner.&lt;init&gt;(Class) at line 112,
                     void ParentRunner.validate() at line 92,
                     void ParentRunner.collectInitializationErrors(List) at line 523,
                     void ParentRunner.validateClassRules(List) at line 150,
                     void RuleMemberValidator.validate(TestClass,List) at line 183 }},
           {elem= Access: Read of rules.RuleMemberValidator.CLASS_RULE_VALIDATOR-&gt;validatorStrategies Thread: NoThread Lock: false Pre: Unowned;
            loc= line 98;
            trace= { Result JUnitCore.runClasses(Class[]) at line 206,
                     Result JUnitCore.runClasses(Computer,Class[]) at line 53,
                     Result JUnitCore.run(Computer,Class[]) at line 66,
                     Request Request.classes(Computer,Class[]) at line 109,
                     Runner Computer.getSuite(RunnerBuilder,Class[]) at line 77,
                     Computer$2.&lt;init&gt;(Computer,RunnerBuilder,Class[]) at line 28,
                     Suite.&lt;init&gt;(RunnerBuilder,Class[]) at line 33,
                     Suite.&lt;init&gt;(Class,List) at line 81,
                     ParentRunner.&lt;init&gt;(Class) at line 112,
                     void ParentRunner.validate() at line 92,
                     void ParentRunner.collectInitializationErrors(List) at line 523,
                     void ParentRunner.validateClassRules(List) at line 150,
                     void RuleMemberValidator.validate(TestClass,List) at line 183,
                     void RuleMemberValidator.validateMember(FrameworkMember,List) at line 93 }} } 
Ownership: { n$0 -&gt; Owned,
             n$3 -&gt; Owned,
             n$6 -&gt; Owned,
             result -&gt; Owned,
             this -&gt; OwnedIf{ 0 },
             *n$0[_] -&gt; Owned } 
Attributes: { n$6 -&gt; Functional, *n$0[_] -&gt; Functional } 



INSTR=  n$8 := void Assert.assertTrue(boolean)({ n$6 }) [line 207]; 

STATE:
Threads: NoThread, Locks: 0 
Accesses { {elem= Access: Read of model.TestClass.FIELD_COMPARATOR Thread: NoThread Lock: false Pre: Unowned;
            loc= line 78;
            trace= { Result JUnitCore.runClasses(Class[]) at line 206,
                     Result JUnitCore.runClasses(Computer,Class[]) at line 53,
                     Result JUnitCore.run(Computer,Class[]) at line 66,
                     Request Request.classes(Computer,Class[]) at line 109,
                     Runner Computer.getSuite(RunnerBuilder,Class[]) at line 77,
                     Computer$2.&lt;init&gt;(Computer,RunnerBuilder,Class[]) at line 28,
                     Suite.&lt;init&gt;(RunnerBuilder,Class[]) at line 33,
                     Suite.&lt;init&gt;(Class,List) at line 81,
                     ParentRunner.&lt;init&gt;(Class) at line 112,
                     TestClass ParentRunner.createTestClass(Class) at line 91,
                     TestClass.&lt;init&gt;(Class) at line 111,
                     void TestClass.scanAnnotatedMembers(Map,Map) at line 57,
                     Field[] TestClass.getSortedDeclaredFields(Class) at line 70 }},
           {elem= Access: Read of lang.Void.TYPE Thread: NoThread Lock: false Pre: Unowned;
            loc= line 107;
            trace= { Result JUnitCore.runClasses(Class[]) at line 206,
                     Result JUnitCore.runClasses(Computer,Class[]) at line 53,
                     Result JUnitCore.run(Computer,Class[]) at line 66,
                     Request Request.classes(Computer,Class[]) at line 109,
                     Runner Computer.getSuite(RunnerBuilder,Class[]) at line 77,
                     Computer$2.&lt;init&gt;(Computer,RunnerBuilder,Class[]) at line 28,
                     Suite.&lt;init&gt;(RunnerBuilder,Class[]) at line 33,
                     Suite.&lt;init&gt;(Class,List) at line 81,
                     ParentRunner.&lt;init&gt;(Class) at line 112,
                     void ParentRunner.validate() at line 92,
                     void ParentRunner.collectInitializationErrors(List) at line 523,
                     void ParentRunner.validatePublicVoidNoArgMethods(Class,boolean,List) at line 148,
                     void FrameworkMethod.validatePublicVoidNoArg(boolean,List) at line 178,
                     void FrameworkMethod.validatePublicVoid(boolean,List) at line 83 }},
           {elem= Access: Read of runners.ParentRunner.VALIDATORS Thread: NoThread Lock: false Pre: Unowned;
            loc= line 156;
            trace= { Result JUnitCore.runClasses(Class[]) at line 206,
                     Result JUnitCore.runClasses(Computer,Class[]) at line 53,
                     Result JUnitCore.run(Computer,Class[]) at line 66,
                     Request Request.classes(Computer,Class[]) at line 109,
                     Runner Computer.getSuite(RunnerBuilder,Class[]) at line 77,
                     Computer$2.&lt;init&gt;(Computer,RunnerBuilder,Class[]) at line 28,
                     Suite.&lt;init&gt;(RunnerBuilder,Class[]) at line 33,
                     Suite.&lt;init&gt;(Class,List) at line 81,
                     ParentRunner.&lt;init&gt;(Class) at line 112,
                     void ParentRunner.validate() at line 92,
                     void ParentRunner.collectInitializationErrors(List) at line 523,
                     void ParentRunner.applyValidators(List) at line 151 }},
           {elem= Access: Read of internal.MethodSorter.DEFAULT Thread: NoThread Lock: false Pre: Unowned;
            loc= line 67;
            trace= { Result JUnitCore.runClasses(Class[]) at line 206,
                     Result JUnitCore.runClasses(Computer,Class[]) at line 53,
                     Result JUnitCore.run(Computer,Class[]) at line 66,
                     Request Request.classes(Computer,Class[]) at line 109,
                     Runner Computer.getSuite(RunnerBuilder,Class[]) at line 77,
                     Computer$2.&lt;init&gt;(Computer,RunnerBuilder,Class[]) at line 28,
                     Suite.&lt;init&gt;(RunnerBuilder,Class[]) at line 33,
                     Suite.&lt;init&gt;(Class,List) at line 81,
                     ParentRunner.&lt;init&gt;(Class) at line 112,
                     TestClass ParentRunner.createTestClass(Class) at line 91,
                     TestClass.&lt;init&gt;(Class) at line 111,
                     void TestClass.scanAnnotatedMembers(Map,Map) at line 57,
                     Method[] MethodSorter.getDeclaredMethods(Class) at line 65,
                     Comparator MethodSorter.getSorter(FixMethodOrder) at line 52 }},
           {elem= Access: Read of rules.RuleMemberValidator.CLASS_RULE_METHOD_VALIDATOR Thread: NoThread Lock: false Pre: Unowned;
            loc= line 184;
            trace= { Result JUnitCore.runClasses(Class[]) at line 206,
                     Result JUnitCore.runClasses(Computer,Class[]) at line 53,
                     Result JUnitCore.run(Computer,Class[]) at line 66,
                     Request Request.classes(Computer,Class[]) at line 109,
                     Runner Computer.getSuite(RunnerBuilder,Class[]) at line 77,
                     Computer$2.&lt;init&gt;(Computer,RunnerBuilder,Class[]) at line 28,
                     Suite.&lt;init&gt;(RunnerBuilder,Class[]) at line 33,
                     Suite.&lt;init&gt;(Class,List) at line 81,
                     ParentRunner.&lt;init&gt;(Class) at line 112,
                     void ParentRunner.validate() at line 92,
                     void ParentRunner.collectInitializationErrors(List) at line 523,
                     void ParentRunner.validateClassRules(List) at line 150 }},
           {elem= Access: Read of rules.RuleMemberValidator.CLASS_RULE_VALIDATOR Thread: NoThread Lock: false Pre: Unowned;
            loc= line 183;
            trace= { Result JUnitCore.runClasses(Class[]) at line 206,
                     Result JUnitCore.runClasses(Computer,Class[]) at line 53,
                     Result JUnitCore.run(Computer,Class[]) at line 66,
                     Request Request.classes(Computer,Class[]) at line 109,
                     Runner Computer.getSuite(RunnerBuilder,Class[]) at line 77,
                     Computer$2.&lt;init&gt;(Computer,RunnerBuilder,Class[]) at line 28,
                     Suite.&lt;init&gt;(RunnerBuilder,Class[]) at line 33,
                     Suite.&lt;init&gt;(Class,List) at line 81,
                     ParentRunner.&lt;init&gt;(Class) at line 112,
                     void ParentRunner.validate() at line 92,
                     void ParentRunner.collectInitializationErrors(List) at line 523,
                     void ParentRunner.validateClassRules(List) at line 150 }},
           {elem= Access: Read of rules.RuleMemberValidator.CLASS_RULE_METHOD_VALIDATOR-&gt;annotation Thread: NoThread Lock: false Pre: Unowned;
            loc= line 89;
            trace= { Result JUnitCore.runClasses(Class[]) at line 206,
                     Result JUnitCore.runClasses(Computer,Class[]) at line 53,
                     Result JUnitCore.run(Computer,Class[]) at line 66,
                     Request Request.classes(Computer,Class[]) at line 109,
                     Runner Computer.getSuite(RunnerBuilder,Class[]) at line 77,
                     Computer$2.&lt;init&gt;(Computer,RunnerBuilder,Class[]) at line 28,
                     Suite.&lt;init&gt;(RunnerBuilder,Class[]) at line 33,
                     Suite.&lt;init&gt;(Class,List) at line 81,
                     ParentRunner.&lt;init&gt;(Class) at line 112,
                     void ParentRunner.validate() at line 92,
                     void ParentRunner.collectInitializationErrors(List) at line 523,
                     void ParentRunner.validateClassRules(List) at line 150,
                     void RuleMemberValidator.validate(TestClass,List) at line 184 }},
           {elem= Access: Read of rules.RuleMemberValidator.CLASS_RULE_METHOD_VALIDATOR-&gt;methods Thread: NoThread Lock: false Pre: Unowned;
            loc= line 89;
            trace= { Result JUnitCore.runClasses(Class[]) at line 206,
                     Result JUnitCore.runClasses(Computer,Class[]) at line 53,
                     Result JUnitCore.run(Computer,Class[]) at line 66,
                     Request Request.classes(Computer,Class[]) at line 109,
                     Runner Computer.getSuite(RunnerBuilder,Class[]) at line 77,
                     Computer$2.&lt;init&gt;(Computer,RunnerBuilder,Class[]) at line 28,
                     Suite.&lt;init&gt;(RunnerBuilder,Class[]) at line 33,
                     Suite.&lt;init&gt;(Class,List) at line 81,
                     ParentRunner.&lt;init&gt;(Class) at line 112,
                     void ParentRunner.validate() at line 92,
                     void ParentRunner.collectInitializationErrors(List) at line 523,
                     void ParentRunner.validateClassRules(List) at line 150,
                     void RuleMemberValidator.validate(TestClass,List) at line 184 }},
           {elem= Access: Read of rules.RuleMemberValidator.CLASS_RULE_METHOD_VALIDATOR-&gt;validatorStrategies Thread: NoThread Lock: false Pre: Unowned;
            loc= line 98;
            trace= { Result JUnitCore.runClasses(Class[]) at line 206,
                     Result JUnitCore.runClasses(Computer,Class[]) at line 53,
                     Result JUnitCore.run(Computer,Class[]) at line 66,
                     Request Request.classes(Computer,Class[]) at line 109,
                     Runner Computer.getSuite(RunnerBuilder,Class[]) at line 77,
                     Computer$2.&lt;init&gt;(Computer,RunnerBuilder,Class[]) at line 28,
                     Suite.&lt;init&gt;(RunnerBuilder,Class[]) at line 33,
                     Suite.&lt;init&gt;(Class,List) at line 81,
                     ParentRunner.&lt;init&gt;(Class) at line 112,
                     void ParentRunner.validate() at line 92,
                     void ParentRunner.collectInitializationErrors(List) at line 523,
                     void ParentRunner.validateClassRules(List) at line 150,
                     void RuleMemberValidator.validate(TestClass,List) at line 184,
                     void RuleMemberValidator.validateMember(FrameworkMember,List) at line 93 }},
           {elem= Access: Read of rules.RuleMemberValidator.CLASS_RULE_VALIDATOR-&gt;annotation Thread: NoThread Lock: false Pre: Unowned;
            loc= line 89;
            trace= { Result JUnitCore.runClasses(Class[]) at line 206,
                     Result JUnitCore.runClasses(Computer,Class[]) at line 53,
                     Result JUnitCore.run(Computer,Class[]) at line 66,
                     Request Request.classes(Computer,Class[]) at line 109,
                     Runner Computer.getSuite(RunnerBuilder,Class[]) at line 77,
                     Computer$2.&lt;init&gt;(Computer,RunnerBuilder,Class[]) at line 28,
                     Suite.&lt;init&gt;(RunnerBuilder,Class[]) at line 33,
                     Suite.&lt;init&gt;(Class,List) at line 81,
                     ParentRunner.&lt;init&gt;(Class) at line 112,
                     void ParentRunner.validate() at line 92,
                     void ParentRunner.collectInitializationErrors(List) at line 523,
                     void ParentRunner.validateClassRules(List) at line 150,
                     void RuleMemberValidator.validate(TestClass,List) at line 183 }},
           {elem= Access: Read of rules.RuleMemberValidator.CLASS_RULE_VALIDATOR-&gt;methods Thread: NoThread Lock: false Pre: Unowned;
            loc= line 89;
            trace= { Result JUnitCore.runClasses(Class[]) at line 206,
                     Result JUnitCore.runClasses(Computer,Class[]) at line 53,
                     Result JUnitCore.run(Computer,Class[]) at line 66,
                     Request Request.classes(Computer,Class[]) at line 109,
                     Runner Computer.getSuite(RunnerBuilder,Class[]) at line 77,
                     Computer$2.&lt;init&gt;(Computer,RunnerBuilder,Class[]) at line 28,
                     Suite.&lt;init&gt;(RunnerBuilder,Class[]) at line 33,
                     Suite.&lt;init&gt;(Class,List) at line 81,
                     ParentRunner.&lt;init&gt;(Class) at line 112,
                     void ParentRunner.validate() at line 92,
                     void ParentRunner.collectInitializationErrors(List) at line 523,
                     void ParentRunner.validateClassRules(List) at line 150,
                     void RuleMemberValidator.validate(TestClass,List) at line 183 }},
           {elem= Access: Read of rules.RuleMemberValidator.CLASS_RULE_VALIDATOR-&gt;validatorStrategies Thread: NoThread Lock: false Pre: Unowned;
            loc= line 98;
            trace= { Result JUnitCore.runClasses(Class[]) at line 206,
                     Result JUnitCore.runClasses(Computer,Class[]) at line 53,
                     Result JUnitCore.run(Computer,Class[]) at line 66,
                     Request Request.classes(Computer,Class[]) at line 109,
                     Runner Computer.getSuite(RunnerBuilder,Class[]) at line 77,
                     Computer$2.&lt;init&gt;(Computer,RunnerBuilder,Class[]) at line 28,
                     Suite.&lt;init&gt;(RunnerBuilder,Class[]) at line 33,
                     Suite.&lt;init&gt;(Class,List) at line 81,
                     ParentRunner.&lt;init&gt;(Class) at line 112,
                     void ParentRunner.validate() at line 92,
                     void ParentRunner.collectInitializationErrors(List) at line 523,
                     void ParentRunner.validateClassRules(List) at line 150,
                     void RuleMemberValidator.validate(TestClass,List) at line 183,
                     void RuleMemberValidator.validateMember(FrameworkMember,List) at line 93 }} } 
Ownership: { n$0 -&gt; Owned,
             n$3 -&gt; Owned,
             n$6 -&gt; Owned,
             n$8 -&gt; Unowned,
             result -&gt; Owned,
             this -&gt; OwnedIf{ 0 },
             *n$0[_] -&gt; Owned } 
Attributes: { n$6 -&gt; Functional, *n$0[_] -&gt; Functional } 


INSTR=  NULLIFY(&amp;$irvar1); [line 207]; 

STATE UNCHANGED

INSTR=  EXIT_SCOPE(n$8); [line 207]; 

STATE:
Threads: NoThread, Locks: 0 
Accesses { {elem= Access: Read of model.TestClass.FIELD_COMPARATOR Thread: NoThread Lock: false Pre: Unowned;
            loc= line 78;
            trace= { Result JUnitCore.runClasses(Class[]) at line 206,
                     Result JUnitCore.runClasses(Computer,Class[]) at line 53,
                     Result JUnitCore.run(Computer,Class[]) at line 66,
                     Request Request.classes(Computer,Class[]) at line 109,
                     Runner Computer.getSuite(RunnerBuilder,Class[]) at line 77,
                     Computer$2.&lt;init&gt;(Computer,RunnerBuilder,Class[]) at line 28,
                     Suite.&lt;init&gt;(RunnerBuilder,Class[]) at line 33,
                     Suite.&lt;init&gt;(Class,List) at line 81,
                     ParentRunner.&lt;init&gt;(Class) at line 112,
                     TestClass ParentRunner.createTestClass(Class) at line 91,
                     TestClass.&lt;init&gt;(Class) at line 111,
                     void TestClass.scanAnnotatedMembers(Map,Map) at line 57,
                     Field[] TestClass.getSortedDeclaredFields(Class) at line 70 }},
           {elem= Access: Read of lang.Void.TYPE Thread: NoThread Lock: false Pre: Unowned;
            loc= line 107;
            trace= { Result JUnitCore.runClasses(Class[]) at line 206,
                     Result JUnitCore.runClasses(Computer,Class[]) at line 53,
                     Result JUnitCore.run(Computer,Class[]) at line 66,
                     Request Request.classes(Computer,Class[]) at line 109,
                     Runner Computer.getSuite(RunnerBuilder,Class[]) at line 77,
                     Computer$2.&lt;init&gt;(Computer,RunnerBuilder,Class[]) at line 28,
                     Suite.&lt;init&gt;(RunnerBuilder,Class[]) at line 33,
                     Suite.&lt;init&gt;(Class,List) at line 81,
                     ParentRunner.&lt;init&gt;(Class) at line 112,
                     void ParentRunner.validate() at line 92,
                     void ParentRunner.collectInitializationErrors(List) at line 523,
                     void ParentRunner.validatePublicVoidNoArgMethods(Class,boolean,List) at line 148,
                     void FrameworkMethod.validatePublicVoidNoArg(boolean,List) at line 178,
                     void FrameworkMethod.validatePublicVoid(boolean,List) at line 83 }},
           {elem= Access: Read of runners.ParentRunner.VALIDATORS Thread: NoThread Lock: false Pre: Unowned;
            loc= line 156;
            trace= { Result JUnitCore.runClasses(Class[]) at line 206,
                     Result JUnitCore.runClasses(Computer,Class[]) at line 53,
                     Result JUnitCore.run(Computer,Class[]) at line 66,
                     Request Request.classes(Computer,Class[]) at line 109,
                     Runner Computer.getSuite(RunnerBuilder,Class[]) at line 77,
                     Computer$2.&lt;init&gt;(Computer,RunnerBuilder,Class[]) at line 28,
                     Suite.&lt;init&gt;(RunnerBuilder,Class[]) at line 33,
                     Suite.&lt;init&gt;(Class,List) at line 81,
                     ParentRunner.&lt;init&gt;(Class) at line 112,
                     void ParentRunner.validate() at line 92,
                     void ParentRunner.collectInitializationErrors(List) at line 523,
                     void ParentRunner.applyValidators(List) at line 151 }},
           {elem= Access: Read of internal.MethodSorter.DEFAULT Thread: NoThread Lock: false Pre: Unowned;
            loc= line 67;
            trace= { Result JUnitCore.runClasses(Class[]) at line 206,
                     Result JUnitCore.runClasses(Computer,Class[]) at line 53,
                     Result JUnitCore.run(Computer,Class[]) at line 66,
                     Request Request.classes(Computer,Class[]) at line 109,
                     Runner Computer.getSuite(RunnerBuilder,Class[]) at line 77,
                     Computer$2.&lt;init&gt;(Computer,RunnerBuilder,Class[]) at line 28,
                     Suite.&lt;init&gt;(RunnerBuilder,Class[]) at line 33,
                     Suite.&lt;init&gt;(Class,List) at line 81,
                     ParentRunner.&lt;init&gt;(Class) at line 112,
                     TestClass ParentRunner.createTestClass(Class) at line 91,
                     TestClass.&lt;init&gt;(Class) at line 111,
                     void TestClass.scanAnnotatedMembers(Map,Map) at line 57,
                     Method[] MethodSorter.getDeclaredMethods(Class) at line 65,
                     Comparator MethodSorter.getSorter(FixMethodOrder) at line 52 }},
           {elem= Access: Read of rules.RuleMemberValidator.CLASS_RULE_METHOD_VALIDATOR Thread: NoThread Lock: false Pre: Unowned;
            loc= line 184;
            trace= { Result JUnitCore.runClasses(Class[]) at line 206,
                     Result JUnitCore.runClasses(Computer,Class[]) at line 53,
                     Result JUnitCore.run(Computer,Class[]) at line 66,
                     Request Request.classes(Computer,Class[]) at line 109,
                     Runner Computer.getSuite(RunnerBuilder,Class[]) at line 77,
                     Computer$2.&lt;init&gt;(Computer,RunnerBuilder,Class[]) at line 28,
                     Suite.&lt;init&gt;(RunnerBuilder,Class[]) at line 33,
                     Suite.&lt;init&gt;(Class,List) at line 81,
                     ParentRunner.&lt;init&gt;(Class) at line 112,
                     void ParentRunner.validate() at line 92,
                     void ParentRunner.collectInitializationErrors(List) at line 523,
                     void ParentRunner.validateClassRules(List) at line 150 }},
           {elem= Access: Read of rules.RuleMemberValidator.CLASS_RULE_VALIDATOR Thread: NoThread Lock: false Pre: Unowned;
            loc= line 183;
            trace= { Result JUnitCore.runClasses(Class[]) at line 206,
                     Result JUnitCore.runClasses(Computer,Class[]) at line 53,
                     Result JUnitCore.run(Computer,Class[]) at line 66,
                     Request Request.classes(Computer,Class[]) at line 109,
                     Runner Computer.getSuite(RunnerBuilder,Class[]) at line 77,
                     Computer$2.&lt;init&gt;(Computer,RunnerBuilder,Class[]) at line 28,
                     Suite.&lt;init&gt;(RunnerBuilder,Class[]) at line 33,
                     Suite.&lt;init&gt;(Class,List) at line 81,
                     ParentRunner.&lt;init&gt;(Class) at line 112,
                     void ParentRunner.validate() at line 92,
                     void ParentRunner.collectInitializationErrors(List) at line 523,
                     void ParentRunner.validateClassRules(List) at line 150 }},
           {elem= Access: Read of rules.RuleMemberValidator.CLASS_RULE_METHOD_VALIDATOR-&gt;annotation Thread: NoThread Lock: false Pre: Unowned;
            loc= line 89;
            trace= { Result JUnitCore.runClasses(Class[]) at line 206,
                     Result JUnitCore.runClasses(Computer,Class[]) at line 53,
                     Result JUnitCore.run(Computer,Class[]) at line 66,
                     Request Request.classes(Computer,Class[]) at line 109,
                     Runner Computer.getSuite(RunnerBuilder,Class[]) at line 77,
                     Computer$2.&lt;init&gt;(Computer,RunnerBuilder,Class[]) at line 28,
                     Suite.&lt;init&gt;(RunnerBuilder,Class[]) at line 33,
                     Suite.&lt;init&gt;(Class,List) at line 81,
                     ParentRunner.&lt;init&gt;(Class) at line 112,
                     void ParentRunner.validate() at line 92,
                     void ParentRunner.collectInitializationErrors(List) at line 523,
                     void ParentRunner.validateClassRules(List) at line 150,
                     void RuleMemberValidator.validate(TestClass,List) at line 184 }},
           {elem= Access: Read of rules.RuleMemberValidator.CLASS_RULE_METHOD_VALIDATOR-&gt;methods Thread: NoThread Lock: false Pre: Unowned;
            loc= line 89;
            trace= { Result JUnitCore.runClasses(Class[]) at line 206,
                     Result JUnitCore.runClasses(Computer,Class[]) at line 53,
                     Result JUnitCore.run(Computer,Class[]) at line 66,
                     Request Request.classes(Computer,Class[]) at line 109,
                     Runner Computer.getSuite(RunnerBuilder,Class[]) at line 77,
                     Computer$2.&lt;init&gt;(Computer,RunnerBuilder,Class[]) at line 28,
                     Suite.&lt;init&gt;(RunnerBuilder,Class[]) at line 33,
                     Suite.&lt;init&gt;(Class,List) at line 81,
                     ParentRunner.&lt;init&gt;(Class) at line 112,
                     void ParentRunner.validate() at line 92,
                     void ParentRunner.collectInitializationErrors(List) at line 523,
                     void ParentRunner.validateClassRules(List) at line 150,
                     void RuleMemberValidator.validate(TestClass,List) at line 184 }},
           {elem= Access: Read of rules.RuleMemberValidator.CLASS_RULE_METHOD_VALIDATOR-&gt;validatorStrategies Thread: NoThread Lock: false Pre: Unowned;
            loc= line 98;
            trace= { Result JUnitCore.runClasses(Class[]) at line 206,
                     Result JUnitCore.runClasses(Computer,Class[]) at line 53,
                     Result JUnitCore.run(Computer,Class[]) at line 66,
                     Request Request.classes(Computer,Class[]) at line 109,
                     Runner Computer.getSuite(RunnerBuilder,Class[]) at line 77,
                     Computer$2.&lt;init&gt;(Computer,RunnerBuilder,Class[]) at line 28,
                     Suite.&lt;init&gt;(RunnerBuilder,Class[]) at line 33,
                     Suite.&lt;init&gt;(Class,List) at line 81,
                     ParentRunner.&lt;init&gt;(Class) at line 112,
                     void ParentRunner.validate() at line 92,
                     void ParentRunner.collectInitializationErrors(List) at line 523,
                     void ParentRunner.validateClassRules(List) at line 150,
                     void RuleMemberValidator.validate(TestClass,List) at line 184,
                     void RuleMemberValidator.validateMember(FrameworkMember,List) at line 93 }},
           {elem= Access: Read of rules.RuleMemberValidator.CLASS_RULE_VALIDATOR-&gt;annotation Thread: NoThread Lock: false Pre: Unowned;
            loc= line 89;
            trace= { Result JUnitCore.runClasses(Class[]) at line 206,
                     Result JUnitCore.runClasses(Computer,Class[]) at line 53,
                     Result JUnitCore.run(Computer,Class[]) at line 66,
                     Request Request.classes(Computer,Class[]) at line 109,
                     Runner Computer.getSuite(RunnerBuilder,Class[]) at line 77,
                     Computer$2.&lt;init&gt;(Computer,RunnerBuilder,Class[]) at line 28,
                     Suite.&lt;init&gt;(RunnerBuilder,Class[]) at line 33,
                     Suite.&lt;init&gt;(Class,List) at line 81,
                     ParentRunner.&lt;init&gt;(Class) at line 112,
                     void ParentRunner.validate() at line 92,
                     void ParentRunner.collectInitializationErrors(List) at line 523,
                     void ParentRunner.validateClassRules(List) at line 150,
                     void RuleMemberValidator.validate(TestClass,List) at line 183 }},
           {elem= Access: Read of rules.RuleMemberValidator.CLASS_RULE_VALIDATOR-&gt;methods Thread: NoThread Lock: false Pre: Unowned;
            loc= line 89;
            trace= { Result JUnitCore.runClasses(Class[]) at line 206,
                     Result JUnitCore.runClasses(Computer,Class[]) at line 53,
                     Result JUnitCore.run(Computer,Class[]) at line 66,
                     Request Request.classes(Computer,Class[]) at line 109,
                     Runner Computer.getSuite(RunnerBuilder,Class[]) at line 77,
                     Computer$2.&lt;init&gt;(Computer,RunnerBuilder,Class[]) at line 28,
                     Suite.&lt;init&gt;(RunnerBuilder,Class[]) at line 33,
                     Suite.&lt;init&gt;(Class,List) at line 81,
                     ParentRunner.&lt;init&gt;(Class) at line 112,
                     void ParentRunner.validate() at line 92,
                     void ParentRunner.collectInitializationErrors(List) at line 523,
                     void ParentRunner.validateClassRules(List) at line 150,
                     void RuleMemberValidator.validate(TestClass,List) at line 183 }},
           {elem= Access: Read of rules.RuleMemberValidator.CLASS_RULE_VALIDATOR-&gt;validatorStrategies Thread: NoThread Lock: false Pre: Unowned;
            loc= line 98;
            trace= { Result JUnitCore.runClasses(Class[]) at line 206,
                     Result JUnitCore.runClasses(Computer,Class[]) at line 53,
                     Result JUnitCore.run(Computer,Class[]) at line 66,
                     Request Request.classes(Computer,Class[]) at line 109,
                     Runner Computer.getSuite(RunnerBuilder,Class[]) at line 77,
                     Computer$2.&lt;init&gt;(Computer,RunnerBuilder,Class[]) at line 28,
                     Suite.&lt;init&gt;(RunnerBuilder,Class[]) at line 33,
                     Suite.&lt;init&gt;(Class,List) at line 81,
                     ParentRunner.&lt;init&gt;(Class) at line 112,
                     void ParentRunner.validate() at line 92,
                     void ParentRunner.collectInitializationErrors(List) at line 523,
                     void ParentRunner.validateClassRules(List) at line 150,
                     void RuleMemberValidator.validate(TestClass,List) at line 183,
                     void RuleMemberValidator.validateMember(FrameworkMember,List) at line 93 }} } 
Ownership: { n$0 -&gt; Owned,
             n$3 -&gt; Owned,
             n$6 -&gt; Owned,
             n$8 -&gt; Unowned,
             result -&gt; Owned,
             this -&gt; OwnedIf{ 0 },
             *n$0[_] -&gt; Owned } 
Attributes: { n$6 -&gt; Functional, *n$0[_] -&gt; Functional } 


</LISTING>
<hr width="100%">
<a name="session36" href="./../nodes/org.junit.tests.running.classes.SuiteTest.suiteShouldBeOKwithNonDefaultConstructor%28%29%3Avoid.94084620e73fdf28e6207ae5b8fba5fc_node8.html#session36">node8#session36</a>(<a href="./../../SuiteTest.java.167329620be352b2f92add741306929f.html#LINE207">207</a>) biabduction
<LISTING class='color_black'>**** [FP:Pending] void SuiteTest.suiteShouldBeOKwithNonDefaultConstructor() Node: 8, Procedure: void SuiteTest.suiteShouldBeOKwithNonDefaultConstructor(), Todo: 2 ****
  PROP 1 of 2:
  <span class='color_blue'><span class='color_red'>MEMna &lt; new[]:206 &gt; <span class='color_orange'>{vpath: }</span>(_t$1)</span>; <span class='color_red'>UND &lt; Result JUnitCore.runClasses(Computer,Class[]) &gt; :53(_t$2)</span>; <span class='color_red'>RET &lt; boolean Result.wasSuccessful() &gt; (0)</span> ;
  <span class='color_red'>result = 0<span class='color_orange'>nullify</span>:org.junit.runner.Result*</span>; <span class='color_red'>$irvar0 = 0<span class='color_orange'>nullify</span>:void</span>; <span class='color_red'>return = _t$0<span class='color_orange'>initial</span>:void</span>; <span class='color_red'>$irvar1 = 0<span class='color_orange'>update:207</span>:void</span>; <span class='color_red'>this = @f$0<span class='color_orange'>formal</span>:org.junit.tests.running.classes.SuiteTest*( sub )</span>; <span class='color_red'>old_this = @f$0<span class='color_orange'>formal</span>:org.junit.tests.running.classes.SuiteTest*( sub )</span>
  [footprint
     <span class='color_red'>this = @f$0<span class='color_orange'>formal</span>:org.junit.tests.running.classes.SuiteTest*( sub )</span>  ]</span>
  PROP 2 of 2:
  <span class='color_blue'><span class='color_red'>MEMna &lt; new[]:206 &gt; <span class='color_orange'>{vpath: }</span>(_t$1)</span>; <span class='color_red'>UND &lt; Result JUnitCore.runClasses(Computer,Class[]) &gt; :53(_t$2)</span>; <span class='color_red'>RET &lt; boolean Result.wasSuccessful() &gt; (1)</span> ;
  <span class='color_red'>result = 0<span class='color_orange'>nullify</span>:org.junit.runner.Result*</span>; <span class='color_red'>$irvar0 = 0<span class='color_orange'>nullify</span>:void</span>; <span class='color_red'>return = _t$0<span class='color_orange'>initial</span>:void</span>; <span class='color_red'>$irvar1 = 1<span class='color_orange'>update:207</span>:void</span>; <span class='color_red'>this = @f$0<span class='color_orange'>formal</span>:org.junit.tests.running.classes.SuiteTest*( sub )</span>; <span class='color_red'>old_this = @f$0<span class='color_orange'>formal</span>:org.junit.tests.running.classes.SuiteTest*( sub )</span>
  [footprint
     <span class='color_red'>this = @f$0<span class='color_orange'>formal</span>:org.junit.tests.running.classes.SuiteTest*( sub )</span>  ]</span>
  .... Instructions: ....
  <span class='color_green'>n$7=*&amp;$irvar1:_Bool [line 207];
  n$8=_fun_void Assert.assertTrue(boolean)(n$7:_Bool) [line 207];
  NULLIFY(&amp;$irvar1); [line 207];
  EXIT_SCOPE(n$7,n$8,$irvar1); [line 207];
  </span>
  
  Processing prop 1/2
    Instruction <span class='color_green'>n$7=*&amp;$irvar1:_Bool [line 207]</span>
    in vpath_find exp:n$43
    vpath_find: cannot find n$43
    .... Rearrangement Start ....
    Exp: &amp;$irvar1
    Prop:
    <span class='color_blue'>MEMna &lt; new[]:206 &gt; <span class='color_orange'>{vpath: }</span>(n$43); UND &lt; Result JUnitCore.runClasses(Computer,Class[]) &gt; :53(n$44); RET &lt; boolean Result.wasSuccessful() &gt; (0) ;
    result = 0<span class='color_orange'>nullify</span>:org.junit.runner.Result*; $irvar0 = 0<span class='color_orange'>nullify</span>:void; return = n$42<span class='color_orange'>initial</span>:void; $irvar1 = 0<span class='color_orange'>update:207</span>:void; this = @f$0<span class='color_orange'>formal</span>:org.junit.tests.running.classes.SuiteTest*( sub ); old_this = @f$0<span class='color_orange'>formal</span>:org.junit.tests.running.classes.SuiteTest*( sub )
    [footprint
       this = @f$0<span class='color_orange'>formal</span>:org.junit.tests.running.classes.SuiteTest*( sub )  ]</span>
    
    in prop_iter_extend_ptsto lexp: &amp;$irvar1
    prop before:
    <span class='color_blue'>MEMna &lt; new[]:206 &gt; <span class='color_orange'>{vpath: }</span>(n$43); UND &lt; Result JUnitCore.runClasses(Computer,Class[]) &gt; :53(n$44); RET &lt; boolean Result.wasSuccessful() &gt; (0) ;
    result = 0<span class='color_orange'>nullify</span>:org.junit.runner.Result*; $irvar0 = 0<span class='color_orange'>nullify</span>:void; return = n$42<span class='color_orange'>initial</span>:void; $irvar1 = 0<span class='color_orange'>update:207</span>:void; this = @f$0<span class='color_orange'>formal</span>:org.junit.tests.running.classes.SuiteTest*( sub ); old_this = @f$0<span class='color_orange'>formal</span>:org.junit.tests.running.classes.SuiteTest*( sub )
    [footprint
       this = @f$0<span class='color_orange'>formal</span>:org.junit.tests.running.classes.SuiteTest*( sub )  ]</span>
    
    
    prop list after:
    PROP 1 of 1:
    <span class='color_blue'><span class='color_blue'>MEMna &lt; new[]:206 &gt; <span class='color_orange'>{vpath: }</span>(n$43)</span>; <span class='color_blue'>UND &lt; Result JUnitCore.runClasses(Computer,Class[]) &gt; :53(n$44)</span>; <span class='color_blue'>RET &lt; boolean Result.wasSuccessful() &gt; (0)</span> ;
    <span class='color_blue'>result = 0<span class='color_orange'>nullify</span>:org.junit.runner.Result*</span>; <span class='color_blue'>$irvar0 = 0<span class='color_orange'>nullify</span>:void</span>; <span class='color_blue'>return = n$42<span class='color_orange'>initial</span>:void</span>; <span class='color_blue'>$irvar1 = 0<span class='color_orange'>update:207</span>:void</span>; <span class='color_blue'>this = @f$0<span class='color_orange'>formal</span>:org.junit.tests.running.classes.SuiteTest*( sub )</span>; <span class='color_blue'>old_this = @f$0<span class='color_orange'>formal</span>:org.junit.tests.running.classes.SuiteTest*( sub )</span>
    [footprint
       <span class='color_blue'>this = @f$0<span class='color_orange'>formal</span>:org.junit.tests.running.classes.SuiteTest*( sub )</span>  ]</span>
    
    
    
    Instruction Returns
    PROP 1 of 1:
    <span class='color_blue'><span class='color_red'>n$7 = 0</span> ;
    <span class='color_blue'>MEMna &lt; new[]:206 &gt; <span class='color_orange'>{vpath: }</span>(_t$1)</span>; <span class='color_blue'>UND &lt; Result JUnitCore.runClasses(Computer,Class[]) &gt; :53(_t$2)</span>; <span class='color_blue'>RET &lt; boolean Result.wasSuccessful() &gt; (0)</span> ;
    <span class='color_blue'>result = 0<span class='color_orange'>nullify</span>:org.junit.runner.Result*</span>; <span class='color_blue'>$irvar0 = 0<span class='color_orange'>nullify</span>:void</span>; <span class='color_blue'>return = _t$0<span class='color_orange'>initial</span>:void</span>; <span class='color_blue'>$irvar1 = 0<span class='color_orange'>update:207</span>:void</span>; <span class='color_blue'>this = @f$0<span class='color_orange'>formal</span>:org.junit.tests.running.classes.SuiteTest*( sub )</span>; <span class='color_blue'>old_this = @f$0<span class='color_orange'>formal</span>:org.junit.tests.running.classes.SuiteTest*( sub )</span>
    [footprint
       <span class='color_blue'>this = @f$0<span class='color_orange'>formal</span>:org.junit.tests.running.classes.SuiteTest*( sub )</span>  ]</span>
    
    Instruction <span class='color_green'>n$8=_fun_void Assert.assertTrue(boolean)(n$7:_Bool) [line 207]</span>
    in vpath_find exp:n$46
    vpath_find: cannot find n$46
    Found 2 specs for function org.junit.Assert.assertTrue(boolean):void
    START EXECUTING SPECS FOR org.junit.Assert.assertTrue(boolean):void from state
    <span class='color_blue'>n$7 = 0 ;
    MEMna &lt; new[]:206 &gt; <span class='color_orange'>{vpath: }</span>(n$46); UND &lt; Result JUnitCore.runClasses(Computer,Class[]) &gt; :53(n$47); RET &lt; boolean Result.wasSuccessful() &gt; (0) ;
    result = 0<span class='color_orange'>nullify</span>:org.junit.runner.Result*; $irvar0 = 0<span class='color_orange'>nullify</span>:void; return = n$45<span class='color_orange'>initial</span>:void; $irvar1 = 0<span class='color_orange'>update:207</span>:void; this = @f$0<span class='color_orange'>formal</span>:org.junit.tests.running.classes.SuiteTest*( sub ); old_this = @f$0<span class='color_orange'>formal</span>:org.junit.tests.running.classes.SuiteTest*( sub )
    [footprint
       this = @f$0<span class='color_orange'>formal</span>:org.junit.tests.running.classes.SuiteTest*( sub )  ]</span>
    EXECUTING SPEC 1/2
    ACTUAL PRECONDITION =
      <span class='color_blue'>n$7 = 0 ;
      MEMna &lt; new[]:206 &gt; <span class='color_orange'>{vpath: }</span>(n$46); UND &lt; Result JUnitCore.runClasses(Computer,Class[]) &gt; :53(n$47); RET &lt; boolean Result.wasSuccessful() &gt; (0) ;
      condition|callee = 0<span class='color_orange'>actual_precondition</span>:_Bool; result = 0<span class='color_orange'>nullify</span>:org.junit.runner.Result*; $irvar0 = 0<span class='color_orange'>nullify</span>:void; return = n$45<span class='color_orange'>initial</span>:void; $irvar1 = 0<span class='color_orange'>update:207</span>:void; this = @f$0<span class='color_orange'>formal</span>:org.junit.tests.running.classes.SuiteTest*( sub ); old_this = @f$0<span class='color_orange'>formal</span>:org.junit.tests.running.classes.SuiteTest*( sub )
      [footprint
         this = @f$0<span class='color_orange'>formal</span>:org.junit.tests.running.classes.SuiteTest*( sub )  ]</span>
    SPEC =
      --------------------------- ---------- ---------------------------
      PRE:
      <span class='color_blue'><span class='color_blue'>condition|callee = 0<span class='color_orange'>formal</span>:_Bool( sub )</span></span>
      POST 1 of 1:
      <span class='color_blue'><span class='color_red'>MEMne &lt; void Assert.assertTrue(String,boolean):53 &gt; <span class='color_orange'>{vpath: }</span>(_t$72)</span> ;
      <span class='color_red'>return|callee = EXN _t$72<span class='color_orange'>update:53</span>:void</span> ;
      <span class='color_red'>_t$72|->{}<span class='color_orange'>alloc</span>:java.lang.AssertionError</span></span>
      ----------------------------------------------------------------
    pre_check_pure_implication
    pi1:
      n$7 = 0; MEMna &lt; new[]:206 &gt; <span class='color_orange'>{vpath: }</span>(n$46); UND &lt; Result JUnitCore.runClasses(Computer,Class[]) &gt; :53(n$47); RET &lt; boolean Result.wasSuccessful() &gt; (0)
    pi2:
      
    returns
    sub1:
      n$7 = 0
    sub2:
      n$7 = 0
    Current Implication
    SUB:
      n$7 = 0
    <span class='color_blue'>MEMna &lt; new[]:206 &gt; <span class='color_orange'>{vpath: }</span>(n$46); UND &lt; Result JUnitCore.runClasses(Computer,Class[]) &gt; :53(n$47); RET &lt; boolean Result.wasSuccessful() &gt; (0); 0 = 0 ;
    condition|callee = 0<span class='color_orange'>actual_precondition</span>:_Bool; result = 0<span class='color_orange'>nullify</span>:org.junit.runner.Result*; $irvar0 = 0<span class='color_orange'>nullify</span>:void; return = n$45<span class='color_orange'>initial</span>:void; $irvar1 = 0<span class='color_orange'>update:207</span>:void; this = @f$0<span class='color_orange'>formal</span>:org.junit.tests.running.classes.SuiteTest*( sub ); old_this = @f$0<span class='color_orange'>formal</span>:org.junit.tests.running.classes.SuiteTest*( sub )
    [footprint
       this = @f$0<span class='color_orange'>formal</span>:org.junit.tests.running.classes.SuiteTest*( sub )  ]</span>
    [SUB: 
      n$7 = 0]
    |-
    <span class='color_blue'>condition|callee = 0<span class='color_orange'>formal</span>:_Bool( sub )</span>
    
      do_imply 0 0
        Final Implication
        SUB:
          n$7 = 0
        <span class='color_blue'>MEMna &lt; new[]:206 &gt; <span class='color_orange'>{vpath: }</span>(n$46); UND &lt; Result JUnitCore.runClasses(Computer,Class[]) &gt; :53(n$47); RET &lt; boolean Result.wasSuccessful() &gt; (0); 0 = 0 ;
        result = 0<span class='color_orange'>nullify</span>:org.junit.runner.Result*; $irvar0 = 0<span class='color_orange'>nullify</span>:void; return = n$45<span class='color_orange'>initial</span>:void; $irvar1 = 0<span class='color_orange'>update:207</span>:void; this = @f$0<span class='color_orange'>formal</span>:org.junit.tests.running.classes.SuiteTest*( sub ); old_this = @f$0<span class='color_orange'>formal</span>:org.junit.tests.running.classes.SuiteTest*( sub )
        [footprint
           this = @f$0<span class='color_orange'>formal</span>:org.junit.tests.running.classes.SuiteTest*( sub )  ]</span>
        [SUB: 
          n$7 = 0]
        |-
        <span class='color_blue'></span>
    Result of Abduction
      SUB:
        n$7 = 0
      <span class='color_blue'>MEMna &lt; new[]:206 &gt; <span class='color_orange'>{vpath: }</span>(n$46); UND &lt; Result JUnitCore.runClasses(Computer,Class[]) &gt; :53(n$47); RET &lt; boolean Result.wasSuccessful() &gt; (0); 0 = 0 ;
      condition|callee = 0<span class='color_orange'>actual_precondition</span>:_Bool; result = 0<span class='color_orange'>nullify</span>:org.junit.runner.Result*; $irvar0 = 0<span class='color_orange'>nullify</span>:void; return = n$45<span class='color_orange'>initial</span>:void; $irvar1 = 0<span class='color_orange'>update:207</span>:void; this = @f$0<span class='color_orange'>formal</span>:org.junit.tests.running.classes.SuiteTest*( sub ); old_this = @f$0<span class='color_orange'>formal</span>:org.junit.tests.running.classes.SuiteTest*( sub )
      [footprint
         this = @f$0<span class='color_orange'>formal</span>:org.junit.tests.running.classes.SuiteTest*( sub )  ]</span>
      [SUB: 
        n$7 = 0]
      |-
      <span class='color_blue'>condition|callee = 0<span class='color_orange'>formal</span>:_Bool( sub )</span>
    returning TRUE
    in vpath_find exp:_t$72
    vpath_find: cannot find _t$72
      New footprint:
      
      Frame fld:
      
      Missing fld:
      
      Instantiated frame:
      &amp;result|->0<span class='color_orange'>nullify</span>:org.junit.runner.Result*; &amp;$irvar0|->0<span class='color_orange'>nullify</span>:void; &amp;return|->n$45<span class='color_orange'>initial</span>:void; &amp;$irvar1|->0<span class='color_orange'>update:207</span>:void; &amp;this|->@f$0<span class='color_orange'>formal</span>:org.junit.tests.running.classes.SuiteTest*( sub ); &amp;old_this|->@f$0<span class='color_orange'>formal</span>:org.junit.tests.running.classes.SuiteTest*( sub )
      Instantiated post:
      PROP 1 of 1:
      <span class='color_blue'><span class='color_red'>MEMne &lt; void Assert.assertTrue(boolean):207 &gt; <span class='color_orange'>{vpath: }</span>(_t$72)</span> ;
      <span class='color_red'>return|callee = EXN _t$72<span class='color_orange'>update:207</span>:void</span> ;
      <span class='color_red'>_t$72|->{}<span class='color_orange'>alloc</span>:java.lang.AssertionError</span></span>
      
    ***** RESULTS FUNCTION CALL *******
    PROP 1 of 1:
    <span class='color_blue'><span class='color_blue'>n$7 = 0</span> ;
    <span class='color_red'>MEMne &lt; void Assert.assertTrue(boolean):207 &gt; <span class='color_orange'>{vpath: }</span>(_t$0)</span>; <span class='color_blue'>MEMna &lt; new[]:206 &gt; <span class='color_orange'>{vpath: }</span>(n$46)</span>; <span class='color_blue'>UND &lt; Result JUnitCore.runClasses(Computer,Class[]) &gt; :53(n$47)</span>; <span class='color_blue'>RET &lt; boolean Result.wasSuccessful() &gt; (0)</span> ;
    <span class='color_blue'>result = 0<span class='color_orange'>nullify</span>:org.junit.runner.Result*</span>; <span class='color_blue'>$irvar0 = 0<span class='color_orange'>nullify</span>:void</span>; <span class='color_blue'>return = <span class='color_red'>EXN _t$0<span class='color_orange'>update:207</span></span>:void</span>; <span class='color_blue'>$irvar1 = 0<span class='color_orange'>update:207</span>:void</span>; <span class='color_blue'>this = @f$0<span class='color_orange'>formal</span>:org.junit.tests.running.classes.SuiteTest*( sub )</span>; <span class='color_blue'>old_this = @f$0<span class='color_orange'>formal</span>:org.junit.tests.running.classes.SuiteTest*( sub )</span> ;
    <span class='color_red'>_t$0|->{}<span class='color_orange'>alloc</span>:java.lang.AssertionError</span>
    [footprint
       <span class='color_blue'>this = @f$0<span class='color_orange'>formal</span>:org.junit.tests.running.classes.SuiteTest*( sub )</span>  ]</span>
    ***** END RESULTS FUNCTION CALL *******
    Prover.check_inconsistency_base: inconsistency reason [None]
    Prover.check_inconsistency_base: inconsistency reason [None]
    Prover.check_inconsistency_base: inconsistency reason [None]
    Prover.check_inconsistency_base: inconsistency reason [None]
    EXECUTING SPEC 2/2
    ACTUAL PRECONDITION =
      <span class='color_blue'>n$7 = 0 ;
      MEMna &lt; new[]:206 &gt; <span class='color_orange'>{vpath: }</span>(n$46); UND &lt; Result JUnitCore.runClasses(Computer,Class[]) &gt; :53(n$47); RET &lt; boolean Result.wasSuccessful() &gt; (0) ;
      condition|callee = 0<span class='color_orange'>actual_precondition</span>:_Bool; result = 0<span class='color_orange'>nullify</span>:org.junit.runner.Result*; $irvar0 = 0<span class='color_orange'>nullify</span>:void; return = n$45<span class='color_orange'>initial</span>:void; $irvar1 = 0<span class='color_orange'>update:207</span>:void; this = @f$0<span class='color_orange'>formal</span>:org.junit.tests.running.classes.SuiteTest*( sub ); old_this = @f$0<span class='color_orange'>formal</span>:org.junit.tests.running.classes.SuiteTest*( sub )
      [footprint
         this = @f$0<span class='color_orange'>formal</span>:org.junit.tests.running.classes.SuiteTest*( sub )  ]</span>
    SPEC =
      --------------------------- ---------- ---------------------------
      PRE:
      <span class='color_blue'><span class='color_blue'>condition|callee != 0 ;
      condition|callee = _t$73<span class='color_orange'>formal</span>:_Bool( sub )</span></span>
      POST 1 of 1:
      <span class='color_blue'>condition|callee != 0 ;
      <span class='color_red'>return|callee = _t$74<span class='color_orange'>initial</span>:void</span></span>
      ----------------------------------------------------------------
    pre_check_pure_implication
    pi1:
      n$7 = 0; MEMna &lt; new[]:206 &gt; <span class='color_orange'>{vpath: }</span>(n$46); UND &lt; Result JUnitCore.runClasses(Computer,Class[]) &gt; :53(n$47); RET &lt; boolean Result.wasSuccessful() &gt; (0)
    pi2:
      _t$73 != 0
    returns
    sub1:
      n$7 = 0
    sub2:
      n$7 = 0
    Current Implication
    SUB:
      n$7 = 0
    <span class='color_blue'>MEMna &lt; new[]:206 &gt; <span class='color_orange'>{vpath: }</span>(n$46); UND &lt; Result JUnitCore.runClasses(Computer,Class[]) &gt; :53(n$47); RET &lt; boolean Result.wasSuccessful() &gt; (0); 0 = 0 ;
    condition|callee = 0<span class='color_orange'>actual_precondition</span>:_Bool; result = 0<span class='color_orange'>nullify</span>:org.junit.runner.Result*; $irvar0 = 0<span class='color_orange'>nullify</span>:void; return = n$45<span class='color_orange'>initial</span>:void; $irvar1 = 0<span class='color_orange'>update:207</span>:void; this = @f$0<span class='color_orange'>formal</span>:org.junit.tests.running.classes.SuiteTest*( sub ); old_this = @f$0<span class='color_orange'>formal</span>:org.junit.tests.running.classes.SuiteTest*( sub )
    [footprint
       this = @f$0<span class='color_orange'>formal</span>:org.junit.tests.running.classes.SuiteTest*( sub )  ]</span>
    [SUB: 
      n$7 = 0]
    |-
    <span class='color_blue'>condition|callee = _t$73<span class='color_orange'>formal</span>:_Bool( sub )</span>
    
      do_imply 0 _t$73
        Final Implication
        SUB:
          n$7 = 0
        <span class='color_blue'>MEMna &lt; new[]:206 &gt; <span class='color_orange'>{vpath: }</span>(n$46); UND &lt; Result JUnitCore.runClasses(Computer,Class[]) &gt; :53(n$47); RET &lt; boolean Result.wasSuccessful() &gt; (0); 0 = 0 ;
        result = 0<span class='color_orange'>nullify</span>:org.junit.runner.Result*; $irvar0 = 0<span class='color_orange'>nullify</span>:void; return = n$45<span class='color_orange'>initial</span>:void; $irvar1 = 0<span class='color_orange'>update:207</span>:void; this = @f$0<span class='color_orange'>formal</span>:org.junit.tests.running.classes.SuiteTest*( sub ); old_this = @f$0<span class='color_orange'>formal</span>:org.junit.tests.running.classes.SuiteTest*( sub )
        [footprint
           this = @f$0<span class='color_orange'>formal</span>:org.junit.tests.running.classes.SuiteTest*( sub )  ]</span>
        [SUB: 
          n$7 = 0; _t$73 = 0]
        |-
        <span class='color_blue'></span>
    imply_pi: adding missing atom _t$73 != 0
    Result of Abduction
      SUB:
        n$7 = 0
      <span class='color_blue'>MEMna &lt; new[]:206 &gt; <span class='color_orange'>{vpath: }</span>(n$46); UND &lt; Result JUnitCore.runClasses(Computer,Class[]) &gt; :53(n$47); RET &lt; boolean Result.wasSuccessful() &gt; (0); 0 = 0 ;
      condition|callee = 0<span class='color_orange'>actual_precondition</span>:_Bool; result = 0<span class='color_orange'>nullify</span>:org.junit.runner.Result*; $irvar0 = 0<span class='color_orange'>nullify</span>:void; return = n$45<span class='color_orange'>initial</span>:void; $irvar1 = 0<span class='color_orange'>update:207</span>:void; this = @f$0<span class='color_orange'>formal</span>:org.junit.tests.running.classes.SuiteTest*( sub ); old_this = @f$0<span class='color_orange'>formal</span>:org.junit.tests.running.classes.SuiteTest*( sub )
      [footprint
         this = @f$0<span class='color_orange'>formal</span>:org.junit.tests.running.classes.SuiteTest*( sub )  ]</span>
      [SUB: 
        n$7 = 0; _t$73 = 0
      _t$73 != 0]
      |-
      <span class='color_blue'>0 != 0 ;
      condition|callee = 0<span class='color_orange'>formal</span>:_Bool( sub )</span>
    returning TRUE
      New footprint:
      0 != 0
      Frame fld:
      
      Missing fld:
      
      Instantiated frame:
      &amp;result|->0<span class='color_orange'>nullify</span>:org.junit.runner.Result*; &amp;$irvar0|->0<span class='color_orange'>nullify</span>:void; &amp;return|->n$45<span class='color_orange'>initial</span>:void; &amp;$irvar1|->0<span class='color_orange'>update:207</span>:void; &amp;this|->@f$0<span class='color_orange'>formal</span>:org.junit.tests.running.classes.SuiteTest*( sub ); &amp;old_this|->@f$0<span class='color_orange'>formal</span>:org.junit.tests.running.classes.SuiteTest*( sub )
      Instantiated post:
      PROP 1 of 1:
      <span class='color_blue'><span class='color_red'>0 != 0</span> ;
      <span class='color_red'>return|callee = _t$74<span class='color_orange'>initial</span>:void</span></span>
      
    ***** RESULTS FUNCTION CALL *******
    PROP 1 of 1:
    <span class='color_blue'><span class='color_blue'>n$7 = 0</span> ;
    <span class='color_blue'>0 != 0</span>; <span class='color_blue'>MEMna &lt; new[]:206 &gt; <span class='color_orange'>{vpath: }</span>(n$46)</span>; <span class='color_blue'>UND &lt; Result JUnitCore.runClasses(Computer,Class[]) &gt; :53(n$47)</span>; <span class='color_blue'>RET &lt; boolean Result.wasSuccessful() &gt; (0)</span> ;
    <span class='color_blue'>result = 0<span class='color_orange'>nullify</span>:org.junit.runner.Result*</span>; <span class='color_blue'>$irvar0 = 0<span class='color_orange'>nullify</span>:void</span>; <span class='color_blue'>return = n$45<span class='color_orange'>initial</span>:void</span>; <span class='color_blue'>$irvar1 = 0<span class='color_orange'>update:207</span>:void</span>; <span class='color_blue'>this = @f$0<span class='color_orange'>formal</span>:org.junit.tests.running.classes.SuiteTest*( sub )</span>; <span class='color_blue'>old_this = @f$0<span class='color_orange'>formal</span>:org.junit.tests.running.classes.SuiteTest*( sub )</span>
    [footprint
       <span class='color_red'>0 != 0</span> *
       <span class='color_blue'>this = @f$0<span class='color_orange'>formal</span>:org.junit.tests.running.classes.SuiteTest*( sub )</span>  ]</span>
    ***** END RESULTS FUNCTION CALL *******
    Prover.check_inconsistency_base: inconsistency reason [Some 2]
    Prover.check_inconsistency_base: inconsistency reason [Some 2]
    Instruction Returns
    PROP 1 of 1:
    <span class='color_blue'><span class='color_blue'>n$7 = 0</span> ;
    <span class='color_red'>MEMne &lt; void Assert.assertTrue(boolean):207 &gt; <span class='color_orange'>{vpath: }</span>(_t$0)</span>; <span class='color_blue'>MEMna &lt; new[]:206 &gt; <span class='color_orange'>{vpath: }</span>(_t$1)</span>; <span class='color_blue'>UND &lt; Result JUnitCore.runClasses(Computer,Class[]) &gt; :53(_t$2)</span>; <span class='color_blue'>RET &lt; boolean Result.wasSuccessful() &gt; (0)</span> ;
    <span class='color_blue'>result = 0<span class='color_orange'>nullify</span>:org.junit.runner.Result*</span>; <span class='color_blue'>$irvar0 = 0<span class='color_orange'>nullify</span>:void</span>; <span class='color_blue'>return = <span class='color_red'>EXN _t$0<span class='color_orange'>update:207</span></span>:void</span>; <span class='color_blue'>$irvar1 = 0<span class='color_orange'>update:207</span>:void</span>; <span class='color_blue'>this = @f$0<span class='color_orange'>formal</span>:org.junit.tests.running.classes.SuiteTest*( sub )</span>; <span class='color_blue'>old_this = @f$0<span class='color_orange'>formal</span>:org.junit.tests.running.classes.SuiteTest*( sub )</span> ;
    <span class='color_red'>_t$0|->{}<span class='color_orange'>alloc</span>:java.lang.AssertionError</span>
    [footprint
       <span class='color_blue'>this = @f$0<span class='color_orange'>formal</span>:org.junit.tests.running.classes.SuiteTest*( sub )</span>  ]</span>
    
    Instruction <span class='color_green'>NULLIFY(&amp;$irvar1); [line 207]</span>
    in vpath_find exp:_t$0
    vpath_find: cannot find _t$0
    in vpath_find exp:_t$1
    vpath_find: cannot find _t$1
    Instruction Returns
    PROP 1 of 1:
    <span class='color_blue'><span class='color_blue'>n$7 = 0</span> ;
    <span class='color_blue'>MEMne &lt; void Assert.assertTrue(boolean):207 &gt; <span class='color_orange'>{vpath: }</span>(_t$0)</span>; <span class='color_blue'>MEMna &lt; new[]:206 &gt; <span class='color_orange'>{vpath: }</span>(_t$1)</span>; <span class='color_blue'>UND &lt; Result JUnitCore.runClasses(Computer,Class[]) &gt; :53(_t$2)</span>; <span class='color_blue'>RET &lt; boolean Result.wasSuccessful() &gt; (0)</span> ;
    <span class='color_blue'>result = 0<span class='color_orange'>nullify</span>:org.junit.runner.Result*</span>; <span class='color_blue'>$irvar0 = 0<span class='color_orange'>nullify</span>:void</span>; <span class='color_blue'>return = EXN _t$0<span class='color_orange'>update:207</span>:void</span>; <span class='color_blue'>$irvar1 = 0<span class='color_orange'>nullify</span>:void</span>; <span class='color_blue'>this = @f$0<span class='color_orange'>formal</span>:org.junit.tests.running.classes.SuiteTest*( sub )</span>; <span class='color_blue'>old_this = @f$0<span class='color_orange'>formal</span>:org.junit.tests.running.classes.SuiteTest*( sub )</span> ;
    <span class='color_blue'>_t$0|->{}<span class='color_orange'>alloc</span>:java.lang.AssertionError</span>
    [footprint
       <span class='color_blue'>this = @f$0<span class='color_orange'>formal</span>:org.junit.tests.running.classes.SuiteTest*( sub )</span>  ]</span>
    
    Instruction <span class='color_green'>EXIT_SCOPE(n$7,n$8,$irvar1); [line 207]</span>
    in vpath_find exp:_t$0
    vpath_find: cannot find _t$0
    in vpath_find exp:_t$1
    vpath_find: cannot find _t$1
    Instruction Returns
    PROP 1 of 1:
    <span class='color_blue'><span class='color_blue'>MEMne &lt; void Assert.assertTrue(boolean):207 &gt; <span class='color_orange'>{vpath: }</span>(_t$0)</span>; <span class='color_blue'>MEMna &lt; new[]:206 &gt; <span class='color_orange'>{vpath: }</span>(_t$1)</span>; <span class='color_blue'>UND &lt; Result JUnitCore.runClasses(Computer,Class[]) &gt; :53(_t$2)</span>; <span class='color_blue'>RET &lt; boolean Result.wasSuccessful() &gt; (0)</span> ;
    <span class='color_blue'>result = 0<span class='color_orange'>nullify</span>:org.junit.runner.Result*</span>; <span class='color_blue'>$irvar0 = 0<span class='color_orange'>nullify</span>:void</span>; <span class='color_blue'>return = EXN _t$0<span class='color_orange'>update:207</span>:void</span>; <span class='color_blue'>$irvar1 = 0<span class='color_orange'>nullify</span>:void</span>; <span class='color_blue'>this = @f$0<span class='color_orange'>formal</span>:org.junit.tests.running.classes.SuiteTest*( sub )</span>; <span class='color_blue'>old_this = @f$0<span class='color_orange'>formal</span>:org.junit.tests.running.classes.SuiteTest*( sub )</span> ;
    <span class='color_blue'>_t$0|->{}<span class='color_orange'>alloc</span>:java.lang.AssertionError</span>
    [footprint
       <span class='color_blue'>this = @f$0<span class='color_orange'>formal</span>:org.junit.tests.running.classes.SuiteTest*( sub )</span>  ]</span>
    
    .... After Symbolic Execution ....
    PROP 1 of 1:
    <span class='color_blue'><span class='color_red'>MEMne &lt; void Assert.assertTrue(boolean):207 &gt; <span class='color_orange'>{vpath: }</span>(_t$0)</span>; <span class='color_blue'>MEMna &lt; new[]:206 &gt; <span class='color_orange'>{vpath: }</span>(_t$1)</span>; <span class='color_blue'>UND &lt; Result JUnitCore.runClasses(Computer,Class[]) &gt; :53(_t$2)</span>; <span class='color_blue'>RET &lt; boolean Result.wasSuccessful() &gt; (0)</span> ;
    <span class='color_blue'>result = 0<span class='color_orange'>nullify</span>:org.junit.runner.Result*</span>; <span class='color_blue'>$irvar0 = 0<span class='color_orange'>nullify</span>:void</span>; <span class='color_blue'>return = <span class='color_red'>EXN _t$0<span class='color_orange'>update:207</span></span>:void</span>; <span class='color_blue'>$irvar1 = 0<span class='color_orange'>nullify</span>:void</span>; <span class='color_blue'>this = @f$0<span class='color_orange'>formal</span>:org.junit.tests.running.classes.SuiteTest*( sub )</span>; <span class='color_blue'>old_this = @f$0<span class='color_orange'>formal</span>:org.junit.tests.running.classes.SuiteTest*( sub )</span> ;
    <span class='color_red'>_t$0|->{}<span class='color_orange'>alloc</span>:java.lang.AssertionError</span>
    [footprint
       <span class='color_blue'>this = @f$0<span class='color_orange'>formal</span>:org.junit.tests.running.classes.SuiteTest*( sub )</span>  ]</span>
    
    
    
  Processing prop 2/2
    Instruction <span class='color_green'>n$7=*&amp;$irvar1:_Bool [line 207]</span>
    in vpath_find exp:n$49
    vpath_find: cannot find n$49
    .... Rearrangement Start ....
    Exp: &amp;$irvar1
    Prop:
    <span class='color_blue'>MEMna &lt; new[]:206 &gt; <span class='color_orange'>{vpath: }</span>(n$49); UND &lt; Result JUnitCore.runClasses(Computer,Class[]) &gt; :53(n$50); RET &lt; boolean Result.wasSuccessful() &gt; (1) ;
    result = 0<span class='color_orange'>nullify</span>:org.junit.runner.Result*; $irvar0 = 0<span class='color_orange'>nullify</span>:void; return = n$48<span class='color_orange'>initial</span>:void; $irvar1 = 1<span class='color_orange'>update:207</span>:void; this = @f$0<span class='color_orange'>formal</span>:org.junit.tests.running.classes.SuiteTest*( sub ); old_this = @f$0<span class='color_orange'>formal</span>:org.junit.tests.running.classes.SuiteTest*( sub )
    [footprint
       this = @f$0<span class='color_orange'>formal</span>:org.junit.tests.running.classes.SuiteTest*( sub )  ]</span>
    
    in prop_iter_extend_ptsto lexp: &amp;$irvar1
    prop before:
    <span class='color_blue'>MEMna &lt; new[]:206 &gt; <span class='color_orange'>{vpath: }</span>(n$49); UND &lt; Result JUnitCore.runClasses(Computer,Class[]) &gt; :53(n$50); RET &lt; boolean Result.wasSuccessful() &gt; (1) ;
    result = 0<span class='color_orange'>nullify</span>:org.junit.runner.Result*; $irvar0 = 0<span class='color_orange'>nullify</span>:void; return = n$48<span class='color_orange'>initial</span>:void; $irvar1 = 1<span class='color_orange'>update:207</span>:void; this = @f$0<span class='color_orange'>formal</span>:org.junit.tests.running.classes.SuiteTest*( sub ); old_this = @f$0<span class='color_orange'>formal</span>:org.junit.tests.running.classes.SuiteTest*( sub )
    [footprint
       this = @f$0<span class='color_orange'>formal</span>:org.junit.tests.running.classes.SuiteTest*( sub )  ]</span>
    
    
    prop list after:
    PROP 1 of 1:
    <span class='color_blue'><span class='color_blue'>MEMna &lt; new[]:206 &gt; <span class='color_orange'>{vpath: }</span>(n$49)</span>; <span class='color_blue'>UND &lt; Result JUnitCore.runClasses(Computer,Class[]) &gt; :53(n$50)</span>; <span class='color_blue'>RET &lt; boolean Result.wasSuccessful() &gt; (1)</span> ;
    <span class='color_blue'>result = 0<span class='color_orange'>nullify</span>:org.junit.runner.Result*</span>; <span class='color_blue'>$irvar0 = 0<span class='color_orange'>nullify</span>:void</span>; <span class='color_blue'>return = n$48<span class='color_orange'>initial</span>:void</span>; <span class='color_blue'>$irvar1 = 1<span class='color_orange'>update:207</span>:void</span>; <span class='color_blue'>this = @f$0<span class='color_orange'>formal</span>:org.junit.tests.running.classes.SuiteTest*( sub )</span>; <span class='color_blue'>old_this = @f$0<span class='color_orange'>formal</span>:org.junit.tests.running.classes.SuiteTest*( sub )</span>
    [footprint
       <span class='color_blue'>this = @f$0<span class='color_orange'>formal</span>:org.junit.tests.running.classes.SuiteTest*( sub )</span>  ]</span>
    
    
    
    Instruction Returns
    PROP 1 of 1:
    <span class='color_blue'><span class='color_red'>n$7 = 1</span> ;
    <span class='color_blue'>MEMna &lt; new[]:206 &gt; <span class='color_orange'>{vpath: }</span>(_t$1)</span>; <span class='color_blue'>UND &lt; Result JUnitCore.runClasses(Computer,Class[]) &gt; :53(_t$2)</span>; <span class='color_blue'>RET &lt; boolean Result.wasSuccessful() &gt; (1)</span> ;
    <span class='color_blue'>result = 0<span class='color_orange'>nullify</span>:org.junit.runner.Result*</span>; <span class='color_blue'>$irvar0 = 0<span class='color_orange'>nullify</span>:void</span>; <span class='color_blue'>return = _t$0<span class='color_orange'>initial</span>:void</span>; <span class='color_blue'>$irvar1 = 1<span class='color_orange'>update:207</span>:void</span>; <span class='color_blue'>this = @f$0<span class='color_orange'>formal</span>:org.junit.tests.running.classes.SuiteTest*( sub )</span>; <span class='color_blue'>old_this = @f$0<span class='color_orange'>formal</span>:org.junit.tests.running.classes.SuiteTest*( sub )</span>
    [footprint
       <span class='color_blue'>this = @f$0<span class='color_orange'>formal</span>:org.junit.tests.running.classes.SuiteTest*( sub )</span>  ]</span>
    
    Instruction <span class='color_green'>n$8=_fun_void Assert.assertTrue(boolean)(n$7:_Bool) [line 207]</span>
    in vpath_find exp:n$52
    vpath_find: cannot find n$52
    Found 2 specs for function org.junit.Assert.assertTrue(boolean):void
    START EXECUTING SPECS FOR org.junit.Assert.assertTrue(boolean):void from state
    <span class='color_blue'>n$7 = 1 ;
    MEMna &lt; new[]:206 &gt; <span class='color_orange'>{vpath: }</span>(n$52); UND &lt; Result JUnitCore.runClasses(Computer,Class[]) &gt; :53(n$53); RET &lt; boolean Result.wasSuccessful() &gt; (1) ;
    result = 0<span class='color_orange'>nullify</span>:org.junit.runner.Result*; $irvar0 = 0<span class='color_orange'>nullify</span>:void; return = n$51<span class='color_orange'>initial</span>:void; $irvar1 = 1<span class='color_orange'>update:207</span>:void; this = @f$0<span class='color_orange'>formal</span>:org.junit.tests.running.classes.SuiteTest*( sub ); old_this = @f$0<span class='color_orange'>formal</span>:org.junit.tests.running.classes.SuiteTest*( sub )
    [footprint
       this = @f$0<span class='color_orange'>formal</span>:org.junit.tests.running.classes.SuiteTest*( sub )  ]</span>
    EXECUTING SPEC 1/2
    ACTUAL PRECONDITION =
      <span class='color_blue'>n$7 = 1 ;
      MEMna &lt; new[]:206 &gt; <span class='color_orange'>{vpath: }</span>(n$52); UND &lt; Result JUnitCore.runClasses(Computer,Class[]) &gt; :53(n$53); RET &lt; boolean Result.wasSuccessful() &gt; (1) ;
      condition|callee = 1<span class='color_orange'>actual_precondition</span>:_Bool; result = 0<span class='color_orange'>nullify</span>:org.junit.runner.Result*; $irvar0 = 0<span class='color_orange'>nullify</span>:void; return = n$51<span class='color_orange'>initial</span>:void; $irvar1 = 1<span class='color_orange'>update:207</span>:void; this = @f$0<span class='color_orange'>formal</span>:org.junit.tests.running.classes.SuiteTest*( sub ); old_this = @f$0<span class='color_orange'>formal</span>:org.junit.tests.running.classes.SuiteTest*( sub )
      [footprint
         this = @f$0<span class='color_orange'>formal</span>:org.junit.tests.running.classes.SuiteTest*( sub )  ]</span>
    SPEC =
      --------------------------- ---------- ---------------------------
      PRE:
      <span class='color_blue'><span class='color_blue'>condition|callee = 0<span class='color_orange'>formal</span>:_Bool( sub )</span></span>
      POST 1 of 1:
      <span class='color_blue'><span class='color_red'>MEMne &lt; void Assert.assertTrue(String,boolean):53 &gt; <span class='color_orange'>{vpath: }</span>(_t$84)</span> ;
      <span class='color_red'>return|callee = EXN _t$84<span class='color_orange'>update:53</span>:void</span> ;
      <span class='color_red'>_t$84|->{}<span class='color_orange'>alloc</span>:java.lang.AssertionError</span></span>
      ----------------------------------------------------------------
    pre_check_pure_implication
    pi1:
      n$7 = 1; MEMna &lt; new[]:206 &gt; <span class='color_orange'>{vpath: }</span>(n$52); UND &lt; Result JUnitCore.runClasses(Computer,Class[]) &gt; :53(n$53); RET &lt; boolean Result.wasSuccessful() &gt; (1)
    pi2:
      
    returns
    sub1:
      n$7 = 1
    sub2:
      n$7 = 1
    Current Implication
    SUB:
      n$7 = 1
    <span class='color_blue'>MEMna &lt; new[]:206 &gt; <span class='color_orange'>{vpath: }</span>(n$52); UND &lt; Result JUnitCore.runClasses(Computer,Class[]) &gt; :53(n$53); RET &lt; boolean Result.wasSuccessful() &gt; (1); 1 = 1 ;
    condition|callee = 1<span class='color_orange'>actual_precondition</span>:_Bool; result = 0<span class='color_orange'>nullify</span>:org.junit.runner.Result*; $irvar0 = 0<span class='color_orange'>nullify</span>:void; return = n$51<span class='color_orange'>initial</span>:void; $irvar1 = 1<span class='color_orange'>update:207</span>:void; this = @f$0<span class='color_orange'>formal</span>:org.junit.tests.running.classes.SuiteTest*( sub ); old_this = @f$0<span class='color_orange'>formal</span>:org.junit.tests.running.classes.SuiteTest*( sub )
    [footprint
       this = @f$0<span class='color_orange'>formal</span>:org.junit.tests.running.classes.SuiteTest*( sub )  ]</span>
    [SUB: 
      n$7 = 1]
    |-
    <span class='color_blue'>condition|callee = 0<span class='color_orange'>formal</span>:_Bool( sub )</span>
    
      do_imply 1 0
      WARNING: footprint failed to find MISSING because: constants not equal
    EXECUTING SPEC 2/2
    ACTUAL PRECONDITION =
      <span class='color_blue'>n$7 = 1 ;
      MEMna &lt; new[]:206 &gt; <span class='color_orange'>{vpath: }</span>(n$52); UND &lt; Result JUnitCore.runClasses(Computer,Class[]) &gt; :53(n$53); RET &lt; boolean Result.wasSuccessful() &gt; (1) ;
      condition|callee = 1<span class='color_orange'>actual_precondition</span>:_Bool; result = 0<span class='color_orange'>nullify</span>:org.junit.runner.Result*; $irvar0 = 0<span class='color_orange'>nullify</span>:void; return = n$51<span class='color_orange'>initial</span>:void; $irvar1 = 1<span class='color_orange'>update:207</span>:void; this = @f$0<span class='color_orange'>formal</span>:org.junit.tests.running.classes.SuiteTest*( sub ); old_this = @f$0<span class='color_orange'>formal</span>:org.junit.tests.running.classes.SuiteTest*( sub )
      [footprint
         this = @f$0<span class='color_orange'>formal</span>:org.junit.tests.running.classes.SuiteTest*( sub )  ]</span>
    SPEC =
      --------------------------- ---------- ---------------------------
      PRE:
      <span class='color_blue'><span class='color_blue'>condition|callee != 0 ;
      condition|callee = _t$85<span class='color_orange'>formal</span>:_Bool( sub )</span></span>
      POST 1 of 1:
      <span class='color_blue'>condition|callee != 0 ;
      <span class='color_red'>return|callee = _t$86<span class='color_orange'>initial</span>:void</span></span>
      ----------------------------------------------------------------
    pre_check_pure_implication
    pi1:
      n$7 = 1; MEMna &lt; new[]:206 &gt; <span class='color_orange'>{vpath: }</span>(n$52); UND &lt; Result JUnitCore.runClasses(Computer,Class[]) &gt; :53(n$53); RET &lt; boolean Result.wasSuccessful() &gt; (1)
    pi2:
      _t$85 != 0
    returns
    sub1:
      n$7 = 1
    sub2:
      n$7 = 1
    Current Implication
    SUB:
      n$7 = 1
    <span class='color_blue'>MEMna &lt; new[]:206 &gt; <span class='color_orange'>{vpath: }</span>(n$52); UND &lt; Result JUnitCore.runClasses(Computer,Class[]) &gt; :53(n$53); RET &lt; boolean Result.wasSuccessful() &gt; (1); 1 = 1 ;
    condition|callee = 1<span class='color_orange'>actual_precondition</span>:_Bool; result = 0<span class='color_orange'>nullify</span>:org.junit.runner.Result*; $irvar0 = 0<span class='color_orange'>nullify</span>:void; return = n$51<span class='color_orange'>initial</span>:void; $irvar1 = 1<span class='color_orange'>update:207</span>:void; this = @f$0<span class='color_orange'>formal</span>:org.junit.tests.running.classes.SuiteTest*( sub ); old_this = @f$0<span class='color_orange'>formal</span>:org.junit.tests.running.classes.SuiteTest*( sub )
    [footprint
       this = @f$0<span class='color_orange'>formal</span>:org.junit.tests.running.classes.SuiteTest*( sub )  ]</span>
    [SUB: 
      n$7 = 1]
    |-
    <span class='color_blue'>condition|callee = _t$85<span class='color_orange'>formal</span>:_Bool( sub )</span>
    
      do_imply 1 _t$85
        Final Implication
        SUB:
          n$7 = 1
        <span class='color_blue'>MEMna &lt; new[]:206 &gt; <span class='color_orange'>{vpath: }</span>(n$52); UND &lt; Result JUnitCore.runClasses(Computer,Class[]) &gt; :53(n$53); RET &lt; boolean Result.wasSuccessful() &gt; (1); 1 = 1 ;
        result = 0<span class='color_orange'>nullify</span>:org.junit.runner.Result*; $irvar0 = 0<span class='color_orange'>nullify</span>:void; return = n$51<span class='color_orange'>initial</span>:void; $irvar1 = 1<span class='color_orange'>update:207</span>:void; this = @f$0<span class='color_orange'>formal</span>:org.junit.tests.running.classes.SuiteTest*( sub ); old_this = @f$0<span class='color_orange'>formal</span>:org.junit.tests.running.classes.SuiteTest*( sub )
        [footprint
           this = @f$0<span class='color_orange'>formal</span>:org.junit.tests.running.classes.SuiteTest*( sub )  ]</span>
        [SUB: 
          n$7 = 1; _t$85 = 1]
        |-
        <span class='color_blue'></span>
    Result of Abduction
      SUB:
        n$7 = 1
      <span class='color_blue'>MEMna &lt; new[]:206 &gt; <span class='color_orange'>{vpath: }</span>(n$52); UND &lt; Result JUnitCore.runClasses(Computer,Class[]) &gt; :53(n$53); RET &lt; boolean Result.wasSuccessful() &gt; (1); 1 = 1 ;
      condition|callee = 1<span class='color_orange'>actual_precondition</span>:_Bool; result = 0<span class='color_orange'>nullify</span>:org.junit.runner.Result*; $irvar0 = 0<span class='color_orange'>nullify</span>:void; return = n$51<span class='color_orange'>initial</span>:void; $irvar1 = 1<span class='color_orange'>update:207</span>:void; this = @f$0<span class='color_orange'>formal</span>:org.junit.tests.running.classes.SuiteTest*( sub ); old_this = @f$0<span class='color_orange'>formal</span>:org.junit.tests.running.classes.SuiteTest*( sub )
      [footprint
         this = @f$0<span class='color_orange'>formal</span>:org.junit.tests.running.classes.SuiteTest*( sub )  ]</span>
      [SUB: 
        n$7 = 1; _t$85 = 1]
      |-
      <span class='color_blue'>1 != 0 ;
      condition|callee = 1<span class='color_orange'>formal</span>:_Bool( sub )</span>
    returning TRUE
      New footprint:
      
      Frame fld:
      
      Missing fld:
      
      Instantiated frame:
      &amp;result|->0<span class='color_orange'>nullify</span>:org.junit.runner.Result*; &amp;$irvar0|->0<span class='color_orange'>nullify</span>:void; &amp;return|->n$51<span class='color_orange'>initial</span>:void; &amp;$irvar1|->1<span class='color_orange'>update:207</span>:void; &amp;this|->@f$0<span class='color_orange'>formal</span>:org.junit.tests.running.classes.SuiteTest*( sub ); &amp;old_this|->@f$0<span class='color_orange'>formal</span>:org.junit.tests.running.classes.SuiteTest*( sub )
      Instantiated post:
      PROP 1 of 1:
      <span class='color_blue'><span class='color_red'>1 != 0</span> ;
      <span class='color_red'>return|callee = _t$86<span class='color_orange'>initial</span>:void</span></span>
      
    ***** RESULTS FUNCTION CALL *******
    PROP 1 of 1:
    <span class='color_blue'><span class='color_blue'>n$7 = 1</span> ;
    <span class='color_red'>0 != 1</span>; <span class='color_blue'>MEMna &lt; new[]:206 &gt; <span class='color_orange'>{vpath: }</span>(n$52)</span>; <span class='color_blue'>UND &lt; Result JUnitCore.runClasses(Computer,Class[]) &gt; :53(n$53)</span>; <span class='color_blue'>RET &lt; boolean Result.wasSuccessful() &gt; (1)</span> ;
    <span class='color_blue'>result = 0<span class='color_orange'>nullify</span>:org.junit.runner.Result*</span>; <span class='color_blue'>$irvar0 = 0<span class='color_orange'>nullify</span>:void</span>; <span class='color_blue'>return = n$51<span class='color_orange'>initial</span>:void</span>; <span class='color_blue'>$irvar1 = 1<span class='color_orange'>update:207</span>:void</span>; <span class='color_blue'>this = @f$0<span class='color_orange'>formal</span>:org.junit.tests.running.classes.SuiteTest*( sub )</span>; <span class='color_blue'>old_this = @f$0<span class='color_orange'>formal</span>:org.junit.tests.running.classes.SuiteTest*( sub )</span>
    [footprint
       <span class='color_blue'>this = @f$0<span class='color_orange'>formal</span>:org.junit.tests.running.classes.SuiteTest*( sub )</span>  ]</span>
    ***** END RESULTS FUNCTION CALL *******
    Prover.check_inconsistency_base: inconsistency reason [None]
    Prover.check_inconsistency_base: inconsistency reason [None]
    Prover.check_inconsistency_base: inconsistency reason [None]
    Prover.check_inconsistency_base: inconsistency reason [None]
    Instruction Returns
    PROP 1 of 1:
    <span class='color_blue'><span class='color_blue'>n$7 = 1</span> ;
    <span class='color_red'>0 != 1</span>; <span class='color_blue'>MEMna &lt; new[]:206 &gt; <span class='color_orange'>{vpath: }</span>(_t$1)</span>; <span class='color_blue'>UND &lt; Result JUnitCore.runClasses(Computer,Class[]) &gt; :53(_t$2)</span>; <span class='color_blue'>RET &lt; boolean Result.wasSuccessful() &gt; (1)</span> ;
    <span class='color_blue'>result = 0<span class='color_orange'>nullify</span>:org.junit.runner.Result*</span>; <span class='color_blue'>$irvar0 = 0<span class='color_orange'>nullify</span>:void</span>; <span class='color_blue'>return = _t$0<span class='color_orange'>initial</span>:void</span>; <span class='color_blue'>$irvar1 = 1<span class='color_orange'>update:207</span>:void</span>; <span class='color_blue'>this = @f$0<span class='color_orange'>formal</span>:org.junit.tests.running.classes.SuiteTest*( sub )</span>; <span class='color_blue'>old_this = @f$0<span class='color_orange'>formal</span>:org.junit.tests.running.classes.SuiteTest*( sub )</span>
    [footprint
       <span class='color_red'>0 != 1</span> *
       <span class='color_blue'>this = @f$0<span class='color_orange'>formal</span>:org.junit.tests.running.classes.SuiteTest*( sub )</span>  ]</span>
    
    Instruction <span class='color_green'>NULLIFY(&amp;$irvar1); [line 207]</span>
    in vpath_find exp:_t$1
    vpath_find: cannot find _t$1
    Instruction Returns
    PROP 1 of 1:
    <span class='color_blue'><span class='color_blue'>n$7 = 1</span> ;
    <span class='color_blue'>0 != 1</span>; <span class='color_blue'>MEMna &lt; new[]:206 &gt; <span class='color_orange'>{vpath: }</span>(_t$1)</span>; <span class='color_blue'>UND &lt; Result JUnitCore.runClasses(Computer,Class[]) &gt; :53(_t$2)</span>; <span class='color_blue'>RET &lt; boolean Result.wasSuccessful() &gt; (1)</span> ;
    <span class='color_blue'>result = 0<span class='color_orange'>nullify</span>:org.junit.runner.Result*</span>; <span class='color_blue'>$irvar0 = 0<span class='color_orange'>nullify</span>:void</span>; <span class='color_blue'>return = _t$0<span class='color_orange'>initial</span>:void</span>; <span class='color_blue'>$irvar1 = <span class='color_red'>0<span class='color_orange'>nullify</span></span>:void</span>; <span class='color_blue'>this = @f$0<span class='color_orange'>formal</span>:org.junit.tests.running.classes.SuiteTest*( sub )</span>; <span class='color_blue'>old_this = @f$0<span class='color_orange'>formal</span>:org.junit.tests.running.classes.SuiteTest*( sub )</span>
    [footprint
       <span class='color_blue'>0 != 1</span> *
       <span class='color_blue'>this = @f$0<span class='color_orange'>formal</span>:org.junit.tests.running.classes.SuiteTest*( sub )</span>  ]</span>
    
    Instruction <span class='color_green'>EXIT_SCOPE(n$7,n$8,$irvar1); [line 207]</span>
    in vpath_find exp:_t$1
    vpath_find: cannot find _t$1
    Instruction Returns
    PROP 1 of 1:
    <span class='color_blue'><span class='color_blue'>0 != 1</span>; <span class='color_blue'>MEMna &lt; new[]:206 &gt; <span class='color_orange'>{vpath: }</span>(_t$1)</span>; <span class='color_blue'>UND &lt; Result JUnitCore.runClasses(Computer,Class[]) &gt; :53(_t$2)</span>; <span class='color_blue'>RET &lt; boolean Result.wasSuccessful() &gt; (1)</span> ;
    <span class='color_blue'>result = 0<span class='color_orange'>nullify</span>:org.junit.runner.Result*</span>; <span class='color_blue'>$irvar0 = 0<span class='color_orange'>nullify</span>:void</span>; <span class='color_blue'>return = _t$0<span class='color_orange'>initial</span>:void</span>; <span class='color_blue'>$irvar1 = 0<span class='color_orange'>nullify</span>:void</span>; <span class='color_blue'>this = @f$0<span class='color_orange'>formal</span>:org.junit.tests.running.classes.SuiteTest*( sub )</span>; <span class='color_blue'>old_this = @f$0<span class='color_orange'>formal</span>:org.junit.tests.running.classes.SuiteTest*( sub )</span>
    [footprint
       <span class='color_blue'>0 != 1</span> *
       <span class='color_blue'>this = @f$0<span class='color_orange'>formal</span>:org.junit.tests.running.classes.SuiteTest*( sub )</span>  ]</span>
    
    .... After Symbolic Execution ....
    PROP 1 of 1:
    <span class='color_blue'><span class='color_red'>0 != 1</span>; <span class='color_blue'>MEMna &lt; new[]:206 &gt; <span class='color_orange'>{vpath: }</span>(_t$1)</span>; <span class='color_blue'>UND &lt; Result JUnitCore.runClasses(Computer,Class[]) &gt; :53(_t$2)</span>; <span class='color_blue'>RET &lt; boolean Result.wasSuccessful() &gt; (1)</span> ;
    <span class='color_blue'>result = 0<span class='color_orange'>nullify</span>:org.junit.runner.Result*</span>; <span class='color_blue'>$irvar0 = 0<span class='color_orange'>nullify</span>:void</span>; <span class='color_blue'>return = _t$0<span class='color_orange'>initial</span>:void</span>; <span class='color_blue'>$irvar1 = <span class='color_red'>0<span class='color_orange'>nullify</span></span>:void</span>; <span class='color_blue'>this = @f$0<span class='color_orange'>formal</span>:org.junit.tests.running.classes.SuiteTest*( sub )</span>; <span class='color_blue'>old_this = @f$0<span class='color_orange'>formal</span>:org.junit.tests.running.classes.SuiteTest*( sub )</span>
    [footprint
       <span class='color_red'>0 != 1</span> *
       <span class='color_blue'>this = @f$0<span class='color_orange'>formal</span>:org.junit.tests.running.classes.SuiteTest*( sub )</span>  ]</span>
    
    
    
  </LISTING>
<hr width="100%">
<a name="session47" href="./../nodes/org.junit.tests.running.classes.SuiteTest.suiteShouldBeOKwithNonDefaultConstructor%28%29%3Avoid.94084620e73fdf28e6207ae5b8fba5fc_node8.html#session47">node8#session47</a>(<a href="./../../SuiteTest.java.167329620be352b2f92add741306929f.html#LINE207">207</a>) biabduction
<LISTING class='color_black'>**** [RE:Pending] void SuiteTest.suiteShouldBeOKwithNonDefaultConstructor() Node: 8, Procedure: void SuiteTest.suiteShouldBeOKwithNonDefaultConstructor(), Todo: 2 ****
  PROP 1 of 2:
  <span class='color_blue'><span class='color_red'>MEMna &lt; new[]:206 &gt; <span class='color_orange'>{vpath: }</span>(_t$1)</span>; <span class='color_red'>UND &lt; Result JUnitCore.runClasses(Computer,Class[]) &gt; :53(_t$2)</span>; <span class='color_red'>RET &lt; boolean Result.wasSuccessful() &gt; (0)</span> ;
  <span class='color_red'>result = 0<span class='color_orange'>nullify</span>:org.junit.runner.Result*</span>; <span class='color_red'>$irvar0 = 0<span class='color_orange'>nullify</span>:void</span>; <span class='color_red'>return = _t$0<span class='color_orange'>initial</span>:void</span>; <span class='color_red'>$irvar1 = 0<span class='color_orange'>update:207</span>:void</span>; <span class='color_red'>this = val$1<span class='color_orange'>formal</span>:org.junit.tests.running.classes.SuiteTest*( sub )</span>; <span class='color_red'>old_this = val$1<span class='color_orange'>formal</span>:org.junit.tests.running.classes.SuiteTest*( sub )</span></span>
  PROP 2 of 2:
  <span class='color_blue'><span class='color_red'>MEMna &lt; new[]:206 &gt; <span class='color_orange'>{vpath: }</span>(_t$1)</span>; <span class='color_red'>UND &lt; Result JUnitCore.runClasses(Computer,Class[]) &gt; :53(_t$2)</span>; <span class='color_red'>RET &lt; boolean Result.wasSuccessful() &gt; (1)</span> ;
  <span class='color_red'>result = 0<span class='color_orange'>nullify</span>:org.junit.runner.Result*</span>; <span class='color_red'>$irvar0 = 0<span class='color_orange'>nullify</span>:void</span>; <span class='color_red'>return = _t$0<span class='color_orange'>initial</span>:void</span>; <span class='color_red'>$irvar1 = 1<span class='color_orange'>update:207</span>:void</span>; <span class='color_red'>this = val$1<span class='color_orange'>formal</span>:org.junit.tests.running.classes.SuiteTest*( sub )</span>; <span class='color_red'>old_this = val$1<span class='color_orange'>formal</span>:org.junit.tests.running.classes.SuiteTest*( sub )</span></span>
  .... Instructions: ....
  <span class='color_green'>n$7=*&amp;$irvar1:_Bool [line 207];
  n$8=_fun_void Assert.assertTrue(boolean)(n$7:_Bool) [line 207];
  NULLIFY(&amp;$irvar1); [line 207];
  EXIT_SCOPE(n$7,n$8,$irvar1); [line 207];
  </span>
  
  Processing prop 1/2
    Instruction <span class='color_green'>n$7=*&amp;$irvar1:_Bool [line 207]</span>
    in vpath_find exp:n$45
    vpath_find: cannot find n$45
    .... Rearrangement Start ....
    Exp: &amp;$irvar1
    Prop:
    <span class='color_blue'>MEMna &lt; new[]:206 &gt; <span class='color_orange'>{vpath: }</span>(n$45); UND &lt; Result JUnitCore.runClasses(Computer,Class[]) &gt; :53(n$46); RET &lt; boolean Result.wasSuccessful() &gt; (0) ;
    result = 0<span class='color_orange'>nullify</span>:org.junit.runner.Result*; $irvar0 = 0<span class='color_orange'>nullify</span>:void; return = n$44<span class='color_orange'>initial</span>:void; $irvar1 = 0<span class='color_orange'>update:207</span>:void; this = val$1<span class='color_orange'>formal</span>:org.junit.tests.running.classes.SuiteTest*( sub ); old_this = val$1<span class='color_orange'>formal</span>:org.junit.tests.running.classes.SuiteTest*( sub )</span>
    
    Prover.check_inconsistency_base: inconsistency reason [None]
    Prover.check_inconsistency_base: inconsistency reason [None]
    Instruction Returns
    PROP 1 of 1:
    <span class='color_blue'><span class='color_red'>n$7 = 0</span> ;
    <span class='color_blue'>MEMna &lt; new[]:206 &gt; <span class='color_orange'>{vpath: }</span>(_t$1)</span>; <span class='color_blue'>UND &lt; Result JUnitCore.runClasses(Computer,Class[]) &gt; :53(_t$2)</span>; <span class='color_blue'>RET &lt; boolean Result.wasSuccessful() &gt; (0)</span> ;
    <span class='color_blue'>result = 0<span class='color_orange'>nullify</span>:org.junit.runner.Result*</span>; <span class='color_blue'>$irvar0 = 0<span class='color_orange'>nullify</span>:void</span>; <span class='color_blue'>return = _t$0<span class='color_orange'>initial</span>:void</span>; <span class='color_blue'>$irvar1 = 0<span class='color_orange'>update:207</span>:void</span>; <span class='color_blue'>this = val$1<span class='color_orange'>formal</span>:org.junit.tests.running.classes.SuiteTest*( sub )</span>; <span class='color_blue'>old_this = val$1<span class='color_orange'>formal</span>:org.junit.tests.running.classes.SuiteTest*( sub )</span></span>
    
    Instruction <span class='color_green'>n$8=_fun_void Assert.assertTrue(boolean)(n$7:_Bool) [line 207]</span>
    in vpath_find exp:n$48
    vpath_find: cannot find n$48
    Found 2 specs for function org.junit.Assert.assertTrue(boolean):void
    START EXECUTING SPECS FOR org.junit.Assert.assertTrue(boolean):void from state
    <span class='color_blue'>n$7 = 0 ;
    MEMna &lt; new[]:206 &gt; <span class='color_orange'>{vpath: }</span>(n$48); UND &lt; Result JUnitCore.runClasses(Computer,Class[]) &gt; :53(n$49); RET &lt; boolean Result.wasSuccessful() &gt; (0) ;
    result = 0<span class='color_orange'>nullify</span>:org.junit.runner.Result*; $irvar0 = 0<span class='color_orange'>nullify</span>:void; return = n$47<span class='color_orange'>initial</span>:void; $irvar1 = 0<span class='color_orange'>update:207</span>:void; this = val$1<span class='color_orange'>formal</span>:org.junit.tests.running.classes.SuiteTest*( sub ); old_this = val$1<span class='color_orange'>formal</span>:org.junit.tests.running.classes.SuiteTest*( sub )</span>
    EXECUTING SPEC 1/2
    ACTUAL PRECONDITION =
      <span class='color_blue'>n$7 = 0 ;
      MEMna &lt; new[]:206 &gt; <span class='color_orange'>{vpath: }</span>(n$48); UND &lt; Result JUnitCore.runClasses(Computer,Class[]) &gt; :53(n$49); RET &lt; boolean Result.wasSuccessful() &gt; (0) ;
      condition|callee = 0<span class='color_orange'>actual_precondition</span>:_Bool; result = 0<span class='color_orange'>nullify</span>:org.junit.runner.Result*; $irvar0 = 0<span class='color_orange'>nullify</span>:void; return = n$47<span class='color_orange'>initial</span>:void; $irvar1 = 0<span class='color_orange'>update:207</span>:void; this = val$1<span class='color_orange'>formal</span>:org.junit.tests.running.classes.SuiteTest*( sub ); old_this = val$1<span class='color_orange'>formal</span>:org.junit.tests.running.classes.SuiteTest*( sub )</span>
    SPEC =
      --------------------------- ---------- ---------------------------
      PRE:
      <span class='color_blue'><span class='color_blue'>condition|callee = 0<span class='color_orange'>formal</span>:_Bool( sub )</span></span>
      POST 1 of 1:
      <span class='color_blue'><span class='color_red'>MEMne &lt; void Assert.assertTrue(String,boolean):53 &gt; <span class='color_orange'>{vpath: }</span>(_t$76)</span> ;
      <span class='color_red'>return|callee = EXN _t$76<span class='color_orange'>update:53</span>:void</span> ;
      <span class='color_red'>_t$76|->{}<span class='color_orange'>alloc</span>:java.lang.AssertionError</span></span>
      ----------------------------------------------------------------
    pre_check_pure_implication
    pi1:
      n$7 = 0; MEMna &lt; new[]:206 &gt; <span class='color_orange'>{vpath: }</span>(n$48); UND &lt; Result JUnitCore.runClasses(Computer,Class[]) &gt; :53(n$49); RET &lt; boolean Result.wasSuccessful() &gt; (0)
    pi2:
      
    returns
    sub1:
      n$7 = 0
    sub2:
      n$7 = 0
    Current Implication
    SUB:
      n$7 = 0
    <span class='color_blue'>MEMna &lt; new[]:206 &gt; <span class='color_orange'>{vpath: }</span>(n$48); UND &lt; Result JUnitCore.runClasses(Computer,Class[]) &gt; :53(n$49); RET &lt; boolean Result.wasSuccessful() &gt; (0); 0 = 0 ;
    condition|callee = 0<span class='color_orange'>actual_precondition</span>:_Bool; result = 0<span class='color_orange'>nullify</span>:org.junit.runner.Result*; $irvar0 = 0<span class='color_orange'>nullify</span>:void; return = n$47<span class='color_orange'>initial</span>:void; $irvar1 = 0<span class='color_orange'>update:207</span>:void; this = val$1<span class='color_orange'>formal</span>:org.junit.tests.running.classes.SuiteTest*( sub ); old_this = val$1<span class='color_orange'>formal</span>:org.junit.tests.running.classes.SuiteTest*( sub )</span>
    [SUB: 
      n$7 = 0]
    |-
    <span class='color_blue'>condition|callee = 0<span class='color_orange'>formal</span>:_Bool( sub )</span>
    
      do_imply 0 0
        Final Implication
        SUB:
          n$7 = 0
        <span class='color_blue'>MEMna &lt; new[]:206 &gt; <span class='color_orange'>{vpath: }</span>(n$48); UND &lt; Result JUnitCore.runClasses(Computer,Class[]) &gt; :53(n$49); RET &lt; boolean Result.wasSuccessful() &gt; (0); 0 = 0 ;
        result = 0<span class='color_orange'>nullify</span>:org.junit.runner.Result*; $irvar0 = 0<span class='color_orange'>nullify</span>:void; return = n$47<span class='color_orange'>initial</span>:void; $irvar1 = 0<span class='color_orange'>update:207</span>:void; this = val$1<span class='color_orange'>formal</span>:org.junit.tests.running.classes.SuiteTest*( sub ); old_this = val$1<span class='color_orange'>formal</span>:org.junit.tests.running.classes.SuiteTest*( sub )</span>
        [SUB: 
          n$7 = 0]
        |-
        <span class='color_blue'></span>
    Result of Abduction
      SUB:
        n$7 = 0
      <span class='color_blue'>MEMna &lt; new[]:206 &gt; <span class='color_orange'>{vpath: }</span>(n$48); UND &lt; Result JUnitCore.runClasses(Computer,Class[]) &gt; :53(n$49); RET &lt; boolean Result.wasSuccessful() &gt; (0); 0 = 0 ;
      condition|callee = 0<span class='color_orange'>actual_precondition</span>:_Bool; result = 0<span class='color_orange'>nullify</span>:org.junit.runner.Result*; $irvar0 = 0<span class='color_orange'>nullify</span>:void; return = n$47<span class='color_orange'>initial</span>:void; $irvar1 = 0<span class='color_orange'>update:207</span>:void; this = val$1<span class='color_orange'>formal</span>:org.junit.tests.running.classes.SuiteTest*( sub ); old_this = val$1<span class='color_orange'>formal</span>:org.junit.tests.running.classes.SuiteTest*( sub )</span>
      [SUB: 
        n$7 = 0]
      |-
      <span class='color_blue'>condition|callee = 0<span class='color_orange'>formal</span>:_Bool( sub )</span>
    returning TRUE
    in vpath_find exp:_t$76
    vpath_find: cannot find _t$76
      New footprint:
      
      Frame fld:
      
      Missing fld:
      
      Instantiated frame:
      &amp;result|->0<span class='color_orange'>nullify</span>:org.junit.runner.Result*; &amp;$irvar0|->0<span class='color_orange'>nullify</span>:void; &amp;return|->n$47<span class='color_orange'>initial</span>:void; &amp;$irvar1|->0<span class='color_orange'>update:207</span>:void; &amp;this|->val$1<span class='color_orange'>formal</span>:org.junit.tests.running.classes.SuiteTest*( sub ); &amp;old_this|->val$1<span class='color_orange'>formal</span>:org.junit.tests.running.classes.SuiteTest*( sub )
      Instantiated post:
      PROP 1 of 1:
      <span class='color_blue'><span class='color_red'>MEMne &lt; void Assert.assertTrue(boolean):207 &gt; <span class='color_orange'>{vpath: }</span>(_t$76)</span> ;
      <span class='color_red'>return|callee = EXN _t$76<span class='color_orange'>update:207</span>:void</span> ;
      <span class='color_red'>_t$76|->{}<span class='color_orange'>alloc</span>:java.lang.AssertionError</span></span>
      
    ***** RESULTS FUNCTION CALL *******
    PROP 1 of 1:
    <span class='color_blue'><span class='color_blue'>n$7 = 0</span> ;
    <span class='color_red'>MEMne &lt; void Assert.assertTrue(boolean):207 &gt; <span class='color_orange'>{vpath: }</span>(_t$0)</span>; <span class='color_blue'>MEMna &lt; new[]:206 &gt; <span class='color_orange'>{vpath: }</span>(n$48)</span>; <span class='color_blue'>UND &lt; Result JUnitCore.runClasses(Computer,Class[]) &gt; :53(n$49)</span>; <span class='color_blue'>RET &lt; boolean Result.wasSuccessful() &gt; (0)</span> ;
    <span class='color_blue'>result = 0<span class='color_orange'>nullify</span>:org.junit.runner.Result*</span>; <span class='color_blue'>$irvar0 = 0<span class='color_orange'>nullify</span>:void</span>; <span class='color_blue'>return = <span class='color_red'>EXN _t$0<span class='color_orange'>update:207</span></span>:void</span>; <span class='color_blue'>$irvar1 = 0<span class='color_orange'>update:207</span>:void</span>; <span class='color_blue'>this = val$1<span class='color_orange'>formal</span>:org.junit.tests.running.classes.SuiteTest*( sub )</span>; <span class='color_blue'>old_this = val$1<span class='color_orange'>formal</span>:org.junit.tests.running.classes.SuiteTest*( sub )</span> ;
    <span class='color_red'>_t$0|->{}<span class='color_orange'>alloc</span>:java.lang.AssertionError</span></span>
    ***** END RESULTS FUNCTION CALL *******
    Prover.check_inconsistency_base: inconsistency reason [None]
    Prover.check_inconsistency_base: inconsistency reason [None]
    Prover.check_inconsistency_base: inconsistency reason [None]
    Prover.check_inconsistency_base: inconsistency reason [None]
    EXECUTING SPEC 2/2
    ACTUAL PRECONDITION =
      <span class='color_blue'>n$7 = 0 ;
      MEMna &lt; new[]:206 &gt; <span class='color_orange'>{vpath: }</span>(n$48); UND &lt; Result JUnitCore.runClasses(Computer,Class[]) &gt; :53(n$49); RET &lt; boolean Result.wasSuccessful() &gt; (0) ;
      condition|callee = 0<span class='color_orange'>actual_precondition</span>:_Bool; result = 0<span class='color_orange'>nullify</span>:org.junit.runner.Result*; $irvar0 = 0<span class='color_orange'>nullify</span>:void; return = n$47<span class='color_orange'>initial</span>:void; $irvar1 = 0<span class='color_orange'>update:207</span>:void; this = val$1<span class='color_orange'>formal</span>:org.junit.tests.running.classes.SuiteTest*( sub ); old_this = val$1<span class='color_orange'>formal</span>:org.junit.tests.running.classes.SuiteTest*( sub )</span>
    SPEC =
      --------------------------- ---------- ---------------------------
      PRE:
      <span class='color_blue'><span class='color_blue'>condition|callee != 0 ;
      condition|callee = _t$77<span class='color_orange'>formal</span>:_Bool( sub )</span></span>
      POST 1 of 1:
      <span class='color_blue'>condition|callee != 0 ;
      <span class='color_red'>return|callee = _t$78<span class='color_orange'>initial</span>:void</span></span>
      ----------------------------------------------------------------
    pre_check_pure_implication
    pi1:
      n$7 = 0; MEMna &lt; new[]:206 &gt; <span class='color_orange'>{vpath: }</span>(n$48); UND &lt; Result JUnitCore.runClasses(Computer,Class[]) &gt; :53(n$49); RET &lt; boolean Result.wasSuccessful() &gt; (0)
    pi2:
      _t$77 != 0
    returns
    sub1:
      n$7 = 0
    sub2:
      n$7 = 0
    Current Implication
    SUB:
      n$7 = 0
    <span class='color_blue'>MEMna &lt; new[]:206 &gt; <span class='color_orange'>{vpath: }</span>(n$48); UND &lt; Result JUnitCore.runClasses(Computer,Class[]) &gt; :53(n$49); RET &lt; boolean Result.wasSuccessful() &gt; (0); 0 = 0 ;
    condition|callee = 0<span class='color_orange'>actual_precondition</span>:_Bool; result = 0<span class='color_orange'>nullify</span>:org.junit.runner.Result*; $irvar0 = 0<span class='color_orange'>nullify</span>:void; return = n$47<span class='color_orange'>initial</span>:void; $irvar1 = 0<span class='color_orange'>update:207</span>:void; this = val$1<span class='color_orange'>formal</span>:org.junit.tests.running.classes.SuiteTest*( sub ); old_this = val$1<span class='color_orange'>formal</span>:org.junit.tests.running.classes.SuiteTest*( sub )</span>
    [SUB: 
      n$7 = 0]
    |-
    <span class='color_blue'>condition|callee = _t$77<span class='color_orange'>formal</span>:_Bool( sub )</span>
    
      do_imply 0 _t$77
        Final Implication
        SUB:
          n$7 = 0
        <span class='color_blue'>MEMna &lt; new[]:206 &gt; <span class='color_orange'>{vpath: }</span>(n$48); UND &lt; Result JUnitCore.runClasses(Computer,Class[]) &gt; :53(n$49); RET &lt; boolean Result.wasSuccessful() &gt; (0); 0 = 0 ;
        result = 0<span class='color_orange'>nullify</span>:org.junit.runner.Result*; $irvar0 = 0<span class='color_orange'>nullify</span>:void; return = n$47<span class='color_orange'>initial</span>:void; $irvar1 = 0<span class='color_orange'>update:207</span>:void; this = val$1<span class='color_orange'>formal</span>:org.junit.tests.running.classes.SuiteTest*( sub ); old_this = val$1<span class='color_orange'>formal</span>:org.junit.tests.running.classes.SuiteTest*( sub )</span>
        [SUB: 
          n$7 = 0; _t$77 = 0]
        |-
        <span class='color_blue'></span>
    imply_pi: adding missing atom _t$77 != 0
    Result of Abduction
      SUB:
        n$7 = 0
      <span class='color_blue'>MEMna &lt; new[]:206 &gt; <span class='color_orange'>{vpath: }</span>(n$48); UND &lt; Result JUnitCore.runClasses(Computer,Class[]) &gt; :53(n$49); RET &lt; boolean Result.wasSuccessful() &gt; (0); 0 = 0 ;
      condition|callee = 0<span class='color_orange'>actual_precondition</span>:_Bool; result = 0<span class='color_orange'>nullify</span>:org.junit.runner.Result*; $irvar0 = 0<span class='color_orange'>nullify</span>:void; return = n$47<span class='color_orange'>initial</span>:void; $irvar1 = 0<span class='color_orange'>update:207</span>:void; this = val$1<span class='color_orange'>formal</span>:org.junit.tests.running.classes.SuiteTest*( sub ); old_this = val$1<span class='color_orange'>formal</span>:org.junit.tests.running.classes.SuiteTest*( sub )</span>
      [SUB: 
        n$7 = 0; _t$77 = 0
      _t$77 != 0]
      |-
      <span class='color_blue'>0 != 0 ;
      condition|callee = 0<span class='color_orange'>formal</span>:_Bool( sub )</span>
    returning TRUE
      New footprint:
      0 != 0
      Frame fld:
      
      Missing fld:
      
      Instantiated frame:
      &amp;result|->0<span class='color_orange'>nullify</span>:org.junit.runner.Result*; &amp;$irvar0|->0<span class='color_orange'>nullify</span>:void; &amp;return|->n$47<span class='color_orange'>initial</span>:void; &amp;$irvar1|->0<span class='color_orange'>update:207</span>:void; &amp;this|->val$1<span class='color_orange'>formal</span>:org.junit.tests.running.classes.SuiteTest*( sub ); &amp;old_this|->val$1<span class='color_orange'>formal</span>:org.junit.tests.running.classes.SuiteTest*( sub )
      Instantiated post:
      PROP 1 of 1:
      <span class='color_blue'><span class='color_red'>0 != 0</span> ;
      <span class='color_red'>return|callee = _t$78<span class='color_orange'>initial</span>:void</span></span>
      
    ***** RESULTS FUNCTION CALL *******
    PROP 1 of 1:
    <span class='color_blue'><span class='color_blue'>n$7 = 0</span> ;
    <span class='color_blue'>0 != 0</span>; <span class='color_blue'>MEMna &lt; new[]:206 &gt; <span class='color_orange'>{vpath: }</span>(n$48)</span>; <span class='color_blue'>UND &lt; Result JUnitCore.runClasses(Computer,Class[]) &gt; :53(n$49)</span>; <span class='color_blue'>RET &lt; boolean Result.wasSuccessful() &gt; (0)</span> ;
    <span class='color_blue'>result = 0<span class='color_orange'>nullify</span>:org.junit.runner.Result*</span>; <span class='color_blue'>$irvar0 = 0<span class='color_orange'>nullify</span>:void</span>; <span class='color_blue'>return = n$47<span class='color_orange'>initial</span>:void</span>; <span class='color_blue'>$irvar1 = 0<span class='color_orange'>update:207</span>:void</span>; <span class='color_blue'>this = val$1<span class='color_orange'>formal</span>:org.junit.tests.running.classes.SuiteTest*( sub )</span>; <span class='color_blue'>old_this = val$1<span class='color_orange'>formal</span>:org.junit.tests.running.classes.SuiteTest*( sub )</span></span>
    ***** END RESULTS FUNCTION CALL *******
    Prover.check_inconsistency_base: inconsistency reason [Some 2]
    Prover.check_inconsistency_base: inconsistency reason [Some 2]
    Instruction Returns
    PROP 1 of 1:
    <span class='color_blue'><span class='color_blue'>n$7 = 0</span> ;
    <span class='color_red'>MEMne &lt; void Assert.assertTrue(boolean):207 &gt; <span class='color_orange'>{vpath: }</span>(_t$0)</span>; <span class='color_blue'>MEMna &lt; new[]:206 &gt; <span class='color_orange'>{vpath: }</span>(_t$1)</span>; <span class='color_blue'>UND &lt; Result JUnitCore.runClasses(Computer,Class[]) &gt; :53(_t$2)</span>; <span class='color_blue'>RET &lt; boolean Result.wasSuccessful() &gt; (0)</span> ;
    <span class='color_blue'>result = 0<span class='color_orange'>nullify</span>:org.junit.runner.Result*</span>; <span class='color_blue'>$irvar0 = 0<span class='color_orange'>nullify</span>:void</span>; <span class='color_blue'>return = <span class='color_red'>EXN _t$0<span class='color_orange'>update:207</span></span>:void</span>; <span class='color_blue'>$irvar1 = 0<span class='color_orange'>update:207</span>:void</span>; <span class='color_blue'>this = val$1<span class='color_orange'>formal</span>:org.junit.tests.running.classes.SuiteTest*( sub )</span>; <span class='color_blue'>old_this = val$1<span class='color_orange'>formal</span>:org.junit.tests.running.classes.SuiteTest*( sub )</span> ;
    <span class='color_red'>_t$0|->{}<span class='color_orange'>alloc</span>:java.lang.AssertionError</span></span>
    
    Instruction <span class='color_green'>NULLIFY(&amp;$irvar1); [line 207]</span>
    in vpath_find exp:_t$0
    vpath_find: cannot find _t$0
    in vpath_find exp:_t$1
    vpath_find: cannot find _t$1
    Instruction Returns
    PROP 1 of 1:
    <span class='color_blue'><span class='color_blue'>n$7 = 0</span> ;
    <span class='color_blue'>MEMne &lt; void Assert.assertTrue(boolean):207 &gt; <span class='color_orange'>{vpath: }</span>(_t$0)</span>; <span class='color_blue'>MEMna &lt; new[]:206 &gt; <span class='color_orange'>{vpath: }</span>(_t$1)</span>; <span class='color_blue'>UND &lt; Result JUnitCore.runClasses(Computer,Class[]) &gt; :53(_t$2)</span>; <span class='color_blue'>RET &lt; boolean Result.wasSuccessful() &gt; (0)</span> ;
    <span class='color_blue'>result = 0<span class='color_orange'>nullify</span>:org.junit.runner.Result*</span>; <span class='color_blue'>$irvar0 = 0<span class='color_orange'>nullify</span>:void</span>; <span class='color_blue'>return = EXN _t$0<span class='color_orange'>update:207</span>:void</span>; <span class='color_blue'>$irvar1 = 0<span class='color_orange'>nullify</span>:void</span>; <span class='color_blue'>this = val$1<span class='color_orange'>formal</span>:org.junit.tests.running.classes.SuiteTest*( sub )</span>; <span class='color_blue'>old_this = val$1<span class='color_orange'>formal</span>:org.junit.tests.running.classes.SuiteTest*( sub )</span> ;
    <span class='color_blue'>_t$0|->{}<span class='color_orange'>alloc</span>:java.lang.AssertionError</span></span>
    
    Instruction <span class='color_green'>EXIT_SCOPE(n$7,n$8,$irvar1); [line 207]</span>
    in vpath_find exp:_t$0
    vpath_find: cannot find _t$0
    in vpath_find exp:_t$1
    vpath_find: cannot find _t$1
    Instruction Returns
    PROP 1 of 1:
    <span class='color_blue'><span class='color_blue'>MEMne &lt; void Assert.assertTrue(boolean):207 &gt; <span class='color_orange'>{vpath: }</span>(_t$0)</span>; <span class='color_blue'>MEMna &lt; new[]:206 &gt; <span class='color_orange'>{vpath: }</span>(_t$1)</span>; <span class='color_blue'>UND &lt; Result JUnitCore.runClasses(Computer,Class[]) &gt; :53(_t$2)</span>; <span class='color_blue'>RET &lt; boolean Result.wasSuccessful() &gt; (0)</span> ;
    <span class='color_blue'>result = 0<span class='color_orange'>nullify</span>:org.junit.runner.Result*</span>; <span class='color_blue'>$irvar0 = 0<span class='color_orange'>nullify</span>:void</span>; <span class='color_blue'>return = EXN _t$0<span class='color_orange'>update:207</span>:void</span>; <span class='color_blue'>$irvar1 = 0<span class='color_orange'>nullify</span>:void</span>; <span class='color_blue'>this = val$1<span class='color_orange'>formal</span>:org.junit.tests.running.classes.SuiteTest*( sub )</span>; <span class='color_blue'>old_this = val$1<span class='color_orange'>formal</span>:org.junit.tests.running.classes.SuiteTest*( sub )</span> ;
    <span class='color_blue'>_t$0|->{}<span class='color_orange'>alloc</span>:java.lang.AssertionError</span></span>
    
    .... After Symbolic Execution ....
    PROP 1 of 1:
    <span class='color_blue'><span class='color_red'>MEMne &lt; void Assert.assertTrue(boolean):207 &gt; <span class='color_orange'>{vpath: }</span>(_t$0)</span>; <span class='color_blue'>MEMna &lt; new[]:206 &gt; <span class='color_orange'>{vpath: }</span>(_t$1)</span>; <span class='color_blue'>UND &lt; Result JUnitCore.runClasses(Computer,Class[]) &gt; :53(_t$2)</span>; <span class='color_blue'>RET &lt; boolean Result.wasSuccessful() &gt; (0)</span> ;
    <span class='color_blue'>result = 0<span class='color_orange'>nullify</span>:org.junit.runner.Result*</span>; <span class='color_blue'>$irvar0 = 0<span class='color_orange'>nullify</span>:void</span>; <span class='color_blue'>return = <span class='color_red'>EXN _t$0<span class='color_orange'>update:207</span></span>:void</span>; <span class='color_blue'>$irvar1 = 0<span class='color_orange'>nullify</span>:void</span>; <span class='color_blue'>this = val$1<span class='color_orange'>formal</span>:org.junit.tests.running.classes.SuiteTest*( sub )</span>; <span class='color_blue'>old_this = val$1<span class='color_orange'>formal</span>:org.junit.tests.running.classes.SuiteTest*( sub )</span> ;
    <span class='color_red'>_t$0|->{}<span class='color_orange'>alloc</span>:java.lang.AssertionError</span></span>
    
    
    
  Processing prop 2/2
    Instruction <span class='color_green'>n$7=*&amp;$irvar1:_Bool [line 207]</span>
    in vpath_find exp:n$51
    vpath_find: cannot find n$51
    .... Rearrangement Start ....
    Exp: &amp;$irvar1
    Prop:
    <span class='color_blue'>MEMna &lt; new[]:206 &gt; <span class='color_orange'>{vpath: }</span>(n$51); UND &lt; Result JUnitCore.runClasses(Computer,Class[]) &gt; :53(n$52); RET &lt; boolean Result.wasSuccessful() &gt; (1) ;
    result = 0<span class='color_orange'>nullify</span>:org.junit.runner.Result*; $irvar0 = 0<span class='color_orange'>nullify</span>:void; return = n$50<span class='color_orange'>initial</span>:void; $irvar1 = 1<span class='color_orange'>update:207</span>:void; this = val$1<span class='color_orange'>formal</span>:org.junit.tests.running.classes.SuiteTest*( sub ); old_this = val$1<span class='color_orange'>formal</span>:org.junit.tests.running.classes.SuiteTest*( sub )</span>
    
    Prover.check_inconsistency_base: inconsistency reason [None]
    Prover.check_inconsistency_base: inconsistency reason [None]
    Instruction Returns
    PROP 1 of 1:
    <span class='color_blue'><span class='color_red'>n$7 = 1</span> ;
    <span class='color_blue'>MEMna &lt; new[]:206 &gt; <span class='color_orange'>{vpath: }</span>(_t$1)</span>; <span class='color_blue'>UND &lt; Result JUnitCore.runClasses(Computer,Class[]) &gt; :53(_t$2)</span>; <span class='color_blue'>RET &lt; boolean Result.wasSuccessful() &gt; (1)</span> ;
    <span class='color_blue'>result = 0<span class='color_orange'>nullify</span>:org.junit.runner.Result*</span>; <span class='color_blue'>$irvar0 = 0<span class='color_orange'>nullify</span>:void</span>; <span class='color_blue'>return = _t$0<span class='color_orange'>initial</span>:void</span>; <span class='color_blue'>$irvar1 = 1<span class='color_orange'>update:207</span>:void</span>; <span class='color_blue'>this = val$1<span class='color_orange'>formal</span>:org.junit.tests.running.classes.SuiteTest*( sub )</span>; <span class='color_blue'>old_this = val$1<span class='color_orange'>formal</span>:org.junit.tests.running.classes.SuiteTest*( sub )</span></span>
    
    Instruction <span class='color_green'>n$8=_fun_void Assert.assertTrue(boolean)(n$7:_Bool) [line 207]</span>
    in vpath_find exp:n$54
    vpath_find: cannot find n$54
    Found 2 specs for function org.junit.Assert.assertTrue(boolean):void
    START EXECUTING SPECS FOR org.junit.Assert.assertTrue(boolean):void from state
    <span class='color_blue'>n$7 = 1 ;
    MEMna &lt; new[]:206 &gt; <span class='color_orange'>{vpath: }</span>(n$54); UND &lt; Result JUnitCore.runClasses(Computer,Class[]) &gt; :53(n$55); RET &lt; boolean Result.wasSuccessful() &gt; (1) ;
    result = 0<span class='color_orange'>nullify</span>:org.junit.runner.Result*; $irvar0 = 0<span class='color_orange'>nullify</span>:void; return = n$53<span class='color_orange'>initial</span>:void; $irvar1 = 1<span class='color_orange'>update:207</span>:void; this = val$1<span class='color_orange'>formal</span>:org.junit.tests.running.classes.SuiteTest*( sub ); old_this = val$1<span class='color_orange'>formal</span>:org.junit.tests.running.classes.SuiteTest*( sub )</span>
    EXECUTING SPEC 1/2
    ACTUAL PRECONDITION =
      <span class='color_blue'>n$7 = 1 ;
      MEMna &lt; new[]:206 &gt; <span class='color_orange'>{vpath: }</span>(n$54); UND &lt; Result JUnitCore.runClasses(Computer,Class[]) &gt; :53(n$55); RET &lt; boolean Result.wasSuccessful() &gt; (1) ;
      condition|callee = 1<span class='color_orange'>actual_precondition</span>:_Bool; result = 0<span class='color_orange'>nullify</span>:org.junit.runner.Result*; $irvar0 = 0<span class='color_orange'>nullify</span>:void; return = n$53<span class='color_orange'>initial</span>:void; $irvar1 = 1<span class='color_orange'>update:207</span>:void; this = val$1<span class='color_orange'>formal</span>:org.junit.tests.running.classes.SuiteTest*( sub ); old_this = val$1<span class='color_orange'>formal</span>:org.junit.tests.running.classes.SuiteTest*( sub )</span>
    SPEC =
      --------------------------- ---------- ---------------------------
      PRE:
      <span class='color_blue'><span class='color_blue'>condition|callee = 0<span class='color_orange'>formal</span>:_Bool( sub )</span></span>
      POST 1 of 1:
      <span class='color_blue'><span class='color_red'>MEMne &lt; void Assert.assertTrue(String,boolean):53 &gt; <span class='color_orange'>{vpath: }</span>(_t$88)</span> ;
      <span class='color_red'>return|callee = EXN _t$88<span class='color_orange'>update:53</span>:void</span> ;
      <span class='color_red'>_t$88|->{}<span class='color_orange'>alloc</span>:java.lang.AssertionError</span></span>
      ----------------------------------------------------------------
    pre_check_pure_implication
    pi1:
      n$7 = 1; MEMna &lt; new[]:206 &gt; <span class='color_orange'>{vpath: }</span>(n$54); UND &lt; Result JUnitCore.runClasses(Computer,Class[]) &gt; :53(n$55); RET &lt; boolean Result.wasSuccessful() &gt; (1)
    pi2:
      
    returns
    sub1:
      n$7 = 1
    sub2:
      n$7 = 1
    Current Implication
    SUB:
      n$7 = 1
    <span class='color_blue'>MEMna &lt; new[]:206 &gt; <span class='color_orange'>{vpath: }</span>(n$54); UND &lt; Result JUnitCore.runClasses(Computer,Class[]) &gt; :53(n$55); RET &lt; boolean Result.wasSuccessful() &gt; (1); 1 = 1 ;
    condition|callee = 1<span class='color_orange'>actual_precondition</span>:_Bool; result = 0<span class='color_orange'>nullify</span>:org.junit.runner.Result*; $irvar0 = 0<span class='color_orange'>nullify</span>:void; return = n$53<span class='color_orange'>initial</span>:void; $irvar1 = 1<span class='color_orange'>update:207</span>:void; this = val$1<span class='color_orange'>formal</span>:org.junit.tests.running.classes.SuiteTest*( sub ); old_this = val$1<span class='color_orange'>formal</span>:org.junit.tests.running.classes.SuiteTest*( sub )</span>
    [SUB: 
      n$7 = 1]
    |-
    <span class='color_blue'>condition|callee = 0<span class='color_orange'>formal</span>:_Bool( sub )</span>
    
      do_imply 1 0
      WARNING: footprint failed to find MISSING because: constants not equal
    EXECUTING SPEC 2/2
    ACTUAL PRECONDITION =
      <span class='color_blue'>n$7 = 1 ;
      MEMna &lt; new[]:206 &gt; <span class='color_orange'>{vpath: }</span>(n$54); UND &lt; Result JUnitCore.runClasses(Computer,Class[]) &gt; :53(n$55); RET &lt; boolean Result.wasSuccessful() &gt; (1) ;
      condition|callee = 1<span class='color_orange'>actual_precondition</span>:_Bool; result = 0<span class='color_orange'>nullify</span>:org.junit.runner.Result*; $irvar0 = 0<span class='color_orange'>nullify</span>:void; return = n$53<span class='color_orange'>initial</span>:void; $irvar1 = 1<span class='color_orange'>update:207</span>:void; this = val$1<span class='color_orange'>formal</span>:org.junit.tests.running.classes.SuiteTest*( sub ); old_this = val$1<span class='color_orange'>formal</span>:org.junit.tests.running.classes.SuiteTest*( sub )</span>
    SPEC =
      --------------------------- ---------- ---------------------------
      PRE:
      <span class='color_blue'><span class='color_blue'>condition|callee != 0 ;
      condition|callee = _t$89<span class='color_orange'>formal</span>:_Bool( sub )</span></span>
      POST 1 of 1:
      <span class='color_blue'>condition|callee != 0 ;
      <span class='color_red'>return|callee = _t$90<span class='color_orange'>initial</span>:void</span></span>
      ----------------------------------------------------------------
    pre_check_pure_implication
    pi1:
      n$7 = 1; MEMna &lt; new[]:206 &gt; <span class='color_orange'>{vpath: }</span>(n$54); UND &lt; Result JUnitCore.runClasses(Computer,Class[]) &gt; :53(n$55); RET &lt; boolean Result.wasSuccessful() &gt; (1)
    pi2:
      _t$89 != 0
    returns
    sub1:
      n$7 = 1
    sub2:
      n$7 = 1
    Current Implication
    SUB:
      n$7 = 1
    <span class='color_blue'>MEMna &lt; new[]:206 &gt; <span class='color_orange'>{vpath: }</span>(n$54); UND &lt; Result JUnitCore.runClasses(Computer,Class[]) &gt; :53(n$55); RET &lt; boolean Result.wasSuccessful() &gt; (1); 1 = 1 ;
    condition|callee = 1<span class='color_orange'>actual_precondition</span>:_Bool; result = 0<span class='color_orange'>nullify</span>:org.junit.runner.Result*; $irvar0 = 0<span class='color_orange'>nullify</span>:void; return = n$53<span class='color_orange'>initial</span>:void; $irvar1 = 1<span class='color_orange'>update:207</span>:void; this = val$1<span class='color_orange'>formal</span>:org.junit.tests.running.classes.SuiteTest*( sub ); old_this = val$1<span class='color_orange'>formal</span>:org.junit.tests.running.classes.SuiteTest*( sub )</span>
    [SUB: 
      n$7 = 1]
    |-
    <span class='color_blue'>condition|callee = _t$89<span class='color_orange'>formal</span>:_Bool( sub )</span>
    
      do_imply 1 _t$89
        Final Implication
        SUB:
          n$7 = 1
        <span class='color_blue'>MEMna &lt; new[]:206 &gt; <span class='color_orange'>{vpath: }</span>(n$54); UND &lt; Result JUnitCore.runClasses(Computer,Class[]) &gt; :53(n$55); RET &lt; boolean Result.wasSuccessful() &gt; (1); 1 = 1 ;
        result = 0<span class='color_orange'>nullify</span>:org.junit.runner.Result*; $irvar0 = 0<span class='color_orange'>nullify</span>:void; return = n$53<span class='color_orange'>initial</span>:void; $irvar1 = 1<span class='color_orange'>update:207</span>:void; this = val$1<span class='color_orange'>formal</span>:org.junit.tests.running.classes.SuiteTest*( sub ); old_this = val$1<span class='color_orange'>formal</span>:org.junit.tests.running.classes.SuiteTest*( sub )</span>
        [SUB: 
          n$7 = 1; _t$89 = 1]
        |-
        <span class='color_blue'></span>
    Result of Abduction
      SUB:
        n$7 = 1
      <span class='color_blue'>MEMna &lt; new[]:206 &gt; <span class='color_orange'>{vpath: }</span>(n$54); UND &lt; Result JUnitCore.runClasses(Computer,Class[]) &gt; :53(n$55); RET &lt; boolean Result.wasSuccessful() &gt; (1); 1 = 1 ;
      condition|callee = 1<span class='color_orange'>actual_precondition</span>:_Bool; result = 0<span class='color_orange'>nullify</span>:org.junit.runner.Result*; $irvar0 = 0<span class='color_orange'>nullify</span>:void; return = n$53<span class='color_orange'>initial</span>:void; $irvar1 = 1<span class='color_orange'>update:207</span>:void; this = val$1<span class='color_orange'>formal</span>:org.junit.tests.running.classes.SuiteTest*( sub ); old_this = val$1<span class='color_orange'>formal</span>:org.junit.tests.running.classes.SuiteTest*( sub )</span>
      [SUB: 
        n$7 = 1; _t$89 = 1]
      |-
      <span class='color_blue'>1 != 0 ;
      condition|callee = 1<span class='color_orange'>formal</span>:_Bool( sub )</span>
    returning TRUE
      New footprint:
      
      Frame fld:
      
      Missing fld:
      
      Instantiated frame:
      &amp;result|->0<span class='color_orange'>nullify</span>:org.junit.runner.Result*; &amp;$irvar0|->0<span class='color_orange'>nullify</span>:void; &amp;return|->n$53<span class='color_orange'>initial</span>:void; &amp;$irvar1|->1<span class='color_orange'>update:207</span>:void; &amp;this|->val$1<span class='color_orange'>formal</span>:org.junit.tests.running.classes.SuiteTest*( sub ); &amp;old_this|->val$1<span class='color_orange'>formal</span>:org.junit.tests.running.classes.SuiteTest*( sub )
      Instantiated post:
      PROP 1 of 1:
      <span class='color_blue'><span class='color_red'>1 != 0</span> ;
      <span class='color_red'>return|callee = _t$90<span class='color_orange'>initial</span>:void</span></span>
      
    ***** RESULTS FUNCTION CALL *******
    PROP 1 of 1:
    <span class='color_blue'><span class='color_blue'>n$7 = 1</span> ;
    <span class='color_red'>0 != 1</span>; <span class='color_blue'>MEMna &lt; new[]:206 &gt; <span class='color_orange'>{vpath: }</span>(n$54)</span>; <span class='color_blue'>UND &lt; Result JUnitCore.runClasses(Computer,Class[]) &gt; :53(n$55)</span>; <span class='color_blue'>RET &lt; boolean Result.wasSuccessful() &gt; (1)</span> ;
    <span class='color_blue'>result = 0<span class='color_orange'>nullify</span>:org.junit.runner.Result*</span>; <span class='color_blue'>$irvar0 = 0<span class='color_orange'>nullify</span>:void</span>; <span class='color_blue'>return = n$53<span class='color_orange'>initial</span>:void</span>; <span class='color_blue'>$irvar1 = 1<span class='color_orange'>update:207</span>:void</span>; <span class='color_blue'>this = val$1<span class='color_orange'>formal</span>:org.junit.tests.running.classes.SuiteTest*( sub )</span>; <span class='color_blue'>old_this = val$1<span class='color_orange'>formal</span>:org.junit.tests.running.classes.SuiteTest*( sub )</span></span>
    ***** END RESULTS FUNCTION CALL *******
    Prover.check_inconsistency_base: inconsistency reason [None]
    Prover.check_inconsistency_base: inconsistency reason [None]
    Prover.check_inconsistency_base: inconsistency reason [None]
    Prover.check_inconsistency_base: inconsistency reason [None]
    Instruction Returns
    PROP 1 of 1:
    <span class='color_blue'><span class='color_blue'>n$7 = 1</span> ;
    <span class='color_red'>0 != 1</span>; <span class='color_blue'>MEMna &lt; new[]:206 &gt; <span class='color_orange'>{vpath: }</span>(_t$1)</span>; <span class='color_blue'>UND &lt; Result JUnitCore.runClasses(Computer,Class[]) &gt; :53(_t$2)</span>; <span class='color_blue'>RET &lt; boolean Result.wasSuccessful() &gt; (1)</span> ;
    <span class='color_blue'>result = 0<span class='color_orange'>nullify</span>:org.junit.runner.Result*</span>; <span class='color_blue'>$irvar0 = 0<span class='color_orange'>nullify</span>:void</span>; <span class='color_blue'>return = _t$0<span class='color_orange'>initial</span>:void</span>; <span class='color_blue'>$irvar1 = 1<span class='color_orange'>update:207</span>:void</span>; <span class='color_blue'>this = val$1<span class='color_orange'>formal</span>:org.junit.tests.running.classes.SuiteTest*( sub )</span>; <span class='color_blue'>old_this = val$1<span class='color_orange'>formal</span>:org.junit.tests.running.classes.SuiteTest*( sub )</span></span>
    
    Instruction <span class='color_green'>NULLIFY(&amp;$irvar1); [line 207]</span>
    in vpath_find exp:_t$1
    vpath_find: cannot find _t$1
    Instruction Returns
    PROP 1 of 1:
    <span class='color_blue'><span class='color_blue'>n$7 = 1</span> ;
    <span class='color_blue'>0 != 1</span>; <span class='color_blue'>MEMna &lt; new[]:206 &gt; <span class='color_orange'>{vpath: }</span>(_t$1)</span>; <span class='color_blue'>UND &lt; Result JUnitCore.runClasses(Computer,Class[]) &gt; :53(_t$2)</span>; <span class='color_blue'>RET &lt; boolean Result.wasSuccessful() &gt; (1)</span> ;
    <span class='color_blue'>result = 0<span class='color_orange'>nullify</span>:org.junit.runner.Result*</span>; <span class='color_blue'>$irvar0 = 0<span class='color_orange'>nullify</span>:void</span>; <span class='color_blue'>return = _t$0<span class='color_orange'>initial</span>:void</span>; <span class='color_blue'>$irvar1 = <span class='color_red'>0<span class='color_orange'>nullify</span></span>:void</span>; <span class='color_blue'>this = val$1<span class='color_orange'>formal</span>:org.junit.tests.running.classes.SuiteTest*( sub )</span>; <span class='color_blue'>old_this = val$1<span class='color_orange'>formal</span>:org.junit.tests.running.classes.SuiteTest*( sub )</span></span>
    
    Instruction <span class='color_green'>EXIT_SCOPE(n$7,n$8,$irvar1); [line 207]</span>
    in vpath_find exp:_t$1
    vpath_find: cannot find _t$1
    Instruction Returns
    PROP 1 of 1:
    <span class='color_blue'><span class='color_blue'>0 != 1</span>; <span class='color_blue'>MEMna &lt; new[]:206 &gt; <span class='color_orange'>{vpath: }</span>(_t$1)</span>; <span class='color_blue'>UND &lt; Result JUnitCore.runClasses(Computer,Class[]) &gt; :53(_t$2)</span>; <span class='color_blue'>RET &lt; boolean Result.wasSuccessful() &gt; (1)</span> ;
    <span class='color_blue'>result = 0<span class='color_orange'>nullify</span>:org.junit.runner.Result*</span>; <span class='color_blue'>$irvar0 = 0<span class='color_orange'>nullify</span>:void</span>; <span class='color_blue'>return = _t$0<span class='color_orange'>initial</span>:void</span>; <span class='color_blue'>$irvar1 = 0<span class='color_orange'>nullify</span>:void</span>; <span class='color_blue'>this = val$1<span class='color_orange'>formal</span>:org.junit.tests.running.classes.SuiteTest*( sub )</span>; <span class='color_blue'>old_this = val$1<span class='color_orange'>formal</span>:org.junit.tests.running.classes.SuiteTest*( sub )</span></span>
    
    .... After Symbolic Execution ....
    PROP 1 of 1:
    <span class='color_blue'><span class='color_red'>0 != 1</span>; <span class='color_blue'>MEMna &lt; new[]:206 &gt; <span class='color_orange'>{vpath: }</span>(_t$1)</span>; <span class='color_blue'>UND &lt; Result JUnitCore.runClasses(Computer,Class[]) &gt; :53(_t$2)</span>; <span class='color_blue'>RET &lt; boolean Result.wasSuccessful() &gt; (1)</span> ;
    <span class='color_blue'>result = 0<span class='color_orange'>nullify</span>:org.junit.runner.Result*</span>; <span class='color_blue'>$irvar0 = 0<span class='color_orange'>nullify</span>:void</span>; <span class='color_blue'>return = _t$0<span class='color_orange'>initial</span>:void</span>; <span class='color_blue'>$irvar1 = <span class='color_red'>0<span class='color_orange'>nullify</span></span>:void</span>; <span class='color_blue'>this = val$1<span class='color_orange'>formal</span>:org.junit.tests.running.classes.SuiteTest*( sub )</span>; <span class='color_blue'>old_this = val$1<span class='color_orange'>formal</span>:org.junit.tests.running.classes.SuiteTest*( sub )</span></span>
    
    
    
  </LISTING>