<!DOCTYPE HTML PUBLIC "-//W3C//DTD HTML 4.01 Transitional//EN">
<html>
<head>
<title>org.junit.tests.running.methods.ParameterizedTestMethodTest.testFailures():void.22847719070460f5789eff9af0c4682a</title>
<meta http-equiv="Content-Type" content="text/html; charset=utf-8">
<style type="text/css">
body { background-color:#fff; color:#000; font-family:Helvetica, sans-serif; font-size:10pt }
h1 { font-size:14pt }
.code { border-collapse:collapse; width:100%; font-family: "Andale Mono", monospace; font-size:10pt; line-height: 1.2em }
.color_black { color: black }
.color_blue { color: blue }
.color_green { color: green }
.color_orange { color: orange }
.color_red { color: red }
.line { border-left: 3px solid #ccc; padding-left: 1ex; white-space: pre; }
.msg { background-color:#fff8b4; color:#000; float:left; font-family:Helvetica, sans-serif; font-size: smaller; font-weight: bold; margin-bottom:10px; margin-top:10px; max-width:60em; padding:0.5em 1ex 0.5em 1ex; -webkit-border-radius:5px; -webkit-box-shadow:1px 1px 7px #000; white-space: pre-wrap; word-wrap: break-word; }
.num { background-color:#eee; color:#444; font-size: smaller; padding-right:2ex; text-align:right; width:2.5em; }
.dangling { background-color:white; color: gray; }
.visited { background-color:LemonChiffon; color: darkmagenta; }
.tooltip { display: none; background-color:#FFF0F0; border: 2px solid #F00; font-weight: normal; left:10em; padding: 2px; position: absolute; top: -1em; -webkit-border-radius:5px; -webkit-box-shadow:1px 1px 7px #000; z-index: 1}
.with_tooltip { position: relative; }
.with_tooltip:hover .tooltip, .visited:hover .tooltip { display: block; }
</style>
</head>
<body>
<center><h1>Procedure <a href="./../ParameterizedTestMethodTest.java.6093f52639c445546e7a856279d1dc76.html#LINE180">void ParameterizedTestMethodTest.testFailures()</a></h1></center>
<a href="./nodes/org.junit.tests.running.methods.ParameterizedTestMethodTest.testFailures%28%29%3Avoid.22847719070460f5789eff9af0c4682a_node1.html"><span class='visited with_tooltip'>S_1<span class='tooltip'>node1 preds: succs:4 exn:2 Start
</span></span></a> <a href="./nodes/org.junit.tests.running.methods.ParameterizedTestMethodTest.testFailures%28%29%3Avoid.22847719070460f5789eff9af0c4682a_node2.html"><span class='visited with_tooltip'>E_2<span class='tooltip'>node2 preds:8 3 succs: exn: Exit
</span></span></a> <a href="./nodes/org.junit.tests.running.methods.ParameterizedTestMethodTest.testFailures%28%29%3Avoid.22847719070460f5789eff9af0c4682a_node3.html"><span class='visited with_tooltip'>I_3<span class='tooltip'>node3 preds: succs:2 exn:2 Instructions
NULLIFY(&amp;problems); [line 183];
NULLIFY(&amp;$irvar0); [line 183];
NULLIFY(&amp;$irvar1); [line 183];
EXIT_SCOPE(problems,$irvar0,$irvar1); [line 183];
APPLY_ABSTRACTION; [line 183];
</span></span></a> <a href="./nodes/org.junit.tests.running.methods.ParameterizedTestMethodTest.testFailures%28%29%3Avoid.22847719070460f5789eff9af0c4682a_node4.html"><span class='visited with_tooltip'>I_4<span class='tooltip'>node4 preds:1 succs:5 exn:3 Instructions
n$0=*&amp;this:org.junit.tests.running.methods.ParameterizedTestMethodTest* [line 181];
n$1=*&amp;this:org.junit.tests.running.methods.ParameterizedTestMethodTest* [line 181];
n$2=*n$1.fClass:java.lang.Class*(root org.junit.tests.running.methods.ParameterizedTestMethodTest) [line 181];
n$3=_fun_List ParameterizedTestMethodTest.validateAllMethods(Class)(n$0:org.junit.tests.running.methods.ParameterizedTestMethodTest*,n$2:java.lang.Class*) [line 181];
*&amp;problems:java.util.List*=n$3 [line 181];
EXIT_SCOPE(n$0,n$1,n$2,n$3); [line 181];
</span></span></a> <a href="./nodes/org.junit.tests.running.methods.ParameterizedTestMethodTest.testFailures%28%29%3Avoid.22847719070460f5789eff9af0c4682a_node5.html"><span class='visited with_tooltip'>I_5<span class='tooltip'>node5 preds:4 succs:6 exn:3 Instructions
n$4=*&amp;this:org.junit.tests.running.methods.ParameterizedTestMethodTest* [line 182];
n$5=*n$4.fErrorCount:int(root org.junit.tests.running.methods.ParameterizedTestMethodTest) [line 182];
*&amp;$irvar1:long=(long)n$5 [line 182];
NULLIFY(&amp;this); [line 182];
EXIT_SCOPE(n$4,n$5,this); [line 182];
</span></span></a> <a href="./nodes/org.junit.tests.running.methods.ParameterizedTestMethodTest.testFailures%28%29%3Avoid.22847719070460f5789eff9af0c4682a_node6.html"><span class='visited with_tooltip'>I_6<span class='tooltip'>node6 preds:5 succs:7 exn:3 Instructions
n$6=*&amp;problems:java.util.List* [line 182];
_=*n$6:java.util.List*(root java.util.List) [line 182];
n$8=_fun_int List.size()(n$6:java.util.List*) interface virtual [line 182];
*&amp;$irvar0:int=n$8 [line 182];
NULLIFY(&amp;problems); [line 182];
EXIT_SCOPE(_,n$6,n$8,problems); [line 182];
</span></span></a> <a href="./nodes/org.junit.tests.running.methods.ParameterizedTestMethodTest.testFailures%28%29%3Avoid.22847719070460f5789eff9af0c4682a_node7.html"><span class='visited with_tooltip'>I_7<span class='tooltip'>node7 preds:6 succs:8 exn:3 Instructions
n$9=*&amp;$irvar1:long [line 182];
n$10=*&amp;$irvar0:int [line 182];
n$11=_fun_void Assert.assertEquals(long,long)(n$9:long,(long)n$10:long) [line 182];
NULLIFY(&amp;$irvar0); [line 182];
NULLIFY(&amp;$irvar1); [line 182];
EXIT_SCOPE(n$9,n$10,n$11,$irvar0,$irvar1); [line 182];
</span></span></a> <a href="./nodes/org.junit.tests.running.methods.ParameterizedTestMethodTest.testFailures%28%29%3Avoid.22847719070460f5789eff9af0c4682a_node8.html"><span class='visited with_tooltip'>I_8<span class='tooltip'>node8 preds:7 succs:2 exn:3 Instructions
APPLY_ABSTRACTION; [line 183];
</span></span></a><br />@

<span class='color_black'>void void ParameterizedTestMethodTest.testFailures()(org.junit.tests.running.methods.ParameterizedTestMethodTest* this)
Analyzed
</span><br />FAILURE:NONE SYMOPS:237
<br />

<hr width="100%">
LIKE DURING FOOTPRINT

<hr width="100%">
INFO DURING FOOTPRINT

<hr width="100%">
ADVICE DURING FOOTPRINT

<hr width="100%">
WARNING DURING FOOTPRINT

<hr width="100%">
ERROR DURING FOOTPRINT

<hr width="100%">
<LISTING>
Biabduction: phase= RE_EXECUTION
--------------------------- 1 of 4 [nvisited:180 181 182 183] ---------------------------
PRE:
<span class='color_blue'><span class='color_blue'>val$3 != val$2 ;
this = val$1<span class='color_orange'>formal</span>:org.junit.tests.running.methods.ParameterizedTestMethodTest*( sub ) ;
this|->{fClass:null<span class='color_orange'>rearrange:(z)181</span>, fErrorCount:val$2<span class='color_orange'>rearrange:182</span>}<span class='color_orange'>rearrange:(z)181</span>:org.junit.tests.running.methods.ParameterizedTestMethodTest( sub )</span></span>
POST 1 of 1:
<span class='color_blue'><span class='color_red'>MEMne &lt; void Assert.assertEquals(long,long):182 &gt; <span class='color_orange'>{vpath: }</span>(val$4)</span> ;
<span class='color_red'>return = EXN val$4<span class='color_orange'>update:182</span>:void</span>; <span class='color_blue'>this = val$1<span class='color_orange'>formal</span>:org.junit.tests.running.methods.ParameterizedTestMethodTest*( sub )</span> ;
<span class='color_red'>val$4|->{}<span class='color_orange'>alloc</span>:java.lang.AssertionError</span>; <span class='color_blue'>this|->{fClass:null<span class='color_orange'>formal(z)</span>, fErrorCount:val$2<span class='color_orange'>formal</span>}<span class='color_orange'>formal(z)</span>:org.junit.tests.running.methods.ParameterizedTestMethodTest( sub )</span></span>
----------------------------------------------------------------<br>
--------------------------- 2 of 4 [nvisited:180 181 182 183] ---------------------------
PRE:
<span class='color_blue'><span class='color_blue'>this = val$1<span class='color_orange'>formal</span>:org.junit.tests.running.methods.ParameterizedTestMethodTest*( sub ) ;
this|->{fClass:null<span class='color_orange'>rearrange:(z)181</span>, fErrorCount:val$2<span class='color_orange'>rearrange:182</span>}<span class='color_orange'>rearrange:(z)181</span>:org.junit.tests.running.methods.ParameterizedTestMethodTest( sub )</span></span>
POST 1 of 1:
<span class='color_blue'><span class='color_red'>UND &lt; int List.size() &gt; :182(val$2)</span> ;
<span class='color_red'>return = val$3<span class='color_orange'>initial</span>:void</span>; <span class='color_blue'>this = val$1<span class='color_orange'>formal</span>:org.junit.tests.running.methods.ParameterizedTestMethodTest*( sub )</span> ;
<span class='color_blue'>this|->{fClass:null<span class='color_orange'>formal(z)</span>, fErrorCount:val$2<span class='color_orange'>formal</span>}<span class='color_orange'>formal(z)</span>:org.junit.tests.running.methods.ParameterizedTestMethodTest( sub )</span></span>
----------------------------------------------------------------<br>
--------------------------- 3 of 4 [nvisited:180 181 182 183] ---------------------------
PRE:
<span class='color_blue'><span class='color_blue'>val$2 != null ;
this = val$1<span class='color_orange'>formal</span>:org.junit.tests.running.methods.ParameterizedTestMethodTest*( sub ) ;
val$2|->{}<span class='color_orange'>rearrange:47</span>:java.lang.Class( sub ); this|->{fClass:val$2<span class='color_orange'>rearrange:(z)181</span>, fErrorCount:val$3<span class='color_orange'>rearrange:182</span>}<span class='color_orange'>rearrange:(z)181</span>:org.junit.tests.running.methods.ParameterizedTestMethodTest( sub )</span></span>
POST 1 of 2:
<span class='color_blue'><span class='color_red'>val$4 != 0</span>; <span class='color_blue'>val$2 != null</span>; <span class='color_red'>MEMne &lt; List ParameterizedTestMethodTest.validateAllMethods(Class):181 &gt; <span class='color_orange'>{vpath: }</span>(val$4)</span> ;
<span class='color_red'>return = EXN val$4<span class='color_orange'>update:181</span>:void</span>; <span class='color_blue'>this = val$1<span class='color_orange'>formal</span>:org.junit.tests.running.methods.ParameterizedTestMethodTest*( sub )</span> ;
<span class='color_red'>val$4|->{}<span class='color_orange'>alloc</span>:java.lang.IllegalArgumentException</span>; <span class='color_blue'>val$2|->{}<span class='color_orange'>formal</span>:java.lang.Class( sub )</span>; <span class='color_blue'>this|->{fClass:val$2<span class='color_orange'>formal(z)</span>, fErrorCount:val$3<span class='color_orange'>formal</span>}<span class='color_orange'>formal(z)</span>:org.junit.tests.running.methods.ParameterizedTestMethodTest( sub )</span></span>
POST 2 of 2:
<span class='color_blue'><span class='color_blue'>val$2 != null</span>; <span class='color_red'>UND &lt; int List.size() &gt; :182(val$3)</span> ;
<span class='color_red'>return = val$4<span class='color_orange'>initial</span>:void</span>; <span class='color_blue'>this = val$1<span class='color_orange'>formal</span>:org.junit.tests.running.methods.ParameterizedTestMethodTest*( sub )</span> ;
<span class='color_blue'>val$2|->{}<span class='color_orange'>formal</span>:java.lang.Class( sub )</span>; <span class='color_blue'>this|->{fClass:val$2<span class='color_orange'>formal(z)</span>, fErrorCount:val$3<span class='color_orange'>formal</span>}<span class='color_orange'>formal(z)</span>:org.junit.tests.running.methods.ParameterizedTestMethodTest( sub )</span></span>
----------------------------------------------------------------<br>
--------------------------- 4 of 4 [nvisited:180 181 182 183] ---------------------------
PRE:
<span class='color_blue'><span class='color_blue'>val$4 != val$3; val$2 != null ;
this = val$1<span class='color_orange'>formal</span>:org.junit.tests.running.methods.ParameterizedTestMethodTest*( sub ) ;
val$2|->{}<span class='color_orange'>rearrange:47</span>:java.lang.Class( sub ); this|->{fClass:val$2<span class='color_orange'>rearrange:(z)181</span>, fErrorCount:val$3<span class='color_orange'>rearrange:182</span>}<span class='color_orange'>rearrange:(z)181</span>:org.junit.tests.running.methods.ParameterizedTestMethodTest( sub )</span></span>
POST 1 of 2:
<span class='color_blue'><span class='color_blue'>val$2 != null</span>; <span class='color_red'>MEMne &lt; void Assert.assertEquals(long,long):182 &gt; <span class='color_orange'>{vpath: }</span>(val$5)</span> ;
<span class='color_red'>return = EXN val$5<span class='color_orange'>update:182</span>:void</span>; <span class='color_blue'>this = val$1<span class='color_orange'>formal</span>:org.junit.tests.running.methods.ParameterizedTestMethodTest*( sub )</span> ;
<span class='color_red'>val$5|->{}<span class='color_orange'>alloc</span>:java.lang.AssertionError</span>; <span class='color_blue'>val$2|->{}<span class='color_orange'>formal</span>:java.lang.Class( sub )</span>; <span class='color_blue'>this|->{fClass:val$2<span class='color_orange'>formal(z)</span>, fErrorCount:val$3<span class='color_orange'>formal</span>}<span class='color_orange'>formal(z)</span>:org.junit.tests.running.methods.ParameterizedTestMethodTest( sub )</span></span>
POST 2 of 2:
<span class='color_blue'><span class='color_red'>val$5 != 0</span>; <span class='color_blue'>val$2 != null</span>; <span class='color_red'>MEMne &lt; List ParameterizedTestMethodTest.validateAllMethods(Class):181 &gt; <span class='color_orange'>{vpath: }</span>(val$5)</span> ;
<span class='color_red'>return = EXN val$5<span class='color_orange'>update:181</span>:void</span>; <span class='color_blue'>this = val$1<span class='color_orange'>formal</span>:org.junit.tests.running.methods.ParameterizedTestMethodTest*( sub )</span> ;
<span class='color_red'>val$5|->{}<span class='color_orange'>alloc</span>:java.lang.IllegalArgumentException</span>; <span class='color_blue'>val$2|->{}<span class='color_orange'>formal</span>:java.lang.Class( sub )</span>; <span class='color_blue'>this|->{fClass:val$2<span class='color_orange'>formal(z)</span>, fErrorCount:val$3<span class='color_orange'>formal</span>}<span class='color_orange'>formal(z)</span>:org.junit.tests.running.methods.ParameterizedTestMethodTest( sub )</span></span>
----------------------------------------------------------------<br>

RacerD: 
Threads: NoThread, Locks: 0 
Accesses { {elem= Access: Read of model.TestClass.FIELD_COMPARATOR Thread: NoThread Lock: false Pre: Unowned;
            loc= line 78;
            trace= { List ParameterizedTestMethodTest.validateAllMethods(Class) at line 181,
                     BlockJUnit4ClassRunner.<init>(Class) at line 172,
                     ParentRunner.<init>(Class) at line 74,
                     TestClass ParentRunner.createTestClass(Class) at line 91,
                     TestClass.<init>(Class) at line 111,
                     void TestClass.scanAnnotatedMembers(Map,Map) at line 57,
                     Field[] TestClass.getSortedDeclaredFields(Class) at line 70 }},
           {elem= Access: Read of lang.Void.TYPE Thread: NoThread Lock: false Pre: Unowned;
            loc= line 107;
            trace= { List ParameterizedTestMethodTest.validateAllMethods(Class) at line 181,
                     BlockJUnit4ClassRunner.<init>(Class) at line 172,
                     ParentRunner.<init>(Class) at line 74,
                     void ParentRunner.validate() at line 92,
                     void ParentRunner.collectInitializationErrors(List) at line 523,
                     void ParentRunner.validatePublicVoidNoArgMethods(Class,boolean,List) at line 148,
                     void FrameworkMethod.validatePublicVoidNoArg(boolean,List) at line 178,
                     void FrameworkMethod.validatePublicVoid(boolean,List) at line 83 }},
           {elem= Access: Read of runners.ParentRunner.VALIDATORS Thread: NoThread Lock: false Pre: Unowned;
            loc= line 156;
            trace= { List ParameterizedTestMethodTest.validateAllMethods(Class) at line 181,
                     BlockJUnit4ClassRunner.<init>(Class) at line 172,
                     ParentRunner.<init>(Class) at line 74,
                     void ParentRunner.validate() at line 92,
                     void ParentRunner.collectInitializationErrors(List) at line 523,
                     void ParentRunner.applyValidators(List) at line 151 }},
           {elem= Access: Read of internal.MethodSorter.DEFAULT Thread: NoThread Lock: false Pre: Unowned;
            loc= line 67;
            trace= { List ParameterizedTestMethodTest.validateAllMethods(Class) at line 181,
                     BlockJUnit4ClassRunner.<init>(Class) at line 172,
                     ParentRunner.<init>(Class) at line 74,
                     TestClass ParentRunner.createTestClass(Class) at line 91,
                     TestClass.<init>(Class) at line 111,
                     void TestClass.scanAnnotatedMembers(Map,Map) at line 57,
                     Method[] MethodSorter.getDeclaredMethods(Class) at line 65,
                     Comparator MethodSorter.getSorter(FixMethodOrder) at line 52 }},
           {elem= Access: Read of rules.RuleMemberValidator.CLASS_RULE_METHOD_VALIDATOR Thread: NoThread Lock: false Pre: Unowned;
            loc= line 184;
            trace= { List ParameterizedTestMethodTest.validateAllMethods(Class) at line 181,
                     BlockJUnit4ClassRunner.<init>(Class) at line 172,
                     ParentRunner.<init>(Class) at line 74,
                     void ParentRunner.validate() at line 92,
                     void ParentRunner.collectInitializationErrors(List) at line 523,
                     void ParentRunner.validateClassRules(List) at line 150 }},
           {elem= Access: Read of rules.RuleMemberValidator.CLASS_RULE_VALIDATOR Thread: NoThread Lock: false Pre: Unowned;
            loc= line 183;
            trace= { List ParameterizedTestMethodTest.validateAllMethods(Class) at line 181,
                     BlockJUnit4ClassRunner.<init>(Class) at line 172,
                     ParentRunner.<init>(Class) at line 74,
                     void ParentRunner.validate() at line 92,
                     void ParentRunner.collectInitializationErrors(List) at line 523,
                     void ParentRunner.validateClassRules(List) at line 150 }},
           {elem= Access: Read of this->fClass Thread: NoThread Lock: false Pre: OwnedIf
            { 0 }; loc= line 181; trace= { }},
           {elem= Access: Read of this->fErrorCount Thread: NoThread Lock: false Pre: OwnedIf
            { 0 }; loc= line 182; trace= { }},
           {elem= Access: Read of rules.RuleMemberValidator.CLASS_RULE_METHOD_VALIDATOR->annotation Thread: NoThread Lock: false Pre: Unowned;
            loc= line 89;
            trace= { List ParameterizedTestMethodTest.validateAllMethods(Class) at line 181,
                     BlockJUnit4ClassRunner.<init>(Class) at line 172,
                     ParentRunner.<init>(Class) at line 74,
                     void ParentRunner.validate() at line 92,
                     void ParentRunner.collectInitializationErrors(List) at line 523,
                     void ParentRunner.validateClassRules(List) at line 150,
                     void RuleMemberValidator.validate(TestClass,List) at line 184 }},
           {elem= Access: Read of rules.RuleMemberValidator.CLASS_RULE_METHOD_VALIDATOR->methods Thread: NoThread Lock: false Pre: Unowned;
            loc= line 89;
            trace= { List ParameterizedTestMethodTest.validateAllMethods(Class) at line 181,
                     BlockJUnit4ClassRunner.<init>(Class) at line 172,
                     ParentRunner.<init>(Class) at line 74,
                     void ParentRunner.validate() at line 92,
                     void ParentRunner.collectInitializationErrors(List) at line 523,
                     void ParentRunner.validateClassRules(List) at line 150,
                     void RuleMemberValidator.validate(TestClass,List) at line 184 }},
           {elem= Access: Read of rules.RuleMemberValidator.CLASS_RULE_METHOD_VALIDATOR->validatorStrategies Thread: NoThread Lock: false Pre: Unowned;
            loc= line 98;
            trace= { List ParameterizedTestMethodTest.validateAllMethods(Class) at line 181,
                     BlockJUnit4ClassRunner.<init>(Class) at line 172,
                     ParentRunner.<init>(Class) at line 74,
                     void ParentRunner.validate() at line 92,
                     void ParentRunner.collectInitializationErrors(List) at line 523,
                     void ParentRunner.validateClassRules(List) at line 150,
                     void RuleMemberValidator.validate(TestClass,List) at line 184,
                     void RuleMemberValidator.validateMember(FrameworkMember,List) at line 93 }},
           {elem= Access: Read of rules.RuleMemberValidator.CLASS_RULE_VALIDATOR->annotation Thread: NoThread Lock: false Pre: Unowned;
            loc= line 89;
            trace= { List ParameterizedTestMethodTest.validateAllMethods(Class) at line 181,
                     BlockJUnit4ClassRunner.<init>(Class) at line 172,
                     ParentRunner.<init>(Class) at line 74,
                     void ParentRunner.validate() at line 92,
                     void ParentRunner.collectInitializationErrors(List) at line 523,
                     void ParentRunner.validateClassRules(List) at line 150,
                     void RuleMemberValidator.validate(TestClass,List) at line 183 }},
           {elem= Access: Read of rules.RuleMemberValidator.CLASS_RULE_VALIDATOR->methods Thread: NoThread Lock: false Pre: Unowned;
            loc= line 89;
            trace= { List ParameterizedTestMethodTest.validateAllMethods(Class) at line 181,
                     BlockJUnit4ClassRunner.<init>(Class) at line 172,
                     ParentRunner.<init>(Class) at line 74,
                     void ParentRunner.validate() at line 92,
                     void ParentRunner.collectInitializationErrors(List) at line 523,
                     void ParentRunner.validateClassRules(List) at line 150,
                     void RuleMemberValidator.validate(TestClass,List) at line 183 }},
           {elem= Access: Read of rules.RuleMemberValidator.CLASS_RULE_VALIDATOR->validatorStrategies Thread: NoThread Lock: false Pre: Unowned;
            loc= line 98;
            trace= { List ParameterizedTestMethodTest.validateAllMethods(Class) at line 181,
                     BlockJUnit4ClassRunner.<init>(Class) at line 172,
                     ParentRunner.<init>(Class) at line 74,
                     void ParentRunner.validate() at line 92,
                     void ParentRunner.collectInitializationErrors(List) at line 523,
                     void ParentRunner.validateClassRules(List) at line 150,
                     void RuleMemberValidator.validate(TestClass,List) at line 183,
                     void RuleMemberValidator.validateMember(FrameworkMember,List) at line 93 }} } 
Ownership: Unowned 
Return Attribute: Nothing 
Attributes: { } 

Starvation: {thread= UnknownThread; return_attributes= Nothing;
             critical_pairs={ };
             scheduled_work= { };
             attributes= { }}
</LISTING>
<hr />
<pre>
{ proc_name= void ParameterizedTestMethodTest.testFailures()
; translation_unit= src/test/java/org/junit/tests/running/methods/ParameterizedTestMethodTest.java
; access= Public
; exceptions= [java.lang.Exception]
; formals= [(this,
            org.junit.tests.running.methods.ParameterizedTestMethodTest*)]
; is_defined= true
; loc= src/test/java/org/junit/tests/running/methods/ParameterizedTestMethodTest.java:180
; locals= [{ name= $irvar1; typ= void; modify_in_block= false; is_declared_unused= false }; 
           { name= $irvar0; typ= void; modify_in_block= false; is_declared_unused= false }; 
           { name= problems; typ= java.util.List*; modify_in_block= false; is_declared_unused= false }]
; method_annotation= <_org.junit.Test> ()
; ret_type= void 
; proc_id= org.junit.tests.running.methods.ParameterizedTestMethodTest.testFailures():void }</pre>
</body>
</html>
